17,1
17,2
17,3
17,4
17,5
17,6
17,7
17,8
17,9
17,10
17,11
17,12
17,13
17,14
17,15
17,16
17,17
17,18
17,19
17,20
17,21
17,22
17,23
17,24
17,25
17,26
17,27
17,28
17,29
17,30
17,31
17,32
17,33
17,34
17,35
17,36
17,37
17,38
17,39
17,40
17,41
17,42
17,43
17,44
17,45
17,46
17,47
17,48
17,49
17,50
17,51
17,52
17,53
17,54
17,55
17,56
17,57
17,58
17,59
17,60
17,61
17,62
17,63
17,64
17,65
17,66
17,67
17,68
17,69
17,70
17,71
17,72
17,73
17,74
17,75
17,76
17,77
17,78
17,79
17,80
17,81
17,82
17,83
17,84
17,85
17,86
17,87
:20_4,88
:20_4,89
:20_4,90
:20_4,91
18,92
18,93
18,94
18,95
18,96
18,97
18,98
18,99
18,100
18,101
18,102
18,103
18,104
18,105
18,106
18,107
18,108
18,109
18,110
18,111
18,112
18,113
18,114
18,115
18,116
18,117
18,118
18,119
18,120
18,121
18,122
18,123
18,124
18,125
18,126
18,127
18,128
18,129
18,130
18,131
18,132
18,133
18,134
18,135
18,136
18,137
18,138
18,139
18,140
18,141
18,142
18,143
18,144
18,145
18,146
18,147
18,148
18,149
18,150
18,151
18,152
18,153
18,154
18,155
18,156
18,157
18,158
18,159
18,160
18,161
18,162
18,163
18,164
18,165
18,166
18,167
18,168
18,169
18,170
18,171
18,172
18,173
18,174
18,175
18,176
18,177
18,178
18,179
18,180
:21_4,181
:21_4,182
:21_4,183
:21_4,184
:21_4,185
257,186
257,187
257,188
257,189
257,190
257,191
257,192
257,193
257,194
257,195
257,196
257,197
257,198
257,199
257,200
257,201
257,202
257,203
257,204
257,205
257,206
257,207
257,208
257,209
257,210
257,211
257,212
257,213
257,214
257,215
257,216
257,217
257,218
257,219
257,220
257,221
257,222
257,223
257,224
257,225
257,226
257,227
257,228
257,229
257,230
257,231
257,232
257,233
257,234
257,235
257,236
257,237
257,238
257,239
257,240
257,241
257,242
257,243
257,244
257,245
257,246
257,247
257,248
257,249
257,250
257,251
257,252
257,253
257,254
257,255
257,256
257,257
257,258
257,259
257,260
257,261
257,262
257,263
257,264
257,265
257,266
257,267
257,268
257,269
257,270
257,271
257,272
257,273
257,274
257,275
257,276
257,277
257,278
257,279
257,280
257,281
257,282
257,283
257,284
257,285
257,286
257,287
257,288
257,289
257,290
257,291
257,292
257,293
257,294
257,295
257,296
257,297
257,298
257,299
257,300
257,301
257,302
257,303
257,304
257,305
257,306
257,307
257,308
257,309
257,310
257,311
257,312
257,313
257,314
257,315
257,316
257,317
257,318
257,319
257,320
257,321
257,322
257,323
257,324
257,325
257,326
257,327
257,328
257,329
:231_4,330
:231_4,331
:231_4,332
:231_4,333
:231_4,334
-225,335
-225,336
-225,337
-225,338
-225,339
-225,340
-225,341
-225,342
-225,343
-225,344
-225,345
-225,346
-225,347
-225,348
-225,349
-225,350
-225,351
-225,352
-225,353
-225,354
-225,355
-225,356
-225,357
-225,358
-225,359
-225,360
-225,361
-225,362
-225,363
-225,364
-225,365
-225,366
-225,367
-225,368
-225,369
-225,370
-225,371
-225,372
-225,373
-225,374
-225,375
-225,376
-225,377
-225,378
-225,379
-225,380
-225,381
-225,382
-225,383
-225,384
-225,385
-225,386
-225,387
-225,388
-225,389
-225,390
-225,391
-225,392
-225,393
-225,394
-225,395
-225,396
-225,397
-225,398
-225,399
-225,400
-225,401
-225,402
-225,403
-225,404
-225,405
-225,406
-225,407
-225,408
-225,409
-225,410
-225,411
-225,412
-225,413
-225,414
-225,415
-225,416
-225,417
-225,418
-225,419
-225,420
-225,421
-225,422
-225,423
-225,424
-225,425
-225,426
-225,427
-225,428
-225,429
-225,430
-225,431
-225,432
-225,433
-225,434
-225,435
-225,436
-225,437
-225,438
-225,439
-225,440
-225,441
-225,442
-225,443
-225,444
-225,445
-225,446
-225,447
-225,448
-225,449
-225,450
-225,451
-225,452
-225,453
-225,454
-225,455
-225,456
-225,457
-225,458
-225,459
-225,460
-225,461
-225,462
-225,463
-225,464
-225,465
-225,466
-225,467
-225,468
-225,469
-225,470
-225,471
-225,472
-225,473
-225,474
:227_1,475
:227_1,476
:227_1,477
:227_1,478
:227_1,479
:227_1,480
222,481
222,482
222,483
222,484
222,485
222,486
222,487
222,488
222,489
222,490
222,491
222,492
222,493
222,494
222,495
222,496
222,497
222,498
222,499
222,500
222,501
222,502
222,503
222,504
222,505
222,506
222,507
222,508
222,509
222,510
222,511
222,512
222,513
222,514
222,515
222,516
222,517
222,518
222,519
222,520
222,521
222,522
222,523
222,524
222,525
222,526
222,527
222,528
222,529
222,530
222,531
222,532
222,533
222,534
222,535
222,536
222,537
222,538
222,539
222,540
222,541
222,542
222,543
222,544
222,545
222,546
222,547
222,548
222,549
222,550
222,551
222,552
222,553
222,554
222,555
222,556
222,557
222,558
222,559
222,560
222,561
222,562
222,563
222,564
222,565
222,566
222,567
222,568
222,569
222,570
222,571
222,572
222,573
222,574
222,575
222,576
222,577
222,578
222,579
222,580
222,581
222,582
222,583
222,584
222,585
222,586
222,587
222,588
222,589
222,590
222,591
222,592
222,593
222,594
222,595
222,596
222,597
222,598
222,599
222,600
222,601
222,602
222,603
222,604
222,605
222,606
222,607
222,608
222,609
222,610
222,611
222,612
222,613
222,614
222,615
222,616
222,617
222,618
222,619
222,620
222,621
222,622
222,623
222,624
222,625
222,626
222,627
222,628
222,629
222,630
222,631
222,632
222,633
222,634
222,635
222,636
222,637
222,638
222,639
222,640
222,641
222,642
222,643
222,644
222,645
222,646
222,647
222,648
222,649
222,650
222,651
222,652
222,653
222,654
222,655
222,656
222,657
222,658
222,659
222,660
222,661
222,662
222,663
222,664
222,665
222,666
222,667
222,668
222,669
222,670
222,671
222,672
:228_4,673
:228_4,674
:228_4,675
:228_4,676
:228_4,677
:228_4,678
223,679
223,680
223,681
223,682
223,683
223,684
223,685
223,686
223,687
223,688
223,689
223,690
223,691
223,692
223,693
223,694
223,695
223,696
223,697
223,698
223,699
223,700
223,701
223,702
223,703
223,704
223,705
223,706
223,707
223,708
223,709
223,710
223,711
223,712
223,713
223,714
223,715
223,716
223,717
223,718
223,719
223,720
223,721
223,722
223,723
223,724
223,725
223,726
223,727
223,728
223,729
223,730
223,731
223,732
223,733
223,734
223,735
223,736
223,737
223,738
223,739
223,740
223,741
223,742
223,743
223,744
223,745
223,746
223,747
223,748
223,749
223,750
223,751
223,752
223,753
223,754
223,755
223,756
223,757
223,758
223,759
223,760
223,761
223,762
223,763
223,764
223,765
223,766
223,767
223,768
223,769
223,770
223,771
223,772
223,773
223,774
223,775
223,776
223,777
223,778
223,779
:229_4,780
:229_4,781
:229_4,782
:229_4,783
:229_4,784
:229_4,785
224,786
224,787
224,788
224,789
224,790
224,791
224,792
224,793
224,794
224,795
224,796
224,797
224,798
224,799
224,800
224,801
224,802
224,803
224,804
224,805
224,806
224,807
224,808
224,809
224,810
224,811
224,812
224,813
224,814
224,815
224,816
224,817
224,818
224,819
224,820
224,821
224,822
224,823
224,824
224,825
224,826
224,827
224,828
224,829
224,830
224,831
224,832
224,833
224,834
224,835
224,836
224,837
224,838
224,839
224,840
224,841
224,842
224,843
224,844
224,845
224,846
224,847
224,848
224,849
224,850
224,851
224,852
224,853
224,854
224,855
224,856
224,857
224,858
224,859
224,860
224,861
224,862
224,863
224,864
224,865
224,866
224,867
224,868
224,869
224,870
224,871
224,872
224,873
224,874
224,875
224,876
224,877
224,878
224,879
224,880
:230_1,881
:230_1,882
:230_1,883
:230_1,884
:230_1,885
:230_1,886
374,887
374,888
374,889
374,890
374,891
374,892
374,893
374,894
374,895
374,896
374,897
374,898
374,899
374,900
374,901
374,902
374,903
374,904
374,905
374,906
374,907
374,908
374,909
374,910
374,911
374,912
374,913
374,914
374,915
374,916
374,917
374,918
374,919
374,920
374,921
374,922
374,923
374,924
374,925
374,926
374,927
374,928
374,929
374,930
374,931
374,932
374,933
374,934
374,935
374,936
374,937
374,938
374,939
374,940
374,941
374,942
374,943
374,944
374,945
374,946
374,947
374,948
374,949
374,950
374,951
374,952
374,953
374,954
374,955
374,956
374,957
374,958
374,959
374,960
374,961
374,962
374,963
374,964
374,965
374,966
374,967
374,968
:340_0,969
:340_0,970
375,971
375,972
375,973
375,974
375,975
375,976
375,977
375,978
375,979
375,980
375,981
375,982
375,983
375,984
375,985
375,986
375,987
375,988
375,989
375,990
375,991
375,992
375,993
375,994
375,995
375,996
375,997
375,998
375,999
375,1000
375,1001
375,1002
375,1003
375,1004
375,1005
375,1006
375,1007
375,1008
375,1009
375,1010
375,1011
375,1012
375,1013
375,1014
375,1015
375,1016
375,1017
375,1018
375,1019
375,1020
375,1021
375,1022
375,1023
375,1024
375,1025
375,1026
375,1027
375,1028
375,1029
375,1030
375,1031
375,1032
375,1033
375,1034
375,1035
375,1036
375,1037
375,1038
375,1039
375,1040
375,1041
375,1042
375,1043
375,1044
375,1045
375,1046
375,1047
375,1048
375,1049
375,1050
375,1051
375,1052
375,1053
375,1054
375,1055
375,1056
375,1057
375,1058
375,1059
375,1060
375,1061
375,1062
375,1063
375,1064
375,1065
375,1066
375,1067
375,1068
375,1069
375,1070
375,1071
375,1072
375,1073
375,1074
375,1075
375,1076
375,1077
375,1078
375,1079
375,1080
375,1081
375,1082
375,1083
375,1084
375,1085
375,1086
:15_1,1087
:15_1,1088
:15_1,1089
:15_1,1090
:15_1,1091
:15_1,1092
-13,1093
-13,1094
-13,1095
-13,1096
-13,1097
-13,1098
-13,1099
-13,1100
-13,1101
-13,1102
-13,1103
-13,1104
-13,1105
-13,1106
-13,1107
-13,1108
-13,1109
-13,1110
-13,1111
-13,1112
-13,1113
-13,1114
-13,1115
-13,1116
-13,1117
-13,1118
-13,1119
-13,1120
-13,1121
-13,1122
-13,1123
-13,1124
-13,1125
-13,1126
-13,1127
-13,1128
-13,1129
-13,1130
-13,1131
-13,1132
-13,1133
-13,1134
-13,1135
-13,1136
-13,1137
-13,1138
-13,1139
-13,1140
-13,1141
-13,1142
-13,1143
-13,1144
-13,1145
-13,1146
-13,1147
-13,1148
-13,1149
-13,1150
-13,1151
-13,1152
-13,1153
-13,1154
-13,1155
-13,1156
-13,1157
-13,1158
-13,1159
-13,1160
-13,1161
-13,1162
-13,1163
-13,1164
-13,1165
-13,1166
-13,1167
-13,1168
-13,1169
-13,1170
-13,1171
-13,1172
-13,1173
-13,1174
-13,1175
-13,1176
-13,1177
-13,1178
-13,1179
-13,1180
-13,1181
-13,1182
-13,1183
-13,1184
-13,1185
-13,1186
-13,1187
-13,1188
-13,1189
-13,1190
-13,1191
-13,1192
-13,1193
-13,1194
-13,1195
-13,1196
-13,1197
-13,1198
-13,1199
-13,1200
:14_0,1201
14,1202
14,1203
14,1204
14,1205
14,1206
14,1207
14,1208
14,1209
14,1210
14,1211
14,1212
14,1213
14,1214
14,1215
14,1216
14,1217
14,1218
14,1219
14,1220
14,1221
14,1222
14,1223
14,1224
14,1225
14,1226
14,1227
14,1228
14,1229
14,1230
14,1231
14,1232
14,1233
14,1234
14,1235
14,1236
14,1237
14,1238
14,1239
14,1240
14,1241
14,1242
14,1243
14,1244
14,1245
14,1246
14,1247
14,1248
14,1249
14,1250
14,1251
14,1252
14,1253
14,1254
14,1255
14,1256
14,1257
14,1258
14,1259
14,1260
14,1261
14,1262
14,1263
14,1264
14,1265
14,1266
14,1267
14,1268
14,1269
14,1270
14,1271
14,1272
14,1273
14,1274
14,1275
14,1276
14,1277
14,1278
14,1279
14,1280
14,1281
14,1282
14,1283
14,1284
14,1285
14,1286
14,1287
14,1288
14,1289
14,1290
14,1291
14,1292
14,1293
14,1294
14,1295
14,1296
14,1297
14,1298
14,1299
14,1300
14,1301
14,1302
14,1303
14,1304
14,1305
14,1306
14,1307
14,1308
14,1309
14,1310
14,1311
14,1312
14,1313
14,1314
14,1315
14,1316
14,1317
14,1318
14,1319
14,1320
14,1321
:16_4,1322
:16_4,1323
:16_4,1324
:16_4,1325
:16_4,1326
:16_4,1327
:16_4,1328
-210,1329
-210,1330
-210,1331
-210,1332
-210,1333
-210,1334
-210,1335
-210,1336
-210,1337
-210,1338
-210,1339
-210,1340
-210,1341
-210,1342
-210,1343
-210,1344
-210,1345
-210,1346
-210,1347
-210,1348
-210,1349
-210,1350
-210,1351
-210,1352
-210,1353
-210,1354
-210,1355
-210,1356
-210,1357
-210,1358
-210,1359
-210,1360
-210,1361
-210,1362
-210,1363
-210,1364
-210,1365
-210,1366
-210,1367
-210,1368
-210,1369
-210,1370
-210,1371
-210,1372
-210,1373
-210,1374
-210,1375
-210,1376
-210,1377
-210,1378
-210,1379
-210,1380
-210,1381
-210,1382
-210,1383
-210,1384
-210,1385
-210,1386
-210,1387
-210,1388
-210,1389
-210,1390
-210,1391
-210,1392
-210,1393
-210,1394
-210,1395
-210,1396
-210,1397
-210,1398
-210,1399
-210,1400
-210,1401
-210,1402
-210,1403
-210,1404
-210,1405
-210,1406
-210,1407
-210,1408
-210,1409
-210,1410
-210,1411
-210,1412
-210,1413
-210,1414
-210,1415
-210,1416
-210,1417
-210,1418
-210,1419
-210,1420
-210,1421
-210,1422
-210,1423
-210,1424
-210,1425
-210,1426
-210,1427
-210,1428
-210,1429
-210,1430
-210,1431
-210,1432
-210,1433
-210,1434
-210,1435
:29_5,1436
:29_5,1437
:29_5,1438
:29_5,1439
:29_5,1440
:29_5,1441
-25,1442
-25,1443
-25,1444
-25,1445
-25,1446
-25,1447
-25,1448
-25,1449
-25,1450
-25,1451
-25,1452
-25,1453
-25,1454
-25,1455
-25,1456
-25,1457
-25,1458
-25,1459
-25,1460
-25,1461
-25,1462
-25,1463
-25,1464
-25,1465
-25,1466
-25,1467
-25,1468
-25,1469
-25,1470
-25,1471
-25,1472
-25,1473
-25,1474
-25,1475
-25,1476
-25,1477
-25,1478
-25,1479
-25,1480
-25,1481
-25,1482
-25,1483
-25,1484
-25,1485
-25,1486
-25,1487
-25,1488
-25,1489
-25,1490
-25,1491
-25,1492
-25,1493
-25,1494
-25,1495
-25,1496
-25,1497
-25,1498
-25,1499
-25,1500
-25,1501
-25,1502
-25,1503
-25,1504
-25,1505
-25,1506
-25,1507
-25,1508
-25,1509
-25,1510
-25,1511
-25,1512
-25,1513
-25,1514
-25,1515
-25,1516
-25,1517
-25,1518
-25,1519
-25,1520
-25,1521
-25,1522
-25,1523
-25,1524
-25,1525
-25,1526
-25,1527
-25,1528
-25,1529
-25,1530
-25,1531
-25,1532
-25,1533
-25,1534
-25,1535
-25,1536
-25,1537
-25,1538
-25,1539
-25,1540
-25,1541
-25,1542
-25,1543
-25,1544
-25,1545
-25,1546
-25,1547
-25,1548
-25,1549
-25,1550
-25,1551
-25,1552
-25,1553
-25,1554
-25,1555
-25,1556
-25,1557
-25,1558
-25,1559
-25,1560
-25,1561
-25,1562
-25,1563
-25,1564
-25,1565
-25,1566
-25,1567
-25,1568
-25,1569
-25,1570
-25,1571
-25,1572
-25,1573
-25,1574
-25,1575
-25,1576
-25,1577
-25,1578
-25,1579
-25,1580
-25,1581
-25,1582
-25,1583
-25,1584
-25,1585
-25,1586
-25,1587
-25,1588
-25,1589
-25,1590
-25,1591
-25,1592
-25,1593
-25,1594
-25,1595
:24_5,1596
:24_5,1597
:24_5,1598
:24_5,1599
:24_5,1600
:24_5,1601
-20,1602
-20,1603
-20,1604
-20,1605
-20,1606
-20,1607
-20,1608
-20,1609
-20,1610
-20,1611
-20,1612
-20,1613
-20,1614
-20,1615
-20,1616
-20,1617
-20,1618
-20,1619
-20,1620
-20,1621
-20,1622
-20,1623
-20,1624
-20,1625
-20,1626
-20,1627
-20,1628
-20,1629
-20,1630
-20,1631
-20,1632
-20,1633
-20,1634
-20,1635
-20,1636
-20,1637
-20,1638
-20,1639
-20,1640
-20,1641
-20,1642
-20,1643
-20,1644
-20,1645
-20,1646
-20,1647
-20,1648
-20,1649
-20,1650
-20,1651
-20,1652
-20,1653
-20,1654
-20,1655
-20,1656
-20,1657
-20,1658
-20,1659
-20,1660
-20,1661
-20,1662
-20,1663
-20,1664
-20,1665
-20,1666
-20,1667
-20,1668
-20,1669
-20,1670
-20,1671
-20,1672
-20,1673
-20,1674
-20,1675
-20,1676
-20,1677
-20,1678
-20,1679
-20,1680
-20,1681
-20,1682
-20,1683
-20,1684
-20,1685
-20,1686
-20,1687
-20,1688
-20,1689
-20,1690
-20,1691
-20,1692
-20,1693
-20,1694
-20,1695
-20,1696
-20,1697
-20,1698
-20,1699
-20,1700
-20,1701
-20,1702
:23_4,1703
:23_4,1704
:23_4,1705
:23_4,1706
:23_4,1707
:23_4,1708
:23_4,1709
:23_4,1710
-19,1711
-19,1712
-19,1713
-19,1714
-19,1715
-19,1716
-19,1717
-19,1718
-19,1719
-19,1720
-19,1721
-19,1722
-19,1723
-19,1724
-19,1725
-19,1726
-19,1727
-19,1728
-19,1729
-19,1730
-19,1731
-19,1732
-19,1733
-19,1734
-19,1735
-19,1736
-19,1737
-19,1738
-19,1739
-19,1740
-19,1741
-19,1742
-19,1743
-19,1744
-19,1745
-19,1746
-19,1747
-19,1748
-19,1749
-19,1750
-19,1751
-19,1752
-19,1753
-19,1754
-19,1755
-19,1756
-19,1757
-19,1758
-19,1759
-19,1760
-19,1761
-19,1762
-19,1763
-19,1764
-19,1765
-19,1766
-19,1767
-19,1768
-19,1769
-19,1770
-19,1771
-19,1772
-19,1773
-19,1774
-19,1775
-19,1776
-19,1777
-19,1778
-19,1779
-19,1780
-19,1781
-19,1782
-19,1783
-19,1784
-19,1785
-19,1786
-19,1787
-19,1788
-19,1789
-19,1790
-19,1791
-19,1792
-19,1793
-19,1794
-19,1795
-19,1796
-19,1797
-19,1798
-19,1799
-19,1800
-19,1801
-19,1802
-19,1803
-19,1804
-19,1805
-19,1806
-19,1807
-19,1808
-19,1809
-19,1810
-19,1811
-19,1812
-19,1813
-19,1814
-19,1815
:22_1,1816
:22_1,1817
:22_1,1818
:22_1,1819
:22_1,1820
:22_1,1821
23,1822
23,1823
23,1824
23,1825
23,1826
23,1827
23,1828
23,1829
23,1830
23,1831
23,1832
23,1833
23,1834
23,1835
23,1836
23,1837
23,1838
23,1839
23,1840
23,1841
23,1842
23,1843
23,1844
23,1845
23,1846
23,1847
23,1848
23,1849
23,1850
23,1851
23,1852
23,1853
23,1854
23,1855
23,1856
23,1857
23,1858
23,1859
23,1860
23,1861
23,1862
23,1863
23,1864
23,1865
23,1866
23,1867
23,1868
23,1869
23,1870
23,1871
23,1872
23,1873
23,1874
23,1875
23,1876
23,1877
23,1878
23,1879
23,1880
23,1881
23,1882
23,1883
23,1884
23,1885
23,1886
23,1887
23,1888
23,1889
23,1890
23,1891
23,1892
23,1893
23,1894
23,1895
23,1896
23,1897
23,1898
23,1899
23,1900
23,1901
23,1902
23,1903
23,1904
23,1905
23,1906
23,1907
23,1908
23,1909
23,1910
23,1911
23,1912
23,1913
23,1914
23,1915
23,1916
23,1917
23,1918
23,1919
23,1920
23,1921
23,1922
23,1923
23,1924
23,1925
23,1926
23,1927
23,1928
23,1929
23,1930
23,1931
23,1932
23,1933
23,1934
23,1935
23,1936
23,1937
23,1938
23,1939
23,1940
23,1941
23,1942
23,1943
23,1944
23,1945
23,1946
23,1947
23,1948
23,1949
23,1950
23,1951
23,1952
23,1953
23,1954
23,1955
23,1956
23,1957
23,1958
23,1959
23,1960
23,1961
23,1962
23,1963
23,1964
23,1965
23,1966
23,1967
23,1968
23,1969
23,1970
23,1971
23,1972
23,1973
23,1974
23,1975
23,1976
23,1977
23,1978
23,1979
23,1980
23,1981
23,1982
23,1983
23,1984
23,1985
23,1986
23,1987
23,1988
23,1989
23,1990
23,1991
23,1992
23,1993
23,1994
23,1995
23,1996
23,1997
23,1998
23,1999
23,2000
