489,1
489,2
489,3
489,4
489,5
489,6
489,7
489,8
489,9
489,10
489,11
489,12
489,13
489,14
489,15
489,16
489,17
489,18
:97_3,19
:97_3,20
:97_3,21
-484,22
-484,23
-484,24
-484,25
-484,26
-484,27
-484,28
-484,29
-484,30
-484,31
-484,32
-484,33
-484,34
-484,35
-484,36
-484,37
-484,38
-484,39
-484,40
-484,41
-484,42
-484,43
-484,44
-484,45
-484,46
-484,47
-484,48
-484,49
-484,50
-484,51
-484,52
-484,53
-484,54
-484,55
-484,56
-484,57
-484,58
-484,59
-484,60
-484,61
-484,62
-484,63
-484,64
-484,65
-484,66
-484,67
-484,68
-484,69
-484,70
-484,71
-484,72
-484,73
-484,74
-484,75
-484,76
-484,77
-484,78
-484,79
-484,80
-484,81
-484,82
-484,83
-484,84
-484,85
-484,86
-484,87
-484,88
-484,89
-484,90
-484,91
-484,92
-484,93
-484,94
-484,95
-484,96
-484,97
-484,98
-484,99
-484,100
-484,101
-484,102
-484,103
-484,104
-484,105
-484,106
-484,107
-484,108
-484,109
-484,110
-484,111
-484,112
-484,113
-484,114
-484,115
-484,116
-484,117
-484,118
-484,119
-484,120
-484,121
-484,122
-484,123
-484,124
-484,125
-484,126
-484,127
-484,128
-484,129
-484,130
-484,131
-484,132
-484,133
-484,134
-484,135
-484,136
-484,137
-484,138
-484,139
-484,140
-484,141
-484,142
-484,143
-484,144
-484,145
-484,146
-484,147
-484,148
-484,149
:388_7,150
:388_7,151
:388_7,152
:388_7,153
-455,154
-455,155
-455,156
-455,157
-455,158
-455,159
-455,160
-455,161
-455,162
-455,163
-455,164
-455,165
-455,166
-455,167
-455,168
-455,169
-455,170
-455,171
-455,172
-455,173
-455,174
-455,175
-455,176
-455,177
-455,178
-455,179
-455,180
-455,181
-455,182
-455,183
-455,184
-455,185
-455,186
-455,187
-455,188
-455,189
-455,190
-455,191
-455,192
-455,193
-455,194
-455,195
-455,196
-455,197
-455,198
-455,199
-455,200
-455,201
-455,202
-455,203
-455,204
-455,205
-455,206
-455,207
-455,208
-455,209
-455,210
-455,211
-455,212
-455,213
-455,214
-455,215
-455,216
-455,217
-455,218
-455,219
-455,220
-455,221
-455,222
-455,223
-455,224
-455,225
-455,226
-455,227
-455,228
-455,229
-455,230
-455,231
-455,232
-455,233
-455,234
-455,235
-455,236
-455,237
-455,238
-455,239
-455,240
-455,241
-455,242
-455,243
-455,244
-455,245
-455,246
-455,247
-455,248
-455,249
-455,250
-455,251
-455,252
-455,253
-455,254
-455,255
-455,256
-455,257
-455,258
-455,259
-455,260
-455,261
-455,262
-455,263
-455,264
-455,265
-455,266
-455,267
-455,268
-455,269
-455,270
-455,271
-455,272
-455,273
-455,274
-455,275
-455,276
-455,277
-455,278
-455,279
-455,280
-455,281
-455,282
-455,283
-455,284
-455,285
-455,286
-455,287
-455,288
-455,289
-455,290
-455,291
-455,292
-455,293
-455,294
-455,295
-455,296
-455,297
-455,298
-455,299
-455,300
-455,301
-455,302
-455,303
-455,304
-455,305
-455,306
-455,307
-455,308
-455,309
-455,310
-455,311
-455,312
-455,313
-455,314
-455,315
-455,316
-455,317
-455,318
-455,319
-455,320
-455,321
-455,322
-455,323
-455,324
-455,325
-455,326
-455,327
-455,328
-455,329
-455,330
-455,331
-455,332
-455,333
-455,334
-455,335
-455,336
-455,337
-455,338
-455,339
-455,340
-455,341
-455,342
-455,343
-455,344
:337_7,345
:337_10,346
:337_10,347
:337_10,348
-368,349
-368,350
-368,351
-368,352
-368,353
-368,354
-368,355
-368,356
-368,357
-368,358
-368,359
-368,360
-368,361
-368,362
-368,363
-368,364
-368,365
-368,366
-368,367
-368,368
-368,369
-368,370
-368,371
-368,372
-368,373
-368,374
-368,375
-368,376
-368,377
-368,378
-368,379
-368,380
-368,381
-368,382
-368,383
-368,384
-368,385
-368,386
-368,387
-368,388
-368,389
-368,390
-368,391
-368,392
-368,393
-368,394
-368,395
-368,396
-368,397
-368,398
-368,399
-368,400
-368,401
-368,402
-368,403
-368,404
-368,405
-368,406
-368,407
-368,408
-368,409
-368,410
-368,411
-368,412
-368,413
-368,414
-368,415
-368,416
-368,417
-368,418
-368,419
-368,420
-368,421
-368,422
-368,423
-368,424
-368,425
-368,426
-368,427
-368,428
-368,429
-368,430
-368,431
-368,432
-368,433
-368,434
-368,435
-368,436
-368,437
-368,438
-368,439
-368,440
-368,441
-368,442
-368,443
-368,444
-368,445
-368,446
-368,447
-368,448
-368,449
-368,450
-368,451
-368,452
-368,453
-368,454
-368,455
-368,456
-368,457
-368,458
-368,459
-368,460
-368,461
-368,462
-368,463
-368,464
-368,465
-368,466
-368,467
-368,468
-368,469
-368,470
-368,471
-368,472
-368,473
:73_10,474
:73_10,475
:73_18,476
:73_18,477
-64,478
-64,479
-64,480
-64,481
-64,482
-64,483
-64,484
-64,485
-64,486
-64,487
-64,488
-64,489
-64,490
-64,491
-64,492
-64,493
-64,494
-64,495
-64,496
-64,497
-64,498
-64,499
-64,500
-64,501
-64,502
-64,503
-64,504
-64,505
-64,506
-64,507
-64,508
-64,509
-64,510
-64,511
-64,512
-64,513
-64,514
-64,515
-64,516
-64,517
-64,518
-64,519
-64,520
-64,521
-64,522
-64,523
-64,524
-64,525
-64,526
-64,527
-64,528
-64,529
-64,530
-64,531
-64,532
-64,533
-64,534
-64,535
-64,536
-64,537
-64,538
-64,539
-64,540
-64,541
-64,542
-64,543
-64,544
-64,545
-64,546
-64,547
-64,548
-64,549
-64,550
:72_1,551
:72_1,552
:72_1,553
:72_1,554
:72_1,555
:72_1,556
-63,557
-63,558
-63,559
-63,560
-63,561
-63,562
-63,563
-63,564
-63,565
-63,566
-63,567
-63,568
-63,569
-63,570
-63,571
-63,572
-63,573
-63,574
-63,575
-63,576
-63,577
-63,578
-63,579
-63,580
-63,581
-63,582
-63,583
-63,584
-63,585
-63,586
-63,587
-63,588
-63,589
-63,590
-63,591
-63,592
-63,593
-63,594
-63,595
-63,596
-63,597
-63,598
-63,599
-63,600
-63,601
-63,602
-63,603
-63,604
-63,605
-63,606
-63,607
-63,608
-63,609
-63,610
-63,611
-63,612
-63,613
-63,614
-63,615
-63,616
-63,617
-63,618
-63,619
-63,620
-63,621
-63,622
-62,623
-62,624
-62,625
-62,626
-62,627
-62,628
-62,629
-62,630
-62,631
-62,632
-62,633
-62,634
-62,635
-62,636
-62,637
-62,638
-62,639
-62,640
-62,641
-62,642
-62,643
-62,644
-62,645
-62,646
-62,647
-62,648
-62,649
-62,650
-62,651
-62,652
-62,653
-62,654
-62,655
-62,656
-62,657
-62,658
-62,659
-62,660
-62,661
-62,662
-62,663
-62,664
-62,665
-62,666
-62,667
-62,668
-62,669
-62,670
-62,671
-62,672
-62,673
-62,674
-62,675
-62,676
-62,677
-62,678
-62,679
-62,680
-62,681
-62,682
-62,683
-62,684
-62,685
-62,686
-62,687
-62,688
-62,689
-62,690
-62,691
-62,692
-62,693
-62,694
-62,695
-62,696
-62,697
-61,698
-61,699
-61,700
-61,701
-61,702
-61,703
-61,704
-61,705
-61,706
-61,707
-61,708
-61,709
-61,710
-61,711
-61,712
-61,713
-61,714
-61,715
-61,716
-61,717
-61,718
-61,719
-61,720
-61,721
-61,722
-61,723
-61,724
-61,725
-61,726
-61,727
-61,728
-61,729
-61,730
-61,731
-61,732
-61,733
-61,734
-61,735
-61,736
-61,737
-61,738
-61,739
-61,740
-61,741
-61,742
-61,743
-61,744
-61,745
-61,746
-61,747
-61,748
-61,749
-61,750
-61,751
-61,752
-61,753
-61,754
-61,755
-61,756
-61,757
-61,758
-61,759
-61,760
-61,761
-61,762
-61,763
-61,764
-61,765
-61,766
-61,767
-61,768
-61,769
-61,770
-60,771
-60,772
-60,773
-60,774
-60,775
-60,776
-60,777
-60,778
-60,779
-60,780
-60,781
-60,782
-60,783
-60,784
-60,785
-60,786
-60,787
-60,788
-60,789
-60,790
-60,791
-60,792
-60,793
-60,794
-60,795
-60,796
-60,797
-60,798
-60,799
-60,800
-60,801
-60,802
-60,803
-60,804
-60,805
-60,806
-60,807
-60,808
-60,809
-60,810
-60,811
-60,812
-60,813
-60,814
-60,815
-60,816
-60,817
-60,818
-60,819
-60,820
-60,821
-60,822
-60,823
-60,824
-60,825
-60,826
-60,827
-60,828
-60,829
-60,830
-60,831
-60,832
-60,833
-60,834
-60,835
-60,836
