-569,1
-569,2
-569,3
-569,4
-569,5
-569,6
-569,7
-569,8
-569,9
-569,10
-569,11
-569,12
-569,13
-569,14
-569,15
-569,16
-569,17
-569,18
-569,19
-569,20
-569,21
-569,22
-569,23
-569,24
-569,25
-569,26
-569,27
-569,28
-569,29
-569,30
-569,31
-569,32
-569,33
-569,34
-569,35
-569,36
-569,37
-569,38
-569,39
-569,40
-569,41
-569,42
-569,43
-569,44
-569,45
-569,46
-569,47
-569,48
-569,49
-569,50
-569,51
-569,52
-569,53
-569,54
-569,55
-569,56
-569,57
-569,58
-569,59
-569,60
-569,61
-569,62
-569,63
-569,64
-569,65
-569,66
-569,67
-569,68
-569,69
-569,70
-569,71
-569,72
-569,73
-569,74
-569,75
-569,76
-569,77
-569,78
-569,79
-569,80
-569,81
-569,82
-569,83
-569,84
-569,85
-569,86
-569,87
-569,88
-569,89
-569,90
-569,91
-569,92
-569,93
-569,94
-569,95
-569,96
-569,97
-569,98
-569,99
-569,100
-569,101
-569,102
-569,103
-569,104
-569,105
-569,106
-569,107
-569,108
-569,109
-569,110
-569,111
-569,112
-569,113
-569,114
-569,115
-569,116
-569,117
-569,118
-569,119
-569,120
-569,121
-569,122
-569,123
-569,124
-569,125
-569,126
-569,127
-569,128
-569,129
-569,130
-569,131
-569,132
-569,133
-569,134
-569,135
-569,136
-569,137
-569,138
-569,139
-569,140
-569,141
-569,142
-569,143
:64_3,144
:64_3,145
:64_3,146
:64_3,147
:64_3,148
:64_3,149
:64_3,150
:64_3,151
-56,152
-56,153
-56,154
-56,155
-56,156
-56,157
-56,158
-56,159
-56,160
-56,161
-56,162
-56,163
-56,164
-56,165
-56,166
-56,167
-56,168
-56,169
-56,170
-56,171
-56,172
-56,173
-56,174
-56,175
-56,176
-56,177
-56,178
-56,179
-56,180
-56,181
-56,182
-56,183
-56,184
-56,185
-56,186
-56,187
-56,188
-56,189
-56,190
-56,191
-56,192
-56,193
-56,194
-56,195
-56,196
-56,197
-56,198
-56,199
-56,200
-56,201
-56,202
-56,203
-56,204
-56,205
-56,206
-56,207
-56,208
-56,209
-56,210
-56,211
-56,212
-56,213
-56,214
-56,215
-56,216
-56,217
-56,218
-56,219
-56,220
-56,221
-56,222
-56,223
-56,224
-56,225
-56,226
-56,227
-56,228
-56,229
-56,230
-56,231
-56,232
-56,233
-56,234
-56,235
-56,236
-56,237
-56,238
-56,239
-56,240
-56,241
-56,242
-56,243
-56,244
-56,245
-56,246
-56,247
-56,248
-56,249
-56,250
-56,251
-56,252
-56,253
-56,254
-56,255
-56,256
-56,257
-56,258
-56,259
-56,260
-56,261
-56,262
-56,263
-56,264
-56,265
-56,266
-56,267
-56,268
-56,269
-56,270
-56,271
-56,272
-56,273
-56,274
-56,275
-56,276
-56,277
-56,278
-56,279
-56,280
-56,281
-56,282
-56,283
-56,284
-56,285
-56,286
-56,287
-56,288
-56,289
-56,290
-56,291
-56,292
-56,293
-56,294
-56,295
-56,296
-56,297
-56,298
-56,299
-56,300
-56,301
-56,302
-56,303
-56,304
-56,305
-56,306
-56,307
-56,308
-56,309
-56,310
-56,311
-56,312
-56,313
-56,314
-56,315
-56,316
-56,317
-56,318
-56,319
-56,320
-56,321
-56,322
-56,323
-56,324
-56,325
-56,326
-56,327
-56,328
-56,329
-56,330
-56,331
-56,332
-56,333
-56,334
-56,335
-56,336
-56,337
-56,338
-56,339
-56,340
-56,341
-56,342
-56,343
-56,344
-56,345
-56,346
-56,347
-56,348
:58_12,349
:58_12,350
:58_12,351
:58_12,352
51,353
51,354
51,355
51,356
51,357
51,358
51,359
51,360
51,361
51,362
51,363
51,364
51,365
51,366
51,367
51,368
51,369
51,370
51,371
51,372
51,373
51,374
51,375
51,376
51,377
51,378
51,379
51,380
51,381
51,382
51,383
51,384
51,385
51,386
51,387
51,388
51,389
51,390
51,391
51,392
51,393
51,394
51,395
51,396
51,397
51,398
51,399
51,400
51,401
51,402
51,403
51,404
51,405
51,406
51,407
51,408
51,409
51,410
51,411
51,412
51,413
51,414
51,415
51,416
51,417
51,418
51,419
51,420
51,421
51,422
51,423
51,424
51,425
51,426
51,427
51,428
51,429
51,430
51,431
51,432
51,433
51,434
51,435
51,436
51,437
51,438
51,439
51,440
51,441
51,442
51,443
51,444
51,445
51,446
51,447
51,448
51,449
51,450
51,451
51,452
51,453
51,454
51,455
51,456
51,457
51,458
51,459
51,460
51,461
51,462
51,463
51,464
51,465
51,466
51,467
51,468
51,469
51,470
51,471
51,472
51,473
51,474
51,475
51,476
51,477
51,478
51,479
51,480
51,481
51,482
51,483
51,484
51,485
51,486
51,487
51,488
51,489
51,490
51,491
51,492
51,493
51,494
51,495
51,496
51,497
51,498
51,499
51,500
51,501
51,502
51,503
51,504
51,505
51,506
51,507
51,508
51,509
51,510
51,511
51,512
51,513
51,514
51,515
51,516
51,517
51,518
51,519
51,520
51,521
51,522
51,523
51,524
51,525
51,526
51,527
51,528
51,529
51,530
51,531
51,532
51,533
51,534
51,535
51,536
51,537
51,538
51,539
51,540
51,541
51,542
51,543
51,544
51,545
51,546
51,547
51,548
51,549
:59_7,550
:59_7,551
:59_7,552
:59_7,553
:59_7,554
:59_7,555
:59_7,556
:59_7,557
-304,558
-304,559
-304,560
-304,561
-304,562
-304,563
-304,564
-304,565
-304,566
-304,567
-304,568
-304,569
-304,570
-304,571
-304,572
-304,573
-304,574
-304,575
-304,576
-304,577
-304,578
-304,579
-304,580
-304,581
-304,582
-304,583
-304,584
-304,585
-304,586
-304,587
-304,588
-304,589
-304,590
-304,591
-304,592
-304,593
-304,594
-304,595
-304,596
-304,597
-304,598
-304,599
-304,600
-304,601
-304,602
-304,603
-304,604
-304,605
-304,606
-304,607
-304,608
-304,609
-304,610
-304,611
-304,612
-304,613
-304,614
-304,615
-304,616
-304,617
-304,618
-304,619
-304,620
-304,621
-304,622
-304,623
-304,624
-304,625
-304,626
-304,627
-304,628
-304,629
-304,630
-304,631
-304,632
-304,633
-304,634
-304,635
-304,636
-304,637
-304,638
-304,639
-304,640
-304,641
-304,642
-304,643
-304,644
-304,645
-304,646
-304,647
-304,648
-304,649
-304,650
-304,651
-304,652
-304,653
-304,654
-304,655
-304,656
-304,657
-304,658
-304,659
-304,660
-304,661
-304,662
-304,663
-304,664
-304,665
-304,666
-304,667
-304,668
-304,669
-304,670
-304,671
-304,672
-304,673
-304,674
-304,675
-304,676
-304,677
-304,678
-304,679
-304,680
-304,681
:289_0,682
:289_0,683
:289_0,684
:289_0,685
:289_0,686
:289_0,687
:289_0,688
302,689
302,690
302,691
302,692
302,693
302,694
302,695
302,696
302,697
302,698
302,699
302,700
302,701
302,702
302,703
302,704
302,705
302,706
302,707
302,708
302,709
302,710
302,711
302,712
302,713
302,714
302,715
302,716
302,717
302,718
302,719
302,720
302,721
302,722
302,723
302,724
302,725
302,726
302,727
302,728
302,729
302,730
302,731
302,732
302,733
302,734
302,735
302,736
302,737
302,738
302,739
302,740
-192,741
-192,742
-192,743
-192,744
-192,745
-192,746
-192,747
-192,748
-192,749
-192,750
-192,751
-192,752
-192,753
-192,754
-192,755
-192,756
-192,757
-192,758
-192,759
-192,760
-192,761
-192,762
-192,763
-192,764
-192,765
-192,766
-192,767
-192,768
-192,769
-192,770
-192,771
-192,772
-192,773
-192,774
-192,775
-192,776
-192,777
-192,778
-192,779
-192,780
-192,781
-192,782
-192,783
-192,784
-192,785
-192,786
-192,787
-192,788
-192,789
-192,790
-192,791
-192,792
-192,793
-192,794
-192,795
-192,796
-192,797
-192,798
-192,799
-192,800
-192,801
-192,802
-192,803
-192,804
-192,805
-192,806
-192,807
-192,808
-192,809
-192,810
-192,811
-192,812
-192,813
-192,814
-192,815
-192,816
-192,817
-192,818
-192,819
-192,820
-192,821
-192,822
-192,823
-192,824
-192,825
-192,826
-192,827
-192,828
-192,829
-192,830
-192,831
-192,832
-192,833
-192,834
-192,835
-192,836
-192,837
-192,838
-192,839
-192,840
-192,841
-192,842
-192,843
-192,844
-192,845
-192,846
-192,847
-192,848
-192,849
-192,850
-192,851
-192,852
-192,853
-192,854
-192,855
-192,856
-192,857
-192,858
-192,859
-192,860
-192,861
-192,862
-192,863
-192,864
-192,865
-192,866
-192,867
-192,868
-192,869
-192,870
-192,871
-192,872
-192,873
:68_2,874
:68_2,875
:68_2,876
:68_2,877
:68_16,878
:68_16,879
:68_16,880
:68_16,881
189,882
189,883
189,884
189,885
189,886
189,887
189,888
189,889
189,890
189,891
189,892
189,893
189,894
189,895
189,896
189,897
189,898
189,899
189,900
189,901
189,902
189,903
189,904
189,905
189,906
189,907
189,908
189,909
189,910
189,911
189,912
189,913
189,914
189,915
189,916
189,917
189,918
189,919
189,920
189,921
189,922
189,923
189,924
189,925
189,926
189,927
189,928
189,929
189,930
189,931
189,932
189,933
189,934
189,935
189,936
189,937
189,938
189,939
189,940
189,941
189,942
189,943
189,944
189,945
189,946
189,947
189,948
189,949
189,950
189,951
189,952
189,953
189,954
189,955
189,956
189,957
189,958
189,959
189,960
189,961
189,962
189,963
189,964
189,965
189,966
189,967
189,968
189,969
189,970
189,971
189,972
189,973
189,974
189,975
189,976
189,977
189,978
189,979
189,980
189,981
189,982
189,983
189,984
189,985
189,986
189,987
189,988
189,989
189,990
189,991
189,992
189,993
189,994
189,995
189,996
189,997
189,998
189,999
189,1000
189,1001
189,1002
189,1003
189,1004
189,1005
189,1006
