-408,1
-408,2
-408,3
-408,4
-408,5
-408,6
-408,7
-408,8
-408,9
-408,10
-408,11
-408,12
-408,13
-408,14
-408,15
-408,16
-408,17
-408,18
-408,19
-408,20
-408,21
-408,22
-408,23
-408,24
-408,25
-408,26
-408,27
-408,28
-408,29
-408,30
-408,31
-408,32
-408,33
-408,34
-408,35
-408,36
-408,37
-408,38
-408,39
-408,40
-408,41
-408,42
-408,43
-408,44
-408,45
-408,46
-408,47
-408,48
-408,49
-408,50
-408,51
-408,52
-408,53
-408,54
-408,55
-408,56
-408,57
-408,58
-408,59
-408,60
-408,61
-408,62
-408,63
-408,64
-408,65
-408,66
-408,67
-408,68
-408,69
-408,70
-408,71
-408,72
-408,73
-408,74
-408,75
-408,76
-408,77
-408,78
-408,79
-408,80
-408,81
-408,82
-408,83
-408,84
-408,85
-408,86
-408,87
-408,88
-408,89
-408,90
-408,91
-408,92
-408,93
-408,94
-408,95
-408,96
-408,97
-408,98
-408,99
-408,100
-408,101
-408,102
-408,103
-408,104
-408,105
-408,106
-408,107
-408,108
-408,109
-408,110
-408,111
-408,112
-408,113
-408,114
-408,115
-408,116
-408,117
-408,118
-408,119
-408,120
-408,121
-408,122
-408,123
-408,124
-408,125
-408,126
-408,127
-408,128
-408,129
-408,130
-408,131
-408,132
-408,133
-408,134
-408,135
-408,136
-408,137
-408,138
-408,139
-408,140
-408,141
-408,142
-408,143
-408,144
-408,145
-408,146
-408,147
-408,148
-408,149
:363_3,150
:363_3,151
:363_3,152
:363_3,153
407,154
407,155
407,156
407,157
407,158
407,159
407,160
407,161
407,162
407,163
407,164
407,165
407,166
407,167
407,168
407,169
407,170
407,171
407,172
407,173
407,174
407,175
407,176
407,177
407,178
407,179
407,180
407,181
407,182
407,183
407,184
407,185
407,186
407,187
407,188
407,189
407,190
407,191
407,192
407,193
407,194
407,195
407,196
407,197
:271_6,198
:271_6,199
:271_6,200
:271_6,201
:271_6,202
:271_6,203
-279,204
-279,205
-279,206
-279,207
-279,208
-279,209
-279,210
-279,211
-279,212
-279,213
-279,214
-279,215
-279,216
-279,217
-279,218
-279,219
-279,220
-279,221
-279,222
-279,223
-279,224
-279,225
-279,226
-279,227
-279,228
-279,229
-279,230
-279,231
-279,232
-279,233
-279,234
-279,235
-279,236
-279,237
-279,238
-279,239
-279,240
-279,241
-279,242
-279,243
-279,244
-279,245
-279,246
-279,247
-279,248
-279,249
-279,250
-279,251
-279,252
-279,253
-279,254
-279,255
-279,256
-279,257
-279,258
-279,259
-279,260
-279,261
-279,262
-279,263
-279,264
-279,265
-279,266
-279,267
-279,268
-279,269
-279,270
-279,271
-279,272
-279,273
-279,274
:270_10,275
:270_10,276
:270_10,277
:270_18,278
:270_18,279
:270_18,280
281,281
281,282
281,283
281,284
281,285
281,286
281,287
281,288
281,289
281,290
281,291
281,292
281,293
281,294
281,295
281,296
281,297
281,298
281,299
281,300
281,301
281,302
281,303
281,304
281,305
281,306
281,307
281,308
281,309
281,310
281,311
281,312
281,313
281,314
281,315
281,316
281,317
281,318
281,319
281,320
281,321
281,322
281,323
281,324
281,325
281,326
281,327
281,328
281,329
281,330
281,331
281,332
281,333
281,334
281,335
281,336
281,337
281,338
281,339
281,340
281,341
281,342
281,343
281,344
281,345
281,346
281,347
281,348
281,349
281,350
281,351
281,352
281,353
281,354
281,355
281,356
281,357
281,358
281,359
281,360
:174_0,361
:174_0,362
:174_0,363
:174_0,364
:174_0,365
:174_0,366
-160,367
-160,368
-160,369
-160,370
-160,371
-160,372
-160,373
-160,374
-160,375
-160,376
-160,377
-160,378
-160,379
-160,380
-160,381
-160,382
-160,383
-160,384
-160,385
-160,386
-160,387
-160,388
-160,389
-160,390
-160,391
-160,392
-160,393
-160,394
-160,395
-160,396
-160,397
-160,398
-160,399
-160,400
-160,401
-160,402
-160,403
-160,404
-160,405
-160,406
-160,407
-160,408
-160,409
-160,410
-160,411
-160,412
-160,413
-160,414
-160,415
-160,416
-160,417
-160,418
-160,419
-160,420
-160,421
-160,422
-160,423
-160,424
-160,425
-160,426
-160,427
-160,428
-160,429
-160,430
-160,431
-160,432
-160,433
-160,434
-160,435
-160,436
-160,437
-160,438
-160,439
-160,440
-160,441
-160,442
-160,443
-160,444
-160,445
-160,446
-160,447
-160,448
-160,449
-160,450
-160,451
-160,452
-160,453
-160,454
-160,455
-160,456
-160,457
-160,458
-160,459
-160,460
-160,461
-160,462
-160,463
-160,464
-160,465
-160,466
-160,467
-160,468
-160,469
-160,470
-160,471
-160,472
-160,473
-160,474
-160,475
-160,476
-160,477
-160,478
-160,479
-160,480
-160,481
-160,482
-160,483
-160,484
-160,485
-160,486
-160,487
-160,488
-160,489
-160,490
-160,491
-160,492
-160,493
-160,494
-160,495
-160,496
-160,497
-160,498
-160,499
-160,500
-160,501
-160,502
-160,503
-160,504
-160,505
-160,506
-160,507
-160,508
-160,509
-160,510
-160,511
-160,512
-160,513
-160,514
-160,515
-160,516
-160,517
-160,518
-160,519
-160,520
-160,521
-160,522
-160,523
-160,524
-160,525
-160,526
-160,527
:63_9,528
:63_9,529
:63_9,530
:63_9,531
:63_9,532
:63_9,533
-149,534
-149,535
-149,536
-149,537
-149,538
-149,539
-149,540
-149,541
-149,542
-149,543
-149,544
-149,545
-149,546
-149,547
-149,548
-149,549
-149,550
-149,551
-149,552
-149,553
-149,554
-149,555
-149,556
-149,557
-149,558
-149,559
-149,560
-149,561
-149,562
-149,563
-149,564
-149,565
-149,566
-149,567
-149,568
-149,569
-149,570
-149,571
-149,572
-149,573
-149,574
-149,575
-149,576
-149,577
-149,578
-149,579
-149,580
-149,581
-149,582
-149,583
-149,584
-149,585
-149,586
-149,587
-149,588
-149,589
-149,590
-149,591
-149,592
-149,593
-149,594
-149,595
-149,596
-149,597
-149,598
-149,599
-149,600
-149,601
-149,602
-149,603
-149,604
-149,605
-149,606
-149,607
-149,608
-149,609
-149,610
-149,611
-149,612
-149,613
-149,614
-149,615
-149,616
-149,617
-149,618
-149,619
-149,620
-149,621
-149,622
-149,623
-149,624
-149,625
-149,626
-149,627
-149,628
-149,629
-149,630
-149,631
-149,632
-149,633
-149,634
-149,635
-149,636
-149,637
-149,638
-149,639
-149,640
-149,641
-149,642
-149,643
-149,644
-149,645
-149,646
-149,647
-149,648
-149,649
-149,650
-149,651
-149,652
-149,653
-149,654
-149,655
-149,656
-149,657
-149,658
-149,659
-149,660
-149,661
-149,662
-149,663
-149,664
-149,665
-149,666
-149,667
-149,668
-149,669
-149,670
-149,671
-149,672
-149,673
-149,674
-149,675
-149,676
-149,677
-149,678
-149,679
-149,680
-149,681
-149,682
-149,683
-149,684
-149,685
-149,686
-149,687
-149,688
-149,689
-149,690
-149,691
-149,692
-149,693
-149,694
-149,695
-149,696
-149,697
:164_3,698
:164_3,699
:164_3,700
:164_3,701
150,702
150,703
150,704
150,705
150,706
150,707
150,708
150,709
150,710
150,711
150,712
150,713
150,714
150,715
150,716
150,717
150,718
150,719
150,720
150,721
150,722
150,723
150,724
150,725
150,726
150,727
150,728
150,729
150,730
150,731
150,732
150,733
150,734
150,735
150,736
150,737
150,738
150,739
150,740
150,741
150,742
150,743
150,744
150,745
150,746
150,747
150,748
150,749
150,750
150,751
150,752
150,753
150,754
150,755
150,756
150,757
150,758
150,759
150,760
150,761
150,762
150,763
150,764
150,765
150,766
150,767
150,768
150,769
150,770
150,771
150,772
150,773
150,774
150,775
150,776
150,777
150,778
150,779
150,780
150,781
150,782
150,783
150,784
150,785
:165_3,786
:165_3,787
:165_3,788
:165_3,789
:165_3,790
:165_3,791
-187,792
-187,793
-187,794
-187,795
-187,796
-187,797
-187,798
-187,799
-187,800
-187,801
-187,802
-187,803
-187,804
-187,805
-187,806
-187,807
-187,808
-187,809
-187,810
-187,811
-187,812
-187,813
-187,814
-187,815
-187,816
-187,817
-187,818
-187,819
-187,820
-187,821
-187,822
-187,823
-187,824
-187,825
-187,826
-187,827
-187,828
-187,829
-187,830
-187,831
-187,832
-187,833
-187,834
-187,835
-187,836
-187,837
-187,838
-187,839
-187,840
-187,841
-187,842
-187,843
-187,844
-187,845
-187,846
-187,847
-187,848
-187,849
-187,850
-187,851
-187,852
-187,853
-187,854
-187,855
-187,856
-187,857
-187,858
-187,859
-187,860
-187,861
-187,862
-187,863
-187,864
-187,865
-187,866
-187,867
-187,868
-187,869
-187,870
-187,871
-187,872
-187,873
-187,874
-187,875
-187,876
-187,877
-187,878
-187,879
-187,880
-187,881
-187,882
-187,883
-187,884
-187,885
-187,886
-187,887
-187,888
-187,889
-187,890
-187,891
-187,892
-187,893
-187,894
-187,895
:161_3,896
:161_3,897
:161_3,898
:161_3,899
-145,900
-145,901
-145,902
-145,903
-145,904
-145,905
-145,906
-145,907
-145,908
-145,909
-145,910
-145,911
-145,912
-145,913
-145,914
-145,915
-145,916
-145,917
-145,918
-145,919
-145,920
-145,921
-145,922
-145,923
-145,924
-145,925
-145,926
-145,927
-145,928
-145,929
-145,930
-145,931
-145,932
-145,933
-145,934
-145,935
-145,936
-145,937
-145,938
-145,939
-145,940
-145,941
-145,942
-145,943
-145,944
-145,945
-145,946
-145,947
-145,948
-145,949
-145,950
-145,951
-145,952
-145,953
-145,954
-145,955
:160_9,956
:160_9,957
:160_9,958
:160_9,959
146,960
146,961
146,962
146,963
146,964
146,965
146,966
146,967
146,968
146,969
146,970
146,971
146,972
146,973
146,974
146,975
146,976
146,977
146,978
146,979
146,980
146,981
146,982
146,983
146,984
146,985
146,986
146,987
146,988
146,989
146,990
146,991
146,992
-625,993
-625,994
-625,995
-625,996
-625,997
-625,998
-625,999
-625,1000
-625,1001
-625,1002
-625,1003
-625,1004
-625,1005
-625,1006
-625,1007
-625,1008
-625,1009
-625,1010
-625,1011
-625,1012
-625,1013
-625,1014
-625,1015
-625,1016
-625,1017
-625,1018
-625,1019
-625,1020
-625,1021
-625,1022
-625,1023
-625,1024
-625,1025
-625,1026
-625,1027
-625,1028
-625,1029
-625,1030
:367_7,1031
:367_7,1032
:367_7,1033
:367_7,1034
-415,1035
-415,1036
-415,1037
-415,1038
-415,1039
-415,1040
-415,1041
-415,1042
-415,1043
-415,1044
-415,1045
-415,1046
-415,1047
-415,1048
-415,1049
-415,1050
-415,1051
-415,1052
-415,1053
-415,1054
-415,1055
-415,1056
-415,1057
-415,1058
-415,1059
-415,1060
-415,1061
-415,1062
-415,1063
-415,1064
-415,1065
-415,1066
-415,1067
-415,1068
-415,1069
-415,1070
-415,1071
-415,1072
-415,1073
-415,1074
-415,1075
-415,1076
-415,1077
-415,1078
-415,1079
-415,1080
-415,1081
-415,1082
-415,1083
-415,1084
-415,1085
-415,1086
-415,1087
-415,1088
-415,1089
-415,1090
-415,1091
-415,1092
-415,1093
-415,1094
-415,1095
-415,1096
-415,1097
-415,1098
-415,1099
-415,1100
-415,1101
-415,1102
-415,1103
:26_7,1104
:26_7,1105
:26_7,1106
:26_7,1107
-167,1108
-167,1109
-167,1110
-167,1111
-167,1112
-167,1113
-167,1114
-167,1115
-167,1116
-167,1117
-167,1118
-167,1119
-167,1120
-167,1121
-167,1122
-167,1123
-167,1124
-167,1125
-167,1126
-167,1127
-167,1128
-167,1129
-167,1130
-167,1131
-167,1132
-167,1133
-167,1134
-167,1135
-167,1136
-167,1137
-167,1138
-167,1139
-167,1140
-167,1141
-167,1142
-167,1143
-167,1144
-167,1145
-167,1146
-167,1147
-167,1148
-167,1149
-167,1150
-167,1151
-167,1152
-167,1153
-167,1154
-167,1155
-167,1156
-167,1157
-167,1158
-167,1159
-167,1160
-167,1161
-167,1162
-167,1163
-167,1164
-167,1165
:178_5,1166
:178_5,1167
:178_5,1168
:178_5,1169
164,1170
164,1171
164,1172
164,1173
164,1174
164,1175
164,1176
164,1177
164,1178
164,1179
164,1180
164,1181
164,1182
164,1183
164,1184
164,1185
164,1186
164,1187
164,1188
164,1189
164,1190
164,1191
164,1192
164,1193
164,1194
164,1195
164,1196
164,1197
164,1198
164,1199
164,1200
164,1201
164,1202
164,1203
164,1204
164,1205
164,1206
164,1207
164,1208
164,1209
164,1210
164,1211
164,1212
164,1213
164,1214
164,1215
164,1216
164,1217
164,1218
164,1219
164,1220
164,1221
164,1222
164,1223
164,1224
164,1225
164,1226
164,1227
164,1228
164,1229
164,1230
164,1231
164,1232
164,1233
164,1234
164,1235
164,1236
164,1237
164,1238
164,1239
164,1240
164,1241
164,1242
164,1243
164,1244
164,1245
164,1246
164,1247
164,1248
164,1249
164,1250
164,1251
164,1252
164,1253
164,1254
164,1255
164,1256
164,1257
164,1258
164,1259
164,1260
164,1261
164,1262
164,1263
164,1264
164,1265
164,1266
164,1267
164,1268
164,1269
164,1270
164,1271
164,1272
164,1273
164,1274
164,1275
164,1276
164,1277
164,1278
164,1279
164,1280
164,1281
164,1282
164,1283
164,1284
164,1285
164,1286
164,1287
164,1288
164,1289
164,1290
164,1291
164,1292
164,1293
164,1294
164,1295
164,1296
164,1297
164,1298
164,1299
164,1300
164,1301
164,1302
164,1303
164,1304
164,1305
164,1306
164,1307
164,1308
164,1309
164,1310
164,1311
164,1312
164,1313
164,1314
164,1315
164,1316
164,1317
164,1318
164,1319
164,1320
164,1321
164,1322
164,1323
164,1324
164,1325
164,1326
164,1327
164,1328
164,1329
164,1330
164,1331
164,1332
164,1333
164,1334
164,1335
164,1336
164,1337
164,1338
164,1339
