-160,1
-160,2
-160,3
-160,4
-160,5
-160,6
-160,7
-160,8
-160,9
-160,10
-160,11
-160,12
-160,13
-160,14
-160,15
-160,16
-160,17
-160,18
-160,19
-160,20
-160,21
-160,22
-160,23
-160,24
-160,25
-160,26
-160,27
-160,28
-160,29
-160,30
-160,31
-160,32
-160,33
-160,34
-160,35
-160,36
-160,37
-160,38
-160,39
-160,40
-160,41
-160,42
-160,43
-160,44
-160,45
-160,46
-160,47
-160,48
-160,49
-160,50
-160,51
-160,52
-160,53
-160,54
-160,55
-160,56
-160,57
-160,58
-160,59
-160,60
-160,61
-160,62
-160,63
-160,64
-160,65
-160,66
-160,67
-160,68
-160,69
-160,70
-160,71
-160,72
-160,73
-160,74
-160,75
-160,76
-160,77
-160,78
-160,79
-160,80
-160,81
-160,82
-160,83
-160,84
-160,85
-160,86
-160,87
-160,88
-160,89
-160,90
-160,91
-160,92
-160,93
-160,94
-160,95
-160,96
-160,97
-160,98
-160,99
-160,100
-160,101
-160,102
-160,103
-160,104
-160,105
-160,106
-160,107
-160,108
-160,109
-160,110
-160,111
-160,112
-160,113
-160,114
-160,115
-160,116
-160,117
-160,118
-160,119
-160,120
-160,121
-160,122
-160,123
-160,124
-160,125
-160,126
-160,127
-160,128
-160,129
-160,130
-160,131
-160,132
-160,133
-160,134
-160,135
-160,136
-160,137
-160,138
-160,139
-160,140
-160,141
-160,142
-160,143
-160,144
-160,145
-160,146
-160,147
-160,148
-160,149
-160,150
-160,151
-160,152
-160,153
-160,154
-160,155
-160,156
:63_8,157
:63_8,158
:63_8,159
159,160
159,161
159,162
159,163
159,164
159,165
159,166
159,167
159,168
159,169
159,170
159,171
159,172
159,173
159,174
159,175
159,176
159,177
159,178
159,179
159,180
159,181
159,182
159,183
159,184
159,185
159,186
159,187
159,188
159,189
159,190
159,191
159,192
159,193
159,194
159,195
159,196
159,197
159,198
159,199
159,200
159,201
159,202
159,203
159,204
159,205
159,206
159,207
159,208
159,209
159,210
159,211
159,212
159,213
159,214
159,215
159,216
159,217
159,218
159,219
159,220
159,221
159,222
159,223
159,224
159,225
159,226
159,227
159,228
159,229
159,230
159,231
159,232
159,233
159,234
159,235
159,236
159,237
159,238
159,239
159,240
159,241
159,242
159,243
159,244
159,245
159,246
159,247
159,248
159,249
159,250
159,251
159,252
159,253
159,254
159,255
159,256
159,257
159,258
159,259
159,260
159,261
159,262
:102_7,263
:102_7,264
:102_7,265
:102_7,266
:102_7,267
:102_7,268
-87,269
-87,270
-87,271
-87,272
-87,273
-87,274
-87,275
-87,276
-87,277
-87,278
-87,279
-87,280
-87,281
-87,282
-87,283
-87,284
-87,285
-87,286
-87,287
-87,288
-87,289
-87,290
-87,291
-87,292
-87,293
-87,294
-87,295
-87,296
-87,297
-87,298
-87,299
-87,300
-87,301
-87,302
-87,303
-87,304
-87,305
-87,306
-87,307
-87,308
-87,309
-87,310
-87,311
-87,312
-87,313
-87,314
-87,315
-87,316
-87,317
-87,318
-87,319
-87,320
-87,321
-87,322
-87,323
-87,324
-87,325
-87,326
-87,327
-87,328
-87,329
-87,330
-87,331
-87,332
-87,333
-87,334
-87,335
-87,336
-87,337
-87,338
-87,339
-87,340
-87,341
-87,342
-87,343
-87,344
-87,345
-87,346
-87,347
-87,348
-87,349
-87,350
-87,351
-87,352
-87,353
-87,354
-87,355
-87,356
-87,357
-87,358
-87,359
-87,360
-87,361
-87,362
-87,363
-87,364
-87,365
-87,366
-87,367
-87,368
-87,369
-87,370
-87,371
-87,372
-87,373
-87,374
-87,375
-87,376
-87,377
-87,378
-87,379
-87,380
-87,381
-87,382
-87,383
-87,384
-87,385
-87,386
-87,387
-87,388
-87,389
-87,390
-87,391
-87,392
-87,393
-87,394
-87,395
-87,396
-87,397
-87,398
-87,399
-87,400
-87,401
-87,402
-87,403
-87,404
-87,405
-87,406
-87,407
-87,408
-87,409
-87,410
-87,411
-87,412
-87,413
-87,414
-87,415
-87,416
-87,417
-87,418
-87,419
-87,420
-87,421
-87,422
-87,423
-87,424
-87,425
-87,426
-87,427
-87,428
-87,429
-87,430
-87,431
-87,432
-87,433
-87,434
-87,435
-87,436
-87,437
-87,438
-87,439
-87,440
:27_9,441
:27_9,442
:27_9,443
:27_9,444
:27_9,445
:27_9,446
-23,447
-23,448
-23,449
-23,450
-23,451
-23,452
-23,453
-23,454
-23,455
-23,456
-23,457
-23,458
-23,459
-23,460
-23,461
-23,462
-23,463
-23,464
-23,465
-23,466
-23,467
-23,468
-23,469
-23,470
-23,471
-23,472
-23,473
-23,474
-23,475
-23,476
-23,477
-23,478
-23,479
-23,480
-23,481
-23,482
-23,483
-23,484
-23,485
-23,486
-23,487
-23,488
-23,489
-23,490
-23,491
-23,492
-23,493
-23,494
-23,495
-23,496
-23,497
-23,498
-23,499
-23,500
-23,501
-23,502
-23,503
-23,504
-23,505
-23,506
-23,507
-23,508
-23,509
-23,510
-23,511
-23,512
-23,513
-23,514
-23,515
-23,516
-23,517
-23,518
-23,519
-23,520
-23,521
-23,522
-23,523
-23,524
-23,525
-23,526
-23,527
-23,528
-23,529
-23,530
-23,531
-23,532
-23,533
-23,534
-23,535
-23,536
-23,537
-23,538
-23,539
-23,540
-23,541
-23,542
-23,543
-23,544
-23,545
-23,546
-23,547
-23,548
-23,549
-23,550
-23,551
-23,552
-23,553
-23,554
-23,555
-23,556
-23,557
-23,558
-23,559
-23,560
-23,561
-23,562
-23,563
-23,564
-23,565
-23,566
-23,567
-23,568
-23,569
-23,570
-23,571
-23,572
-23,573
-23,574
-23,575
-23,576
-23,577
-23,578
-23,579
-23,580
-23,581
-23,582
-23,583
-23,584
-23,585
-23,586
-23,587
-23,588
-23,589
-23,590
-23,591
-23,592
-23,593
-23,594
-23,595
-23,596
-23,597
-23,598
-23,599
-23,600
-23,601
-23,602
-23,603
-23,604
-23,605
-23,606
-23,607
-23,608
-23,609
-23,610
-23,611
-23,612
-23,613
-23,614
-23,615
-23,616
-23,617
-23,618
-23,619
-23,620
-23,621
-23,622
-23,623
-23,624
-23,625
-23,626
-23,627
-23,628
-23,629
-23,630
-23,631
-23,632
-23,633
-23,634
-23,635
-23,636
:22_9,637
:22_9,638
:22_9,639
:22_9,640
:22_9,641
19,642
19,643
19,644
19,645
19,646
19,647
19,648
19,649
19,650
19,651
19,652
19,653
19,654
19,655
19,656
19,657
19,658
19,659
19,660
19,661
19,662
19,663
19,664
19,665
19,666
19,667
19,668
19,669
19,670
19,671
19,672
19,673
19,674
19,675
19,676
19,677
19,678
19,679
19,680
19,681
19,682
19,683
19,684
19,685
19,686
19,687
19,688
19,689
19,690
19,691
19,692
19,693
19,694
19,695
19,696
19,697
19,698
19,699
19,700
19,701
19,702
19,703
19,704
19,705
19,706
19,707
19,708
19,709
19,710
19,711
19,712
19,713
19,714
19,715
19,716
19,717
19,718
19,719
19,720
19,721
19,722
19,723
19,724
19,725
19,726
19,727
19,728
19,729
19,730
19,731
19,732
19,733
19,734
19,735
19,736
19,737
19,738
19,739
19,740
19,741
19,742
:23_6,743
:23_6,744
:23_6,745
:23_6,746
:23_6,747
:23_6,748
:23_6,749
20,750
20,751
20,752
20,753
20,754
20,755
20,756
20,757
20,758
20,759
20,760
20,761
20,762
20,763
20,764
20,765
20,766
20,767
20,768
20,769
20,770
20,771
20,772
20,773
20,774
20,775
20,776
20,777
20,778
20,779
20,780
20,781
20,782
20,783
20,784
20,785
20,786
20,787
20,788
20,789
20,790
20,791
20,792
20,793
20,794
20,795
20,796
20,797
20,798
20,799
20,800
20,801
20,802
20,803
20,804
20,805
20,806
20,807
20,808
20,809
20,810
20,811
20,812
20,813
20,814
20,815
20,816
20,817
20,818
20,819
20,820
20,821
20,822
20,823
20,824
20,825
20,826
20,827
20,828
20,829
20,830
20,831
20,832
20,833
20,834
20,835
20,836
20,837
20,838
20,839
20,840
20,841
20,842
20,843
20,844
20,845
20,846
:24_13,847
:24_13,848
:24_13,849
:24_13,850
:24_13,851
:24_13,852
25,853
25,854
25,855
25,856
25,857
25,858
25,859
25,860
25,861
25,862
25,863
25,864
25,865
25,866
25,867
25,868
25,869
25,870
25,871
25,872
25,873
25,874
25,875
25,876
25,877
25,878
25,879
25,880
25,881
25,882
25,883
25,884
25,885
25,886
25,887
25,888
25,889
25,890
25,891
25,892
25,893
25,894
25,895
25,896
25,897
25,898
25,899
25,900
25,901
25,902
25,903
25,904
25,905
25,906
25,907
25,908
25,909
25,910
25,911
25,912
25,913
25,914
25,915
25,916
25,917
25,918
25,919
25,920
25,921
25,922
25,923
25,924
25,925
25,926
25,927
25,928
25,929
25,930
25,931
25,932
25,933
25,934
25,935
25,936
25,937
25,938
25,939
25,940
25,941
25,942
25,943
25,944
25,945
25,946
25,947
25,948
25,949
25,950
25,951
25,952
25,953
25,954
25,955
25,956
25,957
25,958
25,959
25,960
25,961
25,962
25,963
25,964
25,965
25,966
25,967
25,968
25,969
25,970
25,971
25,972
25,973
25,974
25,975
25,976
25,977
25,978
25,979
25,980
25,981
25,982
25,983
25,984
25,985
25,986
25,987
25,988
25,989
25,990
25,991
25,992
25,993
25,994
25,995
25,996
25,997
25,998
25,999
:29_13,1000
:29_13,1001
:29_13,1002
:29_13,1003
:29_13,1004
:29_13,1005
210,1006
210,1007
210,1008
210,1009
210,1010
210,1011
210,1012
210,1013
210,1014
210,1015
210,1016
210,1017
210,1018
210,1019
210,1020
210,1021
210,1022
210,1023
210,1024
210,1025
210,1026
210,1027
210,1028
210,1029
210,1030
210,1031
210,1032
210,1033
210,1034
210,1035
210,1036
210,1037
210,1038
210,1039
210,1040
210,1041
210,1042
210,1043
210,1044
210,1045
210,1046
210,1047
210,1048
210,1049
210,1050
210,1051
210,1052
210,1053
210,1054
210,1055
210,1056
210,1057
210,1058
210,1059
210,1060
210,1061
210,1062
210,1063
210,1064
210,1065
210,1066
210,1067
210,1068
210,1069
210,1070
210,1071
210,1072
210,1073
210,1074
210,1075
210,1076
210,1077
210,1078
210,1079
210,1080
210,1081
210,1082
210,1083
210,1084
210,1085
210,1086
210,1087
210,1088
210,1089
210,1090
210,1091
210,1092
210,1093
210,1094
210,1095
210,1096
210,1097
210,1098
210,1099
210,1100
210,1101
210,1102
210,1103
210,1104
210,1105
210,1106
210,1107
:16_6,1108
:16_6,1109
:16_6,1110
:16_6,1111
:16_6,1112
:16_6,1113
-14,1114
-14,1115
-14,1116
-14,1117
-14,1118
-14,1119
-14,1120
-14,1121
-14,1122
-14,1123
-14,1124
-14,1125
-14,1126
-14,1127
-14,1128
-14,1129
-14,1130
-14,1131
-14,1132
-14,1133
-14,1134
-14,1135
-14,1136
-14,1137
-14,1138
-14,1139
-14,1140
-14,1141
-14,1142
-14,1143
-14,1144
-14,1145
-14,1146
-14,1147
-14,1148
-14,1149
-14,1150
-14,1151
-14,1152
-14,1153
-14,1154
-14,1155
-14,1156
-14,1157
-14,1158
-14,1159
-14,1160
-14,1161
-14,1162
-14,1163
-14,1164
-14,1165
-14,1166
-14,1167
-14,1168
-14,1169
-14,1170
-14,1171
-14,1172
-14,1173
-14,1174
-14,1175
-14,1176
-14,1177
-14,1178
-14,1179
-14,1180
-14,1181
-14,1182
-14,1183
-14,1184
-14,1185
-14,1186
-14,1187
-14,1188
-14,1189
-14,1190
-14,1191
-14,1192
-14,1193
-14,1194
-14,1195
-14,1196
-14,1197
-14,1198
-14,1199
-14,1200
-14,1201
-14,1202
-14,1203
-14,1204
-14,1205
-14,1206
-14,1207
-14,1208
-14,1209
-14,1210
-14,1211
-14,1212
-14,1213
-14,1214
-14,1215
-14,1216
-14,1217
-14,1218
-14,1219
-14,1220
-14,1221
-14,1222
-14,1223
-14,1224
-14,1225
-14,1226
-14,1227
-14,1228
:14_1,1229
:14_1,1230
:14_1,1231
13,1232
13,1233
13,1234
13,1235
13,1236
13,1237
13,1238
13,1239
13,1240
13,1241
13,1242
13,1243
13,1244
13,1245
13,1246
13,1247
13,1248
13,1249
13,1250
13,1251
13,1252
13,1253
13,1254
13,1255
13,1256
13,1257
13,1258
13,1259
13,1260
13,1261
13,1262
13,1263
13,1264
13,1265
13,1266
13,1267
13,1268
13,1269
13,1270
13,1271
13,1272
13,1273
13,1274
13,1275
13,1276
13,1277
13,1278
13,1279
13,1280
13,1281
13,1282
13,1283
13,1284
13,1285
13,1286
13,1287
13,1288
13,1289
13,1290
13,1291
13,1292
13,1293
13,1294
13,1295
13,1296
13,1297
13,1298
13,1299
13,1300
13,1301
13,1302
13,1303
13,1304
13,1305
13,1306
13,1307
13,1308
13,1309
13,1310
13,1311
13,1312
13,1313
13,1314
13,1315
13,1316
13,1317
13,1318
13,1319
13,1320
13,1321
13,1322
13,1323
13,1324
13,1325
13,1326
13,1327
13,1328
13,1329
13,1330
13,1331
13,1332
13,1333
13,1334
:15_3,1335
:15_3,1336
:15_3,1337
:15_3,1338
:15_3,1339
:15_3,1340
-375,1341
-375,1342
-375,1343
-375,1344
-375,1345
-375,1346
-375,1347
-375,1348
-375,1349
-375,1350
-375,1351
-375,1352
-375,1353
-375,1354
-375,1355
-375,1356
-375,1357
-375,1358
-375,1359
-375,1360
-375,1361
-375,1362
-375,1363
-375,1364
-375,1365
-375,1366
-375,1367
-375,1368
-375,1369
-375,1370
-375,1371
-375,1372
-375,1373
-375,1374
-375,1375
-375,1376
-375,1377
-375,1378
-375,1379
-375,1380
-375,1381
-375,1382
-375,1383
-375,1384
-375,1385
-375,1386
-375,1387
-375,1388
-375,1389
-375,1390
-375,1391
-375,1392
-375,1393
-375,1394
-375,1395
-375,1396
-375,1397
-375,1398
-375,1399
-375,1400
-375,1401
-375,1402
-375,1403
-375,1404
-375,1405
-375,1406
-375,1407
-375,1408
-375,1409
-375,1410
-375,1411
-375,1412
-375,1413
-375,1414
-375,1415
-375,1416
-375,1417
-375,1418
-375,1419
-375,1420
-375,1421
-375,1422
-375,1423
-375,1424
-375,1425
-375,1426
-375,1427
-375,1428
-375,1429
-375,1430
-375,1431
-375,1432
-375,1433
-375,1434
-375,1435
-375,1436
-375,1437
-375,1438
-375,1439
-375,1440
-375,1441
-375,1442
-375,1443
-375,1444
-375,1445
-375,1446
-375,1447
-375,1448
-375,1449
-375,1450
-375,1451
-374,1452
-374,1453
-374,1454
-374,1455
-374,1456
-374,1457
-374,1458
-374,1459
-374,1460
-374,1461
-374,1462
-374,1463
-374,1464
-374,1465
-374,1466
-374,1467
-374,1468
-374,1469
-374,1470
-374,1471
-374,1472
-374,1473
-374,1474
-374,1475
-374,1476
-374,1477
-374,1478
-374,1479
-374,1480
-374,1481
-374,1482
-374,1483
-374,1484
-374,1485
-374,1486
-374,1487
-374,1488
-374,1489
-374,1490
-374,1491
-374,1492
-374,1493
-374,1494
-374,1495
-374,1496
-374,1497
-374,1498
-374,1499
-374,1500
-374,1501
-374,1502
-374,1503
-374,1504
-374,1505
-374,1506
-374,1507
-374,1508
-374,1509
-374,1510
-374,1511
-374,1512
-374,1513
-374,1514
-374,1515
-374,1516
-374,1517
-374,1518
-374,1519
-374,1520
-374,1521
-374,1522
-374,1523
-374,1524
-374,1525
-374,1526
-374,1527
-374,1528
-374,1529
-374,1530
:230_9,1531
:230_9,1532
:230_9,1533
:230_9,1534
:230_9,1535
:230_9,1536
-224,1537
-224,1538
-224,1539
-224,1540
-224,1541
-224,1542
-224,1543
-224,1544
-224,1545
-224,1546
-224,1547
-224,1548
-224,1549
-224,1550
-224,1551
-224,1552
-224,1553
-224,1554
-224,1555
-224,1556
-224,1557
-224,1558
-224,1559
-224,1560
-224,1561
-224,1562
-224,1563
-224,1564
-224,1565
-224,1566
-224,1567
-224,1568
-224,1569
-224,1570
-224,1571
-224,1572
-224,1573
-224,1574
-224,1575
-224,1576
-224,1577
-224,1578
-224,1579
-224,1580
-224,1581
-224,1582
-224,1583
-224,1584
-224,1585
-224,1586
-224,1587
-224,1588
-224,1589
-224,1590
-224,1591
-224,1592
-224,1593
-224,1594
-224,1595
-224,1596
-224,1597
-224,1598
-224,1599
-224,1600
-224,1601
-224,1602
-224,1603
-224,1604
-224,1605
-224,1606
-224,1607
-224,1608
-224,1609
-224,1610
-224,1611
-224,1612
-224,1613
-224,1614
-224,1615
-224,1616
-224,1617
-224,1618
-224,1619
-224,1620
-224,1621
-224,1622
-224,1623
-224,1624
-224,1625
-224,1626
:229_6,1627
:229_6,1628
:229_6,1629
:229_6,1630
:229_6,1631
:229_6,1632
-223,1633
-223,1634
-223,1635
-223,1636
-223,1637
-223,1638
-223,1639
-223,1640
-223,1641
-223,1642
-223,1643
-223,1644
-223,1645
-223,1646
-223,1647
-223,1648
-223,1649
-223,1650
-223,1651
-223,1652
-223,1653
-223,1654
-223,1655
-223,1656
-223,1657
-223,1658
-223,1659
-223,1660
-223,1661
-223,1662
-223,1663
-223,1664
-223,1665
-223,1666
-223,1667
-223,1668
-223,1669
-223,1670
-223,1671
-223,1672
-223,1673
-223,1674
-223,1675
-223,1676
-223,1677
-223,1678
-223,1679
-223,1680
-223,1681
-223,1682
-223,1683
-223,1684
-223,1685
-223,1686
-223,1687
-223,1688
-223,1689
-223,1690
-223,1691
-223,1692
-223,1693
-223,1694
-223,1695
-223,1696
-223,1697
-223,1698
-223,1699
-223,1700
-223,1701
-223,1702
-223,1703
-223,1704
-223,1705
-223,1706
-223,1707
-223,1708
-223,1709
-223,1710
-223,1711
-223,1712
-223,1713
-223,1714
-223,1715
-223,1716
-223,1717
-223,1718
-223,1719
-223,1720
-223,1721
-223,1722
-223,1723
-223,1724
-223,1725
-223,1726
-223,1727
-223,1728
-223,1729
:228_6,1730
:228_6,1731
:228_6,1732
:228_6,1733
:228_6,1734
:228_6,1735
-222,1736
-222,1737
-222,1738
-222,1739
-222,1740
-222,1741
-222,1742
-222,1743
-222,1744
-222,1745
-222,1746
-222,1747
-222,1748
-222,1749
-222,1750
-222,1751
-222,1752
-222,1753
-222,1754
-222,1755
-222,1756
-222,1757
-222,1758
-222,1759
-222,1760
-222,1761
-222,1762
-222,1763
-222,1764
-222,1765
-222,1766
-222,1767
-222,1768
-222,1769
-222,1770
-222,1771
-222,1772
-222,1773
-222,1774
-222,1775
-222,1776
-222,1777
-222,1778
-222,1779
-222,1780
-222,1781
-222,1782
-222,1783
-222,1784
-222,1785
-222,1786
-222,1787
-222,1788
-222,1789
-222,1790
-222,1791
-222,1792
-222,1793
-222,1794
-222,1795
-222,1796
-222,1797
-222,1798
-222,1799
-222,1800
-222,1801
-222,1802
-222,1803
-222,1804
-222,1805
-222,1806
-222,1807
-222,1808
-222,1809
-222,1810
-222,1811
-222,1812
-222,1813
-222,1814
-222,1815
-222,1816
-222,1817
-222,1818
-222,1819
-222,1820
-222,1821
-222,1822
-222,1823
-222,1824
-222,1825
-222,1826
-222,1827
-222,1828
-222,1829
-222,1830
-222,1831
-222,1832
-222,1833
-222,1834
-222,1835
-222,1836
-222,1837
-222,1838
-222,1839
-222,1840
-222,1841
-222,1842
-222,1843
-222,1844
-222,1845
-222,1846
-222,1847
-222,1848
-222,1849
-222,1850
-222,1851
-222,1852
-222,1853
-222,1854
-222,1855
-222,1856
-222,1857
-222,1858
-222,1859
-222,1860
-222,1861
-222,1862
-222,1863
-222,1864
-222,1865
-222,1866
-222,1867
-222,1868
-222,1869
-222,1870
-222,1871
-222,1872
-222,1873
-222,1874
-222,1875
-222,1876
-222,1877
-222,1878
-222,1879
-222,1880
-222,1881
-222,1882
-222,1883
-222,1884
-222,1885
-222,1886
-222,1887
-222,1888
-222,1889
-222,1890
-222,1891
-222,1892
-222,1893
-222,1894
-222,1895
-222,1896
-222,1897
-222,1898
-222,1899
-222,1900
-222,1901
-222,1902
-222,1903
-222,1904
-222,1905
-222,1906
-222,1907
-222,1908
-222,1909
-222,1910
-222,1911
-222,1912
-222,1913
-222,1914
-222,1915
-222,1916
-222,1917
-222,1918
:227_3,1919
:227_3,1920
:227_3,1921
:227_3,1922
:227_3,1923
225,1924
225,1925
225,1926
225,1927
225,1928
225,1929
225,1930
225,1931
225,1932
225,1933
225,1934
225,1935
225,1936
225,1937
225,1938
225,1939
225,1940
225,1941
225,1942
225,1943
225,1944
225,1945
225,1946
225,1947
225,1948
225,1949
225,1950
225,1951
225,1952
225,1953
225,1954
225,1955
225,1956
225,1957
225,1958
225,1959
225,1960
225,1961
225,1962
225,1963
225,1964
225,1965
225,1966
225,1967
225,1968
225,1969
225,1970
225,1971
225,1972
225,1973
225,1974
225,1975
225,1976
225,1977
225,1978
225,1979
225,1980
225,1981
225,1982
225,1983
225,1984
225,1985
225,1986
225,1987
225,1988
225,1989
225,1990
225,1991
225,1992
225,1993
225,1994
225,1995
225,1996
225,1997
225,1998
225,1999
225,2000
