418,1
418,2
418,3
418,4
418,5
418,6
418,7
418,8
418,9
418,10
418,11
418,12
418,13
418,14
418,15
418,16
418,17
418,18
418,19
418,20
418,21
418,22
418,23
418,24
418,25
418,26
418,27
418,28
418,29
418,30
418,31
418,32
418,33
418,34
418,35
418,36
418,37
418,38
418,39
418,40
418,41
418,42
418,43
418,44
418,45
418,46
418,47
418,48
418,49
418,50
418,51
418,52
418,53
418,54
418,55
418,56
418,57
418,58
418,59
418,60
418,61
418,62
418,63
418,64
418,65
418,66
418,67
418,68
418,69
418,70
418,71
418,72
418,73
418,74
418,75
418,76
418,77
418,78
418,79
418,80
418,81
418,82
418,83
418,84
418,85
418,86
418,87
418,88
418,89
418,90
418,91
418,92
418,93
418,94
418,95
418,96
418,97
418,98
418,99
418,100
418,101
418,102
418,103
418,104
418,105
418,106
418,107
418,108
418,109
418,110
418,111
:207_7,112
:207_7,113
:207_7,114
:207_10,115
:207_10,116
:207_10,117
:207_10,118
:207_10,119
-199,120
-199,121
-199,122
-199,123
-199,124
-199,125
-199,126
-199,127
-199,128
-199,129
-199,130
-199,131
-199,132
-199,133
-199,134
-199,135
-199,136
-199,137
-199,138
-199,139
-199,140
-199,141
-199,142
-199,143
-199,144
-199,145
-199,146
-199,147
-199,148
-199,149
-199,150
-199,151
-199,152
-199,153
-199,154
-199,155
-199,156
-199,157
-199,158
-199,159
-199,160
-199,161
-199,162
-199,163
-199,164
-199,165
-199,166
-199,167
-199,168
-199,169
-199,170
-199,171
-199,172
-199,173
-199,174
-199,175
-199,176
-199,177
-199,178
-199,179
-199,180
-199,181
-199,182
-199,183
-199,184
-199,185
-199,186
-199,187
-199,188
-199,189
-199,190
-199,191
-199,192
-199,193
-199,194
-199,195
-199,196
-199,197
-199,198
-199,199
-199,200
-199,201
-199,202
-199,203
-199,204
-199,205
-199,206
-199,207
-199,208
-199,209
-199,210
-199,211
-199,212
-199,213
-199,214
-199,215
-199,216
-199,217
-199,218
-199,219
-199,220
-199,221
-199,222
-199,223
-199,224
:206_3,225
:206_3,226
:206_3,227
:206_3,228
:206_3,229
:206_3,230
:206_3,231
-198,232
-198,233
-198,234
-198,235
-198,236
-198,237
-198,238
-198,239
-198,240
-198,241
-198,242
-198,243
-198,244
-198,245
-198,246
-198,247
-198,248
-198,249
-198,250
-198,251
-198,252
-198,253
-198,254
-198,255
-198,256
-198,257
-198,258
-198,259
-198,260
-198,261
-198,262
-198,263
-198,264
-198,265
-198,266
-198,267
-198,268
-198,269
-198,270
-198,271
-198,272
-198,273
-198,274
-198,275
-198,276
-198,277
-198,278
-198,279
-198,280
-198,281
-198,282
-198,283
-198,284
-198,285
-198,286
-198,287
-198,288
-198,289
-198,290
-198,291
-198,292
-198,293
-198,294
-198,295
-198,296
-198,297
-198,298
-198,299
-198,300
-198,301
-198,302
-198,303
-198,304
-198,305
-198,306
-198,307
-198,308
-198,309
-198,310
-198,311
-198,312
-198,313
-198,314
-198,315
-198,316
-198,317
-198,318
-198,319
-198,320
-198,321
-198,322
-198,323
-198,324
-198,325
-198,326
-198,327
-198,328
-198,329
-198,330
-198,331
-198,332
-198,333
-198,334
-198,335
-198,336
-198,337
-198,338
-198,339
-198,340
-198,341
-198,342
-198,343
-198,344
-198,345
-198,346
-198,347
-198,348
-198,349
-198,350
-198,351
-198,352
-198,353
-198,354
-198,355
-198,356
-198,357
-198,358
-198,359
-198,360
-198,361
-198,362
-198,363
-198,364
-198,365
-198,366
-198,367
-198,368
-198,369
-198,370
-198,371
-198,372
-198,373
-198,374
-198,375
-198,376
-198,377
-198,378
-198,379
-198,380
-198,381
-198,382
-198,383
-198,384
-198,385
-198,386
-198,387
-198,388
-198,389
-198,390
-198,391
-198,392
-198,393
-198,394
-198,395
-198,396
-198,397
-198,398
-198,399
-198,400
-198,401
-198,402
-198,403
-198,404
-198,405
-198,406
-198,407
-198,408
-198,409
-198,410
-198,411
-198,412
-198,413
-198,414
-198,415
-198,416
-198,417
-198,418
-198,419
-198,420
-198,421
-198,422
-198,423
-198,424
-198,425
-198,426
-198,427
-198,428
-198,429
-198,430
-198,431
-198,432
-198,433
-198,434
-198,435
-198,436
-198,437
-198,438
-198,439
-198,440
-198,441
-198,442
-198,443
-198,444
-198,445
-198,446
-198,447
-198,448
-198,449
-198,450
-198,451
-198,452
-198,453
-198,454
-198,455
-198,456
-198,457
-198,458
-198,459
-198,460
-198,461
-198,462
-198,463
-198,464
-198,465
-198,466
-198,467
-198,468
-198,469
-198,470
-198,471
-198,472
-198,473
-198,474
-198,475
-198,476
-198,477
-198,478
-198,479
-198,480
-198,481
-198,482
-198,483
-198,484
-198,485
-198,486
-198,487
-198,488
-198,489
-198,490
-198,491
-198,492
-198,493
-198,494
-198,495
-198,496
-198,497
-198,498
-198,499
-198,500
-198,501
-198,502
-198,503
-198,504
-198,505
-198,506
-198,507
-198,508
-198,509
-198,510
-198,511
:205_7,512
:205_7,513
:205_7,514
:205_7,515
:205_7,516
:205_7,517
:205_7,518
-197,519
-197,520
-197,521
-197,522
-197,523
-197,524
-197,525
-197,526
-197,527
-197,528
-197,529
-197,530
-197,531
-197,532
-197,533
-197,534
-197,535
-197,536
-197,537
-197,538
-197,539
-197,540
-197,541
-197,542
-197,543
-197,544
-197,545
-197,546
-197,547
-197,548
-197,549
-197,550
-197,551
-197,552
-197,553
-197,554
-197,555
-197,556
-197,557
-197,558
-197,559
-197,560
-197,561
-197,562
-197,563
-197,564
-197,565
-197,566
-197,567
-197,568
-197,569
-197,570
-197,571
-197,572
-197,573
-197,574
-197,575
-197,576
-197,577
-197,578
-197,579
-197,580
-197,581
-197,582
-197,583
-197,584
-197,585
-197,586
-197,587
-197,588
-197,589
-197,590
-197,591
-197,592
-197,593
-197,594
-197,595
-197,596
-197,597
-197,598
-197,599
-197,600
-197,601
-197,602
-197,603
-197,604
-197,605
-197,606
-197,607
-197,608
-197,609
-197,610
-197,611
-197,612
-197,613
-197,614
-197,615
-197,616
-197,617
-197,618
-197,619
-197,620
-197,621
-197,622
-197,623
-197,624
-197,625
-197,626
-197,627
-197,628
-197,629
-197,630
-197,631
-197,632
-197,633
-197,634
-197,635
-197,636
-197,637
-197,638
-197,639
-197,640
-197,641
-197,642
-197,643
-197,644
-197,645
-197,646
-197,647
-197,648
-197,649
-197,650
-197,651
-197,652
-197,653
-197,654
-197,655
-197,656
-197,657
-197,658
-197,659
-197,660
-197,661
-197,662
-197,663
-197,664
-197,665
-197,666
-197,667
-197,668
-197,669
-197,670
-197,671
-197,672
-197,673
-197,674
-197,675
-197,676
-197,677
-197,678
-197,679
-197,680
-197,681
-197,682
-197,683
-197,684
-197,685
-197,686
-197,687
-197,688
-197,689
-197,690
-197,691
-197,692
-197,693
-197,694
-197,695
-197,696
-197,697
-197,698
-197,699
-197,700
-197,701
-197,702
-197,703
-197,704
-197,705
-197,706
-197,707
-197,708
-197,709
-197,710
-197,711
-197,712
-197,713
-197,714
-197,715
-197,716
-197,717
-197,718
-197,719
-197,720
-197,721
-197,722
-197,723
-197,724
-197,725
-197,726
-197,727
-197,728
-197,729
-197,730
-197,731
-197,732
-197,733
-197,734
-197,735
-197,736
-197,737
-197,738
-197,739
-197,740
-197,741
-197,742
-197,743
-197,744
-197,745
-197,746
-197,747
-197,748
-197,749
-197,750
-197,751
-197,752
-197,753
-197,754
-197,755
-197,756
-197,757
-197,758
-197,759
-197,760
-197,761
-197,762
-197,763
-197,764
-197,765
-197,766
-197,767
-197,768
-197,769
-197,770
-197,771
-197,772
-197,773
-197,774
-197,775
-197,776
-197,777
-197,778
-197,779
-197,780
-197,781
-197,782
-197,783
-197,784
-197,785
-197,786
-197,787
-197,788
-197,789
-197,790
-197,791
-197,792
-197,793
-197,794
-197,795
-197,796
-197,797
-197,798
-197,799
-197,800
-197,801
-197,802
-197,803
-197,804
-197,805
-197,806
-197,807
-197,808
-197,809
-197,810
-197,811
-197,812
-197,813
-197,814
-197,815
-197,816
-197,817
-197,818
-197,819
-197,820
-197,821
-197,822
-197,823
-197,824
-197,825
-197,826
-197,827
-197,828
-197,829
-197,830
-197,831
-197,832
-197,833
-197,834
-197,835
-197,836
-197,837
-197,838
-197,839
-197,840
-197,841
-197,842
-197,843
-197,844
-197,845
-197,846
-197,847
-197,848
-197,849
-197,850
-197,851
-197,852
-197,853
-197,854
-197,855
-197,856
-197,857
-197,858
-197,859
-197,860
-197,861
-197,862
-197,863
-197,864
-197,865
:35_9,866
:35_9,867
:35_9,868
:35_9,869
:35_9,870
:35_9,871
:35_9,872
193,873
193,874
193,875
193,876
193,877
193,878
193,879
193,880
193,881
193,882
193,883
193,884
193,885
193,886
193,887
193,888
193,889
193,890
193,891
193,892
193,893
193,894
193,895
193,896
193,897
193,898
193,899
193,900
193,901
193,902
193,903
193,904
193,905
193,906
193,907
193,908
193,909
193,910
193,911
193,912
193,913
193,914
193,915
193,916
193,917
193,918
193,919
193,920
193,921
193,922
193,923
193,924
193,925
193,926
193,927
193,928
193,929
193,930
193,931
193,932
193,933
193,934
193,935
193,936
193,937
193,938
193,939
193,940
193,941
193,942
193,943
193,944
193,945
193,946
193,947
193,948
193,949
193,950
193,951
193,952
193,953
193,954
193,955
193,956
193,957
193,958
193,959
193,960
193,961
193,962
193,963
193,964
193,965
193,966
193,967
193,968
193,969
193,970
193,971
193,972
193,973
193,974
193,975
193,976
193,977
193,978
193,979
193,980
193,981
193,982
193,983
193,984
193,985
193,986
193,987
193,988
193,989
193,990
193,991
193,992
193,993
193,994
193,995
193,996
193,997
193,998
193,999
193,1000
193,1001
193,1002
193,1003
193,1004
193,1005
193,1006
193,1007
193,1008
193,1009
193,1010
193,1011
193,1012
193,1013
193,1014
193,1015
193,1016
193,1017
193,1018
193,1019
193,1020
193,1021
193,1022
193,1023
193,1024
193,1025
193,1026
193,1027
193,1028
193,1029
193,1030
193,1031
193,1032
193,1033
193,1034
193,1035
193,1036
193,1037
193,1038
193,1039
193,1040
193,1041
193,1042
193,1043
193,1044
193,1045
193,1046
193,1047
193,1048
193,1049
193,1050
193,1051
193,1052
193,1053
193,1054
193,1055
193,1056
193,1057
193,1058
193,1059
193,1060
193,1061
193,1062
193,1063
193,1064
193,1065
193,1066
193,1067
193,1068
193,1069
193,1070
193,1071
193,1072
193,1073
193,1074
193,1075
193,1076
193,1077
193,1078
193,1079
193,1080
:203_3,1081
:203_3,1082
:203_3,1083
:203_3,1084
:203_3,1085
:203_3,1086
194,1087
194,1088
194,1089
194,1090
194,1091
194,1092
194,1093
194,1094
194,1095
194,1096
194,1097
194,1098
194,1099
194,1100
194,1101
194,1102
194,1103
194,1104
194,1105
194,1106
194,1107
194,1108
194,1109
194,1110
194,1111
194,1112
194,1113
194,1114
194,1115
194,1116
194,1117
194,1118
194,1119
194,1120
194,1121
194,1122
194,1123
194,1124
194,1125
194,1126
194,1127
194,1128
194,1129
194,1130
194,1131
194,1132
194,1133
194,1134
194,1135
194,1136
194,1137
194,1138
194,1139
194,1140
194,1141
194,1142
194,1143
194,1144
194,1145
194,1146
194,1147
194,1148
194,1149
194,1150
194,1151
194,1152
194,1153
194,1154
194,1155
194,1156
194,1157
194,1158
194,1159
194,1160
194,1161
194,1162
194,1163
194,1164
194,1165
194,1166
194,1167
194,1168
194,1169
194,1170
194,1171
194,1172
194,1173
194,1174
194,1175
194,1176
194,1177
194,1178
194,1179
194,1180
194,1181
194,1182
194,1183
194,1184
194,1185
194,1186
194,1187
194,1188
194,1189
194,1190
194,1191
194,1192
194,1193
194,1194
194,1195
194,1196
194,1197
194,1198
194,1199
194,1200
194,1201
194,1202
194,1203
194,1204
194,1205
194,1206
194,1207
194,1208
194,1209
194,1210
194,1211
194,1212
194,1213
194,1214
194,1215
194,1216
194,1217
194,1218
194,1219
194,1220
194,1221
194,1222
194,1223
194,1224
194,1225
194,1226
194,1227
194,1228
194,1229
194,1230
194,1231
194,1232
194,1233
194,1234
194,1235
194,1236
194,1237
194,1238
194,1239
194,1240
194,1241
194,1242
194,1243
194,1244
194,1245
194,1246
194,1247
194,1248
194,1249
194,1250
194,1251
194,1252
194,1253
194,1254
194,1255
194,1256
194,1257
194,1258
194,1259
194,1260
194,1261
194,1262
194,1263
194,1264
194,1265
194,1266
194,1267
194,1268
194,1269
194,1270
194,1271
194,1272
194,1273
194,1274
194,1275
194,1276
194,1277
194,1278
194,1279
194,1280
194,1281
194,1282
194,1283
194,1284
194,1285
194,1286
194,1287
194,1288
194,1289
194,1290
194,1291
194,1292
194,1293
194,1294
194,1295
194,1296
194,1297
194,1298
194,1299
194,1300
194,1301
194,1302
194,1303
194,1304
194,1305
194,1306
:204_9,1307
:204_9,1308
:204_9,1309
:204_9,1310
:204_9,1311
:204_9,1312
:204_9,1313
:204_9,1314
195,1315
195,1316
195,1317
195,1318
195,1319
195,1320
195,1321
195,1322
195,1323
195,1324
195,1325
195,1326
195,1327
195,1328
195,1329
195,1330
195,1331
195,1332
195,1333
195,1334
195,1335
195,1336
195,1337
195,1338
195,1339
195,1340
195,1341
195,1342
195,1343
195,1344
195,1345
195,1346
195,1347
195,1348
195,1349
195,1350
195,1351
195,1352
195,1353
195,1354
195,1355
195,1356
195,1357
195,1358
195,1359
195,1360
195,1361
195,1362
195,1363
195,1364
195,1365
195,1366
195,1367
195,1368
195,1369
195,1370
195,1371
195,1372
195,1373
195,1374
195,1375
195,1376
195,1377
195,1378
195,1379
195,1380
195,1381
195,1382
195,1383
195,1384
195,1385
195,1386
195,1387
195,1388
195,1389
195,1390
195,1391
195,1392
195,1393
195,1394
195,1395
195,1396
195,1397
195,1398
195,1399
195,1400
195,1401
195,1402
195,1403
195,1404
195,1405
195,1406
195,1407
195,1408
195,1409
195,1410
195,1411
195,1412
195,1413
195,1414
195,1415
195,1416
195,1417
195,1418
195,1419
195,1420
195,1421
195,1422
195,1423
195,1424
195,1425
195,1426
195,1427
195,1428
195,1429
195,1430
195,1431
195,1432
195,1433
195,1434
195,1435
195,1436
195,1437
195,1438
195,1439
195,1440
195,1441
195,1442
195,1443
195,1444
195,1445
195,1446
195,1447
195,1448
195,1449
195,1450
195,1451
195,1452
195,1453
195,1454
195,1455
195,1456
195,1457
195,1458
195,1459
195,1460
195,1461
195,1462
195,1463
195,1464
195,1465
195,1466
195,1467
195,1468
195,1469
195,1470
195,1471
195,1472
195,1473
195,1474
195,1475
195,1476
195,1477
195,1478
195,1479
195,1480
195,1481
195,1482
195,1483
195,1484
195,1485
195,1486
195,1487
195,1488
195,1489
195,1490
195,1491
195,1492
195,1493
195,1494
195,1495
195,1496
195,1497
195,1498
195,1499
195,1500
195,1501
195,1502
195,1503
195,1504
195,1505
195,1506
195,1507
195,1508
195,1509
195,1510
195,1511
195,1512
195,1513
195,1514
195,1515
195,1516
195,1517
195,1518
195,1519
195,1520
195,1521
195,1522
195,1523
195,1524
195,1525
195,1526
195,1527
195,1528
195,1529
195,1530
195,1531
195,1532
195,1533
195,1534
195,1535
195,1536
195,1537
195,1538
195,1539
195,1540
195,1541
195,1542
195,1543
195,1544
195,1545
195,1546
195,1547
195,1548
195,1549
195,1550
195,1551
195,1552
195,1553
195,1554
195,1555
195,1556
195,1557
195,1558
195,1559
195,1560
195,1561
195,1562
195,1563
195,1564
195,1565
195,1566
195,1567
195,1568
:191_13,1569
:191_13,1570
:191_13,1571
:191_13,1572
:191_13,1573
:191_13,1574
:191_13,1575
:191_13,1576
-178,1577
-178,1578
-178,1579
-178,1580
-178,1581
-178,1582
-178,1583
-178,1584
-178,1585
-178,1586
-178,1587
-178,1588
-178,1589
-178,1590
-178,1591
-178,1592
-178,1593
-178,1594
-178,1595
-178,1596
-178,1597
-178,1598
-178,1599
-178,1600
-178,1601
-178,1602
-178,1603
-178,1604
-178,1605
-178,1606
-178,1607
-178,1608
-178,1609
-178,1610
-178,1611
-178,1612
-178,1613
-178,1614
-178,1615
-178,1616
-178,1617
-178,1618
-178,1619
-178,1620
-178,1621
-178,1622
-178,1623
-178,1624
-178,1625
-178,1626
-178,1627
-178,1628
-178,1629
-178,1630
-178,1631
-178,1632
-178,1633
-178,1634
-178,1635
-178,1636
-178,1637
-178,1638
-178,1639
-178,1640
-178,1641
-178,1642
-178,1643
-178,1644
-178,1645
-178,1646
-178,1647
-178,1648
-178,1649
-178,1650
-178,1651
-178,1652
-178,1653
-178,1654
-178,1655
-178,1656
-178,1657
-178,1658
-178,1659
-178,1660
-178,1661
-178,1662
-178,1663
-178,1664
-178,1665
-178,1666
-178,1667
-178,1668
-178,1669
-178,1670
-178,1671
-178,1672
-178,1673
-178,1674
-178,1675
-178,1676
-178,1677
-178,1678
-178,1679
-178,1680
-178,1681
-178,1682
-178,1683
-178,1684
-178,1685
-178,1686
-178,1687
-178,1688
-178,1689
-178,1690
-178,1691
-178,1692
-178,1693
-178,1694
-178,1695
-178,1696
-178,1697
-178,1698
-178,1699
-178,1700
-178,1701
-178,1702
-178,1703
-178,1704
-178,1705
-178,1706
-178,1707
-178,1708
-178,1709
-178,1710
-178,1711
-178,1712
-178,1713
-178,1714
-178,1715
-178,1716
-178,1717
-178,1718
-178,1719
-178,1720
-178,1721
-178,1722
-178,1723
-178,1724
-178,1725
-178,1726
-178,1727
-178,1728
-178,1729
-178,1730
-178,1731
-178,1732
-178,1733
-178,1734
-178,1735
-178,1736
-178,1737
-178,1738
-178,1739
-178,1740
-178,1741
-178,1742
-178,1743
-178,1744
-178,1745
-178,1746
-178,1747
-178,1748
-178,1749
-178,1750
-178,1751
-178,1752
-178,1753
-178,1754
-178,1755
-178,1756
-178,1757
-178,1758
-178,1759
-178,1760
-178,1761
-178,1762
-178,1763
-178,1764
-178,1765
-178,1766
-178,1767
-178,1768
-178,1769
-178,1770
-178,1771
-178,1772
-178,1773
-178,1774
-178,1775
-178,1776
-178,1777
-178,1778
-178,1779
-178,1780
-178,1781
-178,1782
-178,1783
-178,1784
-178,1785
-178,1786
-178,1787
-178,1788
-178,1789
-178,1790
-178,1791
-178,1792
-178,1793
-178,1794
-178,1795
-178,1796
-178,1797
-178,1798
-178,1799
-178,1800
-178,1801
-178,1802
-178,1803
-178,1804
-178,1805
-178,1806
-178,1807
:190_3,1808
:190_3,1809
:190_3,1810
:190_3,1811
:190_3,1812
:190_3,1813
:190_3,1814
-177,1815
-177,1816
-177,1817
-177,1818
-177,1819
-177,1820
-177,1821
-177,1822
-177,1823
-177,1824
-177,1825
-177,1826
-177,1827
-177,1828
-177,1829
-177,1830
-177,1831
-177,1832
-177,1833
-177,1834
-177,1835
-177,1836
-177,1837
-177,1838
-177,1839
-177,1840
-177,1841
-177,1842
-177,1843
-177,1844
-177,1845
-177,1846
-177,1847
-177,1848
-177,1849
-177,1850
-177,1851
-177,1852
-177,1853
-177,1854
-177,1855
-177,1856
-177,1857
-177,1858
-177,1859
-177,1860
-177,1861
-177,1862
-177,1863
-177,1864
-177,1865
-177,1866
-177,1867
-177,1868
-177,1869
-177,1870
-177,1871
-177,1872
-177,1873
-177,1874
-177,1875
-177,1876
-177,1877
-177,1878
-177,1879
-177,1880
-177,1881
-177,1882
-177,1883
-177,1884
-177,1885
-177,1886
-177,1887
-177,1888
-177,1889
-177,1890
-177,1891
-177,1892
-177,1893
-177,1894
-177,1895
-177,1896
-177,1897
-177,1898
-177,1899
-177,1900
-177,1901
-177,1902
-177,1903
-177,1904
-177,1905
-177,1906
-177,1907
-177,1908
-177,1909
-177,1910
-177,1911
-177,1912
-177,1913
-177,1914
-177,1915
-177,1916
-177,1917
-177,1918
-177,1919
-177,1920
-177,1921
-177,1922
-177,1923
-177,1924
-177,1925
-177,1926
-177,1927
-177,1928
-177,1929
-177,1930
-177,1931
-177,1932
-177,1933
-177,1934
-177,1935
-177,1936
-177,1937
-177,1938
-177,1939
-177,1940
-177,1941
-177,1942
-177,1943
-177,1944
-177,1945
-177,1946
-177,1947
-177,1948
-177,1949
-177,1950
-177,1951
-177,1952
-177,1953
-177,1954
-177,1955
-177,1956
-177,1957
-177,1958
-177,1959
-177,1960
-177,1961
-177,1962
-177,1963
-177,1964
-177,1965
-177,1966
-177,1967
-177,1968
-177,1969
-177,1970
-177,1971
-177,1972
-177,1973
-177,1974
-177,1975
-177,1976
-177,1977
-177,1978
-177,1979
-177,1980
-177,1981
-177,1982
-177,1983
-177,1984
-177,1985
-177,1986
-177,1987
-177,1988
-177,1989
-177,1990
-177,1991
-177,1992
-177,1993
-177,1994
-177,1995
-177,1996
:13_8,1997
:13_8,1998
:13_8,1999
685,2000
