13,21
13,22
13,23
13,24
13,25
13,26
13,27
13,28
13,29
13,30
13,31
13,32
13,33
13,34
13,35
13,36
13,37
13,38
13,39
13,40
13,41
13,42
13,43
13,44
13,45
13,46
13,47
13,48
13,49
13,50
13,51
13,52
13,53
13,54
13,55
13,56
13,57
13,58
13,59
13,60
13,61
13,62
13,63
13,64
13,65
13,66
13,67
13,68
13,69
13,70
13,71
13,72
13,73
13,74
13,75
13,76
13,77
13,78
13,79
13,80
13,81
13,82
13,83
13,84
13,85
13,86
13,87
13,88
13,89
13,90
13,91
13,92
13,93
13,94
13,95
13,96
13,97
13,98
13,99
13,100
13,101
13,102
13,103
13,104
13,105
13,106
13,107
13,108
13,109
13,110
13,111
13,112
13,113
13,114
13,115
13,116
13,117
13,118
13,119
13,120
13,121
13,122
13,123
13,124
13,125
13,126
13,127
13,128
13,129
13,130
13,131
13,132
13,133
13,134
13,135
13,136
13,137
:15_3,138
:15_3,139
:15_3,140
:15_3,141
:15_3,142
:15_3,143
-375,144
-375,145
-375,146
-375,147
-375,148
-375,149
-375,150
-375,151
-375,152
-375,153
-375,154
-375,155
-375,156
-375,157
-375,158
-375,159
-375,160
-375,161
-375,162
-375,163
-375,164
-375,165
-375,166
-375,167
-375,168
-375,169
-375,170
-375,171
-375,172
-375,173
-375,174
-375,175
-375,176
-375,177
-375,178
-375,179
-375,180
-375,181
-375,182
-375,183
-375,184
-375,185
-375,186
-375,187
-375,188
-375,189
-375,190
-375,191
-375,192
-375,193
-375,194
-375,195
-375,196
-375,197
-375,198
-375,199
-375,200
-375,201
-375,202
-375,203
-375,204
-375,205
-375,206
-375,207
-375,208
-375,209
-375,210
-375,211
-375,212
-375,213
-375,214
-375,215
-375,216
-375,217
-375,218
-375,219
-375,220
-375,221
-375,222
-375,223
-375,224
-375,225
-375,226
-375,227
-375,228
-375,229
-375,230
-375,231
-375,232
-375,233
-375,234
-375,235
-375,236
-375,237
-375,238
-375,239
-375,240
-375,241
-375,242
-375,243
-375,244
-375,245
-375,246
-375,247
-375,248
-375,249
-375,250
-375,251
-375,252
-375,253
-375,254
-375,255
-375,256
-375,257
-375,258
-375,259
-375,260
-375,261
-375,262
-375,263
-375,264
-375,265
-375,266
-375,267
-375,268
-375,269
-375,270
:340_1,271
-374,272
-374,273
-374,274
-374,275
-374,276
-374,277
-374,278
-374,279
-374,280
-374,281
-374,282
-374,283
-374,284
-374,285
-374,286
-374,287
-374,288
-374,289
-374,290
-374,291
-374,292
-374,293
-374,294
-374,295
-374,296
-374,297
-374,298
-374,299
-374,300
-374,301
-374,302
-374,303
-374,304
-374,305
-374,306
-374,307
-374,308
-374,309
-374,310
-374,311
-374,312
-374,313
-374,314
-374,315
-374,316
-374,317
-374,318
-374,319
-374,320
-374,321
-374,322
-374,323
-374,324
-374,325
-374,326
-374,327
-374,328
-374,329
-374,330
-374,331
-374,332
-374,333
-374,334
-374,335
-374,336
-374,337
-374,338
-374,339
-374,340
-374,341
-374,342
-374,343
-374,344
-374,345
-374,346
-374,347
-374,348
-374,349
-374,350
-374,351
-374,352
-374,353
-374,354
-374,355
-374,356
-374,357
-374,358
-374,359
-374,360
-374,361
-374,362
-374,363
-374,364
-374,365
-374,366
-374,367
:230_10,368
:230_10,369
:230_10,370
:230_10,371
:230_10,372
:230_10,373
:230_10,374
:230_10,375
:230_10,376
:230_10,377
-358,378
-358,379
-358,380
-358,381
-358,382
-358,383
-358,384
-358,385
-358,386
-358,387
-358,388
-358,389
-358,390
-358,391
-358,392
-358,393
-358,394
-358,395
-358,396
-358,397
-358,398
-358,399
-358,400
-358,401
-358,402
-358,403
-358,404
-358,405
-358,406
-358,407
-358,408
-358,409
-358,410
-358,411
-358,412
-358,413
-358,414
-358,415
-358,416
-358,417
-358,418
-358,419
-358,420
-358,421
-358,422
-358,423
-358,424
-358,425
-358,426
-358,427
-358,428
-358,429
-358,430
-358,431
-358,432
-358,433
-358,434
-358,435
-358,436
-358,437
-358,438
-358,439
-358,440
-358,441
-358,442
-358,443
-358,444
-358,445
-358,446
-358,447
-358,448
-358,449
-358,450
:79_0,451
:79_0,452
:79_0,453
:79_0,454
:79_0,455
:79_0,456
:79_0,457
-357,458
-357,459
-357,460
-357,461
-357,462
-357,463
-357,464
-357,465
-357,466
-357,467
-357,468
-357,469
-357,470
-357,471
-357,472
-357,473
-357,474
-357,475
-357,476
-357,477
-357,478
-357,479
-357,480
-357,481
-357,482
-357,483
-357,484
-357,485
-357,486
-357,487
-357,488
-357,489
-357,490
-357,491
-357,492
-357,493
-357,494
-357,495
-357,496
-357,497
-357,498
-357,499
-357,500
-357,501
-357,502
-357,503
-357,504
-357,505
-357,506
-357,507
-357,508
-357,509
-357,510
-357,511
-357,512
-357,513
-357,514
-357,515
-357,516
-357,517
-357,518
-357,519
-357,520
-357,521
-357,522
-357,523
-357,524
-357,525
-357,526
-357,527
-357,528
-357,529
-357,530
-357,531
-357,532
-357,533
-357,534
-357,535
-357,536
