130,1
130,2
130,3
130,4
130,5
130,6
130,7
130,8
130,9
130,10
130,11
130,12
130,13
130,14
130,15
130,16
130,17
130,18
130,19
130,20
130,21
130,22
130,23
130,24
130,25
130,26
130,27
130,28
130,29
130,30
130,31
130,32
130,33
130,34
130,35
130,36
130,37
130,38
130,39
130,40
130,41
130,42
130,43
130,44
-93,45
-93,46
-93,47
-93,48
-93,49
-93,50
-93,51
-93,52
-93,53
-93,54
-93,55
-93,56
-93,57
-93,58
-93,59
-93,60
-93,61
-93,62
-93,63
-93,64
-93,65
-93,66
-93,67
-93,68
-93,69
-93,70
-93,71
-93,72
-93,73
-93,74
-93,75
-93,76
-93,77
-93,78
-93,79
-93,80
-93,81
-93,82
-93,83
-93,84
-93,85
-93,86
-93,87
-93,88
-93,89
-93,90
-93,91
-93,92
-93,93
-93,94
-93,95
-93,96
-93,97
-93,98
-93,99
-93,100
-93,101
-93,102
-93,103
-93,104
-93,105
-93,106
-93,107
-93,108
-93,109
-93,110
-93,111
-93,112
-93,113
-93,114
-93,115
-93,116
-93,117
-93,118
-93,119
-93,120
-93,121
-93,122
-93,123
-93,124
-93,125
-93,126
-93,127
-93,128
-93,129
-93,130
-93,131
-93,132
-93,133
-93,134
-93,135
-93,136
-93,137
-93,138
-93,139
-93,140
-93,141
-93,142
-93,143
-93,144
-93,145
-93,146
-93,147
-93,148
-93,149
-93,150
-93,151
-93,152
-93,153
-93,154
-93,155
-93,156
-93,157
-93,158
-93,159
-93,160
-93,161
-93,162
-93,163
-93,164
-93,165
-93,166
-93,167
-93,168
-93,169
:105_0,170
:105_0,171
:105_0,172
:105_0,173
:105_0,174
:105_0,175
:105_0,176
:105_0,177
:105_0,178
-89,179
-89,180
-89,181
-89,182
-89,183
-89,184
-89,185
-89,186
-89,187
-89,188
-89,189
-89,190
-89,191
-89,192
-89,193
-89,194
-89,195
-89,196
-89,197
-89,198
-89,199
-89,200
-89,201
-89,202
-89,203
-89,204
-89,205
-89,206
-89,207
-89,208
-89,209
-89,210
-89,211
-89,212
-89,213
-89,214
-89,215
-89,216
-89,217
-89,218
-89,219
-89,220
-89,221
-89,222
-89,223
-89,224
-89,225
-89,226
-89,227
-89,228
-89,229
-89,230
-89,231
-89,232
-89,233
-89,234
-89,235
-89,236
-89,237
-89,238
-89,239
-89,240
-89,241
-89,242
-89,243
-89,244
-89,245
-89,246
-89,247
-89,248
-89,249
-89,250
-89,251
-89,252
-89,253
-89,254
-89,255
-89,256
-89,257
-89,258
-89,259
-89,260
-89,261
-89,262
-89,263
-89,264
-89,265
-89,266
-89,267
-89,268
-89,269
-89,270
-89,271
-89,272
-89,273
-89,274
-89,275
-89,276
-89,277
-89,278
-89,279
-89,280
-89,281
-89,282
-89,283
-89,284
-89,285
:104_4,286
:104_4,287
:104_4,288
:104_4,289
91,290
91,291
91,292
91,293
91,294
91,295
91,296
91,297
91,298
91,299
91,300
91,301
91,302
91,303
91,304
91,305
91,306
91,307
91,308
91,309
91,310
91,311
91,312
91,313
91,314
91,315
91,316
91,317
91,318
91,319
91,320
91,321
91,322
91,323
91,324
91,325
91,326
91,327
91,328
91,329
91,330
91,331
91,332
91,333
91,334
91,335
91,336
91,337
91,338
91,339
91,340
91,341
91,342
91,343
91,344
91,345
91,346
91,347
91,348
91,349
91,350
91,351
91,352
91,353
91,354
91,355
91,356
91,357
91,358
91,359
91,360
91,361
91,362
91,363
91,364
91,365
91,366
91,367
91,368
91,369
91,370
91,371
91,372
91,373
91,374
91,375
91,376
91,377
91,378
91,379
91,380
91,381
91,382
91,383
91,384
91,385
:107_4,386
:107_4,387
:107_4,388
:107_4,389
:107_4,390
:107_4,391
-297,392
-297,393
-297,394
-297,395
-297,396
-297,397
-297,398
-297,399
-297,400
-297,401
-297,402
-297,403
-297,404
-297,405
-297,406
-297,407
-297,408
-297,409
-297,410
-297,411
-297,412
-297,413
-297,414
-297,415
-297,416
-297,417
-297,418
-297,419
-297,420
-297,421
-297,422
-297,423
-297,424
-297,425
-297,426
-297,427
-297,428
-297,429
-297,430
-297,431
-297,432
-297,433
-297,434
-297,435
-297,436
-297,437
-297,438
-297,439
-297,440
-297,441
-297,442
-297,443
-297,444
-297,445
-297,446
-297,447
-297,448
-297,449
-297,450
-297,451
-297,452
-297,453
-297,454
-297,455
-297,456
-297,457
-297,458
-297,459
-297,460
-297,461
-297,462
-297,463
-297,464
-297,465
-297,466
-297,467
-297,468
-297,469
-297,470
-297,471
:172_9,472
:172_9,473
:172_9,474
:172_9,475
:172_9,476
:172_9,477
-156,478
-156,479
-156,480
-156,481
-156,482
-156,483
-156,484
-156,485
-156,486
-156,487
-156,488
-156,489
-156,490
-156,491
-156,492
-156,493
-156,494
-156,495
-156,496
-156,497
-156,498
-156,499
-156,500
-156,501
-156,502
-156,503
-156,504
-156,505
-156,506
-156,507
-156,508
-156,509
-156,510
-156,511
-156,512
-156,513
-156,514
-156,515
-156,516
-156,517
-156,518
-156,519
-156,520
-156,521
-156,522
-156,523
-156,524
-156,525
-156,526
-156,527
-156,528
-156,529
-156,530
-156,531
-156,532
-156,533
-156,534
-156,535
-156,536
-156,537
-156,538
-156,539
-156,540
-156,541
-156,542
-156,543
-156,544
-156,545
-156,546
-156,547
-156,548
-156,549
-156,550
-156,551
-156,552
-156,553
-156,554
-156,555
-156,556
-156,557
-156,558
-156,559
-156,560
-156,561
-156,562
-156,563
-156,564
-156,565
-156,566
-156,567
-156,568
-156,569
-156,570
:171_4,571
:171_4,572
:171_4,573
:171_4,574
:171_4,575
:171_4,576
155,577
155,578
155,579
155,580
155,581
155,582
155,583
155,584
155,585
155,586
155,587
155,588
155,589
155,590
155,591
155,592
155,593
155,594
155,595
155,596
155,597
155,598
155,599
155,600
155,601
155,602
155,603
155,604
155,605
155,606
155,607
155,608
155,609
155,610
155,611
155,612
155,613
155,614
155,615
155,616
155,617
155,618
155,619
155,620
155,621
155,622
155,623
155,624
155,625
155,626
155,627
155,628
155,629
155,630
155,631
155,632
155,633
155,634
155,635
155,636
155,637
155,638
155,639
155,640
155,641
155,642
155,643
155,644
155,645
155,646
155,647
155,648
155,649
155,650
155,651
155,652
155,653
155,654
155,655
155,656
155,657
155,658
155,659
155,660
155,661
155,662
155,663
155,664
155,665
155,666
155,667
155,668
155,669
155,670
155,671
155,672
155,673
155,674
155,675
155,676
155,677
155,678
155,679
155,680
155,681
155,682
155,683
155,684
155,685
155,686
155,687
155,688
155,689
:46_8,690
:46_8,691
:46_8,692
:46_8,693
:46_8,694
:46_8,695
157,696
157,697
157,698
157,699
157,700
157,701
157,702
157,703
157,704
157,705
157,706
157,707
157,708
157,709
157,710
157,711
157,712
157,713
157,714
157,715
157,716
157,717
157,718
157,719
157,720
157,721
157,722
157,723
157,724
157,725
157,726
157,727
157,728
157,729
157,730
157,731
157,732
157,733
157,734
157,735
157,736
157,737
157,738
157,739
157,740
157,741
157,742
157,743
157,744
157,745
157,746
157,747
157,748
157,749
157,750
157,751
157,752
157,753
157,754
157,755
157,756
157,757
157,758
157,759
157,760
157,761
157,762
157,763
157,764
157,765
157,766
157,767
157,768
157,769
157,770
157,771
157,772
157,773
157,774
157,775
157,776
157,777
157,778
157,779
157,780
157,781
157,782
157,783
157,784
157,785
157,786
157,787
157,788
157,789
157,790
157,791
157,792
157,793
157,794
157,795
:173_6,796
:173_6,797
:173_6,798
:173_6,799
655,800
655,801
655,802
655,803
655,804
655,805
655,806
655,807
655,808
655,809
655,810
655,811
655,812
655,813
655,814
655,815
655,816
655,817
655,818
655,819
655,820
655,821
655,822
655,823
655,824
655,825
655,826
655,827
655,828
655,829
655,830
655,831
655,832
655,833
655,834
655,835
655,836
655,837
655,838
655,839
655,840
655,841
655,842
655,843
655,844
655,845
655,846
655,847
655,848
655,849
655,850
655,851
655,852
655,853
655,854
655,855
655,856
655,857
655,858
655,859
655,860
655,861
655,862
655,863
655,864
655,865
655,866
655,867
655,868
655,869
655,870
655,871
655,872
655,873
655,874
655,875
655,876
655,877
655,878
655,879
655,880
655,881
655,882
655,883
655,884
655,885
655,886
655,887
655,888
655,889
655,890
655,891
655,892
655,893
655,894
655,895
655,896
655,897
655,898
655,899
655,900
655,901
655,902
655,903
655,904
655,905
655,906
655,907
655,908
655,909
655,910
655,911
655,912
655,913
655,914
655,915
:255_12,916
:255_12,917
:255_12,918
:255_12,919
498,920
498,921
498,922
498,923
498,924
498,925
498,926
498,927
498,928
498,929
498,930
498,931
498,932
498,933
498,934
498,935
498,936
498,937
498,938
498,939
498,940
498,941
498,942
498,943
498,944
498,945
498,946
498,947
498,948
498,949
498,950
498,951
498,952
498,953
498,954
498,955
498,956
498,957
498,958
498,959
498,960
498,961
498,962
498,963
498,964
498,965
498,966
498,967
498,968
498,969
498,970
498,971
498,972
498,973
498,974
498,975
498,976
498,977
498,978
498,979
498,980
498,981
498,982
498,983
498,984
498,985
498,986
498,987
498,988
498,989
498,990
498,991
498,992
498,993
498,994
498,995
498,996
498,997
498,998
498,999
498,1000
498,1001
498,1002
498,1003
498,1004
498,1005
498,1006
498,1007
498,1008
498,1009
498,1010
498,1011
498,1012
498,1013
498,1014
498,1015
498,1016
498,1017
498,1018
498,1019
498,1020
498,1021
498,1022
498,1023
