127,21
127,22
127,23
127,24
127,25
127,26
127,27
127,28
127,29
127,30
127,31
127,32
127,33
127,34
127,35
127,36
127,37
127,38
127,39
127,40
127,41
127,42
127,43
127,44
127,45
127,46
127,47
127,48
127,49
127,50
127,51
127,52
127,53
127,54
127,55
127,56
127,57
127,58
127,59
127,60
127,61
127,62
127,63
127,64
127,65
127,66
127,67
127,68
127,69
127,70
127,71
127,72
127,73
127,74
127,75
127,76
127,77
127,78
127,79
127,80
127,81
127,82
127,83
127,84
127,85
127,86
127,87
127,88
127,89
127,90
127,91
127,92
127,93
127,94
127,95
127,96
127,97
127,98
127,99
127,100
127,101
127,102
127,103
127,104
127,105
127,106
127,107
127,108
127,109
127,110
127,111
127,112
127,113
127,114
127,115
127,116
127,117
127,118
127,119
127,120
127,121
127,122
127,123
127,124
127,125
127,126
127,127
127,128
127,129
127,130
127,131
127,132
127,133
127,134
127,135
127,136
127,137
127,138
127,139
127,140
127,141
127,142
127,143
127,144
127,145
127,146
127,147
127,148
127,149
127,150
127,151
127,152
127,153
127,154
127,155
127,156
127,157
127,158
:143_1,159
:143_1,160
:143_1,161
:143_1,162
:143_1,163
:143_1,164
-166,165
-166,166
-166,167
-166,168
-166,169
-166,170
-166,171
-166,172
-166,173
-166,174
-166,175
-166,176
-166,177
-166,178
-166,179
-166,180
-166,181
-166,182
-166,183
-166,184
-166,185
-166,186
-166,187
-166,188
-166,189
-166,190
-166,191
-166,192
-166,193
-166,194
-166,195
-166,196
-166,197
-166,198
-166,199
-166,200
-166,201
-166,202
-166,203
-166,204
-166,205
-166,206
-166,207
-166,208
-166,209
-166,210
-166,211
-166,212
-166,213
-166,214
-166,215
-166,216
-166,217
-166,218
-166,219
-166,220
-166,221
-166,222
-166,223
-166,224
-166,225
-166,226
-166,227
-166,228
-166,229
-166,230
-166,231
-166,232
-166,233
-166,234
-166,235
-166,236
-166,237
-166,238
-166,239
-166,240
-166,241
-166,242
-166,243
-166,244
-166,245
-166,246
-166,247
-166,248
-166,249
-166,250
-166,251
-166,252
-166,253
-166,254
-166,255
-166,256
-166,257
-166,258
-166,259
-166,260
-166,261
-166,262
-166,263
-166,264
-166,265
-166,266
-166,267
-166,268
-166,269
-166,270
-166,271
-166,272
-166,273
-166,274
-166,275
-166,276
-166,277
-166,278
-166,279
-166,280
-166,281
-166,282
-166,283
-166,284
-166,285
-166,286
-166,287
-166,288
-166,289
-166,290
-166,291
-166,292
-166,293
-166,294
-166,295
-166,296
-166,297
-166,298
-166,299
-166,300
-166,301
-166,302
-166,303
-166,304
-166,305
-166,306
-166,307
-166,308
-166,309
-166,310
-166,311
-166,312
-166,313
-166,314
-166,315
-166,316
-166,317
-166,318
-166,319
-166,320
-166,321
-166,322
-166,323
-166,324
-166,325
-166,326
-166,327
-166,328
-166,329
-166,330
-166,331
-166,332
-166,333
-166,334
-166,335
-166,336
-166,337
-166,338
-166,339
-166,340
-166,341
-166,342
-166,343
-166,344
-166,345
-166,346
-166,347
:178_0,348
:178_0,349
:178_0,350
164,351
164,352
164,353
164,354
164,355
164,356
164,357
164,358
164,359
164,360
164,361
164,362
164,363
164,364
164,365
164,366
164,367
164,368
164,369
164,370
164,371
164,372
164,373
164,374
164,375
164,376
164,377
164,378
164,379
164,380
164,381
164,382
164,383
164,384
164,385
164,386
164,387
164,388
164,389
164,390
164,391
164,392
164,393
164,394
164,395
164,396
164,397
164,398
164,399
164,400
164,401
164,402
164,403
164,404
164,405
164,406
164,407
164,408
164,409
164,410
164,411
164,412
164,413
164,414
164,415
164,416
164,417
164,418
164,419
164,420
164,421
164,422
164,423
164,424
164,425
164,426
164,427
164,428
164,429
164,430
164,431
164,432
164,433
164,434
164,435
164,436
164,437
164,438
164,439
164,440
164,441
164,442
164,443
164,444
164,445
164,446
164,447
164,448
164,449
164,450
164,451
164,452
164,453
164,454
164,455
164,456
164,457
164,458
164,459
164,460
164,461
164,462
164,463
164,464
164,465
164,466
164,467
164,468
164,469
164,470
164,471
164,472
164,473
164,474
164,475
164,476
164,477
164,478
164,479
164,480
164,481
164,482
164,483
164,484
164,485
164,486
164,487
164,488
164,489
164,490
164,491
164,492
164,493
164,494
164,495
164,496
164,497
164,498
164,499
164,500
164,501
164,502
164,503
164,504
164,505
164,506
164,507
164,508
164,509
164,510
164,511
164,512
164,513
164,514
164,515
164,516
164,517
164,518
164,519
164,520
164,521
164,522
164,523
164,524
164,525
164,526
164,527
164,528
164,529
164,530
164,531
164,532
164,533
164,534
164,535
164,536
164,537
164,538
164,539
164,540
164,541
164,542
164,543
164,544
164,545
164,546
164,547
164,548
164,549
164,550
164,551
164,552
164,553
164,554
164,555
164,556
:179_9,557
:179_9,558
:179_9,559
:179_9,560
:179_9,561
-646,562
-646,563
-646,564
-646,565
-646,566
-646,567
-646,568
-646,569
-646,570
-646,571
-646,572
-646,573
-646,574
-646,575
-646,576
-646,577
-646,578
-646,579
-646,580
-646,581
-646,582
-646,583
-646,584
-646,585
-646,586
-646,587
-646,588
-646,589
-646,590
-646,591
-646,592
-646,593
-646,594
-646,595
-646,596
-646,597
-646,598
-646,599
-646,600
-646,601
-646,602
-646,603
-646,604
-646,605
-646,606
-646,607
-646,608
-646,609
-646,610
-646,611
-646,612
-646,613
-646,614
-646,615
-646,616
-646,617
-646,618
-646,619
-646,620
-646,621
-646,622
-646,623
-646,624
-646,625
-646,626
-646,627
-646,628
-646,629
-646,630
-646,631
-646,632
-646,633
-646,634
-646,635
-646,636
-646,637
-646,638
-646,639
-646,640
-646,641
-646,642
-646,643
-646,644
-646,645
-646,646
-646,647
-646,648
-646,649
-646,650
-646,651
-646,652
-646,653
-646,654
-646,655
-646,656
-646,657
-646,658
-646,659
-646,660
-646,661
-646,662
-646,663
-646,664
-646,665
:211_3,666
:211_3,667
:211_3,668
:211_3,669
:211_3,670
-204,671
-204,672
-204,673
-204,674
-204,675
-204,676
-204,677
-204,678
-204,679
-204,680
-204,681
-204,682
-204,683
-204,684
-204,685
-204,686
-204,687
-204,688
-204,689
-204,690
-204,691
-204,692
-204,693
-204,694
-204,695
-204,696
-204,697
-204,698
-204,699
-204,700
-204,701
-204,702
-204,703
-204,704
-204,705
-204,706
-204,707
-204,708
-204,709
-204,710
-204,711
-204,712
-204,713
-204,714
-204,715
-204,716
-204,717
-204,718
-204,719
-204,720
-204,721
-204,722
-204,723
-204,724
-204,725
-204,726
-204,727
-204,728
-204,729
-204,730
-204,731
-204,732
-204,733
-204,734
-204,735
-204,736
-204,737
-204,738
:136_5,739
:136_5,740
:136_5,741
:136_5,742
:136_5,743
:136_5,744
-119,745
-119,746
-119,747
-119,748
-119,749
-119,750
-119,751
-119,752
-119,753
-119,754
-119,755
-119,756
-119,757
-119,758
-119,759
-119,760
-119,761
-119,762
-119,763
-119,764
-119,765
-119,766
-119,767
-119,768
-119,769
-119,770
-119,771
-119,772
-119,773
-119,774
-119,775
-119,776
-119,777
-119,778
-119,779
-119,780
-119,781
-119,782
-119,783
-119,784
-119,785
-119,786
-119,787
-119,788
-119,789
-119,790
-119,791
-119,792
-119,793
-119,794
-119,795
-119,796
-119,797
-119,798
-119,799
-119,800
-119,801
-119,802
-119,803
-119,804
-119,805
-119,806
-119,807
-119,808
-119,809
-119,810
-119,811
-119,812
-119,813
-119,814
-119,815
-119,816
-119,817
-119,818
-119,819
-119,820
-119,821
-119,822
-119,823
-119,824
-119,825
-119,826
-119,827
-119,828
-119,829
-119,830
-119,831
-119,832
-119,833
-119,834
-119,835
-119,836
-119,837
-119,838
-119,839
-119,840
-119,841
-119,842
-119,843
-119,844
-119,845
-119,846
-119,847
-119,848
-119,849
-119,850
-119,851
-119,852
-119,853
-119,854
-119,855
-119,856
-119,857
-119,858
-119,859
-119,860
-119,861
-119,862
-119,863
-119,864
-119,865
-119,866
-119,867
-119,868
-119,869
-119,870
-119,871
-119,872
-119,873
-119,874
-119,875
-119,876
-119,877
-119,878
-119,879
-119,880
-119,881
-119,882
-119,883
-119,884
-119,885
-119,886
-119,887
-119,888
-119,889
-119,890
-119,891
-119,892
-119,893
-119,894
-119,895
-119,896
-119,897
-119,898
:47_9,899
:47_9,900
:47_9,901
:47_9,902
:47_9,903
:47_9,904
117,905
117,906
117,907
117,908
117,909
117,910
117,911
117,912
117,913
117,914
117,915
117,916
117,917
117,918
117,919
117,920
117,921
117,922
117,923
117,924
117,925
117,926
117,927
117,928
117,929
117,930
117,931
117,932
117,933
117,934
117,935
117,936
117,937
117,938
117,939
117,940
117,941
117,942
117,943
117,944
117,945
117,946
117,947
117,948
117,949
117,950
117,951
117,952
117,953
117,954
117,955
117,956
117,957
117,958
117,959
117,960
117,961
117,962
117,963
117,964
117,965
117,966
117,967
117,968
117,969
117,970
117,971
117,972
117,973
117,974
117,975
117,976
117,977
117,978
117,979
117,980
117,981
117,982
117,983
117,984
117,985
117,986
117,987
117,988
117,989
117,990
117,991
117,992
117,993
117,994
117,995
117,996
117,997
117,998
117,999
117,1000
117,1001
117,1002
117,1003
117,1004
117,1005
117,1006
117,1007
117,1008
117,1009
117,1010
117,1011
117,1012
117,1013
117,1014
117,1015
117,1016
117,1017
117,1018
:134_7,1019
:134_7,1020
:134_7,1021
:134_7,1022
:134_7,1023
-322,1024
-322,1025
-322,1026
-322,1027
-322,1028
-322,1029
-322,1030
-322,1031
-322,1032
-322,1033
-322,1034
-322,1035
-322,1036
-322,1037
-322,1038
-322,1039
-322,1040
-322,1041
-322,1042
-322,1043
-322,1044
-322,1045
-322,1046
-322,1047
-322,1048
-322,1049
-322,1050
-322,1051
-322,1052
-322,1053
-322,1054
-322,1055
-322,1056
-322,1057
-322,1058
-322,1059
-322,1060
-322,1061
-322,1062
-322,1063
-322,1064
-322,1065
-322,1066
-322,1067
-322,1068
-322,1069
-322,1070
-322,1071
-322,1072
-322,1073
-322,1074
-322,1075
-322,1076
-322,1077
-322,1078
-322,1079
-322,1080
-322,1081
-322,1082
-322,1083
-322,1084
-322,1085
-322,1086
-322,1087
-322,1088
-322,1089
-322,1090
-322,1091
-322,1092
-322,1093
-322,1094
-322,1095
-322,1096
-322,1097
-322,1098
-322,1099
-322,1100
-322,1101
-322,1102
-322,1103
-322,1104
-322,1105
-322,1106
-322,1107
-322,1108
-322,1109
-322,1110
-322,1111
-322,1112
-322,1113
-322,1114
-322,1115
-322,1116
-322,1117
-322,1118
-322,1119
-322,1120
-322,1121
-322,1122
-322,1123
-322,1124
-322,1125
-322,1126
-322,1127
-322,1128
-322,1129
-322,1130
-322,1131
-322,1132
-322,1133
-322,1134
-322,1135
-322,1136
-322,1137
-322,1138
-322,1139
-322,1140
-322,1141
-322,1142
-322,1143
-322,1144
:50_5,1145
:50_5,1146
:50_5,1147
:50_5,1148
:50_5,1149
:50_5,1150
:50_5,1151
-430,1152
-430,1153
-430,1154
-430,1155
-430,1156
-430,1157
-430,1158
-430,1159
-430,1160
-430,1161
-430,1162
-430,1163
-430,1164
-430,1165
-430,1166
-430,1167
-430,1168
-430,1169
-430,1170
-430,1171
-430,1172
-430,1173
-430,1174
-430,1175
-430,1176
-430,1177
-430,1178
-430,1179
-430,1180
-430,1181
-430,1182
-430,1183
-430,1184
-430,1185
-430,1186
-430,1187
-430,1188
-430,1189
-430,1190
-430,1191
-430,1192
-430,1193
-430,1194
-430,1195
-430,1196
-430,1197
-430,1198
-430,1199
-430,1200
-430,1201
-430,1202
-430,1203
-430,1204
-430,1205
-430,1206
-430,1207
-430,1208
-430,1209
-430,1210
-430,1211
-430,1212
-430,1213
-430,1214
-430,1215
-430,1216
-430,1217
-430,1218
-430,1219
-430,1220
-430,1221
-430,1222
-430,1223
-430,1224
-430,1225
-430,1226
-430,1227
-430,1228
-430,1229
-430,1230
-430,1231
-430,1232
-430,1233
-430,1234
-430,1235
-430,1236
-430,1237
-430,1238
-430,1239
-430,1240
-430,1241
-430,1242
-430,1243
-430,1244
-430,1245
-430,1246
-430,1247
-430,1248
-430,1249
-430,1250
-430,1251
-430,1252
-430,1253
-430,1254
-430,1255
-430,1256
-430,1257
-430,1258
-430,1259
-430,1260
-430,1261
-430,1262
-430,1263
-430,1264
-430,1265
-430,1266
-430,1267
-430,1268
-430,1269
-430,1270
-430,1271
-430,1272
-430,1273
-430,1274
-430,1275
-430,1276
-430,1277
-430,1278
-430,1279
-430,1280
-430,1281
-430,1282
-430,1283
-430,1284
-430,1285
-430,1286
-430,1287
-430,1288
-430,1289
-430,1290
-430,1291
-430,1292
-430,1293
-430,1294
-430,1295
-430,1296
-430,1297
-430,1298
-430,1299
-430,1300
-430,1301
-430,1302
-430,1303
-430,1304
-430,1305
-430,1306
-430,1307
-430,1308
-430,1309
-430,1310
-430,1311
-430,1312
-430,1313
-430,1314
-430,1315
-430,1316
-430,1317
-430,1318
-430,1319
-430,1320
-430,1321
-430,1322
-430,1323
-430,1324
-430,1325
-430,1326
-430,1327
-430,1328
-430,1329
-430,1330
-430,1331
-430,1332
-430,1333
-430,1334
-430,1335
-430,1336
-430,1337
-430,1338
:375_3,1339
:375_3,1340
:375_3,1341
:375_3,1342
:375_3,1343
-679,1344
-679,1345
-679,1346
-679,1347
-679,1348
-679,1349
-679,1350
-679,1351
-679,1352
-679,1353
-679,1354
-679,1355
-679,1356
-679,1357
-679,1358
-679,1359
-679,1360
-679,1361
-679,1362
-679,1363
-679,1364
-679,1365
-679,1366
-679,1367
-679,1368
-679,1369
-679,1370
-679,1371
-679,1372
-679,1373
-679,1374
-679,1375
-679,1376
-679,1377
-679,1378
-679,1379
-679,1380
-679,1381
-679,1382
-679,1383
-679,1384
-679,1385
-679,1386
-679,1387
-679,1388
-679,1389
-679,1390
-679,1391
-679,1392
-679,1393
-679,1394
-679,1395
-679,1396
-679,1397
-679,1398
-679,1399
-679,1400
-679,1401
-679,1402
-679,1403
-679,1404
-679,1405
-679,1406
-679,1407
-679,1408
:396_7,1409
:396_7,1410
:396_7,1411
:396_7,1412
:396_7,1413
-464,1414
-464,1415
-464,1416
-464,1417
-464,1418
-464,1419
-464,1420
-464,1421
-464,1422
-464,1423
-464,1424
-464,1425
-464,1426
-464,1427
-464,1428
-464,1429
-464,1430
-464,1431
-464,1432
-464,1433
-464,1434
-464,1435
-464,1436
-464,1437
-464,1438
-464,1439
-464,1440
-464,1441
-464,1442
-464,1443
-464,1444
-464,1445
-464,1446
-464,1447
-464,1448
-464,1449
-464,1450
-464,1451
-464,1452
-464,1453
-464,1454
-464,1455
-464,1456
-464,1457
-464,1458
-464,1459
-464,1460
-464,1461
-464,1462
-464,1463
-464,1464
-464,1465
-464,1466
-464,1467
-464,1468
-464,1469
-464,1470
-464,1471
-464,1472
-464,1473
-464,1474
-464,1475
-464,1476
-464,1477
-464,1478
-464,1479
-464,1480
-464,1481
-464,1482
-464,1483
-464,1484
-464,1485
-464,1486
-464,1487
-464,1488
-464,1489
-464,1490
-464,1491
-464,1492
-464,1493
-464,1494
-464,1495
-464,1496
-464,1497
-464,1498
-464,1499
-464,1500
-464,1501
-464,1502
-464,1503
-464,1504
-464,1505
-464,1506
-175,1507
-175,1508
-175,1509
-175,1510
-175,1511
-175,1512
-175,1513
-175,1514
-175,1515
-175,1516
-175,1517
-175,1518
-175,1519
-175,1520
-175,1521
-175,1522
-175,1523
-175,1524
-175,1525
-175,1526
-175,1527
-175,1528
-175,1529
-175,1530
-175,1531
-175,1532
-175,1533
-175,1534
-175,1535
-175,1536
-175,1537
-175,1538
-175,1539
-175,1540
-175,1541
-175,1542
-175,1543
-175,1544
-175,1545
-175,1546
-175,1547
-175,1548
-175,1549
-175,1550
-175,1551
-175,1552
-175,1553
-175,1554
-175,1555
-175,1556
-175,1557
-175,1558
-175,1559
-175,1560
-175,1561
-175,1562
-175,1563
-175,1564
-175,1565
-175,1566
-175,1567
-175,1568
-175,1569
-175,1570
-175,1571
-175,1572
:13_4,1573
:13_4,1574
:13_4,1575
:13_4,1576
:13_4,1577
176,1578
176,1579
176,1580
176,1581
176,1582
176,1583
176,1584
176,1585
176,1586
176,1587
176,1588
176,1589
176,1590
176,1591
176,1592
176,1593
176,1594
176,1595
176,1596
176,1597
176,1598
176,1599
176,1600
176,1601
176,1602
176,1603
176,1604
176,1605
176,1606
176,1607
176,1608
176,1609
176,1610
176,1611
176,1612
176,1613
176,1614
176,1615
176,1616
176,1617
176,1618
176,1619
176,1620
176,1621
176,1622
176,1623
176,1624
176,1625
176,1626
176,1627
176,1628
176,1629
176,1630
176,1631
176,1632
176,1633
176,1634
176,1635
176,1636
176,1637
176,1638
176,1639
176,1640
176,1641
176,1642
176,1643
176,1644
176,1645
176,1646
176,1647
176,1648
176,1649
176,1650
176,1651
176,1652
176,1653
176,1654
176,1655
176,1656
176,1657
176,1658
176,1659
176,1660
176,1661
176,1662
176,1663
176,1664
176,1665
176,1666
176,1667
176,1668
176,1669
176,1670
176,1671
176,1672
176,1673
176,1674
176,1675
176,1676
176,1677
176,1678
176,1679
176,1680
176,1681
176,1682
176,1683
176,1684
176,1685
176,1686
176,1687
176,1688
176,1689
176,1690
176,1691
176,1692
176,1693
176,1694
176,1695
176,1696
176,1697
176,1698
176,1699
176,1700
176,1701
176,1702
176,1703
176,1704
176,1705
176,1706
176,1707
176,1708
176,1709
176,1710
176,1711
176,1712
176,1713
176,1714
176,1715
176,1716
176,1717
176,1718
176,1719
176,1720
176,1721
:189_9,1722
:189_9,1723
:189_9,1724
:189_9,1725
:189_9,1726
:189_9,1727
:189_9,1728
212,1729
212,1730
212,1731
212,1732
212,1733
212,1734
212,1735
212,1736
212,1737
212,1738
212,1739
212,1740
212,1741
212,1742
212,1743
212,1744
212,1745
212,1746
212,1747
212,1748
212,1749
212,1750
212,1751
212,1752
212,1753
212,1754
212,1755
212,1756
212,1757
212,1758
212,1759
212,1760
212,1761
212,1762
212,1763
212,1764
212,1765
212,1766
212,1767
212,1768
212,1769
212,1770
212,1771
212,1772
212,1773
212,1774
212,1775
212,1776
212,1777
212,1778
212,1779
212,1780
212,1781
212,1782
212,1783
212,1784
212,1785
212,1786
212,1787
212,1788
212,1789
212,1790
