584,1
584,2
584,3
584,4
584,5
584,6
584,7
584,8
584,9
584,10
584,11
584,12
584,13
584,14
584,15
584,16
584,17
584,18
584,19
584,20
584,21
584,22
584,23
584,24
584,25
584,26
584,27
584,28
584,29
584,30
584,31
584,32
584,33
584,34
584,35
584,36
584,37
584,38
584,39
584,40
584,41
584,42
584,43
:456_1,44
:456_1,45
:456_1,46
:456_1,47
:456_1,48
:456_1,49
585,50
585,51
585,52
585,53
585,54
585,55
585,56
585,57
585,58
585,59
585,60
585,61
585,62
585,63
585,64
585,65
585,66
585,67
585,68
585,69
585,70
585,71
585,72
585,73
585,74
585,75
585,76
585,77
585,78
585,79
585,80
585,81
585,82
585,83
585,84
585,85
585,86
585,87
585,88
585,89
585,90
585,91
585,92
585,93
585,94
585,95
585,96
585,97
585,98
585,99
585,100
585,101
585,102
585,103
585,104
:219_1,105
:219_1,106
:219_1,107
:219_1,108
:219_1,109
214,110
214,111
214,112
214,113
214,114
214,115
214,116
214,117
214,118
214,119
214,120
214,121
214,122
214,123
214,124
214,125
214,126
214,127
214,128
214,129
214,130
214,131
214,132
214,133
214,134
214,135
214,136
214,137
214,138
214,139
214,140
214,141
214,142
214,143
214,144
214,145
214,146
214,147
214,148
214,149
214,150
214,151
214,152
214,153
214,154
214,155
214,156
214,157
214,158
214,159
214,160
214,161
214,162
214,163
214,164
214,165
214,166
214,167
214,168
214,169
214,170
214,171
214,172
214,173
214,174
214,175
214,176
214,177
214,178
214,179
214,180
214,181
214,182
214,183
214,184
214,185
214,186
214,187
214,188
214,189
214,190
214,191
214,192
214,193
214,194
214,195
214,196
214,197
214,198
214,199
214,200
214,201
214,202
214,203
214,204
214,205
214,206
214,207
214,208
214,209
214,210
214,211
214,212
214,213
214,214
214,215
214,216
214,217
214,218
214,219
214,220
214,221
214,222
214,223
214,224
214,225
214,226
214,227
214,228
214,229
214,230
214,231
:7_12,232
:7_12,233
:7_12,234
:7_12,235
425,236
425,237
425,238
425,239
425,240
425,241
425,242
425,243
425,244
425,245
425,246
425,247
425,248
425,249
425,250
425,251
425,252
425,253
425,254
425,255
425,256
425,257
425,258
425,259
425,260
425,261
425,262
425,263
425,264
425,265
425,266
425,267
425,268
425,269
425,270
425,271
425,272
425,273
425,274
425,275
425,276
425,277
425,278
425,279
425,280
425,281
425,282
425,283
425,284
425,285
425,286
425,287
425,288
425,289
425,290
425,291
425,292
425,293
425,294
425,295
425,296
425,297
425,298
425,299
425,300
425,301
425,302
425,303
425,304
425,305
425,306
425,307
425,308
425,309
425,310
425,311
425,312
425,313
425,314
425,315
425,316
425,317
425,318
425,319
425,320
425,321
425,322
425,323
425,324
425,325
425,326
425,327
425,328
425,329
425,330
425,331
425,332
425,333
425,334
425,335
425,336
425,337
425,338
425,339
425,340
425,341
425,342
425,343
425,344
425,345
425,346
425,347
425,348
425,349
425,350
425,351
:373_0,352
:373_0,353
:373_0,354
-685,355
-685,356
-685,357
-685,358
-685,359
-685,360
-685,361
-685,362
-685,363
-685,364
-685,365
-685,366
-685,367
-685,368
-685,369
-685,370
-685,371
-685,372
-685,373
-685,374
-685,375
-685,376
-685,377
-685,378
:13_1,379
:13_1,380
:13_1,381
:13_1,382
177,383
177,384
177,385
177,386
177,387
177,388
177,389
177,390
177,391
177,392
177,393
177,394
177,395
177,396
177,397
177,398
177,399
177,400
177,401
177,402
177,403
177,404
177,405
177,406
177,407
177,408
177,409
177,410
177,411
177,412
177,413
177,414
177,415
177,416
177,417
177,418
177,419
177,420
177,421
177,422
177,423
177,424
177,425
177,426
177,427
177,428
177,429
177,430
177,431
177,432
177,433
177,434
177,435
177,436
177,437
177,438
177,439
177,440
177,441
177,442
177,443
177,444
177,445
177,446
177,447
177,448
177,449
177,450
177,451
177,452
177,453
177,454
177,455
177,456
177,457
177,458
177,459
177,460
177,461
177,462
177,463
177,464
177,465
177,466
177,467
177,468
177,469
177,470
177,471
177,472
177,473
177,474
177,475
177,476
177,477
177,478
177,479
177,480
177,481
177,482
177,483
177,484
177,485
177,486
177,487
177,488
177,489
177,490
177,491
177,492
177,493
177,494
177,495
177,496
177,497
177,498
177,499
177,500
177,501
177,502
177,503
177,504
177,505
177,506
177,507
177,508
177,509
177,510
177,511
177,512
177,513
177,514
177,515
177,516
177,517
177,518
177,519
177,520
177,521
177,522
177,523
177,524
:190_1,525
:190_1,526
:190_1,527
:190_1,528
:190_1,529
:190_1,530
178,531
178,532
178,533
178,534
178,535
178,536
178,537
178,538
178,539
178,540
178,541
178,542
178,543
178,544
178,545
178,546
178,547
178,548
178,549
178,550
178,551
178,552
178,553
178,554
178,555
178,556
178,557
178,558
178,559
178,560
178,561
178,562
178,563
178,564
178,565
178,566
178,567
178,568
178,569
178,570
178,571
178,572
178,573
178,574
178,575
178,576
178,577
178,578
178,579
178,580
178,581
178,582
178,583
178,584
178,585
178,586
178,587
178,588
178,589
178,590
178,591
178,592
178,593
178,594
178,595
178,596
178,597
178,598
178,599
178,600
178,601
178,602
178,603
178,604
178,605
178,606
178,607
178,608
178,609
178,610
178,611
178,612
178,613
178,614
178,615
178,616
178,617
178,618
178,619
178,620
178,621
178,622
178,623
178,624
178,625
178,626
178,627
178,628
178,629
178,630
178,631
178,632
178,633
178,634
178,635
178,636
178,637
178,638
178,639
178,640
178,641
178,642
178,643
178,644
178,645
178,646
178,647
178,648
178,649
178,650
178,651
178,652
178,653
178,654
178,655
178,656
178,657
178,658
178,659
178,660
178,661
178,662
178,663
178,664
178,665
178,666
178,667
178,668
178,669
178,670
178,671
178,672
178,673
178,674
178,675
178,676
178,677
178,678
178,679
178,680
178,681
178,682
178,683
178,684
178,685
178,686
178,687
178,688
178,689
178,690
178,691
178,692
178,693
178,694
178,695
178,696
178,697
178,698
178,699
178,700
178,701
178,702
178,703
178,704
178,705
178,706
178,707
178,708
:191_5,709
:191_5,710
:191_5,711
:191_5,712
:191_5,713
:191_5,714
-195,715
-195,716
-195,717
-195,718
-195,719
-195,720
-195,721
-195,722
-195,723
-195,724
-195,725
-195,726
-195,727
-195,728
-195,729
-195,730
-195,731
-195,732
-195,733
-195,734
-195,735
-195,736
-195,737
-195,738
-195,739
-195,740
-195,741
-195,742
-195,743
-195,744
-195,745
-195,746
-195,747
-195,748
-195,749
-195,750
-195,751
-195,752
-195,753
-195,754
-195,755
-195,756
-195,757
-195,758
-195,759
-195,760
-195,761
-195,762
-195,763
-195,764
-195,765
-195,766
-195,767
-195,768
-195,769
-195,770
-195,771
-195,772
-195,773
-195,774
-195,775
-195,776
-195,777
-195,778
-195,779
-195,780
-195,781
-195,782
-195,783
-195,784
-195,785
-195,786
-195,787
-195,788
-195,789
-195,790
-195,791
-195,792
-195,793
-195,794
-195,795
-195,796
-195,797
-195,798
-195,799
-195,800
-195,801
-195,802
-195,803
-195,804
-195,805
-195,806
-195,807
-195,808
-195,809
-195,810
-195,811
-195,812
-195,813
-195,814
-195,815
-195,816
-195,817
-195,818
-195,819
-195,820
-195,821
-195,822
-195,823
-195,824
-195,825
-195,826
-195,827
-195,828
-195,829
-195,830
-195,831
-195,832
-195,833
-195,834
-195,835
-195,836
-195,837
-195,838
-195,839
-195,840
-195,841
-195,842
-195,843
-195,844
-195,845
-195,846
-195,847
-195,848
-195,849
-195,850
-195,851
-195,852
-195,853
-195,854
-195,855
-195,856
-195,857
-195,858
-195,859
-195,860
-195,861
-195,862
-195,863
-195,864
-195,865
-195,866
-195,867
-195,868
-195,869
-195,870
-195,871
-195,872
-195,873
-195,874
-195,875
-195,876
-195,877
-195,878
-195,879
-195,880
-195,881
-195,882
-195,883
-195,884
-195,885
-195,886
-195,887
-195,888
-195,889
-195,890
-195,891
-195,892
-195,893
-195,894
-195,895
-195,896
-195,897
-195,898
-195,899
-195,900
-195,901
-195,902
-195,903
-195,904
-195,905
-195,906
-195,907
-195,908
-195,909
-195,910
-195,911
-195,912
:204_1,913
:204_1,914
:204_1,915
:204_1,916
:204_1,917
:204_1,918
-194,919
-194,920
-194,921
-194,922
-194,923
-194,924
-194,925
-194,926
-194,927
-194,928
-194,929
-194,930
-194,931
-194,932
-194,933
-194,934
-194,935
-194,936
-194,937
-194,938
-194,939
-194,940
-194,941
-194,942
-194,943
-194,944
-194,945
-194,946
-194,947
-194,948
-194,949
-194,950
-194,951
-194,952
-194,953
-194,954
-194,955
-194,956
-194,957
-194,958
-194,959
-194,960
-194,961
-194,962
-194,963
-194,964
-194,965
-194,966
-194,967
-194,968
-194,969
-194,970
-194,971
-194,972
-194,973
-194,974
-194,975
-194,976
-194,977
-194,978
-194,979
-194,980
-194,981
-194,982
-194,983
-194,984
-194,985
-194,986
-194,987
-194,988
-194,989
-194,990
-194,991
-194,992
-194,993
-194,994
-194,995
-194,996
-194,997
-194,998
-194,999
-194,1000
-194,1001
-194,1002
-194,1003
-194,1004
-194,1005
-194,1006
-194,1007
-194,1008
-194,1009
-194,1010
-194,1011
-194,1012
-194,1013
-194,1014
-194,1015
-194,1016
-194,1017
-194,1018
-194,1019
-194,1020
-194,1021
-194,1022
-194,1023
-194,1024
-194,1025
-194,1026
-194,1027
-194,1028
-194,1029
-194,1030
-194,1031
-194,1032
-194,1033
-194,1034
-194,1035
-194,1036
-194,1037
-194,1038
-194,1039
-194,1040
-194,1041
-194,1042
-194,1043
-194,1044
-194,1045
-194,1046
-194,1047
-194,1048
-194,1049
-194,1050
-194,1051
-194,1052
-194,1053
-194,1054
-194,1055
-194,1056
-194,1057
-194,1058
-194,1059
-194,1060
-194,1061
-194,1062
-194,1063
-194,1064
-194,1065
-194,1066
-194,1067
-194,1068
-194,1069
-194,1070
-194,1071
-194,1072
-194,1073
-194,1074
-194,1075
-194,1076
-194,1077
-194,1078
-194,1079
-194,1080
-194,1081
-194,1082
-194,1083
-194,1084
-194,1085
-194,1086
-194,1087
-194,1088
-194,1089
:203_1,1090
:203_1,1091
:203_1,1092
:203_1,1093
:203_1,1094
-193,1095
-193,1096
-193,1097
-193,1098
-193,1099
-193,1100
-193,1101
-193,1102
-193,1103
-193,1104
-193,1105
-193,1106
-193,1107
-193,1108
-193,1109
-193,1110
-193,1111
-193,1112
-193,1113
-193,1114
-193,1115
-193,1116
-193,1117
-193,1118
-193,1119
-193,1120
-193,1121
-193,1122
-193,1123
-193,1124
-193,1125
-193,1126
-193,1127
-193,1128
-193,1129
-193,1130
-193,1131
-193,1132
-193,1133
-193,1134
-193,1135
-193,1136
-193,1137
-193,1138
-193,1139
-193,1140
-193,1141
-193,1142
-193,1143
-193,1144
-193,1145
-193,1146
-193,1147
-193,1148
-193,1149
-193,1150
-193,1151
-193,1152
-193,1153
-193,1154
-193,1155
-193,1156
-193,1157
-193,1158
-193,1159
-193,1160
-193,1161
-193,1162
-193,1163
-193,1164
-193,1165
-193,1166
-193,1167
-193,1168
-193,1169
-193,1170
-193,1171
-193,1172
-193,1173
-193,1174
-193,1175
-193,1176
-193,1177
-193,1178
-193,1179
-193,1180
-193,1181
-193,1182
-193,1183
-193,1184
-193,1185
-193,1186
-193,1187
-193,1188
-193,1189
-193,1190
-193,1191
-193,1192
-193,1193
-193,1194
-193,1195
-193,1196
-193,1197
-193,1198
-193,1199
-193,1200
-193,1201
-193,1202
-193,1203
-193,1204
-193,1205
-193,1206
-193,1207
-193,1208
-193,1209
-193,1210
-193,1211
-193,1212
-193,1213
-193,1214
-193,1215
-193,1216
-193,1217
-193,1218
-193,1219
-193,1220
-193,1221
-193,1222
-193,1223
-193,1224
-193,1225
-193,1226
-193,1227
-193,1228
-193,1229
-193,1230
-193,1231
-193,1232
-193,1233
-193,1234
-193,1235
-193,1236
-193,1237
-193,1238
-193,1239
-193,1240
-193,1241
-193,1242
-193,1243
-193,1244
-193,1245
-193,1246
-193,1247
-193,1248
-193,1249
-193,1250
-193,1251
-193,1252
-193,1253
-193,1254
-193,1255
:35_0,1256
:35_0,1257
:35_0,1258
:35_0,1259
-29,1260
-29,1261
-29,1262
-29,1263
-29,1264
-29,1265
-29,1266
-29,1267
-29,1268
-29,1269
-29,1270
-29,1271
-29,1272
-29,1273
-29,1274
-29,1275
-29,1276
-29,1277
-29,1278
-29,1279
-29,1280
-29,1281
-29,1282
-29,1283
-29,1284
-29,1285
-29,1286
-29,1287
-29,1288
-29,1289
-29,1290
-29,1291
-29,1292
-29,1293
-29,1294
-29,1295
-29,1296
-29,1297
-29,1298
-29,1299
-29,1300
-29,1301
-29,1302
-29,1303
-29,1304
-29,1305
-29,1306
-29,1307
-29,1308
-29,1309
-29,1310
-29,1311
-29,1312
-29,1313
-29,1314
-29,1315
-29,1316
-29,1317
-29,1318
-29,1319
-29,1320
-29,1321
-29,1322
-29,1323
-29,1324
-29,1325
-29,1326
-29,1327
-29,1328
-29,1329
-29,1330
-29,1331
-29,1332
-29,1333
-29,1334
-29,1335
-29,1336
-29,1337
-29,1338
-29,1339
-29,1340
-29,1341
-29,1342
-29,1343
-29,1344
-29,1345
-29,1346
-29,1347
-29,1348
-29,1349
-29,1350
-29,1351
-29,1352
-29,1353
-29,1354
-29,1355
-29,1356
-29,1357
-29,1358
-29,1359
-29,1360
-29,1361
-29,1362
:34_4,1363
:34_4,1364
:34_4,1365
:34_4,1366
:34_4,1367
31,1368
31,1369
31,1370
31,1371
31,1372
31,1373
31,1374
31,1375
31,1376
31,1377
31,1378
31,1379
31,1380
31,1381
31,1382
31,1383
31,1384
31,1385
31,1386
31,1387
31,1388
31,1389
31,1390
31,1391
31,1392
31,1393
31,1394
31,1395
31,1396
31,1397
31,1398
31,1399
31,1400
31,1401
31,1402
31,1403
31,1404
31,1405
31,1406
31,1407
31,1408
31,1409
31,1410
31,1411
31,1412
31,1413
31,1414
31,1415
31,1416
31,1417
31,1418
31,1419
31,1420
31,1421
31,1422
31,1423
31,1424
31,1425
31,1426
31,1427
31,1428
31,1429
31,1430
31,1431
31,1432
31,1433
31,1434
31,1435
31,1436
31,1437
31,1438
31,1439
31,1440
31,1441
31,1442
31,1443
31,1444
31,1445
31,1446
31,1447
31,1448
31,1449
:37_0,1450
-319,1451
-319,1452
-319,1453
-319,1454
-319,1455
-319,1456
-319,1457
-319,1458
-319,1459
-319,1460
-319,1461
-319,1462
-319,1463
-319,1464
-319,1465
-319,1466
-319,1467
-319,1468
-319,1469
-319,1470
-319,1471
-319,1472
-319,1473
-319,1474
-319,1475
-319,1476
-319,1477
-319,1478
-319,1479
-319,1480
-319,1481
-319,1482
-319,1483
-319,1484
-319,1485
-319,1486
-319,1487
-319,1488
-319,1489
-319,1490
-319,1491
-319,1492
-319,1493
-319,1494
-319,1495
-319,1496
-319,1497
-319,1498
-319,1499
-319,1500
-319,1501
-319,1502
-319,1503
-319,1504
-319,1505
-319,1506
-319,1507
-319,1508
-319,1509
-319,1510
-319,1511
-319,1512
-319,1513
-319,1514
-319,1515
-319,1516
-319,1517
-319,1518
-319,1519
-319,1520
-319,1521
-319,1522
-319,1523
-319,1524
-319,1525
-319,1526
-319,1527
-319,1528
-319,1529
-319,1530
-319,1531
-319,1532
-319,1533
-319,1534
-319,1535
-319,1536
-319,1537
-319,1538
-319,1539
-319,1540
-319,1541
-319,1542
-319,1543
-319,1544
-319,1545
-319,1546
-319,1547
-319,1548
-319,1549
-319,1550
