-199,1
-199,2
-199,3
-199,4
-199,5
-199,6
-199,7
-199,8
-199,9
-199,10
-199,11
-199,12
-199,13
-199,14
-199,15
-199,16
-199,17
-199,18
-199,19
-199,20
-199,21
-199,22
-199,23
-199,24
-199,25
-199,26
-199,27
-199,28
-199,29
-199,30
-199,31
-199,32
-199,33
-199,34
-199,35
-199,36
-199,37
-199,38
-199,39
-199,40
-199,41
-199,42
-199,43
-199,44
-199,45
-199,46
-199,47
-199,48
-199,49
-199,50
-199,51
-199,52
-199,53
-199,54
-199,55
-199,56
-199,57
-199,58
-199,59
-199,60
-199,61
-199,62
-199,63
-199,64
-199,65
-199,66
-199,67
:206_3,68
:206_3,69
:206_3,70
:206_3,71
:206_3,72
-198,73
-198,74
-198,75
-198,76
-198,77
-198,78
-198,79
-198,80
-198,81
-198,82
-198,83
-198,84
-198,85
-198,86
-198,87
-198,88
-198,89
-198,90
-198,91
-198,92
-198,93
-198,94
-198,95
-198,96
-198,97
-198,98
-198,99
-198,100
-198,101
-198,102
-198,103
-198,104
-198,105
-198,106
-198,107
-198,108
-198,109
-198,110
-198,111
-198,112
-198,113
-198,114
-198,115
-198,116
-198,117
-198,118
-198,119
-198,120
-198,121
-198,122
-198,123
-198,124
-198,125
-198,126
-198,127
-198,128
-198,129
-198,130
-198,131
-198,132
-198,133
-198,134
-198,135
-198,136
-198,137
-198,138
-198,139
-198,140
-198,141
-198,142
-198,143
-198,144
-198,145
-198,146
-198,147
-198,148
-198,149
-198,150
-198,151
-198,152
-198,153
-198,154
-198,155
-198,156
-198,157
-198,158
-198,159
-198,160
-198,161
-198,162
-198,163
-198,164
-198,165
-198,166
-198,167
-198,168
-198,169
-198,170
-198,171
-198,172
-198,173
-198,174
-198,175
-198,176
-198,177
-198,178
-198,179
-198,180
-198,181
-198,182
-198,183
-198,184
-198,185
-198,186
-198,187
-198,188
-198,189
-198,190
-198,191
-198,192
-198,193
-198,194
-198,195
-198,196
-198,197
-198,198
-198,199
-198,200
-198,201
-198,202
-198,203
-198,204
-198,205
-198,206
-198,207
-198,208
-198,209
-198,210
-198,211
-198,212
-198,213
-198,214
-198,215
-198,216
-198,217
-198,218
-198,219
-198,220
-198,221
-198,222
-198,223
-198,224
-198,225
-198,226
-198,227
-198,228
-198,229
-198,230
-198,231
-198,232
-198,233
-198,234
-198,235
-198,236
-198,237
-198,238
-198,239
-198,240
-198,241
-198,242
-198,243
-198,244
-198,245
-198,246
-198,247
-198,248
-198,249
-198,250
-198,251
-198,252
-198,253
:205_7,254
:205_7,255
:205_7,256
:205_7,257
-197,258
-197,259
-197,260
-197,261
-197,262
-197,263
-197,264
-197,265
-197,266
-197,267
-197,268
-197,269
-197,270
-197,271
-197,272
-197,273
-197,274
-197,275
-197,276
-197,277
-197,278
-197,279
-197,280
-197,281
-197,282
-197,283
-197,284
-197,285
-197,286
-197,287
-197,288
-197,289
-197,290
-197,291
-197,292
-197,293
-197,294
-197,295
-197,296
-197,297
-197,298
-197,299
-197,300
-197,301
-197,302
-197,303
-197,304
-197,305
-197,306
-197,307
-197,308
-197,309
-197,310
-197,311
-197,312
-197,313
-197,314
-197,315
-197,316
-197,317
-197,318
-197,319
-197,320
-197,321
-197,322
-197,323
-197,324
-197,325
-197,326
-197,327
-197,328
-197,329
-197,330
-197,331
-197,332
-197,333
-197,334
-197,335
-197,336
-197,337
-197,338
-197,339
-197,340
-197,341
-197,342
-197,343
-197,344
-197,345
-197,346
-197,347
-197,348
-197,349
-197,350
-197,351
-197,352
-197,353
-197,354
-197,355
-197,356
-197,357
-197,358
-197,359
-197,360
-197,361
-197,362
-197,363
-197,364
-197,365
-197,366
-197,367
-197,368
-197,369
-197,370
-197,371
-197,372
-197,373
-197,374
-197,375
-197,376
-197,377
-197,378
-197,379
-197,380
-197,381
-197,382
-197,383
-197,384
-197,385
-197,386
-197,387
-197,388
-197,389
-197,390
-197,391
-197,392
-197,393
-197,394
-197,395
-197,396
-197,397
-197,398
-197,399
-197,400
-197,401
-197,402
-197,403
-197,404
-197,405
-197,406
-197,407
-197,408
-197,409
-197,410
-197,411
-197,412
-197,413
-197,414
-197,415
-197,416
-197,417
-197,418
-197,419
-197,420
-197,421
-197,422
-197,423
-197,424
-197,425
-197,426
-197,427
-197,428
-197,429
-197,430
-197,431
-197,432
-197,433
-197,434
-197,435
-197,436
-197,437
-197,438
-197,439
-197,440
-197,441
-197,442
-197,443
-197,444
-197,445
-197,446
-197,447
-197,448
-197,449
-197,450
-197,451
-197,452
-197,453
-197,454
-197,455
-197,456
-197,457
-197,458
-197,459
-197,460
-197,461
-197,462
-197,463
-197,464
-197,465
-197,466
-197,467
-197,468
-197,469
-197,470
-197,471
-197,472
-197,473
-197,474
-197,475
-197,476
-197,477
-197,478
-197,479
-197,480
-197,481
-197,482
:35_9,483
:35_9,484
:35_9,485
:35_9,486
:35_9,487
193,488
193,489
193,490
193,491
193,492
193,493
193,494
193,495
193,496
193,497
193,498
193,499
193,500
193,501
193,502
193,503
193,504
193,505
193,506
193,507
193,508
193,509
193,510
193,511
193,512
193,513
193,514
193,515
193,516
193,517
193,518
193,519
193,520
193,521
193,522
193,523
193,524
193,525
193,526
193,527
193,528
193,529
193,530
193,531
193,532
193,533
193,534
193,535
193,536
193,537
193,538
193,539
193,540
193,541
193,542
193,543
193,544
193,545
193,546
193,547
193,548
193,549
193,550
193,551
193,552
193,553
193,554
193,555
193,556
193,557
193,558
193,559
193,560
193,561
193,562
193,563
193,564
193,565
193,566
193,567
193,568
193,569
193,570
193,571
193,572
193,573
193,574
193,575
193,576
193,577
193,578
193,579
193,580
193,581
193,582
193,583
193,584
193,585
193,586
193,587
193,588
193,589
193,590
193,591
193,592
193,593
193,594
193,595
193,596
193,597
193,598
193,599
193,600
193,601
193,602
193,603
193,604
193,605
193,606
193,607
193,608
193,609
193,610
193,611
193,612
193,613
193,614
193,615
193,616
193,617
193,618
193,619
193,620
193,621
193,622
193,623
193,624
:203_3,625
:203_3,626
:203_3,627
:203_3,628
194,629
194,630
194,631
194,632
194,633
194,634
194,635
194,636
194,637
194,638
194,639
194,640
194,641
194,642
194,643
194,644
194,645
194,646
194,647
194,648
194,649
194,650
194,651
194,652
194,653
194,654
194,655
194,656
194,657
194,658
194,659
194,660
194,661
194,662
194,663
194,664
194,665
194,666
194,667
194,668
194,669
194,670
194,671
194,672
194,673
194,674
194,675
194,676
194,677
194,678
194,679
194,680
194,681
194,682
194,683
194,684
194,685
194,686
194,687
194,688
194,689
194,690
194,691
194,692
194,693
194,694
194,695
194,696
194,697
194,698
194,699
194,700
194,701
194,702
194,703
194,704
194,705
194,706
194,707
194,708
194,709
194,710
194,711
194,712
194,713
194,714
194,715
194,716
194,717
194,718
194,719
194,720
194,721
194,722
194,723
194,724
194,725
194,726
194,727
194,728
194,729
194,730
194,731
194,732
194,733
194,734
194,735
194,736
194,737
194,738
194,739
194,740
194,741
194,742
194,743
194,744
194,745
194,746
194,747
194,748
194,749
194,750
194,751
194,752
194,753
194,754
194,755
194,756
194,757
194,758
194,759
194,760
194,761
194,762
194,763
194,764
194,765
194,766
194,767
194,768
194,769
194,770
194,771
194,772
194,773
194,774
194,775
194,776
194,777
194,778
194,779
194,780
194,781
194,782
194,783
194,784
194,785
194,786
194,787
194,788
194,789
194,790
194,791
194,792
194,793
194,794
194,795
194,796
:204_9,797
:204_9,798
:204_9,799
:204_9,800
:204_9,801
195,802
195,803
195,804
195,805
195,806
195,807
195,808
195,809
195,810
195,811
195,812
195,813
195,814
195,815
195,816
195,817
195,818
195,819
195,820
195,821
195,822
195,823
195,824
195,825
195,826
195,827
195,828
195,829
195,830
195,831
195,832
195,833
195,834
195,835
195,836
195,837
195,838
195,839
195,840
195,841
195,842
195,843
195,844
195,845
195,846
195,847
195,848
195,849
195,850
195,851
195,852
195,853
195,854
195,855
195,856
195,857
195,858
195,859
195,860
195,861
195,862
195,863
195,864
195,865
195,866
195,867
195,868
195,869
195,870
195,871
195,872
195,873
195,874
195,875
195,876
195,877
195,878
195,879
195,880
195,881
195,882
195,883
195,884
195,885
195,886
195,887
195,888
195,889
195,890
195,891
195,892
195,893
195,894
195,895
195,896
195,897
195,898
195,899
195,900
195,901
195,902
195,903
195,904
195,905
195,906
195,907
195,908
195,909
195,910
195,911
195,912
195,913
195,914
195,915
195,916
195,917
195,918
195,919
195,920
195,921
195,922
195,923
195,924
195,925
195,926
195,927
195,928
195,929
195,930
195,931
195,932
195,933
195,934
195,935
195,936
195,937
195,938
195,939
195,940
195,941
195,942
195,943
195,944
195,945
195,946
195,947
195,948
195,949
195,950
195,951
195,952
195,953
195,954
195,955
195,956
195,957
195,958
195,959
195,960
195,961
195,962
195,963
195,964
195,965
195,966
195,967
195,968
195,969
195,970
195,971
195,972
195,973
195,974
195,975
195,976
195,977
195,978
195,979
195,980
195,981
195,982
195,983
195,984
195,985
195,986
195,987
195,988
195,989
195,990
195,991
195,992
195,993
195,994
195,995
:191_13,996
:191_13,997
:191_13,998
:191_13,999
:191_13,1000
-178,1001
-178,1002
-178,1003
-178,1004
-178,1005
-178,1006
-178,1007
-178,1008
-178,1009
-178,1010
-178,1011
-178,1012
-178,1013
-178,1014
-178,1015
-178,1016
-178,1017
-178,1018
-178,1019
-178,1020
-178,1021
-178,1022
-178,1023
-178,1024
-178,1025
-178,1026
-178,1027
-178,1028
-178,1029
-178,1030
-178,1031
-178,1032
-178,1033
-178,1034
-178,1035
-178,1036
-178,1037
-178,1038
-178,1039
-178,1040
-178,1041
-178,1042
-178,1043
-178,1044
-178,1045
-178,1046
-178,1047
-178,1048
-178,1049
-178,1050
-178,1051
-178,1052
-178,1053
-178,1054
-178,1055
-178,1056
-178,1057
-178,1058
-178,1059
-178,1060
-178,1061
-178,1062
-178,1063
-178,1064
-178,1065
-178,1066
-178,1067
-178,1068
-178,1069
-178,1070
-178,1071
-178,1072
-178,1073
-178,1074
-178,1075
-178,1076
-178,1077
-178,1078
-178,1079
-178,1080
-178,1081
-178,1082
-178,1083
-178,1084
-178,1085
-178,1086
-178,1087
-178,1088
-178,1089
-178,1090
-178,1091
-178,1092
-178,1093
-178,1094
-178,1095
-178,1096
-178,1097
-178,1098
-178,1099
-178,1100
-178,1101
-178,1102
-178,1103
-178,1104
-178,1105
-178,1106
-178,1107
-178,1108
-178,1109
-178,1110
-178,1111
-178,1112
-178,1113
-178,1114
-178,1115
-178,1116
-178,1117
-178,1118
-178,1119
-178,1120
-178,1121
-178,1122
-178,1123
-178,1124
-178,1125
-178,1126
-178,1127
-178,1128
-178,1129
-178,1130
-178,1131
-178,1132
-178,1133
-178,1134
-178,1135
-178,1136
-178,1137
-178,1138
-178,1139
-178,1140
-178,1141
-178,1142
-178,1143
-178,1144
-178,1145
-178,1146
-178,1147
-178,1148
-178,1149
-178,1150
-178,1151
-178,1152
-178,1153
-178,1154
-178,1155
-178,1156
-178,1157
-178,1158
-178,1159
-178,1160
-178,1161
-178,1162
-178,1163
-178,1164
-178,1165
-178,1166
-178,1167
-178,1168
-178,1169
-178,1170
-178,1171
-178,1172
-178,1173
-178,1174
-178,1175
:190_3,1176
:190_3,1177
:190_3,1178
:190_3,1179
:190_3,1180
:190_3,1181
-177,1182
-177,1183
-177,1184
-177,1185
-177,1186
-177,1187
-177,1188
-177,1189
-177,1190
-177,1191
-177,1192
-177,1193
-177,1194
-177,1195
-177,1196
-177,1197
-177,1198
-177,1199
-177,1200
-177,1201
-177,1202
-177,1203
-177,1204
-177,1205
-177,1206
-177,1207
-177,1208
-177,1209
-177,1210
-177,1211
-177,1212
-177,1213
-177,1214
-177,1215
-177,1216
-177,1217
-177,1218
-177,1219
-177,1220
-177,1221
-177,1222
-177,1223
-177,1224
-177,1225
-177,1226
-177,1227
-177,1228
-177,1229
-177,1230
-177,1231
-177,1232
-177,1233
-177,1234
-177,1235
-177,1236
-177,1237
-177,1238
-177,1239
-177,1240
-177,1241
-177,1242
-177,1243
-177,1244
-177,1245
-177,1246
-177,1247
-177,1248
-177,1249
-177,1250
-177,1251
-177,1252
-177,1253
-177,1254
-177,1255
-177,1256
-177,1257
-177,1258
-177,1259
-177,1260
-177,1261
-177,1262
-177,1263
-177,1264
-177,1265
-177,1266
-177,1267
-177,1268
-177,1269
-177,1270
-177,1271
-177,1272
-177,1273
-177,1274
-177,1275
-177,1276
-177,1277
-177,1278
-177,1279
-177,1280
-177,1281
-177,1282
-177,1283
-177,1284
-177,1285
-177,1286
-177,1287
-177,1288
-177,1289
-177,1290
-177,1291
-177,1292
-177,1293
-177,1294
-177,1295
-177,1296
-177,1297
-177,1298
-177,1299
-177,1300
-177,1301
-177,1302
-177,1303
-177,1304
-177,1305
-177,1306
-177,1307
-177,1308
-177,1309
-177,1310
-177,1311
-177,1312
-177,1313
-177,1314
-177,1315
-177,1316
-177,1317
-177,1318
-177,1319
:13_9,1320
:13_9,1321
:13_9,1322
:13_9,1323
176,1324
176,1325
176,1326
176,1327
176,1328
176,1329
176,1330
176,1331
176,1332
176,1333
176,1334
176,1335
176,1336
176,1337
176,1338
176,1339
176,1340
176,1341
176,1342
176,1343
176,1344
176,1345
176,1346
176,1347
176,1348
176,1349
176,1350
176,1351
176,1352
176,1353
176,1354
176,1355
176,1356
176,1357
176,1358
176,1359
176,1360
176,1361
176,1362
176,1363
176,1364
176,1365
176,1366
176,1367
176,1368
176,1369
176,1370
176,1371
176,1372
176,1373
176,1374
176,1375
176,1376
176,1377
176,1378
176,1379
176,1380
176,1381
176,1382
176,1383
176,1384
176,1385
176,1386
176,1387
176,1388
176,1389
176,1390
176,1391
176,1392
176,1393
176,1394
176,1395
176,1396
176,1397
176,1398
176,1399
176,1400
176,1401
176,1402
176,1403
176,1404
176,1405
176,1406
176,1407
176,1408
176,1409
176,1410
176,1411
176,1412
176,1413
176,1414
176,1415
176,1416
176,1417
176,1418
176,1419
176,1420
176,1421
:189_9,1422
:189_9,1423
:189_9,1424
:189_9,1425
:189_9,1426
:189_9,1427
212,1428
212,1429
212,1430
212,1431
212,1432
212,1433
212,1434
212,1435
212,1436
212,1437
212,1438
212,1439
212,1440
212,1441
212,1442
212,1443
212,1444
212,1445
212,1446
212,1447
212,1448
212,1449
212,1450
212,1451
212,1452
212,1453
212,1454
212,1455
212,1456
212,1457
212,1458
212,1459
212,1460
212,1461
212,1462
212,1463
212,1464
212,1465
212,1466
212,1467
212,1468
212,1469
212,1470
212,1471
212,1472
212,1473
212,1474
:218_4,1475
:218_4,1476
:218_4,1477
:218_4,1478
:218_4,1479
-558,1480
-558,1481
-558,1482
-558,1483
-558,1484
-558,1485
-558,1486
-558,1487
-558,1488
-558,1489
-558,1490
-558,1491
-558,1492
-558,1493
-558,1494
-558,1495
-558,1496
-558,1497
-558,1498
-558,1499
-558,1500
-558,1501
-558,1502
-558,1503
-558,1504
-558,1505
-558,1506
-558,1507
-558,1508
-558,1509
-558,1510
-558,1511
-558,1512
-558,1513
-558,1514
-558,1515
-558,1516
-558,1517
-558,1518
-558,1519
-558,1520
-558,1521
-558,1522
-558,1523
-558,1524
-558,1525
-558,1526
-558,1527
-558,1528
-558,1529
-558,1530
-558,1531
-558,1532
-558,1533
-558,1534
-558,1535
-558,1536
-558,1537
-558,1538
-558,1539
-558,1540
-558,1541
-558,1542
-558,1543
-558,1544
-558,1545
-558,1546
-558,1547
-558,1548
-558,1549
-558,1550
-558,1551
-558,1552
-558,1553
-558,1554
-558,1555
-558,1556
-558,1557
-558,1558
-558,1559
-558,1560
-558,1561
-558,1562
