-234,1
-234,2
-234,3
-234,4
-234,5
-234,6
-234,7
-234,8
-234,9
-234,10
-234,11
-234,12
-234,13
-234,14
-234,15
-234,16
-234,17
-234,18
-234,19
-234,20
-234,21
-234,22
-234,23
-234,24
-234,25
-234,26
-234,27
-234,28
-234,29
-234,30
-234,31
-234,32
-234,33
-234,34
-234,35
-234,36
-234,37
-234,38
-234,39
-234,40
-234,41
-234,42
-234,43
-234,44
-234,45
-234,46
-234,47
-234,48
-234,49
-234,50
-234,51
-234,52
-234,53
-234,54
-234,55
-234,56
-234,57
-234,58
-234,59
-234,60
-234,61
-234,62
-234,63
-234,64
-234,65
-234,66
-234,67
-234,68
-234,69
-234,70
-234,71
-234,72
-234,73
-234,74
-234,75
-234,76
-234,77
-234,78
-234,79
-234,80
-234,81
-234,82
-234,83
-234,84
-234,85
-234,86
-234,87
-234,88
-234,89
-234,90
-234,91
-234,92
-234,93
-234,94
-234,95
-234,96
-234,97
-234,98
-234,99
-234,100
-234,101
-234,102
-234,103
-234,104
-234,105
-234,106
-234,107
-234,108
-234,109
-234,110
-234,111
-234,112
-234,113
-234,114
-234,115
-234,116
-234,117
-234,118
-234,119
-234,120
-234,121
-234,122
-234,123
-234,124
-234,125
-234,126
-234,127
-234,128
-234,129
-234,130
-234,131
-234,132
-234,133
-234,134
-234,135
-234,136
-234,137
-234,138
-234,139
-234,140
-234,141
-234,142
-234,143
-234,144
-234,145
-234,146
-234,147
-234,148
-234,149
-234,150
-234,151
-234,152
-234,153
-234,154
-234,155
-234,156
-234,157
-234,158
-234,159
-234,160
-234,161
-234,162
-234,163
-234,164
-234,165
-234,166
-234,167
-234,168
-234,169
-234,170
-234,171
-234,172
-234,173
-234,174
-234,175
-234,176
-234,177
-234,178
-234,179
-234,180
-234,181
-234,182
-234,183
-234,184
-234,185
-234,186
-234,187
-234,188
-234,189
-234,190
-234,191
-234,192
-234,193
-234,194
:182_9,195
:182_9,196
:182_9,197
:182_9,198
:182_9,199
-184,200
-184,201
-184,202
-184,203
-184,204
-184,205
-184,206
-184,207
-184,208
-184,209
-184,210
-184,211
-184,212
-184,213
-184,214
-184,215
-184,216
-184,217
-184,218
-184,219
-184,220
-184,221
-184,222
-184,223
-184,224
-184,225
-184,226
-184,227
-184,228
-184,229
-184,230
-184,231
-184,232
-184,233
-184,234
-184,235
-184,236
-184,237
-184,238
-184,239
-184,240
-184,241
-184,242
-184,243
-184,244
-184,245
-184,246
-184,247
-184,248
-184,249
-184,250
-184,251
-184,252
-184,253
-184,254
-184,255
-184,256
-184,257
-184,258
-184,259
-184,260
-184,261
-184,262
-184,263
-184,264
-184,265
-184,266
-184,267
-184,268
-184,269
-184,270
-184,271
-184,272
-184,273
-184,274
-184,275
-184,276
-184,277
-184,278
-184,279
-184,280
-184,281
-184,282
-184,283
-184,284
-184,285
-184,286
-184,287
-184,288
-184,289
-184,290
-184,291
-184,292
-184,293
-184,294
-184,295
-184,296
-184,297
-184,298
-184,299
-184,300
-184,301
-184,302
-184,303
-184,304
-184,305
-184,306
-184,307
-184,308
-184,309
-184,310
-184,311
-184,312
-184,313
-184,314
-184,315
-184,316
-184,317
-184,318
-184,319
-184,320
-184,321
-184,322
-184,323
-184,324
-184,325
-184,326
-184,327
-184,328
-184,329
-184,330
-184,331
-184,332
-184,333
-184,334
-184,335
-184,336
-184,337
-184,338
-184,339
-184,340
-184,341
-184,342
-184,343
-184,344
-184,345
-184,346
-184,347
-184,348
-184,349
-184,350
-184,351
-184,352
-184,353
-184,354
-184,355
-184,356
-184,357
-184,358
-184,359
-184,360
-184,361
-184,362
-184,363
-184,364
-184,365
-184,366
-184,367
-184,368
-184,369
-184,370
-184,371
-184,372
-184,373
-184,374
-184,375
-184,376
-184,377
-184,378
-184,379
-184,380
-184,381
-184,382
-184,383
-184,384
-184,385
-184,386
-184,387
-184,388
-184,389
-184,390
-184,391
:187_9,392
:187_9,393
:187_9,394
:187_9,395
:187_9,396
:187_9,397
186,398
186,399
186,400
186,401
186,402
186,403
186,404
186,405
186,406
186,407
186,408
186,409
186,410
186,411
186,412
186,413
186,414
186,415
186,416
186,417
186,418
186,419
186,420
186,421
186,422
186,423
186,424
186,425
186,426
186,427
186,428
186,429
186,430
186,431
186,432
186,433
186,434
186,435
186,436
186,437
186,438
186,439
186,440
186,441
186,442
186,443
186,444
186,445
186,446
186,447
186,448
186,449
186,450
186,451
186,452
186,453
186,454
186,455
186,456
186,457
186,458
186,459
186,460
186,461
186,462
186,463
186,464
186,465
186,466
186,467
186,468
186,469
186,470
186,471
186,472
186,473
186,474
186,475
186,476
186,477
186,478
186,479
186,480
186,481
186,482
186,483
186,484
186,485
186,486
186,487
186,488
186,489
186,490
186,491
186,492
186,493
186,494
186,495
186,496
186,497
186,498
186,499
186,500
186,501
186,502
186,503
186,504
186,505
186,506
186,507
186,508
186,509
186,510
186,511
186,512
186,513
186,514
186,515
186,516
186,517
186,518
186,519
186,520
186,521
186,522
186,523
186,524
186,525
186,526
186,527
186,528
186,529
186,530
186,531
186,532
186,533
186,534
186,535
186,536
186,537
186,538
186,539
186,540
186,541
186,542
186,543
186,544
186,545
186,546
186,547
186,548
186,549
186,550
186,551
186,552
186,553
186,554
186,555
186,556
186,557
186,558
186,559
186,560
186,561
186,562
186,563
186,564
186,565
186,566
186,567
186,568
186,569
186,570
186,571
186,572
186,573
:198_4,574
:198_4,575
:198_4,576
:198_4,577
:198_4,578
-228,579
-228,580
-228,581
-228,582
-228,583
-228,584
-228,585
-228,586
-228,587
-228,588
-228,589
-228,590
-228,591
-228,592
-228,593
-228,594
-228,595
-228,596
-228,597
-228,598
-228,599
-228,600
-228,601
-228,602
-228,603
-228,604
-228,605
-228,606
-228,607
-228,608
-228,609
-228,610
-228,611
-228,612
-228,613
-228,614
-228,615
-228,616
-228,617
-228,618
-228,619
-228,620
-228,621
-228,622
-228,623
-228,624
-228,625
-228,626
-228,627
-228,628
-228,629
-228,630
-228,631
-228,632
-228,633
-228,634
-228,635
-228,636
-228,637
-228,638
:186_8,639
:186_8,640
:186_8,641
227,642
227,643
227,644
227,645
227,646
227,647
227,648
227,649
227,650
227,651
227,652
227,653
227,654
227,655
227,656
227,657
227,658
227,659
227,660
227,661
227,662
227,663
227,664
227,665
227,666
227,667
227,668
227,669
227,670
227,671
227,672
227,673
227,674
227,675
227,676
227,677
227,678
227,679
227,680
227,681
227,682
227,683
227,684
227,685
227,686
227,687
227,688
227,689
227,690
227,691
227,692
227,693
227,694
227,695
227,696
227,697
227,698
227,699
227,700
227,701
-211,702
-211,703
-211,704
-211,705
-211,706
-211,707
-211,708
-211,709
-211,710
-211,711
-211,712
-211,713
-211,714
-211,715
-211,716
-211,717
-211,718
-211,719
-211,720
-211,721
-211,722
-211,723
-211,724
-211,725
-211,726
-211,727
-211,728
-211,729
-211,730
-211,731
-211,732
-211,733
-211,734
-211,735
-211,736
-211,737
-211,738
-211,739
-211,740
-211,741
-211,742
-211,743
-211,744
-211,745
-211,746
:189_14,747
:189_14,748
:189_18,749
:189_18,750
:189_18,751
212,752
212,753
212,754
212,755
212,756
212,757
212,758
212,759
212,760
212,761
212,762
212,763
212,764
212,765
212,766
212,767
212,768
212,769
212,770
212,771
212,772
212,773
212,774
212,775
212,776
212,777
212,778
212,779
212,780
212,781
212,782
212,783
212,784
212,785
212,786
212,787
212,788
212,789
212,790
212,791
212,792
212,793
212,794
212,795
212,796
212,797
:218_4,798
:218_4,799
:218_4,800
:218_4,801
:218_4,802
-558,803
-558,804
-558,805
-558,806
-558,807
-558,808
-558,809
-558,810
-558,811
-558,812
-558,813
-558,814
-558,815
-558,816
-558,817
-558,818
-558,819
-558,820
-558,821
-558,822
-558,823
-558,824
-558,825
-558,826
-558,827
-558,828
-558,829
-558,830
-558,831
-558,832
-558,833
-558,834
-558,835
-558,836
-558,837
-558,838
-558,839
-558,840
-558,841
-558,842
-558,843
-558,844
-558,845
-558,846
-558,847
-558,848
-558,849
-558,850
-558,851
-558,852
-558,853
-558,854
-558,855
-558,856
-558,857
-558,858
-558,859
-558,860
-558,861
-558,862
-558,863
-558,864
-558,865
-558,866
-558,867
-558,868
-558,869
-558,870
-558,871
-558,872
-558,873
-558,874
-558,875
-558,876
-558,877
-558,878
-558,879
-558,880
-558,881
-558,882
