41,1
41,2
41,3
41,4
41,5
41,6
41,7
41,8
41,9
41,10
41,11
41,12
41,13
41,14
41,15
41,16
41,17
41,18
41,19
41,20
41,21
41,22
41,23
41,24
41,25
41,26
41,27
41,28
41,29
41,30
41,31
41,32
41,33
41,34
41,35
41,36
41,37
41,38
41,39
41,40
41,41
41,42
41,43
41,44
41,45
41,46
41,47
41,48
41,49
41,50
41,51
41,52
41,53
41,54
41,55
41,56
41,57
41,58
41,59
41,60
41,61
41,62
41,63
41,64
41,65
41,66
41,67
41,68
41,69
41,70
41,71
41,72
41,73
41,74
41,75
41,76
41,77
41,78
41,79
41,80
41,81
41,82
41,83
41,84
41,85
41,86
41,87
41,88
41,89
41,90
41,91
41,92
41,93
41,94
41,95
41,96
41,97
41,98
41,99
41,100
41,101
41,102
41,103
41,104
41,105
41,106
41,107
41,108
41,109
41,110
41,111
41,112
41,113
41,114
41,115
41,116
41,117
41,118
41,119
41,120
41,121
41,122
41,123
41,124
41,125
41,126
41,127
41,128
41,129
41,130
41,131
41,132
41,133
41,134
41,135
41,136
41,137
41,138
41,139
41,140
41,141
41,142
41,143
41,144
41,145
41,146
41,147
41,148
41,149
41,150
41,151
41,152
41,153
41,154
41,155
41,156
41,157
41,158
41,159
41,160
41,161
41,162
41,163
41,164
41,165
41,166
41,167
41,168
41,169
41,170
41,171
41,172
41,173
41,174
41,175
41,176
41,177
41,178
41,179
41,180
41,181
41,182
41,183
41,184
41,185
41,186
41,187
41,188
41,189
41,190
41,191
41,192
41,193
41,194
41,195
41,196
41,197
41,198
41,199
41,200
41,201
41,202
41,203
41,204
41,205
41,206
41,207
41,208
41,209
41,210
41,211
41,212
41,213
41,214
41,215
41,216
41,217
41,218
41,219
41,220
41,221
41,222
41,223
41,224
41,225
41,226
41,227
41,228
41,229
41,230
41,231
41,232
41,233
41,234
41,235
41,236
41,237
41,238
41,239
41,240
41,241
41,242
41,243
41,244
41,245
41,246
41,247
41,248
41,249
41,250
41,251
41,252
41,253
41,254
41,255
41,256
41,257
41,258
41,259
41,260
41,261
41,262
41,263
41,264
41,265
41,266
41,267
41,268
41,269
41,270
41,271
41,272
41,273
41,274
41,275
41,276
41,277
41,278
41,279
41,280
41,281
41,282
41,283
41,284
41,285
41,286
41,287
41,288
41,289
41,290
41,291
41,292
41,293
41,294
41,295
41,296
41,297
41,298
41,299
41,300
41,301
41,302
41,303
41,304
41,305
41,306
41,307
41,308
41,309
41,310
41,311
41,312
41,313
41,314
41,315
41,316
41,317
41,318
41,319
41,320
41,321
41,322
41,323
41,324
41,325
41,326
41,327
41,328
41,329
41,330
41,331
41,332
41,333
41,334
41,335
41,336
41,337
41,338
41,339
41,340
41,341
41,342
41,343
41,344
41,345
41,346
41,347
41,348
41,349
41,350
41,351
41,352
41,353
41,354
41,355
41,356
41,357
41,358
41,359
41,360
41,361
41,362
41,363
41,364
41,365
41,366
41,367
41,368
41,369
41,370
41,371
41,372
41,373
41,374
41,375
41,376
41,377
41,378
41,379
41,380
41,381
41,382
41,383
41,384
41,385
41,386
41,387
41,388
41,389
41,390
41,391
41,392
41,393
41,394
41,395
41,396
41,397
41,398
41,399
41,400
41,401
41,402
41,403
41,404
41,405
41,406
41,407
41,408
41,409
41,410
41,411
41,412
41,413
41,414
41,415
41,416
41,417
41,418
41,419
41,420
41,421
41,422
41,423
41,424
41,425
41,426
41,427
41,428
41,429
41,430
41,431
:6_4,432
:6_4,433
:6_4,434
:6_4,435
6,436
6,437
6,438
6,439
6,440
6,441
6,442
6,443
6,444
6,445
6,446
6,447
6,448
6,449
6,450
6,451
6,452
6,453
6,454
6,455
6,456
6,457
6,458
6,459
6,460
6,461
6,462
6,463
6,464
6,465
6,466
6,467
6,468
6,469
6,470
6,471
6,472
6,473
6,474
6,475
6,476
6,477
6,478
6,479
6,480
6,481
6,482
6,483
6,484
6,485
6,486
6,487
6,488
6,489
6,490
6,491
6,492
6,493
6,494
6,495
6,496
6,497
6,498
6,499
6,500
6,501
6,502
6,503
6,504
6,505
6,506
6,507
6,508
6,509
6,510
6,511
6,512
6,513
6,514
6,515
6,516
6,517
6,518
6,519
6,520
6,521
6,522
6,523
6,524
6,525
6,526
6,527
6,528
6,529
6,530
6,531
6,532
6,533
6,534
6,535
6,536
6,537
6,538
6,539
6,540
6,541
6,542
6,543
6,544
6,545
6,546
6,547
6,548
6,549
6,550
6,551
6,552
6,553
6,554
6,555
6,556
6,557
6,558
6,559
6,560
6,561
6,562
6,563
6,564
6,565
6,566
6,567
6,568
6,569
6,570
6,571
6,572
6,573
6,574
6,575
6,576
6,577
6,578
6,579
6,580
6,581
6,582
6,583
6,584
6,585
6,586
6,587
6,588
6,589
6,590
6,591
6,592
6,593
6,594
6,595
6,596
6,597
6,598
6,599
6,600
6,601
6,602
6,603
6,604
6,605
6,606
6,607
6,608
6,609
6,610
6,611
6,612
6,613
6,614
6,615
6,616
6,617
6,618
6,619
6,620
6,621
6,622
6,623
6,624
6,625
6,626
6,627
6,628
6,629
6,630
6,631
6,632
6,633
6,634
6,635
6,636
6,637
6,638
6,639
6,640
6,641
6,642
:8_1,643
7,644
7,645
7,646
7,647
7,648
7,649
7,650
7,651
7,652
7,653
7,654
7,655
7,656
7,657
7,658
7,659
7,660
7,661
7,662
7,663
7,664
7,665
7,666
7,667
7,668
7,669
7,670
7,671
7,672
7,673
7,674
7,675
7,676
7,677
7,678
7,679
7,680
7,681
7,682
7,683
7,684
7,685
7,686
7,687
7,688
7,689
7,690
7,691
7,692
7,693
7,694
7,695
7,696
7,697
7,698
7,699
7,700
7,701
7,702
7,703
7,704
7,705
7,706
7,707
7,708
7,709
7,710
7,711
7,712
7,713
7,714
7,715
7,716
7,717
:9_1,718
8,719
8,720
8,721
8,722
8,723
8,724
8,725
8,726
8,727
8,728
8,729
8,730
8,731
8,732
8,733
8,734
8,735
8,736
8,737
8,738
8,739
8,740
8,741
8,742
8,743
8,744
8,745
8,746
8,747
8,748
8,749
8,750
8,751
8,752
8,753
8,754
8,755
8,756
8,757
8,758
8,759
8,760
8,761
8,762
8,763
8,764
8,765
8,766
8,767
8,768
8,769
8,770
8,771
8,772
8,773
8,774
8,775
8,776
8,777
8,778
8,779
8,780
8,781
8,782
8,783
8,784
8,785
8,786
8,787
8,788
8,789
8,790
8,791
8,792
8,793
8,794
8,795
8,796
9,797
9,798
9,799
9,800
9,801
9,802
9,803
9,804
9,805
9,806
9,807
9,808
9,809
9,810
9,811
9,812
9,813
9,814
9,815
9,816
9,817
9,818
9,819
9,820
9,821
9,822
9,823
9,824
9,825
9,826
9,827
9,828
9,829
9,830
9,831
9,832
9,833
9,834
9,835
9,836
9,837
9,838
9,839
9,840
9,841
9,842
9,843
9,844
9,845
9,846
9,847
9,848
9,849
9,850
9,851
9,852
9,853
9,854
9,855
9,856
9,857
9,858
9,859
9,860
9,861
9,862
9,863
9,864
9,865
9,866
9,867
9,868
9,869
9,870
9,871
10,872
10,873
10,874
10,875
10,876
10,877
10,878
10,879
10,880
10,881
10,882
10,883
10,884
10,885
10,886
10,887
10,888
10,889
10,890
10,891
10,892
10,893
10,894
10,895
10,896
10,897
10,898
10,899
10,900
10,901
10,902
10,903
10,904
10,905
10,906
10,907
10,908
10,909
10,910
10,911
10,912
10,913
10,914
10,915
10,916
10,917
10,918
10,919
10,920
10,921
10,922
10,923
10,924
10,925
10,926
10,927
10,928
10,929
10,930
10,931
10,932
10,933
10,934
10,935
10,936
10,937
10,938
10,939
10,940
10,941
10,942
10,943
10,944
10,945
10,946
10,947
11,948
11,949
11,950
11,951
11,952
11,953
11,954
11,955
11,956
11,957
11,958
11,959
11,960
11,961
11,962
11,963
11,964
11,965
11,966
11,967
11,968
11,969
11,970
11,971
11,972
11,973
11,974
11,975
11,976
11,977
11,978
11,979
11,980
11,981
11,982
11,983
11,984
11,985
11,986
11,987
11,988
11,989
11,990
11,991
11,992
11,993
11,994
11,995
11,996
11,997
11,998
11,999
11,1000
11,1001
11,1002
11,1003
11,1004
11,1005
11,1006
11,1007
11,1008
11,1009
11,1010
11,1011
11,1012
11,1013
11,1014
11,1015
11,1016
11,1017
11,1018
11,1019
11,1020
11,1021
11,1022
11,1023
11,1024
11,1025
11,1026
11,1027
11,1028
11,1029
11,1030
11,1031
11,1032
11,1033
11,1034
11,1035
11,1036
11,1037
11,1038
11,1039
11,1040
11,1041
11,1042
11,1043
11,1044
11,1045
11,1046
11,1047
11,1048
11,1049
11,1050
11,1051
11,1052
11,1053
11,1054
11,1055
11,1056
11,1057
11,1058
11,1059
11,1060
11,1061
11,1062
11,1063
11,1064
11,1065
11,1066
11,1067
11,1068
11,1069
11,1070
11,1071
11,1072
11,1073
11,1074
11,1075
11,1076
11,1077
11,1078
11,1079
11,1080
11,1081
11,1082
11,1083
11,1084
11,1085
11,1086
11,1087
11,1088
11,1089
11,1090
11,1091
11,1092
11,1093
11,1094
11,1095
11,1096
11,1097
11,1098
11,1099
:4_6,1100
:4_6,1101
:4_6,1102
-3,1103
-3,1104
-3,1105
-3,1106
-3,1107
-3,1108
-3,1109
-3,1110
-3,1111
-3,1112
-3,1113
-3,1114
-3,1115
-3,1116
-3,1117
-3,1118
-3,1119
-3,1120
-3,1121
-3,1122
-3,1123
-3,1124
-3,1125
-3,1126
-3,1127
-3,1128
-3,1129
-3,1130
-3,1131
-3,1132
-3,1133
-3,1134
-3,1135
-3,1136
-3,1137
-3,1138
-3,1139
-3,1140
-3,1141
-3,1142
-3,1143
-3,1144
-3,1145
-3,1146
-3,1147
-3,1148
-3,1149
-3,1150
-3,1151
-3,1152
-3,1153
-3,1154
-3,1155
-3,1156
-3,1157
-3,1158
-3,1159
-3,1160
-3,1161
-3,1162
-3,1163
-3,1164
-3,1165
-3,1166
-3,1167
-3,1168
-3,1169
-3,1170
-3,1171
-3,1172
-3,1173
-3,1174
-3,1175
-3,1176
-3,1177
-3,1178
-3,1179
-3,1180
-3,1181
-3,1182
-3,1183
-3,1184
-3,1185
-3,1186
-3,1187
-3,1188
-3,1189
-3,1190
-3,1191
-3,1192
-3,1193
-3,1194
-3,1195
-3,1196
-3,1197
-3,1198
-3,1199
-3,1200
-3,1201
-3,1202
-3,1203
-3,1204
-3,1205
-3,1206
-3,1207
-3,1208
-3,1209
-3,1210
-3,1211
-3,1212
-3,1213
-3,1214
-3,1215
-3,1216
-3,1217
-3,1218
-3,1219
-3,1220
-3,1221
-3,1222
-3,1223
-3,1224
-3,1225
-3,1226
-3,1227
-3,1228
-3,1229
-3,1230
-3,1231
-3,1232
-3,1233
-3,1234
-3,1235
-3,1236
-3,1237
-3,1238
-3,1239
-3,1240
-3,1241
-3,1242
-3,1243
-3,1244
-3,1245
-3,1246
-3,1247
-3,1248
-3,1249
-3,1250
-3,1251
-3,1252
-3,1253
-3,1254
-3,1255
-3,1256
-3,1257
-3,1258
-3,1259
-3,1260
-3,1261
-3,1262
-3,1263
-3,1264
-3,1265
-3,1266
-3,1267
-3,1268
-3,1269
-3,1270
-3,1271
-3,1272
-3,1273
-3,1274
-3,1275
-3,1276
-3,1277
-3,1278
-3,1279
-3,1280
-3,1281
-3,1282
-3,1283
-3,1284
-3,1285
-3,1286
-3,1287
-3,1288
-3,1289
-3,1290
-3,1291
-3,1292
-3,1293
-3,1294
-3,1295
-3,1296
-3,1297
-3,1298
-3,1299
-3,1300
-3,1301
-3,1302
-3,1303
-3,1304
-3,1305
-3,1306
-3,1307
-3,1308
-3,1309
-3,1310
-3,1311
-3,1312
-3,1313
-3,1314
-3,1315
-3,1316
-3,1317
-3,1318
-3,1319
-3,1320
-3,1321
-3,1322
-3,1323
-3,1324
-3,1325
-3,1326
-3,1327
-3,1328
-3,1329
-3,1330
-3,1331
-3,1332
-3,1333
-3,1334
-3,1335
-3,1336
-3,1337
-3,1338
-3,1339
-3,1340
-3,1341
-3,1342
-3,1343
-3,1344
-3,1345
-3,1346
-3,1347
-3,1348
-3,1349
-3,1350
-3,1351
-3,1352
-3,1353
-3,1354
-3,1355
-3,1356
-3,1357
-3,1358
-3,1359
-3,1360
-3,1361
-3,1362
-3,1363
-3,1364
-3,1365
-3,1366
-3,1367
-3,1368
-3,1369
-3,1370
-3,1371
-3,1372
-3,1373
-3,1374
-3,1375
-3,1376
-3,1377
-3,1378
-3,1379
-3,1380
-3,1381
-3,1382
-3,1383
-3,1384
-3,1385
-3,1386
-3,1387
-3,1388
-3,1389
-3,1390
-3,1391
-3,1392
-3,1393
-3,1394
-3,1395
-3,1396
-3,1397
-3,1398
-3,1399
-3,1400
-3,1401
-3,1402
-3,1403
-3,1404
-3,1405
-3,1406
-3,1407
-3,1408
-3,1409
-3,1410
-3,1411
-3,1412
-3,1413
-3,1414
-3,1415
-3,1416
-3,1417
-3,1418
-3,1419
-3,1420
-3,1421
-3,1422
-3,1423
-3,1424
-3,1425
-3,1426
-3,1427
-3,1428
-3,1429
-3,1430
-3,1431
-3,1432
-3,1433
-3,1434
-3,1435
-3,1436
-3,1437
-3,1438
-3,1439
-3,1440
-3,1441
-3,1442
-3,1443
-3,1444
:0_14,1445
:0_14,1446
:0_18,1447
:0_18,1448
:0_18,1449
0,1450
0,1451
0,1452
0,1453
0,1454
0,1455
0,1456
0,1457
0,1458
0,1459
0,1460
0,1461
0,1462
0,1463
0,1464
0,1465
0,1466
0,1467
0,1468
0,1469
0,1470
0,1471
0,1472
0,1473
0,1474
0,1475
0,1476
0,1477
0,1478
0,1479
0,1480
0,1481
0,1482
0,1483
0,1484
0,1485
0,1486
0,1487
0,1488
0,1489
0,1490
0,1491
0,1492
0,1493
0,1494
0,1495
0,1496
0,1497
0,1498
0,1499
0,1500
0,1501
0,1502
0,1503
0,1504
0,1505
0,1506
0,1507
0,1508
0,1509
0,1510
0,1511
0,1512
0,1513
0,1514
0,1515
0,1516
0,1517
0,1518
0,1519
0,1520
0,1521
0,1522
0,1523
0,1524
0,1525
0,1526
0,1527
0,1528
0,1529
0,1530
0,1531
0,1532
0,1533
0,1534
0,1535
0,1536
0,1537
0,1538
0,1539
0,1540
0,1541
0,1542
0,1543
0,1544
0,1545
0,1546
0,1547
0,1548
0,1549
0,1550
0,1551
0,1552
0,1553
0,1554
0,1555
0,1556
0,1557
0,1558
0,1559
0,1560
0,1561
0,1562
0,1563
0,1564
0,1565
0,1566
0,1567
0,1568
0,1569
0,1570
0,1571
0,1572
0,1573
0,1574
0,1575
0,1576
0,1577
0,1578
0,1579
0,1580
0,1581
0,1582
0,1583
0,1584
0,1585
0,1586
0,1587
0,1588
0,1589
0,1590
0,1591
0,1592
0,1593
0,1594
0,1595
0,1596
0,1597
0,1598
:1_7,1599
:1_7,1600
:1_7,1601
:1_7,1602
:1_7,1603
:1_7,1604
1,1605
1,1606
1,1607
1,1608
1,1609
1,1610
1,1611
1,1612
1,1613
1,1614
1,1615
1,1616
1,1617
1,1618
1,1619
1,1620
1,1621
1,1622
1,1623
1,1624
1,1625
1,1626
1,1627
1,1628
1,1629
1,1630
1,1631
1,1632
1,1633
1,1634
1,1635
1,1636
1,1637
1,1638
1,1639
1,1640
1,1641
1,1642
1,1643
1,1644
1,1645
1,1646
1,1647
:2_3,1648
:2_3,1649
:2_3,1650
:2_3,1651
:2_3,1652
:2_3,1653
:2_3,1654
2,1655
2,1656
2,1657
2,1658
2,1659
2,1660
2,1661
2,1662
2,1663
2,1664
2,1665
2,1666
2,1667
2,1668
2,1669
2,1670
2,1671
2,1672
2,1673
2,1674
2,1675
2,1676
2,1677
2,1678
2,1679
2,1680
2,1681
2,1682
2,1683
2,1684
2,1685
2,1686
2,1687
2,1688
2,1689
2,1690
2,1691
2,1692
2,1693
2,1694
2,1695
2,1696
2,1697
2,1698
2,1699
2,1700
2,1701
2,1702
2,1703
2,1704
2,1705
2,1706
2,1707
2,1708
2,1709
2,1710
2,1711
2,1712
2,1713
2,1714
2,1715
2,1716
2,1717
2,1718
2,1719
2,1720
2,1721
2,1722
2,1723
2,1724
2,1725
2,1726
2,1727
2,1728
2,1729
2,1730
2,1731
2,1732
2,1733
2,1734
2,1735
2,1736
2,1737
2,1738
2,1739
2,1740
2,1741
2,1742
2,1743
2,1744
2,1745
2,1746
2,1747
2,1748
2,1749
2,1750
2,1751
2,1752
2,1753
2,1754
2,1755
2,1756
2,1757
2,1758
2,1759
2,1760
2,1761
2,1762
2,1763
2,1764
2,1765
2,1766
2,1767
2,1768
2,1769
2,1770
2,1771
2,1772
2,1773
2,1774
2,1775
2,1776
2,1777
2,1778
2,1779
2,1780
2,1781
2,1782
:3_7,1783
:3_7,1784
:3_7,1785
:3_7,1786
:3_7,1787
-102,1788
-102,1789
-102,1790
-102,1791
-102,1792
-102,1793
-102,1794
-102,1795
-102,1796
-102,1797
-102,1798
-102,1799
-102,1800
-102,1801
-102,1802
-102,1803
-102,1804
-102,1805
-102,1806
-102,1807
-102,1808
-102,1809
-102,1810
-102,1811
-102,1812
-102,1813
-102,1814
-102,1815
-102,1816
-102,1817
-102,1818
-102,1819
-102,1820
-102,1821
-102,1822
-102,1823
-102,1824
-102,1825
-102,1826
-102,1827
-102,1828
-102,1829
-102,1830
-102,1831
-102,1832
-102,1833
-102,1834
-102,1835
-102,1836
-102,1837
-102,1838
-102,1839
-102,1840
-102,1841
-102,1842
-102,1843
-102,1844
-102,1845
-102,1846
-102,1847
-102,1848
-102,1849
-102,1850
-102,1851
-102,1852
-102,1853
-102,1854
-102,1855
-102,1856
-102,1857
-102,1858
-102,1859
-102,1860
-102,1861
-102,1862
-102,1863
-102,1864
-102,1865
-102,1866
-102,1867
-102,1868
-102,1869
-102,1870
-102,1871
-102,1872
-102,1873
-102,1874
-102,1875
-102,1876
-102,1877
-102,1878
-102,1879
-102,1880
-102,1881
-102,1882
-102,1883
-102,1884
-102,1885
-102,1886
-102,1887
-102,1888
-102,1889
-102,1890
-102,1891
-102,1892
-102,1893
-102,1894
-102,1895
-102,1896
-102,1897
-102,1898
-102,1899
-102,1900
-102,1901
-102,1902
-102,1903
-102,1904
-102,1905
-102,1906
-102,1907
-102,1908
-102,1909
-102,1910
-102,1911
-102,1912
-102,1913
-102,1914
-102,1915
-102,1916
-102,1917
-102,1918
-102,1919
-102,1920
-102,1921
-102,1922
-102,1923
-102,1924
-102,1925
-102,1926
-102,1927
-102,1928
-102,1929
-102,1930
-102,1931
-102,1932
-102,1933
-102,1934
-102,1935
-102,1936
-102,1937
-102,1938
-102,1939
-102,1940
-102,1941
-102,1942
-102,1943
-102,1944
-102,1945
-102,1946
-102,1947
-102,1948
-102,1949
-102,1950
-102,1951
-102,1952
-102,1953
-102,1954
-102,1955
-102,1956
-102,1957
-102,1958
-102,1959
-102,1960
-102,1961
-102,1962
-102,1963
-102,1964
-102,1965
-102,1966
-102,1967
-102,1968
-102,1969
-102,1970
-102,1971
-102,1972
-102,1973
-102,1974
-102,1975
-102,1976
-102,1977
-102,1978
-102,1979
-102,1980
-102,1981
-102,1982
-102,1983
-102,1984
-102,1985
-102,1986
-102,1987
-102,1988
-102,1989
-102,1990
-102,1991
-102,1992
-102,1993
-102,1994
-102,1995
-102,1996
-102,1997
-102,1998
-102,1999
-102,2000
