277,1
277,2
277,3
277,4
277,5
277,6
277,7
277,8
277,9
277,10
277,11
277,12
277,13
277,14
277,15
277,16
277,17
277,18
277,19
277,20
277,21
277,22
277,23
277,24
277,25
277,26
277,27
277,28
277,29
277,30
277,31
277,32
277,33
277,34
277,35
277,36
277,37
277,38
277,39
277,40
277,41
277,42
277,43
277,44
277,45
277,46
277,47
277,48
277,49
277,50
277,51
277,52
277,53
277,54
277,55
277,56
277,57
277,58
277,59
277,60
277,61
277,62
277,63
277,64
277,65
277,66
277,67
277,68
277,69
277,70
277,71
277,72
277,73
277,74
277,75
277,76
277,77
277,78
277,79
277,80
277,81
277,82
277,83
277,84
277,85
277,86
277,87
277,88
277,89
277,90
277,91
277,92
277,93
277,94
277,95
277,96
277,97
277,98
277,99
277,100
277,101
277,102
277,103
277,104
277,105
277,106
277,107
277,108
277,109
277,110
277,111
277,112
277,113
277,114
277,115
277,116
277,117
277,118
277,119
277,120
277,121
277,122
277,123
277,124
277,125
277,126
277,127
277,128
277,129
277,130
277,131
277,132
277,133
277,134
277,135
277,136
277,137
277,138
277,139
277,140
277,141
277,142
277,143
277,144
277,145
277,146
277,147
277,148
277,149
277,150
277,151
277,152
277,153
277,154
277,155
277,156
277,157
277,158
277,159
277,160
277,161
277,162
277,163
277,164
277,165
277,166
277,167
277,168
277,169
277,170
277,171
277,172
277,173
277,174
277,175
277,176
277,177
277,178
277,179
277,180
277,181
277,182
277,183
277,184
277,185
277,186
277,187
277,188
277,189
277,190
277,191
277,192
277,193
277,194
277,195
277,196
277,197
277,198
277,199
277,200
277,201
277,202
277,203
277,204
277,205
277,206
277,207
277,208
277,209
277,210
277,211
277,212
277,213
277,214
277,215
277,216
277,217
277,218
277,219
277,220
277,221
277,222
277,223
277,224
277,225
277,226
277,227
277,228
277,229
277,230
277,231
277,232
277,233
277,234
277,235
277,236
277,237
277,238
277,239
277,240
277,241
277,242
277,243
277,244
277,245
277,246
277,247
277,248
277,249
277,250
277,251
277,252
277,253
277,254
277,255
277,256
277,257
277,258
277,259
277,260
277,261
277,262
277,263
277,264
277,265
277,266
277,267
277,268
277,269
277,270
277,271
277,272
277,273
277,274
277,275
277,276
277,277
277,278
277,279
277,280
277,281
277,282
277,283
277,284
277,285
277,286
277,287
277,288
277,289
277,290
277,291
277,292
277,293
277,294
277,295
277,296
277,297
277,298
277,299
277,300
277,301
:91_3,302
:91_3,303
:91_3,304
:91_3,305
79,306
79,307
79,308
79,309
79,310
79,311
79,312
79,313
79,314
79,315
79,316
79,317
79,318
79,319
79,320
79,321
79,322
79,323
79,324
79,325
79,326
79,327
79,328
79,329
79,330
79,331
79,332
79,333
79,334
79,335
79,336
79,337
79,338
79,339
79,340
79,341
79,342
79,343
79,344
79,345
79,346
79,347
79,348
79,349
79,350
79,351
79,352
79,353
79,354
79,355
79,356
79,357
79,358
79,359
79,360
79,361
79,362
79,363
79,364
79,365
79,366
79,367
79,368
79,369
79,370
79,371
79,372
79,373
79,374
79,375
79,376
79,377
79,378
79,379
79,380
79,381
79,382
79,383
79,384
79,385
79,386
79,387
79,388
79,389
79,390
79,391
79,392
79,393
79,394
79,395
79,396
79,397
79,398
79,399
79,400
79,401
79,402
:92_3,403
:92_3,404
:92_3,405
:92_3,406
:92_3,407
:92_3,408
-571,409
-571,410
-571,411
-571,412
-571,413
-571,414
-571,415
-571,416
-571,417
-571,418
-571,419
-571,420
-571,421
-571,422
-571,423
-571,424
-571,425
-571,426
-571,427
-571,428
-571,429
-571,430
-571,431
-571,432
-571,433
-571,434
-571,435
-571,436
-571,437
-571,438
-571,439
-571,440
-571,441
-571,442
-571,443
-571,444
-571,445
-571,446
-571,447
-571,448
-571,449
-571,450
-571,451
-571,452
-571,453
-571,454
-571,455
-571,456
-571,457
-571,458
-571,459
-571,460
-571,461
-571,462
-571,463
-571,464
-571,465
-571,466
-571,467
-571,468
-571,469
-571,470
-571,471
-571,472
-571,473
-571,474
-571,475
-571,476
-571,477
-571,478
-571,479
-571,480
-571,481
-571,482
-571,483
-571,484
-571,485
-571,486
-571,487
-571,488
-571,489
-571,490
-571,491
-571,492
-571,493
-571,494
-571,495
-571,496
-571,497
-571,498
-571,499
-571,500
-571,501
-571,502
-571,503
-571,504
-571,505
-571,506
-571,507
-571,508
-571,509
-571,510
-571,511
-571,512
-571,513
-571,514
-571,515
-571,516
-571,517
-571,518
-571,519
-571,520
-571,521
-571,522
-571,523
-571,524
-571,525
-571,526
-571,527
-571,528
-571,529
-571,530
-571,531
-571,532
-571,533
-571,534
-571,535
-571,536
-571,537
-571,538
-571,539
-571,540
-571,541
-571,542
-571,543
-571,544
-571,545
-571,546
-571,547
-571,548
-571,549
-571,550
-571,551
-571,552
-571,553
-571,554
-571,555
-571,556
-571,557
-571,558
-571,559
-571,560
-571,561
-571,562
-571,563
-571,564
-571,565
-571,566
-571,567
-571,568
-571,569
-571,570
-571,571
-571,572
-571,573
-571,574
-571,575
-571,576
-571,577
-571,578
-571,579
-571,580
-571,581
-571,582
-571,583
-571,584
-571,585
-571,586
-571,587
-571,588
-571,589
-571,590
-571,591
-571,592
-571,593
-571,594
-571,595
:99_7,596
:99_7,597
:99_7,598
:99_7,599
:99_7,600
-570,601
-570,602
-570,603
-570,604
-570,605
-570,606
-570,607
-570,608
-570,609
-570,610
-570,611
-570,612
-570,613
-570,614
-570,615
-570,616
-570,617
-570,618
-570,619
-570,620
-570,621
-570,622
-570,623
-570,624
-570,625
-570,626
-570,627
-570,628
-570,629
-570,630
-570,631
-570,632
-570,633
-570,634
-570,635
-570,636
-570,637
-570,638
-570,639
-570,640
-570,641
-570,642
-570,643
-570,644
-570,645
-570,646
-570,647
-570,648
-570,649
-570,650
-570,651
-570,652
-570,653
-570,654
-570,655
-570,656
-570,657
-570,658
-570,659
-570,660
-570,661
-570,662
-570,663
-570,664
-570,665
-570,666
-570,667
-570,668
-570,669
-570,670
-570,671
-570,672
-570,673
-570,674
-570,675
-570,676
-570,677
-570,678
-570,679
-570,680
-570,681
-570,682
-570,683
-570,684
-570,685
-570,686
-570,687
-570,688
-570,689
-570,690
-570,691
-570,692
-570,693
-570,694
-570,695
-570,696
-570,697
-570,698
-570,699
-570,700
-570,701
-570,702
-570,703
-570,704
-570,705
-570,706
-570,707
-570,708
-570,709
-570,710
-570,711
-570,712
-570,713
-570,714
-570,715
-570,716
-570,717
-570,718
-570,719
-570,720
-570,721
-570,722
-570,723
-570,724
-570,725
-570,726
-570,727
-570,728
-570,729
-570,730
-570,731
-570,732
-570,733
-570,734
-570,735
-570,736
-570,737
-570,738
-570,739
-570,740
-570,741
-570,742
-570,743
-570,744
-570,745
-570,746
-570,747
-570,748
-570,749
-570,750
:151_7,751
:151_7,752
:151_7,753
:151_7,754
:151_7,755
-569,756
-569,757
-569,758
-569,759
-569,760
-569,761
-569,762
-569,763
-569,764
-569,765
-569,766
-569,767
-569,768
-569,769
-569,770
-569,771
-569,772
-569,773
-569,774
-569,775
-569,776
-569,777
-569,778
-569,779
-569,780
-569,781
-569,782
-569,783
-569,784
-569,785
-569,786
-569,787
-569,788
-569,789
-569,790
-569,791
-569,792
-569,793
-569,794
-569,795
-569,796
-569,797
-569,798
-569,799
-569,800
-569,801
-569,802
-569,803
-569,804
-569,805
-569,806
-569,807
-569,808
-569,809
-569,810
-569,811
-569,812
-569,813
-569,814
-569,815
-569,816
-569,817
-569,818
-569,819
-569,820
-569,821
-569,822
-569,823
-569,824
-569,825
-569,826
-569,827
-569,828
-569,829
-569,830
-569,831
-569,832
-569,833
-569,834
-569,835
-569,836
-569,837
-569,838
-569,839
-569,840
-569,841
-569,842
-569,843
-569,844
-569,845
-569,846
-569,847
-569,848
-569,849
-569,850
:64_3,851
:64_3,852
:64_3,853
:64_3,854
:64_3,855
-56,856
-56,857
-56,858
-56,859
-56,860
-56,861
-56,862
-56,863
-56,864
-56,865
-56,866
-56,867
-56,868
-56,869
-56,870
-56,871
-56,872
-56,873
-56,874
-56,875
-56,876
-56,877
-56,878
-56,879
-56,880
-56,881
-56,882
-56,883
-56,884
-56,885
-56,886
-56,887
-56,888
-56,889
-56,890
-56,891
-56,892
-56,893
-56,894
-56,895
-56,896
-56,897
-56,898
-56,899
-56,900
-56,901
-56,902
-56,903
-56,904
-56,905
-56,906
-56,907
-56,908
-56,909
-56,910
-56,911
-56,912
-56,913
-56,914
-56,915
-56,916
-56,917
-56,918
-56,919
-56,920
-56,921
-56,922
-56,923
-56,924
-56,925
-56,926
-56,927
-56,928
-56,929
-56,930
-56,931
-56,932
-56,933
-56,934
-56,935
-56,936
-56,937
-56,938
-56,939
-56,940
-56,941
-56,942
-56,943
-56,944
-56,945
-56,946
-56,947
-56,948
-56,949
-56,950
-56,951
-56,952
-56,953
-56,954
-56,955
-56,956
-56,957
-56,958
-56,959
-56,960
-56,961
-56,962
-56,963
-56,964
-56,965
-56,966
-56,967
-56,968
-56,969
-56,970
-56,971
-56,972
-56,973
-56,974
-56,975
-56,976
-56,977
-56,978
-56,979
-56,980
-56,981
-56,982
-56,983
-56,984
-56,985
-56,986
:58_14,987
:58_14,988
:58_14,989
:58_14,990
:58_14,991
52,992
52,993
52,994
52,995
52,996
52,997
52,998
52,999
52,1000
52,1001
52,1002
52,1003
52,1004
52,1005
52,1006
52,1007
52,1008
52,1009
52,1010
52,1011
52,1012
52,1013
52,1014
52,1015
52,1016
52,1017
52,1018
52,1019
52,1020
52,1021
52,1022
52,1023
52,1024
52,1025
52,1026
52,1027
52,1028
52,1029
52,1030
52,1031
52,1032
52,1033
52,1034
52,1035
52,1036
52,1037
52,1038
52,1039
52,1040
52,1041
52,1042
52,1043
52,1044
52,1045
52,1046
52,1047
52,1048
52,1049
52,1050
52,1051
52,1052
52,1053
52,1054
52,1055
52,1056
52,1057
52,1058
52,1059
52,1060
52,1061
52,1062
52,1063
52,1064
52,1065
52,1066
52,1067
52,1068
52,1069
52,1070
52,1071
52,1072
52,1073
52,1074
52,1075
52,1076
52,1077
52,1078
52,1079
52,1080
52,1081
52,1082
52,1083
52,1084
52,1085
52,1086
52,1087
52,1088
52,1089
52,1090
52,1091
52,1092
52,1093
52,1094
52,1095
52,1096
52,1097
52,1098
52,1099
52,1100
52,1101
52,1102
52,1103
52,1104
52,1105
52,1106
52,1107
52,1108
52,1109
52,1110
52,1111
52,1112
52,1113
52,1114
52,1115
52,1116
52,1117
52,1118
52,1119
52,1120
52,1121
52,1122
52,1123
52,1124
52,1125
52,1126
52,1127
52,1128
52,1129
52,1130
52,1131
:60_4,1132
:60_4,1133
:60_4,1134
:60_4,1135
:60_4,1136
-122,1137
-122,1138
-122,1139
-122,1140
-122,1141
-122,1142
-122,1143
-122,1144
-122,1145
-122,1146
-122,1147
-122,1148
-122,1149
-122,1150
-122,1151
-122,1152
-122,1153
-122,1154
-122,1155
-122,1156
-122,1157
-122,1158
-122,1159
-122,1160
-122,1161
-122,1162
-122,1163
-122,1164
-122,1165
-122,1166
-122,1167
-122,1168
-122,1169
-122,1170
-122,1171
-122,1172
-122,1173
-122,1174
-122,1175
-122,1176
-122,1177
-122,1178
-122,1179
-122,1180
-122,1181
-122,1182
-122,1183
-122,1184
-122,1185
-122,1186
-122,1187
-122,1188
-122,1189
-122,1190
-122,1191
-122,1192
-122,1193
-122,1194
-122,1195
-122,1196
-122,1197
-122,1198
-122,1199
-122,1200
-122,1201
-122,1202
-122,1203
-122,1204
-122,1205
-122,1206
-122,1207
-122,1208
-122,1209
-122,1210
-122,1211
-122,1212
-122,1213
-122,1214
-122,1215
-122,1216
:137_7,1217
:137_7,1218
:137_7,1219
:137_7,1220
:137_7,1221
121,1222
121,1223
121,1224
121,1225
121,1226
121,1227
121,1228
121,1229
121,1230
121,1231
121,1232
121,1233
121,1234
121,1235
121,1236
121,1237
121,1238
121,1239
121,1240
121,1241
121,1242
121,1243
121,1244
121,1245
121,1246
121,1247
121,1248
121,1249
121,1250
121,1251
121,1252
121,1253
121,1254
121,1255
121,1256
121,1257
121,1258
121,1259
121,1260
121,1261
121,1262
121,1263
121,1264
121,1265
121,1266
121,1267
121,1268
121,1269
121,1270
121,1271
121,1272
121,1273
121,1274
121,1275
121,1276
121,1277
121,1278
121,1279
121,1280
121,1281
121,1282
121,1283
121,1284
121,1285
121,1286
121,1287
121,1288
121,1289
121,1290
121,1291
:77_4,1292
:77_4,1293
:77_4,1294
:77_4,1295
:77_4,1296
-67,1297
-67,1298
-67,1299
-67,1300
-67,1301
-67,1302
-67,1303
-67,1304
-67,1305
-67,1306
-67,1307
-67,1308
-67,1309
-67,1310
-67,1311
-67,1312
-67,1313
-67,1314
-67,1315
-67,1316
-67,1317
-67,1318
-67,1319
-67,1320
-67,1321
-67,1322
-67,1323
-67,1324
-67,1325
-67,1326
-67,1327
-67,1328
-67,1329
-67,1330
-67,1331
-67,1332
-67,1333
-67,1334
-67,1335
-67,1336
-67,1337
-67,1338
-67,1339
-67,1340
-67,1341
-67,1342
-67,1343
-67,1344
-67,1345
-67,1346
-67,1347
-67,1348
-67,1349
-67,1350
-67,1351
-67,1352
-67,1353
-67,1354
-67,1355
-67,1356
-67,1357
-67,1358
-67,1359
-67,1360
-67,1361
-67,1362
-67,1363
-67,1364
-67,1365
-67,1366
-67,1367
-67,1368
-67,1369
-67,1370
-67,1371
-67,1372
-67,1373
-67,1374
-67,1375
-67,1376
-67,1377
-67,1378
-67,1379
-67,1380
-67,1381
-67,1382
-67,1383
-67,1384
-67,1385
-67,1386
-67,1387
-67,1388
-67,1389
-67,1390
-67,1391
-67,1392
-67,1393
-67,1394
-67,1395
-67,1396
-67,1397
-67,1398
-67,1399
-67,1400
-67,1401
-67,1402
-67,1403
-67,1404
-67,1405
-67,1406
-67,1407
-67,1408
-67,1409
-67,1410
-67,1411
-67,1412
-67,1413
:74_9,1414
:74_9,1415
:74_9,1416
:74_9,1417
:74_9,1418
66,1419
66,1420
66,1421
66,1422
66,1423
66,1424
66,1425
66,1426
66,1427
66,1428
66,1429
66,1430
66,1431
66,1432
66,1433
66,1434
66,1435
66,1436
66,1437
66,1438
66,1439
66,1440
66,1441
66,1442
66,1443
66,1444
66,1445
66,1446
66,1447
66,1448
66,1449
66,1450
66,1451
66,1452
66,1453
66,1454
66,1455
66,1456
66,1457
66,1458
66,1459
66,1460
66,1461
66,1462
66,1463
66,1464
66,1465
66,1466
66,1467
66,1468
66,1469
66,1470
66,1471
66,1472
66,1473
66,1474
66,1475
66,1476
66,1477
66,1478
66,1479
66,1480
66,1481
66,1482
66,1483
66,1484
66,1485
66,1486
66,1487
66,1488
66,1489
66,1490
66,1491
66,1492
66,1493
66,1494
66,1495
66,1496
66,1497
66,1498
66,1499
66,1500
66,1501
66,1502
66,1503
66,1504
66,1505
66,1506
66,1507
66,1508
66,1509
66,1510
66,1511
66,1512
66,1513
66,1514
66,1515
66,1516
66,1517
66,1518
66,1519
66,1520
66,1521
66,1522
66,1523
:76_9,1524
:76_9,1525
:76_9,1526
:76_9,1527
:76_9,1528
-460,1529
-460,1530
-460,1531
-460,1532
-460,1533
-460,1534
-460,1535
-460,1536
-460,1537
-460,1538
-460,1539
-460,1540
-460,1541
-460,1542
-460,1543
-460,1544
-460,1545
-460,1546
-460,1547
-460,1548
-460,1549
-460,1550
-460,1551
-460,1552
-460,1553
-460,1554
-460,1555
-460,1556
-460,1557
-460,1558
-460,1559
-460,1560
-460,1561
-460,1562
-460,1563
-460,1564
-460,1565
-460,1566
-460,1567
-460,1568
-460,1569
-460,1570
-460,1571
-460,1572
-460,1573
-460,1574
-460,1575
-460,1576
-460,1577
-460,1578
-460,1579
-460,1580
-460,1581
-460,1582
-460,1583
-460,1584
-460,1585
-460,1586
-460,1587
-460,1588
-460,1589
-460,1590
-460,1591
-460,1592
:391_7,1593
:391_7,1594
:391_7,1595
:391_7,1596
:391_7,1597
458,1598
458,1599
458,1600
458,1601
458,1602
458,1603
458,1604
458,1605
458,1606
458,1607
458,1608
458,1609
458,1610
458,1611
458,1612
458,1613
458,1614
458,1615
458,1616
458,1617
458,1618
458,1619
458,1620
458,1621
458,1622
458,1623
458,1624
458,1625
458,1626
458,1627
458,1628
458,1629
458,1630
458,1631
458,1632
458,1633
458,1634
458,1635
458,1636
458,1637
458,1638
458,1639
458,1640
458,1641
458,1642
458,1643
458,1644
458,1645
458,1646
458,1647
458,1648
458,1649
458,1650
458,1651
458,1652
458,1653
458,1654
458,1655
458,1656
458,1657
458,1658
458,1659
458,1660
458,1661
458,1662
458,1663
458,1664
458,1665
458,1666
458,1667
458,1668
458,1669
458,1670
458,1671
458,1672
458,1673
458,1674
458,1675
:167_4,1676
:167_4,1677
:167_4,1678
:167_4,1679
:167_4,1680
-151,1681
-151,1682
-151,1683
-151,1684
-151,1685
-151,1686
-151,1687
-151,1688
-151,1689
-151,1690
-151,1691
-151,1692
-151,1693
-151,1694
-151,1695
-151,1696
-151,1697
-151,1698
-151,1699
-151,1700
-151,1701
-151,1702
-151,1703
-151,1704
-151,1705
-151,1706
-151,1707
-151,1708
-151,1709
-151,1710
-151,1711
-151,1712
-151,1713
-151,1714
-151,1715
-151,1716
-151,1717
-151,1718
-151,1719
-151,1720
-151,1721
-151,1722
-151,1723
-151,1724
-151,1725
-151,1726
-151,1727
-151,1728
-151,1729
-151,1730
-151,1731
:166_5,1732
:166_5,1733
:166_5,1734
:166_5,1735
:166_5,1736
154,1737
154,1738
154,1739
154,1740
154,1741
154,1742
154,1743
154,1744
154,1745
154,1746
154,1747
154,1748
154,1749
154,1750
154,1751
154,1752
154,1753
154,1754
154,1755
154,1756
154,1757
154,1758
154,1759
154,1760
154,1761
154,1762
154,1763
154,1764
154,1765
154,1766
154,1767
154,1768
154,1769
154,1770
154,1771
154,1772
154,1773
154,1774
154,1775
154,1776
154,1777
154,1778
154,1779
154,1780
154,1781
154,1782
154,1783
154,1784
154,1785
154,1786
154,1787
154,1788
154,1789
154,1790
154,1791
154,1792
154,1793
154,1794
154,1795
154,1796
154,1797
154,1798
154,1799
154,1800
154,1801
154,1802
154,1803
154,1804
154,1805
154,1806
154,1807
154,1808
154,1809
154,1810
154,1811
154,1812
154,1813
154,1814
154,1815
154,1816
154,1817
154,1818
154,1819
154,1820
154,1821
154,1822
154,1823
154,1824
154,1825
154,1826
154,1827
154,1828
154,1829
154,1830
154,1831
154,1832
154,1833
154,1834
154,1835
154,1836
154,1837
154,1838
154,1839
154,1840
154,1841
154,1842
154,1843
154,1844
154,1845
154,1846
154,1847
154,1848
154,1849
154,1850
154,1851
154,1852
154,1853
154,1854
154,1855
154,1856
154,1857
154,1858
154,1859
154,1860
154,1861
154,1862
154,1863
154,1864
154,1865
154,1866
154,1867
154,1868
154,1869
154,1870
154,1871
154,1872
154,1873
154,1874
154,1875
154,1876
154,1877
154,1878
154,1879
154,1880
154,1881
154,1882
154,1883
154,1884
154,1885
154,1886
154,1887
154,1888
154,1889
154,1890
154,1891
154,1892
154,1893
154,1894
154,1895
154,1896
154,1897
154,1898
154,1899
154,1900
154,1901
154,1902
154,1903
154,1904
154,1905
154,1906
154,1907
154,1908
154,1909
154,1910
154,1911
154,1912
154,1913
154,1914
154,1915
154,1916
154,1917
154,1918
154,1919
154,1920
154,1921
154,1922
154,1923
154,1924
154,1925
154,1926
154,1927
154,1928
154,1929
154,1930
154,1931
154,1932
154,1933
154,1934
154,1935
154,1936
154,1937
154,1938
154,1939
154,1940
154,1941
154,1942
154,1943
154,1944
154,1945
154,1946
154,1947
154,1948
154,1949
154,1950
154,1951
154,1952
154,1953
154,1954
154,1955
154,1956
154,1957
154,1958
154,1959
154,1960
154,1961
154,1962
154,1963
154,1964
154,1965
154,1966
154,1967
154,1968
154,1969
:170_5,1970
:170_5,1971
:170_5,1972
:170_5,1973
:170_5,1974
:170_5,1975
-196,1976
-196,1977
-196,1978
-196,1979
-196,1980
-196,1981
-196,1982
-196,1983
-196,1984
-196,1985
-196,1986
-196,1987
-196,1988
-196,1989
-196,1990
-196,1991
-196,1992
-196,1993
-196,1994
-196,1995
-196,1996
-196,1997
-196,1998
-196,1999
-196,2000
