-172,1
-172,2
-172,3
-172,4
-172,5
-172,6
-172,7
-172,8
-172,9
-172,10
-172,11
-172,12
-172,13
-172,14
-172,15
-172,16
-172,17
-172,18
-172,19
-172,20
-172,21
-172,22
-172,23
-172,24
-172,25
-172,26
-172,27
-172,28
-172,29
-172,30
-172,31
-172,32
-172,33
-172,34
-172,35
-172,36
-172,37
-172,38
-172,39
-172,40
-172,41
-172,42
-172,43
-172,44
-172,45
-172,46
-172,47
-172,48
-172,49
-172,50
-172,51
-172,52
-172,53
-172,54
-172,55
-172,56
-172,57
-172,58
-172,59
-172,60
-172,61
-172,62
-172,63
-172,64
-172,65
-172,66
-172,67
-172,68
-172,69
-172,70
-172,71
-172,72
-172,73
-172,74
-172,75
-172,76
-172,77
-172,78
-172,79
-172,80
-172,81
-172,82
-172,83
-172,84
-172,85
-172,86
-172,87
-172,88
-172,89
-172,90
-172,91
-172,92
-172,93
-172,94
-172,95
-172,96
-172,97
-172,98
-172,99
-172,100
-172,101
-172,102
-172,103
-172,104
-172,105
-172,106
-172,107
-172,108
-172,109
-172,110
-172,111
-172,112
-172,113
-172,114
-172,115
-172,116
-172,117
-172,118
-172,119
-172,120
-172,121
-172,122
:181_2,123
:181_2,124
:181_16,125
:181_16,126
:181_16,127
173,128
173,129
173,130
173,131
173,132
173,133
173,134
173,135
173,136
173,137
173,138
173,139
173,140
173,141
173,142
173,143
173,144
173,145
173,146
173,147
173,148
173,149
173,150
173,151
173,152
173,153
173,154
173,155
173,156
173,157
173,158
173,159
173,160
173,161
173,162
173,163
173,164
173,165
173,166
173,167
173,168
173,169
173,170
173,171
173,172
173,173
173,174
173,175
173,176
173,177
173,178
173,179
173,180
173,181
173,182
173,183
173,184
173,185
173,186
173,187
173,188
173,189
173,190
173,191
173,192
173,193
173,194
173,195
173,196
173,197
173,198
173,199
173,200
173,201
173,202
173,203
173,204
173,205
173,206
173,207
173,208
173,209
173,210
173,211
173,212
173,213
173,214
173,215
173,216
173,217
173,218
173,219
173,220
173,221
173,222
173,223
173,224
173,225
173,226
173,227
173,228
173,229
173,230
173,231
173,232
173,233
173,234
173,235
173,236
173,237
173,238
173,239
173,240
173,241
173,242
173,243
173,244
173,245
173,246
173,247
173,248
173,249
173,250
173,251
173,252
173,253
173,254
173,255
173,256
173,257
173,258
173,259
173,260
173,261
173,262
173,263
173,264
173,265
173,266
173,267
173,268
173,269
173,270
173,271
173,272
173,273
173,274
173,275
173,276
173,277
173,278
173,279
:186_13,280
:186_13,281
:186_13,282
:186_13,283
:186_13,284
227,285
227,286
227,287
227,288
227,289
227,290
227,291
227,292
227,293
227,294
227,295
227,296
227,297
227,298
227,299
227,300
227,301
227,302
227,303
227,304
227,305
227,306
227,307
227,308
227,309
227,310
227,311
227,312
227,313
227,314
227,315
227,316
227,317
227,318
227,319
227,320
227,321
227,322
227,323
227,324
227,325
227,326
227,327
227,328
227,329
227,330
227,331
227,332
227,333
227,334
227,335
227,336
227,337
227,338
227,339
227,340
227,341
227,342
-211,343
-211,344
-211,345
-211,346
-211,347
-211,348
-211,349
-211,350
-211,351
-211,352
-211,353
-211,354
-211,355
-211,356
-211,357
-211,358
-211,359
-211,360
-211,361
-211,362
-211,363
-211,364
-211,365
-211,366
-211,367
-211,368
-211,369
-211,370
-211,371
-211,372
-211,373
-211,374
-211,375
-211,376
-211,377
-211,378
-211,379
-211,380
-211,381
-211,382
-211,383
-211,384
-211,385
-211,386
-211,387
:189_12,388
:189_12,389
:189_12,390
-176,391
-176,392
-176,393
-176,394
-176,395
-176,396
-176,397
-176,398
-176,399
-176,400
-176,401
-176,402
-176,403
-176,404
-176,405
-176,406
-176,407
-176,408
-176,409
-176,410
-176,411
-176,412
-176,413
-176,414
-176,415
-176,416
-176,417
-176,418
-176,419
-176,420
-176,421
-176,422
-176,423
-176,424
-176,425
-176,426
-176,427
-176,428
-176,429
-176,430
-176,431
-176,432
-176,433
-176,434
-176,435
-176,436
-176,437
-176,438
-176,439
-176,440
-176,441
-176,442
-176,443
-176,444
-176,445
-176,446
-176,447
-176,448
-176,449
-176,450
-176,451
-176,452
-176,453
-176,454
-176,455
-176,456
-176,457
-176,458
-176,459
-176,460
-176,461
-176,462
-176,463
-176,464
-176,465
-176,466
-176,467
-176,468
-176,469
-176,470
-176,471
-176,472
-176,473
-176,474
-176,475
-176,476
-176,477
-176,478
-176,479
-176,480
-176,481
-176,482
-176,483
-176,484
-176,485
-176,486
-176,487
-176,488
-176,489
-176,490
-176,491
-176,492
-176,493
-176,494
:13_13,495
:13_17,496
:13_17,497
685,498
685,499
685,500
685,501
685,502
685,503
685,504
685,505
685,506
685,507
685,508
685,509
685,510
685,511
685,512
685,513
685,514
685,515
:373_5,516
684,517
684,518
684,519
684,520
684,521
684,522
684,523
684,524
684,525
684,526
684,527
684,528
684,529
684,530
684,531
684,532
684,533
684,534
684,535
:6_9,536
:6_9,537
:6_9,538
6,539
6,540
6,541
6,542
6,543
6,544
6,545
6,546
6,547
6,548
6,549
6,550
6,551
6,552
6,553
6,554
6,555
6,556
6,557
6,558
6,559
6,560
6,561
6,562
6,563
6,564
6,565
6,566
6,567
6,568
6,569
6,570
6,571
6,572
6,573
6,574
6,575
6,576
6,577
6,578
6,579
6,580
6,581
6,582
6,583
6,584
6,585
6,586
6,587
6,588
6,589
6,590
6,591
6,592
6,593
6,594
6,595
6,596
6,597
6,598
6,599
6,600
6,601
6,602
6,603
6,604
6,605
6,606
6,607
6,608
6,609
6,610
6,611
6,612
6,613
6,614
6,615
6,616
6,617
6,618
6,619
6,620
6,621
6,622
6,623
6,624
6,625
6,626
6,627
6,628
6,629
6,630
6,631
6,632
6,633
6,634
6,635
6,636
6,637
6,638
6,639
6,640
6,641
6,642
6,643
6,644
6,645
6,646
6,647
6,648
6,649
6,650
6,651
6,652
6,653
6,654
6,655
6,656
6,657
6,658
6,659
6,660
6,661
6,662
6,663
6,664
6,665
6,666
6,667
6,668
6,669
6,670
6,671
6,672
6,673
6,674
6,675
6,676
6,677
6,678
6,679
6,680
6,681
6,682
6,683
6,684
6,685
6,686
6,687
6,688
6,689
6,690
6,691
6,692
6,693
6,694
6,695
6,696
6,697
6,698
6,699
6,700
6,701
6,702
6,703
6,704
6,705
6,706
6,707
6,708
6,709
6,710
6,711
6,712
6,713
6,714
6,715
6,716
6,717
6,718
6,719
6,720
6,721
6,722
6,723
6,724
6,725
6,726
6,727
6,728
6,729
6,730
6,731
6,732
6,733
6,734
6,735
6,736
6,737
6,738
6,739
:8_1,740
7,741
7,742
7,743
7,744
7,745
7,746
7,747
7,748
7,749
7,750
7,751
7,752
7,753
7,754
7,755
7,756
7,757
7,758
7,759
7,760
7,761
7,762
7,763
7,764
7,765
7,766
7,767
7,768
7,769
7,770
7,771
7,772
7,773
7,774
7,775
7,776
7,777
7,778
7,779
7,780
7,781
7,782
7,783
7,784
7,785
7,786
7,787
7,788
7,789
7,790
7,791
7,792
7,793
7,794
7,795
7,796
7,797
7,798
7,799
7,800
7,801
7,802
7,803
7,804
7,805
7,806
7,807
7,808
8,809
8,810
8,811
8,812
8,813
8,814
8,815
8,816
8,817
8,818
8,819
8,820
8,821
8,822
8,823
8,824
8,825
8,826
8,827
8,828
8,829
8,830
8,831
8,832
8,833
8,834
8,835
8,836
8,837
8,838
8,839
8,840
8,841
8,842
8,843
8,844
8,845
8,846
8,847
8,848
8,849
8,850
8,851
8,852
8,853
8,854
8,855
8,856
8,857
8,858
8,859
8,860
8,861
8,862
8,863
8,864
8,865
8,866
8,867
8,868
9,869
9,870
9,871
9,872
9,873
9,874
9,875
9,876
9,877
9,878
9,879
9,880
9,881
9,882
9,883
9,884
9,885
9,886
9,887
9,888
9,889
9,890
9,891
9,892
9,893
9,894
9,895
9,896
9,897
9,898
9,899
9,900
9,901
9,902
9,903
9,904
9,905
9,906
9,907
9,908
9,909
9,910
9,911
9,912
9,913
9,914
9,915
9,916
9,917
9,918
9,919
9,920
9,921
9,922
9,923
9,924
9,925
10,926
10,927
10,928
10,929
10,930
10,931
10,932
10,933
10,934
10,935
10,936
10,937
10,938
10,939
10,940
10,941
10,942
10,943
10,944
10,945
10,946
10,947
10,948
10,949
10,950
10,951
10,952
10,953
10,954
10,955
10,956
10,957
10,958
10,959
10,960
10,961
10,962
10,963
10,964
10,965
10,966
10,967
10,968
10,969
10,970
10,971
10,972
10,973
10,974
10,975
10,976
10,977
10,978
10,979
10,980
10,981
10,982
10,983
11,984
11,985
11,986
11,987
11,988
11,989
11,990
11,991
11,992
11,993
11,994
11,995
11,996
11,997
11,998
11,999
11,1000
11,1001
11,1002
11,1003
11,1004
11,1005
11,1006
11,1007
11,1008
11,1009
11,1010
11,1011
11,1012
11,1013
11,1014
11,1015
11,1016
11,1017
11,1018
11,1019
11,1020
11,1021
11,1022
11,1023
11,1024
11,1025
11,1026
11,1027
11,1028
11,1029
11,1030
11,1031
11,1032
11,1033
11,1034
11,1035
11,1036
11,1037
11,1038
11,1039
11,1040
11,1041
11,1042
11,1043
11,1044
11,1045
11,1046
11,1047
11,1048
11,1049
11,1050
11,1051
11,1052
11,1053
11,1054
11,1055
11,1056
11,1057
11,1058
11,1059
11,1060
11,1061
11,1062
11,1063
11,1064
11,1065
11,1066
11,1067
11,1068
11,1069
11,1070
11,1071
11,1072
11,1073
11,1074
11,1075
11,1076
11,1077
11,1078
11,1079
11,1080
11,1081
11,1082
11,1083
11,1084
11,1085
11,1086
11,1087
11,1088
11,1089
11,1090
11,1091
11,1092
11,1093
11,1094
11,1095
11,1096
11,1097
11,1098
11,1099
11,1100
11,1101
11,1102
11,1103
:4_6,1104
:4_6,1105
:4_6,1106
-3,1107
-3,1108
-3,1109
-3,1110
-3,1111
-3,1112
-3,1113
-3,1114
-3,1115
-3,1116
-3,1117
-3,1118
-3,1119
-3,1120
-3,1121
-3,1122
-3,1123
-3,1124
-3,1125
-3,1126
-3,1127
-3,1128
-3,1129
-3,1130
-3,1131
-3,1132
-3,1133
-3,1134
-3,1135
-3,1136
-3,1137
-3,1138
-3,1139
-3,1140
-3,1141
-3,1142
-3,1143
-3,1144
-3,1145
-3,1146
-3,1147
-3,1148
-3,1149
-3,1150
-3,1151
-3,1152
-3,1153
-3,1154
-3,1155
-3,1156
-3,1157
-3,1158
-3,1159
-3,1160
-3,1161
-3,1162
-3,1163
-3,1164
-3,1165
-3,1166
-3,1167
-3,1168
-3,1169
-3,1170
-3,1171
-3,1172
-3,1173
-3,1174
-3,1175
-3,1176
-3,1177
-3,1178
-3,1179
-3,1180
-3,1181
-3,1182
-3,1183
-3,1184
-3,1185
-3,1186
-3,1187
-3,1188
-3,1189
-3,1190
-3,1191
-3,1192
-3,1193
-3,1194
-3,1195
-3,1196
-3,1197
-3,1198
-3,1199
-3,1200
-3,1201
-3,1202
-3,1203
-3,1204
-3,1205
-3,1206
-3,1207
-3,1208
-3,1209
-3,1210
-3,1211
-3,1212
-3,1213
-3,1214
-3,1215
-3,1216
-3,1217
-3,1218
-3,1219
-3,1220
-3,1221
-3,1222
-3,1223
-3,1224
-3,1225
-3,1226
-3,1227
-3,1228
-3,1229
-3,1230
-3,1231
-3,1232
-3,1233
-3,1234
-3,1235
-3,1236
-3,1237
-3,1238
-3,1239
-3,1240
-3,1241
-3,1242
-3,1243
-3,1244
-3,1245
-3,1246
-3,1247
-3,1248
-3,1249
-3,1250
-3,1251
-3,1252
-3,1253
-3,1254
-3,1255
-3,1256
-3,1257
-3,1258
-3,1259
-3,1260
-3,1261
-3,1262
-3,1263
-3,1264
-3,1265
-3,1266
-3,1267
-3,1268
-3,1269
-3,1270
-3,1271
-3,1272
-3,1273
-3,1274
-3,1275
-3,1276
-3,1277
-3,1278
-3,1279
-3,1280
-3,1281
-3,1282
-3,1283
-3,1284
-3,1285
-3,1286
-3,1287
-3,1288
-3,1289
-3,1290
-3,1291
-3,1292
-3,1293
-3,1294
-3,1295
-3,1296
-3,1297
-3,1298
-3,1299
-3,1300
-3,1301
-3,1302
-3,1303
-3,1304
-3,1305
-3,1306
-3,1307
-3,1308
-3,1309
-3,1310
-3,1311
-3,1312
-3,1313
-3,1314
-3,1315
-3,1316
-3,1317
-3,1318
-3,1319
-3,1320
-3,1321
-3,1322
-3,1323
-3,1324
-3,1325
-3,1326
-3,1327
-3,1328
-3,1329
-3,1330
-3,1331
-3,1332
-3,1333
-3,1334
-3,1335
-3,1336
-3,1337
-3,1338
-3,1339
-3,1340
-3,1341
-3,1342
-3,1343
-3,1344
-3,1345
-3,1346
-3,1347
-3,1348
-3,1349
-3,1350
-3,1351
-3,1352
-3,1353
-3,1354
-3,1355
-3,1356
-3,1357
-3,1358
-3,1359
-3,1360
-3,1361
-3,1362
-3,1363
-3,1364
-3,1365
-3,1366
-3,1367
-3,1368
-3,1369
-3,1370
-3,1371
-3,1372
-3,1373
-3,1374
-3,1375
-3,1376
-3,1377
-3,1378
-3,1379
-3,1380
-3,1381
-3,1382
-3,1383
-3,1384
-3,1385
-3,1386
-3,1387
-3,1388
-3,1389
-3,1390
-3,1391
-3,1392
-3,1393
-3,1394
-3,1395
-3,1396
-3,1397
-3,1398
-3,1399
-3,1400
-3,1401
-3,1402
-3,1403
-3,1404
-3,1405
-3,1406
-3,1407
-3,1408
-3,1409
-3,1410
-3,1411
-3,1412
-3,1413
-3,1414
-3,1415
-3,1416
-3,1417
-3,1418
-3,1419
-3,1420
-3,1421
-3,1422
-3,1423
-3,1424
-3,1425
-3,1426
-3,1427
-3,1428
-3,1429
-3,1430
-3,1431
-3,1432
-3,1433
-3,1434
-3,1435
-3,1436
-3,1437
-3,1438
-3,1439
-3,1440
-3,1441
-3,1442
-3,1443
-3,1444
-3,1445
-3,1446
-3,1447
-3,1448
:0_14,1449
:0_14,1450
:0_18,1451
:0_18,1452
:0_18,1453
0,1454
0,1455
0,1456
0,1457
0,1458
0,1459
0,1460
0,1461
0,1462
0,1463
0,1464
0,1465
0,1466
0,1467
0,1468
0,1469
0,1470
0,1471
0,1472
0,1473
0,1474
0,1475
0,1476
0,1477
0,1478
0,1479
0,1480
0,1481
0,1482
0,1483
0,1484
0,1485
0,1486
0,1487
0,1488
0,1489
0,1490
0,1491
0,1492
0,1493
0,1494
0,1495
0,1496
0,1497
0,1498
0,1499
0,1500
0,1501
0,1502
0,1503
0,1504
0,1505
0,1506
0,1507
0,1508
0,1509
0,1510
0,1511
0,1512
0,1513
0,1514
0,1515
0,1516
0,1517
0,1518
0,1519
0,1520
0,1521
0,1522
0,1523
0,1524
0,1525
0,1526
0,1527
0,1528
0,1529
0,1530
0,1531
0,1532
0,1533
0,1534
0,1535
0,1536
0,1537
0,1538
0,1539
0,1540
0,1541
0,1542
0,1543
0,1544
0,1545
0,1546
0,1547
0,1548
0,1549
0,1550
0,1551
0,1552
0,1553
0,1554
0,1555
0,1556
0,1557
0,1558
0,1559
0,1560
0,1561
0,1562
0,1563
0,1564
0,1565
0,1566
0,1567
0,1568
0,1569
0,1570
0,1571
0,1572
0,1573
0,1574
0,1575
0,1576
0,1577
0,1578
0,1579
0,1580
0,1581
0,1582
0,1583
0,1584
0,1585
0,1586
0,1587
0,1588
0,1589
0,1590
0,1591
0,1592
0,1593
0,1594
0,1595
0,1596
0,1597
0,1598
0,1599
0,1600
0,1601
0,1602
:1_7,1603
:1_7,1604
:1_7,1605
:1_7,1606
:1_7,1607
:1_7,1608
:1_7,1609
1,1610
1,1611
1,1612
1,1613
1,1614
1,1615
1,1616
1,1617
1,1618
1,1619
1,1620
1,1621
1,1622
1,1623
1,1624
1,1625
1,1626
1,1627
1,1628
1,1629
1,1630
1,1631
1,1632
1,1633
1,1634
1,1635
1,1636
1,1637
1,1638
1,1639
1,1640
1,1641
1,1642
1,1643
1,1644
1,1645
1,1646
1,1647
1,1648
1,1649
1,1650
1,1651
1,1652
:2_3,1653
:2_3,1654
:2_3,1655
:2_3,1656
:2_3,1657
:2_3,1658
2,1659
2,1660
2,1661
2,1662
2,1663
2,1664
2,1665
2,1666
2,1667
2,1668
2,1669
2,1670
2,1671
2,1672
2,1673
2,1674
2,1675
2,1676
2,1677
2,1678
2,1679
2,1680
2,1681
2,1682
2,1683
2,1684
2,1685
2,1686
2,1687
2,1688
2,1689
2,1690
2,1691
2,1692
2,1693
2,1694
2,1695
2,1696
2,1697
2,1698
2,1699
2,1700
2,1701
2,1702
2,1703
2,1704
2,1705
2,1706
2,1707
2,1708
2,1709
2,1710
2,1711
2,1712
2,1713
2,1714
2,1715
2,1716
2,1717
2,1718
2,1719
2,1720
2,1721
2,1722
2,1723
2,1724
2,1725
2,1726
2,1727
2,1728
2,1729
2,1730
2,1731
2,1732
2,1733
2,1734
2,1735
2,1736
2,1737
2,1738
2,1739
2,1740
2,1741
2,1742
2,1743
2,1744
2,1745
2,1746
2,1747
2,1748
2,1749
2,1750
2,1751
2,1752
2,1753
2,1754
2,1755
2,1756
2,1757
2,1758
2,1759
2,1760
2,1761
2,1762
2,1763
2,1764
2,1765
2,1766
2,1767
2,1768
2,1769
2,1770
2,1771
2,1772
2,1773
2,1774
2,1775
2,1776
2,1777
2,1778
2,1779
2,1780
2,1781
2,1782
2,1783
2,1784
2,1785
2,1786
:3_7,1787
:3_7,1788
:3_7,1789
:3_7,1790
:3_7,1791
-102,1792
-102,1793
-102,1794
-102,1795
-102,1796
-102,1797
-102,1798
-102,1799
-102,1800
-102,1801
-102,1802
-102,1803
-102,1804
-102,1805
-102,1806
-102,1807
-102,1808
-102,1809
-102,1810
-102,1811
-102,1812
-102,1813
-102,1814
-102,1815
-102,1816
-102,1817
-102,1818
-102,1819
-102,1820
-102,1821
-102,1822
-102,1823
-102,1824
-102,1825
-102,1826
-102,1827
-102,1828
-102,1829
-102,1830
-102,1831
-102,1832
-102,1833
-102,1834
-102,1835
-102,1836
-102,1837
-102,1838
-102,1839
-102,1840
-102,1841
-102,1842
-102,1843
-102,1844
-102,1845
-102,1846
-102,1847
-102,1848
-102,1849
-102,1850
-102,1851
-102,1852
-102,1853
-102,1854
-102,1855
-102,1856
-102,1857
-102,1858
-102,1859
-102,1860
-102,1861
-102,1862
-102,1863
-102,1864
-102,1865
-102,1866
-102,1867
-102,1868
-102,1869
-102,1870
-102,1871
-102,1872
-102,1873
-102,1874
-102,1875
-102,1876
-102,1877
-102,1878
-102,1879
-102,1880
-102,1881
-102,1882
-102,1883
-102,1884
-102,1885
-102,1886
-102,1887
-102,1888
-102,1889
-102,1890
-102,1891
-102,1892
-102,1893
-102,1894
-102,1895
-102,1896
-102,1897
-102,1898
-102,1899
-102,1900
-102,1901
-102,1902
-102,1903
-102,1904
-102,1905
-102,1906
-102,1907
-102,1908
-102,1909
-102,1910
-102,1911
-102,1912
-102,1913
-102,1914
-102,1915
-102,1916
-102,1917
-102,1918
-102,1919
-102,1920
-102,1921
-102,1922
-102,1923
-102,1924
-102,1925
-102,1926
-102,1927
-102,1928
-102,1929
-102,1930
-102,1931
-102,1932
-102,1933
-102,1934
-102,1935
-102,1936
-102,1937
-102,1938
-102,1939
-102,1940
-102,1941
-102,1942
-102,1943
-102,1944
-102,1945
-102,1946
-102,1947
-102,1948
-102,1949
-102,1950
-102,1951
-102,1952
-102,1953
-102,1954
-102,1955
-102,1956
-102,1957
-102,1958
-102,1959
-102,1960
-102,1961
-102,1962
-102,1963
-102,1964
-102,1965
-102,1966
-102,1967
-102,1968
-102,1969
-102,1970
-102,1971
-102,1972
-102,1973
-102,1974
-102,1975
-102,1976
-102,1977
-102,1978
-102,1979
-102,1980
-102,1981
-102,1982
-102,1983
-102,1984
-102,1985
-102,1986
-102,1987
-102,1988
-102,1989
-102,1990
-102,1991
-102,1992
-102,1993
-102,1994
-102,1995
-102,1996
-102,1997
-102,1998
-102,1999
-102,2000
