145,21
145,22
145,23
145,24
145,25
145,26
145,27
145,28
145,29
145,30
145,31
145,32
145,33
145,34
145,35
145,36
145,37
145,38
145,39
145,40
145,41
145,42
145,43
145,44
145,45
145,46
145,47
145,48
145,49
145,50
145,51
145,52
145,53
145,54
145,55
145,56
145,57
145,58
145,59
145,60
145,61
145,62
145,63
145,64
145,65
145,66
145,67
145,68
145,69
145,70
145,71
145,72
145,73
145,74
145,75
145,76
145,77
145,78
145,79
145,80
145,81
145,82
145,83
145,84
145,85
:161_1,86
:161_1,87
:161_1,88
:161_1,89
:161_1,90
187,91
187,92
187,93
187,94
187,95
187,96
187,97
187,98
187,99
187,100
187,101
187,102
187,103
187,104
187,105
187,106
187,107
187,108
187,109
187,110
187,111
187,112
187,113
187,114
187,115
187,116
187,117
187,118
187,119
187,120
187,121
187,122
187,123
187,124
187,125
187,126
187,127
187,128
187,129
187,130
187,131
187,132
187,133
187,134
187,135
187,136
187,137
187,138
187,139
187,140
187,141
187,142
187,143
187,144
187,145
187,146
187,147
187,148
187,149
187,150
187,151
187,152
187,153
187,154
187,155
187,156
187,157
187,158
187,159
187,160
187,161
187,162
187,163
187,164
187,165
187,166
187,167
187,168
187,169
187,170
187,171
187,172
187,173
187,174
187,175
187,176
187,177
187,178
187,179
187,180
187,181
187,182
:165_0,183
:165_0,184
:165_0,185
-413,186
-413,187
-413,188
-413,189
-413,190
-413,191
-413,192
-413,193
-413,194
-413,195
-413,196
-413,197
-413,198
-413,199
-413,200
-413,201
-413,202
-413,203
-413,204
-413,205
-413,206
-413,207
-413,208
-413,209
-413,210
-413,211
-413,212
-413,213
-413,214
-413,215
-413,216
-413,217
-413,218
-413,219
-413,220
-413,221
-413,222
-413,223
-413,224
-413,225
-413,226
-413,227
-413,228
-413,229
-413,230
-413,231
-413,232
-413,233
-413,234
-413,235
-413,236
-413,237
-413,238
-413,239
-413,240
-413,241
-413,242
-413,243
-413,244
-413,245
-413,246
-413,247
-413,248
-413,249
-413,250
-413,251
-413,252
-413,253
-413,254
-413,255
-413,256
-413,257
-413,258
-413,259
-413,260
-413,261
:365_4,262
:365_4,263
:365_4,264
412,265
412,266
412,267
412,268
412,269
412,270
412,271
412,272
412,273
412,274
412,275
412,276
412,277
412,278
412,279
412,280
412,281
412,282
412,283
412,284
412,285
412,286
412,287
412,288
412,289
412,290
412,291
412,292
412,293
412,294
412,295
412,296
412,297
412,298
412,299
412,300
412,301
412,302
412,303
412,304
412,305
412,306
412,307
412,308
412,309
412,310
412,311
412,312
412,313
412,314
412,315
412,316
412,317
412,318
412,319
412,320
412,321
412,322
412,323
412,324
412,325
412,326
412,327
412,328
412,329
412,330
412,331
412,332
412,333
412,334
412,335
412,336
412,337
412,338
412,339
412,340
412,341
412,342
412,343
412,344
412,345
412,346
412,347
412,348
412,349
412,350
412,351
412,352
412,353
412,354
412,355
:193_9,356
:193_9,357
:193_9,358
:193_9,359
:193_9,360
-180,361
-180,362
-180,363
-180,364
-180,365
-180,366
-180,367
-180,368
-180,369
-180,370
-180,371
-180,372
-180,373
-180,374
-180,375
-180,376
-180,377
-180,378
-180,379
-180,380
-180,381
-180,382
-180,383
-180,384
-180,385
-180,386
-180,387
-180,388
-180,389
-180,390
-180,391
-180,392
-180,393
-180,394
-180,395
-180,396
-180,397
-180,398
-180,399
-180,400
-180,401
-180,402
-180,403
-180,404
-180,405
-180,406
-180,407
-180,408
-180,409
-180,410
-180,411
-180,412
-180,413
-180,414
-180,415
-180,416
-180,417
-180,418
-180,419
-180,420
-180,421
-180,422
-180,423
-180,424
-180,425
-180,426
-180,427
-180,428
:163_8,429
:163_8,430
:163_8,431
-148,432
-148,433
-148,434
-148,435
-148,436
-148,437
-148,438
-148,439
-148,440
-148,441
-148,442
-148,443
-148,444
-148,445
-148,446
-148,447
-148,448
-148,449
-148,450
-148,451
-148,452
-148,453
-148,454
-148,455
-148,456
-148,457
-148,458
-148,459
-148,460
-148,461
-148,462
-148,463
-148,464
-148,465
-148,466
-148,467
-148,468
-148,469
-148,470
-148,471
-148,472
-148,473
-148,474
-148,475
-148,476
-148,477
-148,478
-148,479
-148,480
-148,481
-148,482
-148,483
-148,484
-148,485
-148,486
-148,487
-148,488
-148,489
-148,490
-148,491
-148,492
-148,493
-148,494
-148,495
-148,496
-148,497
-148,498
-148,499
-148,500
-148,501
-148,502
-148,503
-148,504
-148,505
-148,506
-148,507
-148,508
-148,509
-148,510
-148,511
-148,512
-148,513
:160_13,514
:160_13,515
:160_13,516
:160_13,517
:160_13,518
147,519
147,520
147,521
147,522
147,523
147,524
147,525
147,526
147,527
147,528
147,529
147,530
147,531
147,532
147,533
147,534
147,535
147,536
147,537
147,538
147,539
147,540
147,541
147,542
147,543
147,544
147,545
147,546
147,547
147,548
147,549
147,550
147,551
147,552
147,553
147,554
147,555
147,556
147,557
147,558
147,559
147,560
147,561
147,562
147,563
147,564
147,565
147,566
147,567
147,568
147,569
147,570
147,571
147,572
147,573
147,574
147,575
147,576
147,577
147,578
:101_6,579
:101_6,580
:101_6,581
:101_6,582
:101_6,583
-86,584
-86,585
-86,586
-86,587
-86,588
-86,589
-86,590
-86,591
-86,592
-86,593
-86,594
-86,595
-86,596
-86,597
-86,598
-86,599
-86,600
-86,601
-86,602
-86,603
-86,604
-86,605
-86,606
-86,607
-86,608
-86,609
-86,610
-86,611
-86,612
-86,613
-86,614
-86,615
-86,616
-86,617
-86,618
-86,619
-86,620
-86,621
-86,622
-86,623
-86,624
-86,625
-86,626
-86,627
-86,628
-86,629
-86,630
-86,631
-86,632
-86,633
-86,634
-86,635
-86,636
-86,637
-86,638
-86,639
-86,640
-86,641
-86,642
-86,643
-86,644
-86,645
-86,646
-86,647
-86,648
-86,649
-86,650
-86,651
-86,652
-86,653
-86,654
-86,655
-86,656
-86,657
-86,658
-86,659
-86,660
-86,661
-86,662
-86,663
-86,664
-86,665
-86,666
-86,667
-86,668
-86,669
:27_13,670
:27_13,671
:27_13,672
:27_13,673
:27_13,674
88,675
88,676
88,677
88,678
88,679
88,680
88,681
88,682
88,683
88,684
88,685
88,686
88,687
88,688
88,689
88,690
88,691
88,692
88,693
88,694
88,695
88,696
88,697
88,698
88,699
88,700
88,701
88,702
88,703
88,704
88,705
88,706
88,707
88,708
88,709
88,710
88,711
88,712
88,713
88,714
88,715
88,716
88,717
88,718
88,719
88,720
88,721
88,722
88,723
88,724
88,725
88,726
88,727
88,728
88,729
88,730
88,731
88,732
88,733
88,734
88,735
88,736
88,737
88,738
88,739
88,740
88,741
88,742
88,743
88,744
88,745
88,746
88,747
88,748
88,749
88,750
88,751
88,752
88,753
88,754
88,755
88,756
88,757
:103_6,758
:103_6,759
:103_6,760
:103_6,761
:103_6,762
-206,763
-206,764
-206,765
-206,766
-206,767
-206,768
-206,769
-206,770
-206,771
-206,772
-206,773
-206,774
-206,775
-206,776
-206,777
-206,778
-206,779
-206,780
-206,781
-206,782
-206,783
-206,784
-206,785
-206,786
-206,787
-206,788
-206,789
-206,790
-206,791
-206,792
-206,793
-206,794
-206,795
-206,796
-206,797
-206,798
-206,799
-206,800
-206,801
-206,802
-206,803
-206,804
-206,805
-206,806
-206,807
-206,808
-206,809
-206,810
-206,811
-206,812
-206,813
-206,814
-206,815
-206,816
-206,817
-206,818
-206,819
:196_13,820
:196_13,821
:196_13,822
:196_13,823
:196_13,824
-182,825
-182,826
-182,827
-182,828
-182,829
-182,830
-182,831
-182,832
-182,833
-182,834
-182,835
-182,836
-182,837
-182,838
-182,839
-182,840
-182,841
-182,842
-182,843
-182,844
-182,845
-182,846
-182,847
-182,848
-182,849
-182,850
-182,851
-182,852
-182,853
-182,854
-182,855
-182,856
-182,857
-182,858
-182,859
-182,860
-182,861
-182,862
-182,863
-182,864
-182,865
-182,866
-182,867
-182,868
-182,869
-182,870
-182,871
-182,872
-182,873
-182,874
-182,875
-182,876
-182,877
-182,878
-182,879
-182,880
-182,881
-182,882
-182,883
-182,884
-182,885
-182,886
:194_6,887
:194_6,888
:194_6,889
:194_6,890
181,891
181,892
181,893
181,894
181,895
181,896
181,897
181,898
181,899
181,900
181,901
181,902
181,903
181,904
181,905
181,906
181,907
181,908
181,909
181,910
181,911
181,912
181,913
181,914
181,915
181,916
181,917
181,918
181,919
181,920
181,921
181,922
181,923
181,924
181,925
181,926
181,927
181,928
181,929
181,930
181,931
181,932
-543,933
-543,934
-543,935
-543,936
-543,937
-543,938
-543,939
-543,940
-543,941
-543,942
-543,943
-543,944
-543,945
-543,946
-543,947
-543,948
-543,949
-543,950
-543,951
-543,952
-543,953
-543,954
-543,955
-543,956
-543,957
-543,958
-543,959
-543,960
-543,961
-543,962
-543,963
-543,964
-543,965
-543,966
-543,967
-543,968
-543,969
-543,970
-543,971
-543,972
-543,973
-543,974
-543,975
-543,976
-543,977
-543,978
-543,979
-543,980
-543,981
-543,982
-543,983
-543,984
-543,985
-543,986
-543,987
-543,988
-543,989
-543,990
-543,991
-543,992
-543,993
-543,994
-543,995
-543,996
-543,997
-543,998
-543,999
-543,1000
-543,1001
-543,1002
-543,1003
-543,1004
-543,1005
-543,1006
-543,1007
-543,1008
-543,1009
-543,1010
-543,1011
-543,1012
-543,1013
-543,1014
-543,1015
-543,1016
-543,1017
-543,1018
-543,1019
-543,1020
-543,1021
-543,1022
-543,1023
-543,1024
-543,1025
-543,1026
-543,1027
-543,1028
-543,1029
-543,1030
-543,1031
-543,1032
-543,1033
-543,1034
-543,1035
-543,1036
-543,1037
-543,1038
-543,1039
-543,1040
-543,1041
-543,1042
-543,1043
-543,1044
-543,1045
-543,1046
-543,1047
-543,1048
-543,1049
-543,1050
-543,1051
-543,1052
-543,1053
-543,1054
-543,1055
-543,1056
-543,1057
-543,1058
-543,1059
-543,1060
-543,1061
-543,1062
-543,1063
-543,1064
-543,1065
-543,1066
-543,1067
-543,1068
-543,1069
-543,1070
-543,1071
-543,1072
-543,1073
-543,1074
-543,1075
-543,1076
-543,1077
-543,1078
-543,1079
-543,1080
-543,1081
-543,1082
-543,1083
-543,1084
-543,1085
-543,1086
-543,1087
-543,1088
-543,1089
-543,1090
-543,1091
-543,1092
-543,1093
-543,1094
-543,1095
-543,1096
-543,1097
-543,1098
-543,1099
-543,1100
-543,1101
-543,1102
-280,1103
-280,1104
-280,1105
-280,1106
-280,1107
-280,1108
-280,1109
-280,1110
-280,1111
-280,1112
-280,1113
-280,1114
-280,1115
-280,1116
-280,1117
-280,1118
-280,1119
-280,1120
-280,1121
-280,1122
-280,1123
-280,1124
-280,1125
-280,1126
-280,1127
-280,1128
-280,1129
-280,1130
-280,1131
-280,1132
-280,1133
-280,1134
-280,1135
-280,1136
-280,1137
-280,1138
-280,1139
-280,1140
-280,1141
-280,1142
-280,1143
-280,1144
-280,1145
-280,1146
-280,1147
-280,1148
-280,1149
-280,1150
-280,1151
-280,1152
-280,1153
-280,1154
-280,1155
-280,1156
-280,1157
-280,1158
-280,1159
-280,1160
-280,1161
-280,1162
-280,1163
-280,1164
-280,1165
-280,1166
-280,1167
-280,1168
-280,1169
-280,1170
-280,1171
-280,1172
-280,1173
-280,1174
-280,1175
-280,1176
-280,1177
-280,1178
-280,1179
-280,1180
:270_0,1181
:270_0,1182
:270_0,1183
:270_0,1184
281,1185
281,1186
281,1187
281,1188
281,1189
281,1190
281,1191
281,1192
281,1193
281,1194
281,1195
281,1196
281,1197
281,1198
281,1199
281,1200
281,1201
281,1202
281,1203
281,1204
281,1205
281,1206
281,1207
281,1208
281,1209
281,1210
281,1211
281,1212
281,1213
281,1214
281,1215
281,1216
281,1217
281,1218
281,1219
281,1220
281,1221
281,1222
281,1223
281,1224
281,1225
281,1226
281,1227
281,1228
281,1229
281,1230
281,1231
281,1232
281,1233
281,1234
281,1235
281,1236
281,1237
281,1238
281,1239
281,1240
281,1241
281,1242
281,1243
281,1244
281,1245
281,1246
281,1247
281,1248
281,1249
281,1250
281,1251
281,1252
281,1253
281,1254
:174_0,1255
:174_0,1256
:174_0,1257
:174_0,1258
:174_0,1259
-160,1260
-160,1261
-160,1262
-160,1263
-160,1264
-160,1265
-160,1266
-160,1267
-160,1268
-160,1269
-160,1270
-160,1271
-160,1272
-160,1273
-160,1274
-160,1275
-160,1276
-160,1277
-160,1278
-160,1279
-160,1280
-160,1281
-160,1282
-160,1283
-160,1284
-160,1285
-160,1286
-160,1287
-160,1288
-160,1289
-160,1290
-160,1291
-160,1292
-160,1293
-160,1294
-160,1295
-160,1296
-160,1297
-160,1298
-160,1299
-160,1300
-160,1301
-160,1302
-160,1303
-160,1304
-160,1305
-160,1306
-160,1307
-160,1308
-160,1309
-160,1310
-160,1311
-160,1312
-160,1313
-160,1314
-160,1315
-160,1316
-160,1317
-160,1318
-160,1319
-160,1320
-160,1321
-160,1322
-160,1323
-160,1324
-160,1325
-160,1326
-160,1327
-160,1328
-160,1329
-160,1330
-160,1331
-160,1332
-160,1333
-160,1334
-160,1335
-160,1336
-160,1337
-160,1338
-160,1339
-160,1340
-160,1341
-160,1342
-160,1343
-160,1344
-160,1345
-160,1346
-160,1347
-160,1348
-160,1349
-160,1350
-160,1351
-160,1352
-160,1353
-160,1354
-160,1355
-160,1356
-160,1357
-160,1358
-160,1359
-160,1360
-160,1361
-160,1362
-160,1363
-160,1364
-160,1365
-160,1366
-160,1367
-160,1368
-160,1369
-160,1370
-160,1371
-160,1372
-160,1373
-160,1374
-160,1375
-160,1376
-160,1377
-160,1378
-160,1379
-160,1380
-160,1381
-160,1382
-160,1383
-160,1384
-160,1385
-160,1386
-160,1387
-160,1388
-160,1389
-160,1390
-160,1391
-160,1392
-160,1393
-160,1394
-160,1395
-160,1396
-160,1397
-160,1398
-160,1399
-160,1400
-160,1401
-160,1402
:63_9,1403
:63_9,1404
:63_9,1405
:63_9,1406
:63_9,1407
-149,1408
-149,1409
-149,1410
-149,1411
-149,1412
-149,1413
-149,1414
-149,1415
-149,1416
-149,1417
-149,1418
-149,1419
-149,1420
-149,1421
-149,1422
-149,1423
-149,1424
-149,1425
-149,1426
-149,1427
-149,1428
-149,1429
-149,1430
-149,1431
-149,1432
-149,1433
-149,1434
-149,1435
-149,1436
-149,1437
-149,1438
-149,1439
-149,1440
-149,1441
-149,1442
-149,1443
-149,1444
-149,1445
-149,1446
-149,1447
-149,1448
-149,1449
-149,1450
-149,1451
-149,1452
-149,1453
-149,1454
-149,1455
-149,1456
-149,1457
-149,1458
-149,1459
-149,1460
-149,1461
-149,1462
-149,1463
-149,1464
-149,1465
-149,1466
-149,1467
-149,1468
-149,1469
-149,1470
-149,1471
-149,1472
-149,1473
-149,1474
-149,1475
-149,1476
-149,1477
-149,1478
-149,1479
-149,1480
-149,1481
-149,1482
-149,1483
-149,1484
-149,1485
-149,1486
-149,1487
-149,1488
-149,1489
-149,1490
-149,1491
-149,1492
-149,1493
-149,1494
-149,1495
-149,1496
-149,1497
-149,1498
-149,1499
-149,1500
-149,1501
-149,1502
-149,1503
-149,1504
-149,1505
-149,1506
-149,1507
-149,1508
-149,1509
-149,1510
-149,1511
-149,1512
-149,1513
-149,1514
-149,1515
-149,1516
-149,1517
-149,1518
-149,1519
-149,1520
-149,1521
-149,1522
-149,1523
-149,1524
-149,1525
-149,1526
-149,1527
-149,1528
-149,1529
-149,1530
-149,1531
-149,1532
-149,1533
-149,1534
-149,1535
-149,1536
-149,1537
-149,1538
-149,1539
-149,1540
-149,1541
-149,1542
-149,1543
-149,1544
-149,1545
-149,1546
-149,1547
-149,1548
-149,1549
-149,1550
-149,1551
:164_3,1552
:164_3,1553
:164_3,1554
:164_3,1555
150,1556
150,1557
150,1558
150,1559
150,1560
150,1561
150,1562
150,1563
150,1564
150,1565
150,1566
150,1567
150,1568
150,1569
150,1570
150,1571
150,1572
150,1573
150,1574
150,1575
150,1576
150,1577
150,1578
150,1579
150,1580
150,1581
150,1582
150,1583
150,1584
150,1585
150,1586
150,1587
150,1588
150,1589
150,1590
150,1591
150,1592
150,1593
150,1594
150,1595
150,1596
150,1597
150,1598
150,1599
150,1600
150,1601
150,1602
150,1603
150,1604
150,1605
150,1606
150,1607
150,1608
150,1609
150,1610
150,1611
150,1612
150,1613
150,1614
150,1615
150,1616
150,1617
150,1618
150,1619
150,1620
150,1621
150,1622
150,1623
150,1624
150,1625
150,1626
150,1627
150,1628
150,1629
