425,1
425,2
425,3
425,4
425,5
425,6
425,7
425,8
425,9
425,10
425,11
425,12
425,13
425,14
425,15
425,16
425,17
425,18
425,19
425,20
425,21
425,22
425,23
425,24
425,25
425,26
425,27
425,28
425,29
425,30
425,31
425,32
425,33
425,34
425,35
425,36
425,37
425,38
425,39
425,40
425,41
425,42
425,43
425,44
425,45
425,46
425,47
425,48
425,49
425,50
425,51
425,52
425,53
425,54
425,55
425,56
425,57
425,58
425,59
425,60
425,61
425,62
425,63
425,64
425,65
425,66
425,67
425,68
425,69
425,70
425,71
425,72
425,73
425,74
425,75
425,76
425,77
425,78
425,79
425,80
425,81
425,82
425,83
425,84
425,85
425,86
425,87
425,88
425,89
425,90
425,91
425,92
425,93
425,94
425,95
425,96
425,97
425,98
425,99
425,100
425,101
425,102
:373_1,103
:373_7,104
:373_7,105
684,106
684,107
684,108
684,109
684,110
684,111
684,112
684,113
684,114
684,115
684,116
684,117
684,118
684,119
684,120
684,121
684,122
684,123
684,124
:6_9,125
:6_9,126
6,127
6,128
6,129
6,130
6,131
6,132
6,133
6,134
6,135
6,136
6,137
6,138
6,139
6,140
6,141
6,142
6,143
6,144
6,145
6,146
6,147
6,148
6,149
6,150
6,151
6,152
6,153
6,154
6,155
6,156
6,157
6,158
6,159
6,160
6,161
6,162
6,163
6,164
6,165
6,166
6,167
6,168
6,169
6,170
6,171
6,172
6,173
6,174
6,175
6,176
6,177
6,178
6,179
6,180
6,181
6,182
6,183
6,184
6,185
6,186
6,187
6,188
6,189
6,190
6,191
6,192
6,193
6,194
6,195
6,196
6,197
6,198
6,199
6,200
6,201
6,202
6,203
6,204
6,205
6,206
6,207
6,208
6,209
6,210
6,211
6,212
6,213
6,214
6,215
6,216
6,217
6,218
6,219
6,220
6,221
6,222
6,223
6,224
6,225
6,226
6,227
6,228
6,229
6,230
6,231
6,232
6,233
6,234
6,235
6,236
6,237
6,238
6,239
6,240
6,241
6,242
6,243
6,244
6,245
6,246
6,247
6,248
6,249
6,250
6,251
6,252
6,253
6,254
6,255
6,256
6,257
6,258
6,259
6,260
6,261
6,262
6,263
6,264
6,265
6,266
6,267
6,268
6,269
6,270
6,271
6,272
6,273
6,274
6,275
6,276
6,277
6,278
6,279
6,280
6,281
6,282
6,283
6,284
6,285
6,286
6,287
6,288
6,289
6,290
6,291
6,292
6,293
6,294
6,295
6,296
6,297
6,298
6,299
6,300
6,301
6,302
6,303
6,304
6,305
6,306
6,307
6,308
6,309
6,310
6,311
6,312
6,313
6,314
6,315
6,316
6,317
7,318
7,319
7,320
7,321
7,322
7,323
7,324
7,325
7,326
7,327
7,328
7,329
7,330
7,331
7,332
7,333
7,334
7,335
7,336
7,337
7,338
7,339
7,340
7,341
7,342
7,343
7,344
7,345
7,346
7,347
7,348
7,349
7,350
7,351
7,352
7,353
7,354
7,355
7,356
7,357
7,358
7,359
7,360
7,361
7,362
7,363
7,364
7,365
7,366
7,367
7,368
7,369
7,370
7,371
7,372
7,373
7,374
7,375
7,376
7,377
7,378
7,379
7,380
7,381
8,382
8,383
8,384
8,385
8,386
8,387
8,388
8,389
8,390
8,391
8,392
8,393
8,394
8,395
8,396
8,397
8,398
8,399
8,400
8,401
8,402
8,403
8,404
8,405
8,406
8,407
8,408
8,409
8,410
8,411
8,412
8,413
8,414
8,415
8,416
8,417
8,418
8,419
8,420
8,421
8,422
8,423
8,424
8,425
8,426
8,427
8,428
8,429
8,430
8,431
8,432
8,433
8,434
8,435
8,436
8,437
8,438
9,439
9,440
9,441
9,442
9,443
9,444
9,445
9,446
9,447
9,448
9,449
9,450
9,451
9,452
9,453
9,454
9,455
9,456
9,457
9,458
9,459
9,460
9,461
9,462
9,463
9,464
9,465
9,466
9,467
9,468
9,469
9,470
9,471
9,472
9,473
9,474
9,475
9,476
9,477
9,478
9,479
9,480
9,481
9,482
9,483
9,484
9,485
9,486
9,487
9,488
9,489
9,490
9,491
9,492
10,493
10,494
10,495
10,496
10,497
10,498
10,499
10,500
10,501
10,502
10,503
10,504
10,505
10,506
10,507
10,508
10,509
10,510
10,511
10,512
10,513
10,514
10,515
10,516
10,517
10,518
10,519
10,520
10,521
10,522
10,523
10,524
10,525
10,526
10,527
10,528
10,529
10,530
10,531
10,532
10,533
10,534
10,535
10,536
10,537
10,538
10,539
10,540
10,541
10,542
10,543
10,544
10,545
10,546
11,547
11,548
11,549
11,550
11,551
11,552
11,553
11,554
11,555
11,556
11,557
11,558
11,559
11,560
11,561
11,562
11,563
11,564
11,565
11,566
11,567
11,568
11,569
11,570
11,571
11,572
11,573
11,574
11,575
11,576
11,577
11,578
11,579
11,580
11,581
11,582
11,583
11,584
11,585
11,586
11,587
11,588
11,589
11,590
11,591
11,592
11,593
11,594
11,595
11,596
11,597
11,598
11,599
11,600
11,601
11,602
11,603
11,604
11,605
11,606
11,607
11,608
11,609
11,610
11,611
11,612
11,613
11,614
11,615
11,616
11,617
11,618
11,619
11,620
11,621
11,622
11,623
11,624
11,625
11,626
11,627
11,628
11,629
11,630
11,631
11,632
11,633
11,634
11,635
11,636
11,637
11,638
11,639
11,640
11,641
11,642
11,643
11,644
11,645
11,646
11,647
11,648
11,649
11,650
11,651
11,652
11,653
11,654
11,655
11,656
:4_6,657
:4_6,658
-3,659
-3,660
-3,661
-3,662
-3,663
-3,664
-3,665
-3,666
-3,667
-3,668
-3,669
-3,670
-3,671
-3,672
-3,673
-3,674
-3,675
-3,676
-3,677
-3,678
-3,679
-3,680
-3,681
-3,682
-3,683
-3,684
-3,685
-3,686
-3,687
-3,688
-3,689
-3,690
-3,691
-3,692
-3,693
-3,694
-3,695
-3,696
-3,697
-3,698
-3,699
-3,700
-3,701
-3,702
-3,703
-3,704
-3,705
-3,706
-3,707
-3,708
-3,709
-3,710
-3,711
-3,712
-3,713
-3,714
-3,715
-3,716
-3,717
-3,718
-3,719
-3,720
-3,721
-3,722
-3,723
-3,724
-3,725
-3,726
-3,727
-3,728
-3,729
-3,730
-3,731
-3,732
-3,733
-3,734
-3,735
-3,736
-3,737
-3,738
-3,739
-3,740
-3,741
-3,742
-3,743
-3,744
-3,745
-3,746
-3,747
-3,748
-3,749
-3,750
-3,751
-3,752
-3,753
-3,754
-3,755
-3,756
-3,757
-3,758
-3,759
-3,760
-3,761
-3,762
-3,763
-3,764
-3,765
-3,766
-3,767
-3,768
-3,769
-3,770
-3,771
-3,772
-3,773
-3,774
-3,775
-3,776
-3,777
-3,778
-3,779
-3,780
-3,781
-3,782
-3,783
-3,784
-3,785
-3,786
-3,787
-3,788
-3,789
-3,790
-3,791
-3,792
-3,793
-3,794
-3,795
-3,796
-3,797
-3,798
-3,799
-3,800
-3,801
-3,802
-3,803
-3,804
-3,805
-3,806
-3,807
-3,808
-3,809
-3,810
-3,811
-3,812
-3,813
-3,814
-3,815
-3,816
-3,817
-3,818
-3,819
-3,820
-3,821
-3,822
-3,823
-3,824
-3,825
-3,826
-3,827
-3,828
-3,829
-3,830
-3,831
-3,832
-3,833
-3,834
-3,835
-3,836
-3,837
-3,838
-3,839
-3,840
-3,841
-3,842
-3,843
-3,844
-3,845
-3,846
-3,847
-3,848
-3,849
-3,850
-3,851
-3,852
-3,853
-3,854
-3,855
-3,856
-3,857
-3,858
-3,859
-3,860
-3,861
-3,862
-3,863
-3,864
-3,865
-3,866
-3,867
-3,868
-3,869
-3,870
-3,871
-3,872
-3,873
-3,874
-3,875
-3,876
-3,877
-3,878
-3,879
-3,880
-3,881
-3,882
-3,883
-3,884
-3,885
-3,886
-3,887
-3,888
-3,889
-3,890
-3,891
-3,892
-3,893
-3,894
-3,895
-3,896
-3,897
-3,898
-3,899
-3,900
-3,901
-3,902
-3,903
-3,904
-3,905
-3,906
-3,907
-3,908
:0_14,909
:0_14,910
:0_14,911
:0_14,912
:0_18,913
:0_18,914
:0_18,915
0,916
0,917
0,918
0,919
0,920
0,921
0,922
0,923
0,924
0,925
0,926
0,927
0,928
0,929
0,930
0,931
0,932
0,933
0,934
0,935
0,936
0,937
0,938
0,939
0,940
0,941
0,942
0,943
0,944
0,945
0,946
0,947
0,948
0,949
0,950
0,951
0,952
0,953
0,954
0,955
0,956
0,957
0,958
0,959
0,960
0,961
0,962
0,963
0,964
0,965
0,966
0,967
0,968
0,969
0,970
0,971
0,972
0,973
0,974
0,975
0,976
0,977
0,978
0,979
0,980
0,981
0,982
0,983
0,984
0,985
0,986
0,987
0,988
0,989
0,990
0,991
0,992
0,993
0,994
0,995
0,996
0,997
0,998
0,999
0,1000
0,1001
0,1002
0,1003
0,1004
0,1005
0,1006
0,1007
0,1008
0,1009
0,1010
0,1011
0,1012
0,1013
0,1014
0,1015
0,1016
0,1017
0,1018
0,1019
0,1020
0,1021
0,1022
0,1023
0,1024
0,1025
0,1026
0,1027
:1_7,1028
:1_7,1029
:1_7,1030
:1_7,1031
:1_7,1032
1,1033
1,1034
1,1035
1,1036
1,1037
1,1038
1,1039
1,1040
1,1041
1,1042
1,1043
1,1044
1,1045
1,1046
1,1047
1,1048
1,1049
1,1050
1,1051
1,1052
1,1053
1,1054
1,1055
1,1056
1,1057
1,1058
1,1059
1,1060
1,1061
1,1062
1,1063
:2_3,1064
:2_3,1065
:2_3,1066
:2_3,1067
2,1068
2,1069
2,1070
2,1071
2,1072
2,1073
2,1074
2,1075
2,1076
2,1077
2,1078
2,1079
2,1080
2,1081
2,1082
2,1083
2,1084
2,1085
2,1086
2,1087
2,1088
2,1089
2,1090
2,1091
2,1092
2,1093
2,1094
2,1095
2,1096
2,1097
2,1098
2,1099
2,1100
2,1101
2,1102
2,1103
2,1104
2,1105
2,1106
2,1107
2,1108
2,1109
2,1110
2,1111
2,1112
2,1113
2,1114
2,1115
2,1116
2,1117
2,1118
2,1119
2,1120
2,1121
2,1122
2,1123
2,1124
2,1125
2,1126
2,1127
2,1128
2,1129
2,1130
2,1131
2,1132
2,1133
2,1134
2,1135
2,1136
2,1137
2,1138
2,1139
2,1140
2,1141
2,1142
2,1143
2,1144
2,1145
2,1146
2,1147
2,1148
2,1149
2,1150
2,1151
2,1152
2,1153
2,1154
2,1155
2,1156
2,1157
2,1158
2,1159
2,1160
2,1161
:3_7,1162
:3_7,1163
:3_7,1164
:3_7,1165
:3_7,1166
-102,1167
-102,1168
-102,1169
-102,1170
-102,1171
-102,1172
-102,1173
-102,1174
-102,1175
-102,1176
-102,1177
-102,1178
-102,1179
-102,1180
-102,1181
-102,1182
-102,1183
-102,1184
-102,1185
-102,1186
-102,1187
-102,1188
-102,1189
-102,1190
-102,1191
-102,1192
-102,1193
-102,1194
-102,1195
-102,1196
-102,1197
-102,1198
-102,1199
-102,1200
-102,1201
-102,1202
-102,1203
-102,1204
-102,1205
-102,1206
-102,1207
-102,1208
-102,1209
-102,1210
-102,1211
-102,1212
-102,1213
-102,1214
-102,1215
-102,1216
-102,1217
-102,1218
-102,1219
-102,1220
-102,1221
-102,1222
-102,1223
-102,1224
-102,1225
-102,1226
-102,1227
-102,1228
-102,1229
-102,1230
-102,1231
-102,1232
-102,1233
-102,1234
-102,1235
-102,1236
-102,1237
-102,1238
-102,1239
-102,1240
-102,1241
-102,1242
-102,1243
-102,1244
-102,1245
-102,1246
-102,1247
-102,1248
-102,1249
-102,1250
-102,1251
-102,1252
-102,1253
-102,1254
-102,1255
-102,1256
-102,1257
-102,1258
-102,1259
-102,1260
-102,1261
-102,1262
-102,1263
-102,1264
-102,1265
-102,1266
-102,1267
-102,1268
-102,1269
-102,1270
-102,1271
-102,1272
-102,1273
-102,1274
-102,1275
-102,1276
-102,1277
-102,1278
-102,1279
-102,1280
-102,1281
-102,1282
-102,1283
-102,1284
-102,1285
-102,1286
-102,1287
-102,1288
-102,1289
-102,1290
-102,1291
-102,1292
-102,1293
-102,1294
-102,1295
-102,1296
-102,1297
-102,1298
-102,1299
-102,1300
-102,1301
-102,1302
-102,1303
-102,1304
-102,1305
-102,1306
-102,1307
-102,1308
-102,1309
-102,1310
-102,1311
-102,1312
-102,1313
-102,1314
-102,1315
-102,1316
-102,1317
-102,1318
-102,1319
-102,1320
-102,1321
-102,1322
-102,1323
-102,1324
-102,1325
-102,1326
-102,1327
-102,1328
-102,1329
-102,1330
:115_7,1331
:115_7,1332
:115_7,1333
:115_7,1334
:115_7,1335
99,1336
99,1337
99,1338
99,1339
99,1340
99,1341
99,1342
99,1343
99,1344
99,1345
99,1346
99,1347
99,1348
99,1349
99,1350
99,1351
99,1352
99,1353
99,1354
99,1355
99,1356
99,1357
99,1358
99,1359
99,1360
99,1361
99,1362
99,1363
99,1364
99,1365
99,1366
99,1367
99,1368
99,1369
99,1370
99,1371
99,1372
99,1373
99,1374
99,1375
99,1376
99,1377
99,1378
99,1379
99,1380
99,1381
99,1382
99,1383
99,1384
99,1385
99,1386
99,1387
99,1388
99,1389
99,1390
99,1391
99,1392
99,1393
99,1394
99,1395
99,1396
99,1397
99,1398
99,1399
99,1400
99,1401
99,1402
99,1403
99,1404
99,1405
99,1406
99,1407
99,1408
99,1409
99,1410
99,1411
99,1412
99,1413
99,1414
99,1415
99,1416
99,1417
99,1418
99,1419
99,1420
99,1421
99,1422
99,1423
99,1424
99,1425
99,1426
99,1427
99,1428
99,1429
99,1430
99,1431
99,1432
99,1433
99,1434
99,1435
99,1436
99,1437
99,1438
99,1439
99,1440
99,1441
99,1442
99,1443
99,1444
99,1445
99,1446
99,1447
99,1448
99,1449
99,1450
99,1451
99,1452
99,1453
99,1454
99,1455
99,1456
99,1457
99,1458
99,1459
99,1460
99,1461
99,1462
99,1463
99,1464
99,1465
99,1466
99,1467
99,1468
99,1469
99,1470
99,1471
99,1472
99,1473
99,1474
:116_7,1475
:116_7,1476
:116_7,1477
:116_7,1478
:116_7,1479
100,1480
100,1481
100,1482
100,1483
100,1484
100,1485
100,1486
100,1487
100,1488
100,1489
100,1490
100,1491
100,1492
100,1493
100,1494
100,1495
100,1496
100,1497
100,1498
100,1499
100,1500
100,1501
100,1502
100,1503
100,1504
100,1505
100,1506
100,1507
100,1508
100,1509
100,1510
100,1511
100,1512
100,1513
100,1514
100,1515
100,1516
100,1517
100,1518
100,1519
100,1520
100,1521
100,1522
100,1523
100,1524
100,1525
100,1526
100,1527
100,1528
100,1529
100,1530
100,1531
100,1532
100,1533
100,1534
100,1535
100,1536
100,1537
100,1538
100,1539
100,1540
100,1541
100,1542
100,1543
100,1544
100,1545
100,1546
100,1547
100,1548
100,1549
100,1550
100,1551
100,1552
100,1553
100,1554
100,1555
100,1556
100,1557
100,1558
100,1559
100,1560
100,1561
100,1562
100,1563
100,1564
100,1565
100,1566
100,1567
100,1568
100,1569
100,1570
100,1571
100,1572
100,1573
100,1574
100,1575
100,1576
100,1577
100,1578
100,1579
100,1580
100,1581
100,1582
100,1583
100,1584
100,1585
100,1586
100,1587
100,1588
100,1589
100,1590
100,1591
100,1592
100,1593
100,1594
100,1595
100,1596
100,1597
100,1598
100,1599
100,1600
100,1601
100,1602
100,1603
100,1604
100,1605
100,1606
100,1607
100,1608
100,1609
100,1610
100,1611
100,1612
100,1613
100,1614
100,1615
100,1616
100,1617
100,1618
100,1619
100,1620
100,1621
100,1622
100,1623
100,1624
100,1625
100,1626
100,1627
100,1628
100,1629
100,1630
100,1631
100,1632
100,1633
100,1634
100,1635
100,1636
100,1637
100,1638
100,1639
100,1640
100,1641
100,1642
100,1643
100,1644
100,1645
100,1646
100,1647
100,1648
100,1649
100,1650
100,1651
100,1652
100,1653
100,1654
100,1655
100,1656
100,1657
100,1658
100,1659
100,1660
100,1661
100,1662
100,1663
100,1664
100,1665
100,1666
100,1667
100,1668
100,1669
100,1670
100,1671
100,1672
100,1673
100,1674
100,1675
100,1676
100,1677
100,1678
100,1679
100,1680
100,1681
100,1682
100,1683
100,1684
100,1685
100,1686
100,1687
:117_1,1688
-538,1689
-538,1690
-538,1691
-538,1692
-538,1693
-538,1694
-538,1695
-538,1696
-538,1697
-538,1698
-538,1699
-538,1700
-538,1701
-538,1702
-538,1703
-538,1704
-538,1705
-538,1706
-538,1707
-538,1708
-538,1709
-538,1710
-538,1711
-538,1712
-538,1713
-538,1714
-538,1715
-538,1716
-538,1717
-538,1718
-538,1719
-538,1720
-538,1721
-538,1722
-538,1723
-538,1724
-538,1725
-538,1726
-538,1727
-538,1728
-538,1729
-538,1730
-538,1731
-538,1732
-538,1733
-538,1734
-538,1735
-538,1736
-538,1737
-538,1738
-538,1739
-538,1740
-538,1741
-538,1742
-538,1743
-538,1744
-538,1745
-538,1746
-538,1747
-538,1748
-538,1749
-538,1750
-538,1751
-538,1752
-538,1753
-538,1754
-538,1755
-538,1756
-538,1757
-538,1758
-538,1759
-538,1760
-538,1761
-538,1762
-538,1763
-538,1764
-538,1765
-538,1766
-538,1767
-538,1768
-538,1769
-538,1770
-538,1771
-538,1772
-538,1773
-538,1774
-538,1775
-538,1776
-538,1777
-538,1778
-538,1779
-538,1780
-538,1781
