26,1
26,2
26,3
26,4
26,5
26,6
26,7
26,8
26,9
26,10
26,11
26,12
26,13
26,14
26,15
26,16
26,17
26,18
26,19
26,20
26,21
26,22
26,23
26,24
26,25
26,26
26,27
26,28
26,29
26,30
26,31
26,32
26,33
26,34
26,35
26,36
26,37
26,38
26,39
26,40
26,41
26,42
26,43
26,44
26,45
26,46
26,47
26,48
26,49
26,50
26,51
26,52
26,53
26,54
26,55
26,56
26,57
26,58
26,59
26,60
26,61
26,62
26,63
26,64
26,65
26,66
26,67
26,68
26,69
26,70
26,71
26,72
26,73
26,74
26,75
:31_8,76
:31_8,77
319,78
319,79
319,80
319,81
319,82
319,83
319,84
319,85
319,86
319,87
319,88
319,89
319,90
319,91
319,92
319,93
319,94
319,95
319,96
319,97
319,98
319,99
319,100
319,101
319,102
319,103
319,104
319,105
319,106
319,107
319,108
319,109
319,110
319,111
319,112
319,113
319,114
319,115
319,116
319,117
319,118
319,119
319,120
319,121
319,122
319,123
319,124
319,125
319,126
319,127
319,128
319,129
319,130
319,131
319,132
319,133
319,134
319,135
319,136
319,137
319,138
319,139
319,140
319,141
319,142
319,143
319,144
319,145
319,146
319,147
319,148
319,149
319,150
319,151
319,152
319,153
319,154
319,155
319,156
319,157
319,158
319,159
319,160
:37_1,161
:37_1,162
-31,163
-31,164
-31,165
-31,166
-31,167
-31,168
-31,169
-31,170
-31,171
-31,172
-31,173
-31,174
-31,175
-31,176
-31,177
-31,178
-31,179
-31,180
-31,181
-31,182
-31,183
-31,184
-31,185
-31,186
-31,187
-31,188
-31,189
-31,190
-31,191
-31,192
-31,193
-31,194
-31,195
-31,196
-31,197
-31,198
-31,199
-31,200
-31,201
-31,202
-31,203
-31,204
-31,205
-31,206
-31,207
-31,208
-31,209
-31,210
-31,211
-31,212
-31,213
-31,214
-31,215
-31,216
-31,217
-31,218
-31,219
-31,220
-31,221
-31,222
-31,223
-31,224
-31,225
-31,226
-31,227
-31,228
-31,229
-31,230
-31,231
:34_6,232
:34_6,233
:34_6,234
29,235
29,236
29,237
29,238
29,239
29,240
29,241
29,242
29,243
29,244
29,245
29,246
29,247
29,248
29,249
29,250
29,251
29,252
29,253
29,254
29,255
29,256
29,257
29,258
29,259
29,260
29,261
29,262
29,263
29,264
29,265
29,266
29,267
29,268
29,269
29,270
29,271
29,272
29,273
29,274
29,275
29,276
29,277
29,278
29,279
29,280
29,281
29,282
29,283
29,284
29,285
29,286
29,287
29,288
29,289
29,290
29,291
29,292
29,293
29,294
29,295
29,296
29,297
29,298
29,299
29,300
29,301
29,302
29,303
29,304
29,305
29,306
29,307
29,308
29,309
29,310
29,311
29,312
29,313
29,314
29,315
29,316
29,317
29,318
29,319
:35_14,320
:35_14,321
:35_18,322
:35_18,323
:35_18,324
193,325
193,326
193,327
193,328
193,329
193,330
193,331
193,332
193,333
193,334
193,335
193,336
193,337
193,338
193,339
193,340
193,341
193,342
193,343
193,344
193,345
193,346
193,347
193,348
193,349
193,350
193,351
193,352
193,353
193,354
193,355
193,356
193,357
193,358
193,359
193,360
193,361
193,362
193,363
193,364
193,365
193,366
193,367
193,368
193,369
193,370
193,371
193,372
193,373
193,374
193,375
193,376
193,377
193,378
193,379
193,380
193,381
193,382
193,383
193,384
193,385
193,386
193,387
193,388
193,389
193,390
193,391
193,392
193,393
193,394
193,395
193,396
193,397
193,398
193,399
193,400
193,401
193,402
193,403
193,404
193,405
193,406
193,407
193,408
193,409
193,410
193,411
193,412
193,413
193,414
193,415
193,416
193,417
193,418
193,419
193,420
193,421
193,422
193,423
193,424
193,425
193,426
193,427
193,428
193,429
193,430
193,431
193,432
193,433
193,434
193,435
193,436
193,437
193,438
193,439
193,440
193,441
193,442
193,443
193,444
193,445
193,446
193,447
193,448
193,449
193,450
193,451
193,452
193,453
193,454
193,455
193,456
193,457
193,458
193,459
193,460
193,461
193,462
193,463
193,464
193,465
193,466
193,467
:203_3,468
:203_3,469
:203_3,470
:203_3,471
:203_3,472
194,473
194,474
194,475
194,476
194,477
194,478
194,479
194,480
194,481
194,482
194,483
194,484
194,485
194,486
194,487
194,488
194,489
194,490
194,491
194,492
194,493
194,494
194,495
194,496
194,497
194,498
194,499
194,500
194,501
194,502
194,503
194,504
194,505
194,506
194,507
194,508
194,509
194,510
194,511
194,512
194,513
194,514
194,515
194,516
194,517
194,518
194,519
194,520
194,521
194,522
194,523
194,524
194,525
194,526
194,527
194,528
194,529
194,530
194,531
194,532
194,533
194,534
194,535
194,536
194,537
194,538
194,539
194,540
194,541
194,542
194,543
194,544
194,545
194,546
194,547
194,548
194,549
194,550
194,551
194,552
194,553
194,554
194,555
194,556
194,557
194,558
194,559
194,560
194,561
194,562
194,563
194,564
194,565
194,566
194,567
194,568
194,569
194,570
194,571
194,572
194,573
194,574
194,575
194,576
194,577
194,578
194,579
194,580
194,581
194,582
194,583
194,584
194,585
194,586
194,587
194,588
194,589
194,590
194,591
194,592
194,593
194,594
194,595
194,596
194,597
194,598
194,599
194,600
194,601
194,602
194,603
194,604
194,605
194,606
194,607
194,608
194,609
194,610
194,611
194,612
194,613
194,614
194,615
194,616
194,617
194,618
194,619
194,620
194,621
194,622
194,623
194,624
194,625
194,626
194,627
194,628
194,629
194,630
194,631
194,632
194,633
194,634
194,635
194,636
194,637
194,638
194,639
194,640
194,641
194,642
194,643
194,644
194,645
194,646
194,647
194,648
194,649
194,650
194,651
194,652
194,653
:204_9,654
:204_9,655
:204_9,656
:204_9,657
:204_9,658
:204_9,659
195,660
195,661
195,662
195,663
195,664
195,665
195,666
195,667
195,668
195,669
195,670
195,671
195,672
195,673
195,674
195,675
195,676
195,677
195,678
195,679
195,680
195,681
195,682
195,683
195,684
195,685
195,686
195,687
195,688
195,689
195,690
195,691
195,692
195,693
195,694
195,695
195,696
195,697
195,698
195,699
195,700
195,701
195,702
195,703
195,704
195,705
195,706
195,707
195,708
195,709
195,710
195,711
195,712
195,713
195,714
195,715
195,716
195,717
195,718
195,719
195,720
195,721
195,722
195,723
195,724
195,725
195,726
195,727
195,728
195,729
195,730
195,731
195,732
195,733
195,734
195,735
195,736
195,737
195,738
195,739
195,740
195,741
195,742
195,743
195,744
195,745
195,746
195,747
195,748
195,749
195,750
195,751
195,752
195,753
195,754
195,755
195,756
195,757
195,758
195,759
195,760
195,761
195,762
195,763
195,764
195,765
195,766
195,767
195,768
195,769
195,770
195,771
195,772
195,773
195,774
195,775
195,776
195,777
195,778
195,779
195,780
195,781
195,782
195,783
195,784
195,785
195,786
195,787
195,788
195,789
195,790
195,791
195,792
195,793
195,794
195,795
195,796
195,797
195,798
195,799
195,800
195,801
195,802
195,803
195,804
195,805
195,806
195,807
195,808
195,809
195,810
195,811
195,812
195,813
195,814
195,815
195,816
195,817
195,818
195,819
195,820
195,821
195,822
195,823
195,824
195,825
195,826
195,827
195,828
195,829
195,830
195,831
195,832
195,833
195,834
195,835
195,836
195,837
195,838
195,839
195,840
195,841
195,842
195,843
195,844
195,845
195,846
195,847
195,848
195,849
195,850
195,851
195,852
195,853
195,854
195,855
195,856
195,857
195,858
195,859
195,860
195,861
195,862
195,863
195,864
195,865
195,866
195,867
195,868
:191_13,869
:191_13,870
:191_13,871
:191_13,872
:191_13,873
:191_13,874
-178,875
-178,876
-178,877
-178,878
-178,879
-178,880
-178,881
-178,882
-178,883
-178,884
-178,885
-178,886
-178,887
-178,888
-178,889
-178,890
-178,891
-178,892
-178,893
-178,894
-178,895
-178,896
-178,897
-178,898
-178,899
-178,900
-178,901
-178,902
-178,903
-178,904
-178,905
-178,906
-178,907
-178,908
-178,909
-178,910
-178,911
-178,912
-178,913
-178,914
-178,915
-178,916
-178,917
-178,918
-178,919
-178,920
-178,921
-178,922
-178,923
-178,924
-178,925
-178,926
-178,927
-178,928
-178,929
-178,930
-178,931
-178,932
-178,933
-178,934
-178,935
-178,936
-178,937
-178,938
-178,939
-178,940
-178,941
-178,942
-178,943
-178,944
-178,945
-178,946
-178,947
-178,948
-178,949
-178,950
-178,951
-178,952
-178,953
-178,954
-178,955
-178,956
-178,957
-178,958
-178,959
-178,960
-178,961
-178,962
-178,963
-178,964
-178,965
-178,966
-178,967
-178,968
-178,969
-178,970
-178,971
-178,972
-178,973
-178,974
-178,975
-178,976
-178,977
-178,978
-178,979
-178,980
-178,981
-178,982
-178,983
-178,984
-178,985
-178,986
-178,987
-178,988
-178,989
-178,990
-178,991
-178,992
-178,993
-178,994
-178,995
-178,996
-178,997
-178,998
-178,999
-178,1000
-178,1001
-178,1002
-178,1003
-178,1004
-178,1005
-178,1006
-178,1007
-178,1008
-178,1009
-178,1010
-178,1011
-178,1012
-178,1013
-178,1014
-178,1015
-178,1016
-178,1017
-178,1018
-178,1019
-178,1020
-178,1021
-178,1022
-178,1023
-178,1024
-178,1025
-178,1026
-178,1027
-178,1028
-178,1029
-178,1030
-178,1031
-178,1032
-178,1033
-178,1034
-178,1035
-178,1036
-178,1037
-178,1038
-178,1039
-178,1040
-178,1041
-178,1042
-178,1043
-178,1044
-178,1045
-178,1046
-178,1047
-178,1048
-178,1049
-178,1050
-178,1051
-178,1052
-178,1053
-178,1054
-178,1055
-178,1056
-178,1057
-178,1058
-178,1059
-178,1060
-178,1061
-178,1062
-178,1063
:190_3,1064
:190_3,1065
:190_3,1066
:190_3,1067
:190_3,1068
:190_3,1069
-177,1070
-177,1071
-177,1072
-177,1073
-177,1074
-177,1075
-177,1076
-177,1077
-177,1078
-177,1079
-177,1080
-177,1081
-177,1082
-177,1083
-177,1084
-177,1085
-177,1086
-177,1087
-177,1088
-177,1089
-177,1090
-177,1091
-177,1092
-177,1093
-177,1094
-177,1095
-177,1096
-177,1097
-177,1098
-177,1099
-177,1100
-177,1101
-177,1102
-177,1103
-177,1104
-177,1105
-177,1106
-177,1107
-177,1108
-177,1109
-177,1110
-177,1111
-177,1112
-177,1113
-177,1114
-177,1115
-177,1116
-177,1117
-177,1118
-177,1119
-177,1120
-177,1121
-177,1122
-177,1123
-177,1124
-177,1125
-177,1126
-177,1127
-177,1128
-177,1129
-177,1130
-177,1131
-177,1132
-177,1133
-177,1134
-177,1135
-177,1136
-177,1137
-177,1138
-177,1139
-177,1140
-177,1141
-177,1142
-177,1143
-177,1144
-177,1145
-177,1146
-177,1147
-177,1148
-177,1149
-177,1150
-177,1151
-177,1152
-177,1153
-177,1154
-177,1155
-177,1156
-177,1157
-177,1158
-177,1159
-177,1160
-177,1161
-177,1162
-177,1163
-177,1164
-177,1165
-177,1166
-177,1167
-177,1168
-177,1169
-177,1170
-177,1171
-177,1172
-177,1173
-177,1174
-177,1175
-177,1176
-177,1177
-177,1178
-177,1179
-177,1180
-177,1181
-177,1182
-177,1183
-177,1184
-177,1185
-177,1186
-177,1187
-177,1188
-177,1189
-177,1190
-177,1191
-177,1192
-177,1193
-177,1194
-177,1195
-177,1196
-177,1197
-177,1198
-177,1199
-177,1200
-177,1201
-177,1202
-177,1203
-177,1204
-177,1205
-177,1206
-177,1207
-177,1208
-177,1209
-177,1210
-177,1211
-177,1212
-177,1213
-177,1214
-177,1215
-177,1216
-177,1217
-177,1218
:13_8,1219
:13_8,1220
685,1221
685,1222
685,1223
685,1224
685,1225
685,1226
685,1227
685,1228
685,1229
685,1230
685,1231
685,1232
685,1233
685,1234
685,1235
685,1236
685,1237
:373_5,1238
684,1239
684,1240
684,1241
684,1242
684,1243
684,1244
684,1245
684,1246
684,1247
684,1248
684,1249
684,1250
684,1251
684,1252
684,1253
684,1254
684,1255
684,1256
:6_9,1257
:6_9,1258
:6_9,1259
6,1260
6,1261
6,1262
6,1263
6,1264
6,1265
6,1266
6,1267
6,1268
6,1269
6,1270
6,1271
6,1272
6,1273
6,1274
6,1275
6,1276
6,1277
6,1278
6,1279
6,1280
6,1281
6,1282
6,1283
6,1284
6,1285
6,1286
6,1287
6,1288
6,1289
6,1290
6,1291
6,1292
6,1293
6,1294
6,1295
6,1296
6,1297
6,1298
6,1299
6,1300
6,1301
6,1302
6,1303
6,1304
6,1305
6,1306
6,1307
6,1308
6,1309
6,1310
6,1311
6,1312
6,1313
6,1314
6,1315
6,1316
6,1317
6,1318
6,1319
6,1320
6,1321
6,1322
6,1323
6,1324
6,1325
6,1326
6,1327
6,1328
6,1329
6,1330
6,1331
6,1332
6,1333
6,1334
6,1335
6,1336
6,1337
6,1338
6,1339
6,1340
6,1341
6,1342
6,1343
6,1344
6,1345
6,1346
6,1347
6,1348
6,1349
6,1350
6,1351
6,1352
6,1353
6,1354
6,1355
6,1356
6,1357
6,1358
6,1359
6,1360
6,1361
6,1362
6,1363
6,1364
6,1365
6,1366
6,1367
6,1368
6,1369
6,1370
6,1371
6,1372
6,1373
6,1374
6,1375
6,1376
6,1377
6,1378
6,1379
6,1380
6,1381
6,1382
6,1383
6,1384
6,1385
6,1386
6,1387
6,1388
6,1389
6,1390
6,1391
6,1392
6,1393
6,1394
6,1395
6,1396
6,1397
6,1398
6,1399
6,1400
6,1401
6,1402
6,1403
6,1404
6,1405
6,1406
6,1407
6,1408
6,1409
6,1410
6,1411
6,1412
6,1413
6,1414
6,1415
6,1416
6,1417
6,1418
6,1419
6,1420
6,1421
6,1422
6,1423
6,1424
6,1425
6,1426
6,1427
6,1428
6,1429
6,1430
6,1431
6,1432
6,1433
6,1434
6,1435
6,1436
6,1437
6,1438
6,1439
6,1440
7,1441
7,1442
7,1443
7,1444
7,1445
7,1446
7,1447
7,1448
7,1449
7,1450
7,1451
7,1452
7,1453
7,1454
7,1455
7,1456
7,1457
7,1458
7,1459
7,1460
7,1461
7,1462
7,1463
7,1464
7,1465
7,1466
7,1467
7,1468
7,1469
7,1470
7,1471
7,1472
7,1473
7,1474
7,1475
7,1476
7,1477
7,1478
7,1479
7,1480
7,1481
7,1482
7,1483
7,1484
7,1485
7,1486
7,1487
7,1488
7,1489
7,1490
7,1491
7,1492
7,1493
7,1494
7,1495
7,1496
7,1497
7,1498
7,1499
7,1500
7,1501
8,1502
8,1503
8,1504
8,1505
8,1506
8,1507
8,1508
8,1509
8,1510
8,1511
8,1512
8,1513
8,1514
8,1515
8,1516
8,1517
8,1518
8,1519
8,1520
8,1521
8,1522
8,1523
8,1524
8,1525
8,1526
8,1527
8,1528
8,1529
8,1530
8,1531
8,1532
8,1533
8,1534
8,1535
8,1536
8,1537
8,1538
8,1539
8,1540
8,1541
8,1542
8,1543
8,1544
8,1545
8,1546
8,1547
8,1548
8,1549
8,1550
8,1551
8,1552
8,1553
8,1554
8,1555
9,1556
9,1557
9,1558
9,1559
9,1560
9,1561
9,1562
9,1563
9,1564
9,1565
9,1566
9,1567
9,1568
9,1569
9,1570
9,1571
9,1572
9,1573
9,1574
9,1575
9,1576
9,1577
9,1578
9,1579
9,1580
9,1581
9,1582
9,1583
9,1584
9,1585
9,1586
9,1587
9,1588
9,1589
9,1590
9,1591
9,1592
9,1593
9,1594
9,1595
9,1596
9,1597
9,1598
9,1599
9,1600
9,1601
9,1602
9,1603
9,1604
9,1605
9,1606
:11_1,1607
10,1608
10,1609
10,1610
10,1611
10,1612
10,1613
10,1614
10,1615
10,1616
10,1617
10,1618
10,1619
10,1620
10,1621
10,1622
10,1623
10,1624
10,1625
10,1626
10,1627
10,1628
10,1629
10,1630
10,1631
10,1632
10,1633
10,1634
10,1635
10,1636
10,1637
10,1638
10,1639
10,1640
10,1641
10,1642
10,1643
10,1644
10,1645
10,1646
10,1647
10,1648
10,1649
10,1650
10,1651
10,1652
10,1653
10,1654
10,1655
10,1656
10,1657
10,1658
11,1659
11,1660
11,1661
11,1662
11,1663
11,1664
11,1665
11,1666
11,1667
11,1668
11,1669
11,1670
11,1671
11,1672
11,1673
11,1674
11,1675
11,1676
11,1677
11,1678
11,1679
11,1680
11,1681
11,1682
11,1683
11,1684
11,1685
11,1686
11,1687
11,1688
11,1689
11,1690
11,1691
11,1692
11,1693
11,1694
11,1695
11,1696
11,1697
11,1698
11,1699
11,1700
11,1701
11,1702
11,1703
11,1704
11,1705
11,1706
11,1707
11,1708
11,1709
11,1710
11,1711
11,1712
11,1713
11,1714
11,1715
11,1716
11,1717
11,1718
11,1719
11,1720
11,1721
11,1722
11,1723
11,1724
11,1725
11,1726
11,1727
11,1728
11,1729
11,1730
11,1731
11,1732
11,1733
11,1734
11,1735
11,1736
11,1737
11,1738
11,1739
11,1740
11,1741
11,1742
11,1743
11,1744
11,1745
11,1746
11,1747
11,1748
11,1749
11,1750
11,1751
11,1752
11,1753
11,1754
11,1755
11,1756
11,1757
11,1758
11,1759
11,1760
11,1761
11,1762
:4_6,1763
:4_6,1764
-3,1765
-3,1766
-3,1767
-3,1768
-3,1769
-3,1770
-3,1771
-3,1772
-3,1773
-3,1774
-3,1775
-3,1776
-3,1777
-3,1778
-3,1779
-3,1780
-3,1781
-3,1782
-3,1783
-3,1784
-3,1785
-3,1786
-3,1787
-3,1788
-3,1789
-3,1790
-3,1791
-3,1792
-3,1793
-3,1794
-3,1795
-3,1796
-3,1797
-3,1798
-3,1799
-3,1800
-3,1801
-3,1802
-3,1803
-3,1804
-3,1805
-3,1806
-3,1807
-3,1808
-3,1809
-3,1810
-3,1811
-3,1812
-3,1813
-3,1814
-3,1815
-3,1816
-3,1817
-3,1818
-3,1819
-3,1820
-3,1821
-3,1822
-3,1823
-3,1824
-3,1825
-3,1826
-3,1827
-3,1828
-3,1829
-3,1830
-3,1831
-3,1832
-3,1833
-3,1834
-3,1835
-3,1836
-3,1837
-3,1838
-3,1839
-3,1840
-3,1841
-3,1842
-3,1843
-3,1844
-3,1845
-3,1846
-3,1847
-3,1848
-3,1849
-3,1850
-3,1851
-3,1852
-3,1853
-3,1854
-3,1855
-3,1856
-3,1857
-3,1858
-3,1859
-3,1860
-3,1861
-3,1862
-3,1863
-3,1864
-3,1865
-3,1866
-3,1867
-3,1868
-3,1869
-3,1870
-3,1871
-3,1872
-3,1873
-3,1874
-3,1875
-3,1876
-3,1877
-3,1878
-3,1879
-3,1880
-3,1881
-3,1882
-3,1883
-3,1884
-3,1885
-3,1886
-3,1887
-3,1888
-3,1889
-3,1890
-3,1891
-3,1892
-3,1893
-3,1894
-3,1895
-3,1896
-3,1897
-3,1898
-3,1899
-3,1900
-3,1901
-3,1902
-3,1903
-3,1904
-3,1905
-3,1906
-3,1907
-3,1908
-3,1909
-3,1910
-3,1911
-3,1912
-3,1913
-3,1914
-3,1915
-3,1916
-3,1917
-3,1918
-3,1919
-3,1920
-3,1921
-3,1922
-3,1923
-3,1924
-3,1925
-3,1926
-3,1927
-3,1928
-3,1929
-3,1930
-3,1931
-3,1932
-3,1933
-3,1934
-3,1935
-3,1936
-3,1937
-3,1938
-3,1939
-3,1940
-3,1941
-3,1942
-3,1943
-3,1944
-3,1945
-3,1946
-3,1947
-3,1948
-3,1949
-3,1950
-3,1951
-3,1952
-3,1953
-3,1954
-3,1955
-3,1956
-3,1957
-3,1958
-3,1959
-3,1960
-3,1961
-3,1962
-3,1963
-3,1964
-3,1965
-3,1966
-3,1967
-3,1968
-3,1969
-3,1970
-3,1971
-3,1972
-3,1973
-3,1974
-3,1975
-3,1976
-3,1977
-3,1978
-3,1979
-3,1980
-3,1981
-3,1982
-3,1983
-3,1984
-3,1985
-3,1986
-3,1987
-3,1988
-3,1989
-3,1990
-3,1991
-3,1992
-3,1993
-3,1994
-3,1995
-3,1996
-3,1997
-3,1998
-3,1999
-3,2000
