-292,21
-292,22
-292,23
-292,24
-292,25
-292,26
-292,27
-292,28
-292,29
-292,30
-292,31
-292,32
-292,33
-292,34
-292,35
-292,36
-292,37
-292,38
-292,39
-292,40
-292,41
-292,42
-292,43
-292,44
-292,45
-292,46
-292,47
-292,48
-292,49
-292,50
-292,51
-292,52
-292,53
-292,54
-292,55
-292,56
-292,57
-292,58
-292,59
-292,60
-292,61
-292,62
-292,63
-292,64
-292,65
-292,66
-292,67
-292,68
-292,69
-292,70
-292,71
-292,72
-292,73
-292,74
-292,75
-292,76
-292,77
-292,78
-292,79
-292,80
-292,81
-292,82
-292,83
:122_5,84
:122_5,85
:122_5,86
:122_5,87
:122_5,88
:122_5,89
-106,90
-106,91
-106,92
-106,93
-106,94
-106,95
-106,96
-106,97
-106,98
-106,99
-106,100
-106,101
-106,102
-106,103
-106,104
-106,105
-106,106
-106,107
-106,108
-106,109
-106,110
-106,111
-106,112
-106,113
-106,114
-106,115
-106,116
-106,117
-106,118
-106,119
-106,120
-106,121
-106,122
-106,123
-106,124
-106,125
-106,126
-106,127
-106,128
-106,129
-106,130
-106,131
-106,132
-106,133
-106,134
-106,135
-106,136
-106,137
-106,138
-106,139
-106,140
-106,141
-106,142
-106,143
-106,144
-106,145
-106,146
-106,147
-106,148
-106,149
-106,150
-106,151
-106,152
-106,153
-106,154
-106,155
-106,156
-106,157
-106,158
-106,159
-106,160
-106,161
-106,162
-106,163
-106,164
-106,165
-106,166
-106,167
-106,168
-106,169
-106,170
-106,171
-106,172
:119_5,173
:119_5,174
:119_5,175
:119_5,176
:119_5,177
:119_5,178
:119_5,179
105,180
105,181
105,182
105,183
105,184
105,185
105,186
105,187
105,188
105,189
105,190
105,191
105,192
105,193
105,194
105,195
105,196
105,197
105,198
105,199
105,200
105,201
105,202
105,203
105,204
105,205
105,206
105,207
105,208
105,209
105,210
105,211
105,212
105,213
105,214
105,215
105,216
105,217
105,218
105,219
105,220
105,221
105,222
105,223
105,224
105,225
105,226
105,227
105,228
105,229
105,230
105,231
105,232
105,233
105,234
105,235
105,236
105,237
105,238
105,239
105,240
105,241
105,242
105,243
105,244
105,245
105,246
105,247
105,248
105,249
105,250
105,251
105,252
105,253
105,254
105,255
105,256
105,257
105,258
105,259
105,260
105,261
105,262
105,263
105,264
105,265
105,266
105,267
105,268
105,269
105,270
105,271
105,272
105,273
:121_3,274
:121_3,275
:121_3,276
:121_3,277
:121_3,278
:121_3,279
432,280
432,281
432,282
432,283
432,284
432,285
432,286
432,287
432,288
432,289
432,290
432,291
432,292
432,293
432,294
432,295
432,296
432,297
432,298
432,299
432,300
432,301
432,302
432,303
432,304
432,305
432,306
432,307
432,308
432,309
432,310
432,311
432,312
432,313
432,314
432,315
432,316
432,317
432,318
432,319
432,320
432,321
432,322
432,323
432,324
432,325
432,326
432,327
432,328
432,329
432,330
432,331
432,332
432,333
432,334
432,335
432,336
432,337
432,338
432,339
432,340
432,341
432,342
432,343
432,344
432,345
432,346
432,347
432,348
432,349
432,350
432,351
432,352
432,353
432,354
432,355
432,356
432,357
432,358
432,359
432,360
432,361
432,362
432,363
432,364
:376_3,365
:376_3,366
:376_3,367
:376_3,368
:376_3,369
:376_3,370
587,371
587,372
587,373
587,374
587,375
587,376
587,377
587,378
587,379
587,380
587,381
587,382
587,383
587,384
587,385
587,386
587,387
587,388
587,389
587,390
587,391
587,392
587,393
587,394
587,395
587,396
587,397
587,398
587,399
587,400
587,401
587,402
587,403
587,404
587,405
587,406
587,407
587,408
587,409
587,410
587,411
587,412
587,413
587,414
587,415
587,416
587,417
587,418
587,419
587,420
587,421
587,422
587,423
587,424
587,425
587,426
587,427
587,428
587,429
587,430
587,431
587,432
587,433
587,434
587,435
587,436
587,437
587,438
587,439
587,440
587,441
587,442
587,443
587,444
587,445
587,446
587,447
587,448
587,449
587,450
587,451
587,452
587,453
587,454
587,455
587,456
587,457
587,458
587,459
587,460
587,461
587,462
587,463
587,464
587,465
587,466
:225_3,467
:225_3,468
:225_3,469
:225_3,470
:225_3,471
:225_3,472
:225_3,473
-219,474
-219,475
-219,476
-219,477
-219,478
-219,479
-219,480
-219,481
-219,482
-219,483
-219,484
-219,485
-219,486
-219,487
-219,488
-219,489
-219,490
-219,491
-219,492
-219,493
-219,494
-219,495
-219,496
-219,497
-219,498
-219,499
-219,500
-219,501
-219,502
-219,503
-219,504
-219,505
-219,506
-219,507
-219,508
-219,509
-219,510
-219,511
-219,512
-219,513
-219,514
-219,515
-219,516
-219,517
-219,518
-219,519
-219,520
-219,521
-219,522
-219,523
-219,524
-219,525
-219,526
-219,527
-219,528
-219,529
-219,530
-219,531
-219,532
-219,533
-219,534
-219,535
-219,536
-219,537
-219,538
-219,539
-219,540
-219,541
-219,542
-219,543
-219,544
-219,545
-219,546
-219,547
-219,548
-219,549
-219,550
-219,551
-219,552
-219,553
-219,554
-219,555
-219,556
-219,557
-219,558
-219,559
-219,560
-219,561
-219,562
-219,563
-219,564
-219,565
-219,566
-219,567
-219,568
-219,569
-219,570
-219,571
-219,572
-219,573
-219,574
-219,575
-219,576
-219,577
-219,578
-219,579
:221_9,580
:221_9,581
:221_9,582
:221_9,583
:221_9,584
:221_9,585
:221_9,586
221,587
221,588
221,589
221,590
221,591
221,592
221,593
221,594
221,595
221,596
221,597
221,598
221,599
221,600
221,601
221,602
221,603
221,604
221,605
221,606
221,607
221,608
221,609
221,610
221,611
221,612
221,613
221,614
221,615
221,616
221,617
221,618
221,619
221,620
221,621
221,622
221,623
221,624
221,625
221,626
221,627
221,628
221,629
221,630
221,631
221,632
221,633
221,634
221,635
221,636
221,637
221,638
221,639
221,640
221,641
221,642
221,643
221,644
221,645
221,646
221,647
221,648
221,649
221,650
221,651
221,652
221,653
221,654
221,655
221,656
221,657
221,658
221,659
221,660
221,661
221,662
221,663
221,664
221,665
221,666
221,667
221,668
221,669
221,670
221,671
221,672
221,673
221,674
221,675
221,676
221,677
221,678
221,679
221,680
221,681
221,682
221,683
221,684
221,685
221,686
221,687
221,688
221,689
221,690
221,691
:226_7,692
:226_7,693
:226_7,694
:226_7,695
:226_7,696
:226_7,697
316,698
316,699
316,700
316,701
316,702
316,703
316,704
316,705
316,706
316,707
316,708
316,709
316,710
316,711
316,712
316,713
316,714
316,715
316,716
316,717
316,718
316,719
316,720
316,721
316,722
316,723
316,724
316,725
316,726
316,727
316,728
316,729
316,730
316,731
316,732
316,733
316,734
316,735
316,736
316,737
316,738
316,739
316,740
316,741
316,742
316,743
316,744
316,745
316,746
316,747
316,748
316,749
316,750
316,751
316,752
316,753
316,754
316,755
316,756
316,757
316,758
316,759
316,760
316,761
316,762
316,763
316,764
316,765
316,766
316,767
316,768
316,769
316,770
316,771
316,772
316,773
316,774
316,775
316,776
316,777
316,778
316,779
316,780
316,781
316,782
316,783
316,784
316,785
316,786
316,787
316,788
316,789
316,790
316,791
316,792
316,793
316,794
316,795
316,796
316,797
316,798
316,799
316,800
316,801
316,802
316,803
-47,804
-47,805
-47,806
-47,807
-47,808
-47,809
-47,810
-47,811
-47,812
-47,813
-47,814
-47,815
-47,816
-47,817
-47,818
-47,819
-47,820
-47,821
-47,822
-47,823
-47,824
-47,825
-47,826
-47,827
-47,828
-47,829
-47,830
-47,831
-47,832
-47,833
-47,834
-47,835
-47,836
-47,837
-47,838
-47,839
-47,840
-47,841
-47,842
-47,843
-47,844
-47,845
-47,846
-47,847
-47,848
-47,849
-47,850
-47,851
-47,852
-47,853
-47,854
-47,855
-47,856
-47,857
-47,858
-47,859
-47,860
-47,861
-47,862
-47,863
-47,864
-47,865
-47,866
-47,867
-47,868
-47,869
-47,870
-47,871
-47,872
-47,873
-47,874
-47,875
-47,876
-47,877
-47,878
-47,879
-47,880
-47,881
-47,882
-47,883
-47,884
-47,885
-47,886
-47,887
-47,888
-47,889
-47,890
-47,891
-47,892
-47,893
-47,894
-47,895
-47,896
-47,897
-47,898
-47,899
-47,900
-47,901
:52_5,902
:52_5,903
:52_5,904
:52_5,905
:52_5,906
:52_5,907
:52_5,908
:52_5,909
46,910
46,911
46,912
46,913
46,914
46,915
46,916
46,917
46,918
46,919
46,920
46,921
46,922
46,923
46,924
46,925
46,926
46,927
46,928
46,929
46,930
46,931
46,932
46,933
46,934
46,935
46,936
46,937
46,938
46,939
46,940
46,941
46,942
46,943
46,944
46,945
46,946
46,947
46,948
46,949
46,950
46,951
46,952
46,953
46,954
46,955
46,956
46,957
46,958
46,959
46,960
46,961
46,962
46,963
46,964
46,965
46,966
46,967
46,968
46,969
46,970
46,971
46,972
46,973
46,974
46,975
46,976
46,977
46,978
46,979
46,980
46,981
46,982
46,983
46,984
46,985
46,986
46,987
46,988
46,989
46,990
46,991
46,992
46,993
46,994
46,995
46,996
46,997
46,998
46,999
46,1000
46,1001
46,1002
46,1003
46,1004
46,1005
46,1006
46,1007
46,1008
46,1009
46,1010
46,1011
46,1012
46,1013
46,1014
46,1015
46,1016
46,1017
46,1018
46,1019
46,1020
46,1021
46,1022
46,1023
46,1024
46,1025
46,1026
46,1027
46,1028
46,1029
46,1030
46,1031
46,1032
46,1033
46,1034
46,1035
46,1036
46,1037
46,1038
46,1039
46,1040
46,1041
46,1042
46,1043
46,1044
46,1045
46,1046
46,1047
:54_4,1048
:54_4,1049
:54_4,1050
:54_4,1051
:54_4,1052
:54_4,1053
:54_4,1054
310,1055
310,1056
310,1057
310,1058
310,1059
310,1060
310,1061
310,1062
310,1063
310,1064
310,1065
310,1066
310,1067
310,1068
310,1069
310,1070
310,1071
310,1072
310,1073
310,1074
310,1075
310,1076
310,1077
310,1078
310,1079
310,1080
310,1081
310,1082
310,1083
310,1084
310,1085
310,1086
310,1087
310,1088
310,1089
310,1090
310,1091
310,1092
310,1093
310,1094
310,1095
310,1096
310,1097
310,1098
310,1099
310,1100
310,1101
310,1102
310,1103
310,1104
310,1105
310,1106
310,1107
310,1108
310,1109
310,1110
310,1111
310,1112
310,1113
310,1114
310,1115
310,1116
310,1117
310,1118
310,1119
310,1120
310,1121
310,1122
310,1123
310,1124
310,1125
310,1126
310,1127
310,1128
310,1129
310,1130
310,1131
310,1132
310,1133
310,1134
310,1135
310,1136
310,1137
310,1138
310,1139
310,1140
310,1141
310,1142
310,1143
310,1144
310,1145
310,1146
310,1147
310,1148
310,1149
310,1150
310,1151
310,1152
310,1153
310,1154
310,1155
310,1156
310,1157
310,1158
310,1159
310,1160
310,1161
310,1162
310,1163
310,1164
310,1165
310,1166
310,1167
310,1168
310,1169
310,1170
310,1171
310,1172
310,1173
310,1174
310,1175
310,1176
310,1177
310,1178
310,1179
310,1180
310,1181
310,1182
310,1183
310,1184
310,1185
310,1186
310,1187
310,1188
310,1189
310,1190
310,1191
310,1192
310,1193
310,1194
310,1195
310,1196
310,1197
310,1198
310,1199
310,1200
310,1201
310,1202
310,1203
310,1204
310,1205
310,1206
310,1207
310,1208
310,1209
310,1210
310,1211
310,1212
310,1213
310,1214
310,1215
310,1216
310,1217
310,1218
310,1219
310,1220
310,1221
310,1222
310,1223
310,1224
310,1225
310,1226
310,1227
310,1228
310,1229
310,1230
310,1231
310,1232
310,1233
310,1234
310,1235
310,1236
310,1237
310,1238
310,1239
310,1240
310,1241
310,1242
310,1243
310,1244
310,1245
310,1246
310,1247
310,1248
310,1249
310,1250
310,1251
310,1252
310,1253
310,1254
310,1255
310,1256
310,1257
310,1258
310,1259
310,1260
310,1261
310,1262
310,1263
310,1264
310,1265
310,1266
310,1267
310,1268
310,1269
310,1270
310,1271
310,1272
310,1273
310,1274
310,1275
310,1276
310,1277
310,1278
310,1279
310,1280
310,1281
310,1282
310,1283
310,1284
310,1285
310,1286
310,1287
310,1288
310,1289
310,1290
310,1291
310,1292
310,1293
310,1294
310,1295
310,1296
310,1297
310,1298
310,1299
310,1300
310,1301
310,1302
310,1303
310,1304
310,1305
310,1306
310,1307
310,1308
310,1309
310,1310
310,1311
310,1312
310,1313
310,1314
310,1315
310,1316
310,1317
310,1318
310,1319
310,1320
310,1321
310,1322
310,1323
310,1324
310,1325
310,1326
310,1327
310,1328
310,1329
310,1330
310,1331
310,1332
310,1333
310,1334
310,1335
310,1336
310,1337
310,1338
310,1339
310,1340
310,1341
310,1342
310,1343
310,1344
310,1345
310,1346
310,1347
310,1348
310,1349
310,1350
310,1351
310,1352
310,1353
:0_5,1354
:0_5,1355
:0_5,1356
:0_5,1357
:0_5,1358
:0_5,1359
:0_5,1360
3,1361
3,1362
3,1363
3,1364
3,1365
3,1366
3,1367
3,1368
3,1369
3,1370
3,1371
3,1372
3,1373
3,1374
3,1375
3,1376
3,1377
3,1378
3,1379
3,1380
3,1381
3,1382
3,1383
3,1384
3,1385
3,1386
3,1387
3,1388
3,1389
3,1390
3,1391
3,1392
3,1393
3,1394
3,1395
3,1396
3,1397
3,1398
3,1399
3,1400
3,1401
3,1402
3,1403
3,1404
3,1405
3,1406
3,1407
3,1408
3,1409
3,1410
3,1411
3,1412
3,1413
3,1414
3,1415
3,1416
3,1417
3,1418
3,1419
3,1420
3,1421
3,1422
3,1423
3,1424
3,1425
3,1426
3,1427
3,1428
3,1429
3,1430
3,1431
3,1432
3,1433
3,1434
3,1435
3,1436
3,1437
3,1438
3,1439
3,1440
3,1441
3,1442
3,1443
3,1444
3,1445
3,1446
3,1447
3,1448
3,1449
3,1450
3,1451
3,1452
3,1453
3,1454
3,1455
3,1456
3,1457
3,1458
3,1459
3,1460
3,1461
3,1462
3,1463
3,1464
3,1465
3,1466
3,1467
3,1468
3,1469
3,1470
3,1471
3,1472
3,1473
3,1474
3,1475
3,1476
3,1477
3,1478
3,1479
3,1480
3,1481
3,1482
3,1483
3,1484
3,1485
3,1486
3,1487
3,1488
3,1489
3,1490
3,1491
3,1492
3,1493
3,1494
3,1495
3,1496
3,1497
3,1498
3,1499
3,1500
3,1501
3,1502
3,1503
3,1504
3,1505
3,1506
3,1507
3,1508
3,1509
3,1510
3,1511
3,1512
3,1513
3,1514
3,1515
3,1516
3,1517
3,1518
3,1519
3,1520
3,1521
3,1522
3,1523
3,1524
3,1525
3,1526
3,1527
3,1528
3,1529
3,1530
3,1531
3,1532
3,1533
3,1534
3,1535
3,1536
3,1537
3,1538
3,1539
3,1540
3,1541
3,1542
3,1543
3,1544
3,1545
3,1546
3,1547
3,1548
3,1549
3,1550
3,1551
3,1552
3,1553
3,1554
3,1555
3,1556
3,1557
3,1558
3,1559
3,1560
3,1561
3,1562
3,1563
3,1564
3,1565
3,1566
3,1567
3,1568
3,1569
3,1570
3,1571
3,1572
3,1573
3,1574
3,1575
3,1576
3,1577
3,1578
3,1579
3,1580
3,1581
3,1582
3,1583
3,1584
3,1585
3,1586
3,1587
3,1588
3,1589
3,1590
3,1591
3,1592
3,1593
3,1594
3,1595
3,1596
3,1597
3,1598
3,1599
3,1600
3,1601
3,1602
3,1603
3,1604
3,1605
3,1606
3,1607
3,1608
3,1609
3,1610
3,1611
3,1612
3,1613
3,1614
3,1615
3,1616
3,1617
3,1618
3,1619
3,1620
3,1621
3,1622
3,1623
3,1624
3,1625
3,1626
3,1627
3,1628
3,1629
3,1630
3,1631
3,1632
3,1633
3,1634
3,1635
3,1636
3,1637
3,1638
3,1639
3,1640
3,1641
3,1642
3,1643
3,1644
3,1645
3,1646
3,1647
3,1648
3,1649
3,1650
3,1651
3,1652
3,1653
3,1654
3,1655
3,1656
3,1657
3,1658
3,1659
3,1660
3,1661
3,1662
3,1663
3,1664
3,1665
3,1666
3,1667
3,1668
3,1669
3,1670
3,1671
3,1672
3,1673
3,1674
3,1675
3,1676
3,1677
3,1678
3,1679
3,1680
3,1681
3,1682
3,1683
3,1684
3,1685
3,1686
3,1687
3,1688
3,1689
3,1690
3,1691
3,1692
3,1693
3,1694
3,1695
3,1696
3,1697
3,1698
3,1699
3,1700
3,1701
3,1702
3,1703
3,1704
3,1705
3,1706
3,1707
3,1708
3,1709
3,1710
3,1711
3,1712
3,1713
3,1714
3,1715
3,1716
3,1717
3,1718
3,1719
3,1720
3,1721
3,1722
:4_4,1723
:4_4,1724
:4_4,1725
:4_4,1726
:4_4,1727
-11,1728
-11,1729
-11,1730
-11,1731
-11,1732
-11,1733
-11,1734
-11,1735
-11,1736
-11,1737
-11,1738
-11,1739
-11,1740
-11,1741
-11,1742
-11,1743
-11,1744
-11,1745
-11,1746
-11,1747
-11,1748
-11,1749
-11,1750
-11,1751
-11,1752
-11,1753
-11,1754
-11,1755
-11,1756
-11,1757
-11,1758
-11,1759
-11,1760
-11,1761
-11,1762
-11,1763
-11,1764
-11,1765
-11,1766
-11,1767
-11,1768
-11,1769
-11,1770
-11,1771
-11,1772
-11,1773
-11,1774
-11,1775
-11,1776
-11,1777
-11,1778
-11,1779
-11,1780
-11,1781
-11,1782
-11,1783
-11,1784
-11,1785
-11,1786
-11,1787
-11,1788
-11,1789
-11,1790
-11,1791
-11,1792
-11,1793
-11,1794
-11,1795
-11,1796
-11,1797
-11,1798
-11,1799
-11,1800
-11,1801
-11,1802
-11,1803
-11,1804
-11,1805
-11,1806
-11,1807
-11,1808
-11,1809
-11,1810
-11,1811
-11,1812
-11,1813
-11,1814
-11,1815
-11,1816
-11,1817
-11,1818
-11,1819
-11,1820
-11,1821
-11,1822
-11,1823
-11,1824
-11,1825
-11,1826
-11,1827
-11,1828
-11,1829
-11,1830
-11,1831
-11,1832
-11,1833
-11,1834
-11,1835
-11,1836
-11,1837
-11,1838
-11,1839
-11,1840
-11,1841
-11,1842
-11,1843
-11,1844
-11,1845
-11,1846
-11,1847
-11,1848
-11,1849
-11,1850
-11,1851
-11,1852
-11,1853
-11,1854
-11,1855
-11,1856
-11,1857
-11,1858
-11,1859
-11,1860
-11,1861
-11,1862
-11,1863
-11,1864
-11,1865
-11,1866
-11,1867
-11,1868
-11,1869
-11,1870
-11,1871
-11,1872
-11,1873
-11,1874
-11,1875
-11,1876
-11,1877
-11,1878
-11,1879
-11,1880
-11,1881
-11,1882
-11,1883
-11,1884
-11,1885
-10,1886
-10,1887
-10,1888
-10,1889
-10,1890
-10,1891
-10,1892
-10,1893
-10,1894
-10,1895
-10,1896
-10,1897
-10,1898
-10,1899
-10,1900
-10,1901
-10,1902
-10,1903
-10,1904
-10,1905
-10,1906
-10,1907
-10,1908
-10,1909
-10,1910
-10,1911
-10,1912
-10,1913
-10,1914
-10,1915
-10,1916
-10,1917
-10,1918
-10,1919
-10,1920
-10,1921
-10,1922
-10,1923
-10,1924
-10,1925
-10,1926
-10,1927
-10,1928
-10,1929
-10,1930
-10,1931
-10,1932
-10,1933
-10,1934
-10,1935
-10,1936
-10,1937
-10,1938
-10,1939
-10,1940
-10,1941
-10,1942
-10,1943
-10,1944
-10,1945
-10,1946
-10,1947
-10,1948
-10,1949
-10,1950
-10,1951
-10,1952
-10,1953
-10,1954
-10,1955
-10,1956
-10,1957
-10,1958
-10,1959
-10,1960
-10,1961
-10,1962
-10,1963
-10,1964
:11_0,1965
-9,1966
-9,1967
-9,1968
-9,1969
-9,1970
-9,1971
-9,1972
-9,1973
-9,1974
-9,1975
-9,1976
-9,1977
-9,1978
-9,1979
-9,1980
-9,1981
-9,1982
-9,1983
-9,1984
-9,1985
-9,1986
-9,1987
-9,1988
-9,1989
-9,1990
-9,1991
-9,1992
-9,1993
-9,1994
-9,1995
-9,1996
-9,1997
-9,1998
-9,1999
-9,2000
