-580,1
-580,2
-580,3
-580,4
-580,5
-580,6
-580,7
-580,8
-580,9
-580,10
-580,11
-580,12
-580,13
-580,14
-580,15
-580,16
-580,17
-580,18
-580,19
-580,20
-580,21
-580,22
-580,23
-580,24
-580,25
-580,26
-580,27
-580,28
-580,29
-580,30
-580,31
-580,32
-580,33
-580,34
-580,35
-580,36
-580,37
-580,38
-580,39
-580,40
-580,41
-580,42
-580,43
-580,44
-580,45
-580,46
-580,47
-580,48
-580,49
-580,50
-580,51
-580,52
-580,53
-580,54
-580,55
-580,56
-580,57
-580,58
-580,59
-580,60
-580,61
-580,62
-580,63
-580,64
-580,65
-580,66
-580,67
-580,68
-580,69
-580,70
-580,71
:218_1,72
:218_1,73
:218_1,74
:218_1,75
:218_1,76
-212,77
-212,78
-212,79
-212,80
-212,81
-212,82
-212,83
-212,84
-212,85
-212,86
-212,87
-212,88
-212,89
-212,90
-212,91
-212,92
-212,93
-212,94
-212,95
-212,96
-212,97
-212,98
-212,99
-212,100
-212,101
-212,102
-212,103
-212,104
-212,105
-212,106
-212,107
-212,108
-212,109
-212,110
-212,111
-212,112
-212,113
-212,114
-212,115
-212,116
-212,117
-212,118
:189_1,119
:189_1,120
:189_1,121
:189_1,122
:189_1,123
-176,124
-176,125
-176,126
-176,127
-176,128
-176,129
-176,130
-176,131
-176,132
-176,133
-176,134
-176,135
-176,136
-176,137
-176,138
-176,139
-176,140
-176,141
-176,142
-176,143
-176,144
-176,145
-176,146
-176,147
-176,148
-176,149
-176,150
-176,151
-176,152
-176,153
-176,154
-176,155
-176,156
-176,157
-176,158
-176,159
-176,160
-176,161
-176,162
-176,163
-176,164
-176,165
-176,166
-176,167
-176,168
-176,169
-176,170
-176,171
-176,172
-176,173
-176,174
-176,175
-176,176
-176,177
-176,178
-176,179
-176,180
-176,181
-176,182
-176,183
-176,184
-176,185
-176,186
-176,187
-176,188
-176,189
-176,190
-176,191
-176,192
-176,193
-176,194
-176,195
-176,196
-176,197
-176,198
-176,199
-176,200
-176,201
-176,202
-176,203
-176,204
-176,205
-176,206
-176,207
-176,208
-176,209
-176,210
-176,211
-176,212
-176,213
-176,214
-176,215
-176,216
-176,217
-176,218
-176,219
-176,220
-176,221
-176,222
:13_12,223
:13_12,224
:13_12,225
:13_12,226
:13_12,227
175,228
175,229
175,230
175,231
175,232
175,233
175,234
175,235
175,236
175,237
175,238
175,239
175,240
175,241
175,242
175,243
175,244
175,245
175,246
175,247
175,248
175,249
175,250
175,251
175,252
175,253
175,254
175,255
175,256
175,257
175,258
175,259
175,260
175,261
175,262
175,263
175,264
175,265
175,266
175,267
175,268
175,269
175,270
175,271
175,272
175,273
175,274
175,275
175,276
175,277
175,278
175,279
175,280
175,281
175,282
175,283
175,284
175,285
175,286
464,287
464,288
464,289
464,290
464,291
464,292
464,293
464,294
464,295
464,296
464,297
464,298
464,299
464,300
464,301
464,302
464,303
464,304
464,305
464,306
464,307
464,308
464,309
464,310
464,311
464,312
464,313
464,314
464,315
464,316
464,317
464,318
464,319
464,320
464,321
464,322
464,323
464,324
464,325
464,326
464,327
464,328
464,329
464,330
464,331
464,332
464,333
464,334
464,335
464,336
464,337
464,338
464,339
464,340
464,341
464,342
464,343
464,344
464,345
464,346
464,347
464,348
464,349
464,350
464,351
464,352
464,353
464,354
464,355
464,356
464,357
464,358
464,359
464,360
464,361
464,362
464,363
464,364
464,365
464,366
464,367
464,368
464,369
464,370
464,371
:396_0,372
:396_0,373
:396_0,374
:396_0,375
:396_0,376
679,377
679,378
679,379
679,380
679,381
679,382
679,383
679,384
679,385
679,386
679,387
679,388
679,389
679,390
679,391
679,392
679,393
679,394
679,395
679,396
679,397
679,398
679,399
679,400
679,401
679,402
679,403
679,404
679,405
679,406
679,407
679,408
679,409
679,410
679,411
679,412
679,413
679,414
679,415
679,416
679,417
679,418
679,419
679,420
679,421
679,422
679,423
679,424
679,425
679,426
679,427
679,428
679,429
679,430
679,431
679,432
679,433
679,434
679,435
:375_1,436
:375_1,437
:375_1,438
:375_1,439
:375_1,440
430,441
430,442
430,443
430,444
430,445
430,446
430,447
430,448
430,449
430,450
430,451
430,452
430,453
430,454
430,455
430,456
430,457
430,458
430,459
430,460
430,461
430,462
430,463
430,464
430,465
430,466
430,467
430,468
430,469
430,470
430,471
430,472
430,473
430,474
430,475
430,476
430,477
430,478
430,479
430,480
430,481
430,482
430,483
430,484
430,485
430,486
430,487
430,488
430,489
430,490
430,491
430,492
430,493
430,494
430,495
430,496
430,497
430,498
430,499
430,500
430,501
430,502
430,503
430,504
430,505
430,506
430,507
430,508
430,509
430,510
430,511
430,512
430,513
430,514
430,515
430,516
430,517
430,518
430,519
430,520
430,521
430,522
430,523
430,524
430,525
430,526
430,527
430,528
430,529
430,530
430,531
430,532
430,533
430,534
430,535
430,536
430,537
430,538
430,539
430,540
430,541
430,542
430,543
430,544
430,545
430,546
430,547
430,548
430,549
430,550
430,551
430,552
430,553
430,554
430,555
430,556
430,557
430,558
430,559
430,560
430,561
430,562
430,563
430,564
430,565
430,566
430,567
430,568
430,569
430,570
430,571
430,572
430,573
430,574
430,575
430,576
430,577
430,578
430,579
430,580
430,581
430,582
430,583
430,584
430,585
430,586
430,587
430,588
430,589
430,590
430,591
430,592
430,593
430,594
430,595
430,596
430,597
430,598
430,599
430,600
430,601
430,602
430,603
430,604
430,605
430,606
430,607
430,608
430,609
430,610
:50_13,611
:50_13,612
:50_13,613
:50_13,614
:50_13,615
:50_13,616
322,617
322,618
322,619
322,620
322,621
322,622
322,623
322,624
322,625
322,626
322,627
322,628
322,629
322,630
322,631
322,632
322,633
322,634
322,635
322,636
322,637
322,638
322,639
322,640
322,641
322,642
322,643
322,644
322,645
322,646
322,647
322,648
322,649
322,650
322,651
322,652
322,653
322,654
322,655
322,656
322,657
322,658
322,659
322,660
322,661
322,662
322,663
322,664
322,665
322,666
322,667
322,668
322,669
322,670
322,671
322,672
322,673
322,674
322,675
322,676
322,677
322,678
322,679
322,680
322,681
322,682
322,683
322,684
322,685
322,686
322,687
322,688
322,689
322,690
322,691
322,692
322,693
322,694
322,695
322,696
322,697
322,698
322,699
322,700
322,701
322,702
322,703
322,704
322,705
322,706
322,707
322,708
322,709
322,710
322,711
322,712
322,713
322,714
322,715
322,716
322,717
322,718
322,719
322,720
322,721
322,722
322,723
322,724
322,725
322,726
322,727
:134_0,728
:134_0,729
:134_0,730
:134_0,731
:134_0,732
-117,733
-117,734
-117,735
-117,736
-117,737
-117,738
-117,739
-117,740
-117,741
-117,742
-117,743
-117,744
-117,745
-117,746
-117,747
-117,748
-117,749
-117,750
-117,751
-117,752
-117,753
-117,754
-117,755
-117,756
-117,757
-117,758
-117,759
-117,760
-117,761
-117,762
-117,763
-117,764
-117,765
-117,766
-117,767
-117,768
-117,769
-117,770
-117,771
-117,772
-117,773
-117,774
-117,775
-117,776
-117,777
-117,778
-117,779
-117,780
-117,781
-117,782
-117,783
-117,784
-117,785
-117,786
-117,787
-117,788
-117,789
-117,790
-117,791
-117,792
-117,793
-117,794
-117,795
-117,796
-117,797
-117,798
-117,799
-117,800
-117,801
-117,802
-117,803
-117,804
-117,805
-117,806
-117,807
-117,808
-117,809
-117,810
-117,811
-117,812
-117,813
-117,814
-117,815
-117,816
-117,817
-117,818
-117,819
-117,820
-117,821
-117,822
-117,823
-117,824
-117,825
-117,826
-117,827
-117,828
-117,829
-117,830
-117,831
-117,832
-117,833
-117,834
-117,835
-117,836
:47_1,837
:47_1,838
:47_1,839
:47_1,840
119,841
119,842
119,843
119,844
119,845
119,846
119,847
119,848
119,849
119,850
119,851
119,852
119,853
119,854
119,855
119,856
119,857
119,858
119,859
119,860
119,861
119,862
119,863
119,864
119,865
119,866
119,867
119,868
119,869
119,870
119,871
119,872
119,873
119,874
119,875
119,876
119,877
119,878
119,879
119,880
119,881
119,882
119,883
119,884
119,885
119,886
119,887
119,888
119,889
119,890
119,891
119,892
119,893
119,894
119,895
119,896
119,897
119,898
119,899
119,900
119,901
119,902
119,903
119,904
119,905
119,906
119,907
119,908
119,909
119,910
119,911
119,912
119,913
119,914
119,915
119,916
119,917
119,918
119,919
119,920
119,921
119,922
119,923
119,924
119,925
119,926
119,927
119,928
119,929
119,930
119,931
119,932
119,933
119,934
119,935
119,936
119,937
119,938
119,939
119,940
119,941
119,942
119,943
119,944
119,945
119,946
119,947
119,948
119,949
119,950
119,951
119,952
119,953
119,954
119,955
119,956
119,957
119,958
119,959
119,960
119,961
119,962
119,963
119,964
119,965
119,966
119,967
119,968
119,969
119,970
119,971
119,972
119,973
119,974
119,975
119,976
119,977
119,978
119,979
119,980
119,981
119,982
:136_13,983
:136_13,984
:136_13,985
:136_13,986
204,987
204,988
204,989
204,990
204,991
204,992
204,993
204,994
204,995
204,996
204,997
204,998
204,999
204,1000
204,1001
204,1002
204,1003
204,1004
204,1005
204,1006
204,1007
204,1008
204,1009
204,1010
204,1011
204,1012
204,1013
204,1014
204,1015
204,1016
204,1017
204,1018
204,1019
204,1020
204,1021
204,1022
204,1023
204,1024
204,1025
204,1026
204,1027
204,1028
204,1029
204,1030
204,1031
204,1032
204,1033
204,1034
204,1035
204,1036
204,1037
204,1038
204,1039
204,1040
204,1041
204,1042
204,1043
204,1044
204,1045
204,1046
204,1047
204,1048
204,1049
:211_1,1050
:211_1,1051
:211_1,1052
:211_1,1053
:211_1,1054
646,1055
646,1056
646,1057
646,1058
646,1059
646,1060
646,1061
646,1062
646,1063
646,1064
646,1065
646,1066
646,1067
646,1068
646,1069
646,1070
646,1071
646,1072
646,1073
646,1074
646,1075
646,1076
646,1077
646,1078
646,1079
646,1080
646,1081
646,1082
646,1083
646,1084
646,1085
646,1086
646,1087
646,1088
646,1089
646,1090
646,1091
646,1092
646,1093
646,1094
646,1095
646,1096
646,1097
646,1098
646,1099
646,1100
646,1101
646,1102
646,1103
646,1104
646,1105
646,1106
646,1107
646,1108
646,1109
646,1110
646,1111
646,1112
646,1113
646,1114
646,1115
646,1116
646,1117
646,1118
646,1119
646,1120
646,1121
646,1122
646,1123
646,1124
646,1125
646,1126
646,1127
646,1128
646,1129
646,1130
646,1131
646,1132
646,1133
646,1134
646,1135
646,1136
646,1137
646,1138
646,1139
646,1140
646,1141
646,1142
646,1143
646,1144
646,1145
646,1146
646,1147
646,1148
:179_1,1149
:179_1,1150
:179_1,1151
:179_1,1152
:179_1,1153
-164,1154
-164,1155
-164,1156
-164,1157
-164,1158
-164,1159
-164,1160
-164,1161
-164,1162
-164,1163
-164,1164
-164,1165
-164,1166
-164,1167
-164,1168
-164,1169
-164,1170
-164,1171
-164,1172
-164,1173
-164,1174
-164,1175
-164,1176
-164,1177
-164,1178
-164,1179
-164,1180
-164,1181
-164,1182
-164,1183
-164,1184
-164,1185
-164,1186
-164,1187
-164,1188
-164,1189
-164,1190
-164,1191
-164,1192
-164,1193
-164,1194
-164,1195
-164,1196
-164,1197
-164,1198
-164,1199
-164,1200
-164,1201
-164,1202
-164,1203
-164,1204
-164,1205
-164,1206
-164,1207
-164,1208
-164,1209
-164,1210
-164,1211
-164,1212
-164,1213
-164,1214
-164,1215
-164,1216
-164,1217
-164,1218
-164,1219
-164,1220
-164,1221
-164,1222
-164,1223
-164,1224
-164,1225
-164,1226
-164,1227
-164,1228
-164,1229
-164,1230
-164,1231
-164,1232
-164,1233
-164,1234
-164,1235
-164,1236
-164,1237
-164,1238
-164,1239
-164,1240
-164,1241
-164,1242
-164,1243
-164,1244
-164,1245
-164,1246
-164,1247
-164,1248
-164,1249
-164,1250
-164,1251
-164,1252
-164,1253
-164,1254
-164,1255
-164,1256
-164,1257
-164,1258
-164,1259
-164,1260
-164,1261
-164,1262
-164,1263
-164,1264
-164,1265
-164,1266
-164,1267
-164,1268
-164,1269
-164,1270
-164,1271
-164,1272
-164,1273
-164,1274
-164,1275
-164,1276
-164,1277
-164,1278
-164,1279
-164,1280
-164,1281
-164,1282
-164,1283
-164,1284
-164,1285
-164,1286
-164,1287
-164,1288
-164,1289
-164,1290
-164,1291
-164,1292
-164,1293
-164,1294
-164,1295
-164,1296
-164,1297
-164,1298
-164,1299
-164,1300
-164,1301
-164,1302
-164,1303
-164,1304
-164,1305
-164,1306
-164,1307
-164,1308
-164,1309
-164,1310
-164,1311
-164,1312
-164,1313
-164,1314
-164,1315
-164,1316
-164,1317
-164,1318
-164,1319
-164,1320
-164,1321
-164,1322
-164,1323
-164,1324
-164,1325
-164,1326
-164,1327
-164,1328
-164,1329
-164,1330
-164,1331
-164,1332
-164,1333
-164,1334
-164,1335
-164,1336
-164,1337
-164,1338
-164,1339
-164,1340
:178_13,1341
:178_13,1342
:178_13,1343
:178_13,1344
:178_13,1345
167,1346
167,1347
167,1348
167,1349
167,1350
167,1351
167,1352
167,1353
167,1354
167,1355
167,1356
167,1357
167,1358
167,1359
167,1360
167,1361
167,1362
167,1363
167,1364
167,1365
167,1366
167,1367
167,1368
167,1369
167,1370
167,1371
167,1372
167,1373
167,1374
167,1375
167,1376
167,1377
167,1378
167,1379
167,1380
167,1381
167,1382
167,1383
167,1384
167,1385
167,1386
167,1387
167,1388
167,1389
167,1390
167,1391
167,1392
167,1393
167,1394
167,1395
167,1396
167,1397
167,1398
167,1399
167,1400
167,1401
167,1402
167,1403
167,1404
167,1405
167,1406
167,1407
167,1408
167,1409
167,1410
:26_1,1411
:26_1,1412
:26_1,1413
:26_1,1414
-22,1415
-22,1416
-22,1417
-22,1418
-22,1419
-22,1420
-22,1421
-22,1422
-22,1423
-22,1424
-22,1425
-22,1426
-22,1427
-22,1428
-22,1429
-22,1430
-22,1431
-22,1432
-22,1433
-22,1434
-22,1435
-22,1436
-22,1437
-22,1438
-22,1439
-22,1440
-22,1441
-22,1442
-22,1443
-22,1444
-22,1445
-22,1446
-22,1447
-22,1448
-22,1449
-22,1450
-22,1451
-22,1452
-22,1453
-22,1454
-22,1455
-22,1456
-22,1457
-22,1458
-22,1459
-22,1460
-22,1461
-22,1462
-22,1463
-22,1464
-22,1465
-22,1466
-22,1467
-22,1468
-22,1469
-22,1470
-22,1471
-22,1472
-22,1473
-22,1474
-22,1475
-22,1476
-22,1477
-22,1478
-22,1479
-22,1480
-22,1481
-22,1482
-22,1483
-22,1484
-22,1485
-22,1486
-22,1487
-22,1488
-22,1489
-22,1490
-22,1491
-22,1492
-22,1493
-22,1494
-22,1495
-22,1496
-22,1497
-22,1498
-22,1499
-22,1500
-22,1501
-22,1502
-22,1503
-22,1504
-22,1505
-22,1506
-22,1507
-22,1508
-22,1509
-22,1510
-22,1511
-22,1512
-22,1513
-22,1514
-22,1515
-22,1516
-22,1517
-22,1518
-22,1519
-22,1520
-22,1521
-22,1522
-22,1523
-22,1524
-22,1525
-22,1526
-22,1527
-22,1528
-22,1529
-22,1530
-22,1531
-22,1532
-22,1533
-22,1534
-22,1535
-22,1536
-22,1537
-22,1538
-22,1539
-22,1540
-22,1541
-22,1542
-22,1543
-22,1544
-22,1545
-22,1546
-22,1547
-22,1548
-22,1549
-22,1550
-22,1551
-22,1552
-22,1553
-22,1554
-22,1555
-22,1556
-22,1557
:22_13,1558
:22_13,1559
:22_13,1560
:22_13,1561
:22_13,1562
21,1563
21,1564
21,1565
21,1566
21,1567
21,1568
21,1569
21,1570
21,1571
21,1572
21,1573
21,1574
21,1575
21,1576
21,1577
21,1578
21,1579
21,1580
21,1581
21,1582
21,1583
21,1584
21,1585
21,1586
21,1587
21,1588
21,1589
21,1590
21,1591
21,1592
21,1593
21,1594
21,1595
21,1596
21,1597
21,1598
21,1599
21,1600
21,1601
21,1602
21,1603
21,1604
21,1605
21,1606
21,1607
21,1608
21,1609
21,1610
21,1611
21,1612
21,1613
21,1614
21,1615
21,1616
21,1617
21,1618
21,1619
21,1620
21,1621
21,1622
21,1623
21,1624
21,1625
21,1626
21,1627
21,1628
21,1629
21,1630
21,1631
21,1632
21,1633
21,1634
21,1635
:25_1,1636
:25_1,1637
:25_1,1638
:25_1,1639
453,1640
453,1641
453,1642
453,1643
453,1644
453,1645
453,1646
453,1647
453,1648
453,1649
453,1650
453,1651
453,1652
453,1653
453,1654
453,1655
453,1656
453,1657
453,1658
453,1659
453,1660
453,1661
453,1662
453,1663
453,1664
453,1665
453,1666
453,1667
453,1668
453,1669
453,1670
453,1671
453,1672
453,1673
453,1674
453,1675
453,1676
453,1677
453,1678
453,1679
453,1680
453,1681
453,1682
453,1683
453,1684
453,1685
453,1686
:278_7,1687
:278_7,1688
:278_7,1689
:278_7,1690
:278_7,1691
-288,1692
-288,1693
-288,1694
-288,1695
-288,1696
-288,1697
-288,1698
-288,1699
-288,1700
-288,1701
-288,1702
-288,1703
-288,1704
-288,1705
-288,1706
-288,1707
-288,1708
-288,1709
-288,1710
-288,1711
-288,1712
-288,1713
-288,1714
-288,1715
-288,1716
-288,1717
-288,1718
-288,1719
-288,1720
-288,1721
-288,1722
-288,1723
-288,1724
-288,1725
-288,1726
-288,1727
-288,1728
-288,1729
-287,1730
-287,1731
-287,1732
-287,1733
-287,1734
-287,1735
-287,1736
-287,1737
-287,1738
-287,1739
-287,1740
-287,1741
-287,1742
-287,1743
-287,1744
-287,1745
-287,1746
-287,1747
-287,1748
-287,1749
-287,1750
-287,1751
-287,1752
-287,1753
-287,1754
-287,1755
-287,1756
-287,1757
-287,1758
-287,1759
-287,1760
-287,1761
-287,1762
-287,1763
-287,1764
-287,1765
-287,1766
-287,1767
-287,1768
-287,1769
-287,1770
-287,1771
-287,1772
-287,1773
-287,1774
-287,1775
-287,1776
-287,1777
-287,1778
-287,1779
-287,1780
-287,1781
-287,1782
-287,1783
-287,1784
-287,1785
-287,1786
-287,1787
-287,1788
-287,1789
-287,1790
-287,1791
-287,1792
-286,1793
-286,1794
-286,1795
-286,1796
-286,1797
-286,1798
-286,1799
-286,1800
-286,1801
-286,1802
-286,1803
-286,1804
-286,1805
-286,1806
-286,1807
-286,1808
-286,1809
-286,1810
-286,1811
-286,1812
-286,1813
-286,1814
-286,1815
-286,1816
-286,1817
-286,1818
-286,1819
-286,1820
-286,1821
-286,1822
-286,1823
-286,1824
-286,1825
-286,1826
-286,1827
-286,1828
-286,1829
-286,1830
-286,1831
-286,1832
-286,1833
-286,1834
-286,1835
-286,1836
-286,1837
-286,1838
-286,1839
-286,1840
-286,1841
-286,1842
-286,1843
-286,1844
-286,1845
-286,1846
-286,1847
:275_0,1848
-285,1849
-285,1850
-285,1851
-285,1852
-285,1853
-285,1854
-285,1855
-285,1856
-285,1857
-285,1858
-285,1859
-285,1860
-285,1861
-285,1862
-285,1863
-285,1864
-285,1865
-285,1866
-285,1867
-285,1868
-285,1869
-285,1870
-285,1871
-285,1872
-285,1873
-285,1874
-285,1875
-285,1876
-285,1877
-285,1878
-285,1879
-285,1880
-285,1881
-285,1882
-285,1883
-285,1884
-285,1885
-285,1886
-285,1887
-285,1888
-285,1889
-285,1890
-285,1891
-285,1892
-285,1893
-285,1894
-285,1895
-285,1896
-285,1897
-285,1898
-285,1899
-285,1900
-284,1901
-284,1902
-284,1903
-284,1904
-284,1905
-284,1906
-284,1907
-284,1908
-284,1909
-284,1910
-284,1911
-284,1912
-284,1913
-284,1914
-284,1915
-284,1916
-284,1917
-284,1918
-284,1919
-284,1920
-284,1921
-284,1922
-284,1923
-284,1924
-284,1925
-284,1926
-284,1927
-284,1928
-284,1929
-284,1930
-284,1931
-284,1932
-284,1933
-284,1934
-284,1935
-284,1936
-284,1937
-284,1938
-284,1939
-284,1940
-284,1941
-284,1942
-284,1943
-284,1944
-284,1945
-284,1946
-284,1947
-284,1948
-284,1949
-284,1950
-284,1951
-284,1952
-284,1953
-284,1954
-284,1955
-284,1956
-284,1957
-284,1958
-284,1959
-284,1960
:248_0,1961
:248_0,1962
:248_0,1963
-247,1964
-247,1965
-247,1966
-247,1967
-247,1968
-247,1969
-247,1970
-247,1971
-247,1972
-247,1973
-247,1974
-247,1975
-247,1976
-247,1977
-247,1978
-247,1979
-247,1980
-247,1981
-247,1982
-247,1983
-247,1984
-247,1985
-247,1986
-247,1987
-247,1988
-247,1989
-247,1990
-247,1991
-247,1992
-247,1993
-247,1994
-247,1995
-247,1996
-247,1997
-247,1998
-247,1999
-247,2000
