-37,1
-37,2
-37,3
-37,4
-37,5
-37,6
-37,7
-37,8
-37,9
-37,10
-37,11
-37,12
-37,13
-37,14
-37,15
-37,16
-37,17
-37,18
-37,19
-37,20
-37,21
-37,22
-37,23
-37,24
-37,25
-37,26
-37,27
-37,28
-37,29
-37,30
-37,31
-37,32
-37,33
-37,34
-37,35
-37,36
-37,37
-37,38
-37,39
-37,40
-37,41
-37,42
-37,43
-37,44
-37,45
-37,46
-37,47
-37,48
-37,49
-37,50
-37,51
-37,52
-37,53
-37,54
-37,55
-37,56
-37,57
-37,58
-37,59
-37,60
-37,61
-37,62
-37,63
-37,64
-37,65
-37,66
-37,67
-37,68
-37,69
-37,70
-37,71
-37,72
-37,73
-37,74
-37,75
-37,76
-37,77
-37,78
-37,79
-37,80
-37,81
-37,82
-37,83
-37,84
-37,85
-37,86
-37,87
-37,88
-37,89
-37,90
-37,91
-37,92
-37,93
-37,94
-37,95
-37,96
-37,97
-37,98
-37,99
-37,100
-37,101
-37,102
-37,103
-37,104
-37,105
-37,106
-37,107
-37,108
-37,109
-37,110
-37,111
-37,112
-37,113
-37,114
-37,115
-37,116
-37,117
-37,118
-37,119
-37,120
-37,121
-37,122
-37,123
-37,124
-37,125
-37,126
-37,127
-37,128
-37,129
-37,130
-37,131
-37,132
-37,133
-37,134
-37,135
-37,136
-37,137
-37,138
:43_9,139
:43_9,140
:43_9,141
:43_9,142
:43_9,143
36,144
36,145
36,146
36,147
36,148
36,149
36,150
36,151
36,152
36,153
36,154
36,155
36,156
36,157
36,158
36,159
36,160
36,161
36,162
36,163
36,164
36,165
36,166
36,167
36,168
36,169
36,170
36,171
36,172
36,173
36,174
36,175
36,176
36,177
36,178
36,179
36,180
36,181
36,182
36,183
36,184
36,185
36,186
36,187
36,188
36,189
36,190
36,191
36,192
36,193
36,194
36,195
36,196
36,197
36,198
36,199
36,200
36,201
36,202
36,203
36,204
36,205
36,206
36,207
36,208
36,209
36,210
36,211
36,212
36,213
36,214
36,215
36,216
36,217
36,218
36,219
36,220
36,221
36,222
36,223
36,224
36,225
36,226
36,227
36,228
36,229
36,230
36,231
36,232
36,233
36,234
36,235
36,236
36,237
36,238
36,239
36,240
36,241
36,242
36,243
36,244
36,245
36,246
36,247
36,248
36,249
36,250
36,251
36,252
36,253
36,254
36,255
36,256
36,257
36,258
36,259
36,260
36,261
36,262
36,263
36,264
36,265
36,266
36,267
36,268
36,269
36,270
36,271
36,272
36,273
36,274
36,275
36,276
36,277
36,278
36,279
36,280
36,281
36,282
36,283
36,284
36,285
36,286
36,287
36,288
36,289
36,290
36,291
36,292
36,293
36,294
36,295
36,296
36,297
36,298
36,299
36,300
:44_3,301
:44_3,302
:44_3,303
:44_3,304
:44_3,305
-42,306
-42,307
-42,308
-42,309
-42,310
-42,311
-42,312
-42,313
-42,314
-42,315
-42,316
-42,317
-42,318
-42,319
-42,320
-42,321
-42,322
-42,323
-42,324
-42,325
-42,326
-42,327
-42,328
-42,329
-42,330
-42,331
-42,332
-42,333
-42,334
-42,335
-42,336
-42,337
-42,338
-42,339
-42,340
-42,341
-42,342
-42,343
-42,344
-42,345
-42,346
-42,347
-42,348
-42,349
-42,350
-42,351
-42,352
-42,353
-42,354
-42,355
-42,356
-42,357
-42,358
-42,359
-42,360
-42,361
-42,362
-42,363
-42,364
-42,365
-42,366
-42,367
-42,368
-42,369
-42,370
-42,371
-42,372
-42,373
-42,374
-42,375
-42,376
-42,377
-42,378
-42,379
-42,380
-42,381
-42,382
-42,383
-42,384
-42,385
-42,386
-42,387
-42,388
-42,389
-42,390
-42,391
-42,392
-42,393
-42,394
-42,395
-42,396
-42,397
-42,398
-42,399
-42,400
-42,401
-42,402
-42,403
-42,404
-42,405
-42,406
-42,407
-42,408
-42,409
-42,410
-42,411
-42,412
-42,413
-42,414
-42,415
-42,416
-42,417
-42,418
-42,419
-42,420
-42,421
-42,422
-42,423
-42,424
-42,425
-42,426
-42,427
-42,428
-42,429
-42,430
-42,431
-42,432
-42,433
-42,434
-42,435
-42,436
-42,437
-42,438
-42,439
-42,440
-42,441
-42,442
-42,443
-42,444
:48_9,445
:48_9,446
:48_9,447
:48_9,448
:48_9,449
:48_9,450
:48_9,451
41,452
41,453
41,454
41,455
41,456
41,457
41,458
41,459
41,460
41,461
41,462
41,463
41,464
41,465
41,466
41,467
41,468
41,469
41,470
41,471
41,472
41,473
41,474
41,475
41,476
41,477
41,478
41,479
41,480
41,481
41,482
41,483
41,484
41,485
41,486
41,487
41,488
41,489
41,490
41,491
41,492
41,493
41,494
41,495
41,496
41,497
41,498
41,499
41,500
41,501
41,502
41,503
41,504
41,505
41,506
41,507
41,508
41,509
41,510
41,511
41,512
41,513
41,514
41,515
41,516
41,517
41,518
41,519
41,520
41,521
41,522
41,523
41,524
41,525
41,526
41,527
41,528
41,529
41,530
41,531
41,532
41,533
41,534
41,535
41,536
41,537
41,538
41,539
41,540
41,541
41,542
41,543
41,544
41,545
41,546
41,547
41,548
41,549
41,550
41,551
41,552
41,553
41,554
41,555
41,556
41,557
41,558
41,559
41,560
41,561
41,562
41,563
41,564
41,565
41,566
41,567
41,568
41,569
41,570
41,571
41,572
41,573
41,574
41,575
41,576
41,577
41,578
41,579
41,580
41,581
41,582
41,583
41,584
41,585
41,586
41,587
41,588
41,589
41,590
41,591
41,592
41,593
41,594
41,595
41,596
41,597
41,598
41,599
41,600
41,601
41,602
41,603
41,604
41,605
41,606
41,607
41,608
41,609
41,610
41,611
41,612
41,613
41,614
41,615
41,616
41,617
41,618
41,619
41,620
41,621
41,622
41,623
41,624
41,625
41,626
41,627
41,628
41,629
41,630
41,631
41,632
41,633
41,634
41,635
41,636
41,637
41,638
41,639
41,640
41,641
41,642
41,643
41,644
41,645
41,646
41,647
41,648
41,649
41,650
41,651
41,652
41,653
41,654
41,655
41,656
41,657
41,658
41,659
41,660
41,661
41,662
41,663
41,664
41,665
41,666
41,667
41,668
41,669
41,670
41,671
41,672
41,673
41,674
41,675
41,676
41,677
41,678
41,679
41,680
41,681
41,682
41,683
41,684
41,685
41,686
41,687
41,688
41,689
41,690
41,691
41,692
41,693
41,694
41,695
41,696
41,697
41,698
41,699
41,700
41,701
41,702
41,703
41,704
41,705
41,706
41,707
41,708
41,709
41,710
41,711
41,712
41,713
41,714
41,715
41,716
41,717
41,718
41,719
41,720
41,721
41,722
41,723
41,724
41,725
41,726
41,727
41,728
41,729
41,730
41,731
41,732
41,733
41,734
41,735
41,736
41,737
41,738
41,739
41,740
41,741
41,742
41,743
41,744
41,745
41,746
41,747
41,748
41,749
41,750
41,751
41,752
41,753
41,754
41,755
41,756
41,757
41,758
41,759
41,760
41,761
41,762
41,763
41,764
41,765
41,766
41,767
41,768
41,769
41,770
41,771
41,772
41,773
41,774
41,775
41,776
41,777
41,778
41,779
41,780
41,781
41,782
41,783
41,784
41,785
41,786
41,787
41,788
41,789
41,790
41,791
41,792
41,793
41,794
41,795
41,796
41,797
41,798
41,799
41,800
41,801
41,802
41,803
41,804
41,805
41,806
41,807
41,808
41,809
41,810
41,811
41,812
41,813
41,814
41,815
41,816
41,817
41,818
41,819
41,820
41,821
41,822
41,823
41,824
41,825
41,826
41,827
41,828
41,829
41,830
41,831
41,832
41,833
41,834
41,835
41,836
41,837
41,838
41,839
41,840
41,841
41,842
41,843
41,844
41,845
41,846
41,847
41,848
41,849
41,850
41,851
41,852
41,853
41,854
41,855
41,856
41,857
41,858
41,859
41,860
41,861
41,862
41,863
41,864
41,865
41,866
41,867
41,868
41,869
41,870
41,871
41,872
41,873
41,874
41,875
41,876
41,877
41,878
41,879
41,880
41,881
41,882
41,883
41,884
41,885
41,886
41,887
41,888
41,889
41,890
41,891
41,892
41,893
41,894
41,895
41,896
41,897
41,898
41,899
41,900
41,901
41,902
41,903
41,904
41,905
41,906
41,907
41,908
41,909
41,910
41,911
41,912
41,913
41,914
41,915
41,916
41,917
41,918
41,919
41,920
41,921
41,922
41,923
41,924
41,925
41,926
41,927
41,928
:6_4,929
:6_4,930
:6_4,931
:6_4,932
6,933
6,934
6,935
6,936
6,937
6,938
6,939
6,940
6,941
6,942
6,943
6,944
6,945
6,946
6,947
6,948
6,949
6,950
6,951
6,952
6,953
6,954
6,955
6,956
6,957
6,958
6,959
6,960
6,961
6,962
6,963
6,964
6,965
6,966
6,967
6,968
6,969
6,970
6,971
6,972
6,973
6,974
6,975
6,976
6,977
6,978
6,979
6,980
6,981
6,982
6,983
6,984
6,985
6,986
6,987
6,988
6,989
6,990
6,991
6,992
6,993
6,994
6,995
6,996
6,997
6,998
6,999
6,1000
6,1001
6,1002
6,1003
6,1004
6,1005
6,1006
6,1007
6,1008
6,1009
6,1010
6,1011
6,1012
6,1013
6,1014
6,1015
6,1016
6,1017
6,1018
6,1019
6,1020
6,1021
6,1022
6,1023
6,1024
6,1025
6,1026
6,1027
6,1028
6,1029
6,1030
6,1031
6,1032
6,1033
6,1034
6,1035
6,1036
6,1037
6,1038
6,1039
6,1040
6,1041
6,1042
6,1043
6,1044
6,1045
6,1046
6,1047
6,1048
6,1049
6,1050
6,1051
6,1052
6,1053
6,1054
6,1055
6,1056
6,1057
6,1058
6,1059
6,1060
6,1061
6,1062
6,1063
6,1064
6,1065
6,1066
6,1067
6,1068
6,1069
6,1070
6,1071
6,1072
6,1073
6,1074
6,1075
6,1076
6,1077
6,1078
6,1079
6,1080
6,1081
6,1082
6,1083
6,1084
6,1085
6,1086
6,1087
6,1088
6,1089
6,1090
6,1091
6,1092
6,1093
6,1094
6,1095
6,1096
6,1097
6,1098
6,1099
6,1100
6,1101
6,1102
6,1103
6,1104
6,1105
6,1106
6,1107
6,1108
6,1109
6,1110
6,1111
6,1112
6,1113
6,1114
6,1115
6,1116
6,1117
6,1118
6,1119
6,1120
6,1121
6,1122
6,1123
6,1124
6,1125
6,1126
6,1127
6,1128
6,1129
6,1130
6,1131
6,1132
6,1133
6,1134
6,1135
6,1136
6,1137
6,1138
6,1139
6,1140
6,1141
6,1142
6,1143
6,1144
6,1145
6,1146
6,1147
6,1148
6,1149
6,1150
6,1151
6,1152
6,1153
6,1154
6,1155
6,1156
6,1157
6,1158
6,1159
6,1160
6,1161
6,1162
6,1163
6,1164
6,1165
6,1166
6,1167
6,1168
6,1169
6,1170
6,1171
6,1172
6,1173
6,1174
6,1175
6,1176
6,1177
6,1178
6,1179
6,1180
6,1181
6,1182
6,1183
6,1184
6,1185
6,1186
6,1187
6,1188
:8_1,1189
7,1190
7,1191
7,1192
7,1193
7,1194
7,1195
7,1196
7,1197
7,1198
7,1199
7,1200
7,1201
7,1202
7,1203
7,1204
7,1205
7,1206
7,1207
7,1208
7,1209
7,1210
7,1211
7,1212
7,1213
7,1214
7,1215
7,1216
7,1217
7,1218
7,1219
7,1220
7,1221
7,1222
7,1223
7,1224
7,1225
7,1226
7,1227
7,1228
7,1229
7,1230
7,1231
7,1232
7,1233
7,1234
7,1235
7,1236
7,1237
7,1238
7,1239
7,1240
7,1241
7,1242
7,1243
7,1244
7,1245
7,1246
7,1247
7,1248
7,1249
7,1250
7,1251
7,1252
7,1253
7,1254
7,1255
7,1256
7,1257
7,1258
7,1259
7,1260
7,1261
7,1262
7,1263
7,1264
7,1265
7,1266
7,1267
7,1268
7,1269
7,1270
7,1271
7,1272
7,1273
7,1274
7,1275
7,1276
7,1277
8,1278
8,1279
8,1280
8,1281
8,1282
8,1283
8,1284
8,1285
8,1286
8,1287
8,1288
8,1289
8,1290
8,1291
8,1292
8,1293
8,1294
8,1295
8,1296
8,1297
8,1298
8,1299
8,1300
8,1301
8,1302
8,1303
8,1304
8,1305
8,1306
8,1307
8,1308
8,1309
8,1310
8,1311
8,1312
8,1313
8,1314
8,1315
8,1316
8,1317
8,1318
8,1319
8,1320
8,1321
8,1322
8,1323
8,1324
8,1325
8,1326
8,1327
8,1328
8,1329
8,1330
8,1331
8,1332
8,1333
8,1334
8,1335
8,1336
8,1337
8,1338
8,1339
8,1340
8,1341
8,1342
8,1343
8,1344
8,1345
8,1346
8,1347
8,1348
8,1349
8,1350
8,1351
8,1352
8,1353
8,1354
8,1355
9,1356
9,1357
9,1358
9,1359
9,1360
9,1361
9,1362
9,1363
9,1364
9,1365
9,1366
9,1367
9,1368
9,1369
9,1370
9,1371
9,1372
9,1373
9,1374
9,1375
9,1376
9,1377
9,1378
9,1379
9,1380
9,1381
9,1382
9,1383
9,1384
9,1385
9,1386
9,1387
9,1388
9,1389
9,1390
9,1391
9,1392
9,1393
9,1394
9,1395
9,1396
9,1397
9,1398
9,1399
9,1400
9,1401
9,1402
9,1403
9,1404
9,1405
9,1406
9,1407
9,1408
9,1409
9,1410
9,1411
9,1412
9,1413
9,1414
9,1415
9,1416
9,1417
9,1418
9,1419
9,1420
9,1421
9,1422
9,1423
9,1424
9,1425
9,1426
9,1427
9,1428
9,1429
10,1430
10,1431
10,1432
10,1433
10,1434
10,1435
10,1436
10,1437
10,1438
10,1439
10,1440
10,1441
10,1442
10,1443
10,1444
10,1445
10,1446
10,1447
10,1448
10,1449
10,1450
10,1451
10,1452
10,1453
10,1454
10,1455
10,1456
10,1457
10,1458
10,1459
10,1460
10,1461
10,1462
10,1463
10,1464
10,1465
10,1466
10,1467
10,1468
10,1469
10,1470
10,1471
10,1472
10,1473
10,1474
10,1475
10,1476
10,1477
10,1478
10,1479
10,1480
10,1481
10,1482
10,1483
10,1484
10,1485
10,1486
10,1487
10,1488
10,1489
10,1490
10,1491
10,1492
10,1493
10,1494
10,1495
10,1496
10,1497
10,1498
10,1499
10,1500
10,1501
10,1502
10,1503
11,1504
11,1505
11,1506
11,1507
11,1508
11,1509
11,1510
11,1511
11,1512
11,1513
11,1514
11,1515
11,1516
11,1517
11,1518
11,1519
11,1520
11,1521
11,1522
11,1523
11,1524
11,1525
11,1526
11,1527
11,1528
11,1529
11,1530
11,1531
11,1532
11,1533
11,1534
11,1535
11,1536
11,1537
11,1538
11,1539
11,1540
11,1541
11,1542
11,1543
11,1544
11,1545
11,1546
11,1547
11,1548
11,1549
11,1550
11,1551
11,1552
11,1553
11,1554
11,1555
11,1556
11,1557
11,1558
11,1559
11,1560
11,1561
11,1562
11,1563
11,1564
11,1565
11,1566
11,1567
11,1568
11,1569
11,1570
11,1571
11,1572
11,1573
11,1574
11,1575
11,1576
11,1577
11,1578
11,1579
11,1580
11,1581
11,1582
11,1583
11,1584
11,1585
11,1586
11,1587
11,1588
11,1589
11,1590
11,1591
11,1592
11,1593
11,1594
11,1595
11,1596
11,1597
11,1598
11,1599
11,1600
11,1601
11,1602
11,1603
11,1604
11,1605
11,1606
11,1607
11,1608
11,1609
11,1610
11,1611
11,1612
11,1613
11,1614
11,1615
11,1616
11,1617
11,1618
11,1619
11,1620
11,1621
11,1622
11,1623
11,1624
11,1625
11,1626
11,1627
11,1628
11,1629
11,1630
11,1631
11,1632
11,1633
11,1634
11,1635
11,1636
11,1637
11,1638
11,1639
11,1640
11,1641
11,1642
11,1643
11,1644
11,1645
11,1646
11,1647
11,1648
11,1649
11,1650
11,1651
11,1652
11,1653
:4_6,1654
:4_6,1655
:4_6,1656
:4_6,1657
-3,1658
-3,1659
-3,1660
-3,1661
-3,1662
-3,1663
-3,1664
-3,1665
-3,1666
-3,1667
-3,1668
-3,1669
-3,1670
-3,1671
-3,1672
-3,1673
-3,1674
-3,1675
-3,1676
-3,1677
-3,1678
-3,1679
-3,1680
-3,1681
-3,1682
-3,1683
-3,1684
-3,1685
-3,1686
-3,1687
-3,1688
-3,1689
-3,1690
-3,1691
-3,1692
-3,1693
-3,1694
-3,1695
-3,1696
-3,1697
-3,1698
-3,1699
-3,1700
-3,1701
-3,1702
-3,1703
-3,1704
-3,1705
-3,1706
-3,1707
-3,1708
-3,1709
-3,1710
-3,1711
-3,1712
-3,1713
-3,1714
-3,1715
-3,1716
-3,1717
-3,1718
-3,1719
-3,1720
-3,1721
-3,1722
-3,1723
-3,1724
-3,1725
-3,1726
-3,1727
-3,1728
-3,1729
-3,1730
-3,1731
-3,1732
-3,1733
-3,1734
-3,1735
-3,1736
-3,1737
-3,1738
-3,1739
-3,1740
-3,1741
-3,1742
-3,1743
-3,1744
-3,1745
-3,1746
-3,1747
-3,1748
-3,1749
-3,1750
-3,1751
-3,1752
-3,1753
-3,1754
-3,1755
-3,1756
-3,1757
-3,1758
-3,1759
-3,1760
-3,1761
-3,1762
-3,1763
-3,1764
-3,1765
-3,1766
-3,1767
-3,1768
-3,1769
-3,1770
-3,1771
-3,1772
-3,1773
-3,1774
-3,1775
-3,1776
-3,1777
-3,1778
-3,1779
-3,1780
-3,1781
-3,1782
-3,1783
-3,1784
-3,1785
-3,1786
-3,1787
-3,1788
-3,1789
-3,1790
-3,1791
-3,1792
-3,1793
-3,1794
-3,1795
-3,1796
-3,1797
-3,1798
-3,1799
-3,1800
-3,1801
-3,1802
-3,1803
-3,1804
-3,1805
-3,1806
-3,1807
-3,1808
-3,1809
-3,1810
-3,1811
-3,1812
-3,1813
-3,1814
-3,1815
-3,1816
-3,1817
-3,1818
-3,1819
-3,1820
-3,1821
-3,1822
-3,1823
-3,1824
-3,1825
-3,1826
-3,1827
-3,1828
-3,1829
-3,1830
-3,1831
-3,1832
-3,1833
-3,1834
-3,1835
-3,1836
-3,1837
-3,1838
-3,1839
-3,1840
-3,1841
-3,1842
-3,1843
-3,1844
-3,1845
-3,1846
-3,1847
-3,1848
-3,1849
-3,1850
-3,1851
-3,1852
-3,1853
-3,1854
-3,1855
-3,1856
-3,1857
-3,1858
-3,1859
-3,1860
-3,1861
-3,1862
-3,1863
-3,1864
-3,1865
-3,1866
-3,1867
-3,1868
-3,1869
-3,1870
-3,1871
-3,1872
-3,1873
-3,1874
-3,1875
-3,1876
-3,1877
-3,1878
-3,1879
-3,1880
-3,1881
-3,1882
-3,1883
-3,1884
-3,1885
-3,1886
-3,1887
-3,1888
-3,1889
-3,1890
-3,1891
-3,1892
-3,1893
-3,1894
-3,1895
-3,1896
-3,1897
-3,1898
-3,1899
-3,1900
-3,1901
-3,1902
-3,1903
-3,1904
-3,1905
-3,1906
-3,1907
-3,1908
-3,1909
-3,1910
-3,1911
-3,1912
-3,1913
-3,1914
-3,1915
-3,1916
-3,1917
-3,1918
-3,1919
-3,1920
-3,1921
-3,1922
-3,1923
-3,1924
-3,1925
-3,1926
-3,1927
-3,1928
-3,1929
-3,1930
-3,1931
-3,1932
-3,1933
-3,1934
-3,1935
-3,1936
-3,1937
-3,1938
-3,1939
-3,1940
-3,1941
-3,1942
-3,1943
-3,1944
-3,1945
-3,1946
-3,1947
-3,1948
-3,1949
-3,1950
-3,1951
-3,1952
-3,1953
-3,1954
-3,1955
-3,1956
-3,1957
-3,1958
-3,1959
-3,1960
-3,1961
-3,1962
-3,1963
-3,1964
-3,1965
-3,1966
-3,1967
-3,1968
-3,1969
-3,1970
-3,1971
-3,1972
-3,1973
-3,1974
-3,1975
-3,1976
-3,1977
-3,1978
-3,1979
-3,1980
-3,1981
-3,1982
-3,1983
-3,1984
-3,1985
-3,1986
-3,1987
-3,1988
-3,1989
-3,1990
-3,1991
-3,1992
-3,1993
-3,1994
-3,1995
-3,1996
-3,1997
-3,1998
-3,1999
:0_14,2000
