-162,1
-162,2
-162,3
-162,4
-162,5
-162,6
-162,7
-162,8
-162,9
-162,10
-162,11
-162,12
-162,13
-162,14
-162,15
-162,16
-162,17
-162,18
-162,19
-162,20
-162,21
-162,22
-162,23
-162,24
-162,25
-162,26
-162,27
-162,28
-162,29
-162,30
-162,31
-162,32
-162,33
-162,34
-162,35
-162,36
-162,37
-162,38
-162,39
-162,40
-162,41
-162,42
-162,43
-162,44
-162,45
-162,46
-162,47
-162,48
-162,49
-162,50
-162,51
-162,52
-162,53
-162,54
-162,55
-162,56
-162,57
-162,58
-162,59
-162,60
-162,61
-162,62
-162,63
-162,64
-162,65
-162,66
-162,67
-162,68
-162,69
-162,70
-162,71
-162,72
-162,73
-162,74
-162,75
-162,76
-162,77
-162,78
-162,79
-162,80
-162,81
-162,82
-162,83
-162,84
-162,85
-162,86
-162,87
-162,88
-162,89
-162,90
-162,91
-162,92
-162,93
-162,94
-162,95
-162,96
-162,97
:175_6,98
:175_6,99
:175_6,100
:175_6,101
163,102
163,103
163,104
163,105
163,106
163,107
163,108
163,109
163,110
163,111
163,112
163,113
163,114
163,115
163,116
163,117
163,118
163,119
163,120
163,121
163,122
163,123
163,124
163,125
163,126
163,127
163,128
163,129
163,130
163,131
163,132
163,133
163,134
163,135
163,136
163,137
163,138
163,139
163,140
163,141
163,142
163,143
163,144
163,145
163,146
163,147
163,148
163,149
163,150
163,151
163,152
163,153
163,154
163,155
163,156
163,157
163,158
163,159
163,160
163,161
163,162
163,163
163,164
163,165
163,166
163,167
163,168
163,169
163,170
163,171
163,172
163,173
163,174
:177_7,175
:177_7,176
:177_7,177
:177_7,178
255,179
255,180
255,181
255,182
255,183
255,184
255,185
255,186
255,187
255,188
255,189
255,190
255,191
255,192
255,193
255,194
255,195
255,196
255,197
255,198
255,199
255,200
255,201
255,202
255,203
255,204
255,205
255,206
255,207
255,208
255,209
255,210
255,211
255,212
255,213
255,214
255,215
255,216
255,217
255,218
255,219
255,220
255,221
255,222
255,223
255,224
255,225
255,226
255,227
255,228
255,229
255,230
255,231
255,232
255,233
255,234
255,235
255,236
255,237
255,238
255,239
255,240
255,241
255,242
255,243
255,244
255,245
255,246
255,247
255,248
255,249
255,250
255,251
255,252
255,253
255,254
255,255
255,256
255,257
255,258
255,259
255,260
255,261
:223_6,262
:223_6,263
:223_6,264
:223_6,265
:223_6,266
-217,267
-217,268
-217,269
-217,270
-217,271
-217,272
-217,273
-217,274
-217,275
-217,276
-217,277
-217,278
-217,279
-217,280
-217,281
-217,282
-217,283
-217,284
-217,285
-217,286
-217,287
-217,288
-217,289
-217,290
-217,291
-217,292
-217,293
-217,294
-217,295
-217,296
-217,297
