-42,1
-42,2
-42,3
-42,4
-42,5
-42,6
-42,7
-42,8
-42,9
-42,10
-42,11
-42,12
-42,13
-42,14
-42,15
-42,16
-42,17
-42,18
-42,19
-42,20
-42,21
-42,22
-42,23
-42,24
-42,25
-42,26
-42,27
-42,28
-42,29
-42,30
-42,31
-42,32
-42,33
-42,34
-42,35
-42,36
-42,37
-42,38
-42,39
-42,40
-42,41
-42,42
-42,43
-42,44
-42,45
-42,46
-42,47
-42,48
-42,49
-42,50
-42,51
-42,52
-42,53
-42,54
-42,55
-42,56
-42,57
-42,58
-42,59
-42,60
-42,61
-42,62
-42,63
-42,64
-42,65
-42,66
-42,67
-42,68
-42,69
-42,70
-42,71
-42,72
-42,73
-42,74
-42,75
-42,76
-42,77
-42,78
-42,79
-42,80
-42,81
-42,82
-42,83
-42,84
-42,85
-42,86
-42,87
-42,88
-42,89
-42,90
-42,91
-42,92
-42,93
-42,94
-42,95
-42,96
-42,97
-42,98
-42,99
-42,100
-42,101
-42,102
-42,103
-42,104
-42,105
-42,106
-42,107
-42,108
-42,109
-42,110
-42,111
-42,112
-42,113
-42,114
-42,115
-42,116
-42,117
-42,118
-42,119
-42,120
-42,121
:48_9,122
:48_9,123
:48_9,124
:48_9,125
:48_9,126
41,127
41,128
41,129
41,130
41,131
41,132
41,133
41,134
41,135
41,136
41,137
41,138
41,139
41,140
41,141
41,142
41,143
41,144
41,145
41,146
41,147
41,148
41,149
41,150
41,151
41,152
41,153
41,154
41,155
41,156
41,157
41,158
41,159
41,160
41,161
41,162
41,163
41,164
41,165
41,166
41,167
41,168
41,169
41,170
41,171
41,172
41,173
41,174
41,175
41,176
41,177
41,178
41,179
41,180
41,181
41,182
41,183
41,184
41,185
41,186
41,187
41,188
41,189
41,190
41,191
41,192
41,193
41,194
41,195
41,196
41,197
41,198
41,199
41,200
41,201
41,202
41,203
41,204
41,205
41,206
41,207
41,208
41,209
41,210
41,211
41,212
41,213
41,214
41,215
41,216
41,217
41,218
41,219
41,220
41,221
41,222
41,223
41,224
41,225
41,226
41,227
41,228
41,229
41,230
41,231
41,232
41,233
41,234
41,235
41,236
41,237
41,238
41,239
41,240
41,241
41,242
41,243
41,244
41,245
41,246
41,247
41,248
41,249
41,250
41,251
41,252
41,253
41,254
41,255
41,256
41,257
41,258
41,259
41,260
41,261
41,262
41,263
41,264
41,265
41,266
41,267
41,268
41,269
41,270
41,271
41,272
41,273
41,274
41,275
41,276
41,277
41,278
41,279
41,280
41,281
41,282
41,283
41,284
41,285
41,286
41,287
41,288
41,289
41,290
41,291
41,292
41,293
41,294
41,295
41,296
41,297
41,298
41,299
41,300
41,301
41,302
41,303
41,304
41,305
41,306
41,307
41,308
41,309
41,310
41,311
41,312
41,313
41,314
41,315
41,316
41,317
41,318
41,319
41,320
41,321
41,322
41,323
41,324
41,325
41,326
41,327
41,328
41,329
41,330
41,331
41,332
41,333
41,334
41,335
41,336
41,337
41,338
41,339
41,340
41,341
41,342
41,343
41,344
41,345
41,346
41,347
41,348
41,349
41,350
41,351
41,352
41,353
41,354
41,355
41,356
41,357
41,358
41,359
41,360
41,361
41,362
41,363
41,364
41,365
41,366
41,367
41,368
41,369
41,370
41,371
41,372
41,373
41,374
41,375
41,376
41,377
41,378
41,379
41,380
41,381
41,382
41,383
41,384
41,385
41,386
41,387
41,388
41,389
41,390
41,391
41,392
41,393
41,394
41,395
41,396
41,397
41,398
41,399
41,400
41,401
41,402
41,403
41,404
41,405
41,406
41,407
41,408
41,409
41,410
41,411
41,412
41,413
41,414
41,415
41,416
41,417
41,418
41,419
41,420
41,421
41,422
41,423
41,424
41,425
41,426
41,427
41,428
41,429
41,430
41,431
41,432
41,433
41,434
41,435
41,436
41,437
41,438
41,439
41,440
41,441
41,442
41,443
41,444
41,445
41,446
41,447
41,448
41,449
41,450
41,451
41,452
41,453
41,454
41,455
41,456
41,457
41,458
41,459
41,460
41,461
41,462
41,463
41,464
41,465
41,466
41,467
41,468
41,469
41,470
41,471
41,472
41,473
41,474
41,475
41,476
41,477
41,478
41,479
41,480
41,481
41,482
41,483
41,484
41,485
41,486
41,487
41,488
41,489
41,490
41,491
41,492
41,493
41,494
41,495
41,496
41,497
41,498
41,499
41,500
41,501
41,502
41,503
41,504
41,505
41,506
41,507
41,508
41,509
41,510
41,511
41,512
41,513
41,514
41,515
41,516
41,517
41,518
41,519
41,520
41,521
41,522
41,523
41,524
41,525
41,526
41,527
41,528
41,529
41,530
41,531
41,532
41,533
41,534
41,535
41,536
41,537
41,538
41,539
41,540
41,541
41,542
41,543
41,544
41,545
41,546
41,547
41,548
41,549
41,550
41,551
41,552
41,553
41,554
41,555
41,556
:6_5,557
:6_5,558
:6_5,559
:6_5,560
:6_5,561
:6_5,562
5,563
5,564
5,565
5,566
5,567
5,568
5,569
5,570
5,571
5,572
5,573
5,574
5,575
5,576
5,577
5,578
5,579
5,580
5,581
5,582
5,583
5,584
5,585
5,586
5,587
5,588
5,589
5,590
5,591
5,592
5,593
5,594
5,595
5,596
5,597
5,598
5,599
5,600
5,601
5,602
5,603
5,604
5,605
5,606
5,607
5,608
5,609
5,610
5,611
5,612
5,613
5,614
5,615
5,616
5,617
5,618
5,619
5,620
5,621
5,622
5,623
5,624
5,625
5,626
5,627
5,628
:7_6,629
:7_6,630
:7_6,631
:7_6,632
:7_6,633
:7_6,634
:7_6,635
425,636
425,637
425,638
425,639
425,640
425,641
425,642
425,643
425,644
425,645
425,646
425,647
425,648
425,649
425,650
425,651
425,652
425,653
425,654
425,655
425,656
425,657
425,658
425,659
425,660
425,661
425,662
425,663
425,664
425,665
425,666
425,667
425,668
425,669
425,670
425,671
425,672
425,673
425,674
425,675
425,676
425,677
425,678
425,679
425,680
425,681
425,682
425,683
425,684
425,685
425,686
425,687
425,688
425,689
425,690
425,691
425,692
425,693
425,694
425,695
425,696
425,697
425,698
425,699
425,700
425,701
425,702
425,703
425,704
425,705
425,706
425,707
425,708
425,709
425,710
425,711
425,712
425,713
425,714
425,715
425,716
425,717
425,718
425,719
425,720
425,721
425,722
425,723
425,724
425,725
425,726
425,727
425,728
425,729
425,730
425,731
425,732
425,733
425,734
425,735
425,736
425,737
425,738
425,739
425,740
425,741
425,742
425,743
425,744
425,745
425,746
425,747
:373_0,748
:373_0,749
:373_0,750
-685,751
-685,752
-685,753
-685,754
-685,755
-685,756
-685,757
-685,758
-685,759
-685,760
-685,761
-685,762
-685,763
-685,764
-685,765
-685,766
-685,767
-685,768
-685,769
:13_1,770
:13_1,771
:13_1,772
177,773
177,774
177,775
177,776
177,777
177,778
177,779
177,780
177,781
177,782
177,783
177,784
177,785
177,786
177,787
177,788
177,789
177,790
177,791
177,792
177,793
177,794
177,795
177,796
177,797
177,798
177,799
177,800
177,801
177,802
177,803
177,804
177,805
177,806
177,807
177,808
177,809
177,810
177,811
177,812
177,813
177,814
177,815
177,816
177,817
177,818
177,819
177,820
177,821
177,822
177,823
177,824
177,825
177,826
177,827
177,828
177,829
177,830
177,831
177,832
177,833
177,834
177,835
177,836
177,837
177,838
177,839
177,840
177,841
177,842
177,843
177,844
177,845
177,846
177,847
177,848
177,849
177,850
177,851
177,852
177,853
177,854
177,855
177,856
177,857
177,858
177,859
177,860
177,861
177,862
177,863
177,864
177,865
177,866
177,867
177,868
177,869
177,870
177,871
177,872
177,873
177,874
177,875
177,876
177,877
177,878
177,879
177,880
177,881
177,882
177,883
177,884
177,885
177,886
177,887
177,888
177,889
177,890
177,891
177,892
177,893
177,894
177,895
177,896
177,897
177,898
177,899
177,900
177,901
177,902
177,903
177,904
177,905
177,906
177,907
177,908
:190_1,909
:190_1,910
:190_1,911
:190_1,912
:190_1,913
:190_1,914
178,915
178,916
178,917
178,918
178,919
178,920
178,921
178,922
178,923
178,924
178,925
178,926
178,927
178,928
178,929
178,930
178,931
178,932
178,933
178,934
178,935
178,936
178,937
178,938
178,939
178,940
178,941
178,942
178,943
178,944
178,945
178,946
178,947
178,948
178,949
178,950
178,951
178,952
178,953
178,954
178,955
178,956
178,957
178,958
178,959
178,960
178,961
178,962
178,963
178,964
178,965
178,966
178,967
178,968
178,969
178,970
178,971
178,972
178,973
178,974
178,975
178,976
178,977
178,978
178,979
178,980
178,981
178,982
178,983
178,984
178,985
178,986
178,987
178,988
178,989
178,990
178,991
178,992
178,993
178,994
178,995
178,996
178,997
178,998
178,999
178,1000
178,1001
178,1002
178,1003
178,1004
178,1005
178,1006
178,1007
178,1008
178,1009
178,1010
178,1011
178,1012
178,1013
178,1014
178,1015
178,1016
178,1017
178,1018
178,1019
178,1020
178,1021
178,1022
178,1023
178,1024
178,1025
178,1026
178,1027
178,1028
178,1029
178,1030
178,1031
178,1032
178,1033
178,1034
178,1035
178,1036
178,1037
178,1038
178,1039
178,1040
178,1041
178,1042
178,1043
178,1044
178,1045
178,1046
178,1047
178,1048
178,1049
178,1050
178,1051
178,1052
178,1053
178,1054
178,1055
178,1056
178,1057
178,1058
178,1059
178,1060
178,1061
178,1062
178,1063
178,1064
178,1065
178,1066
178,1067
178,1068
178,1069
178,1070
178,1071
178,1072
178,1073
178,1074
178,1075
178,1076
178,1077
178,1078
178,1079
178,1080
178,1081
178,1082
178,1083
178,1084
178,1085
178,1086
:191_5,1087
:191_5,1088
:191_5,1089
:191_5,1090
:191_5,1091
-195,1092
-195,1093
-195,1094
-195,1095
-195,1096
-195,1097
-195,1098
-195,1099
-195,1100
-195,1101
-195,1102
-195,1103
-195,1104
-195,1105
-195,1106
-195,1107
-195,1108
-195,1109
-195,1110
-195,1111
-195,1112
-195,1113
-195,1114
-195,1115
-195,1116
-195,1117
-195,1118
-195,1119
-195,1120
-195,1121
-195,1122
-195,1123
-195,1124
-195,1125
-195,1126
-195,1127
-195,1128
-195,1129
-195,1130
-195,1131
-195,1132
-195,1133
-195,1134
-195,1135
-195,1136
-195,1137
-195,1138
-195,1139
-195,1140
-195,1141
-195,1142
-195,1143
-195,1144
-195,1145
-195,1146
-195,1147
-195,1148
-195,1149
-195,1150
-195,1151
-195,1152
-195,1153
-195,1154
-195,1155
-195,1156
-195,1157
-195,1158
-195,1159
-195,1160
-195,1161
-195,1162
-195,1163
-195,1164
-195,1165
-195,1166
-195,1167
-195,1168
-195,1169
-195,1170
-195,1171
-195,1172
-195,1173
-195,1174
-195,1175
-195,1176
-195,1177
-195,1178
-195,1179
-195,1180
-195,1181
-195,1182
-195,1183
-195,1184
-195,1185
-195,1186
-195,1187
-195,1188
-195,1189
-195,1190
-195,1191
-195,1192
-195,1193
-195,1194
-195,1195
-195,1196
-195,1197
-195,1198
-195,1199
-195,1200
-195,1201
-195,1202
-195,1203
-195,1204
-195,1205
-195,1206
-195,1207
-195,1208
-195,1209
-195,1210
-195,1211
-195,1212
-195,1213
-195,1214
-195,1215
-195,1216
-195,1217
-195,1218
-195,1219
-195,1220
-195,1221
-195,1222
-195,1223
-195,1224
-195,1225
-195,1226
-195,1227
-195,1228
-195,1229
-195,1230
-195,1231
-195,1232
-195,1233
-195,1234
-195,1235
-195,1236
-195,1237
-195,1238
-195,1239
-195,1240
-195,1241
-195,1242
-195,1243
-195,1244
-195,1245
-195,1246
-195,1247
-195,1248
-195,1249
-195,1250
-195,1251
-195,1252
-195,1253
-195,1254
-195,1255
-195,1256
-195,1257
-195,1258
-195,1259
-195,1260
-195,1261
-195,1262
-195,1263
-195,1264
-195,1265
-195,1266
-195,1267
-195,1268
-195,1269
-195,1270
-195,1271
-195,1272
-195,1273
-195,1274
-195,1275
-195,1276
-195,1277
-195,1278
-195,1279
-195,1280
-195,1281
-195,1282
-195,1283
-195,1284
-195,1285
:204_1,1286
:204_1,1287
:204_1,1288
:204_1,1289
:204_1,1290
:204_1,1291
-194,1292
-194,1293
-194,1294
-194,1295
-194,1296
-194,1297
-194,1298
-194,1299
-194,1300
-194,1301
-194,1302
-194,1303
-194,1304
-194,1305
-194,1306
-194,1307
-194,1308
-194,1309
-194,1310
-194,1311
-194,1312
-194,1313
-194,1314
-194,1315
-194,1316
-194,1317
-194,1318
-194,1319
-194,1320
-194,1321
-194,1322
-194,1323
-194,1324
-194,1325
-194,1326
-194,1327
-194,1328
-194,1329
-194,1330
-194,1331
-194,1332
-194,1333
-194,1334
-194,1335
-194,1336
-194,1337
-194,1338
-194,1339
-194,1340
-194,1341
-194,1342
-194,1343
-194,1344
-194,1345
-194,1346
-194,1347
-194,1348
-194,1349
-194,1350
-194,1351
-194,1352
-194,1353
-194,1354
-194,1355
-194,1356
-194,1357
-194,1358
-194,1359
-194,1360
-194,1361
-194,1362
-194,1363
-194,1364
-194,1365
-194,1366
-194,1367
-194,1368
-194,1369
-194,1370
-194,1371
-194,1372
-194,1373
-194,1374
-194,1375
-194,1376
-194,1377
-194,1378
-194,1379
-194,1380
-194,1381
-194,1382
-194,1383
-194,1384
-194,1385
-194,1386
-194,1387
-194,1388
-194,1389
-194,1390
-194,1391
-194,1392
-194,1393
-194,1394
-194,1395
-194,1396
-194,1397
-194,1398
-194,1399
-194,1400
-194,1401
-194,1402
-194,1403
-194,1404
-194,1405
-194,1406
-194,1407
-194,1408
-194,1409
-194,1410
-194,1411
-194,1412
-194,1413
-194,1414
-194,1415
-194,1416
-194,1417
-194,1418
-194,1419
-194,1420
-194,1421
-194,1422
-194,1423
-194,1424
-194,1425
-194,1426
-194,1427
-194,1428
-194,1429
-194,1430
-194,1431
-194,1432
-194,1433
-194,1434
-194,1435
-194,1436
-194,1437
-194,1438
-194,1439
-194,1440
-194,1441
-194,1442
-194,1443
-194,1444
-194,1445
-194,1446
-194,1447
-194,1448
-194,1449
-194,1450
-194,1451
-194,1452
-194,1453
-194,1454
-194,1455
-194,1456
-194,1457
-194,1458
-194,1459
:203_1,1460
:203_1,1461
:203_1,1462
:203_1,1463
:203_1,1464
-193,1465
-193,1466
-193,1467
-193,1468
-193,1469
-193,1470
-193,1471
-193,1472
-193,1473
-193,1474
-193,1475
-193,1476
-193,1477
-193,1478
-193,1479
-193,1480
-193,1481
-193,1482
-193,1483
-193,1484
-193,1485
-193,1486
-193,1487
-193,1488
-193,1489
-193,1490
-193,1491
-193,1492
-193,1493
-193,1494
-193,1495
-193,1496
-193,1497
-193,1498
-193,1499
-193,1500
-193,1501
-193,1502
-193,1503
-193,1504
-193,1505
-193,1506
-193,1507
-193,1508
-193,1509
-193,1510
-193,1511
-193,1512
-193,1513
-193,1514
-193,1515
-193,1516
-193,1517
-193,1518
-193,1519
-193,1520
-193,1521
-193,1522
-193,1523
-193,1524
-193,1525
-193,1526
-193,1527
-193,1528
-193,1529
-193,1530
-193,1531
-193,1532
-193,1533
-193,1534
-193,1535
-193,1536
-193,1537
-193,1538
-193,1539
-193,1540
-193,1541
-193,1542
-193,1543
-193,1544
-193,1545
-193,1546
-193,1547
-193,1548
-193,1549
-193,1550
-193,1551
-193,1552
-193,1553
-193,1554
-193,1555
-193,1556
-193,1557
-193,1558
-193,1559
-193,1560
-193,1561
-193,1562
-193,1563
-193,1564
-193,1565
-193,1566
-193,1567
-193,1568
-193,1569
-193,1570
-193,1571
-193,1572
-193,1573
-193,1574
-193,1575
-193,1576
-193,1577
-193,1578
-193,1579
-193,1580
-193,1581
-193,1582
-193,1583
-193,1584
-193,1585
-193,1586
-193,1587
-193,1588
-193,1589
-193,1590
-193,1591
-193,1592
-193,1593
-193,1594
-193,1595
-193,1596
-193,1597
-193,1598
-193,1599
-193,1600
-193,1601
-193,1602
-193,1603
-193,1604
-193,1605
-193,1606
-193,1607
-193,1608
-193,1609
-193,1610
-193,1611
-193,1612
-193,1613
-193,1614
-193,1615
-193,1616
-193,1617
-193,1618
-193,1619
-193,1620
-193,1621
-193,1622
-193,1623
:35_1,1624
:35_1,1625
:35_1,1626
:35_1,1627
:35_1,1628
197,1629
197,1630
197,1631
197,1632
197,1633
197,1634
197,1635
197,1636
197,1637
197,1638
197,1639
197,1640
197,1641
197,1642
197,1643
197,1644
197,1645
197,1646
197,1647
197,1648
197,1649
197,1650
197,1651
197,1652
197,1653
197,1654
197,1655
197,1656
197,1657
197,1658
197,1659
197,1660
197,1661
197,1662
197,1663
197,1664
197,1665
197,1666
197,1667
197,1668
197,1669
197,1670
197,1671
197,1672
197,1673
197,1674
197,1675
197,1676
197,1677
197,1678
197,1679
197,1680
197,1681
197,1682
197,1683
197,1684
197,1685
197,1686
197,1687
197,1688
197,1689
197,1690
197,1691
197,1692
197,1693
197,1694
197,1695
197,1696
197,1697
197,1698
197,1699
197,1700
197,1701
197,1702
197,1703
197,1704
197,1705
197,1706
197,1707
197,1708
197,1709
197,1710
197,1711
197,1712
197,1713
197,1714
197,1715
197,1716
197,1717
197,1718
197,1719
197,1720
197,1721
197,1722
197,1723
197,1724
197,1725
197,1726
197,1727
197,1728
197,1729
197,1730
197,1731
197,1732
197,1733
197,1734
197,1735
197,1736
197,1737
197,1738
197,1739
197,1740
197,1741
197,1742
197,1743
197,1744
197,1745
197,1746
197,1747
197,1748
197,1749
197,1750
197,1751
197,1752
197,1753
197,1754
197,1755
197,1756
197,1757
197,1758
197,1759
197,1760
197,1761
197,1762
197,1763
197,1764
197,1765
197,1766
197,1767
197,1768
197,1769
197,1770
197,1771
197,1772
197,1773
197,1774
197,1775
197,1776
197,1777
197,1778
197,1779
197,1780
197,1781
197,1782
197,1783
197,1784
197,1785
197,1786
197,1787
197,1788
197,1789
197,1790
197,1791
197,1792
197,1793
197,1794
197,1795
197,1796
197,1797
197,1798
197,1799
197,1800
197,1801
197,1802
197,1803
197,1804
197,1805
197,1806
197,1807
197,1808
197,1809
197,1810
197,1811
197,1812
197,1813
197,1814
197,1815
197,1816
197,1817
197,1818
197,1819
197,1820
197,1821
197,1822
197,1823
197,1824
197,1825
197,1826
197,1827
197,1828
197,1829
197,1830
197,1831
197,1832
197,1833
197,1834
197,1835
197,1836
197,1837
197,1838
197,1839
197,1840
197,1841
197,1842
197,1843
197,1844
197,1845
197,1846
197,1847
197,1848
197,1849
197,1850
197,1851
197,1852
197,1853
197,1854
197,1855
197,1856
197,1857
197,1858
197,1859
197,1860
197,1861
197,1862
197,1863
197,1864
197,1865
197,1866
197,1867
197,1868
197,1869
197,1870
197,1871
197,1872
197,1873
197,1874
197,1875
197,1876
197,1877
197,1878
197,1879
197,1880
197,1881
197,1882
197,1883
197,1884
197,1885
197,1886
197,1887
197,1888
197,1889
197,1890
197,1891
197,1892
197,1893
197,1894
:205_0,1895
:205_0,1896
:205_0,1897
:205_0,1898
:205_0,1899
198,1900
198,1901
198,1902
198,1903
198,1904
198,1905
198,1906
198,1907
198,1908
198,1909
198,1910
198,1911
198,1912
198,1913
198,1914
198,1915
198,1916
198,1917
198,1918
198,1919
198,1920
198,1921
198,1922
198,1923
198,1924
198,1925
198,1926
198,1927
198,1928
198,1929
198,1930
198,1931
198,1932
198,1933
198,1934
198,1935
198,1936
198,1937
198,1938
198,1939
198,1940
198,1941
198,1942
198,1943
198,1944
198,1945
198,1946
198,1947
198,1948
198,1949
198,1950
198,1951
198,1952
198,1953
198,1954
198,1955
198,1956
198,1957
198,1958
198,1959
198,1960
198,1961
198,1962
198,1963
198,1964
198,1965
198,1966
198,1967
198,1968
198,1969
198,1970
198,1971
198,1972
198,1973
198,1974
198,1975
198,1976
198,1977
198,1978
198,1979
198,1980
198,1981
198,1982
198,1983
198,1984
198,1985
198,1986
198,1987
198,1988
198,1989
198,1990
198,1991
198,1992
198,1993
198,1994
198,1995
198,1996
198,1997
198,1998
198,1999
198,2000
