-103,1
-103,2
-103,3
-103,4
-103,5
-103,6
-103,7
-103,8
-103,9
-103,10
-103,11
-103,12
-103,13
-103,14
-103,15
-103,16
-103,17
-103,18
-103,19
-103,20
-103,21
-103,22
-103,23
-103,24
-103,25
-103,26
-103,27
-103,28
-103,29
-103,30
-103,31
-103,32
-103,33
-103,34
-103,35
-103,36
-103,37
-103,38
-103,39
-103,40
-103,41
-103,42
-103,43
-103,44
-103,45
-103,46
-103,47
-103,48
-103,49
-103,50
-103,51
-103,52
-103,53
-103,54
-103,55
-103,56
-103,57
-103,58
-103,59
-103,60
-103,61
-103,62
-103,63
-103,64
-103,65
-103,66
-103,67
-103,68
-103,69
-103,70
-103,71
-103,72
-103,73
-103,74
-103,75
-103,76
-103,77
-103,78
-103,79
-103,80
-103,81
-103,82
-103,83
-103,84
-103,85
-103,86
-103,87
-103,88
-103,89
-103,90
-103,91
-103,92
-103,93
-103,94
-103,95
-103,96
-103,97
-103,98
-103,99
-103,100
-103,101
-103,102
-103,103
-103,104
-103,105
-103,106
-103,107
-103,108
-103,109
-103,110
-103,111
-103,112
-103,113
-103,114
-103,115
-103,116
-103,117
-103,118
-103,119
-103,120
-103,121
-103,122
-103,123
-103,124
-103,125
-103,126
-103,127
-103,128
:119_1,129
:119_1,130
:119_1,131
:119_1,132
:119_1,133
104,134
104,135
104,136
104,137
104,138
104,139
104,140
104,141
104,142
104,143
104,144
104,145
104,146
104,147
104,148
104,149
104,150
104,151
104,152
104,153
104,154
104,155
104,156
104,157
104,158
104,159
104,160
104,161
104,162
104,163
104,164
104,165
104,166
104,167
104,168
104,169
104,170
104,171
104,172
104,173
104,174
104,175
104,176
104,177
104,178
104,179
104,180
104,181
104,182
104,183
104,184
104,185
104,186
104,187
104,188
104,189
104,190
104,191
104,192
104,193
104,194
104,195
104,196
104,197
104,198
104,199
104,200
104,201
104,202
104,203
104,204
104,205
104,206
104,207
104,208
104,209
104,210
104,211
104,212
104,213
104,214
104,215
104,216
104,217
104,218
104,219
104,220
104,221
104,222
104,223
104,224
104,225
104,226
104,227
104,228
104,229
104,230
104,231
104,232
:87_1,233
:87_1,234
:87_1,235
:87_1,236
:87_1,237
-75,238
-75,239
-75,240
-75,241
-75,242
-75,243
-75,244
-75,245
-75,246
-75,247
-75,248
-75,249
-75,250
-75,251
-75,252
-75,253
-75,254
-75,255
-75,256
-75,257
-75,258
-75,259
-75,260
-75,261
-75,262
-75,263
-75,264
-75,265
-75,266
-75,267
-75,268
-75,269
-75,270
-75,271
-75,272
-75,273
-75,274
-75,275
-75,276
-75,277
-75,278
-75,279
-75,280
-75,281
-75,282
-75,283
-75,284
-75,285
-75,286
-75,287
-75,288
-75,289
-75,290
-75,291
-75,292
-75,293
-75,294
-75,295
-75,296
-75,297
-75,298
-75,299
-75,300
-75,301
-75,302
-75,303
-75,304
-75,305
-75,306
-75,307
-75,308
-75,309
-75,310
-75,311
-75,312
-75,313
-75,314
-75,315
-75,316
-75,317
-75,318
-75,319
-75,320
-75,321
-75,322
-75,323
-75,324
-75,325
-75,326
-75,327
-75,328
-75,329
-75,330
-75,331
-75,332
-75,333
-75,334
-75,335
-75,336
-75,337
-75,338
-75,339
-75,340
-75,341
-75,342
-75,343
-75,344
-75,345
-75,346
-75,347
-75,348
-75,349
-75,350
-75,351
-75,352
-75,353
-75,354
-75,355
-75,356
-75,357
-75,358
-75,359
-75,360
-75,361
-75,362
-75,363
-75,364
-75,365
-75,366
:85_1,367
:85_1,368
:85_1,369
:85_1,370
:85_1,371
73,372
73,373
73,374
73,375
73,376
73,377
73,378
73,379
73,380
73,381
73,382
73,383
73,384
73,385
73,386
73,387
73,388
73,389
73,390
73,391
73,392
73,393
73,394
73,395
73,396
73,397
73,398
73,399
73,400
73,401
73,402
73,403
73,404
73,405
73,406
73,407
73,408
73,409
73,410
73,411
73,412
73,413
73,414
73,415
73,416
73,417
73,418
73,419
73,420
73,421
73,422
73,423
73,424
73,425
73,426
73,427
73,428
73,429
73,430
73,431
73,432
73,433
73,434
73,435
73,436
73,437
73,438
73,439
73,440
73,441
73,442
73,443
73,444
73,445
73,446
73,447
73,448
73,449
73,450
73,451
73,452
73,453
73,454
:86_0,455
:86_0,456
:86_0,457
:86_0,458
130,459
130,460
130,461
130,462
130,463
130,464
130,465
130,466
130,467
130,468
130,469
130,470
130,471
130,472
130,473
130,474
130,475
130,476
130,477
130,478
130,479
130,480
130,481
130,482
130,483
130,484
130,485
130,486
130,487
130,488
130,489
130,490
130,491
130,492
130,493
-93,494
-93,495
-93,496
-93,497
-93,498
-93,499
-93,500
-93,501
-93,502
-93,503
-93,504
-93,505
-93,506
-93,507
-93,508
-93,509
-93,510
-93,511
-93,512
-93,513
-93,514
-93,515
-93,516
-93,517
-93,518
-93,519
-93,520
-93,521
-93,522
-93,523
-93,524
-93,525
-93,526
-93,527
-93,528
-93,529
-93,530
-93,531
-93,532
-93,533
-93,534
-93,535
-93,536
-93,537
-93,538
-93,539
-93,540
-93,541
-93,542
-93,543
-93,544
-93,545
-93,546
-93,547
-93,548
-93,549
-93,550
:105_0,551
:105_0,552
:105_0,553
:105_0,554
:105_0,555
-89,556
-89,557
-89,558
-89,559
-89,560
-89,561
-89,562
-89,563
-89,564
-89,565
-89,566
-89,567
-89,568
-89,569
-89,570
-89,571
-89,572
-89,573
-89,574
-89,575
-89,576
-89,577
-89,578
-89,579
-89,580
-89,581
-89,582
-89,583
-89,584
-89,585
-89,586
-89,587
-89,588
-89,589
-89,590
-89,591
-89,592
-89,593
-89,594
-89,595
-89,596
-89,597
-89,598
-89,599
-89,600
-89,601
-89,602
-89,603
-89,604
-89,605
-89,606
-89,607
-89,608
-89,609
-89,610
-89,611
-89,612
-89,613
-89,614
-89,615
-89,616
-89,617
-89,618
-89,619
-89,620
-89,621
-89,622
-89,623
-89,624
-89,625
-89,626
-89,627
-89,628
-89,629
-89,630
-89,631
-89,632
-89,633
-89,634
:104_5,635
:104_5,636
:104_5,637
:104_5,638
:104_5,639
90,640
90,641
90,642
90,643
90,644
90,645
90,646
90,647
90,648
90,649
90,650
90,651
90,652
90,653
90,654
90,655
90,656
90,657
90,658
90,659
90,660
90,661
90,662
90,663
90,664
90,665
90,666
90,667
90,668
90,669
90,670
90,671
90,672
90,673
90,674
90,675
90,676
90,677
90,678
90,679
90,680
90,681
90,682
90,683
90,684
90,685
90,686
90,687
90,688
90,689
90,690
90,691
90,692
90,693
90,694
90,695
90,696
90,697
90,698
90,699
90,700
90,701
90,702
90,703
90,704
90,705
90,706
90,707
90,708
90,709
90,710
90,711
90,712
90,713
90,714
90,715
90,716
90,717
90,718
90,719
90,720
90,721
90,722
90,723
90,724
90,725
90,726
90,727
90,728
90,729
90,730
90,731
90,732
90,733
90,734
90,735
90,736
90,737
90,738
90,739
90,740
90,741
90,742
90,743
90,744
90,745
90,746
90,747
90,748
90,749
90,750
90,751
90,752
90,753
90,754
90,755
90,756
90,757
90,758
90,759
90,760
90,761
90,762
90,763
90,764
90,765
90,766
90,767
90,768
90,769
90,770
90,771
90,772
90,773
90,774
90,775
90,776
90,777
90,778
90,779
90,780
90,781
90,782
90,783
90,784
90,785
90,786
:106_0,787
:106_0,788
:106_0,789
:106_0,790
-325,791
-325,792
-325,793
-325,794
-325,795
-325,796
-325,797
-325,798
-325,799
-325,800
-325,801
-325,802
-325,803
-325,804
-325,805
-325,806
-325,807
-325,808
-325,809
-325,810
-325,811
-325,812
-325,813
-325,814
-325,815
-325,816
-325,817
-325,818
-325,819
-325,820
-325,821
-325,822
-325,823
-325,824
-325,825
-325,826
-325,827
-325,828
-325,829
-325,830
-325,831
-325,832
-325,833
-325,834
-325,835
-325,836
-325,837
-325,838
-325,839
-325,840
-325,841
-325,842
-325,843
-325,844
-325,845
-325,846
-325,847
-325,848
-325,849
-325,850
-325,851
-325,852
-325,853
-325,854
-325,855
-325,856
-325,857
-325,858
-325,859
-325,860
-325,861
-325,862
-325,863
-325,864
-325,865
-325,866
-325,867
-325,868
-325,869
-325,870
-325,871
-325,872
-325,873
-325,874
-325,875
-325,876
-325,877
-325,878
:246_1,879
:246_1,880
:246_1,881
:246_1,882
:246_1,883
-245,884
-245,885
-245,886
-245,887
-245,888
-245,889
-245,890
-245,891
-245,892
-245,893
-245,894
-245,895
-245,896
-245,897
-245,898
-245,899
-245,900
-245,901
-245,902
-245,903
-245,904
-245,905
-245,906
-245,907
-245,908
-245,909
-245,910
-245,911
-245,912
-245,913
-245,914
-245,915
-245,916
-245,917
-245,918
-245,919
-245,920
-245,921
-245,922
-245,923
-245,924
-245,925
-245,926
-245,927
-245,928
-245,929
-245,930
-245,931
:215_5,932
:215_5,933
:215_5,934
:215_5,935
:215_5,936
-244,937
-244,938
-244,939
-244,940
-244,941
-244,942
-244,943
-244,944
-244,945
-244,946
-244,947
-244,948
-244,949
-244,950
-244,951
-244,952
-244,953
-244,954
-244,955
-244,956
-244,957
-244,958
-244,959
-244,960
-244,961
-244,962
-244,963
-244,964
-244,965
-244,966
-244,967
-244,968
-244,969
-244,970
-244,971
-244,972
-244,973
-244,974
-244,975
-244,976
-244,977
-244,978
-244,979
-244,980
-244,981
-244,982
-244,983
-244,984
-244,985
-244,986
-244,987
-244,988
-244,989
-244,990
-244,991
-244,992
-244,993
-244,994
-244,995
-244,996
-244,997
-244,998
-244,999
-244,1000
-244,1001
-244,1002
-244,1003
-244,1004
-244,1005
-244,1006
-244,1007
-244,1008
-244,1009
-244,1010
-244,1011
-244,1012
-244,1013
-244,1014
-244,1015
-244,1016
-244,1017
-244,1018
-244,1019
-244,1020
-244,1021
-244,1022
-244,1023
-244,1024
-244,1025
-244,1026
-244,1027
-244,1028
-244,1029
-244,1030
-244,1031
-244,1032
-244,1033
-244,1034
-244,1035
-244,1036
-244,1037
-244,1038
-244,1039
-244,1040
-244,1041
-244,1042
-244,1043
-244,1044
-244,1045
-244,1046
-244,1047
-244,1048
-244,1049
-244,1050
-244,1051
-244,1052
-244,1053
-244,1054
-244,1055
-244,1056
-244,1057
-244,1058
-244,1059
-244,1060
-244,1061
-244,1062
-244,1063
-244,1064
-244,1065
-244,1066
-244,1067
-244,1068
-244,1069
-244,1070
-244,1071
-244,1072
-244,1073
-244,1074
-244,1075
-244,1076
-244,1077
-244,1078
-244,1079
-244,1080
-244,1081
-244,1082
-244,1083
-244,1084
-244,1085
-244,1086
-244,1087
-244,1088
-244,1089
-244,1090
-244,1091
-244,1092
:179_5,1093
:179_5,1094
:179_5,1095
:179_5,1096
:179_5,1097
-243,1098
-243,1099
-243,1100
-243,1101
-243,1102
-243,1103
-243,1104
-243,1105
-243,1106
-243,1107
-243,1108
-243,1109
-243,1110
-243,1111
-243,1112
-243,1113
-243,1114
-243,1115
-243,1116
-243,1117
-243,1118
-243,1119
-243,1120
-243,1121
-243,1122
-243,1123
-243,1124
-243,1125
-243,1126
-243,1127
-243,1128
-243,1129
-243,1130
-243,1131
-243,1132
-243,1133
-243,1134
-243,1135
-243,1136
-243,1137
-243,1138
-243,1139
-243,1140
-243,1141
-243,1142
-243,1143
-243,1144
-243,1145
-243,1146
-243,1147
-243,1148
-243,1149
-243,1150
-243,1151
-243,1152
-243,1153
-243,1154
-243,1155
-243,1156
-243,1157
-243,1158
-243,1159
-243,1160
-243,1161
-243,1162
-243,1163
-243,1164
:245_1,1165
:245_1,1166
:245_1,1167
:245_1,1168
:245_1,1169
-242,1170
-242,1171
-242,1172
-242,1173
-242,1174
-242,1175
-242,1176
-242,1177
-242,1178
-242,1179
-242,1180
-242,1181
-242,1182
-242,1183
-242,1184
-242,1185
-242,1186
-242,1187
-242,1188
-242,1189
-242,1190
-242,1191
-242,1192
-242,1193
-242,1194
-242,1195
-242,1196
-242,1197
-242,1198
-242,1199
-242,1200
-242,1201
-242,1202
-242,1203
-242,1204
-242,1205
-242,1206
-242,1207
-242,1208
-242,1209
-242,1210
-242,1211
-242,1212
-242,1213
-242,1214
-242,1215
-242,1216
-242,1217
-242,1218
-242,1219
-242,1220
-242,1221
-242,1222
-242,1223
-242,1224
-242,1225
-242,1226
-242,1227
-242,1228
-242,1229
-242,1230
-242,1231
-242,1232
-242,1233
-242,1234
-242,1235
-242,1236
-242,1237
-242,1238
-242,1239
-242,1240
-242,1241
-242,1242
-242,1243
-242,1244
-242,1245
-242,1246
-242,1247
-242,1248
-242,1249
-242,1250
-242,1251
-242,1252
-242,1253
-242,1254
-242,1255
-242,1256
-242,1257
-242,1258
-242,1259
-242,1260
-242,1261
-242,1262
-242,1263
:244_5,1264
:244_5,1265
:244_5,1266
:244_5,1267
:244_5,1268
437,1269
437,1270
437,1271
437,1272
437,1273
437,1274
437,1275
437,1276
437,1277
437,1278
437,1279
437,1280
437,1281
437,1282
437,1283
437,1284
437,1285
437,1286
437,1287
437,1288
437,1289
437,1290
437,1291
437,1292
437,1293
437,1294
437,1295
437,1296
437,1297
437,1298
437,1299
437,1300
437,1301
437,1302
437,1303
437,1304
437,1305
437,1306
437,1307
437,1308
437,1309
437,1310
437,1311
437,1312
437,1313
437,1314
437,1315
437,1316
437,1317
437,1318
437,1319
437,1320
437,1321
437,1322
437,1323
437,1324
437,1325
437,1326
437,1327
437,1328
437,1329
437,1330
437,1331
437,1332
437,1333
437,1334
437,1335
437,1336
437,1337
437,1338
437,1339
437,1340
437,1341
437,1342
437,1343
437,1344
437,1345
437,1346
437,1347
437,1348
437,1349
437,1350
437,1351
437,1352
437,1353
437,1354
437,1355
437,1356
437,1357
437,1358
437,1359
437,1360
437,1361
437,1362
437,1363
437,1364
437,1365
437,1366
437,1367
437,1368
437,1369
437,1370
437,1371
437,1372
437,1373
437,1374
437,1375
437,1376
437,1377
437,1378
437,1379
437,1380
437,1381
437,1382
437,1383
437,1384
437,1385
437,1386
437,1387
437,1388
437,1389
437,1390
437,1391
437,1392
437,1393
437,1394
437,1395
437,1396
437,1397
437,1398
437,1399
437,1400
437,1401
437,1402
437,1403
437,1404
437,1405
437,1406
437,1407
437,1408
437,1409
437,1410
437,1411
437,1412
437,1413
437,1414
437,1415
437,1416
437,1417
437,1418
437,1419
437,1420
437,1421
437,1422
437,1423
437,1424
437,1425
437,1426
437,1427
437,1428
437,1429
437,1430
437,1431
437,1432
437,1433
437,1434
437,1435
437,1436
437,1437
437,1438
437,1439
437,1440
437,1441
437,1442
437,1443
437,1444
437,1445
437,1446
437,1447
437,1448
437,1449
437,1450
437,1451
437,1452
437,1453
437,1454
437,1455
437,1456
437,1457
437,1458
437,1459
437,1460
437,1461
437,1462
437,1463
437,1464
437,1465
437,1466
437,1467
437,1468
437,1469
437,1470
437,1471
437,1472
437,1473
437,1474
437,1475
437,1476
437,1477
437,1478
437,1479
437,1480
437,1481
437,1482
437,1483
437,1484
437,1485
:381_5,1486
:381_5,1487
:381_5,1488
:381_5,1489
:381_5,1490
438,1491
438,1492
438,1493
438,1494
438,1495
438,1496
438,1497
438,1498
438,1499
438,1500
438,1501
438,1502
438,1503
438,1504
438,1505
438,1506
438,1507
438,1508
438,1509
438,1510
438,1511
438,1512
438,1513
438,1514
438,1515
438,1516
438,1517
438,1518
438,1519
438,1520
438,1521
438,1522
438,1523
438,1524
438,1525
438,1526
438,1527
438,1528
438,1529
438,1530
438,1531
438,1532
438,1533
438,1534
438,1535
438,1536
438,1537
438,1538
438,1539
438,1540
438,1541
438,1542
438,1543
438,1544
438,1545
438,1546
438,1547
438,1548
438,1549
438,1550
438,1551
438,1552
438,1553
438,1554
438,1555
438,1556
438,1557
438,1558
438,1559
438,1560
438,1561
438,1562
438,1563
438,1564
438,1565
438,1566
438,1567
438,1568
438,1569
438,1570
438,1571
438,1572
438,1573
438,1574
438,1575
438,1576
438,1577
438,1578
438,1579
438,1580
438,1581
438,1582
438,1583
438,1584
438,1585
438,1586
438,1587
438,1588
438,1589
438,1590
438,1591
438,1592
438,1593
438,1594
438,1595
438,1596
438,1597
438,1598
438,1599
438,1600
438,1601
438,1602
438,1603
438,1604
438,1605
438,1606
:75_5,1607
:75_5,1608
:75_5,1609
:75_5,1610
:75_5,1611
-65,1612
-65,1613
-65,1614
-65,1615
-65,1616
-65,1617
-65,1618
-65,1619
-65,1620
-65,1621
-65,1622
-65,1623
-65,1624
-65,1625
-65,1626
-65,1627
-65,1628
-65,1629
-65,1630
-65,1631
-65,1632
-65,1633
-65,1634
-65,1635
-65,1636
-65,1637
-65,1638
-65,1639
-65,1640
-65,1641
-65,1642
-65,1643
-65,1644
-65,1645
-65,1646
-65,1647
-65,1648
-65,1649
-65,1650
-65,1651
-65,1652
-65,1653
-65,1654
-65,1655
-65,1656
-65,1657
-65,1658
-65,1659
-65,1660
-65,1661
-65,1662
-65,1663
-65,1664
-65,1665
-65,1666
-65,1667
-65,1668
-65,1669
-65,1670
-65,1671
-65,1672
-65,1673
-65,1674
-65,1675
-65,1676
-65,1677
-65,1678
-65,1679
-65,1680
-65,1681
-65,1682
-65,1683
-65,1684
-65,1685
-65,1686
-65,1687
-65,1688
-65,1689
-65,1690
-65,1691
-65,1692
-65,1693
-65,1694
-65,1695
-65,1696
-65,1697
-65,1698
-65,1699
-65,1700
-65,1701
-65,1702
-65,1703
-65,1704
-65,1705
-65,1706
-65,1707
-65,1708
-65,1709
-65,1710
-65,1711
-65,1712
-65,1713
-65,1714
-65,1715
-65,1716
-65,1717
-65,1718
-65,1719
-65,1720
-65,1721
-65,1722
-65,1723
-65,1724
:74_5,1725
:74_5,1726
:74_5,1727
:74_5,1728
:74_5,1729
-237,1730
-237,1731
-237,1732
-237,1733
-237,1734
-237,1735
-237,1736
-237,1737
-237,1738
-237,1739
-237,1740
-237,1741
-237,1742
-237,1743
-237,1744
-237,1745
-237,1746
-237,1747
-237,1748
-237,1749
-237,1750
-237,1751
-237,1752
-237,1753
-237,1754
-237,1755
-237,1756
-237,1757
-237,1758
-237,1759
-237,1760
-237,1761
-237,1762
-237,1763
-237,1764
-237,1765
-237,1766
-237,1767
-237,1768
-237,1769
-237,1770
-237,1771
-237,1772
-237,1773
-237,1774
-237,1775
-237,1776
-237,1777
-237,1778
-237,1779
-237,1780
-237,1781
-237,1782
-237,1783
-237,1784
-237,1785
-237,1786
-237,1787
-237,1788
-237,1789
-237,1790
-237,1791
-237,1792
-237,1793
-237,1794
-237,1795
-237,1796
-237,1797
-237,1798
-237,1799
-237,1800
-237,1801
-237,1802
-237,1803
-237,1804
-237,1805
-237,1806
-237,1807
-237,1808
-237,1809
-237,1810
-237,1811
-237,1812
-237,1813
-237,1814
-237,1815
-237,1816
-237,1817
-237,1818
-237,1819
-237,1820
-237,1821
-237,1822
-237,1823
-237,1824
-237,1825
-237,1826
-237,1827
-237,1828
-237,1829
-237,1830
-237,1831
-237,1832
-237,1833
-237,1834
-237,1835
-237,1836
-237,1837
-237,1838
-237,1839
-237,1840
-237,1841
-237,1842
-237,1843
-237,1844
-237,1845
-237,1846
-237,1847
-237,1848
-237,1849
-237,1850
-237,1851
-237,1852
-237,1853
-237,1854
-237,1855
-237,1856
-237,1857
-237,1858
-237,1859
-237,1860
-237,1861
-237,1862
-237,1863
-237,1864
-237,1865
-237,1866
-237,1867
-237,1868
-237,1869
-237,1870
-237,1871
-237,1872
-237,1873
-237,1874
-237,1875
-237,1876
-237,1877
-237,1878
-237,1879
-237,1880
-237,1881
-237,1882
-237,1883
-237,1884
-237,1885
-237,1886
-237,1887
-237,1888
-237,1889
-237,1890
-237,1891
-237,1892
-237,1893
-237,1894
-237,1895
-237,1896
-237,1897
-237,1898
-237,1899
-237,1900
-237,1901
-237,1902
-237,1903
-237,1904
-237,1905
:240_1,1906
:240_1,1907
:240_1,1908
:240_1,1909
:240_1,1910
-236,1911
-236,1912
-236,1913
-236,1914
-236,1915
-236,1916
-236,1917
-236,1918
-236,1919
-236,1920
-236,1921
-236,1922
-236,1923
-236,1924
-236,1925
-236,1926
-236,1927
-236,1928
-236,1929
-236,1930
-236,1931
-236,1932
-236,1933
-236,1934
-236,1935
-236,1936
-236,1937
-236,1938
-236,1939
-236,1940
-236,1941
-236,1942
-236,1943
-236,1944
-236,1945
-236,1946
-236,1947
-236,1948
-236,1949
-236,1950
-236,1951
-236,1952
-236,1953
-236,1954
-236,1955
-236,1956
-236,1957
-236,1958
-236,1959
-236,1960
-236,1961
-236,1962
-236,1963
-236,1964
-236,1965
-236,1966
-236,1967
-236,1968
-236,1969
-236,1970
-236,1971
-236,1972
-236,1973
-236,1974
-236,1975
-236,1976
-236,1977
-236,1978
-236,1979
-236,1980
-236,1981
-236,1982
-236,1983
-236,1984
-236,1985
-236,1986
-236,1987
-236,1988
-236,1989
-236,1990
-236,1991
-236,1992
-236,1993
-236,1994
-236,1995
-236,1996
-236,1997
-236,1998
-236,1999
-236,2000
