-199,21
-199,22
-199,23
-199,24
-199,25
-199,26
-199,27
-199,28
-199,29
-199,30
-199,31
-199,32
-199,33
-199,34
-199,35
-199,36
-199,37
-199,38
-199,39
-199,40
-199,41
-199,42
-199,43
-199,44
-199,45
-199,46
-199,47
-199,48
-199,49
-199,50
-199,51
-199,52
-199,53
-199,54
-199,55
-199,56
-199,57
-199,58
-199,59
-199,60
-199,61
-199,62
-199,63
-199,64
-199,65
-199,66
-199,67
-199,68
-199,69
-199,70
-199,71
-199,72
-199,73
-199,74
-199,75
-199,76
-199,77
-199,78
-199,79
-199,80
-199,81
-199,82
-199,83
-199,84
-199,85
-199,86
-199,87
-199,88
-199,89
-199,90
-199,91
-199,92
-199,93
-199,94
-199,95
-199,96
-199,97
-199,98
-199,99
-199,100
-199,101
-199,102
-199,103
:206_3,104
:206_3,105
:206_3,106
:206_3,107
:206_3,108
-198,109
-198,110
-198,111
-198,112
-198,113
-198,114
-198,115
-198,116
-198,117
-198,118
-198,119
-198,120
-198,121
-198,122
-198,123
-198,124
-198,125
-198,126
-198,127
-198,128
-198,129
-198,130
-198,131
-198,132
-198,133
-198,134
-198,135
-198,136
-198,137
-198,138
-198,139
-198,140
-198,141
-198,142
-198,143
-198,144
-198,145
-198,146
-198,147
-198,148
-198,149
-198,150
-198,151
-198,152
-198,153
-198,154
-198,155
-198,156
-198,157
-198,158
-198,159
-198,160
-198,161
-198,162
-198,163
-198,164
-198,165
-198,166
-198,167
-198,168
-198,169
-198,170
-198,171
-198,172
-198,173
-198,174
-198,175
-198,176
-198,177
-198,178
-198,179
-198,180
-198,181
-198,182
-198,183
-198,184
-198,185
-198,186
-198,187
-198,188
-198,189
-198,190
-198,191
-198,192
-198,193
-198,194
-198,195
-198,196
-198,197
-198,198
-198,199
-198,200
-198,201
-198,202
-198,203
-198,204
-198,205
-198,206
-198,207
-198,208
-198,209
-198,210
-198,211
-198,212
-198,213
-198,214
-198,215
-198,216
-198,217
-198,218
-198,219
-198,220
-198,221
-198,222
-198,223
-198,224
-198,225
-198,226
-198,227
-198,228
-198,229
-198,230
-198,231
-198,232
-198,233
-198,234
-198,235
-198,236
-198,237
-198,238
-198,239
-198,240
-198,241
-198,242
-198,243
-198,244
-198,245
-198,246
-198,247
-198,248
-198,249
-198,250
-198,251
-198,252
-198,253
-198,254
-198,255
-198,256
-198,257
-198,258
-198,259
-198,260
-198,261
-198,262
-198,263
-198,264
-198,265
-198,266
-198,267
-198,268
-198,269
-198,270
-198,271
-198,272
-198,273
-198,274
-198,275
-198,276
-198,277
-198,278
-198,279
-198,280
-198,281
-198,282
-198,283
-198,284
-198,285
-198,286
-198,287
-198,288
-198,289
-198,290
-198,291
-198,292
-198,293
-198,294
-198,295
-198,296
-198,297
-198,298
-198,299
-198,300
-198,301
-198,302
-198,303
-198,304
-198,305
-198,306
-198,307
-198,308
-198,309
-198,310
-198,311
-198,312
-198,313
-198,314
-198,315
-198,316
-198,317
-198,318
-198,319
-198,320
-198,321
-198,322
-198,323
-198,324
-198,325
-198,326
-198,327
-198,328
-198,329
:205_7,330
:205_7,331
:205_7,332
:205_7,333
:205_7,334
:205_7,335
-197,336
-197,337
-197,338
-197,339
-197,340
-197,341
-197,342
-197,343
-197,344
-197,345
-197,346
-197,347
-197,348
-197,349
-197,350
-197,351
-197,352
-197,353
-197,354
-197,355
-197,356
-197,357
-197,358
-197,359
-197,360
-197,361
-197,362
-197,363
-197,364
-197,365
-197,366
-197,367
-197,368
-197,369
-197,370
-197,371
-197,372
-197,373
-197,374
-197,375
-197,376
-197,377
-197,378
-197,379
-197,380
-197,381
-197,382
-197,383
-197,384
-197,385
-197,386
-197,387
-197,388
-197,389
-197,390
-197,391
-197,392
-197,393
-197,394
-197,395
-197,396
-197,397
-197,398
-197,399
-197,400
-197,401
-197,402
-197,403
-197,404
-197,405
-197,406
-197,407
-197,408
-197,409
-197,410
-197,411
-197,412
-197,413
-197,414
-197,415
-197,416
-197,417
-197,418
-197,419
-197,420
-197,421
-197,422
-197,423
-197,424
-197,425
-197,426
-197,427
-197,428
-197,429
-197,430
-197,431
-197,432
-197,433
-197,434
-197,435
-197,436
-197,437
-197,438
-197,439
-197,440
-197,441
-197,442
-197,443
-197,444
-197,445
-197,446
-197,447
-197,448
-197,449
-197,450
-197,451
-197,452
-197,453
-197,454
-197,455
-197,456
-197,457
-197,458
-197,459
-197,460
-197,461
-197,462
-197,463
-197,464
-197,465
-197,466
-197,467
-197,468
-197,469
-197,470
-197,471
-197,472
-197,473
-197,474
-197,475
-197,476
-197,477
-197,478
-197,479
-197,480
-197,481
-197,482
-197,483
-197,484
-197,485
-197,486
-197,487
-197,488
-197,489
-197,490
-197,491
-197,492
-197,493
-197,494
-197,495
-197,496
-197,497
-197,498
-197,499
-197,500
-197,501
-197,502
-197,503
-197,504
-197,505
-197,506
-197,507
-197,508
-197,509
-197,510
-197,511
-197,512
-197,513
-197,514
-197,515
-197,516
-197,517
-197,518
-197,519
-197,520
-197,521
-197,522
-197,523
-197,524
-197,525
-197,526
-197,527
-197,528
-197,529
-197,530
-197,531
-197,532
-197,533
-197,534
-197,535
-197,536
-197,537
-197,538
-197,539
-197,540
-197,541
-197,542
-197,543
-197,544
-197,545
-197,546
-197,547
-197,548
-197,549
-197,550
-197,551
-197,552
-197,553
-197,554
-197,555
-197,556
-197,557
-197,558
-197,559
-197,560
-197,561
-197,562
-197,563
-197,564
-197,565
-197,566
-197,567
-197,568
-197,569
-197,570
-197,571
-197,572
-197,573
-197,574
-197,575
-197,576
-197,577
-197,578
-197,579
-197,580
-197,581
-197,582
-197,583
-197,584
-197,585
-197,586
-197,587
-197,588
-197,589
-197,590
-197,591
-197,592
-197,593
-197,594
-197,595
-197,596
-197,597
-197,598
-197,599
-197,600
-197,601
-197,602
-197,603
-197,604
-197,605
-197,606
-197,607
-197,608
-197,609
:35_9,610
:35_9,611
:35_9,612
:35_9,613
:35_9,614
:35_9,615
193,616
193,617
193,618
193,619
193,620
193,621
193,622
193,623
193,624
193,625
193,626
193,627
193,628
193,629
193,630
193,631
193,632
193,633
193,634
193,635
193,636
193,637
193,638
193,639
193,640
193,641
193,642
193,643
193,644
193,645
193,646
193,647
193,648
193,649
193,650
193,651
193,652
193,653
193,654
193,655
193,656
193,657
193,658
193,659
193,660
193,661
193,662
193,663
193,664
193,665
193,666
193,667
193,668
193,669
193,670
193,671
193,672
193,673
193,674
193,675
193,676
193,677
193,678
193,679
193,680
193,681
193,682
193,683
193,684
193,685
193,686
193,687
193,688
193,689
193,690
193,691
193,692
193,693
193,694
193,695
193,696
193,697
193,698
193,699
193,700
193,701
193,702
193,703
193,704
193,705
193,706
193,707
193,708
193,709
193,710
193,711
193,712
193,713
193,714
193,715
193,716
193,717
193,718
193,719
193,720
193,721
193,722
193,723
193,724
193,725
193,726
193,727
193,728
193,729
193,730
193,731
193,732
193,733
193,734
193,735
193,736
193,737
193,738
193,739
193,740
193,741
193,742
193,743
193,744
193,745
193,746
193,747
193,748
193,749
193,750
193,751
193,752
193,753
193,754
193,755
193,756
193,757
193,758
193,759
193,760
193,761
193,762
193,763
193,764
193,765
193,766
193,767
193,768
193,769
193,770
193,771
193,772
193,773
193,774
193,775
193,776
193,777
193,778
193,779
:203_3,780
:203_3,781
:203_3,782
:203_3,783
194,784
194,785
194,786
194,787
194,788
194,789
194,790
194,791
194,792
194,793
194,794
194,795
194,796
194,797
194,798
194,799
194,800
194,801
194,802
194,803
194,804
194,805
194,806
194,807
194,808
194,809
194,810
194,811
194,812
194,813
194,814
194,815
194,816
194,817
194,818
194,819
194,820
194,821
194,822
194,823
194,824
194,825
194,826
194,827
194,828
194,829
194,830
194,831
194,832
194,833
194,834
194,835
194,836
194,837
194,838
194,839
194,840
194,841
194,842
194,843
194,844
194,845
194,846
194,847
194,848
194,849
194,850
194,851
194,852
194,853
194,854
194,855
194,856
194,857
194,858
194,859
194,860
194,861
194,862
194,863
194,864
194,865
194,866
194,867
194,868
194,869
194,870
194,871
194,872
194,873
194,874
194,875
194,876
194,877
194,878
194,879
194,880
194,881
194,882
194,883
194,884
194,885
194,886
194,887
194,888
194,889
194,890
194,891
194,892
194,893
194,894
194,895
194,896
194,897
194,898
194,899
194,900
194,901
194,902
194,903
194,904
194,905
194,906
194,907
194,908
194,909
194,910
194,911
194,912
194,913
194,914
194,915
194,916
194,917
194,918
194,919
194,920
194,921
194,922
194,923
194,924
194,925
194,926
194,927
194,928
194,929
194,930
194,931
194,932
194,933
194,934
194,935
194,936
194,937
194,938
194,939
194,940
194,941
194,942
194,943
194,944
194,945
194,946
194,947
194,948
194,949
194,950
194,951
194,952
194,953
194,954
194,955
194,956
194,957
194,958
:204_9,959
:204_9,960
:204_9,961
:204_9,962
:204_9,963
195,964
195,965
195,966
195,967
195,968
195,969
195,970
195,971
195,972
195,973
195,974
195,975
195,976
195,977
195,978
195,979
195,980
195,981
195,982
195,983
195,984
195,985
195,986
195,987
195,988
195,989
195,990
195,991
195,992
195,993
195,994
195,995
195,996
195,997
195,998
195,999
195,1000
195,1001
195,1002
195,1003
195,1004
195,1005
195,1006
195,1007
195,1008
195,1009
195,1010
195,1011
195,1012
195,1013
195,1014
195,1015
195,1016
195,1017
195,1018
195,1019
195,1020
195,1021
195,1022
195,1023
195,1024
195,1025
195,1026
195,1027
195,1028
195,1029
195,1030
195,1031
195,1032
195,1033
195,1034
195,1035
195,1036
195,1037
195,1038
195,1039
195,1040
195,1041
195,1042
195,1043
195,1044
195,1045
195,1046
195,1047
195,1048
195,1049
195,1050
195,1051
195,1052
195,1053
195,1054
195,1055
195,1056
195,1057
195,1058
195,1059
195,1060
195,1061
195,1062
195,1063
195,1064
195,1065
195,1066
195,1067
195,1068
195,1069
195,1070
195,1071
195,1072
195,1073
195,1074
195,1075
195,1076
195,1077
195,1078
195,1079
195,1080
195,1081
195,1082
195,1083
195,1084
195,1085
195,1086
195,1087
195,1088
195,1089
195,1090
195,1091
195,1092
195,1093
195,1094
195,1095
195,1096
195,1097
195,1098
195,1099
195,1100
195,1101
195,1102
195,1103
195,1104
195,1105
195,1106
195,1107
195,1108
195,1109
195,1110
195,1111
195,1112
195,1113
195,1114
195,1115
195,1116
195,1117
195,1118
195,1119
195,1120
195,1121
195,1122
195,1123
195,1124
195,1125
195,1126
195,1127
195,1128
195,1129
195,1130
195,1131
195,1132
195,1133
195,1134
195,1135
195,1136
195,1137
195,1138
195,1139
195,1140
195,1141
195,1142
195,1143
195,1144
195,1145
195,1146
195,1147
195,1148
195,1149
195,1150
195,1151
195,1152
195,1153
195,1154
195,1155
195,1156
195,1157
195,1158
195,1159
195,1160
195,1161
195,1162
195,1163
195,1164
:191_13,1165
:191_13,1166
:191_13,1167
:191_13,1168
:191_13,1169
:191_13,1170
:191_13,1171
-178,1172
-178,1173
-178,1174
-178,1175
-178,1176
-178,1177
-178,1178
-178,1179
-178,1180
-178,1181
-178,1182
-178,1183
-178,1184
-178,1185
-178,1186
-178,1187
-178,1188
-178,1189
-178,1190
-178,1191
-178,1192
-178,1193
-178,1194
-178,1195
-178,1196
-178,1197
-178,1198
-178,1199
-178,1200
-178,1201
-178,1202
-178,1203
-178,1204
-178,1205
-178,1206
-178,1207
-178,1208
-178,1209
-178,1210
-178,1211
-178,1212
-178,1213
-178,1214
-178,1215
-178,1216
-178,1217
-178,1218
-178,1219
-178,1220
-178,1221
-178,1222
-178,1223
-178,1224
-178,1225
-178,1226
-178,1227
-178,1228
-178,1229
-178,1230
-178,1231
-178,1232
-178,1233
-178,1234
-178,1235
-178,1236
-178,1237
-178,1238
-178,1239
-178,1240
-178,1241
-178,1242
-178,1243
-178,1244
-178,1245
-178,1246
-178,1247
-178,1248
-178,1249
-178,1250
-178,1251
-178,1252
-178,1253
-178,1254
-178,1255
-178,1256
-178,1257
-178,1258
-178,1259
-178,1260
-178,1261
-178,1262
-178,1263
-178,1264
-178,1265
-178,1266
-178,1267
-178,1268
-178,1269
-178,1270
-178,1271
-178,1272
-178,1273
-178,1274
-178,1275
-178,1276
-178,1277
-178,1278
-178,1279
-178,1280
-178,1281
-178,1282
-178,1283
-178,1284
-178,1285
-178,1286
-178,1287
-178,1288
-178,1289
-178,1290
-178,1291
-178,1292
-178,1293
-178,1294
-178,1295
-178,1296
-178,1297
-178,1298
-178,1299
-178,1300
-178,1301
-178,1302
-178,1303
-178,1304
-178,1305
-178,1306
-178,1307
-178,1308
-178,1309
-178,1310
-178,1311
-178,1312
-178,1313
-178,1314
-178,1315
-178,1316
-178,1317
-178,1318
-178,1319
-178,1320
-178,1321
-178,1322
-178,1323
-178,1324
-178,1325
-178,1326
-178,1327
-178,1328
-178,1329
-178,1330
-178,1331
-178,1332
-178,1333
-178,1334
-178,1335
-178,1336
-178,1337
-178,1338
-178,1339
-178,1340
-178,1341
-178,1342
-178,1343
-178,1344
-178,1345
-178,1346
-178,1347
-178,1348
-178,1349
-178,1350
-178,1351
-178,1352
-178,1353
:190_3,1354
:190_3,1355
:190_3,1356
:190_3,1357
:190_3,1358
-177,1359
-177,1360
-177,1361
-177,1362
-177,1363
-177,1364
-177,1365
-177,1366
-177,1367
-177,1368
-177,1369
-177,1370
-177,1371
-177,1372
-177,1373
-177,1374
-177,1375
-177,1376
-177,1377
-177,1378
-177,1379
-177,1380
-177,1381
-177,1382
-177,1383
-177,1384
-177,1385
-177,1386
-177,1387
-177,1388
-177,1389
-177,1390
-177,1391
-177,1392
-177,1393
-177,1394
-177,1395
-177,1396
-177,1397
-177,1398
-177,1399
-177,1400
-177,1401
-177,1402
-177,1403
-177,1404
-177,1405
-177,1406
-177,1407
-177,1408
-177,1409
-177,1410
-177,1411
-177,1412
-177,1413
-177,1414
-177,1415
-177,1416
-177,1417
-177,1418
-177,1419
-177,1420
-177,1421
-177,1422
-177,1423
-177,1424
-177,1425
-177,1426
-177,1427
-177,1428
-177,1429
-177,1430
-177,1431
-177,1432
-177,1433
-177,1434
-177,1435
-177,1436
-177,1437
-177,1438
-177,1439
-177,1440
-177,1441
-177,1442
-177,1443
-177,1444
-177,1445
-177,1446
-177,1447
-177,1448
-177,1449
-177,1450
-177,1451
-177,1452
-177,1453
-177,1454
-177,1455
-177,1456
-177,1457
-177,1458
-177,1459
-177,1460
-177,1461
-177,1462
-177,1463
-177,1464
-177,1465
-177,1466
-177,1467
-177,1468
-177,1469
-177,1470
-177,1471
-177,1472
-177,1473
-177,1474
-177,1475
-177,1476
-177,1477
-177,1478
-177,1479
-177,1480
-177,1481
-177,1482
-177,1483
-177,1484
-177,1485
-177,1486
-177,1487
-177,1488
-177,1489
-177,1490
-177,1491
-177,1492
-177,1493
-177,1494
-177,1495
-177,1496
-177,1497
-177,1498
-177,1499
-177,1500
-177,1501
-177,1502
:13_8,1503
:13_8,1504
:13_8,1505
685,1506
685,1507
685,1508
685,1509
685,1510
685,1511
685,1512
685,1513
685,1514
685,1515
685,1516
685,1517
685,1518
685,1519
685,1520
685,1521
685,1522
685,1523
685,1524
685,1525
:373_5,1526
684,1527
684,1528
684,1529
684,1530
684,1531
684,1532
684,1533
684,1534
684,1535
684,1536
684,1537
684,1538
684,1539
684,1540
684,1541
684,1542
684,1543
684,1544
684,1545
684,1546
:6_9,1547
:6_9,1548
:6_9,1549
6,1550
6,1551
6,1552
6,1553
6,1554
6,1555
6,1556
6,1557
6,1558
6,1559
6,1560
6,1561
6,1562
6,1563
6,1564
6,1565
6,1566
6,1567
6,1568
6,1569
6,1570
6,1571
6,1572
6,1573
6,1574
6,1575
6,1576
6,1577
6,1578
6,1579
6,1580
6,1581
6,1582
6,1583
6,1584
6,1585
6,1586
6,1587
6,1588
6,1589
6,1590
6,1591
6,1592
6,1593
6,1594
6,1595
6,1596
6,1597
6,1598
6,1599
6,1600
6,1601
6,1602
6,1603
6,1604
6,1605
6,1606
6,1607
6,1608
6,1609
6,1610
6,1611
6,1612
6,1613
6,1614
6,1615
6,1616
6,1617
6,1618
6,1619
6,1620
6,1621
6,1622
6,1623
6,1624
6,1625
6,1626
6,1627
6,1628
6,1629
6,1630
6,1631
6,1632
6,1633
6,1634
6,1635
6,1636
6,1637
6,1638
6,1639
6,1640
6,1641
6,1642
6,1643
6,1644
6,1645
6,1646
6,1647
6,1648
6,1649
6,1650
6,1651
6,1652
6,1653
6,1654
6,1655
6,1656
6,1657
6,1658
6,1659
6,1660
6,1661
6,1662
6,1663
6,1664
6,1665
6,1666
6,1667
6,1668
6,1669
6,1670
6,1671
6,1672
6,1673
6,1674
6,1675
6,1676
6,1677
6,1678
6,1679
6,1680
6,1681
6,1682
6,1683
6,1684
6,1685
6,1686
6,1687
6,1688
6,1689
6,1690
6,1691
6,1692
6,1693
6,1694
6,1695
6,1696
6,1697
6,1698
6,1699
6,1700
6,1701
6,1702
6,1703
6,1704
6,1705
6,1706
6,1707
6,1708
6,1709
6,1710
6,1711
6,1712
6,1713
6,1714
6,1715
6,1716
6,1717
6,1718
6,1719
6,1720
6,1721
6,1722
6,1723
6,1724
6,1725
6,1726
6,1727
6,1728
6,1729
6,1730
6,1731
6,1732
6,1733
6,1734
6,1735
6,1736
6,1737
6,1738
6,1739
6,1740
6,1741
6,1742
6,1743
6,1744
6,1745
6,1746
6,1747
6,1748
6,1749
6,1750
6,1751
6,1752
6,1753
6,1754
6,1755
6,1756
6,1757
6,1758
6,1759
6,1760
6,1761
6,1762
6,1763
6,1764
6,1765
6,1766
6,1767
7,1768
7,1769
7,1770
7,1771
7,1772
7,1773
7,1774
7,1775
7,1776
7,1777
7,1778
7,1779
7,1780
7,1781
7,1782
7,1783
7,1784
7,1785
7,1786
7,1787
7,1788
7,1789
7,1790
7,1791
7,1792
7,1793
7,1794
7,1795
7,1796
7,1797
7,1798
7,1799
7,1800
7,1801
7,1802
7,1803
7,1804
7,1805
7,1806
7,1807
7,1808
7,1809
7,1810
7,1811
7,1812
7,1813
7,1814
7,1815
7,1816
7,1817
7,1818
7,1819
7,1820
7,1821
7,1822
7,1823
7,1824
7,1825
7,1826
7,1827
7,1828
7,1829
7,1830
7,1831
7,1832
7,1833
7,1834
7,1835
7,1836
7,1837
7,1838
7,1839
7,1840
7,1841
8,1842
8,1843
8,1844
8,1845
8,1846
8,1847
8,1848
8,1849
8,1850
8,1851
8,1852
8,1853
8,1854
8,1855
8,1856
8,1857
8,1858
8,1859
8,1860
8,1861
8,1862
8,1863
8,1864
8,1865
8,1866
8,1867
8,1868
8,1869
8,1870
8,1871
8,1872
8,1873
8,1874
8,1875
8,1876
8,1877
8,1878
8,1879
8,1880
8,1881
8,1882
8,1883
8,1884
8,1885
8,1886
8,1887
8,1888
8,1889
8,1890
8,1891
8,1892
8,1893
8,1894
8,1895
8,1896
8,1897
8,1898
8,1899
8,1900
8,1901
8,1902
8,1903
8,1904
8,1905
8,1906
9,1907
9,1908
9,1909
9,1910
9,1911
9,1912
9,1913
9,1914
9,1915
9,1916
9,1917
9,1918
9,1919
9,1920
9,1921
9,1922
9,1923
9,1924
9,1925
9,1926
9,1927
9,1928
9,1929
9,1930
9,1931
9,1932
9,1933
9,1934
9,1935
9,1936
9,1937
9,1938
9,1939
9,1940
9,1941
9,1942
9,1943
9,1944
9,1945
9,1946
9,1947
9,1948
9,1949
9,1950
9,1951
9,1952
9,1953
9,1954
9,1955
9,1956
9,1957
9,1958
9,1959
9,1960
9,1961
9,1962
9,1963
9,1964
9,1965
9,1966
9,1967
:11_1,1968
10,1969
10,1970
10,1971
10,1972
10,1973
10,1974
10,1975
10,1976
10,1977
10,1978
10,1979
10,1980
10,1981
10,1982
10,1983
10,1984
10,1985
10,1986
10,1987
10,1988
10,1989
10,1990
10,1991
10,1992
10,1993
10,1994
10,1995
10,1996
10,1997
10,1998
10,1999
10,2000
