-97,1
-97,2
-97,3
-97,4
-97,5
-97,6
-97,7
-97,8
-97,9
-97,10
-97,11
-97,12
-97,13
-97,14
-97,15
-97,16
-97,17
-97,18
-97,19
-97,20
-97,21
-97,22
-97,23
-97,24
-97,25
-97,26
-97,27
-97,28
-97,29
-97,30
-97,31
-97,32
-97,33
-97,34
-97,35
-97,36
-97,37
-97,38
-97,39
-97,40
-97,41
-97,42
-97,43
-97,44
-97,45
-97,46
-97,47
-97,48
-97,49
-97,50
-97,51
-97,52
-97,53
-97,54
-97,55
-97,56
-97,57
-97,58
-97,59
-97,60
-97,61
-97,62
-97,63
-97,64
-97,65
-97,66
-97,67
-97,68
-97,69
-97,70
-97,71
-97,72
:111_5,73
:111_5,74
:111_5,75
:111_5,76
:111_5,77
:111_5,78
98,79
98,80
98,81
98,82
98,83
98,84
98,85
98,86
98,87
98,88
98,89
98,90
98,91
98,92
98,93
98,94
98,95
98,96
98,97
98,98
98,99
98,100
98,101
98,102
98,103
98,104
98,105
98,106
98,107
98,108
98,109
98,110
98,111
98,112
98,113
98,114
98,115
98,116
98,117
98,118
98,119
98,120
98,121
98,122
98,123
98,124
98,125
98,126
98,127
98,128
98,129
98,130
98,131
98,132
98,133
98,134
98,135
98,136
98,137
98,138
98,139
98,140
98,141
98,142
98,143
98,144
98,145
98,146
98,147
98,148
98,149
98,150
98,151
98,152
98,153
98,154
98,155
98,156
98,157
98,158
98,159
98,160
98,161
98,162
98,163
98,164
98,165
98,166
98,167
98,168
98,169
98,170
98,171
98,172
98,173
98,174
98,175
98,176
98,177
98,178
98,179
98,180
98,181
98,182
98,183
98,184
98,185
98,186
98,187
98,188
98,189
98,190
98,191
98,192
98,193
98,194
98,195
98,196
98,197
98,198
98,199
98,200
98,201
98,202
98,203
98,204
98,205
98,206
98,207
98,208
98,209
98,210
98,211
98,212
98,213
98,214
98,215
98,216
98,217
98,218
98,219
98,220
98,221
98,222
98,223
98,224
98,225
98,226
98,227
98,228
98,229
98,230
98,231
98,232
98,233
98,234
98,235
98,236
98,237
:56_5,238
:56_5,239
:56_5,240
:56_5,241
:56_5,242
:56_5,243
-48,244
-48,245
-48,246
-48,247
-48,248
-48,249
-48,250
-48,251
-48,252
-48,253
-48,254
-48,255
-48,256
-48,257
-48,258
-48,259
-48,260
-48,261
-48,262
-48,263
-48,264
-48,265
-48,266
-48,267
-48,268
-48,269
-48,270
-48,271
-48,272
-48,273
-48,274
-48,275
-48,276
-48,277
-48,278
-48,279
-48,280
-48,281
-48,282
-48,283
-48,284
-48,285
-48,286
-48,287
-48,288
-48,289
-48,290
-48,291
-48,292
-48,293
-48,294
-48,295
-48,296
-48,297
-48,298
-48,299
-48,300
-48,301
-48,302
-48,303
-48,304
-48,305
-48,306
-48,307
-48,308
-48,309
-48,310
-48,311
-48,312
-48,313
-48,314
-48,315
-48,316
-48,317
-48,318
-48,319
-48,320
-48,321
-48,322
-48,323
-48,324
-48,325
-48,326
-48,327
-48,328
-48,329
-48,330
-48,331
-48,332
-48,333
-48,334
-48,335
-48,336
-48,337
-48,338
-48,339
-48,340
-48,341
-48,342
-48,343
-48,344
-48,345
-48,346
-48,347
-48,348
-48,349
-48,350
-48,351
-48,352
-48,353
-48,354
-48,355
-48,356
-48,357
-48,358
-48,359
-48,360
-48,361
-48,362
-48,363
-48,364
-48,365
-48,366
-48,367
-48,368
-48,369
:52_0,370
:52_0,371
:52_0,372
:52_0,373
46,374
46,375
46,376
46,377
46,378
46,379
46,380
46,381
46,382
46,383
46,384
46,385
46,386
46,387
46,388
46,389
46,390
46,391
46,392
46,393
46,394
46,395
46,396
46,397
46,398
46,399
46,400
46,401
46,402
46,403
46,404
46,405
46,406
46,407
46,408
46,409
46,410
46,411
46,412
46,413
46,414
46,415
46,416
46,417
46,418
46,419
46,420
46,421
46,422
46,423
46,424
46,425
46,426
46,427
46,428
46,429
46,430
46,431
46,432
46,433
46,434
46,435
46,436
46,437
46,438
46,439
46,440
46,441
46,442
46,443
46,444
46,445
46,446
46,447
46,448
46,449
46,450
46,451
46,452
46,453
46,454
46,455
46,456
46,457
46,458
46,459
46,460
46,461
46,462
46,463
46,464
46,465
46,466
46,467
46,468
46,469
46,470
46,471
46,472
46,473
46,474
46,475
46,476
46,477
46,478
46,479
:54_4,480
:54_4,481
:54_4,482
:54_4,483
:54_4,484
310,485
310,486
310,487
310,488
310,489
310,490
310,491
310,492
310,493
310,494
310,495
310,496
310,497
310,498
310,499
310,500
310,501
310,502
310,503
310,504
310,505
310,506
310,507
310,508
310,509
310,510
310,511
310,512
310,513
310,514
310,515
310,516
310,517
310,518
310,519
310,520
310,521
310,522
310,523
310,524
310,525
310,526
310,527
310,528
310,529
310,530
310,531
310,532
310,533
310,534
310,535
310,536
310,537
310,538
310,539
310,540
310,541
310,542
310,543
310,544
310,545
310,546
310,547
310,548
310,549
310,550
310,551
310,552
310,553
310,554
310,555
310,556
310,557
310,558
310,559
310,560
310,561
310,562
310,563
310,564
310,565
310,566
310,567
310,568
310,569
310,570
310,571
310,572
310,573
310,574
310,575
310,576
310,577
310,578
310,579
310,580
310,581
310,582
310,583
310,584
310,585
310,586
310,587
310,588
310,589
310,590
310,591
310,592
310,593
310,594
310,595
310,596
310,597
310,598
310,599
310,600
310,601
310,602
310,603
310,604
310,605
310,606
310,607
310,608
310,609
310,610
310,611
310,612
310,613
310,614
310,615
310,616
310,617
310,618
310,619
310,620
310,621
310,622
310,623
310,624
310,625
310,626
310,627
310,628
310,629
310,630
310,631
310,632
310,633
310,634
310,635
310,636
310,637
310,638
310,639
310,640
310,641
310,642
310,643
310,644
310,645
310,646
310,647
310,648
310,649
310,650
310,651
310,652
310,653
310,654
310,655
310,656
310,657
310,658
310,659
310,660
310,661
310,662
310,663
310,664
310,665
310,666
310,667
310,668
310,669
310,670
310,671
310,672
310,673
310,674
310,675
310,676
310,677
310,678
310,679
310,680
310,681
310,682
310,683
310,684
310,685
310,686
310,687
310,688
310,689
310,690
310,691
310,692
310,693
310,694
310,695
310,696
310,697
310,698
310,699
310,700
310,701
310,702
310,703
310,704
310,705
310,706
310,707
:0_5,708
:0_5,709
:0_5,710
:0_5,711
:0_5,712
3,713
3,714
3,715
3,716
3,717
3,718
3,719
3,720
3,721
3,722
3,723
3,724
3,725
3,726
3,727
3,728
3,729
3,730
3,731
3,732
3,733
3,734
3,735
3,736
3,737
3,738
3,739
3,740
3,741
3,742
3,743
3,744
3,745
3,746
3,747
3,748
3,749
3,750
3,751
3,752
3,753
3,754
3,755
3,756
3,757
3,758
3,759
3,760
3,761
3,762
3,763
3,764
3,765
3,766
3,767
3,768
3,769
3,770
3,771
3,772
3,773
3,774
3,775
3,776
3,777
3,778
3,779
3,780
3,781
3,782
3,783
3,784
3,785
3,786
3,787
3,788
3,789
3,790
3,791
3,792
3,793
3,794
3,795
3,796
3,797
3,798
3,799
3,800
3,801
3,802
3,803
3,804
3,805
3,806
3,807
3,808
3,809
3,810
3,811
3,812
3,813
3,814
3,815
3,816
3,817
3,818
3,819
3,820
3,821
3,822
3,823
3,824
3,825
3,826
3,827
3,828
3,829
3,830
3,831
3,832
3,833
3,834
3,835
3,836
3,837
3,838
3,839
3,840
3,841
3,842
3,843
3,844
3,845
3,846
3,847
3,848
3,849
3,850
3,851
3,852
3,853
3,854
3,855
3,856
3,857
3,858
3,859
3,860
3,861
3,862
3,863
3,864
3,865
3,866
3,867
3,868
3,869
3,870
3,871
3,872
3,873
3,874
3,875
3,876
3,877
3,878
3,879
3,880
3,881
3,882
3,883
3,884
3,885
3,886
3,887
3,888
3,889
3,890
3,891
3,892
3,893
3,894
3,895
3,896
3,897
3,898
3,899
3,900
3,901
3,902
3,903
3,904
3,905
3,906
3,907
3,908
3,909
3,910
3,911
3,912
3,913
3,914
3,915
3,916
3,917
3,918
3,919
3,920
3,921
3,922
3,923
3,924
3,925
3,926
3,927
3,928
3,929
3,930
3,931
3,932
3,933
3,934
3,935
3,936
3,937
3,938
3,939
3,940
3,941
3,942
3,943
3,944
3,945
3,946
3,947
3,948
3,949
3,950
3,951
3,952
3,953
3,954
3,955
3,956
3,957
3,958
3,959
3,960
3,961
3,962
3,963
3,964
3,965
3,966
3,967
3,968
3,969
3,970
3,971
3,972
3,973
3,974
3,975
3,976
3,977
3,978
3,979
3,980
3,981
:4_4,982
:4_4,983
:4_4,984
:4_4,985
-11,986
-11,987
-11,988
-11,989
-11,990
-11,991
-11,992
-11,993
-11,994
-11,995
-11,996
-11,997
-11,998
-11,999
-11,1000
-11,1001
-11,1002
-11,1003
-11,1004
-11,1005
-11,1006
-11,1007
-11,1008
-11,1009
-11,1010
-11,1011
-11,1012
-11,1013
-11,1014
-11,1015
-11,1016
-11,1017
-11,1018
-11,1019
-11,1020
-11,1021
-11,1022
-11,1023
-11,1024
-11,1025
-11,1026
-11,1027
-11,1028
-11,1029
-11,1030
-11,1031
-11,1032
-11,1033
-11,1034
-11,1035
-11,1036
-11,1037
-11,1038
-11,1039
-11,1040
-11,1041
-11,1042
-11,1043
-11,1044
-11,1045
-11,1046
-11,1047
-11,1048
-11,1049
-11,1050
-11,1051
-11,1052
-11,1053
-11,1054
-11,1055
-11,1056
-11,1057
-11,1058
-11,1059
-11,1060
-11,1061
-11,1062
-11,1063
-11,1064
-11,1065
-11,1066
-11,1067
-11,1068
-11,1069
-11,1070
-11,1071
-11,1072
-11,1073
-11,1074
-11,1075
-11,1076
-11,1077
-11,1078
-11,1079
-11,1080
-11,1081
-11,1082
-11,1083
-11,1084
-11,1085
-11,1086
-11,1087
-11,1088
-11,1089
-11,1090
-11,1091
-11,1092
-11,1093
-11,1094
-11,1095
-11,1096
-11,1097
-11,1098
-11,1099
-11,1100
-11,1101
-11,1102
-11,1103
-10,1104
-10,1105
-10,1106
-10,1107
-10,1108
-10,1109
-10,1110
-10,1111
-10,1112
-10,1113
-10,1114
-10,1115
-10,1116
-10,1117
-10,1118
-10,1119
-10,1120
-10,1121
-10,1122
-10,1123
-10,1124
-10,1125
-10,1126
-10,1127
-10,1128
-10,1129
-10,1130
-10,1131
-10,1132
-10,1133
-10,1134
-10,1135
-10,1136
-10,1137
-10,1138
-10,1139
-10,1140
-10,1141
-10,1142
-10,1143
-10,1144
-10,1145
-10,1146
-10,1147
-10,1148
-10,1149
-10,1150
-10,1151
-10,1152
-10,1153
-10,1154
-10,1155
-10,1156
-10,1157
-10,1158
-10,1159
-10,1160
-10,1161
:11_0,1162
-9,1163
-9,1164
-9,1165
-9,1166
-9,1167
-9,1168
-9,1169
-9,1170
-9,1171
-9,1172
-9,1173
-9,1174
-9,1175
-9,1176
-9,1177
-9,1178
-9,1179
-9,1180
-9,1181
-9,1182
-9,1183
-9,1184
-9,1185
-9,1186
-9,1187
-9,1188
-9,1189
-9,1190
-9,1191
-9,1192
-9,1193
-9,1194
-9,1195
-9,1196
-9,1197
-9,1198
-9,1199
-9,1200
-9,1201
-9,1202
-9,1203
-9,1204
-9,1205
-9,1206
-9,1207
-9,1208
-9,1209
-9,1210
-9,1211
-9,1212
-9,1213
-9,1214
-9,1215
-9,1216
-9,1217
-9,1218
-9,1219
-9,1220
-8,1221
-8,1222
-8,1223
-8,1224
-8,1225
-8,1226
-8,1227
-8,1228
-8,1229
-8,1230
-8,1231
-8,1232
-8,1233
-8,1234
-8,1235
-8,1236
-8,1237
-8,1238
-8,1239
-8,1240
-8,1241
-8,1242
-8,1243
-8,1244
-8,1245
-8,1246
-8,1247
-8,1248
-8,1249
-8,1250
-8,1251
-8,1252
-8,1253
-8,1254
-8,1255
-8,1256
-8,1257
-8,1258
-8,1259
-8,1260
-8,1261
-8,1262
-8,1263
-8,1264
-8,1265
-8,1266
-8,1267
-8,1268
-8,1269
-8,1270
-8,1271
-8,1272
-8,1273
-8,1274
-8,1275
-8,1276
-8,1277
-8,1278
-8,1279
-8,1280
-8,1281
-7,1282
-7,1283
-7,1284
-7,1285
-7,1286
-7,1287
-7,1288
-7,1289
-7,1290
-7,1291
-7,1292
-7,1293
-7,1294
-7,1295
-7,1296
-7,1297
-7,1298
-7,1299
-7,1300
-7,1301
-7,1302
-7,1303
-7,1304
-7,1305
-7,1306
-7,1307
-7,1308
-7,1309
-7,1310
-7,1311
-7,1312
-7,1313
-7,1314
-7,1315
-7,1316
-7,1317
-7,1318
-7,1319
-7,1320
-7,1321
-7,1322
-7,1323
-7,1324
-7,1325
-7,1326
-7,1327
-7,1328
-7,1329
-7,1330
-7,1331
-7,1332
-7,1333
-7,1334
-7,1335
-7,1336
-7,1337
-7,1338
-7,1339
-7,1340
-7,1341
-7,1342
-7,1343
-7,1344
-7,1345
-7,1346
-7,1347
-7,1348
-7,1349
-7,1350
:8_0,1351
-6,1352
-6,1353
-6,1354
-6,1355
-6,1356
-6,1357
-6,1358
-6,1359
-6,1360
-6,1361
-6,1362
-6,1363
-6,1364
-6,1365
-6,1366
-6,1367
-6,1368
-6,1369
-6,1370
-6,1371
-6,1372
-6,1373
-6,1374
-6,1375
-6,1376
-6,1377
-6,1378
-6,1379
-6,1380
-6,1381
-6,1382
-6,1383
-6,1384
-6,1385
-6,1386
-6,1387
-6,1388
-6,1389
-6,1390
-6,1391
-6,1392
-6,1393
-6,1394
-6,1395
-6,1396
-6,1397
-6,1398
-6,1399
-6,1400
-6,1401
-6,1402
-6,1403
-6,1404
-6,1405
-6,1406
-6,1407
-6,1408
-6,1409
-6,1410
-6,1411
-6,1412
-6,1413
-6,1414
-6,1415
-6,1416
-6,1417
-6,1418
-6,1419
-6,1420
-6,1421
-6,1422
-6,1423
-6,1424
-6,1425
-6,1426
-6,1427
-6,1428
-6,1429
-6,1430
-6,1431
-6,1432
-6,1433
-6,1434
-6,1435
-6,1436
-6,1437
-6,1438
-6,1439
-6,1440
-6,1441
-6,1442
-6,1443
-6,1444
-6,1445
-6,1446
-6,1447
-6,1448
-6,1449
-6,1450
-6,1451
-6,1452
-6,1453
-6,1454
-6,1455
-6,1456
-6,1457
-6,1458
-6,1459
-6,1460
-6,1461
-6,1462
-6,1463
-6,1464
-6,1465
-6,1466
-6,1467
-6,1468
-6,1469
-6,1470
-6,1471
-6,1472
-6,1473
-6,1474
-6,1475
-6,1476
-6,1477
-6,1478
-6,1479
-6,1480
-6,1481
-6,1482
-6,1483
-6,1484
-6,1485
-6,1486
-6,1487
-6,1488
-6,1489
-6,1490
-6,1491
-6,1492
-6,1493
-6,1494
-6,1495
-6,1496
-6,1497
-6,1498
-6,1499
-6,1500
-6,1501
-6,1502
-6,1503
-6,1504
-6,1505
-6,1506
-6,1507
-6,1508
-6,1509
-6,1510
-6,1511
-6,1512
-6,1513
-6,1514
-6,1515
-6,1516
-6,1517
-6,1518
-6,1519
-6,1520
-6,1521
-6,1522
-6,1523
-6,1524
-6,1525
-6,1526
-6,1527
-6,1528
-6,1529
-6,1530
-6,1531
-6,1532
-6,1533
-6,1534
-6,1535
-6,1536
-6,1537
-6,1538
-6,1539
-6,1540
-6,1541
-6,1542
-6,1543
-6,1544
-6,1545
-6,1546
-6,1547
-6,1548
-6,1549
-6,1550
-6,1551
-6,1552
-6,1553
-6,1554
-6,1555
:6_0,1556
:6_0,1557
:6_0,1558
:6_0,1559
5,1560
5,1561
5,1562
5,1563
5,1564
5,1565
5,1566
5,1567
5,1568
5,1569
5,1570
5,1571
5,1572
5,1573
5,1574
5,1575
5,1576
5,1577
5,1578
5,1579
5,1580
5,1581
5,1582
5,1583
5,1584
5,1585
5,1586
5,1587
5,1588
5,1589
5,1590
5,1591
5,1592
5,1593
5,1594
5,1595
5,1596
5,1597
5,1598
5,1599
5,1600
5,1601
5,1602
5,1603
5,1604
5,1605
5,1606
5,1607
5,1608
5,1609
5,1610
5,1611
5,1612
5,1613
5,1614
5,1615
5,1616
5,1617
5,1618
5,1619
5,1620
5,1621
5,1622
5,1623
5,1624
5,1625
:7_4,1626
:7_4,1627
:7_4,1628
:7_4,1629
426,1630
426,1631
426,1632
426,1633
426,1634
426,1635
426,1636
426,1637
426,1638
426,1639
426,1640
426,1641
426,1642
426,1643
426,1644
426,1645
426,1646
426,1647
426,1648
426,1649
426,1650
426,1651
426,1652
426,1653
426,1654
426,1655
426,1656
426,1657
426,1658
426,1659
426,1660
426,1661
426,1662
426,1663
426,1664
426,1665
426,1666
426,1667
426,1668
426,1669
426,1670
426,1671
426,1672
426,1673
426,1674
426,1675
426,1676
426,1677
426,1678
426,1679
426,1680
426,1681
426,1682
426,1683
426,1684
426,1685
426,1686
426,1687
426,1688
426,1689
426,1690
426,1691
426,1692
426,1693
426,1694
426,1695
426,1696
426,1697
426,1698
426,1699
426,1700
426,1701
426,1702
426,1703
426,1704
426,1705
426,1706
426,1707
426,1708
426,1709
426,1710
426,1711
426,1712
426,1713
426,1714
426,1715
426,1716
426,1717
426,1718
426,1719
426,1720
426,1721
426,1722
426,1723
426,1724
426,1725
426,1726
426,1727
