164,1
164,2
164,3
164,4
164,5
164,6
164,7
164,8
164,9
164,10
164,11
164,12
164,13
164,14
164,15
164,16
164,17
164,18
164,19
164,20
164,21
164,22
164,23
164,24
164,25
164,26
164,27
164,28
164,29
164,30
164,31
164,32
164,33
164,34
164,35
164,36
164,37
164,38
164,39
164,40
164,41
164,42
164,43
164,44
164,45
164,46
164,47
164,48
164,49
164,50
164,51
164,52
164,53
164,54
164,55
164,56
164,57
164,58
164,59
164,60
164,61
164,62
164,63
164,64
164,65
164,66
164,67
164,68
164,69
164,70
164,71
164,72
164,73
164,74
164,75
164,76
164,77
164,78
164,79
164,80
164,81
164,82
164,83
164,84
164,85
164,86
164,87
164,88
164,89
164,90
164,91
164,92
164,93
164,94
164,95
164,96
164,97
164,98
164,99
164,100
164,101
164,102
164,103
164,104
164,105
164,106
164,107
164,108
164,109
164,110
164,111
164,112
164,113
164,114
164,115
164,116
164,117
164,118
164,119
164,120
164,121
164,122
164,123
164,124
164,125
164,126
164,127
164,128
164,129
164,130
164,131
164,132
164,133
164,134
164,135
164,136
164,137
164,138
164,139
164,140
164,141
164,142
164,143
164,144
164,145
164,146
164,147
164,148
164,149
164,150
164,151
164,152
164,153
164,154
164,155
164,156
164,157
164,158
164,159
164,160
164,161
164,162
164,163
164,164
164,165
164,166
164,167
164,168
164,169
164,170
164,171
164,172
164,173
164,174
164,175
164,176
164,177
164,178
164,179
164,180
164,181
164,182
164,183
164,184
164,185
164,186
164,187
164,188
164,189
164,190
164,191
164,192
164,193
164,194
164,195
164,196
164,197
164,198
164,199
164,200
164,201
164,202
164,203
164,204
164,205
164,206
164,207
164,208
164,209
164,210
164,211
164,212
164,213
164,214
164,215
164,216
164,217
164,218
164,219
164,220
164,221
164,222
164,223
164,224
164,225
164,226
164,227
164,228
164,229
164,230
164,231
164,232
164,233
164,234
164,235
164,236
164,237
164,238
164,239
164,240
164,241
164,242
164,243
164,244
164,245
164,246
164,247
164,248
164,249
164,250
164,251
164,252
164,253
164,254
164,255
:179_9,256
:179_9,257
:179_9,258
:179_9,259
:179_9,260
:179_9,261
:179_9,262
-646,263
-646,264
-646,265
-646,266
-646,267
-646,268
-646,269
-646,270
-646,271
-646,272
-646,273
-646,274
-646,275
-646,276
-646,277
-646,278
-646,279
-646,280
-646,281
-646,282
-646,283
-646,284
-646,285
-646,286
-646,287
-646,288
-646,289
-646,290
-646,291
-646,292
-646,293
-646,294
-646,295
-646,296
-646,297
-646,298
-646,299
-646,300
-646,301
-646,302
-646,303
-646,304
-646,305
-646,306
-646,307
-646,308
-646,309
-646,310
-646,311
-646,312
-646,313
-646,314
-646,315
-646,316
-646,317
-646,318
-646,319
-646,320
-646,321
-646,322
-646,323
-646,324
-646,325
-646,326
-646,327
-646,328
-646,329
-646,330
-646,331
-646,332
-646,333
-646,334
-646,335
-646,336
-646,337
-646,338
-646,339
-646,340
-646,341
-646,342
-646,343
-646,344
-646,345
-646,346
-646,347
-646,348
-646,349
-646,350
-646,351
-646,352
-646,353
-646,354
-646,355
-646,356
-646,357
-646,358
-646,359
-646,360
-646,361
-646,362
-646,363
-646,364
-646,365
-646,366
-646,367
-646,368
-646,369
-646,370
-646,371
-646,372
-646,373
-646,374
-646,375
-646,376
-646,377
-646,378
-646,379
-646,380
-646,381
-646,382
-646,383
-646,384
-646,385
-646,386
-646,387
-646,388
-646,389
-646,390
-646,391
-646,392
:211_3,393
:211_3,394
:211_3,395
:211_3,396
:211_3,397
:211_3,398
-204,399
-204,400
-204,401
-204,402
-204,403
-204,404
-204,405
-204,406
-204,407
-204,408
-204,409
-204,410
-204,411
-204,412
-204,413
-204,414
-204,415
-204,416
-204,417
-204,418
-204,419
-204,420
-204,421
-204,422
-204,423
-204,424
-204,425
-204,426
-204,427
-204,428
-204,429
-204,430
-204,431
-204,432
-204,433
-204,434
-204,435
-204,436
-204,437
-204,438
-204,439
-204,440
-204,441
-204,442
-204,443
-204,444
-204,445
-204,446
-204,447
-204,448
-204,449
-204,450
-204,451
-204,452
-204,453
-204,454
-204,455
-204,456
-204,457
-204,458
-204,459
-204,460
-204,461
-204,462
-204,463
-204,464
-204,465
-204,466
-204,467
-204,468
-204,469
-204,470
-204,471
-204,472
-204,473
-204,474
-204,475
-204,476
-204,477
-204,478
-204,479
-204,480
-204,481
-204,482
-204,483
-204,484
:136_6,485
:136_6,486
:136_6,487
:136_6,488
:136_6,489
:136_6,490
:136_6,491
-647,492
-647,493
-647,494
-647,495
-647,496
-647,497
-647,498
-647,499
-647,500
-647,501
-647,502
-647,503
-647,504
-647,505
-647,506
-647,507
-647,508
-647,509
-647,510
-647,511
-647,512
-647,513
-647,514
-647,515
-647,516
-647,517
-647,518
-647,519
-647,520
-647,521
-647,522
-647,523
-647,524
-647,525
-647,526
-647,527
-647,528
-647,529
-647,530
-647,531
-647,532
-647,533
-647,534
-647,535
-647,536
-647,537
-647,538
-647,539
-647,540
-647,541
-647,542
-647,543
-647,544
-647,545
-647,546
-647,547
-647,548
-647,549
-647,550
-647,551
-647,552
-647,553
-647,554
-647,555
-647,556
-647,557
-647,558
-647,559
-647,560
-647,561
-647,562
-647,563
-647,564
-647,565
-647,566
-647,567
-647,568
-647,569
-647,570
-647,571
-647,572
-647,573
-647,574
-647,575
-647,576
-647,577
-647,578
-647,579
-647,580
-647,581
-647,582
-647,583
-647,584
-647,585
-647,586
-647,587
-647,588
-647,589
-647,590
-647,591
-647,592
-647,593
-647,594
-647,595
-647,596
-647,597
-647,598
-647,599
:404_0,600
:404_0,601
:404_0,602
:404_0,603
:404_0,604
:404_0,605
:404_0,606
-476,607
-476,608
-476,609
-476,610
-476,611
-476,612
-476,613
-476,614
-476,615
-476,616
-476,617
-476,618
-476,619
-476,620
-476,621
-476,622
-476,623
-476,624
-476,625
-476,626
-476,627
-476,628
-476,629
-476,630
-476,631
-476,632
-476,633
-476,634
-476,635
-476,636
-476,637
-476,638
-476,639
-476,640
-476,641
-476,642
-476,643
-476,644
-476,645
-476,646
-476,647
-476,648
-476,649
-476,650
-476,651
-476,652
-476,653
-476,654
-476,655
-476,656
-476,657
-476,658
-476,659
-476,660
-476,661
-476,662
-476,663
-476,664
-476,665
-476,666
-476,667
-476,668
-476,669
-476,670
-476,671
-476,672
-476,673
-476,674
-476,675
-476,676
-476,677
-476,678
-476,679
-476,680
-476,681
-476,682
-476,683
-476,684
-476,685
-476,686
-476,687
-476,688
-476,689
-476,690
-476,691
-476,692
-476,693
-476,694
-476,695
-476,696
-476,697
-476,698
-476,699
-476,700
-476,701
-476,702
-476,703
-476,704
-476,705
-476,706
-476,707
-476,708
-476,709
-476,710
-476,711
-476,712
-476,713
-476,714
-476,715
-476,716
-476,717
-476,718
-476,719
-476,720
:286_5,721
:286_5,722
:286_5,723
:286_5,724
:286_5,725
:286_5,726
:286_5,727
-629,728
-629,729
-629,730
-629,731
-629,732
-629,733
-629,734
-629,735
-629,736
-629,737
-629,738
-629,739
-629,740
-629,741
-629,742
-629,743
-629,744
-629,745
-629,746
-629,747
-629,748
-629,749
-629,750
-629,751
-629,752
-629,753
-629,754
-629,755
-629,756
-629,757
-629,758
-629,759
-629,760
-629,761
-629,762
-629,763
-629,764
-629,765
-629,766
-629,767
-629,768
-629,769
-629,770
-629,771
-629,772
-629,773
-629,774
-629,775
-629,776
-629,777
-629,778
-629,779
-629,780
-629,781
-629,782
-629,783
-629,784
-629,785
-629,786
-629,787
-629,788
-629,789
-629,790
-629,791
-629,792
-629,793
-629,794
-629,795
-629,796
-629,797
-629,798
-629,799
-629,800
-629,801
-629,802
-629,803
-629,804
-629,805
-629,806
-629,807
-629,808
-629,809
-629,810
-629,811
-629,812
-629,813
-629,814
-629,815
-629,816
-629,817
-629,818
-629,819
-629,820
-629,821
-629,822
-629,823
-629,824
-629,825
-629,826
-629,827
-629,828
-629,829
-629,830
-629,831
-629,832
-629,833
-629,834
-629,835
-629,836
-629,837
-629,838
-629,839
-629,840
-629,841
-629,842
-629,843
-629,844
-629,845
-629,846
-629,847
-629,848
-629,849
-629,850
-629,851
-629,852
-629,853
-629,854
-629,855
-629,856
-629,857
-629,858
-629,859
-629,860
-629,861
-629,862
-629,863
-629,864
-629,865
-629,866
-629,867
-629,868
-629,869
-629,870
-629,871
-629,872
-629,873
-629,874
-629,875
-629,876
-629,877
-629,878
-629,879
-629,880
-629,881
-629,882
-629,883
-629,884
-629,885
-629,886
-629,887
-629,888
-629,889
-629,890
-629,891
-629,892
-629,893
-629,894
-629,895
-629,896
-629,897
-629,898
-629,899
-629,900
-629,901
-629,902
-629,903
-629,904
-629,905
-629,906
-629,907
-629,908
-629,909
-629,910
-629,911
-629,912
-629,913
-629,914
-629,915
-629,916
-629,917
-629,918
-629,919
-629,920
-629,921
-629,922
-629,923
-629,924
-629,925
-629,926
-629,927
-629,928
-629,929
-629,930
-629,931
-629,932
-629,933
-629,934
-629,935
-629,936
-629,937
-629,938
-629,939
-629,940
-629,941
-629,942
-629,943
-629,944
-629,945
-629,946
-629,947
-629,948
-629,949
-629,950
-629,951
-629,952
-629,953
-629,954
-629,955
-629,956
-629,957
-629,958
-629,959
-629,960
-629,961
-629,962
-629,963
-629,964
-629,965
-629,966
-629,967
-629,968
-629,969
-629,970
-629,971
-629,972
-629,973
-629,974
-629,975
-629,976
-629,977
-629,978
-629,979
-629,980
-629,981
-629,982
-629,983
-629,984
-629,985
-629,986
-629,987
-629,988
-629,989
-629,990
-629,991
-629,992
-629,993
-629,994
-629,995
-629,996
-629,997
-629,998
-629,999
-629,1000
-629,1001
-629,1002
-629,1003
-629,1004
-629,1005
-629,1006
-629,1007
-629,1008
-629,1009
-629,1010
-629,1011
-629,1012
-629,1013
-629,1014
-629,1015
-629,1016
-629,1017
-629,1018
-629,1019
-629,1020
-629,1021
-629,1022
-629,1023
-629,1024
-629,1025
-629,1026
-629,1027
:474_1,1028
:474_1,1029
:474_1,1030
:474_1,1031
:474_1,1032
:474_1,1033
627,1034
627,1035
627,1036
627,1037
627,1038
627,1039
627,1040
627,1041
627,1042
627,1043
627,1044
627,1045
627,1046
627,1047
627,1048
627,1049
627,1050
627,1051
627,1052
627,1053
627,1054
627,1055
627,1056
627,1057
627,1058
627,1059
627,1060
627,1061
627,1062
627,1063
627,1064
627,1065
627,1066
627,1067
627,1068
627,1069
627,1070
627,1071
627,1072
627,1073
627,1074
627,1075
627,1076
627,1077
627,1078
627,1079
627,1080
627,1081
627,1082
627,1083
627,1084
627,1085
627,1086
627,1087
627,1088
627,1089
627,1090
627,1091
627,1092
627,1093
627,1094
-541,1095
-541,1096
-541,1097
-541,1098
-541,1099
-541,1100
-541,1101
-541,1102
-541,1103
-541,1104
-541,1105
-541,1106
-541,1107
-541,1108
-541,1109
-541,1110
-541,1111
-541,1112
-541,1113
-541,1114
-541,1115
-541,1116
-541,1117
-541,1118
-541,1119
-541,1120
-541,1121
-541,1122
-541,1123
-541,1124
-541,1125
-541,1126
-541,1127
-541,1128
-541,1129
-541,1130
-541,1131
-541,1132
-541,1133
-541,1134
-541,1135
-541,1136
-541,1137
-541,1138
-541,1139
-541,1140
-541,1141
-541,1142
-541,1143
-541,1144
-541,1145
-541,1146
-541,1147
-541,1148
-541,1149
-541,1150
-541,1151
-541,1152
-541,1153
-541,1154
-541,1155
-541,1156
-541,1157
-541,1158
-541,1159
-541,1160
-541,1161
-541,1162
-541,1163
-541,1164
-541,1165
-541,1166
-541,1167
-541,1168
-541,1169
-541,1170
-541,1171
-541,1172
-541,1173
-541,1174
-541,1175
-541,1176
-541,1177
-541,1178
-541,1179
-541,1180
-541,1181
-541,1182
-541,1183
-541,1184
-541,1185
-541,1186
-541,1187
-541,1188
:392_6,1189
:392_6,1190
:392_6,1191
:392_6,1192
:392_6,1193
:392_6,1194
540,1195
540,1196
540,1197
540,1198
540,1199
540,1200
540,1201
540,1202
540,1203
540,1204
540,1205
540,1206
540,1207
540,1208
540,1209
540,1210
540,1211
540,1212
540,1213
540,1214
540,1215
540,1216
540,1217
540,1218
540,1219
540,1220
540,1221
540,1222
540,1223
540,1224
540,1225
540,1226
540,1227
540,1228
540,1229
540,1230
540,1231
540,1232
540,1233
540,1234
540,1235
540,1236
540,1237
540,1238
540,1239
540,1240
540,1241
540,1242
540,1243
540,1244
540,1245
540,1246
540,1247
540,1248
540,1249
540,1250
540,1251
540,1252
540,1253
540,1254
540,1255
540,1256
540,1257
540,1258
540,1259
540,1260
540,1261
540,1262
540,1263
540,1264
540,1265
540,1266
540,1267
540,1268
540,1269
540,1270
540,1271
540,1272
540,1273
540,1274
540,1275
540,1276
540,1277
540,1278
540,1279
540,1280
540,1281
:440_12,1282
:440_12,1283
:440_12,1284
:440_12,1285
661,1286
661,1287
661,1288
661,1289
661,1290
661,1291
661,1292
661,1293
661,1294
661,1295
661,1296
661,1297
661,1298
661,1299
661,1300
661,1301
661,1302
661,1303
661,1304
661,1305
661,1306
661,1307
661,1308
661,1309
661,1310
661,1311
661,1312
661,1313
661,1314
661,1315
661,1316
661,1317
661,1318
661,1319
661,1320
661,1321
661,1322
661,1323
:484_0,1324
:484_0,1325
:484_0,1326
:484_0,1327
:484_0,1328
:484_0,1329
-654,1330
-654,1331
-654,1332
-654,1333
-654,1334
-654,1335
-654,1336
-654,1337
-654,1338
-654,1339
-654,1340
-654,1341
-654,1342
-654,1343
-654,1344
-654,1345
-654,1346
-654,1347
-654,1348
-654,1349
-654,1350
-654,1351
-654,1352
-654,1353
-654,1354
-654,1355
-654,1356
-654,1357
-654,1358
-654,1359
-654,1360
-654,1361
-654,1362
-654,1363
-654,1364
-654,1365
-654,1366
-654,1367
-654,1368
-654,1369
-654,1370
-654,1371
-654,1372
-654,1373
-654,1374
-654,1375
-654,1376
-654,1377
-654,1378
-654,1379
-654,1380
-654,1381
-654,1382
-654,1383
-654,1384
-654,1385
-654,1386
-654,1387
-654,1388
-654,1389
-654,1390
-654,1391
-654,1392
-654,1393
-654,1394
-654,1395
-654,1396
-654,1397
-654,1398
-654,1399
-654,1400
-654,1401
-654,1402
-654,1403
-654,1404
-654,1405
-654,1406
-654,1407
-654,1408
-654,1409
-654,1410
-654,1411
-654,1412
-654,1413
-654,1414
-654,1415
-654,1416
-654,1417
-654,1418
-654,1419
-654,1420
-654,1421
-654,1422
-654,1423
-654,1424
-654,1425
-654,1426
-654,1427
-654,1428
-654,1429
-654,1430
-654,1431
-654,1432
-654,1433
