-22,1
-22,2
-22,3
-22,4
-22,5
-22,6
-22,7
-22,8
-22,9
-22,10
-22,11
-22,12
-22,13
-22,14
-22,15
-22,16
-22,17
-22,18
-22,19
-22,20
-22,21
-22,22
-22,23
-22,24
-22,25
-22,26
-22,27
-22,28
-22,29
-22,30
-22,31
-22,32
-22,33
-22,34
-22,35
-22,36
-22,37
-22,38
-22,39
-22,40
-22,41
-22,42
-22,43
-22,44
-22,45
-22,46
-22,47
-22,48
-22,49
-22,50
-22,51
-22,52
-22,53
-22,54
-22,55
-22,56
-22,57
-22,58
-22,59
-22,60
-22,61
-22,62
-22,63
-22,64
-22,65
-22,66
-22,67
-22,68
-22,69
-22,70
-22,71
-22,72
-22,73
-22,74
-22,75
-22,76
-22,77
-22,78
-22,79
-22,80
-22,81
-22,82
-22,83
-22,84
-22,85
-22,86
-22,87
-22,88
-22,89
-22,90
-22,91
-22,92
-22,93
-22,94
-22,95
-22,96
-22,97
-22,98
-22,99
-22,100
-22,101
-22,102
-22,103
-22,104
-22,105
-22,106
-22,107
-22,108
-22,109
-22,110
-22,111
-22,112
-22,113
-22,114
-22,115
-22,116
-22,117
-22,118
-22,119
-22,120
-22,121
-22,122
-22,123
-22,124
-22,125
-22,126
-22,127
-22,128
-22,129
-22,130
-22,131
-22,132
-22,133
-22,134
-22,135
-22,136
-22,137
-22,138
-22,139
-22,140
-22,141
-22,142
-22,143
-22,144
-22,145
-22,146
-22,147
-22,148
-22,149
-22,150
-22,151
-22,152
-22,153
-22,154
-22,155
-22,156
-22,157
-22,158
-22,159
-22,160
-22,161
-22,162
-22,163
-22,164
-22,165
-22,166
-22,167
-22,168
-22,169
-22,170
:22_13,171
:22_13,172
:22_13,173
:22_13,174
:22_13,175
21,176
21,177
21,178
21,179
21,180
21,181
21,182
21,183
21,184
21,185
21,186
21,187
21,188
21,189
21,190
21,191
21,192
21,193
21,194
21,195
21,196
21,197
21,198
21,199
21,200
21,201
21,202
21,203
21,204
21,205
21,206
21,207
21,208
21,209
21,210
21,211
21,212
21,213
21,214
21,215
21,216
21,217
21,218
21,219
21,220
21,221
21,222
21,223
21,224
21,225
21,226
21,227
21,228
21,229
21,230
21,231
21,232
21,233
21,234
21,235
21,236
21,237
21,238
21,239
21,240
21,241
21,242
21,243
21,244
21,245
21,246
21,247
21,248
21,249
21,250
21,251
21,252
21,253
21,254
21,255
21,256
21,257
21,258
21,259
21,260
21,261
21,262
:25_1,263
:25_1,264
:25_1,265
:25_1,266
:25_1,267
:25_1,268
453,269
453,270
453,271
453,272
453,273
453,274
453,275
453,276
453,277
453,278
453,279
453,280
453,281
453,282
453,283
453,284
453,285
453,286
453,287
453,288
453,289
453,290
453,291
453,292
453,293
453,294
453,295
453,296
453,297
453,298
453,299
453,300
453,301
453,302
453,303
453,304
453,305
453,306
453,307
453,308
453,309
453,310
453,311
453,312
453,313
453,314
453,315
453,316
453,317
453,318
453,319
453,320
453,321
453,322
453,323
:278_7,324
:278_7,325
:278_7,326
:278_7,327
:278_7,328
:278_7,329
-288,330
-288,331
-288,332
-288,333
-288,334
-288,335
-288,336
-288,337
-288,338
-288,339
-288,340
-288,341
-288,342
-288,343
-288,344
-288,345
-288,346
-288,347
-288,348
-288,349
-288,350
-288,351
-288,352
-288,353
-288,354
-288,355
-288,356
-288,357
-288,358
-288,359
-288,360
-288,361
-288,362
-288,363
-288,364
-288,365
-288,366
-288,367
-288,368
-288,369
-288,370
-288,371
-288,372
-288,373
-288,374
-287,375
-287,376
-287,377
-287,378
-287,379
-287,380
-287,381
-287,382
-287,383
-287,384
-287,385
-287,386
-287,387
-287,388
-287,389
-287,390
-287,391
-287,392
-287,393
-287,394
-287,395
-287,396
-287,397
-287,398
-287,399
-287,400
-287,401
-287,402
-287,403
-287,404
-287,405
-287,406
-287,407
-287,408
-287,409
-287,410
-287,411
-287,412
-287,413
-287,414
-287,415
-287,416
-287,417
-287,418
-287,419
-287,420
-287,421
-287,422
-287,423
-287,424
-287,425
-287,426
-287,427
-287,428
-287,429
-287,430
-287,431
-287,432
-287,433
-287,434
-287,435
-287,436
-287,437
-287,438
-287,439
-287,440
-287,441
-287,442
-287,443
-287,444
-287,445
-287,446
-287,447
-287,448
-287,449
-286,450
-286,451
-286,452
-286,453
-286,454
-286,455
-286,456
-286,457
-286,458
-286,459
-286,460
-286,461
-286,462
-286,463
-286,464
-286,465
-286,466
-286,467
-286,468
-286,469
-286,470
-286,471
-286,472
-286,473
-286,474
-286,475
-286,476
-286,477
-286,478
-286,479
-286,480
-286,481
-286,482
-286,483
-286,484
-286,485
-286,486
-286,487
-286,488
-286,489
-286,490
-286,491
-286,492
-286,493
-286,494
-286,495
-286,496
-286,497
-286,498
-286,499
-286,500
-286,501
-286,502
-286,503
-286,504
-286,505
-286,506
-286,507
-286,508
-286,509
-286,510
-286,511
-286,512
-286,513
-286,514
-286,515
-286,516
-285,517
-285,518
-285,519
-285,520
-285,521
-285,522
-285,523
-285,524
-285,525
-285,526
-285,527
-285,528
-285,529
-285,530
-285,531
-285,532
-285,533
-285,534
-285,535
-285,536
-285,537
-285,538
-285,539
-285,540
-285,541
-285,542
-285,543
-285,544
-285,545
-285,546
-285,547
-285,548
-285,549
-285,550
-285,551
-285,552
-285,553
-285,554
-285,555
-285,556
-285,557
-285,558
-285,559
-285,560
-285,561
-285,562
-285,563
-285,564
-285,565
-285,566
-285,567
-285,568
-285,569
-285,570
-285,571
-285,572
-285,573
-285,574
-285,575
-285,576
-285,577
-285,578
-284,579
-284,580
-284,581
-284,582
-284,583
-284,584
-284,585
-284,586
-284,587
-284,588
-284,589
-284,590
-284,591
-284,592
-284,593
-284,594
-284,595
-284,596
-284,597
-284,598
-284,599
-284,600
-284,601
-284,602
-284,603
-284,604
-284,605
-284,606
-284,607
-284,608
-284,609
-284,610
-284,611
-284,612
-284,613
-284,614
-284,615
-284,616
-284,617
-284,618
-284,619
-284,620
-284,621
-284,622
-284,623
-284,624
-284,625
-284,626
-284,627
-284,628
-284,629
-284,630
-284,631
-284,632
-284,633
-284,634
-284,635
-284,636
-284,637
-284,638
-284,639
-284,640
-284,641
-284,642
-284,643
-284,644
-284,645
-284,646
-284,647
-284,648
-284,649
-284,650
:248_1,651
:248_1,652
:248_1,653
:248_1,654
:248_1,655
:248_1,656
289,657
289,658
289,659
289,660
289,661
289,662
289,663
289,664
289,665
289,666
289,667
289,668
289,669
289,670
289,671
289,672
289,673
289,674
289,675
289,676
289,677
289,678
289,679
289,680
289,681
289,682
289,683
289,684
289,685
289,686
289,687
289,688
289,689
289,690
289,691
289,692
289,693
289,694
289,695
289,696
289,697
289,698
289,699
289,700
289,701
289,702
289,703
289,704
289,705
289,706
289,707
289,708
289,709
289,710
289,711
289,712
289,713
289,714
289,715
289,716
289,717
289,718
289,719
289,720
289,721
289,722
289,723
289,724
289,725
289,726
289,727
289,728
289,729
289,730
289,731
289,732
289,733
289,734
289,735
289,736
289,737
289,738
289,739
289,740
289,741
289,742
289,743
289,744
:279_1,745
:279_1,746
:279_1,747
:279_1,748
:279_1,749
:279_1,750
454,751
454,752
454,753
454,754
454,755
454,756
454,757
454,758
454,759
454,760
454,761
454,762
454,763
454,764
454,765
454,766
454,767
454,768
454,769
454,770
454,771
454,772
454,773
454,774
454,775
454,776
454,777
454,778
454,779
454,780
454,781
454,782
454,783
454,784
454,785
454,786
454,787
454,788
454,789
454,790
454,791
454,792
454,793
454,794
454,795
454,796
454,797
454,798
454,799
454,800
454,801
454,802
454,803
454,804
454,805
454,806
454,807
454,808
454,809
454,810
454,811
454,812
454,813
454,814
454,815
454,816
454,817
454,818
454,819
454,820
454,821
454,822
454,823
454,824
454,825
454,826
454,827
454,828
454,829
454,830
454,831
454,832
454,833
454,834
454,835
454,836
454,837
454,838
454,839
454,840
454,841
454,842
454,843
454,844
454,845
454,846
454,847
454,848
:338_1,849
:338_1,850
:338_1,851
:338_1,852
:338_1,853
:338_1,854
-369,855
-369,856
-369,857
-369,858
-369,859
-369,860
-369,861
-369,862
-369,863
-369,864
-369,865
-369,866
-369,867
-369,868
-369,869
-369,870
-369,871
-369,872
-369,873
-369,874
-369,875
-369,876
-369,877
-369,878
-369,879
-369,880
-369,881
-369,882
-369,883
-369,884
-369,885
-369,886
-369,887
-369,888
-369,889
-369,890
-369,891
-369,892
-369,893
-369,894
-369,895
-369,896
-369,897
-369,898
-369,899
-369,900
-369,901
-369,902
-369,903
-369,904
-369,905
-369,906
-369,907
-369,908
-369,909
-369,910
-369,911
-369,912
-369,913
-369,914
-369,915
-369,916
-369,917
-369,918
-369,919
-369,920
-369,921
-369,922
-369,923
-369,924
-369,925
-369,926
-369,927
-369,928
-369,929
-369,930
-369,931
-369,932
-369,933
-369,934
-369,935
-369,936
-369,937
-369,938
-369,939
-369,940
-369,941
-369,942
-369,943
-369,944
-369,945
-369,946
-369,947
-369,948
-369,949
-369,950
-369,951
-369,952
-369,953
-369,954
-369,955
-369,956
-369,957
-369,958
-369,959
-369,960
-369,961
-369,962
-369,963
-369,964
-369,965
-369,966
-369,967
-369,968
-369,969
-369,970
-369,971
-369,972
-369,973
-369,974
-369,975
-369,976
-369,977
-369,978
-369,979
-369,980
-369,981
-369,982
-369,983
-369,984
-369,985
-369,986
-369,987
-369,988
-369,989
-369,990
-369,991
-369,992
-369,993
-369,994
-369,995
-369,996
-369,997
-369,998
-369,999
-369,1000
-369,1001
-369,1002
-369,1003
-369,1004
-369,1005
-369,1006
-369,1007
-369,1008
-369,1009
-369,1010
-369,1011
-369,1012
-369,1013
-369,1014
-369,1015
-369,1016
-369,1017
-369,1018
-369,1019
-369,1020
-369,1021
-369,1022
-369,1023
-369,1024
-369,1025
-369,1026
-369,1027
-369,1028
-369,1029
-369,1030
-369,1031
-369,1032
-369,1033
-369,1034
-369,1035
-369,1036
-369,1037
-369,1038
-369,1039
-369,1040
-369,1041
-369,1042
-369,1043
-369,1044
-369,1045
-369,1046
-369,1047
-369,1048
-369,1049
-369,1050
-369,1051
-369,1052
-369,1053
-369,1054
-369,1055
-369,1056
-369,1057
-369,1058
-369,1059
-369,1060
-369,1061
-369,1062
-369,1063
-369,1064
-369,1065
-369,1066
-369,1067
-369,1068
-369,1069
-369,1070
-369,1071
-369,1072
-369,1073
-369,1074
-369,1075
-369,1076
-369,1077
-369,1078
-369,1079
-369,1080
:73_5,1081
:73_5,1082
:73_5,1083
:73_5,1084
:73_5,1085
:73_5,1086
-64,1087
-64,1088
-64,1089
-64,1090
-64,1091
-64,1092
-64,1093
-64,1094
-64,1095
-64,1096
-64,1097
-64,1098
-64,1099
-64,1100
-64,1101
-64,1102
-64,1103
-64,1104
-64,1105
-64,1106
-64,1107
-64,1108
-64,1109
-64,1110
-64,1111
-64,1112
-64,1113
-64,1114
-64,1115
-64,1116
-64,1117
-64,1118
-64,1119
-64,1120
-64,1121
-64,1122
-64,1123
-64,1124
-64,1125
-64,1126
-64,1127
-64,1128
-64,1129
-64,1130
-64,1131
-64,1132
-64,1133
-64,1134
-64,1135
-64,1136
-64,1137
-64,1138
-64,1139
-64,1140
-64,1141
-64,1142
-64,1143
-64,1144
-64,1145
-64,1146
-64,1147
-64,1148
-64,1149
-64,1150
-64,1151
-64,1152
-64,1153
-64,1154
-64,1155
-64,1156
-64,1157
-64,1158
-64,1159
-64,1160
-64,1161
-64,1162
-64,1163
-64,1164
-64,1165
-64,1166
-64,1167
-64,1168
-64,1169
:72_1,1170
:72_1,1171
:72_1,1172
:72_1,1173
:72_1,1174
:72_1,1175
-63,1176
-63,1177
-63,1178
-63,1179
-63,1180
-63,1181
-63,1182
-63,1183
-63,1184
-63,1185
-63,1186
-63,1187
-63,1188
-63,1189
-63,1190
-63,1191
-63,1192
-63,1193
-63,1194
-63,1195
-63,1196
-63,1197
-63,1198
-63,1199
-63,1200
-63,1201
-63,1202
-63,1203
-63,1204
-63,1205
-63,1206
-63,1207
-63,1208
-63,1209
-63,1210
-63,1211
-63,1212
-63,1213
-63,1214
-63,1215
-63,1216
-63,1217
-63,1218
-63,1219
-63,1220
-63,1221
-63,1222
-63,1223
-63,1224
-63,1225
-63,1226
-63,1227
-63,1228
-63,1229
-63,1230
-63,1231
-63,1232
-63,1233
-63,1234
-63,1235
-63,1236
-63,1237
-63,1238
-63,1239
-63,1240
-63,1241
-63,1242
-63,1243
-63,1244
-62,1245
-62,1246
-62,1247
-62,1248
-62,1249
-62,1250
-62,1251
-62,1252
-62,1253
-62,1254
-62,1255
-62,1256
-62,1257
-62,1258
-62,1259
-62,1260
-62,1261
-62,1262
-62,1263
-62,1264
-62,1265
-62,1266
-62,1267
-62,1268
-62,1269
-62,1270
-62,1271
-62,1272
-62,1273
-62,1274
-62,1275
-62,1276
-62,1277
-62,1278
-62,1279
-62,1280
-62,1281
-62,1282
-62,1283
-62,1284
-62,1285
-62,1286
-62,1287
-62,1288
-62,1289
-62,1290
-62,1291
-62,1292
-62,1293
-62,1294
-62,1295
-62,1296
-62,1297
-62,1298
-62,1299
-62,1300
-62,1301
-62,1302
-62,1303
-62,1304
-62,1305
-62,1306
-62,1307
-62,1308
-62,1309
-62,1310
-62,1311
-62,1312
-62,1313
-62,1314
-62,1315
-62,1316
-62,1317
-62,1318
-62,1319
-62,1320
-62,1321
-62,1322
-61,1323
-61,1324
-61,1325
-61,1326
-61,1327
-61,1328
-61,1329
-61,1330
-61,1331
-61,1332
-61,1333
-61,1334
-61,1335
-61,1336
-61,1337
-61,1338
-61,1339
-61,1340
-61,1341
-61,1342
-61,1343
-61,1344
-61,1345
-61,1346
-61,1347
-61,1348
-61,1349
-61,1350
-61,1351
-61,1352
-61,1353
-61,1354
-61,1355
-61,1356
-61,1357
-61,1358
-61,1359
-61,1360
-61,1361
-61,1362
-61,1363
-61,1364
-61,1365
-61,1366
-61,1367
-61,1368
-61,1369
-61,1370
-61,1371
-61,1372
-61,1373
-61,1374
-61,1375
-61,1376
-61,1377
-61,1378
-61,1379
-61,1380
-61,1381
-61,1382
-61,1383
-61,1384
-61,1385
-61,1386
-61,1387
-61,1388
-61,1389
-61,1390
-61,1391
-61,1392
-61,1393
-61,1394
-61,1395
-61,1396
-61,1397
-61,1398
-60,1399
-60,1400
-60,1401
-60,1402
-60,1403
-60,1404
-60,1405
-60,1406
-60,1407
-60,1408
-60,1409
-60,1410
-60,1411
-60,1412
-60,1413
-60,1414
-60,1415
-60,1416
-60,1417
-60,1418
-60,1419
-60,1420
-60,1421
-60,1422
-60,1423
-60,1424
-60,1425
-60,1426
-60,1427
-60,1428
-60,1429
-60,1430
-60,1431
-60,1432
-60,1433
-60,1434
-60,1435
-60,1436
-60,1437
-60,1438
-60,1439
-60,1440
-60,1441
-60,1442
-60,1443
-60,1444
-60,1445
-60,1446
-60,1447
-60,1448
-60,1449
-60,1450
-60,1451
-60,1452
-60,1453
-60,1454
-60,1455
-60,1456
-60,1457
-60,1458
-60,1459
-60,1460
-60,1461
-60,1462
-60,1463
-60,1464
-60,1465
-60,1466
-60,1467
-60,1468
:65_5,1469
:65_5,1470
:65_5,1471
:65_5,1472
:65_5,1473
:65_5,1474
57,1475
57,1476
57,1477
57,1478
57,1479
57,1480
57,1481
57,1482
57,1483
57,1484
57,1485
57,1486
57,1487
57,1488
57,1489
57,1490
57,1491
57,1492
57,1493
57,1494
57,1495
57,1496
57,1497
57,1498
57,1499
57,1500
57,1501
57,1502
57,1503
57,1504
57,1505
57,1506
57,1507
57,1508
57,1509
57,1510
57,1511
57,1512
57,1513
57,1514
57,1515
57,1516
57,1517
57,1518
57,1519
57,1520
57,1521
57,1522
57,1523
57,1524
57,1525
57,1526
57,1527
57,1528
57,1529
57,1530
57,1531
57,1532
57,1533
57,1534
57,1535
57,1536
57,1537
57,1538
57,1539
57,1540
57,1541
57,1542
:66_4,1543
:66_4,1544
:66_4,1545
:66_4,1546
:66_4,1547
:66_4,1548
-264,1549
-264,1550
-264,1551
-264,1552
-264,1553
-264,1554
-264,1555
-264,1556
-264,1557
-264,1558
-264,1559
-264,1560
-264,1561
-264,1562
-264,1563
-264,1564
-264,1565
-264,1566
-264,1567
-264,1568
-264,1569
-264,1570
-264,1571
-264,1572
-264,1573
-264,1574
-264,1575
-264,1576
-264,1577
-264,1578
-264,1579
-264,1580
-264,1581
-264,1582
-264,1583
-264,1584
-264,1585
-264,1586
-264,1587
-264,1588
-264,1589
-264,1590
-264,1591
-264,1592
-264,1593
-264,1594
-264,1595
-264,1596
-264,1597
-264,1598
-264,1599
-264,1600
-264,1601
-264,1602
-264,1603
-264,1604
-264,1605
-264,1606
-264,1607
-264,1608
-264,1609
-264,1610
-264,1611
-264,1612
-264,1613
-264,1614
-264,1615
-264,1616
-264,1617
-264,1618
-264,1619
-264,1620
-264,1621
-264,1622
-264,1623
-264,1624
-264,1625
-264,1626
-264,1627
-264,1628
-264,1629
-264,1630
-264,1631
-264,1632
-264,1633
-264,1634
-264,1635
-264,1636
-264,1637
-264,1638
-264,1639
-264,1640
-264,1641
-264,1642
-264,1643
-264,1644
-264,1645
-264,1646
-264,1647
-264,1648
-264,1649
-264,1650
-264,1651
-264,1652
-264,1653
-264,1654
-264,1655
-264,1656
-264,1657
-264,1658
-264,1659
-264,1660
-264,1661
-264,1662
-264,1663
-264,1664
-264,1665
-264,1666
-264,1667
-264,1668
-264,1669
-264,1670
-264,1671
-264,1672
:259_5,1673
:259_5,1674
:259_5,1675
:259_5,1676
:259_5,1677
:259_5,1678
:259_5,1679
:259_5,1680
265,1681
265,1682
265,1683
265,1684
265,1685
265,1686
265,1687
265,1688
265,1689
265,1690
265,1691
265,1692
265,1693
265,1694
265,1695
265,1696
265,1697
265,1698
265,1699
265,1700
265,1701
265,1702
265,1703
265,1704
265,1705
265,1706
265,1707
265,1708
265,1709
265,1710
265,1711
265,1712
265,1713
265,1714
265,1715
265,1716
265,1717
265,1718
265,1719
265,1720
265,1721
265,1722
265,1723
265,1724
265,1725
265,1726
265,1727
265,1728
265,1729
265,1730
265,1731
265,1732
265,1733
265,1734
265,1735
265,1736
265,1737
265,1738
265,1739
265,1740
265,1741
265,1742
265,1743
265,1744
265,1745
265,1746
265,1747
265,1748
265,1749
265,1750
265,1751
265,1752
265,1753
265,1754
265,1755
265,1756
265,1757
265,1758
265,1759
265,1760
265,1761
265,1762
265,1763
265,1764
265,1765
265,1766
265,1767
265,1768
265,1769
265,1770
265,1771
265,1772
265,1773
265,1774
265,1775
265,1776
265,1777
265,1778
265,1779
265,1780
265,1781
265,1782
265,1783
265,1784
265,1785
265,1786
265,1787
265,1788
265,1789
265,1790
265,1791
265,1792
265,1793
265,1794
265,1795
265,1796
265,1797
265,1798
265,1799
265,1800
265,1801
265,1802
265,1803
265,1804
265,1805
265,1806
265,1807
265,1808
265,1809
265,1810
265,1811
265,1812
265,1813
265,1814
265,1815
265,1816
265,1817
265,1818
265,1819
265,1820
265,1821
265,1822
265,1823
265,1824
265,1825
265,1826
265,1827
265,1828
265,1829
265,1830
265,1831
265,1832
265,1833
265,1834
265,1835
265,1836
265,1837
265,1838
265,1839
265,1840
265,1841
265,1842
265,1843
265,1844
265,1845
265,1846
265,1847
265,1848
265,1849
265,1850
265,1851
265,1852
265,1853
265,1854
265,1855
265,1856
265,1857
265,1858
265,1859
265,1860
265,1861
265,1862
265,1863
265,1864
265,1865
265,1866
265,1867
265,1868
265,1869
265,1870
265,1871
265,1872
265,1873
265,1874
265,1875
265,1876
265,1877
265,1878
265,1879
265,1880
265,1881
265,1882
265,1883
265,1884
265,1885
265,1886
265,1887
265,1888
265,1889
265,1890
265,1891
265,1892
265,1893
265,1894
265,1895
265,1896
265,1897
265,1898
265,1899
265,1900
265,1901
265,1902
265,1903
265,1904
