-152,21
-152,22
-152,23
-152,24
-152,25
-152,26
-152,27
-152,28
-152,29
-152,30
-152,31
-152,32
-152,33
-152,34
-152,35
-152,36
-152,37
-152,38
-152,39
-152,40
-152,41
-152,42
-152,43
-152,44
-152,45
-152,46
-152,47
-152,48
-152,49
-152,50
-152,51
-152,52
-152,53
-152,54
-152,55
-152,56
-152,57
-152,58
-152,59
-152,60
-152,61
-152,62
-152,63
-152,64
-152,65
-152,66
-152,67
-152,68
-152,69
-152,70
-152,71
-152,72
-152,73
-152,74
-152,75
-152,76
-152,77
-152,78
-152,79
-152,80
-152,81
-152,82
-152,83
-152,84
-152,85
-152,86
-152,87
-152,88
-152,89
-152,90
-152,91
-152,92
-152,93
-152,94
-152,95
-152,96
-152,97
-152,98
-152,99
-152,100
-152,101
-152,102
-152,103
-152,104
-152,105
-152,106
-152,107
-152,108
-152,109
-152,110
-152,111
-152,112
-152,113
-152,114
-152,115
-152,116
-152,117
-152,118
-152,119
-152,120
-152,121
-152,122
-152,123
-152,124
-152,125
-152,126
-152,127
-152,128
-152,129
-152,130
-152,131
-152,132
-152,133
-152,134
-152,135
-152,136
-152,137
-152,138
-152,139
-152,140
-152,141
-152,142
-152,143
-152,144
-152,145
-152,146
-152,147
-152,148
-152,149
-152,150
-152,151
-152,152
-152,153
-152,154
-152,155
-152,156
-152,157
-152,158
-152,159
-152,160
-152,161
-152,162
-152,163
-152,164
-152,165
-152,166
-152,167
-152,168
-152,169
-152,170
-152,171
-152,172
-152,173
-152,174
-152,175
-152,176
-152,177
-152,178
-152,179
-152,180
-152,181
-152,182
-152,183
-152,184
-152,185
-152,186
:166_10,187
:166_10,188
:166_10,189
:166_10,190
:166_10,191
:166_10,192
154,193
154,194
154,195
154,196
154,197
154,198
154,199
154,200
154,201
154,202
154,203
154,204
154,205
154,206
154,207
154,208
154,209
154,210
154,211
154,212
154,213
154,214
154,215
154,216
154,217
154,218
154,219
154,220
154,221
154,222
154,223
154,224
154,225
154,226
154,227
154,228
154,229
154,230
154,231
154,232
154,233
154,234
154,235
154,236
154,237
154,238
154,239
154,240
154,241
154,242
154,243
154,244
154,245
154,246
154,247
154,248
154,249
154,250
154,251
154,252
154,253
154,254
154,255
154,256
154,257
154,258
154,259
154,260
154,261
154,262
154,263
154,264
154,265
154,266
154,267
154,268
154,269
154,270
154,271
154,272
154,273
154,274
154,275
154,276
154,277
154,278
154,279
154,280
154,281
154,282
154,283
154,284
154,285
154,286
154,287
154,288
154,289
154,290
154,291
154,292
154,293
154,294
154,295
154,296
154,297
154,298
154,299
154,300
154,301
154,302
154,303
154,304
154,305
154,306
154,307
154,308
154,309
154,310
154,311
154,312
154,313
154,314
154,315
154,316
154,317
154,318
154,319
154,320
154,321
154,322
154,323
154,324
154,325
154,326
154,327
154,328
154,329
154,330
154,331
154,332
154,333
154,334
154,335
154,336
154,337
154,338
154,339
154,340
154,341
154,342
154,343
154,344
154,345
154,346
154,347
154,348
154,349
154,350
154,351
154,352
154,353
154,354
154,355
154,356
154,357
154,358
154,359
154,360
154,361
154,362
154,363
154,364
154,365
154,366
154,367
154,368
154,369
154,370
154,371
154,372
154,373
154,374
154,375
154,376
154,377
154,378
154,379
154,380
154,381
154,382
154,383
154,384
154,385
154,386
154,387
154,388
154,389
154,390
154,391
154,392
154,393
154,394
154,395
154,396
154,397
154,398
154,399
154,400
154,401
154,402
154,403
154,404
154,405
154,406
154,407
154,408
154,409
154,410
154,411
154,412
154,413
154,414
154,415
154,416
154,417
154,418
154,419
154,420
154,421
154,422
154,423
154,424
154,425
154,426
154,427
154,428
154,429
154,430
154,431
154,432
154,433
154,434
154,435
154,436
154,437
:170_5,438
:170_5,439
:170_5,440
:170_5,441
:170_5,442
:170_5,443
-196,444
-196,445
-196,446
-196,447
-196,448
-196,449
-196,450
-196,451
-196,452
-196,453
-196,454
-196,455
-196,456
-196,457
-196,458
-196,459
-196,460
-196,461
-196,462
-196,463
-196,464
-196,465
-196,466
-196,467
-196,468
-196,469
-196,470
-196,471
-196,472
-196,473
-196,474
-196,475
-196,476
-196,477
-196,478
-196,479
-196,480
-196,481
-196,482
-196,483
-196,484
-196,485
-196,486
-196,487
-196,488
-196,489
-196,490
-196,491
-196,492
-196,493
-196,494
-196,495
-196,496
-196,497
-196,498
-196,499
-196,500
-196,501
-196,502
-196,503
-196,504
-196,505
-196,506
-196,507
-196,508
-196,509
-196,510
-196,511
-196,512
-196,513
-196,514
-196,515
-196,516
-196,517
-196,518
-196,519
-196,520
-196,521
-196,522
-196,523
-196,524
-196,525
-196,526
-196,527
-196,528
-196,529
-196,530
-196,531
-196,532
-196,533
-196,534
-196,535
-196,536
-196,537
-196,538
-196,539
-196,540
-196,541
-196,542
-196,543
-196,544
-196,545
-196,546
-196,547
-196,548
-196,549
-196,550
-196,551
-196,552
-196,553
-196,554
-196,555
-196,556
-196,557
-196,558
-196,559
-196,560
-196,561
-196,562
-196,563
-196,564
-196,565
-196,566
-196,567
-196,568
-196,569
-196,570
-196,571
-196,572
-196,573
-196,574
-196,575
-196,576
-196,577
-196,578
-196,579
-196,580
-196,581
-196,582
-196,583
-196,584
-196,585
-196,586
-196,587
-196,588
-196,589
-196,590
-196,591
-196,592
-196,593
-196,594
-196,595
-196,596
-196,597
-196,598
-196,599
-196,600
-196,601
-196,602
-196,603
-196,604
-196,605
-196,606
-196,607
-196,608
-196,609
-196,610
-196,611
-196,612
-196,613
-196,614
-196,615
-196,616
-196,617
-196,618
-196,619
-196,620
-196,621
-196,622
-196,623
-196,624
-196,625
-196,626
-196,627
-196,628
-196,629
-196,630
-196,631
-196,632
-196,633
-196,634
-196,635
-196,636
-196,637
-196,638
-196,639
-196,640
-196,641
-196,642
-196,643
-196,644
-196,645
-196,646
-196,647
-196,648
-196,649
-196,650
-196,651
-196,652
-196,653
-196,654
-196,655
-196,656
-196,657
-196,658
-196,659
-196,660
-196,661
-196,662
-196,663
-196,664
-196,665
-196,666
-196,667
-196,668
-196,669
-196,670
-196,671
-196,672
-196,673
-196,674
-196,675
-196,676
-196,677
-196,678
-196,679
-196,680
-196,681
-196,682
-196,683
-196,684
-196,685
-196,686
-196,687
-196,688
-196,689
-196,690
-196,691
-196,692
-196,693
-196,694
-196,695
-196,696
-196,697
-196,698
-196,699
-196,700
-196,701
-196,702
-196,703
-196,704
-196,705
-196,706
-196,707
-196,708
-196,709
-196,710
-196,711
-196,712
-196,713
-196,714
-196,715
-196,716
-196,717
-196,718
-196,719
-196,720
-196,721
-196,722
-196,723
-196,724
-196,725
-196,726
-196,727
-196,728
-196,729
-196,730
-196,731
-196,732
-196,733
-196,734
-196,735
-196,736
-196,737
-196,738
-196,739
:35_4,740
:35_4,741
:35_4,742
193,743
193,744
193,745
193,746
193,747
193,748
193,749
193,750
193,751
193,752
193,753
193,754
193,755
193,756
193,757
193,758
193,759
193,760
193,761
193,762
193,763
193,764
193,765
193,766
193,767
193,768
193,769
193,770
193,771
193,772
193,773
193,774
193,775
193,776
193,777
193,778
193,779
193,780
193,781
193,782
193,783
193,784
193,785
193,786
193,787
193,788
193,789
193,790
193,791
193,792
193,793
193,794
193,795
193,796
193,797
193,798
193,799
193,800
193,801
193,802
193,803
193,804
193,805
193,806
193,807
193,808
193,809
193,810
193,811
193,812
193,813
193,814
193,815
193,816
193,817
193,818
193,819
193,820
193,821
193,822
193,823
193,824
193,825
193,826
193,827
193,828
193,829
193,830
193,831
193,832
193,833
193,834
193,835
193,836
193,837
193,838
193,839
193,840
193,841
193,842
193,843
193,844
193,845
193,846
193,847
193,848
193,849
193,850
193,851
193,852
193,853
193,854
193,855
193,856
193,857
193,858
193,859
193,860
193,861
193,862
193,863
193,864
193,865
193,866
193,867
193,868
193,869
193,870
193,871
193,872
193,873
193,874
193,875
193,876
193,877
193,878
193,879
193,880
193,881
193,882
193,883
193,884
193,885
193,886
193,887
193,888
193,889
193,890
193,891
193,892
193,893
193,894
193,895
193,896
193,897
193,898
193,899
193,900
193,901
193,902
193,903
193,904
193,905
:203_3,906
:203_3,907
:203_3,908
:203_3,909
194,910
194,911
194,912
194,913
194,914
194,915
194,916
194,917
194,918
194,919
194,920
194,921
194,922
194,923
194,924
194,925
194,926
194,927
194,928
194,929
194,930
194,931
194,932
194,933
194,934
194,935
194,936
194,937
194,938
194,939
194,940
194,941
194,942
194,943
194,944
194,945
194,946
194,947
194,948
194,949
194,950
194,951
194,952
194,953
194,954
194,955
194,956
194,957
194,958
194,959
194,960
194,961
194,962
194,963
194,964
194,965
194,966
194,967
194,968
194,969
194,970
194,971
194,972
194,973
194,974
194,975
194,976
194,977
194,978
194,979
194,980
194,981
194,982
194,983
194,984
194,985
194,986
194,987
194,988
194,989
194,990
194,991
194,992
194,993
194,994
194,995
194,996
194,997
194,998
194,999
194,1000
194,1001
194,1002
194,1003
194,1004
194,1005
194,1006
194,1007
194,1008
194,1009
194,1010
194,1011
194,1012
194,1013
194,1014
194,1015
194,1016
194,1017
194,1018
194,1019
194,1020
194,1021
194,1022
194,1023
194,1024
194,1025
194,1026
194,1027
194,1028
194,1029
194,1030
194,1031
194,1032
194,1033
194,1034
194,1035
194,1036
194,1037
194,1038
194,1039
194,1040
194,1041
194,1042
194,1043
194,1044
194,1045
194,1046
194,1047
194,1048
194,1049
194,1050
194,1051
194,1052
194,1053
194,1054
194,1055
194,1056
194,1057
194,1058
194,1059
194,1060
194,1061
194,1062
194,1063
194,1064
194,1065
194,1066
194,1067
194,1068
194,1069
194,1070
194,1071
194,1072
194,1073
194,1074
194,1075
194,1076
194,1077
194,1078
194,1079
194,1080
194,1081
194,1082
:204_9,1083
:204_9,1084
:204_9,1085
:204_9,1086
:204_9,1087
:204_9,1088
195,1089
195,1090
195,1091
195,1092
195,1093
195,1094
195,1095
195,1096
195,1097
195,1098
195,1099
195,1100
195,1101
195,1102
195,1103
195,1104
195,1105
195,1106
195,1107
195,1108
195,1109
195,1110
195,1111
195,1112
195,1113
195,1114
195,1115
195,1116
195,1117
195,1118
195,1119
195,1120
195,1121
195,1122
195,1123
195,1124
195,1125
195,1126
195,1127
195,1128
195,1129
195,1130
195,1131
195,1132
195,1133
195,1134
195,1135
195,1136
195,1137
195,1138
195,1139
195,1140
195,1141
195,1142
195,1143
195,1144
195,1145
195,1146
195,1147
195,1148
195,1149
195,1150
195,1151
195,1152
195,1153
195,1154
195,1155
195,1156
195,1157
195,1158
195,1159
195,1160
195,1161
195,1162
195,1163
195,1164
195,1165
195,1166
195,1167
195,1168
195,1169
195,1170
195,1171
195,1172
195,1173
195,1174
195,1175
195,1176
195,1177
195,1178
195,1179
195,1180
195,1181
195,1182
195,1183
195,1184
195,1185
195,1186
195,1187
195,1188
195,1189
195,1190
195,1191
195,1192
195,1193
195,1194
195,1195
195,1196
195,1197
195,1198
195,1199
195,1200
195,1201
195,1202
195,1203
195,1204
195,1205
195,1206
195,1207
195,1208
195,1209
195,1210
195,1211
195,1212
195,1213
195,1214
195,1215
195,1216
195,1217
195,1218
195,1219
195,1220
195,1221
195,1222
195,1223
195,1224
195,1225
195,1226
195,1227
195,1228
195,1229
195,1230
195,1231
195,1232
195,1233
195,1234
195,1235
195,1236
195,1237
195,1238
195,1239
195,1240
195,1241
195,1242
195,1243
195,1244
195,1245
195,1246
195,1247
195,1248
195,1249
195,1250
195,1251
195,1252
195,1253
195,1254
195,1255
195,1256
195,1257
195,1258
195,1259
195,1260
195,1261
195,1262
195,1263
195,1264
195,1265
195,1266
195,1267
195,1268
195,1269
195,1270
195,1271
195,1272
195,1273
195,1274
195,1275
195,1276
195,1277
195,1278
195,1279
195,1280
195,1281
195,1282
195,1283
195,1284
195,1285
195,1286
195,1287
:191_13,1288
:191_13,1289
:191_13,1290
:191_13,1291
:191_13,1292
:191_13,1293
-178,1294
-178,1295
-178,1296
-178,1297
-178,1298
-178,1299
-178,1300
-178,1301
-178,1302
-178,1303
-178,1304
-178,1305
-178,1306
-178,1307
-178,1308
-178,1309
-178,1310
-178,1311
-178,1312
-178,1313
-178,1314
-178,1315
-178,1316
-178,1317
-178,1318
-178,1319
-178,1320
-178,1321
-178,1322
-178,1323
-178,1324
-178,1325
-178,1326
-178,1327
-178,1328
-178,1329
-178,1330
-178,1331
-178,1332
-178,1333
-178,1334
-178,1335
-178,1336
-178,1337
-178,1338
-178,1339
-178,1340
-178,1341
-178,1342
-178,1343
-178,1344
-178,1345
-178,1346
-178,1347
-178,1348
-178,1349
-178,1350
-178,1351
-178,1352
-178,1353
-178,1354
-178,1355
-178,1356
-178,1357
-178,1358
-178,1359
-178,1360
-178,1361
-178,1362
-178,1363
-178,1364
-178,1365
-178,1366
-178,1367
-178,1368
-178,1369
-178,1370
-178,1371
-178,1372
-178,1373
-178,1374
-178,1375
-178,1376
-178,1377
-178,1378
-178,1379
-178,1380
-178,1381
-178,1382
-178,1383
-178,1384
-178,1385
-178,1386
-178,1387
-178,1388
-178,1389
-178,1390
-178,1391
-178,1392
-178,1393
-178,1394
-178,1395
-178,1396
-178,1397
-178,1398
-178,1399
-178,1400
-178,1401
-178,1402
-178,1403
-178,1404
-178,1405
-178,1406
-178,1407
-178,1408
-178,1409
-178,1410
-178,1411
-178,1412
-178,1413
-178,1414
-178,1415
-178,1416
-178,1417
-178,1418
-178,1419
-178,1420
-178,1421
-178,1422
-178,1423
-178,1424
-178,1425
-178,1426
-178,1427
-178,1428
-178,1429
-178,1430
-178,1431
-178,1432
-178,1433
-178,1434
-178,1435
-178,1436
-178,1437
-178,1438
-178,1439
-178,1440
-178,1441
-178,1442
-178,1443
-178,1444
-178,1445
-178,1446
-178,1447
-178,1448
-178,1449
-178,1450
-178,1451
-178,1452
-178,1453
-178,1454
-178,1455
-178,1456
-178,1457
-178,1458
-178,1459
-178,1460
-178,1461
-178,1462
-178,1463
-178,1464
-178,1465
-178,1466
-178,1467
-178,1468
-178,1469
-178,1470
-178,1471
-178,1472
-178,1473
:190_3,1474
:190_3,1475
:190_3,1476
:190_3,1477
:190_3,1478
:190_3,1479
-177,1480
-177,1481
-177,1482
-177,1483
-177,1484
-177,1485
-177,1486
-177,1487
-177,1488
-177,1489
-177,1490
-177,1491
-177,1492
-177,1493
-177,1494
-177,1495
-177,1496
-177,1497
-177,1498
-177,1499
-177,1500
-177,1501
-177,1502
-177,1503
-177,1504
-177,1505
-177,1506
-177,1507
-177,1508
-177,1509
-177,1510
-177,1511
-177,1512
-177,1513
-177,1514
-177,1515
-177,1516
-177,1517
-177,1518
-177,1519
-177,1520
-177,1521
-177,1522
-177,1523
-177,1524
-177,1525
-177,1526
-177,1527
-177,1528
-177,1529
-177,1530
-177,1531
-177,1532
-177,1533
-177,1534
-177,1535
-177,1536
-177,1537
-177,1538
-177,1539
-177,1540
-177,1541
-177,1542
-177,1543
-177,1544
-177,1545
-177,1546
-177,1547
-177,1548
-177,1549
-177,1550
-177,1551
-177,1552
-177,1553
-177,1554
-177,1555
-177,1556
-177,1557
-177,1558
-177,1559
-177,1560
-177,1561
-177,1562
-177,1563
-177,1564
-177,1565
-177,1566
-177,1567
-177,1568
-177,1569
-177,1570
-177,1571
-177,1572
-177,1573
-177,1574
-177,1575
-177,1576
-177,1577
-177,1578
-177,1579
-177,1580
-177,1581
-177,1582
-177,1583
-177,1584
-177,1585
-177,1586
-177,1587
-177,1588
-177,1589
-177,1590
-177,1591
-177,1592
-177,1593
-177,1594
-177,1595
-177,1596
-177,1597
-177,1598
-177,1599
-177,1600
-177,1601
-177,1602
-177,1603
-177,1604
-177,1605
-177,1606
-177,1607
-177,1608
-177,1609
-177,1610
-177,1611
-177,1612
-177,1613
-177,1614
-177,1615
-177,1616
-177,1617
-177,1618
-177,1619
-177,1620
-177,1621
:13_8,1622
:13_8,1623
:13_8,1624
685,1625
685,1626
685,1627
685,1628
685,1629
685,1630
685,1631
685,1632
685,1633
685,1634
685,1635
685,1636
685,1637
685,1638
685,1639
685,1640
685,1641
685,1642
685,1643
:373_5,1644
:373_5,1645
684,1646
684,1647
684,1648
684,1649
684,1650
684,1651
684,1652
684,1653
684,1654
684,1655
684,1656
684,1657
684,1658
684,1659
684,1660
684,1661
684,1662
684,1663
684,1664
684,1665
:6_9,1666
:6_9,1667
6,1668
6,1669
6,1670
6,1671
6,1672
6,1673
6,1674
6,1675
6,1676
6,1677
6,1678
6,1679
6,1680
6,1681
6,1682
6,1683
6,1684
6,1685
6,1686
6,1687
6,1688
6,1689
6,1690
6,1691
6,1692
6,1693
6,1694
6,1695
6,1696
6,1697
6,1698
6,1699
6,1700
6,1701
6,1702
6,1703
6,1704
6,1705
6,1706
6,1707
6,1708
6,1709
6,1710
6,1711
6,1712
6,1713
6,1714
6,1715
6,1716
6,1717
6,1718
6,1719
6,1720
6,1721
6,1722
6,1723
6,1724
6,1725
6,1726
6,1727
6,1728
6,1729
6,1730
6,1731
6,1732
6,1733
6,1734
6,1735
6,1736
6,1737
6,1738
6,1739
6,1740
6,1741
6,1742
6,1743
6,1744
6,1745
6,1746
6,1747
6,1748
6,1749
6,1750
6,1751
6,1752
6,1753
6,1754
6,1755
6,1756
6,1757
6,1758
6,1759
6,1760
6,1761
6,1762
6,1763
6,1764
6,1765
6,1766
6,1767
6,1768
6,1769
6,1770
6,1771
6,1772
6,1773
6,1774
6,1775
6,1776
6,1777
6,1778
6,1779
6,1780
6,1781
6,1782
6,1783
6,1784
6,1785
6,1786
6,1787
6,1788
6,1789
6,1790
6,1791
6,1792
6,1793
6,1794
6,1795
6,1796
6,1797
6,1798
6,1799
6,1800
6,1801
6,1802
6,1803
6,1804
6,1805
6,1806
6,1807
6,1808
6,1809
6,1810
6,1811
6,1812
6,1813
6,1814
6,1815
6,1816
6,1817
6,1818
6,1819
6,1820
6,1821
6,1822
6,1823
6,1824
6,1825
6,1826
6,1827
6,1828
6,1829
6,1830
6,1831
6,1832
6,1833
6,1834
6,1835
6,1836
6,1837
6,1838
6,1839
6,1840
6,1841
6,1842
6,1843
6,1844
6,1845
6,1846
6,1847
6,1848
6,1849
6,1850
6,1851
6,1852
6,1853
6,1854
6,1855
6,1856
6,1857
6,1858
6,1859
6,1860
6,1861
6,1862
6,1863
6,1864
6,1865
6,1866
6,1867
6,1868
6,1869
6,1870
6,1871
6,1872
6,1873
6,1874
6,1875
6,1876
6,1877
6,1878
6,1879
6,1880
6,1881
6,1882
6,1883
:8_1,1884
7,1885
7,1886
7,1887
7,1888
7,1889
7,1890
7,1891
7,1892
7,1893
7,1894
7,1895
7,1896
7,1897
7,1898
7,1899
7,1900
7,1901
7,1902
7,1903
7,1904
7,1905
7,1906
7,1907
7,1908
7,1909
7,1910
7,1911
7,1912
7,1913
7,1914
7,1915
7,1916
7,1917
7,1918
7,1919
7,1920
7,1921
7,1922
7,1923
7,1924
7,1925
7,1926
7,1927
7,1928
7,1929
7,1930
7,1931
7,1932
7,1933
7,1934
7,1935
7,1936
7,1937
7,1938
7,1939
7,1940
7,1941
7,1942
7,1943
7,1944
7,1945
7,1946
7,1947
7,1948
7,1949
7,1950
7,1951
7,1952
7,1953
7,1954
7,1955
7,1956
7,1957
8,1958
8,1959
8,1960
8,1961
8,1962
8,1963
8,1964
8,1965
8,1966
8,1967
8,1968
8,1969
8,1970
8,1971
8,1972
8,1973
8,1974
8,1975
8,1976
8,1977
8,1978
8,1979
8,1980
8,1981
8,1982
8,1983
8,1984
8,1985
8,1986
8,1987
8,1988
8,1989
8,1990
8,1991
8,1992
8,1993
8,1994
8,1995
8,1996
8,1997
8,1998
8,1999
8,2000
