-75,1
-75,2
-75,3
-75,4
-75,5
-75,6
-75,7
-75,8
-75,9
-75,10
-75,11
-75,12
-75,13
-75,14
-75,15
-75,16
-75,17
-75,18
-75,19
-75,20
-75,21
-75,22
-75,23
-75,24
-75,25
-75,26
-75,27
-75,28
-75,29
-75,30
-75,31
-75,32
-75,33
-75,34
-75,35
-75,36
-75,37
-75,38
-75,39
-75,40
-75,41
-75,42
-75,43
-75,44
-75,45
-75,46
-75,47
-75,48
-75,49
-75,50
-75,51
-75,52
-75,53
-75,54
-75,55
-75,56
-75,57
-75,58
-75,59
-75,60
-75,61
-75,62
-75,63
-75,64
-75,65
-75,66
-75,67
-75,68
-75,69
-75,70
-75,71
-75,72
-75,73
-75,74
-75,75
-75,76
-75,77
-75,78
-75,79
-75,80
-75,81
-75,82
-75,83
-75,84
-75,85
-75,86
-75,87
-75,88
-75,89
-75,90
-75,91
-75,92
-75,93
-75,94
-75,95
-75,96
-75,97
-75,98
-75,99
-75,100
-75,101
-75,102
-75,103
-75,104
-75,105
-75,106
-75,107
-75,108
-75,109
-75,110
-75,111
-75,112
-75,113
-75,114
-75,115
-75,116
-75,117
-75,118
-75,119
-75,120
-75,121
-75,122
-75,123
-75,124
-75,125
-75,126
-75,127
-75,128
-75,129
-75,130
-75,131
:85_1,132
:85_1,133
:85_1,134
:85_1,135
73,136
73,137
73,138
73,139
73,140
73,141
73,142
73,143
73,144
73,145
73,146
73,147
73,148
73,149
73,150
73,151
73,152
73,153
73,154
73,155
73,156
73,157
73,158
73,159
73,160
73,161
73,162
73,163
73,164
73,165
73,166
73,167
73,168
73,169
73,170
73,171
73,172
73,173
73,174
73,175
73,176
73,177
73,178
73,179
73,180
73,181
73,182
73,183
73,184
73,185
73,186
73,187
73,188
73,189
73,190
73,191
73,192
73,193
73,194
73,195
73,196
73,197
73,198
73,199
73,200
73,201
73,202
73,203
73,204
73,205
73,206
73,207
73,208
73,209
73,210
73,211
73,212
73,213
73,214
73,215
73,216
73,217
73,218
73,219
73,220
:86_0,221
:86_0,222
:86_0,223
:86_0,224
:86_0,225
130,226
130,227
130,228
130,229
130,230
130,231
130,232
130,233
130,234
130,235
130,236
130,237
130,238
130,239
130,240
130,241
130,242
130,243
130,244
130,245
130,246
130,247
130,248
130,249
130,250
130,251
130,252
130,253
130,254
130,255
130,256
130,257
130,258
130,259
130,260
-93,261
-93,262
-93,263
-93,264
-93,265
-93,266
-93,267
-93,268
-93,269
-93,270
-93,271
-93,272
-93,273
-93,274
-93,275
-93,276
-93,277
-93,278
-93,279
-93,280
-93,281
-93,282
-93,283
-93,284
-93,285
-93,286
-93,287
-93,288
-93,289
-93,290
-93,291
-93,292
-93,293
-93,294
-93,295
-93,296
-93,297
-93,298
-93,299
-93,300
-93,301
-93,302
-93,303
-93,304
-93,305
-93,306
-93,307
-93,308
-93,309
-93,310
-93,311
-93,312
-93,313
-93,314
-93,315
-93,316
-93,317
-93,318
-93,319
:105_0,320
:105_0,321
:105_0,322
:105_0,323
:105_0,324
-89,325
-89,326
-89,327
-89,328
-89,329
-89,330
-89,331
-89,332
-89,333
-89,334
-89,335
-89,336
-89,337
-89,338
-89,339
-89,340
-89,341
-89,342
-89,343
-89,344
-89,345
-89,346
-89,347
-89,348
-89,349
-89,350
-89,351
-89,352
-89,353
-89,354
-89,355
-89,356
-89,357
-89,358
-89,359
-89,360
-89,361
-89,362
-89,363
-89,364
-89,365
-89,366
-89,367
-89,368
-89,369
-89,370
-89,371
-89,372
-89,373
-89,374
-89,375
-89,376
-89,377
-89,378
-89,379
-89,380
-89,381
-89,382
-89,383
-89,384
-89,385
-89,386
-89,387
-89,388
-89,389
-89,390
-89,391
-89,392
-89,393
-89,394
-89,395
-89,396
-89,397
-89,398
-89,399
-89,400
-89,401
-89,402
-89,403
-89,404
:104_5,405
:104_5,406
:104_5,407
:104_5,408
:104_5,409
90,410
90,411
90,412
90,413
90,414
90,415
90,416
90,417
90,418
90,419
90,420
90,421
90,422
90,423
90,424
90,425
90,426
90,427
90,428
90,429
90,430
90,431
90,432
90,433
90,434
90,435
90,436
90,437
90,438
90,439
90,440
90,441
90,442
90,443
90,444
90,445
90,446
90,447
90,448
90,449
90,450
90,451
90,452
90,453
90,454
90,455
90,456
90,457
90,458
90,459
90,460
90,461
90,462
90,463
90,464
90,465
90,466
90,467
90,468
90,469
90,470
90,471
90,472
90,473
90,474
90,475
90,476
90,477
90,478
90,479
90,480
90,481
90,482
90,483
90,484
90,485
90,486
90,487
90,488
90,489
90,490
90,491
90,492
90,493
90,494
90,495
90,496
90,497
90,498
90,499
90,500
90,501
90,502
90,503
90,504
90,505
90,506
90,507
90,508
90,509
90,510
90,511
90,512
90,513
90,514
90,515
90,516
90,517
90,518
90,519
90,520
90,521
90,522
90,523
90,524
90,525
90,526
90,527
90,528
90,529
90,530
90,531
90,532
90,533
90,534
90,535
90,536
90,537
90,538
90,539
90,540
90,541
90,542
90,543
90,544
90,545
90,546
90,547
90,548
90,549
90,550
90,551
90,552
90,553
90,554
90,555
90,556
90,557
90,558
90,559
90,560
:106_0,561
:106_0,562
:106_0,563
:106_0,564
-325,565
-325,566
-325,567
-325,568
-325,569
-325,570
-325,571
-325,572
-325,573
-325,574
-325,575
-325,576
-325,577
-325,578
-325,579
-325,580
-325,581
-325,582
-325,583
-325,584
-325,585
-325,586
-325,587
-325,588
-325,589
-325,590
-325,591
-325,592
-325,593
-325,594
-325,595
-325,596
-325,597
-325,598
-325,599
-325,600
-325,601
-325,602
-325,603
-325,604
-325,605
-325,606
-325,607
-325,608
-325,609
-325,610
-325,611
-325,612
-325,613
-325,614
-325,615
-325,616
-325,617
-325,618
-325,619
-325,620
-325,621
-325,622
-325,623
-325,624
-325,625
-325,626
-325,627
-325,628
-325,629
-325,630
-325,631
-325,632
-325,633
-325,634
-325,635
-325,636
-325,637
-325,638
-325,639
-325,640
-325,641
-325,642
-325,643
-325,644
-325,645
-325,646
-325,647
-325,648
-325,649
-325,650
-325,651
-325,652
-325,653
-325,654
:246_1,655
:246_1,656
:246_1,657
:246_1,658
:246_1,659
-245,660
-245,661
-245,662
-245,663
-245,664
-245,665
-245,666
-245,667
-245,668
-245,669
-245,670
-245,671
-245,672
-245,673
-245,674
-245,675
-245,676
-245,677
-245,678
-245,679
-245,680
-245,681
-245,682
-245,683
-245,684
-245,685
-245,686
-245,687
-245,688
-245,689
-245,690
-245,691
-245,692
-245,693
-245,694
-245,695
-245,696
-245,697
-245,698
-245,699
-245,700
-245,701
-245,702
-245,703
-245,704
-245,705
-245,706
-245,707
-245,708
:215_5,709
:215_5,710
:215_5,711
:215_5,712
:215_5,713
-244,714
-244,715
-244,716
-244,717
-244,718
-244,719
-244,720
-244,721
-244,722
-244,723
-244,724
-244,725
-244,726
-244,727
-244,728
-244,729
-244,730
-244,731
-244,732
-244,733
-244,734
-244,735
-244,736
-244,737
-244,738
-244,739
-244,740
-244,741
-244,742
-244,743
-244,744
-244,745
-244,746
-244,747
-244,748
-244,749
-244,750
-244,751
-244,752
-244,753
-244,754
-244,755
-244,756
-244,757
-244,758
-244,759
-244,760
-244,761
-244,762
-244,763
-244,764
-244,765
-244,766
-244,767
-244,768
-244,769
-244,770
-244,771
-244,772
-244,773
-244,774
-244,775
-244,776
-244,777
-244,778
-244,779
-244,780
-244,781
-244,782
-244,783
-244,784
-244,785
-244,786
-244,787
-244,788
-244,789
-244,790
-244,791
-244,792
-244,793
-244,794
-244,795
-244,796
-244,797
-244,798
-244,799
-244,800
-244,801
-244,802
-244,803
-244,804
-244,805
-244,806
-244,807
-244,808
-244,809
-244,810
-244,811
-244,812
-244,813
-244,814
-244,815
-244,816
-244,817
-244,818
-244,819
-244,820
-244,821
-244,822
-244,823
-244,824
-244,825
-244,826
-244,827
-244,828
-244,829
-244,830
-244,831
-244,832
-244,833
-244,834
-244,835
-244,836
-244,837
-244,838
-244,839
-244,840
-244,841
-244,842
-244,843
-244,844
-244,845
-244,846
-244,847
-244,848
-244,849
-244,850
-244,851
-244,852
-244,853
-244,854
-244,855
-244,856
-244,857
-244,858
-244,859
-244,860
-244,861
-244,862
-244,863
-244,864
-244,865
-244,866
-244,867
-244,868
-244,869
-244,870
-244,871
-244,872
-244,873
:179_5,874
:179_5,875
:179_5,876
:179_5,877
:179_5,878
-243,879
-243,880
-243,881
-243,882
-243,883
-243,884
-243,885
-243,886
-243,887
-243,888
-243,889
-243,890
-243,891
-243,892
-243,893
-243,894
-243,895
-243,896
-243,897
-243,898
-243,899
-243,900
-243,901
-243,902
-243,903
-243,904
-243,905
-243,906
-243,907
-243,908
-243,909
-243,910
-243,911
-243,912
-243,913
-243,914
-243,915
-243,916
-243,917
-243,918
-243,919
-243,920
-243,921
-243,922
-243,923
-243,924
-243,925
-243,926
-243,927
-243,928
-243,929
-243,930
-243,931
-243,932
-243,933
-243,934
-243,935
-243,936
-243,937
-243,938
-243,939
-243,940
-243,941
-243,942
-243,943
-243,944
-243,945
-243,946
-243,947
:245_1,948
:245_1,949
:245_1,950
:245_1,951
:245_1,952
-242,953
-242,954
-242,955
-242,956
-242,957
-242,958
-242,959
-242,960
-242,961
-242,962
-242,963
-242,964
-242,965
-242,966
-242,967
-242,968
-242,969
-242,970
-242,971
-242,972
-242,973
-242,974
-242,975
-242,976
-242,977
-242,978
-242,979
-242,980
-242,981
-242,982
-242,983
-242,984
-242,985
-242,986
-242,987
-242,988
-242,989
-242,990
-242,991
-242,992
-242,993
-242,994
-242,995
-242,996
-242,997
-242,998
-242,999
-242,1000
-242,1001
-242,1002
-242,1003
-242,1004
-242,1005
-242,1006
-242,1007
-242,1008
-242,1009
-242,1010
-242,1011
-242,1012
-242,1013
-242,1014
-242,1015
-242,1016
-242,1017
-242,1018
-242,1019
-242,1020
-242,1021
-242,1022
-242,1023
-242,1024
-242,1025
-242,1026
-242,1027
-242,1028
-242,1029
-242,1030
-242,1031
-242,1032
-242,1033
-242,1034
-242,1035
-242,1036
-242,1037
-242,1038
-242,1039
-242,1040
-242,1041
-242,1042
-242,1043
-242,1044
-242,1045
-242,1046
-242,1047
-242,1048
:244_5,1049
:244_5,1050
:244_5,1051
:244_5,1052
:244_5,1053
437,1054
437,1055
437,1056
437,1057
437,1058
437,1059
437,1060
437,1061
437,1062
437,1063
437,1064
437,1065
437,1066
437,1067
437,1068
437,1069
437,1070
437,1071
437,1072
437,1073
437,1074
437,1075
437,1076
437,1077
437,1078
437,1079
437,1080
437,1081
437,1082
437,1083
437,1084
437,1085
437,1086
437,1087
437,1088
437,1089
437,1090
437,1091
437,1092
437,1093
437,1094
437,1095
437,1096
437,1097
437,1098
437,1099
437,1100
437,1101
437,1102
437,1103
437,1104
437,1105
437,1106
437,1107
437,1108
437,1109
437,1110
437,1111
437,1112
437,1113
437,1114
437,1115
437,1116
437,1117
437,1118
437,1119
437,1120
437,1121
437,1122
437,1123
437,1124
437,1125
437,1126
437,1127
437,1128
437,1129
437,1130
437,1131
437,1132
437,1133
437,1134
437,1135
437,1136
437,1137
437,1138
437,1139
437,1140
437,1141
437,1142
437,1143
437,1144
437,1145
437,1146
437,1147
437,1148
437,1149
437,1150
437,1151
437,1152
437,1153
437,1154
437,1155
437,1156
437,1157
437,1158
437,1159
437,1160
437,1161
437,1162
437,1163
437,1164
437,1165
437,1166
437,1167
437,1168
437,1169
437,1170
437,1171
437,1172
437,1173
437,1174
437,1175
437,1176
437,1177
437,1178
437,1179
437,1180
437,1181
437,1182
437,1183
437,1184
437,1185
437,1186
437,1187
437,1188
437,1189
437,1190
437,1191
437,1192
437,1193
437,1194
437,1195
437,1196
437,1197
437,1198
437,1199
437,1200
437,1201
437,1202
437,1203
437,1204
437,1205
437,1206
437,1207
437,1208
437,1209
437,1210
437,1211
437,1212
437,1213
437,1214
437,1215
437,1216
437,1217
437,1218
437,1219
437,1220
437,1221
437,1222
437,1223
437,1224
437,1225
437,1226
437,1227
437,1228
437,1229
437,1230
437,1231
437,1232
437,1233
437,1234
437,1235
437,1236
437,1237
437,1238
437,1239
437,1240
437,1241
437,1242
437,1243
437,1244
437,1245
437,1246
437,1247
437,1248
437,1249
437,1250
437,1251
437,1252
437,1253
437,1254
437,1255
437,1256
437,1257
437,1258
437,1259
437,1260
437,1261
437,1262
437,1263
437,1264
437,1265
437,1266
437,1267
437,1268
437,1269
437,1270
437,1271
437,1272
437,1273
437,1274
437,1275
437,1276
437,1277
437,1278
437,1279
437,1280
437,1281
437,1282
437,1283
437,1284
437,1285
437,1286
437,1287
437,1288
437,1289
437,1290
437,1291
437,1292
437,1293
437,1294
437,1295
437,1296
:381_5,1297
:381_5,1298
:381_5,1299
:381_5,1300
:381_5,1301
438,1302
438,1303
438,1304
438,1305
438,1306
438,1307
438,1308
438,1309
438,1310
438,1311
438,1312
438,1313
438,1314
438,1315
438,1316
438,1317
438,1318
438,1319
438,1320
438,1321
438,1322
438,1323
438,1324
438,1325
438,1326
438,1327
438,1328
438,1329
438,1330
438,1331
438,1332
438,1333
438,1334
438,1335
438,1336
438,1337
438,1338
438,1339
438,1340
438,1341
438,1342
438,1343
438,1344
438,1345
438,1346
438,1347
438,1348
438,1349
438,1350
438,1351
438,1352
438,1353
438,1354
438,1355
438,1356
438,1357
438,1358
438,1359
438,1360
438,1361
438,1362
438,1363
438,1364
438,1365
438,1366
438,1367
438,1368
438,1369
438,1370
438,1371
438,1372
438,1373
438,1374
438,1375
438,1376
438,1377
438,1378
438,1379
438,1380
438,1381
438,1382
438,1383
438,1384
438,1385
438,1386
438,1387
438,1388
438,1389
438,1390
438,1391
438,1392
438,1393
438,1394
438,1395
438,1396
438,1397
438,1398
438,1399
438,1400
438,1401
438,1402
438,1403
438,1404
438,1405
438,1406
438,1407
438,1408
438,1409
438,1410
438,1411
438,1412
438,1413
438,1414
438,1415
438,1416
438,1417
438,1418
438,1419
438,1420
438,1421
438,1422
438,1423
438,1424
438,1425
438,1426
438,1427
438,1428
438,1429
438,1430
438,1431
438,1432
438,1433
438,1434
438,1435
438,1436
438,1437
438,1438
438,1439
438,1440
:75_5,1441
:75_5,1442
:75_5,1443
:75_5,1444
:75_5,1445
:75_5,1446
-65,1447
-65,1448
-65,1449
-65,1450
-65,1451
-65,1452
-65,1453
-65,1454
-65,1455
-65,1456
-65,1457
-65,1458
-65,1459
-65,1460
-65,1461
-65,1462
-65,1463
-65,1464
-65,1465
-65,1466
-65,1467
-65,1468
-65,1469
-65,1470
-65,1471
-65,1472
-65,1473
-65,1474
-65,1475
-65,1476
-65,1477
-65,1478
-65,1479
-65,1480
-65,1481
-65,1482
-65,1483
-65,1484
-65,1485
-65,1486
-65,1487
-65,1488
-65,1489
-65,1490
-65,1491
-65,1492
-65,1493
-65,1494
-65,1495
-65,1496
-65,1497
-65,1498
-65,1499
-65,1500
-65,1501
-65,1502
-65,1503
-65,1504
-65,1505
-65,1506
-65,1507
-65,1508
-65,1509
-65,1510
-65,1511
-65,1512
-65,1513
-65,1514
-65,1515
-65,1516
-65,1517
-65,1518
-65,1519
-65,1520
-65,1521
-65,1522
-65,1523
-65,1524
-65,1525
-65,1526
-65,1527
-65,1528
-65,1529
-65,1530
-65,1531
-65,1532
-65,1533
-65,1534
-65,1535
-65,1536
-65,1537
-65,1538
-65,1539
-65,1540
-65,1541
-65,1542
-65,1543
-65,1544
-65,1545
-65,1546
-65,1547
-65,1548
-65,1549
-65,1550
-65,1551
-65,1552
-65,1553
-65,1554
-65,1555
-65,1556
-65,1557
-65,1558
-65,1559
-65,1560
-65,1561
-65,1562
-65,1563
-65,1564
-65,1565
-65,1566
-65,1567
-65,1568
-65,1569
-65,1570
-65,1571
-65,1572
-65,1573
-65,1574
-65,1575
-65,1576
-65,1577
-65,1578
-65,1579
-65,1580
-65,1581
-65,1582
-65,1583
-65,1584
-65,1585
-65,1586
-65,1587
-65,1588
:74_5,1589
:74_5,1590
:74_5,1591
:74_5,1592
:74_5,1593
-237,1594
-237,1595
-237,1596
-237,1597
-237,1598
-237,1599
-237,1600
-237,1601
-237,1602
-237,1603
-237,1604
-237,1605
-237,1606
-237,1607
-237,1608
-237,1609
-237,1610
-237,1611
-237,1612
-237,1613
-237,1614
-237,1615
-237,1616
-237,1617
-237,1618
-237,1619
-237,1620
-237,1621
-237,1622
-237,1623
-237,1624
-237,1625
-237,1626
-237,1627
-237,1628
-237,1629
-237,1630
-237,1631
-237,1632
-237,1633
-237,1634
-237,1635
-237,1636
-237,1637
-237,1638
-237,1639
-237,1640
-237,1641
-237,1642
-237,1643
-237,1644
-237,1645
-237,1646
-237,1647
-237,1648
-237,1649
-237,1650
-237,1651
-237,1652
-237,1653
-237,1654
-237,1655
-237,1656
-237,1657
-237,1658
-237,1659
-237,1660
-237,1661
-237,1662
-237,1663
-237,1664
-237,1665
-237,1666
-237,1667
-237,1668
-237,1669
-237,1670
-237,1671
-237,1672
-237,1673
-237,1674
-237,1675
-237,1676
-237,1677
-237,1678
-237,1679
-237,1680
-237,1681
-237,1682
-237,1683
-237,1684
-237,1685
-237,1686
-237,1687
-237,1688
-237,1689
-237,1690
-237,1691
-237,1692
-237,1693
-237,1694
-237,1695
-237,1696
-237,1697
-237,1698
-237,1699
-237,1700
-237,1701
-237,1702
-237,1703
-237,1704
-237,1705
-237,1706
-237,1707
-237,1708
-237,1709
-237,1710
-237,1711
-237,1712
-237,1713
-237,1714
-237,1715
-237,1716
-237,1717
-237,1718
-237,1719
-237,1720
-237,1721
-237,1722
-237,1723
-237,1724
-237,1725
-237,1726
-237,1727
-237,1728
-237,1729
-237,1730
-237,1731
-237,1732
-237,1733
-237,1734
-237,1735
-237,1736
-237,1737
-237,1738
-237,1739
-237,1740
-237,1741
-237,1742
-237,1743
-237,1744
-237,1745
-237,1746
-237,1747
-237,1748
-237,1749
-237,1750
-237,1751
-237,1752
-237,1753
-237,1754
-237,1755
-237,1756
-237,1757
-237,1758
-237,1759
-237,1760
-237,1761
-237,1762
-237,1763
-237,1764
:240_1,1765
:240_1,1766
:240_1,1767
:240_1,1768
:240_1,1769
-236,1770
-236,1771
-236,1772
-236,1773
-236,1774
-236,1775
-236,1776
-236,1777
-236,1778
-236,1779
-236,1780
-236,1781
-236,1782
-236,1783
-236,1784
-236,1785
-236,1786
-236,1787
-236,1788
-236,1789
-236,1790
-236,1791
-236,1792
-236,1793
-236,1794
-236,1795
-236,1796
-236,1797
-236,1798
-236,1799
-236,1800
-236,1801
-236,1802
-236,1803
-236,1804
-236,1805
-236,1806
-236,1807
-236,1808
-236,1809
-236,1810
-236,1811
-236,1812
-236,1813
-236,1814
-236,1815
-236,1816
-236,1817
-236,1818
-236,1819
-236,1820
-236,1821
-236,1822
-236,1823
-236,1824
-236,1825
-236,1826
-236,1827
-236,1828
-236,1829
-236,1830
-236,1831
-236,1832
-236,1833
-236,1834
-236,1835
-236,1836
-236,1837
-236,1838
-236,1839
-236,1840
-236,1841
-236,1842
-236,1843
-236,1844
-236,1845
-236,1846
-236,1847
-236,1848
-236,1849
-236,1850
-236,1851
-236,1852
-236,1853
-236,1854
-236,1855
-236,1856
-236,1857
-236,1858
-236,1859
-236,1860
-236,1861
-236,1862
-236,1863
-236,1864
-236,1865
-236,1866
-236,1867
-236,1868
-236,1869
-236,1870
-236,1871
-236,1872
-236,1873
-236,1874
-236,1875
-236,1876
-236,1877
-236,1878
-236,1879
-236,1880
-236,1881
-236,1882
-236,1883
-236,1884
-236,1885
:239_1,1886
:239_1,1887
:239_1,1888
:239_1,1889
:239_1,1890
239,1891
239,1892
239,1893
239,1894
239,1895
239,1896
239,1897
239,1898
239,1899
239,1900
239,1901
239,1902
239,1903
239,1904
239,1905
239,1906
239,1907
239,1908
239,1909
239,1910
239,1911
239,1912
239,1913
239,1914
239,1915
239,1916
239,1917
239,1918
239,1919
239,1920
239,1921
239,1922
239,1923
239,1924
239,1925
239,1926
239,1927
239,1928
239,1929
239,1930
239,1931
239,1932
239,1933
239,1934
239,1935
239,1936
239,1937
239,1938
239,1939
239,1940
239,1941
239,1942
239,1943
239,1944
239,1945
239,1946
239,1947
239,1948
239,1949
239,1950
239,1951
239,1952
239,1953
239,1954
239,1955
239,1956
239,1957
239,1958
239,1959
239,1960
239,1961
239,1962
239,1963
239,1964
239,1965
239,1966
239,1967
239,1968
239,1969
239,1970
239,1971
239,1972
239,1973
239,1974
239,1975
239,1976
239,1977
239,1978
239,1979
239,1980
239,1981
239,1982
239,1983
239,1984
239,1985
239,1986
239,1987
239,1988
239,1989
239,1990
239,1991
239,1992
239,1993
239,1994
239,1995
239,1996
239,1997
239,1998
239,1999
239,2000
