166,21
166,22
166,23
166,24
166,25
166,26
166,27
166,28
166,29
166,30
166,31
166,32
166,33
166,34
166,35
166,36
166,37
166,38
166,39
166,40
166,41
166,42
166,43
166,44
166,45
166,46
166,47
166,48
166,49
166,50
166,51
166,52
166,53
166,54
166,55
166,56
166,57
166,58
166,59
166,60
166,61
166,62
166,63
166,64
166,65
166,66
166,67
166,68
166,69
166,70
166,71
166,72
166,73
166,74
166,75
166,76
166,77
166,78
166,79
166,80
166,81
166,82
166,83
166,84
166,85
166,86
166,87
166,88
166,89
166,90
166,91
166,92
166,93
166,94
166,95
166,96
166,97
166,98
166,99
166,100
166,101
166,102
166,103
166,104
166,105
166,106
166,107
166,108
166,109
166,110
166,111
166,112
166,113
166,114
166,115
166,116
166,117
166,118
166,119
166,120
166,121
166,122
166,123
166,124
166,125
166,126
166,127
166,128
166,129
166,130
166,131
166,132
166,133
166,134
166,135
166,136
166,137
166,138
166,139
166,140
166,141
166,142
166,143
166,144
166,145
166,146
166,147
166,148
166,149
166,150
166,151
166,152
166,153
166,154
166,155
166,156
166,157
166,158
166,159
166,160
166,161
166,162
166,163
166,164
166,165
166,166
166,167
166,168
166,169
166,170
166,171
166,172
166,173
166,174
166,175
166,176
166,177
166,178
166,179
166,180
166,181
166,182
166,183
166,184
166,185
166,186
166,187
166,188
:143_8,189
:143_8,190
:143_8,191
406,192
406,193
406,194
406,195
406,196
406,197
406,198
406,199
406,200
406,201
406,202
406,203
406,204
406,205
406,206
406,207
406,208
406,209
406,210
406,211
406,212
406,213
406,214
406,215
406,216
406,217
406,218
406,219
406,220
406,221
406,222
406,223
406,224
406,225
406,226
406,227
406,228
406,229
406,230
406,231
406,232
406,233
406,234
406,235
406,236
406,237
406,238
406,239
406,240
406,241
406,242
406,243
406,244
406,245
406,246
406,247
406,248
406,249
406,250
406,251
406,252
406,253
406,254
406,255
406,256
406,257
406,258
406,259
406,260
406,261
406,262
406,263
406,264
406,265
406,266
406,267
406,268
406,269
406,270
406,271
406,272
406,273
406,274
406,275
406,276
406,277
406,278
406,279
406,280
406,281
406,282
406,283
406,284
406,285
406,286
406,287
406,288
406,289
406,290
406,291
406,292
406,293
406,294
406,295
406,296
406,297
406,298
406,299
406,300
406,301
406,302
406,303
406,304
406,305
406,306
406,307
406,308
406,309
406,310
406,311
406,312
406,313
406,314
406,315
406,316
406,317
406,318
406,319
406,320
406,321
406,322
406,323
406,324
406,325
406,326
406,327
406,328
406,329
406,330
406,331
406,332
406,333
406,334
406,335
406,336
406,337
406,338
406,339
406,340
406,341
406,342
406,343
406,344
406,345
406,346
406,347
406,348
406,349
406,350
406,351
406,352
406,353
406,354
406,355
:28_7,356
:28_7,357
:28_7,358
:28_7,359
:28_7,360
-24,361
-24,362
-24,363
-24,364
-24,365
-24,366
-24,367
-24,368
-24,369
-24,370
-24,371
-24,372
-24,373
-24,374
-24,375
-24,376
-24,377
-24,378
-24,379
-24,380
-24,381
-24,382
-24,383
-24,384
-24,385
-24,386
-24,387
-24,388
-24,389
-24,390
-24,391
-24,392
-24,393
-24,394
-24,395
-24,396
-24,397
-24,398
-24,399
-24,400
-24,401
-24,402
-24,403
-24,404
-24,405
-24,406
-24,407
-24,408
-24,409
-24,410
-24,411
-24,412
-24,413
-24,414
-24,415
-24,416
-24,417
-24,418
-24,419
-24,420
-24,421
-24,422
-24,423
-24,424
-24,425
-24,426
-24,427
-24,428
-24,429
-24,430
-24,431
-24,432
-24,433
-24,434
-24,435
-24,436
-24,437
-24,438
-24,439
-24,440
-24,441
:24_2,442
:24_2,443
:24_2,444
:24_2,445
:24_2,446
:24_2,447
:24_2,448
25,449
25,450
25,451
25,452
25,453
25,454
25,455
25,456
25,457
25,458
25,459
25,460
25,461
25,462
25,463
25,464
25,465
25,466
25,467
25,468
25,469
25,470
25,471
25,472
25,473
25,474
25,475
25,476
25,477
25,478
25,479
25,480
25,481
25,482
25,483
25,484
25,485
25,486
25,487
25,488
25,489
25,490
25,491
25,492
25,493
25,494
25,495
25,496
25,497
25,498
25,499
25,500
25,501
25,502
25,503
25,504
25,505
25,506
25,507
25,508
25,509
25,510
25,511
25,512
25,513
25,514
25,515
25,516
25,517
25,518
25,519
25,520
25,521
25,522
25,523
25,524
25,525
25,526
25,527
25,528
25,529
25,530
25,531
25,532
25,533
25,534
25,535
25,536
25,537
25,538
25,539
25,540
25,541
25,542
25,543
25,544
25,545
25,546
25,547
25,548
25,549
25,550
25,551
25,552
25,553
25,554
25,555
25,556
25,557
25,558
25,559
25,560
25,561
25,562
25,563
25,564
25,565
25,566
25,567
25,568
25,569
25,570
25,571
25,572
25,573
25,574
25,575
25,576
25,577
25,578
25,579
25,580
25,581
25,582
25,583
25,584
25,585
25,586
25,587
25,588
25,589
25,590
25,591
25,592
25,593
25,594
25,595
25,596
25,597
25,598
25,599
25,600
25,601
25,602
25,603
25,604
25,605
25,606
25,607
25,608
25,609
25,610
:29_13,611
:29_13,612
:29_13,613
:29_13,614
:29_13,615
:29_13,616
210,617
210,618
210,619
210,620
210,621
210,622
210,623
210,624
210,625
210,626
210,627
210,628
210,629
210,630
210,631
210,632
210,633
210,634
210,635
210,636
210,637
210,638
210,639
210,640
210,641
210,642
210,643
210,644
210,645
210,646
210,647
210,648
210,649
210,650
210,651
210,652
210,653
210,654
210,655
210,656
210,657
210,658
210,659
210,660
210,661
210,662
210,663
210,664
210,665
210,666
210,667
210,668
210,669
210,670
210,671
210,672
210,673
210,674
210,675
210,676
210,677
210,678
210,679
210,680
210,681
210,682
210,683
210,684
210,685
210,686
210,687
210,688
210,689
210,690
210,691
210,692
210,693
210,694
210,695
210,696
210,697
210,698
210,699
210,700
210,701
210,702
210,703
210,704
210,705
210,706
210,707
210,708
210,709
210,710
210,711
210,712
210,713
210,714
210,715
210,716
210,717
210,718
210,719
210,720
210,721
210,722
210,723
210,724
210,725
210,726
210,727
210,728
:16_6,729
:16_6,730
:16_6,731
:16_6,732
:16_6,733
:16_6,734
:16_6,735
-14,736
-14,737
-14,738
-14,739
-14,740
-14,741
-14,742
-14,743
-14,744
-14,745
-14,746
-14,747
-14,748
-14,749
-14,750
-14,751
-14,752
-14,753
-14,754
-14,755
-14,756
-14,757
-14,758
-14,759
-14,760
-14,761
-14,762
-14,763
-14,764
-14,765
-14,766
-14,767
-14,768
-14,769
-14,770
-14,771
-14,772
-14,773
-14,774
-14,775
-14,776
-14,777
-14,778
-14,779
-14,780
-14,781
-14,782
-14,783
-14,784
-14,785
-14,786
-14,787
-14,788
-14,789
-14,790
-14,791
-14,792
-14,793
-14,794
-14,795
-14,796
-14,797
-14,798
-14,799
-14,800
-14,801
-14,802
-14,803
-14,804
-14,805
-14,806
-14,807
-14,808
-14,809
-14,810
-14,811
-14,812
-14,813
-14,814
-14,815
-14,816
-14,817
-14,818
-14,819
-14,820
-14,821
-14,822
-14,823
-14,824
-14,825
-14,826
-14,827
-14,828
-14,829
-14,830
-14,831
-14,832
-14,833
-14,834
-14,835
-14,836
-14,837
-14,838
-14,839
-14,840
-14,841
-14,842
-14,843
-14,844
-14,845
-14,846
-14,847
-14,848
-14,849
-14,850
-14,851
-14,852
-14,853
-14,854
-14,855
-14,856
-14,857
-14,858
-14,859
-14,860
-14,861
:14_1,862
:14_1,863
:14_1,864
13,865
13,866
13,867
13,868
13,869
13,870
13,871
13,872
13,873
13,874
13,875
13,876
13,877
13,878
13,879
13,880
13,881
13,882
13,883
13,884
13,885
13,886
13,887
13,888
13,889
13,890
13,891
13,892
13,893
13,894
13,895
13,896
13,897
13,898
13,899
13,900
13,901
13,902
13,903
13,904
13,905
13,906
13,907
13,908
13,909
13,910
13,911
13,912
13,913
13,914
13,915
13,916
13,917
13,918
13,919
13,920
13,921
13,922
13,923
13,924
13,925
13,926
13,927
13,928
13,929
13,930
13,931
13,932
13,933
13,934
13,935
13,936
13,937
13,938
13,939
13,940
13,941
13,942
13,943
13,944
13,945
13,946
13,947
13,948
13,949
13,950
13,951
13,952
13,953
13,954
13,955
13,956
13,957
13,958
13,959
13,960
13,961
13,962
13,963
13,964
13,965
13,966
13,967
13,968
13,969
13,970
13,971
13,972
13,973
13,974
13,975
13,976
13,977
13,978
:15_3,979
:15_3,980
:15_3,981
:15_3,982
:15_3,983
:15_3,984
-375,985
-375,986
-375,987
-375,988
-375,989
-375,990
-375,991
-375,992
-375,993
-375,994
-375,995
-375,996
-375,997
-375,998
-375,999
-375,1000
-375,1001
-375,1002
-375,1003
-375,1004
-375,1005
-375,1006
-375,1007
-375,1008
-375,1009
-375,1010
-375,1011
-375,1012
-375,1013
-375,1014
-375,1015
-375,1016
-375,1017
-375,1018
-375,1019
-375,1020
-375,1021
-375,1022
-375,1023
-375,1024
-375,1025
-375,1026
-375,1027
-375,1028
-375,1029
-375,1030
-375,1031
-375,1032
-375,1033
-375,1034
-375,1035
-375,1036
-375,1037
-375,1038
-375,1039
-375,1040
-375,1041
-375,1042
-375,1043
-375,1044
-375,1045
-375,1046
-375,1047
-375,1048
-375,1049
-375,1050
-375,1051
-375,1052
-375,1053
-375,1054
-375,1055
-375,1056
-375,1057
-375,1058
-375,1059
-375,1060
-375,1061
-375,1062
-375,1063
-375,1064
-375,1065
-375,1066
-375,1067
-375,1068
-375,1069
-375,1070
-375,1071
-375,1072
-375,1073
-375,1074
-375,1075
-375,1076
-375,1077
-375,1078
-375,1079
-375,1080
-375,1081
-375,1082
-375,1083
-375,1084
-375,1085
-375,1086
-375,1087
-375,1088
-375,1089
-375,1090
-375,1091
-375,1092
-375,1093
-375,1094
-375,1095
-375,1096
-375,1097
-375,1098
-375,1099
-375,1100
-375,1101
-375,1102
-375,1103
-375,1104
-375,1105
:340_1,1106
-374,1107
-374,1108
-374,1109
-374,1110
-374,1111
-374,1112
-374,1113
-374,1114
-374,1115
-374,1116
-374,1117
-374,1118
-374,1119
-374,1120
-374,1121
-374,1122
-374,1123
-374,1124
-374,1125
-374,1126
-374,1127
-374,1128
-374,1129
-374,1130
-374,1131
-374,1132
-374,1133
-374,1134
-374,1135
-374,1136
-374,1137
-374,1138
-374,1139
-374,1140
-374,1141
-374,1142
-374,1143
-374,1144
-374,1145
-374,1146
-374,1147
-374,1148
-374,1149
-374,1150
-374,1151
-374,1152
-374,1153
-374,1154
-374,1155
-374,1156
-374,1157
-374,1158
-374,1159
-374,1160
-374,1161
-374,1162
-374,1163
-374,1164
-374,1165
-374,1166
-374,1167
-374,1168
-374,1169
-374,1170
-374,1171
-374,1172
-374,1173
-374,1174
-374,1175
-374,1176
-374,1177
-374,1178
-374,1179
-374,1180
-374,1181
-374,1182
-374,1183
-374,1184
-374,1185
-374,1186
-374,1187
-374,1188
-374,1189
-374,1190
-374,1191
-374,1192
:230_9,1193
:230_9,1194
:230_9,1195
:230_9,1196
:230_9,1197
:230_9,1198
-224,1199
-224,1200
-224,1201
-224,1202
-224,1203
-224,1204
-224,1205
-224,1206
-224,1207
-224,1208
-224,1209
-224,1210
-224,1211
-224,1212
-224,1213
-224,1214
-224,1215
-224,1216
-224,1217
-224,1218
-224,1219
-224,1220
-224,1221
-224,1222
-224,1223
-224,1224
-224,1225
-224,1226
-224,1227
-224,1228
-224,1229
-224,1230
-224,1231
-224,1232
-224,1233
-224,1234
-224,1235
-224,1236
-224,1237
-224,1238
-224,1239
-224,1240
-224,1241
-224,1242
-224,1243
-224,1244
-224,1245
-224,1246
-224,1247
-224,1248
-224,1249
-224,1250
-224,1251
-224,1252
-224,1253
-224,1254
-224,1255
-224,1256
-224,1257
-224,1258
-224,1259
-224,1260
-224,1261
-224,1262
-224,1263
-224,1264
-224,1265
-224,1266
-224,1267
-224,1268
-224,1269
-224,1270
-224,1271
-224,1272
-224,1273
:229_6,1274
:229_6,1275
:229_6,1276
:229_6,1277
:229_6,1278
-223,1279
-223,1280
-223,1281
-223,1282
-223,1283
-223,1284
-223,1285
-223,1286
-223,1287
-223,1288
-223,1289
-223,1290
-223,1291
-223,1292
-223,1293
-223,1294
-223,1295
-223,1296
-223,1297
-223,1298
-223,1299
-223,1300
-223,1301
-223,1302
-223,1303
-223,1304
-223,1305
-223,1306
-223,1307
-223,1308
-223,1309
-223,1310
-223,1311
-223,1312
-223,1313
-223,1314
-223,1315
-223,1316
-223,1317
-223,1318
-223,1319
-223,1320
-223,1321
-223,1322
-223,1323
-223,1324
-223,1325
-223,1326
-223,1327
-223,1328
-223,1329
-223,1330
-223,1331
-223,1332
-223,1333
-223,1334
-223,1335
-223,1336
-223,1337
-223,1338
-223,1339
-223,1340
-223,1341
-223,1342
-223,1343
-223,1344
-223,1345
-223,1346
-223,1347
-223,1348
-223,1349
-223,1350
-223,1351
-223,1352
-223,1353
-223,1354
-223,1355
-223,1356
-223,1357
-223,1358
-223,1359
-223,1360
-223,1361
-223,1362
-223,1363
-223,1364
-223,1365
-223,1366
-223,1367
-223,1368
:228_6,1369
:228_6,1370
:228_6,1371
:228_6,1372
:228_6,1373
:228_6,1374
:228_6,1375
-222,1376
-222,1377
-222,1378
-222,1379
-222,1380
-222,1381
-222,1382
-222,1383
-222,1384
-222,1385
-222,1386
-222,1387
-222,1388
-222,1389
-222,1390
-222,1391
-222,1392
-222,1393
-222,1394
-222,1395
-222,1396
-222,1397
-222,1398
-222,1399
-222,1400
-222,1401
-222,1402
-222,1403
-222,1404
-222,1405
-222,1406
-222,1407
-222,1408
-222,1409
-222,1410
-222,1411
-222,1412
-222,1413
-222,1414
-222,1415
-222,1416
-222,1417
-222,1418
-222,1419
-222,1420
-222,1421
-222,1422
-222,1423
-222,1424
-222,1425
-222,1426
-222,1427
-222,1428
-222,1429
-222,1430
-222,1431
-222,1432
-222,1433
-222,1434
-222,1435
-222,1436
-222,1437
-222,1438
-222,1439
-222,1440
-222,1441
-222,1442
-222,1443
-222,1444
-222,1445
-222,1446
-222,1447
-222,1448
-222,1449
-222,1450
-222,1451
-222,1452
-222,1453
-222,1454
-222,1455
-222,1456
-222,1457
-222,1458
-222,1459
-222,1460
-222,1461
-222,1462
-222,1463
-222,1464
-222,1465
-222,1466
-222,1467
-222,1468
-222,1469
-222,1470
-222,1471
-222,1472
-222,1473
-222,1474
-222,1475
-222,1476
-222,1477
-222,1478
-222,1479
-222,1480
-222,1481
-222,1482
-222,1483
-222,1484
-222,1485
-222,1486
-222,1487
-222,1488
-222,1489
-222,1490
-222,1491
-222,1492
-222,1493
-222,1494
-222,1495
-222,1496
-222,1497
-222,1498
-222,1499
-222,1500
-222,1501
-222,1502
-222,1503
-222,1504
-222,1505
-222,1506
-222,1507
-222,1508
-222,1509
-222,1510
-222,1511
-222,1512
-222,1513
-222,1514
-222,1515
-222,1516
-222,1517
-222,1518
-222,1519
-222,1520
-222,1521
-222,1522
-222,1523
-222,1524
-222,1525
-222,1526
-222,1527
-222,1528
-222,1529
-222,1530
-222,1531
-222,1532
-222,1533
-222,1534
-222,1535
-222,1536
-222,1537
-222,1538
-222,1539
-222,1540
-222,1541
-222,1542
-222,1543
-222,1544
-222,1545
-222,1546
-222,1547
-222,1548
-222,1549
-222,1550
-222,1551
-222,1552
-222,1553
-222,1554
-222,1555
-222,1556
-222,1557
-222,1558
-222,1559
-222,1560
-222,1561
-222,1562
-222,1563
-222,1564
-222,1565
-222,1566
-222,1567
-222,1568
-222,1569
-222,1570
-222,1571
-222,1572
-222,1573
-222,1574
-222,1575
-222,1576
-222,1577
-222,1578
-222,1579
-222,1580
-222,1581
-222,1582
-222,1583
-222,1584
-222,1585
-222,1586
-222,1587
-222,1588
-222,1589
:227_3,1590
:227_3,1591
:227_3,1592
:227_3,1593
:227_3,1594
:227_3,1595
225,1596
225,1597
225,1598
225,1599
225,1600
225,1601
225,1602
225,1603
225,1604
225,1605
225,1606
225,1607
225,1608
225,1609
225,1610
225,1611
225,1612
225,1613
225,1614
225,1615
225,1616
225,1617
225,1618
225,1619
225,1620
225,1621
225,1622
225,1623
225,1624
225,1625
225,1626
225,1627
225,1628
225,1629
225,1630
225,1631
225,1632
225,1633
225,1634
225,1635
225,1636
225,1637
225,1638
225,1639
225,1640
225,1641
225,1642
225,1643
225,1644
225,1645
225,1646
225,1647
225,1648
225,1649
225,1650
225,1651
225,1652
225,1653
225,1654
225,1655
225,1656
225,1657
225,1658
225,1659
225,1660
225,1661
225,1662
225,1663
225,1664
225,1665
225,1666
225,1667
225,1668
225,1669
225,1670
225,1671
225,1672
225,1673
225,1674
225,1675
225,1676
225,1677
225,1678
225,1679
225,1680
225,1681
225,1682
225,1683
225,1684
225,1685
225,1686
225,1687
225,1688
225,1689
225,1690
225,1691
225,1692
225,1693
225,1694
225,1695
225,1696
225,1697
225,1698
225,1699
225,1700
225,1701
225,1702
225,1703
225,1704
225,1705
225,1706
225,1707
225,1708
225,1709
225,1710
225,1711
225,1712
225,1713
225,1714
225,1715
225,1716
225,1717
225,1718
225,1719
225,1720
225,1721
225,1722
225,1723
225,1724
225,1725
225,1726
225,1727
225,1728
225,1729
225,1730
225,1731
225,1732
225,1733
225,1734
225,1735
225,1736
225,1737
225,1738
225,1739
225,1740
225,1741
225,1742
225,1743
225,1744
225,1745
225,1746
225,1747
225,1748
225,1749
225,1750
225,1751
225,1752
225,1753
225,1754
225,1755
225,1756
225,1757
225,1758
225,1759
225,1760
225,1761
225,1762
225,1763
225,1764
225,1765
225,1766
225,1767
225,1768
225,1769
225,1770
225,1771
:231_6,1772
:231_6,1773
:231_6,1774
:231_6,1775
:231_6,1776
:231_6,1777
-257,1778
-257,1779
-257,1780
-257,1781
-257,1782
-257,1783
-257,1784
-257,1785
-257,1786
-257,1787
-257,1788
-257,1789
-257,1790
-257,1791
-257,1792
-257,1793
-257,1794
-257,1795
-257,1796
-257,1797
-257,1798
-257,1799
-257,1800
-257,1801
-257,1802
-257,1803
-257,1804
-257,1805
-257,1806
-257,1807
-257,1808
-257,1809
-257,1810
-257,1811
-257,1812
-257,1813
-257,1814
-257,1815
-257,1816
-257,1817
-257,1818
-257,1819
-257,1820
-257,1821
-257,1822
-257,1823
-257,1824
-257,1825
-257,1826
-257,1827
-257,1828
-257,1829
-257,1830
-257,1831
-257,1832
-257,1833
-257,1834
-257,1835
-257,1836
-257,1837
-257,1838
-257,1839
-257,1840
-257,1841
-257,1842
-257,1843
-257,1844
-257,1845
-257,1846
-257,1847
-257,1848
-257,1849
-257,1850
-257,1851
-257,1852
-257,1853
-257,1854
-257,1855
-257,1856
-257,1857
-257,1858
-257,1859
-257,1860
-257,1861
-257,1862
-257,1863
-257,1864
-257,1865
-257,1866
-257,1867
-257,1868
-257,1869
-257,1870
-257,1871
-257,1872
-257,1873
-257,1874
-257,1875
-257,1876
-257,1877
-257,1878
-257,1879
-257,1880
-257,1881
-257,1882
-257,1883
-257,1884
-257,1885
-257,1886
-257,1887
-257,1888
-257,1889
-257,1890
-257,1891
-257,1892
-257,1893
-257,1894
-257,1895
-257,1896
-257,1897
-257,1898
-257,1899
-257,1900
-257,1901
-257,1902
-257,1903
-257,1904
-257,1905
-257,1906
-257,1907
-257,1908
-257,1909
-257,1910
-257,1911
-257,1912
-257,1913
-257,1914
-257,1915
-257,1916
-257,1917
-257,1918
-257,1919
-257,1920
-257,1921
-257,1922
-257,1923
-257,1924
-257,1925
-257,1926
-257,1927
-257,1928
-257,1929
-257,1930
-257,1931
-257,1932
-257,1933
-257,1934
-257,1935
-257,1936
-257,1937
-257,1938
-257,1939
-257,1940
-257,1941
-257,1942
-257,1943
-257,1944
-257,1945
-257,1946
-257,1947
-257,1948
-257,1949
-257,1950
-257,1951
-257,1952
-257,1953
-257,1954
-257,1955
-257,1956
-257,1957
-257,1958
-257,1959
-257,1960
-257,1961
-257,1962
-257,1963
-257,1964
-257,1965
-257,1966
-257,1967
-257,1968
-257,1969
-257,1970
-257,1971
-257,1972
-257,1973
-257,1974
-257,1975
-257,1976
-257,1977
-257,1978
-257,1979
-257,1980
-257,1981
-257,1982
-257,1983
:21_6,1984
:21_6,1985
:21_6,1986
:21_6,1987
:21_6,1988
:21_6,1989
-18,1990
-18,1991
-18,1992
-18,1993
-18,1994
-18,1995
-18,1996
-18,1997
-18,1998
-18,1999
-18,2000
