-41,1
-41,2
-41,3
-41,4
-41,5
-41,6
-41,7
-41,8
-41,9
-41,10
-41,11
-41,12
-41,13
-41,14
-41,15
-41,16
-41,17
-41,18
-41,19
-41,20
-41,21
-41,22
-41,23
-41,24
-41,25
-41,26
-41,27
-41,28
-41,29
-41,30
-41,31
-41,32
-41,33
-41,34
-41,35
-41,36
-41,37
-41,38
-41,39
-41,40
-41,41
-41,42
-41,43
-41,44
-41,45
-41,46
-41,47
-41,48
-41,49
-41,50
-41,51
-41,52
-41,53
-41,54
-41,55
-41,56
-41,57
-41,58
-41,59
-41,60
-41,61
-41,62
-41,63
-41,64
-41,65
-41,66
-41,67
-41,68
-41,69
-41,70
-41,71
-41,72
-41,73
-41,74
-41,75
-41,76
-41,77
-41,78
-41,79
-41,80
-41,81
-41,82
-41,83
-41,84
-41,85
-41,86
-41,87
-41,88
-41,89
-41,90
-41,91
-41,92
-41,93
-41,94
-41,95
-41,96
-41,97
-41,98
-41,99
-41,100
-41,101
-41,102
-41,103
-41,104
-41,105
-41,106
-41,107
-41,108
-41,109
-41,110
-41,111
-41,112
-41,113
-41,114
-41,115
-41,116
-41,117
-41,118
-41,119
-41,120
-41,121
-41,122
-41,123
-41,124
-41,125
-41,126
-41,127
-41,128
-41,129
-41,130
-41,131
-41,132
-41,133
-41,134
-41,135
-41,136
-41,137
-41,138
-41,139
-41,140
-41,141
-41,142
-41,143
-41,144
-41,145
-41,146
-41,147
-41,148
-41,149
-41,150
-41,151
-41,152
-41,153
-41,154
-41,155
-41,156
-41,157
-41,158
-41,159
-41,160
-41,161
-41,162
-41,163
-41,164
-41,165
-41,166
-41,167
-41,168
-41,169
-41,170
-41,171
-41,172
-41,173
-41,174
-41,175
-41,176
-41,177
-41,178
-41,179
-41,180
-41,181
-41,182
-41,183
-41,184
-41,185
-41,186
-41,187
-41,188
-41,189
-41,190
-41,191
-41,192
-41,193
-41,194
-41,195
-41,196
-41,197
-41,198
-41,199
-41,200
-41,201
-41,202
-41,203
-41,204
-41,205
-41,206
-41,207
-41,208
-41,209
-41,210
-41,211
-41,212
-41,213
-41,214
-41,215
-41,216
-41,217
-41,218
-41,219
-41,220
-41,221
-41,222
-41,223
-41,224
-41,225
-41,226
-41,227
-41,228
-41,229
-41,230
-41,231
-41,232
-41,233
-41,234
-41,235
-41,236
-41,237
-41,238
-41,239
-41,240
-41,241
-41,242
-41,243
-41,244
-41,245
-41,246
-41,247
-41,248
-41,249
-41,250
-41,251
-41,252
-41,253
-41,254
-41,255
-41,256
-41,257
-41,258
-41,259
-41,260
-41,261
-41,262
-41,263
-41,264
-41,265
-41,266
-41,267
-41,268
-41,269
-41,270
-41,271
-41,272
-41,273
-41,274
-41,275
-41,276
-41,277
-41,278
-41,279
-41,280
-41,281
-41,282
-41,283
-41,284
-41,285
-41,286
-41,287
-41,288
-41,289
-41,290
-41,291
-41,292
-41,293
-41,294
-41,295
-41,296
-41,297
-41,298
-41,299
-41,300
-41,301
-41,302
-41,303
-41,304
-41,305
-41,306
-41,307
-41,308
-41,309
-41,310
-41,311
-41,312
-41,313
-41,314
-41,315
-41,316
-41,317
-41,318
-41,319
-41,320
-41,321
-41,322
-41,323
-41,324
-41,325
-41,326
-41,327
-41,328
-41,329
-41,330
-41,331
-41,332
-41,333
-41,334
-41,335
-41,336
-41,337
-41,338
-41,339
-41,340
-41,341
-41,342
-41,343
-41,344
-41,345
-41,346
-41,347
-41,348
-41,349
-41,350
-41,351
-41,352
-41,353
-41,354
-41,355
-41,356
-41,357
-41,358
-41,359
-41,360
-41,361
-41,362
-41,363
-41,364
-41,365
-41,366
-41,367
-41,368
-41,369
-41,370
-41,371
-41,372
-41,373
-41,374
:48_1,375
:48_1,376
:48_1,377
:48_1,378
:48_1,379
42,380
42,381
42,382
42,383
42,384
42,385
42,386
42,387
42,388
42,389
42,390
42,391
42,392
42,393
42,394
42,395
42,396
42,397
42,398
42,399
42,400
42,401
42,402
42,403
42,404
42,405
42,406
42,407
42,408
42,409
42,410
42,411
42,412
42,413
42,414
42,415
42,416
42,417
42,418
42,419
42,420
42,421
42,422
42,423
42,424
42,425
42,426
42,427
42,428
42,429
42,430
42,431
42,432
42,433
42,434
42,435
42,436
42,437
42,438
42,439
42,440
42,441
42,442
42,443
42,444
42,445
42,446
42,447
42,448
42,449
42,450
42,451
42,452
42,453
42,454
42,455
42,456
42,457
42,458
42,459
42,460
42,461
42,462
42,463
42,464
42,465
42,466
42,467
42,468
42,469
42,470
42,471
42,472
42,473
42,474
42,475
42,476
42,477
42,478
42,479
42,480
42,481
42,482
42,483
42,484
42,485
42,486
:44_1,487
:44_1,488
:44_1,489
:44_1,490
-36,491
-36,492
-36,493
-36,494
-36,495
-36,496
-36,497
-36,498
-36,499
-36,500
-36,501
-36,502
-36,503
-36,504
-36,505
-36,506
-36,507
-36,508
-36,509
-36,510
-36,511
-36,512
-36,513
-36,514
-36,515
-36,516
-36,517
-36,518
-36,519
-36,520
-36,521
-36,522
-36,523
-36,524
-36,525
-36,526
-36,527
-36,528
-36,529
-36,530
-36,531
-36,532
-36,533
-36,534
-36,535
-36,536
-36,537
-36,538
-36,539
-36,540
-36,541
-36,542
-36,543
-36,544
-36,545
-36,546
-36,547
-36,548
-36,549
-36,550
-36,551
-36,552
-36,553
-36,554
-36,555
-36,556
-36,557
-36,558
-36,559
-36,560
-36,561
-36,562
-36,563
-36,564
-36,565
-36,566
-36,567
-36,568
-36,569
-36,570
-36,571
-36,572
-36,573
-36,574
-36,575
-36,576
-36,577
-36,578
-36,579
-36,580
-36,581
-36,582
-36,583
-36,584
-36,585
-36,586
-36,587
-36,588
-36,589
-36,590
-36,591
-36,592
-36,593
-36,594
-36,595
-36,596
-36,597
-36,598
-36,599
-36,600
-36,601
-36,602
-36,603
-36,604
-36,605
-36,606
-36,607
-36,608
-36,609
-36,610
-36,611
-36,612
-36,613
:43_1,614
:43_1,615
:43_1,616
:43_1,617
:43_1,618
37,619
37,620
37,621
37,622
37,623
37,624
37,625
37,626
37,627
37,628
37,629
37,630
37,631
37,632
37,633
37,634
37,635
37,636
37,637
37,638
37,639
37,640
37,641
37,642
37,643
37,644
37,645
37,646
37,647
37,648
37,649
37,650
37,651
37,652
37,653
37,654
37,655
37,656
37,657
37,658
37,659
37,660
37,661
37,662
37,663
37,664
37,665
37,666
37,667
37,668
37,669
37,670
37,671
37,672
37,673
37,674
37,675
37,676
37,677
37,678
37,679
37,680
37,681
37,682
37,683
37,684
37,685
37,686
37,687
37,688
37,689
37,690
37,691
37,692
37,693
37,694
37,695
37,696
37,697
37,698
37,699
37,700
37,701
37,702
37,703
37,704
37,705
37,706
37,707
37,708
37,709
37,710
37,711
37,712
37,713
37,714
37,715
37,716
37,717
37,718
37,719
37,720
37,721
37,722
37,723
37,724
37,725
37,726
37,727
:45_21,728
:45_21,729
:45_21,730
:45_21,731
:45_21,732
:45_21,733
:45_21,734
:45_21,735
:45_21,736
:45_21,737
208,738
208,739
208,740
208,741
208,742
208,743
208,744
208,745
208,746
208,747
208,748
208,749
208,750
208,751
208,752
208,753
208,754
208,755
208,756
208,757
208,758
208,759
208,760
208,761
208,762
208,763
208,764
208,765
208,766
208,767
208,768
208,769
208,770
208,771
208,772
208,773
208,774
208,775
208,776
208,777
208,778
208,779
208,780
208,781
208,782
208,783
208,784
208,785
208,786
208,787
208,788
208,789
208,790
208,791
208,792
208,793
208,794
208,795
208,796
208,797
208,798
208,799
208,800
208,801
208,802
208,803
208,804
208,805
208,806
208,807
208,808
208,809
208,810
208,811
208,812
208,813
208,814
208,815
208,816
208,817
208,818
208,819
208,820
208,821
208,822
208,823
208,824
208,825
208,826
208,827
208,828
208,829
208,830
208,831
208,832
208,833
208,834
208,835
208,836
208,837
208,838
208,839
208,840
208,841
208,842
208,843
208,844
208,845
208,846
208,847
208,848
208,849
208,850
208,851
208,852
208,853
208,854
208,855
208,856
208,857
208,858
208,859
208,860
208,861
208,862
208,863
208,864
208,865
208,866
208,867
208,868
208,869
208,870
208,871
208,872
208,873
208,874
208,875
208,876
208,877
208,878
208,879
:215_1,880
:215_1,881
:215_1,882
:215_1,883
:215_1,884
401,885
401,886
401,887
401,888
401,889
401,890
401,891
401,892
401,893
401,894
401,895
401,896
401,897
401,898
401,899
401,900
401,901
401,902
401,903
401,904
401,905
401,906
401,907
401,908
401,909
401,910
401,911
401,912
401,913
401,914
401,915
401,916
401,917
401,918
401,919
401,920
401,921
401,922
401,923
401,924
401,925
401,926
401,927
401,928
401,929
401,930
401,931
401,932
401,933
401,934
401,935
401,936
401,937
401,938
401,939
401,940
401,941
401,942
401,943
401,944
401,945
401,946
401,947
401,948
401,949
401,950
401,951
401,952
401,953
401,954
401,955
401,956
401,957
401,958
401,959
401,960
401,961
401,962
401,963
401,964
401,965
401,966
401,967
401,968
401,969
401,970
401,971
401,972
401,973
401,974
401,975
401,976
401,977
401,978
401,979
401,980
401,981
401,982
401,983
401,984
401,985
401,986
401,987
401,988
401,989
401,990
401,991
401,992
401,993
401,994
401,995
401,996
401,997
401,998
401,999
401,1000
401,1001
401,1002
401,1003
401,1004
401,1005
401,1006
401,1007
401,1008
401,1009
401,1010
401,1011
401,1012
401,1013
401,1014
401,1015
401,1016
401,1017
401,1018
401,1019
401,1020
401,1021
401,1022
401,1023
401,1024
401,1025
401,1026
401,1027
401,1028
401,1029
401,1030
401,1031
401,1032
401,1033
401,1034
401,1035
401,1036
401,1037
401,1038
401,1039
401,1040
401,1041
401,1042
401,1043
401,1044
401,1045
401,1046
401,1047
401,1048
401,1049
401,1050
401,1051
401,1052
401,1053
401,1054
401,1055
401,1056
401,1057
401,1058
401,1059
401,1060
401,1061
401,1062
401,1063
401,1064
401,1065
401,1066
401,1067
401,1068
401,1069
401,1070
401,1071
401,1072
401,1073
401,1074
401,1075
:143_13,1076
:143_13,1077
:143_13,1078
:143_13,1079
:143_13,1080
:143_13,1081
406,1082
406,1083
406,1084
406,1085
406,1086
406,1087
406,1088
406,1089
406,1090
406,1091
406,1092
406,1093
406,1094
406,1095
406,1096
406,1097
406,1098
406,1099
406,1100
406,1101
406,1102
406,1103
406,1104
406,1105
406,1106
406,1107
406,1108
406,1109
406,1110
406,1111
406,1112
406,1113
406,1114
406,1115
406,1116
406,1117
406,1118
406,1119
406,1120
406,1121
406,1122
406,1123
406,1124
406,1125
406,1126
406,1127
406,1128
406,1129
406,1130
406,1131
406,1132
406,1133
406,1134
406,1135
406,1136
406,1137
406,1138
406,1139
406,1140
406,1141
406,1142
406,1143
406,1144
406,1145
406,1146
406,1147
406,1148
406,1149
406,1150
406,1151
406,1152
406,1153
406,1154
406,1155
406,1156
406,1157
406,1158
406,1159
406,1160
406,1161
406,1162
406,1163
406,1164
406,1165
406,1166
406,1167
406,1168
406,1169
406,1170
406,1171
406,1172
406,1173
406,1174
406,1175
406,1176
406,1177
406,1178
406,1179
406,1180
406,1181
406,1182
406,1183
406,1184
406,1185
406,1186
406,1187
406,1188
406,1189
406,1190
406,1191
406,1192
406,1193
406,1194
406,1195
406,1196
406,1197
406,1198
406,1199
406,1200
406,1201
406,1202
406,1203
406,1204
406,1205
406,1206
406,1207
406,1208
406,1209
406,1210
406,1211
406,1212
406,1213
406,1214
406,1215
406,1216
406,1217
406,1218
406,1219
406,1220
406,1221
406,1222
406,1223
406,1224
406,1225
406,1226
406,1227
406,1228
406,1229
406,1230
406,1231
406,1232
406,1233
406,1234
406,1235
406,1236
406,1237
406,1238
406,1239
406,1240
406,1241
406,1242
406,1243
406,1244
406,1245
406,1246
406,1247
406,1248
406,1249
406,1250
406,1251
406,1252
406,1253
406,1254
406,1255
406,1256
406,1257
406,1258
406,1259
406,1260
406,1261
406,1262
406,1263
406,1264
406,1265
406,1266
406,1267
406,1268
406,1269
406,1270
406,1271
406,1272
406,1273
406,1274
406,1275
406,1276
406,1277
406,1278
406,1279
406,1280
406,1281
406,1282
406,1283
406,1284
406,1285
406,1286
406,1287
406,1288
406,1289
:28_6,1290
:28_6,1291
:28_6,1292
:28_6,1293
:28_6,1294
429,1295
429,1296
429,1297
429,1298
429,1299
429,1300
429,1301
429,1302
429,1303
429,1304
429,1305
429,1306
429,1307
429,1308
429,1309
429,1310
429,1311
429,1312
429,1313
429,1314
429,1315
429,1316
429,1317
429,1318
429,1319
429,1320
429,1321
429,1322
429,1323
429,1324
429,1325
429,1326
429,1327
429,1328
429,1329
429,1330
429,1331
429,1332
429,1333
429,1334
429,1335
429,1336
429,1337
429,1338
429,1339
429,1340
429,1341
429,1342
429,1343
429,1344
429,1345
429,1346
429,1347
429,1348
429,1349
429,1350
429,1351
429,1352
429,1353
429,1354
429,1355
429,1356
429,1357
429,1358
429,1359
429,1360
429,1361
429,1362
429,1363
429,1364
429,1365
429,1366
429,1367
429,1368
429,1369
429,1370
429,1371
429,1372
429,1373
429,1374
429,1375
429,1376
429,1377
429,1378
429,1379
429,1380
429,1381
429,1382
429,1383
429,1384
429,1385
429,1386
429,1387
429,1388
429,1389
429,1390
429,1391
429,1392
429,1393
429,1394
429,1395
429,1396
429,1397
429,1398
429,1399
429,1400
429,1401
429,1402
429,1403
429,1404
429,1405
429,1406
429,1407
429,1408
429,1409
429,1410
429,1411
429,1412
429,1413
429,1414
429,1415
429,1416
429,1417
429,1418
429,1419
429,1420
429,1421
429,1422
429,1423
429,1424
429,1425
:23_0,1426
:23_0,1427
:23_0,1428
:23_0,1429
:23_0,1430
:23_0,1431
:23_0,1432
-19,1433
-19,1434
-19,1435
-19,1436
-19,1437
-19,1438
-19,1439
-19,1440
-19,1441
-19,1442
-19,1443
-19,1444
-19,1445
-19,1446
-19,1447
-19,1448
-19,1449
-19,1450
-19,1451
-19,1452
-19,1453
-19,1454
-19,1455
-19,1456
-19,1457
-19,1458
-19,1459
-19,1460
-19,1461
-19,1462
-19,1463
-19,1464
-19,1465
-19,1466
-19,1467
-19,1468
-19,1469
-19,1470
-19,1471
-19,1472
-19,1473
-19,1474
-19,1475
-19,1476
-19,1477
-19,1478
-19,1479
-19,1480
-19,1481
-19,1482
-19,1483
-19,1484
-19,1485
-19,1486
-19,1487
-19,1488
-19,1489
-19,1490
-19,1491
-19,1492
-19,1493
-19,1494
-19,1495
-19,1496
-19,1497
-19,1498
-19,1499
-19,1500
-19,1501
-19,1502
-19,1503
-19,1504
-19,1505
-19,1506
-19,1507
-19,1508
-19,1509
-19,1510
-19,1511
-19,1512
-19,1513
-19,1514
-19,1515
-19,1516
-19,1517
-19,1518
-19,1519
-19,1520
-19,1521
-19,1522
-19,1523
-19,1524
-19,1525
-19,1526
-19,1527
-19,1528
-19,1529
-19,1530
-19,1531
-19,1532
-19,1533
-19,1534
-19,1535
-19,1536
-19,1537
:22_0,1538
:22_0,1539
:22_0,1540
22,1541
22,1542
22,1543
22,1544
22,1545
22,1546
22,1547
22,1548
22,1549
22,1550
22,1551
22,1552
22,1553
22,1554
22,1555
22,1556
22,1557
22,1558
22,1559
22,1560
22,1561
22,1562
22,1563
22,1564
22,1565
22,1566
22,1567
22,1568
22,1569
22,1570
22,1571
22,1572
22,1573
22,1574
22,1575
22,1576
22,1577
22,1578
22,1579
22,1580
22,1581
22,1582
22,1583
22,1584
22,1585
22,1586
22,1587
22,1588
22,1589
22,1590
22,1591
22,1592
22,1593
22,1594
22,1595
22,1596
22,1597
22,1598
22,1599
22,1600
22,1601
22,1602
22,1603
22,1604
22,1605
22,1606
22,1607
22,1608
22,1609
22,1610
22,1611
22,1612
22,1613
22,1614
22,1615
22,1616
22,1617
22,1618
22,1619
22,1620
22,1621
22,1622
22,1623
22,1624
22,1625
22,1626
22,1627
22,1628
22,1629
22,1630
22,1631
22,1632
22,1633
22,1634
22,1635
22,1636
22,1637
22,1638
22,1639
22,1640
22,1641
22,1642
22,1643
22,1644
22,1645
22,1646
22,1647
22,1648
22,1649
22,1650
22,1651
22,1652
22,1653
22,1654
22,1655
22,1656
22,1657
22,1658
22,1659
22,1660
22,1661
22,1662
22,1663
22,1664
22,1665
22,1666
22,1667
22,1668
22,1669
22,1670
22,1671
22,1672
22,1673
22,1674
