538,1
538,2
538,3
538,4
538,5
538,6
538,7
538,8
538,9
538,10
538,11
538,12
538,13
538,14
538,15
538,16
538,17
538,18
538,19
538,20
538,21
538,22
538,23
538,24
538,25
538,26
538,27
538,28
538,29
538,30
538,31
538,32
538,33
538,34
538,35
538,36
538,37
538,38
538,39
538,40
538,41
538,42
538,43
538,44
538,45
538,46
538,47
538,48
538,49
538,50
538,51
538,52
538,53
538,54
538,55
538,56
538,57
538,58
538,59
538,60
538,61
538,62
538,63
538,64
538,65
538,66
538,67
538,68
538,69
538,70
538,71
538,72
538,73
538,74
538,75
538,76
538,77
538,78
538,79
538,80
538,81
538,82
538,83
538,84
538,85
538,86
538,87
538,88
538,89
538,90
538,91
538,92
538,93
538,94
538,95
538,96
538,97
538,98
538,99
538,100
538,101
538,102
538,103
538,104
538,105
538,106
538,107
:117_0,108
:117_0,109
:117_0,110
:117_0,111
-100,112
-100,113
-100,114
-100,115
-100,116
-100,117
-100,118
-100,119
-100,120
-100,121
-100,122
-100,123
-100,124
-100,125
-100,126
-100,127
-100,128
-100,129
-100,130
-100,131
-100,132
-100,133
-100,134
-100,135
-100,136
-100,137
-100,138
-100,139
-100,140
-100,141
-100,142
-100,143
-100,144
-100,145
-100,146
-100,147
-100,148
-100,149
-100,150
-100,151
-100,152
-100,153
-100,154
-100,155
-100,156
-100,157
-100,158
-100,159
-100,160
-100,161
-100,162
-100,163
-100,164
-100,165
-100,166
-100,167
-100,168
-100,169
-100,170
-100,171
-100,172
-100,173
-100,174
-100,175
-100,176
-100,177
-100,178
-100,179
-100,180
-100,181
-100,182
-100,183
-100,184
-100,185
-100,186
-100,187
-100,188
-100,189
-100,190
-100,191
-100,192
-100,193
-100,194
-100,195
-100,196
-100,197
-100,198
-100,199
-100,200
-100,201
-100,202
-100,203
-100,204
-100,205
-100,206
-100,207
-100,208
-100,209
-100,210
-100,211
-100,212
-100,213
-100,214
-100,215
-100,216
-100,217
-100,218
-100,219
-100,220
-100,221
-100,222
-100,223
-100,224
-100,225
-100,226
-100,227
-100,228
-100,229
-100,230
-100,231
-100,232
-100,233
-100,234
-100,235
-100,236
-100,237
-100,238
-100,239
-100,240
-100,241
-100,242
-100,243
-100,244
-100,245
-100,246
-100,247
-100,248
-100,249
-100,250
-100,251
-100,252
-100,253
-100,254
-100,255
-100,256
-100,257
-100,258
-100,259
-100,260
-100,261
-100,262
-100,263
-100,264
-100,265
-100,266
-100,267
-100,268
-100,269
-100,270
-100,271
-100,272
-100,273
-100,274
-100,275
-100,276
-100,277
-100,278
-100,279
-100,280
-100,281
-100,282
-100,283
-100,284
-100,285
-100,286
-100,287
-100,288
-100,289
-100,290
-100,291
-100,292
-100,293
-100,294
-100,295
-100,296
-100,297
-100,298
-100,299
-100,300
-100,301
-100,302
-100,303
-100,304
-100,305
-100,306
-100,307
-100,308
-100,309
-100,310
-100,311
-100,312
-100,313
-100,314
:116_0,315
:116_0,316
:116_0,317
:116_0,318
:116_0,319
-99,320
-99,321
-99,322
-99,323
-99,324
-99,325
-99,326
-99,327
-99,328
-99,329
-99,330
-99,331
-99,332
-99,333
-99,334
-99,335
-99,336
-99,337
-99,338
-99,339
-99,340
-99,341
-99,342
-99,343
-99,344
-99,345
-99,346
-99,347
-99,348
-99,349
-99,350
-99,351
-99,352
-99,353
-99,354
-99,355
-99,356
-99,357
-99,358
-99,359
-99,360
-99,361
-99,362
-99,363
-99,364
-99,365
-99,366
-99,367
-99,368
-99,369
-99,370
-99,371
-99,372
-99,373
-99,374
-99,375
-99,376
-99,377
-99,378
-99,379
-99,380
-99,381
-99,382
-99,383
-99,384
-99,385
-99,386
-99,387
-99,388
-99,389
-99,390
-99,391
-99,392
-99,393
-99,394
-99,395
-99,396
-99,397
-99,398
-99,399
-99,400
-99,401
-99,402
-99,403
-99,404
-99,405
-99,406
-99,407
-99,408
-99,409
-99,410
-99,411
-99,412
-99,413
-99,414
-99,415
-99,416
-99,417
-99,418
-99,419
-99,420
-99,421
-99,422
-99,423
-99,424
-99,425
-99,426
-99,427
-99,428
-99,429
-99,430
-99,431
-99,432
-99,433
-99,434
-99,435
-99,436
-99,437
-99,438
-99,439
-99,440
-99,441
-99,442
-99,443
-99,444
-99,445
-99,446
-99,447
-99,448
-99,449
-99,450
-99,451
-99,452
-99,453
-99,454
-99,455
-99,456
-99,457
-99,458
-99,459
-99,460
-99,461
-99,462
-99,463
-99,464
-99,465
-99,466
-99,467
-99,468
-99,469
-99,470
-99,471
-99,472
-99,473
:115_0,474
:115_0,475
:115_0,476
:115_0,477
:115_0,478
:115_0,479
102,480
102,481
102,482
102,483
102,484
102,485
102,486
102,487
102,488
102,489
102,490
102,491
102,492
102,493
102,494
102,495
102,496
102,497
102,498
102,499
102,500
102,501
102,502
102,503
102,504
102,505
102,506
102,507
102,508
102,509
102,510
102,511
102,512
102,513
102,514
102,515
102,516
102,517
102,518
102,519
102,520
102,521
102,522
102,523
102,524
102,525
102,526
102,527
102,528
102,529
102,530
102,531
102,532
102,533
102,534
102,535
102,536
102,537
102,538
102,539
102,540
102,541
102,542
102,543
102,544
102,545
102,546
102,547
102,548
102,549
102,550
102,551
102,552
102,553
102,554
102,555
102,556
102,557
102,558
102,559
102,560
102,561
102,562
102,563
102,564
102,565
102,566
102,567
102,568
102,569
102,570
102,571
102,572
102,573
102,574
102,575
102,576
102,577
102,578
102,579
102,580
102,581
102,582
102,583
102,584
102,585
102,586
102,587
102,588
102,589
102,590
102,591
102,592
102,593
102,594
102,595
102,596
102,597
102,598
102,599
102,600
102,601
102,602
102,603
102,604
102,605
102,606
102,607
102,608
102,609
102,610
102,611
102,612
102,613
102,614
102,615
102,616
102,617
102,618
102,619
102,620
102,621
102,622
102,623
102,624
102,625
102,626
102,627
102,628
102,629
102,630
102,631
102,632
102,633
102,634
102,635
102,636
102,637
102,638
102,639
102,640
102,641
102,642
102,643
102,644
102,645
102,646
102,647
102,648
102,649
102,650
102,651
102,652
102,653
102,654
102,655
102,656
102,657
102,658
102,659
102,660
102,661
102,662
102,663
102,664
102,665
102,666
102,667
102,668
102,669
102,670
102,671
:3_0,672
:3_0,673
:3_0,674
:3_0,675
:3_0,676
-2,677
-2,678
-2,679
-2,680
-2,681
-2,682
-2,683
-2,684
-2,685
-2,686
-2,687
-2,688
-2,689
-2,690
-2,691
-2,692
-2,693
-2,694
-2,695
-2,696
-2,697
-2,698
-2,699
-2,700
-2,701
-2,702
-2,703
-2,704
-2,705
-2,706
-2,707
-2,708
-2,709
-2,710
-2,711
-2,712
-2,713
-2,714
-2,715
-2,716
-2,717
-2,718
-2,719
-2,720
-2,721
-2,722
-2,723
-2,724
-2,725
-2,726
-2,727
-2,728
-2,729
-2,730
-2,731
-2,732
-2,733
-2,734
-2,735
-2,736
-2,737
-2,738
-2,739
-2,740
-2,741
-2,742
-2,743
-2,744
-2,745
-2,746
-2,747
-2,748
-2,749
-2,750
-2,751
-2,752
-2,753
-2,754
-2,755
-2,756
-2,757
-2,758
-2,759
-2,760
-2,761
-2,762
-2,763
-2,764
-2,765
-2,766
-2,767
-2,768
-2,769
-2,770
-2,771
-2,772
-2,773
-2,774
-2,775
-2,776
-2,777
-2,778
-2,779
-2,780
-2,781
-2,782
-2,783
-2,784
-2,785
-2,786
:2_1,787
:2_1,788
:2_1,789
:2_1,790
:2_1,791
:2_1,792
-1,793
-1,794
-1,795
-1,796
-1,797
-1,798
-1,799
-1,800
-1,801
-1,802
-1,803
-1,804
-1,805
-1,806
-1,807
-1,808
-1,809
-1,810
-1,811
-1,812
-1,813
-1,814
-1,815
-1,816
-1,817
-1,818
-1,819
-1,820
-1,821
-1,822
-1,823
-1,824
-1,825
-1,826
-1,827
-1,828
:1_0,829
:1_0,830
:1_0,831
:1_0,832
:1_0,833
:1_0,834
-0,835
-0,836
-0,837
-0,838
-0,839
-0,840
-0,841
-0,842
-0,843
-0,844
-0,845
-0,846
-0,847
-0,848
-0,849
-0,850
-0,851
-0,852
-0,853
-0,854
-0,855
-0,856
-0,857
-0,858
-0,859
-0,860
-0,861
-0,862
-0,863
-0,864
-0,865
-0,866
-0,867
-0,868
-0,869
-0,870
-0,871
-0,872
-0,873
-0,874
-0,875
-0,876
-0,877
-0,878
-0,879
-0,880
-0,881
-0,882
-0,883
-0,884
-0,885
-0,886
-0,887
-0,888
-0,889
-0,890
-0,891
-0,892
-0,893
-0,894
-0,895
-0,896
-0,897
-0,898
-0,899
-0,900
-0,901
-0,902
-0,903
-0,904
-0,905
-0,906
-0,907
-0,908
-0,909
-0,910
-0,911
-0,912
-0,913
-0,914
-0,915
-0,916
-0,917
-0,918
-0,919
-0,920
-0,921
-0,922
-0,923
-0,924
-0,925
-0,926
-0,927
-0,928
-0,929
-0,930
-0,931
-0,932
-0,933
-0,934
-0,935
-0,936
-0,937
-0,938
-0,939
-0,940
-0,941
-0,942
-0,943
-0,944
-0,945
-0,946
-0,947
-0,948
-0,949
-0,950
-0,951
-0,952
-0,953
-0,954
-0,955
-0,956
-0,957
-0,958
-0,959
-0,960
-0,961
-0,962
-0,963
-0,964
-0,965
:0_0,966
:0_0,967
:0_0,968
:0_0,969
3,970
3,971
3,972
3,973
3,974
3,975
3,976
3,977
3,978
3,979
3,980
3,981
3,982
3,983
3,984
3,985
3,986
3,987
3,988
3,989
3,990
3,991
3,992
3,993
3,994
3,995
3,996
3,997
3,998
3,999
3,1000
3,1001
3,1002
3,1003
3,1004
3,1005
3,1006
3,1007
3,1008
3,1009
3,1010
3,1011
3,1012
3,1013
3,1014
3,1015
3,1016
3,1017
3,1018
3,1019
3,1020
3,1021
3,1022
3,1023
3,1024
3,1025
3,1026
3,1027
3,1028
3,1029
3,1030
3,1031
3,1032
3,1033
3,1034
3,1035
3,1036
3,1037
3,1038
3,1039
3,1040
3,1041
3,1042
3,1043
3,1044
3,1045
3,1046
3,1047
3,1048
3,1049
3,1050
3,1051
3,1052
3,1053
3,1054
3,1055
3,1056
3,1057
3,1058
3,1059
3,1060
3,1061
3,1062
3,1063
3,1064
3,1065
3,1066
3,1067
3,1068
3,1069
3,1070
3,1071
3,1072
3,1073
3,1074
3,1075
3,1076
3,1077
3,1078
3,1079
3,1080
3,1081
3,1082
3,1083
3,1084
3,1085
3,1086
3,1087
3,1088
3,1089
3,1090
3,1091
3,1092
3,1093
3,1094
3,1095
3,1096
3,1097
3,1098
3,1099
3,1100
3,1101
3,1102
3,1103
3,1104
3,1105
3,1106
3,1107
3,1108
3,1109
3,1110
3,1111
3,1112
3,1113
3,1114
3,1115
3,1116
3,1117
3,1118
3,1119
3,1120
3,1121
3,1122
3,1123
3,1124
3,1125
3,1126
3,1127
3,1128
3,1129
3,1130
3,1131
3,1132
3,1133
3,1134
3,1135
3,1136
3,1137
3,1138
3,1139
3,1140
3,1141
3,1142
3,1143
3,1144
3,1145
3,1146
3,1147
3,1148
3,1149
3,1150
3,1151
3,1152
3,1153
3,1154
3,1155
3,1156
3,1157
3,1158
3,1159
3,1160
3,1161
3,1162
3,1163
3,1164
3,1165
3,1166
3,1167
3,1168
3,1169
3,1170
3,1171
3,1172
3,1173
3,1174
3,1175
3,1176
3,1177
3,1178
3,1179
3,1180
3,1181
3,1182
3,1183
3,1184
3,1185
3,1186
3,1187
3,1188
3,1189
3,1190
3,1191
3,1192
3,1193
3,1194
3,1195
3,1196
3,1197
3,1198
3,1199
3,1200
3,1201
3,1202
3,1203
3,1204
3,1205
3,1206
3,1207
3,1208
3,1209
3,1210
3,1211
3,1212
3,1213
3,1214
3,1215
3,1216
3,1217
3,1218
3,1219
3,1220
3,1221
3,1222
3,1223
3,1224
3,1225
3,1226
3,1227
3,1228
3,1229
3,1230
3,1231
3,1232
3,1233
3,1234
3,1235
3,1236
3,1237
3,1238
3,1239
3,1240
3,1241
3,1242
3,1243
3,1244
3,1245
3,1246
3,1247
3,1248
3,1249
3,1250
3,1251
3,1252
3,1253
3,1254
3,1255
3,1256
3,1257
3,1258
3,1259
3,1260
3,1261
3,1262
:4_4,1263
:4_4,1264
:4_4,1265
:4_4,1266
-11,1267
-11,1268
-11,1269
-11,1270
-11,1271
-11,1272
-11,1273
-11,1274
-11,1275
-11,1276
-11,1277
-11,1278
-11,1279
-11,1280
-11,1281
-11,1282
-11,1283
-11,1284
-11,1285
-11,1286
-11,1287
-11,1288
-11,1289
-11,1290
-11,1291
-11,1292
-11,1293
-11,1294
-11,1295
-11,1296
-11,1297
-11,1298
-11,1299
-11,1300
-11,1301
-11,1302
-11,1303
-11,1304
-11,1305
-11,1306
-11,1307
-11,1308
-11,1309
-11,1310
-11,1311
-11,1312
-11,1313
-11,1314
-11,1315
-11,1316
-11,1317
-11,1318
-11,1319
-11,1320
-11,1321
-11,1322
-11,1323
-11,1324
-11,1325
-11,1326
-11,1327
-11,1328
-11,1329
-11,1330
-11,1331
-11,1332
-11,1333
-11,1334
-11,1335
-11,1336
-11,1337
-11,1338
-11,1339
-11,1340
-11,1341
-11,1342
-11,1343
-11,1344
-11,1345
-11,1346
-11,1347
-11,1348
-11,1349
-11,1350
-11,1351
-11,1352
-11,1353
-11,1354
-11,1355
-11,1356
-11,1357
-11,1358
-11,1359
-11,1360
-11,1361
-11,1362
-11,1363
-11,1364
-11,1365
-11,1366
-11,1367
-11,1368
-11,1369
-11,1370
-11,1371
-11,1372
-11,1373
-11,1374
-11,1375
-11,1376
-11,1377
-11,1378
-11,1379
-11,1380
-11,1381
-11,1382
-11,1383
-11,1384
-11,1385
-11,1386
-11,1387
-11,1388
-11,1389
-11,1390
-11,1391
-11,1392
-11,1393
-11,1394
:12_0,1395
-10,1396
-10,1397
-10,1398
-10,1399
-10,1400
-10,1401
-10,1402
-10,1403
-10,1404
-10,1405
-10,1406
-10,1407
-10,1408
-10,1409
-10,1410
-10,1411
-10,1412
-10,1413
-10,1414
-10,1415
-10,1416
-10,1417
-10,1418
-10,1419
-10,1420
-10,1421
-10,1422
-10,1423
-10,1424
-10,1425
-10,1426
-10,1427
-10,1428
-10,1429
-10,1430
-10,1431
-10,1432
-10,1433
-10,1434
-10,1435
-10,1436
-10,1437
-10,1438
-10,1439
-10,1440
-10,1441
-10,1442
-10,1443
-10,1444
-10,1445
-10,1446
-10,1447
-10,1448
-10,1449
-10,1450
-10,1451
-10,1452
-10,1453
-10,1454
-10,1455
-10,1456
-10,1457
-10,1458
:11_0,1459
-9,1460
-9,1461
-9,1462
-9,1463
-9,1464
-9,1465
-9,1466
-9,1467
-9,1468
-9,1469
-9,1470
-9,1471
-9,1472
-9,1473
-9,1474
-9,1475
-9,1476
-9,1477
-9,1478
-9,1479
-9,1480
-9,1481
-9,1482
-9,1483
-9,1484
-9,1485
-9,1486
-9,1487
-9,1488
-9,1489
-9,1490
-9,1491
-9,1492
-9,1493
-9,1494
-9,1495
-9,1496
-9,1497
-9,1498
-9,1499
-9,1500
-9,1501
-9,1502
-9,1503
-9,1504
-9,1505
-9,1506
-9,1507
-9,1508
-9,1509
-9,1510
-9,1511
-9,1512
-9,1513
-9,1514
-9,1515
-9,1516
-9,1517
-9,1518
-9,1519
-9,1520
-9,1521
-9,1522
-8,1523
-8,1524
-8,1525
-8,1526
-8,1527
-8,1528
-8,1529
-8,1530
-8,1531
-8,1532
-8,1533
-8,1534
-8,1535
-8,1536
-8,1537
-8,1538
-8,1539
-8,1540
-8,1541
-8,1542
-8,1543
-8,1544
-8,1545
-8,1546
-8,1547
-8,1548
-8,1549
-8,1550
-8,1551
-8,1552
-8,1553
-8,1554
-8,1555
-8,1556
-8,1557
-8,1558
-8,1559
-8,1560
-8,1561
-8,1562
-8,1563
-8,1564
-8,1565
-8,1566
-8,1567
-8,1568
-8,1569
-8,1570
-8,1571
-8,1572
-8,1573
-8,1574
-8,1575
-8,1576
-8,1577
-8,1578
-8,1579
-8,1580
-8,1581
-8,1582
-8,1583
-8,1584
-8,1585
-8,1586
-8,1587
-8,1588
-8,1589
-7,1590
-7,1591
-7,1592
-7,1593
-7,1594
-7,1595
-7,1596
-7,1597
-7,1598
-7,1599
-7,1600
-7,1601
-7,1602
-7,1603
-7,1604
-7,1605
-7,1606
-7,1607
-7,1608
-7,1609
-7,1610
-7,1611
-7,1612
-7,1613
-7,1614
-7,1615
-7,1616
-7,1617
-7,1618
-7,1619
-7,1620
-7,1621
-7,1622
-7,1623
-7,1624
-7,1625
-7,1626
-7,1627
-7,1628
-7,1629
-7,1630
-7,1631
-7,1632
-7,1633
-7,1634
-7,1635
-7,1636
-7,1637
-7,1638
-7,1639
-7,1640
-7,1641
-7,1642
-7,1643
-7,1644
-7,1645
-7,1646
-7,1647
-7,1648
-7,1649
-7,1650
-7,1651
-7,1652
-7,1653
-7,1654
-7,1655
-7,1656
-7,1657
-7,1658
-7,1659
-7,1660
-7,1661
-7,1662
-7,1663
-7,1664
-6,1665
-6,1666
-6,1667
-6,1668
-6,1669
-6,1670
-6,1671
-6,1672
-6,1673
-6,1674
-6,1675
-6,1676
-6,1677
-6,1678
-6,1679
-6,1680
-6,1681
-6,1682
-6,1683
-6,1684
-6,1685
-6,1686
-6,1687
-6,1688
-6,1689
-6,1690
-6,1691
-6,1692
-6,1693
-6,1694
-6,1695
-6,1696
-6,1697
-6,1698
-6,1699
-6,1700
-6,1701
-6,1702
-6,1703
-6,1704
-6,1705
-6,1706
-6,1707
-6,1708
-6,1709
-6,1710
-6,1711
-6,1712
-6,1713
-6,1714
-6,1715
-6,1716
-6,1717
-6,1718
-6,1719
-6,1720
-6,1721
-6,1722
-6,1723
-6,1724
-6,1725
-6,1726
-6,1727
-6,1728
-6,1729
-6,1730
-6,1731
-6,1732
-6,1733
-6,1734
-6,1735
-6,1736
-6,1737
-6,1738
-6,1739
-6,1740
-6,1741
-6,1742
-6,1743
-6,1744
-6,1745
-6,1746
-6,1747
-6,1748
-6,1749
-6,1750
-6,1751
-6,1752
-6,1753
-6,1754
-6,1755
-6,1756
-6,1757
-6,1758
-6,1759
-6,1760
-6,1761
-6,1762
-6,1763
-6,1764
-6,1765
-6,1766
-6,1767
-6,1768
-6,1769
-6,1770
-6,1771
-6,1772
-6,1773
-6,1774
-6,1775
-6,1776
-6,1777
-6,1778
-6,1779
-6,1780
-6,1781
-6,1782
-6,1783
-6,1784
-6,1785
-6,1786
-6,1787
-6,1788
-6,1789
-6,1790
-6,1791
-6,1792
-6,1793
-6,1794
-6,1795
-6,1796
-6,1797
-6,1798
-6,1799
-6,1800
-6,1801
-6,1802
-6,1803
-6,1804
-6,1805
-6,1806
-6,1807
-6,1808
-6,1809
-6,1810
-6,1811
-6,1812
-6,1813
-6,1814
-6,1815
-6,1816
-6,1817
-6,1818
-6,1819
-6,1820
-6,1821
-6,1822
-6,1823
-6,1824
-6,1825
-6,1826
-6,1827
-6,1828
-6,1829
-6,1830
-6,1831
-6,1832
-6,1833
-6,1834
-6,1835
-6,1836
-6,1837
-6,1838
-6,1839
-6,1840
-6,1841
-6,1842
-6,1843
-6,1844
-6,1845
-6,1846
-6,1847
-6,1848
-6,1849
-6,1850
-6,1851
-6,1852
-6,1853
-6,1854
-6,1855
-6,1856
-6,1857
-6,1858
-6,1859
-6,1860
-6,1861
-6,1862
-6,1863
-6,1864
-6,1865
-6,1866
-6,1867
-6,1868
-6,1869
-6,1870
-6,1871
-6,1872
-6,1873
-6,1874
-6,1875
-6,1876
-6,1877
-6,1878
-6,1879
-6,1880
-6,1881
-6,1882
-6,1883
-6,1884
-6,1885
-6,1886
-6,1887
-6,1888
:6_1,1889
:6_1,1890
-684,1891
-684,1892
-684,1893
-684,1894
-684,1895
-684,1896
-684,1897
-684,1898
-684,1899
-684,1900
-684,1901
-684,1902
-684,1903
-684,1904
-684,1905
-684,1906
-684,1907
-684,1908
-684,1909
-684,1910
-684,1911
:373_4,1912
:373_4,1913
-685,1914
-685,1915
-685,1916
-685,1917
-685,1918
-685,1919
-685,1920
-685,1921
-685,1922
-685,1923
-685,1924
-685,1925
-685,1926
-685,1927
-685,1928
-685,1929
-685,1930
-685,1931
-685,1932
-685,1933
-685,1934
:13_1,1935
:13_1,1936
177,1937
177,1938
177,1939
177,1940
177,1941
177,1942
177,1943
177,1944
177,1945
177,1946
177,1947
177,1948
177,1949
177,1950
177,1951
177,1952
177,1953
177,1954
177,1955
177,1956
177,1957
177,1958
177,1959
177,1960
177,1961
177,1962
177,1963
177,1964
177,1965
177,1966
177,1967
177,1968
177,1969
177,1970
177,1971
177,1972
177,1973
177,1974
177,1975
177,1976
177,1977
177,1978
177,1979
177,1980
177,1981
177,1982
177,1983
177,1984
177,1985
177,1986
177,1987
177,1988
177,1989
177,1990
177,1991
177,1992
177,1993
177,1994
177,1995
177,1996
177,1997
177,1998
177,1999
177,2000
