111,1
111,2
111,3
111,4
111,5
111,6
111,7
111,8
111,9
111,10
111,11
111,12
111,13
111,14
111,15
111,16
111,17
111,18
111,19
111,20
111,21
111,22
111,23
111,24
111,25
111,26
111,27
111,28
111,29
111,30
111,31
111,32
111,33
111,34
111,35
111,36
111,37
111,38
111,39
112,40
112,41
112,42
112,43
112,44
112,45
112,46
112,47
112,48
112,49
112,50
112,51
112,52
112,53
112,54
112,55
112,56
112,57
112,58
112,59
112,60
112,61
112,62
112,63
112,64
112,65
112,66
112,67
112,68
112,69
112,70
112,71
112,72
112,73
112,74
112,75
112,76
112,77
112,78
112,79
113,80
113,81
113,82
113,83
113,84
113,85
113,86
113,87
113,88
113,89
113,90
113,91
113,92
113,93
113,94
113,95
113,96
113,97
113,98
113,99
113,100
113,101
113,102
113,103
113,104
113,105
113,106
113,107
113,108
113,109
113,110
113,111
113,112
113,113
113,114
113,115
113,116
113,117
113,118
113,119
113,120
114,121
114,122
114,123
114,124
114,125
114,126
114,127
114,128
114,129
114,130
114,131
114,132
114,133
114,134
114,135
114,136
114,137
114,138
114,139
114,140
114,141
114,142
114,143
114,144
114,145
114,146
114,147
114,148
114,149
114,150
114,151
114,152
114,153
114,154
114,155
114,156
114,157
114,158
114,159
114,160
114,161
114,162
114,163
114,164
114,165
114,166
114,167
114,168
114,169
114,170
114,171
114,172
114,173
114,174
114,175
114,176
114,177
114,178
114,179
114,180
114,181
114,182
114,183
:24_9,184
:24_9,185
:24_9,186
:24_9,187
:24_9,188
24,189
24,190
24,191
24,192
24,193
24,194
24,195
24,196
24,197
24,198
24,199
24,200
24,201
24,202
24,203
24,204
24,205
24,206
24,207
24,208
24,209
24,210
24,211
24,212
24,213
24,214
24,215
24,216
24,217
24,218
24,219
24,220
24,221
24,222
24,223
24,224
24,225
24,226
24,227
24,228
24,229
24,230
24,231
24,232
24,233
24,234
24,235
24,236
24,237
24,238
24,239
24,240
24,241
24,242
24,243
24,244
24,245
24,246
24,247
24,248
24,249
24,250
24,251
24,252
24,253
24,254
24,255
24,256
24,257
24,258
24,259
24,260
24,261
24,262
24,263
24,264
24,265
24,266
24,267
24,268
24,269
24,270
24,271
24,272
24,273
24,274
:28_0,275
:28_0,276
:28_0,277
:28_0,278
:28_0,279
:28_0,280
-406,281
-406,282
-406,283
-406,284
-406,285
-406,286
-406,287
-406,288
-406,289
-406,290
-406,291
-406,292
-406,293
-406,294
-406,295
-406,296
-406,297
-406,298
-406,299
-406,300
-406,301
-406,302
-406,303
-406,304
-406,305
-406,306
-406,307
-406,308
-406,309
-406,310
-406,311
-406,312
-406,313
-406,314
-406,315
-406,316
-406,317
-406,318
-406,319
-406,320
-406,321
-406,322
-406,323
-406,324
-406,325
-406,326
-406,327
-406,328
-406,329
-406,330
-406,331
-406,332
-406,333
-406,334
-406,335
-406,336
-406,337
-406,338
-406,339
-406,340
-406,341
-406,342
-406,343
-406,344
-406,345
-406,346
-406,347
-406,348
-406,349
-406,350
-406,351
-406,352
-406,353
-406,354
-406,355
-406,356
-406,357
-406,358
-406,359
-406,360
-406,361
-406,362
-406,363
-406,364
-406,365
-406,366
-406,367
-406,368
-406,369
-406,370
-406,371
-406,372
-406,373
-406,374
-406,375
-406,376
-406,377
-406,378
-406,379
-406,380
-406,381
-406,382
-406,383
-406,384
-406,385
-406,386
-406,387
-406,388
-406,389
-406,390
-406,391
-406,392
-406,393
-406,394
-406,395
-406,396
-406,397
-406,398
-406,399
-406,400
-406,401
-406,402
-406,403
-406,404
-406,405
-406,406
-406,407
-406,408
-406,409
-406,410
-406,411
-406,412
-406,413
-406,414
-406,415
-406,416
-406,417
-406,418
-406,419
-406,420
-406,421
-406,422
-406,423
-406,424
-406,425
-406,426
-406,427
-406,428
-406,429
-406,430
-406,431
-406,432
-406,433
-406,434
-406,435
-406,436
-406,437
-406,438
-406,439
-406,440
-406,441
-406,442
-406,443
-406,444
-406,445
-406,446
-406,447
-406,448
-406,449
-406,450
-406,451
-406,452
-406,453
-406,454
-406,455
:143_5,456
:143_5,457
:143_5,458
:143_5,459
:143_5,460
:143_5,461
-401,462
-401,463
-401,464
-401,465
-401,466
-401,467
-401,468
-401,469
-401,470
-401,471
-401,472
-401,473
-401,474
-401,475
-401,476
-401,477
-401,478
-401,479
-401,480
-401,481
-401,482
-401,483
-401,484
-401,485
-401,486
-401,487
-401,488
-401,489
-401,490
-401,491
-401,492
-401,493
-401,494
-401,495
-401,496
-401,497
-401,498
-401,499
-401,500
-401,501
-401,502
-401,503
-401,504
-401,505
-401,506
-401,507
-401,508
-401,509
-401,510
-401,511
-401,512
-401,513
-401,514
-401,515
-401,516
-401,517
-401,518
-401,519
-401,520
-401,521
-401,522
-401,523
-401,524
-401,525
-401,526
-401,527
-401,528
-401,529
-401,530
-401,531
-401,532
-401,533
-401,534
-401,535
-401,536
-401,537
-401,538
-401,539
-401,540
-401,541
-401,542
-401,543
-401,544
-401,545
-401,546
-401,547
-401,548
-401,549
-401,550
-401,551
-401,552
-401,553
-401,554
-401,555
-401,556
-401,557
-401,558
-401,559
-401,560
-401,561
-401,562
-401,563
-401,564
-401,565
-401,566
-401,567
-401,568
-401,569
-401,570
-401,571
-401,572
-401,573
-401,574
-401,575
-401,576
-401,577
-401,578
-401,579
-401,580
-401,581
-401,582
-401,583
-401,584
-401,585
-401,586
-401,587
-401,588
-401,589
-401,590
-401,591
-401,592
-401,593
-401,594
-401,595
-401,596
-401,597
-401,598
-401,599
-401,600
-401,601
-401,602
-401,603
-401,604
-401,605
-401,606
-401,607
-401,608
-401,609
-401,610
-401,611
-401,612
-401,613
-401,614
-401,615
-401,616
-401,617
-401,618
-401,619
-401,620
-401,621
-401,622
-401,623
-401,624
-401,625
-401,626
-401,627
-401,628
-401,629
-401,630
-401,631
-401,632
-401,633
:215_8,634
:215_8,635
:215_8,636
245,637
245,638
245,639
245,640
245,641
245,642
245,643
245,644
245,645
245,646
245,647
245,648
245,649
245,650
245,651
245,652
245,653
245,654
245,655
245,656
245,657
245,658
245,659
245,660
245,661
245,662
245,663
245,664
245,665
245,666
245,667
245,668
245,669
245,670
245,671
245,672
245,673
245,674
245,675
245,676
245,677
245,678
245,679
245,680
245,681
245,682
245,683
245,684
245,685
245,686
245,687
:246_3,688
:246_3,689
:246_3,690
:246_3,691
:246_3,692
:246_3,693
325,694
325,695
325,696
325,697
325,698
325,699
325,700
325,701
325,702
325,703
325,704
325,705
325,706
325,707
325,708
325,709
325,710
325,711
325,712
325,713
325,714
325,715
325,716
325,717
325,718
325,719
325,720
325,721
325,722
325,723
325,724
325,725
325,726
325,727
325,728
325,729
325,730
325,731
325,732
325,733
325,734
325,735
325,736
325,737
325,738
325,739
325,740
325,741
325,742
325,743
325,744
325,745
325,746
325,747
325,748
325,749
325,750
325,751
325,752
325,753
325,754
325,755
325,756
325,757
325,758
325,759
325,760
325,761
325,762
325,763
325,764
325,765
325,766
325,767
325,768
325,769
325,770
325,771
325,772
325,773
325,774
325,775
325,776
325,777
325,778
325,779
325,780
325,781
325,782
325,783
325,784
325,785
325,786
325,787
325,788
:106_7,789
:106_7,790
:106_7,791
:106_7,792
:106_7,793
:106_7,794
-90,795
-90,796
-90,797
-90,798
-90,799
-90,800
-90,801
-90,802
-90,803
-90,804
-90,805
-90,806
-90,807
-90,808
-90,809
-90,810
-90,811
-90,812
-90,813
-90,814
-90,815
-90,816
-90,817
-90,818
-90,819
-90,820
-90,821
-90,822
-90,823
-90,824
-90,825
-90,826
-90,827
-90,828
-90,829
-90,830
-90,831
-90,832
-90,833
-90,834
-90,835
-90,836
-90,837
-90,838
-90,839
-90,840
-90,841
-90,842
-90,843
-90,844
-90,845
-90,846
-90,847
-90,848
-90,849
-90,850
-90,851
-90,852
-90,853
-90,854
-90,855
-90,856
-90,857
-90,858
-90,859
-90,860
-90,861
-90,862
-90,863
-90,864
-90,865
-90,866
-90,867
-90,868
-90,869
-90,870
-90,871
-90,872
-90,873
-90,874
-90,875
-90,876
-90,877
-90,878
-90,879
-90,880
-90,881
-90,882
-90,883
-90,884
-90,885
-90,886
-90,887
-90,888
-90,889
-90,890
-90,891
-90,892
-90,893
-90,894
-90,895
-90,896
-90,897
-90,898
-90,899
-90,900
-90,901
-90,902
-90,903
-90,904
-90,905
-90,906
-90,907
-90,908
-90,909
-90,910
-90,911
-90,912
-90,913
-90,914
-90,915
-90,916
-90,917
-90,918
-90,919
-90,920
-90,921
-90,922
-90,923
-90,924
-90,925
-90,926
-90,927
-90,928
-90,929
-90,930
-90,931
-90,932
-90,933
-90,934
-90,935
-90,936
-90,937
-90,938
-90,939
-90,940
-90,941
-90,942
-90,943
-90,944
-90,945
-90,946
-90,947
-90,948
-90,949
-90,950
-90,951
-90,952
-90,953
:104_13,954
:104_13,955
:104_13,956
:104_13,957
:104_13,958
89,959
89,960
89,961
89,962
89,963
89,964
89,965
89,966
89,967
89,968
89,969
89,970
89,971
89,972
89,973
89,974
89,975
89,976
89,977
89,978
89,979
89,980
89,981
89,982
89,983
89,984
89,985
89,986
89,987
89,988
89,989
89,990
89,991
89,992
89,993
89,994
89,995
89,996
89,997
89,998
89,999
89,1000
89,1001
89,1002
89,1003
89,1004
89,1005
89,1006
89,1007
89,1008
89,1009
89,1010
89,1011
89,1012
89,1013
89,1014
89,1015
89,1016
89,1017
89,1018
89,1019
89,1020
89,1021
89,1022
89,1023
89,1024
89,1025
89,1026
89,1027
89,1028
89,1029
89,1030
89,1031
89,1032
89,1033
89,1034
89,1035
89,1036
89,1037
89,1038
89,1039
89,1040
89,1041
89,1042
89,1043
89,1044
:105_7,1045
:105_7,1046
:105_7,1047
:105_7,1048
:105_7,1049
93,1050
93,1051
93,1052
93,1053
93,1054
93,1055
93,1056
93,1057
93,1058
93,1059
93,1060
93,1061
93,1062
93,1063
93,1064
93,1065
93,1066
93,1067
93,1068
93,1069
93,1070
93,1071
93,1072
93,1073
93,1074
93,1075
93,1076
93,1077
93,1078
93,1079
93,1080
93,1081
93,1082
93,1083
93,1084
93,1085
93,1086
93,1087
93,1088
93,1089
93,1090
93,1091
93,1092
93,1093
93,1094
93,1095
93,1096
93,1097
93,1098
93,1099
93,1100
93,1101
93,1102
93,1103
93,1104
93,1105
93,1106
93,1107
93,1108
93,1109
93,1110
93,1111
93,1112
-130,1113
-130,1114
-130,1115
-130,1116
-130,1117
-130,1118
-130,1119
-130,1120
-130,1121
-130,1122
-130,1123
-130,1124
-130,1125
-130,1126
-130,1127
-130,1128
-130,1129
-130,1130
-130,1131
-130,1132
-130,1133
-130,1134
-130,1135
-130,1136
-130,1137
-130,1138
-130,1139
-130,1140
-130,1141
-130,1142
-130,1143
-130,1144
-130,1145
-130,1146
-130,1147
-130,1148
-130,1149
:86_7,1150
:86_7,1151
:86_7,1152
:86_7,1153
:86_7,1154
-73,1155
-73,1156
-73,1157
-73,1158
-73,1159
-73,1160
-73,1161
-73,1162
-73,1163
-73,1164
-73,1165
-73,1166
-73,1167
-73,1168
-73,1169
-73,1170
-73,1171
-73,1172
-73,1173
-73,1174
-73,1175
-73,1176
-73,1177
-73,1178
-73,1179
-73,1180
-73,1181
-73,1182
-73,1183
-73,1184
-73,1185
-73,1186
-73,1187
-73,1188
-73,1189
-73,1190
-73,1191
-73,1192
-73,1193
-73,1194
-73,1195
-73,1196
-73,1197
-73,1198
-73,1199
-73,1200
-73,1201
-73,1202
-73,1203
-73,1204
-73,1205
-73,1206
-73,1207
-73,1208
-73,1209
-73,1210
-73,1211
-73,1212
-73,1213
-73,1214
-73,1215
-73,1216
-73,1217
-73,1218
-73,1219
-73,1220
-73,1221
-73,1222
-73,1223
-73,1224
-73,1225
-73,1226
-73,1227
-73,1228
-73,1229
-73,1230
-73,1231
-73,1232
-73,1233
-73,1234
-73,1235
-73,1236
-73,1237
-73,1238
-73,1239
-73,1240
-73,1241
-73,1242
-73,1243
-73,1244
:85_9,1245
:85_9,1246
:85_9,1247
:85_9,1248
:85_9,1249
75,1250
75,1251
75,1252
75,1253
75,1254
75,1255
75,1256
75,1257
75,1258
75,1259
75,1260
75,1261
75,1262
75,1263
75,1264
75,1265
75,1266
75,1267
75,1268
75,1269
75,1270
75,1271
75,1272
75,1273
75,1274
75,1275
75,1276
75,1277
75,1278
75,1279
75,1280
75,1281
75,1282
75,1283
75,1284
75,1285
75,1286
75,1287
75,1288
75,1289
75,1290
75,1291
75,1292
75,1293
75,1294
75,1295
75,1296
75,1297
75,1298
75,1299
75,1300
75,1301
75,1302
75,1303
75,1304
75,1305
75,1306
75,1307
75,1308
75,1309
75,1310
75,1311
75,1312
75,1313
75,1314
75,1315
75,1316
75,1317
75,1318
75,1319
75,1320
75,1321
75,1322
75,1323
75,1324
75,1325
75,1326
75,1327
75,1328
75,1329
75,1330
75,1331
75,1332
75,1333
75,1334
75,1335
75,1336
75,1337
75,1338
75,1339
75,1340
75,1341
75,1342
75,1343
75,1344
75,1345
75,1346
75,1347
75,1348
75,1349
75,1350
75,1351
75,1352
75,1353
75,1354
75,1355
75,1356
75,1357
75,1358
75,1359
75,1360
75,1361
75,1362
75,1363
75,1364
75,1365
75,1366
75,1367
75,1368
75,1369
75,1370
75,1371
75,1372
75,1373
75,1374
75,1375
75,1376
75,1377
75,1378
75,1379
75,1380
75,1381
75,1382
75,1383
75,1384
75,1385
75,1386
75,1387
75,1388
75,1389
:87_3,1390
:87_3,1391
:87_3,1392
:87_3,1393
:87_3,1394
-104,1395
-104,1396
-104,1397
-104,1398
-104,1399
-104,1400
-104,1401
-104,1402
-104,1403
-104,1404
-104,1405
-104,1406
-104,1407
-104,1408
-104,1409
-104,1410
-104,1411
-104,1412
-104,1413
-104,1414
-104,1415
-104,1416
-104,1417
-104,1418
-104,1419
-104,1420
-104,1421
-104,1422
-104,1423
-104,1424
-104,1425
-104,1426
-104,1427
-104,1428
-104,1429
-104,1430
-104,1431
-104,1432
-104,1433
-104,1434
-104,1435
-104,1436
-104,1437
-104,1438
-104,1439
-104,1440
-104,1441
-104,1442
-104,1443
-104,1444
-104,1445
-104,1446
-104,1447
-104,1448
-104,1449
-104,1450
-104,1451
-104,1452
-104,1453
-104,1454
-104,1455
-104,1456
-104,1457
-104,1458
-104,1459
-104,1460
-104,1461
-104,1462
-104,1463
-104,1464
-104,1465
-104,1466
-104,1467
-104,1468
-104,1469
-104,1470
-104,1471
-104,1472
-104,1473
-104,1474
-104,1475
-104,1476
-104,1477
-104,1478
-104,1479
-104,1480
-104,1481
-104,1482
-104,1483
-104,1484
-104,1485
-104,1486
-104,1487
-104,1488
-104,1489
-104,1490
-104,1491
-104,1492
-104,1493
-104,1494
-104,1495
-104,1496
-104,1497
-104,1498
-104,1499
-104,1500
-104,1501
-104,1502
:119_9,1503
:119_9,1504
:119_9,1505
:119_9,1506
:119_9,1507
103,1508
103,1509
103,1510
103,1511
103,1512
103,1513
103,1514
103,1515
103,1516
103,1517
103,1518
103,1519
103,1520
103,1521
103,1522
103,1523
103,1524
103,1525
103,1526
103,1527
103,1528
103,1529
103,1530
103,1531
103,1532
103,1533
103,1534
103,1535
103,1536
103,1537
103,1538
103,1539
103,1540
103,1541
103,1542
103,1543
103,1544
103,1545
103,1546
103,1547
103,1548
103,1549
103,1550
103,1551
103,1552
103,1553
103,1554
103,1555
103,1556
103,1557
103,1558
103,1559
103,1560
103,1561
103,1562
103,1563
103,1564
103,1565
103,1566
103,1567
103,1568
103,1569
103,1570
103,1571
103,1572
103,1573
103,1574
103,1575
103,1576
103,1577
103,1578
103,1579
103,1580
103,1581
103,1582
103,1583
103,1584
103,1585
103,1586
103,1587
103,1588
103,1589
103,1590
103,1591
103,1592
103,1593
103,1594
103,1595
103,1596
103,1597
103,1598
103,1599
103,1600
103,1601
103,1602
103,1603
103,1604
103,1605
103,1606
103,1607
103,1608
103,1609
103,1610
103,1611
103,1612
103,1613
103,1614
103,1615
103,1616
103,1617
103,1618
103,1619
103,1620
103,1621
103,1622
103,1623
103,1624
103,1625
103,1626
103,1627
103,1628
103,1629
103,1630
103,1631
103,1632
103,1633
103,1634
103,1635
103,1636
103,1637
103,1638
103,1639
103,1640
103,1641
103,1642
103,1643
103,1644
103,1645
103,1646
103,1647
103,1648
:120_13,1649
:120_13,1650
:120_13,1651
:120_13,1652
:120_13,1653
-141,1654
-141,1655
-141,1656
-141,1657
-141,1658
-141,1659
-141,1660
-141,1661
-141,1662
-141,1663
-141,1664
-141,1665
-141,1666
-141,1667
-141,1668
-141,1669
-141,1670
-141,1671
-141,1672
-141,1673
-141,1674
-141,1675
-141,1676
-141,1677
-141,1678
-141,1679
-141,1680
-141,1681
-141,1682
-141,1683
-141,1684
-141,1685
-141,1686
-141,1687
-141,1688
-141,1689
-141,1690
-141,1691
-141,1692
-141,1693
-141,1694
-141,1695
-141,1696
-141,1697
-141,1698
-141,1699
-141,1700
-141,1701
-141,1702
-141,1703
-141,1704
-141,1705
-141,1706
-141,1707
-141,1708
-141,1709
-141,1710
-141,1711
-141,1712
:156_7,1713
:156_7,1714
:156_7,1715
:156_7,1716
:156_7,1717
-140,1718
-140,1719
-140,1720
-140,1721
-140,1722
-140,1723
-140,1724
-140,1725
-140,1726
-140,1727
-140,1728
-140,1729
-140,1730
-140,1731
-140,1732
-140,1733
-140,1734
-140,1735
-140,1736
-140,1737
-140,1738
-140,1739
-140,1740
-140,1741
-140,1742
-140,1743
-140,1744
-140,1745
-140,1746
-140,1747
-140,1748
-140,1749
-140,1750
-140,1751
-140,1752
-140,1753
-140,1754
-140,1755
-140,1756
-140,1757
-140,1758
-140,1759
-140,1760
-140,1761
-140,1762
-140,1763
-140,1764
-140,1765
-140,1766
-140,1767
-140,1768
-140,1769
-140,1770
-140,1771
-140,1772
-140,1773
-140,1774
-140,1775
-140,1776
-140,1777
-140,1778
-140,1779
-140,1780
-140,1781
-140,1782
-140,1783
-140,1784
-140,1785
-140,1786
-140,1787
-140,1788
-140,1789
-140,1790
-140,1791
-140,1792
-140,1793
-140,1794
-140,1795
-140,1796
-140,1797
-140,1798
-140,1799
-140,1800
-140,1801
-140,1802
-140,1803
-140,1804
-140,1805
-140,1806
-140,1807
-140,1808
