-296,1
-296,2
-296,3
-296,4
-296,5
-296,6
-296,7
-296,8
-296,9
-296,10
-296,11
-296,12
-296,13
-296,14
-296,15
-296,16
-296,17
-296,18
-296,19
-296,20
-296,21
-296,22
-296,23
-296,24
-296,25
-296,26
-296,27
-296,28
-296,29
-296,30
-296,31
-296,32
-296,33
-296,34
-296,35
-296,36
-296,37
-296,38
-296,39
-296,40
-296,41
-296,42
-296,43
-296,44
-296,45
-296,46
-296,47
-296,48
-296,49
-296,50
-296,51
-296,52
-296,53
-296,54
-296,55
-296,56
-296,57
-296,58
-296,59
-296,60
-296,61
-296,62
-296,63
-296,64
-296,65
-296,66
-296,67
-296,68
-296,69
-296,70
-296,71
-296,72
-296,73
-296,74
-296,75
-296,76
-296,77
:172_4,78
:172_4,79
:172_4,80
-156,81
-156,82
-156,83
-156,84
-156,85
-156,86
-156,87
-156,88
-156,89
-156,90
-156,91
-156,92
-156,93
-156,94
-156,95
-156,96
-156,97
-156,98
-156,99
-156,100
-156,101
-156,102
-156,103
-156,104
-156,105
-156,106
-156,107
-156,108
-156,109
-156,110
-156,111
-156,112
-156,113
-156,114
-156,115
-156,116
-156,117
-156,118
-156,119
-156,120
-156,121
-156,122
-156,123
-156,124
-156,125
-156,126
-156,127
-156,128
-156,129
-156,130
-156,131
-156,132
-156,133
-156,134
-156,135
-156,136
-156,137
-156,138
-156,139
-156,140
-156,141
-156,142
-156,143
-156,144
:171_4,145
:171_4,146
:171_4,147
:171_4,148
:171_4,149
155,150
155,151
155,152
155,153
155,154
155,155
155,156
155,157
155,158
155,159
155,160
155,161
155,162
155,163
155,164
155,165
155,166
155,167
155,168
155,169
155,170
155,171
155,172
155,173
155,174
155,175
155,176
155,177
155,178
155,179
155,180
155,181
155,182
155,183
155,184
155,185
155,186
155,187
155,188
155,189
155,190
155,191
155,192
155,193
155,194
155,195
155,196
155,197
155,198
155,199
155,200
155,201
155,202
155,203
155,204
155,205
155,206
155,207
155,208
155,209
155,210
155,211
155,212
155,213
155,214
155,215
155,216
155,217
155,218
155,219
155,220
155,221
155,222
155,223
155,224
155,225
155,226
155,227
155,228
:46_9,229
:46_9,230
:46_9,231
:46_9,232
:46_9,233
158,234
158,235
158,236
158,237
158,238
158,239
158,240
158,241
158,242
158,243
158,244
158,245
158,246
158,247
158,248
158,249
158,250
158,251
158,252
158,253
158,254
158,255
158,256
158,257
158,258
158,259
158,260
158,261
158,262
158,263
158,264
158,265
158,266
158,267
158,268
158,269
158,270
158,271
158,272
158,273
158,274
158,275
158,276
158,277
158,278
158,279
158,280
158,281
158,282
158,283
158,284
158,285
158,286
158,287
158,288
158,289
158,290
158,291
158,292
158,293
158,294
158,295
158,296
158,297
158,298
158,299
158,300
158,301
158,302
158,303
158,304
158,305
158,306
158,307
158,308
158,309
158,310
158,311
158,312
158,313
158,314
158,315
158,316
158,317
158,318
158,319
158,320
158,321
158,322
158,323
158,324
158,325
158,326
158,327
158,328
158,329
:57_6,330
:57_6,331
:57_6,332
:57_6,333
482,334
482,335
482,336
482,337
482,338
482,339
482,340
482,341
482,342
482,343
482,344
482,345
482,346
482,347
482,348
482,349
482,350
482,351
482,352
482,353
482,354
482,355
482,356
482,357
482,358
482,359
482,360
482,361
482,362
482,363
482,364
482,365
482,366
482,367
482,368
482,369
482,370
482,371
482,372
482,373
482,374
482,375
482,376
482,377
482,378
482,379
482,380
482,381
482,382
482,383
482,384
482,385
482,386
482,387
482,388
482,389
482,390
482,391
482,392
482,393
482,394
482,395
482,396
482,397
482,398
482,399
482,400
482,401
482,402
482,403
482,404
482,405
482,406
482,407
482,408
482,409
482,410
482,411
482,412
482,413
482,414
482,415
482,416
482,417
482,418
482,419
482,420
482,421
482,422
482,423
482,424
482,425
482,426
482,427
482,428
482,429
482,430
482,431
482,432
482,433
482,434
482,435
482,436
482,437
482,438
482,439
482,440
482,441
482,442
482,443
482,444
:176_11,445
:176_11,446
-161,447
-161,448
-161,449
-161,450
-161,451
-161,452
-161,453
-161,454
-161,455
-161,456
-161,457
-161,458
-161,459
-161,460
-161,461
-161,462
-161,463
-161,464
-161,465
-161,466
-161,467
-161,468
-161,469
-161,470
-161,471
-161,472
-161,473
-161,474
-161,475
-161,476
-161,477
-161,478
-161,479
-161,480
-161,481
-161,482
-161,483
-161,484
-161,485
-161,486
-161,487
-161,488
-161,489
-161,490
-161,491
-161,492
-161,493
-161,494
-161,495
-161,496
-161,497
-161,498
-161,499
-161,500
-161,501
-161,502
-161,503
-161,504
-161,505
-161,506
-161,507
-161,508
-161,509
-161,510
-161,511
-161,512
-161,513
-161,514
-161,515
-161,516
-161,517
-161,518
-161,519
:175_0,520
:175_0,521
:175_0,522
162,523
162,524
162,525
162,526
162,527
162,528
162,529
162,530
162,531
162,532
162,533
162,534
162,535
162,536
162,537
162,538
162,539
162,540
162,541
162,542
162,543
162,544
162,545
162,546
162,547
162,548
162,549
162,550
162,551
162,552
162,553
162,554
162,555
162,556
162,557
162,558
162,559
162,560
162,561
162,562
162,563
162,564
162,565
162,566
162,567
162,568
162,569
162,570
162,571
162,572
162,573
162,574
162,575
162,576
162,577
162,578
162,579
162,580
162,581
162,582
162,583
162,584
162,585
162,586
162,587
162,588
162,589
162,590
162,591
162,592
162,593
162,594
162,595
162,596
162,597
162,598
162,599
162,600
162,601
162,602
162,603
162,604
162,605
162,606
162,607
162,608
162,609
162,610
162,611
162,612
162,613
162,614
162,615
162,616
162,617
162,618
:173_1,619
:173_1,620
:173_9,621
:173_9,622
655,623
655,624
655,625
655,626
655,627
655,628
655,629
655,630
655,631
655,632
655,633
655,634
655,635
655,636
655,637
655,638
655,639
655,640
655,641
655,642
655,643
655,644
655,645
655,646
655,647
655,648
655,649
655,650
655,651
655,652
655,653
655,654
655,655
655,656
655,657
655,658
655,659
655,660
655,661
655,662
655,663
655,664
655,665
655,666
655,667
655,668
655,669
655,670
655,671
655,672
655,673
655,674
655,675
655,676
655,677
655,678
655,679
655,680
655,681
655,682
655,683
655,684
655,685
655,686
655,687
655,688
655,689
655,690
655,691
655,692
655,693
655,694
655,695
655,696
655,697
655,698
655,699
655,700
655,701
655,702
655,703
