156,21
156,22
156,23
156,24
156,25
156,26
156,27
156,28
156,29
156,30
156,31
156,32
156,33
156,34
156,35
156,36
156,37
156,38
156,39
156,40
156,41
156,42
156,43
156,44
156,45
156,46
156,47
156,48
156,49
156,50
156,51
156,52
156,53
156,54
156,55
156,56
156,57
156,58
156,59
156,60
156,61
156,62
156,63
156,64
156,65
156,66
156,67
156,68
156,69
156,70
156,71
156,72
156,73
156,74
156,75
156,76
156,77
156,78
156,79
156,80
156,81
156,82
156,83
156,84
156,85
156,86
156,87
156,88
156,89
156,90
156,91
156,92
156,93
:172_0,94
:172_0,95
:172_0,96
295,97
295,98
295,99
295,100
295,101
295,102
295,103
295,104
295,105
295,106
295,107
295,108
295,109
295,110
295,111
295,112
295,113
295,114
295,115
295,116
295,117
295,118
295,119
295,120
295,121
295,122
295,123
295,124
295,125
295,126
295,127
295,128
295,129
295,130
295,131
295,132
295,133
295,134
295,135
295,136
295,137
295,138
295,139
295,140
295,141
295,142
295,143
295,144
295,145
295,146
295,147
295,148
295,149
295,150
295,151
295,152
295,153
295,154
295,155
295,156
295,157
295,158
295,159
295,160
295,161
295,162
295,163
295,164
295,165
295,166
295,167
295,168
295,169
295,170
295,171
295,172
295,173
295,174
295,175
295,176
295,177
295,178
295,179
295,180
295,181
295,182
295,183
295,184
295,185
295,186
295,187
295,188
295,189
295,190
295,191
295,192
295,193
295,194
295,195
295,196
295,197
295,198
295,199
295,200
295,201
295,202
295,203
295,204
295,205
295,206
295,207
295,208
295,209
295,210
295,211
295,212
295,213
295,214
295,215
295,216
295,217
295,218
295,219
295,220
295,221
295,222
295,223
295,224
295,225
295,226
295,227
295,228
295,229
295,230
295,231
295,232
295,233
295,234
295,235
295,236
295,237
295,238
295,239
295,240
295,241
295,242
295,243
295,244
295,245
295,246
295,247
295,248
295,249
295,250
295,251
295,252
295,253
295,254
295,255
295,256
295,257
295,258
295,259
295,260
295,261
295,262
295,263
295,264
295,265
295,266
295,267
295,268
295,269
295,270
295,271
295,272
295,273
295,274
295,275
295,276
295,277
295,278
295,279
295,280
295,281
295,282
295,283
295,284
295,285
295,286
295,287
295,288
295,289
295,290
295,291
295,292
295,293
295,294
295,295
295,296
295,297
295,298
295,299
295,300
295,301
295,302
295,303
295,304
295,305
295,306
295,307
295,308
295,309
295,310
295,311
295,312
295,313
295,314
295,315
295,316
295,317
295,318
295,319
295,320
295,321
295,322
295,323
295,324
295,325
:216_0,326
:216_0,327
:216_0,328
:216_0,329
:216_0,330
-209,331
-209,332
-209,333
-209,334
-209,335
-209,336
-209,337
-209,338
-209,339
-209,340
-209,341
-209,342
-209,343
-209,344
-209,345
-209,346
-209,347
-209,348
-209,349
-209,350
-209,351
-209,352
-209,353
-209,354
-209,355
-209,356
-209,357
-209,358
-209,359
-209,360
-209,361
-209,362
-209,363
-209,364
-209,365
-209,366
-209,367
-209,368
-209,369
-209,370
-209,371
-209,372
-209,373
-209,374
-209,375
-209,376
-209,377
-209,378
-209,379
-209,380
-209,381
-209,382
-209,383
-209,384
-209,385
-209,386
-209,387
-209,388
-209,389
-209,390
-209,391
-209,392
:45_2,393
:45_25,394
:45_25,395
:45_25,396
:45_25,397
:45_25,398
:45_25,399
:45_25,400
:45_25,401
:45_25,402
:45_25,403
208,404
208,405
208,406
208,407
208,408
208,409
208,410
208,411
208,412
208,413
208,414
208,415
208,416
208,417
208,418
208,419
208,420
208,421
208,422
208,423
208,424
208,425
208,426
208,427
208,428
208,429
208,430
208,431
208,432
208,433
208,434
208,435
208,436
208,437
208,438
208,439
208,440
208,441
208,442
208,443
208,444
208,445
208,446
208,447
208,448
208,449
208,450
208,451
208,452
208,453
208,454
208,455
208,456
208,457
208,458
208,459
208,460
208,461
208,462
208,463
208,464
208,465
208,466
208,467
208,468
208,469
208,470
208,471
208,472
208,473
208,474
208,475
208,476
208,477
208,478
208,479
208,480
208,481
208,482
208,483
208,484
208,485
208,486
208,487
208,488
208,489
208,490
208,491
208,492
208,493
208,494
208,495
208,496
208,497
208,498
208,499
208,500
208,501
208,502
208,503
208,504
208,505
208,506
208,507
208,508
208,509
208,510
208,511
208,512
208,513
208,514
208,515
208,516
208,517
208,518
208,519
208,520
208,521
208,522
208,523
208,524
208,525
208,526
208,527
208,528
208,529
208,530
208,531
208,532
208,533
208,534
208,535
208,536
208,537
208,538
208,539
208,540
208,541
208,542
208,543
208,544
208,545
208,546
208,547
208,548
208,549
208,550
208,551
208,552
208,553
208,554
208,555
208,556
208,557
208,558
208,559
208,560
208,561
208,562
208,563
208,564
208,565
208,566
208,567
:215_1,568
:215_1,569
:215_1,570
:215_1,571
:215_1,572
:215_1,573
401,574
401,575
401,576
401,577
401,578
401,579
401,580
401,581
401,582
401,583
401,584
401,585
401,586
401,587
401,588
401,589
401,590
401,591
401,592
401,593
401,594
401,595
401,596
401,597
401,598
401,599
401,600
401,601
401,602
401,603
401,604
401,605
401,606
401,607
401,608
401,609
401,610
401,611
401,612
401,613
401,614
401,615
401,616
401,617
401,618
401,619
401,620
401,621
401,622
401,623
401,624
401,625
401,626
401,627
401,628
401,629
401,630
401,631
401,632
401,633
401,634
401,635
401,636
401,637
401,638
401,639
401,640
401,641
401,642
401,643
401,644
401,645
401,646
401,647
401,648
401,649
401,650
401,651
401,652
401,653
401,654
401,655
401,656
401,657
401,658
401,659
401,660
401,661
401,662
401,663
401,664
401,665
401,666
401,667
401,668
401,669
401,670
401,671
401,672
401,673
401,674
401,675
401,676
401,677
401,678
401,679
401,680
401,681
401,682
401,683
401,684
401,685
401,686
401,687
401,688
401,689
401,690
401,691
401,692
401,693
401,694
401,695
401,696
401,697
401,698
401,699
401,700
401,701
401,702
401,703
401,704
401,705
401,706
401,707
401,708
401,709
401,710
401,711
401,712
401,713
401,714
401,715
401,716
401,717
401,718
401,719
401,720
401,721
401,722
401,723
401,724
401,725
401,726
401,727
401,728
401,729
401,730
401,731
401,732
401,733
401,734
401,735
401,736
401,737
401,738
401,739
401,740
401,741
401,742
401,743
401,744
401,745
401,746
:143_13,747
:143_13,748
:143_13,749
:143_13,750
:143_13,751
406,752
406,753
406,754
406,755
406,756
406,757
406,758
406,759
406,760
406,761
406,762
406,763
406,764
406,765
406,766
406,767
406,768
406,769
406,770
406,771
406,772
406,773
406,774
406,775
406,776
406,777
406,778
406,779
406,780
406,781
406,782
406,783
406,784
406,785
406,786
406,787
406,788
406,789
406,790
406,791
406,792
406,793
406,794
406,795
406,796
406,797
406,798
406,799
406,800
406,801
406,802
406,803
406,804
406,805
406,806
406,807
406,808
406,809
406,810
406,811
406,812
406,813
406,814
406,815
406,816
406,817
406,818
406,819
406,820
406,821
406,822
406,823
406,824
406,825
406,826
406,827
406,828
406,829
406,830
406,831
406,832
406,833
406,834
406,835
406,836
406,837
406,838
406,839
406,840
406,841
406,842
406,843
406,844
406,845
406,846
406,847
406,848
406,849
406,850
406,851
406,852
406,853
406,854
406,855
406,856
406,857
406,858
406,859
406,860
406,861
406,862
406,863
406,864
406,865
406,866
406,867
406,868
406,869
406,870
406,871
406,872
406,873
406,874
406,875
406,876
406,877
406,878
406,879
406,880
406,881
406,882
406,883
406,884
406,885
406,886
406,887
406,888
406,889
406,890
406,891
406,892
406,893
406,894
406,895
406,896
406,897
406,898
406,899
406,900
406,901
406,902
406,903
406,904
406,905
406,906
406,907
406,908
406,909
406,910
406,911
406,912
406,913
406,914
406,915
406,916
406,917
406,918
406,919
406,920
406,921
406,922
406,923
406,924
406,925
406,926
406,927
:28_7,928
:28_7,929
:28_7,930
:28_7,931
:28_7,932
:28_7,933
-24,934
-24,935
-24,936
-24,937
-24,938
-24,939
-24,940
-24,941
-24,942
-24,943
-24,944
-24,945
-24,946
-24,947
-24,948
-24,949
-24,950
-24,951
-24,952
-24,953
-24,954
-24,955
-24,956
-24,957
-24,958
-24,959
-24,960
-24,961
-24,962
-24,963
-24,964
-24,965
-24,966
-24,967
-24,968
-24,969
-24,970
-24,971
-24,972
-24,973
-24,974
-24,975
-24,976
-24,977
-24,978
-24,979
-24,980
-24,981
-24,982
-24,983
-24,984
-24,985
-24,986
-24,987
-24,988
-24,989
-24,990
-24,991
-24,992
-24,993
-24,994
-24,995
-24,996
-24,997
-24,998
-24,999
-24,1000
-24,1001
-24,1002
-24,1003
-24,1004
-24,1005
-24,1006
-24,1007
-24,1008
-24,1009
-24,1010
-24,1011
-24,1012
-24,1013
-24,1014
-24,1015
-24,1016
-24,1017
-24,1018
:24_2,1019
:24_2,1020
:24_2,1021
:24_2,1022
:24_2,1023
:24_2,1024
25,1025
25,1026
25,1027
25,1028
25,1029
25,1030
25,1031
25,1032
25,1033
25,1034
25,1035
25,1036
25,1037
25,1038
25,1039
25,1040
25,1041
25,1042
25,1043
25,1044
25,1045
25,1046
25,1047
25,1048
25,1049
25,1050
25,1051
25,1052
25,1053
25,1054
25,1055
25,1056
25,1057
25,1058
25,1059
25,1060
25,1061
25,1062
25,1063
25,1064
25,1065
25,1066
25,1067
25,1068
25,1069
25,1070
25,1071
25,1072
25,1073
25,1074
25,1075
25,1076
25,1077
25,1078
25,1079
25,1080
25,1081
25,1082
25,1083
25,1084
25,1085
25,1086
25,1087
25,1088
25,1089
25,1090
25,1091
25,1092
25,1093
25,1094
25,1095
25,1096
25,1097
25,1098
25,1099
25,1100
25,1101
25,1102
25,1103
25,1104
25,1105
25,1106
25,1107
25,1108
25,1109
25,1110
25,1111
25,1112
25,1113
25,1114
25,1115
25,1116
25,1117
25,1118
25,1119
25,1120
25,1121
25,1122
25,1123
25,1124
25,1125
25,1126
25,1127
25,1128
25,1129
25,1130
25,1131
25,1132
25,1133
25,1134
25,1135
25,1136
25,1137
25,1138
25,1139
25,1140
25,1141
25,1142
25,1143
25,1144
25,1145
25,1146
25,1147
25,1148
25,1149
25,1150
25,1151
25,1152
25,1153
25,1154
25,1155
25,1156
25,1157
25,1158
25,1159
25,1160
25,1161
25,1162
25,1163
:29_12,1164
:29_12,1165
:29_12,1166
491,1167
491,1168
491,1169
491,1170
491,1171
491,1172
491,1173
491,1174
491,1175
491,1176
491,1177
491,1178
491,1179
491,1180
491,1181
491,1182
491,1183
491,1184
491,1185
491,1186
491,1187
491,1188
491,1189
491,1190
491,1191
491,1192
491,1193
491,1194
491,1195
491,1196
491,1197
491,1198
491,1199
491,1200
491,1201
491,1202
491,1203
491,1204
491,1205
491,1206
491,1207
491,1208
491,1209
491,1210
491,1211
491,1212
491,1213
491,1214
491,1215
:411_1,1216
:411_1,1217
:411_1,1218
-689,1219
-689,1220
-689,1221
-689,1222
-689,1223
-689,1224
-689,1225
-689,1226
-689,1227
-689,1228
-689,1229
-689,1230
-689,1231
-689,1232
:264_2,1233
-270,1234
-270,1235
-270,1236
-270,1237
-270,1238
-270,1239
-270,1240
-270,1241
-270,1242
-270,1243
-270,1244
-270,1245
-270,1246
-270,1247
-270,1248
-270,1249
-270,1250
-270,1251
-270,1252
-270,1253
-270,1254
-270,1255
-270,1256
-270,1257
-270,1258
-270,1259
-270,1260
-270,1261
-270,1262
-270,1263
-270,1264
-270,1265
-270,1266
-270,1267
-270,1268
-270,1269
-270,1270
-270,1271
-270,1272
-270,1273
-270,1274
-270,1275
-270,1276
-270,1277
-270,1278
-270,1279
-270,1280
-270,1281
-270,1282
-270,1283
-270,1284
-270,1285
-270,1286
-270,1287
-270,1288
-270,1289
-270,1290
-270,1291
-270,1292
-270,1293
-270,1294
-270,1295
-270,1296
-270,1297
-270,1298
-270,1299
-270,1300
-270,1301
-270,1302
-270,1303
-270,1304
-270,1305
-270,1306
-270,1307
-270,1308
-270,1309
-270,1310
-270,1311
-270,1312
-270,1313
-270,1314
-270,1315
-270,1316
-270,1317
-270,1318
-270,1319
-270,1320
-270,1321
-270,1322
-270,1323
-270,1324
-270,1325
-270,1326
-270,1327
-270,1328
-270,1329
-270,1330
-270,1331
-270,1332
-270,1333
-270,1334
-270,1335
-270,1336
-270,1337
-270,1338
-270,1339
-270,1340
-270,1341
