-279,1
-279,2
-279,3
-279,4
-279,5
-279,6
-279,7
-279,8
-279,9
-279,10
-279,11
-279,12
-279,13
-279,14
-279,15
-279,16
-279,17
-279,18
-279,19
-279,20
-279,21
-279,22
-279,23
-279,24
-279,25
-279,26
-279,27
-279,28
-279,29
-279,30
-279,31
-279,32
-279,33
-279,34
-279,35
-279,36
-279,37
-279,38
-279,39
-279,40
-279,41
-279,42
-279,43
-279,44
-279,45
-279,46
-279,47
-279,48
-279,49
-279,50
-279,51
-279,52
-279,53
-279,54
-279,55
-279,56
-279,57
-279,58
-279,59
-279,60
-279,61
-279,62
-279,63
-279,64
-279,65
-279,66
-279,67
-279,68
-279,69
-279,70
-279,71
-279,72
-279,73
-279,74
-279,75
-279,76
-279,77
-279,78
-279,79
-279,80
-279,81
-279,82
-279,83
-279,84
-279,85
-279,86
-279,87
-279,88
-279,89
-279,90
:270_9,91
:270_9,92
:270_9,93
:270_9,94
:270_9,95
:270_9,96
:270_9,97
:270_9,98
280,99
280,100
280,101
280,102
280,103
280,104
280,105
280,106
280,107
280,108
280,109
280,110
280,111
280,112
280,113
280,114
280,115
280,116
280,117
280,118
280,119
280,120
280,121
280,122
280,123
280,124
280,125
280,126
280,127
280,128
280,129
280,130
280,131
280,132
280,133
280,134
280,135
280,136
280,137
280,138
280,139
280,140
280,141
280,142
280,143
280,144
280,145
280,146
280,147
280,148
280,149
280,150
280,151
280,152
280,153
280,154
280,155
280,156
280,157
280,158
280,159
280,160
280,161
280,162
280,163
280,164
280,165
280,166
280,167
280,168
280,169
280,170
280,171
280,172
280,173
280,174
280,175
280,176
280,177
280,178
280,179
280,180
280,181
280,182
280,183
280,184
280,185
280,186
280,187
280,188
543,189
543,190
543,191
543,192
543,193
543,194
543,195
543,196
543,197
543,198
543,199
543,200
543,201
543,202
543,203
543,204
543,205
543,206
543,207
543,208
543,209
543,210
543,211
543,212
543,213
543,214
543,215
543,216
543,217
543,218
543,219
543,220
543,221
543,222
543,223
543,224
543,225
543,226
543,227
543,228
543,229
543,230
543,231
543,232
543,233
543,234
543,235
543,236
543,237
543,238
543,239
543,240
543,241
543,242
543,243
543,244
543,245
543,246
543,247
543,248
543,249
543,250
543,251
543,252
543,253
543,254
543,255
543,256
543,257
543,258
543,259
543,260
543,261
543,262
543,263
543,264
543,265
543,266
543,267
543,268
543,269
543,270
543,271
543,272
543,273
543,274
543,275
543,276
543,277
543,278
543,279
543,280
543,281
543,282
543,283
543,284
543,285
543,286
543,287
543,288
543,289
543,290
543,291
543,292
543,293
543,294
543,295
543,296
543,297
543,298
543,299
543,300
543,301
543,302
543,303
543,304
543,305
543,306
543,307
543,308
543,309
543,310
543,311
543,312
543,313
543,314
543,315
543,316
543,317
543,318
543,319
543,320
543,321
543,322
543,323
543,324
543,325
543,326
543,327
543,328
543,329
543,330
543,331
543,332
543,333
543,334
543,335
543,336
543,337
543,338
543,339
543,340
543,341
543,342
543,343
543,344
543,345
543,346
543,347
543,348
543,349
543,350
543,351
543,352
543,353
543,354
543,355
543,356
543,357
543,358
543,359
543,360
543,361
543,362
543,363
543,364
543,365
543,366
543,367
543,368
543,369
543,370
543,371
543,372
543,373
543,374
543,375
543,376
543,377
543,378
543,379
543,380
543,381
543,382
543,383
543,384
-181,385
-181,386
-181,387
-181,388
-181,389
-181,390
-181,391
-181,392
-181,393
-181,394
-181,395
-181,396
-181,397
-181,398
-181,399
-181,400
-181,401
-181,402
-181,403
-181,404
-181,405
-181,406
-181,407
-181,408
-181,409
-181,410
-181,411
-181,412
-181,413
-181,414
-181,415
-181,416
-181,417
-181,418
-181,419
-181,420
-181,421
-181,422
-181,423
-181,424
-181,425
-181,426
-181,427
-181,428
-181,429
-181,430
-181,431
-181,432
-181,433
:194_4,434
:194_4,435
:194_4,436
:194_4,437
:194_4,438
:194_4,439
182,440
182,441
182,442
182,443
182,444
182,445
182,446
182,447
182,448
182,449
182,450
182,451
182,452
182,453
182,454
182,455
182,456
182,457
182,458
182,459
182,460
182,461
182,462
182,463
182,464
182,465
182,466
182,467
182,468
182,469
182,470
182,471
182,472
182,473
182,474
182,475
182,476
182,477
182,478
182,479
182,480
182,481
182,482
182,483
182,484
182,485
182,486
182,487
182,488
182,489
182,490
182,491
182,492
182,493
182,494
182,495
182,496
182,497
182,498
182,499
182,500
182,501
182,502
182,503
182,504
182,505
182,506
182,507
182,508
182,509
182,510
:196_5,511
:196_5,512
:196_5,513
:196_5,514
:196_5,515
:196_5,516
:196_5,517
206,518
206,519
206,520
206,521
206,522
206,523
206,524
206,525
206,526
206,527
206,528
206,529
206,530
206,531
206,532
206,533
206,534
206,535
206,536
206,537
206,538
206,539
206,540
206,541
206,542
206,543
206,544
206,545
206,546
206,547
206,548
206,549
206,550
206,551
206,552
206,553
206,554
206,555
206,556
206,557
206,558
206,559
206,560
206,561
206,562
206,563
206,564
206,565
206,566
206,567
206,568
206,569
206,570
206,571
206,572
206,573
206,574
206,575
206,576
206,577
206,578
206,579
206,580
206,581
206,582
:103_4,583
:103_4,584
:103_4,585
:103_4,586
:103_4,587
:103_4,588
-88,589
-88,590
-88,591
-88,592
-88,593
-88,594
-88,595
-88,596
-88,597
-88,598
-88,599
-88,600
-88,601
-88,602
-88,603
-88,604
-88,605
-88,606
-88,607
-88,608
-88,609
-88,610
-88,611
-88,612
-88,613
-88,614
-88,615
-88,616
-88,617
-88,618
-88,619
-88,620
-88,621
-88,622
-88,623
-88,624
-88,625
-88,626
-88,627
-88,628
-88,629
-88,630
-88,631
-88,632
-88,633
-88,634
-88,635
-88,636
-88,637
-88,638
-88,639
-88,640
-88,641
-88,642
-88,643
-88,644
-88,645
-88,646
-88,647
-88,648
-88,649
-88,650
-88,651
-88,652
-88,653
-88,654
-88,655
-88,656
-88,657
-88,658
-88,659
-88,660
-88,661
-88,662
-88,663
-88,664
-88,665
-88,666
-88,667
-88,668
-88,669
-88,670
-88,671
-88,672
-88,673
-88,674
-88,675
-88,676
-88,677
-88,678
-88,679
-88,680
-88,681
-88,682
-88,683
:27_5,684
:27_5,685
:27_5,686
:27_5,687
:27_5,688
:27_5,689
86,690
86,691
86,692
86,693
86,694
86,695
86,696
86,697
86,698
86,699
86,700
86,701
86,702
86,703
86,704
86,705
86,706
86,707
86,708
86,709
86,710
86,711
86,712
86,713
86,714
86,715
86,716
86,717
86,718
86,719
86,720
86,721
86,722
86,723
86,724
86,725
86,726
86,727
86,728
86,729
86,730
86,731
86,732
86,733
86,734
86,735
86,736
86,737
86,738
86,739
86,740
86,741
86,742
86,743
86,744
86,745
86,746
86,747
86,748
86,749
86,750
86,751
86,752
86,753
86,754
86,755
86,756
86,757
86,758
86,759
86,760
86,761
86,762
86,763
86,764
86,765
86,766
86,767
86,768
86,769
86,770
86,771
86,772
86,773
86,774
86,775
86,776
86,777
86,778
86,779
86,780
86,781
86,782
86,783
86,784
86,785
86,786
86,787
86,788
:101_4,789
:101_4,790
:101_4,791
:101_4,792
:101_4,793
:101_4,794
-147,795
-147,796
-147,797
-147,798
-147,799
-147,800
-147,801
-147,802
-147,803
-147,804
-147,805
-147,806
-147,807
-147,808
-147,809
-147,810
-147,811
-147,812
-147,813
-147,814
-147,815
-147,816
-147,817
-147,818
-147,819
-147,820
-147,821
-147,822
-147,823
-147,824
-147,825
-147,826
-147,827
-147,828
-147,829
-147,830
-147,831
-147,832
-147,833
-147,834
-147,835
-147,836
-147,837
-147,838
-147,839
-147,840
-147,841
-147,842
-147,843
-147,844
-147,845
-147,846
-147,847
-147,848
-147,849
-147,850
-147,851
-147,852
-147,853
-147,854
-147,855
-147,856
-147,857
-147,858
-147,859
-147,860
-147,861
-147,862
-147,863
:160_5,864
:160_5,865
:160_5,866
:160_5,867
:160_5,868
:160_5,869
148,870
148,871
148,872
148,873
148,874
148,875
148,876
148,877
148,878
148,879
148,880
148,881
148,882
148,883
148,884
148,885
148,886
148,887
148,888
148,889
148,890
148,891
148,892
148,893
148,894
148,895
148,896
148,897
148,898
148,899
148,900
148,901
148,902
148,903
148,904
148,905
148,906
148,907
148,908
148,909
148,910
148,911
148,912
148,913
148,914
148,915
148,916
148,917
148,918
148,919
148,920
148,921
148,922
148,923
148,924
148,925
148,926
148,927
148,928
148,929
148,930
148,931
148,932
148,933
148,934
148,935
148,936
148,937
148,938
148,939
148,940
148,941
148,942
148,943
148,944
148,945
148,946
148,947
148,948
148,949
148,950
148,951
148,952
148,953
148,954
148,955
148,956
148,957
148,958
148,959
148,960
148,961
148,962
:163_5,963
:163_5,964
:163_5,965
:163_5,966
:163_5,967
:163_5,968
179,969
179,970
179,971
179,972
179,973
179,974
179,975
179,976
179,977
179,978
179,979
179,980
179,981
179,982
179,983
179,984
179,985
179,986
179,987
179,988
179,989
179,990
179,991
179,992
179,993
179,994
179,995
179,996
179,997
179,998
179,999
179,1000
179,1001
179,1002
179,1003
179,1004
179,1005
179,1006
179,1007
179,1008
179,1009
179,1010
179,1011
179,1012
179,1013
179,1014
179,1015
179,1016
179,1017
179,1018
179,1019
179,1020
179,1021
179,1022
179,1023
179,1024
179,1025
179,1026
179,1027
179,1028
179,1029
179,1030
179,1031
179,1032
179,1033
179,1034
179,1035
179,1036
179,1037
179,1038
179,1039
179,1040
179,1041
179,1042
179,1043
179,1044
179,1045
179,1046
179,1047
179,1048
179,1049
179,1050
179,1051
179,1052
179,1053
179,1054
179,1055
179,1056
179,1057
179,1058
179,1059
:192_0,1060
:192_0,1061
:192_0,1062
:192_0,1063
:192_0,1064
:192_0,1065
-436,1066
-436,1067
-436,1068
-436,1069
-436,1070
-436,1071
-436,1072
-436,1073
-436,1074
-436,1075
-436,1076
-436,1077
-436,1078
-436,1079
-436,1080
-436,1081
-436,1082
-436,1083
-436,1084
-436,1085
-436,1086
-436,1087
-436,1088
-436,1089
-436,1090
-436,1091
-436,1092
-436,1093
-436,1094
-436,1095
-436,1096
-436,1097
-436,1098
-436,1099
-436,1100
-436,1101
-436,1102
-436,1103
-436,1104
-436,1105
-436,1106
-436,1107
-436,1108
-436,1109
-436,1110
-436,1111
-436,1112
-436,1113
-436,1114
-436,1115
-436,1116
-436,1117
-436,1118
-436,1119
-436,1120
-436,1121
-436,1122
-436,1123
-436,1124
-436,1125
-436,1126
-436,1127
-436,1128
-436,1129
-436,1130
-436,1131
-436,1132
-436,1133
-436,1134
-436,1135
-436,1136
-436,1137
-436,1138
-436,1139
-436,1140
-436,1141
-436,1142
-436,1143
-436,1144
-436,1145
-436,1146
-436,1147
-436,1148
-436,1149
-436,1150
-436,1151
-436,1152
-436,1153
-436,1154
-436,1155
-436,1156
-436,1157
-436,1158
-436,1159
-436,1160
-436,1161
-436,1162
-436,1163
-436,1164
-436,1165
-436,1166
-436,1167
-436,1168
-436,1169
-436,1170
-436,1171
-436,1172
-436,1173
-436,1174
-436,1175
-436,1176
-436,1177
-436,1178
-436,1179
-436,1180
-436,1181
-436,1182
-436,1183
-436,1184
-436,1185
-436,1186
-436,1187
-436,1188
-436,1189
-436,1190
:244_9,1191
:244_9,1192
:244_9,1193
:244_9,1194
:244_9,1195
:244_9,1196
-300,1197
-300,1198
-300,1199
-300,1200
-300,1201
-300,1202
-300,1203
-300,1204
-300,1205
-300,1206
-300,1207
-300,1208
-300,1209
-300,1210
-300,1211
-300,1212
-300,1213
-300,1214
-300,1215
-300,1216
-300,1217
-300,1218
-300,1219
-300,1220
-300,1221
-300,1222
-300,1223
-300,1224
-300,1225
-300,1226
-300,1227
-300,1228
-300,1229
-300,1230
-300,1231
-300,1232
-300,1233
-300,1234
-300,1235
-300,1236
-300,1237
-300,1238
-300,1239
-300,1240
-300,1241
-300,1242
-300,1243
-300,1244
-300,1245
-300,1246
-300,1247
-300,1248
-300,1249
-300,1250
-300,1251
-300,1252
-300,1253
-300,1254
-300,1255
-300,1256
-300,1257
-300,1258
-300,1259
-300,1260
-300,1261
-300,1262
-300,1263
-300,1264
-300,1265
-300,1266
-300,1267
-300,1268
-300,1269
-300,1270
-300,1271
-300,1272
-300,1273
-300,1274
-300,1275
-300,1276
-300,1277
-300,1278
-300,1279
-300,1280
-300,1281
-300,1282
-300,1283
-300,1284
-300,1285
-300,1286
-300,1287
-300,1288
-300,1289
-300,1290
-300,1291
-300,1292
-300,1293
-300,1294
-300,1295
-300,1296
-300,1297
-300,1298
-300,1299
-300,1300
-300,1301
-300,1302
-300,1303
-300,1304
-300,1305
-300,1306
-300,1307
-300,1308
-300,1309
-300,1310
-300,1311
-300,1312
-300,1313
-300,1314
-300,1315
-300,1316
-300,1317
-300,1318
-300,1319
-300,1320
-300,1321
-300,1322
-300,1323
-300,1324
-300,1325
-300,1326
:285_5,1327
:285_5,1328
:285_5,1329
:285_5,1330
:285_5,1331
:285_5,1332
:285_5,1333
298,1334
298,1335
298,1336
298,1337
298,1338
298,1339
298,1340
298,1341
298,1342
298,1343
298,1344
298,1345
298,1346
298,1347
298,1348
298,1349
298,1350
298,1351
298,1352
298,1353
298,1354
298,1355
298,1356
298,1357
298,1358
298,1359
298,1360
298,1361
298,1362
298,1363
298,1364
298,1365
298,1366
298,1367
298,1368
298,1369
298,1370
298,1371
298,1372
298,1373
298,1374
298,1375
298,1376
298,1377
298,1378
298,1379
298,1380
298,1381
298,1382
298,1383
298,1384
298,1385
298,1386
298,1387
298,1388
298,1389
298,1390
298,1391
298,1392
298,1393
298,1394
298,1395
298,1396
298,1397
298,1398
298,1399
298,1400
298,1401
298,1402
298,1403
298,1404
298,1405
298,1406
298,1407
:286_9,1408
:286_9,1409
:286_9,1410
:286_9,1411
:286_9,1412
:286_9,1413
477,1414
477,1415
477,1416
477,1417
477,1418
477,1419
477,1420
477,1421
477,1422
477,1423
477,1424
477,1425
477,1426
477,1427
477,1428
477,1429
477,1430
477,1431
477,1432
477,1433
477,1434
477,1435
477,1436
477,1437
477,1438
477,1439
477,1440
477,1441
477,1442
477,1443
477,1444
477,1445
477,1446
477,1447
477,1448
477,1449
477,1450
477,1451
477,1452
477,1453
477,1454
477,1455
477,1456
477,1457
477,1458
477,1459
477,1460
477,1461
477,1462
477,1463
477,1464
477,1465
477,1466
477,1467
477,1468
477,1469
477,1470
477,1471
477,1472
477,1473
477,1474
477,1475
477,1476
477,1477
477,1478
477,1479
477,1480
477,1481
477,1482
477,1483
477,1484
477,1485
477,1486
477,1487
477,1488
477,1489
477,1490
477,1491
477,1492
477,1493
477,1494
477,1495
477,1496
477,1497
477,1498
477,1499
477,1500
477,1501
477,1502
477,1503
:158_9,1504
:158_9,1505
:158_9,1506
:158_9,1507
:158_9,1508
:158_9,1509
-143,1510
-143,1511
-143,1512
-143,1513
-143,1514
-143,1515
-143,1516
-143,1517
-143,1518
-143,1519
-143,1520
-143,1521
-143,1522
-143,1523
-143,1524
-143,1525
-143,1526
-143,1527
-143,1528
-143,1529
-143,1530
-143,1531
-143,1532
-143,1533
-143,1534
-143,1535
-143,1536
-143,1537
-143,1538
-143,1539
-143,1540
-143,1541
-143,1542
-143,1543
-143,1544
-143,1545
-143,1546
-143,1547
-143,1548
-143,1549
-143,1550
-143,1551
-143,1552
-143,1553
-143,1554
-143,1555
-143,1556
-143,1557
-143,1558
-143,1559
-143,1560
-143,1561
-143,1562
-143,1563
-143,1564
-143,1565
-143,1566
-143,1567
-143,1568
-143,1569
-143,1570
-143,1571
-143,1572
-143,1573
-143,1574
-143,1575
-143,1576
-143,1577
-143,1578
-143,1579
-143,1580
-143,1581
-143,1582
-143,1583
:135_3,1584
:135_3,1585
:135_3,1586
:135_3,1587
-118,1588
-118,1589
-118,1590
-118,1591
-118,1592
-118,1593
-118,1594
-118,1595
-118,1596
-118,1597
-118,1598
-118,1599
-118,1600
-118,1601
-118,1602
-118,1603
-118,1604
-118,1605
-118,1606
-118,1607
-118,1608
-118,1609
-118,1610
-118,1611
-118,1612
-118,1613
-118,1614
-118,1615
-118,1616
-118,1617
-118,1618
-118,1619
-118,1620
-118,1621
-118,1622
-118,1623
-118,1624
-118,1625
-118,1626
-118,1627
-118,1628
-118,1629
-118,1630
-118,1631
-118,1632
-118,1633
-118,1634
-118,1635
-118,1636
-118,1637
-118,1638
-118,1639
-118,1640
-118,1641
-118,1642
-118,1643
-118,1644
-118,1645
-118,1646
-118,1647
-118,1648
-118,1649
-118,1650
-118,1651
-118,1652
-118,1653
-118,1654
-118,1655
-118,1656
-118,1657
-118,1658
-118,1659
-118,1660
-118,1661
-118,1662
-118,1663
-118,1664
-118,1665
-118,1666
-118,1667
-118,1668
-118,1669
-118,1670
-118,1671
-118,1672
-118,1673
-118,1674
-118,1675
-118,1676
-118,1677
-118,1678
-118,1679
-118,1680
-118,1681
-118,1682
-118,1683
-118,1684
-118,1685
-118,1686
-118,1687
-118,1688
-118,1689
-118,1690
-118,1691
-118,1692
-118,1693
-118,1694
-118,1695
-118,1696
-118,1697
-118,1698
-118,1699
-118,1700
-118,1701
-118,1702
-118,1703
-118,1704
-118,1705
-118,1706
-118,1707
-118,1708
-118,1709
-118,1710
-118,1711
-118,1712
-118,1713
-118,1714
-118,1715
-118,1716
-118,1717
-118,1718
-118,1719
-118,1720
-118,1721
-118,1722
-118,1723
-118,1724
-118,1725
-118,1726
-118,1727
-118,1728
-118,1729
-118,1730
-118,1731
-118,1732
-118,1733
-118,1734
-118,1735
-118,1736
-118,1737
-118,1738
-118,1739
-118,1740
-118,1741
-118,1742
-118,1743
-118,1744
-118,1745
-118,1746
-118,1747
-118,1748
-118,1749
-118,1750
-118,1751
-118,1752
-118,1753
-118,1754
-118,1755
-118,1756
-118,1757
-118,1758
-118,1759
-118,1760
-118,1761
-118,1762
-118,1763
-118,1764
-118,1765
-118,1766
-118,1767
-118,1768
-118,1769
-118,1770
-118,1771
-118,1772
-118,1773
-118,1774
-118,1775
-118,1776
-118,1777
-118,1778
-118,1779
-118,1780
-118,1781
-118,1782
-118,1783
-118,1784
-118,1785
-118,1786
-118,1787
-118,1788
:47_14,1789
:47_14,1790
:47_14,1791
:47_14,1792
:47_14,1793
:47_14,1794
117,1795
117,1796
117,1797
117,1798
117,1799
117,1800
117,1801
117,1802
117,1803
117,1804
117,1805
117,1806
117,1807
117,1808
117,1809
117,1810
117,1811
117,1812
117,1813
117,1814
117,1815
117,1816
117,1817
117,1818
117,1819
117,1820
117,1821
117,1822
117,1823
117,1824
117,1825
117,1826
117,1827
117,1828
117,1829
117,1830
117,1831
117,1832
117,1833
117,1834
117,1835
117,1836
117,1837
117,1838
117,1839
117,1840
117,1841
117,1842
117,1843
117,1844
117,1845
117,1846
117,1847
117,1848
117,1849
117,1850
117,1851
117,1852
117,1853
117,1854
117,1855
117,1856
117,1857
117,1858
117,1859
117,1860
117,1861
117,1862
117,1863
117,1864
117,1865
117,1866
117,1867
117,1868
117,1869
117,1870
117,1871
117,1872
117,1873
117,1874
117,1875
117,1876
117,1877
117,1878
117,1879
117,1880
117,1881
117,1882
117,1883
117,1884
117,1885
117,1886
117,1887
117,1888
117,1889
117,1890
117,1891
117,1892
117,1893
117,1894
117,1895
117,1896
117,1897
117,1898
117,1899
117,1900
117,1901
117,1902
117,1903
117,1904
117,1905
117,1906
117,1907
117,1908
117,1909
117,1910
117,1911
117,1912
117,1913
117,1914
117,1915
117,1916
117,1917
117,1918
117,1919
117,1920
117,1921
117,1922
117,1923
117,1924
:134_7,1925
:134_7,1926
:134_7,1927
:134_7,1928
:134_7,1929
:134_7,1930
-322,1931
-322,1932
-322,1933
-322,1934
-322,1935
-322,1936
-322,1937
-322,1938
-322,1939
-322,1940
-322,1941
-322,1942
-322,1943
-322,1944
-322,1945
-322,1946
-322,1947
-322,1948
-322,1949
-322,1950
-322,1951
-322,1952
-322,1953
-322,1954
-322,1955
-322,1956
-322,1957
-322,1958
-322,1959
-322,1960
-322,1961
-322,1962
-322,1963
-322,1964
-322,1965
-322,1966
-322,1967
-322,1968
-322,1969
-322,1970
-322,1971
-322,1972
-322,1973
-322,1974
-322,1975
-322,1976
-322,1977
-322,1978
-322,1979
-322,1980
-322,1981
-322,1982
-322,1983
-322,1984
-322,1985
-322,1986
-322,1987
-322,1988
-322,1989
-322,1990
-322,1991
-322,1992
-322,1993
-322,1994
-322,1995
-322,1996
-322,1997
-322,1998
-322,1999
-322,2000
