-41,21
-41,22
-41,23
-41,24
-41,25
-41,26
-41,27
-41,28
-41,29
-41,30
-41,31
-41,32
-41,33
-41,34
-41,35
-41,36
-41,37
-41,38
-41,39
-41,40
-41,41
-41,42
-41,43
-41,44
-41,45
-41,46
-41,47
-41,48
-41,49
-41,50
-41,51
-41,52
-41,53
-41,54
-41,55
-41,56
-41,57
-41,58
-41,59
-41,60
-41,61
-41,62
-41,63
-41,64
-41,65
-41,66
-41,67
-41,68
-41,69
-41,70
-41,71
-41,72
-41,73
-41,74
-41,75
-41,76
-41,77
-41,78
-41,79
-41,80
-41,81
-41,82
-41,83
-41,84
-41,85
-41,86
-41,87
-41,88
-41,89
-41,90
-41,91
-41,92
-41,93
-41,94
-41,95
-41,96
-41,97
-41,98
-41,99
-41,100
-41,101
-41,102
-41,103
-41,104
-41,105
-41,106
-41,107
-41,108
-41,109
-41,110
-41,111
-41,112
-41,113
-41,114
-41,115
-41,116
-41,117
-41,118
-41,119
-41,120
-41,121
-41,122
-41,123
-41,124
-41,125
-41,126
-41,127
-41,128
-41,129
-41,130
-41,131
-41,132
-41,133
-41,134
-41,135
-41,136
-41,137
-41,138
-41,139
-41,140
-41,141
-41,142
-41,143
-41,144
-41,145
-41,146
-41,147
-41,148
-41,149
-41,150
-41,151
-41,152
-41,153
-41,154
-41,155
-41,156
-41,157
-41,158
-41,159
-41,160
-41,161
-41,162
-41,163
-41,164
-41,165
-41,166
-41,167
-41,168
-41,169
-41,170
-41,171
-41,172
-41,173
-41,174
-41,175
-41,176
-41,177
-41,178
-41,179
-41,180
-41,181
-41,182
-41,183
-41,184
-41,185
-41,186
-41,187
-41,188
-41,189
-41,190
-41,191
-41,192
-41,193
-41,194
-41,195
-41,196
-41,197
-41,198
-41,199
-41,200
-41,201
-41,202
-41,203
-41,204
-41,205
-41,206
-41,207
-41,208
-41,209
-41,210
-41,211
-41,212
-41,213
-41,214
-41,215
-41,216
-41,217
-41,218
-41,219
-41,220
-41,221
-41,222
-41,223
-41,224
-41,225
-41,226
-41,227
-41,228
-41,229
-41,230
-41,231
-41,232
-41,233
-41,234
-41,235
-41,236
-41,237
-41,238
-41,239
-41,240
-41,241
-41,242
-41,243
-41,244
-41,245
-41,246
-41,247
-41,248
-41,249
-41,250
-41,251
-41,252
-41,253
-41,254
-41,255
-41,256
-41,257
-41,258
-41,259
-41,260
-41,261
-41,262
-41,263
-41,264
-41,265
-41,266
-41,267
-41,268
-41,269
-41,270
-41,271
-41,272
-41,273
-41,274
-41,275
-41,276
-41,277
-41,278
-41,279
-41,280
-41,281
-41,282
-41,283
-41,284
-41,285
-41,286
-41,287
-41,288
-41,289
-41,290
-41,291
-41,292
-41,293
-41,294
-41,295
-41,296
-41,297
-41,298
-41,299
-41,300
-41,301
-41,302
-41,303
-41,304
-41,305
-41,306
-41,307
-41,308
-41,309
-41,310
-41,311
-41,312
-41,313
-41,314
-41,315
-41,316
-41,317
-41,318
-41,319
-41,320
-41,321
-41,322
-41,323
-41,324
-41,325
-41,326
-41,327
-41,328
-41,329
-41,330
-41,331
-41,332
-41,333
-41,334
-41,335
-41,336
-41,337
-41,338
-41,339
-41,340
-41,341
-41,342
-41,343
-41,344
-41,345
-41,346
-41,347
-41,348
-41,349
-41,350
-41,351
-41,352
-41,353
-41,354
-41,355
-41,356
-41,357
-41,358
-41,359
-41,360
-41,361
-41,362
-41,363
-41,364
-41,365
-41,366
-41,367
-41,368
-41,369
-41,370
-41,371
-41,372
-41,373
-41,374
-41,375
-41,376
-41,377
-41,378
-41,379
-41,380
-41,381
-41,382
-41,383
-41,384
-41,385
-41,386
-41,387
-41,388
-41,389
-41,390
-41,391
-41,392
-41,393
-41,394
-41,395
-41,396
-41,397
-41,398
-41,399
-41,400
-41,401
-41,402
-41,403
-41,404
-41,405
-41,406
-41,407
-41,408
-41,409
-41,410
-41,411
-41,412
-41,413
-41,414
-41,415
-41,416
-41,417
-41,418
-41,419
-41,420
-41,421
-41,422
-41,423
-41,424
-41,425
-41,426
-41,427
-41,428
-41,429
-41,430
-41,431
-41,432
-41,433
-41,434
-41,435
-41,436
-41,437
-41,438
-41,439
-41,440
-41,441
-41,442
-41,443
-41,444
-41,445
-41,446
-41,447
-41,448
-41,449
-41,450
-41,451
-41,452
-41,453
-41,454
-41,455
-41,456
-41,457
-41,458
-41,459
-41,460
-41,461
:48_1,462
:48_1,463
:48_1,464
:48_1,465
:48_1,466
42,467
42,468
42,469
42,470
42,471
42,472
42,473
42,474
42,475
42,476
42,477
42,478
42,479
42,480
42,481
42,482
42,483
42,484
42,485
42,486
42,487
42,488
42,489
42,490
42,491
42,492
42,493
42,494
42,495
42,496
42,497
42,498
42,499
42,500
42,501
42,502
42,503
42,504
42,505
42,506
42,507
42,508
42,509
42,510
42,511
42,512
42,513
42,514
42,515
42,516
42,517
42,518
42,519
42,520
42,521
42,522
42,523
42,524
42,525
42,526
42,527
42,528
42,529
42,530
42,531
42,532
42,533
42,534
42,535
42,536
42,537
42,538
42,539
42,540
42,541
42,542
42,543
42,544
42,545
42,546
42,547
42,548
42,549
42,550
42,551
42,552
42,553
42,554
42,555
42,556
42,557
42,558
42,559
42,560
42,561
42,562
42,563
42,564
42,565
42,566
42,567
42,568
42,569
42,570
42,571
42,572
42,573
42,574
42,575
42,576
42,577
42,578
42,579
42,580
42,581
42,582
42,583
42,584
42,585
42,586
42,587
42,588
42,589
42,590
42,591
42,592
42,593
:44_1,594
:44_1,595
:44_1,596
:44_1,597
:44_1,598
-36,599
-36,600
-36,601
-36,602
-36,603
-36,604
-36,605
-36,606
-36,607
-36,608
-36,609
-36,610
-36,611
-36,612
-36,613
-36,614
-36,615
-36,616
-36,617
-36,618
-36,619
-36,620
-36,621
-36,622
-36,623
-36,624
-36,625
-36,626
-36,627
-36,628
-36,629
-36,630
-36,631
-36,632
-36,633
-36,634
-36,635
-36,636
-36,637
-36,638
-36,639
-36,640
-36,641
-36,642
-36,643
-36,644
-36,645
-36,646
-36,647
-36,648
-36,649
-36,650
-36,651
-36,652
-36,653
-36,654
-36,655
-36,656
-36,657
-36,658
-36,659
-36,660
-36,661
-36,662
-36,663
-36,664
-36,665
-36,666
-36,667
-36,668
-36,669
-36,670
-36,671
-36,672
-36,673
-36,674
-36,675
-36,676
-36,677
-36,678
-36,679
-36,680
-36,681
-36,682
-36,683
-36,684
-36,685
-36,686
-36,687
-36,688
-36,689
-36,690
-36,691
-36,692
-36,693
-36,694
-36,695
-36,696
-36,697
-36,698
-36,699
-36,700
-36,701
-36,702
-36,703
-36,704
-36,705
-36,706
-36,707
-36,708
-36,709
-36,710
-36,711
-36,712
-36,713
-36,714
-36,715
-36,716
-36,717
-36,718
-36,719
-36,720
-36,721
-36,722
-36,723
-36,724
-36,725
-36,726
-36,727
-36,728
-36,729
-36,730
-36,731
-36,732
-36,733
-36,734
-36,735
-36,736
-36,737
-36,738
-36,739
-36,740
-36,741
-36,742
-36,743
:43_1,744
:43_1,745
:43_1,746
:43_1,747
:43_1,748
:43_1,749
37,750
37,751
37,752
37,753
37,754
37,755
37,756
37,757
37,758
37,759
37,760
37,761
37,762
37,763
37,764
37,765
37,766
37,767
37,768
37,769
37,770
37,771
37,772
37,773
37,774
37,775
37,776
37,777
37,778
37,779
37,780
37,781
37,782
37,783
37,784
37,785
37,786
37,787
37,788
37,789
37,790
37,791
37,792
37,793
37,794
37,795
37,796
37,797
37,798
37,799
37,800
37,801
37,802
37,803
37,804
37,805
37,806
37,807
37,808
37,809
37,810
37,811
37,812
37,813
37,814
37,815
37,816
37,817
37,818
37,819
37,820
37,821
37,822
37,823
37,824
37,825
37,826
37,827
37,828
37,829
37,830
37,831
37,832
37,833
37,834
37,835
37,836
37,837
37,838
37,839
37,840
37,841
37,842
37,843
37,844
37,845
37,846
37,847
37,848
37,849
37,850
37,851
37,852
37,853
37,854
37,855
37,856
37,857
37,858
37,859
37,860
37,861
37,862
37,863
37,864
37,865
37,866
37,867
37,868
37,869
37,870
37,871
37,872
37,873
37,874
37,875
37,876
37,877
:45_21,878
:45_21,879
:45_21,880
:45_21,881
:45_21,882
:45_21,883
:45_21,884
:45_21,885
:45_21,886
:45_21,887
:45_21,888
:45_21,889
208,890
208,891
208,892
208,893
208,894
208,895
208,896
208,897
208,898
208,899
208,900
208,901
208,902
208,903
208,904
208,905
208,906
208,907
208,908
208,909
208,910
208,911
208,912
208,913
208,914
208,915
208,916
208,917
208,918
208,919
208,920
208,921
208,922
208,923
208,924
208,925
208,926
208,927
208,928
208,929
208,930
208,931
208,932
208,933
208,934
208,935
208,936
208,937
208,938
208,939
208,940
208,941
208,942
208,943
208,944
208,945
208,946
208,947
208,948
208,949
208,950
208,951
208,952
208,953
208,954
208,955
208,956
208,957
208,958
208,959
208,960
208,961
208,962
208,963
208,964
208,965
208,966
208,967
208,968
208,969
208,970
208,971
208,972
208,973
208,974
208,975
208,976
208,977
208,978
208,979
208,980
208,981
208,982
208,983
208,984
208,985
208,986
208,987
208,988
208,989
208,990
208,991
208,992
208,993
208,994
208,995
208,996
208,997
208,998
208,999
208,1000
208,1001
208,1002
208,1003
208,1004
208,1005
208,1006
208,1007
208,1008
208,1009
208,1010
208,1011
208,1012
208,1013
208,1014
208,1015
208,1016
208,1017
208,1018
208,1019
208,1020
208,1021
208,1022
208,1023
208,1024
208,1025
208,1026
208,1027
208,1028
208,1029
208,1030
208,1031
208,1032
208,1033
208,1034
208,1035
208,1036
208,1037
208,1038
208,1039
208,1040
208,1041
208,1042
208,1043
208,1044
208,1045
208,1046
208,1047
208,1048
208,1049
208,1050
208,1051
208,1052
208,1053
208,1054
208,1055
208,1056
:215_1,1057
:215_1,1058
:215_1,1059
:215_1,1060
:215_1,1061
:215_1,1062
401,1063
401,1064
401,1065
401,1066
401,1067
401,1068
401,1069
401,1070
401,1071
401,1072
401,1073
401,1074
401,1075
401,1076
401,1077
401,1078
401,1079
401,1080
401,1081
401,1082
401,1083
401,1084
401,1085
401,1086
401,1087
401,1088
401,1089
401,1090
401,1091
401,1092
401,1093
401,1094
401,1095
401,1096
401,1097
401,1098
401,1099
401,1100
401,1101
401,1102
401,1103
401,1104
401,1105
401,1106
401,1107
401,1108
401,1109
401,1110
401,1111
401,1112
401,1113
401,1114
401,1115
401,1116
401,1117
401,1118
401,1119
401,1120
401,1121
401,1122
401,1123
401,1124
401,1125
401,1126
401,1127
401,1128
401,1129
401,1130
401,1131
401,1132
401,1133
401,1134
401,1135
401,1136
401,1137
401,1138
401,1139
401,1140
401,1141
401,1142
401,1143
401,1144
401,1145
401,1146
401,1147
401,1148
401,1149
401,1150
401,1151
401,1152
401,1153
401,1154
401,1155
401,1156
401,1157
401,1158
401,1159
401,1160
401,1161
401,1162
401,1163
401,1164
401,1165
401,1166
401,1167
401,1168
401,1169
401,1170
401,1171
401,1172
401,1173
401,1174
401,1175
401,1176
401,1177
401,1178
401,1179
401,1180
401,1181
401,1182
401,1183
401,1184
401,1185
401,1186
401,1187
401,1188
401,1189
401,1190
401,1191
401,1192
401,1193
401,1194
401,1195
401,1196
401,1197
401,1198
401,1199
401,1200
401,1201
401,1202
401,1203
401,1204
401,1205
401,1206
401,1207
401,1208
401,1209
401,1210
401,1211
401,1212
401,1213
401,1214
401,1215
401,1216
401,1217
401,1218
401,1219
401,1220
401,1221
401,1222
401,1223
401,1224
401,1225
401,1226
401,1227
401,1228
401,1229
401,1230
401,1231
401,1232
401,1233
401,1234
401,1235
401,1236
401,1237
401,1238
:143_13,1239
:143_13,1240
:143_13,1241
:143_13,1242
:143_13,1243
406,1244
406,1245
406,1246
406,1247
406,1248
406,1249
406,1250
406,1251
406,1252
406,1253
406,1254
406,1255
406,1256
406,1257
406,1258
406,1259
406,1260
406,1261
406,1262
406,1263
406,1264
406,1265
406,1266
406,1267
406,1268
406,1269
406,1270
406,1271
406,1272
406,1273
406,1274
406,1275
406,1276
406,1277
406,1278
406,1279
406,1280
406,1281
406,1282
406,1283
406,1284
406,1285
406,1286
406,1287
406,1288
406,1289
406,1290
406,1291
406,1292
406,1293
406,1294
406,1295
406,1296
406,1297
406,1298
406,1299
406,1300
406,1301
406,1302
406,1303
406,1304
406,1305
406,1306
406,1307
406,1308
406,1309
406,1310
406,1311
406,1312
406,1313
406,1314
406,1315
406,1316
406,1317
406,1318
406,1319
406,1320
406,1321
406,1322
406,1323
406,1324
406,1325
406,1326
406,1327
406,1328
406,1329
406,1330
406,1331
406,1332
406,1333
406,1334
406,1335
406,1336
406,1337
406,1338
406,1339
406,1340
406,1341
406,1342
406,1343
406,1344
406,1345
406,1346
406,1347
406,1348
406,1349
406,1350
406,1351
406,1352
406,1353
406,1354
406,1355
406,1356
406,1357
406,1358
406,1359
406,1360
406,1361
406,1362
406,1363
406,1364
406,1365
406,1366
406,1367
406,1368
406,1369
406,1370
406,1371
406,1372
406,1373
406,1374
406,1375
406,1376
406,1377
406,1378
406,1379
406,1380
406,1381
406,1382
406,1383
406,1384
406,1385
406,1386
406,1387
406,1388
406,1389
406,1390
406,1391
406,1392
406,1393
406,1394
406,1395
406,1396
406,1397
406,1398
406,1399
406,1400
406,1401
406,1402
406,1403
406,1404
406,1405
406,1406
406,1407
406,1408
406,1409
406,1410
406,1411
406,1412
406,1413
406,1414
406,1415
406,1416
406,1417
406,1418
406,1419
406,1420
406,1421
406,1422
406,1423
:28_6,1424
:28_6,1425
:28_6,1426
:28_6,1427
:28_6,1428
429,1429
429,1430
429,1431
429,1432
429,1433
429,1434
429,1435
429,1436
429,1437
429,1438
429,1439
429,1440
429,1441
429,1442
429,1443
429,1444
429,1445
429,1446
429,1447
429,1448
429,1449
429,1450
429,1451
429,1452
429,1453
429,1454
429,1455
429,1456
429,1457
429,1458
429,1459
429,1460
429,1461
429,1462
429,1463
429,1464
429,1465
429,1466
429,1467
429,1468
429,1469
429,1470
429,1471
429,1472
429,1473
429,1474
429,1475
429,1476
429,1477
429,1478
429,1479
429,1480
429,1481
429,1482
429,1483
429,1484
429,1485
429,1486
429,1487
429,1488
429,1489
429,1490
429,1491
429,1492
429,1493
429,1494
429,1495
429,1496
429,1497
429,1498
429,1499
429,1500
429,1501
429,1502
429,1503
429,1504
429,1505
429,1506
429,1507
429,1508
429,1509
429,1510
429,1511
429,1512
429,1513
429,1514
429,1515
429,1516
429,1517
429,1518
429,1519
429,1520
429,1521
429,1522
429,1523
429,1524
429,1525
429,1526
429,1527
429,1528
429,1529
429,1530
429,1531
429,1532
429,1533
429,1534
429,1535
429,1536
429,1537
429,1538
429,1539
429,1540
429,1541
429,1542
429,1543
429,1544
429,1545
429,1546
429,1547
429,1548
429,1549
429,1550
429,1551
429,1552
429,1553
429,1554
429,1555
429,1556
429,1557
429,1558
:23_0,1559
:23_0,1560
:23_0,1561
:23_0,1562
:23_0,1563
-19,1564
-19,1565
-19,1566
-19,1567
-19,1568
-19,1569
-19,1570
-19,1571
-19,1572
-19,1573
-19,1574
-19,1575
-19,1576
-19,1577
-19,1578
-19,1579
-19,1580
-19,1581
-19,1582
-19,1583
-19,1584
-19,1585
-19,1586
-19,1587
-19,1588
-19,1589
-19,1590
-19,1591
-19,1592
-19,1593
-19,1594
-19,1595
-19,1596
-19,1597
-19,1598
-19,1599
-19,1600
-19,1601
-19,1602
-19,1603
-19,1604
-19,1605
-19,1606
-19,1607
-19,1608
-19,1609
-19,1610
-19,1611
-19,1612
-19,1613
-19,1614
-19,1615
-19,1616
-19,1617
-19,1618
-19,1619
-19,1620
-19,1621
-19,1622
-19,1623
-19,1624
-19,1625
-19,1626
-19,1627
-19,1628
-19,1629
-19,1630
-19,1631
-19,1632
-19,1633
-19,1634
-19,1635
-19,1636
-19,1637
-19,1638
-19,1639
-19,1640
-19,1641
-19,1642
-19,1643
-19,1644
-19,1645
-19,1646
-19,1647
-19,1648
-19,1649
-19,1650
-19,1651
-19,1652
-19,1653
-19,1654
-19,1655
-19,1656
:22_1,1657
:22_1,1658
:22_1,1659
:22_1,1660
:22_1,1661
:22_1,1662
23,1663
23,1664
23,1665
23,1666
23,1667
23,1668
23,1669
23,1670
23,1671
23,1672
23,1673
23,1674
23,1675
23,1676
23,1677
23,1678
23,1679
23,1680
23,1681
23,1682
23,1683
23,1684
23,1685
23,1686
23,1687
23,1688
23,1689
23,1690
23,1691
23,1692
23,1693
23,1694
23,1695
23,1696
23,1697
23,1698
23,1699
23,1700
23,1701
23,1702
23,1703
23,1704
23,1705
23,1706
23,1707
23,1708
23,1709
23,1710
23,1711
23,1712
23,1713
23,1714
23,1715
23,1716
23,1717
23,1718
23,1719
23,1720
23,1721
23,1722
23,1723
23,1724
23,1725
23,1726
23,1727
23,1728
23,1729
23,1730
23,1731
23,1732
23,1733
23,1734
23,1735
23,1736
23,1737
23,1738
23,1739
23,1740
23,1741
23,1742
23,1743
23,1744
23,1745
23,1746
23,1747
23,1748
23,1749
23,1750
23,1751
23,1752
23,1753
23,1754
23,1755
23,1756
23,1757
23,1758
23,1759
23,1760
23,1761
23,1762
23,1763
23,1764
23,1765
23,1766
23,1767
23,1768
23,1769
23,1770
23,1771
23,1772
23,1773
23,1774
23,1775
23,1776
23,1777
23,1778
23,1779
23,1780
23,1781
23,1782
23,1783
23,1784
23,1785
23,1786
23,1787
23,1788
23,1789
23,1790
23,1791
23,1792
23,1793
23,1794
23,1795
23,1796
23,1797
23,1798
23,1799
23,1800
23,1801
23,1802
23,1803
23,1804
23,1805
23,1806
23,1807
23,1808
23,1809
23,1810
23,1811
23,1812
23,1813
23,1814
23,1815
23,1816
23,1817
23,1818
23,1819
23,1820
23,1821
23,1822
23,1823
23,1824
23,1825
23,1826
23,1827
23,1828
23,1829
23,1830
23,1831
23,1832
23,1833
23,1834
23,1835
23,1836
:27_1,1837
:27_1,1838
:27_1,1839
:27_1,1840
:27_1,1841
:27_1,1842
87,1843
87,1844
87,1845
87,1846
87,1847
87,1848
87,1849
87,1850
87,1851
87,1852
87,1853
87,1854
87,1855
87,1856
87,1857
87,1858
87,1859
87,1860
87,1861
87,1862
87,1863
87,1864
87,1865
87,1866
87,1867
87,1868
87,1869
87,1870
87,1871
87,1872
87,1873
87,1874
87,1875
87,1876
87,1877
87,1878
87,1879
87,1880
87,1881
87,1882
87,1883
87,1884
87,1885
87,1886
87,1887
87,1888
87,1889
87,1890
87,1891
87,1892
87,1893
87,1894
87,1895
87,1896
87,1897
87,1898
87,1899
87,1900
87,1901
87,1902
87,1903
87,1904
87,1905
87,1906
87,1907
87,1908
87,1909
87,1910
87,1911
87,1912
87,1913
87,1914
87,1915
87,1916
87,1917
87,1918
87,1919
87,1920
87,1921
87,1922
87,1923
87,1924
87,1925
87,1926
87,1927
87,1928
87,1929
87,1930
87,1931
87,1932
87,1933
87,1934
87,1935
87,1936
87,1937
87,1938
87,1939
87,1940
87,1941
87,1942
87,1943
87,1944
87,1945
87,1946
87,1947
87,1948
87,1949
87,1950
87,1951
87,1952
87,1953
87,1954
87,1955
87,1956
87,1957
87,1958
87,1959
87,1960
87,1961
87,1962
87,1963
87,1964
87,1965
87,1966
87,1967
87,1968
87,1969
87,1970
87,1971
87,1972
87,1973
87,1974
87,1975
87,1976
87,1977
87,1978
87,1979
87,1980
87,1981
87,1982
87,1983
87,1984
87,1985
87,1986
87,1987
87,1988
87,1989
87,1990
87,1991
87,1992
87,1993
87,1994
87,1995
87,1996
87,1997
87,1998
87,1999
87,2000
