-322,21
-322,22
-322,23
-322,24
-322,25
-322,26
-322,27
-322,28
-322,29
-322,30
-322,31
-322,32
-322,33
-322,34
-322,35
-322,36
-322,37
-322,38
-322,39
-322,40
-322,41
-322,42
-322,43
-322,44
-322,45
-322,46
-322,47
-322,48
-322,49
-322,50
-322,51
-322,52
-322,53
-322,54
-322,55
-322,56
-322,57
-322,58
-322,59
-322,60
-322,61
-322,62
-322,63
-322,64
-322,65
-322,66
-322,67
-322,68
-322,69
-322,70
-322,71
-322,72
-322,73
-322,74
-322,75
-322,76
-322,77
-322,78
-322,79
-322,80
-322,81
-322,82
-322,83
-322,84
-322,85
-322,86
-322,87
-322,88
-322,89
-322,90
-322,91
-322,92
-322,93
-322,94
-322,95
-322,96
-322,97
-322,98
-322,99
-322,100
-322,101
-322,102
-322,103
-322,104
-322,105
-322,106
-322,107
-322,108
-322,109
-322,110
-322,111
-322,112
-322,113
-322,114
-322,115
-322,116
-322,117
-322,118
-322,119
-322,120
-322,121
-322,122
-322,123
-322,124
-322,125
-322,126
-322,127
-322,128
-322,129
-322,130
-322,131
-322,132
-322,133
-322,134
-322,135
-322,136
-322,137
-322,138
-322,139
-322,140
-322,141
-322,142
-322,143
:50_5,144
:50_5,145
:50_5,146
:50_5,147
:50_5,148
:50_5,149
:50_5,150
-430,151
-430,152
-430,153
-430,154
-430,155
-430,156
-430,157
-430,158
-430,159
-430,160
-430,161
-430,162
-430,163
-430,164
-430,165
-430,166
-430,167
-430,168
-430,169
-430,170
-430,171
-430,172
-430,173
-430,174
-430,175
-430,176
-430,177
-430,178
-430,179
-430,180
-430,181
-430,182
-430,183
-430,184
-430,185
-430,186
-430,187
-430,188
-430,189
-430,190
-430,191
-430,192
-430,193
-430,194
-430,195
-430,196
-430,197
-430,198
-430,199
-430,200
-430,201
-430,202
-430,203
-430,204
-430,205
-430,206
-430,207
-430,208
-430,209
-430,210
-430,211
-430,212
-430,213
-430,214
-430,215
-430,216
-430,217
-430,218
-430,219
-430,220
-430,221
-430,222
-430,223
-430,224
-430,225
-430,226
-430,227
-430,228
-430,229
-430,230
-430,231
-430,232
-430,233
-430,234
-430,235
-430,236
-430,237
-430,238
-430,239
-430,240
-430,241
-430,242
-430,243
-430,244
-430,245
-430,246
-430,247
-430,248
-430,249
-430,250
-430,251
-430,252
-430,253
-430,254
-430,255
-430,256
-430,257
-430,258
-430,259
-430,260
-430,261
-430,262
-430,263
-430,264
-430,265
-430,266
-430,267
-430,268
-430,269
-430,270
-430,271
-430,272
-430,273
-430,274
-430,275
-430,276
-430,277
-430,278
-430,279
-430,280
-430,281
-430,282
-430,283
-430,284
-430,285
-430,286
-430,287
-430,288
-430,289
-430,290
-430,291
-430,292
-430,293
-430,294
-430,295
-430,296
-430,297
-430,298
-430,299
-430,300
-430,301
-430,302
-430,303
-430,304
-430,305
-430,306
-430,307
-430,308
-430,309
-430,310
-430,311
-430,312
-430,313
-430,314
-430,315
-430,316
-430,317
-430,318
-430,319
-430,320
-430,321
-430,322
-430,323
-430,324
-430,325
-430,326
-430,327
-430,328
-430,329
-430,330
-430,331
-430,332
-430,333
-430,334
-430,335
-430,336
-430,337
-430,338
-430,339
-430,340
-430,341
:375_3,342
:375_3,343
:375_3,344
:375_3,345
:375_3,346
-679,347
-679,348
-679,349
-679,350
-679,351
-679,352
-679,353
-679,354
-679,355
-679,356
-679,357
-679,358
-679,359
-679,360
-679,361
-679,362
-679,363
-679,364
-679,365
-679,366
-679,367
-679,368
-679,369
-679,370
-679,371
-679,372
-679,373
-679,374
-679,375
-679,376
-679,377
-679,378
-679,379
-679,380
-679,381
-679,382
-679,383
-679,384
-679,385
-679,386
-679,387
-679,388
-679,389
-679,390
-679,391
-679,392
-679,393
-679,394
-679,395
-679,396
-679,397
-679,398
-679,399
-679,400
-679,401
-679,402
-679,403
-679,404
-679,405
-679,406
-679,407
-679,408
-679,409
-679,410
-679,411
-679,412
-679,413
:396_7,414
:396_7,415
:396_7,416
:396_7,417
:396_7,418
-464,419
-464,420
-464,421
-464,422
-464,423
-464,424
-464,425
-464,426
-464,427
-464,428
-464,429
-464,430
-464,431
-464,432
-464,433
-464,434
-464,435
-464,436
-464,437
-464,438
-464,439
-464,440
-464,441
-464,442
-464,443
-464,444
-464,445
-464,446
-464,447
-464,448
-464,449
-464,450
-464,451
-464,452
-464,453
-464,454
-464,455
-464,456
-464,457
-464,458
-464,459
-464,460
-464,461
-464,462
-464,463
-464,464
-464,465
-464,466
-464,467
-464,468
-464,469
-464,470
-464,471
-464,472
-464,473
-464,474
-464,475
-464,476
-464,477
-464,478
-464,479
-464,480
-464,481
-464,482
-464,483
-464,484
-464,485
-464,486
-464,487
-464,488
-464,489
-464,490
-464,491
-464,492
-464,493
-464,494
-464,495
-464,496
-464,497
-464,498
-464,499
-464,500
-464,501
-464,502
-464,503
-464,504
-464,505
-464,506
-464,507
-464,508
-464,509
-464,510
-464,511
-464,512
-464,513
-175,514
-175,515
-175,516
-175,517
-175,518
-175,519
-175,520
-175,521
-175,522
-175,523
-175,524
-175,525
-175,526
-175,527
-175,528
-175,529
-175,530
-175,531
-175,532
-175,533
-175,534
-175,535
-175,536
-175,537
-175,538
-175,539
-175,540
-175,541
-175,542
-175,543
-175,544
-175,545
-175,546
-175,547
-175,548
-175,549
-175,550
-175,551
-175,552
-175,553
-175,554
-175,555
-175,556
-175,557
-175,558
-175,559
-175,560
-175,561
-175,562
-175,563
-175,564
-175,565
-175,566
-175,567
-175,568
-175,569
-175,570
-175,571
-175,572
-175,573
-175,574
-175,575
-175,576
-175,577
-175,578
-175,579
-175,580
:13_5,581
:13_5,582
:13_15,583
:13_15,584
:13_15,585
177,586
177,587
177,588
177,589
177,590
177,591
177,592
177,593
177,594
177,595
177,596
177,597
177,598
177,599
177,600
177,601
177,602
177,603
177,604
177,605
177,606
177,607
177,608
177,609
177,610
177,611
177,612
177,613
177,614
177,615
177,616
177,617
177,618
177,619
177,620
177,621
177,622
177,623
177,624
177,625
177,626
177,627
177,628
177,629
177,630
177,631
177,632
177,633
177,634
177,635
177,636
177,637
177,638
177,639
177,640
177,641
177,642
177,643
177,644
177,645
177,646
177,647
177,648
177,649
177,650
177,651
177,652
177,653
177,654
177,655
177,656
177,657
177,658
177,659
177,660
177,661
177,662
177,663
177,664
177,665
177,666
177,667
177,668
177,669
177,670
177,671
177,672
177,673
177,674
177,675
177,676
177,677
177,678
177,679
177,680
177,681
177,682
177,683
177,684
177,685
177,686
177,687
177,688
177,689
177,690
177,691
177,692
177,693
177,694
177,695
177,696
177,697
177,698
177,699
177,700
177,701
177,702
177,703
177,704
177,705
177,706
177,707
177,708
177,709
177,710
177,711
177,712
177,713
177,714
177,715
177,716
177,717
177,718
177,719
177,720
177,721
177,722
177,723
177,724
177,725
177,726
177,727
:190_1,728
:190_1,729
:190_1,730
:190_1,731
:190_1,732
:190_1,733
178,734
178,735
178,736
178,737
178,738
178,739
178,740
178,741
178,742
178,743
178,744
178,745
178,746
178,747
178,748
178,749
178,750
178,751
178,752
178,753
178,754
178,755
178,756
178,757
178,758
178,759
178,760
178,761
178,762
178,763
178,764
178,765
178,766
178,767
178,768
178,769
178,770
178,771
178,772
178,773
178,774
178,775
178,776
178,777
178,778
178,779
178,780
178,781
178,782
178,783
178,784
178,785
178,786
178,787
178,788
178,789
178,790
178,791
178,792
178,793
178,794
178,795
178,796
178,797
178,798
178,799
178,800
178,801
178,802
178,803
178,804
178,805
178,806
178,807
178,808
178,809
178,810
178,811
178,812
178,813
178,814
178,815
178,816
178,817
178,818
178,819
178,820
178,821
178,822
178,823
178,824
178,825
178,826
178,827
178,828
178,829
178,830
178,831
178,832
178,833
178,834
178,835
178,836
178,837
178,838
178,839
178,840
178,841
178,842
178,843
178,844
178,845
178,846
178,847
178,848
178,849
178,850
178,851
178,852
178,853
178,854
178,855
178,856
178,857
178,858
178,859
178,860
178,861
178,862
178,863
178,864
178,865
178,866
178,867
178,868
178,869
178,870
178,871
178,872
178,873
178,874
178,875
178,876
178,877
178,878
178,879
178,880
178,881
178,882
178,883
178,884
178,885
178,886
178,887
178,888
178,889
178,890
178,891
178,892
178,893
178,894
178,895
178,896
178,897
178,898
178,899
178,900
178,901
178,902
178,903
178,904
178,905
178,906
178,907
178,908
178,909
178,910
178,911
178,912
:191_4,913
:191_4,914
:191_4,915
:191_4,916
-185,917
-185,918
-185,919
-185,920
-185,921
-185,922
-185,923
-185,924
-185,925
-185,926
-185,927
-185,928
-185,929
-185,930
-185,931
-185,932
-185,933
-185,934
-185,935
-185,936
-185,937
-185,938
-185,939
-185,940
-185,941
-185,942
-185,943
-185,944
-185,945
-185,946
-185,947
-185,948
-185,949
-185,950
-185,951
-185,952
-185,953
-185,954
-185,955
-185,956
-185,957
-185,958
-185,959
-185,960
-185,961
-185,962
-185,963
-185,964
-185,965
-185,966
-185,967
-185,968
-185,969
-185,970
-185,971
-185,972
-185,973
-185,974
-185,975
-185,976
-185,977
-185,978
-185,979
-185,980
-185,981
-185,982
-185,983
-185,984
-185,985
-185,986
-185,987
-185,988
-185,989
-185,990
-185,991
-185,992
-185,993
-185,994
:187_5,995
:187_5,996
:187_5,997
:187_5,998
:187_5,999
:187_5,1000
-174,1001
-174,1002
-174,1003
-174,1004
-174,1005
-174,1006
-174,1007
-174,1008
-174,1009
-174,1010
-174,1011
-174,1012
-174,1013
-174,1014
-174,1015
-174,1016
-174,1017
-174,1018
-174,1019
-174,1020
-174,1021
-174,1022
-174,1023
-174,1024
-174,1025
-174,1026
-174,1027
-174,1028
-174,1029
-174,1030
-174,1031
-174,1032
-174,1033
-174,1034
-174,1035
-174,1036
-174,1037
-174,1038
-174,1039
-174,1040
-174,1041
-174,1042
-174,1043
-174,1044
-174,1045
-174,1046
-174,1047
-174,1048
-174,1049
-174,1050
-174,1051
-174,1052
-174,1053
-174,1054
-174,1055
-174,1056
-174,1057
-174,1058
-174,1059
-174,1060
-174,1061
-174,1062
-174,1063
-174,1064
-174,1065
-174,1066
-174,1067
-174,1068
-174,1069
-174,1070
-174,1071
-174,1072
-174,1073
-174,1074
-174,1075
-174,1076
-174,1077
-174,1078
-174,1079
-174,1080
-174,1081
-174,1082
-174,1083
-174,1084
-174,1085
-174,1086
-174,1087
-174,1088
-174,1089
-174,1090
-174,1091
-174,1092
-174,1093
-174,1094
-174,1095
-174,1096
-174,1097
-174,1098
-174,1099
-174,1100
-174,1101
-174,1102
-174,1103
-174,1104
-174,1105
-174,1106
-174,1107
-174,1108
-174,1109
-174,1110
-174,1111
-174,1112
-174,1113
-174,1114
-174,1115
-174,1116
-174,1117
-174,1118
-174,1119
-174,1120
-174,1121
-174,1122
-174,1123
-174,1124
-174,1125
-174,1126
-174,1127
-174,1128
-174,1129
-174,1130
-174,1131
-174,1132
-174,1133
-174,1134
-174,1135
-174,1136
-174,1137
-174,1138
-174,1139
-174,1140
-174,1141
-174,1142
-174,1143
-174,1144
-174,1145
-174,1146
-174,1147
-174,1148
-174,1149
-174,1150
-174,1151
-174,1152
