227,1
227,2
227,3
227,4
227,5
227,6
227,7
227,8
227,9
227,10
227,11
227,12
227,13
227,14
227,15
227,16
227,17
227,18
227,19
227,20
227,21
227,22
227,23
227,24
227,25
227,26
227,27
227,28
227,29
227,30
227,31
227,32
227,33
227,34
227,35
227,36
227,37
227,38
227,39
227,40
227,41
227,42
227,43
227,44
227,45
227,46
227,47
227,48
227,49
227,50
227,51
227,52
-211,53
-211,54
-211,55
-211,56
-211,57
-211,58
-211,59
-211,60
-211,61
-211,62
-211,63
-211,64
-211,65
-211,66
-211,67
-211,68
-211,69
-211,70
-211,71
-211,72
-211,73
-211,74
-211,75
-211,76
-211,77
-211,78
-211,79
-211,80
-211,81
-211,82
-211,83
-211,84
-211,85
-211,86
-211,87
-211,88
-211,89
-211,90
:189_12,91
:189_12,92
:189_12,93
-176,94
-176,95
-176,96
-176,97
-176,98
-176,99
-176,100
-176,101
-176,102
-176,103
-176,104
-176,105
-176,106
-176,107
-176,108
-176,109
-176,110
-176,111
-176,112
-176,113
-176,114
-176,115
-176,116
-176,117
-176,118
-176,119
-176,120
-176,121
-176,122
-176,123
-176,124
-176,125
-176,126
-176,127
-176,128
-176,129
-176,130
-176,131
-176,132
-176,133
-176,134
-176,135
-176,136
-176,137
-176,138
-176,139
-176,140
-176,141
-176,142
-176,143
-176,144
-176,145
-176,146
-176,147
-176,148
-176,149
-176,150
-176,151
-176,152
-176,153
-176,154
-176,155
-176,156
-176,157
-176,158
-176,159
-176,160
-176,161
-176,162
-176,163
-176,164
-176,165
-176,166
-176,167
-176,168
-176,169
-176,170
-176,171
-176,172
-176,173
-176,174
-176,175
-176,176
-176,177
-176,178
-176,179
-176,180
-176,181
-176,182
-176,183
-176,184
-176,185
-176,186
-176,187
-176,188
:13_13,189
:13_17,190
685,191
685,192
685,193
685,194
685,195
685,196
685,197
685,198
685,199
685,200
685,201
685,202
685,203
685,204
685,205
685,206
685,207
:373_5,208
684,209
684,210
684,211
684,212
684,213
684,214
684,215
684,216
684,217
684,218
684,219
684,220
684,221
684,222
684,223
684,224
684,225
684,226
684,227
684,228
684,229
684,230
684,231
:6_9,232
:6_9,233
:6_9,234
:6_9,235
6,236
6,237
6,238
6,239
6,240
6,241
6,242
6,243
6,244
6,245
6,246
6,247
6,248
6,249
6,250
6,251
6,252
6,253
6,254
6,255
6,256
6,257
6,258
6,259
6,260
6,261
6,262
6,263
6,264
6,265
6,266
6,267
6,268
6,269
6,270
6,271
6,272
6,273
6,274
6,275
6,276
6,277
6,278
6,279
6,280
6,281
6,282
6,283
6,284
6,285
6,286
6,287
6,288
6,289
6,290
6,291
6,292
6,293
6,294
6,295
6,296
6,297
6,298
6,299
6,300
6,301
6,302
6,303
6,304
6,305
6,306
6,307
6,308
6,309
6,310
6,311
6,312
6,313
6,314
6,315
6,316
6,317
6,318
6,319
6,320
6,321
6,322
6,323
6,324
6,325
6,326
6,327
6,328
6,329
6,330
6,331
6,332
6,333
6,334
6,335
6,336
6,337
6,338
6,339
6,340
6,341
6,342
6,343
6,344
6,345
6,346
6,347
6,348
6,349
6,350
6,351
6,352
6,353
6,354
6,355
6,356
6,357
6,358
6,359
6,360
6,361
6,362
6,363
6,364
6,365
6,366
6,367
6,368
6,369
6,370
6,371
6,372
6,373
6,374
6,375
6,376
6,377
6,378
6,379
6,380
6,381
6,382
6,383
6,384
6,385
6,386
6,387
6,388
6,389
6,390
6,391
6,392
6,393
6,394
6,395
6,396
6,397
6,398
6,399
6,400
6,401
6,402
6,403
6,404
6,405
6,406
6,407
6,408
6,409
6,410
6,411
6,412
6,413
6,414
6,415
6,416
6,417
6,418
6,419
6,420
6,421
6,422
6,423
6,424
6,425
6,426
6,427
6,428
6,429
6,430
6,431
6,432
6,433
6,434
6,435
6,436
6,437
6,438
6,439
6,440
6,441
6,442
6,443
6,444
6,445
6,446
6,447
6,448
6,449
6,450
6,451
6,452
6,453
6,454
6,455
6,456
6,457
6,458
6,459
6,460
6,461
6,462
6,463
6,464
6,465
6,466
6,467
6,468
6,469
6,470
6,471
6,472
6,473
6,474
7,475
7,476
7,477
7,478
7,479
7,480
7,481
7,482
7,483
7,484
7,485
7,486
7,487
7,488
7,489
7,490
7,491
7,492
7,493
7,494
7,495
7,496
7,497
7,498
7,499
7,500
7,501
7,502
7,503
7,504
7,505
7,506
7,507
7,508
7,509
7,510
7,511
7,512
7,513
7,514
7,515
7,516
7,517
7,518
7,519
7,520
7,521
7,522
7,523
7,524
7,525
7,526
7,527
7,528
7,529
7,530
7,531
7,532
7,533
7,534
7,535
7,536
7,537
7,538
7,539
7,540
7,541
7,542
7,543
7,544
7,545
7,546
7,547
7,548
7,549
7,550
7,551
7,552
7,553
7,554
7,555
8,556
8,557
8,558
8,559
8,560
8,561
8,562
8,563
8,564
8,565
8,566
8,567
8,568
8,569
8,570
8,571
8,572
8,573
8,574
8,575
8,576
8,577
8,578
8,579
8,580
8,581
8,582
8,583
8,584
8,585
8,586
8,587
8,588
8,589
8,590
8,591
8,592
8,593
8,594
8,595
8,596
8,597
8,598
8,599
8,600
8,601
8,602
8,603
8,604
8,605
8,606
8,607
8,608
8,609
8,610
8,611
8,612
8,613
8,614
8,615
8,616
8,617
8,618
8,619
8,620
8,621
8,622
8,623
8,624
8,625
8,626
9,627
9,628
9,629
9,630
9,631
9,632
9,633
9,634
9,635
9,636
9,637
9,638
9,639
9,640
9,641
9,642
9,643
9,644
9,645
9,646
9,647
9,648
9,649
9,650
9,651
9,652
9,653
9,654
9,655
9,656
9,657
9,658
9,659
9,660
9,661
9,662
9,663
9,664
9,665
9,666
9,667
9,668
9,669
9,670
9,671
9,672
9,673
9,674
9,675
9,676
9,677
9,678
9,679
9,680
9,681
9,682
9,683
9,684
9,685
9,686
9,687
9,688
9,689
9,690
9,691
9,692
9,693
9,694
10,695
10,696
10,697
10,698
10,699
10,700
10,701
10,702
10,703
10,704
10,705
10,706
10,707
10,708
10,709
10,710
10,711
10,712
10,713
10,714
10,715
10,716
10,717
10,718
10,719
10,720
10,721
10,722
10,723
10,724
10,725
10,726
10,727
10,728
10,729
10,730
10,731
10,732
10,733
10,734
10,735
10,736
10,737
10,738
10,739
10,740
10,741
10,742
10,743
10,744
10,745
10,746
10,747
10,748
10,749
10,750
10,751
10,752
10,753
10,754
10,755
10,756
10,757
10,758
10,759
10,760
10,761
10,762
11,763
11,764
11,765
11,766
11,767
11,768
11,769
11,770
11,771
11,772
11,773
11,774
11,775
11,776
11,777
11,778
11,779
11,780
11,781
11,782
11,783
11,784
11,785
11,786
11,787
11,788
11,789
11,790
11,791
11,792
11,793
11,794
11,795
11,796
11,797
11,798
11,799
11,800
11,801
11,802
11,803
11,804
11,805
11,806
11,807
11,808
11,809
11,810
11,811
11,812
11,813
11,814
11,815
11,816
11,817
11,818
11,819
11,820
11,821
11,822
11,823
11,824
11,825
11,826
11,827
11,828
11,829
11,830
11,831
11,832
11,833
11,834
11,835
11,836
11,837
11,838
11,839
11,840
11,841
11,842
11,843
11,844
11,845
11,846
11,847
11,848
11,849
11,850
11,851
11,852
11,853
11,854
11,855
11,856
11,857
11,858
11,859
11,860
11,861
11,862
11,863
11,864
11,865
11,866
11,867
11,868
11,869
11,870
11,871
11,872
11,873
11,874
11,875
11,876
11,877
11,878
11,879
11,880
11,881
11,882
11,883
11,884
11,885
11,886
11,887
11,888
11,889
11,890
11,891
11,892
11,893
11,894
11,895
11,896
11,897
11,898
11,899
:4_6,900
:4_6,901
:4_6,902
:4_6,903
-3,904
-3,905
-3,906
-3,907
-3,908
-3,909
-3,910
-3,911
-3,912
-3,913
-3,914
-3,915
-3,916
-3,917
-3,918
-3,919
-3,920
-3,921
-3,922
-3,923
-3,924
-3,925
-3,926
-3,927
-3,928
-3,929
-3,930
-3,931
-3,932
-3,933
-3,934
-3,935
-3,936
-3,937
-3,938
-3,939
-3,940
-3,941
-3,942
-3,943
-3,944
-3,945
-3,946
-3,947
-3,948
-3,949
-3,950
-3,951
-3,952
-3,953
-3,954
-3,955
-3,956
-3,957
-3,958
-3,959
-3,960
-3,961
-3,962
-3,963
-3,964
-3,965
-3,966
-3,967
-3,968
-3,969
-3,970
-3,971
-3,972
-3,973
-3,974
-3,975
-3,976
-3,977
-3,978
-3,979
-3,980
-3,981
-3,982
-3,983
-3,984
-3,985
-3,986
-3,987
-3,988
-3,989
-3,990
-3,991
-3,992
-3,993
-3,994
-3,995
-3,996
-3,997
-3,998
-3,999
-3,1000
-3,1001
-3,1002
-3,1003
-3,1004
-3,1005
-3,1006
-3,1007
-3,1008
-3,1009
-3,1010
-3,1011
-3,1012
-3,1013
-3,1014
-3,1015
-3,1016
-3,1017
-3,1018
-3,1019
-3,1020
-3,1021
-3,1022
-3,1023
-3,1024
-3,1025
-3,1026
-3,1027
-3,1028
-3,1029
-3,1030
-3,1031
-3,1032
-3,1033
-3,1034
-3,1035
-3,1036
-3,1037
-3,1038
-3,1039
-3,1040
-3,1041
-3,1042
-3,1043
-3,1044
-3,1045
-3,1046
-3,1047
-3,1048
-3,1049
-3,1050
-3,1051
-3,1052
-3,1053
-3,1054
-3,1055
-3,1056
-3,1057
-3,1058
-3,1059
-3,1060
-3,1061
-3,1062
-3,1063
-3,1064
-3,1065
-3,1066
-3,1067
-3,1068
-3,1069
-3,1070
-3,1071
-3,1072
-3,1073
-3,1074
-3,1075
-3,1076
-3,1077
-3,1078
-3,1079
-3,1080
-3,1081
-3,1082
-3,1083
-3,1084
-3,1085
-3,1086
-3,1087
-3,1088
-3,1089
-3,1090
-3,1091
-3,1092
-3,1093
-3,1094
-3,1095
-3,1096
-3,1097
-3,1098
-3,1099
-3,1100
-3,1101
-3,1102
-3,1103
-3,1104
-3,1105
-3,1106
-3,1107
-3,1108
-3,1109
-3,1110
-3,1111
-3,1112
-3,1113
-3,1114
-3,1115
-3,1116
-3,1117
-3,1118
-3,1119
-3,1120
-3,1121
-3,1122
-3,1123
-3,1124
-3,1125
-3,1126
-3,1127
-3,1128
-3,1129
-3,1130
-3,1131
-3,1132
-3,1133
-3,1134
-3,1135
-3,1136
-3,1137
-3,1138
-3,1139
-3,1140
-3,1141
-3,1142
-3,1143
-3,1144
-3,1145
-3,1146
-3,1147
-3,1148
-3,1149
-3,1150
-3,1151
-3,1152
-3,1153
-3,1154
-3,1155
-3,1156
-3,1157
-3,1158
-3,1159
-3,1160
-3,1161
-3,1162
-3,1163
-3,1164
-3,1165
-3,1166
-3,1167
-3,1168
-3,1169
-3,1170
-3,1171
-3,1172
-3,1173
-3,1174
-3,1175
-3,1176
-3,1177
-3,1178
-3,1179
-3,1180
-3,1181
-3,1182
-3,1183
-3,1184
-3,1185
-3,1186
-3,1187
-3,1188
-3,1189
-3,1190
-3,1191
-3,1192
-3,1193
-3,1194
-3,1195
-3,1196
-3,1197
-3,1198
-3,1199
-3,1200
-3,1201
-3,1202
-3,1203
-3,1204
-3,1205
-3,1206
-3,1207
-3,1208
-3,1209
-3,1210
-3,1211
-3,1212
-3,1213
-3,1214
-3,1215
-3,1216
:0_14,1217
:0_14,1218
:0_18,1219
:0_18,1220
:0_18,1221
:0_18,1222
0,1223
0,1224
0,1225
0,1226
0,1227
0,1228
0,1229
0,1230
0,1231
0,1232
0,1233
0,1234
0,1235
0,1236
0,1237
0,1238
0,1239
0,1240
0,1241
0,1242
0,1243
0,1244
0,1245
0,1246
0,1247
0,1248
0,1249
0,1250
0,1251
0,1252
0,1253
0,1254
0,1255
0,1256
0,1257
0,1258
0,1259
0,1260
0,1261
0,1262
0,1263
0,1264
0,1265
0,1266
0,1267
0,1268
0,1269
0,1270
0,1271
0,1272
0,1273
0,1274
0,1275
0,1276
0,1277
0,1278
0,1279
0,1280
0,1281
0,1282
0,1283
0,1284
0,1285
0,1286
0,1287
0,1288
0,1289
0,1290
0,1291
0,1292
0,1293
0,1294
0,1295
0,1296
0,1297
0,1298
0,1299
0,1300
0,1301
0,1302
0,1303
0,1304
0,1305
0,1306
0,1307
0,1308
0,1309
0,1310
0,1311
0,1312
0,1313
0,1314
0,1315
0,1316
0,1317
0,1318
0,1319
0,1320
0,1321
0,1322
0,1323
0,1324
0,1325
0,1326
0,1327
0,1328
0,1329
0,1330
0,1331
0,1332
0,1333
0,1334
0,1335
0,1336
0,1337
0,1338
0,1339
0,1340
0,1341
0,1342
0,1343
0,1344
0,1345
0,1346
0,1347
0,1348
0,1349
0,1350
0,1351
0,1352
0,1353
0,1354
0,1355
0,1356
0,1357
0,1358
0,1359
0,1360
0,1361
0,1362
:1_7,1363
:1_7,1364
:1_7,1365
:1_7,1366
:1_7,1367
:1_7,1368
1,1369
1,1370
1,1371
1,1372
1,1373
1,1374
1,1375
1,1376
1,1377
1,1378
1,1379
1,1380
1,1381
1,1382
1,1383
1,1384
1,1385
1,1386
1,1387
1,1388
1,1389
1,1390
1,1391
1,1392
1,1393
1,1394
1,1395
1,1396
1,1397
1,1398
1,1399
1,1400
1,1401
1,1402
1,1403
1,1404
1,1405
1,1406
1,1407
:2_3,1408
:2_3,1409
:2_3,1410
:2_3,1411
:2_3,1412
:2_3,1413
2,1414
2,1415
2,1416
2,1417
2,1418
2,1419
2,1420
2,1421
2,1422
2,1423
2,1424
2,1425
2,1426
2,1427
2,1428
2,1429
2,1430
2,1431
2,1432
2,1433
2,1434
2,1435
2,1436
2,1437
2,1438
2,1439
2,1440
2,1441
2,1442
2,1443
2,1444
2,1445
2,1446
2,1447
2,1448
2,1449
2,1450
2,1451
2,1452
2,1453
2,1454
2,1455
2,1456
2,1457
2,1458
2,1459
2,1460
2,1461
2,1462
2,1463
2,1464
2,1465
2,1466
2,1467
2,1468
2,1469
2,1470
2,1471
2,1472
2,1473
2,1474
2,1475
2,1476
2,1477
2,1478
2,1479
2,1480
2,1481
2,1482
2,1483
2,1484
2,1485
2,1486
2,1487
2,1488
2,1489
2,1490
2,1491
2,1492
2,1493
2,1494
2,1495
2,1496
2,1497
2,1498
2,1499
2,1500
2,1501
2,1502
2,1503
2,1504
2,1505
2,1506
2,1507
2,1508
2,1509
2,1510
2,1511
2,1512
2,1513
2,1514
2,1515
2,1516
2,1517
2,1518
2,1519
2,1520
2,1521
2,1522
2,1523
2,1524
2,1525
2,1526
2,1527
2,1528
2,1529
2,1530
2,1531
:3_7,1532
:3_7,1533
:3_7,1534
:3_7,1535
:3_7,1536
:3_7,1537
-102,1538
-102,1539
-102,1540
-102,1541
-102,1542
-102,1543
-102,1544
-102,1545
-102,1546
-102,1547
-102,1548
-102,1549
-102,1550
-102,1551
-102,1552
-102,1553
-102,1554
-102,1555
-102,1556
-102,1557
-102,1558
-102,1559
-102,1560
-102,1561
-102,1562
-102,1563
-102,1564
-102,1565
-102,1566
-102,1567
-102,1568
-102,1569
-102,1570
-102,1571
-102,1572
-102,1573
-102,1574
-102,1575
-102,1576
-102,1577
-102,1578
-102,1579
-102,1580
-102,1581
-102,1582
-102,1583
-102,1584
-102,1585
-102,1586
-102,1587
-102,1588
-102,1589
-102,1590
-102,1591
-102,1592
-102,1593
-102,1594
-102,1595
-102,1596
-102,1597
-102,1598
-102,1599
-102,1600
-102,1601
-102,1602
-102,1603
-102,1604
-102,1605
-102,1606
-102,1607
-102,1608
-102,1609
-102,1610
-102,1611
-102,1612
-102,1613
-102,1614
-102,1615
-102,1616
-102,1617
-102,1618
-102,1619
-102,1620
-102,1621
-102,1622
-102,1623
-102,1624
-102,1625
-102,1626
-102,1627
-102,1628
-102,1629
-102,1630
-102,1631
-102,1632
-102,1633
-102,1634
-102,1635
-102,1636
-102,1637
-102,1638
-102,1639
-102,1640
-102,1641
-102,1642
-102,1643
-102,1644
-102,1645
-102,1646
-102,1647
-102,1648
-102,1649
-102,1650
-102,1651
-102,1652
-102,1653
-102,1654
-102,1655
-102,1656
-102,1657
-102,1658
-102,1659
-102,1660
-102,1661
-102,1662
-102,1663
-102,1664
-102,1665
-102,1666
-102,1667
-102,1668
-102,1669
-102,1670
-102,1671
-102,1672
-102,1673
-102,1674
-102,1675
-102,1676
-102,1677
-102,1678
-102,1679
-102,1680
-102,1681
-102,1682
-102,1683
-102,1684
-102,1685
-102,1686
-102,1687
-102,1688
-102,1689
-102,1690
-102,1691
-102,1692
-102,1693
-102,1694
-102,1695
-102,1696
-102,1697
-102,1698
-102,1699
-102,1700
-102,1701
-102,1702
-102,1703
-102,1704
-102,1705
-102,1706
-102,1707
-102,1708
-102,1709
-102,1710
-102,1711
-102,1712
-102,1713
-102,1714
-102,1715
-102,1716
-102,1717
-102,1718
-102,1719
-102,1720
-102,1721
-102,1722
-102,1723
-102,1724
-102,1725
-102,1726
-102,1727
-102,1728
-102,1729
-102,1730
-102,1731
-102,1732
-102,1733
-102,1734
-102,1735
-102,1736
-102,1737
-102,1738
-102,1739
-102,1740
-102,1741
-102,1742
-102,1743
:115_7,1744
:115_7,1745
:115_7,1746
:115_7,1747
:115_7,1748
:115_7,1749
99,1750
99,1751
99,1752
99,1753
99,1754
99,1755
99,1756
99,1757
99,1758
99,1759
99,1760
99,1761
99,1762
99,1763
99,1764
99,1765
99,1766
99,1767
99,1768
99,1769
99,1770
99,1771
99,1772
99,1773
99,1774
99,1775
99,1776
99,1777
99,1778
99,1779
99,1780
99,1781
99,1782
99,1783
99,1784
99,1785
99,1786
99,1787
99,1788
99,1789
99,1790
99,1791
99,1792
99,1793
99,1794
99,1795
99,1796
99,1797
99,1798
99,1799
99,1800
99,1801
99,1802
99,1803
99,1804
99,1805
99,1806
99,1807
99,1808
99,1809
99,1810
99,1811
99,1812
99,1813
99,1814
99,1815
99,1816
99,1817
99,1818
99,1819
99,1820
99,1821
99,1822
99,1823
99,1824
99,1825
99,1826
99,1827
99,1828
99,1829
99,1830
99,1831
99,1832
99,1833
99,1834
99,1835
99,1836
99,1837
99,1838
99,1839
99,1840
99,1841
99,1842
99,1843
99,1844
99,1845
99,1846
99,1847
99,1848
99,1849
99,1850
99,1851
99,1852
99,1853
99,1854
99,1855
99,1856
99,1857
99,1858
99,1859
99,1860
99,1861
99,1862
99,1863
99,1864
99,1865
99,1866
99,1867
99,1868
99,1869
99,1870
99,1871
99,1872
99,1873
99,1874
99,1875
99,1876
99,1877
99,1878
99,1879
99,1880
99,1881
99,1882
99,1883
99,1884
99,1885
99,1886
99,1887
99,1888
99,1889
99,1890
99,1891
99,1892
99,1893
99,1894
99,1895
99,1896
99,1897
99,1898
99,1899
99,1900
99,1901
99,1902
99,1903
99,1904
99,1905
99,1906
99,1907
99,1908
99,1909
99,1910
99,1911
99,1912
:116_7,1913
:116_7,1914
:116_7,1915
:116_7,1916
:116_7,1917
100,1918
100,1919
100,1920
100,1921
100,1922
100,1923
100,1924
100,1925
100,1926
100,1927
100,1928
100,1929
100,1930
100,1931
100,1932
100,1933
100,1934
100,1935
100,1936
100,1937
100,1938
100,1939
100,1940
100,1941
100,1942
100,1943
100,1944
100,1945
100,1946
100,1947
100,1948
100,1949
100,1950
100,1951
100,1952
100,1953
100,1954
100,1955
100,1956
100,1957
100,1958
100,1959
100,1960
100,1961
100,1962
100,1963
100,1964
100,1965
100,1966
100,1967
100,1968
100,1969
100,1970
100,1971
100,1972
100,1973
100,1974
100,1975
100,1976
100,1977
100,1978
100,1979
100,1980
100,1981
100,1982
100,1983
100,1984
100,1985
100,1986
100,1987
100,1988
100,1989
100,1990
100,1991
100,1992
100,1993
100,1994
100,1995
100,1996
100,1997
100,1998
100,1999
100,2000
