-197,1
-197,2
-197,3
-197,4
-197,5
-197,6
-197,7
-197,8
-197,9
-197,10
-197,11
-197,12
-197,13
-197,14
-197,15
-197,16
-197,17
-197,18
-197,19
-197,20
-197,21
-197,22
-197,23
-197,24
-197,25
-197,26
-197,27
-197,28
-197,29
-197,30
-197,31
-197,32
-197,33
-197,34
-197,35
-197,36
-197,37
-197,38
-197,39
-197,40
-197,41
-197,42
-197,43
-197,44
-197,45
-197,46
-197,47
-197,48
-197,49
-197,50
-197,51
-197,52
-197,53
-197,54
-197,55
-197,56
-197,57
-197,58
-197,59
-197,60
-197,61
-197,62
-197,63
-197,64
-197,65
-197,66
-197,67
-197,68
-197,69
-197,70
-197,71
-197,72
-197,73
-197,74
-197,75
-197,76
-197,77
-197,78
-197,79
-197,80
-197,81
-197,82
-197,83
-197,84
-197,85
-197,86
-197,87
-197,88
-197,89
-197,90
-197,91
-197,92
-197,93
-197,94
-197,95
-197,96
-197,97
-197,98
-197,99
-197,100
-197,101
-197,102
-197,103
-197,104
-197,105
-197,106
-197,107
-197,108
-197,109
-197,110
-197,111
-197,112
-197,113
-197,114
-197,115
-197,116
-197,117
-197,118
-197,119
-197,120
-197,121
-197,122
-197,123
-197,124
-197,125
-197,126
-197,127
-197,128
-197,129
-197,130
-197,131
-197,132
-197,133
-197,134
-197,135
-197,136
-197,137
-197,138
-197,139
-197,140
-197,141
-197,142
-197,143
-197,144
-197,145
-197,146
-197,147
-197,148
-197,149
-197,150
-197,151
-197,152
-197,153
-197,154
-197,155
-197,156
-197,157
-197,158
-197,159
-197,160
-197,161
-197,162
-197,163
-197,164
-197,165
-197,166
-197,167
-197,168
-197,169
-197,170
-197,171
-197,172
-197,173
-197,174
-197,175
-197,176
-197,177
-197,178
-197,179
-197,180
-197,181
-197,182
-197,183
-197,184
-197,185
-197,186
-197,187
-197,188
-197,189
-197,190
-197,191
-197,192
-197,193
-197,194
-197,195
-197,196
-197,197
-197,198
-197,199
-197,200
-197,201
-197,202
-197,203
-197,204
-197,205
-197,206
-197,207
-197,208
-197,209
-197,210
-197,211
-197,212
-197,213
-197,214
-197,215
-197,216
-197,217
-197,218
-197,219
-197,220
-197,221
-197,222
-197,223
-197,224
-197,225
-197,226
-197,227
-197,228
-197,229
-197,230
-197,231
-197,232
-197,233
-197,234
-197,235
-197,236
-197,237
-197,238
-197,239
-197,240
-197,241
-197,242
-197,243
-197,244
-197,245
-197,246
-197,247
-197,248
-197,249
-197,250
-197,251
-197,252
-197,253
-197,254
-197,255
-197,256
-197,257
-197,258
-197,259
-197,260
-197,261
-197,262
-197,263
-197,264
-197,265
-197,266
-197,267
-197,268
-197,269
-197,270
-197,271
-197,272
-197,273
-197,274
-197,275
-197,276
-197,277
-197,278
-197,279
-197,280
-197,281
-197,282
-197,283
:35_9,284
:35_9,285
:35_9,286
:35_9,287
:35_9,288
:35_9,289
193,290
193,291
193,292
193,293
193,294
193,295
193,296
193,297
193,298
193,299
193,300
193,301
193,302
193,303
193,304
193,305
193,306
193,307
193,308
193,309
193,310
193,311
193,312
193,313
193,314
193,315
193,316
193,317
193,318
193,319
193,320
193,321
193,322
193,323
193,324
193,325
193,326
193,327
193,328
193,329
193,330
193,331
193,332
193,333
193,334
193,335
193,336
193,337
193,338
193,339
193,340
193,341
193,342
193,343
193,344
193,345
193,346
193,347
193,348
193,349
193,350
193,351
193,352
193,353
193,354
193,355
193,356
193,357
193,358
193,359
193,360
193,361
193,362
193,363
193,364
193,365
193,366
193,367
193,368
193,369
193,370
193,371
193,372
193,373
193,374
193,375
193,376
193,377
193,378
193,379
193,380
193,381
193,382
193,383
193,384
193,385
193,386
193,387
193,388
193,389
193,390
193,391
193,392
193,393
193,394
193,395
193,396
193,397
193,398
193,399
193,400
193,401
193,402
193,403
193,404
193,405
193,406
193,407
193,408
193,409
193,410
193,411
193,412
193,413
193,414
193,415
193,416
193,417
193,418
193,419
193,420
193,421
193,422
193,423
193,424
193,425
193,426
193,427
193,428
193,429
193,430
193,431
193,432
193,433
193,434
193,435
193,436
193,437
193,438
193,439
193,440
193,441
193,442
193,443
193,444
193,445
193,446
193,447
193,448
193,449
193,450
193,451
193,452
193,453
193,454
193,455
193,456
193,457
193,458
193,459
193,460
:203_3,461
:203_3,462
:203_3,463
:203_3,464
194,465
194,466
194,467
194,468
194,469
194,470
194,471
194,472
194,473
194,474
194,475
194,476
194,477
194,478
194,479
194,480
194,481
194,482
194,483
194,484
194,485
194,486
194,487
194,488
194,489
194,490
194,491
194,492
194,493
194,494
194,495
194,496
194,497
194,498
194,499
194,500
194,501
194,502
194,503
194,504
194,505
194,506
194,507
194,508
194,509
194,510
194,511
194,512
194,513
194,514
194,515
194,516
194,517
194,518
194,519
194,520
194,521
194,522
194,523
194,524
194,525
194,526
194,527
194,528
194,529
194,530
194,531
194,532
194,533
194,534
194,535
194,536
194,537
194,538
194,539
194,540
194,541
194,542
194,543
194,544
194,545
194,546
194,547
194,548
194,549
194,550
194,551
194,552
194,553
194,554
194,555
194,556
194,557
194,558
194,559
194,560
194,561
194,562
194,563
194,564
194,565
194,566
194,567
194,568
194,569
194,570
194,571
194,572
194,573
194,574
194,575
194,576
194,577
194,578
194,579
194,580
194,581
194,582
194,583
194,584
194,585
194,586
194,587
194,588
194,589
194,590
194,591
194,592
194,593
194,594
194,595
194,596
194,597
194,598
194,599
194,600
194,601
194,602
194,603
194,604
194,605
194,606
194,607
194,608
194,609
194,610
194,611
194,612
194,613
194,614
194,615
194,616
194,617
194,618
194,619
194,620
194,621
194,622
194,623
194,624
194,625
194,626
194,627
194,628
194,629
194,630
194,631
194,632
194,633
194,634
194,635
194,636
194,637
194,638
194,639
194,640
194,641
194,642
194,643
194,644
194,645
:204_9,646
:204_9,647
:204_9,648
:204_9,649
:204_9,650
:204_9,651
195,652
195,653
195,654
195,655
195,656
195,657
195,658
195,659
195,660
195,661
195,662
195,663
195,664
195,665
195,666
195,667
195,668
195,669
195,670
195,671
195,672
195,673
195,674
195,675
195,676
195,677
195,678
195,679
195,680
195,681
195,682
195,683
195,684
195,685
195,686
195,687
195,688
195,689
195,690
195,691
195,692
195,693
195,694
195,695
195,696
195,697
195,698
195,699
195,700
195,701
195,702
195,703
195,704
195,705
195,706
195,707
195,708
195,709
195,710
195,711
195,712
195,713
195,714
195,715
195,716
195,717
195,718
195,719
195,720
195,721
195,722
195,723
195,724
195,725
195,726
195,727
195,728
195,729
195,730
195,731
195,732
195,733
195,734
195,735
195,736
195,737
195,738
195,739
195,740
195,741
195,742
195,743
195,744
195,745
195,746
195,747
195,748
195,749
195,750
195,751
195,752
195,753
195,754
195,755
195,756
195,757
195,758
195,759
195,760
195,761
195,762
195,763
195,764
195,765
195,766
195,767
195,768
195,769
195,770
195,771
195,772
195,773
195,774
195,775
195,776
195,777
195,778
195,779
195,780
195,781
195,782
195,783
195,784
195,785
195,786
195,787
195,788
195,789
195,790
195,791
195,792
195,793
195,794
195,795
195,796
195,797
195,798
195,799
195,800
195,801
195,802
195,803
195,804
195,805
195,806
195,807
195,808
195,809
195,810
195,811
195,812
195,813
195,814
195,815
195,816
195,817
195,818
195,819
195,820
195,821
195,822
195,823
195,824
195,825
195,826
195,827
195,828
195,829
195,830
195,831
195,832
195,833
195,834
195,835
195,836
195,837
195,838
195,839
195,840
195,841
195,842
195,843
195,844
195,845
195,846
195,847
195,848
195,849
195,850
195,851
195,852
195,853
195,854
195,855
195,856
195,857
195,858
195,859
195,860
:191_13,861
:191_13,862
:191_13,863
:191_13,864
:191_13,865
:191_13,866
-178,867
-178,868
-178,869
-178,870
-178,871
-178,872
-178,873
-178,874
-178,875
-178,876
-178,877
-178,878
-178,879
-178,880
-178,881
-178,882
-178,883
-178,884
-178,885
-178,886
-178,887
-178,888
-178,889
-178,890
-178,891
-178,892
-178,893
-178,894
-178,895
-178,896
-178,897
-178,898
-178,899
-178,900
-178,901
-178,902
-178,903
-178,904
-178,905
-178,906
-178,907
-178,908
-178,909
-178,910
-178,911
-178,912
-178,913
-178,914
-178,915
-178,916
-178,917
-178,918
-178,919
-178,920
-178,921
-178,922
-178,923
-178,924
-178,925
-178,926
-178,927
-178,928
-178,929
-178,930
-178,931
-178,932
-178,933
-178,934
-178,935
-178,936
-178,937
-178,938
-178,939
-178,940
-178,941
-178,942
-178,943
-178,944
-178,945
-178,946
-178,947
-178,948
-178,949
-178,950
-178,951
-178,952
-178,953
-178,954
-178,955
-178,956
-178,957
-178,958
-178,959
-178,960
-178,961
-178,962
-178,963
-178,964
-178,965
-178,966
-178,967
-178,968
-178,969
-178,970
-178,971
-178,972
-178,973
-178,974
-178,975
-178,976
-178,977
-178,978
-178,979
-178,980
-178,981
-178,982
-178,983
-178,984
-178,985
-178,986
-178,987
-178,988
-178,989
-178,990
-178,991
-178,992
-178,993
-178,994
-178,995
-178,996
-178,997
-178,998
-178,999
-178,1000
-178,1001
-178,1002
-178,1003
-178,1004
-178,1005
-178,1006
-178,1007
-178,1008
-178,1009
-178,1010
-178,1011
-178,1012
-178,1013
-178,1014
-178,1015
-178,1016
-178,1017
-178,1018
-178,1019
-178,1020
-178,1021
-178,1022
-178,1023
-178,1024
-178,1025
-178,1026
-178,1027
-178,1028
-178,1029
-178,1030
-178,1031
-178,1032
-178,1033
-178,1034
-178,1035
-178,1036
-178,1037
-178,1038
-178,1039
-178,1040
-178,1041
-178,1042
-178,1043
-178,1044
-178,1045
-178,1046
-178,1047
-178,1048
-178,1049
-178,1050
-178,1051
-178,1052
-178,1053
-178,1054
-178,1055
:190_3,1056
:190_3,1057
:190_3,1058
:190_3,1059
:190_3,1060
:190_3,1061
-177,1062
-177,1063
-177,1064
-177,1065
-177,1066
-177,1067
-177,1068
-177,1069
-177,1070
-177,1071
-177,1072
-177,1073
-177,1074
-177,1075
-177,1076
-177,1077
-177,1078
-177,1079
-177,1080
-177,1081
-177,1082
-177,1083
-177,1084
-177,1085
-177,1086
-177,1087
-177,1088
-177,1089
-177,1090
-177,1091
-177,1092
-177,1093
-177,1094
-177,1095
-177,1096
-177,1097
-177,1098
-177,1099
-177,1100
-177,1101
-177,1102
-177,1103
-177,1104
-177,1105
-177,1106
-177,1107
-177,1108
-177,1109
-177,1110
-177,1111
-177,1112
-177,1113
-177,1114
-177,1115
-177,1116
-177,1117
-177,1118
-177,1119
-177,1120
-177,1121
-177,1122
-177,1123
-177,1124
-177,1125
-177,1126
-177,1127
-177,1128
-177,1129
-177,1130
-177,1131
-177,1132
-177,1133
-177,1134
-177,1135
-177,1136
-177,1137
-177,1138
-177,1139
-177,1140
-177,1141
-177,1142
-177,1143
-177,1144
-177,1145
-177,1146
-177,1147
-177,1148
-177,1149
-177,1150
-177,1151
-177,1152
-177,1153
-177,1154
-177,1155
-177,1156
-177,1157
-177,1158
-177,1159
-177,1160
-177,1161
-177,1162
-177,1163
-177,1164
-177,1165
-177,1166
-177,1167
-177,1168
-177,1169
-177,1170
-177,1171
-177,1172
-177,1173
-177,1174
-177,1175
-177,1176
-177,1177
-177,1178
-177,1179
-177,1180
-177,1181
-177,1182
-177,1183
-177,1184
-177,1185
-177,1186
-177,1187
-177,1188
-177,1189
-177,1190
-177,1191
-177,1192
-177,1193
-177,1194
-177,1195
-177,1196
-177,1197
-177,1198
-177,1199
-177,1200
-177,1201
-177,1202
-177,1203
-177,1204
-177,1205
-177,1206
-177,1207
-177,1208
-177,1209
-177,1210
-177,1211
:13_9,1212
:13_9,1213
:13_9,1214
:13_9,1215
:13_9,1216
176,1217
176,1218
176,1219
176,1220
176,1221
176,1222
176,1223
176,1224
176,1225
176,1226
176,1227
176,1228
176,1229
176,1230
176,1231
176,1232
176,1233
176,1234
176,1235
176,1236
176,1237
176,1238
176,1239
176,1240
176,1241
176,1242
176,1243
176,1244
176,1245
176,1246
176,1247
176,1248
176,1249
176,1250
176,1251
176,1252
176,1253
176,1254
176,1255
176,1256
176,1257
176,1258
176,1259
176,1260
176,1261
176,1262
176,1263
176,1264
176,1265
176,1266
176,1267
176,1268
176,1269
176,1270
176,1271
176,1272
176,1273
176,1274
176,1275
176,1276
176,1277
176,1278
176,1279
176,1280
176,1281
176,1282
176,1283
176,1284
176,1285
176,1286
176,1287
176,1288
176,1289
176,1290
176,1291
176,1292
176,1293
176,1294
176,1295
176,1296
176,1297
176,1298
176,1299
176,1300
176,1301
176,1302
176,1303
176,1304
176,1305
176,1306
176,1307
176,1308
176,1309
176,1310
176,1311
176,1312
176,1313
176,1314
176,1315
176,1316
176,1317
176,1318
176,1319
176,1320
176,1321
176,1322
176,1323
176,1324
176,1325
176,1326
176,1327
176,1328
176,1329
176,1330
176,1331
176,1332
176,1333
:189_9,1334
:189_9,1335
:189_9,1336
:189_9,1337
:189_9,1338
:189_9,1339
212,1340
212,1341
212,1342
212,1343
212,1344
212,1345
212,1346
212,1347
212,1348
212,1349
212,1350
212,1351
212,1352
212,1353
212,1354
212,1355
212,1356
212,1357
212,1358
212,1359
212,1360
212,1361
212,1362
212,1363
212,1364
212,1365
212,1366
212,1367
212,1368
212,1369
212,1370
212,1371
212,1372
212,1373
212,1374
212,1375
212,1376
212,1377
212,1378
212,1379
212,1380
212,1381
212,1382
212,1383
212,1384
212,1385
212,1386
212,1387
212,1388
212,1389
:218_4,1390
:218_4,1391
:218_4,1392
:218_4,1393
:218_4,1394
-558,1395
-558,1396
-558,1397
-558,1398
-558,1399
-558,1400
-558,1401
-558,1402
-558,1403
-558,1404
-558,1405
-558,1406
-558,1407
-558,1408
-558,1409
-558,1410
-558,1411
-558,1412
-558,1413
-558,1414
-558,1415
-558,1416
-558,1417
-558,1418
-558,1419
-558,1420
-558,1421
-558,1422
-558,1423
-558,1424
-558,1425
-558,1426
-558,1427
-558,1428
-558,1429
-558,1430
-558,1431
-558,1432
-558,1433
-558,1434
-558,1435
-558,1436
-558,1437
-558,1438
-558,1439
-558,1440
-558,1441
-558,1442
-558,1443
-558,1444
-558,1445
-558,1446
-558,1447
-558,1448
-558,1449
-558,1450
-558,1451
-558,1452
-558,1453
-558,1454
-558,1455
-558,1456
-558,1457
-558,1458
-558,1459
-558,1460
-558,1461
-558,1462
-558,1463
-558,1464
-558,1465
-558,1466
-558,1467
-558,1468
-558,1469
-558,1470
-558,1471
-558,1472
-558,1473
-558,1474
-558,1475
-558,1476
-558,1477
-558,1478
-558,1479
-558,1480
-558,1481
