22,1
22,2
22,3
22,4
22,5
22,6
22,7
22,8
22,9
22,10
22,11
22,12
22,13
22,14
22,15
22,16
22,17
22,18
22,19
22,20
22,21
22,22
22,23
22,24
22,25
22,26
22,27
22,28
22,29
22,30
22,31
22,32
22,33
22,34
22,35
22,36
22,37
22,38
22,39
22,40
22,41
22,42
22,43
22,44
22,45
22,46
22,47
22,48
22,49
22,50
22,51
22,52
22,53
22,54
22,55
22,56
22,57
22,58
22,59
22,60
22,61
22,62
22,63
22,64
22,65
22,66
22,67
22,68
22,69
22,70
22,71
22,72
22,73
22,74
22,75
22,76
22,77
22,78
22,79
22,80
22,81
22,82
22,83
22,84
22,85
22,86
22,87
22,88
22,89
22,90
22,91
22,92
22,93
22,94
22,95
22,96
22,97
22,98
22,99
22,100
22,101
22,102
22,103
22,104
22,105
22,106
22,107
22,108
22,109
22,110
22,111
22,112
22,113
22,114
22,115
22,116
22,117
22,118
22,119
22,120
22,121
22,122
22,123
22,124
22,125
22,126
22,127
22,128
22,129
22,130
22,131
22,132
22,133
22,134
22,135
22,136
22,137
22,138
22,139
22,140
22,141
22,142
22,143
22,144
22,145
22,146
22,147
22,148
22,149
22,150
22,151
22,152
22,153
22,154
22,155
22,156
22,157
22,158
22,159
22,160
22,161
22,162
22,163
22,164
22,165
22,166
22,167
22,168
22,169
22,170
22,171
22,172
22,173
:26_3,174
:26_3,175
:26_3,176
:26_3,177
:26_3,178
-167,179
-167,180
-167,181
-167,182
-167,183
-167,184
-167,185
-167,186
-167,187
-167,188
-167,189
-167,190
-167,191
-167,192
-167,193
-167,194
-167,195
-167,196
-167,197
-167,198
-167,199
-167,200
-167,201
-167,202
-167,203
-167,204
-167,205
-167,206
-167,207
-167,208
-167,209
-167,210
-167,211
-167,212
-167,213
-167,214
-167,215
-167,216
-167,217
-167,218
-167,219
-167,220
-167,221
-167,222
-167,223
-167,224
-167,225
-167,226
-167,227
-167,228
-167,229
-167,230
-167,231
-167,232
-167,233
-167,234
-167,235
-167,236
-167,237
-167,238
-167,239
-167,240
-167,241
-167,242
-167,243
-167,244
-167,245
-167,246
-167,247
-167,248
-167,249
-167,250
-167,251
-167,252
-167,253
-167,254
-167,255
-167,256
-167,257
:178_4,258
:178_4,259
:178_4,260
:178_4,261
166,262
166,263
166,264
166,265
166,266
166,267
166,268
166,269
166,270
166,271
166,272
166,273
166,274
166,275
166,276
166,277
166,278
166,279
166,280
166,281
166,282
166,283
166,284
166,285
166,286
166,287
166,288
166,289
166,290
166,291
166,292
166,293
166,294
166,295
166,296
166,297
166,298
166,299
166,300
166,301
166,302
166,303
166,304
166,305
166,306
166,307
166,308
166,309
166,310
166,311
166,312
166,313
166,314
166,315
166,316
166,317
166,318
166,319
166,320
166,321
166,322
166,323
166,324
166,325
166,326
166,327
166,328
166,329
166,330
166,331
166,332
166,333
166,334
166,335
166,336
166,337
166,338
166,339
166,340
166,341
166,342
166,343
166,344
166,345
166,346
166,347
166,348
166,349
166,350
166,351
166,352
166,353
166,354
166,355
166,356
166,357
166,358
166,359
166,360
166,361
166,362
166,363
166,364
166,365
166,366
166,367
166,368
166,369
166,370
166,371
166,372
166,373
166,374
166,375
166,376
166,377
166,378
166,379
166,380
166,381
166,382
166,383
166,384
166,385
166,386
166,387
166,388
166,389
166,390
166,391
166,392
166,393
166,394
166,395
166,396
166,397
166,398
166,399
166,400
166,401
166,402
166,403
166,404
166,405
166,406
166,407
166,408
166,409
166,410
166,411
166,412
166,413
166,414
166,415
166,416
166,417
166,418
166,419
166,420
166,421
166,422
166,423
166,424
166,425
166,426
166,427
166,428
166,429
166,430
166,431
166,432
166,433
166,434
166,435
166,436
166,437
166,438
166,439
166,440
166,441
166,442
166,443
166,444
166,445
166,446
166,447
166,448
166,449
166,450
166,451
166,452
166,453
166,454
166,455
166,456
166,457
166,458
166,459
166,460
166,461
166,462
166,463
166,464
166,465
166,466
:143_9,467
:143_9,468
:143_9,469
:143_9,470
:143_9,471
-127,472
-127,473
-127,474
-127,475
-127,476
-127,477
-127,478
-127,479
-127,480
-127,481
-127,482
-127,483
-127,484
-127,485
-127,486
-127,487
-127,488
-127,489
-127,490
-127,491
-127,492
-127,493
-127,494
-127,495
-127,496
-127,497
-127,498
-127,499
-127,500
-127,501
-127,502
-127,503
-127,504
-127,505
-127,506
-127,507
-127,508
-127,509
-127,510
-127,511
-127,512
-127,513
-127,514
-127,515
-127,516
-127,517
-127,518
-127,519
-127,520
-127,521
-127,522
-127,523
-127,524
-127,525
-127,526
-127,527
-127,528
-127,529
-127,530
-127,531
-127,532
-127,533
-127,534
-127,535
-127,536
-127,537
-127,538
-127,539
-127,540
-127,541
-127,542
-127,543
-127,544
-127,545
-127,546
-127,547
-127,548
-127,549
-127,550
-127,551
-127,552
-127,553
-127,554
-127,555
-127,556
-127,557
-127,558
-127,559
-127,560
-127,561
-127,562
-127,563
-127,564
-127,565
-127,566
-127,567
-127,568
-127,569
-127,570
-127,571
-127,572
-127,573
-127,574
-127,575
-127,576
-127,577
-127,578
-127,579
-127,580
-127,581
-127,582
-127,583
-127,584
-127,585
-127,586
-127,587
-127,588
-127,589
-127,590
-127,591
-127,592
-127,593
-127,594
-127,595
-127,596
-127,597
-127,598
-127,599
-127,600
-127,601
-127,602
-127,603
-127,604
-127,605
-127,606
-127,607
-127,608
-127,609
-127,610
-127,611
-127,612
-127,613
-127,614
-127,615
-127,616
-127,617
-127,618
-127,619
-127,620
-127,621
-127,622
-127,623
-127,624
-127,625
-127,626
-127,627
:139_10,628
:139_10,629
:139_10,630
:139_10,631
:139_10,632
:139_10,633
126,634
126,635
126,636
126,637
126,638
126,639
126,640
126,641
126,642
126,643
126,644
126,645
126,646
126,647
126,648
126,649
126,650
126,651
126,652
126,653
126,654
126,655
126,656
126,657
126,658
126,659
126,660
126,661
126,662
126,663
126,664
126,665
126,666
126,667
126,668
126,669
126,670
126,671
126,672
126,673
126,674
126,675
126,676
126,677
126,678
126,679
126,680
126,681
126,682
126,683
126,684
126,685
126,686
126,687
126,688
126,689
126,690
126,691
126,692
126,693
126,694
126,695
126,696
126,697
126,698
126,699
126,700
126,701
126,702
126,703
126,704
126,705
126,706
126,707
126,708
126,709
126,710
126,711
126,712
126,713
126,714
126,715
126,716
126,717
126,718
126,719
126,720
126,721
126,722
126,723
126,724
126,725
126,726
126,727
126,728
126,729
126,730
126,731
126,732
126,733
126,734
126,735
126,736
126,737
126,738
126,739
126,740
126,741
126,742
126,743
126,744
126,745
126,746
126,747
126,748
126,749
126,750
126,751
126,752
126,753
126,754
126,755
126,756
126,757
126,758
126,759
126,760
126,761
126,762
126,763
126,764
126,765
126,766
126,767
126,768
126,769
126,770
126,771
126,772
126,773
126,774
126,775
126,776
126,777
126,778
126,779
126,780
126,781
126,782
126,783
126,784
126,785
126,786
126,787
126,788
126,789
126,790
126,791
126,792
126,793
126,794
126,795
126,796
126,797
126,798
126,799
126,800
126,801
126,802
126,803
126,804
126,805
126,806
126,807
126,808
126,809
126,810
126,811
126,812
126,813
126,814
:106_3,815
:106_3,816
:106_3,817
-90,818
-90,819
-90,820
-90,821
-90,822
-90,823
-90,824
-90,825
-90,826
-90,827
-90,828
-90,829
-90,830
-90,831
-90,832
-90,833
-90,834
-90,835
-90,836
-90,837
-90,838
-90,839
-90,840
-90,841
-90,842
-90,843
-90,844
-90,845
-90,846
-90,847
-90,848
-90,849
-90,850
-90,851
-90,852
-90,853
-90,854
-90,855
-90,856
-90,857
-90,858
-90,859
-90,860
-90,861
-90,862
-90,863
-90,864
-90,865
-90,866
-90,867
-90,868
-90,869
-90,870
-90,871
-90,872
-90,873
-90,874
-90,875
-90,876
-90,877
-90,878
-90,879
-90,880
-90,881
-90,882
-90,883
-90,884
-90,885
-90,886
-90,887
-90,888
-90,889
-90,890
-90,891
-90,892
-90,893
-90,894
-90,895
-90,896
-90,897
-90,898
-90,899
-90,900
-90,901
-90,902
-90,903
-90,904
-90,905
-90,906
-90,907
-90,908
-90,909
-90,910
-90,911
-90,912
-90,913
-90,914
-90,915
-90,916
-90,917
-90,918
-90,919
-90,920
-90,921
-90,922
-90,923
-90,924
-90,925
-90,926
-90,927
-90,928
-90,929
-90,930
-90,931
-90,932
-90,933
-90,934
-90,935
-90,936
-90,937
-90,938
-90,939
-90,940
-90,941
-90,942
-90,943
-90,944
-90,945
-90,946
-90,947
-90,948
-90,949
-90,950
-90,951
-90,952
-90,953
-90,954
-90,955
-90,956
-90,957
-90,958
-90,959
-90,960
-90,961
-90,962
-90,963
-90,964
-90,965
-90,966
-90,967
-90,968
-90,969
-90,970
-90,971
-90,972
-90,973
-90,974
-90,975
-90,976
-90,977
-90,978
-90,979
-90,980
-90,981
-90,982
-90,983
-90,984
-90,985
-90,986
-90,987
-90,988
-90,989
-90,990
-90,991
-90,992
-90,993
-90,994
-90,995
-90,996
-90,997
:104_13,998
:104_13,999
:104_13,1000
:104_13,1001
:104_13,1002
:104_13,1003
89,1004
89,1005
89,1006
89,1007
89,1008
89,1009
89,1010
89,1011
89,1012
89,1013
89,1014
89,1015
89,1016
89,1017
89,1018
89,1019
89,1020
89,1021
89,1022
89,1023
89,1024
89,1025
89,1026
89,1027
89,1028
89,1029
89,1030
89,1031
89,1032
89,1033
89,1034
89,1035
89,1036
89,1037
89,1038
89,1039
89,1040
89,1041
89,1042
89,1043
89,1044
89,1045
89,1046
89,1047
89,1048
89,1049
89,1050
89,1051
89,1052
89,1053
89,1054
89,1055
89,1056
89,1057
89,1058
89,1059
89,1060
89,1061
89,1062
89,1063
89,1064
89,1065
89,1066
89,1067
89,1068
89,1069
89,1070
89,1071
89,1072
89,1073
89,1074
89,1075
89,1076
89,1077
89,1078
89,1079
89,1080
89,1081
89,1082
89,1083
89,1084
89,1085
89,1086
89,1087
89,1088
89,1089
89,1090
89,1091
89,1092
89,1093
89,1094
89,1095
89,1096
89,1097
89,1098
89,1099
:105_7,1100
:105_7,1101
:105_7,1102
:105_7,1103
:105_7,1104
:105_7,1105
93,1106
93,1107
93,1108
93,1109
93,1110
93,1111
93,1112
93,1113
93,1114
93,1115
93,1116
93,1117
93,1118
93,1119
93,1120
93,1121
93,1122
93,1123
93,1124
93,1125
93,1126
93,1127
93,1128
93,1129
93,1130
93,1131
93,1132
93,1133
93,1134
93,1135
93,1136
93,1137
93,1138
93,1139
93,1140
93,1141
93,1142
93,1143
93,1144
93,1145
93,1146
93,1147
93,1148
93,1149
93,1150
93,1151
93,1152
93,1153
93,1154
93,1155
93,1156
93,1157
93,1158
93,1159
93,1160
93,1161
93,1162
93,1163
93,1164
93,1165
93,1166
93,1167
93,1168
93,1169
93,1170
93,1171
93,1172
93,1173
93,1174
93,1175
-130,1176
-130,1177
-130,1178
-130,1179
-130,1180
-130,1181
-130,1182
-130,1183
-130,1184
-130,1185
-130,1186
-130,1187
-130,1188
-130,1189
-130,1190
-130,1191
-130,1192
-130,1193
-130,1194
-130,1195
-130,1196
-130,1197
-130,1198
-130,1199
-130,1200
-130,1201
-130,1202
-130,1203
-130,1204
-130,1205
-130,1206
-130,1207
-130,1208
-130,1209
-130,1210
-130,1211
-130,1212
-130,1213
-130,1214
-130,1215
-130,1216
-130,1217
:86_7,1218
:86_7,1219
:86_7,1220
:86_7,1221
:86_7,1222
-73,1223
-73,1224
-73,1225
-73,1226
-73,1227
-73,1228
-73,1229
-73,1230
-73,1231
-73,1232
-73,1233
-73,1234
-73,1235
-73,1236
-73,1237
-73,1238
-73,1239
-73,1240
-73,1241
-73,1242
-73,1243
-73,1244
-73,1245
-73,1246
-73,1247
-73,1248
-73,1249
-73,1250
-73,1251
-73,1252
-73,1253
-73,1254
-73,1255
-73,1256
-73,1257
-73,1258
-73,1259
-73,1260
-73,1261
-73,1262
-73,1263
-73,1264
-73,1265
-73,1266
-73,1267
-73,1268
-73,1269
-73,1270
-73,1271
-73,1272
-73,1273
-73,1274
-73,1275
-73,1276
-73,1277
-73,1278
-73,1279
-73,1280
-73,1281
-73,1282
-73,1283
-73,1284
-73,1285
-73,1286
-73,1287
-73,1288
-73,1289
-73,1290
-73,1291
-73,1292
-73,1293
-73,1294
-73,1295
-73,1296
-73,1297
-73,1298
-73,1299
-73,1300
-73,1301
-73,1302
-73,1303
-73,1304
-73,1305
-73,1306
-73,1307
-73,1308
-73,1309
-73,1310
-73,1311
-73,1312
-73,1313
-73,1314
-73,1315
-73,1316
-73,1317
-73,1318
-73,1319
-73,1320
-73,1321
-73,1322
-73,1323
-73,1324
:85_9,1325
:85_9,1326
:85_9,1327
:85_9,1328
:85_9,1329
:85_9,1330
75,1331
75,1332
75,1333
75,1334
75,1335
75,1336
75,1337
75,1338
75,1339
75,1340
75,1341
75,1342
75,1343
75,1344
75,1345
75,1346
75,1347
75,1348
75,1349
75,1350
75,1351
75,1352
75,1353
75,1354
75,1355
75,1356
75,1357
75,1358
75,1359
75,1360
75,1361
75,1362
75,1363
75,1364
75,1365
75,1366
75,1367
75,1368
75,1369
75,1370
75,1371
75,1372
75,1373
75,1374
75,1375
75,1376
75,1377
75,1378
75,1379
75,1380
75,1381
75,1382
75,1383
75,1384
75,1385
75,1386
75,1387
75,1388
75,1389
75,1390
75,1391
75,1392
75,1393
75,1394
75,1395
75,1396
75,1397
75,1398
75,1399
75,1400
75,1401
75,1402
75,1403
75,1404
75,1405
75,1406
75,1407
75,1408
75,1409
75,1410
75,1411
75,1412
75,1413
75,1414
75,1415
75,1416
75,1417
75,1418
75,1419
75,1420
75,1421
75,1422
75,1423
75,1424
75,1425
75,1426
75,1427
75,1428
75,1429
75,1430
75,1431
75,1432
75,1433
75,1434
75,1435
75,1436
75,1437
75,1438
75,1439
75,1440
75,1441
75,1442
75,1443
75,1444
75,1445
75,1446
75,1447
75,1448
75,1449
75,1450
75,1451
75,1452
75,1453
75,1454
75,1455
75,1456
75,1457
75,1458
75,1459
75,1460
75,1461
75,1462
75,1463
75,1464
75,1465
75,1466
75,1467
75,1468
75,1469
75,1470
75,1471
75,1472
75,1473
75,1474
75,1475
75,1476
75,1477
75,1478
75,1479
75,1480
75,1481
75,1482
75,1483
75,1484
75,1485
75,1486
75,1487
:87_4,1488
:87_4,1489
:87_4,1490
:87_10,1491
:87_10,1492
:87_10,1493
396,1494
396,1495
396,1496
396,1497
396,1498
396,1499
396,1500
396,1501
396,1502
396,1503
396,1504
396,1505
396,1506
396,1507
396,1508
396,1509
396,1510
396,1511
396,1512
396,1513
396,1514
396,1515
396,1516
396,1517
396,1518
396,1519
396,1520
396,1521
396,1522
396,1523
396,1524
396,1525
396,1526
396,1527
396,1528
396,1529
396,1530
396,1531
396,1532
396,1533
396,1534
396,1535
396,1536
396,1537
396,1538
396,1539
396,1540
396,1541
396,1542
396,1543
396,1544
396,1545
396,1546
396,1547
396,1548
396,1549
396,1550
396,1551
396,1552
396,1553
396,1554
396,1555
396,1556
396,1557
396,1558
396,1559
396,1560
396,1561
396,1562
396,1563
396,1564
396,1565
396,1566
396,1567
396,1568
396,1569
396,1570
396,1571
396,1572
396,1573
396,1574
:357_9,1575
:357_9,1576
:357_9,1577
:357_9,1578
:357_9,1579
:357_9,1580
-532,1581
-532,1582
-532,1583
-532,1584
-532,1585
-532,1586
-532,1587
-532,1588
-532,1589
-532,1590
-532,1591
-532,1592
-532,1593
-532,1594
-532,1595
-532,1596
-532,1597
-532,1598
-532,1599
-532,1600
-532,1601
-532,1602
-532,1603
-532,1604
-532,1605
-532,1606
-532,1607
-532,1608
-532,1609
-532,1610
-532,1611
-532,1612
-532,1613
-532,1614
-532,1615
-532,1616
-532,1617
-532,1618
-532,1619
-532,1620
-532,1621
-532,1622
-532,1623
-532,1624
-532,1625
-532,1626
-532,1627
-532,1628
-532,1629
-532,1630
-532,1631
-532,1632
-532,1633
-532,1634
-532,1635
-532,1636
-532,1637
-532,1638
-532,1639
-532,1640
-532,1641
-532,1642
-532,1643
-532,1644
-532,1645
-532,1646
-532,1647
-532,1648
-532,1649
-532,1650
-532,1651
-532,1652
-532,1653
-532,1654
-532,1655
:84_9,1656
:84_9,1657
:84_9,1658
:84_9,1659
:84_9,1660
:84_9,1661
533,1662
533,1663
533,1664
533,1665
533,1666
533,1667
533,1668
533,1669
533,1670
533,1671
533,1672
533,1673
533,1674
533,1675
533,1676
533,1677
533,1678
533,1679
533,1680
533,1681
533,1682
533,1683
533,1684
533,1685
533,1686
533,1687
533,1688
533,1689
533,1690
533,1691
533,1692
533,1693
533,1694
533,1695
533,1696
533,1697
533,1698
533,1699
533,1700
533,1701
533,1702
533,1703
533,1704
533,1705
533,1706
533,1707
533,1708
533,1709
533,1710
533,1711
533,1712
533,1713
533,1714
533,1715
533,1716
533,1717
533,1718
533,1719
533,1720
533,1721
533,1722
533,1723
533,1724
533,1725
533,1726
533,1727
533,1728
533,1729
533,1730
533,1731
533,1732
533,1733
533,1734
533,1735
533,1736
533,1737
533,1738
533,1739
533,1740
533,1741
533,1742
533,1743
:222_5,1744
:222_5,1745
:222_5,1746
:222_5,1747
:222_5,1748
-216,1749
-216,1750
-216,1751
-216,1752
-216,1753
-216,1754
-216,1755
-216,1756
-216,1757
-216,1758
-216,1759
-216,1760
-216,1761
-216,1762
-216,1763
-216,1764
-216,1765
-216,1766
-216,1767
-216,1768
-216,1769
-216,1770
-216,1771
-216,1772
-216,1773
-216,1774
-216,1775
-216,1776
-216,1777
-216,1778
-216,1779
-216,1780
-216,1781
-216,1782
-216,1783
-216,1784
-216,1785
-216,1786
-216,1787
-216,1788
-216,1789
-216,1790
-216,1791
-216,1792
-216,1793
-216,1794
-216,1795
-216,1796
-216,1797
-216,1798
-216,1799
-216,1800
-216,1801
-216,1802
-216,1803
-216,1804
-216,1805
-216,1806
-216,1807
-216,1808
-216,1809
-216,1810
-216,1811
-216,1812
-216,1813
-216,1814
-216,1815
-216,1816
-216,1817
-216,1818
-216,1819
-216,1820
-216,1821
-216,1822
-216,1823
-216,1824
-216,1825
-216,1826
-216,1827
-216,1828
-216,1829
-216,1830
-216,1831
-216,1832
-216,1833
-216,1834
-216,1835
-216,1836
-216,1837
-216,1838
-216,1839
-216,1840
-216,1841
-216,1842
-216,1843
-216,1844
-216,1845
-216,1846
-216,1847
-216,1848
-216,1849
-216,1850
-216,1851
-216,1852
-216,1853
-216,1854
:220_3,1855
:220_3,1856
:220_3,1857
:220_3,1858
215,1859
215,1860
215,1861
215,1862
215,1863
215,1864
215,1865
215,1866
215,1867
215,1868
215,1869
215,1870
215,1871
215,1872
215,1873
215,1874
215,1875
215,1876
215,1877
215,1878
215,1879
215,1880
215,1881
215,1882
215,1883
215,1884
215,1885
215,1886
215,1887
215,1888
215,1889
215,1890
215,1891
215,1892
215,1893
215,1894
215,1895
215,1896
215,1897
215,1898
215,1899
215,1900
215,1901
215,1902
215,1903
215,1904
215,1905
215,1906
215,1907
215,1908
215,1909
215,1910
215,1911
215,1912
215,1913
215,1914
215,1915
215,1916
215,1917
215,1918
215,1919
215,1920
215,1921
215,1922
215,1923
215,1924
215,1925
215,1926
215,1927
215,1928
215,1929
215,1930
215,1931
215,1932
215,1933
215,1934
215,1935
215,1936
215,1937
215,1938
215,1939
215,1940
215,1941
215,1942
215,1943
215,1944
215,1945
215,1946
215,1947
215,1948
215,1949
215,1950
215,1951
215,1952
215,1953
215,1954
215,1955
215,1956
215,1957
215,1958
215,1959
215,1960
215,1961
215,1962
215,1963
215,1964
215,1965
215,1966
215,1967
215,1968
215,1969
215,1970
215,1971
215,1972
215,1973
215,1974
215,1975
215,1976
215,1977
215,1978
215,1979
215,1980
215,1981
215,1982
215,1983
215,1984
215,1985
215,1986
215,1987
:221_13,1988
:221_13,1989
:221_13,1990
:221_13,1991
:221_13,1992
:221_13,1993
220,1994
220,1995
220,1996
220,1997
220,1998
220,1999
220,2000
