220,1
220,2
220,3
220,4
220,5
220,6
220,7
220,8
220,9
220,10
220,11
220,12
220,13
220,14
220,15
220,16
220,17
220,18
220,19
220,20
220,21
220,22
220,23
220,24
220,25
220,26
220,27
220,28
220,29
220,30
220,31
220,32
220,33
220,34
220,35
220,36
220,37
220,38
220,39
220,40
220,41
220,42
220,43
220,44
220,45
220,46
220,47
220,48
220,49
220,50
220,51
220,52
220,53
220,54
220,55
220,56
220,57
220,58
220,59
220,60
220,61
220,62
220,63
220,64
220,65
220,66
220,67
220,68
220,69
220,70
220,71
220,72
220,73
220,74
220,75
220,76
220,77
220,78
220,79
220,80
220,81
220,82
220,83
220,84
220,85
220,86
220,87
220,88
220,89
220,90
220,91
220,92
220,93
220,94
220,95
220,96
220,97
220,98
220,99
220,100
220,101
220,102
220,103
220,104
220,105
220,106
220,107
220,108
220,109
220,110
220,111
220,112
220,113
220,114
220,115
220,116
220,117
220,118
220,119
220,120
220,121
220,122
220,123
220,124
220,125
220,126
220,127
220,128
220,129
220,130
220,131
220,132
220,133
220,134
220,135
220,136
220,137
220,138
220,139
220,140
220,141
220,142
220,143
220,144
220,145
220,146
220,147
220,148
220,149
220,150
220,151
220,152
220,153
220,154
220,155
220,156
220,157
220,158
220,159
220,160
220,161
220,162
220,163
220,164
220,165
220,166
220,167
220,168
220,169
220,170
220,171
220,172
220,173
220,174
220,175
220,176
220,177
220,178
220,179
220,180
220,181
220,182
220,183
220,184
220,185
220,186
220,187
220,188
220,189
220,190
220,191
220,192
220,193
220,194
220,195
220,196
:39_6,197
:39_6,198
:39_6,199
:39_6,200
:39_6,201
-32,202
-32,203
-32,204
-32,205
-32,206
-32,207
-32,208
-32,209
-32,210
-32,211
-32,212
-32,213
-32,214
-32,215
-32,216
-32,217
-32,218
-32,219
-32,220
-32,221
-32,222
-32,223
-32,224
-32,225
-32,226
-32,227
-32,228
-32,229
-32,230
-32,231
-32,232
-32,233
-32,234
-32,235
-32,236
-32,237
-32,238
-32,239
-32,240
-32,241
-32,242
-32,243
-32,244
-32,245
-32,246
-32,247
-32,248
-32,249
-32,250
-32,251
-32,252
-32,253
-32,254
-32,255
-32,256
-32,257
-32,258
-32,259
-32,260
-32,261
-32,262
-32,263
-32,264
-32,265
-32,266
-32,267
-32,268
-32,269
-32,270
-32,271
-32,272
-32,273
-32,274
-32,275
:38_12,276
:38_12,277
:38_12,278
33,279
33,280
33,281
33,282
33,283
33,284
33,285
33,286
33,287
33,288
33,289
33,290
33,291
33,292
33,293
33,294
33,295
33,296
33,297
33,298
33,299
33,300
33,301
33,302
33,303
33,304
33,305
33,306
33,307
33,308
33,309
33,310
33,311
33,312
33,313
33,314
33,315
33,316
33,317
33,318
33,319
33,320
33,321
33,322
33,323
33,324
33,325
33,326
33,327
33,328
33,329
33,330
33,331
33,332
33,333
33,334
33,335
33,336
33,337
33,338
33,339
33,340
33,341
33,342
33,343
33,344
33,345
33,346
33,347
33,348
33,349
33,350
33,351
33,352
33,353
33,354
33,355
33,356
33,357
33,358
33,359
33,360
33,361
33,362
33,363
33,364
33,365
33,366
33,367
33,368
33,369
33,370
33,371
33,372
33,373
33,374
33,375
33,376
33,377
33,378
33,379
33,380
33,381
33,382
33,383
33,384
33,385
33,386
33,387
33,388
33,389
33,390
33,391
33,392
33,393
33,394
33,395
33,396
33,397
33,398
33,399
33,400
33,401
33,402
33,403
33,404
33,405
33,406
33,407
33,408
33,409
33,410
33,411
33,412
33,413
33,414
33,415
33,416
33,417
33,418
33,419
33,420
33,421
33,422
33,423
33,424
33,425
33,426
33,427
33,428
33,429
33,430
33,431
33,432
33,433
33,434
33,435
33,436
33,437
33,438
33,439
:40_6,440
:40_6,441
:40_6,442
:40_6,443
:40_6,444
450,445
450,446
450,447
450,448
450,449
450,450
450,451
450,452
450,453
450,454
450,455
450,456
450,457
450,458
450,459
450,460
450,461
450,462
450,463
450,464
450,465
450,466
450,467
450,468
450,469
450,470
450,471
450,472
450,473
450,474
450,475
450,476
450,477
450,478
450,479
450,480
:154_0,481
:154_0,482
:154_0,483
:154_0,484
:154_0,485
-138,486
-138,487
-138,488
-138,489
-138,490
-138,491
-138,492
-138,493
-138,494
-138,495
-138,496
-138,497
-138,498
-138,499
-138,500
-138,501
-138,502
-138,503
-138,504
-138,505
-138,506
-138,507
-138,508
-138,509
-138,510
-138,511
-138,512
-138,513
-138,514
-138,515
-138,516
-138,517
-138,518
-138,519
-138,520
-138,521
-138,522
-138,523
-138,524
-138,525
-138,526
-138,527
-138,528
-138,529
-138,530
-138,531
-138,532
-138,533
-138,534
-138,535
-138,536
-138,537
-138,538
-138,539
-138,540
-138,541
-138,542
-138,543
-138,544
-138,545
-138,546
-138,547
-138,548
-138,549
-138,550
-138,551
-138,552
-138,553
-138,554
-138,555
-138,556
-138,557
-138,558
-138,559
-138,560
-138,561
-138,562
-138,563
-138,564
-138,565
-138,566
-138,567
-138,568
-138,569
-138,570
-138,571
-138,572
-138,573
-138,574
-138,575
-138,576
-138,577
-138,578
-138,579
-138,580
-138,581
:153_2,582
:153_2,583
:153_16,584
:153_16,585
:153_16,586
139,587
139,588
139,589
139,590
139,591
139,592
139,593
139,594
139,595
139,596
139,597
139,598
139,599
139,600
139,601
139,602
139,603
139,604
139,605
139,606
139,607
139,608
139,609
139,610
139,611
139,612
139,613
139,614
139,615
139,616
139,617
139,618
139,619
139,620
139,621
139,622
139,623
139,624
139,625
139,626
139,627
139,628
139,629
139,630
139,631
139,632
139,633
139,634
139,635
139,636
139,637
139,638
139,639
139,640
139,641
139,642
139,643
139,644
139,645
139,646
139,647
139,648
139,649
139,650
139,651
139,652
139,653
139,654
139,655
139,656
139,657
:155_13,658
:155_13,659
:155_13,660
:155_13,661
:155_13,662
:155_13,663
:155_13,664
:155_13,665
:155_13,666
:155_13,667
-372,668
-372,669
-372,670
-372,671
-372,672
-372,673
-372,674
-372,675
-372,676
-372,677
-372,678
-372,679
-372,680
-372,681
-372,682
-372,683
-372,684
-372,685
-372,686
-372,687
-372,688
-372,689
-372,690
-372,691
-372,692
-372,693
-372,694
-372,695
-372,696
-372,697
-372,698
-372,699
-372,700
-372,701
-372,702
-372,703
-372,704
-372,705
-372,706
-372,707
-372,708
-372,709
-372,710
-372,711
-372,712
-372,713
-372,714
-372,715
-372,716
-372,717
-372,718
-372,719
-372,720
-372,721
-372,722
-372,723
-372,724
-372,725
-372,726
-372,727
-372,728
-372,729
-372,730
-372,731
-372,732
-372,733
-372,734
-372,735
-372,736
-372,737
-372,738
-372,739
-372,740
-372,741
-372,742
-372,743
-372,744
-372,745
-372,746
-372,747
-372,748
-372,749
-372,750
-372,751
-372,752
-372,753
-372,754
-372,755
-372,756
-372,757
-372,758
-372,759
-372,760
-372,761
-372,762
-372,763
-372,764
-372,765
-372,766
-372,767
-372,768
-372,769
-372,770
-372,771
-372,772
-372,773
-372,774
-372,775
-372,776
-372,777
-372,778
-372,779
-372,780
-372,781
-372,782
-372,783
-372,784
-372,785
-372,786
-372,787
-372,788
-372,789
-372,790
-372,791
-372,792
-372,793
-372,794
-372,795
-372,796
-372,797
-372,798
-372,799
-372,800
-372,801
-372,802
-372,803
-372,804
-372,805
-372,806
-372,807
-372,808
-372,809
-372,810
-372,811
:266_3,812
:266_3,813
:266_3,814
373,815
373,816
373,817
373,818
373,819
373,820
373,821
373,822
373,823
373,824
373,825
373,826
373,827
373,828
373,829
373,830
373,831
373,832
373,833
373,834
373,835
373,836
373,837
373,838
373,839
373,840
373,841
373,842
373,843
373,844
373,845
373,846
373,847
373,848
373,849
373,850
373,851
373,852
373,853
