-158,1
-158,2
-158,3
-158,4
-158,5
-158,6
-158,7
-158,8
-158,9
-158,10
-158,11
-158,12
-158,13
-158,14
-158,15
-158,16
-158,17
-158,18
-158,19
-158,20
-158,21
-158,22
-158,23
-158,24
-158,25
-158,26
-158,27
-158,28
-158,29
-158,30
-158,31
-158,32
-158,33
-158,34
-158,35
-158,36
-158,37
-158,38
-158,39
-158,40
-158,41
-158,42
-158,43
-158,44
-158,45
-158,46
-158,47
-158,48
-158,49
-158,50
-158,51
-158,52
-158,53
-158,54
-158,55
-158,56
-158,57
-158,58
-158,59
-158,60
-158,61
-158,62
-158,63
-158,64
-158,65
-158,66
-158,67
-158,68
-158,69
-158,70
-158,71
-158,72
-158,73
-158,74
-158,75
-158,76
-158,77
-158,78
-158,79
-158,80
-158,81
-158,82
-158,83
-158,84
-158,85
-158,86
-158,87
-158,88
-158,89
-158,90
-158,91
-158,92
-158,93
-158,94
-158,95
-158,96
-158,97
-158,98
-158,99
-158,100
-158,101
-158,102
-158,103
-158,104
-158,105
-158,106
-158,107
-158,108
-158,109
-158,110
-158,111
-158,112
-158,113
-158,114
-158,115
-158,116
-158,117
-158,118
-158,119
-158,120
-158,121
-158,122
-158,123
-158,124
-158,125
-158,126
-158,127
-158,128
-158,129
-158,130
:46_0,131
:46_0,132
:46_0,133
:46_0,134
:46_0,135
:46_0,136
:46_0,137
-38,138
-38,139
-38,140
-38,141
-38,142
-38,143
-38,144
-38,145
-38,146
-38,147
-38,148
-38,149
-38,150
-38,151
-38,152
-38,153
-38,154
-38,155
-38,156
-38,157
-38,158
-38,159
-38,160
-38,161
-38,162
-38,163
-38,164
-38,165
-38,166
-38,167
-38,168
-38,169
-38,170
-38,171
-38,172
-38,173
-38,174
-38,175
-38,176
-38,177
-38,178
-38,179
-38,180
-38,181
-38,182
-38,183
-38,184
-38,185
-38,186
-38,187
-38,188
-38,189
-38,190
-38,191
-38,192
-38,193
-38,194
-38,195
-38,196
-38,197
-38,198
-38,199
-38,200
-38,201
-38,202
-38,203
-38,204
-38,205
-38,206
-38,207
-38,208
-38,209
-38,210
-38,211
-38,212
-38,213
-38,214
-38,215
-38,216
-38,217
-38,218
-38,219
-38,220
-38,221
-38,222
-38,223
-38,224
-38,225
-38,226
-38,227
-38,228
-38,229
-38,230
-38,231
-38,232
-38,233
-38,234
-38,235
-38,236
-38,237
-38,238
-38,239
-38,240
-38,241
-38,242
-38,243
-38,244
-38,245
-38,246
-38,247
-38,248
-38,249
-38,250
-38,251
-38,252
-38,253
-38,254
-38,255
-38,256
-38,257
-38,258
-38,259
-38,260
-38,261
-38,262
-38,263
-38,264
-38,265
-38,266
-38,267
-38,268
-38,269
-38,270
-38,271
-38,272
-38,273
-38,274
-38,275
-38,276
-38,277
-38,278
-38,279
-38,280
-38,281
-38,282
-38,283
-38,284
-38,285
-38,286
-38,287
-38,288
-38,289
-38,290
-38,291
-38,292
-38,293
-38,294
-38,295
-38,296
-38,297
-38,298
-38,299
-38,300
-38,301
-38,302
-38,303
-38,304
-38,305
-38,306
-38,307
-38,308
-38,309
-38,310
-38,311
-38,312
-38,313
-38,314
-38,315
-38,316
-38,317
-38,318
-38,319
-38,320
-38,321
-38,322
-38,323
-38,324
-38,325
-38,326
-38,327
-38,328
-38,329
-38,330
-38,331
-38,332
-38,333
-38,334
-38,335
-38,336
-38,337
-38,338
-38,339
-38,340
-38,341
-38,342
-38,343
-38,344
-38,345
-38,346
-38,347
-38,348
-38,349
-38,350
-38,351
-38,352
-38,353
-38,354
-38,355
-38,356
-38,357
-38,358
-38,359
-38,360
-38,361
-38,362
-38,363
-38,364
-38,365
-38,366
-38,367
-38,368
-38,369
-38,370
-38,371
-38,372
-38,373
-38,374
-38,375
-38,376
-38,377
-38,378
-38,379
-38,380
-38,381
-38,382
-38,383
-38,384
-38,385
-38,386
-38,387
-38,388
-38,389
-38,390
-38,391
-38,392
-38,393
-38,394
-38,395
-38,396
-38,397
-38,398
-38,399
-38,400
-38,401
-38,402
-38,403
-38,404
-38,405
-38,406
-38,407
-38,408
-38,409
-38,410
-38,411
-38,412
-38,413
-38,414
-38,415
-38,416
-38,417
-38,418
-38,419
-38,420
-38,421
-38,422
-38,423
-38,424
-38,425
-38,426
-38,427
-38,428
-38,429
-38,430
-38,431
-38,432
-38,433
-38,434
-38,435
-38,436
-38,437
-38,438
-38,439
-38,440
-38,441
-38,442
-38,443
-38,444
-38,445
-38,446
-38,447
-38,448
-38,449
-38,450
-38,451
-38,452
-38,453
-38,454
-38,455
-38,456
-38,457
-38,458
-38,459
-38,460
-38,461
-38,462
-38,463
-38,464
-38,465
-38,466
-38,467
-38,468
-38,469
-38,470
-38,471
-38,472
-38,473
-38,474
-38,475
-38,476
-38,477
-38,478
-38,479
-38,480
-38,481
-38,482
-38,483
-38,484
-38,485
-38,486
-38,487
-38,488
-38,489
-38,490
:43_6,491
:43_6,492
:43_6,493
:43_6,494
:43_6,495
:43_6,496
37,497
37,498
37,499
37,500
37,501
37,502
37,503
37,504
37,505
37,506
37,507
37,508
37,509
37,510
37,511
37,512
37,513
37,514
37,515
37,516
37,517
37,518
37,519
37,520
37,521
37,522
37,523
37,524
37,525
37,526
37,527
37,528
37,529
37,530
37,531
37,532
37,533
37,534
37,535
37,536
37,537
37,538
37,539
37,540
37,541
37,542
37,543
37,544
37,545
37,546
37,547
37,548
37,549
37,550
37,551
37,552
37,553
37,554
37,555
37,556
37,557
37,558
37,559
37,560
37,561
37,562
37,563
37,564
37,565
37,566
37,567
37,568
37,569
37,570
37,571
37,572
37,573
37,574
37,575
37,576
37,577
37,578
37,579
37,580
37,581
37,582
37,583
37,584
37,585
37,586
37,587
37,588
37,589
37,590
37,591
37,592
37,593
37,594
37,595
37,596
37,597
37,598
37,599
37,600
37,601
37,602
37,603
37,604
37,605
37,606
37,607
37,608
37,609
37,610
37,611
37,612
37,613
37,614
37,615
37,616
37,617
37,618
37,619
37,620
37,621
37,622
37,623
37,624
37,625
37,626
37,627
37,628
37,629
37,630
37,631
37,632
37,633
37,634
37,635
37,636
37,637
37,638
37,639
37,640
37,641
37,642
37,643
37,644
37,645
37,646
:45_21,647
:45_21,648
:45_21,649
:45_21,650
:45_21,651
:45_21,652
:45_21,653
:45_21,654
:45_21,655
:45_21,656
:45_21,657
:45_21,658
:45_21,659
:45_21,660
208,661
208,662
208,663
208,664
208,665
208,666
208,667
208,668
208,669
208,670
208,671
208,672
208,673
208,674
208,675
208,676
208,677
208,678
208,679
208,680
208,681
208,682
208,683
208,684
208,685
208,686
208,687
208,688
208,689
208,690
208,691
208,692
208,693
208,694
208,695
208,696
208,697
208,698
208,699
208,700
208,701
208,702
208,703
208,704
208,705
208,706
208,707
208,708
208,709
208,710
208,711
208,712
208,713
208,714
208,715
208,716
208,717
208,718
208,719
208,720
208,721
208,722
208,723
208,724
208,725
208,726
208,727
208,728
208,729
208,730
208,731
208,732
208,733
208,734
208,735
208,736
208,737
208,738
208,739
208,740
208,741
208,742
208,743
208,744
208,745
208,746
208,747
208,748
208,749
208,750
208,751
208,752
208,753
208,754
208,755
208,756
208,757
208,758
208,759
208,760
208,761
208,762
208,763
208,764
208,765
208,766
208,767
208,768
208,769
208,770
208,771
208,772
208,773
208,774
208,775
208,776
208,777
208,778
208,779
208,780
208,781
208,782
208,783
208,784
208,785
208,786
208,787
208,788
208,789
208,790
208,791
208,792
208,793
208,794
208,795
208,796
208,797
208,798
208,799
208,800
208,801
208,802
208,803
208,804
208,805
208,806
208,807
208,808
208,809
208,810
208,811
208,812
208,813
208,814
208,815
208,816
208,817
208,818
208,819
208,820
208,821
208,822
208,823
208,824
208,825
208,826
208,827
208,828
208,829
208,830
208,831
208,832
208,833
208,834
208,835
208,836
208,837
208,838
208,839
208,840
208,841
208,842
208,843
208,844
208,845
208,846
208,847
208,848
208,849
208,850
208,851
208,852
208,853
208,854
208,855
:215_1,856
:215_1,857
:215_1,858
:215_1,859
:215_1,860
:215_1,861
401,862
401,863
401,864
401,865
401,866
401,867
401,868
401,869
401,870
401,871
401,872
401,873
401,874
401,875
401,876
401,877
401,878
401,879
401,880
401,881
401,882
401,883
401,884
401,885
401,886
401,887
401,888
401,889
401,890
401,891
401,892
401,893
401,894
401,895
401,896
401,897
401,898
401,899
401,900
401,901
401,902
401,903
401,904
401,905
401,906
401,907
401,908
401,909
401,910
401,911
401,912
401,913
401,914
401,915
401,916
401,917
401,918
401,919
401,920
401,921
401,922
401,923
401,924
401,925
401,926
401,927
401,928
401,929
401,930
401,931
401,932
401,933
401,934
401,935
401,936
401,937
401,938
401,939
401,940
401,941
401,942
401,943
401,944
401,945
401,946
401,947
401,948
401,949
401,950
401,951
401,952
401,953
401,954
401,955
401,956
401,957
401,958
401,959
401,960
401,961
401,962
401,963
401,964
401,965
401,966
401,967
401,968
401,969
401,970
401,971
401,972
401,973
401,974
401,975
401,976
401,977
401,978
401,979
401,980
401,981
401,982
401,983
401,984
401,985
401,986
401,987
401,988
401,989
401,990
401,991
401,992
401,993
401,994
401,995
401,996
401,997
401,998
401,999
401,1000
401,1001
401,1002
401,1003
401,1004
401,1005
401,1006
401,1007
401,1008
401,1009
401,1010
401,1011
401,1012
401,1013
401,1014
401,1015
401,1016
401,1017
401,1018
401,1019
401,1020
401,1021
401,1022
401,1023
401,1024
401,1025
401,1026
401,1027
401,1028
401,1029
401,1030
401,1031
401,1032
401,1033
401,1034
401,1035
401,1036
401,1037
401,1038
401,1039
401,1040
401,1041
401,1042
401,1043
401,1044
401,1045
401,1046
401,1047
401,1048
401,1049
401,1050
401,1051
401,1052
401,1053
401,1054
401,1055
401,1056
401,1057
401,1058
401,1059
401,1060
401,1061
401,1062
401,1063
401,1064
401,1065
401,1066
:143_13,1067
:143_13,1068
:143_13,1069
:143_13,1070
:143_13,1071
:143_13,1072
:143_13,1073
406,1074
406,1075
406,1076
406,1077
406,1078
406,1079
406,1080
406,1081
406,1082
406,1083
406,1084
406,1085
406,1086
406,1087
406,1088
406,1089
406,1090
406,1091
406,1092
406,1093
406,1094
406,1095
406,1096
406,1097
406,1098
406,1099
406,1100
406,1101
406,1102
406,1103
406,1104
406,1105
406,1106
406,1107
406,1108
406,1109
406,1110
406,1111
406,1112
406,1113
406,1114
406,1115
406,1116
406,1117
406,1118
406,1119
406,1120
406,1121
406,1122
406,1123
406,1124
406,1125
406,1126
406,1127
406,1128
406,1129
406,1130
406,1131
406,1132
406,1133
406,1134
406,1135
406,1136
406,1137
406,1138
406,1139
406,1140
406,1141
406,1142
406,1143
406,1144
406,1145
406,1146
406,1147
406,1148
406,1149
406,1150
406,1151
406,1152
406,1153
406,1154
406,1155
406,1156
406,1157
406,1158
406,1159
406,1160
406,1161
406,1162
406,1163
406,1164
406,1165
406,1166
406,1167
406,1168
406,1169
406,1170
406,1171
406,1172
406,1173
406,1174
406,1175
406,1176
406,1177
406,1178
406,1179
406,1180
406,1181
406,1182
406,1183
406,1184
406,1185
406,1186
406,1187
406,1188
406,1189
406,1190
406,1191
406,1192
406,1193
406,1194
406,1195
406,1196
406,1197
406,1198
406,1199
406,1200
406,1201
406,1202
406,1203
406,1204
406,1205
406,1206
406,1207
406,1208
406,1209
406,1210
406,1211
406,1212
406,1213
406,1214
406,1215
406,1216
406,1217
406,1218
406,1219
406,1220
406,1221
406,1222
406,1223
406,1224
406,1225
406,1226
406,1227
406,1228
406,1229
406,1230
406,1231
406,1232
406,1233
406,1234
406,1235
406,1236
406,1237
406,1238
406,1239
406,1240
406,1241
406,1242
406,1243
406,1244
406,1245
406,1246
406,1247
406,1248
406,1249
406,1250
406,1251
406,1252
406,1253
406,1254
406,1255
406,1256
406,1257
406,1258
406,1259
406,1260
406,1261
406,1262
406,1263
406,1264
406,1265
406,1266
406,1267
406,1268
406,1269
406,1270
406,1271
406,1272
406,1273
406,1274
406,1275
406,1276
406,1277
406,1278
406,1279
406,1280
406,1281
406,1282
:28_7,1283
:28_7,1284
:28_7,1285
:28_7,1286
:28_7,1287
:28_7,1288
:28_7,1289
-24,1290
-24,1291
-24,1292
-24,1293
-24,1294
-24,1295
-24,1296
-24,1297
-24,1298
-24,1299
-24,1300
-24,1301
-24,1302
-24,1303
-24,1304
-24,1305
-24,1306
-24,1307
-24,1308
-24,1309
-24,1310
-24,1311
-24,1312
-24,1313
-24,1314
-24,1315
-24,1316
-24,1317
-24,1318
-24,1319
-24,1320
-24,1321
-24,1322
-24,1323
-24,1324
-24,1325
-24,1326
-24,1327
-24,1328
-24,1329
-24,1330
-24,1331
-24,1332
-24,1333
-24,1334
-24,1335
-24,1336
-24,1337
-24,1338
-24,1339
-24,1340
-24,1341
-24,1342
-24,1343
-24,1344
-24,1345
-24,1346
-24,1347
-24,1348
-24,1349
-24,1350
-24,1351
-24,1352
-24,1353
-24,1354
-24,1355
-24,1356
-24,1357
-24,1358
-24,1359
-24,1360
-24,1361
-24,1362
-24,1363
-24,1364
-24,1365
-24,1366
-24,1367
-24,1368
-24,1369
-24,1370
-24,1371
-24,1372
-24,1373
-24,1374
-24,1375
-24,1376
-24,1377
-24,1378
-24,1379
-24,1380
-24,1381
-24,1382
-24,1383
-24,1384
-24,1385
-24,1386
-24,1387
-24,1388
-24,1389
-24,1390
-24,1391
:24_1,1392
:24_1,1393
:24_1,1394
:24_1,1395
:24_1,1396
:24_1,1397
-114,1398
-114,1399
-114,1400
-114,1401
-114,1402
-114,1403
-114,1404
-114,1405
-114,1406
-114,1407
-114,1408
-114,1409
-114,1410
-114,1411
-114,1412
-114,1413
-114,1414
-114,1415
-114,1416
-114,1417
-114,1418
-114,1419
-114,1420
-114,1421
-114,1422
-114,1423
-114,1424
-114,1425
-114,1426
-114,1427
-114,1428
-114,1429
-114,1430
-114,1431
-114,1432
-114,1433
-114,1434
-114,1435
-114,1436
-114,1437
-114,1438
-114,1439
-114,1440
-114,1441
-114,1442
-114,1443
-114,1444
-114,1445
-114,1446
-114,1447
-114,1448
-114,1449
-114,1450
-114,1451
-114,1452
-114,1453
-114,1454
-114,1455
-114,1456
-114,1457
-114,1458
-114,1459
-114,1460
-114,1461
-114,1462
-114,1463
-114,1464
-114,1465
-114,1466
-114,1467
-114,1468
-114,1469
-114,1470
-114,1471
-114,1472
-113,1473
-113,1474
-113,1475
-113,1476
-113,1477
-113,1478
-113,1479
-113,1480
-113,1481
-113,1482
-113,1483
-113,1484
-113,1485
-113,1486
-113,1487
-113,1488
-113,1489
-113,1490
-113,1491
-113,1492
-113,1493
-113,1494
-113,1495
-113,1496
-113,1497
-113,1498
-113,1499
-113,1500
-113,1501
-113,1502
-113,1503
-113,1504
-113,1505
-113,1506
-113,1507
-113,1508
-113,1509
-113,1510
-113,1511
-113,1512
-113,1513
-113,1514
-113,1515
-113,1516
-113,1517
-113,1518
-113,1519
-113,1520
-112,1521
-112,1522
-112,1523
-112,1524
-112,1525
-112,1526
-112,1527
-112,1528
-112,1529
-112,1530
-112,1531
-112,1532
-112,1533
-112,1534
-112,1535
-112,1536
-112,1537
-112,1538
-112,1539
-112,1540
-112,1541
-112,1542
-112,1543
-112,1544
-112,1545
-112,1546
-112,1547
-112,1548
-112,1549
-112,1550
-112,1551
-112,1552
-112,1553
-112,1554
-112,1555
-112,1556
-112,1557
-112,1558
-112,1559
-112,1560
-112,1561
-112,1562
-112,1563
-112,1564
-112,1565
-112,1566
-112,1567
-112,1568
-112,1569
-111,1570
-111,1571
-111,1572
-111,1573
-111,1574
-111,1575
-111,1576
-111,1577
-111,1578
-111,1579
-111,1580
-111,1581
-111,1582
-111,1583
-111,1584
-111,1585
-111,1586
-111,1587
-111,1588
-111,1589
-111,1590
-111,1591
-111,1592
-111,1593
-111,1594
-111,1595
-111,1596
-111,1597
-111,1598
-111,1599
-111,1600
-111,1601
-111,1602
-111,1603
-111,1604
-111,1605
-111,1606
-111,1607
-111,1608
-111,1609
-111,1610
-111,1611
-111,1612
-111,1613
-111,1614
-111,1615
-111,1616
-111,1617
:127_0,1618
:127_0,1619
:127_0,1620
:127_0,1621
:127_0,1622
-110,1623
-110,1624
-110,1625
-110,1626
-110,1627
-110,1628
-110,1629
-110,1630
-110,1631
-110,1632
-110,1633
-110,1634
-110,1635
-110,1636
-110,1637
-110,1638
-110,1639
-110,1640
-110,1641
-110,1642
-110,1643
-110,1644
-110,1645
-110,1646
-110,1647
-110,1648
-110,1649
-110,1650
-110,1651
-110,1652
-110,1653
-110,1654
-110,1655
-110,1656
-110,1657
-110,1658
-110,1659
-110,1660
-110,1661
-110,1662
-110,1663
-110,1664
-110,1665
-110,1666
-110,1667
-110,1668
-110,1669
-110,1670
-110,1671
-110,1672
-110,1673
-110,1674
-110,1675
-110,1676
-110,1677
-110,1678
-110,1679
-110,1680
-110,1681
-110,1682
-110,1683
-110,1684
-110,1685
-110,1686
-110,1687
-110,1688
-110,1689
-110,1690
-110,1691
-110,1692
-110,1693
-110,1694
-110,1695
-110,1696
-110,1697
-110,1698
-110,1699
-110,1700
-110,1701
-110,1702
-110,1703
-110,1704
-110,1705
-110,1706
-110,1707
-110,1708
-110,1709
-110,1710
-110,1711
-110,1712
-110,1713
-110,1714
-110,1715
:126_0,1716
:126_0,1717
:126_0,1718
:126_0,1719
:126_0,1720
:126_0,1721
-109,1722
-109,1723
-109,1724
-109,1725
-109,1726
-109,1727
-109,1728
-109,1729
-109,1730
-109,1731
-109,1732
-109,1733
-109,1734
-109,1735
-109,1736
-109,1737
-109,1738
-109,1739
-109,1740
-109,1741
-109,1742
-109,1743
-109,1744
-109,1745
-109,1746
-109,1747
-109,1748
-109,1749
-109,1750
-109,1751
-109,1752
-109,1753
-109,1754
-109,1755
-109,1756
-109,1757
-109,1758
-109,1759
-109,1760
-109,1761
-109,1762
-109,1763
-109,1764
-109,1765
-109,1766
-109,1767
-109,1768
-109,1769
-109,1770
-109,1771
-109,1772
:125_1,1773
:125_1,1774
:125_9,1775
:125_9,1776
:125_9,1777
:125_9,1778
218,1779
218,1780
218,1781
218,1782
218,1783
218,1784
218,1785
218,1786
218,1787
218,1788
218,1789
218,1790
218,1791
218,1792
218,1793
218,1794
218,1795
218,1796
218,1797
218,1798
218,1799
218,1800
218,1801
218,1802
218,1803
218,1804
218,1805
218,1806
218,1807
218,1808
218,1809
218,1810
218,1811
218,1812
218,1813
218,1814
218,1815
218,1816
218,1817
218,1818
218,1819
218,1820
218,1821
218,1822
218,1823
218,1824
218,1825
218,1826
218,1827
218,1828
218,1829
218,1830
218,1831
218,1832
218,1833
218,1834
218,1835
218,1836
218,1837
218,1838
218,1839
218,1840
218,1841
218,1842
218,1843
218,1844
218,1845
218,1846
218,1847
218,1848
218,1849
218,1850
218,1851
218,1852
218,1853
218,1854
218,1855
218,1856
218,1857
218,1858
218,1859
218,1860
218,1861
218,1862
218,1863
218,1864
218,1865
218,1866
218,1867
218,1868
218,1869
218,1870
218,1871
218,1872
218,1873
218,1874
218,1875
218,1876
218,1877
218,1878
218,1879
218,1880
218,1881
218,1882
218,1883
218,1884
218,1885
218,1886
218,1887
218,1888
218,1889
218,1890
218,1891
218,1892
218,1893
218,1894
218,1895
218,1896
218,1897
218,1898
218,1899
218,1900
218,1901
218,1902
218,1903
218,1904
218,1905
218,1906
218,1907
218,1908
218,1909
218,1910
218,1911
218,1912
218,1913
218,1914
218,1915
218,1916
218,1917
218,1918
218,1919
218,1920
218,1921
218,1922
218,1923
218,1924
218,1925
218,1926
218,1927
:224_1,1928
:224_1,1929
:224_1,1930
588,1931
588,1932
588,1933
588,1934
588,1935
588,1936
588,1937
588,1938
588,1939
588,1940
588,1941
588,1942
588,1943
588,1944
588,1945
588,1946
588,1947
588,1948
588,1949
588,1950
588,1951
588,1952
588,1953
588,1954
588,1955
588,1956
:414_4,1957
:414_4,1958
:414_4,1959
:414_4,1960
:414_4,1961
:414_4,1962
589,1963
589,1964
589,1965
589,1966
589,1967
589,1968
589,1969
589,1970
589,1971
589,1972
589,1973
589,1974
589,1975
589,1976
589,1977
589,1978
589,1979
589,1980
589,1981
589,1982
589,1983
589,1984
589,1985
589,1986
589,1987
589,1988
589,1989
589,1990
589,1991
589,1992
589,1993
589,1994
589,1995
589,1996
589,1997
589,1998
589,1999
589,2000
