117,1
117,2
117,3
117,4
117,5
117,6
117,7
117,8
117,9
117,10
117,11
117,12
117,13
117,14
117,15
117,16
117,17
117,18
117,19
117,20
117,21
117,22
117,23
117,24
117,25
117,26
117,27
117,28
117,29
117,30
117,31
117,32
117,33
117,34
117,35
117,36
117,37
117,38
117,39
117,40
117,41
117,42
117,43
117,44
117,45
117,46
117,47
117,48
117,49
117,50
117,51
117,52
117,53
117,54
117,55
117,56
117,57
117,58
117,59
117,60
117,61
117,62
117,63
117,64
117,65
117,66
117,67
117,68
117,69
117,70
117,71
117,72
117,73
117,74
117,75
117,76
117,77
117,78
117,79
117,80
117,81
117,82
117,83
117,84
117,85
117,86
117,87
117,88
117,89
117,90
117,91
117,92
117,93
117,94
117,95
117,96
117,97
117,98
117,99
117,100
117,101
117,102
117,103
117,104
117,105
117,106
:134_7,107
:134_7,108
:134_7,109
:134_7,110
:134_7,111
-322,112
-322,113
-322,114
-322,115
-322,116
-322,117
-322,118
-322,119
-322,120
-322,121
-322,122
-322,123
-322,124
-322,125
-322,126
-322,127
-322,128
-322,129
-322,130
-322,131
-322,132
-322,133
-322,134
-322,135
-322,136
-322,137
-322,138
-322,139
-322,140
-322,141
-322,142
-322,143
-322,144
-322,145
-322,146
-322,147
-322,148
-322,149
-322,150
-322,151
-322,152
-322,153
-322,154
-322,155
-322,156
-322,157
-322,158
-322,159
-322,160
-322,161
-322,162
-322,163
-322,164
-322,165
-322,166
-322,167
-322,168
-322,169
-322,170
-322,171
-322,172
-322,173
-322,174
-322,175
-322,176
-322,177
-322,178
-322,179
-322,180
-322,181
-322,182
-322,183
-322,184
-322,185
-322,186
-322,187
-322,188
-322,189
-322,190
-322,191
-322,192
-322,193
-322,194
-322,195
-322,196
-322,197
-322,198
-322,199
-322,200
-322,201
-322,202
-322,203
-322,204
-322,205
-322,206
-322,207
-322,208
-322,209
-322,210
-322,211
-322,212
-322,213
-322,214
-322,215
-322,216
-322,217
-322,218
-322,219
-322,220
-322,221
-322,222
-322,223
-322,224
-322,225
:50_5,226
:50_5,227
:50_5,228
:50_5,229
:50_5,230
:50_5,231
:50_5,232
-430,233
-430,234
-430,235
-430,236
-430,237
-430,238
-430,239
-430,240
-430,241
-430,242
-430,243
-430,244
-430,245
-430,246
-430,247
-430,248
-430,249
-430,250
-430,251
-430,252
-430,253
-430,254
-430,255
-430,256
-430,257
-430,258
-430,259
-430,260
-430,261
-430,262
-430,263
-430,264
-430,265
-430,266
-430,267
-430,268
-430,269
-430,270
-430,271
-430,272
-430,273
-430,274
-430,275
-430,276
-430,277
-430,278
-430,279
-430,280
-430,281
-430,282
-430,283
-430,284
-430,285
-430,286
-430,287
-430,288
-430,289
-430,290
-430,291
-430,292
-430,293
-430,294
-430,295
-430,296
-430,297
-430,298
-430,299
-430,300
-430,301
-430,302
-430,303
-430,304
-430,305
-430,306
-430,307
-430,308
-430,309
-430,310
-430,311
-430,312
-430,313
-430,314
-430,315
-430,316
-430,317
-430,318
-430,319
-430,320
-430,321
-430,322
-430,323
-430,324
-430,325
-430,326
-430,327
-430,328
-430,329
-430,330
-430,331
-430,332
-430,333
-430,334
-430,335
-430,336
-430,337
-430,338
-430,339
-430,340
-430,341
-430,342
-430,343
-430,344
-430,345
-430,346
-430,347
-430,348
-430,349
-430,350
-430,351
-430,352
-430,353
-430,354
-430,355
-430,356
-430,357
-430,358
-430,359
-430,360
-430,361
-430,362
-430,363
-430,364
-430,365
-430,366
-430,367
-430,368
-430,369
-430,370
-430,371
-430,372
-430,373
-430,374
-430,375
-430,376
-430,377
-430,378
-430,379
-430,380
-430,381
-430,382
-430,383
-430,384
-430,385
-430,386
-430,387
-430,388
-430,389
-430,390
-430,391
-430,392
-430,393
-430,394
-430,395
-430,396
-430,397
-430,398
-430,399
-430,400
-430,401
-430,402
-430,403
-430,404
-430,405
-430,406
-430,407
:375_3,408
:375_3,409
:375_3,410
:375_3,411
:375_3,412
-679,413
-679,414
-679,415
-679,416
-679,417
-679,418
-679,419
-679,420
-679,421
-679,422
-679,423
-679,424
-679,425
-679,426
-679,427
-679,428
-679,429
-679,430
-679,431
-679,432
-679,433
-679,434
-679,435
-679,436
-679,437
-679,438
-679,439
-679,440
-679,441
-679,442
-679,443
-679,444
-679,445
-679,446
-679,447
-679,448
-679,449
-679,450
-679,451
-679,452
-679,453
-679,454
-679,455
-679,456
-679,457
-679,458
-679,459
-679,460
-679,461
-679,462
-679,463
-679,464
-679,465
-679,466
-679,467
-679,468
-679,469
-679,470
-679,471
-679,472
-679,473
:396_7,474
:396_7,475
:396_7,476
:396_7,477
:396_7,478
-464,479
-464,480
-464,481
-464,482
-464,483
-464,484
-464,485
-464,486
-464,487
-464,488
-464,489
-464,490
-464,491
-464,492
-464,493
-464,494
-464,495
-464,496
-464,497
-464,498
-464,499
-464,500
-464,501
-464,502
-464,503
-464,504
-464,505
-464,506
-464,507
-464,508
-464,509
-464,510
-464,511
-464,512
-464,513
-464,514
-464,515
-464,516
-464,517
-464,518
-464,519
-464,520
-464,521
-464,522
-464,523
-464,524
-464,525
-464,526
-464,527
-464,528
-464,529
-464,530
-464,531
-464,532
-464,533
-464,534
-464,535
-464,536
-464,537
-464,538
-464,539
-464,540
-464,541
-464,542
-464,543
-464,544
-464,545
-464,546
-464,547
-464,548
-464,549
-464,550
-464,551
-464,552
-464,553
-464,554
-464,555
-464,556
-464,557
-464,558
-464,559
-464,560
-464,561
-464,562
-464,563
-464,564
-464,565
:188_0,566
-175,567
-175,568
-175,569
-175,570
-175,571
-175,572
-175,573
-175,574
-175,575
-175,576
-175,577
-175,578
-175,579
-175,580
-175,581
-175,582
-175,583
-175,584
-175,585
-175,586
-175,587
-175,588
-175,589
-175,590
-175,591
-175,592
-175,593
-175,594
-175,595
-175,596
-175,597
-175,598
-175,599
-175,600
-175,601
-175,602
-175,603
-175,604
-175,605
-175,606
-175,607
-175,608
-175,609
-175,610
-175,611
-175,612
-175,613
-175,614
-175,615
-175,616
-175,617
-175,618
-175,619
-175,620
-175,621
-175,622
-175,623
-175,624
-175,625
-175,626
-175,627
:13_3,628
:13_3,629
685,630
685,631
685,632
685,633
685,634
685,635
685,636
685,637
685,638
685,639
685,640
685,641
685,642
685,643
685,644
685,645
685,646
685,647
:373_5,648
684,649
684,650
684,651
684,652
684,653
684,654
684,655
684,656
684,657
684,658
684,659
684,660
684,661
684,662
684,663
684,664
684,665
684,666
684,667
:6_9,668
:6_9,669
6,670
6,671
6,672
6,673
6,674
6,675
6,676
6,677
6,678
6,679
6,680
6,681
6,682
6,683
6,684
6,685
6,686
6,687
6,688
6,689
6,690
6,691
6,692
6,693
6,694
6,695
6,696
6,697
6,698
6,699
6,700
6,701
6,702
6,703
6,704
6,705
6,706
6,707
6,708
6,709
6,710
6,711
6,712
6,713
6,714
6,715
6,716
6,717
6,718
6,719
6,720
6,721
6,722
6,723
6,724
6,725
6,726
6,727
6,728
6,729
6,730
6,731
6,732
6,733
6,734
6,735
6,736
6,737
6,738
6,739
6,740
6,741
6,742
6,743
6,744
6,745
6,746
6,747
6,748
6,749
6,750
6,751
6,752
6,753
6,754
6,755
6,756
6,757
6,758
6,759
6,760
6,761
6,762
6,763
6,764
6,765
6,766
6,767
6,768
6,769
6,770
6,771
6,772
6,773
6,774
6,775
6,776
6,777
6,778
6,779
6,780
6,781
6,782
6,783
6,784
6,785
6,786
6,787
6,788
6,789
6,790
6,791
6,792
6,793
6,794
6,795
6,796
6,797
6,798
6,799
6,800
6,801
6,802
6,803
6,804
6,805
6,806
6,807
6,808
6,809
6,810
6,811
6,812
6,813
6,814
6,815
6,816
6,817
6,818
6,819
6,820
6,821
6,822
6,823
6,824
6,825
6,826
6,827
6,828
6,829
6,830
6,831
6,832
6,833
6,834
6,835
6,836
6,837
6,838
6,839
6,840
6,841
6,842
6,843
6,844
6,845
6,846
6,847
6,848
6,849
6,850
6,851
6,852
6,853
6,854
6,855
6,856
6,857
6,858
6,859
6,860
6,861
6,862
6,863
6,864
6,865
6,866
6,867
:8_1,868
7,869
7,870
7,871
7,872
7,873
7,874
7,875
7,876
7,877
7,878
7,879
7,880
7,881
7,882
7,883
7,884
7,885
7,886
7,887
7,888
7,889
7,890
7,891
7,892
7,893
7,894
7,895
7,896
7,897
7,898
7,899
7,900
7,901
7,902
7,903
7,904
7,905
7,906
7,907
7,908
7,909
7,910
7,911
7,912
7,913
7,914
7,915
7,916
7,917
7,918
7,919
7,920
7,921
7,922
7,923
7,924
7,925
7,926
7,927
7,928
7,929
7,930
7,931
7,932
7,933
7,934
7,935
8,936
8,937
8,938
8,939
8,940
8,941
8,942
8,943
8,944
8,945
8,946
8,947
8,948
8,949
8,950
8,951
8,952
8,953
8,954
8,955
8,956
8,957
8,958
8,959
8,960
8,961
8,962
8,963
8,964
8,965
8,966
8,967
8,968
8,969
8,970
8,971
8,972
8,973
8,974
8,975
8,976
8,977
8,978
8,979
8,980
8,981
8,982
8,983
8,984
8,985
8,986
8,987
8,988
8,989
8,990
8,991
8,992
8,993
:10_1,994
9,995
9,996
9,997
9,998
9,999
9,1000
9,1001
9,1002
9,1003
9,1004
9,1005
9,1006
9,1007
9,1008
9,1009
9,1010
9,1011
9,1012
9,1013
9,1014
9,1015
9,1016
9,1017
9,1018
9,1019
9,1020
9,1021
9,1022
9,1023
9,1024
9,1025
9,1026
9,1027
9,1028
9,1029
9,1030
9,1031
9,1032
9,1033
9,1034
9,1035
9,1036
9,1037
9,1038
9,1039
9,1040
9,1041
9,1042
9,1043
9,1044
9,1045
9,1046
9,1047
9,1048
9,1049
9,1050
10,1051
10,1052
10,1053
10,1054
10,1055
10,1056
10,1057
10,1058
10,1059
10,1060
10,1061
10,1062
10,1063
10,1064
10,1065
10,1066
10,1067
10,1068
10,1069
10,1070
10,1071
10,1072
10,1073
10,1074
10,1075
10,1076
10,1077
10,1078
10,1079
10,1080
10,1081
10,1082
10,1083
10,1084
10,1085
10,1086
10,1087
10,1088
10,1089
10,1090
10,1091
10,1092
10,1093
10,1094
10,1095
10,1096
10,1097
10,1098
10,1099
10,1100
10,1101
10,1102
10,1103
10,1104
10,1105
10,1106
11,1107
11,1108
11,1109
11,1110
11,1111
11,1112
11,1113
11,1114
11,1115
11,1116
11,1117
11,1118
11,1119
11,1120
11,1121
11,1122
11,1123
11,1124
11,1125
11,1126
11,1127
11,1128
11,1129
11,1130
11,1131
11,1132
11,1133
11,1134
11,1135
11,1136
11,1137
11,1138
11,1139
11,1140
11,1141
11,1142
11,1143
11,1144
11,1145
11,1146
11,1147
11,1148
11,1149
11,1150
11,1151
11,1152
11,1153
11,1154
11,1155
11,1156
11,1157
11,1158
11,1159
11,1160
11,1161
11,1162
11,1163
11,1164
11,1165
11,1166
11,1167
11,1168
11,1169
11,1170
11,1171
11,1172
11,1173
11,1174
11,1175
11,1176
11,1177
11,1178
11,1179
11,1180
11,1181
11,1182
11,1183
11,1184
11,1185
11,1186
11,1187
11,1188
11,1189
11,1190
11,1191
11,1192
11,1193
11,1194
11,1195
11,1196
11,1197
11,1198
11,1199
11,1200
11,1201
11,1202
11,1203
11,1204
11,1205
11,1206
11,1207
11,1208
11,1209
11,1210
11,1211
11,1212
11,1213
11,1214
11,1215
11,1216
11,1217
11,1218
11,1219
11,1220
:4_6,1221
:4_6,1222
:4_6,1223
-3,1224
-3,1225
-3,1226
-3,1227
-3,1228
-3,1229
-3,1230
-3,1231
-3,1232
-3,1233
-3,1234
-3,1235
-3,1236
-3,1237
-3,1238
-3,1239
-3,1240
-3,1241
-3,1242
-3,1243
-3,1244
-3,1245
-3,1246
-3,1247
-3,1248
-3,1249
-3,1250
-3,1251
-3,1252
-3,1253
-3,1254
-3,1255
-3,1256
-3,1257
-3,1258
-3,1259
-3,1260
-3,1261
-3,1262
-3,1263
-3,1264
-3,1265
-3,1266
-3,1267
-3,1268
-3,1269
-3,1270
-3,1271
-3,1272
-3,1273
-3,1274
-3,1275
-3,1276
-3,1277
-3,1278
-3,1279
-3,1280
-3,1281
-3,1282
-3,1283
-3,1284
-3,1285
-3,1286
-3,1287
-3,1288
-3,1289
-3,1290
-3,1291
-3,1292
-3,1293
-3,1294
-3,1295
-3,1296
-3,1297
-3,1298
-3,1299
-3,1300
-3,1301
-3,1302
-3,1303
-3,1304
-3,1305
-3,1306
-3,1307
-3,1308
-3,1309
-3,1310
-3,1311
-3,1312
-3,1313
-3,1314
-3,1315
-3,1316
-3,1317
-3,1318
-3,1319
-3,1320
-3,1321
-3,1322
-3,1323
-3,1324
-3,1325
-3,1326
-3,1327
-3,1328
-3,1329
-3,1330
-3,1331
-3,1332
-3,1333
-3,1334
-3,1335
-3,1336
-3,1337
-3,1338
-3,1339
-3,1340
-3,1341
-3,1342
-3,1343
-3,1344
-3,1345
-3,1346
-3,1347
-3,1348
-3,1349
-3,1350
-3,1351
-3,1352
-3,1353
-3,1354
-3,1355
-3,1356
-3,1357
-3,1358
-3,1359
-3,1360
-3,1361
-3,1362
-3,1363
-3,1364
-3,1365
-3,1366
-3,1367
-3,1368
-3,1369
-3,1370
-3,1371
-3,1372
-3,1373
-3,1374
-3,1375
-3,1376
-3,1377
-3,1378
-3,1379
-3,1380
-3,1381
-3,1382
-3,1383
-3,1384
-3,1385
-3,1386
-3,1387
-3,1388
-3,1389
-3,1390
-3,1391
-3,1392
-3,1393
-3,1394
-3,1395
-3,1396
-3,1397
-3,1398
-3,1399
-3,1400
-3,1401
-3,1402
-3,1403
-3,1404
-3,1405
-3,1406
-3,1407
-3,1408
-3,1409
-3,1410
-3,1411
-3,1412
-3,1413
-3,1414
-3,1415
-3,1416
-3,1417
-3,1418
-3,1419
-3,1420
-3,1421
-3,1422
-3,1423
-3,1424
-3,1425
-3,1426
-3,1427
-3,1428
-3,1429
-3,1430
-3,1431
-3,1432
-3,1433
-3,1434
-3,1435
-3,1436
-3,1437
-3,1438
-3,1439
-3,1440
-3,1441
-3,1442
-3,1443
-3,1444
-3,1445
-3,1446
-3,1447
-3,1448
-3,1449
-3,1450
-3,1451
-3,1452
-3,1453
-3,1454
-3,1455
-3,1456
-3,1457
-3,1458
-3,1459
-3,1460
-3,1461
-3,1462
-3,1463
-3,1464
-3,1465
-3,1466
-3,1467
-3,1468
-3,1469
-3,1470
-3,1471
-3,1472
-3,1473
-3,1474
-3,1475
-3,1476
-3,1477
-3,1478
-3,1479
-3,1480
-3,1481
-3,1482
:0_14,1483
:0_14,1484
:0_18,1485
:0_18,1486
:0_18,1487
0,1488
0,1489
0,1490
0,1491
0,1492
0,1493
0,1494
0,1495
0,1496
0,1497
0,1498
0,1499
0,1500
0,1501
0,1502
0,1503
0,1504
0,1505
0,1506
0,1507
0,1508
0,1509
0,1510
0,1511
0,1512
0,1513
0,1514
0,1515
0,1516
0,1517
0,1518
0,1519
0,1520
0,1521
0,1522
0,1523
0,1524
0,1525
0,1526
0,1527
0,1528
0,1529
0,1530
0,1531
0,1532
0,1533
0,1534
0,1535
0,1536
0,1537
0,1538
0,1539
0,1540
0,1541
0,1542
0,1543
0,1544
0,1545
0,1546
0,1547
0,1548
0,1549
0,1550
0,1551
0,1552
0,1553
0,1554
0,1555
0,1556
0,1557
0,1558
0,1559
0,1560
0,1561
0,1562
0,1563
0,1564
0,1565
0,1566
0,1567
0,1568
0,1569
0,1570
0,1571
0,1572
0,1573
0,1574
0,1575
0,1576
0,1577
0,1578
0,1579
0,1580
0,1581
0,1582
0,1583
0,1584
0,1585
0,1586
0,1587
0,1588
0,1589
0,1590
0,1591
0,1592
0,1593
0,1594
0,1595
0,1596
0,1597
0,1598
0,1599
0,1600
0,1601
0,1602
0,1603
0,1604
0,1605
0,1606
0,1607
0,1608
0,1609
0,1610
0,1611
0,1612
:1_7,1613
:1_7,1614
:1_7,1615
:1_7,1616
:1_7,1617
:1_7,1618
1,1619
1,1620
1,1621
1,1622
1,1623
1,1624
1,1625
1,1626
1,1627
1,1628
1,1629
1,1630
1,1631
1,1632
1,1633
1,1634
1,1635
1,1636
1,1637
1,1638
1,1639
1,1640
1,1641
1,1642
1,1643
1,1644
1,1645
1,1646
1,1647
1,1648
1,1649
1,1650
1,1651
1,1652
1,1653
1,1654
1,1655
1,1656
1,1657
1,1658
1,1659
1,1660
1,1661
:2_3,1662
:2_3,1663
:2_3,1664
:2_3,1665
:2_3,1666
:2_3,1667
2,1668
2,1669
2,1670
2,1671
2,1672
2,1673
2,1674
2,1675
2,1676
2,1677
2,1678
2,1679
2,1680
2,1681
2,1682
2,1683
2,1684
2,1685
2,1686
2,1687
2,1688
2,1689
2,1690
2,1691
2,1692
2,1693
2,1694
2,1695
2,1696
2,1697
2,1698
2,1699
2,1700
2,1701
2,1702
2,1703
2,1704
2,1705
2,1706
2,1707
2,1708
2,1709
2,1710
2,1711
2,1712
2,1713
2,1714
2,1715
2,1716
2,1717
2,1718
2,1719
2,1720
2,1721
2,1722
2,1723
2,1724
2,1725
2,1726
2,1727
2,1728
2,1729
2,1730
2,1731
2,1732
2,1733
2,1734
2,1735
2,1736
2,1737
2,1738
2,1739
2,1740
2,1741
2,1742
2,1743
2,1744
2,1745
2,1746
2,1747
2,1748
2,1749
2,1750
2,1751
2,1752
2,1753
2,1754
2,1755
2,1756
2,1757
2,1758
2,1759
2,1760
2,1761
2,1762
2,1763
2,1764
2,1765
2,1766
2,1767
2,1768
2,1769
2,1770
2,1771
2,1772
2,1773
2,1774
2,1775
2,1776
2,1777
2,1778
2,1779
2,1780
2,1781
2,1782
2,1783
2,1784
2,1785
2,1786
2,1787
2,1788
2,1789
2,1790
2,1791
2,1792
2,1793
2,1794
2,1795
:3_7,1796
:3_7,1797
:3_7,1798
:3_7,1799
:3_7,1800
-102,1801
-102,1802
-102,1803
-102,1804
-102,1805
-102,1806
-102,1807
-102,1808
-102,1809
-102,1810
-102,1811
-102,1812
-102,1813
-102,1814
-102,1815
-102,1816
-102,1817
-102,1818
-102,1819
-102,1820
-102,1821
-102,1822
-102,1823
-102,1824
-102,1825
-102,1826
-102,1827
-102,1828
-102,1829
-102,1830
-102,1831
-102,1832
-102,1833
-102,1834
-102,1835
-102,1836
-102,1837
-102,1838
-102,1839
-102,1840
-102,1841
-102,1842
-102,1843
-102,1844
-102,1845
-102,1846
-102,1847
-102,1848
-102,1849
-102,1850
-102,1851
-102,1852
-102,1853
-102,1854
-102,1855
-102,1856
-102,1857
-102,1858
-102,1859
-102,1860
-102,1861
-102,1862
-102,1863
-102,1864
-102,1865
-102,1866
-102,1867
-102,1868
-102,1869
-102,1870
-102,1871
-102,1872
-102,1873
-102,1874
-102,1875
-102,1876
-102,1877
-102,1878
-102,1879
-102,1880
-102,1881
-102,1882
-102,1883
-102,1884
-102,1885
-102,1886
-102,1887
-102,1888
-102,1889
-102,1890
-102,1891
-102,1892
-102,1893
-102,1894
-102,1895
-102,1896
-102,1897
-102,1898
-102,1899
-102,1900
-102,1901
-102,1902
-102,1903
-102,1904
-102,1905
-102,1906
-102,1907
-102,1908
-102,1909
-102,1910
-102,1911
-102,1912
-102,1913
-102,1914
-102,1915
-102,1916
-102,1917
-102,1918
-102,1919
-102,1920
-102,1921
-102,1922
-102,1923
-102,1924
-102,1925
-102,1926
-102,1927
-102,1928
-102,1929
-102,1930
-102,1931
-102,1932
-102,1933
-102,1934
-102,1935
-102,1936
-102,1937
-102,1938
-102,1939
-102,1940
-102,1941
-102,1942
-102,1943
-102,1944
-102,1945
-102,1946
-102,1947
-102,1948
-102,1949
-102,1950
-102,1951
-102,1952
-102,1953
-102,1954
-102,1955
-102,1956
-102,1957
-102,1958
-102,1959
-102,1960
-102,1961
-102,1962
-102,1963
-102,1964
-102,1965
-102,1966
-102,1967
-102,1968
-102,1969
-102,1970
-102,1971
-102,1972
-102,1973
-102,1974
-102,1975
-102,1976
-102,1977
-102,1978
-102,1979
-102,1980
-102,1981
-102,1982
-102,1983
-102,1984
-102,1985
-102,1986
-102,1987
-102,1988
-102,1989
-102,1990
-102,1991
-102,1992
-102,1993
-102,1994
-102,1995
-102,1996
-102,1997
-102,1998
-102,1999
-102,2000
