71,1
71,2
71,3
71,4
71,5
71,6
71,7
71,8
71,9
71,10
71,11
71,12
71,13
71,14
71,15
71,16
71,17
71,18
71,19
71,20
71,21
71,22
71,23
71,24
71,25
71,26
71,27
71,28
71,29
71,30
71,31
71,32
71,33
71,34
71,35
71,36
71,37
71,38
71,39
71,40
71,41
71,42
71,43
71,44
71,45
71,46
71,47
71,48
71,49
71,50
71,51
71,52
71,53
71,54
71,55
71,56
71,57
71,58
71,59
71,60
71,61
71,62
71,63
71,64
71,65
71,66
71,67
71,68
71,69
71,70
71,71
71,72
71,73
71,74
71,75
71,76
71,77
71,78
:83_6,79
:83_6,80
:83_6,81
:83_6,82
:83_6,83
256,84
256,85
256,86
256,87
256,88
256,89
256,90
256,91
256,92
256,93
256,94
256,95
256,96
256,97
256,98
256,99
256,100
256,101
256,102
256,103
256,104
256,105
256,106
256,107
256,108
256,109
256,110
256,111
256,112
256,113
256,114
256,115
256,116
256,117
256,118
256,119
256,120
256,121
256,122
256,123
256,124
256,125
256,126
256,127
256,128
256,129
256,130
256,131
256,132
256,133
256,134
256,135
256,136
256,137
256,138
256,139
256,140
256,141
256,142
256,143
256,144
256,145
256,146
256,147
256,148
256,149
256,150
256,151
256,152
256,153
256,154
256,155
256,156
256,157
256,158
256,159
256,160
256,161
256,162
256,163
256,164
256,165
256,166
256,167
256,168
256,169
256,170
256,171
256,172
256,173
256,174
256,175
256,176
256,177
256,178
256,179
256,180
256,181
256,182
256,183
256,184
256,185
256,186
256,187
256,188
256,189
256,190
256,191
256,192
256,193
256,194
256,195
256,196
256,197
256,198
256,199
256,200
256,201
256,202
256,203
256,204
256,205
256,206
256,207
256,208
256,209
256,210
256,211
256,212
256,213
256,214
256,215
256,216
256,217
256,218
256,219
256,220
256,221
256,222
256,223
256,224
256,225
256,226
256,227
256,228
256,229
256,230
256,231
256,232
256,233
256,234
256,235
256,236
256,237
256,238
256,239
256,240
256,241
256,242
256,243
256,244
256,245
256,246
256,247
256,248
256,249
256,250
256,251
256,252
256,253
256,254
256,255
256,256
256,257
256,258
256,259
256,260
256,261
256,262
256,263
256,264
256,265
256,266
256,267
256,268
256,269
256,270
256,271
256,272
256,273
256,274
256,275
256,276
256,277
256,278
256,279
256,280
256,281
256,282
256,283
256,284
256,285
:255_1,286
:255_1,287
:255_1,288
:255_1,289
:255_1,290
:255_1,291
498,292
498,293
498,294
498,295
498,296
498,297
498,298
498,299
498,300
498,301
498,302
498,303
498,304
498,305
498,306
498,307
498,308
498,309
498,310
498,311
498,312
498,313
498,314
498,315
498,316
498,317
498,318
498,319
498,320
498,321
498,322
498,323
498,324
498,325
498,326
498,327
498,328
498,329
498,330
498,331
498,332
498,333
498,334
498,335
498,336
498,337
498,338
498,339
498,340
498,341
498,342
498,343
498,344
498,345
498,346
498,347
498,348
498,349
498,350
498,351
498,352
498,353
498,354
498,355
498,356
498,357
498,358
498,359
498,360
498,361
498,362
498,363
498,364
498,365
498,366
498,367
498,368
498,369
498,370
498,371
498,372
498,373
498,374
498,375
498,376
498,377
:171_0,378
:171_0,379
:171_0,380
155,381
155,382
155,383
155,384
155,385
155,386
155,387
155,388
155,389
155,390
155,391
155,392
155,393
155,394
155,395
155,396
155,397
155,398
155,399
155,400
155,401
155,402
155,403
155,404
155,405
155,406
155,407
155,408
155,409
155,410
155,411
155,412
155,413
155,414
155,415
155,416
155,417
155,418
155,419
155,420
155,421
155,422
155,423
155,424
155,425
155,426
155,427
155,428
155,429
155,430
155,431
155,432
155,433
155,434
155,435
155,436
155,437
155,438
155,439
155,440
155,441
155,442
155,443
155,444
155,445
155,446
155,447
155,448
155,449
155,450
155,451
155,452
155,453
155,454
155,455
155,456
155,457
155,458
155,459
155,460
155,461
155,462
155,463
155,464
155,465
155,466
155,467
155,468
155,469
155,470
155,471
155,472
155,473
155,474
