-157,21
-157,22
-157,23
-157,24
-157,25
-157,26
-157,27
-157,28
-157,29
-157,30
-157,31
-157,32
-157,33
-157,34
-157,35
-157,36
-157,37
-157,38
-157,39
-157,40
-157,41
-157,42
-157,43
-157,44
-157,45
-157,46
-157,47
-157,48
-157,49
-157,50
-157,51
-157,52
-157,53
-157,54
-157,55
-157,56
-157,57
-157,58
-157,59
-157,60
-157,61
-157,62
-157,63
-157,64
-157,65
-157,66
-157,67
-157,68
-157,69
-157,70
-157,71
-157,72
-157,73
-157,74
-157,75
-157,76
-157,77
-157,78
-157,79
-157,80
-157,81
-157,82
-157,83
-157,84
-157,85
-157,86
-157,87
-157,88
-157,89
-157,90
-157,91
-157,92
-157,93
-157,94
:46_4,95
:46_4,96
:46_4,97
158,98
158,99
158,100
158,101
158,102
158,103
158,104
158,105
158,106
158,107
158,108
158,109
158,110
158,111
158,112
158,113
158,114
158,115
158,116
158,117
158,118
158,119
158,120
158,121
158,122
158,123
158,124
158,125
158,126
158,127
158,128
158,129
158,130
158,131
158,132
158,133
158,134
158,135
158,136
158,137
158,138
158,139
158,140
158,141
158,142
158,143
158,144
158,145
158,146
158,147
158,148
158,149
158,150
158,151
158,152
158,153
158,154
158,155
158,156
158,157
158,158
158,159
158,160
158,161
158,162
158,163
158,164
158,165
158,166
158,167
158,168
158,169
158,170
158,171
158,172
158,173
158,174
158,175
158,176
158,177
158,178
158,179
158,180
158,181
158,182
158,183
158,184
158,185
158,186
158,187
158,188
158,189
158,190
158,191
158,192
158,193
158,194
158,195
158,196
158,197
158,198
158,199
158,200
:57_7,201
:57_7,202
:57_7,203
:57_7,204
:57_7,205
-49,206
-49,207
-49,208
-49,209
-49,210
-49,211
-49,212
-49,213
-49,214
-49,215
-49,216
-49,217
-49,218
-49,219
-49,220
-49,221
-49,222
-49,223
-49,224
-49,225
-49,226
-49,227
-49,228
-49,229
-49,230
-49,231
-49,232
-49,233
-49,234
-49,235
-49,236
-49,237
-49,238
-49,239
-49,240
-49,241
-49,242
-49,243
-49,244
-49,245
-49,246
-49,247
-49,248
-49,249
-49,250
-49,251
-49,252
-49,253
-49,254
-49,255
-49,256
-49,257
-49,258
-49,259
-49,260
-49,261
-49,262
-49,263
-49,264
-49,265
-49,266
-49,267
-49,268
-49,269
-49,270
-49,271
-49,272
-49,273
-49,274
-49,275
-49,276
-49,277
-49,278
-49,279
-49,280
-49,281
-49,282
-49,283
-49,284
-49,285
-49,286
-49,287
-49,288
-49,289
-49,290
-49,291
-49,292
-49,293
-49,294
-49,295
-49,296
-49,297
-49,298
-49,299
-49,300
-49,301
-49,302
-49,303
-49,304
-49,305
-49,306
-49,307
-49,308
-49,309
-49,310
-49,311
-49,312
-49,313
-49,314
-49,315
-49,316
-49,317
-49,318
-49,319
-49,320
-49,321
-49,322
-49,323
-49,324
-49,325
-49,326
-49,327
-49,328
-49,329
-49,330
-49,331
-49,332
-49,333
-49,334
-49,335
-49,336
-49,337
-49,338
-49,339
-49,340
-49,341
-49,342
-49,343
-49,344
-49,345
-49,346
-49,347
-49,348
-49,349
-49,350
-49,351
-49,352
-49,353
-49,354
-49,355
-49,356
-49,357
-49,358
-49,359
-49,360
-49,361
-49,362
-49,363
-49,364
-49,365
-49,366
-49,367
-49,368
-49,369
-49,370
-49,371
-49,372
-49,373
-49,374
-49,375
-49,376
-49,377
-49,378
-49,379
-49,380
-49,381
-49,382
-49,383
-49,384
-49,385
-49,386
-49,387
-49,388
-49,389
-49,390
-49,391
-49,392
-49,393
-49,394
-49,395
-49,396
-49,397
-49,398
-49,399
-49,400
-49,401
-49,402
-49,403
-49,404
-49,405
-49,406
-49,407
:5_15,408
:5_15,409
:5_15,410
:5_15,411
:5_15,412
:5_15,413
:5_15,414
:5_15,415
-4,416
-4,417
-4,418
-4,419
-4,420
-4,421
-4,422
-4,423
-4,424
-4,425
-4,426
-4,427
-4,428
-4,429
-4,430
-4,431
-4,432
-4,433
-4,434
-4,435
-4,436
-4,437
-4,438
-4,439
-4,440
-4,441
-4,442
-4,443
-4,444
-4,445
-4,446
-4,447
-4,448
-4,449
-4,450
-4,451
-4,452
-4,453
-4,454
-4,455
-4,456
-4,457
-4,458
-4,459
-4,460
-4,461
-4,462
-4,463
-4,464
-4,465
-4,466
-4,467
-4,468
-4,469
-4,470
-4,471
-4,472
-4,473
-4,474
-4,475
-4,476
-4,477
-4,478
-4,479
-4,480
-4,481
-4,482
-4,483
-4,484
-4,485
-4,486
-4,487
-4,488
-4,489
-4,490
-4,491
-4,492
-4,493
-4,494
-4,495
-4,496
-4,497
-4,498
-4,499
-4,500
-4,501
-4,502
-4,503
-4,504
-4,505
-4,506
-4,507
-4,508
-4,509
-4,510
-4,511
-4,512
-4,513
-4,514
-4,515
-4,516
-4,517
-4,518
-4,519
-4,520
-4,521
-4,522
-4,523
-4,524
-4,525
-4,526
-4,527
-4,528
-4,529
-4,530
-4,531
-4,532
-4,533
-4,534
-4,535
-4,536
-4,537
-4,538
-4,539
-4,540
-4,541
-4,542
-4,543
-4,544
-4,545
-4,546
-4,547
-4,548
-4,549
-4,550
-4,551
-4,552
-4,553
-4,554
-4,555
-4,556
-4,557
-4,558
-4,559
-4,560
-4,561
-4,562
-4,563
-4,564
-4,565
-4,566
-4,567
-4,568
-4,569
-4,570
-4,571
-4,572
-4,573
-4,574
-4,575
-4,576
-4,577
-4,578
-4,579
-4,580
-4,581
-4,582
-4,583
-4,584
-4,585
-4,586
-4,587
-4,588
-4,589
-4,590
-4,591
-4,592
-4,593
-4,594
-4,595
-4,596
-4,597
-4,598
-4,599
-4,600
-4,601
-4,602
-4,603
-4,604
-4,605
-4,606
-4,607
-4,608
-4,609
-4,610
-4,611
-4,612
-4,613
-4,614
-4,615
-4,616
-4,617
-4,618
-4,619
-4,620
-4,621
-4,622
-4,623
-4,624
-4,625
-4,626
-4,627
-4,628
-4,629
-4,630
-4,631
-4,632
-4,633
-4,634
-4,635
-4,636
-4,637
-4,638
-4,639
-4,640
-4,641
-4,642
-4,643
-4,644
-4,645
-4,646
-4,647
-4,648
-4,649
-4,650
-4,651
-4,652
-4,653
-4,654
-4,655
-4,656
-4,657
-4,658
-4,659
-4,660
-4,661
-4,662
-4,663
-4,664
-4,665
-4,666
-4,667
-4,668
-4,669
-4,670
-4,671
-4,672
-4,673
-4,674
-4,675
-4,676
-4,677
-4,678
-4,679
-4,680
-4,681
-4,682
-4,683
-4,684
-4,685
-4,686
-4,687
-4,688
-4,689
-4,690
-4,691
-4,692
-4,693
-4,694
-4,695
-4,696
-4,697
-4,698
-4,699
-4,700
-4,701
-4,702
-4,703
-4,704
-4,705
-4,706
-4,707
-4,708
-4,709
-4,710
-4,711
-4,712
-4,713
-4,714
-4,715
-4,716
-4,717
-4,718
-4,719
-4,720
-4,721
-4,722
-4,723
-4,724
-4,725
-4,726
-4,727
-4,728
-4,729
-4,730
-4,731
-4,732
-4,733
-4,734
-4,735
-4,736
-4,737
-4,738
-4,739
-4,740
-4,741
-4,742
-4,743
-4,744
-4,745
-4,746
-4,747
-4,748
-4,749
-4,750
-4,751
-4,752
-4,753
-4,754
-4,755
-4,756
-4,757
-4,758
-4,759
-4,760
-4,761
-4,762
-4,763
-4,764
-4,765
-4,766
-4,767
-4,768
-4,769
-4,770
-4,771
-4,772
-4,773
-4,774
-4,775
-4,776
-4,777
-4,778
-4,779
-4,780
-4,781
-4,782
-4,783
-4,784
-4,785
-4,786
-4,787
-4,788
-4,789
-4,790
-4,791
-4,792
-4,793
-4,794
-4,795
-4,796
-4,797
-4,798
-4,799
-4,800
:0_9,801
:0_9,802
:0_9,803
:0_9,804
:0_9,805
:0_9,806
0,807
0,808
0,809
0,810
0,811
0,812
0,813
0,814
0,815
0,816
0,817
0,818
0,819
0,820
0,821
0,822
0,823
0,824
0,825
0,826
0,827
0,828
0,829
0,830
0,831
0,832
0,833
0,834
0,835
0,836
0,837
0,838
0,839
0,840
0,841
0,842
0,843
0,844
0,845
0,846
0,847
0,848
0,849
0,850
0,851
0,852
0,853
0,854
0,855
0,856
0,857
0,858
0,859
0,860
0,861
0,862
0,863
0,864
0,865
0,866
0,867
0,868
0,869
0,870
0,871
0,872
0,873
0,874
0,875
0,876
0,877
0,878
0,879
0,880
0,881
0,882
0,883
0,884
0,885
0,886
0,887
0,888
0,889
0,890
0,891
0,892
0,893
0,894
0,895
0,896
0,897
0,898
0,899
0,900
0,901
0,902
0,903
0,904
0,905
0,906
0,907
0,908
0,909
0,910
0,911
0,912
0,913
0,914
0,915
0,916
0,917
0,918
0,919
0,920
0,921
0,922
0,923
0,924
0,925
0,926
0,927
0,928
0,929
0,930
0,931
0,932
0,933
0,934
0,935
0,936
0,937
0,938
0,939
0,940
0,941
:1_7,942
:1_7,943
:1_7,944
:1_7,945
:1_7,946
1,947
1,948
1,949
1,950
1,951
1,952
1,953
1,954
1,955
1,956
1,957
1,958
1,959
1,960
1,961
1,962
1,963
1,964
1,965
1,966
1,967
1,968
1,969
1,970
1,971
1,972
1,973
1,974
1,975
1,976
1,977
1,978
1,979
1,980
1,981
1,982
1,983
1,984
:2_3,985
:2_3,986
:2_3,987
:2_3,988
:2_3,989
2,990
2,991
2,992
2,993
2,994
2,995
2,996
2,997
2,998
2,999
2,1000
2,1001
2,1002
2,1003
2,1004
2,1005
2,1006
2,1007
2,1008
2,1009
2,1010
2,1011
2,1012
2,1013
2,1014
2,1015
2,1016
2,1017
2,1018
2,1019
2,1020
2,1021
2,1022
2,1023
2,1024
2,1025
2,1026
2,1027
2,1028
2,1029
2,1030
2,1031
2,1032
2,1033
2,1034
2,1035
2,1036
2,1037
2,1038
2,1039
2,1040
2,1041
2,1042
2,1043
2,1044
2,1045
2,1046
2,1047
2,1048
2,1049
2,1050
2,1051
2,1052
2,1053
2,1054
2,1055
2,1056
2,1057
2,1058
2,1059
2,1060
2,1061
2,1062
2,1063
2,1064
2,1065
2,1066
2,1067
2,1068
2,1069
2,1070
2,1071
2,1072
2,1073
2,1074
2,1075
2,1076
2,1077
2,1078
2,1079
2,1080
2,1081
2,1082
2,1083
2,1084
2,1085
2,1086
2,1087
2,1088
2,1089
2,1090
2,1091
2,1092
2,1093
2,1094
2,1095
2,1096
2,1097
2,1098
2,1099
2,1100
2,1101
2,1102
2,1103
:3_7,1104
:3_7,1105
:3_7,1106
:3_7,1107
:3_7,1108
-102,1109
-102,1110
-102,1111
-102,1112
-102,1113
-102,1114
-102,1115
-102,1116
-102,1117
-102,1118
-102,1119
-102,1120
-102,1121
-102,1122
-102,1123
-102,1124
-102,1125
-102,1126
-102,1127
-102,1128
-102,1129
-102,1130
-102,1131
-102,1132
-102,1133
-102,1134
-102,1135
-102,1136
-102,1137
-102,1138
-102,1139
-102,1140
-102,1141
-102,1142
-102,1143
-102,1144
-102,1145
-102,1146
-102,1147
-102,1148
-102,1149
-102,1150
-102,1151
-102,1152
-102,1153
-102,1154
-102,1155
-102,1156
-102,1157
-102,1158
-102,1159
-102,1160
-102,1161
-102,1162
-102,1163
-102,1164
-102,1165
-102,1166
-102,1167
-102,1168
-102,1169
-102,1170
-102,1171
-102,1172
-102,1173
-102,1174
-102,1175
-102,1176
-102,1177
-102,1178
-102,1179
-102,1180
-102,1181
-102,1182
-102,1183
-102,1184
-102,1185
-102,1186
-102,1187
-102,1188
-102,1189
-102,1190
-102,1191
-102,1192
-102,1193
-102,1194
-102,1195
-102,1196
-102,1197
-102,1198
-102,1199
-102,1200
-102,1201
-102,1202
-102,1203
-102,1204
-102,1205
-102,1206
-102,1207
-102,1208
-102,1209
-102,1210
-102,1211
-102,1212
-102,1213
-102,1214
-102,1215
-102,1216
-102,1217
-102,1218
-102,1219
-102,1220
-102,1221
-102,1222
-102,1223
-102,1224
-102,1225
-102,1226
-102,1227
-102,1228
-102,1229
-102,1230
-102,1231
-102,1232
-102,1233
-102,1234
-102,1235
-102,1236
-102,1237
-102,1238
-102,1239
-102,1240
-102,1241
-102,1242
-102,1243
-102,1244
-102,1245
-102,1246
-102,1247
-102,1248
-102,1249
-102,1250
-102,1251
-102,1252
-102,1253
-102,1254
-102,1255
-102,1256
-102,1257
-102,1258
-102,1259
-102,1260
-102,1261
-102,1262
-102,1263
-102,1264
-102,1265
-102,1266
-102,1267
-102,1268
-102,1269
-102,1270
-102,1271
-102,1272
-102,1273
-102,1274
-102,1275
-102,1276
-102,1277
-102,1278
-102,1279
-102,1280
-102,1281
-102,1282
-102,1283
-102,1284
-102,1285
-102,1286
-102,1287
-102,1288
-102,1289
-102,1290
-102,1291
-102,1292
-102,1293
-102,1294
-102,1295
-102,1296
-102,1297
-102,1298
-102,1299
-102,1300
-102,1301
-102,1302
-102,1303
-102,1304
-102,1305
-102,1306
:115_7,1307
:115_7,1308
:115_7,1309
:115_7,1310
:115_7,1311
:115_7,1312
99,1313
99,1314
99,1315
99,1316
99,1317
99,1318
99,1319
99,1320
99,1321
99,1322
99,1323
99,1324
99,1325
99,1326
99,1327
99,1328
99,1329
99,1330
99,1331
99,1332
99,1333
99,1334
99,1335
99,1336
99,1337
99,1338
99,1339
99,1340
99,1341
99,1342
99,1343
99,1344
99,1345
99,1346
99,1347
99,1348
99,1349
99,1350
99,1351
99,1352
99,1353
99,1354
99,1355
99,1356
99,1357
99,1358
99,1359
99,1360
99,1361
99,1362
99,1363
99,1364
99,1365
99,1366
99,1367
99,1368
99,1369
99,1370
99,1371
99,1372
99,1373
99,1374
99,1375
99,1376
99,1377
99,1378
99,1379
99,1380
99,1381
99,1382
99,1383
99,1384
99,1385
99,1386
99,1387
99,1388
99,1389
99,1390
99,1391
99,1392
99,1393
99,1394
99,1395
99,1396
99,1397
99,1398
99,1399
99,1400
99,1401
99,1402
99,1403
99,1404
99,1405
99,1406
99,1407
99,1408
99,1409
99,1410
99,1411
99,1412
99,1413
99,1414
99,1415
99,1416
99,1417
99,1418
99,1419
99,1420
99,1421
99,1422
99,1423
99,1424
99,1425
99,1426
99,1427
99,1428
99,1429
99,1430
99,1431
99,1432
99,1433
99,1434
99,1435
99,1436
99,1437
99,1438
99,1439
99,1440
99,1441
99,1442
99,1443
99,1444
99,1445
99,1446
99,1447
99,1448
99,1449
99,1450
99,1451
99,1452
99,1453
99,1454
99,1455
99,1456
99,1457
99,1458
99,1459
99,1460
99,1461
99,1462
99,1463
99,1464
99,1465
99,1466
99,1467
99,1468
99,1469
99,1470
:116_7,1471
:116_7,1472
:116_7,1473
:116_7,1474
:116_7,1475
100,1476
100,1477
100,1478
100,1479
100,1480
100,1481
100,1482
100,1483
100,1484
100,1485
100,1486
100,1487
100,1488
100,1489
100,1490
100,1491
100,1492
100,1493
100,1494
100,1495
100,1496
100,1497
100,1498
100,1499
100,1500
100,1501
100,1502
100,1503
100,1504
100,1505
100,1506
100,1507
100,1508
100,1509
100,1510
100,1511
100,1512
100,1513
100,1514
100,1515
100,1516
100,1517
100,1518
100,1519
100,1520
100,1521
100,1522
100,1523
100,1524
100,1525
100,1526
100,1527
100,1528
100,1529
100,1530
100,1531
100,1532
100,1533
100,1534
100,1535
100,1536
100,1537
100,1538
100,1539
100,1540
100,1541
100,1542
100,1543
100,1544
100,1545
100,1546
100,1547
100,1548
100,1549
100,1550
100,1551
100,1552
100,1553
100,1554
100,1555
100,1556
100,1557
100,1558
100,1559
100,1560
100,1561
100,1562
100,1563
100,1564
100,1565
100,1566
100,1567
100,1568
100,1569
100,1570
100,1571
100,1572
100,1573
100,1574
100,1575
100,1576
100,1577
100,1578
100,1579
100,1580
100,1581
100,1582
100,1583
100,1584
100,1585
100,1586
100,1587
100,1588
100,1589
100,1590
100,1591
100,1592
100,1593
100,1594
100,1595
100,1596
100,1597
100,1598
100,1599
100,1600
100,1601
100,1602
100,1603
100,1604
100,1605
100,1606
100,1607
100,1608
100,1609
100,1610
100,1611
100,1612
100,1613
100,1614
100,1615
100,1616
100,1617
100,1618
100,1619
100,1620
100,1621
100,1622
100,1623
100,1624
100,1625
100,1626
100,1627
100,1628
100,1629
100,1630
100,1631
100,1632
100,1633
100,1634
100,1635
100,1636
100,1637
100,1638
100,1639
100,1640
100,1641
100,1642
100,1643
100,1644
100,1645
100,1646
100,1647
100,1648
100,1649
100,1650
100,1651
100,1652
100,1653
100,1654
100,1655
100,1656
100,1657
100,1658
100,1659
100,1660
100,1661
100,1662
100,1663
100,1664
100,1665
100,1666
100,1667
100,1668
100,1669
100,1670
100,1671
100,1672
100,1673
100,1674
100,1675
100,1676
100,1677
100,1678
100,1679
100,1680
100,1681
100,1682
100,1683
100,1684
