-669,1
-669,2
-669,3
-669,4
-669,5
-669,6
-669,7
-669,8
-669,9
-669,10
-669,11
-669,12
-669,13
-669,14
-669,15
-669,16
-669,17
-669,18
-669,19
-669,20
-669,21
-669,22
-669,23
-669,24
-669,25
-669,26
-669,27
-669,28
-669,29
-669,30
-669,31
-669,32
-669,33
-669,34
-669,35
-669,36
-669,37
-669,38
-669,39
-669,40
-669,41
-669,42
-669,43
-669,44
-669,45
-669,46
-669,47
-669,48
-669,49
-669,50
-669,51
-669,52
-669,53
-669,54
-669,55
-669,56
-669,57
-669,58
-669,59
-669,60
-669,61
-669,62
-669,63
-669,64
-669,65
-669,66
-669,67
-669,68
-669,69
-669,70
-669,71
-669,72
-669,73
-669,74
-669,75
-669,76
-669,77
-669,78
-669,79
-669,80
-669,81
-669,82
-669,83
-669,84
-669,85
-669,86
-669,87
-669,88
-669,89
-669,90
-669,91
-669,92
-669,93
-669,94
-669,95
-669,96
-669,97
-669,98
-669,99
-669,100
-669,101
-669,102
-669,103
-669,104
-669,105
-669,106
-669,107
-669,108
-669,109
-669,110
-669,111
-669,112
-669,113
-669,114
-669,115
-669,116
-669,117
-669,118
-669,119
-669,120
-669,121
-669,122
-669,123
-669,124
-669,125
-669,126
-669,127
-669,128
-669,129
-669,130
-669,131
-669,132
-669,133
-669,134
-669,135
-669,136
-669,137
-669,138
-669,139
-669,140
-669,141
-669,142
-669,143
-669,144
-669,145
-669,146
-669,147
-669,148
-669,149
-669,150
-669,151
-669,152
-669,153
-669,154
-669,155
-669,156
-669,157
-669,158
-669,159
-669,160
-669,161
-669,162
-669,163
-669,164
-669,165
-669,166
-669,167
-669,168
-669,169
-669,170
-669,171
-669,172
-669,173
-669,174
-669,175
-669,176
-669,177
-669,178
-669,179
-669,180
-669,181
-669,182
-669,183
-669,184
-669,185
-669,186
-669,187
-669,188
-669,189
-669,190
-669,191
-669,192
-669,193
-669,194
-669,195
-669,196
-669,197
-669,198
-649,199
-649,200
-649,201
-649,202
-649,203
-649,204
-649,205
-649,206
-649,207
-649,208
-649,209
-649,210
-649,211
-649,212
-649,213
-649,214
-649,215
-649,216
-649,217
-649,218
-649,219
-649,220
-649,221
-649,222
-649,223
-649,224
-649,225
-649,226
-649,227
-649,228
-649,229
-649,230
-649,231
-649,232
-649,233
-649,234
-649,235
-649,236
-649,237
-649,238
-649,239
-649,240
-649,241
-649,242
-649,243
-649,244
-649,245
-649,246
-649,247
-649,248
-649,249
-649,250
-649,251
-649,252
-649,253
-649,254
-649,255
-649,256
-649,257
-649,258
-649,259
-649,260
-649,261
-649,262
-649,263
-649,264
-649,265
-649,266
-649,267
-649,268
-649,269
-649,270
-649,271
-649,272
-649,273
-649,274
-649,275
-649,276
-649,277
-649,278
-649,279
-649,280
-649,281
-649,282
-649,283
-649,284
-649,285
-649,286
-649,287
-649,288
-649,289
-649,290
-649,291
-649,292
-649,293
-649,294
-649,295
-649,296
-649,297
-649,298
-649,299
-649,300
-649,301
-649,302
-649,303
-649,304
-649,305
-649,306
-649,307
-649,308
-649,309
-649,310
-250,311
-250,312
-250,313
-250,314
-250,315
-250,316
-250,317
-250,318
-250,319
-250,320
-250,321
-250,322
-250,323
-250,324
-250,325
-250,326
-250,327
-250,328
-250,329
-250,330
-250,331
-250,332
-250,333
-250,334
-250,335
-250,336
-250,337
-250,338
-250,339
-250,340
-250,341
-250,342
-250,343
-250,344
-250,345
-250,346
-250,347
-250,348
-250,349
-250,350
-250,351
-250,352
-250,353
-250,354
-250,355
-250,356
-250,357
-250,358
-250,359
-250,360
-250,361
-250,362
-250,363
-250,364
-250,365
-250,366
-250,367
-250,368
-250,369
-250,370
-250,371
-250,372
-250,373
-250,374
-250,375
-250,376
-250,377
-250,378
-250,379
-250,380
-250,381
-250,382
-250,383
-250,384
-250,385
-250,386
-250,387
-250,388
-250,389
-250,390
-250,391
-250,392
-250,393
-250,394
-250,395
-250,396
-250,397
-250,398
:249_8,399
:249_8,400
:249_8,401
:249_8,402
248,403
248,404
248,405
248,406
248,407
248,408
248,409
248,410
248,411
248,412
248,413
248,414
248,415
248,416
248,417
248,418
248,419
248,420
248,421
248,422
248,423
248,424
248,425
248,426
248,427
248,428
248,429
248,430
248,431
248,432
248,433
248,434
248,435
248,436
248,437
248,438
248,439
248,440
248,441
248,442
248,443
248,444
248,445
248,446
248,447
248,448
248,449
248,450
248,451
248,452
248,453
248,454
248,455
248,456
248,457
248,458
248,459
248,460
248,461
248,462
248,463
248,464
248,465
248,466
248,467
248,468
248,469
248,470
248,471
248,472
248,473
248,474
248,475
248,476
248,477
248,478
248,479
248,480
248,481
248,482
248,483
248,484
248,485
248,486
248,487
248,488
248,489
248,490
248,491
248,492
248,493
248,494
248,495
-382,496
-382,497
-382,498
-382,499
-382,500
-382,501
-382,502
-382,503
-382,504
-382,505
-382,506
-382,507
-382,508
-382,509
-382,510
-382,511
-382,512
-382,513
-382,514
-382,515
-382,516
-382,517
-382,518
-382,519
-382,520
-382,521
-382,522
-382,523
-382,524
-382,525
-382,526
-382,527
-382,528
-382,529
-382,530
-382,531
-382,532
-382,533
-382,534
-382,535
-382,536
-382,537
-382,538
-382,539
-382,540
-382,541
-382,542
-382,543
-382,544
-382,545
-382,546
-382,547
-382,548
-382,549
-382,550
-382,551
-382,552
-382,553
-382,554
-382,555
-382,556
-382,557
-382,558
-382,559
-382,560
-382,561
-382,562
-382,563
-382,564
-382,565
-382,566
-382,567
-382,568
-382,569
-382,570
-382,571
-382,572
-382,573
-382,574
-382,575
-382,576
-382,577
-382,578
-382,579
-382,580
-382,581
-382,582
-382,583
:241_6,584
:241_6,585
:241_6,586
:241_6,587
:241_6,588
-238,589
-238,590
-238,591
-238,592
-238,593
-238,594
-238,595
-238,596
-238,597
-238,598
-238,599
-238,600
-238,601
-238,602
-238,603
-238,604
-238,605
-238,606
-238,607
-238,608
-238,609
-238,610
-238,611
-238,612
-238,613
-238,614
-238,615
-238,616
-238,617
-238,618
-238,619
-238,620
-238,621
-238,622
-238,623
-238,624
-238,625
-238,626
-238,627
-238,628
-238,629
-238,630
-238,631
-238,632
-238,633
-238,634
-238,635
-238,636
-238,637
-238,638
-238,639
-238,640
-238,641
-238,642
-238,643
-238,644
-238,645
-238,646
-238,647
-238,648
-238,649
-238,650
-238,651
-238,652
-238,653
-238,654
-238,655
-238,656
-238,657
-238,658
-238,659
-238,660
-238,661
-238,662
-238,663
-238,664
:239_7,665
:239_7,666
:239_7,667
:239_7,668
:239_7,669
236,670
236,671
236,672
236,673
236,674
236,675
236,676
236,677
236,678
236,679
236,680
236,681
236,682
236,683
236,684
236,685
236,686
236,687
236,688
236,689
236,690
236,691
236,692
236,693
236,694
236,695
236,696
236,697
236,698
236,699
236,700
236,701
236,702
236,703
236,704
236,705
236,706
236,707
236,708
236,709
236,710
236,711
236,712
236,713
236,714
236,715
236,716
236,717
236,718
236,719
236,720
236,721
236,722
236,723
236,724
236,725
236,726
236,727
236,728
236,729
236,730
236,731
236,732
236,733
236,734
236,735
236,736
236,737
236,738
236,739
236,740
236,741
236,742
236,743
236,744
236,745
236,746
236,747
236,748
236,749
236,750
236,751
236,752
236,753
236,754
236,755
236,756
236,757
236,758
236,759
236,760
236,761
236,762
236,763
236,764
236,765
236,766
236,767
236,768
236,769
236,770
236,771
236,772
236,773
236,774
236,775
236,776
236,777
236,778
236,779
236,780
236,781
236,782
236,783
236,784
236,785
236,786
236,787
236,788
236,789
236,790
236,791
236,792
236,793
236,794
236,795
236,796
236,797
236,798
:240_3,799
:240_3,800
:240_3,801
:240_3,802
:240_3,803
237,804
237,805
237,806
237,807
237,808
237,809
237,810
237,811
237,812
237,813
237,814
237,815
237,816
237,817
237,818
237,819
237,820
237,821
237,822
237,823
237,824
237,825
237,826
237,827
237,828
237,829
237,830
237,831
237,832
237,833
237,834
237,835
237,836
237,837
237,838
237,839
237,840
237,841
237,842
237,843
237,844
237,845
237,846
237,847
237,848
237,849
237,850
237,851
237,852
237,853
237,854
237,855
237,856
237,857
237,858
237,859
237,860
237,861
237,862
237,863
237,864
237,865
237,866
237,867
237,868
237,869
237,870
237,871
237,872
237,873
237,874
237,875
237,876
237,877
237,878
237,879
237,880
237,881
237,882
237,883
237,884
237,885
237,886
237,887
237,888
237,889
237,890
237,891
237,892
237,893
237,894
237,895
237,896
237,897
237,898
237,899
237,900
237,901
237,902
237,903
237,904
237,905
237,906
237,907
237,908
237,909
237,910
237,911
237,912
237,913
237,914
237,915
237,916
237,917
237,918
237,919
237,920
237,921
237,922
237,923
237,924
237,925
237,926
237,927
237,928
237,929
237,930
237,931
237,932
237,933
237,934
237,935
237,936
237,937
237,938
237,939
237,940
237,941
237,942
237,943
237,944
237,945
237,946
237,947
237,948
237,949
237,950
237,951
237,952
237,953
237,954
237,955
237,956
237,957
237,958
237,959
237,960
237,961
237,962
237,963
237,964
237,965
237,966
237,967
237,968
237,969
237,970
237,971
237,972
237,973
237,974
237,975
237,976
237,977
237,978
237,979
237,980
237,981
237,982
237,983
237,984
237,985
237,986
237,987
237,988
237,989
237,990
237,991
237,992
:74_13,993
:74_13,994
:74_13,995
:74_13,996
:74_13,997
:74_13,998
65,999
65,1000
65,1001
65,1002
65,1003
65,1004
65,1005
65,1006
65,1007
65,1008
65,1009
65,1010
65,1011
65,1012
65,1013
65,1014
65,1015
65,1016
65,1017
65,1018
65,1019
65,1020
65,1021
65,1022
65,1023
65,1024
65,1025
65,1026
65,1027
65,1028
65,1029
65,1030
65,1031
65,1032
65,1033
65,1034
65,1035
65,1036
65,1037
65,1038
65,1039
65,1040
65,1041
65,1042
65,1043
65,1044
65,1045
65,1046
65,1047
65,1048
65,1049
65,1050
65,1051
65,1052
65,1053
65,1054
65,1055
65,1056
65,1057
65,1058
65,1059
65,1060
65,1061
65,1062
65,1063
65,1064
65,1065
65,1066
65,1067
65,1068
65,1069
65,1070
65,1071
65,1072
65,1073
65,1074
65,1075
65,1076
65,1077
65,1078
65,1079
65,1080
65,1081
65,1082
65,1083
65,1084
65,1085
65,1086
65,1087
65,1088
65,1089
65,1090
65,1091
65,1092
65,1093
65,1094
65,1095
65,1096
65,1097
65,1098
65,1099
65,1100
65,1101
65,1102
65,1103
65,1104
65,1105
65,1106
65,1107
65,1108
65,1109
65,1110
65,1111
65,1112
65,1113
65,1114
65,1115
65,1116
65,1117
65,1118
65,1119
65,1120
:75_12,1121
:75_12,1122
:75_12,1123
-516,1124
-516,1125
-516,1126
-516,1127
-516,1128
-516,1129
-516,1130
-516,1131
-516,1132
-516,1133
-516,1134
-516,1135
-516,1136
-516,1137
-516,1138
-516,1139
-516,1140
-516,1141
-516,1142
-516,1143
-516,1144
-516,1145
-516,1146
-516,1147
-516,1148
-516,1149
-516,1150
-516,1151
-516,1152
-516,1153
-516,1154
-516,1155
-516,1156
-516,1157
:429_6,1158
:429_6,1159
:429_6,1160
:429_6,1161
:429_6,1162
-515,1163
-515,1164
-515,1165
-515,1166
-515,1167
-515,1168
-515,1169
-515,1170
-515,1171
-515,1172
-515,1173
-515,1174
-515,1175
-515,1176
-515,1177
-515,1178
-515,1179
-515,1180
-515,1181
-515,1182
-515,1183
-515,1184
-515,1185
-515,1186
-515,1187
-515,1188
-515,1189
-515,1190
-515,1191
-515,1192
-515,1193
-515,1194
-515,1195
-515,1196
-515,1197
-515,1198
-515,1199
-515,1200
-515,1201
-515,1202
-515,1203
-515,1204
-515,1205
-515,1206
-515,1207
-515,1208
-515,1209
-515,1210
-515,1211
-515,1212
-515,1213
-515,1214
-515,1215
-515,1216
-515,1217
-515,1218
-515,1219
-515,1220
-515,1221
-515,1222
-515,1223
-515,1224
-515,1225
-515,1226
-515,1227
-515,1228
-515,1229
-515,1230
-515,1231
-515,1232
-515,1233
-515,1234
-515,1235
-515,1236
-515,1237
-515,1238
-515,1239
-515,1240
-515,1241
-515,1242
-515,1243
-515,1244
-515,1245
-515,1246
-515,1247
-515,1248
-515,1249
-515,1250
:334_12,1251
:334_12,1252
:334_12,1253
:334_12,1254
-364,1255
-364,1256
-364,1257
-364,1258
-364,1259
-364,1260
-364,1261
-364,1262
-364,1263
-364,1264
-364,1265
-364,1266
-364,1267
-364,1268
-364,1269
-364,1270
-364,1271
-364,1272
-364,1273
-364,1274
-364,1275
-364,1276
-364,1277
-364,1278
-364,1279
-364,1280
-364,1281
-364,1282
-364,1283
-364,1284
-364,1285
-364,1286
-364,1287
-364,1288
-364,1289
-364,1290
-364,1291
-364,1292
-364,1293
-364,1294
-364,1295
-364,1296
-364,1297
-364,1298
-364,1299
-364,1300
-364,1301
-364,1302
-364,1303
-364,1304
-364,1305
-364,1306
-364,1307
-364,1308
-364,1309
-364,1310
-364,1311
-364,1312
-364,1313
-364,1314
-364,1315
-364,1316
-364,1317
-364,1318
-364,1319
-364,1320
-364,1321
-364,1322
-364,1323
-364,1324
-364,1325
-364,1326
-364,1327
-364,1328
-364,1329
-364,1330
-364,1331
-364,1332
-364,1333
-364,1334
-364,1335
-364,1336
-364,1337
-364,1338
-364,1339
-364,1340
-364,1341
-364,1342
-364,1343
-364,1344
-364,1345
-364,1346
-364,1347
-364,1348
-364,1349
-364,1350
-364,1351
-364,1352
-364,1353
-364,1354
-364,1355
-364,1356
-364,1357
-364,1358
-364,1359
-364,1360
-364,1361
-364,1362
-364,1363
-364,1364
-364,1365
-364,1366
-364,1367
-364,1368
-364,1369
-364,1370
