610,1
610,2
610,3
610,4
610,5
610,6
610,7
610,8
610,9
610,10
610,11
610,12
610,13
610,14
610,15
610,16
610,17
610,18
610,19
610,20
610,21
610,22
610,23
610,24
610,25
610,26
610,27
610,28
610,29
610,30
610,31
610,32
610,33
610,34
610,35
610,36
610,37
610,38
610,39
610,40
610,41
610,42
610,43
610,44
610,45
610,46
610,47
610,48
610,49
610,50
610,51
610,52
610,53
610,54
610,55
610,56
610,57
610,58
610,59
610,60
610,61
610,62
610,63
:236_1,64
:236_1,65
:236_1,66
:236_1,67
-232,68
-232,69
-232,70
-232,71
-232,72
-232,73
-232,74
-232,75
-232,76
-232,77
-232,78
-232,79
-232,80
-232,81
-232,82
-232,83
-232,84
-232,85
-232,86
-232,87
-232,88
-232,89
-232,90
-232,91
-232,92
-232,93
-232,94
-232,95
-232,96
-232,97
-232,98
-232,99
-232,100
-232,101
-232,102
-232,103
-232,104
-232,105
-232,106
-232,107
-232,108
-232,109
-232,110
-232,111
-232,112
-232,113
-232,114
-232,115
-232,116
-232,117
-232,118
-232,119
-232,120
-232,121
-232,122
-232,123
-232,124
-232,125
-232,126
-232,127
-232,128
-232,129
-232,130
-232,131
-232,132
-232,133
-232,134
-232,135
-232,136
-232,137
-232,138
:113_0,139
:113_0,140
230,141
230,142
230,143
230,144
230,145
230,146
230,147
230,148
230,149
230,150
230,151
230,152
230,153
230,154
230,155
230,156
230,157
230,158
230,159
230,160
230,161
230,162
230,163
230,164
230,165
230,166
230,167
230,168
230,169
230,170
230,171
230,172
230,173
230,174
230,175
230,176
230,177
230,178
230,179
230,180
230,181
230,182
230,183
230,184
230,185
230,186
230,187
230,188
:234_7,189
:234_7,190
:234_7,191
:234_7,192
-361,193
-361,194
-361,195
-361,196
-361,197
-361,198
-361,199
-361,200
-361,201
-361,202
-361,203
-361,204
-361,205
-361,206
-361,207
-361,208
-361,209
-361,210
-361,211
-361,212
-361,213
-361,214
-361,215
-361,216
-361,217
-361,218
-361,219
-361,220
-361,221
-361,222
-361,223
-361,224
-361,225
-361,226
-361,227
-361,228
-361,229
-361,230
-361,231
-361,232
-361,233
-361,234
-361,235
-361,236
-361,237
-361,238
-361,239
-361,240
-361,241
-361,242
:333_0,243
:333_0,244
:333_0,245
:333_0,246
:333_0,247
360,248
360,249
360,250
360,251
360,252
360,253
360,254
360,255
360,256
360,257
360,258
360,259
360,260
360,261
360,262
360,263
360,264
360,265
360,266
360,267
360,268
360,269
360,270
360,271
360,272
360,273
360,274
360,275
360,276
360,277
360,278
360,279
360,280
360,281
360,282
360,283
360,284
360,285
360,286
360,287
360,288
360,289
360,290
360,291
360,292
360,293
360,294
360,295
360,296
360,297
360,298
-101,299
-101,300
-101,301
-101,302
-101,303
-101,304
-101,305
-101,306
-101,307
-101,308
-101,309
-101,310
-101,311
-101,312
-101,313
-101,314
-101,315
-101,316
-101,317
-101,318
-101,319
-101,320
-101,321
-101,322
-101,323
-101,324
-101,325
-101,326
-101,327
-101,328
-101,329
-101,330
-101,331
-101,332
-101,333
-101,334
-101,335
-101,336
-101,337
-101,338
-101,339
-101,340
-101,341
-101,342
-101,343
-101,344
-101,345
-101,346
-101,347
-101,348
-101,349
-101,350
-101,351
-101,352
-101,353
-101,354
-101,355
-101,356
-101,357
-101,358
-101,359
-101,360
-101,361
-101,362
-101,363
-101,364
-101,365
-101,366
-101,367
-101,368
-101,369
-101,370
-101,371
-101,372
-101,373
-101,374
-101,375
-101,376
-101,377
-101,378
-101,379
-101,380
-101,381
-101,382
-101,383
-101,384
-101,385
-101,386
-101,387
-101,388
-101,389
-101,390
-101,391
-101,392
-101,393
-101,394
-101,395
-101,396
-101,397
-101,398
-101,399
-101,400
-101,401
-101,402
-101,403
-101,404
-101,405
-101,406
-101,407
-101,408
-101,409
-101,410
-101,411
-101,412
-101,413
-101,414
-101,415
-101,416
-101,417
-101,418
:115_4,419
:115_4,420
:115_4,421
:115_4,422
:115_4,423
102,424
102,425
102,426
102,427
102,428
102,429
102,430
102,431
102,432
102,433
102,434
102,435
102,436
102,437
102,438
102,439
102,440
102,441
102,442
102,443
102,444
102,445
102,446
102,447
102,448
102,449
102,450
102,451
102,452
102,453
102,454
102,455
102,456
102,457
102,458
102,459
102,460
102,461
102,462
102,463
102,464
102,465
102,466
102,467
102,468
102,469
102,470
102,471
102,472
102,473
102,474
102,475
102,476
102,477
102,478
102,479
102,480
102,481
102,482
102,483
102,484
102,485
102,486
102,487
102,488
102,489
102,490
102,491
102,492
102,493
102,494
102,495
102,496
102,497
102,498
102,499
102,500
102,501
102,502
102,503
102,504
102,505
102,506
102,507
102,508
102,509
102,510
102,511
102,512
102,513
102,514
102,515
102,516
102,517
102,518
102,519
102,520
102,521
102,522
102,523
102,524
102,525
102,526
102,527
102,528
102,529
102,530
102,531
102,532
102,533
102,534
102,535
102,536
102,537
102,538
102,539
102,540
102,541
102,542
102,543
102,544
102,545
102,546
102,547
102,548
102,549
102,550
102,551
102,552
102,553
102,554
102,555
102,556
102,557
102,558
102,559
102,560
102,561
102,562
102,563
102,564
102,565
102,566
102,567
102,568
102,569
102,570
102,571
102,572
:3_0,573
:3_0,574
:3_0,575
:3_0,576
-2,577
-2,578
-2,579
-2,580
-2,581
-2,582
-2,583
-2,584
-2,585
-2,586
-2,587
-2,588
-2,589
-2,590
-2,591
-2,592
-2,593
-2,594
-2,595
-2,596
-2,597
-2,598
-2,599
-2,600
-2,601
-2,602
-2,603
-2,604
-2,605
-2,606
-2,607
-2,608
-2,609
-2,610
-2,611
-2,612
-2,613
-2,614
-2,615
-2,616
-2,617
-2,618
-2,619
-2,620
-2,621
-2,622
-2,623
-2,624
-2,625
-2,626
-2,627
-2,628
-2,629
-2,630
-2,631
-2,632
-2,633
-2,634
-2,635
-2,636
-2,637
-2,638
-2,639
-2,640
-2,641
-2,642
-2,643
-2,644
-2,645
-2,646
-2,647
-2,648
-2,649
-2,650
-2,651
-2,652
-2,653
-2,654
-2,655
-2,656
-2,657
-2,658
-2,659
-2,660
-2,661
-2,662
:2_1,663
:2_1,664
:2_1,665
:2_1,666
-1,667
-1,668
-1,669
-1,670
-1,671
-1,672
-1,673
-1,674
-1,675
-1,676
-1,677
-1,678
-1,679
-1,680
-1,681
-1,682
-1,683
-1,684
-1,685
-1,686
-1,687
-1,688
-1,689
-1,690
-1,691
-1,692
-1,693
-1,694
-1,695
-1,696
-1,697
-1,698
:1_0,699
:1_0,700
:1_0,701
:1_0,702
:1_0,703
-0,704
-0,705
-0,706
-0,707
-0,708
-0,709
-0,710
-0,711
-0,712
-0,713
-0,714
-0,715
-0,716
-0,717
-0,718
-0,719
-0,720
-0,721
-0,722
-0,723
-0,724
-0,725
-0,726
-0,727
-0,728
-0,729
-0,730
-0,731
-0,732
-0,733
-0,734
-0,735
-0,736
-0,737
-0,738
-0,739
-0,740
-0,741
-0,742
-0,743
-0,744
-0,745
-0,746
-0,747
-0,748
-0,749
-0,750
-0,751
-0,752
-0,753
-0,754
-0,755
-0,756
-0,757
-0,758
-0,759
-0,760
-0,761
-0,762
-0,763
-0,764
-0,765
-0,766
-0,767
-0,768
-0,769
-0,770
-0,771
-0,772
-0,773
-0,774
-0,775
-0,776
-0,777
-0,778
-0,779
-0,780
-0,781
-0,782
-0,783
-0,784
-0,785
-0,786
-0,787
-0,788
-0,789
-0,790
-0,791
-0,792
-0,793
-0,794
-0,795
-0,796
-0,797
-0,798
-0,799
-0,800
-0,801
-0,802
-0,803
-0,804
-0,805
-0,806
-0,807
-0,808
-0,809
-0,810
-0,811
-0,812
-0,813
-0,814
-0,815
-0,816
-0,817
-0,818
-0,819
-0,820
-0,821
-0,822
-0,823
-0,824
-0,825
-0,826
:0_0,827
:0_0,828
:0_0,829
:0_0,830
3,831
3,832
3,833
3,834
3,835
3,836
3,837
3,838
3,839
3,840
3,841
3,842
3,843
3,844
3,845
3,846
3,847
3,848
3,849
3,850
3,851
3,852
3,853
3,854
3,855
3,856
3,857
3,858
3,859
3,860
3,861
3,862
3,863
3,864
3,865
3,866
3,867
3,868
3,869
3,870
3,871
3,872
3,873
3,874
3,875
3,876
3,877
3,878
3,879
3,880
3,881
3,882
3,883
3,884
3,885
3,886
3,887
3,888
3,889
3,890
3,891
3,892
3,893
3,894
3,895
3,896
3,897
3,898
3,899
3,900
3,901
3,902
3,903
3,904
3,905
3,906
3,907
3,908
3,909
3,910
3,911
3,912
3,913
3,914
3,915
3,916
3,917
3,918
3,919
3,920
3,921
3,922
3,923
3,924
3,925
3,926
3,927
3,928
3,929
3,930
3,931
3,932
3,933
3,934
3,935
3,936
3,937
3,938
3,939
3,940
3,941
3,942
3,943
3,944
3,945
3,946
3,947
3,948
3,949
3,950
3,951
3,952
3,953
3,954
3,955
3,956
3,957
3,958
3,959
3,960
3,961
3,962
3,963
3,964
3,965
3,966
3,967
3,968
3,969
3,970
3,971
3,972
3,973
3,974
3,975
3,976
3,977
3,978
3,979
3,980
3,981
3,982
3,983
3,984
3,985
3,986
3,987
3,988
3,989
3,990
3,991
3,992
3,993
3,994
3,995
3,996
3,997
3,998
3,999
3,1000
3,1001
3,1002
3,1003
3,1004
3,1005
3,1006
3,1007
3,1008
3,1009
3,1010
3,1011
3,1012
3,1013
3,1014
3,1015
3,1016
3,1017
3,1018
3,1019
3,1020
3,1021
3,1022
3,1023
3,1024
3,1025
3,1026
3,1027
3,1028
3,1029
3,1030
3,1031
3,1032
3,1033
3,1034
3,1035
3,1036
3,1037
3,1038
3,1039
3,1040
3,1041
3,1042
3,1043
3,1044
3,1045
3,1046
3,1047
3,1048
3,1049
3,1050
3,1051
3,1052
3,1053
3,1054
3,1055
3,1056
3,1057
3,1058
3,1059
3,1060
3,1061
3,1062
3,1063
3,1064
3,1065
3,1066
3,1067
3,1068
3,1069
3,1070
3,1071
3,1072
3,1073
3,1074
3,1075
3,1076
3,1077
3,1078
3,1079
3,1080
3,1081
3,1082
3,1083
3,1084
3,1085
3,1086
3,1087
3,1088
3,1089
3,1090
3,1091
3,1092
3,1093
3,1094
3,1095
3,1096
3,1097
3,1098
3,1099
3,1100
3,1101
3,1102
3,1103
3,1104
3,1105
3,1106
:4_4,1107
:4_4,1108
:4_4,1109
-11,1110
-11,1111
-11,1112
-11,1113
-11,1114
-11,1115
-11,1116
-11,1117
-11,1118
-11,1119
-11,1120
-11,1121
-11,1122
-11,1123
-11,1124
-11,1125
-11,1126
-11,1127
-11,1128
-11,1129
-11,1130
-11,1131
-11,1132
-11,1133
-11,1134
-11,1135
-11,1136
-11,1137
-11,1138
-11,1139
-11,1140
-11,1141
-11,1142
-11,1143
-11,1144
-11,1145
-11,1146
-11,1147
-11,1148
-11,1149
-11,1150
-11,1151
-11,1152
-11,1153
-11,1154
-11,1155
-11,1156
-11,1157
-11,1158
-11,1159
-11,1160
-11,1161
-11,1162
-11,1163
-11,1164
-11,1165
-11,1166
-11,1167
-11,1168
-11,1169
-11,1170
-11,1171
-11,1172
-11,1173
-11,1174
-11,1175
-11,1176
-11,1177
-11,1178
-11,1179
-11,1180
-11,1181
-11,1182
-11,1183
-11,1184
-11,1185
-11,1186
-11,1187
-11,1188
-11,1189
-11,1190
-11,1191
-11,1192
-11,1193
-11,1194
-11,1195
-11,1196
-11,1197
-11,1198
-11,1199
-11,1200
-11,1201
-11,1202
-11,1203
-11,1204
-11,1205
-11,1206
-11,1207
-11,1208
-11,1209
-11,1210
-11,1211
-11,1212
-11,1213
-11,1214
-11,1215
-11,1216
-11,1217
-11,1218
-11,1219
-11,1220
-11,1221
-11,1222
-11,1223
-11,1224
-11,1225
-11,1226
-11,1227
-11,1228
-11,1229
-11,1230
-10,1231
-10,1232
-10,1233
-10,1234
-10,1235
-10,1236
-10,1237
-10,1238
-10,1239
-10,1240
-10,1241
-10,1242
-10,1243
-10,1244
-10,1245
-10,1246
-10,1247
-10,1248
-10,1249
-10,1250
-10,1251
-10,1252
-10,1253
-10,1254
-10,1255
-10,1256
-10,1257
-10,1258
-10,1259
-10,1260
-10,1261
-10,1262
-10,1263
-10,1264
-10,1265
-10,1266
-10,1267
-10,1268
-10,1269
-10,1270
-10,1271
-10,1272
-10,1273
-10,1274
-10,1275
-10,1276
-10,1277
-10,1278
-10,1279
-10,1280
-10,1281
-10,1282
-10,1283
-10,1284
-10,1285
-10,1286
-10,1287
-10,1288
-10,1289
-10,1290
:11_0,1291
-9,1292
-9,1293
-9,1294
-9,1295
-9,1296
-9,1297
-9,1298
-9,1299
-9,1300
-9,1301
-9,1302
-9,1303
-9,1304
-9,1305
-9,1306
-9,1307
-9,1308
-9,1309
-9,1310
-9,1311
-9,1312
-9,1313
-9,1314
-9,1315
-9,1316
-9,1317
-9,1318
-9,1319
-9,1320
-9,1321
-9,1322
-9,1323
-9,1324
-9,1325
-9,1326
-9,1327
-9,1328
-9,1329
-9,1330
-9,1331
-9,1332
-9,1333
-9,1334
-9,1335
-9,1336
-9,1337
-9,1338
-9,1339
-9,1340
-9,1341
-9,1342
-9,1343
-9,1344
-9,1345
-9,1346
-9,1347
-9,1348
-9,1349
-9,1350
-8,1351
-8,1352
-8,1353
-8,1354
-8,1355
-8,1356
-8,1357
-8,1358
-8,1359
-8,1360
-8,1361
-8,1362
-8,1363
-8,1364
-8,1365
-8,1366
-8,1367
-8,1368
-8,1369
-8,1370
-8,1371
-8,1372
-8,1373
-8,1374
-8,1375
-8,1376
-8,1377
-8,1378
-8,1379
-8,1380
-8,1381
-8,1382
-8,1383
-8,1384
-8,1385
-8,1386
-8,1387
-8,1388
-8,1389
-8,1390
-8,1391
-8,1392
-8,1393
-8,1394
-8,1395
-8,1396
-8,1397
-8,1398
-8,1399
-8,1400
-8,1401
-8,1402
-8,1403
-8,1404
-8,1405
-8,1406
-8,1407
-8,1408
-8,1409
-8,1410
-8,1411
-8,1412
-8,1413
-7,1414
-7,1415
-7,1416
-7,1417
-7,1418
-7,1419
-7,1420
-7,1421
-7,1422
-7,1423
-7,1424
-7,1425
-7,1426
-7,1427
-7,1428
-7,1429
-7,1430
-7,1431
-7,1432
-7,1433
-7,1434
-7,1435
-7,1436
-7,1437
-7,1438
-7,1439
-7,1440
-7,1441
-7,1442
-7,1443
-7,1444
-7,1445
-7,1446
-7,1447
-7,1448
-7,1449
-7,1450
-7,1451
-7,1452
-7,1453
-7,1454
-7,1455
-7,1456
-7,1457
-7,1458
-7,1459
-7,1460
-7,1461
-7,1462
-7,1463
-7,1464
-7,1465
-7,1466
-7,1467
-7,1468
-7,1469
-7,1470
-7,1471
-7,1472
-7,1473
-7,1474
-7,1475
-7,1476
-7,1477
-7,1478
-7,1479
-7,1480
-7,1481
-7,1482
-7,1483
-7,1484
-6,1485
-6,1486
-6,1487
-6,1488
-6,1489
-6,1490
-6,1491
-6,1492
-6,1493
-6,1494
-6,1495
-6,1496
-6,1497
-6,1498
-6,1499
-6,1500
-6,1501
-6,1502
-6,1503
-6,1504
-6,1505
-6,1506
-6,1507
-6,1508
-6,1509
-6,1510
-6,1511
-6,1512
-6,1513
-6,1514
-6,1515
-6,1516
-6,1517
-6,1518
-6,1519
-6,1520
-6,1521
-6,1522
-6,1523
-6,1524
-6,1525
-6,1526
-6,1527
-6,1528
-6,1529
-6,1530
-6,1531
-6,1532
-6,1533
-6,1534
-6,1535
-6,1536
-6,1537
-6,1538
-6,1539
-6,1540
-6,1541
-6,1542
-6,1543
-6,1544
-6,1545
-6,1546
-6,1547
-6,1548
-6,1549
-6,1550
-6,1551
-6,1552
-6,1553
-6,1554
-6,1555
-6,1556
-6,1557
-6,1558
-6,1559
-6,1560
-6,1561
-6,1562
-6,1563
-6,1564
-6,1565
-6,1566
-6,1567
-6,1568
-6,1569
-6,1570
-6,1571
-6,1572
-6,1573
-6,1574
-6,1575
-6,1576
-6,1577
-6,1578
-6,1579
-6,1580
-6,1581
-6,1582
-6,1583
-6,1584
-6,1585
-6,1586
-6,1587
-6,1588
-6,1589
-6,1590
-6,1591
-6,1592
-6,1593
-6,1594
-6,1595
-6,1596
-6,1597
-6,1598
-6,1599
-6,1600
-6,1601
-6,1602
-6,1603
-6,1604
-6,1605
-6,1606
-6,1607
-6,1608
-6,1609
-6,1610
-6,1611
-6,1612
-6,1613
-6,1614
-6,1615
-6,1616
-6,1617
-6,1618
-6,1619
-6,1620
-6,1621
-6,1622
-6,1623
-6,1624
-6,1625
-6,1626
-6,1627
-6,1628
-6,1629
-6,1630
-6,1631
-6,1632
-6,1633
-6,1634
-6,1635
-6,1636
-6,1637
-6,1638
-6,1639
-6,1640
-6,1641
-6,1642
-6,1643
-6,1644
-6,1645
-6,1646
-6,1647
-6,1648
-6,1649
-6,1650
-6,1651
-6,1652
-6,1653
-6,1654
-6,1655
-6,1656
-6,1657
-6,1658
-6,1659
-6,1660
-6,1661
-6,1662
-6,1663
-6,1664
-6,1665
-6,1666
-6,1667
-6,1668
-6,1669
-6,1670
-6,1671
-6,1672
-6,1673
-6,1674
-6,1675
-6,1676
-6,1677
-6,1678
-6,1679
-6,1680
-6,1681
-6,1682
-6,1683
-6,1684
-6,1685
-6,1686
-6,1687
-6,1688
-6,1689
-6,1690
-6,1691
-6,1692
-6,1693
-6,1694
:6_1,1695
:6_1,1696
:6_1,1697
-684,1698
-684,1699
-684,1700
-684,1701
-684,1702
-684,1703
-684,1704
-684,1705
-684,1706
-684,1707
-684,1708
-684,1709
-684,1710
-684,1711
-684,1712
-684,1713
-684,1714
:373_4,1715
:373_4,1716
-685,1717
-685,1718
-685,1719
-685,1720
-685,1721
-685,1722
-685,1723
-685,1724
-685,1725
-685,1726
-685,1727
-685,1728
-685,1729
-685,1730
-685,1731
-685,1732
-685,1733
:13_1,1734
:13_1,1735
177,1736
177,1737
177,1738
177,1739
177,1740
177,1741
177,1742
177,1743
177,1744
177,1745
177,1746
177,1747
177,1748
177,1749
177,1750
177,1751
177,1752
177,1753
177,1754
177,1755
177,1756
177,1757
177,1758
177,1759
177,1760
177,1761
177,1762
177,1763
177,1764
177,1765
177,1766
177,1767
177,1768
177,1769
177,1770
177,1771
177,1772
177,1773
177,1774
177,1775
177,1776
177,1777
177,1778
177,1779
177,1780
177,1781
177,1782
177,1783
177,1784
177,1785
177,1786
177,1787
177,1788
177,1789
177,1790
177,1791
177,1792
177,1793
177,1794
177,1795
177,1796
177,1797
177,1798
177,1799
177,1800
177,1801
177,1802
177,1803
177,1804
177,1805
177,1806
177,1807
177,1808
177,1809
177,1810
177,1811
177,1812
177,1813
177,1814
177,1815
177,1816
177,1817
177,1818
177,1819
177,1820
177,1821
177,1822
177,1823
177,1824
177,1825
177,1826
177,1827
177,1828
177,1829
177,1830
177,1831
177,1832
177,1833
177,1834
177,1835
177,1836
177,1837
177,1838
177,1839
177,1840
177,1841
177,1842
177,1843
177,1844
177,1845
177,1846
177,1847
177,1848
177,1849
177,1850
177,1851
177,1852
177,1853
177,1854
177,1855
177,1856
177,1857
177,1858
:190_1,1859
:190_1,1860
:190_1,1861
:190_1,1862
:190_1,1863
:190_1,1864
178,1865
178,1866
178,1867
178,1868
178,1869
178,1870
178,1871
178,1872
178,1873
178,1874
178,1875
178,1876
178,1877
178,1878
178,1879
178,1880
178,1881
178,1882
178,1883
178,1884
178,1885
178,1886
178,1887
178,1888
178,1889
178,1890
178,1891
178,1892
178,1893
178,1894
178,1895
178,1896
178,1897
178,1898
178,1899
178,1900
178,1901
178,1902
178,1903
178,1904
178,1905
178,1906
178,1907
178,1908
178,1909
178,1910
178,1911
178,1912
178,1913
178,1914
178,1915
178,1916
178,1917
178,1918
178,1919
178,1920
178,1921
178,1922
178,1923
178,1924
178,1925
178,1926
178,1927
178,1928
178,1929
178,1930
178,1931
178,1932
178,1933
178,1934
178,1935
178,1936
178,1937
178,1938
178,1939
178,1940
178,1941
178,1942
178,1943
178,1944
178,1945
178,1946
178,1947
178,1948
178,1949
178,1950
178,1951
178,1952
178,1953
178,1954
178,1955
178,1956
178,1957
178,1958
178,1959
178,1960
178,1961
178,1962
178,1963
178,1964
178,1965
178,1966
178,1967
178,1968
178,1969
178,1970
178,1971
178,1972
178,1973
178,1974
178,1975
178,1976
178,1977
178,1978
178,1979
178,1980
178,1981
178,1982
178,1983
178,1984
178,1985
178,1986
178,1987
178,1988
178,1989
178,1990
178,1991
178,1992
178,1993
178,1994
178,1995
178,1996
178,1997
178,1998
178,1999
178,2000
