-321,1
-321,2
-321,3
-321,4
-321,5
-321,6
-321,7
-321,8
-321,9
-321,10
-321,11
-321,12
-321,13
-321,14
-321,15
-321,16
-321,17
-321,18
-321,19
-321,20
-321,21
-321,22
-321,23
-321,24
-321,25
-321,26
-321,27
-321,28
-321,29
-321,30
-321,31
-321,32
-321,33
-321,34
-321,35
-321,36
-321,37
-321,38
-321,39
-321,40
-321,41
-321,42
-321,43
-321,44
-321,45
-321,46
-321,47
-321,48
-321,49
-321,50
-321,51
-321,52
-321,53
-321,54
-321,55
-321,56
-321,57
-321,58
-321,59
-321,60
-321,61
-321,62
-321,63
-321,64
-321,65
-321,66
-321,67
-321,68
-321,69
-321,70
-321,71
-321,72
-321,73
-321,74
-321,75
-321,76
-321,77
-321,78
-321,79
-321,80
-321,81
-321,82
-321,83
-321,84
-321,85
-321,86
-321,87
-321,88
-321,89
-321,90
-321,91
-321,92
-321,93
-321,94
-321,95
-321,96
-321,97
-321,98
-321,99
-321,100
-321,101
-321,102
-321,103
-321,104
-321,105
-321,106
-321,107
-321,108
-321,109
-321,110
-321,111
-321,112
-321,113
-321,114
-321,115
-321,116
-321,117
-321,118
-321,119
-321,120
-321,121
-321,122
-321,123
-321,124
-321,125
-321,126
-321,127
-321,128
-321,129
-321,130
-321,131
-321,132
-321,133
-321,134
-321,135
-321,136
-321,137
-321,138
-321,139
-321,140
-321,141
-321,142
-321,143
-321,144
-321,145
-321,146
-321,147
-321,148
-321,149
-321,150
-321,151
-321,152
-321,153
-321,154
-321,155
-321,156
-321,157
-321,158
-321,159
-321,160
-321,161
-321,162
-321,163
-321,164
-321,165
-321,166
-321,167
-321,168
:31_13,169
:31_13,170
:31_13,171
:31_13,172
:31_13,173
319,174
319,175
319,176
319,177
319,178
319,179
319,180
319,181
319,182
319,183
319,184
319,185
319,186
319,187
319,188
319,189
319,190
319,191
319,192
319,193
319,194
319,195
319,196
319,197
319,198
319,199
319,200
319,201
319,202
319,203
319,204
319,205
319,206
319,207
319,208
319,209
319,210
319,211
319,212
319,213
319,214
319,215
319,216
319,217
319,218
319,219
319,220
319,221
319,222
319,223
319,224
319,225
319,226
319,227
319,228
319,229
319,230
319,231
319,232
319,233
319,234
319,235
319,236
319,237
319,238
319,239
319,240
319,241
319,242
319,243
319,244
319,245
319,246
319,247
319,248
319,249
319,250
319,251
319,252
319,253
319,254
319,255
319,256
319,257
319,258
319,259
319,260
319,261
319,262
319,263
319,264
319,265
319,266
319,267
319,268
319,269
319,270
319,271
:37_1,272
:37_1,273
-31,274
-31,275
-31,276
-31,277
-31,278
-31,279
-31,280
-31,281
-31,282
-31,283
-31,284
-31,285
-31,286
-31,287
-31,288
-31,289
-31,290
-31,291
-31,292
-31,293
-31,294
-31,295
-31,296
-31,297
-31,298
-31,299
-31,300
-31,301
-31,302
-31,303
-31,304
-31,305
-31,306
-31,307
-31,308
-31,309
-31,310
-31,311
-31,312
-31,313
-31,314
-31,315
-31,316
-31,317
-31,318
-31,319
-31,320
-31,321
-31,322
-31,323
-31,324
-31,325
-31,326
-31,327
-31,328
-31,329
-31,330
-31,331
-31,332
-31,333
-31,334
-31,335
-31,336
-31,337
-31,338
-31,339
-31,340
-31,341
-31,342
-31,343
-31,344
-31,345
-31,346
-31,347
-31,348
-31,349
-31,350
-31,351
-31,352
-31,353
:34_6,354
:34_6,355
:34_6,356
:34_6,357
29,358
29,359
29,360
29,361
29,362
29,363
29,364
29,365
29,366
29,367
29,368
29,369
29,370
29,371
29,372
29,373
29,374
29,375
29,376
29,377
29,378
29,379
29,380
29,381
29,382
29,383
29,384
29,385
29,386
29,387
29,388
29,389
29,390
29,391
29,392
29,393
29,394
29,395
29,396
29,397
29,398
29,399
29,400
29,401
29,402
29,403
29,404
29,405
29,406
29,407
29,408
29,409
29,410
29,411
29,412
29,413
29,414
29,415
29,416
29,417
29,418
29,419
29,420
29,421
29,422
29,423
29,424
29,425
29,426
29,427
29,428
29,429
29,430
29,431
29,432
29,433
29,434
29,435
29,436
29,437
29,438
29,439
29,440
29,441
29,442
29,443
29,444
29,445
29,446
29,447
29,448
29,449
29,450
29,451
29,452
29,453
29,454
29,455
29,456
29,457
:35_14,458
:35_14,459
:35_14,460
:35_18,461
:35_18,462
:35_18,463
193,464
193,465
193,466
193,467
193,468
193,469
193,470
193,471
193,472
193,473
193,474
193,475
193,476
193,477
193,478
193,479
193,480
193,481
193,482
193,483
193,484
193,485
193,486
193,487
193,488
193,489
193,490
193,491
193,492
193,493
193,494
193,495
193,496
193,497
193,498
193,499
193,500
193,501
193,502
193,503
193,504
193,505
193,506
193,507
193,508
193,509
193,510
193,511
193,512
193,513
193,514
193,515
193,516
193,517
193,518
193,519
193,520
193,521
193,522
193,523
193,524
193,525
193,526
193,527
193,528
193,529
193,530
193,531
193,532
193,533
193,534
193,535
193,536
193,537
193,538
193,539
193,540
193,541
193,542
193,543
193,544
193,545
193,546
193,547
193,548
193,549
193,550
193,551
193,552
193,553
193,554
193,555
193,556
193,557
193,558
193,559
193,560
193,561
193,562
193,563
193,564
193,565
193,566
193,567
193,568
193,569
193,570
193,571
193,572
193,573
193,574
193,575
193,576
193,577
193,578
193,579
193,580
193,581
193,582
193,583
193,584
193,585
193,586
193,587
193,588
193,589
193,590
193,591
193,592
193,593
193,594
193,595
193,596
193,597
193,598
193,599
193,600
193,601
193,602
193,603
193,604
193,605
193,606
193,607
193,608
193,609
193,610
193,611
193,612
193,613
193,614
193,615
193,616
193,617
193,618
193,619
193,620
193,621
:203_3,622
:203_3,623
:203_3,624
:203_3,625
194,626
194,627
194,628
194,629
194,630
194,631
194,632
194,633
194,634
194,635
194,636
194,637
194,638
194,639
194,640
194,641
194,642
194,643
194,644
194,645
194,646
194,647
194,648
194,649
194,650
194,651
194,652
194,653
194,654
194,655
194,656
194,657
194,658
194,659
194,660
194,661
194,662
194,663
194,664
194,665
194,666
194,667
194,668
194,669
194,670
194,671
194,672
194,673
194,674
194,675
194,676
194,677
194,678
194,679
194,680
194,681
194,682
194,683
194,684
194,685
194,686
194,687
194,688
194,689
194,690
194,691
194,692
194,693
194,694
194,695
194,696
194,697
194,698
194,699
194,700
194,701
194,702
194,703
194,704
194,705
194,706
194,707
194,708
194,709
194,710
194,711
194,712
194,713
194,714
194,715
194,716
194,717
194,718
194,719
194,720
194,721
194,722
194,723
194,724
194,725
194,726
194,727
194,728
194,729
194,730
194,731
194,732
194,733
194,734
194,735
194,736
194,737
194,738
194,739
194,740
194,741
194,742
194,743
194,744
194,745
194,746
194,747
194,748
194,749
194,750
194,751
194,752
194,753
194,754
194,755
194,756
194,757
194,758
194,759
194,760
194,761
194,762
194,763
194,764
194,765
194,766
194,767
194,768
194,769
194,770
194,771
194,772
194,773
194,774
194,775
194,776
194,777
194,778
194,779
194,780
194,781
194,782
194,783
194,784
194,785
194,786
194,787
194,788
194,789
194,790
194,791
194,792
:204_9,793
:204_9,794
:204_9,795
:204_9,796
:204_9,797
:204_9,798
195,799
195,800
195,801
195,802
195,803
195,804
195,805
195,806
195,807
195,808
195,809
195,810
195,811
195,812
195,813
195,814
195,815
195,816
195,817
195,818
195,819
195,820
195,821
195,822
195,823
195,824
195,825
195,826
195,827
195,828
195,829
195,830
195,831
195,832
195,833
195,834
195,835
195,836
195,837
195,838
195,839
195,840
195,841
195,842
195,843
195,844
195,845
195,846
195,847
195,848
195,849
195,850
195,851
195,852
195,853
195,854
195,855
195,856
195,857
195,858
195,859
195,860
195,861
195,862
195,863
195,864
195,865
195,866
195,867
195,868
195,869
195,870
195,871
195,872
195,873
195,874
195,875
195,876
195,877
195,878
195,879
195,880
195,881
195,882
195,883
195,884
195,885
195,886
195,887
195,888
195,889
195,890
195,891
195,892
195,893
195,894
195,895
195,896
195,897
195,898
195,899
195,900
195,901
195,902
195,903
195,904
195,905
195,906
195,907
195,908
195,909
195,910
195,911
195,912
195,913
195,914
195,915
195,916
195,917
195,918
195,919
195,920
195,921
195,922
195,923
195,924
195,925
195,926
195,927
195,928
195,929
195,930
195,931
195,932
195,933
195,934
195,935
195,936
195,937
195,938
195,939
195,940
195,941
195,942
195,943
195,944
195,945
195,946
195,947
195,948
195,949
195,950
195,951
195,952
195,953
195,954
195,955
195,956
195,957
195,958
195,959
195,960
195,961
195,962
195,963
195,964
195,965
195,966
195,967
195,968
195,969
195,970
195,971
195,972
195,973
195,974
195,975
195,976
195,977
195,978
195,979
195,980
195,981
195,982
195,983
195,984
195,985
195,986
195,987
195,988
195,989
195,990
195,991
:191_13,992
:191_13,993
:191_13,994
:191_13,995
:191_13,996
:191_13,997
-178,998
-178,999
-178,1000
-178,1001
-178,1002
-178,1003
-178,1004
-178,1005
-178,1006
-178,1007
-178,1008
-178,1009
-178,1010
-178,1011
-178,1012
-178,1013
-178,1014
-178,1015
-178,1016
-178,1017
-178,1018
-178,1019
-178,1020
-178,1021
-178,1022
-178,1023
-178,1024
-178,1025
-178,1026
-178,1027
-178,1028
-178,1029
-178,1030
-178,1031
-178,1032
-178,1033
-178,1034
-178,1035
-178,1036
-178,1037
-178,1038
-178,1039
-178,1040
-178,1041
-178,1042
-178,1043
-178,1044
-178,1045
-178,1046
-178,1047
-178,1048
-178,1049
-178,1050
-178,1051
-178,1052
-178,1053
-178,1054
-178,1055
-178,1056
-178,1057
-178,1058
-178,1059
-178,1060
-178,1061
-178,1062
-178,1063
-178,1064
-178,1065
-178,1066
-178,1067
-178,1068
-178,1069
-178,1070
-178,1071
-178,1072
-178,1073
-178,1074
-178,1075
-178,1076
-178,1077
-178,1078
-178,1079
-178,1080
-178,1081
-178,1082
-178,1083
-178,1084
-178,1085
-178,1086
-178,1087
-178,1088
-178,1089
-178,1090
-178,1091
-178,1092
-178,1093
-178,1094
-178,1095
-178,1096
-178,1097
-178,1098
-178,1099
-178,1100
-178,1101
-178,1102
-178,1103
-178,1104
-178,1105
-178,1106
-178,1107
-178,1108
-178,1109
-178,1110
-178,1111
-178,1112
-178,1113
-178,1114
-178,1115
-178,1116
-178,1117
-178,1118
-178,1119
-178,1120
-178,1121
-178,1122
-178,1123
-178,1124
-178,1125
-178,1126
-178,1127
-178,1128
-178,1129
-178,1130
-178,1131
-178,1132
-178,1133
-178,1134
-178,1135
-178,1136
-178,1137
-178,1138
-178,1139
-178,1140
-178,1141
-178,1142
-178,1143
-178,1144
-178,1145
-178,1146
-178,1147
-178,1148
-178,1149
-178,1150
-178,1151
-178,1152
-178,1153
-178,1154
-178,1155
-178,1156
-178,1157
-178,1158
-178,1159
-178,1160
-178,1161
-178,1162
-178,1163
-178,1164
-178,1165
-178,1166
-178,1167
-178,1168
-178,1169
-178,1170
-178,1171
-178,1172
:190_3,1173
:190_3,1174
:190_3,1175
:190_3,1176
:190_3,1177
-177,1178
-177,1179
-177,1180
-177,1181
-177,1182
-177,1183
-177,1184
-177,1185
-177,1186
-177,1187
-177,1188
-177,1189
-177,1190
-177,1191
-177,1192
-177,1193
-177,1194
-177,1195
-177,1196
-177,1197
-177,1198
-177,1199
-177,1200
-177,1201
-177,1202
-177,1203
-177,1204
-177,1205
-177,1206
-177,1207
-177,1208
-177,1209
-177,1210
-177,1211
-177,1212
-177,1213
-177,1214
-177,1215
-177,1216
-177,1217
-177,1218
-177,1219
-177,1220
-177,1221
-177,1222
-177,1223
-177,1224
-177,1225
-177,1226
-177,1227
-177,1228
-177,1229
-177,1230
-177,1231
-177,1232
-177,1233
-177,1234
-177,1235
-177,1236
-177,1237
-177,1238
-177,1239
-177,1240
-177,1241
-177,1242
-177,1243
-177,1244
-177,1245
-177,1246
-177,1247
-177,1248
-177,1249
-177,1250
-177,1251
-177,1252
-177,1253
-177,1254
-177,1255
-177,1256
-177,1257
-177,1258
-177,1259
-177,1260
-177,1261
-177,1262
-177,1263
-177,1264
-177,1265
-177,1266
-177,1267
-177,1268
-177,1269
-177,1270
-177,1271
-177,1272
-177,1273
-177,1274
-177,1275
-177,1276
-177,1277
-177,1278
-177,1279
-177,1280
-177,1281
-177,1282
-177,1283
-177,1284
-177,1285
-177,1286
-177,1287
-177,1288
-177,1289
-177,1290
-177,1291
-177,1292
-177,1293
-177,1294
-177,1295
-177,1296
-177,1297
-177,1298
-177,1299
-177,1300
-177,1301
-177,1302
-177,1303
-177,1304
-177,1305
-177,1306
-177,1307
-177,1308
-177,1309
-177,1310
-177,1311
-177,1312
-177,1313
-177,1314
-177,1315
:13_8,1316
:13_8,1317
:13_8,1318
685,1319
685,1320
685,1321
685,1322
685,1323
685,1324
685,1325
685,1326
685,1327
685,1328
685,1329
685,1330
685,1331
685,1332
685,1333
685,1334
685,1335
685,1336
685,1337
:373_5,1338
684,1339
684,1340
684,1341
684,1342
684,1343
684,1344
684,1345
684,1346
684,1347
684,1348
684,1349
684,1350
684,1351
684,1352
684,1353
684,1354
684,1355
684,1356
684,1357
684,1358
:6_8,1359
:6_8,1360
-41,1361
-41,1362
-41,1363
-41,1364
-41,1365
-41,1366
-41,1367
-41,1368
-41,1369
-41,1370
-41,1371
-41,1372
-41,1373
-41,1374
-41,1375
-41,1376
-41,1377
-41,1378
-41,1379
-41,1380
-41,1381
-41,1382
-41,1383
-41,1384
-41,1385
-41,1386
-41,1387
-41,1388
-41,1389
-41,1390
-41,1391
-41,1392
-41,1393
-41,1394
-41,1395
-41,1396
-41,1397
-41,1398
-41,1399
-41,1400
-41,1401
-41,1402
-41,1403
-41,1404
-41,1405
-41,1406
-41,1407
-41,1408
-41,1409
-41,1410
-41,1411
-41,1412
-41,1413
-41,1414
-41,1415
-41,1416
-41,1417
-41,1418
-41,1419
-41,1420
-41,1421
-41,1422
-41,1423
-41,1424
-41,1425
-41,1426
-41,1427
-41,1428
-41,1429
-41,1430
-41,1431
-41,1432
-41,1433
-41,1434
-41,1435
-41,1436
-41,1437
-41,1438
-41,1439
-41,1440
-41,1441
-41,1442
-41,1443
-41,1444
-41,1445
-41,1446
-41,1447
-41,1448
-41,1449
-41,1450
-41,1451
-41,1452
-41,1453
-41,1454
-41,1455
-41,1456
-41,1457
-41,1458
-41,1459
-41,1460
-41,1461
-41,1462
-41,1463
-41,1464
-41,1465
-41,1466
-41,1467
-41,1468
-41,1469
-41,1470
-41,1471
-41,1472
-41,1473
-41,1474
-41,1475
-41,1476
-41,1477
-41,1478
-41,1479
-41,1480
-41,1481
-41,1482
-41,1483
-41,1484
-41,1485
-41,1486
-41,1487
-41,1488
-41,1489
-41,1490
-41,1491
-41,1492
-41,1493
-41,1494
-41,1495
-41,1496
-41,1497
-41,1498
-41,1499
-41,1500
-41,1501
-41,1502
-41,1503
-41,1504
-41,1505
-41,1506
-41,1507
-41,1508
-41,1509
-41,1510
-41,1511
-41,1512
-41,1513
-41,1514
-41,1515
-41,1516
-41,1517
-41,1518
-41,1519
-41,1520
-41,1521
-41,1522
-41,1523
-41,1524
-41,1525
-41,1526
-41,1527
-41,1528
-41,1529
-41,1530
-41,1531
-41,1532
-41,1533
-41,1534
-41,1535
-41,1536
-41,1537
-41,1538
-41,1539
-41,1540
-41,1541
-41,1542
-41,1543
-41,1544
-41,1545
-41,1546
-41,1547
-41,1548
-41,1549
-41,1550
-41,1551
-41,1552
-41,1553
-41,1554
-41,1555
-41,1556
-41,1557
-41,1558
-41,1559
-41,1560
-41,1561
-41,1562
-41,1563
-41,1564
-41,1565
-41,1566
-41,1567
-41,1568
-41,1569
-41,1570
-41,1571
-41,1572
-41,1573
-41,1574
-41,1575
-41,1576
-41,1577
-41,1578
-41,1579
-41,1580
-41,1581
-41,1582
-41,1583
-41,1584
-41,1585
-41,1586
-41,1587
-41,1588
-41,1589
-41,1590
-41,1591
-41,1592
-41,1593
-41,1594
-41,1595
-41,1596
-41,1597
-41,1598
-41,1599
-41,1600
-41,1601
-41,1602
-41,1603
-41,1604
-41,1605
-41,1606
-41,1607
-41,1608
-41,1609
-41,1610
-41,1611
-41,1612
-41,1613
-41,1614
-41,1615
-41,1616
-41,1617
-41,1618
-41,1619
-41,1620
-41,1621
-41,1622
-41,1623
-41,1624
-41,1625
-41,1626
-41,1627
-41,1628
-41,1629
-41,1630
-41,1631
-41,1632
-41,1633
-41,1634
-41,1635
-41,1636
-41,1637
-41,1638
-41,1639
-41,1640
-41,1641
-41,1642
-41,1643
-41,1644
-41,1645
-41,1646
-41,1647
-41,1648
-41,1649
-41,1650
-41,1651
-41,1652
-41,1653
-41,1654
-41,1655
-41,1656
-41,1657
-41,1658
-41,1659
-41,1660
-41,1661
-41,1662
-41,1663
-41,1664
-41,1665
-41,1666
-41,1667
-41,1668
-41,1669
-41,1670
-41,1671
-41,1672
-41,1673
-41,1674
-41,1675
-41,1676
-41,1677
-41,1678
-41,1679
-41,1680
-41,1681
-41,1682
-41,1683
-41,1684
-41,1685
-41,1686
-41,1687
-41,1688
-41,1689
-41,1690
-41,1691
-41,1692
-41,1693
-41,1694
-41,1695
-41,1696
-41,1697
-41,1698
-41,1699
-41,1700
-41,1701
-41,1702
-41,1703
-41,1704
-41,1705
-41,1706
-41,1707
-41,1708
-41,1709
-41,1710
-41,1711
-41,1712
-41,1713
-41,1714
-41,1715
-41,1716
-41,1717
-41,1718
-41,1719
-41,1720
-41,1721
-41,1722
-41,1723
-41,1724
-41,1725
-41,1726
-41,1727
-41,1728
-41,1729
-41,1730
-41,1731
-41,1732
-41,1733
-41,1734
-41,1735
-41,1736
-41,1737
-41,1738
-41,1739
-41,1740
-41,1741
-41,1742
-41,1743
-41,1744
-41,1745
-41,1746
-41,1747
-41,1748
-41,1749
-41,1750
-41,1751
-41,1752
-41,1753
-41,1754
-41,1755
-41,1756
-41,1757
-41,1758
-41,1759
-41,1760
-41,1761
-41,1762
-41,1763
-41,1764
-41,1765
-41,1766
-41,1767
-41,1768
-41,1769
-41,1770
-41,1771
-41,1772
-41,1773
-41,1774
-41,1775
-41,1776
-41,1777
-41,1778
-41,1779
-41,1780
-41,1781
-41,1782
-41,1783
-41,1784
-41,1785
-41,1786
-41,1787
-41,1788
-41,1789
-41,1790
-41,1791
-41,1792
-41,1793
-41,1794
-41,1795
:48_1,1796
:48_1,1797
:48_1,1798
:48_1,1799
:48_1,1800
42,1801
42,1802
42,1803
42,1804
42,1805
42,1806
42,1807
42,1808
42,1809
42,1810
42,1811
42,1812
42,1813
42,1814
42,1815
42,1816
42,1817
42,1818
42,1819
42,1820
42,1821
42,1822
42,1823
42,1824
42,1825
42,1826
42,1827
42,1828
42,1829
42,1830
42,1831
42,1832
42,1833
42,1834
42,1835
42,1836
42,1837
42,1838
42,1839
42,1840
42,1841
42,1842
42,1843
42,1844
42,1845
42,1846
42,1847
42,1848
42,1849
42,1850
42,1851
42,1852
42,1853
42,1854
42,1855
42,1856
42,1857
42,1858
42,1859
42,1860
42,1861
42,1862
42,1863
42,1864
42,1865
42,1866
42,1867
42,1868
42,1869
42,1870
42,1871
42,1872
42,1873
42,1874
42,1875
42,1876
42,1877
42,1878
42,1879
42,1880
42,1881
42,1882
42,1883
42,1884
42,1885
42,1886
42,1887
42,1888
42,1889
42,1890
42,1891
42,1892
42,1893
42,1894
42,1895
42,1896
42,1897
42,1898
42,1899
42,1900
42,1901
42,1902
42,1903
42,1904
42,1905
42,1906
42,1907
42,1908
42,1909
42,1910
42,1911
42,1912
42,1913
42,1914
42,1915
42,1916
42,1917
42,1918
42,1919
42,1920
42,1921
42,1922
42,1923
42,1924
42,1925
:44_1,1926
:44_1,1927
:44_1,1928
:44_1,1929
:44_1,1930
-36,1931
-36,1932
-36,1933
-36,1934
-36,1935
-36,1936
-36,1937
-36,1938
-36,1939
-36,1940
-36,1941
-36,1942
-36,1943
-36,1944
-36,1945
-36,1946
-36,1947
-36,1948
-36,1949
-36,1950
-36,1951
-36,1952
-36,1953
-36,1954
-36,1955
-36,1956
-36,1957
-36,1958
-36,1959
-36,1960
-36,1961
-36,1962
-36,1963
-36,1964
-36,1965
-36,1966
-36,1967
-36,1968
-36,1969
-36,1970
-36,1971
-36,1972
-36,1973
-36,1974
-36,1975
-36,1976
-36,1977
-36,1978
-36,1979
-36,1980
-36,1981
-36,1982
-36,1983
-36,1984
-36,1985
-36,1986
-36,1987
-36,1988
-36,1989
-36,1990
-36,1991
-36,1992
-36,1993
-36,1994
-36,1995
-36,1996
-36,1997
-36,1998
-36,1999
-36,2000
