-292,1
-292,2
-292,3
-292,4
-292,5
-292,6
-292,7
-292,8
-292,9
-292,10
-292,11
-292,12
-292,13
-292,14
-292,15
-292,16
-292,17
-292,18
-292,19
-292,20
-292,21
-292,22
-292,23
-292,24
-292,25
-292,26
-292,27
-292,28
-292,29
-292,30
-292,31
-292,32
-292,33
-292,34
-292,35
-292,36
-292,37
-292,38
-292,39
-292,40
-292,41
-292,42
-292,43
-292,44
-292,45
-292,46
-292,47
-292,48
-292,49
-292,50
-292,51
-292,52
-292,53
:122_5,54
:122_5,55
:122_5,56
:122_5,57
:122_5,58
-106,59
-106,60
-106,61
-106,62
-106,63
-106,64
-106,65
-106,66
-106,67
-106,68
-106,69
-106,70
-106,71
-106,72
-106,73
-106,74
-106,75
-106,76
-106,77
-106,78
-106,79
-106,80
-106,81
-106,82
-106,83
-106,84
-106,85
-106,86
-106,87
-106,88
-106,89
-106,90
-106,91
-106,92
-106,93
-106,94
-106,95
-106,96
-106,97
-106,98
-106,99
-106,100
-106,101
-106,102
-106,103
-106,104
-106,105
-106,106
-106,107
-106,108
-106,109
-106,110
-106,111
-106,112
-106,113
-106,114
-106,115
-106,116
-106,117
-106,118
-106,119
-106,120
-106,121
-106,122
-106,123
-106,124
-106,125
-106,126
-106,127
-106,128
-106,129
-106,130
-106,131
-106,132
-106,133
-106,134
-106,135
:119_6,136
:119_6,137
:119_6,138
:119_6,139
:119_6,140
104,141
104,142
104,143
104,144
104,145
104,146
104,147
104,148
104,149
104,150
104,151
104,152
104,153
104,154
104,155
104,156
104,157
104,158
104,159
104,160
104,161
104,162
104,163
104,164
104,165
104,166
104,167
104,168
104,169
104,170
104,171
104,172
104,173
104,174
104,175
104,176
104,177
104,178
104,179
104,180
104,181
104,182
104,183
104,184
104,185
104,186
104,187
104,188
104,189
104,190
104,191
104,192
104,193
104,194
104,195
104,196
104,197
104,198
104,199
104,200
104,201
104,202
104,203
104,204
104,205
104,206
104,207
104,208
104,209
104,210
104,211
104,212
104,213
104,214
104,215
104,216
104,217
104,218
104,219
104,220
104,221
104,222
104,223
104,224
104,225
104,226
104,227
104,228
104,229
104,230
104,231
104,232
104,233
104,234
104,235
104,236
104,237
104,238
104,239
104,240
104,241
104,242
104,243
104,244
104,245
104,246
104,247
104,248
104,249
104,250
104,251
:87_1,252
:87_1,253
:87_1,254
:87_1,255
:87_1,256
-75,257
-75,258
-75,259
-75,260
-75,261
-75,262
-75,263
-75,264
-75,265
-75,266
-75,267
-75,268
-75,269
-75,270
-75,271
-75,272
-75,273
-75,274
-75,275
-75,276
-75,277
-75,278
-75,279
-75,280
-75,281
-75,282
-75,283
-75,284
-75,285
-75,286
-75,287
-75,288
-75,289
-75,290
-75,291
-75,292
-75,293
-75,294
-75,295
-75,296
-75,297
-75,298
-75,299
-75,300
-75,301
-75,302
-75,303
-75,304
-75,305
-75,306
-75,307
-75,308
-75,309
-75,310
-75,311
-75,312
-75,313
-75,314
-75,315
-75,316
-75,317
-75,318
-75,319
-75,320
-75,321
-75,322
-75,323
-75,324
-75,325
-75,326
-75,327
-75,328
-75,329
-75,330
-75,331
-75,332
-75,333
-75,334
-75,335
-75,336
-75,337
-75,338
-75,339
-75,340
-75,341
-75,342
-75,343
-75,344
-75,345
-75,346
-75,347
-75,348
-75,349
-75,350
-75,351
-75,352
-75,353
-75,354
-75,355
-75,356
-75,357
-75,358
-75,359
-75,360
-75,361
-75,362
-75,363
-75,364
-75,365
-75,366
-75,367
-75,368
-75,369
-75,370
-75,371
-75,372
-75,373
-75,374
-75,375
-75,376
-75,377
-75,378
-75,379
-75,380
-75,381
-75,382
-75,383
-75,384
-75,385
-75,386
-75,387
-75,388
-75,389
-75,390
-75,391
-75,392
-75,393
-75,394
-75,395
-75,396
-75,397
-75,398
-75,399
-75,400
:85_1,401
:85_1,402
:85_1,403
:85_1,404
:85_1,405
73,406
73,407
73,408
73,409
73,410
73,411
73,412
73,413
73,414
73,415
73,416
73,417
73,418
73,419
73,420
73,421
73,422
73,423
73,424
73,425
73,426
73,427
73,428
73,429
73,430
73,431
73,432
73,433
73,434
73,435
73,436
73,437
73,438
73,439
73,440
73,441
73,442
73,443
73,444
73,445
73,446
73,447
73,448
73,449
73,450
73,451
73,452
73,453
73,454
73,455
73,456
73,457
73,458
73,459
73,460
73,461
73,462
73,463
73,464
73,465
73,466
73,467
73,468
73,469
73,470
73,471
73,472
73,473
73,474
73,475
73,476
73,477
73,478
73,479
73,480
73,481
73,482
73,483
73,484
73,485
73,486
73,487
73,488
73,489
73,490
73,491
73,492
73,493
73,494
73,495
73,496
73,497
73,498
:86_0,499
:86_0,500
:86_0,501
:86_0,502
:86_0,503
130,504
130,505
130,506
130,507
130,508
130,509
130,510
130,511
130,512
130,513
130,514
130,515
130,516
130,517
130,518
130,519
130,520
130,521
130,522
130,523
130,524
130,525
130,526
130,527
130,528
130,529
130,530
130,531
130,532
130,533
130,534
130,535
130,536
130,537
130,538
130,539
130,540
130,541
-93,542
-93,543
-93,544
-93,545
-93,546
-93,547
-93,548
-93,549
-93,550
-93,551
-93,552
-93,553
-93,554
-93,555
-93,556
-93,557
-93,558
-93,559
-93,560
-93,561
-93,562
-93,563
-93,564
-93,565
-93,566
-93,567
-93,568
-93,569
-93,570
-93,571
-93,572
-93,573
-93,574
-93,575
-93,576
-93,577
-93,578
-93,579
-93,580
-93,581
-93,582
-93,583
-93,584
-93,585
-93,586
-93,587
-93,588
-93,589
-93,590
-93,591
-93,592
-93,593
-93,594
-93,595
-93,596
-93,597
-93,598
-93,599
-93,600
-93,601
-93,602
-93,603
-93,604
-93,605
-93,606
:105_0,607
:105_0,608
:105_0,609
:105_0,610
:105_0,611
-89,612
-89,613
-89,614
-89,615
-89,616
-89,617
-89,618
-89,619
-89,620
-89,621
-89,622
-89,623
-89,624
-89,625
-89,626
-89,627
-89,628
-89,629
-89,630
-89,631
-89,632
-89,633
-89,634
-89,635
-89,636
-89,637
-89,638
-89,639
-89,640
-89,641
-89,642
-89,643
-89,644
-89,645
-89,646
-89,647
-89,648
-89,649
-89,650
-89,651
-89,652
-89,653
-89,654
-89,655
-89,656
-89,657
-89,658
-89,659
-89,660
-89,661
-89,662
-89,663
-89,664
-89,665
-89,666
-89,667
-89,668
-89,669
-89,670
-89,671
-89,672
-89,673
-89,674
-89,675
-89,676
-89,677
-89,678
-89,679
-89,680
-89,681
-89,682
-89,683
-89,684
-89,685
-89,686
-89,687
-89,688
-89,689
-89,690
-89,691
-89,692
-89,693
-89,694
-89,695
-89,696
-89,697
-89,698
-89,699
:104_5,700
:104_5,701
:104_5,702
:104_5,703
:104_5,704
90,705
90,706
90,707
90,708
90,709
90,710
90,711
90,712
90,713
90,714
90,715
90,716
90,717
90,718
90,719
90,720
90,721
90,722
90,723
90,724
90,725
90,726
90,727
90,728
90,729
90,730
90,731
90,732
90,733
90,734
90,735
90,736
90,737
90,738
90,739
90,740
90,741
90,742
90,743
90,744
90,745
90,746
90,747
90,748
90,749
90,750
90,751
90,752
90,753
90,754
90,755
90,756
90,757
90,758
90,759
90,760
90,761
90,762
90,763
90,764
90,765
90,766
90,767
90,768
90,769
90,770
90,771
90,772
90,773
90,774
90,775
90,776
90,777
90,778
90,779
90,780
90,781
90,782
90,783
90,784
90,785
90,786
90,787
90,788
90,789
90,790
90,791
90,792
90,793
90,794
90,795
90,796
90,797
90,798
90,799
90,800
90,801
90,802
90,803
90,804
90,805
90,806
90,807
90,808
90,809
90,810
90,811
90,812
90,813
90,814
90,815
90,816
90,817
90,818
90,819
90,820
90,821
90,822
90,823
90,824
90,825
90,826
90,827
90,828
90,829
90,830
90,831
90,832
90,833
90,834
90,835
90,836
90,837
90,838
90,839
90,840
90,841
90,842
90,843
90,844
90,845
90,846
90,847
90,848
90,849
90,850
90,851
90,852
90,853
90,854
90,855
90,856
90,857
90,858
90,859
90,860
90,861
90,862
90,863
90,864
90,865
90,866
90,867
90,868
:106_0,869
:106_0,870
:106_0,871
:106_0,872
:106_0,873
-325,874
-325,875
-325,876
-325,877
-325,878
-325,879
-325,880
-325,881
-325,882
-325,883
-325,884
-325,885
-325,886
-325,887
-325,888
-325,889
-325,890
-325,891
-325,892
-325,893
-325,894
-325,895
-325,896
-325,897
-325,898
-325,899
-325,900
-325,901
-325,902
-325,903
-325,904
-325,905
-325,906
-325,907
-325,908
-325,909
-325,910
-325,911
-325,912
-325,913
-325,914
-325,915
-325,916
-325,917
-325,918
-325,919
-325,920
-325,921
-325,922
-325,923
-325,924
-325,925
-325,926
-325,927
-325,928
-325,929
-325,930
-325,931
-325,932
-325,933
-325,934
-325,935
-325,936
-325,937
-325,938
-325,939
-325,940
-325,941
-325,942
-325,943
-325,944
-325,945
-325,946
-325,947
-325,948
-325,949
-325,950
-325,951
-325,952
-325,953
-325,954
-325,955
-325,956
-325,957
-325,958
-325,959
-325,960
-325,961
-325,962
-325,963
-325,964
-325,965
-325,966
-325,967
-325,968
-325,969
-325,970
-325,971
:246_1,972
:246_1,973
:246_1,974
:246_1,975
:246_1,976
:246_1,977
-245,978
-245,979
-245,980
-245,981
-245,982
-245,983
-245,984
-245,985
-245,986
-245,987
-245,988
-245,989
-245,990
-245,991
-245,992
-245,993
-245,994
-245,995
-245,996
-245,997
-245,998
-245,999
-245,1000
-245,1001
-245,1002
-245,1003
-245,1004
-245,1005
-245,1006
-245,1007
-245,1008
-245,1009
-245,1010
-245,1011
-245,1012
-245,1013
-245,1014
-245,1015
-245,1016
-245,1017
-245,1018
-245,1019
-245,1020
-245,1021
-245,1022
-245,1023
-245,1024
-245,1025
-245,1026
-245,1027
-245,1028
-245,1029
-245,1030
:215_5,1031
:215_5,1032
:215_5,1033
:215_5,1034
:215_5,1035
:215_5,1036
-244,1037
-244,1038
-244,1039
-244,1040
-244,1041
-244,1042
-244,1043
-244,1044
-244,1045
-244,1046
-244,1047
-244,1048
-244,1049
-244,1050
-244,1051
-244,1052
-244,1053
-244,1054
-244,1055
-244,1056
-244,1057
-244,1058
-244,1059
-244,1060
-244,1061
-244,1062
-244,1063
-244,1064
-244,1065
-244,1066
-244,1067
-244,1068
-244,1069
-244,1070
-244,1071
-244,1072
-244,1073
-244,1074
-244,1075
-244,1076
-244,1077
-244,1078
-244,1079
-244,1080
-244,1081
-244,1082
-244,1083
-244,1084
-244,1085
-244,1086
-244,1087
-244,1088
-244,1089
-244,1090
-244,1091
-244,1092
-244,1093
-244,1094
-244,1095
-244,1096
-244,1097
-244,1098
-244,1099
-244,1100
-244,1101
-244,1102
-244,1103
-244,1104
-244,1105
-244,1106
-244,1107
-244,1108
-244,1109
-244,1110
-244,1111
-244,1112
-244,1113
-244,1114
-244,1115
-244,1116
-244,1117
-244,1118
-244,1119
-244,1120
-244,1121
-244,1122
-244,1123
-244,1124
-244,1125
-244,1126
-244,1127
-244,1128
-244,1129
-244,1130
-244,1131
-244,1132
-244,1133
-244,1134
-244,1135
-244,1136
-244,1137
-244,1138
-244,1139
-244,1140
-244,1141
-244,1142
-244,1143
-244,1144
-244,1145
-244,1146
-244,1147
-244,1148
-244,1149
-244,1150
-244,1151
-244,1152
-244,1153
-244,1154
-244,1155
-244,1156
-244,1157
-244,1158
-244,1159
-244,1160
-244,1161
-244,1162
-244,1163
-244,1164
-244,1165
-244,1166
-244,1167
-244,1168
-244,1169
-244,1170
-244,1171
-244,1172
-244,1173
-244,1174
-244,1175
-244,1176
-244,1177
-244,1178
-244,1179
-244,1180
-244,1181
-244,1182
-244,1183
-244,1184
-244,1185
-244,1186
-244,1187
-244,1188
-244,1189
-244,1190
-244,1191
-244,1192
-244,1193
-244,1194
-244,1195
-244,1196
-244,1197
-244,1198
-244,1199
-244,1200
-244,1201
-244,1202
-244,1203
-244,1204
-244,1205
-244,1206
-244,1207
-244,1208
-244,1209
-244,1210
:179_5,1211
:179_5,1212
:179_5,1213
:179_5,1214
:179_5,1215
-243,1216
-243,1217
-243,1218
-243,1219
-243,1220
-243,1221
-243,1222
-243,1223
-243,1224
-243,1225
-243,1226
-243,1227
-243,1228
-243,1229
-243,1230
-243,1231
-243,1232
-243,1233
-243,1234
-243,1235
-243,1236
-243,1237
-243,1238
-243,1239
-243,1240
-243,1241
-243,1242
-243,1243
-243,1244
-243,1245
-243,1246
-243,1247
-243,1248
-243,1249
-243,1250
-243,1251
-243,1252
-243,1253
-243,1254
-243,1255
-243,1256
-243,1257
-243,1258
-243,1259
-243,1260
-243,1261
-243,1262
-243,1263
-243,1264
-243,1265
-243,1266
-243,1267
-243,1268
-243,1269
-243,1270
-243,1271
-243,1272
-243,1273
-243,1274
-243,1275
-243,1276
-243,1277
-243,1278
-243,1279
-243,1280
-243,1281
-243,1282
-243,1283
-243,1284
-243,1285
-243,1286
-243,1287
-243,1288
-243,1289
-243,1290
:245_1,1291
:245_1,1292
:245_1,1293
:245_1,1294
:245_1,1295
-242,1296
-242,1297
-242,1298
-242,1299
-242,1300
-242,1301
-242,1302
-242,1303
-242,1304
-242,1305
-242,1306
-242,1307
-242,1308
-242,1309
-242,1310
-242,1311
-242,1312
-242,1313
-242,1314
-242,1315
-242,1316
-242,1317
-242,1318
-242,1319
-242,1320
-242,1321
-242,1322
-242,1323
-242,1324
-242,1325
-242,1326
-242,1327
-242,1328
-242,1329
-242,1330
-242,1331
-242,1332
-242,1333
-242,1334
-242,1335
-242,1336
-242,1337
-242,1338
-242,1339
-242,1340
-242,1341
-242,1342
-242,1343
-242,1344
-242,1345
-242,1346
-242,1347
-242,1348
-242,1349
-242,1350
-242,1351
-242,1352
-242,1353
-242,1354
-242,1355
-242,1356
-242,1357
-242,1358
-242,1359
-242,1360
-242,1361
-242,1362
-242,1363
-242,1364
-242,1365
-242,1366
-242,1367
-242,1368
-242,1369
-242,1370
-242,1371
-242,1372
-242,1373
-242,1374
-242,1375
-242,1376
-242,1377
-242,1378
-242,1379
-242,1380
-242,1381
-242,1382
-242,1383
-242,1384
-242,1385
-242,1386
-242,1387
-242,1388
-242,1389
-242,1390
-242,1391
-242,1392
-242,1393
-242,1394
-242,1395
-242,1396
-242,1397
-242,1398
-242,1399
-242,1400
:244_5,1401
:244_5,1402
:244_5,1403
:244_5,1404
:244_5,1405
:244_5,1406
437,1407
437,1408
437,1409
437,1410
437,1411
437,1412
437,1413
437,1414
437,1415
437,1416
437,1417
437,1418
437,1419
437,1420
437,1421
437,1422
437,1423
437,1424
437,1425
437,1426
437,1427
437,1428
437,1429
437,1430
437,1431
437,1432
437,1433
437,1434
437,1435
437,1436
437,1437
437,1438
437,1439
437,1440
437,1441
437,1442
437,1443
437,1444
437,1445
437,1446
437,1447
437,1448
437,1449
437,1450
437,1451
437,1452
437,1453
437,1454
437,1455
437,1456
437,1457
437,1458
437,1459
437,1460
437,1461
437,1462
437,1463
437,1464
437,1465
437,1466
437,1467
437,1468
437,1469
437,1470
437,1471
437,1472
437,1473
437,1474
437,1475
437,1476
437,1477
437,1478
437,1479
437,1480
437,1481
437,1482
437,1483
437,1484
437,1485
437,1486
437,1487
437,1488
437,1489
437,1490
437,1491
437,1492
437,1493
437,1494
437,1495
437,1496
437,1497
437,1498
437,1499
437,1500
437,1501
437,1502
437,1503
437,1504
437,1505
437,1506
437,1507
437,1508
437,1509
437,1510
437,1511
437,1512
437,1513
437,1514
437,1515
437,1516
437,1517
437,1518
437,1519
437,1520
437,1521
437,1522
437,1523
437,1524
437,1525
437,1526
437,1527
437,1528
437,1529
437,1530
437,1531
437,1532
437,1533
437,1534
437,1535
437,1536
437,1537
437,1538
437,1539
437,1540
437,1541
437,1542
437,1543
437,1544
437,1545
437,1546
437,1547
437,1548
437,1549
437,1550
437,1551
437,1552
437,1553
437,1554
437,1555
437,1556
437,1557
437,1558
437,1559
437,1560
437,1561
437,1562
437,1563
437,1564
437,1565
437,1566
437,1567
437,1568
437,1569
437,1570
437,1571
437,1572
437,1573
437,1574
437,1575
437,1576
437,1577
437,1578
437,1579
437,1580
437,1581
437,1582
437,1583
437,1584
437,1585
437,1586
437,1587
437,1588
437,1589
437,1590
437,1591
437,1592
437,1593
437,1594
437,1595
437,1596
437,1597
437,1598
437,1599
437,1600
437,1601
437,1602
437,1603
437,1604
437,1605
437,1606
437,1607
437,1608
437,1609
437,1610
437,1611
437,1612
437,1613
437,1614
437,1615
437,1616
437,1617
437,1618
437,1619
437,1620
437,1621
437,1622
437,1623
437,1624
437,1625
437,1626
437,1627
437,1628
437,1629
437,1630
437,1631
437,1632
437,1633
437,1634
437,1635
437,1636
437,1637
437,1638
437,1639
437,1640
437,1641
437,1642
437,1643
437,1644
437,1645
:381_5,1646
:381_5,1647
:381_5,1648
:381_5,1649
:381_5,1650
438,1651
438,1652
438,1653
438,1654
438,1655
438,1656
438,1657
438,1658
438,1659
438,1660
438,1661
438,1662
438,1663
438,1664
438,1665
438,1666
438,1667
438,1668
438,1669
438,1670
438,1671
438,1672
438,1673
438,1674
438,1675
438,1676
438,1677
438,1678
438,1679
438,1680
438,1681
438,1682
438,1683
438,1684
438,1685
438,1686
438,1687
438,1688
438,1689
438,1690
438,1691
438,1692
438,1693
438,1694
438,1695
438,1696
438,1697
438,1698
438,1699
438,1700
438,1701
438,1702
438,1703
438,1704
438,1705
438,1706
438,1707
438,1708
438,1709
438,1710
438,1711
438,1712
438,1713
438,1714
438,1715
438,1716
438,1717
438,1718
438,1719
438,1720
438,1721
438,1722
438,1723
438,1724
438,1725
438,1726
438,1727
438,1728
438,1729
438,1730
438,1731
438,1732
438,1733
438,1734
438,1735
438,1736
438,1737
438,1738
438,1739
438,1740
438,1741
438,1742
438,1743
438,1744
438,1745
438,1746
438,1747
438,1748
438,1749
438,1750
438,1751
438,1752
438,1753
438,1754
438,1755
438,1756
438,1757
438,1758
438,1759
438,1760
438,1761
438,1762
438,1763
438,1764
438,1765
438,1766
438,1767
438,1768
438,1769
438,1770
438,1771
438,1772
438,1773
438,1774
:75_5,1775
:75_5,1776
:75_5,1777
:75_5,1778
:75_5,1779
-65,1780
-65,1781
-65,1782
-65,1783
-65,1784
-65,1785
-65,1786
-65,1787
-65,1788
-65,1789
-65,1790
-65,1791
-65,1792
-65,1793
-65,1794
-65,1795
-65,1796
-65,1797
-65,1798
-65,1799
-65,1800
-65,1801
-65,1802
-65,1803
-65,1804
-65,1805
-65,1806
-65,1807
-65,1808
-65,1809
-65,1810
-65,1811
-65,1812
-65,1813
-65,1814
-65,1815
-65,1816
-65,1817
-65,1818
-65,1819
-65,1820
-65,1821
-65,1822
-65,1823
-65,1824
-65,1825
-65,1826
-65,1827
-65,1828
-65,1829
-65,1830
-65,1831
-65,1832
-65,1833
-65,1834
-65,1835
-65,1836
-65,1837
-65,1838
-65,1839
-65,1840
-65,1841
-65,1842
-65,1843
-65,1844
-65,1845
-65,1846
-65,1847
-65,1848
-65,1849
-65,1850
-65,1851
-65,1852
-65,1853
-65,1854
-65,1855
-65,1856
-65,1857
-65,1858
-65,1859
-65,1860
-65,1861
-65,1862
-65,1863
-65,1864
-65,1865
-65,1866
-65,1867
-65,1868
-65,1869
-65,1870
-65,1871
-65,1872
-65,1873
-65,1874
-65,1875
-65,1876
-65,1877
-65,1878
-65,1879
-65,1880
-65,1881
-65,1882
-65,1883
-65,1884
-65,1885
-65,1886
-65,1887
-65,1888
-65,1889
-65,1890
-65,1891
-65,1892
-65,1893
-65,1894
-65,1895
-65,1896
-65,1897
-65,1898
-65,1899
-65,1900
:74_5,1901
:74_5,1902
:74_5,1903
:74_5,1904
:74_5,1905
-237,1906
-237,1907
-237,1908
-237,1909
-237,1910
-237,1911
-237,1912
-237,1913
-237,1914
-237,1915
-237,1916
-237,1917
-237,1918
-237,1919
-237,1920
-237,1921
-237,1922
-237,1923
-237,1924
-237,1925
-237,1926
-237,1927
-237,1928
-237,1929
-237,1930
-237,1931
-237,1932
-237,1933
-237,1934
-237,1935
-237,1936
-237,1937
-237,1938
-237,1939
-237,1940
-237,1941
-237,1942
-237,1943
-237,1944
-237,1945
-237,1946
-237,1947
-237,1948
-237,1949
-237,1950
-237,1951
-237,1952
-237,1953
-237,1954
-237,1955
-237,1956
-237,1957
-237,1958
-237,1959
-237,1960
-237,1961
-237,1962
-237,1963
-237,1964
-237,1965
-237,1966
-237,1967
-237,1968
-237,1969
-237,1970
-237,1971
-237,1972
-237,1973
-237,1974
-237,1975
-237,1976
-237,1977
-237,1978
-237,1979
-237,1980
-237,1981
-237,1982
-237,1983
-237,1984
-237,1985
-237,1986
-237,1987
-237,1988
-237,1989
-237,1990
-237,1991
-237,1992
-237,1993
-237,1994
-237,1995
-237,1996
-237,1997
-237,1998
-237,1999
-237,2000
