-135,1
-135,2
-135,3
-135,4
-135,5
-135,6
-135,7
-135,8
-135,9
-135,10
-135,11
-135,12
-135,13
-135,14
-135,15
-135,16
-135,17
-135,18
-135,19
-135,20
-135,21
-135,22
-135,23
-135,24
-135,25
-135,26
-135,27
-135,28
-135,29
-135,30
-135,31
-135,32
-135,33
-135,34
-135,35
-135,36
-135,37
-135,38
-135,39
-135,40
-135,41
-135,42
-135,43
-135,44
-135,45
-135,46
-135,47
-135,48
-135,49
-135,50
-135,51
-135,52
-135,53
-135,54
-135,55
-135,56
-135,57
-135,58
-135,59
-135,60
-135,61
-135,62
-135,63
-135,64
-135,65
-135,66
-135,67
-135,68
-135,69
-135,70
-135,71
-135,72
-135,73
-135,74
-135,75
-135,76
-135,77
-135,78
-135,79
-135,80
-135,81
-135,82
-135,83
-135,84
-135,85
-135,86
-135,87
-135,88
-135,89
-135,90
-135,91
-135,92
-135,93
-135,94
-135,95
-135,96
-135,97
-135,98
-135,99
-135,100
-135,101
-135,102
-135,103
-135,104
-135,105
-135,106
-135,107
-135,108
-135,109
-135,110
-135,111
-135,112
-135,113
-135,114
-135,115
-135,116
-135,117
-135,118
-135,119
-135,120
-135,121
-135,122
-135,123
-135,124
-135,125
-135,126
-135,127
-135,128
-135,129
-135,130
-135,131
-135,132
-135,133
-135,134
-135,135
-135,136
-135,137
-135,138
-135,139
-135,140
-135,141
-135,142
-135,143
-135,144
-135,145
-135,146
-135,147
-135,148
-135,149
-135,150
-135,151
-135,152
-135,153
-135,154
-135,155
-135,156
-135,157
-135,158
-135,159
-135,160
-135,161
-135,162
-135,163
-135,164
-135,165
-135,166
-135,167
-135,168
-135,169
-135,170
-135,171
-135,172
-135,173
-135,174
-135,175
:150_6,176
:150_6,177
:150_6,178
:150_6,179
:150_6,180
136,181
136,182
136,183
136,184
136,185
136,186
136,187
136,188
136,189
136,190
136,191
136,192
136,193
136,194
136,195
136,196
136,197
136,198
136,199
136,200
136,201
136,202
136,203
136,204
136,205
136,206
136,207
136,208
136,209
136,210
136,211
136,212
136,213
136,214
136,215
136,216
136,217
136,218
136,219
136,220
136,221
136,222
136,223
136,224
136,225
136,226
136,227
136,228
136,229
136,230
136,231
136,232
136,233
136,234
136,235
136,236
136,237
136,238
136,239
136,240
136,241
136,242
136,243
136,244
136,245
136,246
136,247
136,248
136,249
136,250
136,251
136,252
136,253
136,254
136,255
136,256
136,257
136,258
136,259
136,260
136,261
136,262
136,263
136,264
136,265
136,266
136,267
136,268
136,269
136,270
136,271
136,272
136,273
136,274
136,275
136,276
136,277
136,278
136,279
136,280
136,281
136,282
136,283
136,284
136,285
136,286
136,287
136,288
136,289
136,290
136,291
136,292
136,293
136,294
136,295
136,296
136,297
136,298
136,299
136,300
136,301
136,302
136,303
136,304
136,305
136,306
136,307
136,308
136,309
136,310
136,311
136,312
136,313
136,314
136,315
136,316
136,317
136,318
136,319
136,320
136,321
136,322
136,323
136,324
136,325
136,326
136,327
136,328
136,329
136,330
136,331
136,332
136,333
136,334
136,335
136,336
136,337
136,338
136,339
136,340
136,341
136,342
136,343
136,344
136,345
136,346
136,347
136,348
136,349
136,350
136,351
136,352
136,353
136,354
136,355
136,356
136,357
136,358
136,359
136,360
136,361
136,362
136,363
136,364
136,365
136,366
136,367
136,368
136,369
136,370
136,371
136,372
136,373
136,374
136,375
136,376
136,377
136,378
136,379
136,380
136,381
136,382
136,383
136,384
136,385
136,386
136,387
136,388
136,389
136,390
136,391
136,392
136,393
136,394
136,395
136,396
136,397
136,398
136,399
136,400
136,401
136,402
136,403
136,404
136,405
136,406
136,407
136,408
136,409
136,410
136,411
136,412
136,413
136,414
136,415
136,416
136,417
136,418
136,419
136,420
136,421
136,422
136,423
136,424
136,425
136,426
136,427
136,428
136,429
136,430
136,431
136,432
136,433
136,434
136,435
136,436
136,437
-81,438
-81,439
-81,440
-81,441
-81,442
-81,443
-81,444
-81,445
-81,446
-81,447
-81,448
-81,449
-81,450
-81,451
-81,452
-81,453
-81,454
-81,455
-81,456
-81,457
-81,458
-81,459
-81,460
-81,461
-81,462
-81,463
-81,464
-81,465
-81,466
-81,467
-81,468
-81,469
-81,470
-81,471
-81,472
-81,473
-81,474
-81,475
-81,476
-81,477
-81,478
-81,479
-81,480
-81,481
-81,482
-81,483
-81,484
-81,485
-81,486
-81,487
-81,488
-81,489
-81,490
-81,491
-81,492
-81,493
-81,494
-81,495
-81,496
-81,497
-81,498
-81,499
-81,500
-81,501
-81,502
-81,503
-81,504
-81,505
-81,506
-81,507
-81,508
-81,509
-81,510
-81,511
-81,512
-81,513
-81,514
-81,515
-81,516
-81,517
-81,518
-81,519
-81,520
-81,521
-81,522
-81,523
-81,524
-81,525
-81,526
-81,527
-81,528
-81,529
-81,530
-81,531
-81,532
-81,533
-81,534
-81,535
-81,536
-81,537
-81,538
-81,539
-81,540
-81,541
-81,542
-81,543
-81,544
-81,545
-81,546
-81,547
-81,548
-81,549
-81,550
-81,551
-81,552
-81,553
-81,554
-81,555
-81,556
-81,557
-81,558
-81,559
-81,560
-81,561
-81,562
-81,563
-81,564
-81,565
-81,566
-81,567
-81,568
-81,569
-81,570
-81,571
-81,572
:94_6,573
:94_6,574
:94_6,575
:94_6,576
:94_6,577
82,578
82,579
82,580
82,581
82,582
82,583
82,584
82,585
82,586
82,587
82,588
82,589
83,590
83,591
83,592
83,593
83,594
83,595
83,596
83,597
83,598
83,599
83,600
83,601
83,602
83,603
83,604
83,605
83,606
83,607
83,608
83,609
83,610
83,611
83,612
83,613
83,614
83,615
83,616
83,617
83,618
83,619
83,620
83,621
83,622
83,623
83,624
83,625
83,626
83,627
83,628
83,629
83,630
83,631
83,632
83,633
83,634
83,635
83,636
83,637
83,638
83,639
83,640
83,641
83,642
83,643
83,644
83,645
83,646
83,647
83,648
83,649
83,650
83,651
83,652
83,653
83,654
83,655
83,656
83,657
83,658
83,659
83,660
83,661
83,662
83,663
83,664
83,665
83,666
83,667
83,668
83,669
83,670
:97_6,671
:97_6,672
:97_6,673
-489,674
-489,675
-489,676
-489,677
-489,678
-489,679
-489,680
-489,681
-489,682
-489,683
-489,684
-489,685
-489,686
-489,687
-489,688
-489,689
-489,690
-489,691
-489,692
-489,693
-489,694
:315_2,695
:315_2,696
:315_16,697
:315_16,698
:315_16,699
-339,700
-339,701
-339,702
-339,703
-339,704
-339,705
-339,706
-339,707
-339,708
-339,709
-339,710
-339,711
-339,712
-339,713
-339,714
-339,715
-339,716
-339,717
-339,718
-339,719
-339,720
-339,721
-339,722
-339,723
-339,724
-339,725
-339,726
-339,727
-339,728
-339,729
-339,730
-339,731
-339,732
-339,733
-339,734
-339,735
-339,736
-339,737
-339,738
-339,739
-339,740
-339,741
-339,742
-339,743
-339,744
-339,745
-339,746
-339,747
-339,748
-339,749
-339,750
-339,751
-339,752
-339,753
-339,754
-339,755
-339,756
-339,757
-339,758
-339,759
-339,760
-339,761
-339,762
-339,763
-339,764
-339,765
-339,766
-339,767
-339,768
-339,769
-339,770
-339,771
-339,772
-339,773
-339,774
-339,775
-339,776
-339,777
-339,778
-339,779
-339,780
-339,781
-339,782
-339,783
-339,784
-339,785
-339,786
-339,787
:314_1,788
-338,789
-338,790
-338,791
-338,792
-338,793
-338,794
-338,795
-338,796
-338,797
-338,798
-338,799
-338,800
-338,801
-338,802
-338,803
-338,804
-338,805
-338,806
-338,807
-338,808
-338,809
-338,810
-338,811
-338,812
-338,813
-338,814
-338,815
-338,816
-338,817
-338,818
-338,819
-338,820
-338,821
-338,822
-338,823
-338,824
-338,825
-338,826
-338,827
-338,828
-338,829
-338,830
-338,831
-338,832
-338,833
-338,834
-338,835
-338,836
-338,837
-338,838
-338,839
-338,840
-338,841
-338,842
-338,843
:313_13,844
:313_13,845
:313_13,846
:313_13,847
:313_13,848
-337,849
-337,850
-337,851
-337,852
-337,853
-337,854
-337,855
-337,856
-337,857
-337,858
-337,859
-337,860
-337,861
-337,862
-337,863
-337,864
-337,865
-337,866
-337,867
-337,868
-337,869
-337,870
-337,871
-337,872
-337,873
-337,874
-337,875
-337,876
-337,877
-337,878
-337,879
-337,880
-337,881
-337,882
-337,883
-337,884
-337,885
-337,886
-337,887
-337,888
-337,889
-337,890
-337,891
-337,892
-337,893
-337,894
-337,895
-337,896
-337,897
-337,898
-337,899
-337,900
-337,901
-337,902
-337,903
-337,904
-337,905
-337,906
-337,907
-337,908
-337,909
-337,910
-337,911
-337,912
-337,913
-337,914
-337,915
-337,916
-337,917
-337,918
:312_1,919
-336,920
-336,921
-336,922
-336,923
-336,924
-336,925
-336,926
-336,927
-336,928
-336,929
-336,930
-336,931
-336,932
-336,933
-336,934
-336,935
-336,936
-336,937
-336,938
-336,939
-336,940
-336,941
-336,942
-336,943
-336,944
-336,945
-336,946
-336,947
-336,948
-336,949
-336,950
-336,951
-336,952
-336,953
-336,954
-336,955
-336,956
-336,957
-336,958
-336,959
-336,960
-336,961
-336,962
-336,963
-336,964
-336,965
-336,966
-336,967
-336,968
-336,969
-336,970
-336,971
-336,972
-336,973
-336,974
-336,975
-336,976
-336,977
-336,978
-336,979
-335,980
-335,981
-335,982
-335,983
-335,984
-335,985
-335,986
-335,987
-335,988
-335,989
-335,990
-335,991
-335,992
-335,993
-335,994
-335,995
-335,996
-335,997
-335,998
-335,999
-335,1000
-335,1001
-335,1002
-335,1003
-335,1004
-335,1005
-335,1006
-335,1007
-335,1008
-335,1009
-335,1010
-335,1011
-335,1012
-335,1013
-335,1014
-335,1015
-335,1016
-335,1017
-335,1018
-335,1019
-335,1020
-335,1021
-335,1022
-335,1023
-335,1024
-335,1025
-335,1026
-335,1027
-335,1028
-335,1029
-335,1030
-335,1031
-335,1032
-335,1033
-335,1034
-335,1035
-335,1036
-335,1037
-335,1038
-335,1039
-335,1040
-335,1041
-335,1042
-335,1043
-335,1044
-335,1045
-335,1046
-335,1047
-335,1048
:310_1,1049
-334,1050
-334,1051
-334,1052
-334,1053
-334,1054
-334,1055
-334,1056
-334,1057
-334,1058
-334,1059
-334,1060
-334,1061
-334,1062
-334,1063
-334,1064
-334,1065
-334,1066
-334,1067
-334,1068
-334,1069
-334,1070
-334,1071
-334,1072
-334,1073
-334,1074
-334,1075
-334,1076
-334,1077
-334,1078
-334,1079
-334,1080
-334,1081
-334,1082
-334,1083
-334,1084
-334,1085
-334,1086
-334,1087
-334,1088
-334,1089
-334,1090
-334,1091
-334,1092
-334,1093
-334,1094
-334,1095
-334,1096
-334,1097
-334,1098
-334,1099
-334,1100
-334,1101
-334,1102
-334,1103
-334,1104
-334,1105
-334,1106
-334,1107
-334,1108
-334,1109
-334,1110
-334,1111
-333,1112
-333,1113
-333,1114
-333,1115
-333,1116
-333,1117
-333,1118
-333,1119
-333,1120
-333,1121
-333,1122
-333,1123
-333,1124
-333,1125
-333,1126
-333,1127
-333,1128
-333,1129
-333,1130
-333,1131
-333,1132
-333,1133
-333,1134
-333,1135
-333,1136
-333,1137
-333,1138
-333,1139
-333,1140
-333,1141
-333,1142
-333,1143
-333,1144
-333,1145
-333,1146
-333,1147
-333,1148
-333,1149
-333,1150
-333,1151
-333,1152
-333,1153
-333,1154
-333,1155
-333,1156
-333,1157
-333,1158
-333,1159
-333,1160
-333,1161
-333,1162
-333,1163
-333,1164
-333,1165
-333,1166
-333,1167
-333,1168
-333,1169
-333,1170
-333,1171
-333,1172
-333,1173
-333,1174
-333,1175
-333,1176
-333,1177
-333,1178
-333,1179
-333,1180
-333,1181
-333,1182
-333,1183
-333,1184
-333,1185
-332,1186
-332,1187
-332,1188
-332,1189
-332,1190
-332,1191
-332,1192
-332,1193
-332,1194
-332,1195
-332,1196
-332,1197
-332,1198
-332,1199
-332,1200
-332,1201
-332,1202
-332,1203
-332,1204
-332,1205
-332,1206
-332,1207
-332,1208
-332,1209
-332,1210
-332,1211
-332,1212
-332,1213
-332,1214
-332,1215
-332,1216
-332,1217
-332,1218
-332,1219
-332,1220
-332,1221
-332,1222
-332,1223
-332,1224
-332,1225
-332,1226
-332,1227
-332,1228
-332,1229
-332,1230
-332,1231
-332,1232
-332,1233
:307_9,1234
:307_9,1235
:307_9,1236
:307_9,1237
:307_9,1238
:307_9,1239
-331,1240
-331,1241
-331,1242
-331,1243
-331,1244
-331,1245
-331,1246
-331,1247
-331,1248
-331,1249
-331,1250
-331,1251
-331,1252
-331,1253
-331,1254
-331,1255
-331,1256
-331,1257
-331,1258
-331,1259
-331,1260
-331,1261
-331,1262
-331,1263
-331,1264
-331,1265
-331,1266
-331,1267
-331,1268
-331,1269
-331,1270
-331,1271
-331,1272
-331,1273
-331,1274
-331,1275
-331,1276
-331,1277
-331,1278
-331,1279
-331,1280
-331,1281
-331,1282
-331,1283
-331,1284
-331,1285
-331,1286
-331,1287
-331,1288
-331,1289
-331,1290
-331,1291
-331,1292
-331,1293
-331,1294
-331,1295
-331,1296
-331,1297
-331,1298
-331,1299
-331,1300
-331,1301
-331,1302
-331,1303
-331,1304
-331,1305
-331,1306
-331,1307
-331,1308
-331,1309
-331,1310
-331,1311
-331,1312
-331,1313
-331,1314
-331,1315
-331,1316
-331,1317
-330,1318
-330,1319
-330,1320
-330,1321
-330,1322
-330,1323
-330,1324
-330,1325
-330,1326
-330,1327
-330,1328
-330,1329
-330,1330
-330,1331
-330,1332
-330,1333
-330,1334
-330,1335
-330,1336
-330,1337
-330,1338
-330,1339
-330,1340
-330,1341
-330,1342
-330,1343
-330,1344
-330,1345
-330,1346
-330,1347
-330,1348
-330,1349
-330,1350
-330,1351
-330,1352
-330,1353
-330,1354
-330,1355
-330,1356
-330,1357
-330,1358
-330,1359
-330,1360
-330,1361
-330,1362
-330,1363
-330,1364
-330,1365
-330,1366
-330,1367
-330,1368
-330,1369
-330,1370
-330,1371
-330,1372
-330,1373
-330,1374
-330,1375
-330,1376
-329,1377
-329,1378
-329,1379
-329,1380
-329,1381
-329,1382
-329,1383
-329,1384
-329,1385
-329,1386
-329,1387
-329,1388
-329,1389
-329,1390
-329,1391
-329,1392
-329,1393
-329,1394
-329,1395
-329,1396
-329,1397
-329,1398
-329,1399
-329,1400
-329,1401
-329,1402
-329,1403
-329,1404
-329,1405
-329,1406
-329,1407
-329,1408
-329,1409
-329,1410
-329,1411
-329,1412
-329,1413
-329,1414
-329,1415
-329,1416
-329,1417
-329,1418
-329,1419
-329,1420
-329,1421
-329,1422
-329,1423
-329,1424
-329,1425
-329,1426
-329,1427
-329,1428
-329,1429
-329,1430
-329,1431
-329,1432
-329,1433
-329,1434
-329,1435
-329,1436
-329,1437
-329,1438
-329,1439
-329,1440
-329,1441
-329,1442
-329,1443
-329,1444
-329,1445
-329,1446
-329,1447
:304_1,1448
-328,1449
-328,1450
-328,1451
-328,1452
-328,1453
-328,1454
-328,1455
-328,1456
-328,1457
-328,1458
-328,1459
-328,1460
-328,1461
-328,1462
-328,1463
-328,1464
-328,1465
-328,1466
-328,1467
-328,1468
-328,1469
-328,1470
-328,1471
-328,1472
-328,1473
-328,1474
-328,1475
-328,1476
-328,1477
-328,1478
-328,1479
-328,1480
-328,1481
-328,1482
-328,1483
-328,1484
-328,1485
-328,1486
-328,1487
-328,1488
-328,1489
-328,1490
-328,1491
-328,1492
-328,1493
-328,1494
-328,1495
-328,1496
-328,1497
-328,1498
-328,1499
-328,1500
-328,1501
-328,1502
-328,1503
-328,1504
-328,1505
-328,1506
-328,1507
-328,1508
-328,1509
-328,1510
-328,1511
-328,1512
-328,1513
-328,1514
-328,1515
-328,1516
-327,1517
-327,1518
-327,1519
-327,1520
-327,1521
-327,1522
-327,1523
-327,1524
-327,1525
-327,1526
-327,1527
-327,1528
-327,1529
-327,1530
-327,1531
-327,1532
-327,1533
-327,1534
-327,1535
-327,1536
-327,1537
-327,1538
-327,1539
-327,1540
-327,1541
-327,1542
-327,1543
-327,1544
-327,1545
-327,1546
-327,1547
-327,1548
-327,1549
-327,1550
-327,1551
-327,1552
-327,1553
-327,1554
-327,1555
-327,1556
-327,1557
-327,1558
-327,1559
-327,1560
-327,1561
-327,1562
-327,1563
-327,1564
-327,1565
-327,1566
-327,1567
-327,1568
-327,1569
-327,1570
-327,1571
-327,1572
-327,1573
-327,1574
-327,1575
:254_8,1576
:254_8,1577
:254_8,1578
-253,1579
-253,1580
-253,1581
-253,1582
-253,1583
-253,1584
-253,1585
-253,1586
-253,1587
-253,1588
-253,1589
-253,1590
-253,1591
-253,1592
-253,1593
-253,1594
-253,1595
-253,1596
-253,1597
-253,1598
-253,1599
-253,1600
-253,1601
-253,1602
-253,1603
-253,1604
-253,1605
-253,1606
-253,1607
-253,1608
-253,1609
-253,1610
-253,1611
-253,1612
-253,1613
-253,1614
-253,1615
-253,1616
-253,1617
-253,1618
-253,1619
-253,1620
-253,1621
-253,1622
-253,1623
-253,1624
-253,1625
-253,1626
-253,1627
-253,1628
-253,1629
-253,1630
-253,1631
-253,1632
-253,1633
:252_6,1634
:252_6,1635
:252_6,1636
-600,1637
-600,1638
-600,1639
-600,1640
-600,1641
-600,1642
-600,1643
-600,1644
-600,1645
-600,1646
-600,1647
-600,1648
-600,1649
-600,1650
-600,1651
-600,1652
-600,1653
-600,1654
-600,1655
-600,1656
-600,1657
-600,1658
-600,1659
-600,1660
-600,1661
-600,1662
-600,1663
-600,1664
-600,1665
-600,1666
-600,1667
-600,1668
-600,1669
-600,1670
-600,1671
-600,1672
-600,1673
-600,1674
-600,1675
-600,1676
-600,1677
-600,1678
-600,1679
-600,1680
-600,1681
-600,1682
-600,1683
-600,1684
-600,1685
-600,1686
-600,1687
-600,1688
-600,1689
-600,1690
-600,1691
-600,1692
-600,1693
-600,1694
-600,1695
-600,1696
-600,1697
-600,1698
-600,1699
-600,1700
-600,1701
-600,1702
-600,1703
-600,1704
-600,1705
-600,1706
-600,1707
-600,1708
-600,1709
-600,1710
-600,1711
-600,1712
-600,1713
-600,1714
-600,1715
-600,1716
-600,1717
-600,1718
-600,1719
-600,1720
-600,1721
-600,1722
-600,1723
-600,1724
-600,1725
-600,1726
-600,1727
-600,1728
-600,1729
-600,1730
-600,1731
-600,1732
-600,1733
-600,1734
-600,1735
-600,1736
-600,1737
-600,1738
-600,1739
-600,1740
-600,1741
-600,1742
-600,1743
-600,1744
-600,1745
-600,1746
-600,1747
-600,1748
-600,1749
-600,1750
-600,1751
-600,1752
-600,1753
-600,1754
-600,1755
-600,1756
-600,1757
-600,1758
-600,1759
-600,1760
-600,1761
-600,1762
-600,1763
-600,1764
-600,1765
-600,1766
-600,1767
-600,1768
-600,1769
-600,1770
-600,1771
-600,1772
-600,1773
-600,1774
-600,1775
-600,1776
-600,1777
-600,1778
-600,1779
-600,1780
-600,1781
-600,1782
-600,1783
-600,1784
-600,1785
-600,1786
-600,1787
-600,1788
-600,1789
-600,1790
-600,1791
-600,1792
-600,1793
-600,1794
-600,1795
-600,1796
-600,1797
-600,1798
-600,1799
-600,1800
-600,1801
-600,1802
-600,1803
-600,1804
-600,1805
-600,1806
-600,1807
-600,1808
-600,1809
-600,1810
-600,1811
-600,1812
-600,1813
-600,1814
-600,1815
-600,1816
-600,1817
-600,1818
-600,1819
-600,1820
-600,1821
-600,1822
-600,1823
-600,1824
-600,1825
-600,1826
-600,1827
-600,1828
-600,1829
-600,1830
-600,1831
-600,1832
-600,1833
-600,1834
-600,1835
-600,1836
-600,1837
-600,1838
-600,1839
-600,1840
-600,1841
-600,1842
-600,1843
-600,1844
-600,1845
-600,1846
-600,1847
-600,1848
-600,1849
-600,1850
-600,1851
-600,1852
-600,1853
-600,1854
-600,1855
-600,1856
-600,1857
-600,1858
-600,1859
-600,1860
-600,1861
-600,1862
-600,1863
-600,1864
-600,1865
-600,1866
-600,1867
-600,1868
-600,1869
-600,1870
-600,1871
-600,1872
-600,1873
-600,1874
-600,1875
-600,1876
-600,1877
-600,1878
-600,1879
-600,1880
-600,1881
-600,1882
-600,1883
-600,1884
-600,1885
-600,1886
-600,1887
-600,1888
-600,1889
-600,1890
-600,1891
-600,1892
-600,1893
-600,1894
-600,1895
-600,1896
-600,1897
-600,1898
-600,1899
-600,1900
-600,1901
-600,1902
-600,1903
-600,1904
-600,1905
-600,1906
-600,1907
-600,1908
-600,1909
-600,1910
-600,1911
-600,1912
-600,1913
-600,1914
-600,1915
-600,1916
-600,1917
-600,1918
-600,1919
-600,1920
-600,1921
-600,1922
-600,1923
-600,1924
-600,1925
-600,1926
-600,1927
-600,1928
-600,1929
-600,1930
-600,1931
-600,1932
-600,1933
-600,1934
-600,1935
-600,1936
-600,1937
-600,1938
-600,1939
-600,1940
-600,1941
-600,1942
-600,1943
-600,1944
-600,1945
-600,1946
-600,1947
-600,1948
-600,1949
-600,1950
-600,1951
-600,1952
-600,1953
-600,1954
-600,1955
-600,1956
-600,1957
-600,1958
-600,1959
-600,1960
-600,1961
-600,1962
-600,1963
-600,1964
-600,1965
-600,1966
-600,1967
-600,1968
-600,1969
-600,1970
-600,1971
-600,1972
-600,1973
-600,1974
-600,1975
-600,1976
-600,1977
-600,1978
-600,1979
-600,1980
-600,1981
-600,1982
-600,1983
-600,1984
:436_0,1985
:436_0,1986
:436_0,1987
-528,1988
-528,1989
-528,1990
-528,1991
-528,1992
-528,1993
-528,1994
-528,1995
-528,1996
-528,1997
-528,1998
-528,1999
-528,2000
