-349,1
-349,2
-349,3
-349,4
-349,5
-349,6
-349,7
-349,8
-349,9
-349,10
-349,11
-349,12
-349,13
-349,14
-349,15
-349,16
-349,17
-349,18
-349,19
-349,20
-349,21
-349,22
-349,23
-349,24
-349,25
-349,26
-349,27
-349,28
-349,29
-349,30
-349,31
-349,32
-349,33
-349,34
-349,35
-348,36
-348,37
-348,38
-348,39
-348,40
-348,41
-348,42
-348,43
-348,44
-348,45
-348,46
-348,47
-348,48
-348,49
-348,50
-348,51
-348,52
-348,53
-348,54
-348,55
-348,56
-348,57
-348,58
-348,59
-348,60
-348,61
-348,62
-348,63
-348,64
-348,65
-348,66
-348,67
-348,68
-348,69
-348,70
-348,71
-348,72
-348,73
-348,74
-348,75
-348,76
-348,77
-348,78
-348,79
-348,80
-348,81
-348,82
-348,83
-348,84
-348,85
-348,86
-348,87
-348,88
-348,89
-348,90
-348,91
-348,92
-348,93
-348,94
-348,95
-348,96
-348,97
-348,98
-347,99
-347,100
-347,101
-347,102
-347,103
-347,104
-347,105
-347,106
-347,107
-347,108
-347,109
-347,110
-347,111
-347,112
-347,113
-347,114
-347,115
-347,116
-347,117
-347,118
-347,119
-347,120
-347,121
-347,122
-347,123
-347,124
-347,125
-347,126
-347,127
-347,128
-347,129
-347,130
-347,131
-347,132
-347,133
-347,134
-347,135
-347,136
-347,137
-347,138
-347,139
-347,140
-347,141
-347,142
-347,143
-347,144
-347,145
-347,146
-347,147
-347,148
-347,149
-347,150
-347,151
-347,152
-347,153
-347,154
-347,155
-347,156
-347,157
-347,158
-347,159
-347,160
-347,161
-346,162
-346,163
-346,164
-346,165
-346,166
-346,167
-346,168
-346,169
-346,170
-346,171
-346,172
-346,173
-346,174
-346,175
-346,176
-346,177
-346,178
-346,179
-346,180
-346,181
-346,182
-346,183
-346,184
-346,185
-346,186
-346,187
-346,188
-346,189
-346,190
-346,191
-346,192
-346,193
-346,194
-346,195
-346,196
-346,197
-346,198
-346,199
-346,200
-346,201
-346,202
-346,203
-346,204
-346,205
-346,206
-346,207
-346,208
-346,209
-346,210
-346,211
-346,212
-346,213
-346,214
-346,215
-346,216
-346,217
-346,218
-346,219
-346,220
-346,221
-346,222
-346,223
-346,224
-346,225
-346,226
-346,227
-345,228
-345,229
-345,230
-345,231
-345,232
-345,233
-345,234
-345,235
-345,236
-345,237
-345,238
-345,239
-345,240
-345,241
-345,242
-345,243
-345,244
-345,245
-345,246
-345,247
-345,248
-345,249
-345,250
-345,251
-345,252
-345,253
-345,254
-345,255
-345,256
-345,257
-345,258
-345,259
-345,260
-345,261
-345,262
-345,263
-345,264
-345,265
-345,266
-345,267
-345,268
-345,269
-345,270
-345,271
-345,272
-345,273
-345,274
-345,275
-345,276
-345,277
-345,278
-345,279
-345,280
-345,281
-345,282
-345,283
-345,284
-345,285
-345,286
-345,287
-345,288
:320_1,289
-344,290
-344,291
-344,292
-344,293
-344,294
-344,295
-344,296
-344,297
-344,298
-344,299
-344,300
-344,301
-344,302
-344,303
-344,304
-344,305
-344,306
-344,307
-344,308
-344,309
-344,310
-344,311
-344,312
-344,313
-344,314
-344,315
-344,316
-344,317
-344,318
-344,319
-344,320
-344,321
-344,322
-344,323
-344,324
-344,325
-344,326
-344,327
-344,328
-344,329
-344,330
-344,331
-344,332
-344,333
-344,334
-344,335
-344,336
-344,337
-344,338
-344,339
-344,340
-344,341
-344,342
-344,343
-344,344
-344,345
-344,346
-344,347
-344,348
-344,349
-344,350
-344,351
-344,352
-344,353
-344,354
-343,355
-343,356
-343,357
-343,358
-343,359
-343,360
-343,361
-343,362
-343,363
-343,364
-343,365
-343,366
-343,367
-343,368
-343,369
-343,370
-343,371
-343,372
-343,373
-343,374
-343,375
-343,376
-343,377
-343,378
-343,379
-343,380
-343,381
-343,382
-343,383
-343,384
-343,385
-343,386
-343,387
-343,388
-343,389
-343,390
-343,391
-343,392
-343,393
-343,394
-343,395
-343,396
-343,397
-343,398
-343,399
-343,400
-343,401
-343,402
-343,403
-343,404
-343,405
-343,406
-343,407
-343,408
-343,409
-343,410
-343,411
-343,412
-343,413
-343,414
-343,415
-343,416
-343,417
-343,418
-342,419
-342,420
-342,421
-342,422
-342,423
-342,424
-342,425
-342,426
-342,427
-342,428
-342,429
-342,430
-342,431
-342,432
-342,433
-342,434
-342,435
-342,436
-342,437
-342,438
-342,439
-342,440
-342,441
-342,442
-342,443
-342,444
-342,445
-342,446
-342,447
-342,448
-342,449
-342,450
-342,451
-342,452
-342,453
-342,454
-342,455
-342,456
-342,457
-342,458
-342,459
-342,460
-342,461
-342,462
-342,463
-342,464
-342,465
-342,466
-342,467
-342,468
-342,469
-342,470
-342,471
-342,472
-342,473
-342,474
-341,475
-341,476
-341,477
-341,478
-341,479
-341,480
-341,481
-341,482
-341,483
-341,484
-341,485
-341,486
-341,487
-341,488
-341,489
-341,490
-341,491
-341,492
-341,493
-341,494
-341,495
-341,496
-341,497
-341,498
-341,499
-341,500
-341,501
-341,502
-341,503
-341,504
-341,505
-341,506
-341,507
-341,508
-341,509
-341,510
-341,511
-341,512
-341,513
-341,514
-341,515
-341,516
-341,517
-341,518
-341,519
-341,520
-341,521
-341,522
-341,523
-341,524
-341,525
-341,526
-341,527
-341,528
-341,529
-341,530
-341,531
-341,532
-341,533
-341,534
-341,535
-340,536
-340,537
-340,538
-340,539
-340,540
-340,541
-340,542
-340,543
-340,544
-340,545
-340,546
-340,547
-340,548
-340,549
-340,550
-340,551
-340,552
-340,553
-340,554
-340,555
-340,556
-340,557
-340,558
-340,559
-340,560
-340,561
-340,562
-340,563
-340,564
-340,565
-340,566
-340,567
-340,568
:315_13,569
:315_13,570
:315_13,571
:315_13,572
-339,573
-339,574
-339,575
-339,576
-339,577
-339,578
-339,579
-339,580
-339,581
-339,582
-339,583
-339,584
-339,585
-339,586
-339,587
-339,588
-339,589
-339,590
-339,591
-339,592
-339,593
-339,594
-339,595
-339,596
-339,597
-339,598
-339,599
-339,600
-339,601
-339,602
-339,603
-339,604
-339,605
-339,606
-339,607
-339,608
-339,609
-339,610
-339,611
-339,612
-339,613
-339,614
-339,615
-339,616
-339,617
-339,618
-339,619
-339,620
-339,621
-339,622
-339,623
-339,624
-339,625
-339,626
-339,627
-339,628
-339,629
-339,630
-339,631
-339,632
-339,633
-339,634
-339,635
-339,636
-339,637
-339,638
-339,639
-339,640
-339,641
-339,642
-339,643
-339,644
-339,645
-339,646
-339,647
-339,648
-339,649
-339,650
-339,651
-339,652
-338,653
-338,654
-338,655
-338,656
-338,657
-338,658
-338,659
-338,660
-338,661
-338,662
-338,663
-338,664
-338,665
-338,666
-338,667
-338,668
-338,669
-338,670
-338,671
-338,672
-338,673
-338,674
-338,675
-338,676
-338,677
-338,678
-338,679
-338,680
-338,681
-338,682
-338,683
-338,684
-338,685
-338,686
-338,687
-338,688
-338,689
-338,690
-338,691
-338,692
-338,693
-338,694
-338,695
-338,696
-338,697
-338,698
-338,699
-338,700
-338,701
-338,702
:313_13,703
:313_13,704
:313_13,705
:313_13,706
:313_13,707
-337,708
-337,709
-337,710
-337,711
-337,712
-337,713
-337,714
-337,715
-337,716
-337,717
-337,718
-337,719
-337,720
-337,721
-337,722
-337,723
-337,724
-337,725
-337,726
-337,727
-337,728
-337,729
-337,730
-337,731
-337,732
-337,733
-337,734
-337,735
-337,736
-337,737
-337,738
-337,739
-337,740
-337,741
-337,742
-337,743
-337,744
-337,745
-337,746
-337,747
-337,748
-337,749
-337,750
-337,751
-337,752
-337,753
-337,754
-337,755
-337,756
-337,757
-337,758
-337,759
-337,760
-337,761
-337,762
-337,763
-337,764
-337,765
-337,766
-337,767
-337,768
-337,769
-337,770
-337,771
-336,772
-336,773
-336,774
-336,775
-336,776
-336,777
-336,778
-336,779
-336,780
-336,781
-336,782
-336,783
-336,784
-336,785
-336,786
-336,787
-336,788
-336,789
-336,790
-336,791
-336,792
-336,793
-336,794
-336,795
-336,796
-336,797
-336,798
-336,799
-336,800
-336,801
-336,802
-336,803
-336,804
-336,805
-336,806
-336,807
-336,808
-336,809
-336,810
-336,811
-336,812
-336,813
-336,814
-336,815
-336,816
-336,817
-336,818
-336,819
-336,820
-336,821
-336,822
-336,823
-336,824
-336,825
-335,826
-335,827
-335,828
-335,829
-335,830
-335,831
-335,832
-335,833
-335,834
-335,835
-335,836
-335,837
-335,838
-335,839
-335,840
-335,841
-335,842
-335,843
-335,844
-335,845
-335,846
-335,847
-335,848
-335,849
-335,850
-335,851
-335,852
-335,853
-335,854
-335,855
-335,856
-335,857
-335,858
-335,859
-335,860
-335,861
-335,862
-335,863
-335,864
-335,865
-335,866
-335,867
-335,868
-335,869
-335,870
-335,871
-335,872
-335,873
-335,874
-335,875
-335,876
-335,877
-335,878
-335,879
-335,880
-335,881
-335,882
-335,883
-335,884
-335,885
-335,886
-335,887
-335,888
-334,889
-334,890
-334,891
-334,892
-334,893
-334,894
-334,895
-334,896
-334,897
-334,898
-334,899
-334,900
-334,901
-334,902
-334,903
-334,904
-334,905
-334,906
-334,907
-334,908
-334,909
-334,910
-334,911
-334,912
-334,913
-334,914
-334,915
-334,916
-334,917
-334,918
-334,919
-334,920
-334,921
-334,922
-334,923
-334,924
-334,925
-334,926
-334,927
-334,928
-334,929
-334,930
-334,931
-334,932
-334,933
-334,934
-334,935
-334,936
-334,937
-334,938
-334,939
-334,940
-334,941
-334,942
-334,943
-334,944
-334,945
-333,946
-333,947
-333,948
-333,949
-333,950
-333,951
-333,952
-333,953
-333,954
-333,955
-333,956
-333,957
-333,958
-333,959
-333,960
-333,961
-333,962
-333,963
-333,964
-333,965
-333,966
-333,967
-333,968
-333,969
-333,970
-333,971
-333,972
-333,973
-333,974
-333,975
-333,976
-333,977
-333,978
-333,979
-333,980
-333,981
-333,982
-333,983
-333,984
-333,985
-333,986
-333,987
-333,988
-333,989
-333,990
-333,991
-333,992
-333,993
-333,994
-333,995
-333,996
-333,997
-333,998
-333,999
-333,1000
-333,1001
-333,1002
-333,1003
-333,1004
-333,1005
-333,1006
-333,1007
-333,1008
-333,1009
-333,1010
-333,1011
-333,1012
-332,1013
-332,1014
-332,1015
-332,1016
-332,1017
-332,1018
-332,1019
-332,1020
-332,1021
-332,1022
-332,1023
-332,1024
-332,1025
-332,1026
-332,1027
-332,1028
-332,1029
-332,1030
-332,1031
-332,1032
-332,1033
-332,1034
-332,1035
-332,1036
-332,1037
-332,1038
-332,1039
-332,1040
-332,1041
-332,1042
-332,1043
-332,1044
-332,1045
-332,1046
-332,1047
-332,1048
-332,1049
-332,1050
-332,1051
-332,1052
-332,1053
-332,1054
-332,1055
-332,1056
:307_9,1057
:307_9,1058
:307_9,1059
:307_9,1060
:307_9,1061
-331,1062
-331,1063
-331,1064
-331,1065
-331,1066
-331,1067
-331,1068
-331,1069
-331,1070
-331,1071
-331,1072
-331,1073
-331,1074
-331,1075
-331,1076
-331,1077
-331,1078
-331,1079
-331,1080
-331,1081
-331,1082
-331,1083
-331,1084
-331,1085
-331,1086
-331,1087
-331,1088
-331,1089
-331,1090
-331,1091
-331,1092
-331,1093
-331,1094
-331,1095
-331,1096
-331,1097
-331,1098
-331,1099
-331,1100
-331,1101
-331,1102
-331,1103
-331,1104
-331,1105
-331,1106
-331,1107
-331,1108
-331,1109
-331,1110
-331,1111
-331,1112
-331,1113
-331,1114
-331,1115
-331,1116
-331,1117
-331,1118
-331,1119
-331,1120
-331,1121
-331,1122
-331,1123
-331,1124
-331,1125
-331,1126
-331,1127
-331,1128
-331,1129
-331,1130
-331,1131
-330,1132
-330,1133
-330,1134
-330,1135
-330,1136
-330,1137
-330,1138
-330,1139
-330,1140
-330,1141
-330,1142
-330,1143
-330,1144
-330,1145
-330,1146
-330,1147
-330,1148
-330,1149
-330,1150
-330,1151
-330,1152
-330,1153
-330,1154
-330,1155
-330,1156
-330,1157
-330,1158
-330,1159
-330,1160
-330,1161
-330,1162
-330,1163
-330,1164
-330,1165
-330,1166
-330,1167
-330,1168
-330,1169
-330,1170
-330,1171
-330,1172
-330,1173
-330,1174
-330,1175
-330,1176
-330,1177
-330,1178
-330,1179
-330,1180
-330,1181
-330,1182
-330,1183
-330,1184
-330,1185
-329,1186
-329,1187
-329,1188
-329,1189
-329,1190
-329,1191
-329,1192
-329,1193
-329,1194
-329,1195
-329,1196
-329,1197
-329,1198
-329,1199
-329,1200
-329,1201
-329,1202
-329,1203
-329,1204
-329,1205
-329,1206
-329,1207
-329,1208
-329,1209
-329,1210
-329,1211
-329,1212
-329,1213
-329,1214
-329,1215
-329,1216
-329,1217
-329,1218
-329,1219
-329,1220
-329,1221
-329,1222
-329,1223
-329,1224
-329,1225
-329,1226
-329,1227
-329,1228
-329,1229
-329,1230
-329,1231
-329,1232
-329,1233
-329,1234
-329,1235
-329,1236
-329,1237
-329,1238
-329,1239
-329,1240
-329,1241
-329,1242
-329,1243
-329,1244
-329,1245
-329,1246
-329,1247
-329,1248
-329,1249
:304_1,1250
-328,1251
-328,1252
-328,1253
-328,1254
-328,1255
-328,1256
-328,1257
-328,1258
-328,1259
-328,1260
-328,1261
-328,1262
-328,1263
-328,1264
-328,1265
-328,1266
-328,1267
-328,1268
-328,1269
-328,1270
-328,1271
-328,1272
-328,1273
-328,1274
-328,1275
-328,1276
-328,1277
-328,1278
-328,1279
-328,1280
-328,1281
-328,1282
-328,1283
-328,1284
-328,1285
-328,1286
-328,1287
-328,1288
-328,1289
-328,1290
-328,1291
-328,1292
-328,1293
-328,1294
-328,1295
-328,1296
-328,1297
-328,1298
-328,1299
-328,1300
-328,1301
-328,1302
-328,1303
-328,1304
-328,1305
-328,1306
-328,1307
-328,1308
-328,1309
-328,1310
-328,1311
-328,1312
-327,1313
-327,1314
-327,1315
-327,1316
-327,1317
-327,1318
-327,1319
-327,1320
-327,1321
-327,1322
-327,1323
-327,1324
-327,1325
-327,1326
-327,1327
-327,1328
-327,1329
-327,1330
-327,1331
-327,1332
-327,1333
-327,1334
-327,1335
-327,1336
-327,1337
-327,1338
-327,1339
-327,1340
-327,1341
-327,1342
-327,1343
-327,1344
-327,1345
-327,1346
-327,1347
-327,1348
-327,1349
-327,1350
-327,1351
-327,1352
-327,1353
-327,1354
-327,1355
-327,1356
-327,1357
-327,1358
-327,1359
-327,1360
-327,1361
-327,1362
-327,1363
-327,1364
-327,1365
:254_10,1366
:254_10,1367
:254_10,1368
:254_10,1369
-283,1370
-283,1371
-283,1372
-283,1373
-283,1374
-283,1375
-283,1376
-283,1377
-283,1378
-283,1379
-283,1380
-283,1381
-283,1382
-283,1383
-283,1384
-283,1385
-283,1386
-283,1387
-283,1388
-283,1389
-283,1390
-283,1391
-283,1392
-283,1393
-283,1394
-283,1395
-283,1396
-283,1397
-283,1398
-283,1399
-283,1400
-283,1401
-283,1402
-283,1403
-283,1404
-283,1405
-283,1406
-283,1407
-283,1408
-283,1409
-283,1410
-283,1411
-283,1412
-283,1413
-283,1414
:248_6,1415
:248_6,1416
:248_6,1417
:248_6,1418
:248_6,1419
289,1420
289,1421
289,1422
289,1423
289,1424
289,1425
289,1426
289,1427
289,1428
289,1429
289,1430
289,1431
289,1432
289,1433
289,1434
289,1435
289,1436
289,1437
289,1438
289,1439
289,1440
289,1441
289,1442
289,1443
289,1444
289,1445
289,1446
289,1447
289,1448
289,1449
289,1450
289,1451
289,1452
289,1453
289,1454
289,1455
289,1456
289,1457
289,1458
289,1459
289,1460
289,1461
289,1462
289,1463
289,1464
289,1465
289,1466
289,1467
289,1468
289,1469
289,1470
289,1471
289,1472
289,1473
289,1474
289,1475
289,1476
289,1477
289,1478
289,1479
289,1480
289,1481
289,1482
289,1483
289,1484
289,1485
289,1486
289,1487
289,1488
289,1489
289,1490
289,1491
289,1492
:279_0,1493
:279_0,1494
:279_0,1495
-550,1496
-550,1497
-550,1498
-550,1499
-550,1500
-550,1501
-550,1502
-550,1503
-550,1504
-550,1505
-550,1506
-550,1507
-550,1508
-550,1509
-550,1510
-550,1511
-550,1512
-550,1513
-550,1514
-550,1515
-550,1516
-550,1517
-550,1518
-550,1519
-550,1520
-550,1521
-550,1522
-550,1523
-550,1524
-550,1525
-550,1526
-550,1527
-550,1528
-550,1529
-550,1530
-550,1531
-550,1532
-550,1533
-550,1534
-550,1535
-550,1536
-550,1537
-550,1538
-550,1539
-550,1540
-550,1541
-550,1542
-550,1543
-550,1544
-550,1545
-550,1546
-550,1547
-550,1548
-550,1549
-550,1550
-550,1551
-550,1552
-550,1553
-550,1554
-550,1555
-550,1556
-550,1557
-550,1558
-550,1559
-550,1560
-550,1561
-550,1562
-550,1563
-550,1564
-550,1565
-550,1566
-550,1567
-550,1568
-550,1569
-550,1570
-550,1571
-550,1572
-550,1573
-550,1574
-550,1575
-550,1576
-550,1577
-550,1578
-550,1579
-550,1580
-550,1581
-550,1582
-550,1583
-550,1584
-550,1585
-550,1586
-550,1587
-550,1588
-550,1589
-550,1590
-550,1591
-550,1592
-550,1593
-550,1594
-550,1595
-550,1596
-550,1597
-550,1598
-550,1599
-550,1600
-550,1601
-550,1602
-550,1603
-550,1604
-550,1605
-550,1606
-550,1607
-550,1608
-550,1609
-550,1610
-550,1611
-550,1612
-550,1613
-550,1614
-550,1615
-550,1616
-550,1617
-550,1618
-550,1619
