550,1
550,2
550,3
550,4
550,5
550,6
550,7
550,8
550,9
550,10
550,11
550,12
550,13
550,14
550,15
550,16
550,17
550,18
550,19
550,20
550,21
550,22
550,23
550,24
550,25
550,26
550,27
550,28
550,29
550,30
550,31
550,32
550,33
550,34
550,35
550,36
550,37
550,38
550,39
550,40
550,41
550,42
550,43
550,44
550,45
550,46
550,47
550,48
550,49
550,50
550,51
550,52
550,53
550,54
550,55
550,56
550,57
550,58
550,59
550,60
550,61
550,62
550,63
550,64
550,65
550,66
550,67
550,68
550,69
550,70
550,71
550,72
550,73
550,74
550,75
550,76
550,77
550,78
550,79
550,80
550,81
550,82
550,83
550,84
550,85
550,86
550,87
550,88
550,89
550,90
550,91
550,92
550,93
550,94
550,95
550,96
550,97
550,98
550,99
550,100
550,101
550,102
550,103
550,104
550,105
550,106
550,107
550,108
550,109
550,110
550,111
550,112
550,113
550,114
550,115
550,116
550,117
550,118
550,119
550,120
550,121
550,122
550,123
550,124
550,125
550,126
550,127
550,128
550,129
550,130
550,131
550,132
550,133
550,134
550,135
550,136
550,137
550,138
550,139
550,140
550,141
:279_6,142
:279_6,143
:279_6,144
:279_6,145
454,146
454,147
454,148
454,149
454,150
454,151
454,152
454,153
454,154
454,155
454,156
454,157
454,158
454,159
454,160
454,161
454,162
454,163
454,164
454,165
454,166
454,167
454,168
454,169
454,170
454,171
454,172
454,173
454,174
454,175
454,176
454,177
454,178
454,179
454,180
454,181
454,182
454,183
454,184
454,185
454,186
454,187
454,188
454,189
454,190
454,191
454,192
454,193
454,194
454,195
454,196
454,197
454,198
454,199
454,200
454,201
454,202
454,203
454,204
454,205
454,206
454,207
454,208
454,209
454,210
454,211
454,212
454,213
454,214
454,215
454,216
454,217
454,218
454,219
454,220
454,221
454,222
454,223
454,224
454,225
454,226
454,227
454,228
454,229
454,230
454,231
454,232
454,233
454,234
454,235
454,236
454,237
454,238
454,239
:338_1,240
:338_1,241
:338_1,242
:338_1,243
:338_1,244
-369,245
-369,246
-369,247
-369,248
-369,249
-369,250
-369,251
-369,252
-369,253
-369,254
-369,255
-369,256
-369,257
-369,258
-369,259
-369,260
-369,261
-369,262
-369,263
-369,264
-369,265
-369,266
-369,267
-369,268
-369,269
-369,270
-369,271
-369,272
-369,273
-369,274
-369,275
-369,276
-369,277
-369,278
-369,279
-369,280
-369,281
-369,282
-369,283
-369,284
-369,285
-369,286
-369,287
-369,288
-369,289
-369,290
-369,291
-369,292
-369,293
-369,294
-369,295
-369,296
-369,297
-369,298
-369,299
-369,300
-369,301
-369,302
-369,303
-369,304
-369,305
-369,306
-369,307
-369,308
-369,309
-369,310
-369,311
-369,312
-369,313
-369,314
-369,315
-369,316
-369,317
-369,318
-369,319
-369,320
-369,321
-369,322
-369,323
-369,324
-369,325
-369,326
-369,327
-369,328
-369,329
-369,330
-369,331
-369,332
-369,333
-369,334
-369,335
-369,336
-369,337
-369,338
-369,339
-369,340
-369,341
-369,342
-369,343
-369,344
-369,345
-369,346
-369,347
-369,348
-369,349
-369,350
-369,351
-369,352
-369,353
-369,354
-369,355
-369,356
-369,357
-369,358
-369,359
-369,360
-369,361
-369,362
-369,363
-369,364
-369,365
-369,366
-369,367
-369,368
-369,369
-369,370
-369,371
-369,372
-369,373
-369,374
-369,375
-369,376
-369,377
-369,378
-369,379
-369,380
-369,381
-369,382
-369,383
-369,384
-369,385
-369,386
-369,387
-369,388
-369,389
-369,390
-369,391
-369,392
-369,393
-369,394
-369,395
-369,396
-369,397
-369,398
-369,399
-369,400
-369,401
-369,402
-369,403
-369,404
-369,405
-369,406
-369,407
-369,408
-369,409
-369,410
-369,411
-369,412
-369,413
-369,414
-369,415
-369,416
-369,417
-369,418
-369,419
-369,420
-369,421
-369,422
-369,423
-369,424
-369,425
-369,426
-369,427
-369,428
-369,429
-369,430
-369,431
-369,432
-369,433
-369,434
-369,435
-369,436
-369,437
-369,438
-369,439
-369,440
-369,441
-369,442
-369,443
-369,444
-369,445
-369,446
-369,447
-369,448
-369,449
-369,450
-369,451
-369,452
-369,453
-369,454
-369,455
-369,456
-369,457
-369,458
-369,459
-369,460
-369,461
:73_5,462
:73_5,463
:73_5,464
:73_5,465
:73_5,466
:73_5,467
-64,468
-64,469
-64,470
-64,471
-64,472
-64,473
-64,474
-64,475
-64,476
-64,477
-64,478
-64,479
-64,480
-64,481
-64,482
-64,483
-64,484
-64,485
-64,486
-64,487
-64,488
-64,489
-64,490
-64,491
-64,492
-64,493
-64,494
-64,495
-64,496
-64,497
-64,498
-64,499
-64,500
-64,501
-64,502
-64,503
-64,504
-64,505
-64,506
-64,507
-64,508
-64,509
-64,510
-64,511
-64,512
-64,513
-64,514
-64,515
-64,516
-64,517
-64,518
-64,519
-64,520
-64,521
-64,522
-64,523
-64,524
-64,525
-64,526
-64,527
-64,528
-64,529
-64,530
-64,531
-64,532
-64,533
-64,534
-64,535
-64,536
-64,537
-64,538
-64,539
-64,540
-64,541
-64,542
-64,543
-64,544
-64,545
-64,546
:72_1,547
:72_1,548
:72_1,549
:72_1,550
:72_1,551
:72_1,552
-63,553
-63,554
-63,555
-63,556
-63,557
-63,558
-63,559
-63,560
-63,561
-63,562
-63,563
-63,564
-63,565
-63,566
-63,567
-63,568
-63,569
-63,570
-63,571
-63,572
-63,573
-63,574
-63,575
-63,576
-63,577
-63,578
-63,579
-63,580
-63,581
-63,582
-63,583
-63,584
-63,585
-63,586
-63,587
-63,588
-63,589
-63,590
-63,591
-63,592
-63,593
-63,594
-63,595
-63,596
-63,597
-63,598
-63,599
-63,600
-63,601
-63,602
-63,603
-63,604
-63,605
-63,606
-63,607
-63,608
-63,609
-63,610
-63,611
-63,612
-63,613
-63,614
-63,615
-63,616
-63,617
-63,618
-62,619
-62,620
-62,621
-62,622
-62,623
-62,624
-62,625
-62,626
-62,627
-62,628
-62,629
-62,630
-62,631
-62,632
-62,633
-62,634
-62,635
-62,636
-62,637
-62,638
-62,639
-62,640
-62,641
-62,642
-62,643
-62,644
-62,645
-62,646
-62,647
-62,648
-62,649
-62,650
-62,651
-62,652
-62,653
-62,654
-62,655
-62,656
-62,657
-62,658
-62,659
-62,660
-62,661
-62,662
-62,663
-62,664
-62,665
-62,666
-62,667
-62,668
-62,669
-62,670
-62,671
-62,672
-62,673
-62,674
-62,675
-62,676
-62,677
-62,678
-62,679
-62,680
-62,681
-62,682
-62,683
-62,684
-62,685
-62,686
-62,687
-62,688
-62,689
-62,690
-62,691
-62,692
-62,693
-61,694
-61,695
-61,696
-61,697
-61,698
-61,699
-61,700
-61,701
-61,702
-61,703
-61,704
-61,705
-61,706
-61,707
-61,708
-61,709
-61,710
-61,711
-61,712
-61,713
-61,714
-61,715
-61,716
-61,717
-61,718
-61,719
-61,720
-61,721
-61,722
-61,723
-61,724
-61,725
-61,726
-61,727
-61,728
-61,729
-61,730
-61,731
-61,732
-61,733
-61,734
-61,735
-61,736
-61,737
-61,738
-61,739
-61,740
-61,741
-61,742
-61,743
-61,744
-61,745
-61,746
-61,747
-61,748
-61,749
-61,750
-61,751
-61,752
-61,753
-61,754
-61,755
-61,756
-61,757
-61,758
-61,759
-61,760
-61,761
-61,762
-61,763
-61,764
-61,765
-61,766
-60,767
-60,768
-60,769
-60,770
-60,771
-60,772
-60,773
-60,774
-60,775
-60,776
-60,777
-60,778
-60,779
-60,780
-60,781
-60,782
-60,783
-60,784
-60,785
-60,786
-60,787
-60,788
-60,789
-60,790
-60,791
-60,792
-60,793
-60,794
-60,795
-60,796
-60,797
-60,798
-60,799
-60,800
-60,801
-60,802
-60,803
-60,804
-60,805
-60,806
-60,807
-60,808
-60,809
-60,810
-60,811
-60,812
-60,813
-60,814
-60,815
-60,816
-60,817
-60,818
-60,819
-60,820
-60,821
-60,822
-60,823
-60,824
-60,825
-60,826
-60,827
-60,828
-60,829
-60,830
-60,831
-60,832
-60,833
:65_4,834
:65_4,835
:65_4,836
:65_4,837
59,838
59,839
59,840
59,841
59,842
59,843
59,844
59,845
59,846
59,847
59,848
59,849
59,850
59,851
59,852
59,853
59,854
59,855
59,856
59,857
59,858
59,859
59,860
59,861
59,862
59,863
59,864
59,865
59,866
59,867
59,868
59,869
59,870
59,871
59,872
59,873
59,874
59,875
59,876
59,877
59,878
59,879
59,880
59,881
59,882
59,883
59,884
59,885
59,886
59,887
59,888
59,889
59,890
59,891
59,892
59,893
59,894
59,895
59,896
59,897
59,898
59,899
59,900
59,901
59,902
59,903
59,904
59,905
:68_9,906
:68_9,907
:68_9,908
:68_9,909
:68_9,910
:68_9,911
192,912
192,913
192,914
192,915
192,916
192,917
192,918
192,919
192,920
192,921
192,922
192,923
192,924
192,925
192,926
192,927
192,928
192,929
192,930
192,931
192,932
192,933
192,934
192,935
192,936
192,937
192,938
192,939
192,940
192,941
192,942
192,943
192,944
192,945
192,946
192,947
192,948
192,949
192,950
192,951
192,952
192,953
192,954
192,955
192,956
192,957
192,958
192,959
192,960
192,961
192,962
192,963
192,964
192,965
192,966
192,967
192,968
192,969
192,970
192,971
192,972
192,973
192,974
192,975
192,976
192,977
192,978
192,979
192,980
192,981
192,982
192,983
192,984
192,985
192,986
192,987
192,988
192,989
192,990
192,991
192,992
192,993
192,994
192,995
192,996
192,997
192,998
192,999
192,1000
192,1001
192,1002
192,1003
192,1004
192,1005
-302,1006
-302,1007
-302,1008
-302,1009
-302,1010
-302,1011
-302,1012
-302,1013
-302,1014
-302,1015
-302,1016
-302,1017
-302,1018
-302,1019
-302,1020
-302,1021
-302,1022
-302,1023
-302,1024
-302,1025
-302,1026
-302,1027
-302,1028
-302,1029
-302,1030
-302,1031
-302,1032
-302,1033
-302,1034
-302,1035
-302,1036
-302,1037
-302,1038
-302,1039
-302,1040
-302,1041
-302,1042
:289_7,1043
:289_7,1044
:289_7,1045
:289_7,1046
:289_7,1047
:289_7,1048
304,1049
304,1050
304,1051
304,1052
304,1053
304,1054
304,1055
304,1056
304,1057
304,1058
304,1059
304,1060
304,1061
304,1062
304,1063
304,1064
304,1065
304,1066
304,1067
304,1068
304,1069
304,1070
304,1071
304,1072
304,1073
304,1074
304,1075
304,1076
304,1077
304,1078
304,1079
304,1080
304,1081
304,1082
304,1083
304,1084
304,1085
304,1086
304,1087
304,1088
304,1089
304,1090
304,1091
304,1092
304,1093
304,1094
304,1095
304,1096
304,1097
304,1098
304,1099
304,1100
304,1101
304,1102
304,1103
304,1104
304,1105
304,1106
304,1107
304,1108
304,1109
304,1110
304,1111
304,1112
304,1113
304,1114
304,1115
304,1116
304,1117
304,1118
304,1119
304,1120
304,1121
304,1122
304,1123
304,1124
304,1125
304,1126
304,1127
304,1128
304,1129
304,1130
304,1131
304,1132
304,1133
304,1134
304,1135
304,1136
:59_0,1137
:59_0,1138
:59_0,1139
:59_0,1140
:59_0,1141
:59_0,1142
-51,1143
-51,1144
-51,1145
-51,1146
-51,1147
-51,1148
-51,1149
-51,1150
-51,1151
-51,1152
-51,1153
-51,1154
-51,1155
-51,1156
-51,1157
-51,1158
-51,1159
-51,1160
-51,1161
-51,1162
-51,1163
-51,1164
-51,1165
-51,1166
-51,1167
-51,1168
-51,1169
-51,1170
-51,1171
-51,1172
-51,1173
-51,1174
-51,1175
-51,1176
-51,1177
-51,1178
-51,1179
-51,1180
-51,1181
-51,1182
-51,1183
-51,1184
-51,1185
-51,1186
-51,1187
-51,1188
-51,1189
-51,1190
-51,1191
-51,1192
-51,1193
-51,1194
-51,1195
-51,1196
-51,1197
-51,1198
-51,1199
-51,1200
-51,1201
-51,1202
-51,1203
-51,1204
-51,1205
-51,1206
-51,1207
-51,1208
-51,1209
-51,1210
-51,1211
-51,1212
-51,1213
-51,1214
-51,1215
-51,1216
-51,1217
-51,1218
-51,1219
-51,1220
-51,1221
-51,1222
-51,1223
-51,1224
-51,1225
-51,1226
-51,1227
-51,1228
-51,1229
-51,1230
-51,1231
-51,1232
-51,1233
-51,1234
-51,1235
-51,1236
-51,1237
-51,1238
-51,1239
-51,1240
-51,1241
-51,1242
-51,1243
-51,1244
-51,1245
-51,1246
-51,1247
-51,1248
-51,1249
-51,1250
-51,1251
-51,1252
-51,1253
-51,1254
-51,1255
-51,1256
-51,1257
-51,1258
-51,1259
-51,1260
-51,1261
-51,1262
-51,1263
-51,1264
-51,1265
-51,1266
-51,1267
-51,1268
-51,1269
-51,1270
-51,1271
-51,1272
-51,1273
-51,1274
-51,1275
-51,1276
-51,1277
-51,1278
-51,1279
-51,1280
-51,1281
:58_9,1282
:58_9,1283
:58_9,1284
:58_9,1285
:58_9,1286
:58_9,1287
52,1288
52,1289
52,1290
52,1291
52,1292
52,1293
52,1294
52,1295
52,1296
52,1297
52,1298
52,1299
52,1300
52,1301
52,1302
52,1303
52,1304
52,1305
52,1306
52,1307
52,1308
52,1309
52,1310
52,1311
52,1312
52,1313
52,1314
52,1315
52,1316
52,1317
52,1318
52,1319
52,1320
52,1321
52,1322
52,1323
52,1324
52,1325
52,1326
52,1327
52,1328
52,1329
52,1330
52,1331
52,1332
52,1333
52,1334
52,1335
52,1336
52,1337
52,1338
52,1339
52,1340
52,1341
52,1342
52,1343
52,1344
52,1345
52,1346
52,1347
52,1348
52,1349
52,1350
52,1351
52,1352
52,1353
52,1354
52,1355
52,1356
52,1357
52,1358
52,1359
52,1360
52,1361
52,1362
52,1363
52,1364
52,1365
52,1366
52,1367
52,1368
52,1369
52,1370
52,1371
52,1372
52,1373
52,1374
52,1375
52,1376
52,1377
52,1378
52,1379
52,1380
52,1381
52,1382
52,1383
52,1384
52,1385
52,1386
52,1387
52,1388
52,1389
52,1390
52,1391
52,1392
52,1393
52,1394
52,1395
52,1396
52,1397
52,1398
52,1399
52,1400
52,1401
52,1402
52,1403
52,1404
52,1405
52,1406
52,1407
52,1408
52,1409
52,1410
52,1411
52,1412
52,1413
52,1414
52,1415
52,1416
52,1417
52,1418
52,1419
52,1420
52,1421
52,1422
52,1423
52,1424
52,1425
52,1426
52,1427
52,1428
52,1429
52,1430
52,1431
52,1432
52,1433
52,1434
52,1435
52,1436
52,1437
:60_4,1438
:60_4,1439
:60_4,1440
:60_4,1441
:60_4,1442
:60_4,1443
-122,1444
-122,1445
-122,1446
-122,1447
-122,1448
-122,1449
-122,1450
-122,1451
-122,1452
-122,1453
-122,1454
-122,1455
-122,1456
-122,1457
-122,1458
-122,1459
-122,1460
-122,1461
-122,1462
-122,1463
-122,1464
-122,1465
-122,1466
-122,1467
-122,1468
-122,1469
-122,1470
-122,1471
-122,1472
-122,1473
-122,1474
-122,1475
-122,1476
-122,1477
-122,1478
-122,1479
-122,1480
-122,1481
-122,1482
-122,1483
-122,1484
-122,1485
-122,1486
-122,1487
-122,1488
-122,1489
-122,1490
-122,1491
-122,1492
-122,1493
-122,1494
-122,1495
-122,1496
-122,1497
-122,1498
-122,1499
-122,1500
-122,1501
-122,1502
-122,1503
-122,1504
-122,1505
-122,1506
-122,1507
-122,1508
-122,1509
-122,1510
-122,1511
-122,1512
-122,1513
-122,1514
-122,1515
-122,1516
-122,1517
-122,1518
-122,1519
-122,1520
-122,1521
-122,1522
-122,1523
-122,1524
-122,1525
-122,1526
-122,1527
-122,1528
:137_7,1529
:137_7,1530
:137_7,1531
:137_7,1532
:137_7,1533
121,1534
121,1535
121,1536
121,1537
121,1538
121,1539
121,1540
121,1541
121,1542
121,1543
121,1544
121,1545
121,1546
121,1547
121,1548
121,1549
121,1550
121,1551
121,1552
121,1553
121,1554
121,1555
121,1556
121,1557
121,1558
121,1559
121,1560
121,1561
121,1562
121,1563
121,1564
121,1565
121,1566
121,1567
121,1568
121,1569
121,1570
121,1571
121,1572
121,1573
121,1574
121,1575
121,1576
121,1577
121,1578
121,1579
121,1580
121,1581
121,1582
121,1583
121,1584
121,1585
121,1586
121,1587
121,1588
121,1589
121,1590
121,1591
121,1592
121,1593
121,1594
121,1595
121,1596
121,1597
121,1598
121,1599
121,1600
121,1601
121,1602
121,1603
121,1604
121,1605
121,1606
121,1607
121,1608
:77_4,1609
:77_4,1610
:77_4,1611
:77_4,1612
:77_4,1613
:77_4,1614
-67,1615
-67,1616
-67,1617
-67,1618
-67,1619
-67,1620
-67,1621
-67,1622
-67,1623
-67,1624
-67,1625
-67,1626
-67,1627
-67,1628
-67,1629
-67,1630
-67,1631
-67,1632
-67,1633
-67,1634
-67,1635
-67,1636
-67,1637
-67,1638
-67,1639
-67,1640
-67,1641
-67,1642
-67,1643
-67,1644
-67,1645
-67,1646
-67,1647
-67,1648
-67,1649
-67,1650
-67,1651
-67,1652
-67,1653
-67,1654
-67,1655
-67,1656
-67,1657
-67,1658
-67,1659
-67,1660
-67,1661
-67,1662
-67,1663
-67,1664
-67,1665
-67,1666
-67,1667
-67,1668
-67,1669
-67,1670
-67,1671
-67,1672
-67,1673
-67,1674
-67,1675
-67,1676
-67,1677
-67,1678
-67,1679
-67,1680
-67,1681
-67,1682
-67,1683
-67,1684
-67,1685
-67,1686
-67,1687
-67,1688
-67,1689
-67,1690
-67,1691
-67,1692
-67,1693
-67,1694
-67,1695
-67,1696
-67,1697
-67,1698
-67,1699
-67,1700
-67,1701
-67,1702
-67,1703
-67,1704
-67,1705
-67,1706
-67,1707
-67,1708
-67,1709
-67,1710
-67,1711
-67,1712
-67,1713
-67,1714
-67,1715
-67,1716
-67,1717
-67,1718
-67,1719
-67,1720
-67,1721
-67,1722
-67,1723
-67,1724
-67,1725
-67,1726
-67,1727
-67,1728
-67,1729
-67,1730
-67,1731
-67,1732
-67,1733
-67,1734
-67,1735
-67,1736
-67,1737
-67,1738
-67,1739
:74_9,1740
:74_9,1741
:74_9,1742
:74_9,1743
:74_9,1744
66,1745
66,1746
66,1747
66,1748
66,1749
66,1750
66,1751
66,1752
66,1753
66,1754
66,1755
66,1756
66,1757
66,1758
66,1759
66,1760
66,1761
66,1762
66,1763
66,1764
66,1765
66,1766
66,1767
66,1768
66,1769
66,1770
66,1771
66,1772
66,1773
66,1774
66,1775
66,1776
66,1777
66,1778
66,1779
66,1780
66,1781
66,1782
66,1783
66,1784
66,1785
66,1786
66,1787
66,1788
66,1789
66,1790
66,1791
66,1792
66,1793
66,1794
66,1795
66,1796
66,1797
66,1798
66,1799
66,1800
66,1801
66,1802
66,1803
66,1804
66,1805
66,1806
66,1807
66,1808
66,1809
66,1810
66,1811
66,1812
66,1813
66,1814
66,1815
66,1816
66,1817
66,1818
66,1819
66,1820
66,1821
66,1822
66,1823
66,1824
66,1825
66,1826
66,1827
66,1828
66,1829
66,1830
66,1831
66,1832
66,1833
66,1834
66,1835
66,1836
66,1837
66,1838
66,1839
66,1840
66,1841
66,1842
66,1843
66,1844
66,1845
66,1846
66,1847
66,1848
66,1849
66,1850
66,1851
66,1852
66,1853
66,1854
66,1855
66,1856
:76_9,1857
:76_9,1858
:76_9,1859
:76_9,1860
:76_9,1861
:76_9,1862
-460,1863
-460,1864
-460,1865
-460,1866
-460,1867
-460,1868
-460,1869
-460,1870
-460,1871
-460,1872
-460,1873
-460,1874
-460,1875
-460,1876
-460,1877
-460,1878
-460,1879
-460,1880
-460,1881
-460,1882
-460,1883
-460,1884
-460,1885
-460,1886
-460,1887
-460,1888
-460,1889
-460,1890
-460,1891
-460,1892
-460,1893
-460,1894
-460,1895
-460,1896
-460,1897
-460,1898
-460,1899
-460,1900
-460,1901
-460,1902
-460,1903
-460,1904
-460,1905
-460,1906
-460,1907
-460,1908
-460,1909
-460,1910
-460,1911
-460,1912
-460,1913
-460,1914
-460,1915
-460,1916
-460,1917
-460,1918
-460,1919
-460,1920
-460,1921
-460,1922
-460,1923
-460,1924
-460,1925
-460,1926
-460,1927
-460,1928
-460,1929
-460,1930
:391_7,1931
:391_7,1932
:391_7,1933
:391_7,1934
:391_7,1935
:391_7,1936
458,1937
458,1938
458,1939
458,1940
458,1941
458,1942
458,1943
458,1944
458,1945
458,1946
458,1947
458,1948
458,1949
458,1950
458,1951
458,1952
458,1953
458,1954
458,1955
458,1956
458,1957
458,1958
458,1959
458,1960
458,1961
458,1962
458,1963
458,1964
458,1965
458,1966
458,1967
458,1968
458,1969
458,1970
458,1971
458,1972
458,1973
458,1974
458,1975
458,1976
458,1977
458,1978
458,1979
458,1980
458,1981
458,1982
458,1983
458,1984
458,1985
458,1986
458,1987
458,1988
458,1989
458,1990
458,1991
458,1992
458,1993
458,1994
458,1995
458,1996
458,1997
458,1998
458,1999
458,2000
