-6,1
-6,2
-6,3
-6,4
-6,5
-6,6
-6,7
-6,8
-6,9
-6,10
-6,11
-6,12
-6,13
-6,14
-6,15
-6,16
-6,17
-6,18
-6,19
-6,20
-6,21
-6,22
-6,23
-6,24
-6,25
-6,26
-6,27
-6,28
-6,29
-6,30
-6,31
-6,32
-6,33
-6,34
-6,35
-6,36
-6,37
-6,38
-6,39
-6,40
-6,41
-6,42
-6,43
-6,44
-6,45
-6,46
-6,47
-6,48
-6,49
-6,50
-6,51
-6,52
-6,53
-6,54
-6,55
-6,56
-6,57
-6,58
-6,59
-6,60
-6,61
-6,62
-6,63
-6,64
-6,65
-6,66
-6,67
-6,68
-6,69
-6,70
-6,71
-6,72
-6,73
-6,74
-6,75
-6,76
-6,77
-6,78
-6,79
-6,80
-6,81
-6,82
-6,83
-6,84
-6,85
-6,86
-6,87
-6,88
-6,89
-6,90
-6,91
-6,92
-6,93
-6,94
-6,95
-6,96
-6,97
-6,98
-6,99
-6,100
-6,101
-6,102
-6,103
-6,104
-6,105
-6,106
-6,107
-6,108
-6,109
-6,110
-6,111
-6,112
-6,113
-6,114
-6,115
-6,116
-6,117
-6,118
-6,119
-6,120
-6,121
-6,122
-6,123
-6,124
-6,125
-6,126
-6,127
-6,128
-6,129
-6,130
-6,131
-6,132
-6,133
-6,134
-6,135
-6,136
-6,137
-6,138
-6,139
-6,140
-6,141
-6,142
-6,143
-6,144
-6,145
-6,146
-6,147
-6,148
-6,149
-6,150
-6,151
-6,152
-6,153
-6,154
-6,155
-6,156
-6,157
-6,158
-6,159
-6,160
-6,161
-6,162
-6,163
-6,164
-6,165
-6,166
-6,167
-6,168
-6,169
-6,170
-6,171
-6,172
-6,173
-6,174
-6,175
-6,176
-6,177
-6,178
-6,179
-6,180
-6,181
-6,182
-6,183
-6,184
-6,185
-6,186
-6,187
-6,188
-6,189
-6,190
-6,191
-6,192
-6,193
-6,194
-6,195
-6,196
-6,197
-6,198
-6,199
-6,200
-6,201
-6,202
-6,203
-6,204
-6,205
-6,206
-6,207
-6,208
-6,209
-6,210
:6_1,211
:6_1,212
:6_1,213
-684,214
-684,215
-684,216
-684,217
-684,218
-684,219
-684,220
-684,221
-684,222
-684,223
-684,224
-684,225
-684,226
-684,227
-684,228
-684,229
-684,230
-684,231
-684,232
-684,233
:373_4,234
:373_4,235
-685,236
-685,237
-685,238
-685,239
-685,240
-685,241
-685,242
-685,243
-685,244
-685,245
-685,246
-685,247
-685,248
-685,249
-685,250
-685,251
-685,252
-685,253
-685,254
-685,255
:13_1,256
:13_1,257
177,258
177,259
177,260
177,261
177,262
177,263
177,264
177,265
177,266
177,267
177,268
177,269
177,270
177,271
177,272
177,273
177,274
177,275
177,276
177,277
177,278
177,279
177,280
177,281
177,282
177,283
177,284
177,285
177,286
177,287
177,288
177,289
177,290
177,291
177,292
177,293
177,294
177,295
177,296
177,297
177,298
177,299
177,300
177,301
177,302
177,303
177,304
177,305
177,306
177,307
177,308
177,309
177,310
177,311
177,312
177,313
177,314
177,315
177,316
177,317
177,318
177,319
177,320
177,321
177,322
177,323
177,324
177,325
177,326
177,327
177,328
177,329
177,330
177,331
177,332
177,333
177,334
177,335
177,336
177,337
177,338
177,339
177,340
177,341
177,342
177,343
177,344
177,345
177,346
177,347
177,348
177,349
177,350
177,351
177,352
177,353
177,354
177,355
177,356
177,357
177,358
177,359
177,360
177,361
177,362
177,363
177,364
177,365
177,366
177,367
177,368
177,369
177,370
177,371
177,372
177,373
177,374
177,375
177,376
177,377
177,378
177,379
177,380
177,381
177,382
177,383
177,384
177,385
177,386
177,387
177,388
177,389
177,390
177,391
177,392
177,393
177,394
177,395
177,396
177,397
:190_1,398
:190_1,399
:190_1,400
:190_1,401
:190_1,402
178,403
178,404
178,405
178,406
178,407
178,408
178,409
178,410
178,411
178,412
178,413
178,414
178,415
178,416
178,417
178,418
178,419
178,420
178,421
178,422
178,423
178,424
178,425
178,426
178,427
178,428
178,429
178,430
178,431
178,432
178,433
178,434
178,435
178,436
178,437
178,438
178,439
178,440
178,441
178,442
178,443
178,444
178,445
178,446
178,447
178,448
178,449
178,450
178,451
178,452
178,453
178,454
178,455
178,456
178,457
178,458
178,459
178,460
178,461
178,462
178,463
178,464
178,465
178,466
178,467
178,468
178,469
178,470
178,471
178,472
178,473
178,474
178,475
178,476
178,477
178,478
178,479
178,480
178,481
178,482
178,483
178,484
178,485
178,486
178,487
178,488
178,489
178,490
178,491
178,492
178,493
178,494
178,495
178,496
178,497
178,498
178,499
178,500
178,501
178,502
178,503
178,504
178,505
178,506
178,507
178,508
178,509
178,510
178,511
178,512
178,513
178,514
178,515
178,516
178,517
178,518
178,519
178,520
178,521
178,522
178,523
178,524
178,525
178,526
178,527
178,528
178,529
178,530
178,531
178,532
178,533
178,534
178,535
178,536
178,537
178,538
178,539
178,540
178,541
178,542
178,543
178,544
178,545
178,546
178,547
178,548
178,549
178,550
178,551
178,552
178,553
178,554
178,555
178,556
178,557
178,558
178,559
178,560
178,561
178,562
178,563
178,564
178,565
178,566
178,567
178,568
178,569
178,570
178,571
178,572
178,573
178,574
178,575
178,576
178,577
178,578
178,579
:191_4,580
:191_4,581
:191_4,582
-185,583
-185,584
-185,585
-185,586
-185,587
-185,588
-185,589
-185,590
-185,591
-185,592
-185,593
-185,594
-185,595
-185,596
-185,597
-185,598
-185,599
-185,600
-185,601
-185,602
-185,603
-185,604
-185,605
-185,606
-185,607
-185,608
-185,609
-185,610
-185,611
-185,612
-185,613
-185,614
-185,615
-185,616
-185,617
-185,618
-185,619
-185,620
-185,621
-185,622
-185,623
-185,624
-185,625
-185,626
-185,627
-185,628
-185,629
-185,630
-185,631
-185,632
-185,633
-185,634
-185,635
-185,636
-185,637
-185,638
-185,639
-185,640
-185,641
-185,642
-185,643
-185,644
-185,645
-185,646
-185,647
-185,648
-185,649
-185,650
-185,651
-185,652
-185,653
-185,654
-185,655
-185,656
-185,657
-185,658
-185,659
-185,660
:187_6,661
:187_6,662
:187_16,663
:187_16,664
:187_16,665
184,666
184,667
184,668
184,669
184,670
184,671
184,672
184,673
184,674
184,675
184,676
184,677
184,678
184,679
184,680
184,681
184,682
184,683
184,684
184,685
184,686
184,687
184,688
184,689
184,690
184,691
184,692
184,693
184,694
184,695
184,696
184,697
184,698
184,699
184,700
184,701
184,702
184,703
184,704
184,705
184,706
184,707
184,708
184,709
184,710
184,711
184,712
184,713
184,714
184,715
184,716
184,717
184,718
184,719
184,720
184,721
184,722
184,723
184,724
184,725
184,726
184,727
184,728
184,729
184,730
184,731
184,732
184,733
184,734
184,735
184,736
184,737
184,738
184,739
184,740
184,741
184,742
184,743
184,744
184,745
184,746
184,747
184,748
184,749
184,750
184,751
184,752
184,753
184,754
184,755
184,756
184,757
184,758
184,759
184,760
184,761
184,762
184,763
184,764
184,765
184,766
184,767
184,768
184,769
184,770
184,771
184,772
184,773
184,774
184,775
184,776
184,777
184,778
184,779
184,780
184,781
184,782
184,783
184,784
184,785
184,786
184,787
184,788
184,789
184,790
184,791
184,792
184,793
184,794
184,795
184,796
184,797
184,798
184,799
184,800
184,801
184,802
184,803
184,804
184,805
184,806
184,807
184,808
184,809
184,810
184,811
184,812
184,813
184,814
184,815
184,816
184,817
184,818
184,819
184,820
184,821
184,822
184,823
184,824
184,825
184,826
184,827
184,828
184,829
184,830
184,831
184,832
184,833
184,834
184,835
184,836
184,837
184,838
184,839
184,840
184,841
184,842
184,843
184,844
184,845
184,846
184,847
184,848
184,849
184,850
184,851
184,852
184,853
184,854
184,855
184,856
184,857
184,858
184,859
184,860
184,861
:182_0,862
:182_0,863
:182_0,864
:182_0,865
-169,866
-169,867
-169,868
-169,869
-169,870
-169,871
-169,872
-169,873
-169,874
-169,875
-169,876
-169,877
-169,878
-169,879
-169,880
-169,881
-169,882
-169,883
-169,884
-169,885
-169,886
-169,887
-169,888
-169,889
-169,890
-169,891
-169,892
-169,893
-169,894
-169,895
-169,896
-169,897
-169,898
-169,899
-169,900
-169,901
-169,902
-169,903
-169,904
-169,905
-169,906
-169,907
-169,908
-169,909
-169,910
-169,911
-169,912
-169,913
-169,914
-169,915
-169,916
-169,917
-169,918
-169,919
-169,920
-169,921
-169,922
-169,923
-169,924
-169,925
-169,926
-169,927
-169,928
-169,929
-169,930
-169,931
-169,932
-169,933
-169,934
-169,935
-169,936
-169,937
-169,938
-169,939
-169,940
-169,941
-169,942
-169,943
-169,944
-169,945
-169,946
-169,947
-169,948
-169,949
-169,950
-169,951
-169,952
-169,953
-169,954
-169,955
-169,956
-169,957
-169,958
-169,959
-169,960
-169,961
-169,962
-169,963
-169,964
-169,965
-169,966
-169,967
-169,968
-169,969
-169,970
-169,971
-169,972
-169,973
-169,974
-169,975
-169,976
-169,977
-169,978
-169,979
-169,980
-169,981
-169,982
-169,983
-169,984
-169,985
-169,986
-169,987
-169,988
-169,989
-169,990
-169,991
-169,992
-169,993
-169,994
-169,995
-169,996
-169,997
-169,998
-169,999
-169,1000
-169,1001
-169,1002
-169,1003
-169,1004
-169,1005
-169,1006
