-300,1
-300,2
-300,3
-300,4
-300,5
-300,6
-300,7
-300,8
-300,9
-300,10
-300,11
-300,12
-300,13
-300,14
-300,15
-300,16
-300,17
-300,18
-300,19
-300,20
-300,21
-300,22
-300,23
-300,24
-300,25
-300,26
-300,27
-300,28
-300,29
-300,30
-300,31
-300,32
-300,33
-300,34
-300,35
-300,36
-300,37
-300,38
-300,39
-300,40
-300,41
-300,42
-300,43
-300,44
-300,45
-300,46
-300,47
-300,48
-300,49
-300,50
-300,51
-300,52
-300,53
-300,54
-300,55
-300,56
-300,57
-300,58
-300,59
-300,60
-300,61
-300,62
-300,63
-300,64
-300,65
-300,66
-300,67
-300,68
-300,69
-300,70
-300,71
-300,72
-300,73
-300,74
-300,75
-300,76
-300,77
-300,78
-300,79
-300,80
-300,81
-300,82
-300,83
-300,84
-300,85
-300,86
-300,87
-300,88
-300,89
-300,90
-300,91
-300,92
-300,93
-300,94
-300,95
-300,96
:285_5,97
:285_5,98
:285_5,99
:285_5,100
298,101
298,102
298,103
298,104
298,105
298,106
298,107
298,108
298,109
298,110
298,111
298,112
298,113
298,114
298,115
298,116
298,117
298,118
298,119
298,120
298,121
298,122
298,123
298,124
298,125
298,126
298,127
298,128
298,129
298,130
298,131
298,132
298,133
298,134
298,135
298,136
298,137
298,138
298,139
298,140
298,141
298,142
298,143
298,144
298,145
298,146
298,147
298,148
298,149
298,150
298,151
298,152
298,153
298,154
298,155
298,156
:286_9,157
:286_9,158
:286_9,159
:286_9,160
477,161
477,162
477,163
477,164
477,165
477,166
477,167
477,168
477,169
477,170
477,171
477,172
477,173
477,174
477,175
477,176
477,177
477,178
477,179
477,180
477,181
477,182
477,183
477,184
477,185
477,186
477,187
477,188
477,189
477,190
477,191
477,192
477,193
477,194
477,195
477,196
477,197
477,198
477,199
477,200
477,201
477,202
477,203
477,204
477,205
477,206
477,207
477,208
477,209
477,210
477,211
477,212
477,213
477,214
477,215
477,216
477,217
477,218
477,219
477,220
477,221
477,222
477,223
477,224
477,225
477,226
477,227
477,228
:158_9,229
:158_9,230
:158_9,231
:158_9,232
-143,233
-143,234
-143,235
-143,236
-143,237
-143,238
-143,239
-143,240
-143,241
-143,242
-143,243
-143,244
-143,245
-143,246
-143,247
-143,248
-143,249
-143,250
-143,251
-143,252
-143,253
-143,254
-143,255
-143,256
-143,257
-143,258
-143,259
-143,260
-143,261
-143,262
-143,263
-143,264
-143,265
-143,266
-143,267
-143,268
-143,269
-143,270
-143,271
-143,272
-143,273
-143,274
-143,275
-143,276
-143,277
-143,278
-143,279
-143,280
-143,281
-143,282
-143,283
-143,284
-143,285
-143,286
-143,287
:135_3,288
:135_3,289
:135_3,290
-118,291
-118,292
-118,293
-118,294
-118,295
-118,296
-118,297
-118,298
-118,299
-118,300
-118,301
-118,302
-118,303
-118,304
-118,305
-118,306
-118,307
-118,308
-118,309
-118,310
-118,311
-118,312
-118,313
-118,314
-118,315
-118,316
-118,317
-118,318
-118,319
-118,320
-118,321
-118,322
-118,323
-118,324
-118,325
-118,326
-118,327
-118,328
-118,329
-118,330
-118,331
-118,332
-118,333
-118,334
-118,335
-118,336
-118,337
-118,338
-118,339
-118,340
-118,341
-118,342
-118,343
-118,344
-118,345
-118,346
-118,347
-118,348
-118,349
-118,350
-118,351
-118,352
-118,353
-118,354
-118,355
-118,356
-118,357
-118,358
-118,359
-118,360
-118,361
-118,362
-118,363
-118,364
-118,365
-118,366
-118,367
-118,368
-118,369
-118,370
-118,371
-118,372
-118,373
-118,374
-118,375
-118,376
-118,377
-118,378
-118,379
-118,380
-118,381
-118,382
-118,383
-118,384
-118,385
-118,386
-118,387
-118,388
-118,389
-118,390
-118,391
-118,392
-118,393
-118,394
-118,395
-118,396
-118,397
-118,398
-118,399
-118,400
-118,401
-118,402
-118,403
-118,404
-118,405
-118,406
-118,407
-118,408
-118,409
-118,410
-118,411
-118,412
-118,413
-118,414
-118,415
-118,416
-118,417
-118,418
-118,419
-118,420
-118,421
-118,422
-118,423
-118,424
-118,425
-118,426
-118,427
-118,428
-118,429
-118,430
-118,431
-118,432
-118,433
-118,434
-118,435
-118,436
-118,437
-118,438
-118,439
-118,440
:47_14,441
:47_14,442
:47_14,443
:47_14,444
117,445
117,446
117,447
117,448
117,449
117,450
117,451
117,452
117,453
117,454
117,455
117,456
117,457
117,458
117,459
117,460
117,461
117,462
117,463
117,464
117,465
117,466
117,467
117,468
117,469
117,470
117,471
117,472
117,473
117,474
117,475
117,476
117,477
117,478
117,479
117,480
117,481
117,482
117,483
117,484
117,485
117,486
117,487
117,488
117,489
117,490
117,491
117,492
117,493
117,494
117,495
117,496
117,497
117,498
117,499
117,500
117,501
117,502
117,503
117,504
117,505
117,506
117,507
117,508
117,509
117,510
117,511
117,512
117,513
117,514
117,515
117,516
117,517
117,518
117,519
117,520
117,521
117,522
117,523
117,524
117,525
117,526
117,527
117,528
117,529
117,530
117,531
117,532
117,533
117,534
117,535
117,536
117,537
117,538
117,539
117,540
117,541
:134_7,542
:134_7,543
:134_7,544
:134_7,545
-322,546
-322,547
-322,548
-322,549
-322,550
-322,551
-322,552
-322,553
-322,554
-322,555
-322,556
-322,557
-322,558
-322,559
-322,560
-322,561
-322,562
-322,563
-322,564
-322,565
-322,566
-322,567
-322,568
-322,569
-322,570
-322,571
-322,572
-322,573
-322,574
-322,575
-322,576
-322,577
-322,578
-322,579
-322,580
-322,581
-322,582
-322,583
-322,584
-322,585
-322,586
-322,587
-322,588
-322,589
-322,590
-322,591
-322,592
-322,593
-322,594
-322,595
-322,596
-322,597
-322,598
-322,599
-322,600
-322,601
-322,602
-322,603
-322,604
-322,605
-322,606
-322,607
-322,608
-322,609
-322,610
-322,611
-322,612
-322,613
-322,614
-322,615
-322,616
-322,617
-322,618
-322,619
-322,620
-322,621
-322,622
-322,623
-322,624
-322,625
-322,626
-322,627
-322,628
-322,629
-322,630
-322,631
-322,632
-322,633
-322,634
-322,635
-322,636
-322,637
-322,638
-322,639
-322,640
-322,641
-322,642
-322,643
-322,644
-322,645
-322,646
-322,647
-322,648
-322,649
:50_5,650
:50_5,651
:50_5,652
:50_5,653
:50_5,654
:50_5,655
-430,656
-430,657
-430,658
-430,659
-430,660
-430,661
-430,662
-430,663
-430,664
-430,665
-430,666
-430,667
-430,668
-430,669
-430,670
-430,671
-430,672
-430,673
-430,674
-430,675
-430,676
-430,677
-430,678
-430,679
-430,680
-430,681
-430,682
-430,683
-430,684
-430,685
-430,686
-430,687
-430,688
-430,689
-430,690
-430,691
-430,692
-430,693
-430,694
-430,695
-430,696
-430,697
-430,698
-430,699
-430,700
-430,701
-430,702
-430,703
-430,704
-430,705
-430,706
-430,707
-430,708
-430,709
-430,710
-430,711
-430,712
-430,713
-430,714
-430,715
-430,716
-430,717
-430,718
-430,719
-430,720
-430,721
-430,722
-430,723
-430,724
-430,725
-430,726
-430,727
-430,728
-430,729
-430,730
-430,731
-430,732
-430,733
-430,734
-430,735
-430,736
-430,737
-430,738
-430,739
-430,740
-430,741
-430,742
-430,743
-430,744
-430,745
-430,746
-430,747
-430,748
-430,749
-430,750
-430,751
-430,752
-430,753
-430,754
-430,755
-430,756
-430,757
-430,758
-430,759
-430,760
-430,761
-430,762
-430,763
-430,764
-430,765
-430,766
-430,767
-430,768
-430,769
-430,770
-430,771
-430,772
-430,773
-430,774
-430,775
-430,776
-430,777
-430,778
-430,779
-430,780
-430,781
-430,782
-430,783
-430,784
-430,785
-430,786
-430,787
-430,788
-430,789
-430,790
-430,791
-430,792
-430,793
-430,794
-430,795
-430,796
-430,797
-430,798
-430,799
-430,800
-430,801
-430,802
-430,803
-430,804
-430,805
-430,806
-430,807
-430,808
-430,809
-430,810
-430,811
-430,812
-430,813
:375_3,814
:375_3,815
:375_3,816
:375_3,817
-679,818
-679,819
-679,820
-679,821
-679,822
-679,823
-679,824
-679,825
-679,826
-679,827
-679,828
-679,829
-679,830
-679,831
-679,832
-679,833
-679,834
-679,835
-679,836
-679,837
-679,838
-679,839
-679,840
-679,841
-679,842
-679,843
-679,844
-679,845
-679,846
-679,847
-679,848
-679,849
-679,850
-679,851
-679,852
-679,853
-679,854
-679,855
-679,856
-679,857
-679,858
-679,859
-679,860
-679,861
-679,862
-679,863
-679,864
-679,865
-679,866
-679,867
-679,868
-679,869
-679,870
-679,871
-679,872
-679,873
:396_7,874
:396_7,875
:396_7,876
:396_7,877
-464,878
-464,879
-464,880
-464,881
-464,882
-464,883
-464,884
-464,885
-464,886
-464,887
-464,888
-464,889
-464,890
-464,891
-464,892
-464,893
-464,894
-464,895
-464,896
-464,897
-464,898
-464,899
-464,900
-464,901
-464,902
-464,903
-464,904
-464,905
-464,906
-464,907
-464,908
-464,909
-464,910
-464,911
-464,912
-464,913
-464,914
-464,915
-464,916
-464,917
-464,918
-464,919
-464,920
-464,921
-464,922
-464,923
-464,924
-464,925
-464,926
-464,927
-464,928
-464,929
-464,930
-464,931
-464,932
-464,933
-464,934
-464,935
-464,936
-464,937
-464,938
-464,939
-464,940
-464,941
-464,942
-464,943
-464,944
-464,945
-464,946
-464,947
-464,948
-464,949
-464,950
-464,951
-464,952
-464,953
-464,954
-464,955
-464,956
-175,957
-175,958
-175,959
-175,960
-175,961
-175,962
-175,963
-175,964
-175,965
-175,966
-175,967
-175,968
-175,969
-175,970
-175,971
-175,972
-175,973
-175,974
-175,975
-175,976
-175,977
-175,978
-175,979
-175,980
-175,981
-175,982
-175,983
-175,984
-175,985
-175,986
-175,987
-175,988
-175,989
-175,990
-175,991
-175,992
-175,993
-175,994
-175,995
-175,996
-175,997
-175,998
-175,999
-175,1000
-175,1001
-175,1002
-175,1003
-175,1004
-175,1005
-175,1006
-175,1007
-175,1008
-175,1009
-175,1010
-175,1011
-175,1012
:13_4,1013
:13_4,1014
:13_4,1015
:13_4,1016
176,1017
176,1018
176,1019
176,1020
176,1021
176,1022
176,1023
176,1024
176,1025
176,1026
176,1027
176,1028
176,1029
176,1030
176,1031
176,1032
176,1033
176,1034
176,1035
176,1036
176,1037
176,1038
176,1039
176,1040
176,1041
176,1042
176,1043
176,1044
176,1045
176,1046
176,1047
176,1048
176,1049
176,1050
176,1051
176,1052
176,1053
176,1054
176,1055
176,1056
176,1057
176,1058
176,1059
176,1060
176,1061
176,1062
176,1063
176,1064
176,1065
176,1066
176,1067
176,1068
176,1069
176,1070
176,1071
176,1072
176,1073
176,1074
176,1075
176,1076
176,1077
176,1078
176,1079
176,1080
176,1081
176,1082
176,1083
176,1084
176,1085
176,1086
176,1087
176,1088
176,1089
176,1090
176,1091
176,1092
176,1093
176,1094
176,1095
176,1096
176,1097
176,1098
176,1099
176,1100
176,1101
176,1102
176,1103
176,1104
176,1105
176,1106
176,1107
176,1108
:189_9,1109
:189_9,1110
:189_9,1111
:189_9,1112
:189_9,1113
212,1114
212,1115
212,1116
212,1117
212,1118
212,1119
212,1120
212,1121
212,1122
212,1123
212,1124
212,1125
212,1126
212,1127
212,1128
212,1129
212,1130
212,1131
212,1132
212,1133
212,1134
212,1135
212,1136
212,1137
212,1138
212,1139
212,1140
212,1141
212,1142
212,1143
212,1144
212,1145
212,1146
212,1147
212,1148
212,1149
212,1150
212,1151
212,1152
