179,1
179,2
179,3
179,4
179,5
179,6
179,7
179,8
179,9
179,10
179,11
179,12
179,13
179,14
179,15
179,16
179,17
179,18
179,19
179,20
179,21
179,22
179,23
179,24
179,25
179,26
179,27
179,28
179,29
179,30
179,31
179,32
179,33
179,34
179,35
179,36
179,37
179,38
179,39
179,40
179,41
179,42
179,43
179,44
179,45
179,46
179,47
179,48
179,49
179,50
179,51
179,52
179,53
179,54
179,55
179,56
179,57
179,58
179,59
179,60
179,61
179,62
179,63
179,64
179,65
179,66
179,67
179,68
179,69
179,70
179,71
179,72
179,73
:192_1,74
:192_1,75
:192_1,76
:192_9,77
:192_9,78
471,79
471,80
471,81
471,82
471,83
471,84
471,85
471,86
471,87
471,88
471,89
471,90
471,91
471,92
471,93
471,94
471,95
471,96
471,97
471,98
471,99
471,100
471,101
471,102
471,103
471,104
471,105
471,106
471,107
471,108
471,109
471,110
471,111
471,112
471,113
471,114
471,115
471,116
471,117
471,118
471,119
471,120
471,121
471,122
471,123
471,124
471,125
471,126
471,127
471,128
471,129
471,130
471,131
471,132
471,133
471,134
471,135
471,136
471,137
471,138
471,139
471,140
471,141
471,142
471,143
:401_0,144
:401_0,145
:401_0,146
:401_0,147
:401_0,148
-493,149
-493,150
-493,151
-493,152
-493,153
-493,154
-493,155
-493,156
-493,157
-493,158
-493,159
-493,160
-493,161
-493,162
-493,163
-493,164
-493,165
-493,166
-493,167
-493,168
-493,169
-493,170
-493,171
-493,172
-493,173
-493,174
-493,175
-493,176
-493,177
-493,178
-493,179
-493,180
-493,181
-493,182
-493,183
-493,184
-493,185
-493,186
-493,187
-493,188
-493,189
-493,190
-493,191
-493,192
-493,193
-493,194
-493,195
-493,196
-493,197
-493,198
-493,199
-493,200
-493,201
-493,202
-493,203
-493,204
-493,205
-493,206
-493,207
-493,208
-493,209
-493,210
-493,211
-493,212
-493,213
-493,214
-493,215
-493,216
-493,217
-493,218
-493,219
-493,220
-493,221
-493,222
-493,223
-493,224
-493,225
-493,226
-493,227
-493,228
-493,229
-493,230
-493,231
-493,232
-493,233
-493,234
:366_0,235
:366_0,236
:366_0,237
:366_0,238
:366_0,239
494,240
494,241
494,242
494,243
494,244
494,245
494,246
494,247
494,248
494,249
494,250
494,251
494,252
494,253
494,254
494,255
494,256
494,257
494,258
494,259
494,260
494,261
494,262
494,263
-611,264
-611,265
-611,266
-611,267
-611,268
-611,269
-611,270
-611,271
-611,272
-611,273
-611,274
-611,275
-611,276
-611,277
-611,278
-611,279
-611,280
-611,281
-611,282
-611,283
-611,284
-611,285
-611,286
-611,287
-611,288
-611,289
-611,290
-611,291
-611,292
-611,293
-611,294
-611,295
-611,296
-611,297
-611,298
-611,299
-611,300
-611,301
-611,302
-611,303
-611,304
-611,305
-611,306
:402_0,307
:402_0,308
:402_0,309
-473,310
-473,311
-473,312
-473,313
-473,314
-473,315
-473,316
-473,317
-473,318
-473,319
-473,320
-473,321
-473,322
-473,323
-473,324
-473,325
-473,326
-473,327
-473,328
-473,329
-473,330
-473,331
-473,332
-473,333
-473,334
-473,335
-473,336
-473,337
-473,338
-473,339
-473,340
-473,341
-473,342
-473,343
-473,344
-473,345
-473,346
-473,347
-473,348
-473,349
-473,350
-473,351
-473,352
-473,353
-473,354
-473,355
-473,356
-473,357
-473,358
-473,359
-473,360
-473,361
-473,362
-473,363
-473,364
-473,365
-473,366
-473,367
-473,368
-473,369
-473,370
-473,371
-473,372
-473,373
-473,374
-473,375
-473,376
-473,377
-473,378
-473,379
-473,380
-473,381
-473,382
-473,383
-473,384
-473,385
-473,386
-473,387
-473,388
-473,389
-473,390
-473,391
-473,392
-473,393
-473,394
-473,395
-473,396
-473,397
-473,398
-473,399
-473,400
-473,401
-473,402
-473,403
-473,404
-473,405
-473,406
-473,407
-473,408
-473,409
-473,410
-473,411
-473,412
-473,413
-473,414
-473,415
-473,416
-473,417
-473,418
-473,419
-473,420
-473,421
-473,422
-473,423
:381_8,424
:381_8,425
:381_8,426
-437,427
-437,428
-437,429
-437,430
-437,431
-437,432
-437,433
-437,434
-437,435
-437,436
-437,437
-437,438
-437,439
-437,440
-437,441
-437,442
-437,443
-437,444
-437,445
-437,446
-437,447
-437,448
-437,449
-437,450
-437,451
-437,452
-437,453
-437,454
-437,455
-437,456
-437,457
-437,458
-437,459
-437,460
-437,461
-437,462
-437,463
-437,464
-437,465
-437,466
-437,467
-437,468
-437,469
-437,470
-437,471
-437,472
-437,473
-437,474
-437,475
-437,476
-437,477
-437,478
-437,479
-437,480
-437,481
-437,482
-437,483
-437,484
-437,485
-437,486
-437,487
-437,488
-437,489
-437,490
-437,491
-437,492
-437,493
-437,494
-437,495
-437,496
-437,497
-437,498
-437,499
-437,500
-437,501
-437,502
-437,503
-437,504
-437,505
-437,506
-437,507
-437,508
-437,509
-437,510
-437,511
-437,512
-437,513
-437,514
-437,515
-437,516
-437,517
-437,518
-437,519
-437,520
-437,521
-437,522
-437,523
-437,524
-437,525
-437,526
-437,527
-437,528
-437,529
-437,530
-437,531
-437,532
-437,533
-437,534
-437,535
-437,536
-437,537
-437,538
-437,539
-437,540
-437,541
-437,542
-437,543
-437,544
-437,545
-437,546
-437,547
-437,548
-437,549
-437,550
-437,551
-437,552
-437,553
-437,554
-437,555
-437,556
-437,557
-437,558
-437,559
-437,560
-437,561
-437,562
-437,563
-437,564
-437,565
-437,566
-437,567
-437,568
-437,569
-437,570
-437,571
-437,572
-437,573
-437,574
-437,575
-437,576
-437,577
-437,578
-437,579
-437,580
-437,581
-437,582
-437,583
-437,584
-437,585
-437,586
-437,587
-437,588
-437,589
-437,590
-437,591
-437,592
-437,593
-437,594
-437,595
-437,596
-437,597
-437,598
-437,599
-437,600
-437,601
-437,602
-437,603
-437,604
-437,605
-437,606
-437,607
-437,608
-437,609
-437,610
-437,611
-437,612
-437,613
-437,614
-437,615
-437,616
-437,617
-437,618
-437,619
-437,620
-437,621
-437,622
-437,623
-437,624
-437,625
-437,626
-437,627
-437,628
-437,629
-437,630
-437,631
-437,632
-437,633
-437,634
-437,635
-437,636
-437,637
-437,638
-437,639
-437,640
-437,641
-437,642
-437,643
-437,644
-437,645
-437,646
-437,647
-437,648
:244_14,649
:244_14,650
:244_18,651
:244_18,652
:244_18,653
-300,654
-300,655
-300,656
-300,657
-300,658
-300,659
-300,660
-300,661
-300,662
-300,663
-300,664
-300,665
-300,666
-300,667
-300,668
-300,669
-300,670
-300,671
-300,672
-300,673
-300,674
-300,675
-300,676
-300,677
-300,678
-300,679
-300,680
-300,681
-300,682
-300,683
-300,684
-300,685
-300,686
-300,687
-300,688
-300,689
-300,690
-300,691
-300,692
-300,693
-300,694
-300,695
-300,696
-300,697
-300,698
-300,699
-300,700
-300,701
-300,702
-300,703
-300,704
-300,705
-300,706
-300,707
-300,708
-300,709
-300,710
-300,711
-300,712
-300,713
-300,714
-300,715
-300,716
-300,717
-300,718
-300,719
-300,720
-300,721
-300,722
-300,723
-300,724
-300,725
-300,726
-300,727
-300,728
-300,729
-300,730
-300,731
-300,732
-300,733
-300,734
-300,735
-300,736
-300,737
-300,738
-300,739
-300,740
-300,741
-300,742
-300,743
-300,744
-300,745
-300,746
-300,747
-300,748
-300,749
-300,750
-300,751
-300,752
-300,753
-300,754
-300,755
-300,756
-300,757
-300,758
-300,759
-300,760
:285_5,761
:285_5,762
:285_5,763
:285_5,764
:285_5,765
:285_5,766
298,767
298,768
298,769
298,770
298,771
298,772
298,773
298,774
298,775
298,776
298,777
298,778
298,779
298,780
298,781
298,782
298,783
298,784
298,785
298,786
298,787
298,788
298,789
298,790
298,791
298,792
298,793
298,794
298,795
298,796
298,797
298,798
298,799
298,800
298,801
298,802
298,803
298,804
298,805
298,806
298,807
298,808
298,809
298,810
298,811
298,812
298,813
298,814
298,815
298,816
298,817
298,818
298,819
298,820
298,821
298,822
298,823
298,824
298,825
298,826
298,827
:286_9,828
:286_9,829
:286_9,830
:286_9,831
:286_9,832
477,833
477,834
477,835
477,836
477,837
477,838
477,839
477,840
477,841
477,842
477,843
477,844
477,845
477,846
477,847
477,848
477,849
477,850
477,851
477,852
477,853
477,854
477,855
477,856
477,857
477,858
477,859
477,860
477,861
477,862
477,863
477,864
477,865
477,866
477,867
477,868
477,869
477,870
477,871
477,872
477,873
477,874
477,875
477,876
477,877
477,878
477,879
477,880
477,881
477,882
477,883
477,884
477,885
477,886
477,887
477,888
477,889
477,890
477,891
477,892
477,893
477,894
477,895
477,896
477,897
477,898
477,899
477,900
477,901
477,902
477,903
477,904
477,905
477,906
:158_9,907
:158_9,908
:158_9,909
:158_9,910
:158_9,911
-143,912
-143,913
-143,914
-143,915
-143,916
-143,917
-143,918
-143,919
-143,920
-143,921
-143,922
-143,923
-143,924
-143,925
-143,926
-143,927
-143,928
-143,929
-143,930
-143,931
-143,932
-143,933
-143,934
-143,935
-143,936
-143,937
-143,938
-143,939
-143,940
-143,941
-143,942
-143,943
-143,944
-143,945
-143,946
-143,947
-143,948
-143,949
-143,950
-143,951
-143,952
-143,953
-143,954
-143,955
-143,956
-143,957
-143,958
-143,959
-143,960
-143,961
-143,962
-143,963
-143,964
-143,965
-143,966
-143,967
-143,968
-143,969
-143,970
-143,971
-143,972
:135_3,973
:135_3,974
:135_3,975
-118,976
-118,977
-118,978
-118,979
-118,980
-118,981
-118,982
-118,983
-118,984
-118,985
-118,986
-118,987
-118,988
-118,989
-118,990
-118,991
-118,992
-118,993
-118,994
-118,995
-118,996
-118,997
-118,998
-118,999
-118,1000
-118,1001
-118,1002
-118,1003
-118,1004
-118,1005
-118,1006
-118,1007
-118,1008
-118,1009
-118,1010
-118,1011
-118,1012
-118,1013
-118,1014
-118,1015
-118,1016
-118,1017
-118,1018
-118,1019
-118,1020
-118,1021
-118,1022
-118,1023
-118,1024
-118,1025
-118,1026
-118,1027
-118,1028
-118,1029
-118,1030
-118,1031
-118,1032
-118,1033
-118,1034
-118,1035
-118,1036
-118,1037
-118,1038
-118,1039
-118,1040
-118,1041
-118,1042
-118,1043
-118,1044
-118,1045
-118,1046
-118,1047
-118,1048
-118,1049
-118,1050
-118,1051
-118,1052
-118,1053
-118,1054
-118,1055
-118,1056
-118,1057
-118,1058
-118,1059
-118,1060
-118,1061
-118,1062
-118,1063
-118,1064
-118,1065
-118,1066
-118,1067
-118,1068
-118,1069
-118,1070
-118,1071
-118,1072
-118,1073
-118,1074
-118,1075
-118,1076
-118,1077
-118,1078
-118,1079
-118,1080
-118,1081
-118,1082
-118,1083
-118,1084
-118,1085
-118,1086
-118,1087
-118,1088
-118,1089
-118,1090
-118,1091
-118,1092
-118,1093
-118,1094
-118,1095
-118,1096
-118,1097
-118,1098
-118,1099
-118,1100
-118,1101
-118,1102
-118,1103
-118,1104
-118,1105
-118,1106
-118,1107
-118,1108
-118,1109
-118,1110
-118,1111
-118,1112
-118,1113
-118,1114
-118,1115
-118,1116
-118,1117
-118,1118
-118,1119
-118,1120
-118,1121
-118,1122
-118,1123
-118,1124
-118,1125
-118,1126
-118,1127
-118,1128
-118,1129
-118,1130
-118,1131
-118,1132
-118,1133
-118,1134
-118,1135
-118,1136
-118,1137
-118,1138
-118,1139
-118,1140
-118,1141
