-251,1
-251,2
-251,3
-251,4
-251,5
-251,6
-251,7
-251,8
-251,9
-251,10
-251,11
-251,12
-251,13
-251,14
-251,15
-251,16
-251,17
-251,18
-251,19
-251,20
-251,21
-251,22
-251,23
-251,24
-251,25
-251,26
-251,27
-251,28
-251,29
-251,30
-251,31
-251,32
-251,33
-251,34
-251,35
-251,36
-251,37
-251,38
-251,39
-251,40
-251,41
-251,42
-251,43
-251,44
-251,45
-251,46
-251,47
-251,48
-251,49
-251,50
-251,51
-251,52
-251,53
-251,54
-251,55
-251,56
-251,57
-251,58
-251,59
-251,60
-251,61
-251,62
:249_2,63
:249_2,64
:249_2,65
:249_2,66
248,67
248,68
248,69
248,70
248,71
248,72
248,73
248,74
248,75
248,76
248,77
248,78
248,79
248,80
248,81
248,82
248,83
248,84
248,85
248,86
248,87
248,88
248,89
248,90
248,91
248,92
248,93
248,94
248,95
248,96
248,97
248,98
248,99
248,100
248,101
248,102
248,103
248,104
248,105
248,106
248,107
248,108
248,109
248,110
248,111
248,112
248,113
248,114
248,115
248,116
248,117
248,118
248,119
248,120
248,121
248,122
248,123
248,124
248,125
248,126
248,127
248,128
248,129
248,130
248,131
248,132
248,133
248,134
248,135
248,136
248,137
248,138
248,139
248,140
248,141
248,142
248,143
-382,144
-382,145
-382,146
-382,147
-382,148
-382,149
-382,150
-382,151
-382,152
-382,153
-382,154
-382,155
-382,156
-382,157
-382,158
-382,159
-382,160
-382,161
-382,162
-382,163
-382,164
-382,165
-382,166
-382,167
-382,168
-382,169
-382,170
-382,171
-382,172
-382,173
-382,174
-382,175
-382,176
-382,177
-382,178
-382,179
-382,180
-382,181
-382,182
-382,183
-382,184
-382,185
-382,186
-382,187
-382,188
-382,189
-382,190
-382,191
-382,192
-382,193
-382,194
-382,195
-382,196
-382,197
-382,198
-382,199
-382,200
-382,201
-382,202
-382,203
-382,204
-382,205
-382,206
-382,207
-382,208
-382,209
-382,210
-382,211
-382,212
-382,213
-382,214
-382,215
-382,216
:241_6,217
:241_6,218
:241_6,219
:241_6,220
-238,221
-238,222
-238,223
-238,224
-238,225
-238,226
-238,227
-238,228
-238,229
-238,230
-238,231
-238,232
-238,233
-238,234
-238,235
-238,236
-238,237
-238,238
-238,239
-238,240
-238,241
-238,242
-238,243
-238,244
-238,245
-238,246
-238,247
-238,248
-238,249
-238,250
-238,251
-238,252
-238,253
-238,254
-238,255
-238,256
-238,257
-238,258
-238,259
-238,260
-238,261
-238,262
-238,263
-238,264
-238,265
-238,266
-238,267
-238,268
-238,269
-238,270
-238,271
-238,272
-238,273
-238,274
-238,275
-238,276
-238,277
-238,278
-238,279
-238,280
-238,281
-238,282
-238,283
:239_7,284
:239_7,285
:239_7,286
:239_7,287
236,288
236,289
236,290
236,291
236,292
236,293
236,294
236,295
236,296
236,297
236,298
236,299
236,300
236,301
236,302
236,303
236,304
236,305
236,306
236,307
236,308
236,309
236,310
236,311
236,312
236,313
236,314
236,315
236,316
236,317
236,318
236,319
236,320
236,321
236,322
236,323
236,324
236,325
236,326
236,327
236,328
236,329
236,330
236,331
236,332
236,333
236,334
236,335
236,336
236,337
236,338
236,339
236,340
236,341
236,342
236,343
236,344
236,345
236,346
236,347
236,348
236,349
236,350
236,351
236,352
236,353
236,354
236,355
236,356
236,357
236,358
236,359
236,360
236,361
236,362
236,363
236,364
236,365
236,366
236,367
236,368
236,369
236,370
236,371
236,372
236,373
236,374
236,375
236,376
236,377
236,378
236,379
236,380
236,381
236,382
236,383
236,384
236,385
236,386
236,387
236,388
236,389
236,390
236,391
236,392
:240_3,393
:240_3,394
:240_3,395
:240_3,396
:240_3,397
237,398
237,399
237,400
237,401
237,402
237,403
237,404
237,405
237,406
237,407
237,408
237,409
237,410
237,411
237,412
237,413
237,414
237,415
237,416
237,417
237,418
237,419
237,420
237,421
237,422
237,423
237,424
237,425
237,426
237,427
237,428
237,429
237,430
237,431
237,432
237,433
237,434
237,435
237,436
237,437
237,438
237,439
237,440
237,441
237,442
237,443
237,444
237,445
237,446
237,447
237,448
237,449
237,450
237,451
237,452
237,453
237,454
237,455
237,456
237,457
237,458
237,459
237,460
237,461
237,462
237,463
237,464
237,465
237,466
237,467
237,468
237,469
237,470
237,471
237,472
237,473
237,474
237,475
237,476
237,477
237,478
237,479
237,480
237,481
237,482
237,483
237,484
237,485
237,486
237,487
237,488
237,489
237,490
237,491
237,492
237,493
237,494
237,495
237,496
237,497
237,498
237,499
237,500
237,501
237,502
237,503
237,504
237,505
237,506
237,507
237,508
237,509
237,510
237,511
237,512
237,513
237,514
237,515
237,516
237,517
237,518
237,519
237,520
237,521
237,522
237,523
237,524
237,525
237,526
237,527
237,528
237,529
237,530
237,531
237,532
237,533
237,534
237,535
237,536
237,537
237,538
237,539
237,540
237,541
237,542
237,543
237,544
237,545
237,546
237,547
237,548
237,549
237,550
237,551
237,552
237,553
:74_13,554
:74_13,555
:74_13,556
:74_13,557
65,558
65,559
65,560
65,561
65,562
65,563
65,564
65,565
65,566
65,567
65,568
65,569
65,570
65,571
65,572
65,573
65,574
65,575
65,576
65,577
65,578
65,579
65,580
65,581
65,582
65,583
65,584
65,585
65,586
65,587
65,588
65,589
65,590
65,591
65,592
65,593
65,594
65,595
65,596
65,597
65,598
65,599
65,600
65,601
65,602
65,603
65,604
65,605
65,606
65,607
65,608
65,609
65,610
65,611
65,612
65,613
65,614
65,615
65,616
65,617
65,618
65,619
65,620
65,621
65,622
65,623
65,624
65,625
65,626
65,627
65,628
65,629
65,630
65,631
65,632
65,633
65,634
65,635
65,636
65,637
65,638
65,639
65,640
65,641
65,642
65,643
65,644
65,645
65,646
65,647
65,648
65,649
65,650
65,651
65,652
65,653
65,654
65,655
65,656
65,657
65,658
:75_13,659
:75_13,660
:75_13,661
:75_13,662
-438,663
-438,664
-438,665
-438,666
-438,667
-438,668
-438,669
-438,670
-438,671
-438,672
-438,673
-438,674
-438,675
-438,676
-438,677
-438,678
-438,679
-438,680
-438,681
-438,682
-438,683
-438,684
-438,685
-438,686
-438,687
-438,688
-438,689
-438,690
-438,691
-438,692
-438,693
-438,694
-438,695
-438,696
-438,697
-438,698
-438,699
-438,700
-438,701
-438,702
-438,703
-438,704
-438,705
-438,706
-438,707
-438,708
-438,709
-438,710
-438,711
-438,712
-438,713
-438,714
-438,715
-438,716
-438,717
-438,718
-438,719
-438,720
-438,721
-438,722
-438,723
-438,724
-438,725
-438,726
-438,727
-438,728
-438,729
-438,730
-438,731
-438,732
-438,733
-438,734
-438,735
-438,736
-438,737
-438,738
-438,739
-438,740
-438,741
-438,742
-438,743
-438,744
-438,745
-438,746
-438,747
-438,748
-438,749
-438,750
-438,751
-438,752
-438,753
-438,754
-438,755
-438,756
-438,757
-438,758
-438,759
-438,760
-438,761
-438,762
-438,763
-438,764
-438,765
:381_13,766
:381_13,767
:381_13,768
:381_13,769
:381_13,770
-437,771
-437,772
-437,773
-437,774
-437,775
-437,776
-437,777
-437,778
-437,779
-437,780
-437,781
-437,782
-437,783
-437,784
-437,785
-437,786
-437,787
-437,788
-437,789
-437,790
-437,791
-437,792
-437,793
-437,794
-437,795
-437,796
-437,797
-437,798
-437,799
-437,800
-437,801
-437,802
-437,803
-437,804
-437,805
-437,806
-437,807
-437,808
-437,809
-437,810
-437,811
-437,812
-437,813
-437,814
-437,815
-437,816
-437,817
-437,818
-437,819
-437,820
-437,821
-437,822
-437,823
-437,824
-437,825
-437,826
-437,827
-437,828
-437,829
-437,830
-437,831
-437,832
-437,833
-437,834
-437,835
-437,836
-437,837
-437,838
-437,839
-437,840
-437,841
-437,842
-437,843
-437,844
-437,845
-437,846
-437,847
-437,848
-437,849
-437,850
-437,851
-437,852
-437,853
-437,854
-437,855
-437,856
-437,857
-437,858
-437,859
-437,860
-437,861
-437,862
-437,863
-437,864
-437,865
-437,866
-437,867
-437,868
-437,869
-437,870
-437,871
-437,872
-437,873
-437,874
-437,875
-437,876
-437,877
-437,878
-437,879
-437,880
-437,881
-437,882
-437,883
-437,884
-437,885
-437,886
-437,887
-437,888
-437,889
-437,890
-437,891
-437,892
-437,893
-437,894
-437,895
-437,896
-437,897
-437,898
-437,899
-437,900
-437,901
-437,902
-437,903
-437,904
-437,905
-437,906
-437,907
-437,908
-437,909
-437,910
-437,911
-437,912
-437,913
-437,914
-437,915
-437,916
-437,917
-437,918
-437,919
-437,920
-437,921
-437,922
-437,923
-437,924
-437,925
-437,926
-437,927
-437,928
-437,929
-437,930
-437,931
-437,932
-437,933
-437,934
-437,935
-437,936
-437,937
-437,938
-437,939
-437,940
-437,941
-437,942
-437,943
-437,944
-437,945
-437,946
-437,947
-437,948
-437,949
-437,950
-437,951
-437,952
-437,953
-437,954
-437,955
-437,956
-437,957
-437,958
-437,959
-437,960
-437,961
-437,962
-437,963
-437,964
-437,965
-437,966
-437,967
-437,968
-437,969
-437,970
:244_13,971
:244_13,972
:244_13,973
:244_13,974
242,975
242,976
242,977
242,978
242,979
242,980
242,981
242,982
242,983
242,984
242,985
242,986
242,987
242,988
242,989
242,990
242,991
242,992
242,993
242,994
242,995
242,996
242,997
242,998
242,999
242,1000
242,1001
242,1002
242,1003
242,1004
242,1005
242,1006
242,1007
242,1008
242,1009
242,1010
242,1011
242,1012
242,1013
242,1014
242,1015
242,1016
242,1017
242,1018
242,1019
242,1020
242,1021
242,1022
242,1023
242,1024
242,1025
242,1026
242,1027
242,1028
242,1029
242,1030
242,1031
242,1032
242,1033
242,1034
242,1035
242,1036
242,1037
242,1038
242,1039
242,1040
242,1041
242,1042
242,1043
242,1044
242,1045
242,1046
242,1047
242,1048
242,1049
242,1050
242,1051
242,1052
242,1053
242,1054
242,1055
242,1056
242,1057
242,1058
242,1059
242,1060
242,1061
242,1062
:245_3,1063
:245_3,1064
:245_3,1065
:245_3,1066
243,1067
243,1068
243,1069
243,1070
243,1071
243,1072
243,1073
243,1074
243,1075
243,1076
243,1077
243,1078
243,1079
243,1080
243,1081
243,1082
243,1083
243,1084
243,1085
243,1086
243,1087
243,1088
243,1089
243,1090
243,1091
243,1092
243,1093
243,1094
243,1095
243,1096
243,1097
243,1098
243,1099
243,1100
243,1101
243,1102
243,1103
243,1104
243,1105
243,1106
243,1107
243,1108
243,1109
243,1110
243,1111
243,1112
243,1113
243,1114
243,1115
243,1116
243,1117
243,1118
243,1119
243,1120
243,1121
243,1122
243,1123
243,1124
243,1125
243,1126
243,1127
243,1128
243,1129
:179_12,1130
:179_12,1131
:179_12,1132
-164,1133
-164,1134
-164,1135
-164,1136
-164,1137
-164,1138
-164,1139
-164,1140
-164,1141
-164,1142
-164,1143
-164,1144
-164,1145
-164,1146
-164,1147
-164,1148
-164,1149
-164,1150
-164,1151
-164,1152
-164,1153
-164,1154
-164,1155
-164,1156
-164,1157
-164,1158
-164,1159
-164,1160
-164,1161
-164,1162
-164,1163
-164,1164
-164,1165
-164,1166
-164,1167
-164,1168
-164,1169
-164,1170
-164,1171
-164,1172
-164,1173
-164,1174
-164,1175
-164,1176
-164,1177
-164,1178
-164,1179
-164,1180
-164,1181
-164,1182
-164,1183
-164,1184
-164,1185
-164,1186
-164,1187
-164,1188
-164,1189
-164,1190
-164,1191
-164,1192
-164,1193
-164,1194
-164,1195
-164,1196
-164,1197
-164,1198
-164,1199
-164,1200
-164,1201
-164,1202
-164,1203
-164,1204
-164,1205
-164,1206
-164,1207
-164,1208
-164,1209
-164,1210
-164,1211
-164,1212
-164,1213
-164,1214
-164,1215
-164,1216
-164,1217
-164,1218
-164,1219
-164,1220
-164,1221
-164,1222
-164,1223
-164,1224
-164,1225
-164,1226
-164,1227
-164,1228
-164,1229
-164,1230
-164,1231
-164,1232
-164,1233
-164,1234
-164,1235
-164,1236
-164,1237
-164,1238
-164,1239
-164,1240
-164,1241
-164,1242
-164,1243
-164,1244
-164,1245
-164,1246
-164,1247
-164,1248
-164,1249
-164,1250
-164,1251
-164,1252
-164,1253
-164,1254
-164,1255
-164,1256
-164,1257
-164,1258
-164,1259
-164,1260
-164,1261
-164,1262
-164,1263
-164,1264
-164,1265
-164,1266
-164,1267
-164,1268
-164,1269
-164,1270
-164,1271
-164,1272
-164,1273
-164,1274
-164,1275
-164,1276
-164,1277
-164,1278
-164,1279
-164,1280
-164,1281
-164,1282
-164,1283
-164,1284
-164,1285
-164,1286
-164,1287
-164,1288
-164,1289
-164,1290
-164,1291
-164,1292
-164,1293
-164,1294
-164,1295
-164,1296
-164,1297
-164,1298
-164,1299
-164,1300
-164,1301
-164,1302
-164,1303
-164,1304
-164,1305
-164,1306
