-546,1
-546,2
-546,3
-546,4
-546,5
-546,6
-546,7
-546,8
-546,9
-546,10
-546,11
-546,12
-546,13
-546,14
-546,15
-546,16
-546,17
-546,18
-546,19
-546,20
-546,21
-546,22
-546,23
-546,24
-546,25
-546,26
-546,27
-546,28
-546,29
-546,30
-546,31
-546,32
-546,33
-546,34
-546,35
-546,36
-546,37
-546,38
-546,39
-546,40
-546,41
-546,42
-546,43
-546,44
-546,45
-546,46
-546,47
:253_0,48
-252,49
-252,50
-252,51
-252,52
-252,53
-252,54
-252,55
-252,56
-252,57
-252,58
-252,59
-252,60
-252,61
-252,62
-252,63
-252,64
-252,65
-252,66
-252,67
-252,68
-252,69
-252,70
-252,71
-252,72
-252,73
-252,74
-252,75
-252,76
-252,77
-252,78
-252,79
-252,80
-252,81
-252,82
-252,83
-252,84
-252,85
-252,86
-252,87
-252,88
-252,89
-252,90
-252,91
-252,92
-252,93
-252,94
-252,95
-252,96
-252,97
-252,98
-252,99
-252,100
-252,101
-252,102
-252,103
-252,104
-252,105
-252,106
-252,107
-252,108
-252,109
-252,110
-252,111
-252,112
-252,113
-252,114
-252,115
-252,116
-252,117
-252,118
-252,119
-252,120
-252,121
-252,122
-252,123
-252,124
-252,125
-252,126
-252,127
-252,128
-252,129
-252,130
-252,131
-252,132
-252,133
-252,134
-252,135
-252,136
-252,137
-252,138
-252,139
-252,140
-252,141
-252,142
-252,143
-252,144
-252,145
-252,146
-252,147
-252,148
-252,149
-252,150
-252,151
-252,152
-252,153
-252,154
-252,155
-252,156
-252,157
-252,158
-252,159
-252,160
-252,161
-252,162
-252,163
-252,164
-252,165
-252,166
-252,167
-252,168
-252,169
-252,170
-252,171
-252,172
-252,173
-252,174
-252,175
-252,176
-252,177
-252,178
-252,179
-252,180
-252,181
-252,182
-252,183
-252,184
-252,185
-252,186
-252,187
-252,188
-252,189
-252,190
-252,191
-252,192
-252,193
-252,194
-252,195
-252,196
-252,197
-252,198
-252,199
-252,200
-252,201
-252,202
-252,203
-252,204
-252,205
-252,206
-252,207
-252,208
-252,209
-252,210
-252,211
:252_0,212
:252_0,213
:252_0,214
:252_0,215
:252_0,216
253,217
253,218
253,219
253,220
253,221
253,222
253,223
253,224
253,225
253,226
253,227
253,228
253,229
253,230
253,231
253,232
253,233
253,234
253,235
253,236
253,237
253,238
253,239
253,240
253,241
253,242
253,243
253,244
253,245
253,246
253,247
253,248
253,249
253,250
253,251
253,252
253,253
253,254
253,255
253,256
253,257
253,258
253,259
253,260
253,261
253,262
253,263
253,264
253,265
253,266
253,267
253,268
253,269
253,270
253,271
253,272
253,273
253,274
253,275
253,276
253,277
253,278
253,279
253,280
:254_5,281
:254_5,282
:254_5,283
:254_5,284
:254_5,285
:254_5,286
-283,287
-283,288
-283,289
-283,290
-283,291
-283,292
-283,293
-283,294
-283,295
-283,296
-283,297
-283,298
-283,299
-283,300
-283,301
-283,302
-283,303
-283,304
-283,305
-283,306
-283,307
-283,308
-283,309
-283,310
-283,311
-283,312
-283,313
-283,314
-283,315
-283,316
-283,317
-283,318
-283,319
-283,320
-283,321
-283,322
-283,323
-283,324
-283,325
-283,326
-283,327
-283,328
-283,329
-283,330
-283,331
-283,332
-283,333
-283,334
-283,335
-283,336
-283,337
-283,338
-283,339
-283,340
-283,341
-283,342
-283,343
:248_5,344
:248_5,345
:248_5,346
:248_5,347
:248_5,348
:248_5,349
-247,350
-247,351
-247,352
-247,353
-247,354
-247,355
-247,356
-247,357
-247,358
-247,359
-247,360
-247,361
-247,362
-247,363
-247,364
-247,365
-247,366
-247,367
-247,368
-247,369
-247,370
-247,371
-247,372
-247,373
-247,374
-247,375
-247,376
-247,377
-247,378
-247,379
-247,380
-247,381
-247,382
-247,383
-247,384
-247,385
-247,386
-247,387
-247,388
-247,389
-247,390
-247,391
-247,392
-247,393
-247,394
-247,395
-247,396
-247,397
-247,398
-247,399
-247,400
-247,401
-247,402
-247,403
-247,404
-247,405
-247,406
-247,407
-247,408
-247,409
-247,410
-247,411
-247,412
-247,413
-247,414
-247,415
-247,416
-247,417
-247,418
-247,419
-247,420
-247,421
-247,422
-247,423
-247,424
-247,425
-247,426
-247,427
-247,428
-247,429
-247,430
-247,431
-247,432
-247,433
-247,434
-247,435
-247,436
-247,437
-247,438
-247,439
-247,440
-247,441
-247,442
-247,443
-247,444
-247,445
-247,446
-247,447
-247,448
-247,449
-247,450
-247,451
-247,452
-247,453
-247,454
-247,455
-247,456
-247,457
-247,458
-247,459
-247,460
-247,461
-247,462
-247,463
-247,464
