205,1
205,2
205,3
205,4
205,5
205,6
205,7
205,8
205,9
205,10
205,11
205,12
205,13
205,14
205,15
205,16
205,17
205,18
205,19
205,20
205,21
205,22
205,23
205,24
205,25
205,26
205,27
205,28
205,29
205,30
205,31
205,32
205,33
205,34
205,35
205,36
205,37
205,38
205,39
205,40
205,41
205,42
205,43
205,44
205,45
205,46
205,47
205,48
205,49
205,50
205,51
205,52
205,53
205,54
205,55
205,56
205,57
205,58
205,59
205,60
205,61
205,62
205,63
205,64
205,65
205,66
205,67
205,68
205,69
205,70
205,71
205,72
205,73
205,74
205,75
205,76
205,77
205,78
205,79
205,80
205,81
205,82
205,83
205,84
205,85
205,86
205,87
205,88
205,89
205,90
205,91
205,92
205,93
205,94
205,95
205,96
205,97
205,98
205,99
205,100
205,101
205,102
205,103
205,104
:213_6,105
:213_6,106
:213_6,107
:213_6,108
:213_6,109
-630,110
-630,111
-630,112
-630,113
-630,114
-630,115
-630,116
-630,117
-630,118
-630,119
-630,120
-630,121
-630,122
-630,123
-630,124
-630,125
-630,126
-630,127
-630,128
-630,129
-630,130
-630,131
-630,132
-630,133
-630,134
-630,135
-630,136
-630,137
-630,138
-630,139
-630,140
-630,141
-630,142
-630,143
-630,144
-630,145
-630,146
-630,147
-630,148
-630,149
-630,150
-630,151
-630,152
-630,153
-630,154
-630,155
-630,156
-630,157
-630,158
-630,159
-630,160
-630,161
-630,162
-630,163
-630,164
-630,165
-630,166
-630,167
-630,168
-630,169
-630,170
-630,171
-630,172
-630,173
-630,174
-630,175
-630,176
-630,177
-630,178
-630,179
-630,180
-630,181
-630,182
-630,183
-630,184
-630,185
-630,186
-630,187
-630,188
-630,189
-630,190
-630,191
-630,192
-630,193
-630,194
-630,195
-630,196
-630,197
-630,198
-630,199
-630,200
-630,201
-630,202
-630,203
-630,204
-630,205
-630,206
-630,207
-630,208
-630,209
-630,210
-630,211
-630,212
-630,213
-630,214
-630,215
-630,216
:93_6,217
:93_6,218
:93_6,219
:93_6,220
:93_6,221
-80,222
-80,223
-80,224
-80,225
-80,226
-80,227
-80,228
-80,229
-80,230
-80,231
-80,232
-80,233
-80,234
-80,235
-80,236
-80,237
-80,238
-80,239
-80,240
-80,241
-80,242
-80,243
-80,244
-80,245
-80,246
-80,247
-80,248
-80,249
-80,250
-80,251
-80,252
-80,253
-80,254
-80,255
-80,256
-80,257
-80,258
-80,259
-80,260
-80,261
-80,262
-80,263
-80,264
-80,265
-80,266
-80,267
-80,268
-80,269
-80,270
-80,271
-80,272
-80,273
-80,274
-80,275
-80,276
-80,277
-80,278
-80,279
-80,280
-80,281
-80,282
-80,283
-80,284
-80,285
-80,286
-80,287
-80,288
-80,289
-80,290
-80,291
-80,292
-80,293
-80,294
-80,295
-80,296
-80,297
-80,298
-80,299
-80,300
-80,301
-80,302
-80,303
-80,304
-80,305
-80,306
-80,307
-80,308
-80,309
-80,310
-80,311
-80,312
-80,313
-80,314
-80,315
-80,316
-80,317
-80,318
-80,319
-80,320
-80,321
-80,322
-80,323
-80,324
-80,325
-80,326
:91_7,327
:91_7,328
:91_7,329
:91_10,330
:91_10,331
:91_10,332
:91_10,333
:91_10,334
79,335
79,336
79,337
79,338
79,339
79,340
79,341
79,342
79,343
79,344
79,345
79,346
79,347
79,348
79,349
79,350
79,351
79,352
79,353
79,354
79,355
79,356
79,357
79,358
79,359
79,360
79,361
79,362
79,363
79,364
79,365
79,366
79,367
79,368
79,369
79,370
79,371
79,372
79,373
79,374
79,375
79,376
79,377
79,378
79,379
79,380
79,381
79,382
79,383
79,384
79,385
79,386
79,387
79,388
79,389
79,390
79,391
79,392
79,393
79,394
79,395
79,396
79,397
79,398
79,399
79,400
79,401
79,402
79,403
79,404
79,405
79,406
79,407
79,408
79,409
79,410
79,411
79,412
79,413
79,414
79,415
79,416
79,417
79,418
79,419
79,420
79,421
79,422
79,423
79,424
79,425
79,426
79,427
79,428
79,429
79,430
79,431
:92_3,432
:92_3,433
:92_3,434
:92_3,435
:92_3,436
-571,437
-571,438
-571,439
-571,440
-571,441
-571,442
-571,443
-571,444
-571,445
-571,446
-571,447
-571,448
-571,449
-571,450
-571,451
-571,452
-571,453
-571,454
-571,455
-571,456
-571,457
-571,458
-571,459
-571,460
-571,461
-571,462
-571,463
-571,464
-571,465
-571,466
-571,467
-571,468
-571,469
-571,470
-571,471
-571,472
-571,473
-571,474
-571,475
-571,476
-571,477
-571,478
-571,479
-571,480
-571,481
-571,482
-571,483
-571,484
-571,485
-571,486
-571,487
-571,488
-571,489
-571,490
-571,491
-571,492
-571,493
-571,494
-571,495
-571,496
-571,497
-571,498
-571,499
-571,500
-571,501
-571,502
-571,503
-571,504
-571,505
-571,506
-571,507
-571,508
-571,509
-571,510
-571,511
-571,512
-571,513
-571,514
-571,515
-571,516
-571,517
-571,518
-571,519
-571,520
-571,521
-571,522
-571,523
-571,524
-571,525
-571,526
-571,527
-571,528
-571,529
-571,530
-571,531
-571,532
-571,533
-571,534
-571,535
-571,536
-571,537
-571,538
-571,539
-571,540
-571,541
-571,542
-571,543
-571,544
-571,545
-571,546
-571,547
-571,548
-571,549
-571,550
-571,551
-571,552
-571,553
-571,554
-571,555
-571,556
-571,557
-571,558
-571,559
-571,560
-571,561
-571,562
-571,563
-571,564
-571,565
-571,566
-571,567
-571,568
-571,569
-571,570
-571,571
-571,572
-571,573
-571,574
-571,575
-571,576
-571,577
-571,578
-571,579
-571,580
-571,581
-571,582
-571,583
-571,584
-571,585
-571,586
-571,587
-571,588
-571,589
-571,590
-571,591
-571,592
-571,593
-571,594
-571,595
-571,596
-571,597
-571,598
-571,599
-571,600
-571,601
-571,602
-571,603
-571,604
-571,605
-571,606
-571,607
-571,608
-571,609
-571,610
-571,611
-571,612
-571,613
-571,614
-571,615
-571,616
-571,617
-571,618
-571,619
-571,620
-571,621
-571,622
-571,623
:99_7,624
:99_7,625
:99_7,626
:99_7,627
-570,628
-570,629
-570,630
-570,631
-570,632
-570,633
-570,634
-570,635
-570,636
-570,637
-570,638
-570,639
-570,640
-570,641
-570,642
-570,643
-570,644
-570,645
-570,646
-570,647
-570,648
-570,649
-570,650
-570,651
-570,652
-570,653
-570,654
-570,655
-570,656
-570,657
-570,658
-570,659
-570,660
-570,661
-570,662
-570,663
-570,664
-570,665
-570,666
-570,667
-570,668
-570,669
-570,670
-570,671
-570,672
-570,673
-570,674
-570,675
-570,676
-570,677
-570,678
-570,679
-570,680
-570,681
-570,682
-570,683
-570,684
-570,685
-570,686
-570,687
-570,688
-570,689
-570,690
-570,691
-570,692
-570,693
-570,694
-570,695
-570,696
-570,697
-570,698
-570,699
-570,700
-570,701
-570,702
-570,703
-570,704
-570,705
-570,706
-570,707
-570,708
-570,709
-570,710
-570,711
-570,712
-570,713
-570,714
-570,715
-570,716
-570,717
-570,718
-570,719
-570,720
-570,721
-570,722
-570,723
-570,724
-570,725
-570,726
-570,727
-570,728
-570,729
-570,730
-570,731
-570,732
-570,733
-570,734
-570,735
-570,736
-570,737
-570,738
-570,739
-570,740
-570,741
-570,742
-570,743
-570,744
-570,745
-570,746
-570,747
-570,748
-570,749
-570,750
-570,751
-570,752
-570,753
-570,754
-570,755
-570,756
-570,757
-570,758
-570,759
-570,760
-570,761
-570,762
-570,763
-570,764
-570,765
-570,766
-570,767
-570,768
-570,769
-570,770
-570,771
-570,772
-570,773
-570,774
-570,775
-570,776
-570,777
:151_7,778
:151_7,779
:151_7,780
:151_7,781
:151_7,782
-569,783
-569,784
-569,785
-569,786
-569,787
-569,788
-569,789
-569,790
-569,791
-569,792
-569,793
-569,794
-569,795
-569,796
-569,797
-569,798
-569,799
-569,800
-569,801
-569,802
-569,803
-569,804
-569,805
-569,806
-569,807
-569,808
-569,809
-569,810
-569,811
-569,812
-569,813
-569,814
-569,815
-569,816
-569,817
-569,818
-569,819
-569,820
-569,821
-569,822
-569,823
-569,824
-569,825
-569,826
-569,827
-569,828
-569,829
-569,830
-569,831
-569,832
-569,833
-569,834
-569,835
-569,836
-569,837
-569,838
-569,839
-569,840
-569,841
-569,842
-569,843
-569,844
-569,845
-569,846
-569,847
-569,848
-569,849
-569,850
-569,851
-569,852
-569,853
-569,854
-569,855
-569,856
-569,857
-569,858
-569,859
-569,860
-569,861
-569,862
-569,863
-569,864
-569,865
-569,866
-569,867
-569,868
-569,869
-569,870
-569,871
-569,872
-569,873
-569,874
-569,875
-569,876
:64_3,877
:64_3,878
:64_3,879
:64_3,880
:64_3,881
-56,882
-56,883
-56,884
-56,885
-56,886
-56,887
-56,888
-56,889
-56,890
-56,891
-56,892
-56,893
-56,894
-56,895
-56,896
-56,897
-56,898
-56,899
-56,900
-56,901
-56,902
-56,903
-56,904
-56,905
-56,906
-56,907
-56,908
-56,909
-56,910
-56,911
-56,912
-56,913
-56,914
-56,915
-56,916
-56,917
-56,918
-56,919
-56,920
-56,921
-56,922
-56,923
-56,924
-56,925
-56,926
-56,927
-56,928
-56,929
-56,930
-56,931
-56,932
-56,933
-56,934
-56,935
-56,936
-56,937
-56,938
-56,939
-56,940
-56,941
-56,942
-56,943
-56,944
-56,945
-56,946
-56,947
-56,948
-56,949
-56,950
-56,951
-56,952
-56,953
-56,954
-56,955
-56,956
-56,957
-56,958
-56,959
-56,960
-56,961
-56,962
-56,963
-56,964
-56,965
-56,966
-56,967
-56,968
-56,969
-56,970
-56,971
-56,972
-56,973
-56,974
-56,975
-56,976
-56,977
-56,978
-56,979
-56,980
-56,981
-56,982
-56,983
-56,984
-56,985
-56,986
-56,987
-56,988
-56,989
-56,990
-56,991
-56,992
-56,993
-56,994
-56,995
-56,996
-56,997
-56,998
-56,999
-56,1000
-56,1001
-56,1002
-56,1003
-56,1004
-56,1005
-56,1006
-56,1007
-56,1008
-56,1009
-56,1010
-56,1011
:58_13,1012
:58_13,1013
:58_13,1014
:58_13,1015
:58_13,1016
53,1017
53,1018
53,1019
53,1020
53,1021
53,1022
53,1023
53,1024
53,1025
53,1026
53,1027
53,1028
53,1029
53,1030
53,1031
53,1032
53,1033
53,1034
53,1035
53,1036
53,1037
53,1038
53,1039
53,1040
53,1041
53,1042
53,1043
53,1044
53,1045
53,1046
53,1047
53,1048
53,1049
53,1050
53,1051
53,1052
53,1053
53,1054
53,1055
53,1056
53,1057
53,1058
53,1059
53,1060
53,1061
53,1062
53,1063
53,1064
53,1065
53,1066
53,1067
53,1068
53,1069
53,1070
53,1071
53,1072
53,1073
53,1074
53,1075
53,1076
53,1077
53,1078
53,1079
53,1080
53,1081
53,1082
53,1083
53,1084
53,1085
:61_7,1086
:61_7,1087
:61_7,1088
:61_7,1089
:61_7,1090
54,1091
54,1092
54,1093
54,1094
54,1095
54,1096
54,1097
54,1098
54,1099
54,1100
54,1101
54,1102
54,1103
54,1104
54,1105
54,1106
54,1107
54,1108
54,1109
54,1110
54,1111
54,1112
54,1113
54,1114
54,1115
54,1116
54,1117
54,1118
54,1119
54,1120
54,1121
54,1122
54,1123
54,1124
54,1125
54,1126
54,1127
54,1128
54,1129
54,1130
54,1131
54,1132
54,1133
:62_3,1134
:62_3,1135
:62_3,1136
:62_3,1137
:62_3,1138
55,1139
55,1140
55,1141
55,1142
55,1143
55,1144
55,1145
55,1146
55,1147
55,1148
55,1149
55,1150
55,1151
55,1152
55,1153
55,1154
55,1155
55,1156
55,1157
55,1158
55,1159
55,1160
55,1161
55,1162
55,1163
55,1164
55,1165
55,1166
55,1167
55,1168
55,1169
55,1170
55,1171
55,1172
55,1173
55,1174
55,1175
55,1176
55,1177
55,1178
55,1179
55,1180
55,1181
55,1182
55,1183
55,1184
55,1185
55,1186
55,1187
55,1188
55,1189
55,1190
55,1191
55,1192
55,1193
55,1194
55,1195
55,1196
55,1197
55,1198
55,1199
55,1200
55,1201
55,1202
55,1203
55,1204
55,1205
55,1206
55,1207
55,1208
55,1209
55,1210
55,1211
55,1212
55,1213
55,1214
55,1215
55,1216
55,1217
55,1218
55,1219
55,1220
55,1221
55,1222
55,1223
55,1224
55,1225
55,1226
55,1227
55,1228
55,1229
55,1230
55,1231
55,1232
55,1233
55,1234
55,1235
55,1236
55,1237
55,1238
55,1239
55,1240
55,1241
55,1242
55,1243
55,1244
55,1245
:63_13,1246
:63_13,1247
:63_13,1248
:63_13,1249
:63_13,1250
159,1251
159,1252
159,1253
159,1254
159,1255
159,1256
159,1257
159,1258
159,1259
159,1260
159,1261
159,1262
159,1263
159,1264
159,1265
159,1266
159,1267
159,1268
159,1269
159,1270
159,1271
159,1272
159,1273
159,1274
159,1275
159,1276
159,1277
159,1278
159,1279
159,1280
159,1281
159,1282
159,1283
159,1284
159,1285
159,1286
159,1287
159,1288
159,1289
159,1290
159,1291
159,1292
159,1293
159,1294
159,1295
159,1296
159,1297
159,1298
159,1299
159,1300
159,1301
159,1302
159,1303
159,1304
159,1305
159,1306
159,1307
159,1308
159,1309
159,1310
159,1311
159,1312
159,1313
159,1314
159,1315
159,1316
159,1317
159,1318
159,1319
159,1320
159,1321
159,1322
159,1323
159,1324
159,1325
159,1326
159,1327
159,1328
159,1329
159,1330
159,1331
159,1332
159,1333
159,1334
159,1335
159,1336
159,1337
159,1338
159,1339
159,1340
159,1341
:102_7,1342
:102_7,1343
:102_7,1344
:102_7,1345
:102_7,1346
-87,1347
-87,1348
-87,1349
-87,1350
-87,1351
-87,1352
-87,1353
-87,1354
-87,1355
-87,1356
-87,1357
-87,1358
-87,1359
-87,1360
-87,1361
-87,1362
-87,1363
-87,1364
-87,1365
-87,1366
-87,1367
-87,1368
-87,1369
-87,1370
-87,1371
-87,1372
-87,1373
-87,1374
-87,1375
-87,1376
-87,1377
-87,1378
-87,1379
-87,1380
-87,1381
-87,1382
-87,1383
-87,1384
-87,1385
-87,1386
-87,1387
-87,1388
-87,1389
-87,1390
-87,1391
-87,1392
-87,1393
-87,1394
-87,1395
-87,1396
-87,1397
-87,1398
-87,1399
-87,1400
-87,1401
-87,1402
-87,1403
-87,1404
-87,1405
-87,1406
-87,1407
-87,1408
-87,1409
-87,1410
-87,1411
-87,1412
-87,1413
-87,1414
-87,1415
-87,1416
-87,1417
-87,1418
-87,1419
-87,1420
-87,1421
-87,1422
-87,1423
-87,1424
-87,1425
-87,1426
-87,1427
-87,1428
-87,1429
-87,1430
-87,1431
-87,1432
-87,1433
-87,1434
-87,1435
-87,1436
-87,1437
-87,1438
-87,1439
-87,1440
-87,1441
-87,1442
-87,1443
-87,1444
-87,1445
-87,1446
-87,1447
-87,1448
-87,1449
-87,1450
-87,1451
-87,1452
-87,1453
-87,1454
-87,1455
-87,1456
-87,1457
-87,1458
-87,1459
-87,1460
-87,1461
-87,1462
-87,1463
-87,1464
-87,1465
-87,1466
-87,1467
-87,1468
-87,1469
-87,1470
-87,1471
-87,1472
-87,1473
-87,1474
-87,1475
-87,1476
-87,1477
-87,1478
-87,1479
-87,1480
-87,1481
-87,1482
-87,1483
-87,1484
-87,1485
-87,1486
-87,1487
-87,1488
-87,1489
-87,1490
-87,1491
-87,1492
-87,1493
-87,1494
-87,1495
-87,1496
-87,1497
:27_9,1498
:27_9,1499
:27_9,1500
:27_9,1501
:27_9,1502
-23,1503
-23,1504
-23,1505
-23,1506
-23,1507
-23,1508
-23,1509
-23,1510
-23,1511
-23,1512
-23,1513
-23,1514
-23,1515
-23,1516
-23,1517
-23,1518
-23,1519
-23,1520
-23,1521
-23,1522
-23,1523
-23,1524
-23,1525
-23,1526
-23,1527
-23,1528
-23,1529
-23,1530
-23,1531
-23,1532
-23,1533
-23,1534
-23,1535
-23,1536
-23,1537
-23,1538
-23,1539
-23,1540
-23,1541
-23,1542
-23,1543
-23,1544
-23,1545
-23,1546
-23,1547
-23,1548
-23,1549
-23,1550
-23,1551
-23,1552
-23,1553
-23,1554
-23,1555
-23,1556
-23,1557
-23,1558
-23,1559
-23,1560
-23,1561
-23,1562
-23,1563
-23,1564
-23,1565
-23,1566
-23,1567
-23,1568
-23,1569
-23,1570
-23,1571
-23,1572
-23,1573
-23,1574
-23,1575
-23,1576
-23,1577
-23,1578
-23,1579
-23,1580
-23,1581
-23,1582
-23,1583
-23,1584
-23,1585
-23,1586
-23,1587
-23,1588
-23,1589
-23,1590
-23,1591
-23,1592
-23,1593
-23,1594
-23,1595
-23,1596
-23,1597
-23,1598
-23,1599
-23,1600
-23,1601
-23,1602
-23,1603
-23,1604
-23,1605
-23,1606
-23,1607
-23,1608
-23,1609
-23,1610
-23,1611
-23,1612
-23,1613
-23,1614
-23,1615
-23,1616
-23,1617
-23,1618
-23,1619
-23,1620
-23,1621
-23,1622
-23,1623
-23,1624
-23,1625
-23,1626
-23,1627
-23,1628
-23,1629
-23,1630
-23,1631
-23,1632
-23,1633
-23,1634
-23,1635
-23,1636
-23,1637
-23,1638
-23,1639
-23,1640
-23,1641
-23,1642
-23,1643
-23,1644
-23,1645
-23,1646
-23,1647
-23,1648
-23,1649
-23,1650
-23,1651
-23,1652
-23,1653
-23,1654
-23,1655
-23,1656
-23,1657
-23,1658
-23,1659
-23,1660
-23,1661
-23,1662
-23,1663
-23,1664
-23,1665
-23,1666
-23,1667
-23,1668
-23,1669
:22_9,1670
:22_9,1671
:22_9,1672
:22_9,1673
:22_9,1674
19,1675
19,1676
19,1677
19,1678
19,1679
19,1680
19,1681
19,1682
19,1683
19,1684
19,1685
19,1686
19,1687
19,1688
19,1689
19,1690
19,1691
19,1692
19,1693
19,1694
19,1695
19,1696
19,1697
19,1698
19,1699
19,1700
19,1701
19,1702
19,1703
19,1704
19,1705
19,1706
19,1707
19,1708
19,1709
19,1710
19,1711
19,1712
19,1713
19,1714
19,1715
19,1716
19,1717
19,1718
19,1719
19,1720
19,1721
19,1722
19,1723
19,1724
19,1725
19,1726
19,1727
19,1728
19,1729
19,1730
19,1731
19,1732
19,1733
19,1734
19,1735
19,1736
19,1737
19,1738
19,1739
19,1740
19,1741
19,1742
19,1743
19,1744
19,1745
19,1746
19,1747
19,1748
19,1749
19,1750
19,1751
19,1752
19,1753
19,1754
19,1755
19,1756
19,1757
19,1758
19,1759
19,1760
19,1761
19,1762
19,1763
:23_6,1764
:23_6,1765
:23_6,1766
:23_6,1767
:23_6,1768
:23_6,1769
20,1770
20,1771
20,1772
20,1773
20,1774
20,1775
20,1776
20,1777
20,1778
20,1779
20,1780
20,1781
20,1782
20,1783
20,1784
20,1785
20,1786
20,1787
20,1788
20,1789
20,1790
20,1791
20,1792
20,1793
20,1794
20,1795
20,1796
20,1797
20,1798
20,1799
20,1800
20,1801
20,1802
20,1803
20,1804
20,1805
20,1806
20,1807
20,1808
20,1809
20,1810
20,1811
20,1812
20,1813
20,1814
20,1815
20,1816
20,1817
20,1818
20,1819
20,1820
20,1821
20,1822
20,1823
20,1824
20,1825
20,1826
20,1827
20,1828
20,1829
20,1830
20,1831
20,1832
20,1833
20,1834
20,1835
20,1836
20,1837
20,1838
20,1839
20,1840
20,1841
20,1842
20,1843
20,1844
20,1845
20,1846
20,1847
20,1848
20,1849
20,1850
20,1851
20,1852
20,1853
20,1854
20,1855
:24_13,1856
:24_13,1857
:24_13,1858
:24_13,1859
:24_13,1860
25,1861
25,1862
25,1863
25,1864
25,1865
25,1866
25,1867
25,1868
25,1869
25,1870
25,1871
25,1872
25,1873
25,1874
25,1875
25,1876
25,1877
25,1878
25,1879
25,1880
25,1881
25,1882
25,1883
25,1884
25,1885
25,1886
25,1887
25,1888
25,1889
25,1890
25,1891
25,1892
25,1893
25,1894
25,1895
25,1896
25,1897
25,1898
25,1899
25,1900
25,1901
25,1902
25,1903
25,1904
25,1905
25,1906
25,1907
25,1908
25,1909
25,1910
25,1911
25,1912
25,1913
25,1914
25,1915
25,1916
25,1917
25,1918
25,1919
25,1920
25,1921
25,1922
25,1923
25,1924
25,1925
25,1926
25,1927
25,1928
25,1929
25,1930
25,1931
25,1932
25,1933
25,1934
25,1935
25,1936
25,1937
25,1938
25,1939
25,1940
25,1941
25,1942
25,1943
25,1944
25,1945
25,1946
25,1947
25,1948
25,1949
25,1950
25,1951
25,1952
25,1953
25,1954
25,1955
25,1956
25,1957
25,1958
25,1959
25,1960
25,1961
25,1962
25,1963
25,1964
25,1965
25,1966
25,1967
25,1968
25,1969
25,1970
25,1971
25,1972
25,1973
25,1974
25,1975
25,1976
25,1977
25,1978
25,1979
25,1980
25,1981
25,1982
25,1983
25,1984
25,1985
25,1986
25,1987
25,1988
25,1989
:29_13,1990
:29_13,1991
:29_13,1992
:29_13,1993
:29_13,1994
:29_13,1995
210,1996
210,1997
210,1998
210,1999
210,2000
