584,21
584,22
584,23
584,24
584,25
584,26
584,27
584,28
584,29
584,30
584,31
584,32
584,33
584,34
584,35
584,36
584,37
584,38
584,39
584,40
584,41
584,42
584,43
584,44
584,45
584,46
584,47
584,48
584,49
584,50
584,51
584,52
584,53
584,54
584,55
584,56
584,57
584,58
584,59
584,60
584,61
584,62
:456_1,63
:456_1,64
:456_1,65
:456_1,66
:456_1,67
585,68
585,69
585,70
585,71
585,72
585,73
585,74
585,75
585,76
585,77
585,78
585,79
585,80
585,81
585,82
585,83
585,84
585,85
585,86
585,87
585,88
585,89
585,90
585,91
585,92
585,93
585,94
585,95
585,96
585,97
585,98
585,99
585,100
585,101
585,102
585,103
585,104
585,105
585,106
585,107
585,108
585,109
585,110
585,111
585,112
585,113
585,114
585,115
585,116
585,117
585,118
585,119
585,120
585,121
:219_1,122
:219_1,123
:219_1,124
:219_1,125
:219_1,126
214,127
214,128
214,129
214,130
214,131
214,132
214,133
214,134
214,135
214,136
214,137
214,138
214,139
214,140
214,141
214,142
214,143
214,144
214,145
214,146
214,147
214,148
214,149
214,150
214,151
214,152
214,153
214,154
214,155
214,156
214,157
214,158
214,159
214,160
214,161
214,162
214,163
214,164
214,165
214,166
214,167
214,168
214,169
214,170
214,171
214,172
214,173
214,174
214,175
214,176
214,177
214,178
214,179
214,180
214,181
214,182
214,183
214,184
214,185
214,186
214,187
214,188
214,189
214,190
214,191
214,192
214,193
214,194
214,195
214,196
214,197
214,198
214,199
214,200
214,201
214,202
214,203
214,204
214,205
214,206
214,207
214,208
214,209
214,210
214,211
214,212
214,213
214,214
214,215
214,216
214,217
214,218
214,219
214,220
214,221
214,222
214,223
214,224
214,225
214,226
214,227
214,228
214,229
214,230
214,231
214,232
214,233
214,234
214,235
214,236
214,237
214,238
214,239
214,240
214,241
214,242
214,243
214,244
214,245
:7_13,246
:7_13,247
:7_13,248
:7_13,249
:7_13,250
:7_13,251
-5,252
-5,253
-5,254
-5,255
-5,256
-5,257
-5,258
-5,259
-5,260
-5,261
-5,262
-5,263
-5,264
-5,265
-5,266
-5,267
-5,268
-5,269
-5,270
-5,271
-5,272
-5,273
-5,274
-5,275
-5,276
-5,277
-5,278
-5,279
-5,280
-5,281
-5,282
-5,283
-5,284
-5,285
-5,286
-5,287
-5,288
-5,289
-5,290
-5,291
-5,292
-5,293
-5,294
-5,295
-5,296
-5,297
-5,298
-5,299
-5,300
-5,301
-5,302
-5,303
-5,304
-5,305
-5,306
-5,307
-5,308
-5,309
-5,310
-5,311
-5,312
-5,313
-5,314
-5,315
-5,316
-5,317
-5,318
:6_12,319
:6_12,320
:6_12,321
:6_12,322
:6_12,323
:6_12,324
-41,325
-41,326
-41,327
-41,328
-41,329
-41,330
-41,331
-41,332
-41,333
-41,334
-41,335
-41,336
-41,337
-41,338
-41,339
-41,340
-41,341
-41,342
-41,343
-41,344
-41,345
-41,346
-41,347
-41,348
-41,349
-41,350
-41,351
-41,352
-41,353
-41,354
-41,355
-41,356
-41,357
-41,358
-41,359
-41,360
-41,361
-41,362
-41,363
-41,364
-41,365
-41,366
-41,367
-41,368
-41,369
-41,370
-41,371
-41,372
-41,373
-41,374
-41,375
-41,376
-41,377
-41,378
-41,379
-41,380
-41,381
-41,382
-41,383
-41,384
-41,385
-41,386
-41,387
-41,388
-41,389
-41,390
-41,391
-41,392
-41,393
-41,394
-41,395
-41,396
-41,397
-41,398
-41,399
-41,400
-41,401
-41,402
-41,403
-41,404
-41,405
-41,406
-41,407
-41,408
-41,409
-41,410
-41,411
-41,412
-41,413
-41,414
-41,415
-41,416
-41,417
-41,418
-41,419
-41,420
-41,421
-41,422
-41,423
-41,424
-41,425
-41,426
-41,427
-41,428
-41,429
-41,430
-41,431
-41,432
-41,433
-41,434
-41,435
-41,436
-41,437
-41,438
-41,439
-41,440
-41,441
-41,442
-41,443
-41,444
-41,445
-41,446
-41,447
-41,448
-41,449
-41,450
-41,451
-41,452
-41,453
-41,454
-41,455
-41,456
-41,457
-41,458
-41,459
-41,460
-41,461
-41,462
-41,463
-41,464
-41,465
-41,466
-41,467
-41,468
-41,469
-41,470
-41,471
-41,472
-41,473
-41,474
-41,475
-41,476
-41,477
-41,478
-41,479
-41,480
-41,481
-41,482
-41,483
-41,484
-41,485
-41,486
-41,487
-41,488
-41,489
-41,490
-41,491
-41,492
-41,493
-41,494
-41,495
-41,496
-41,497
-41,498
-41,499
-41,500
-41,501
-41,502
-41,503
-41,504
-41,505
-41,506
-41,507
-41,508
-41,509
-41,510
-41,511
-41,512
-41,513
-41,514
-41,515
-41,516
-41,517
-41,518
-41,519
-41,520
-41,521
-41,522
-41,523
-41,524
-41,525
-41,526
-41,527
-41,528
-41,529
-41,530
-41,531
-41,532
-41,533
-41,534
-41,535
-41,536
-41,537
-41,538
-41,539
-41,540
-41,541
-41,542
-41,543
-41,544
-41,545
-41,546
-41,547
-41,548
-41,549
-41,550
-41,551
-41,552
-41,553
-41,554
-41,555
-41,556
-41,557
-41,558
-41,559
-41,560
-41,561
-41,562
-41,563
-41,564
-41,565
-41,566
-41,567
-41,568
-41,569
-41,570
-41,571
-41,572
-41,573
-41,574
-41,575
-41,576
-41,577
-41,578
-41,579
-41,580
-41,581
-41,582
-41,583
-41,584
-41,585
-41,586
-41,587
-41,588
-41,589
-41,590
-41,591
-41,592
-41,593
-41,594
-41,595
-41,596
-41,597
-41,598
-41,599
-41,600
-41,601
-41,602
-41,603
-41,604
-41,605
-41,606
-41,607
-41,608
-41,609
-41,610
-41,611
-41,612
-41,613
-41,614
-41,615
-41,616
-41,617
-41,618
-41,619
-41,620
-41,621
-41,622
-41,623
-41,624
-41,625
-41,626
-41,627
-41,628
-41,629
-41,630
-41,631
-41,632
-41,633
-41,634
-41,635
-41,636
-41,637
-41,638
-41,639
-41,640
-41,641
-41,642
-41,643
-41,644
-41,645
-41,646
-41,647
-41,648
-41,649
-41,650
-41,651
-41,652
-41,653
-41,654
-41,655
-41,656
-41,657
-41,658
-41,659
-41,660
-41,661
-41,662
-41,663
-41,664
-41,665
-41,666
-41,667
-41,668
-41,669
-41,670
-41,671
-41,672
-41,673
-41,674
-41,675
-41,676
-41,677
-41,678
-41,679
-41,680
-41,681
-41,682
-41,683
-41,684
-41,685
-41,686
-41,687
-41,688
-41,689
-41,690
-41,691
-41,692
-41,693
-41,694
-41,695
-41,696
-41,697
-41,698
-41,699
-41,700
-41,701
-41,702
-41,703
-41,704
-41,705
-41,706
-41,707
-41,708
-41,709
-41,710
-41,711
-41,712
-41,713
-41,714
-41,715
-41,716
-41,717
-41,718
-41,719
-41,720
-41,721
-41,722
-41,723
-41,724
-41,725
-41,726
-41,727
-41,728
-41,729
-41,730
-41,731
-41,732
-41,733
-41,734
-41,735
-41,736
-41,737
-41,738
-41,739
-41,740
-41,741
-41,742
-41,743
-41,744
-41,745
-41,746
-41,747
-41,748
-41,749
-41,750
-41,751
-41,752
-41,753
-41,754
-41,755
-41,756
-41,757
-41,758
:48_1,759
:48_1,760
:48_1,761
:48_1,762
:48_1,763
42,764
42,765
42,766
42,767
42,768
42,769
42,770
42,771
42,772
42,773
42,774
42,775
42,776
42,777
42,778
42,779
42,780
42,781
42,782
42,783
42,784
42,785
42,786
42,787
42,788
42,789
42,790
42,791
42,792
42,793
42,794
42,795
42,796
42,797
42,798
42,799
42,800
42,801
42,802
42,803
42,804
42,805
42,806
42,807
42,808
42,809
42,810
42,811
42,812
42,813
42,814
42,815
42,816
42,817
42,818
42,819
42,820
42,821
42,822
42,823
42,824
42,825
42,826
42,827
42,828
42,829
42,830
42,831
42,832
42,833
42,834
42,835
42,836
42,837
42,838
42,839
42,840
42,841
42,842
42,843
42,844
42,845
42,846
42,847
42,848
42,849
42,850
42,851
42,852
42,853
42,854
42,855
42,856
42,857
42,858
42,859
42,860
42,861
42,862
42,863
42,864
42,865
42,866
42,867
42,868
42,869
42,870
42,871
42,872
42,873
42,874
42,875
42,876
42,877
42,878
42,879
42,880
42,881
42,882
42,883
42,884
42,885
42,886
42,887
:44_1,888
:44_1,889
:44_1,890
:44_1,891
:44_1,892
-36,893
-36,894
-36,895
-36,896
-36,897
-36,898
-36,899
-36,900
-36,901
-36,902
-36,903
-36,904
-36,905
-36,906
-36,907
-36,908
-36,909
-36,910
-36,911
-36,912
-36,913
-36,914
-36,915
-36,916
-36,917
-36,918
-36,919
-36,920
-36,921
-36,922
-36,923
-36,924
-36,925
-36,926
-36,927
-36,928
-36,929
-36,930
-36,931
-36,932
-36,933
-36,934
-36,935
-36,936
-36,937
-36,938
-36,939
-36,940
-36,941
-36,942
-36,943
-36,944
-36,945
-36,946
-36,947
-36,948
-36,949
-36,950
-36,951
-36,952
-36,953
-36,954
-36,955
-36,956
-36,957
-36,958
-36,959
-36,960
-36,961
-36,962
-36,963
-36,964
-36,965
-36,966
-36,967
-36,968
-36,969
-36,970
-36,971
-36,972
-36,973
-36,974
-36,975
-36,976
-36,977
-36,978
-36,979
-36,980
-36,981
-36,982
-36,983
-36,984
-36,985
-36,986
-36,987
-36,988
-36,989
-36,990
-36,991
-36,992
-36,993
-36,994
-36,995
-36,996
-36,997
-36,998
-36,999
-36,1000
-36,1001
-36,1002
-36,1003
-36,1004
-36,1005
-36,1006
-36,1007
-36,1008
-36,1009
-36,1010
-36,1011
-36,1012
-36,1013
-36,1014
-36,1015
-36,1016
-36,1017
-36,1018
-36,1019
-36,1020
-36,1021
-36,1022
-36,1023
-36,1024
-36,1025
-36,1026
-36,1027
-36,1028
-36,1029
-36,1030
-36,1031
-36,1032
-36,1033
-36,1034
:43_2,1035
:43_2,1036
:43_16,1037
:43_16,1038
:43_16,1039
38,1040
38,1041
38,1042
38,1043
38,1044
38,1045
38,1046
38,1047
38,1048
38,1049
38,1050
38,1051
38,1052
38,1053
38,1054
38,1055
38,1056
38,1057
38,1058
38,1059
38,1060
38,1061
38,1062
38,1063
38,1064
38,1065
38,1066
38,1067
38,1068
38,1069
38,1070
38,1071
38,1072
38,1073
38,1074
38,1075
38,1076
38,1077
38,1078
38,1079
38,1080
38,1081
38,1082
38,1083
38,1084
38,1085
38,1086
38,1087
38,1088
38,1089
38,1090
38,1091
38,1092
38,1093
38,1094
38,1095
38,1096
38,1097
38,1098
38,1099
38,1100
38,1101
38,1102
38,1103
38,1104
38,1105
38,1106
38,1107
38,1108
38,1109
38,1110
38,1111
38,1112
38,1113
38,1114
38,1115
38,1116
38,1117
38,1118
38,1119
38,1120
38,1121
38,1122
38,1123
38,1124
38,1125
38,1126
38,1127
38,1128
38,1129
38,1130
38,1131
38,1132
38,1133
38,1134
38,1135
38,1136
38,1137
38,1138
38,1139
38,1140
38,1141
38,1142
38,1143
38,1144
38,1145
38,1146
38,1147
38,1148
38,1149
38,1150
38,1151
38,1152
38,1153
38,1154
38,1155
38,1156
38,1157
38,1158
38,1159
38,1160
38,1161
38,1162
38,1163
38,1164
38,1165
38,1166
38,1167
38,1168
38,1169
38,1170
38,1171
38,1172
38,1173
38,1174
38,1175
38,1176
38,1177
38,1178
38,1179
38,1180
38,1181
38,1182
38,1183
38,1184
38,1185
38,1186
38,1187
38,1188
38,1189
38,1190
38,1191
38,1192
38,1193
38,1194
38,1195
38,1196
38,1197
38,1198
38,1199
38,1200
38,1201
38,1202
38,1203
38,1204
38,1205
38,1206
38,1207
38,1208
38,1209
38,1210
38,1211
38,1212
38,1213
38,1214
38,1215
38,1216
38,1217
38,1218
38,1219
38,1220
38,1221
38,1222
38,1223
38,1224
38,1225
38,1226
38,1227
38,1228
38,1229
38,1230
38,1231
38,1232
38,1233
38,1234
38,1235
38,1236
38,1237
38,1238
38,1239
38,1240
38,1241
38,1242
38,1243
38,1244
38,1245
38,1246
38,1247
38,1248
38,1249
38,1250
38,1251
38,1252
38,1253
38,1254
38,1255
38,1256
38,1257
38,1258
38,1259
38,1260
38,1261
38,1262
38,1263
38,1264
38,1265
38,1266
38,1267
38,1268
38,1269
38,1270
38,1271
38,1272
38,1273
38,1274
38,1275
38,1276
38,1277
38,1278
38,1279
38,1280
38,1281
38,1282
38,1283
38,1284
38,1285
38,1286
38,1287
38,1288
38,1289
38,1290
38,1291
38,1292
38,1293
38,1294
38,1295
38,1296
38,1297
38,1298
38,1299
38,1300
38,1301
38,1302
38,1303
38,1304
38,1305
38,1306
38,1307
38,1308
38,1309
38,1310
38,1311
38,1312
38,1313
38,1314
38,1315
38,1316
38,1317
38,1318
38,1319
38,1320
38,1321
38,1322
38,1323
38,1324
38,1325
38,1326
38,1327
38,1328
38,1329
38,1330
38,1331
38,1332
38,1333
38,1334
38,1335
38,1336
38,1337
:46_13,1338
:46_13,1339
:46_13,1340
:46_13,1341
:46_13,1342
:46_13,1343
157,1344
157,1345
157,1346
157,1347
157,1348
157,1349
157,1350
157,1351
157,1352
157,1353
157,1354
157,1355
157,1356
157,1357
157,1358
157,1359
157,1360
157,1361
157,1362
157,1363
157,1364
157,1365
157,1366
157,1367
157,1368
157,1369
157,1370
157,1371
157,1372
157,1373
157,1374
157,1375
157,1376
157,1377
157,1378
157,1379
157,1380
157,1381
157,1382
157,1383
157,1384
157,1385
157,1386
157,1387
157,1388
157,1389
157,1390
157,1391
157,1392
157,1393
157,1394
157,1395
157,1396
157,1397
157,1398
157,1399
157,1400
157,1401
157,1402
157,1403
157,1404
157,1405
157,1406
157,1407
157,1408
157,1409
157,1410
157,1411
157,1412
157,1413
157,1414
157,1415
157,1416
157,1417
157,1418
157,1419
157,1420
157,1421
157,1422
157,1423
157,1424
:173_7,1425
:173_7,1426
:173_7,1427
:173_7,1428
:173_7,1429
-162,1430
-162,1431
-162,1432
-162,1433
-162,1434
-162,1435
-162,1436
-162,1437
-162,1438
-162,1439
-162,1440
-162,1441
-162,1442
-162,1443
-162,1444
-162,1445
-162,1446
-162,1447
-162,1448
-162,1449
-162,1450
-162,1451
-162,1452
-162,1453
-162,1454
-162,1455
-162,1456
-162,1457
-162,1458
-162,1459
-162,1460
-162,1461
-162,1462
-162,1463
-162,1464
-162,1465
-162,1466
-162,1467
-162,1468
-162,1469
-162,1470
-162,1471
-162,1472
-162,1473
-162,1474
-162,1475
-162,1476
-162,1477
-162,1478
-162,1479
-162,1480
-162,1481
-162,1482
-162,1483
-162,1484
-162,1485
-162,1486
-162,1487
-162,1488
-162,1489
-162,1490
-162,1491
-162,1492
-162,1493
-162,1494
-162,1495
-162,1496
-162,1497
-162,1498
-162,1499
-162,1500
-162,1501
-162,1502
-162,1503
-162,1504
-162,1505
-162,1506
-162,1507
-162,1508
-162,1509
-162,1510
-162,1511
-162,1512
-162,1513
-162,1514
-162,1515
-162,1516
-162,1517
-162,1518
-162,1519
-162,1520
-162,1521
-162,1522
-162,1523
-162,1524
-162,1525
-162,1526
-162,1527
-162,1528
-162,1529
-162,1530
-162,1531
-162,1532
-162,1533
-162,1534
-162,1535
-162,1536
-162,1537
-162,1538
-162,1539
:175_6,1540
:175_6,1541
:175_6,1542
:175_6,1543
:175_6,1544
163,1545
163,1546
163,1547
163,1548
163,1549
163,1550
163,1551
163,1552
163,1553
163,1554
163,1555
163,1556
163,1557
163,1558
163,1559
163,1560
163,1561
163,1562
163,1563
163,1564
163,1565
163,1566
163,1567
163,1568
163,1569
163,1570
163,1571
163,1572
163,1573
163,1574
163,1575
163,1576
163,1577
163,1578
163,1579
163,1580
163,1581
163,1582
163,1583
163,1584
163,1585
163,1586
163,1587
163,1588
163,1589
163,1590
163,1591
163,1592
163,1593
163,1594
163,1595
163,1596
163,1597
163,1598
163,1599
163,1600
163,1601
163,1602
163,1603
163,1604
163,1605
163,1606
163,1607
163,1608
163,1609
163,1610
163,1611
163,1612
163,1613
163,1614
163,1615
163,1616
163,1617
163,1618
163,1619
163,1620
163,1621
163,1622
163,1623
163,1624
163,1625
163,1626
:177_6,1627
:177_6,1628
:177_6,1629
254,1630
254,1631
254,1632
254,1633
254,1634
254,1635
254,1636
254,1637
254,1638
254,1639
254,1640
254,1641
254,1642
254,1643
254,1644
254,1645
254,1646
254,1647
254,1648
254,1649
254,1650
254,1651
254,1652
254,1653
254,1654
254,1655
254,1656
254,1657
254,1658
254,1659
254,1660
254,1661
254,1662
254,1663
254,1664
254,1665
254,1666
254,1667
254,1668
254,1669
254,1670
254,1671
254,1672
254,1673
254,1674
254,1675
254,1676
254,1677
254,1678
254,1679
254,1680
254,1681
254,1682
254,1683
254,1684
254,1685
254,1686
254,1687
254,1688
254,1689
254,1690
254,1691
254,1692
254,1693
254,1694
254,1695
254,1696
254,1697
254,1698
254,1699
254,1700
254,1701
254,1702
254,1703
254,1704
254,1705
254,1706
254,1707
254,1708
254,1709
254,1710
254,1711
254,1712
254,1713
254,1714
254,1715
254,1716
254,1717
