-569,21
-569,22
-569,23
-569,24
-569,25
-569,26
-569,27
-569,28
-569,29
-569,30
-569,31
-569,32
-569,33
-569,34
-569,35
-569,36
-569,37
-569,38
-569,39
-569,40
-569,41
-569,42
-569,43
-569,44
-569,45
-569,46
-569,47
-569,48
-569,49
-569,50
-569,51
-569,52
-569,53
-569,54
-569,55
-569,56
-569,57
-569,58
-569,59
-569,60
-569,61
-569,62
-569,63
-569,64
-569,65
-569,66
-569,67
-569,68
-569,69
-569,70
-569,71
-569,72
-569,73
-569,74
-569,75
-569,76
-569,77
-569,78
-569,79
-569,80
-569,81
-569,82
-569,83
-569,84
-569,85
-569,86
-569,87
-569,88
-569,89
-569,90
-569,91
-569,92
-569,93
-569,94
-569,95
-569,96
-569,97
-569,98
-569,99
-569,100
-569,101
-569,102
-569,103
-569,104
-569,105
-569,106
-569,107
-569,108
-569,109
-569,110
-569,111
-569,112
-569,113
-569,114
-569,115
-569,116
-569,117
-569,118
-569,119
-569,120
-569,121
-569,122
-569,123
-569,124
-569,125
-569,126
-569,127
-569,128
-569,129
-569,130
-569,131
-569,132
-569,133
-569,134
-569,135
-569,136
-569,137
-569,138
-569,139
-569,140
-569,141
-569,142
-569,143
-569,144
-569,145
-569,146
-569,147
-569,148
:64_3,149
:64_3,150
:64_3,151
:64_3,152
:64_3,153
:64_3,154
:64_3,155
:64_3,156
-56,157
-56,158
-56,159
-56,160
-56,161
-56,162
-56,163
-56,164
-56,165
-56,166
-56,167
-56,168
-56,169
-56,170
-56,171
-56,172
-56,173
-56,174
-56,175
-56,176
-56,177
-56,178
-56,179
-56,180
-56,181
-56,182
-56,183
-56,184
-56,185
-56,186
-56,187
-56,188
-56,189
-56,190
-56,191
-56,192
-56,193
-56,194
-56,195
-56,196
-56,197
-56,198
-56,199
-56,200
-56,201
-56,202
-56,203
-56,204
-56,205
-56,206
-56,207
-56,208
-56,209
-56,210
-56,211
-56,212
-56,213
-56,214
-56,215
-56,216
-56,217
-56,218
-56,219
-56,220
-56,221
-56,222
-56,223
-56,224
-56,225
-56,226
-56,227
-56,228
-56,229
-56,230
-56,231
-56,232
-56,233
-56,234
-56,235
-56,236
-56,237
-56,238
-56,239
-56,240
-56,241
-56,242
-56,243
-56,244
-56,245
-56,246
-56,247
-56,248
-56,249
-56,250
-56,251
-56,252
-56,253
-56,254
-56,255
-56,256
-56,257
-56,258
-56,259
-56,260
-56,261
-56,262
-56,263
-56,264
-56,265
-56,266
-56,267
-56,268
-56,269
-56,270
-56,271
-56,272
-56,273
-56,274
-56,275
-56,276
-56,277
-56,278
-56,279
-56,280
-56,281
-56,282
-56,283
-56,284
-56,285
-56,286
-56,287
-56,288
-56,289
-56,290
-56,291
-56,292
-56,293
-56,294
-56,295
-56,296
-56,297
-56,298
-56,299
-56,300
-56,301
-56,302
-56,303
-56,304
-56,305
-56,306
-56,307
-56,308
-56,309
-56,310
-56,311
-56,312
-56,313
-56,314
-56,315
-56,316
-56,317
-56,318
-56,319
-56,320
-56,321
-56,322
-56,323
-56,324
-56,325
-56,326
-56,327
-56,328
-56,329
-56,330
-56,331
-56,332
-56,333
-56,334
-56,335
-56,336
-56,337
-56,338
-56,339
-56,340
-56,341
-56,342
-56,343
-56,344
-56,345
-56,346
-56,347
-56,348
-56,349
-56,350
-56,351
-56,352
:58_14,353
:58_14,354
:58_14,355
:58_14,356
:58_14,357
:58_14,358
52,359
52,360
52,361
52,362
52,363
52,364
52,365
52,366
52,367
52,368
52,369
52,370
52,371
52,372
52,373
52,374
52,375
52,376
52,377
52,378
52,379
52,380
52,381
52,382
52,383
52,384
52,385
52,386
52,387
52,388
52,389
52,390
52,391
52,392
52,393
52,394
52,395
52,396
52,397
52,398
52,399
52,400
52,401
52,402
52,403
52,404
52,405
52,406
52,407
52,408
52,409
52,410
52,411
52,412
52,413
52,414
52,415
52,416
52,417
52,418
52,419
52,420
52,421
52,422
52,423
52,424
52,425
52,426
52,427
52,428
52,429
52,430
52,431
52,432
52,433
52,434
52,435
52,436
52,437
52,438
52,439
52,440
52,441
52,442
52,443
52,444
52,445
52,446
52,447
52,448
52,449
52,450
52,451
52,452
52,453
52,454
52,455
52,456
52,457
52,458
52,459
52,460
52,461
52,462
52,463
52,464
52,465
52,466
52,467
52,468
52,469
52,470
52,471
52,472
52,473
52,474
52,475
52,476
52,477
52,478
52,479
52,480
52,481
52,482
52,483
52,484
52,485
52,486
52,487
52,488
:60_4,489
:60_4,490
:60_4,491
:60_4,492
:60_4,493
-122,494
-122,495
-122,496
-122,497
-122,498
-122,499
-122,500
-122,501
-122,502
-122,503
-122,504
-122,505
-122,506
-122,507
-122,508
-122,509
-122,510
-122,511
-122,512
-122,513
-122,514
-122,515
-122,516
-122,517
-122,518
-122,519
-122,520
-122,521
-122,522
-122,523
-122,524
-122,525
-122,526
-122,527
-122,528
-122,529
-122,530
-122,531
-122,532
-122,533
-122,534
-122,535
-122,536
-122,537
-122,538
-122,539
-122,540
-122,541
-122,542
-122,543
-122,544
-122,545
-122,546
-122,547
-122,548
-122,549
-122,550
-122,551
-122,552
-122,553
-122,554
-122,555
-122,556
-122,557
-122,558
-122,559
-122,560
-122,561
-122,562
-122,563
-122,564
-122,565
-122,566
-122,567
:137_7,568
:137_7,569
:137_7,570
:137_7,571
121,572
121,573
121,574
121,575
121,576
121,577
121,578
121,579
121,580
121,581
121,582
121,583
121,584
121,585
121,586
121,587
121,588
121,589
121,590
121,591
121,592
121,593
121,594
121,595
121,596
121,597
121,598
121,599
121,600
121,601
121,602
121,603
121,604
121,605
121,606
121,607
121,608
121,609
121,610
121,611
121,612
121,613
121,614
121,615
121,616
121,617
121,618
121,619
121,620
121,621
121,622
121,623
121,624
121,625
121,626
121,627
121,628
121,629
121,630
121,631
121,632
121,633
121,634
121,635
121,636
121,637
:77_4,638
:77_4,639
:77_4,640
:77_4,641
-67,642
-67,643
-67,644
-67,645
-67,646
-67,647
-67,648
-67,649
-67,650
-67,651
-67,652
-67,653
-67,654
-67,655
-67,656
-67,657
-67,658
-67,659
-67,660
-67,661
-67,662
-67,663
-67,664
-67,665
-67,666
-67,667
-67,668
-67,669
-67,670
-67,671
-67,672
-67,673
-67,674
-67,675
-67,676
-67,677
-67,678
-67,679
-67,680
-67,681
-67,682
-67,683
-67,684
-67,685
-67,686
-67,687
-67,688
-67,689
-67,690
-67,691
-67,692
-67,693
-67,694
-67,695
-67,696
-67,697
-67,698
-67,699
-67,700
-67,701
-67,702
-67,703
-67,704
-67,705
-67,706
-67,707
-67,708
-67,709
-67,710
-67,711
-67,712
-67,713
-67,714
-67,715
-67,716
-67,717
-67,718
-67,719
-67,720
-67,721
-67,722
-67,723
-67,724
-67,725
-67,726
-67,727
-67,728
-67,729
-67,730
-67,731
-67,732
-67,733
-67,734
-67,735
-67,736
-67,737
-67,738
-67,739
-67,740
-67,741
-67,742
-67,743
-67,744
-67,745
-67,746
-67,747
-67,748
-67,749
-67,750
:74_9,751
:74_9,752
:74_9,753
:74_9,754
66,755
66,756
66,757
66,758
66,759
66,760
66,761
66,762
66,763
66,764
66,765
66,766
66,767
66,768
66,769
66,770
66,771
66,772
66,773
66,774
66,775
66,776
66,777
66,778
66,779
66,780
66,781
66,782
66,783
66,784
66,785
66,786
66,787
66,788
66,789
66,790
66,791
66,792
66,793
66,794
66,795
66,796
66,797
66,798
66,799
66,800
66,801
66,802
66,803
66,804
66,805
66,806
66,807
66,808
66,809
66,810
66,811
66,812
66,813
66,814
66,815
66,816
66,817
66,818
66,819
66,820
66,821
66,822
66,823
66,824
66,825
66,826
66,827
66,828
66,829
66,830
66,831
66,832
66,833
66,834
66,835
66,836
66,837
66,838
66,839
66,840
66,841
66,842
66,843
66,844
66,845
66,846
66,847
66,848
66,849
66,850
66,851
66,852
:76_9,853
:76_9,854
:76_9,855
:76_9,856
-460,857
-460,858
-460,859
-460,860
-460,861
-460,862
-460,863
-460,864
-460,865
-460,866
-460,867
-460,868
-460,869
-460,870
-460,871
-460,872
-460,873
-460,874
-460,875
-460,876
-460,877
-460,878
-460,879
-460,880
-460,881
-460,882
-460,883
-460,884
-460,885
-460,886
-460,887
-460,888
-460,889
-460,890
-460,891
-460,892
-460,893
-460,894
-460,895
-460,896
-460,897
-460,898
-460,899
-460,900
-460,901
-460,902
-460,903
-460,904
-460,905
-460,906
-460,907
-460,908
-460,909
-460,910
-460,911
-460,912
-460,913
-460,914
-460,915
-460,916
:391_7,917
:391_7,918
:391_7,919
:391_7,920
458,921
458,922
458,923
458,924
458,925
458,926
458,927
458,928
458,929
458,930
458,931
458,932
458,933
458,934
458,935
458,936
458,937
458,938
458,939
458,940
458,941
458,942
458,943
458,944
458,945
458,946
458,947
458,948
458,949
458,950
458,951
458,952
458,953
458,954
458,955
458,956
458,957
458,958
458,959
458,960
458,961
458,962
458,963
458,964
458,965
458,966
458,967
458,968
458,969
458,970
458,971
458,972
458,973
458,974
458,975
458,976
458,977
458,978
458,979
458,980
458,981
458,982
458,983
458,984
458,985
458,986
458,987
458,988
458,989
458,990
458,991
458,992
458,993
:167_4,994
:167_4,995
:167_4,996
:167_4,997
:167_4,998
-151,999
-151,1000
-151,1001
-151,1002
-151,1003
-151,1004
-151,1005
-151,1006
-151,1007
-151,1008
-151,1009
-151,1010
-151,1011
-151,1012
-151,1013
-151,1014
-151,1015
-151,1016
-151,1017
-151,1018
-151,1019
-151,1020
-151,1021
-151,1022
-151,1023
-151,1024
-151,1025
-151,1026
-151,1027
-151,1028
-151,1029
-151,1030
-151,1031
-151,1032
-151,1033
-151,1034
-151,1035
-151,1036
-151,1037
-151,1038
-151,1039
-151,1040
-151,1041
-151,1042
-151,1043
-151,1044
-151,1045
:166_4,1046
:166_4,1047
:166_4,1048
153,1049
153,1050
153,1051
153,1052
153,1053
153,1054
153,1055
153,1056
153,1057
153,1058
153,1059
153,1060
153,1061
153,1062
153,1063
153,1064
153,1065
153,1066
153,1067
153,1068
153,1069
153,1070
153,1071
153,1072
153,1073
153,1074
153,1075
153,1076
153,1077
153,1078
153,1079
153,1080
153,1081
153,1082
153,1083
153,1084
153,1085
153,1086
153,1087
153,1088
153,1089
153,1090
153,1091
153,1092
153,1093
153,1094
153,1095
153,1096
153,1097
153,1098
153,1099
153,1100
153,1101
153,1102
153,1103
153,1104
153,1105
153,1106
153,1107
153,1108
153,1109
153,1110
153,1111
153,1112
153,1113
153,1114
153,1115
153,1116
153,1117
153,1118
153,1119
153,1120
153,1121
153,1122
153,1123
153,1124
153,1125
153,1126
153,1127
153,1128
153,1129
153,1130
153,1131
153,1132
153,1133
153,1134
153,1135
153,1136
153,1137
153,1138
153,1139
153,1140
153,1141
153,1142
153,1143
153,1144
153,1145
153,1146
153,1147
153,1148
153,1149
153,1150
153,1151
153,1152
153,1153
153,1154
153,1155
153,1156
:169_7,1157
:169_7,1158
:169_7,1159
:169_7,1160
-399,1161
-399,1162
-399,1163
-399,1164
-399,1165
-399,1166
-399,1167
-399,1168
-399,1169
-399,1170
-399,1171
-399,1172
-399,1173
-399,1174
-399,1175
-399,1176
-399,1177
-399,1178
-399,1179
-399,1180
-399,1181
-399,1182
-399,1183
-399,1184
-399,1185
-399,1186
-399,1187
-399,1188
-399,1189
-399,1190
-399,1191
-399,1192
-399,1193
-399,1194
-399,1195
-399,1196
-399,1197
-399,1198
-399,1199
-399,1200
-399,1201
-399,1202
-399,1203
-399,1204
-399,1205
-399,1206
-399,1207
-399,1208
-399,1209
-399,1210
-399,1211
-399,1212
-399,1213
-399,1214
-399,1215
-399,1216
-399,1217
-399,1218
-399,1219
-399,1220
-399,1221
-399,1222
-399,1223
-399,1224
-399,1225
-399,1226
-399,1227
-399,1228
-399,1229
-399,1230
-399,1231
-399,1232
-399,1233
-399,1234
-399,1235
-399,1236
-399,1237
-399,1238
-399,1239
-399,1240
-399,1241
-399,1242
-399,1243
-399,1244
-399,1245
-399,1246
-399,1247
-399,1248
-399,1249
-399,1250
-399,1251
-399,1252
-399,1253
-399,1254
-399,1255
-399,1256
-399,1257
-399,1258
-399,1259
-399,1260
-399,1261
-399,1262
-399,1263
-399,1264
-399,1265
-399,1266
-399,1267
:159_7,1268
:159_7,1269
:159_7,1270
:159_7,1271
:159_7,1272
-144,1273
-144,1274
-144,1275
-144,1276
-144,1277
-144,1278
-144,1279
-144,1280
-144,1281
-144,1282
-144,1283
-144,1284
-144,1285
-144,1286
-144,1287
-144,1288
-144,1289
-144,1290
-144,1291
-144,1292
-144,1293
-144,1294
-144,1295
-144,1296
-144,1297
-144,1298
-144,1299
-144,1300
-144,1301
-144,1302
-144,1303
-144,1304
-144,1305
-144,1306
-144,1307
-144,1308
-144,1309
-144,1310
-144,1311
-144,1312
-144,1313
-144,1314
-144,1315
-144,1316
-144,1317
-144,1318
-144,1319
-144,1320
-144,1321
-144,1322
-144,1323
-144,1324
-144,1325
-144,1326
-144,1327
-144,1328
-144,1329
-144,1330
-144,1331
-144,1332
-144,1333
-144,1334
-144,1335
-144,1336
-144,1337
-144,1338
-144,1339
-144,1340
-144,1341
-144,1342
-144,1343
-144,1344
-144,1345
-144,1346
-144,1347
-144,1348
-144,1349
-144,1350
-144,1351
-144,1352
-144,1353
-144,1354
-144,1355
-144,1356
-144,1357
-144,1358
-144,1359
-144,1360
-144,1361
-144,1362
-144,1363
-144,1364
-144,1365
-144,1366
-144,1367
-144,1368
-144,1369
-144,1370
-144,1371
-144,1372
-144,1373
-144,1374
-144,1375
-144,1376
-144,1377
-144,1378
-144,1379
-144,1380
-144,1381
-144,1382
-144,1383
-144,1384
-144,1385
-144,1386
-144,1387
-144,1388
-144,1389
-144,1390
-144,1391
-144,1392
-144,1393
-144,1394
-144,1395
-144,1396
-144,1397
-144,1398
-144,1399
-144,1400
-144,1401
-144,1402
-144,1403
-144,1404
-144,1405
-144,1406
-144,1407
-144,1408
-144,1409
-144,1410
-144,1411
-144,1412
-144,1413
-144,1414
-144,1415
-144,1416
-144,1417
-144,1418
-144,1419
-144,1420
-144,1421
-144,1422
-144,1423
-144,1424
-144,1425
-144,1426
-144,1427
-144,1428
-144,1429
-144,1430
-144,1431
-144,1432
-144,1433
-144,1434
-144,1435
-144,1436
-144,1437
-144,1438
-144,1439
-144,1440
-144,1441
-144,1442
-144,1443
-144,1444
-144,1445
-144,1446
-144,1447
-144,1448
-144,1449
-144,1450
-144,1451
-144,1452
-144,1453
-144,1454
-144,1455
-144,1456
-144,1457
-144,1458
-144,1459
-144,1460
-144,1461
-144,1462
-144,1463
-144,1464
-144,1465
-144,1466
-144,1467
-144,1468
-144,1469
-144,1470
-144,1471
-144,1472
-144,1473
-144,1474
-144,1475
-144,1476
-144,1477
-144,1478
-144,1479
-144,1480
-144,1481
-144,1482
-144,1483
-144,1484
-144,1485
-144,1486
-144,1487
-144,1488
-144,1489
-144,1490
-144,1491
-144,1492
-144,1493
-144,1494
-144,1495
:135_7,1496
:135_7,1497
:135_7,1498
:135_7,1499
:135_7,1500
-118,1501
-118,1502
-118,1503
-118,1504
-118,1505
-118,1506
-118,1507
-118,1508
-118,1509
-118,1510
-118,1511
-118,1512
-118,1513
-118,1514
-118,1515
-118,1516
-118,1517
-118,1518
-118,1519
-118,1520
-118,1521
-118,1522
-118,1523
-118,1524
-118,1525
-118,1526
-118,1527
-118,1528
-118,1529
-118,1530
-118,1531
-118,1532
-118,1533
-118,1534
-118,1535
-118,1536
-118,1537
-118,1538
-118,1539
-118,1540
-118,1541
-118,1542
-118,1543
-118,1544
-118,1545
-118,1546
-118,1547
-118,1548
-118,1549
-118,1550
-118,1551
-118,1552
-118,1553
-118,1554
-118,1555
-118,1556
-118,1557
-118,1558
-118,1559
-118,1560
-118,1561
-118,1562
-118,1563
-118,1564
-118,1565
-118,1566
-118,1567
-118,1568
-118,1569
-118,1570
-118,1571
-118,1572
-118,1573
-118,1574
-118,1575
-118,1576
-118,1577
-118,1578
-118,1579
-118,1580
-118,1581
-118,1582
-118,1583
-118,1584
-118,1585
-118,1586
-118,1587
-118,1588
-118,1589
-118,1590
-118,1591
-118,1592
-118,1593
-118,1594
-118,1595
-118,1596
-118,1597
-118,1598
-118,1599
-118,1600
-118,1601
-118,1602
-118,1603
-118,1604
-118,1605
-118,1606
-118,1607
-118,1608
-118,1609
-118,1610
-118,1611
-118,1612
-118,1613
-118,1614
-118,1615
-118,1616
-118,1617
-118,1618
-118,1619
-118,1620
-118,1621
-118,1622
-118,1623
-118,1624
-118,1625
-118,1626
-118,1627
-118,1628
-118,1629
-118,1630
-118,1631
-118,1632
-118,1633
-118,1634
-118,1635
-118,1636
-118,1637
-118,1638
-118,1639
-118,1640
-118,1641
-118,1642
-118,1643
-118,1644
-118,1645
-118,1646
-118,1647
-118,1648
-118,1649
-118,1650
-118,1651
-118,1652
-118,1653
-118,1654
-118,1655
-118,1656
-118,1657
-118,1658
-118,1659
