-465,1
-465,2
-465,3
-465,4
-465,5
-465,6
-465,7
-465,8
-465,9
-465,10
-465,11
-465,12
-465,13
-465,14
-465,15
-465,16
-465,17
-465,18
-465,19
-465,20
-465,21
-465,22
-465,23
-465,24
-465,25
-465,26
-465,27
-465,28
-465,29
-465,30
-465,31
-465,32
-465,33
-465,34
-465,35
-465,36
-465,37
-465,38
-465,39
-465,40
-465,41
-465,42
-465,43
-465,44
-465,45
-465,46
-465,47
-465,48
-465,49
-465,50
-465,51
-465,52
-465,53
-465,54
-465,55
-465,56
-465,57
-465,58
-465,59
-465,60
-465,61
-465,62
-465,63
-465,64
-465,65
-465,66
-465,67
-465,68
-465,69
-465,70
-465,71
-465,72
-465,73
-465,74
-465,75
-465,76
-465,77
-465,78
-465,79
-465,80
-465,81
-465,82
-465,83
-465,84
-465,85
-465,86
-465,87
-465,88
-465,89
-465,90
-465,91
-465,92
-465,93
-465,94
-465,95
-465,96
-465,97
-465,98
-465,99
-465,100
-465,101
-465,102
-465,103
-465,104
-465,105
-465,106
:116_4,107
:116_4,108
:116_4,109
:116_4,110
:116_4,111
-99,112
-99,113
-99,114
-99,115
-99,116
-99,117
-99,118
-99,119
-99,120
-99,121
-99,122
-99,123
-99,124
-99,125
-99,126
-99,127
-99,128
-99,129
-99,130
-99,131
-99,132
-99,133
-99,134
-99,135
-99,136
-99,137
-99,138
-99,139
-99,140
-99,141
-99,142
-99,143
-99,144
-99,145
-99,146
-99,147
-99,148
-99,149
-99,150
-99,151
-99,152
-99,153
-99,154
-99,155
-99,156
-99,157
-99,158
-99,159
-99,160
-99,161
-99,162
-99,163
-99,164
-99,165
-99,166
-99,167
-99,168
-99,169
-99,170
-99,171
-99,172
-99,173
-99,174
-99,175
-99,176
-99,177
-99,178
-99,179
-99,180
-99,181
-99,182
-99,183
-99,184
-99,185
-99,186
-99,187
-99,188
-99,189
-99,190
-99,191
-99,192
-99,193
-99,194
-99,195
-99,196
-99,197
-99,198
-99,199
-99,200
-99,201
-99,202
-99,203
-99,204
-99,205
-99,206
-99,207
-99,208
-99,209
-99,210
-99,211
-99,212
-99,213
-99,214
-99,215
-99,216
-99,217
-99,218
-99,219
-99,220
-99,221
-99,222
-99,223
-99,224
-99,225
-99,226
-99,227
-99,228
-99,229
-99,230
-99,231
-99,232
-99,233
-99,234
-99,235
-99,236
-99,237
-99,238
-99,239
-99,240
-99,241
-99,242
-99,243
-99,244
-99,245
-99,246
-99,247
-99,248
-99,249
-99,250
-99,251
-99,252
-99,253
-99,254
-99,255
-99,256
-99,257
-99,258
-99,259
-99,260
-99,261
-99,262
-99,263
:115_0,264
:115_0,265
:115_0,266
:115_0,267
:115_0,268
102,269
102,270
102,271
102,272
102,273
102,274
102,275
102,276
102,277
102,278
102,279
102,280
102,281
102,282
102,283
102,284
102,285
102,286
102,287
102,288
102,289
102,290
102,291
102,292
102,293
102,294
102,295
102,296
102,297
102,298
102,299
102,300
102,301
102,302
102,303
102,304
102,305
102,306
102,307
102,308
102,309
102,310
102,311
102,312
102,313
102,314
102,315
102,316
102,317
102,318
102,319
102,320
102,321
102,322
102,323
102,324
102,325
102,326
102,327
102,328
102,329
102,330
102,331
102,332
102,333
102,334
102,335
102,336
102,337
102,338
102,339
102,340
102,341
102,342
102,343
102,344
102,345
102,346
102,347
102,348
102,349
102,350
102,351
102,352
102,353
102,354
102,355
102,356
102,357
102,358
102,359
102,360
102,361
102,362
102,363
102,364
102,365
102,366
102,367
102,368
102,369
102,370
102,371
102,372
102,373
102,374
102,375
102,376
102,377
102,378
102,379
102,380
102,381
102,382
102,383
102,384
102,385
102,386
102,387
102,388
102,389
102,390
102,391
102,392
102,393
102,394
102,395
102,396
102,397
102,398
102,399
102,400
102,401
102,402
102,403
102,404
102,405
102,406
102,407
102,408
102,409
102,410
102,411
102,412
102,413
102,414
102,415
102,416
102,417
102,418
102,419
102,420
102,421
102,422
102,423
102,424
102,425
102,426
102,427
102,428
102,429
102,430
102,431
102,432
102,433
102,434
102,435
102,436
102,437
102,438
102,439
102,440
102,441
102,442
102,443
102,444
102,445
102,446
102,447
102,448
102,449
102,450
102,451
102,452
102,453
102,454
102,455
102,456
102,457
102,458
:3_0,459
:3_0,460
:3_0,461
:3_0,462
:3_0,463
-2,464
-2,465
-2,466
-2,467
-2,468
-2,469
-2,470
-2,471
-2,472
-2,473
-2,474
-2,475
-2,476
-2,477
-2,478
-2,479
-2,480
-2,481
-2,482
-2,483
-2,484
-2,485
-2,486
-2,487
-2,488
-2,489
-2,490
-2,491
-2,492
-2,493
-2,494
-2,495
-2,496
-2,497
-2,498
-2,499
-2,500
-2,501
-2,502
-2,503
-2,504
-2,505
-2,506
-2,507
-2,508
-2,509
-2,510
-2,511
-2,512
-2,513
-2,514
-2,515
-2,516
-2,517
-2,518
-2,519
-2,520
-2,521
-2,522
-2,523
-2,524
-2,525
-2,526
-2,527
-2,528
-2,529
-2,530
-2,531
-2,532
-2,533
-2,534
-2,535
-2,536
-2,537
-2,538
-2,539
-2,540
-2,541
-2,542
-2,543
-2,544
-2,545
-2,546
-2,547
-2,548
-2,549
-2,550
-2,551
-2,552
-2,553
-2,554
-2,555
-2,556
-2,557
-2,558
-2,559
-2,560
-2,561
-2,562
-2,563
-2,564
-2,565
-2,566
-2,567
-2,568
-2,569
-2,570
-2,571
-2,572
:2_1,573
:2_1,574
:2_1,575
:2_1,576
:2_1,577
-1,578
-1,579
-1,580
-1,581
-1,582
-1,583
-1,584
-1,585
-1,586
-1,587
-1,588
-1,589
-1,590
-1,591
-1,592
-1,593
-1,594
-1,595
-1,596
-1,597
-1,598
-1,599
-1,600
-1,601
-1,602
-1,603
-1,604
-1,605
-1,606
-1,607
-1,608
-1,609
-1,610
-1,611
-1,612
-1,613
:1_0,614
:1_0,615
:1_0,616
:1_0,617
:1_0,618
-0,619
-0,620
-0,621
-0,622
-0,623
-0,624
-0,625
-0,626
-0,627
-0,628
-0,629
-0,630
-0,631
-0,632
-0,633
-0,634
-0,635
-0,636
-0,637
-0,638
-0,639
-0,640
-0,641
-0,642
-0,643
-0,644
-0,645
-0,646
-0,647
-0,648
-0,649
-0,650
-0,651
-0,652
-0,653
-0,654
-0,655
-0,656
-0,657
-0,658
-0,659
-0,660
-0,661
-0,662
-0,663
-0,664
-0,665
-0,666
-0,667
-0,668
-0,669
-0,670
-0,671
-0,672
-0,673
-0,674
-0,675
-0,676
-0,677
-0,678
-0,679
-0,680
-0,681
-0,682
-0,683
-0,684
-0,685
-0,686
-0,687
-0,688
-0,689
-0,690
-0,691
-0,692
-0,693
-0,694
-0,695
-0,696
-0,697
-0,698
-0,699
-0,700
-0,701
-0,702
-0,703
-0,704
-0,705
-0,706
-0,707
-0,708
-0,709
-0,710
-0,711
-0,712
-0,713
-0,714
-0,715
-0,716
-0,717
-0,718
-0,719
-0,720
-0,721
-0,722
-0,723
-0,724
-0,725
-0,726
-0,727
-0,728
-0,729
-0,730
-0,731
-0,732
-0,733
-0,734
-0,735
-0,736
-0,737
-0,738
-0,739
-0,740
-0,741
-0,742
-0,743
-0,744
-0,745
-0,746
-0,747
-0,748
:0_0,749
:0_0,750
:0_0,751
:0_0,752
3,753
3,754
3,755
3,756
3,757
3,758
3,759
3,760
3,761
3,762
3,763
3,764
3,765
3,766
3,767
3,768
3,769
3,770
3,771
3,772
3,773
3,774
3,775
3,776
3,777
3,778
3,779
3,780
3,781
3,782
3,783
3,784
3,785
3,786
3,787
3,788
3,789
3,790
3,791
3,792
3,793
3,794
3,795
3,796
3,797
3,798
3,799
3,800
3,801
3,802
3,803
3,804
3,805
3,806
3,807
3,808
3,809
3,810
3,811
3,812
3,813
3,814
3,815
3,816
3,817
3,818
3,819
3,820
3,821
3,822
3,823
3,824
3,825
3,826
3,827
3,828
3,829
3,830
3,831
3,832
3,833
3,834
3,835
3,836
3,837
3,838
3,839
3,840
3,841
3,842
3,843
3,844
3,845
3,846
3,847
3,848
3,849
3,850
3,851
3,852
3,853
3,854
3,855
3,856
3,857
3,858
3,859
3,860
3,861
3,862
3,863
3,864
3,865
3,866
3,867
3,868
3,869
3,870
3,871
3,872
3,873
3,874
3,875
3,876
3,877
3,878
3,879
3,880
3,881
3,882
3,883
3,884
3,885
3,886
3,887
3,888
3,889
3,890
3,891
3,892
3,893
3,894
3,895
3,896
3,897
3,898
3,899
3,900
3,901
3,902
3,903
3,904
3,905
3,906
3,907
3,908
3,909
3,910
3,911
3,912
3,913
3,914
3,915
3,916
3,917
3,918
3,919
3,920
3,921
3,922
3,923
3,924
3,925
3,926
3,927
3,928
3,929
3,930
3,931
3,932
3,933
3,934
3,935
3,936
3,937
3,938
3,939
3,940
3,941
3,942
3,943
3,944
3,945
3,946
3,947
3,948
3,949
3,950
3,951
3,952
3,953
3,954
3,955
3,956
3,957
3,958
3,959
3,960
3,961
3,962
3,963
3,964
3,965
3,966
3,967
3,968
3,969
3,970
3,971
3,972
3,973
3,974
3,975
3,976
3,977
3,978
3,979
3,980
3,981
3,982
3,983
3,984
3,985
3,986
3,987
3,988
3,989
3,990
3,991
3,992
3,993
3,994
3,995
3,996
3,997
3,998
3,999
3,1000
3,1001
3,1002
3,1003
3,1004
3,1005
3,1006
3,1007
3,1008
3,1009
3,1010
3,1011
3,1012
3,1013
3,1014
3,1015
3,1016
3,1017
3,1018
3,1019
3,1020
3,1021
3,1022
3,1023
3,1024
3,1025
3,1026
3,1027
3,1028
3,1029
3,1030
3,1031
3,1032
3,1033
3,1034
3,1035
3,1036
3,1037
3,1038
3,1039
3,1040
3,1041
:4_4,1042
:4_4,1043
:4_4,1044
-11,1045
-11,1046
-11,1047
-11,1048
-11,1049
-11,1050
-11,1051
-11,1052
-11,1053
-11,1054
-11,1055
-11,1056
-11,1057
-11,1058
-11,1059
-11,1060
-11,1061
-11,1062
-11,1063
-11,1064
-11,1065
-11,1066
-11,1067
-11,1068
-11,1069
-11,1070
-11,1071
-11,1072
-11,1073
-11,1074
-11,1075
-11,1076
-11,1077
-11,1078
-11,1079
-11,1080
-11,1081
-11,1082
-11,1083
-11,1084
-11,1085
-11,1086
-11,1087
-11,1088
-11,1089
-11,1090
-11,1091
-11,1092
-11,1093
-11,1094
-11,1095
-11,1096
-11,1097
-11,1098
-11,1099
-11,1100
-11,1101
-11,1102
-11,1103
-11,1104
-11,1105
-11,1106
-11,1107
-11,1108
-11,1109
-11,1110
-11,1111
-11,1112
-11,1113
-11,1114
-11,1115
-11,1116
-11,1117
-11,1118
-11,1119
-11,1120
-11,1121
-11,1122
-11,1123
-11,1124
-11,1125
-11,1126
-11,1127
-11,1128
-11,1129
-11,1130
-11,1131
-11,1132
-11,1133
-11,1134
-11,1135
-11,1136
-11,1137
-11,1138
-11,1139
-11,1140
-11,1141
-11,1142
-11,1143
-11,1144
-11,1145
-11,1146
-11,1147
-11,1148
-11,1149
-11,1150
-11,1151
-11,1152
-11,1153
-11,1154
-11,1155
-11,1156
-11,1157
-11,1158
-11,1159
-11,1160
-11,1161
-11,1162
-11,1163
-11,1164
-11,1165
-11,1166
-11,1167
-11,1168
-11,1169
-11,1170
-11,1171
-10,1172
-10,1173
-10,1174
-10,1175
-10,1176
-10,1177
-10,1178
-10,1179
-10,1180
-10,1181
-10,1182
-10,1183
-10,1184
-10,1185
-10,1186
-10,1187
-10,1188
-10,1189
-10,1190
-10,1191
-10,1192
-10,1193
-10,1194
-10,1195
-10,1196
-10,1197
-10,1198
-10,1199
-10,1200
-10,1201
-10,1202
-10,1203
-10,1204
-10,1205
-10,1206
-10,1207
-10,1208
-10,1209
-10,1210
-10,1211
-10,1212
-10,1213
-10,1214
-10,1215
-10,1216
-10,1217
-10,1218
-10,1219
-10,1220
-10,1221
-10,1222
-10,1223
-10,1224
-10,1225
-10,1226
-10,1227
-10,1228
-10,1229
-10,1230
-10,1231
-10,1232
-10,1233
-10,1234
-9,1235
-9,1236
-9,1237
-9,1238
-9,1239
-9,1240
-9,1241
-9,1242
-9,1243
-9,1244
-9,1245
-9,1246
-9,1247
-9,1248
-9,1249
-9,1250
-9,1251
-9,1252
-9,1253
-9,1254
-9,1255
-9,1256
-9,1257
-9,1258
-9,1259
-9,1260
-9,1261
-9,1262
-9,1263
-9,1264
-9,1265
-9,1266
-9,1267
-9,1268
-9,1269
-9,1270
-9,1271
-9,1272
-9,1273
-9,1274
-9,1275
-9,1276
-9,1277
-9,1278
-9,1279
-9,1280
-9,1281
-9,1282
-9,1283
-9,1284
-9,1285
-9,1286
-9,1287
-9,1288
-9,1289
-9,1290
-9,1291
-9,1292
-9,1293
-9,1294
-9,1295
-9,1296
:10_0,1297
-8,1298
-8,1299
-8,1300
-8,1301
-8,1302
-8,1303
-8,1304
-8,1305
-8,1306
-8,1307
-8,1308
-8,1309
-8,1310
-8,1311
-8,1312
-8,1313
-8,1314
-8,1315
-8,1316
-8,1317
-8,1318
-8,1319
-8,1320
-8,1321
-8,1322
-8,1323
-8,1324
-8,1325
-8,1326
-8,1327
-8,1328
-8,1329
-8,1330
-8,1331
-8,1332
-8,1333
-8,1334
-8,1335
-8,1336
-8,1337
-8,1338
-8,1339
-8,1340
-8,1341
-8,1342
-8,1343
-8,1344
-8,1345
-8,1346
-8,1347
-8,1348
-8,1349
-8,1350
-8,1351
-8,1352
-8,1353
-8,1354
-8,1355
-8,1356
-8,1357
-8,1358
-8,1359
-8,1360
-8,1361
-8,1362
:9_0,1363
-7,1364
-7,1365
-7,1366
-7,1367
-7,1368
-7,1369
-7,1370
-7,1371
-7,1372
-7,1373
-7,1374
-7,1375
-7,1376
-7,1377
-7,1378
-7,1379
-7,1380
-7,1381
-7,1382
-7,1383
-7,1384
-7,1385
-7,1386
-7,1387
-7,1388
-7,1389
-7,1390
-7,1391
-7,1392
-7,1393
-7,1394
-7,1395
-7,1396
-7,1397
-7,1398
-7,1399
-7,1400
-7,1401
-7,1402
-7,1403
-7,1404
-7,1405
-7,1406
-7,1407
-7,1408
-7,1409
-7,1410
-7,1411
-7,1412
-7,1413
-7,1414
-7,1415
-7,1416
-7,1417
-7,1418
-7,1419
-7,1420
-7,1421
-7,1422
-7,1423
-7,1424
-7,1425
-7,1426
-7,1427
-7,1428
-7,1429
-7,1430
-7,1431
-7,1432
-7,1433
-7,1434
-7,1435
-7,1436
-7,1437
-6,1438
-6,1439
-6,1440
-6,1441
-6,1442
-6,1443
-6,1444
-6,1445
-6,1446
-6,1447
-6,1448
-6,1449
-6,1450
-6,1451
-6,1452
-6,1453
-6,1454
-6,1455
-6,1456
-6,1457
-6,1458
-6,1459
-6,1460
-6,1461
-6,1462
-6,1463
-6,1464
-6,1465
-6,1466
-6,1467
-6,1468
-6,1469
-6,1470
-6,1471
-6,1472
-6,1473
-6,1474
-6,1475
-6,1476
-6,1477
-6,1478
-6,1479
-6,1480
-6,1481
-6,1482
-6,1483
-6,1484
-6,1485
-6,1486
-6,1487
-6,1488
-6,1489
-6,1490
-6,1491
-6,1492
-6,1493
-6,1494
-6,1495
-6,1496
-6,1497
-6,1498
-6,1499
-6,1500
-6,1501
-6,1502
-6,1503
-6,1504
-6,1505
-6,1506
-6,1507
-6,1508
-6,1509
-6,1510
-6,1511
-6,1512
-6,1513
-6,1514
-6,1515
-6,1516
-6,1517
-6,1518
-6,1519
-6,1520
-6,1521
-6,1522
-6,1523
-6,1524
-6,1525
-6,1526
-6,1527
-6,1528
-6,1529
-6,1530
-6,1531
-6,1532
-6,1533
-6,1534
-6,1535
-6,1536
-6,1537
-6,1538
-6,1539
-6,1540
-6,1541
-6,1542
-6,1543
-6,1544
-6,1545
-6,1546
-6,1547
-6,1548
-6,1549
-6,1550
-6,1551
-6,1552
-6,1553
-6,1554
-6,1555
-6,1556
-6,1557
-6,1558
-6,1559
-6,1560
-6,1561
-6,1562
-6,1563
-6,1564
-6,1565
-6,1566
-6,1567
-6,1568
-6,1569
-6,1570
-6,1571
-6,1572
-6,1573
-6,1574
-6,1575
-6,1576
-6,1577
-6,1578
-6,1579
-6,1580
-6,1581
-6,1582
-6,1583
-6,1584
-6,1585
-6,1586
-6,1587
-6,1588
-6,1589
-6,1590
-6,1591
-6,1592
-6,1593
-6,1594
-6,1595
-6,1596
-6,1597
-6,1598
-6,1599
-6,1600
-6,1601
-6,1602
-6,1603
-6,1604
-6,1605
-6,1606
-6,1607
-6,1608
-6,1609
-6,1610
-6,1611
-6,1612
-6,1613
-6,1614
-6,1615
-6,1616
-6,1617
-6,1618
-6,1619
-6,1620
-6,1621
-6,1622
-6,1623
-6,1624
-6,1625
-6,1626
-6,1627
-6,1628
-6,1629
-6,1630
-6,1631
-6,1632
-6,1633
-6,1634
-6,1635
-6,1636
-6,1637
-6,1638
-6,1639
-6,1640
-6,1641
-6,1642
-6,1643
-6,1644
-6,1645
-6,1646
-6,1647
-6,1648
-6,1649
-6,1650
-6,1651
-6,1652
-6,1653
-6,1654
-6,1655
-6,1656
-6,1657
:6_1,1658
:6_1,1659
-684,1660
-684,1661
-684,1662
-684,1663
-684,1664
-684,1665
-684,1666
-684,1667
-684,1668
-684,1669
-684,1670
-684,1671
-684,1672
-684,1673
-684,1674
-684,1675
-684,1676
-684,1677
-684,1678
-684,1679
-684,1680
:373_4,1681
:373_4,1682
-685,1683
-685,1684
-685,1685
-685,1686
-685,1687
-685,1688
-685,1689
-685,1690
-685,1691
-685,1692
-685,1693
-685,1694
-685,1695
-685,1696
-685,1697
-685,1698
-685,1699
-685,1700
-685,1701
-685,1702
-685,1703
:13_1,1704
:13_1,1705
177,1706
177,1707
177,1708
177,1709
177,1710
177,1711
177,1712
177,1713
177,1714
177,1715
177,1716
177,1717
177,1718
177,1719
177,1720
177,1721
177,1722
177,1723
177,1724
177,1725
177,1726
177,1727
177,1728
177,1729
177,1730
177,1731
177,1732
177,1733
177,1734
177,1735
177,1736
177,1737
177,1738
177,1739
177,1740
177,1741
177,1742
177,1743
177,1744
177,1745
177,1746
177,1747
177,1748
177,1749
177,1750
177,1751
177,1752
177,1753
177,1754
177,1755
177,1756
177,1757
177,1758
177,1759
177,1760
177,1761
177,1762
177,1763
177,1764
177,1765
177,1766
177,1767
177,1768
177,1769
177,1770
177,1771
177,1772
177,1773
177,1774
177,1775
177,1776
177,1777
177,1778
177,1779
177,1780
177,1781
177,1782
177,1783
177,1784
177,1785
177,1786
177,1787
177,1788
177,1789
177,1790
177,1791
177,1792
177,1793
177,1794
177,1795
177,1796
177,1797
177,1798
177,1799
177,1800
177,1801
177,1802
177,1803
177,1804
177,1805
177,1806
177,1807
177,1808
177,1809
177,1810
177,1811
177,1812
177,1813
177,1814
177,1815
177,1816
177,1817
177,1818
177,1819
177,1820
177,1821
177,1822
177,1823
177,1824
177,1825
177,1826
177,1827
177,1828
177,1829
177,1830
177,1831
177,1832
177,1833
177,1834
177,1835
177,1836
177,1837
177,1838
177,1839
177,1840
177,1841
177,1842
177,1843
177,1844
177,1845
177,1846
177,1847
177,1848
177,1849
177,1850
:190_1,1851
:190_1,1852
:190_1,1853
:190_1,1854
:190_1,1855
:190_1,1856
178,1857
178,1858
178,1859
178,1860
178,1861
178,1862
178,1863
178,1864
178,1865
178,1866
178,1867
178,1868
178,1869
178,1870
178,1871
178,1872
178,1873
178,1874
178,1875
178,1876
178,1877
178,1878
178,1879
178,1880
178,1881
178,1882
178,1883
178,1884
178,1885
178,1886
178,1887
178,1888
178,1889
178,1890
178,1891
178,1892
178,1893
178,1894
178,1895
178,1896
178,1897
178,1898
178,1899
178,1900
178,1901
178,1902
178,1903
178,1904
178,1905
178,1906
178,1907
178,1908
178,1909
178,1910
178,1911
178,1912
178,1913
178,1914
178,1915
178,1916
178,1917
178,1918
178,1919
178,1920
178,1921
178,1922
178,1923
178,1924
178,1925
178,1926
178,1927
178,1928
178,1929
178,1930
178,1931
178,1932
178,1933
178,1934
178,1935
178,1936
178,1937
178,1938
178,1939
178,1940
178,1941
178,1942
178,1943
178,1944
178,1945
178,1946
178,1947
178,1948
178,1949
178,1950
178,1951
178,1952
178,1953
178,1954
178,1955
178,1956
178,1957
178,1958
178,1959
178,1960
178,1961
178,1962
178,1963
178,1964
178,1965
178,1966
178,1967
178,1968
178,1969
178,1970
178,1971
178,1972
178,1973
178,1974
178,1975
178,1976
178,1977
178,1978
178,1979
178,1980
178,1981
178,1982
178,1983
178,1984
178,1985
178,1986
178,1987
178,1988
178,1989
178,1990
178,1991
178,1992
178,1993
178,1994
178,1995
178,1996
178,1997
178,1998
178,1999
178,2000
