196,1
196,2
196,3
196,4
196,5
196,6
196,7
196,8
196,9
196,10
196,11
196,12
196,13
196,14
196,15
196,16
196,17
196,18
196,19
196,20
196,21
196,22
196,23
196,24
196,25
196,26
196,27
196,28
196,29
196,30
196,31
196,32
196,33
196,34
196,35
196,36
196,37
196,38
196,39
196,40
196,41
196,42
196,43
196,44
196,45
196,46
196,47
196,48
196,49
196,50
196,51
196,52
196,53
196,54
196,55
196,56
196,57
196,58
196,59
196,60
196,61
196,62
196,63
196,64
196,65
196,66
196,67
196,68
196,69
196,70
196,71
196,72
196,73
196,74
196,75
196,76
196,77
196,78
196,79
196,80
196,81
196,82
196,83
196,84
196,85
196,86
196,87
196,88
196,89
196,90
196,91
196,92
196,93
196,94
196,95
196,96
196,97
196,98
196,99
196,100
196,101
196,102
196,103
196,104
196,105
196,106
196,107
196,108
196,109
196,110
196,111
196,112
196,113
196,114
196,115
196,116
196,117
196,118
196,119
196,120
196,121
196,122
196,123
196,124
196,125
196,126
196,127
196,128
196,129
196,130
196,131
196,132
196,133
196,134
196,135
196,136
196,137
196,138
196,139
196,140
196,141
196,142
196,143
196,144
196,145
196,146
196,147
196,148
196,149
196,150
196,151
196,152
196,153
196,154
196,155
196,156
196,157
196,158
196,159
196,160
196,161
196,162
196,163
196,164
196,165
196,166
196,167
196,168
196,169
196,170
196,171
196,172
196,173
196,174
196,175
196,176
196,177
196,178
196,179
196,180
196,181
196,182
196,183
196,184
196,185
196,186
196,187
196,188
196,189
196,190
196,191
196,192
196,193
196,194
196,195
196,196
196,197
196,198
196,199
196,200
196,201
196,202
196,203
196,204
196,205
196,206
196,207
196,208
196,209
196,210
196,211
196,212
196,213
196,214
196,215
196,216
196,217
196,218
196,219
196,220
196,221
196,222
196,223
196,224
196,225
196,226
196,227
196,228
196,229
196,230
196,231
196,232
196,233
196,234
196,235
196,236
196,237
196,238
196,239
196,240
196,241
196,242
196,243
196,244
196,245
196,246
196,247
196,248
196,249
196,250
196,251
196,252
196,253
196,254
196,255
:170_13,256
:170_13,257
:170_13,258
:170_13,259
-154,260
-154,261
-154,262
-154,263
-154,264
-154,265
-154,266
-154,267
-154,268
-154,269
-154,270
-154,271
-154,272
-154,273
-154,274
-154,275
-154,276
-154,277
-154,278
-154,279
-154,280
-154,281
-154,282
-154,283
-154,284
-154,285
-154,286
-154,287
-154,288
-154,289
-154,290
-154,291
-154,292
-154,293
-154,294
-154,295
-154,296
-154,297
-154,298
-154,299
-154,300
-154,301
-154,302
-154,303
-154,304
-154,305
-154,306
-154,307
-154,308
-154,309
-154,310
-154,311
-154,312
-154,313
-154,314
-154,315
-154,316
-154,317
-154,318
-154,319
-154,320
-154,321
-154,322
-154,323
-154,324
-154,325
-154,326
-154,327
-154,328
-154,329
-154,330
-154,331
-154,332
-154,333
-154,334
-154,335
-154,336
-154,337
-154,338
-154,339
-154,340
-154,341
-154,342
-154,343
-154,344
-154,345
-154,346
-154,347
-154,348
-154,349
-154,350
-154,351
-154,352
-154,353
-154,354
-154,355
-154,356
-154,357
-154,358
-154,359
-154,360
-154,361
-154,362
-154,363
-154,364
-154,365
-154,366
-154,367
-154,368
-154,369
-154,370
-154,371
-154,372
-154,373
-154,374
-154,375
-154,376
-154,377
-154,378
-154,379
-154,380
-154,381
-154,382
-154,383
-154,384
-154,385
-154,386
-154,387
-154,388
-154,389
-154,390
-154,391
-154,392
-154,393
-154,394
-154,395
-154,396
-154,397
-154,398
-154,399
-154,400
-154,401
-154,402
-154,403
-154,404
-154,405
-154,406
-154,407
-154,408
-154,409
-154,410
-154,411
-154,412
-154,413
-154,414
-154,415
-154,416
-154,417
-154,418
-154,419
-154,420
-154,421
-154,422
-154,423
-154,424
-154,425
-154,426
-154,427
-154,428
-154,429
-154,430
-154,431
-154,432
-154,433
-154,434
-154,435
-154,436
-154,437
-154,438
-154,439
-154,440
-154,441
-154,442
-154,443
-154,444
-154,445
-154,446
-154,447
-154,448
-154,449
-154,450
-154,451
-154,452
-154,453
-154,454
-154,455
-154,456
-154,457
-154,458
-154,459
-154,460
-154,461
-154,462
-154,463
-154,464
-154,465
-154,466
-154,467
-154,468
-154,469
-154,470
-154,471
-154,472
:166_13,473
:166_13,474
:166_13,475
:166_13,476
:166_13,477
151,478
151,479
151,480
151,481
151,482
151,483
151,484
151,485
151,486
151,487
151,488
151,489
151,490
151,491
151,492
151,493
151,494
151,495
151,496
151,497
151,498
151,499
151,500
151,501
151,502
151,503
151,504
151,505
151,506
151,507
151,508
151,509
151,510
151,511
151,512
151,513
151,514
151,515
151,516
151,517
151,518
151,519
151,520
151,521
151,522
151,523
151,524
:167_6,525
:167_6,526
:167_6,527
:167_6,528
-458,529
-458,530
-458,531
-458,532
-458,533
-458,534
-458,535
-458,536
-458,537
-458,538
-458,539
-458,540
-458,541
-458,542
-458,543
-458,544
-458,545
-458,546
-458,547
-458,548
-458,549
-458,550
-458,551
-458,552
-458,553
-458,554
-458,555
-458,556
-458,557
-458,558
-458,559
-458,560
-458,561
-458,562
-458,563
-458,564
-458,565
-458,566
-458,567
-458,568
-458,569
-458,570
-458,571
-458,572
-458,573
-458,574
-458,575
-458,576
-458,577
-458,578
-458,579
-458,580
-458,581
-458,582
-458,583
-458,584
-458,585
-458,586
-458,587
-458,588
-458,589
-458,590
-458,591
-458,592
-458,593
-458,594
-458,595
-458,596
-458,597
-458,598
-458,599
-458,600
:391_0,601
:391_0,602
:391_0,603
:391_0,604
460,605
460,606
460,607
460,608
460,609
460,610
460,611
460,612
460,613
460,614
460,615
460,616
460,617
460,618
460,619
460,620
460,621
460,622
460,623
460,624
460,625
460,626
460,627
460,628
460,629
460,630
460,631
460,632
460,633
460,634
460,635
460,636
460,637
460,638
460,639
460,640
460,641
460,642
460,643
460,644
460,645
460,646
460,647
460,648
460,649
460,650
460,651
460,652
460,653
460,654
460,655
460,656
460,657
460,658
460,659
460,660
460,661
460,662
460,663
:76_1,664
:76_1,665
:76_1,666
:76_1,667
:76_1,668
-66,669
-66,670
-66,671
-66,672
-66,673
-66,674
-66,675
-66,676
-66,677
-66,678
-66,679
-66,680
-66,681
-66,682
-66,683
-66,684
-66,685
-66,686
-66,687
-66,688
-66,689
-66,690
-66,691
-66,692
-66,693
-66,694
-66,695
-66,696
-66,697
-66,698
-66,699
-66,700
-66,701
-66,702
-66,703
-66,704
-66,705
-66,706
-66,707
-66,708
-66,709
-66,710
-66,711
-66,712
-66,713
-66,714
-66,715
-66,716
-66,717
-66,718
-66,719
-66,720
-66,721
-66,722
-66,723
-66,724
-66,725
-66,726
-66,727
-66,728
-66,729
-66,730
-66,731
-66,732
-66,733
-66,734
-66,735
-66,736
-66,737
-66,738
-66,739
-66,740
-66,741
-66,742
-66,743
-66,744
-66,745
-66,746
-66,747
-66,748
-66,749
-66,750
-66,751
-66,752
-66,753
-66,754
-66,755
-66,756
-66,757
-66,758
-66,759
-66,760
-66,761
-66,762
-66,763
:74_1,764
:74_1,765
:74_1,766
:74_1,767
:74_1,768
67,769
67,770
67,771
67,772
67,773
67,774
67,775
67,776
67,777
67,778
67,779
67,780
67,781
67,782
67,783
67,784
67,785
67,786
67,787
67,788
67,789
67,790
67,791
67,792
67,793
67,794
67,795
67,796
67,797
67,798
67,799
67,800
67,801
67,802
67,803
67,804
67,805
67,806
67,807
67,808
67,809
67,810
67,811
67,812
67,813
67,814
67,815
67,816
67,817
67,818
67,819
67,820
67,821
67,822
67,823
67,824
67,825
67,826
67,827
67,828
67,829
67,830
67,831
67,832
67,833
67,834
67,835
67,836
67,837
67,838
67,839
67,840
67,841
67,842
67,843
67,844
67,845
67,846
67,847
67,848
67,849
67,850
67,851
67,852
67,853
67,854
67,855
67,856
67,857
67,858
67,859
67,860
67,861
67,862
67,863
67,864
67,865
67,866
67,867
67,868
67,869
67,870
67,871
67,872
67,873
67,874
67,875
:77_6,876
:77_6,877
:77_6,878
:77_6,879
-121,880
-121,881
-121,882
-121,883
-121,884
-121,885
-121,886
-121,887
-121,888
-121,889
-121,890
-121,891
-121,892
-121,893
-121,894
-121,895
-121,896
-121,897
-121,898
-121,899
-121,900
-121,901
-121,902
-121,903
-121,904
-121,905
-121,906
-121,907
-121,908
-121,909
-121,910
-121,911
-121,912
-121,913
-121,914
-121,915
-121,916
-121,917
-121,918
-121,919
-121,920
-121,921
-121,922
-121,923
-121,924
-121,925
-121,926
-121,927
-121,928
-121,929
-121,930
-121,931
-121,932
-121,933
-121,934
-121,935
-121,936
-121,937
-121,938
-121,939
-121,940
-121,941
-121,942
-121,943
-121,944
:137_0,945
:137_0,946
:137_0,947
:137_0,948
:137_0,949
122,950
122,951
122,952
122,953
122,954
122,955
122,956
122,957
122,958
122,959
122,960
122,961
122,962
122,963
122,964
122,965
122,966
122,967
122,968
122,969
122,970
122,971
122,972
122,973
122,974
122,975
122,976
122,977
122,978
122,979
122,980
122,981
122,982
122,983
122,984
122,985
122,986
122,987
122,988
122,989
122,990
122,991
122,992
122,993
122,994
122,995
122,996
122,997
122,998
122,999
122,1000
122,1001
122,1002
122,1003
122,1004
122,1005
122,1006
122,1007
122,1008
122,1009
122,1010
122,1011
122,1012
122,1013
122,1014
122,1015
122,1016
122,1017
122,1018
122,1019
122,1020
122,1021
:60_6,1022
:60_6,1023
:60_6,1024
:60_6,1025
:60_6,1026
-52,1027
-52,1028
-52,1029
-52,1030
-52,1031
-52,1032
-52,1033
-52,1034
-52,1035
-52,1036
-52,1037
-52,1038
-52,1039
-52,1040
-52,1041
-52,1042
-52,1043
-52,1044
-52,1045
-52,1046
-52,1047
-52,1048
-52,1049
-52,1050
-52,1051
-52,1052
-52,1053
-52,1054
-52,1055
-52,1056
-52,1057
-52,1058
-52,1059
-52,1060
-52,1061
-52,1062
-52,1063
-52,1064
-52,1065
-52,1066
-52,1067
-52,1068
-52,1069
-52,1070
-52,1071
-52,1072
-52,1073
-52,1074
-52,1075
-52,1076
-52,1077
-52,1078
-52,1079
-52,1080
-52,1081
-52,1082
-52,1083
-52,1084
-52,1085
-52,1086
-52,1087
-52,1088
-52,1089
-52,1090
-52,1091
-52,1092
-52,1093
-52,1094
-52,1095
-52,1096
-52,1097
-52,1098
-52,1099
-52,1100
-52,1101
-52,1102
-52,1103
-52,1104
-52,1105
-52,1106
-52,1107
-52,1108
-52,1109
-52,1110
-52,1111
-52,1112
-52,1113
-52,1114
-52,1115
-52,1116
-52,1117
-52,1118
-52,1119
-52,1120
-52,1121
-52,1122
-52,1123
-52,1124
-52,1125
-52,1126
-52,1127
-52,1128
-52,1129
-52,1130
-52,1131
-52,1132
-52,1133
-52,1134
-52,1135
-52,1136
-52,1137
-52,1138
-52,1139
-52,1140
-52,1141
-52,1142
-52,1143
-52,1144
-52,1145
-52,1146
-52,1147
-52,1148
-52,1149
-52,1150
-52,1151
-52,1152
-52,1153
-52,1154
:58_0,1155
:58_0,1156
:58_0,1157
:58_0,1158
56,1159
56,1160
56,1161
56,1162
56,1163
56,1164
56,1165
56,1166
56,1167
56,1168
56,1169
56,1170
56,1171
56,1172
56,1173
56,1174
56,1175
56,1176
56,1177
56,1178
56,1179
56,1180
56,1181
56,1182
56,1183
56,1184
56,1185
56,1186
56,1187
56,1188
56,1189
56,1190
56,1191
56,1192
56,1193
56,1194
56,1195
56,1196
56,1197
56,1198
56,1199
56,1200
56,1201
56,1202
56,1203
56,1204
56,1205
56,1206
56,1207
56,1208
56,1209
56,1210
56,1211
56,1212
56,1213
56,1214
56,1215
56,1216
56,1217
56,1218
56,1219
56,1220
56,1221
56,1222
56,1223
56,1224
56,1225
56,1226
56,1227
56,1228
56,1229
56,1230
56,1231
56,1232
56,1233
56,1234
56,1235
56,1236
56,1237
56,1238
56,1239
56,1240
56,1241
56,1242
56,1243
56,1244
56,1245
56,1246
56,1247
56,1248
56,1249
56,1250
56,1251
56,1252
56,1253
56,1254
56,1255
56,1256
56,1257
56,1258
56,1259
56,1260
56,1261
56,1262
56,1263
56,1264
56,1265
56,1266
56,1267
56,1268
56,1269
56,1270
56,1271
56,1272
56,1273
56,1274
56,1275
56,1276
56,1277
56,1278
56,1279
56,1280
56,1281
56,1282
56,1283
56,1284
56,1285
:64_1,1286
:64_1,1287
:64_1,1288
:64_1,1289
569,1290
569,1291
569,1292
569,1293
569,1294
569,1295
569,1296
569,1297
569,1298
569,1299
569,1300
569,1301
569,1302
569,1303
569,1304
569,1305
569,1306
569,1307
569,1308
569,1309
569,1310
569,1311
569,1312
569,1313
569,1314
569,1315
569,1316
569,1317
569,1318
569,1319
569,1320
569,1321
569,1322
569,1323
569,1324
569,1325
569,1326
569,1327
569,1328
569,1329
569,1330
569,1331
569,1332
569,1333
569,1334
569,1335
569,1336
569,1337
569,1338
569,1339
569,1340
569,1341
569,1342
569,1343
569,1344
569,1345
569,1346
569,1347
569,1348
569,1349
569,1350
569,1351
569,1352
569,1353
569,1354
569,1355
569,1356
569,1357
569,1358
569,1359
569,1360
569,1361
569,1362
569,1363
569,1364
569,1365
569,1366
569,1367
569,1368
569,1369
569,1370
569,1371
569,1372
569,1373
569,1374
569,1375
569,1376
569,1377
569,1378
:151_0,1379
:151_0,1380
:151_0,1381
:151_0,1382
:151_0,1383
570,1384
570,1385
570,1386
570,1387
570,1388
570,1389
570,1390
570,1391
570,1392
570,1393
570,1394
570,1395
570,1396
570,1397
570,1398
570,1399
570,1400
570,1401
570,1402
570,1403
570,1404
570,1405
570,1406
570,1407
570,1408
570,1409
570,1410
570,1411
570,1412
570,1413
570,1414
570,1415
570,1416
570,1417
570,1418
570,1419
570,1420
570,1421
570,1422
570,1423
570,1424
570,1425
570,1426
570,1427
570,1428
570,1429
570,1430
570,1431
570,1432
570,1433
570,1434
570,1435
570,1436
570,1437
570,1438
570,1439
570,1440
570,1441
570,1442
570,1443
570,1444
570,1445
570,1446
570,1447
570,1448
570,1449
570,1450
570,1451
570,1452
570,1453
570,1454
570,1455
570,1456
570,1457
570,1458
570,1459
570,1460
570,1461
570,1462
570,1463
570,1464
570,1465
570,1466
570,1467
570,1468
570,1469
570,1470
570,1471
570,1472
570,1473
570,1474
570,1475
570,1476
570,1477
570,1478
570,1479
570,1480
570,1481
570,1482
570,1483
570,1484
570,1485
570,1486
570,1487
570,1488
570,1489
570,1490
570,1491
570,1492
570,1493
570,1494
570,1495
570,1496
570,1497
570,1498
570,1499
570,1500
570,1501
570,1502
570,1503
570,1504
570,1505
570,1506
570,1507
570,1508
570,1509
570,1510
570,1511
570,1512
570,1513
570,1514
570,1515
570,1516
570,1517
570,1518
570,1519
570,1520
570,1521
570,1522
570,1523
570,1524
570,1525
570,1526
570,1527
570,1528
570,1529
570,1530
570,1531
570,1532
570,1533
570,1534
570,1535
570,1536
570,1537
570,1538
570,1539
570,1540
570,1541
570,1542
:99_0,1543
:99_0,1544
:99_0,1545
:99_0,1546
571,1547
571,1548
571,1549
571,1550
571,1551
571,1552
571,1553
571,1554
571,1555
571,1556
571,1557
571,1558
571,1559
571,1560
571,1561
571,1562
571,1563
571,1564
571,1565
571,1566
571,1567
571,1568
571,1569
571,1570
571,1571
571,1572
571,1573
571,1574
571,1575
571,1576
571,1577
571,1578
571,1579
571,1580
571,1581
571,1582
571,1583
571,1584
571,1585
571,1586
571,1587
571,1588
571,1589
571,1590
571,1591
571,1592
571,1593
571,1594
571,1595
571,1596
571,1597
571,1598
571,1599
571,1600
571,1601
571,1602
571,1603
571,1604
571,1605
571,1606
571,1607
571,1608
571,1609
571,1610
571,1611
571,1612
571,1613
571,1614
571,1615
571,1616
571,1617
571,1618
571,1619
571,1620
571,1621
571,1622
571,1623
571,1624
571,1625
571,1626
571,1627
571,1628
571,1629
571,1630
571,1631
571,1632
571,1633
571,1634
571,1635
571,1636
571,1637
571,1638
571,1639
571,1640
571,1641
571,1642
571,1643
571,1644
571,1645
571,1646
571,1647
571,1648
571,1649
571,1650
571,1651
571,1652
571,1653
571,1654
571,1655
571,1656
571,1657
571,1658
571,1659
571,1660
571,1661
571,1662
571,1663
571,1664
571,1665
571,1666
571,1667
571,1668
571,1669
571,1670
571,1671
571,1672
571,1673
571,1674
571,1675
571,1676
571,1677
571,1678
571,1679
571,1680
571,1681
571,1682
571,1683
571,1684
571,1685
571,1686
571,1687
571,1688
571,1689
571,1690
571,1691
571,1692
571,1693
571,1694
571,1695
571,1696
571,1697
571,1698
571,1699
571,1700
571,1701
571,1702
571,1703
571,1704
571,1705
571,1706
571,1707
571,1708
571,1709
571,1710
571,1711
571,1712
571,1713
571,1714
571,1715
571,1716
571,1717
571,1718
571,1719
571,1720
571,1721
571,1722
571,1723
571,1724
571,1725
571,1726
571,1727
571,1728
571,1729
571,1730
571,1731
571,1732
571,1733
571,1734
571,1735
571,1736
571,1737
571,1738
571,1739
571,1740
571,1741
571,1742
571,1743
571,1744
:92_1,1745
:92_1,1746
:92_1,1747
:92_1,1748
:92_1,1749
-79,1750
-79,1751
-79,1752
-79,1753
-79,1754
-79,1755
-79,1756
-79,1757
-79,1758
-79,1759
-79,1760
-79,1761
-79,1762
-79,1763
-79,1764
-79,1765
-79,1766
-79,1767
-79,1768
-79,1769
-79,1770
-79,1771
-79,1772
-79,1773
-79,1774
-79,1775
-79,1776
-79,1777
-79,1778
-79,1779
-79,1780
-79,1781
-79,1782
-79,1783
-79,1784
-79,1785
-79,1786
-79,1787
-79,1788
-79,1789
-79,1790
-79,1791
-79,1792
-79,1793
-79,1794
-79,1795
-79,1796
-79,1797
-79,1798
-79,1799
-79,1800
-79,1801
-79,1802
-79,1803
-79,1804
-79,1805
-79,1806
-79,1807
-79,1808
-79,1809
-79,1810
-79,1811
-79,1812
-79,1813
-79,1814
-79,1815
-79,1816
-79,1817
-79,1818
-79,1819
-79,1820
-79,1821
-79,1822
-79,1823
-79,1824
-79,1825
-79,1826
-79,1827
-79,1828
-79,1829
-79,1830
-79,1831
-79,1832
-79,1833
-79,1834
-79,1835
-79,1836
-79,1837
-79,1838
-79,1839
-79,1840
-79,1841
-79,1842
-79,1843
-79,1844
-79,1845
-79,1846
-79,1847
-79,1848
-79,1849
-79,1850
-79,1851
-79,1852
