429,21
429,22
429,23
429,24
429,25
429,26
429,27
429,28
429,29
429,30
429,31
429,32
429,33
429,34
429,35
429,36
429,37
429,38
429,39
429,40
429,41
429,42
429,43
429,44
429,45
429,46
429,47
429,48
429,49
429,50
429,51
429,52
429,53
429,54
429,55
429,56
429,57
429,58
429,59
429,60
429,61
429,62
429,63
429,64
429,65
429,66
429,67
429,68
429,69
429,70
429,71
429,72
429,73
429,74
429,75
429,76
429,77
429,78
429,79
429,80
429,81
429,82
429,83
429,84
429,85
429,86
429,87
429,88
429,89
429,90
429,91
429,92
429,93
429,94
429,95
429,96
429,97
429,98
429,99
429,100
429,101
429,102
429,103
429,104
429,105
429,106
429,107
429,108
429,109
429,110
429,111
429,112
429,113
429,114
429,115
429,116
429,117
429,118
429,119
429,120
429,121
429,122
429,123
429,124
429,125
429,126
429,127
429,128
429,129
429,130
429,131
429,132
429,133
429,134
429,135
429,136
429,137
429,138
429,139
429,140
429,141
429,142
429,143
429,144
429,145
429,146
429,147
429,148
:23_0,149
:23_0,150
:23_0,151
:23_0,152
:23_0,153
:23_0,154
-19,155
-19,156
-19,157
-19,158
-19,159
-19,160
-19,161
-19,162
-19,163
-19,164
-19,165
-19,166
-19,167
-19,168
-19,169
-19,170
-19,171
-19,172
-19,173
-19,174
-19,175
-19,176
-19,177
-19,178
-19,179
-19,180
-19,181
-19,182
-19,183
-19,184
-19,185
-19,186
-19,187
-19,188
-19,189
-19,190
-19,191
-19,192
-19,193
-19,194
-19,195
-19,196
-19,197
-19,198
-19,199
-19,200
-19,201
-19,202
-19,203
-19,204
-19,205
-19,206
-19,207
-19,208
-19,209
-19,210
-19,211
-19,212
-19,213
-19,214
-19,215
-19,216
-19,217
-19,218
-19,219
-19,220
-19,221
-19,222
-19,223
-19,224
-19,225
-19,226
-19,227
-19,228
-19,229
-19,230
-19,231
-19,232
-19,233
-19,234
-19,235
-19,236
-19,237
-19,238
-19,239
-19,240
-19,241
-19,242
-19,243
-19,244
-19,245
-19,246
-19,247
:22_1,248
:22_1,249
:22_1,250
:22_1,251
:22_1,252
23,253
23,254
23,255
23,256
23,257
23,258
23,259
23,260
23,261
23,262
23,263
23,264
23,265
23,266
23,267
23,268
23,269
23,270
23,271
23,272
23,273
23,274
23,275
23,276
23,277
23,278
23,279
23,280
23,281
23,282
23,283
23,284
23,285
23,286
23,287
23,288
23,289
23,290
23,291
23,292
23,293
23,294
23,295
23,296
23,297
23,298
23,299
23,300
23,301
23,302
23,303
23,304
23,305
23,306
23,307
23,308
23,309
23,310
23,311
23,312
23,313
23,314
23,315
23,316
23,317
23,318
23,319
23,320
23,321
23,322
23,323
23,324
23,325
23,326
23,327
23,328
23,329
23,330
23,331
23,332
23,333
23,334
23,335
23,336
23,337
23,338
23,339
23,340
23,341
23,342
23,343
23,344
23,345
23,346
23,347
23,348
23,349
23,350
23,351
23,352
23,353
23,354
23,355
23,356
23,357
23,358
23,359
23,360
23,361
23,362
23,363
23,364
23,365
23,366
23,367
23,368
23,369
23,370
23,371
23,372
23,373
23,374
23,375
23,376
23,377
23,378
23,379
23,380
23,381
23,382
23,383
23,384
23,385
23,386
23,387
23,388
23,389
23,390
23,391
23,392
23,393
23,394
23,395
23,396
23,397
23,398
23,399
23,400
23,401
23,402
23,403
23,404
23,405
23,406
23,407
23,408
23,409
23,410
23,411
23,412
23,413
23,414
23,415
23,416
23,417
23,418
23,419
23,420
23,421
23,422
23,423
23,424
23,425
23,426
23,427
:27_1,428
:27_1,429
:27_1,430
:27_1,431
:27_1,432
87,433
87,434
87,435
87,436
87,437
87,438
87,439
87,440
87,441
87,442
87,443
87,444
87,445
87,446
87,447
87,448
87,449
87,450
87,451
87,452
87,453
87,454
87,455
87,456
87,457
87,458
87,459
87,460
87,461
87,462
87,463
87,464
87,465
87,466
87,467
87,468
87,469
87,470
87,471
87,472
87,473
87,474
87,475
87,476
87,477
87,478
87,479
87,480
87,481
87,482
87,483
87,484
87,485
87,486
87,487
87,488
87,489
87,490
87,491
87,492
87,493
87,494
87,495
87,496
87,497
87,498
87,499
87,500
87,501
87,502
87,503
87,504
87,505
87,506
87,507
87,508
87,509
87,510
87,511
87,512
87,513
87,514
87,515
87,516
87,517
87,518
87,519
87,520
87,521
87,522
87,523
87,524
87,525
87,526
87,527
87,528
87,529
87,530
87,531
87,532
87,533
87,534
87,535
87,536
87,537
87,538
87,539
87,540
87,541
87,542
87,543
87,544
87,545
87,546
87,547
87,548
87,549
87,550
87,551
87,552
87,553
87,554
87,555
87,556
87,557
87,558
87,559
87,560
87,561
87,562
87,563
87,564
87,565
87,566
87,567
87,568
87,569
87,570
87,571
87,572
87,573
87,574
87,575
87,576
87,577
87,578
87,579
87,580
87,581
87,582
87,583
87,584
87,585
87,586
87,587
87,588
87,589
87,590
87,591
:102_0,592
:102_0,593
:102_0,594
:102_0,595
:102_0,596
-159,597
-159,598
-159,599
-159,600
-159,601
-159,602
-159,603
-159,604
-159,605
-159,606
-159,607
-159,608
-159,609
-159,610
-159,611
-159,612
-159,613
-159,614
-159,615
-159,616
-159,617
-159,618
-159,619
-159,620
-159,621
-159,622
-159,623
-159,624
-159,625
-159,626
-159,627
-159,628
-159,629
-159,630
-159,631
-159,632
-159,633
-159,634
-159,635
-159,636
-159,637
-159,638
-159,639
-159,640
-159,641
-159,642
-159,643
-159,644
-159,645
-159,646
-159,647
-159,648
-159,649
-159,650
-159,651
-159,652
-159,653
-159,654
-159,655
-159,656
-159,657
-159,658
-159,659
-159,660
-159,661
-159,662
-159,663
-159,664
-159,665
-159,666
-159,667
-159,668
-159,669
-159,670
-159,671
-159,672
-159,673
-159,674
-159,675
-159,676
-159,677
-159,678
-159,679
-159,680
-159,681
-159,682
-159,683
-159,684
-159,685
-159,686
-159,687
-159,688
-159,689
-159,690
-159,691
:63_5,692
:63_5,693
:63_5,694
:63_5,695
:63_5,696
:63_5,697
-55,698
-55,699
-55,700
-55,701
-55,702
-55,703
-55,704
-55,705
-55,706
-55,707
-55,708
-55,709
-55,710
-55,711
-55,712
-55,713
-55,714
-55,715
-55,716
-55,717
-55,718
-55,719
-55,720
-55,721
-55,722
-55,723
-55,724
-55,725
-55,726
-55,727
-55,728
-55,729
-55,730
-55,731
-55,732
-55,733
-55,734
-55,735
-55,736
-55,737
-55,738
-55,739
-55,740
-55,741
-55,742
-55,743
-55,744
-55,745
-55,746
-55,747
-55,748
-55,749
-55,750
-55,751
-55,752
-55,753
-55,754
-55,755
-55,756
-55,757
-55,758
-55,759
-55,760
-55,761
-55,762
-55,763
-55,764
-55,765
-55,766
-55,767
-55,768
-55,769
-55,770
-55,771
-55,772
-55,773
-55,774
-55,775
-55,776
-55,777
-55,778
-55,779
-55,780
-55,781
-55,782
-55,783
-55,784
-55,785
-55,786
-55,787
-55,788
-55,789
-55,790
-55,791
-55,792
-55,793
-55,794
-55,795
-55,796
-55,797
-55,798
-55,799
-55,800
-55,801
-55,802
-55,803
-55,804
-55,805
-55,806
-55,807
-55,808
:62_1,809
:62_1,810
:62_1,811
:62_1,812
:62_1,813
:62_1,814
-54,815
-54,816
-54,817
-54,818
-54,819
-54,820
-54,821
-54,822
-54,823
-54,824
-54,825
-54,826
-54,827
-54,828
-54,829
-54,830
-54,831
-54,832
-54,833
-54,834
-54,835
-54,836
-54,837
-54,838
-54,839
-54,840
-54,841
-54,842
-54,843
-54,844
-54,845
-54,846
-54,847
-54,848
-54,849
-54,850
-54,851
-54,852
-54,853
-54,854
-54,855
-54,856
-54,857
-54,858
-54,859
-54,860
:61_0,861
:61_0,862
:61_0,863
:61_0,864
:61_0,865
-53,866
-53,867
-53,868
-53,869
-53,870
-53,871
-53,872
-53,873
-53,874
-53,875
-53,876
-53,877
-53,878
-53,879
-53,880
-53,881
-53,882
-53,883
-53,884
-53,885
-53,886
-53,887
-53,888
-53,889
-53,890
-53,891
-53,892
-53,893
-53,894
-53,895
-53,896
-53,897
-53,898
-53,899
-53,900
-53,901
-53,902
-53,903
-53,904
-53,905
-53,906
-53,907
-53,908
-53,909
-53,910
-53,911
-53,912
-53,913
-53,914
-53,915
-53,916
-53,917
-53,918
-53,919
-53,920
-53,921
-53,922
-53,923
-53,924
-53,925
-53,926
-53,927
-53,928
-53,929
-53,930
-53,931
-53,932
-53,933
-53,934
-53,935
-53,936
:58_5,937
:58_5,938
:58_5,939
:58_5,940
:58_5,941
:58_5,942
56,943
56,944
56,945
56,946
56,947
56,948
56,949
56,950
56,951
56,952
56,953
56,954
56,955
56,956
56,957
56,958
56,959
56,960
56,961
56,962
56,963
56,964
56,965
56,966
56,967
56,968
56,969
56,970
56,971
56,972
56,973
56,974
56,975
56,976
56,977
56,978
56,979
56,980
56,981
56,982
56,983
56,984
56,985
56,986
56,987
56,988
56,989
56,990
56,991
56,992
56,993
56,994
56,995
56,996
56,997
56,998
56,999
56,1000
56,1001
56,1002
56,1003
56,1004
56,1005
56,1006
56,1007
56,1008
56,1009
56,1010
56,1011
56,1012
56,1013
56,1014
56,1015
56,1016
56,1017
56,1018
56,1019
56,1020
56,1021
56,1022
56,1023
56,1024
56,1025
56,1026
56,1027
56,1028
56,1029
56,1030
56,1031
56,1032
56,1033
56,1034
56,1035
56,1036
56,1037
56,1038
56,1039
56,1040
56,1041
56,1042
56,1043
56,1044
56,1045
56,1046
56,1047
56,1048
56,1049
56,1050
56,1051
56,1052
56,1053
56,1054
56,1055
56,1056
56,1057
56,1058
56,1059
56,1060
56,1061
56,1062
56,1063
56,1064
56,1065
56,1066
56,1067
56,1068
56,1069
56,1070
56,1071
56,1072
56,1073
56,1074
56,1075
56,1076
56,1077
56,1078
:64_1,1079
:64_1,1080
:64_1,1081
:64_1,1082
:64_1,1083
569,1084
569,1085
569,1086
569,1087
569,1088
569,1089
569,1090
569,1091
569,1092
569,1093
569,1094
569,1095
569,1096
569,1097
569,1098
569,1099
569,1100
569,1101
569,1102
569,1103
569,1104
569,1105
569,1106
569,1107
569,1108
569,1109
569,1110
569,1111
569,1112
569,1113
569,1114
569,1115
569,1116
569,1117
569,1118
569,1119
569,1120
569,1121
569,1122
569,1123
569,1124
569,1125
569,1126
569,1127
569,1128
569,1129
569,1130
569,1131
569,1132
569,1133
569,1134
569,1135
569,1136
569,1137
569,1138
569,1139
569,1140
569,1141
569,1142
569,1143
569,1144
569,1145
569,1146
569,1147
569,1148
569,1149
569,1150
569,1151
569,1152
569,1153
569,1154
569,1155
569,1156
569,1157
569,1158
569,1159
569,1160
569,1161
569,1162
569,1163
569,1164
569,1165
569,1166
569,1167
569,1168
569,1169
569,1170
569,1171
569,1172
569,1173
569,1174
569,1175
569,1176
569,1177
569,1178
569,1179
569,1180
569,1181
569,1182
:151_0,1183
:151_0,1184
:151_0,1185
:151_0,1186
:151_0,1187
570,1188
570,1189
570,1190
570,1191
570,1192
570,1193
570,1194
570,1195
570,1196
570,1197
570,1198
570,1199
570,1200
570,1201
570,1202
570,1203
570,1204
570,1205
570,1206
570,1207
570,1208
570,1209
570,1210
570,1211
570,1212
570,1213
570,1214
570,1215
570,1216
570,1217
570,1218
570,1219
570,1220
570,1221
570,1222
570,1223
570,1224
570,1225
570,1226
570,1227
570,1228
570,1229
570,1230
570,1231
570,1232
570,1233
570,1234
570,1235
570,1236
570,1237
570,1238
570,1239
570,1240
570,1241
570,1242
570,1243
570,1244
570,1245
570,1246
570,1247
570,1248
570,1249
570,1250
570,1251
570,1252
570,1253
570,1254
570,1255
570,1256
570,1257
570,1258
570,1259
570,1260
570,1261
570,1262
570,1263
570,1264
570,1265
570,1266
570,1267
570,1268
570,1269
570,1270
570,1271
570,1272
570,1273
570,1274
570,1275
570,1276
570,1277
570,1278
570,1279
570,1280
570,1281
570,1282
570,1283
570,1284
570,1285
570,1286
570,1287
570,1288
570,1289
570,1290
570,1291
570,1292
570,1293
570,1294
570,1295
570,1296
570,1297
570,1298
570,1299
570,1300
570,1301
570,1302
570,1303
570,1304
570,1305
570,1306
570,1307
570,1308
570,1309
570,1310
570,1311
570,1312
570,1313
570,1314
570,1315
570,1316
570,1317
570,1318
570,1319
570,1320
570,1321
570,1322
570,1323
570,1324
570,1325
570,1326
570,1327
570,1328
570,1329
570,1330
570,1331
570,1332
570,1333
570,1334
570,1335
570,1336
570,1337
570,1338
570,1339
570,1340
570,1341
570,1342
570,1343
570,1344
:99_0,1345
:99_0,1346
:99_0,1347
:99_0,1348
571,1349
571,1350
571,1351
571,1352
571,1353
571,1354
571,1355
571,1356
571,1357
571,1358
571,1359
571,1360
571,1361
571,1362
571,1363
571,1364
571,1365
571,1366
571,1367
571,1368
571,1369
571,1370
571,1371
571,1372
571,1373
571,1374
571,1375
571,1376
571,1377
571,1378
571,1379
571,1380
571,1381
571,1382
571,1383
571,1384
571,1385
571,1386
571,1387
571,1388
571,1389
571,1390
571,1391
571,1392
571,1393
571,1394
571,1395
571,1396
571,1397
571,1398
571,1399
571,1400
571,1401
571,1402
571,1403
571,1404
571,1405
571,1406
571,1407
571,1408
571,1409
571,1410
571,1411
571,1412
571,1413
571,1414
571,1415
571,1416
571,1417
571,1418
571,1419
571,1420
571,1421
571,1422
571,1423
571,1424
571,1425
571,1426
571,1427
571,1428
571,1429
571,1430
571,1431
571,1432
571,1433
571,1434
571,1435
571,1436
571,1437
571,1438
571,1439
571,1440
571,1441
571,1442
571,1443
571,1444
571,1445
571,1446
571,1447
571,1448
571,1449
571,1450
571,1451
571,1452
571,1453
571,1454
571,1455
571,1456
571,1457
571,1458
571,1459
571,1460
571,1461
571,1462
571,1463
571,1464
571,1465
571,1466
571,1467
571,1468
571,1469
571,1470
571,1471
571,1472
571,1473
571,1474
571,1475
571,1476
571,1477
571,1478
571,1479
571,1480
571,1481
571,1482
571,1483
571,1484
571,1485
571,1486
571,1487
571,1488
571,1489
571,1490
571,1491
571,1492
571,1493
571,1494
571,1495
571,1496
571,1497
571,1498
571,1499
571,1500
571,1501
571,1502
571,1503
571,1504
571,1505
571,1506
571,1507
571,1508
571,1509
571,1510
571,1511
571,1512
571,1513
571,1514
571,1515
571,1516
571,1517
571,1518
571,1519
571,1520
571,1521
571,1522
571,1523
571,1524
571,1525
571,1526
571,1527
571,1528
571,1529
571,1530
571,1531
571,1532
571,1533
571,1534
571,1535
571,1536
571,1537
571,1538
571,1539
571,1540
571,1541
571,1542
571,1543
571,1544
:92_1,1545
:92_1,1546
:92_1,1547
:92_1,1548
:92_1,1549
-79,1550
-79,1551
-79,1552
-79,1553
-79,1554
-79,1555
-79,1556
-79,1557
-79,1558
-79,1559
-79,1560
-79,1561
-79,1562
-79,1563
-79,1564
-79,1565
-79,1566
-79,1567
-79,1568
-79,1569
-79,1570
-79,1571
-79,1572
-79,1573
-79,1574
-79,1575
-79,1576
-79,1577
-79,1578
-79,1579
-79,1580
-79,1581
-79,1582
-79,1583
-79,1584
-79,1585
-79,1586
-79,1587
-79,1588
-79,1589
-79,1590
-79,1591
-79,1592
-79,1593
-79,1594
-79,1595
-79,1596
-79,1597
-79,1598
-79,1599
-79,1600
-79,1601
-79,1602
-79,1603
-79,1604
-79,1605
-79,1606
-79,1607
-79,1608
-79,1609
-79,1610
-79,1611
-79,1612
-79,1613
-79,1614
-79,1615
-79,1616
-79,1617
-79,1618
-79,1619
-79,1620
-79,1621
-79,1622
-79,1623
-79,1624
-79,1625
-79,1626
-79,1627
-79,1628
-79,1629
-79,1630
-79,1631
-79,1632
-79,1633
-79,1634
-79,1635
-79,1636
-79,1637
-79,1638
-79,1639
-79,1640
-79,1641
-79,1642
-79,1643
-79,1644
-79,1645
-79,1646
-79,1647
-79,1648
-79,1649
-79,1650
-79,1651
:91_0,1652
:91_0,1653
:91_0,1654
:91_0,1655
:91_0,1656
:91_0,1657
:91_0,1658
80,1659
80,1660
80,1661
80,1662
80,1663
80,1664
80,1665
80,1666
80,1667
80,1668
80,1669
80,1670
80,1671
80,1672
80,1673
80,1674
80,1675
80,1676
80,1677
80,1678
80,1679
80,1680
80,1681
80,1682
80,1683
80,1684
80,1685
80,1686
80,1687
80,1688
80,1689
80,1690
80,1691
80,1692
80,1693
80,1694
80,1695
80,1696
80,1697
80,1698
80,1699
80,1700
80,1701
80,1702
80,1703
80,1704
80,1705
80,1706
80,1707
80,1708
80,1709
80,1710
80,1711
80,1712
80,1713
80,1714
80,1715
80,1716
80,1717
80,1718
80,1719
80,1720
80,1721
80,1722
80,1723
80,1724
80,1725
80,1726
80,1727
80,1728
80,1729
80,1730
80,1731
80,1732
80,1733
80,1734
80,1735
80,1736
80,1737
80,1738
80,1739
80,1740
80,1741
80,1742
80,1743
80,1744
80,1745
80,1746
80,1747
80,1748
80,1749
80,1750
80,1751
80,1752
80,1753
80,1754
80,1755
80,1756
80,1757
80,1758
80,1759
80,1760
80,1761
80,1762
80,1763
80,1764
80,1765
80,1766
80,1767
80,1768
:93_4,1769
:93_4,1770
:93_4,1771
:93_4,1772
:93_4,1773
:93_4,1774
630,1775
630,1776
630,1777
630,1778
630,1779
630,1780
630,1781
630,1782
630,1783
630,1784
630,1785
630,1786
630,1787
630,1788
630,1789
630,1790
630,1791
630,1792
630,1793
630,1794
630,1795
630,1796
630,1797
630,1798
630,1799
630,1800
630,1801
630,1802
630,1803
630,1804
630,1805
630,1806
630,1807
630,1808
630,1809
630,1810
630,1811
630,1812
630,1813
630,1814
630,1815
630,1816
630,1817
630,1818
630,1819
630,1820
630,1821
630,1822
630,1823
630,1824
630,1825
630,1826
630,1827
630,1828
630,1829
630,1830
630,1831
630,1832
630,1833
630,1834
630,1835
630,1836
630,1837
630,1838
630,1839
630,1840
630,1841
630,1842
630,1843
630,1844
630,1845
630,1846
630,1847
630,1848
630,1849
630,1850
630,1851
630,1852
630,1853
630,1854
630,1855
630,1856
630,1857
630,1858
630,1859
630,1860
630,1861
630,1862
630,1863
630,1864
630,1865
630,1866
630,1867
630,1868
630,1869
630,1870
630,1871
630,1872
630,1873
630,1874
630,1875
630,1876
630,1877
630,1878
630,1879
630,1880
630,1881
630,1882
630,1883
630,1884
630,1885
:213_4,1886
:213_4,1887
:213_4,1888
:213_4,1889
:213_4,1890
-205,1891
-205,1892
-205,1893
-205,1894
-205,1895
-205,1896
-205,1897
-205,1898
-205,1899
-205,1900
-205,1901
-205,1902
-205,1903
-205,1904
-205,1905
-205,1906
-205,1907
-205,1908
-205,1909
-205,1910
-205,1911
-205,1912
-205,1913
-205,1914
-205,1915
-205,1916
-205,1917
-205,1918
-205,1919
-205,1920
-205,1921
-205,1922
-205,1923
-205,1924
-205,1925
-205,1926
-205,1927
-205,1928
-205,1929
-205,1930
-205,1931
-205,1932
-205,1933
-205,1934
-205,1935
-205,1936
-205,1937
-205,1938
-205,1939
-205,1940
-205,1941
-205,1942
-205,1943
-205,1944
-205,1945
-205,1946
-205,1947
-205,1948
-205,1949
-205,1950
-205,1951
-205,1952
-205,1953
-205,1954
-205,1955
-205,1956
-205,1957
-205,1958
-205,1959
-205,1960
-205,1961
-205,1962
-205,1963
-205,1964
-205,1965
-205,1966
-205,1967
-205,1968
-205,1969
-205,1970
-205,1971
-205,1972
-205,1973
-205,1974
-205,1975
-205,1976
-205,1977
-205,1978
-205,1979
-205,1980
-205,1981
-205,1982
-205,1983
-205,1984
-205,1985
-205,1986
-205,1987
-205,1988
-205,1989
-205,1990
-205,1991
-205,1992
-205,1993
-205,1994
-205,1995
-205,1996
-205,1997
-205,1998
-205,1999
-205,2000
