-18,1
-18,2
-18,3
-18,4
-18,5
-18,6
-18,7
-18,8
-18,9
-18,10
-18,11
-18,12
-18,13
-18,14
-18,15
-18,16
-18,17
-18,18
-18,19
-18,20
-18,21
-18,22
-18,23
-18,24
-18,25
-18,26
-18,27
-18,28
-18,29
-18,30
-18,31
-18,32
-18,33
-18,34
-18,35
-18,36
-18,37
-18,38
-18,39
-18,40
-18,41
-18,42
-18,43
-18,44
-18,45
-18,46
-18,47
-18,48
-18,49
-18,50
-18,51
-18,52
-18,53
-18,54
-18,55
-18,56
-18,57
-18,58
-18,59
-18,60
-18,61
-18,62
-18,63
-18,64
-18,65
-18,66
-18,67
-18,68
-18,69
-18,70
-18,71
-18,72
-18,73
-18,74
-18,75
-18,76
-18,77
-18,78
-18,79
-18,80
-18,81
-18,82
-18,83
-18,84
-18,85
-18,86
-18,87
-18,88
-18,89
-18,90
-18,91
-18,92
-18,93
-18,94
-18,95
-18,96
-18,97
-18,98
-18,99
-18,100
-18,101
-18,102
-18,103
-18,104
-18,105
-18,106
-18,107
-18,108
-18,109
-18,110
-18,111
-18,112
:20_6,113
:20_6,114
:20_6,115
:20_6,116
:20_6,117
-17,118
-17,119
-17,120
-17,121
-17,122
-17,123
-17,124
-17,125
-17,126
-17,127
-17,128
-17,129
-17,130
-17,131
-17,132
-17,133
-17,134
-17,135
-17,136
-17,137
-17,138
-17,139
-17,140
-17,141
-17,142
-17,143
-17,144
-17,145
-17,146
-17,147
-17,148
-17,149
-17,150
-17,151
-17,152
-17,153
-17,154
-17,155
-17,156
-17,157
-17,158
-17,159
-17,160
-17,161
-17,162
-17,163
-17,164
-17,165
-17,166
-17,167
-17,168
-17,169
-17,170
-17,171
-17,172
-17,173
-17,174
-17,175
-17,176
-17,177
-17,178
-17,179
-17,180
-17,181
-17,182
-17,183
-17,184
-17,185
-17,186
-17,187
-17,188
-17,189
-17,190
-17,191
-17,192
-17,193
-17,194
-17,195
-17,196
-17,197
-17,198
-17,199
-17,200
-17,201
-17,202
-17,203
-17,204
-17,205
-17,206
-17,207
-17,208
-17,209
-17,210
-17,211
-17,212
-17,213
-17,214
-17,215
-17,216
-17,217
-17,218
-17,219
-17,220
-17,221
-17,222
-17,223
-17,224
-17,225
-17,226
-17,227
-17,228
-17,229
:17_1,230
:17_1,231
15,232
15,233
15,234
15,235
15,236
15,237
15,238
15,239
15,240
15,241
15,242
15,243
15,244
15,245
15,246
15,247
15,248
15,249
15,250
15,251
15,252
15,253
15,254
15,255
15,256
15,257
15,258
15,259
15,260
15,261
15,262
15,263
15,264
15,265
15,266
15,267
15,268
15,269
15,270
15,271
15,272
15,273
15,274
15,275
15,276
15,277
15,278
15,279
15,280
15,281
15,282
15,283
15,284
15,285
15,286
15,287
15,288
15,289
15,290
15,291
15,292
15,293
15,294
15,295
15,296
15,297
15,298
15,299
15,300
15,301
15,302
15,303
15,304
15,305
15,306
15,307
15,308
15,309
15,310
15,311
15,312
15,313
15,314
15,315
15,316
15,317
15,318
15,319
15,320
15,321
15,322
15,323
15,324
15,325
15,326
15,327
15,328
15,329
15,330
15,331
15,332
15,333
15,334
15,335
15,336
15,337
15,338
15,339
15,340
15,341
15,342
15,343
15,344
15,345
15,346
15,347
15,348
15,349
