-14,1
-14,2
-14,3
-14,4
-14,5
-14,6
-14,7
-14,8
-14,9
-14,10
-14,11
-14,12
-14,13
-14,14
-14,15
-14,16
-14,17
-14,18
-14,19
-14,20
-14,21
-14,22
-14,23
-14,24
-14,25
-14,26
-14,27
-14,28
-14,29
-14,30
-14,31
-14,32
-14,33
-14,34
-14,35
-14,36
-14,37
-14,38
-14,39
-14,40
-14,41
-14,42
-14,43
-14,44
-14,45
-14,46
-14,47
-14,48
-14,49
-14,50
-14,51
-14,52
-14,53
-14,54
-14,55
-14,56
-14,57
-14,58
-14,59
-14,60
-14,61
-14,62
-14,63
-14,64
-14,65
-14,66
-14,67
-14,68
-14,69
-14,70
-14,71
-14,72
-14,73
-14,74
-14,75
-14,76
-14,77
-14,78
-14,79
-14,80
-14,81
-14,82
-14,83
-14,84
-14,85
-14,86
-14,87
-14,88
-14,89
-14,90
-14,91
-14,92
-14,93
-14,94
-14,95
-14,96
-14,97
-14,98
-14,99
-14,100
:14_1,101
:14_1,102
13,103
13,104
13,105
13,106
13,107
13,108
13,109
13,110
13,111
13,112
13,113
13,114
13,115
13,116
13,117
13,118
13,119
13,120
13,121
13,122
13,123
13,124
13,125
13,126
13,127
13,128
13,129
13,130
13,131
13,132
13,133
13,134
13,135
13,136
13,137
13,138
13,139
13,140
13,141
13,142
13,143
13,144
13,145
13,146
13,147
13,148
13,149
13,150
13,151
13,152
13,153
13,154
13,155
13,156
13,157
13,158
13,159
13,160
13,161
13,162
13,163
13,164
13,165
13,166
13,167
13,168
13,169
13,170
13,171
13,172
13,173
13,174
13,175
13,176
13,177
13,178
13,179
13,180
13,181
13,182
13,183
13,184
13,185
13,186
13,187
13,188
13,189
13,190
13,191
13,192
:15_3,193
:15_3,194
:15_3,195
:15_3,196
:15_3,197
-375,198
-375,199
-375,200
-375,201
-375,202
-375,203
-375,204
-375,205
-375,206
-375,207
-375,208
-375,209
-375,210
-375,211
-375,212
-375,213
-375,214
-375,215
-375,216
-375,217
-375,218
-375,219
-375,220
-375,221
-375,222
-375,223
-375,224
-375,225
-375,226
-375,227
-375,228
-375,229
-375,230
-375,231
-375,232
-375,233
-375,234
-375,235
-375,236
-375,237
-375,238
-375,239
-375,240
-375,241
-375,242
-375,243
-375,244
-375,245
-375,246
-375,247
-375,248
-375,249
-375,250
-375,251
-375,252
-375,253
-375,254
-375,255
-375,256
-375,257
-375,258
-375,259
-375,260
-375,261
-375,262
-375,263
-375,264
-375,265
-375,266
-375,267
-375,268
-375,269
-375,270
-375,271
-375,272
-375,273
-375,274
-375,275
-375,276
-375,277
-375,278
-375,279
-375,280
-375,281
-375,282
-375,283
-375,284
-375,285
-375,286
-375,287
-375,288
-375,289
-375,290
-375,291
-375,292
-375,293
-375,294
:340_1,295
-374,296
-374,297
-374,298
-374,299
-374,300
-374,301
-374,302
-374,303
-374,304
-374,305
-374,306
-374,307
-374,308
-374,309
-374,310
-374,311
-374,312
-374,313
-374,314
-374,315
-374,316
-374,317
-374,318
-374,319
-374,320
-374,321
-374,322
-374,323
-374,324
-374,325
-374,326
-374,327
-374,328
-374,329
-374,330
-374,331
-374,332
-374,333
-374,334
-374,335
-374,336
-374,337
-374,338
-374,339
-374,340
-374,341
-374,342
-374,343
-374,344
-374,345
-374,346
-374,347
-374,348
-374,349
-374,350
-374,351
-374,352
-374,353
-374,354
-374,355
-374,356
-374,357
-374,358
-374,359
-374,360
-374,361
-374,362
-374,363
-374,364
-374,365
-374,366
-374,367
-374,368
-374,369
-374,370
-374,371
-374,372
-374,373
-374,374
:230_9,375
:230_9,376
:230_9,377
:230_9,378
:230_9,379
:230_9,380
-224,381
-224,382
-224,383
-224,384
-224,385
-224,386
-224,387
-224,388
-224,389
-224,390
-224,391
-224,392
-224,393
-224,394
-224,395
-224,396
-224,397
-224,398
-224,399
-224,400
-224,401
-224,402
-224,403
-224,404
-224,405
-224,406
-224,407
-224,408
-224,409
-224,410
-224,411
-224,412
-224,413
-224,414
-224,415
-224,416
-224,417
-224,418
-224,419
-224,420
-224,421
-224,422
-224,423
-224,424
-224,425
-224,426
-224,427
-224,428
-224,429
-224,430
-224,431
-224,432
-224,433
-224,434
-224,435
-224,436
-224,437
-224,438
-224,439
-224,440
-224,441
-224,442
-224,443
-224,444
-224,445
-224,446
-224,447
-224,448
-224,449
-224,450
-224,451
-224,452
-224,453
-224,454
-224,455
-224,456
-224,457
-224,458
-224,459
:229_6,460
:229_6,461
:229_6,462
:229_6,463
:229_6,464
-223,465
-223,466
-223,467
-223,468
-223,469
-223,470
-223,471
-223,472
-223,473
-223,474
-223,475
-223,476
-223,477
-223,478
-223,479
-223,480
-223,481
-223,482
-223,483
-223,484
-223,485
-223,486
-223,487
-223,488
-223,489
-223,490
-223,491
-223,492
-223,493
-223,494
-223,495
-223,496
-223,497
-223,498
-223,499
-223,500
-223,501
-223,502
-223,503
-223,504
-223,505
-223,506
-223,507
-223,508
-223,509
-223,510
-223,511
-223,512
-223,513
-223,514
-223,515
-223,516
-223,517
-223,518
-223,519
-223,520
-223,521
-223,522
-223,523
-223,524
-223,525
-223,526
-223,527
-223,528
-223,529
-223,530
-223,531
-223,532
-223,533
-223,534
-223,535
-223,536
-223,537
-223,538
-223,539
-223,540
-223,541
-223,542
-223,543
-223,544
-223,545
-223,546
-223,547
-223,548
-223,549
:228_6,550
:228_6,551
:228_6,552
:228_6,553
:228_6,554
-222,555
-222,556
-222,557
-222,558
-222,559
-222,560
-222,561
-222,562
-222,563
-222,564
-222,565
-222,566
-222,567
-222,568
-222,569
-222,570
-222,571
-222,572
-222,573
-222,574
-222,575
-222,576
-222,577
-222,578
-222,579
-222,580
-222,581
-222,582
-222,583
-222,584
-222,585
-222,586
-222,587
-222,588
-222,589
-222,590
-222,591
-222,592
-222,593
-222,594
-222,595
-222,596
-222,597
-222,598
-222,599
-222,600
-222,601
-222,602
-222,603
-222,604
-222,605
-222,606
-222,607
-222,608
-222,609
-222,610
-222,611
-222,612
-222,613
-222,614
-222,615
-222,616
-222,617
-222,618
-222,619
-222,620
-222,621
-222,622
-222,623
-222,624
-222,625
-222,626
-222,627
-222,628
-222,629
-222,630
-222,631
-222,632
-222,633
-222,634
-222,635
-222,636
-222,637
-222,638
-222,639
-222,640
-222,641
-222,642
-222,643
-222,644
-222,645
-222,646
-222,647
-222,648
-222,649
-222,650
-222,651
-222,652
-222,653
-222,654
-222,655
-222,656
-222,657
-222,658
-222,659
-222,660
-222,661
-222,662
-222,663
-222,664
-222,665
-222,666
-222,667
-222,668
-222,669
-222,670
-222,671
-222,672
-222,673
-222,674
-222,675
-222,676
-222,677
-222,678
-222,679
-222,680
-222,681
-222,682
-222,683
-222,684
-222,685
-222,686
-222,687
-222,688
-222,689
-222,690
-222,691
-222,692
-222,693
-222,694
-222,695
-222,696
-222,697
-222,698
-222,699
-222,700
-222,701
-222,702
-222,703
-222,704
-222,705
-222,706
-222,707
-222,708
-222,709
-222,710
-222,711
-222,712
-222,713
-222,714
-222,715
:227_3,716
:227_3,717
:227_3,718
:227_3,719
:227_3,720
225,721
225,722
225,723
225,724
225,725
225,726
225,727
225,728
225,729
225,730
225,731
225,732
225,733
225,734
225,735
225,736
225,737
225,738
225,739
225,740
225,741
225,742
225,743
225,744
225,745
225,746
225,747
225,748
225,749
225,750
225,751
225,752
225,753
225,754
225,755
225,756
225,757
225,758
225,759
225,760
225,761
225,762
225,763
225,764
225,765
225,766
225,767
225,768
225,769
225,770
225,771
225,772
225,773
225,774
225,775
225,776
225,777
225,778
225,779
225,780
225,781
225,782
225,783
225,784
225,785
225,786
225,787
225,788
225,789
225,790
225,791
225,792
225,793
225,794
225,795
225,796
225,797
225,798
225,799
225,800
225,801
225,802
225,803
225,804
225,805
225,806
225,807
225,808
225,809
225,810
225,811
225,812
225,813
225,814
225,815
225,816
225,817
225,818
225,819
225,820
225,821
225,822
225,823
225,824
225,825
225,826
225,827
225,828
225,829
225,830
225,831
225,832
225,833
225,834
225,835
225,836
225,837
225,838
225,839
225,840
225,841
225,842
225,843
225,844
225,845
225,846
225,847
225,848
225,849
225,850
225,851
225,852
:231_6,853
:231_6,854
:231_6,855
:231_6,856
:231_6,857
-257,858
-257,859
-257,860
-257,861
-257,862
-257,863
-257,864
-257,865
-257,866
-257,867
-257,868
-257,869
-257,870
-257,871
-257,872
-257,873
-257,874
-257,875
-257,876
-257,877
-257,878
-257,879
-257,880
-257,881
-257,882
-257,883
-257,884
-257,885
-257,886
-257,887
-257,888
-257,889
-257,890
-257,891
-257,892
-257,893
-257,894
-257,895
-257,896
-257,897
-257,898
-257,899
-257,900
-257,901
-257,902
-257,903
-257,904
-257,905
-257,906
-257,907
-257,908
-257,909
-257,910
-257,911
-257,912
-257,913
-257,914
-257,915
-257,916
-257,917
-257,918
-257,919
-257,920
-257,921
-257,922
-257,923
-257,924
-257,925
-257,926
-257,927
-257,928
-257,929
-257,930
-257,931
-257,932
-257,933
-257,934
-257,935
-257,936
-257,937
-257,938
-257,939
-257,940
-257,941
-257,942
-257,943
-257,944
-257,945
-257,946
-257,947
-257,948
-257,949
-257,950
-257,951
-257,952
-257,953
-257,954
-257,955
-257,956
-257,957
-257,958
-257,959
-257,960
-257,961
-257,962
-257,963
-257,964
-257,965
-257,966
-257,967
-257,968
-257,969
-257,970
-257,971
-257,972
-257,973
-257,974
-257,975
-257,976
-257,977
-257,978
-257,979
-257,980
-257,981
-257,982
-257,983
-257,984
-257,985
-257,986
-257,987
-257,988
-257,989
-257,990
-257,991
-257,992
-257,993
-257,994
-257,995
-257,996
-257,997
-257,998
-257,999
-257,1000
-257,1001
-257,1002
-257,1003
-257,1004
-257,1005
-257,1006
-257,1007
-257,1008
-257,1009
-257,1010
-257,1011
-257,1012
-257,1013
-257,1014
-257,1015
-257,1016
-257,1017
-257,1018
-257,1019
:21_7,1020
:21_7,1021
:21_7,1022
:21_10,1023
:21_10,1024
:21_10,1025
258,1026
258,1027
258,1028
258,1029
258,1030
258,1031
258,1032
258,1033
258,1034
258,1035
258,1036
258,1037
258,1038
258,1039
258,1040
258,1041
258,1042
258,1043
258,1044
258,1045
258,1046
258,1047
258,1048
258,1049
258,1050
258,1051
258,1052
258,1053
258,1054
258,1055
258,1056
258,1057
258,1058
258,1059
258,1060
258,1061
258,1062
258,1063
258,1064
258,1065
258,1066
258,1067
258,1068
258,1069
258,1070
258,1071
258,1072
258,1073
258,1074
258,1075
258,1076
258,1077
258,1078
258,1079
258,1080
258,1081
258,1082
258,1083
258,1084
258,1085
258,1086
258,1087
258,1088
258,1089
258,1090
258,1091
:256_3,1092
:256_3,1093
:256_3,1094
:256_3,1095
:256_3,1096
259,1097
259,1098
259,1099
259,1100
259,1101
259,1102
259,1103
259,1104
259,1105
259,1106
259,1107
259,1108
259,1109
259,1110
259,1111
259,1112
259,1113
259,1114
259,1115
259,1116
259,1117
259,1118
259,1119
:157_5,1120
:157_5,1121
:157_5,1122
:157_5,1123
:157_5,1124
-142,1125
-142,1126
-142,1127
-142,1128
-142,1129
-142,1130
-142,1131
-142,1132
-142,1133
-142,1134
-142,1135
-142,1136
-142,1137
-142,1138
-142,1139
-142,1140
-142,1141
-142,1142
-142,1143
-142,1144
-142,1145
-142,1146
-142,1147
-142,1148
-142,1149
-142,1150
-142,1151
-142,1152
-142,1153
-142,1154
-142,1155
-142,1156
-142,1157
-142,1158
-142,1159
-142,1160
-142,1161
-142,1162
-142,1163
-142,1164
-142,1165
-142,1166
-142,1167
-142,1168
-142,1169
-142,1170
-142,1171
-142,1172
-142,1173
-142,1174
-142,1175
-142,1176
-142,1177
-142,1178
-142,1179
-142,1180
-142,1181
-142,1182
-142,1183
-142,1184
-142,1185
-142,1186
-142,1187
-142,1188
-142,1189
-142,1190
-142,1191
-142,1192
-142,1193
-142,1194
-142,1195
-142,1196
-142,1197
-142,1198
-142,1199
-142,1200
-142,1201
-142,1202
-142,1203
-142,1204
-142,1205
-142,1206
-142,1207
-142,1208
-142,1209
-142,1210
-142,1211
:153_9,1212
:153_9,1213
:153_9,1214
:153_9,1215
:153_9,1216
138,1217
138,1218
138,1219
138,1220
138,1221
138,1222
138,1223
138,1224
138,1225
138,1226
138,1227
138,1228
138,1229
138,1230
138,1231
138,1232
138,1233
138,1234
138,1235
138,1236
138,1237
138,1238
138,1239
138,1240
138,1241
138,1242
138,1243
138,1244
138,1245
138,1246
138,1247
138,1248
138,1249
138,1250
138,1251
138,1252
138,1253
138,1254
138,1255
138,1256
138,1257
138,1258
138,1259
138,1260
138,1261
138,1262
138,1263
138,1264
138,1265
138,1266
138,1267
138,1268
138,1269
138,1270
138,1271
138,1272
138,1273
138,1274
138,1275
138,1276
138,1277
138,1278
138,1279
138,1280
138,1281
138,1282
138,1283
138,1284
138,1285
138,1286
138,1287
138,1288
138,1289
138,1290
138,1291
138,1292
138,1293
138,1294
138,1295
138,1296
138,1297
138,1298
138,1299
138,1300
138,1301
138,1302
138,1303
138,1304
138,1305
138,1306
138,1307
138,1308
138,1309
138,1310
138,1311
138,1312
138,1313
138,1314
138,1315
138,1316
138,1317
:154_7,1318
:154_7,1319
:154_7,1320
:154_7,1321
:154_7,1322
-450,1323
-450,1324
-450,1325
-450,1326
-450,1327
-450,1328
-450,1329
-450,1330
-450,1331
-450,1332
-450,1333
-450,1334
-450,1335
-450,1336
-450,1337
-450,1338
-450,1339
-450,1340
-450,1341
-450,1342
-450,1343
-450,1344
-450,1345
-450,1346
-450,1347
-450,1348
-450,1349
-450,1350
-450,1351
-450,1352
-450,1353
-450,1354
-450,1355
-450,1356
-450,1357
-450,1358
-450,1359
-450,1360
-450,1361
