-38,1
-38,2
-38,3
-38,4
-38,5
-38,6
-38,7
-38,8
-38,9
-38,10
-38,11
-38,12
-38,13
-38,14
-38,15
-38,16
-38,17
-38,18
-38,19
-38,20
-38,21
-38,22
-38,23
-38,24
-38,25
-38,26
-38,27
-38,28
-38,29
-38,30
-38,31
-38,32
-38,33
-38,34
-38,35
-38,36
-38,37
-38,38
-38,39
-38,40
-38,41
-38,42
-38,43
-38,44
-38,45
-38,46
-38,47
-38,48
-38,49
-38,50
-38,51
-38,52
-38,53
-38,54
-38,55
-38,56
-38,57
-38,58
-38,59
-38,60
-38,61
-38,62
-38,63
-38,64
-38,65
-38,66
-38,67
-38,68
-38,69
-38,70
-38,71
-38,72
-38,73
-38,74
-38,75
-38,76
-38,77
-38,78
-38,79
-38,80
-38,81
-38,82
-38,83
-38,84
-38,85
-38,86
-38,87
-38,88
-38,89
-38,90
-38,91
-38,92
-38,93
-38,94
-38,95
-38,96
-38,97
-38,98
-38,99
-38,100
-38,101
-38,102
-38,103
-38,104
-38,105
-38,106
-38,107
-38,108
-38,109
-38,110
-38,111
-38,112
-38,113
-38,114
-38,115
-38,116
-38,117
-38,118
-38,119
-38,120
-38,121
-38,122
-38,123
-38,124
-38,125
-38,126
-38,127
-38,128
-38,129
-38,130
-38,131
-38,132
-38,133
-38,134
-38,135
-38,136
-38,137
-38,138
-38,139
-38,140
-38,141
-38,142
-38,143
-38,144
-38,145
-38,146
-38,147
-38,148
-38,149
-38,150
-38,151
-38,152
-38,153
-38,154
-38,155
-38,156
-38,157
-38,158
-38,159
-38,160
-38,161
-38,162
-38,163
-38,164
-38,165
-38,166
-38,167
-38,168
-38,169
-38,170
-38,171
-38,172
-38,173
-38,174
-38,175
-38,176
-38,177
-38,178
-38,179
-38,180
-38,181
-38,182
-38,183
-38,184
-38,185
-38,186
-38,187
-38,188
-38,189
-38,190
-38,191
-38,192
-38,193
-38,194
-38,195
-38,196
-38,197
-38,198
-38,199
-38,200
-38,201
-38,202
-38,203
-38,204
-38,205
-38,206
-38,207
-38,208
-38,209
-38,210
-38,211
-38,212
-38,213
-38,214
-38,215
-38,216
-38,217
-38,218
-38,219
-38,220
-38,221
-38,222
-38,223
-38,224
-38,225
-38,226
-38,227
-38,228
-38,229
-38,230
-38,231
-38,232
-38,233
-38,234
-38,235
-38,236
-38,237
-38,238
-38,239
-38,240
-38,241
-38,242
-38,243
-38,244
-38,245
-38,246
-38,247
-38,248
-38,249
-38,250
-38,251
-38,252
-38,253
-38,254
-38,255
-38,256
-38,257
-38,258
-38,259
-38,260
-38,261
-38,262
-38,263
-38,264
-38,265
-38,266
-38,267
-38,268
-38,269
-38,270
-38,271
-38,272
-38,273
:43_6,274
:43_6,275
:43_6,276
:43_6,277
:43_6,278
37,279
37,280
37,281
37,282
37,283
37,284
37,285
37,286
37,287
37,288
37,289
37,290
37,291
37,292
37,293
37,294
37,295
37,296
37,297
37,298
37,299
37,300
37,301
37,302
37,303
37,304
37,305
37,306
37,307
37,308
37,309
37,310
37,311
37,312
37,313
37,314
37,315
37,316
37,317
37,318
37,319
37,320
37,321
37,322
37,323
37,324
37,325
37,326
37,327
37,328
37,329
37,330
37,331
37,332
37,333
37,334
37,335
37,336
37,337
37,338
37,339
37,340
37,341
37,342
37,343
37,344
37,345
37,346
37,347
37,348
37,349
37,350
37,351
37,352
37,353
37,354
37,355
37,356
37,357
37,358
37,359
37,360
37,361
37,362
37,363
37,364
37,365
37,366
37,367
37,368
37,369
37,370
37,371
37,372
37,373
37,374
37,375
37,376
37,377
37,378
37,379
37,380
37,381
37,382
37,383
37,384
37,385
37,386
37,387
37,388
37,389
37,390
37,391
37,392
37,393
37,394
37,395
:45_21,396
:45_21,397
:45_21,398
:45_21,399
:45_21,400
:45_21,401
:45_21,402
:45_21,403
:45_21,404
:45_21,405
:45_21,406
:45_21,407
208,408
208,409
208,410
208,411
208,412
208,413
208,414
208,415
208,416
208,417
208,418
208,419
208,420
208,421
208,422
208,423
208,424
208,425
208,426
208,427
208,428
208,429
208,430
208,431
208,432
208,433
208,434
208,435
208,436
208,437
208,438
208,439
208,440
208,441
208,442
208,443
208,444
208,445
208,446
208,447
208,448
208,449
208,450
208,451
208,452
208,453
208,454
208,455
208,456
208,457
208,458
208,459
208,460
208,461
208,462
208,463
208,464
208,465
208,466
208,467
208,468
208,469
208,470
208,471
208,472
208,473
208,474
208,475
208,476
208,477
208,478
208,479
208,480
208,481
208,482
208,483
208,484
208,485
208,486
208,487
208,488
208,489
208,490
208,491
208,492
208,493
208,494
208,495
208,496
208,497
208,498
208,499
208,500
208,501
208,502
208,503
208,504
208,505
208,506
208,507
208,508
208,509
208,510
208,511
208,512
208,513
208,514
208,515
208,516
208,517
208,518
208,519
208,520
208,521
208,522
208,523
208,524
208,525
208,526
208,527
208,528
208,529
208,530
208,531
208,532
208,533
208,534
208,535
208,536
208,537
208,538
208,539
208,540
208,541
208,542
208,543
208,544
208,545
208,546
208,547
208,548
208,549
208,550
208,551
208,552
208,553
208,554
208,555
208,556
208,557
208,558
208,559
208,560
208,561
208,562
208,563
208,564
208,565
208,566
208,567
208,568
208,569
208,570
208,571
:215_1,572
:215_1,573
:215_1,574
:215_1,575
:215_1,576
:215_1,577
401,578
401,579
401,580
401,581
401,582
401,583
401,584
401,585
401,586
401,587
401,588
401,589
401,590
401,591
401,592
401,593
401,594
401,595
401,596
401,597
401,598
401,599
401,600
401,601
401,602
401,603
401,604
401,605
401,606
401,607
401,608
401,609
401,610
401,611
401,612
401,613
401,614
401,615
401,616
401,617
401,618
401,619
401,620
401,621
401,622
401,623
401,624
401,625
401,626
401,627
401,628
401,629
401,630
401,631
401,632
401,633
401,634
401,635
401,636
401,637
401,638
401,639
401,640
401,641
401,642
401,643
401,644
401,645
401,646
401,647
401,648
401,649
401,650
401,651
401,652
401,653
401,654
401,655
401,656
401,657
401,658
401,659
401,660
401,661
401,662
401,663
401,664
401,665
401,666
401,667
401,668
401,669
401,670
401,671
401,672
401,673
401,674
401,675
401,676
401,677
401,678
401,679
401,680
401,681
401,682
401,683
401,684
401,685
401,686
401,687
401,688
401,689
401,690
401,691
401,692
401,693
401,694
401,695
401,696
401,697
401,698
401,699
401,700
401,701
401,702
401,703
401,704
401,705
401,706
401,707
401,708
401,709
401,710
401,711
401,712
401,713
401,714
401,715
401,716
401,717
401,718
401,719
401,720
401,721
401,722
401,723
401,724
401,725
401,726
401,727
401,728
401,729
401,730
401,731
401,732
401,733
401,734
401,735
401,736
401,737
401,738
401,739
401,740
401,741
401,742
401,743
401,744
401,745
401,746
401,747
401,748
401,749
:143_13,750
:143_13,751
:143_13,752
:143_13,753
:143_13,754
406,755
406,756
406,757
406,758
406,759
406,760
406,761
406,762
406,763
406,764
406,765
406,766
406,767
406,768
406,769
406,770
406,771
406,772
406,773
406,774
406,775
406,776
406,777
406,778
406,779
406,780
406,781
406,782
406,783
406,784
406,785
406,786
406,787
406,788
406,789
406,790
406,791
406,792
406,793
406,794
406,795
406,796
406,797
406,798
406,799
406,800
406,801
406,802
406,803
406,804
406,805
406,806
406,807
406,808
406,809
406,810
406,811
406,812
406,813
406,814
406,815
406,816
406,817
406,818
406,819
406,820
406,821
406,822
406,823
406,824
406,825
406,826
406,827
406,828
406,829
406,830
406,831
406,832
406,833
406,834
406,835
406,836
406,837
406,838
406,839
406,840
406,841
406,842
406,843
406,844
406,845
406,846
406,847
406,848
406,849
406,850
406,851
406,852
406,853
406,854
406,855
406,856
406,857
406,858
406,859
406,860
406,861
406,862
406,863
406,864
406,865
406,866
406,867
406,868
406,869
406,870
406,871
406,872
406,873
406,874
406,875
406,876
406,877
406,878
406,879
406,880
406,881
406,882
406,883
406,884
406,885
406,886
406,887
406,888
406,889
406,890
406,891
406,892
406,893
406,894
406,895
406,896
406,897
406,898
406,899
406,900
406,901
406,902
406,903
406,904
406,905
406,906
406,907
406,908
406,909
406,910
406,911
406,912
406,913
406,914
406,915
406,916
406,917
406,918
406,919
406,920
406,921
406,922
406,923
406,924
406,925
406,926
406,927
406,928
406,929
406,930
:28_6,931
:28_6,932
:28_6,933
:28_6,934
:28_6,935
:28_6,936
429,937
429,938
429,939
429,940
429,941
429,942
429,943
429,944
429,945
429,946
429,947
429,948
429,949
429,950
429,951
429,952
429,953
429,954
429,955
429,956
429,957
429,958
429,959
429,960
429,961
429,962
429,963
429,964
429,965
429,966
429,967
429,968
429,969
429,970
429,971
429,972
429,973
429,974
429,975
429,976
429,977
429,978
429,979
429,980
429,981
429,982
429,983
429,984
429,985
429,986
429,987
429,988
429,989
429,990
429,991
429,992
429,993
429,994
429,995
429,996
429,997
429,998
429,999
429,1000
429,1001
429,1002
429,1003
429,1004
429,1005
429,1006
429,1007
429,1008
429,1009
429,1010
429,1011
429,1012
429,1013
429,1014
429,1015
429,1016
429,1017
429,1018
429,1019
429,1020
429,1021
429,1022
429,1023
429,1024
429,1025
429,1026
429,1027
429,1028
429,1029
429,1030
429,1031
429,1032
429,1033
429,1034
429,1035
429,1036
429,1037
429,1038
429,1039
429,1040
429,1041
429,1042
429,1043
429,1044
429,1045
429,1046
429,1047
429,1048
429,1049
429,1050
429,1051
429,1052
429,1053
429,1054
429,1055
429,1056
429,1057
429,1058
429,1059
429,1060
429,1061
429,1062
429,1063
429,1064
429,1065
:23_0,1066
:23_0,1067
:23_0,1068
:23_0,1069
:23_0,1070
:23_0,1071
:23_0,1072
-19,1073
-19,1074
-19,1075
-19,1076
-19,1077
-19,1078
-19,1079
-19,1080
-19,1081
-19,1082
-19,1083
-19,1084
-19,1085
-19,1086
-19,1087
-19,1088
-19,1089
-19,1090
-19,1091
-19,1092
-19,1093
-19,1094
-19,1095
-19,1096
-19,1097
-19,1098
-19,1099
-19,1100
-19,1101
-19,1102
-19,1103
-19,1104
-19,1105
-19,1106
-19,1107
-19,1108
-19,1109
-19,1110
-19,1111
-19,1112
-19,1113
-19,1114
-19,1115
-19,1116
-19,1117
-19,1118
-19,1119
-19,1120
-19,1121
-19,1122
-19,1123
-19,1124
-19,1125
-19,1126
-19,1127
-19,1128
-19,1129
-19,1130
-19,1131
-19,1132
-19,1133
-19,1134
-19,1135
-19,1136
-19,1137
-19,1138
-19,1139
-19,1140
-19,1141
-19,1142
-19,1143
-19,1144
-19,1145
-19,1146
-19,1147
-19,1148
-19,1149
-19,1150
-19,1151
-19,1152
-19,1153
-19,1154
-19,1155
-19,1156
-19,1157
-19,1158
-19,1159
-19,1160
-19,1161
-19,1162
-19,1163
-19,1164
-19,1165
-19,1166
-19,1167
-19,1168
-19,1169
-19,1170
-19,1171
-19,1172
-19,1173
-19,1174
-19,1175
:22_1,1176
:22_1,1177
:22_1,1178
:22_1,1179
:22_1,1180
23,1181
23,1182
23,1183
23,1184
23,1185
23,1186
23,1187
23,1188
23,1189
23,1190
23,1191
23,1192
23,1193
23,1194
23,1195
23,1196
23,1197
23,1198
23,1199
23,1200
23,1201
23,1202
23,1203
23,1204
23,1205
23,1206
23,1207
23,1208
23,1209
23,1210
23,1211
23,1212
23,1213
23,1214
23,1215
23,1216
23,1217
23,1218
23,1219
23,1220
23,1221
23,1222
23,1223
23,1224
23,1225
23,1226
23,1227
23,1228
23,1229
23,1230
23,1231
23,1232
23,1233
23,1234
23,1235
23,1236
23,1237
23,1238
23,1239
23,1240
23,1241
23,1242
23,1243
23,1244
23,1245
23,1246
23,1247
23,1248
23,1249
23,1250
23,1251
23,1252
23,1253
23,1254
23,1255
23,1256
23,1257
23,1258
23,1259
23,1260
23,1261
23,1262
23,1263
23,1264
23,1265
23,1266
23,1267
23,1268
23,1269
23,1270
23,1271
23,1272
23,1273
23,1274
23,1275
23,1276
23,1277
23,1278
23,1279
23,1280
23,1281
23,1282
23,1283
23,1284
23,1285
23,1286
23,1287
23,1288
23,1289
23,1290
23,1291
23,1292
23,1293
23,1294
23,1295
23,1296
23,1297
23,1298
23,1299
23,1300
23,1301
23,1302
23,1303
23,1304
23,1305
23,1306
23,1307
23,1308
23,1309
23,1310
23,1311
23,1312
23,1313
23,1314
23,1315
23,1316
23,1317
23,1318
23,1319
23,1320
23,1321
23,1322
23,1323
23,1324
23,1325
23,1326
23,1327
23,1328
23,1329
23,1330
23,1331
23,1332
23,1333
23,1334
23,1335
23,1336
23,1337
23,1338
23,1339
23,1340
23,1341
23,1342
23,1343
23,1344
23,1345
23,1346
23,1347
23,1348
23,1349
23,1350
23,1351
23,1352
23,1353
23,1354
23,1355
23,1356
23,1357
23,1358
23,1359
23,1360
23,1361
23,1362
23,1363
23,1364
23,1365
23,1366
23,1367
23,1368
23,1369
23,1370
23,1371
23,1372
:27_1,1373
:27_1,1374
:27_1,1375
:27_1,1376
:27_1,1377
:27_1,1378
87,1379
87,1380
87,1381
87,1382
87,1383
87,1384
87,1385
87,1386
87,1387
87,1388
87,1389
87,1390
87,1391
87,1392
87,1393
87,1394
87,1395
87,1396
87,1397
87,1398
87,1399
87,1400
87,1401
87,1402
87,1403
87,1404
87,1405
87,1406
87,1407
87,1408
87,1409
87,1410
87,1411
87,1412
87,1413
87,1414
87,1415
87,1416
87,1417
87,1418
87,1419
87,1420
87,1421
87,1422
87,1423
87,1424
87,1425
87,1426
87,1427
87,1428
87,1429
87,1430
87,1431
87,1432
87,1433
87,1434
87,1435
87,1436
87,1437
87,1438
87,1439
87,1440
87,1441
87,1442
87,1443
87,1444
87,1445
87,1446
87,1447
87,1448
87,1449
87,1450
87,1451
87,1452
87,1453
87,1454
87,1455
87,1456
87,1457
87,1458
87,1459
87,1460
87,1461
87,1462
87,1463
87,1464
87,1465
87,1466
87,1467
87,1468
87,1469
87,1470
87,1471
87,1472
87,1473
87,1474
87,1475
87,1476
87,1477
87,1478
87,1479
87,1480
87,1481
87,1482
87,1483
87,1484
87,1485
87,1486
87,1487
87,1488
87,1489
87,1490
87,1491
87,1492
87,1493
87,1494
87,1495
87,1496
87,1497
87,1498
87,1499
87,1500
87,1501
87,1502
87,1503
87,1504
87,1505
87,1506
87,1507
87,1508
87,1509
87,1510
87,1511
87,1512
87,1513
87,1514
87,1515
87,1516
87,1517
87,1518
87,1519
87,1520
87,1521
87,1522
87,1523
87,1524
87,1525
87,1526
87,1527
87,1528
87,1529
87,1530
87,1531
87,1532
87,1533
87,1534
87,1535
87,1536
87,1537
87,1538
87,1539
87,1540
87,1541
87,1542
87,1543
87,1544
87,1545
87,1546
87,1547
87,1548
87,1549
87,1550
87,1551
87,1552
87,1553
87,1554
87,1555
:102_0,1556
:102_0,1557
:102_0,1558
:102_0,1559
:102_0,1560
-159,1561
-159,1562
-159,1563
-159,1564
-159,1565
-159,1566
-159,1567
-159,1568
-159,1569
-159,1570
-159,1571
-159,1572
-159,1573
-159,1574
-159,1575
-159,1576
-159,1577
-159,1578
-159,1579
-159,1580
-159,1581
-159,1582
-159,1583
-159,1584
-159,1585
-159,1586
-159,1587
-159,1588
-159,1589
-159,1590
-159,1591
-159,1592
-159,1593
-159,1594
-159,1595
-159,1596
-159,1597
-159,1598
-159,1599
-159,1600
-159,1601
-159,1602
-159,1603
-159,1604
-159,1605
-159,1606
-159,1607
-159,1608
-159,1609
-159,1610
-159,1611
-159,1612
-159,1613
-159,1614
-159,1615
-159,1616
-159,1617
-159,1618
-159,1619
-159,1620
-159,1621
-159,1622
-159,1623
-159,1624
-159,1625
-159,1626
-159,1627
-159,1628
-159,1629
-159,1630
-159,1631
-159,1632
-159,1633
-159,1634
-159,1635
-159,1636
-159,1637
-159,1638
-159,1639
-159,1640
-159,1641
-159,1642
-159,1643
-159,1644
-159,1645
-159,1646
-159,1647
-159,1648
-159,1649
-159,1650
-159,1651
-159,1652
-159,1653
-159,1654
-159,1655
-159,1656
-159,1657
-159,1658
-159,1659
-159,1660
-159,1661
-159,1662
-159,1663
-159,1664
-159,1665
-159,1666
:63_5,1667
:63_5,1668
:63_5,1669
:63_5,1670
:63_5,1671
:63_5,1672
-55,1673
-55,1674
-55,1675
-55,1676
-55,1677
-55,1678
-55,1679
-55,1680
-55,1681
-55,1682
-55,1683
-55,1684
-55,1685
-55,1686
-55,1687
-55,1688
-55,1689
-55,1690
-55,1691
-55,1692
-55,1693
-55,1694
-55,1695
-55,1696
-55,1697
-55,1698
-55,1699
-55,1700
-55,1701
-55,1702
-55,1703
-55,1704
-55,1705
-55,1706
-55,1707
-55,1708
-55,1709
-55,1710
-55,1711
-55,1712
-55,1713
-55,1714
-55,1715
-55,1716
-55,1717
-55,1718
-55,1719
-55,1720
-55,1721
-55,1722
-55,1723
-55,1724
-55,1725
-55,1726
-55,1727
-55,1728
-55,1729
-55,1730
-55,1731
-55,1732
-55,1733
-55,1734
-55,1735
-55,1736
-55,1737
-55,1738
-55,1739
-55,1740
-55,1741
-55,1742
-55,1743
-55,1744
-55,1745
-55,1746
-55,1747
-55,1748
-55,1749
-55,1750
-55,1751
-55,1752
-55,1753
-55,1754
-55,1755
-55,1756
-55,1757
-55,1758
-55,1759
-55,1760
-55,1761
-55,1762
-55,1763
-55,1764
-55,1765
-55,1766
-55,1767
-55,1768
-55,1769
-55,1770
-55,1771
-55,1772
-55,1773
-55,1774
-55,1775
-55,1776
-55,1777
-55,1778
-55,1779
-55,1780
-55,1781
-55,1782
-55,1783
-55,1784
-55,1785
-55,1786
-55,1787
-55,1788
-55,1789
-55,1790
-55,1791
-55,1792
-55,1793
-55,1794
-55,1795
-55,1796
:62_0,1797
:62_0,1798
:62_0,1799
457,1800
457,1801
457,1802
457,1803
457,1804
457,1805
457,1806
457,1807
457,1808
457,1809
457,1810
457,1811
457,1812
457,1813
457,1814
457,1815
457,1816
457,1817
457,1818
457,1819
457,1820
457,1821
457,1822
457,1823
457,1824
457,1825
457,1826
457,1827
457,1828
457,1829
457,1830
457,1831
457,1832
457,1833
457,1834
457,1835
457,1836
457,1837
457,1838
457,1839
457,1840
457,1841
457,1842
457,1843
457,1844
457,1845
457,1846
457,1847
457,1848
457,1849
457,1850
457,1851
457,1852
457,1853
457,1854
457,1855
457,1856
457,1857
457,1858
457,1859
457,1860
457,1861
457,1862
457,1863
457,1864
457,1865
457,1866
457,1867
457,1868
457,1869
457,1870
457,1871
457,1872
457,1873
-555,1874
-555,1875
-555,1876
-555,1877
-555,1878
-555,1879
-555,1880
-555,1881
-555,1882
-555,1883
-555,1884
-555,1885
-555,1886
-555,1887
-555,1888
-555,1889
-555,1890
-555,1891
-555,1892
-555,1893
-555,1894
-555,1895
-555,1896
-555,1897
-555,1898
-555,1899
-555,1900
-555,1901
-555,1902
-555,1903
-555,1904
-555,1905
-555,1906
-555,1907
-555,1908
-555,1909
-555,1910
-555,1911
-555,1912
-555,1913
-555,1914
-555,1915
-555,1916
-555,1917
-555,1918
-555,1919
-555,1920
-555,1921
-555,1922
-555,1923
-555,1924
-555,1925
-555,1926
-555,1927
-555,1928
-555,1929
-555,1930
-555,1931
-555,1932
-555,1933
:335_4,1934
:335_4,1935
:335_4,1936
554,1937
554,1938
554,1939
554,1940
554,1941
554,1942
554,1943
554,1944
554,1945
554,1946
554,1947
554,1948
554,1949
554,1950
554,1951
554,1952
554,1953
554,1954
554,1955
554,1956
554,1957
554,1958
554,1959
554,1960
554,1961
554,1962
554,1963
554,1964
554,1965
554,1966
554,1967
554,1968
554,1969
554,1970
554,1971
554,1972
554,1973
554,1974
554,1975
554,1976
554,1977
554,1978
554,1979
554,1980
554,1981
554,1982
554,1983
554,1984
554,1985
554,1986
554,1987
554,1988
554,1989
554,1990
554,1991
554,1992
554,1993
554,1994
554,1995
554,1996
554,1997
554,1998
554,1999
554,2000
