-313,1
-313,2
-313,3
-313,4
-313,5
-313,6
-313,7
-313,8
-313,9
-313,10
-313,11
-313,12
-313,13
-313,14
-313,15
-313,16
-313,17
-313,18
-313,19
-313,20
-313,21
-313,22
-313,23
-313,24
-313,25
-313,26
-313,27
-313,28
-313,29
-313,30
-313,31
-313,32
-313,33
-313,34
-313,35
-313,36
-313,37
-313,38
-313,39
-313,40
-313,41
-313,42
-313,43
-313,44
-313,45
-313,46
-313,47
-313,48
-313,49
-313,50
-313,51
-313,52
-313,53
-313,54
-313,55
-313,56
-313,57
-313,58
-313,59
-313,60
:296_1,61
:296_1,62
:296_1,63
:296_1,64
:296_1,65
:296_1,66
-312,67
-312,68
-312,69
-312,70
-312,71
-312,72
-312,73
-312,74
-312,75
-312,76
-312,77
-312,78
-312,79
-312,80
-312,81
-312,82
-312,83
-312,84
-312,85
-312,86
-312,87
-312,88
-312,89
-312,90
-312,91
-312,92
-312,93
-312,94
-312,95
-312,96
-312,97
-312,98
-312,99
-312,100
-312,101
-312,102
-312,103
-312,104
-312,105
-312,106
-312,107
-312,108
-312,109
-312,110
-312,111
-312,112
-312,113
-312,114
-312,115
-312,116
-312,117
-312,118
-312,119
-312,120
-312,121
-312,122
-312,123
-312,124
-312,125
-312,126
-312,127
-312,128
-312,129
-312,130
-312,131
-312,132
-312,133
-312,134
-312,135
-312,136
-312,137
-312,138
-312,139
-312,140
-312,141
-312,142
-312,143
-312,144
-312,145
-312,146
-312,147
-312,148
-312,149
-312,150
-312,151
-312,152
-312,153
-312,154
-312,155
-312,156
-312,157
-312,158
-312,159
-312,160
-312,161
-312,162
-312,163
-312,164
-312,165
-312,166
-312,167
-312,168
-312,169
-312,170
-312,171
-312,172
-312,173
-312,174
-312,175
-312,176
-312,177
-312,178
-312,179
-312,180
-312,181
-312,182
-312,183
-312,184
-312,185
-312,186
-312,187
-312,188
-312,189
-312,190
-312,191
-312,192
-312,193
:295_5,194
:295_5,195
:295_5,196
:295_5,197
:295_5,198
:295_5,199
315,200
315,201
315,202
315,203
315,204
315,205
315,206
315,207
315,208
315,209
315,210
315,211
315,212
315,213
315,214
315,215
315,216
315,217
315,218
315,219
315,220
315,221
315,222
315,223
315,224
315,225
315,226
315,227
315,228
315,229
315,230
315,231
315,232
315,233
315,234
315,235
315,236
315,237
315,238
315,239
315,240
315,241
315,242
315,243
315,244
315,245
315,246
315,247
315,248
315,249
315,250
315,251
315,252
315,253
315,254
315,255
315,256
315,257
315,258
315,259
315,260
315,261
315,262
315,263
315,264
315,265
315,266
315,267
315,268
315,269
315,270
315,271
315,272
315,273
315,274
315,275
315,276
315,277
315,278
315,279
315,280
315,281
315,282
315,283
315,284
315,285
315,286
315,287
315,288
315,289
315,290
315,291
315,292
-97,293
-97,294
-97,295
-97,296
-97,297
-97,298
-97,299
-97,300
-97,301
-97,302
-97,303
-97,304
-97,305
-97,306
-97,307
-97,308
-97,309
-97,310
-97,311
-97,312
-97,313
-97,314
-97,315
-97,316
-97,317
-97,318
-97,319
-97,320
-97,321
-97,322
-97,323
-97,324
-97,325
-97,326
-97,327
-97,328
-97,329
-97,330
-97,331
-97,332
-97,333
-97,334
-97,335
-97,336
-97,337
-97,338
-97,339
-97,340
-97,341
-97,342
-97,343
-97,344
-97,345
-97,346
-97,347
-97,348
-97,349
-97,350
-97,351
-97,352
-97,353
-97,354
-97,355
-97,356
-97,357
-97,358
-97,359
-97,360
-97,361
-97,362
-97,363
-97,364
-97,365
-97,366
-97,367
-97,368
-97,369
-97,370
:111_5,371
:111_5,372
:111_5,373
:111_5,374
:111_5,375
98,376
98,377
98,378
98,379
98,380
98,381
98,382
98,383
98,384
98,385
98,386
98,387
98,388
98,389
98,390
98,391
98,392
98,393
98,394
98,395
98,396
98,397
98,398
98,399
98,400
98,401
98,402
98,403
98,404
98,405
98,406
98,407
98,408
98,409
98,410
98,411
98,412
98,413
98,414
98,415
98,416
98,417
98,418
98,419
98,420
98,421
98,422
98,423
98,424
98,425
98,426
98,427
98,428
98,429
98,430
98,431
98,432
98,433
98,434
98,435
98,436
98,437
98,438
98,439
98,440
98,441
98,442
98,443
98,444
98,445
98,446
98,447
98,448
98,449
98,450
98,451
98,452
98,453
98,454
98,455
98,456
98,457
98,458
98,459
98,460
98,461
98,462
98,463
98,464
98,465
98,466
98,467
98,468
98,469
98,470
98,471
98,472
98,473
98,474
98,475
98,476
98,477
98,478
98,479
98,480
98,481
98,482
98,483
98,484
98,485
98,486
98,487
98,488
98,489
98,490
98,491
98,492
98,493
98,494
98,495
98,496
98,497
98,498
98,499
98,500
98,501
98,502
98,503
98,504
98,505
98,506
98,507
98,508
98,509
98,510
98,511
98,512
98,513
98,514
98,515
98,516
98,517
98,518
98,519
98,520
98,521
98,522
98,523
98,524
98,525
98,526
98,527
98,528
98,529
98,530
98,531
98,532
98,533
98,534
98,535
98,536
98,537
98,538
98,539
98,540
98,541
98,542
:56_5,543
:56_5,544
:56_5,545
:56_5,546
:56_5,547
:56_5,548
-48,549
-48,550
-48,551
-48,552
-48,553
-48,554
-48,555
-48,556
-48,557
-48,558
-48,559
-48,560
-48,561
-48,562
-48,563
-48,564
-48,565
-48,566
-48,567
-48,568
-48,569
-48,570
-48,571
-48,572
-48,573
-48,574
-48,575
-48,576
-48,577
-48,578
-48,579
-48,580
-48,581
-48,582
-48,583
-48,584
-48,585
-48,586
-48,587
-48,588
-48,589
-48,590
-48,591
-48,592
-48,593
-48,594
-48,595
-48,596
-48,597
-48,598
-48,599
-48,600
-48,601
-48,602
-48,603
-48,604
-48,605
-48,606
-48,607
-48,608
-48,609
-48,610
-48,611
-48,612
-48,613
-48,614
-48,615
-48,616
-48,617
-48,618
-48,619
-48,620
-48,621
-48,622
-48,623
-48,624
-48,625
-48,626
-48,627
-48,628
-48,629
-48,630
-48,631
-48,632
-48,633
-48,634
-48,635
-48,636
-48,637
-48,638
-48,639
-48,640
-48,641
-48,642
-48,643
-48,644
-48,645
-48,646
-48,647
-48,648
-48,649
-48,650
-48,651
-48,652
-48,653
-48,654
-48,655
-48,656
-48,657
-48,658
-48,659
-48,660
-48,661
-48,662
-48,663
-48,664
-48,665
-48,666
-48,667
-48,668
-48,669
-48,670
-48,671
-48,672
-48,673
-48,674
-48,675
-48,676
-48,677
-48,678
-48,679
-48,680
:52_0,681
:52_0,682
:52_0,683
:52_0,684
:52_0,685
46,686
46,687
46,688
46,689
46,690
46,691
46,692
46,693
46,694
46,695
46,696
46,697
46,698
46,699
46,700
46,701
46,702
46,703
46,704
46,705
46,706
46,707
46,708
46,709
46,710
46,711
46,712
46,713
46,714
46,715
46,716
46,717
46,718
46,719
46,720
46,721
46,722
46,723
46,724
46,725
46,726
46,727
46,728
46,729
46,730
46,731
46,732
46,733
46,734
46,735
46,736
46,737
46,738
46,739
46,740
46,741
46,742
46,743
46,744
46,745
46,746
46,747
46,748
46,749
46,750
46,751
46,752
46,753
46,754
46,755
46,756
46,757
46,758
46,759
46,760
46,761
46,762
46,763
46,764
46,765
46,766
46,767
46,768
46,769
46,770
46,771
46,772
46,773
46,774
46,775
46,776
46,777
46,778
46,779
46,780
46,781
46,782
46,783
46,784
46,785
46,786
46,787
46,788
46,789
46,790
46,791
46,792
46,793
46,794
46,795
46,796
:54_4,797
:54_4,798
:54_4,799
:54_4,800
:54_4,801
310,802
310,803
310,804
310,805
310,806
310,807
310,808
310,809
310,810
310,811
310,812
310,813
310,814
310,815
310,816
310,817
310,818
310,819
310,820
310,821
310,822
310,823
310,824
310,825
310,826
310,827
310,828
310,829
310,830
310,831
310,832
310,833
310,834
310,835
310,836
310,837
310,838
310,839
310,840
310,841
310,842
310,843
310,844
310,845
310,846
310,847
310,848
310,849
310,850
310,851
310,852
310,853
310,854
310,855
310,856
310,857
310,858
310,859
310,860
310,861
310,862
310,863
310,864
310,865
310,866
310,867
310,868
310,869
310,870
310,871
310,872
310,873
310,874
310,875
310,876
310,877
310,878
310,879
310,880
310,881
310,882
310,883
310,884
310,885
310,886
310,887
310,888
310,889
310,890
310,891
310,892
310,893
310,894
310,895
310,896
310,897
310,898
310,899
310,900
310,901
310,902
310,903
310,904
310,905
310,906
310,907
310,908
310,909
310,910
310,911
310,912
310,913
310,914
310,915
310,916
310,917
310,918
310,919
310,920
310,921
310,922
310,923
310,924
310,925
310,926
310,927
310,928
310,929
310,930
310,931
310,932
310,933
310,934
310,935
310,936
310,937
310,938
310,939
310,940
310,941
310,942
310,943
310,944
310,945
310,946
310,947
310,948
310,949
310,950
310,951
310,952
310,953
310,954
310,955
310,956
310,957
310,958
310,959
310,960
310,961
310,962
310,963
310,964
310,965
310,966
310,967
310,968
310,969
310,970
310,971
310,972
310,973
310,974
310,975
310,976
310,977
310,978
310,979
310,980
310,981
310,982
310,983
310,984
310,985
310,986
310,987
310,988
310,989
310,990
310,991
310,992
310,993
310,994
310,995
310,996
310,997
310,998
310,999
310,1000
310,1001
310,1002
310,1003
310,1004
310,1005
310,1006
310,1007
310,1008
310,1009
310,1010
310,1011
310,1012
310,1013
310,1014
310,1015
310,1016
310,1017
310,1018
310,1019
310,1020
310,1021
310,1022
310,1023
310,1024
310,1025
310,1026
310,1027
310,1028
310,1029
310,1030
310,1031
310,1032
310,1033
310,1034
:0_5,1035
:0_5,1036
:0_5,1037
:0_5,1038
:0_5,1039
:0_5,1040
3,1041
3,1042
3,1043
3,1044
3,1045
3,1046
3,1047
3,1048
3,1049
3,1050
3,1051
3,1052
3,1053
3,1054
3,1055
3,1056
3,1057
3,1058
3,1059
3,1060
3,1061
3,1062
3,1063
3,1064
3,1065
3,1066
3,1067
3,1068
3,1069
3,1070
3,1071
3,1072
3,1073
3,1074
3,1075
3,1076
3,1077
3,1078
3,1079
3,1080
3,1081
3,1082
3,1083
3,1084
3,1085
3,1086
3,1087
3,1088
3,1089
3,1090
3,1091
3,1092
3,1093
3,1094
3,1095
3,1096
3,1097
3,1098
3,1099
3,1100
3,1101
3,1102
3,1103
3,1104
3,1105
3,1106
3,1107
3,1108
3,1109
3,1110
3,1111
3,1112
3,1113
3,1114
3,1115
3,1116
3,1117
3,1118
3,1119
3,1120
3,1121
3,1122
3,1123
3,1124
3,1125
3,1126
3,1127
3,1128
3,1129
3,1130
3,1131
3,1132
3,1133
3,1134
3,1135
3,1136
3,1137
3,1138
3,1139
3,1140
3,1141
3,1142
3,1143
3,1144
3,1145
3,1146
3,1147
3,1148
3,1149
3,1150
3,1151
3,1152
3,1153
3,1154
3,1155
3,1156
3,1157
3,1158
3,1159
3,1160
3,1161
3,1162
3,1163
3,1164
3,1165
3,1166
3,1167
3,1168
3,1169
3,1170
3,1171
3,1172
3,1173
3,1174
3,1175
3,1176
3,1177
3,1178
3,1179
3,1180
3,1181
3,1182
3,1183
3,1184
3,1185
3,1186
3,1187
3,1188
3,1189
3,1190
3,1191
3,1192
3,1193
3,1194
3,1195
3,1196
3,1197
3,1198
3,1199
3,1200
3,1201
3,1202
3,1203
3,1204
3,1205
3,1206
3,1207
3,1208
3,1209
3,1210
3,1211
3,1212
3,1213
3,1214
3,1215
3,1216
3,1217
3,1218
3,1219
3,1220
3,1221
3,1222
3,1223
3,1224
3,1225
3,1226
3,1227
3,1228
3,1229
3,1230
3,1231
3,1232
3,1233
3,1234
3,1235
3,1236
3,1237
3,1238
3,1239
3,1240
3,1241
3,1242
3,1243
3,1244
3,1245
3,1246
3,1247
3,1248
3,1249
3,1250
3,1251
3,1252
3,1253
3,1254
3,1255
3,1256
3,1257
3,1258
3,1259
3,1260
3,1261
3,1262
3,1263
3,1264
3,1265
3,1266
3,1267
3,1268
3,1269
3,1270
3,1271
3,1272
3,1273
3,1274
3,1275
3,1276
3,1277
3,1278
3,1279
3,1280
3,1281
3,1282
3,1283
3,1284
3,1285
3,1286
3,1287
3,1288
3,1289
3,1290
3,1291
3,1292
3,1293
3,1294
3,1295
3,1296
3,1297
3,1298
3,1299
3,1300
3,1301
3,1302
3,1303
3,1304
3,1305
3,1306
3,1307
3,1308
3,1309
3,1310
3,1311
3,1312
3,1313
3,1314
3,1315
3,1316
3,1317
3,1318
3,1319
3,1320
3,1321
:4_4,1322
:4_4,1323
:4_4,1324
:4_4,1325
-11,1326
-11,1327
-11,1328
-11,1329
-11,1330
-11,1331
-11,1332
-11,1333
-11,1334
-11,1335
-11,1336
-11,1337
-11,1338
-11,1339
-11,1340
-11,1341
-11,1342
-11,1343
-11,1344
-11,1345
-11,1346
-11,1347
-11,1348
-11,1349
-11,1350
-11,1351
-11,1352
-11,1353
-11,1354
-11,1355
-11,1356
-11,1357
-11,1358
-11,1359
-11,1360
-11,1361
-11,1362
-11,1363
-11,1364
-11,1365
-11,1366
-11,1367
-11,1368
-11,1369
-11,1370
-11,1371
-11,1372
-11,1373
-11,1374
-11,1375
-11,1376
-11,1377
-11,1378
-11,1379
-11,1380
-11,1381
-11,1382
-11,1383
-11,1384
-11,1385
-11,1386
-11,1387
-11,1388
-11,1389
-11,1390
-11,1391
-11,1392
-11,1393
-11,1394
-11,1395
-11,1396
-11,1397
-11,1398
-11,1399
-11,1400
-11,1401
-11,1402
-11,1403
-11,1404
-11,1405
-11,1406
-11,1407
-11,1408
-11,1409
-11,1410
-11,1411
-11,1412
-11,1413
-11,1414
-11,1415
-11,1416
-11,1417
-11,1418
-11,1419
-11,1420
-11,1421
-11,1422
-11,1423
-11,1424
-11,1425
-11,1426
-11,1427
-11,1428
-11,1429
-11,1430
-11,1431
-11,1432
-11,1433
-11,1434
-11,1435
-11,1436
-11,1437
-11,1438
-11,1439
-11,1440
-11,1441
-11,1442
-11,1443
-11,1444
-11,1445
-11,1446
-11,1447
-11,1448
-10,1449
-10,1450
-10,1451
-10,1452
-10,1453
-10,1454
-10,1455
-10,1456
-10,1457
-10,1458
-10,1459
-10,1460
-10,1461
-10,1462
-10,1463
-10,1464
-10,1465
-10,1466
-10,1467
-10,1468
-10,1469
-10,1470
-10,1471
-10,1472
-10,1473
-10,1474
-10,1475
-10,1476
-10,1477
-10,1478
-10,1479
-10,1480
-10,1481
-10,1482
-10,1483
-10,1484
-10,1485
-10,1486
-10,1487
-10,1488
-10,1489
-10,1490
-10,1491
-10,1492
-10,1493
-10,1494
-10,1495
-10,1496
-10,1497
-10,1498
-10,1499
-10,1500
-10,1501
-10,1502
-10,1503
-10,1504
-10,1505
-10,1506
-10,1507
-10,1508
-10,1509
:11_0,1510
-9,1511
-9,1512
-9,1513
-9,1514
-9,1515
-9,1516
-9,1517
-9,1518
-9,1519
-9,1520
-9,1521
-9,1522
-9,1523
-9,1524
-9,1525
-9,1526
-9,1527
-9,1528
-9,1529
-9,1530
-9,1531
-9,1532
-9,1533
-9,1534
-9,1535
-9,1536
-9,1537
-9,1538
-9,1539
-9,1540
-9,1541
-9,1542
-9,1543
-9,1544
-9,1545
-9,1546
-9,1547
-9,1548
-9,1549
-9,1550
-9,1551
-9,1552
-9,1553
-9,1554
-9,1555
-9,1556
-9,1557
-9,1558
-9,1559
-9,1560
-9,1561
-9,1562
-9,1563
-9,1564
-9,1565
-9,1566
-9,1567
-9,1568
-9,1569
-9,1570
:10_0,1571
-8,1572
-8,1573
-8,1574
-8,1575
-8,1576
-8,1577
-8,1578
-8,1579
-8,1580
-8,1581
-8,1582
-8,1583
-8,1584
-8,1585
-8,1586
-8,1587
-8,1588
-8,1589
-8,1590
-8,1591
-8,1592
-8,1593
-8,1594
-8,1595
-8,1596
-8,1597
-8,1598
-8,1599
-8,1600
-8,1601
-8,1602
-8,1603
-8,1604
-8,1605
-8,1606
-8,1607
-8,1608
-8,1609
-8,1610
-8,1611
-8,1612
-8,1613
-8,1614
-8,1615
-8,1616
-8,1617
-8,1618
-8,1619
-8,1620
-8,1621
-8,1622
-8,1623
-8,1624
-8,1625
-8,1626
-8,1627
-8,1628
-8,1629
-8,1630
-8,1631
-8,1632
-8,1633
-8,1634
-8,1635
-7,1636
-7,1637
-7,1638
-7,1639
-7,1640
-7,1641
-7,1642
-7,1643
-7,1644
-7,1645
-7,1646
-7,1647
-7,1648
-7,1649
-7,1650
-7,1651
-7,1652
-7,1653
-7,1654
-7,1655
-7,1656
-7,1657
-7,1658
-7,1659
-7,1660
-7,1661
-7,1662
-7,1663
-7,1664
-7,1665
-7,1666
-7,1667
-7,1668
-7,1669
-7,1670
-7,1671
-7,1672
-7,1673
-7,1674
-7,1675
-7,1676
-7,1677
-7,1678
-7,1679
-7,1680
-7,1681
-7,1682
-7,1683
-7,1684
-7,1685
-7,1686
-7,1687
-7,1688
-7,1689
-7,1690
-7,1691
-7,1692
-7,1693
-7,1694
-7,1695
-7,1696
-7,1697
-7,1698
-7,1699
-7,1700
-7,1701
-7,1702
-7,1703
-7,1704
-7,1705
-7,1706
-7,1707
-6,1708
-6,1709
-6,1710
-6,1711
-6,1712
-6,1713
-6,1714
-6,1715
-6,1716
-6,1717
-6,1718
-6,1719
-6,1720
-6,1721
-6,1722
-6,1723
-6,1724
-6,1725
-6,1726
-6,1727
-6,1728
-6,1729
-6,1730
-6,1731
-6,1732
-6,1733
-6,1734
-6,1735
-6,1736
-6,1737
-6,1738
-6,1739
-6,1740
-6,1741
-6,1742
-6,1743
-6,1744
-6,1745
-6,1746
-6,1747
-6,1748
-6,1749
-6,1750
-6,1751
-6,1752
-6,1753
-6,1754
-6,1755
-6,1756
-6,1757
-6,1758
-6,1759
-6,1760
-6,1761
-6,1762
-6,1763
-6,1764
-6,1765
-6,1766
-6,1767
-6,1768
-6,1769
-6,1770
-6,1771
-6,1772
-6,1773
-6,1774
-6,1775
-6,1776
-6,1777
-6,1778
-6,1779
-6,1780
-6,1781
-6,1782
-6,1783
-6,1784
-6,1785
-6,1786
-6,1787
-6,1788
-6,1789
-6,1790
-6,1791
-6,1792
-6,1793
-6,1794
-6,1795
-6,1796
-6,1797
-6,1798
-6,1799
-6,1800
-6,1801
-6,1802
-6,1803
-6,1804
-6,1805
-6,1806
-6,1807
-6,1808
-6,1809
-6,1810
-6,1811
-6,1812
-6,1813
-6,1814
-6,1815
-6,1816
-6,1817
-6,1818
-6,1819
-6,1820
-6,1821
-6,1822
-6,1823
-6,1824
-6,1825
-6,1826
-6,1827
-6,1828
-6,1829
-6,1830
-6,1831
-6,1832
-6,1833
-6,1834
-6,1835
-6,1836
-6,1837
-6,1838
-6,1839
-6,1840
-6,1841
-6,1842
-6,1843
-6,1844
-6,1845
-6,1846
-6,1847
-6,1848
-6,1849
-6,1850
-6,1851
-6,1852
-6,1853
-6,1854
-6,1855
-6,1856
-6,1857
-6,1858
-6,1859
-6,1860
-6,1861
-6,1862
-6,1863
-6,1864
-6,1865
-6,1866
-6,1867
-6,1868
-6,1869
-6,1870
-6,1871
-6,1872
-6,1873
-6,1874
-6,1875
-6,1876
-6,1877
-6,1878
-6,1879
-6,1880
-6,1881
-6,1882
-6,1883
-6,1884
-6,1885
-6,1886
-6,1887
-6,1888
-6,1889
-6,1890
-6,1891
-6,1892
-6,1893
-6,1894
-6,1895
-6,1896
-6,1897
-6,1898
-6,1899
-6,1900
-6,1901
-6,1902
-6,1903
-6,1904
-6,1905
-6,1906
-6,1907
-6,1908
-6,1909
-6,1910
-6,1911
-6,1912
-6,1913
-6,1914
-6,1915
-6,1916
-6,1917
-6,1918
-6,1919
-6,1920
-6,1921
-6,1922
-6,1923
:6_1,1924
:6_1,1925
-684,1926
-684,1927
-684,1928
-684,1929
-684,1930
-684,1931
-684,1932
-684,1933
-684,1934
-684,1935
-684,1936
-684,1937
-684,1938
-684,1939
-684,1940
-684,1941
-684,1942
-684,1943
-684,1944
-684,1945
-684,1946
:373_4,1947
-685,1948
-685,1949
-685,1950
-685,1951
-685,1952
-685,1953
-685,1954
-685,1955
-685,1956
-685,1957
-685,1958
-685,1959
-685,1960
-685,1961
-685,1962
-685,1963
-685,1964
-685,1965
-685,1966
-685,1967
:13_1,1968
:13_1,1969
:13_1,1970
177,1971
177,1972
177,1973
177,1974
177,1975
177,1976
177,1977
177,1978
177,1979
177,1980
177,1981
177,1982
177,1983
177,1984
177,1985
177,1986
177,1987
177,1988
177,1989
177,1990
177,1991
177,1992
177,1993
177,1994
177,1995
177,1996
177,1997
177,1998
177,1999
177,2000
