0,21
0,22
0,23
0,24
0,25
0,26
0,27
0,28
0,29
0,30
0,31
0,32
0,33
0,34
0,35
0,36
0,37
0,38
0,39
0,40
0,41
0,42
0,43
0,44
0,45
0,46
0,47
0,48
0,49
0,50
0,51
0,52
0,53
0,54
0,55
0,56
0,57
0,58
0,59
0,60
0,61
0,62
0,63
0,64
0,65
0,66
0,67
0,68
0,69
0,70
0,71
0,72
0,73
0,74
0,75
0,76
0,77
0,78
0,79
0,80
0,81
0,82
0,83
0,84
0,85
0,86
0,87
0,88
0,89
0,90
0,91
0,92
0,93
0,94
0,95
0,96
0,97
0,98
0,99
0,100
0,101
0,102
0,103
0,104
0,105
0,106
0,107
0,108
0,109
0,110
0,111
0,112
0,113
0,114
0,115
0,116
0,117
0,118
0,119
0,120
0,121
0,122
0,123
0,124
0,125
0,126
0,127
0,128
0,129
0,130
0,131
0,132
0,133
0,134
0,135
0,136
0,137
:1_7,138
:1_7,139
:1_7,140
:1_7,141
:1_7,142
1,143
1,144
1,145
1,146
1,147
1,148
1,149
1,150
1,151
1,152
1,153
1,154
1,155
1,156
1,157
1,158
1,159
1,160
1,161
1,162
1,163
1,164
1,165
1,166
1,167
1,168
1,169
1,170
1,171
1,172
1,173
1,174
:2_3,175
:2_3,176
:2_3,177
:2_3,178
:2_3,179
2,180
2,181
2,182
2,183
2,184
2,185
2,186
2,187
2,188
2,189
2,190
2,191
2,192
2,193
2,194
2,195
2,196
2,197
2,198
2,199
2,200
2,201
2,202
2,203
2,204
2,205
2,206
2,207
2,208
2,209
2,210
2,211
2,212
2,213
2,214
2,215
2,216
2,217
2,218
2,219
2,220
2,221
2,222
2,223
2,224
2,225
2,226
2,227
2,228
2,229
2,230
2,231
2,232
2,233
2,234
2,235
2,236
2,237
2,238
2,239
2,240
2,241
2,242
2,243
2,244
2,245
2,246
2,247
2,248
2,249
2,250
2,251
2,252
2,253
2,254
2,255
2,256
2,257
2,258
2,259
2,260
2,261
2,262
2,263
2,264
2,265
2,266
2,267
2,268
2,269
2,270
2,271
2,272
2,273
2,274
2,275
2,276
2,277
2,278
2,279
:3_7,280
:3_7,281
:3_7,282
:3_7,283
-102,284
-102,285
-102,286
-102,287
-102,288
-102,289
-102,290
-102,291
-102,292
-102,293
-102,294
-102,295
-102,296
-102,297
-102,298
-102,299
-102,300
-102,301
-102,302
-102,303
-102,304
-102,305
-102,306
-102,307
-102,308
-102,309
-102,310
-102,311
-102,312
-102,313
-102,314
-102,315
-102,316
-102,317
-102,318
-102,319
-102,320
-102,321
-102,322
-102,323
-102,324
-102,325
-102,326
-102,327
-102,328
-102,329
-102,330
-102,331
-102,332
-102,333
-102,334
-102,335
-102,336
-102,337
-102,338
-102,339
-102,340
-102,341
-102,342
-102,343
-102,344
-102,345
-102,346
-102,347
-102,348
-102,349
-102,350
-102,351
-102,352
-102,353
-102,354
-102,355
-102,356
-102,357
-102,358
-102,359
-102,360
-102,361
-102,362
-102,363
-102,364
-102,365
-102,366
-102,367
-102,368
-102,369
-102,370
-102,371
-102,372
-102,373
-102,374
-102,375
-102,376
-102,377
-102,378
-102,379
-102,380
-102,381
-102,382
-102,383
-102,384
-102,385
-102,386
-102,387
-102,388
-102,389
-102,390
-102,391
-102,392
-102,393
-102,394
-102,395
-102,396
-102,397
-102,398
-102,399
-102,400
-102,401
-102,402
-102,403
-102,404
-102,405
-102,406
-102,407
-102,408
-102,409
-102,410
-102,411
-102,412
-102,413
-102,414
-102,415
-102,416
-102,417
-102,418
-102,419
-102,420
-102,421
-102,422
-102,423
-102,424
-102,425
-102,426
-102,427
-102,428
-102,429
-102,430
-102,431
-102,432
-102,433
-102,434
-102,435
-102,436
-102,437
-102,438
-102,439
-102,440
-102,441
-102,442
-102,443
-102,444
-102,445
-102,446
-102,447
-102,448
-102,449
-102,450
-102,451
-102,452
-102,453
-102,454
-102,455
-102,456
-102,457
:115_7,458
:115_7,459
:115_7,460
:115_7,461
:115_7,462
99,463
99,464
99,465
99,466
99,467
99,468
99,469
99,470
99,471
99,472
99,473
99,474
99,475
99,476
99,477
99,478
99,479
99,480
99,481
99,482
99,483
99,484
99,485
99,486
99,487
99,488
99,489
99,490
99,491
99,492
99,493
99,494
99,495
99,496
99,497
99,498
99,499
99,500
99,501
99,502
99,503
99,504
99,505
99,506
99,507
99,508
99,509
99,510
99,511
99,512
99,513
99,514
99,515
99,516
99,517
99,518
99,519
99,520
99,521
99,522
99,523
99,524
99,525
99,526
99,527
99,528
99,529
99,530
99,531
99,532
99,533
99,534
99,535
99,536
99,537
99,538
99,539
99,540
99,541
99,542
99,543
99,544
99,545
99,546
99,547
99,548
99,549
99,550
99,551
99,552
99,553
99,554
99,555
99,556
99,557
99,558
99,559
99,560
99,561
99,562
99,563
99,564
99,565
99,566
99,567
99,568
99,569
99,570
99,571
99,572
99,573
99,574
99,575
99,576
99,577
99,578
99,579
99,580
99,581
99,582
99,583
99,584
99,585
99,586
99,587
99,588
99,589
99,590
99,591
99,592
99,593
99,594
99,595
99,596
99,597
99,598
99,599
99,600
:116_7,601
:116_7,602
:116_7,603
:116_7,604
:116_7,605
100,606
100,607
100,608
100,609
100,610
100,611
100,612
100,613
100,614
100,615
100,616
100,617
100,618
100,619
100,620
100,621
100,622
100,623
100,624
100,625
100,626
100,627
100,628
100,629
100,630
100,631
100,632
100,633
100,634
100,635
100,636
100,637
100,638
100,639
100,640
100,641
100,642
100,643
100,644
100,645
100,646
100,647
100,648
100,649
100,650
100,651
100,652
100,653
100,654
100,655
100,656
100,657
100,658
100,659
100,660
100,661
100,662
100,663
100,664
100,665
100,666
100,667
100,668
100,669
100,670
100,671
100,672
100,673
100,674
100,675
100,676
100,677
100,678
100,679
100,680
100,681
100,682
100,683
100,684
100,685
100,686
100,687
100,688
100,689
100,690
100,691
100,692
100,693
100,694
100,695
100,696
100,697
100,698
100,699
100,700
100,701
100,702
100,703
100,704
100,705
100,706
100,707
100,708
100,709
100,710
100,711
100,712
100,713
100,714
100,715
100,716
100,717
100,718
100,719
100,720
100,721
100,722
100,723
100,724
100,725
100,726
100,727
100,728
100,729
100,730
100,731
100,732
100,733
100,734
100,735
100,736
100,737
100,738
100,739
100,740
100,741
100,742
100,743
100,744
100,745
100,746
100,747
100,748
100,749
100,750
100,751
100,752
100,753
100,754
100,755
100,756
100,757
100,758
100,759
100,760
100,761
100,762
100,763
100,764
100,765
100,766
100,767
100,768
100,769
100,770
100,771
100,772
100,773
100,774
100,775
100,776
100,777
100,778
100,779
100,780
100,781
100,782
100,783
100,784
100,785
100,786
100,787
100,788
:117_1,789
-538,790
-538,791
-538,792
-538,793
-538,794
-538,795
-538,796
-538,797
-538,798
-538,799
-538,800
-538,801
-538,802
-538,803
-538,804
-538,805
-538,806
-538,807
-538,808
-538,809
-538,810
-538,811
-538,812
-538,813
-538,814
-538,815
-538,816
-538,817
-538,818
-538,819
-538,820
-538,821
-538,822
-538,823
-538,824
-538,825
-538,826
-538,827
-538,828
-538,829
-538,830
-538,831
-538,832
-538,833
-538,834
-538,835
-538,836
-538,837
-538,838
-538,839
-538,840
-538,841
-538,842
-538,843
-538,844
-538,845
-538,846
-538,847
-538,848
-538,849
-538,850
-538,851
-538,852
-538,853
-538,854
-538,855
-538,856
-538,857
-538,858
-538,859
-538,860
-538,861
-538,862
-538,863
-538,864
-538,865
-538,866
-538,867
-538,868
-538,869
-538,870
-538,871
-538,872
-538,873
-538,874
-538,875
-538,876
-538,877
-538,878
-538,879
-538,880
-538,881
-538,882
-538,883
-538,884
-538,885
-538,886
-538,887
-538,888
