-139,1
-139,2
-139,3
-139,4
-139,5
-139,6
-139,7
-139,8
-139,9
-139,10
-139,11
-139,12
-139,13
-139,14
-139,15
-139,16
-139,17
-139,18
-139,19
-139,20
-139,21
-139,22
-139,23
-139,24
-139,25
-139,26
-139,27
-139,28
-139,29
-139,30
-139,31
-139,32
-139,33
-139,34
-139,35
-139,36
-139,37
-139,38
-139,39
-139,40
-139,41
-139,42
-139,43
-139,44
-139,45
-139,46
-139,47
-139,48
-139,49
-139,50
-139,51
-139,52
-139,53
-139,54
-139,55
-139,56
-139,57
-139,58
-139,59
-139,60
-139,61
-139,62
-139,63
-139,64
-139,65
-139,66
-139,67
-139,68
-139,69
-139,70
-139,71
-139,72
-139,73
-139,74
-139,75
-139,76
-139,77
-139,78
-139,79
:153_6,80
:153_6,81
:153_6,82
:153_6,83
:153_6,84
:153_6,85
142,86
142,87
142,88
142,89
142,90
142,91
142,92
142,93
142,94
142,95
142,96
142,97
142,98
142,99
142,100
142,101
142,102
142,103
142,104
142,105
142,106
142,107
142,108
142,109
142,110
142,111
142,112
142,113
142,114
142,115
142,116
142,117
142,118
142,119
142,120
142,121
142,122
142,123
142,124
142,125
142,126
142,127
142,128
142,129
142,130
142,131
142,132
142,133
142,134
142,135
142,136
142,137
142,138
142,139
142,140
142,141
142,142
142,143
142,144
142,145
142,146
142,147
142,148
142,149
142,150
142,151
142,152
142,153
142,154
142,155
142,156
142,157
142,158
142,159
142,160
142,161
142,162
142,163
142,164
142,165
142,166
142,167
142,168
142,169
142,170
142,171
:157_13,172
:157_13,173
:157_13,174
:157_13,175
:157_13,176
-259,177
-259,178
-259,179
-259,180
-259,181
-259,182
-259,183
-259,184
-259,185
-259,186
-259,187
-259,188
-259,189
-259,190
-259,191
-259,192
-259,193
-259,194
-259,195
-259,196
-259,197
-259,198
:256_1,199
:256_1,200
:256_1,201
:256_1,202
:256_1,203
-258,204
-258,205
-258,206
-258,207
-258,208
-258,209
-258,210
-258,211
-258,212
-258,213
-258,214
-258,215
-258,216
-258,217
-258,218
-258,219
-258,220
-258,221
-258,222
-258,223
-258,224
-258,225
-258,226
-258,227
-258,228
-258,229
-258,230
-258,231
-258,232
-258,233
-258,234
-258,235
-258,236
-258,237
-258,238
-258,239
-258,240
-258,241
-258,242
-258,243
-258,244
-258,245
-258,246
-258,247
-258,248
-258,249
-258,250
-258,251
-258,252
-258,253
-258,254
-258,255
-258,256
-258,257
-258,258
-258,259
-258,260
-258,261
-258,262
-258,263
-258,264
-258,265
-258,266
-258,267
-258,268
:21_0,269
:21_0,270
:21_0,271
257,272
257,273
257,274
257,275
257,276
257,277
257,278
257,279
257,280
257,281
257,282
257,283
257,284
257,285
257,286
257,287
257,288
257,289
257,290
257,291
257,292
257,293
257,294
257,295
257,296
257,297
257,298
257,299
257,300
257,301
257,302
257,303
257,304
257,305
257,306
257,307
257,308
257,309
257,310
257,311
257,312
257,313
257,314
257,315
257,316
257,317
257,318
257,319
257,320
257,321
257,322
257,323
257,324
257,325
257,326
257,327
257,328
257,329
257,330
257,331
257,332
257,333
257,334
257,335
257,336
257,337
257,338
257,339
257,340
257,341
257,342
257,343
257,344
257,345
257,346
257,347
257,348
257,349
257,350
257,351
257,352
257,353
257,354
257,355
257,356
257,357
257,358
257,359
257,360
257,361
257,362
257,363
257,364
257,365
257,366
257,367
257,368
257,369
257,370
257,371
257,372
257,373
257,374
257,375
257,376
257,377
257,378
257,379
257,380
257,381
257,382
257,383
257,384
257,385
257,386
257,387
257,388
257,389
257,390
257,391
257,392
257,393
257,394
257,395
257,396
257,397
257,398
257,399
257,400
257,401
257,402
257,403
257,404
257,405
257,406
257,407
257,408
257,409
257,410
257,411
257,412
257,413
257,414
257,415
257,416
257,417
257,418
257,419
257,420
257,421
257,422
257,423
257,424
:231_4,425
:231_4,426
:231_4,427
:231_4,428
:231_4,429
-225,430
-225,431
-225,432
-225,433
-225,434
-225,435
-225,436
-225,437
-225,438
-225,439
-225,440
-225,441
-225,442
-225,443
-225,444
-225,445
-225,446
-225,447
-225,448
-225,449
-225,450
-225,451
-225,452
-225,453
-225,454
-225,455
-225,456
-225,457
-225,458
-225,459
-225,460
-225,461
-225,462
-225,463
-225,464
-225,465
-225,466
-225,467
-225,468
-225,469
-225,470
-225,471
-225,472
-225,473
-225,474
-225,475
-225,476
-225,477
-225,478
-225,479
-225,480
-225,481
-225,482
-225,483
-225,484
-225,485
-225,486
-225,487
-225,488
-225,489
-225,490
-225,491
-225,492
-225,493
-225,494
-225,495
-225,496
-225,497
-225,498
-225,499
-225,500
-225,501
-225,502
-225,503
-225,504
-225,505
-225,506
-225,507
-225,508
-225,509
-225,510
-225,511
-225,512
-225,513
-225,514
-225,515
-225,516
-225,517
-225,518
-225,519
-225,520
-225,521
-225,522
-225,523
-225,524
-225,525
-225,526
-225,527
-225,528
-225,529
-225,530
-225,531
-225,532
-225,533
-225,534
-225,535
-225,536
-225,537
-225,538
-225,539
-225,540
-225,541
-225,542
-225,543
-225,544
-225,545
-225,546
-225,547
-225,548
-225,549
-225,550
-225,551
-225,552
-225,553
-225,554
-225,555
-225,556
-225,557
-225,558
-225,559
-225,560
-225,561
-225,562
-225,563
-225,564
-225,565
-225,566
-225,567
-225,568
-225,569
-225,570
-225,571
-225,572
-225,573
-225,574
-225,575
-225,576
-225,577
-225,578
:227_1,579
:227_1,580
:227_1,581
:227_1,582
:227_1,583
222,584
222,585
222,586
222,587
222,588
222,589
222,590
222,591
222,592
222,593
222,594
222,595
222,596
222,597
222,598
222,599
222,600
222,601
222,602
222,603
222,604
222,605
222,606
222,607
222,608
222,609
222,610
222,611
222,612
222,613
222,614
222,615
222,616
222,617
222,618
222,619
222,620
222,621
222,622
222,623
222,624
222,625
222,626
222,627
222,628
222,629
222,630
222,631
222,632
222,633
222,634
222,635
222,636
222,637
222,638
222,639
222,640
222,641
222,642
222,643
222,644
222,645
222,646
222,647
222,648
222,649
222,650
222,651
222,652
222,653
222,654
222,655
222,656
222,657
222,658
222,659
222,660
222,661
222,662
222,663
222,664
222,665
222,666
222,667
222,668
222,669
222,670
222,671
222,672
222,673
222,674
222,675
222,676
222,677
222,678
222,679
222,680
222,681
222,682
222,683
222,684
222,685
222,686
222,687
222,688
222,689
222,690
222,691
222,692
222,693
222,694
222,695
222,696
222,697
222,698
222,699
222,700
222,701
222,702
222,703
222,704
222,705
222,706
222,707
222,708
222,709
222,710
222,711
222,712
222,713
222,714
222,715
222,716
222,717
222,718
222,719
222,720
222,721
222,722
222,723
222,724
222,725
222,726
222,727
222,728
222,729
222,730
222,731
222,732
222,733
222,734
222,735
222,736
222,737
222,738
222,739
222,740
222,741
222,742
222,743
222,744
222,745
222,746
222,747
222,748
222,749
222,750
222,751
222,752
222,753
222,754
222,755
222,756
222,757
222,758
222,759
222,760
222,761
222,762
222,763
222,764
222,765
222,766
:228_4,767
:228_4,768
:228_4,769
:228_4,770
:228_4,771
223,772
223,773
223,774
223,775
223,776
223,777
223,778
223,779
223,780
223,781
223,782
223,783
223,784
223,785
223,786
223,787
223,788
223,789
223,790
223,791
223,792
223,793
223,794
223,795
223,796
223,797
223,798
223,799
223,800
223,801
223,802
223,803
223,804
223,805
223,806
223,807
223,808
223,809
223,810
223,811
223,812
223,813
223,814
223,815
223,816
223,817
223,818
223,819
223,820
223,821
223,822
223,823
223,824
223,825
223,826
223,827
223,828
223,829
223,830
223,831
223,832
223,833
223,834
223,835
223,836
223,837
223,838
223,839
223,840
223,841
223,842
223,843
223,844
223,845
223,846
223,847
223,848
223,849
223,850
223,851
223,852
223,853
223,854
223,855
223,856
223,857
223,858
223,859
223,860
223,861
223,862
223,863
223,864
223,865
223,866
223,867
223,868
:229_4,869
:229_4,870
:229_4,871
:229_4,872
:229_4,873
:229_4,874
224,875
224,876
224,877
224,878
224,879
224,880
224,881
224,882
224,883
224,884
224,885
224,886
224,887
224,888
224,889
224,890
224,891
224,892
224,893
224,894
224,895
224,896
224,897
224,898
224,899
224,900
224,901
224,902
224,903
224,904
224,905
224,906
224,907
224,908
224,909
224,910
224,911
224,912
224,913
224,914
224,915
224,916
224,917
224,918
224,919
224,920
224,921
224,922
224,923
224,924
224,925
224,926
224,927
224,928
224,929
224,930
224,931
224,932
224,933
224,934
224,935
224,936
224,937
224,938
224,939
224,940
224,941
224,942
224,943
224,944
224,945
224,946
224,947
224,948
224,949
224,950
224,951
224,952
224,953
224,954
224,955
224,956
224,957
224,958
224,959
224,960
224,961
224,962
224,963
:230_1,964
:230_1,965
:230_1,966
:230_1,967
:230_1,968
:230_1,969
374,970
374,971
374,972
374,973
374,974
374,975
374,976
374,977
374,978
374,979
374,980
374,981
374,982
374,983
374,984
374,985
374,986
374,987
374,988
374,989
374,990
374,991
374,992
374,993
374,994
374,995
374,996
374,997
374,998
374,999
374,1000
374,1001
374,1002
374,1003
374,1004
374,1005
374,1006
374,1007
374,1008
374,1009
374,1010
374,1011
374,1012
374,1013
374,1014
374,1015
374,1016
374,1017
374,1018
374,1019
374,1020
374,1021
374,1022
374,1023
374,1024
374,1025
374,1026
374,1027
374,1028
374,1029
374,1030
374,1031
374,1032
374,1033
374,1034
374,1035
374,1036
374,1037
374,1038
374,1039
374,1040
374,1041
374,1042
374,1043
374,1044
374,1045
374,1046
374,1047
374,1048
:340_0,1049
375,1050
375,1051
375,1052
375,1053
375,1054
375,1055
375,1056
375,1057
375,1058
375,1059
375,1060
375,1061
375,1062
375,1063
375,1064
375,1065
375,1066
375,1067
375,1068
375,1069
375,1070
375,1071
375,1072
375,1073
375,1074
375,1075
375,1076
375,1077
375,1078
375,1079
375,1080
375,1081
375,1082
375,1083
375,1084
375,1085
375,1086
375,1087
375,1088
375,1089
375,1090
375,1091
375,1092
375,1093
375,1094
375,1095
375,1096
375,1097
375,1098
375,1099
375,1100
375,1101
375,1102
375,1103
375,1104
375,1105
375,1106
375,1107
375,1108
375,1109
375,1110
375,1111
375,1112
375,1113
375,1114
375,1115
375,1116
375,1117
375,1118
375,1119
375,1120
375,1121
375,1122
375,1123
375,1124
375,1125
375,1126
375,1127
375,1128
375,1129
375,1130
375,1131
375,1132
375,1133
375,1134
375,1135
375,1136
375,1137
375,1138
375,1139
375,1140
375,1141
375,1142
375,1143
375,1144
375,1145
375,1146
375,1147
375,1148
375,1149
375,1150
375,1151
375,1152
375,1153
375,1154
375,1155
375,1156
375,1157
375,1158
375,1159
:15_1,1160
:15_1,1161
:15_1,1162
:15_1,1163
:15_1,1164
-13,1165
-13,1166
-13,1167
-13,1168
-13,1169
-13,1170
-13,1171
-13,1172
-13,1173
-13,1174
-13,1175
-13,1176
-13,1177
-13,1178
-13,1179
-13,1180
-13,1181
-13,1182
-13,1183
-13,1184
-13,1185
-13,1186
-13,1187
-13,1188
-13,1189
-13,1190
-13,1191
-13,1192
-13,1193
-13,1194
-13,1195
-13,1196
-13,1197
-13,1198
-13,1199
-13,1200
-13,1201
-13,1202
-13,1203
-13,1204
-13,1205
-13,1206
-13,1207
-13,1208
-13,1209
-13,1210
-13,1211
-13,1212
-13,1213
-13,1214
-13,1215
-13,1216
-13,1217
-13,1218
-13,1219
-13,1220
-13,1221
-13,1222
-13,1223
-13,1224
-13,1225
-13,1226
-13,1227
-13,1228
-13,1229
-13,1230
-13,1231
-13,1232
-13,1233
-13,1234
-13,1235
-13,1236
-13,1237
-13,1238
-13,1239
-13,1240
-13,1241
-13,1242
-13,1243
-13,1244
-13,1245
-13,1246
-13,1247
-13,1248
-13,1249
-13,1250
-13,1251
-13,1252
-13,1253
-13,1254
14,1255
14,1256
14,1257
14,1258
14,1259
14,1260
14,1261
14,1262
14,1263
14,1264
14,1265
14,1266
14,1267
14,1268
14,1269
14,1270
14,1271
14,1272
14,1273
14,1274
14,1275
14,1276
14,1277
14,1278
14,1279
14,1280
14,1281
14,1282
14,1283
14,1284
14,1285
14,1286
14,1287
14,1288
14,1289
14,1290
14,1291
14,1292
14,1293
14,1294
14,1295
14,1296
14,1297
14,1298
14,1299
14,1300
14,1301
14,1302
14,1303
14,1304
14,1305
14,1306
14,1307
14,1308
14,1309
14,1310
14,1311
14,1312
14,1313
14,1314
14,1315
14,1316
14,1317
14,1318
14,1319
14,1320
14,1321
14,1322
14,1323
14,1324
14,1325
14,1326
14,1327
14,1328
14,1329
14,1330
14,1331
14,1332
14,1333
14,1334
14,1335
14,1336
14,1337
14,1338
14,1339
14,1340
14,1341
14,1342
14,1343
14,1344
14,1345
14,1346
14,1347
14,1348
14,1349
14,1350
14,1351
14,1352
14,1353
14,1354
14,1355
14,1356
14,1357
14,1358
14,1359
14,1360
:16_4,1361
:16_4,1362
:16_4,1363
:16_4,1364
:16_4,1365
-210,1366
-210,1367
-210,1368
-210,1369
-210,1370
-210,1371
-210,1372
-210,1373
-210,1374
-210,1375
-210,1376
-210,1377
-210,1378
-210,1379
-210,1380
-210,1381
-210,1382
-210,1383
-210,1384
-210,1385
-210,1386
-210,1387
-210,1388
-210,1389
-210,1390
-210,1391
-210,1392
-210,1393
-210,1394
-210,1395
-210,1396
-210,1397
-210,1398
-210,1399
-210,1400
-210,1401
-210,1402
-210,1403
-210,1404
-210,1405
-210,1406
-210,1407
-210,1408
-210,1409
-210,1410
-210,1411
-210,1412
-210,1413
-210,1414
-210,1415
-210,1416
-210,1417
-210,1418
-210,1419
-210,1420
-210,1421
-210,1422
-210,1423
-210,1424
-210,1425
-210,1426
-210,1427
-210,1428
-210,1429
-210,1430
-210,1431
-210,1432
-210,1433
-210,1434
-210,1435
-210,1436
-210,1437
-210,1438
-210,1439
-210,1440
-210,1441
-210,1442
-210,1443
-210,1444
-210,1445
-210,1446
-210,1447
-210,1448
-210,1449
-210,1450
-210,1451
-210,1452
-210,1453
-210,1454
-210,1455
-210,1456
-210,1457
-210,1458
-210,1459
-210,1460
-210,1461
-210,1462
-210,1463
-210,1464
-210,1465
:29_5,1466
:29_5,1467
:29_5,1468
:29_5,1469
:29_5,1470
:29_5,1471
-25,1472
-25,1473
-25,1474
-25,1475
-25,1476
-25,1477
-25,1478
-25,1479
-25,1480
-25,1481
-25,1482
-25,1483
-25,1484
-25,1485
-25,1486
-25,1487
-25,1488
-25,1489
-25,1490
-25,1491
-25,1492
-25,1493
-25,1494
-25,1495
-25,1496
-25,1497
-25,1498
-25,1499
-25,1500
-25,1501
-25,1502
-25,1503
-25,1504
-25,1505
-25,1506
-25,1507
-25,1508
-25,1509
-25,1510
-25,1511
-25,1512
-25,1513
-25,1514
-25,1515
-25,1516
-25,1517
-25,1518
-25,1519
-25,1520
-25,1521
-25,1522
-25,1523
-25,1524
-25,1525
-25,1526
-25,1527
-25,1528
-25,1529
-25,1530
-25,1531
-25,1532
-25,1533
-25,1534
-25,1535
-25,1536
-25,1537
-25,1538
-25,1539
-25,1540
-25,1541
-25,1542
-25,1543
-25,1544
-25,1545
-25,1546
-25,1547
-25,1548
-25,1549
-25,1550
-25,1551
-25,1552
-25,1553
-25,1554
-25,1555
-25,1556
-25,1557
-25,1558
-25,1559
-25,1560
-25,1561
-25,1562
-25,1563
-25,1564
-25,1565
-25,1566
-25,1567
-25,1568
-25,1569
-25,1570
-25,1571
-25,1572
-25,1573
-25,1574
-25,1575
-25,1576
-25,1577
-25,1578
-25,1579
-25,1580
-25,1581
-25,1582
-25,1583
-25,1584
-25,1585
-25,1586
-25,1587
-25,1588
-25,1589
-25,1590
-25,1591
-25,1592
-25,1593
-25,1594
-25,1595
-25,1596
-25,1597
-25,1598
-25,1599
-25,1600
-25,1601
-25,1602
-25,1603
-25,1604
-25,1605
-25,1606
-25,1607
-25,1608
-25,1609
-25,1610
-25,1611
-25,1612
-25,1613
-25,1614
-25,1615
-25,1616
-25,1617
-25,1618
-25,1619
-25,1620
-25,1621
-25,1622
-25,1623
:24_5,1624
:24_5,1625
:24_5,1626
:24_5,1627
:24_5,1628
-20,1629
-20,1630
-20,1631
-20,1632
-20,1633
-20,1634
-20,1635
-20,1636
-20,1637
-20,1638
-20,1639
-20,1640
-20,1641
-20,1642
-20,1643
-20,1644
-20,1645
-20,1646
-20,1647
-20,1648
-20,1649
-20,1650
-20,1651
-20,1652
-20,1653
-20,1654
-20,1655
-20,1656
-20,1657
-20,1658
-20,1659
-20,1660
-20,1661
-20,1662
-20,1663
-20,1664
-20,1665
-20,1666
-20,1667
-20,1668
-20,1669
-20,1670
-20,1671
-20,1672
-20,1673
-20,1674
-20,1675
-20,1676
-20,1677
-20,1678
-20,1679
-20,1680
-20,1681
-20,1682
-20,1683
-20,1684
-20,1685
-20,1686
-20,1687
-20,1688
-20,1689
-20,1690
-20,1691
-20,1692
-20,1693
-20,1694
-20,1695
-20,1696
-20,1697
-20,1698
-20,1699
-20,1700
-20,1701
-20,1702
-20,1703
-20,1704
-20,1705
-20,1706
-20,1707
-20,1708
-20,1709
-20,1710
-20,1711
-20,1712
-20,1713
-20,1714
-20,1715
-20,1716
-20,1717
-20,1718
-20,1719
-20,1720
-20,1721
-20,1722
-20,1723
-20,1724
-20,1725
-20,1726
-20,1727
-20,1728
-20,1729
:23_4,1730
:23_4,1731
:23_4,1732
:23_4,1733
:23_4,1734
:23_4,1735
:23_4,1736
-19,1737
-19,1738
-19,1739
-19,1740
-19,1741
-19,1742
-19,1743
-19,1744
-19,1745
-19,1746
-19,1747
-19,1748
-19,1749
-19,1750
-19,1751
-19,1752
-19,1753
-19,1754
-19,1755
-19,1756
-19,1757
-19,1758
-19,1759
-19,1760
-19,1761
-19,1762
-19,1763
-19,1764
-19,1765
-19,1766
-19,1767
-19,1768
-19,1769
-19,1770
-19,1771
-19,1772
-19,1773
-19,1774
-19,1775
-19,1776
-19,1777
-19,1778
-19,1779
-19,1780
-19,1781
-19,1782
-19,1783
-19,1784
-19,1785
-19,1786
-19,1787
-19,1788
-19,1789
-19,1790
-19,1791
-19,1792
-19,1793
-19,1794
-19,1795
-19,1796
-19,1797
-19,1798
-19,1799
-19,1800
-19,1801
-19,1802
-19,1803
-19,1804
-19,1805
-19,1806
-19,1807
-19,1808
-19,1809
-19,1810
-19,1811
-19,1812
-19,1813
-19,1814
-19,1815
-19,1816
-19,1817
-19,1818
-19,1819
-19,1820
-19,1821
-19,1822
-19,1823
-19,1824
-19,1825
-19,1826
-19,1827
-19,1828
-19,1829
-19,1830
-19,1831
-19,1832
-19,1833
-19,1834
-19,1835
-19,1836
-19,1837
-19,1838
-19,1839
-19,1840
-19,1841
-19,1842
-19,1843
-19,1844
:22_1,1845
:22_1,1846
:22_1,1847
:22_1,1848
:22_1,1849
:22_1,1850
23,1851
23,1852
23,1853
23,1854
23,1855
23,1856
23,1857
23,1858
23,1859
23,1860
23,1861
23,1862
23,1863
23,1864
23,1865
23,1866
23,1867
23,1868
23,1869
23,1870
23,1871
23,1872
23,1873
23,1874
23,1875
23,1876
23,1877
23,1878
23,1879
23,1880
23,1881
23,1882
23,1883
23,1884
23,1885
23,1886
23,1887
23,1888
23,1889
23,1890
23,1891
23,1892
23,1893
23,1894
23,1895
23,1896
23,1897
23,1898
23,1899
23,1900
23,1901
23,1902
23,1903
23,1904
23,1905
23,1906
23,1907
23,1908
23,1909
23,1910
23,1911
23,1912
23,1913
23,1914
23,1915
23,1916
23,1917
23,1918
23,1919
23,1920
23,1921
23,1922
23,1923
23,1924
23,1925
23,1926
23,1927
23,1928
23,1929
23,1930
23,1931
23,1932
23,1933
23,1934
23,1935
23,1936
23,1937
23,1938
23,1939
23,1940
23,1941
23,1942
23,1943
23,1944
23,1945
23,1946
23,1947
23,1948
23,1949
23,1950
23,1951
23,1952
23,1953
23,1954
23,1955
23,1956
23,1957
23,1958
23,1959
23,1960
23,1961
23,1962
23,1963
23,1964
23,1965
23,1966
23,1967
23,1968
23,1969
23,1970
23,1971
23,1972
23,1973
23,1974
23,1975
23,1976
23,1977
23,1978
23,1979
23,1980
23,1981
23,1982
23,1983
23,1984
23,1985
23,1986
23,1987
23,1988
23,1989
23,1990
23,1991
23,1992
23,1993
23,1994
23,1995
23,1996
23,1997
23,1998
23,1999
23,2000
