204,1
204,2
204,3
204,4
204,5
204,6
204,7
204,8
204,9
204,10
204,11
204,12
204,13
204,14
204,15
204,16
204,17
204,18
204,19
204,20
204,21
204,22
204,23
204,24
204,25
204,26
204,27
204,28
204,29
204,30
204,31
204,32
204,33
204,34
204,35
204,36
204,37
204,38
204,39
204,40
204,41
204,42
204,43
204,44
204,45
204,46
204,47
204,48
204,49
204,50
204,51
204,52
204,53
204,54
204,55
204,56
204,57
204,58
204,59
204,60
204,61
204,62
:211_1,63
:211_1,64
:211_1,65
:211_1,66
:211_1,67
646,68
646,69
646,70
646,71
646,72
646,73
646,74
646,75
646,76
646,77
646,78
646,79
646,80
646,81
646,82
646,83
646,84
646,85
646,86
646,87
646,88
646,89
646,90
646,91
646,92
646,93
646,94
646,95
646,96
646,97
646,98
646,99
646,100
646,101
646,102
646,103
646,104
646,105
646,106
646,107
646,108
646,109
646,110
646,111
646,112
646,113
646,114
646,115
646,116
646,117
646,118
646,119
646,120
646,121
646,122
646,123
646,124
646,125
646,126
646,127
646,128
646,129
646,130
646,131
646,132
646,133
646,134
646,135
646,136
646,137
646,138
646,139
646,140
646,141
646,142
646,143
646,144
646,145
646,146
646,147
646,148
646,149
646,150
646,151
646,152
646,153
646,154
646,155
646,156
646,157
646,158
646,159
646,160
646,161
646,162
646,163
:179_1,164
:179_1,165
:179_1,166
:179_1,167
:179_1,168
-164,169
-164,170
-164,171
-164,172
-164,173
-164,174
-164,175
-164,176
-164,177
-164,178
-164,179
-164,180
-164,181
-164,182
-164,183
-164,184
-164,185
-164,186
-164,187
-164,188
-164,189
-164,190
-164,191
-164,192
-164,193
-164,194
-164,195
-164,196
-164,197
-164,198
-164,199
-164,200
-164,201
-164,202
-164,203
-164,204
-164,205
-164,206
-164,207
-164,208
-164,209
-164,210
-164,211
-164,212
-164,213
-164,214
-164,215
-164,216
-164,217
-164,218
-164,219
-164,220
-164,221
-164,222
-164,223
-164,224
-164,225
-164,226
-164,227
-164,228
-164,229
-164,230
-164,231
-164,232
-164,233
-164,234
-164,235
-164,236
-164,237
-164,238
-164,239
-164,240
-164,241
-164,242
-164,243
-164,244
-164,245
-164,246
-164,247
-164,248
-164,249
-164,250
-164,251
-164,252
-164,253
-164,254
-164,255
-164,256
-164,257
-164,258
-164,259
-164,260
-164,261
-164,262
-164,263
-164,264
-164,265
-164,266
-164,267
-164,268
-164,269
-164,270
-164,271
-164,272
-164,273
-164,274
-164,275
-164,276
-164,277
-164,278
-164,279
-164,280
-164,281
-164,282
-164,283
-164,284
-164,285
-164,286
-164,287
-164,288
-164,289
-164,290
-164,291
-164,292
-164,293
-164,294
-164,295
-164,296
-164,297
-164,298
-164,299
-164,300
-164,301
-164,302
-164,303
-164,304
-164,305
-164,306
-164,307
-164,308
-164,309
-164,310
-164,311
-164,312
-164,313
-164,314
-164,315
-164,316
-164,317
-164,318
-164,319
-164,320
-164,321
-164,322
-164,323
-164,324
-164,325
-164,326
-164,327
-164,328
-164,329
-164,330
-164,331
-164,332
-164,333
-164,334
-164,335
-164,336
-164,337
-164,338
-164,339
-164,340
-164,341
-164,342
-164,343
-164,344
-164,345
-164,346
-164,347
-164,348
-164,349
-164,350
-164,351
-164,352
-164,353
-164,354
-164,355
-164,356
-164,357
-164,358
:178_12,359
:178_12,360
:178_12,361
165,362
165,363
165,364
165,365
165,366
165,367
165,368
165,369
165,370
165,371
165,372
165,373
165,374
165,375
165,376
165,377
165,378
165,379
165,380
165,381
165,382
165,383
165,384
165,385
165,386
165,387
165,388
165,389
165,390
165,391
165,392
165,393
165,394
165,395
165,396
165,397
165,398
165,399
165,400
165,401
165,402
165,403
165,404
165,405
165,406
165,407
165,408
165,409
165,410
165,411
165,412
165,413
165,414
165,415
165,416
165,417
165,418
165,419
165,420
165,421
165,422
165,423
165,424
165,425
165,426
165,427
165,428
165,429
165,430
165,431
165,432
165,433
165,434
165,435
165,436
165,437
165,438
165,439
165,440
165,441
165,442
165,443
165,444
165,445
165,446
165,447
165,448
165,449
165,450
165,451
165,452
165,453
165,454
165,455
165,456
165,457
165,458
165,459
165,460
165,461
165,462
165,463
165,464
165,465
165,466
165,467
165,468
165,469
165,470
165,471
165,472
165,473
165,474
165,475
165,476
165,477
165,478
165,479
165,480
165,481
165,482
165,483
165,484
165,485
165,486
165,487
165,488
165,489
165,490
165,491
165,492
165,493
165,494
165,495
165,496
165,497
165,498
165,499
165,500
165,501
165,502
165,503
165,504
165,505
165,506
165,507
165,508
165,509
165,510
165,511
165,512
165,513
165,514
165,515
165,516
165,517
165,518
165,519
165,520
165,521
165,522
165,523
165,524
165,525
165,526
165,527
165,528
165,529
:163_1,530
:163_1,531
:163_1,532
:163_1,533
:163_1,534
180,535
180,536
180,537
180,538
180,539
180,540
180,541
180,542
180,543
180,544
180,545
180,546
180,547
180,548
180,549
180,550
180,551
180,552
180,553
180,554
180,555
180,556
180,557
180,558
180,559
180,560
180,561
180,562
180,563
180,564
180,565
180,566
180,567
180,568
180,569
180,570
180,571
180,572
180,573
180,574
180,575
180,576
180,577
180,578
180,579
180,580
180,581
180,582
180,583
180,584
180,585
180,586
180,587
180,588
180,589
180,590
180,591
180,592
180,593
180,594
180,595
180,596
180,597
:193_1,598
:193_1,599
:193_1,600
:193_1,601
:193_1,602
-412,603
-412,604
-412,605
-412,606
-412,607
-412,608
-412,609
-412,610
-412,611
-412,612
-412,613
-412,614
-412,615
-412,616
-412,617
-412,618
-412,619
-412,620
-412,621
-412,622
-412,623
-412,624
-412,625
-412,626
-412,627
-412,628
-412,629
-412,630
-412,631
-412,632
-412,633
-412,634
-412,635
-412,636
-412,637
-412,638
-412,639
-412,640
-412,641
-412,642
-412,643
-412,644
-412,645
-412,646
-412,647
-412,648
-412,649
-412,650
-412,651
-412,652
-412,653
-412,654
-412,655
-412,656
-412,657
-412,658
-412,659
-412,660
-412,661
-412,662
-412,663
-412,664
-412,665
-412,666
-412,667
-412,668
-412,669
-412,670
-412,671
-412,672
-412,673
-412,674
-412,675
-412,676
-412,677
-412,678
-412,679
-412,680
-412,681
-412,682
-412,683
-412,684
-412,685
-412,686
-412,687
:365_1,688
:365_1,689
:365_1,690
:365_1,691
414,692
414,693
414,694
414,695
414,696
414,697
414,698
414,699
414,700
414,701
414,702
414,703
414,704
414,705
414,706
414,707
414,708
414,709
414,710
414,711
414,712
414,713
414,714
414,715
414,716
414,717
414,718
414,719
414,720
414,721
414,722
414,723
414,724
414,725
414,726
414,727
414,728
414,729
414,730
414,731
414,732
414,733
414,734
414,735
414,736
414,737
414,738
414,739
414,740
414,741
414,742
414,743
414,744
414,745
414,746
414,747
414,748
414,749
414,750
414,751
414,752
414,753
414,754
414,755
414,756
414,757
414,758
414,759
414,760
414,761
414,762
414,763
414,764
414,765
414,766
414,767
414,768
414,769
414,770
414,771
414,772
414,773
414,774
414,775
414,776
414,777
414,778
414,779
414,780
414,781
414,782
414,783
414,784
414,785
414,786
414,787
414,788
414,789
414,790
414,791
414,792
414,793
414,794
414,795
414,796
414,797
414,798
414,799
414,800
414,801
414,802
414,803
414,804
414,805
414,806
414,807
414,808
414,809
414,810
414,811
414,812
414,813
414,814
:336_1,815
:336_1,816
:336_1,817
:336_1,818
:336_1,819
-367,820
-367,821
-367,822
-367,823
-367,824
-367,825
-367,826
-367,827
-367,828
-367,829
-367,830
-367,831
-367,832
-367,833
-367,834
-367,835
-367,836
-367,837
-367,838
-367,839
-367,840
-367,841
-367,842
-367,843
-367,844
-367,845
-367,846
-367,847
-367,848
-367,849
-367,850
-367,851
-367,852
-367,853
-367,854
-367,855
-367,856
-367,857
-367,858
-367,859
-367,860
-367,861
-367,862
-367,863
-367,864
-367,865
-367,866
-367,867
-367,868
-367,869
-367,870
-367,871
-367,872
-367,873
