59,21
59,22
59,23
59,24
59,25
59,26
59,27
59,28
59,29
59,30
59,31
59,32
59,33
59,34
59,35
59,36
59,37
59,38
59,39
59,40
59,41
59,42
59,43
59,44
59,45
59,46
59,47
59,48
59,49
59,50
59,51
59,52
59,53
59,54
59,55
59,56
59,57
59,58
59,59
59,60
59,61
59,62
59,63
59,64
59,65
59,66
59,67
59,68
59,69
59,70
59,71
59,72
59,73
59,74
59,75
59,76
59,77
59,78
59,79
59,80
59,81
59,82
59,83
:68_9,84
:68_9,85
:68_9,86
:68_9,87
:68_9,88
192,89
192,90
192,91
192,92
192,93
192,94
192,95
192,96
192,97
192,98
192,99
192,100
192,101
192,102
192,103
192,104
192,105
192,106
192,107
192,108
192,109
192,110
192,111
192,112
192,113
192,114
192,115
192,116
192,117
192,118
192,119
192,120
192,121
192,122
192,123
192,124
192,125
192,126
192,127
192,128
192,129
192,130
192,131
192,132
192,133
192,134
192,135
192,136
192,137
192,138
192,139
192,140
192,141
192,142
192,143
192,144
192,145
192,146
192,147
192,148
192,149
192,150
192,151
192,152
192,153
192,154
192,155
192,156
192,157
192,158
192,159
192,160
192,161
192,162
192,163
192,164
192,165
192,166
192,167
192,168
192,169
192,170
192,171
192,172
192,173
192,174
192,175
192,176
192,177
192,178
192,179
-302,180
-302,181
-302,182
-302,183
-302,184
-302,185
-302,186
-302,187
-302,188
-302,189
-302,190
-302,191
-302,192
-302,193
-302,194
-302,195
-302,196
-302,197
-302,198
-302,199
-302,200
-302,201
-302,202
-302,203
-302,204
-302,205
-302,206
-302,207
-302,208
-302,209
-302,210
-302,211
-302,212
-302,213
-302,214
:289_7,215
:289_7,216
:289_7,217
:289_7,218
:289_7,219
304,220
304,221
304,222
304,223
304,224
304,225
304,226
304,227
304,228
304,229
304,230
304,231
304,232
304,233
304,234
304,235
304,236
304,237
304,238
304,239
304,240
304,241
304,242
304,243
304,244
304,245
304,246
304,247
304,248
304,249
304,250
304,251
304,252
304,253
304,254
304,255
304,256
304,257
304,258
304,259
304,260
304,261
304,262
304,263
304,264
304,265
304,266
304,267
304,268
304,269
304,270
304,271
304,272
304,273
304,274
304,275
304,276
304,277
304,278
304,279
304,280
304,281
304,282
304,283
304,284
304,285
304,286
304,287
304,288
304,289
304,290
304,291
304,292
304,293
304,294
304,295
304,296
304,297
304,298
304,299
304,300
304,301
304,302
:59_0,303
:59_0,304
:59_0,305
:59_0,306
:59_0,307
:59_0,308
-51,309
-51,310
-51,311
-51,312
-51,313
-51,314
-51,315
-51,316
-51,317
-51,318
-51,319
-51,320
-51,321
-51,322
-51,323
-51,324
-51,325
-51,326
-51,327
-51,328
-51,329
-51,330
-51,331
-51,332
-51,333
-51,334
-51,335
-51,336
-51,337
-51,338
-51,339
-51,340
-51,341
-51,342
-51,343
-51,344
-51,345
-51,346
-51,347
-51,348
-51,349
-51,350
-51,351
-51,352
-51,353
-51,354
-51,355
-51,356
-51,357
-51,358
-51,359
-51,360
-51,361
-51,362
-51,363
-51,364
-51,365
-51,366
-51,367
-51,368
-51,369
-51,370
-51,371
-51,372
-51,373
-51,374
-51,375
-51,376
-51,377
-51,378
-51,379
-51,380
-51,381
-51,382
-51,383
-51,384
-51,385
-51,386
-51,387
-51,388
-51,389
-51,390
-51,391
-51,392
-51,393
-51,394
-51,395
-51,396
-51,397
-51,398
-51,399
-51,400
-51,401
-51,402
-51,403
-51,404
-51,405
-51,406
-51,407
-51,408
-51,409
-51,410
-51,411
-51,412
-51,413
-51,414
-51,415
-51,416
-51,417
-51,418
-51,419
-51,420
-51,421
-51,422
-51,423
-51,424
-51,425
-51,426
-51,427
-51,428
-51,429
-51,430
-51,431
-51,432
-51,433
-51,434
-51,435
-51,436
-51,437
-51,438
-51,439
:58_8,440
:58_8,441
:58_8,442
53,443
53,444
53,445
53,446
53,447
53,448
53,449
53,450
53,451
53,452
53,453
53,454
53,455
53,456
53,457
53,458
53,459
53,460
53,461
53,462
53,463
53,464
53,465
53,466
53,467
53,468
53,469
53,470
53,471
53,472
53,473
53,474
53,475
53,476
53,477
53,478
53,479
53,480
53,481
53,482
53,483
53,484
53,485
53,486
53,487
53,488
53,489
53,490
53,491
53,492
53,493
53,494
53,495
53,496
53,497
53,498
53,499
53,500
53,501
53,502
53,503
53,504
53,505
53,506
53,507
53,508
53,509
53,510
53,511
53,512
:61_7,513
:61_7,514
:61_7,515
:61_7,516
:61_7,517
54,518
54,519
54,520
54,521
54,522
54,523
54,524
54,525
54,526
54,527
54,528
54,529
54,530
54,531
54,532
54,533
54,534
54,535
54,536
54,537
54,538
54,539
54,540
54,541
54,542
54,543
54,544
54,545
54,546
54,547
54,548
54,549
54,550
54,551
54,552
54,553
54,554
54,555
54,556
54,557
54,558
54,559
54,560
54,561
:62_3,562
:62_3,563
:62_3,564
:62_3,565
:62_3,566
55,567
55,568
55,569
55,570
55,571
55,572
55,573
55,574
55,575
55,576
55,577
55,578
55,579
55,580
55,581
55,582
55,583
55,584
55,585
55,586
55,587
55,588
55,589
55,590
55,591
55,592
55,593
55,594
55,595
55,596
55,597
55,598
55,599
55,600
55,601
55,602
55,603
55,604
55,605
55,606
55,607
55,608
55,609
55,610
55,611
55,612
55,613
55,614
55,615
55,616
55,617
55,618
55,619
55,620
55,621
55,622
55,623
55,624
55,625
55,626
55,627
55,628
55,629
55,630
55,631
55,632
55,633
55,634
55,635
55,636
55,637
55,638
55,639
55,640
55,641
55,642
55,643
55,644
55,645
55,646
55,647
55,648
55,649
55,650
55,651
55,652
55,653
55,654
55,655
55,656
55,657
55,658
55,659
55,660
55,661
55,662
55,663
55,664
55,665
55,666
55,667
55,668
55,669
55,670
55,671
55,672
55,673
55,674
:63_13,675
:63_13,676
:63_13,677
:63_13,678
:63_13,679
:63_13,680
159,681
159,682
159,683
159,684
159,685
159,686
159,687
159,688
159,689
159,690
159,691
159,692
159,693
159,694
159,695
159,696
159,697
159,698
159,699
159,700
159,701
159,702
159,703
159,704
159,705
159,706
159,707
159,708
159,709
159,710
159,711
159,712
159,713
159,714
159,715
159,716
159,717
159,718
159,719
159,720
159,721
159,722
159,723
159,724
159,725
159,726
159,727
159,728
159,729
159,730
159,731
159,732
159,733
159,734
159,735
159,736
159,737
159,738
159,739
159,740
159,741
159,742
159,743
159,744
159,745
159,746
159,747
159,748
159,749
159,750
159,751
159,752
159,753
159,754
159,755
159,756
159,757
159,758
159,759
159,760
159,761
159,762
159,763
159,764
159,765
159,766
159,767
159,768
159,769
159,770
159,771
159,772
:102_7,773
:102_7,774
:102_7,775
:102_7,776
:102_7,777
-87,778
-87,779
-87,780
-87,781
-87,782
-87,783
-87,784
-87,785
-87,786
-87,787
-87,788
-87,789
-87,790
-87,791
-87,792
-87,793
-87,794
-87,795
-87,796
-87,797
-87,798
-87,799
-87,800
-87,801
-87,802
-87,803
-87,804
-87,805
-87,806
-87,807
-87,808
-87,809
-87,810
-87,811
-87,812
-87,813
-87,814
-87,815
-87,816
-87,817
-87,818
-87,819
-87,820
-87,821
-87,822
-87,823
-87,824
-87,825
-87,826
-87,827
-87,828
-87,829
-87,830
-87,831
-87,832
-87,833
-87,834
-87,835
-87,836
-87,837
-87,838
-87,839
-87,840
-87,841
-87,842
-87,843
-87,844
-87,845
-87,846
-87,847
-87,848
-87,849
-87,850
-87,851
-87,852
-87,853
-87,854
-87,855
-87,856
-87,857
-87,858
-87,859
-87,860
-87,861
-87,862
-87,863
-87,864
-87,865
-87,866
-87,867
-87,868
-87,869
-87,870
-87,871
-87,872
-87,873
-87,874
-87,875
-87,876
-87,877
-87,878
-87,879
-87,880
-87,881
-87,882
-87,883
-87,884
-87,885
-87,886
-87,887
-87,888
-87,889
-87,890
-87,891
-87,892
-87,893
-87,894
-87,895
-87,896
-87,897
-87,898
-87,899
-87,900
-87,901
-87,902
-87,903
-87,904
-87,905
-87,906
-87,907
-87,908
-87,909
-87,910
-87,911
-87,912
-87,913
-87,914
-87,915
-87,916
-87,917
-87,918
-87,919
-87,920
-87,921
-87,922
-87,923
-87,924
-87,925
-87,926
-87,927
-87,928
-87,929
-87,930
:27_9,931
:27_9,932
:27_9,933
:27_9,934
:27_9,935
:27_9,936
-23,937
-23,938
-23,939
-23,940
-23,941
-23,942
-23,943
-23,944
-23,945
-23,946
-23,947
-23,948
-23,949
-23,950
-23,951
-23,952
-23,953
-23,954
-23,955
-23,956
-23,957
-23,958
-23,959
-23,960
-23,961
-23,962
-23,963
-23,964
-23,965
-23,966
-23,967
-23,968
-23,969
-23,970
-23,971
-23,972
-23,973
-23,974
-23,975
-23,976
-23,977
-23,978
-23,979
-23,980
-23,981
-23,982
-23,983
-23,984
-23,985
-23,986
-23,987
-23,988
-23,989
-23,990
-23,991
-23,992
-23,993
-23,994
-23,995
-23,996
-23,997
-23,998
-23,999
-23,1000
-23,1001
-23,1002
-23,1003
-23,1004
-23,1005
-23,1006
-23,1007
-23,1008
-23,1009
-23,1010
-23,1011
-23,1012
-23,1013
-23,1014
-23,1015
-23,1016
-23,1017
-23,1018
-23,1019
-23,1020
-23,1021
-23,1022
-23,1023
-23,1024
-23,1025
-23,1026
-23,1027
-23,1028
-23,1029
-23,1030
-23,1031
-23,1032
-23,1033
-23,1034
-23,1035
-23,1036
-23,1037
-23,1038
-23,1039
-23,1040
-23,1041
-23,1042
-23,1043
-23,1044
-23,1045
-23,1046
-23,1047
-23,1048
-23,1049
-23,1050
-23,1051
-23,1052
-23,1053
-23,1054
-23,1055
-23,1056
-23,1057
-23,1058
-23,1059
-23,1060
-23,1061
-23,1062
-23,1063
-23,1064
-23,1065
-23,1066
-23,1067
-23,1068
-23,1069
-23,1070
-23,1071
-23,1072
-23,1073
-23,1074
-23,1075
-23,1076
-23,1077
-23,1078
-23,1079
-23,1080
-23,1081
-23,1082
-23,1083
-23,1084
-23,1085
-23,1086
-23,1087
-23,1088
-23,1089
-23,1090
-23,1091
-23,1092
-23,1093
-23,1094
-23,1095
-23,1096
-23,1097
-23,1098
-23,1099
-23,1100
-23,1101
-23,1102
-23,1103
-23,1104
-23,1105
:22_9,1106
:22_9,1107
:22_9,1108
:22_9,1109
:22_9,1110
19,1111
19,1112
19,1113
19,1114
19,1115
19,1116
19,1117
19,1118
19,1119
19,1120
19,1121
19,1122
19,1123
19,1124
19,1125
19,1126
19,1127
19,1128
19,1129
19,1130
19,1131
19,1132
19,1133
19,1134
19,1135
19,1136
19,1137
19,1138
19,1139
19,1140
19,1141
19,1142
19,1143
19,1144
19,1145
19,1146
19,1147
19,1148
19,1149
19,1150
19,1151
19,1152
19,1153
19,1154
19,1155
19,1156
19,1157
19,1158
19,1159
19,1160
19,1161
19,1162
19,1163
19,1164
19,1165
19,1166
19,1167
19,1168
19,1169
19,1170
19,1171
19,1172
19,1173
19,1174
19,1175
19,1176
19,1177
19,1178
19,1179
19,1180
19,1181
19,1182
19,1183
19,1184
19,1185
19,1186
19,1187
19,1188
19,1189
19,1190
19,1191
19,1192
19,1193
19,1194
19,1195
19,1196
19,1197
19,1198
19,1199
19,1200
:23_6,1201
:23_6,1202
:23_6,1203
:23_6,1204
:23_6,1205
:23_6,1206
:23_6,1207
20,1208
20,1209
20,1210
20,1211
20,1212
20,1213
20,1214
20,1215
20,1216
20,1217
20,1218
20,1219
20,1220
20,1221
20,1222
20,1223
20,1224
20,1225
20,1226
20,1227
20,1228
20,1229
20,1230
20,1231
20,1232
20,1233
20,1234
20,1235
20,1236
20,1237
20,1238
20,1239
20,1240
20,1241
20,1242
20,1243
20,1244
20,1245
20,1246
20,1247
20,1248
20,1249
20,1250
20,1251
20,1252
20,1253
20,1254
20,1255
20,1256
20,1257
20,1258
20,1259
20,1260
20,1261
20,1262
20,1263
20,1264
20,1265
20,1266
20,1267
20,1268
20,1269
20,1270
20,1271
20,1272
20,1273
20,1274
20,1275
20,1276
20,1277
20,1278
20,1279
20,1280
20,1281
20,1282
20,1283
20,1284
20,1285
20,1286
20,1287
20,1288
20,1289
20,1290
20,1291
20,1292
20,1293
:24_13,1294
:24_13,1295
:24_13,1296
:24_13,1297
:24_13,1298
25,1299
25,1300
25,1301
25,1302
25,1303
25,1304
25,1305
25,1306
25,1307
25,1308
25,1309
25,1310
25,1311
25,1312
25,1313
25,1314
25,1315
25,1316
25,1317
25,1318
25,1319
25,1320
25,1321
25,1322
25,1323
25,1324
25,1325
25,1326
25,1327
25,1328
25,1329
25,1330
25,1331
25,1332
25,1333
25,1334
25,1335
25,1336
25,1337
25,1338
25,1339
25,1340
25,1341
25,1342
25,1343
25,1344
25,1345
25,1346
25,1347
25,1348
25,1349
25,1350
25,1351
25,1352
25,1353
25,1354
25,1355
25,1356
25,1357
25,1358
25,1359
25,1360
25,1361
25,1362
25,1363
25,1364
25,1365
25,1366
25,1367
25,1368
25,1369
25,1370
25,1371
25,1372
25,1373
25,1374
25,1375
25,1376
25,1377
25,1378
25,1379
25,1380
25,1381
25,1382
25,1383
25,1384
25,1385
25,1386
25,1387
25,1388
25,1389
25,1390
25,1391
25,1392
25,1393
25,1394
25,1395
25,1396
25,1397
25,1398
25,1399
25,1400
25,1401
25,1402
25,1403
25,1404
25,1405
25,1406
25,1407
25,1408
25,1409
25,1410
25,1411
25,1412
25,1413
25,1414
25,1415
25,1416
25,1417
25,1418
25,1419
25,1420
25,1421
25,1422
25,1423
25,1424
25,1425
25,1426
25,1427
25,1428
25,1429
25,1430
:29_13,1431
:29_13,1432
:29_13,1433
:29_13,1434
:29_13,1435
:29_13,1436
210,1437
210,1438
210,1439
210,1440
210,1441
210,1442
210,1443
210,1444
210,1445
210,1446
210,1447
210,1448
210,1449
210,1450
210,1451
210,1452
210,1453
210,1454
210,1455
210,1456
210,1457
210,1458
210,1459
210,1460
210,1461
210,1462
210,1463
210,1464
210,1465
210,1466
210,1467
210,1468
210,1469
210,1470
210,1471
210,1472
210,1473
210,1474
210,1475
210,1476
210,1477
210,1478
210,1479
210,1480
210,1481
210,1482
210,1483
210,1484
210,1485
210,1486
210,1487
210,1488
210,1489
210,1490
210,1491
210,1492
210,1493
210,1494
210,1495
210,1496
210,1497
210,1498
210,1499
210,1500
210,1501
210,1502
210,1503
210,1504
210,1505
210,1506
210,1507
210,1508
210,1509
210,1510
210,1511
210,1512
210,1513
210,1514
210,1515
210,1516
210,1517
210,1518
210,1519
210,1520
210,1521
210,1522
210,1523
210,1524
210,1525
210,1526
210,1527
:16_6,1528
:16_6,1529
:16_6,1530
:16_6,1531
:16_6,1532
-14,1533
-14,1534
-14,1535
-14,1536
-14,1537
-14,1538
-14,1539
-14,1540
-14,1541
-14,1542
-14,1543
-14,1544
-14,1545
-14,1546
-14,1547
-14,1548
-14,1549
-14,1550
-14,1551
-14,1552
-14,1553
-14,1554
-14,1555
-14,1556
-14,1557
-14,1558
-14,1559
-14,1560
-14,1561
-14,1562
-14,1563
-14,1564
-14,1565
-14,1566
-14,1567
-14,1568
-14,1569
-14,1570
-14,1571
-14,1572
-14,1573
-14,1574
-14,1575
-14,1576
-14,1577
-14,1578
-14,1579
-14,1580
-14,1581
-14,1582
-14,1583
-14,1584
-14,1585
-14,1586
-14,1587
-14,1588
-14,1589
-14,1590
-14,1591
-14,1592
-14,1593
-14,1594
-14,1595
-14,1596
-14,1597
-14,1598
-14,1599
-14,1600
-14,1601
-14,1602
-14,1603
-14,1604
-14,1605
-14,1606
-14,1607
-14,1608
-14,1609
-14,1610
-14,1611
-14,1612
-14,1613
-14,1614
-14,1615
-14,1616
-14,1617
-14,1618
-14,1619
-14,1620
-14,1621
-14,1622
-14,1623
-14,1624
-14,1625
-14,1626
-14,1627
-14,1628
-14,1629
-14,1630
-14,1631
-14,1632
-14,1633
-14,1634
-14,1635
:14_1,1636
:14_1,1637
13,1638
13,1639
13,1640
13,1641
13,1642
13,1643
13,1644
13,1645
13,1646
13,1647
13,1648
13,1649
13,1650
13,1651
13,1652
13,1653
13,1654
13,1655
13,1656
13,1657
13,1658
13,1659
13,1660
13,1661
13,1662
13,1663
13,1664
13,1665
13,1666
13,1667
13,1668
13,1669
13,1670
13,1671
13,1672
13,1673
13,1674
13,1675
13,1676
13,1677
13,1678
13,1679
13,1680
13,1681
13,1682
13,1683
13,1684
13,1685
13,1686
13,1687
13,1688
13,1689
13,1690
13,1691
13,1692
13,1693
13,1694
13,1695
13,1696
13,1697
13,1698
13,1699
13,1700
13,1701
13,1702
13,1703
13,1704
13,1705
13,1706
13,1707
13,1708
13,1709
13,1710
13,1711
13,1712
13,1713
13,1714
13,1715
13,1716
13,1717
13,1718
13,1719
13,1720
13,1721
13,1722
13,1723
13,1724
13,1725
13,1726
13,1727
13,1728
13,1729
13,1730
:15_3,1731
:15_3,1732
:15_3,1733
:15_3,1734
:15_3,1735
-375,1736
-375,1737
-375,1738
-375,1739
-375,1740
-375,1741
-375,1742
-375,1743
-375,1744
-375,1745
-375,1746
-375,1747
-375,1748
-375,1749
-375,1750
-375,1751
-375,1752
-375,1753
-375,1754
-375,1755
-375,1756
-375,1757
-375,1758
-375,1759
-375,1760
-375,1761
-375,1762
-375,1763
-375,1764
-375,1765
-375,1766
-375,1767
-375,1768
-375,1769
-375,1770
-375,1771
-375,1772
-375,1773
-375,1774
-375,1775
-375,1776
-375,1777
-375,1778
-375,1779
-375,1780
-375,1781
-375,1782
-375,1783
-375,1784
-375,1785
-375,1786
-375,1787
-375,1788
-375,1789
-375,1790
-375,1791
-375,1792
-375,1793
-375,1794
-375,1795
-375,1796
-375,1797
-375,1798
-375,1799
-375,1800
-375,1801
-375,1802
-375,1803
-375,1804
-375,1805
-375,1806
-375,1807
-375,1808
-375,1809
-375,1810
-375,1811
-375,1812
-375,1813
-375,1814
-375,1815
-375,1816
-375,1817
-375,1818
-375,1819
-375,1820
-375,1821
-375,1822
-375,1823
-375,1824
-375,1825
-375,1826
-375,1827
-375,1828
-375,1829
-375,1830
-375,1831
-375,1832
-375,1833
-375,1834
-374,1835
-374,1836
-374,1837
-374,1838
-374,1839
-374,1840
-374,1841
-374,1842
-374,1843
-374,1844
-374,1845
-374,1846
-374,1847
-374,1848
-374,1849
-374,1850
-374,1851
-374,1852
-374,1853
-374,1854
-374,1855
-374,1856
-374,1857
-374,1858
-374,1859
-374,1860
-374,1861
-374,1862
-374,1863
-374,1864
-374,1865
-374,1866
-374,1867
-374,1868
-374,1869
-374,1870
-374,1871
-374,1872
-374,1873
-374,1874
-374,1875
-374,1876
-374,1877
-374,1878
-374,1879
-374,1880
-374,1881
-374,1882
-374,1883
-374,1884
-374,1885
-374,1886
-374,1887
-374,1888
-374,1889
-374,1890
-374,1891
-374,1892
-374,1893
-374,1894
-374,1895
-374,1896
-374,1897
-374,1898
-374,1899
-374,1900
-374,1901
-374,1902
-374,1903
-374,1904
-374,1905
:230_9,1906
:230_9,1907
:230_9,1908
:230_9,1909
:230_9,1910
-224,1911
-224,1912
-224,1913
-224,1914
-224,1915
-224,1916
-224,1917
-224,1918
-224,1919
-224,1920
-224,1921
-224,1922
-224,1923
-224,1924
-224,1925
-224,1926
-224,1927
-224,1928
-224,1929
-224,1930
-224,1931
-224,1932
-224,1933
-224,1934
-224,1935
-224,1936
-224,1937
-224,1938
-224,1939
-224,1940
-224,1941
-224,1942
-224,1943
-224,1944
-224,1945
-224,1946
-224,1947
-224,1948
-224,1949
-224,1950
-224,1951
-224,1952
-224,1953
-224,1954
-224,1955
-224,1956
-224,1957
-224,1958
-224,1959
-224,1960
-224,1961
-224,1962
-224,1963
-224,1964
-224,1965
-224,1966
-224,1967
-224,1968
-224,1969
-224,1970
-224,1971
-224,1972
-224,1973
-224,1974
-224,1975
-224,1976
-224,1977
-224,1978
-224,1979
-224,1980
-224,1981
-224,1982
-224,1983
-224,1984
-224,1985
-224,1986
-224,1987
-224,1988
-224,1989
-224,1990
-224,1991
-224,1992
-224,1993
-224,1994
-224,1995
-224,1996
-224,1997
-224,1998
-224,1999
-224,2000
