-504,1
-504,2
-504,3
-504,4
-504,5
-504,6
-504,7
-504,8
-504,9
-504,10
-504,11
-504,12
-504,13
-504,14
-504,15
-504,16
-504,17
-504,18
-504,19
-504,20
-504,21
-504,22
-504,23
-504,24
-504,25
-504,26
-504,27
-504,28
-504,29
-504,30
-504,31
-504,32
-504,33
-504,34
-504,35
-504,36
-504,37
-504,38
-504,39
-504,40
-504,41
-504,42
-504,43
:421_0,44
:421_0,45
:421_0,46
:421_0,47
:421_0,48
:421_0,49
503,50
503,51
503,52
503,53
503,54
503,55
503,56
503,57
503,58
503,59
503,60
503,61
503,62
503,63
503,64
503,65
503,66
503,67
503,68
503,69
503,70
503,71
503,72
503,73
503,74
503,75
503,76
503,77
503,78
503,79
503,80
503,81
503,82
503,83
503,84
503,85
503,86
503,87
503,88
503,89
503,90
503,91
503,92
503,93
503,94
:399_6,95
:399_6,96
:399_6,97
:399_6,98
-469,99
-469,100
-469,101
-469,102
-469,103
-469,104
-469,105
-469,106
-469,107
-469,108
-469,109
-469,110
-469,111
-469,112
-469,113
-469,114
-469,115
-469,116
-469,117
-469,118
-469,119
-469,120
-469,121
-469,122
-469,123
-469,124
-469,125
-469,126
-469,127
-469,128
-469,129
-469,130
-469,131
-469,132
-469,133
-469,134
-469,135
-469,136
-469,137
-469,138
-469,139
-469,140
-469,141
-469,142
-469,143
-469,144
-469,145
-469,146
-469,147
-469,148
-469,149
-469,150
-469,151
-469,152
-469,153
:231_0,154
:231_0,155
:231_0,156
:231_0,157
-225,158
-225,159
-225,160
-225,161
-225,162
-225,163
-225,164
-225,165
-225,166
-225,167
-225,168
-225,169
-225,170
-225,171
-225,172
-225,173
-225,174
-225,175
-225,176
-225,177
-225,178
-225,179
-225,180
-225,181
-225,182
-225,183
-225,184
-225,185
-225,186
-225,187
-225,188
-225,189
-225,190
-225,191
-225,192
-225,193
-225,194
-225,195
-225,196
-225,197
-225,198
-225,199
-225,200
-225,201
-225,202
-225,203
-225,204
-225,205
-225,206
-225,207
-225,208
-225,209
-225,210
-225,211
-225,212
-225,213
-225,214
-225,215
-225,216
-225,217
-225,218
-225,219
-225,220
-225,221
-225,222
-225,223
-225,224
-225,225
-225,226
-225,227
-225,228
-225,229
-225,230
-225,231
-225,232
-225,233
-225,234
-225,235
-225,236
-225,237
-225,238
-225,239
-225,240
-225,241
-225,242
-225,243
-225,244
-225,245
-225,246
-225,247
-225,248
-225,249
-225,250
-225,251
-225,252
-225,253
-225,254
-225,255
-225,256
-225,257
-225,258
-225,259
-225,260
-225,261
-225,262
-225,263
-225,264
-225,265
-225,266
-225,267
-225,268
-225,269
-225,270
-225,271
-225,272
-225,273
-225,274
-225,275
-225,276
-225,277
-225,278
-225,279
-225,280
-225,281
-225,282
-225,283
-225,284
-225,285
-225,286
-225,287
-225,288
-225,289
-225,290
-225,291
-225,292
-225,293
-225,294
:227_1,295
:227_1,296
:227_1,297
:227_1,298
:227_1,299
222,300
222,301
222,302
222,303
222,304
222,305
222,306
222,307
222,308
222,309
222,310
222,311
222,312
222,313
222,314
222,315
222,316
222,317
222,318
222,319
222,320
222,321
222,322
222,323
222,324
222,325
222,326
222,327
222,328
222,329
222,330
222,331
222,332
222,333
222,334
222,335
222,336
222,337
222,338
222,339
222,340
222,341
222,342
222,343
222,344
222,345
222,346
222,347
222,348
222,349
222,350
222,351
222,352
222,353
222,354
222,355
222,356
222,357
222,358
222,359
222,360
222,361
222,362
222,363
222,364
222,365
222,366
222,367
222,368
222,369
222,370
222,371
222,372
222,373
222,374
222,375
222,376
222,377
222,378
222,379
222,380
222,381
222,382
222,383
222,384
222,385
222,386
222,387
222,388
222,389
222,390
222,391
222,392
222,393
222,394
222,395
222,396
222,397
222,398
222,399
222,400
222,401
222,402
222,403
222,404
222,405
222,406
222,407
222,408
222,409
222,410
222,411
222,412
222,413
222,414
222,415
222,416
222,417
222,418
222,419
222,420
222,421
222,422
222,423
222,424
222,425
222,426
222,427
222,428
222,429
222,430
222,431
222,432
222,433
222,434
222,435
222,436
222,437
222,438
222,439
222,440
222,441
222,442
222,443
222,444
222,445
222,446
222,447
222,448
222,449
222,450
222,451
222,452
222,453
222,454
222,455
222,456
222,457
222,458
222,459
222,460
222,461
222,462
222,463
222,464
222,465
222,466
222,467
222,468
222,469
222,470
222,471
222,472
:228_4,473
:228_4,474
:228_4,475
:228_4,476
:228_4,477
223,478
223,479
223,480
223,481
223,482
223,483
223,484
223,485
223,486
223,487
223,488
223,489
223,490
223,491
223,492
223,493
223,494
223,495
223,496
223,497
223,498
223,499
223,500
223,501
223,502
223,503
223,504
223,505
223,506
223,507
223,508
223,509
223,510
223,511
223,512
223,513
223,514
223,515
223,516
223,517
223,518
223,519
223,520
223,521
223,522
223,523
223,524
223,525
223,526
223,527
223,528
223,529
223,530
223,531
223,532
223,533
223,534
223,535
223,536
223,537
223,538
223,539
223,540
223,541
223,542
223,543
223,544
223,545
223,546
223,547
223,548
223,549
223,550
223,551
223,552
223,553
223,554
223,555
223,556
223,557
223,558
223,559
223,560
223,561
223,562
223,563
223,564
223,565
223,566
223,567
223,568
223,569
223,570
:229_4,571
:229_4,572
:229_4,573
:229_4,574
:229_4,575
:229_4,576
224,577
224,578
224,579
224,580
224,581
224,582
224,583
224,584
224,585
224,586
224,587
224,588
224,589
224,590
224,591
224,592
224,593
224,594
224,595
224,596
224,597
224,598
224,599
224,600
224,601
224,602
224,603
224,604
224,605
224,606
224,607
224,608
224,609
224,610
224,611
224,612
224,613
224,614
224,615
224,616
224,617
224,618
224,619
224,620
224,621
224,622
224,623
224,624
224,625
224,626
224,627
224,628
224,629
224,630
224,631
224,632
224,633
224,634
224,635
224,636
224,637
224,638
224,639
224,640
224,641
224,642
224,643
224,644
224,645
224,646
224,647
224,648
224,649
224,650
224,651
224,652
224,653
224,654
224,655
224,656
224,657
224,658
224,659
224,660
224,661
224,662
:230_1,663
:230_1,664
:230_1,665
:230_1,666
:230_1,667
:230_1,668
374,669
374,670
374,671
374,672
374,673
374,674
374,675
374,676
374,677
374,678
374,679
374,680
374,681
374,682
374,683
374,684
374,685
374,686
374,687
374,688
374,689
374,690
374,691
374,692
374,693
374,694
374,695
374,696
374,697
374,698
374,699
374,700
374,701
374,702
374,703
374,704
374,705
374,706
374,707
374,708
374,709
374,710
374,711
374,712
374,713
374,714
374,715
374,716
374,717
374,718
374,719
374,720
374,721
374,722
374,723
374,724
374,725
374,726
374,727
374,728
374,729
374,730
374,731
374,732
374,733
374,734
374,735
374,736
374,737
374,738
374,739
374,740
374,741
374,742
374,743
:340_0,744
375,745
375,746
375,747
375,748
375,749
375,750
375,751
375,752
375,753
375,754
375,755
375,756
375,757
375,758
375,759
375,760
375,761
375,762
375,763
375,764
375,765
375,766
375,767
375,768
375,769
375,770
375,771
375,772
375,773
375,774
375,775
375,776
375,777
375,778
375,779
375,780
375,781
375,782
375,783
375,784
375,785
375,786
375,787
375,788
375,789
375,790
375,791
375,792
375,793
375,794
375,795
375,796
375,797
375,798
375,799
375,800
375,801
375,802
375,803
375,804
375,805
375,806
375,807
375,808
375,809
375,810
375,811
375,812
375,813
375,814
375,815
375,816
375,817
375,818
375,819
375,820
375,821
375,822
375,823
375,824
375,825
375,826
375,827
375,828
375,829
375,830
375,831
375,832
375,833
375,834
375,835
375,836
375,837
375,838
375,839
375,840
375,841
375,842
375,843
375,844
375,845
375,846
375,847
375,848
375,849
375,850
:15_1,851
:15_1,852
:15_1,853
:15_1,854
:15_1,855
:15_1,856
-13,857
-13,858
-13,859
-13,860
-13,861
-13,862
-13,863
-13,864
-13,865
-13,866
-13,867
-13,868
-13,869
-13,870
-13,871
-13,872
-13,873
-13,874
-13,875
-13,876
-13,877
-13,878
-13,879
-13,880
-13,881
-13,882
-13,883
-13,884
-13,885
-13,886
-13,887
-13,888
-13,889
-13,890
-13,891
-13,892
-13,893
-13,894
-13,895
-13,896
-13,897
-13,898
-13,899
-13,900
-13,901
-13,902
-13,903
-13,904
-13,905
-13,906
-13,907
-13,908
-13,909
-13,910
-13,911
-13,912
-13,913
-13,914
-13,915
-13,916
-13,917
-13,918
-13,919
-13,920
-13,921
-13,922
-13,923
-13,924
-13,925
-13,926
-13,927
-13,928
-13,929
-13,930
-13,931
-13,932
-13,933
-13,934
-13,935
-13,936
-13,937
-13,938
-13,939
-13,940
-13,941
-13,942
-13,943
-13,944
-13,945
-13,946
-13,947
-13,948
-13,949
-13,950
-13,951
-13,952
-13,953
-13,954
-13,955
14,956
14,957
14,958
14,959
14,960
14,961
14,962
14,963
14,964
14,965
14,966
14,967
14,968
14,969
14,970
14,971
14,972
14,973
14,974
14,975
14,976
14,977
14,978
14,979
14,980
14,981
14,982
14,983
14,984
14,985
14,986
14,987
14,988
14,989
14,990
14,991
14,992
14,993
14,994
14,995
14,996
14,997
14,998
14,999
14,1000
14,1001
14,1002
14,1003
14,1004
14,1005
14,1006
14,1007
14,1008
14,1009
14,1010
14,1011
14,1012
14,1013
14,1014
14,1015
14,1016
14,1017
14,1018
14,1019
14,1020
14,1021
14,1022
14,1023
14,1024
14,1025
14,1026
14,1027
14,1028
14,1029
14,1030
14,1031
14,1032
14,1033
14,1034
14,1035
14,1036
14,1037
14,1038
14,1039
14,1040
14,1041
14,1042
14,1043
14,1044
14,1045
14,1046
14,1047
14,1048
14,1049
14,1050
14,1051
14,1052
14,1053
14,1054
14,1055
14,1056
14,1057
14,1058
14,1059
14,1060
14,1061
14,1062
14,1063
14,1064
14,1065
:16_4,1066
:16_4,1067
:16_4,1068
:16_4,1069
:16_4,1070
:16_4,1071
-210,1072
-210,1073
-210,1074
-210,1075
-210,1076
-210,1077
-210,1078
-210,1079
-210,1080
-210,1081
-210,1082
-210,1083
-210,1084
-210,1085
-210,1086
-210,1087
-210,1088
-210,1089
-210,1090
-210,1091
-210,1092
-210,1093
-210,1094
-210,1095
-210,1096
-210,1097
-210,1098
-210,1099
-210,1100
-210,1101
-210,1102
-210,1103
-210,1104
-210,1105
-210,1106
-210,1107
-210,1108
-210,1109
-210,1110
-210,1111
-210,1112
-210,1113
-210,1114
-210,1115
-210,1116
-210,1117
-210,1118
-210,1119
-210,1120
-210,1121
-210,1122
-210,1123
-210,1124
-210,1125
-210,1126
-210,1127
-210,1128
-210,1129
-210,1130
-210,1131
-210,1132
-210,1133
-210,1134
-210,1135
-210,1136
-210,1137
-210,1138
-210,1139
-210,1140
-210,1141
-210,1142
-210,1143
-210,1144
-210,1145
-210,1146
-210,1147
-210,1148
-210,1149
-210,1150
-210,1151
-210,1152
-210,1153
-210,1154
-210,1155
-210,1156
-210,1157
-210,1158
-210,1159
-210,1160
-210,1161
-210,1162
-210,1163
-210,1164
-210,1165
-210,1166
-210,1167
-210,1168
-210,1169
:29_5,1170
:29_5,1171
:29_5,1172
:29_5,1173
:29_5,1174
-25,1175
-25,1176
-25,1177
-25,1178
-25,1179
-25,1180
-25,1181
-25,1182
-25,1183
-25,1184
-25,1185
-25,1186
-25,1187
-25,1188
-25,1189
-25,1190
-25,1191
-25,1192
-25,1193
-25,1194
-25,1195
-25,1196
-25,1197
-25,1198
-25,1199
-25,1200
-25,1201
-25,1202
-25,1203
-25,1204
-25,1205
-25,1206
-25,1207
-25,1208
-25,1209
-25,1210
-25,1211
-25,1212
-25,1213
-25,1214
-25,1215
-25,1216
-25,1217
-25,1218
-25,1219
-25,1220
-25,1221
-25,1222
-25,1223
-25,1224
-25,1225
-25,1226
-25,1227
-25,1228
-25,1229
-25,1230
-25,1231
-25,1232
-25,1233
-25,1234
-25,1235
-25,1236
-25,1237
-25,1238
-25,1239
-25,1240
-25,1241
-25,1242
-25,1243
-25,1244
-25,1245
-25,1246
-25,1247
-25,1248
-25,1249
-25,1250
-25,1251
-25,1252
-25,1253
-25,1254
-25,1255
-25,1256
-25,1257
-25,1258
-25,1259
-25,1260
-25,1261
-25,1262
-25,1263
-25,1264
-25,1265
-25,1266
-25,1267
-25,1268
-25,1269
-25,1270
-25,1271
-25,1272
-25,1273
-25,1274
-25,1275
-25,1276
-25,1277
-25,1278
-25,1279
-25,1280
-25,1281
-25,1282
-25,1283
-25,1284
-25,1285
-25,1286
-25,1287
-25,1288
-25,1289
-25,1290
-25,1291
-25,1292
-25,1293
-25,1294
-25,1295
-25,1296
-25,1297
-25,1298
-25,1299
-25,1300
-25,1301
-25,1302
-25,1303
-25,1304
-25,1305
-25,1306
-25,1307
-25,1308
-25,1309
-25,1310
-25,1311
-25,1312
-25,1313
-25,1314
-25,1315
-25,1316
-25,1317
-25,1318
-25,1319
-25,1320
:24_5,1321
:24_5,1322
:24_5,1323
:24_5,1324
:24_5,1325
-20,1326
-20,1327
-20,1328
-20,1329
-20,1330
-20,1331
-20,1332
-20,1333
-20,1334
-20,1335
-20,1336
-20,1337
-20,1338
-20,1339
-20,1340
-20,1341
-20,1342
-20,1343
-20,1344
-20,1345
-20,1346
-20,1347
-20,1348
-20,1349
-20,1350
-20,1351
-20,1352
-20,1353
-20,1354
-20,1355
-20,1356
-20,1357
-20,1358
-20,1359
-20,1360
-20,1361
-20,1362
-20,1363
-20,1364
-20,1365
-20,1366
-20,1367
-20,1368
-20,1369
-20,1370
-20,1371
-20,1372
-20,1373
-20,1374
-20,1375
-20,1376
-20,1377
-20,1378
-20,1379
-20,1380
-20,1381
-20,1382
-20,1383
-20,1384
-20,1385
-20,1386
-20,1387
-20,1388
-20,1389
-20,1390
-20,1391
-20,1392
-20,1393
-20,1394
-20,1395
-20,1396
-20,1397
-20,1398
-20,1399
-20,1400
-20,1401
-20,1402
-20,1403
-20,1404
-20,1405
-20,1406
-20,1407
-20,1408
-20,1409
-20,1410
-20,1411
-20,1412
-20,1413
-20,1414
-20,1415
-20,1416
-20,1417
-20,1418
-20,1419
-20,1420
-20,1421
:23_4,1422
:23_4,1423
:23_4,1424
:23_4,1425
:23_4,1426
:23_4,1427
:23_4,1428
-19,1429
-19,1430
-19,1431
-19,1432
-19,1433
-19,1434
-19,1435
-19,1436
-19,1437
-19,1438
-19,1439
-19,1440
-19,1441
-19,1442
-19,1443
-19,1444
-19,1445
-19,1446
-19,1447
-19,1448
-19,1449
-19,1450
-19,1451
-19,1452
-19,1453
-19,1454
-19,1455
-19,1456
-19,1457
-19,1458
-19,1459
-19,1460
-19,1461
-19,1462
-19,1463
-19,1464
-19,1465
-19,1466
-19,1467
-19,1468
-19,1469
-19,1470
-19,1471
-19,1472
-19,1473
-19,1474
-19,1475
-19,1476
-19,1477
-19,1478
-19,1479
-19,1480
-19,1481
-19,1482
-19,1483
-19,1484
-19,1485
-19,1486
-19,1487
-19,1488
-19,1489
-19,1490
-19,1491
-19,1492
-19,1493
-19,1494
-19,1495
-19,1496
-19,1497
-19,1498
-19,1499
-19,1500
-19,1501
-19,1502
-19,1503
-19,1504
-19,1505
-19,1506
-19,1507
-19,1508
-19,1509
-19,1510
-19,1511
-19,1512
-19,1513
-19,1514
-19,1515
-19,1516
-19,1517
-19,1518
-19,1519
-19,1520
-19,1521
-19,1522
-19,1523
-19,1524
-19,1525
-19,1526
-19,1527
-19,1528
-19,1529
-19,1530
-19,1531
-19,1532
-19,1533
-19,1534
:22_1,1535
:22_1,1536
:22_1,1537
:22_1,1538
23,1539
23,1540
23,1541
23,1542
23,1543
23,1544
23,1545
23,1546
23,1547
23,1548
23,1549
23,1550
23,1551
23,1552
23,1553
23,1554
23,1555
23,1556
23,1557
23,1558
23,1559
23,1560
23,1561
23,1562
23,1563
23,1564
23,1565
23,1566
23,1567
23,1568
23,1569
23,1570
23,1571
23,1572
23,1573
23,1574
23,1575
23,1576
23,1577
23,1578
23,1579
23,1580
23,1581
23,1582
23,1583
23,1584
23,1585
23,1586
23,1587
23,1588
23,1589
23,1590
23,1591
23,1592
23,1593
23,1594
23,1595
23,1596
23,1597
23,1598
23,1599
23,1600
23,1601
23,1602
23,1603
23,1604
23,1605
23,1606
23,1607
23,1608
23,1609
23,1610
23,1611
23,1612
23,1613
23,1614
23,1615
23,1616
23,1617
23,1618
23,1619
23,1620
23,1621
23,1622
23,1623
23,1624
23,1625
23,1626
23,1627
23,1628
23,1629
23,1630
23,1631
23,1632
23,1633
23,1634
23,1635
23,1636
23,1637
23,1638
23,1639
23,1640
23,1641
23,1642
23,1643
23,1644
23,1645
23,1646
23,1647
23,1648
23,1649
23,1650
23,1651
23,1652
23,1653
23,1654
23,1655
23,1656
23,1657
23,1658
23,1659
23,1660
23,1661
23,1662
23,1663
23,1664
23,1665
23,1666
23,1667
23,1668
23,1669
23,1670
23,1671
23,1672
23,1673
23,1674
23,1675
23,1676
23,1677
23,1678
23,1679
23,1680
23,1681
23,1682
23,1683
23,1684
23,1685
23,1686
23,1687
23,1688
23,1689
23,1690
23,1691
23,1692
23,1693
23,1694
23,1695
23,1696
23,1697
23,1698
23,1699
23,1700
23,1701
23,1702
23,1703
23,1704
23,1705
23,1706
23,1707
23,1708
23,1709
23,1710
23,1711
23,1712
23,1713
23,1714
23,1715
23,1716
23,1717
23,1718
23,1719
23,1720
23,1721
23,1722
23,1723
23,1724
23,1725
23,1726
23,1727
23,1728
23,1729
23,1730
23,1731
23,1732
23,1733
23,1734
23,1735
23,1736
:27_1,1737
:27_1,1738
:27_1,1739
:27_1,1740
:27_1,1741
:27_1,1742
87,1743
87,1744
87,1745
87,1746
87,1747
87,1748
87,1749
87,1750
87,1751
87,1752
87,1753
87,1754
87,1755
87,1756
87,1757
87,1758
87,1759
87,1760
87,1761
87,1762
87,1763
87,1764
87,1765
87,1766
87,1767
87,1768
87,1769
87,1770
87,1771
87,1772
87,1773
87,1774
87,1775
87,1776
87,1777
87,1778
87,1779
87,1780
87,1781
87,1782
87,1783
87,1784
87,1785
87,1786
87,1787
87,1788
87,1789
87,1790
87,1791
87,1792
87,1793
87,1794
87,1795
87,1796
87,1797
87,1798
87,1799
87,1800
87,1801
87,1802
87,1803
87,1804
87,1805
87,1806
87,1807
87,1808
87,1809
87,1810
87,1811
87,1812
87,1813
87,1814
87,1815
87,1816
87,1817
87,1818
87,1819
87,1820
87,1821
87,1822
87,1823
87,1824
87,1825
87,1826
87,1827
87,1828
87,1829
87,1830
87,1831
87,1832
87,1833
87,1834
87,1835
87,1836
87,1837
87,1838
87,1839
87,1840
87,1841
87,1842
87,1843
87,1844
87,1845
87,1846
87,1847
87,1848
87,1849
87,1850
87,1851
87,1852
87,1853
87,1854
87,1855
87,1856
87,1857
87,1858
87,1859
87,1860
87,1861
87,1862
87,1863
87,1864
87,1865
87,1866
87,1867
87,1868
87,1869
87,1870
87,1871
87,1872
87,1873
87,1874
87,1875
87,1876
87,1877
87,1878
87,1879
87,1880
87,1881
87,1882
87,1883
87,1884
87,1885
87,1886
87,1887
87,1888
87,1889
87,1890
87,1891
87,1892
87,1893
87,1894
87,1895
87,1896
87,1897
87,1898
87,1899
87,1900
87,1901
87,1902
87,1903
87,1904
87,1905
87,1906
87,1907
87,1908
87,1909
87,1910
87,1911
87,1912
87,1913
87,1914
87,1915
87,1916
87,1917
87,1918
87,1919
87,1920
87,1921
87,1922
87,1923
:102_0,1924
:102_0,1925
:102_0,1926
:102_0,1927
:102_0,1928
:102_0,1929
-159,1930
-159,1931
-159,1932
-159,1933
-159,1934
-159,1935
-159,1936
-159,1937
-159,1938
-159,1939
-159,1940
-159,1941
-159,1942
-159,1943
-159,1944
-159,1945
-159,1946
-159,1947
-159,1948
-159,1949
-159,1950
-159,1951
-159,1952
-159,1953
-159,1954
-159,1955
-159,1956
-159,1957
-159,1958
-159,1959
-159,1960
-159,1961
-159,1962
-159,1963
-159,1964
-159,1965
-159,1966
-159,1967
-159,1968
-159,1969
-159,1970
-159,1971
-159,1972
-159,1973
-159,1974
-159,1975
-159,1976
-159,1977
-159,1978
-159,1979
-159,1980
-159,1981
-159,1982
-159,1983
-159,1984
-159,1985
-159,1986
-159,1987
-159,1988
-159,1989
-159,1990
-159,1991
-159,1992
-159,1993
-159,1994
-159,1995
-159,1996
-159,1997
-159,1998
-159,1999
-159,2000
