503,1
503,2
503,3
503,4
503,5
503,6
503,7
503,8
503,9
503,10
503,11
503,12
503,13
503,14
503,15
503,16
503,17
503,18
503,19
503,20
503,21
503,22
503,23
503,24
503,25
503,26
503,27
503,28
503,29
503,30
503,31
503,32
503,33
503,34
503,35
503,36
503,37
503,38
503,39
503,40
503,41
503,42
503,43
503,44
503,45
503,46
503,47
503,48
503,49
503,50
503,51
503,52
503,53
503,54
503,55
503,56
503,57
503,58
503,59
:399_6,60
:399_6,61
:399_6,62
:399_6,63
:399_6,64
-469,65
-469,66
-469,67
-469,68
-469,69
-469,70
-469,71
-469,72
-469,73
-469,74
-469,75
-469,76
-469,77
-469,78
-469,79
-469,80
-469,81
-469,82
-469,83
-469,84
-469,85
-469,86
-469,87
-469,88
-469,89
-469,90
-469,91
-469,92
-469,93
-469,94
-469,95
-469,96
-469,97
-469,98
-469,99
-469,100
-469,101
-469,102
-469,103
-469,104
-469,105
-469,106
-469,107
-469,108
-469,109
-469,110
-469,111
-469,112
-469,113
-469,114
-469,115
-469,116
-469,117
-469,118
-469,119
-469,120
-469,121
-469,122
-469,123
-469,124
-469,125
-469,126
-469,127
-469,128
-469,129
-469,130
-469,131
-469,132
-469,133
-469,134
-469,135
-469,136
:231_0,137
:231_0,138
:231_0,139
:231_0,140
-225,141
-225,142
-225,143
-225,144
-225,145
-225,146
-225,147
-225,148
-225,149
-225,150
-225,151
-225,152
-225,153
-225,154
-225,155
-225,156
-225,157
-225,158
-225,159
-225,160
-225,161
-225,162
-225,163
-225,164
-225,165
-225,166
-225,167
-225,168
-225,169
-225,170
-225,171
-225,172
-225,173
-225,174
-225,175
-225,176
-225,177
-225,178
-225,179
-225,180
-225,181
-225,182
-225,183
-225,184
-225,185
-225,186
-225,187
-225,188
-225,189
-225,190
-225,191
-225,192
-225,193
-225,194
-225,195
-225,196
-225,197
-225,198
-225,199
-225,200
-225,201
-225,202
-225,203
-225,204
-225,205
-225,206
-225,207
-225,208
-225,209
-225,210
-225,211
-225,212
-225,213
-225,214
-225,215
-225,216
-225,217
-225,218
-225,219
-225,220
-225,221
-225,222
-225,223
-225,224
-225,225
-225,226
-225,227
-225,228
-225,229
-225,230
-225,231
-225,232
-225,233
-225,234
-225,235
-225,236
-225,237
-225,238
-225,239
-225,240
-225,241
-225,242
-225,243
-225,244
-225,245
-225,246
-225,247
-225,248
-225,249
-225,250
-225,251
-225,252
-225,253
-225,254
-225,255
-225,256
-225,257
-225,258
-225,259
-225,260
-225,261
-225,262
-225,263
-225,264
-225,265
-225,266
-225,267
-225,268
-225,269
-225,270
-225,271
-225,272
-225,273
-225,274
-225,275
-225,276
-225,277
-225,278
-225,279
-225,280
-225,281
-225,282
-225,283
-225,284
:227_1,285
:227_1,286
:227_1,287
:227_1,288
:227_1,289
222,290
222,291
222,292
222,293
222,294
222,295
222,296
222,297
222,298
222,299
222,300
222,301
222,302
222,303
222,304
222,305
222,306
222,307
222,308
222,309
222,310
222,311
222,312
222,313
222,314
222,315
222,316
222,317
222,318
222,319
222,320
222,321
222,322
222,323
222,324
222,325
222,326
222,327
222,328
222,329
222,330
222,331
222,332
222,333
222,334
222,335
222,336
222,337
222,338
222,339
222,340
222,341
222,342
222,343
222,344
222,345
222,346
222,347
222,348
222,349
222,350
222,351
222,352
222,353
222,354
222,355
222,356
222,357
222,358
222,359
222,360
222,361
222,362
222,363
222,364
222,365
222,366
222,367
222,368
222,369
222,370
222,371
222,372
222,373
222,374
222,375
222,376
222,377
222,378
222,379
222,380
222,381
222,382
222,383
222,384
222,385
222,386
222,387
222,388
222,389
222,390
222,391
222,392
222,393
222,394
222,395
222,396
222,397
222,398
222,399
222,400
222,401
222,402
222,403
222,404
222,405
222,406
222,407
222,408
222,409
222,410
222,411
222,412
222,413
222,414
222,415
222,416
222,417
222,418
222,419
222,420
222,421
222,422
222,423
222,424
222,425
222,426
222,427
222,428
222,429
222,430
222,431
222,432
222,433
222,434
222,435
222,436
222,437
222,438
222,439
222,440
222,441
222,442
222,443
222,444
222,445
222,446
222,447
222,448
222,449
222,450
222,451
222,452
222,453
222,454
222,455
222,456
222,457
222,458
222,459
222,460
222,461
222,462
222,463
222,464
:228_4,465
:228_4,466
:228_4,467
:228_4,468
:228_4,469
:228_4,470
223,471
223,472
223,473
223,474
223,475
223,476
223,477
223,478
223,479
223,480
223,481
223,482
223,483
223,484
223,485
223,486
223,487
223,488
223,489
223,490
223,491
223,492
223,493
223,494
223,495
223,496
223,497
223,498
223,499
223,500
223,501
223,502
223,503
223,504
223,505
223,506
223,507
223,508
223,509
223,510
223,511
223,512
223,513
223,514
223,515
223,516
223,517
223,518
223,519
223,520
223,521
223,522
223,523
223,524
223,525
223,526
223,527
223,528
223,529
223,530
223,531
223,532
223,533
223,534
223,535
223,536
223,537
223,538
223,539
223,540
223,541
223,542
223,543
223,544
223,545
223,546
223,547
223,548
223,549
223,550
223,551
223,552
223,553
223,554
223,555
223,556
223,557
223,558
223,559
223,560
223,561
223,562
223,563
:229_4,564
:229_4,565
:229_4,566
:229_4,567
:229_4,568
224,569
224,570
224,571
224,572
224,573
224,574
224,575
224,576
224,577
224,578
224,579
224,580
224,581
224,582
224,583
224,584
224,585
224,586
224,587
224,588
224,589
224,590
224,591
224,592
224,593
224,594
224,595
224,596
224,597
224,598
224,599
224,600
224,601
224,602
224,603
224,604
224,605
224,606
224,607
224,608
224,609
224,610
224,611
224,612
224,613
224,614
224,615
224,616
224,617
224,618
224,619
224,620
224,621
224,622
224,623
224,624
224,625
224,626
224,627
224,628
224,629
224,630
224,631
224,632
224,633
224,634
224,635
224,636
224,637
224,638
224,639
224,640
224,641
224,642
224,643
224,644
224,645
224,646
224,647
224,648
224,649
224,650
224,651
224,652
224,653
224,654
:230_1,655
:230_1,656
:230_1,657
:230_1,658
:230_1,659
:230_1,660
374,661
374,662
374,663
374,664
374,665
374,666
374,667
374,668
374,669
374,670
374,671
374,672
374,673
374,674
374,675
374,676
374,677
374,678
374,679
374,680
374,681
374,682
374,683
374,684
374,685
374,686
374,687
374,688
374,689
374,690
374,691
374,692
374,693
374,694
374,695
374,696
374,697
374,698
374,699
374,700
374,701
374,702
374,703
374,704
374,705
374,706
374,707
374,708
374,709
374,710
374,711
374,712
374,713
374,714
374,715
374,716
374,717
374,718
374,719
374,720
374,721
374,722
374,723
374,724
374,725
374,726
374,727
374,728
374,729
374,730
374,731
374,732
374,733
374,734
374,735
:340_0,736
:340_0,737
375,738
375,739
375,740
375,741
375,742
375,743
375,744
375,745
375,746
375,747
375,748
375,749
375,750
375,751
375,752
375,753
375,754
375,755
375,756
375,757
375,758
375,759
375,760
375,761
375,762
375,763
375,764
375,765
375,766
375,767
375,768
375,769
375,770
375,771
375,772
375,773
375,774
375,775
375,776
375,777
375,778
375,779
375,780
375,781
375,782
375,783
375,784
375,785
375,786
375,787
375,788
375,789
375,790
375,791
375,792
375,793
375,794
375,795
375,796
375,797
375,798
375,799
375,800
375,801
375,802
375,803
375,804
375,805
375,806
375,807
375,808
375,809
375,810
375,811
375,812
375,813
375,814
375,815
375,816
375,817
375,818
375,819
375,820
375,821
375,822
375,823
375,824
375,825
375,826
375,827
375,828
375,829
375,830
375,831
375,832
375,833
375,834
375,835
375,836
375,837
375,838
375,839
375,840
375,841
375,842
375,843
:15_1,844
:15_1,845
:15_1,846
:15_1,847
:15_1,848
-13,849
-13,850
-13,851
-13,852
-13,853
-13,854
-13,855
-13,856
-13,857
-13,858
-13,859
-13,860
-13,861
-13,862
-13,863
-13,864
-13,865
-13,866
-13,867
-13,868
-13,869
-13,870
-13,871
-13,872
-13,873
-13,874
-13,875
-13,876
-13,877
-13,878
-13,879
-13,880
-13,881
-13,882
-13,883
-13,884
-13,885
-13,886
-13,887
-13,888
-13,889
-13,890
-13,891
-13,892
-13,893
-13,894
-13,895
-13,896
-13,897
-13,898
-13,899
-13,900
-13,901
-13,902
-13,903
-13,904
-13,905
-13,906
-13,907
-13,908
-13,909
-13,910
-13,911
-13,912
-13,913
-13,914
-13,915
-13,916
-13,917
-13,918
-13,919
-13,920
-13,921
-13,922
-13,923
-13,924
-13,925
-13,926
-13,927
-13,928
-13,929
-13,930
-13,931
-13,932
-13,933
-13,934
-13,935
-13,936
-13,937
-13,938
-13,939
-13,940
-13,941
-13,942
-13,943
-13,944
-13,945
-13,946
-13,947
:14_0,948
14,949
14,950
14,951
14,952
14,953
14,954
14,955
14,956
14,957
14,958
14,959
14,960
14,961
14,962
14,963
14,964
14,965
14,966
14,967
14,968
14,969
14,970
14,971
14,972
14,973
14,974
14,975
14,976
14,977
14,978
14,979
14,980
14,981
14,982
14,983
14,984
14,985
14,986
14,987
14,988
14,989
14,990
14,991
14,992
14,993
14,994
14,995
14,996
14,997
14,998
14,999
14,1000
14,1001
14,1002
14,1003
14,1004
14,1005
14,1006
14,1007
14,1008
14,1009
14,1010
14,1011
14,1012
14,1013
14,1014
14,1015
14,1016
14,1017
14,1018
14,1019
14,1020
14,1021
14,1022
14,1023
14,1024
14,1025
14,1026
14,1027
14,1028
14,1029
14,1030
14,1031
14,1032
14,1033
14,1034
14,1035
14,1036
14,1037
14,1038
14,1039
14,1040
14,1041
14,1042
14,1043
14,1044
14,1045
14,1046
14,1047
14,1048
14,1049
14,1050
14,1051
14,1052
14,1053
14,1054
14,1055
14,1056
14,1057
14,1058
:16_4,1059
:16_4,1060
:16_4,1061
:16_4,1062
:16_4,1063
:16_4,1064
-210,1065
-210,1066
-210,1067
-210,1068
-210,1069
-210,1070
-210,1071
-210,1072
-210,1073
-210,1074
-210,1075
-210,1076
-210,1077
-210,1078
-210,1079
-210,1080
-210,1081
-210,1082
-210,1083
-210,1084
-210,1085
-210,1086
-210,1087
-210,1088
-210,1089
-210,1090
-210,1091
-210,1092
-210,1093
-210,1094
-210,1095
-210,1096
-210,1097
-210,1098
-210,1099
-210,1100
-210,1101
-210,1102
-210,1103
-210,1104
-210,1105
-210,1106
-210,1107
-210,1108
-210,1109
-210,1110
-210,1111
-210,1112
-210,1113
-210,1114
-210,1115
-210,1116
-210,1117
-210,1118
-210,1119
-210,1120
-210,1121
-210,1122
-210,1123
-210,1124
-210,1125
-210,1126
-210,1127
-210,1128
-210,1129
-210,1130
-210,1131
-210,1132
-210,1133
-210,1134
-210,1135
-210,1136
-210,1137
-210,1138
-210,1139
-210,1140
-210,1141
-210,1142
-210,1143
-210,1144
-210,1145
-210,1146
-210,1147
-210,1148
-210,1149
-210,1150
-210,1151
-210,1152
-210,1153
-210,1154
-210,1155
-210,1156
-210,1157
-210,1158
-210,1159
-210,1160
-210,1161
:29_5,1162
:29_5,1163
:29_5,1164
:29_5,1165
:29_5,1166
:29_5,1167
-25,1168
-25,1169
-25,1170
-25,1171
-25,1172
-25,1173
-25,1174
-25,1175
-25,1176
-25,1177
-25,1178
-25,1179
-25,1180
-25,1181
-25,1182
-25,1183
-25,1184
-25,1185
-25,1186
-25,1187
-25,1188
-25,1189
-25,1190
-25,1191
-25,1192
-25,1193
-25,1194
-25,1195
-25,1196
-25,1197
-25,1198
-25,1199
-25,1200
-25,1201
-25,1202
-25,1203
-25,1204
-25,1205
-25,1206
-25,1207
-25,1208
-25,1209
-25,1210
-25,1211
-25,1212
-25,1213
-25,1214
-25,1215
-25,1216
-25,1217
-25,1218
-25,1219
-25,1220
-25,1221
-25,1222
-25,1223
-25,1224
-25,1225
-25,1226
-25,1227
-25,1228
-25,1229
-25,1230
-25,1231
-25,1232
-25,1233
-25,1234
-25,1235
-25,1236
-25,1237
-25,1238
-25,1239
-25,1240
-25,1241
-25,1242
-25,1243
-25,1244
-25,1245
-25,1246
-25,1247
-25,1248
-25,1249
-25,1250
-25,1251
-25,1252
-25,1253
-25,1254
-25,1255
-25,1256
-25,1257
-25,1258
-25,1259
-25,1260
-25,1261
-25,1262
-25,1263
-25,1264
-25,1265
-25,1266
-25,1267
-25,1268
-25,1269
-25,1270
-25,1271
-25,1272
-25,1273
-25,1274
-25,1275
-25,1276
-25,1277
-25,1278
-25,1279
-25,1280
-25,1281
-25,1282
-25,1283
-25,1284
-25,1285
-25,1286
-25,1287
-25,1288
-25,1289
-25,1290
-25,1291
-25,1292
-25,1293
-25,1294
-25,1295
-25,1296
-25,1297
-25,1298
-25,1299
-25,1300
-25,1301
-25,1302
-25,1303
-25,1304
-25,1305
-25,1306
-25,1307
-25,1308
-25,1309
-25,1310
-25,1311
-25,1312
-25,1313
:24_4,1314
:24_4,1315
:24_4,1316
24,1317
24,1318
24,1319
24,1320
24,1321
24,1322
24,1323
24,1324
24,1325
24,1326
24,1327
24,1328
24,1329
24,1330
24,1331
24,1332
24,1333
24,1334
24,1335
24,1336
24,1337
24,1338
24,1339
24,1340
24,1341
24,1342
24,1343
24,1344
24,1345
24,1346
24,1347
24,1348
24,1349
24,1350
24,1351
24,1352
24,1353
24,1354
24,1355
24,1356
24,1357
24,1358
24,1359
24,1360
24,1361
24,1362
24,1363
24,1364
24,1365
24,1366
24,1367
24,1368
24,1369
24,1370
24,1371
24,1372
24,1373
24,1374
24,1375
24,1376
24,1377
24,1378
24,1379
24,1380
24,1381
24,1382
24,1383
24,1384
24,1385
24,1386
24,1387
24,1388
24,1389
24,1390
24,1391
24,1392
24,1393
24,1394
24,1395
24,1396
24,1397
24,1398
24,1399
24,1400
24,1401
24,1402
24,1403
24,1404
24,1405
24,1406
:28_0,1407
:28_0,1408
:28_0,1409
:28_0,1410
:28_0,1411
:28_0,1412
:28_0,1413
-406,1414
-406,1415
-406,1416
-406,1417
-406,1418
-406,1419
-406,1420
-406,1421
-406,1422
-406,1423
-406,1424
-406,1425
-406,1426
-406,1427
-406,1428
-406,1429
-406,1430
-406,1431
-406,1432
-406,1433
-406,1434
-406,1435
-406,1436
-406,1437
-406,1438
-406,1439
-406,1440
-406,1441
-406,1442
-406,1443
-406,1444
-406,1445
-406,1446
-406,1447
-406,1448
-406,1449
-406,1450
-406,1451
-406,1452
-406,1453
-406,1454
-406,1455
-406,1456
-406,1457
-406,1458
-406,1459
-406,1460
-406,1461
-406,1462
-406,1463
-406,1464
-406,1465
-406,1466
-406,1467
-406,1468
-406,1469
-406,1470
-406,1471
-406,1472
-406,1473
-406,1474
-406,1475
-406,1476
-406,1477
-406,1478
-406,1479
-406,1480
-406,1481
-406,1482
-406,1483
-406,1484
-406,1485
-406,1486
-406,1487
-406,1488
-406,1489
-406,1490
-406,1491
-406,1492
-406,1493
-406,1494
-406,1495
-406,1496
-406,1497
-406,1498
-406,1499
-406,1500
-406,1501
-406,1502
-406,1503
-406,1504
-406,1505
-406,1506
-406,1507
-406,1508
-406,1509
-406,1510
-406,1511
-406,1512
-406,1513
-406,1514
-406,1515
-406,1516
-406,1517
-406,1518
-406,1519
-406,1520
-406,1521
-406,1522
-406,1523
-406,1524
-406,1525
-406,1526
-406,1527
-406,1528
-406,1529
-406,1530
-406,1531
-406,1532
-406,1533
-406,1534
-406,1535
-406,1536
-406,1537
-406,1538
-406,1539
-406,1540
-406,1541
-406,1542
-406,1543
-406,1544
-406,1545
-406,1546
-406,1547
-406,1548
-406,1549
-406,1550
-406,1551
-406,1552
-406,1553
-406,1554
-406,1555
-406,1556
-406,1557
-406,1558
-406,1559
-406,1560
-406,1561
-406,1562
-406,1563
-406,1564
-406,1565
-406,1566
-406,1567
-406,1568
-406,1569
-406,1570
-406,1571
-406,1572
-406,1573
-406,1574
-406,1575
-406,1576
-406,1577
-406,1578
-406,1579
-406,1580
-406,1581
-406,1582
-406,1583
-406,1584
-406,1585
-406,1586
-406,1587
-406,1588
-406,1589
-406,1590
-406,1591
-406,1592
-406,1593
-406,1594
-406,1595
-406,1596
-406,1597
-406,1598
-406,1599
:143_5,1600
:143_5,1601
:143_5,1602
:143_5,1603
:143_5,1604
:143_5,1605
-401,1606
-401,1607
-401,1608
-401,1609
-401,1610
-401,1611
-401,1612
-401,1613
-401,1614
-401,1615
-401,1616
-401,1617
-401,1618
-401,1619
-401,1620
-401,1621
-401,1622
-401,1623
-401,1624
-401,1625
-401,1626
-401,1627
-401,1628
-401,1629
-401,1630
-401,1631
-401,1632
-401,1633
-401,1634
-401,1635
-401,1636
-401,1637
-401,1638
-401,1639
-401,1640
-401,1641
-401,1642
-401,1643
-401,1644
-401,1645
-401,1646
-401,1647
-401,1648
-401,1649
-401,1650
-401,1651
-401,1652
-401,1653
-401,1654
-401,1655
-401,1656
-401,1657
-401,1658
-401,1659
-401,1660
-401,1661
-401,1662
-401,1663
-401,1664
-401,1665
-401,1666
-401,1667
-401,1668
-401,1669
-401,1670
-401,1671
-401,1672
-401,1673
-401,1674
-401,1675
-401,1676
-401,1677
-401,1678
-401,1679
-401,1680
-401,1681
-401,1682
-401,1683
-401,1684
-401,1685
-401,1686
-401,1687
-401,1688
-401,1689
-401,1690
-401,1691
-401,1692
-401,1693
-401,1694
-401,1695
-401,1696
-401,1697
-401,1698
-401,1699
-401,1700
-401,1701
-401,1702
-401,1703
-401,1704
-401,1705
-401,1706
-401,1707
-401,1708
-401,1709
-401,1710
-401,1711
-401,1712
-401,1713
-401,1714
-401,1715
-401,1716
-401,1717
-401,1718
-401,1719
-401,1720
-401,1721
-401,1722
-401,1723
-401,1724
-401,1725
-401,1726
-401,1727
-401,1728
-401,1729
-401,1730
-401,1731
-401,1732
-401,1733
-401,1734
-401,1735
-401,1736
-401,1737
-401,1738
-401,1739
-401,1740
-401,1741
-401,1742
-401,1743
-401,1744
-401,1745
-401,1746
-401,1747
-401,1748
-401,1749
-401,1750
-401,1751
-401,1752
-401,1753
-401,1754
-401,1755
-401,1756
-401,1757
-401,1758
-401,1759
-401,1760
-401,1761
-401,1762
-401,1763
-401,1764
-401,1765
-401,1766
-401,1767
-401,1768
-401,1769
-401,1770
-401,1771
-401,1772
-401,1773
-401,1774
-401,1775
-401,1776
-401,1777
-401,1778
-401,1779
-401,1780
-401,1781
-401,1782
-401,1783
-401,1784
-401,1785
-401,1786
-401,1787
:215_8,1788
:215_8,1789
:215_8,1790
245,1791
245,1792
245,1793
245,1794
245,1795
245,1796
245,1797
245,1798
245,1799
245,1800
245,1801
245,1802
245,1803
245,1804
245,1805
245,1806
245,1807
245,1808
245,1809
245,1810
245,1811
245,1812
245,1813
245,1814
245,1815
245,1816
245,1817
245,1818
245,1819
245,1820
245,1821
245,1822
245,1823
245,1824
245,1825
245,1826
245,1827
245,1828
245,1829
245,1830
245,1831
245,1832
245,1833
245,1834
245,1835
245,1836
245,1837
245,1838
245,1839
245,1840
245,1841
245,1842
245,1843
245,1844
245,1845
:246_4,1846
:246_4,1847
:246_4,1848
:246_10,1849
:246_10,1850
:246_10,1851
326,1852
326,1853
326,1854
326,1855
326,1856
326,1857
326,1858
326,1859
326,1860
326,1861
326,1862
326,1863
326,1864
326,1865
326,1866
326,1867
326,1868
326,1869
326,1870
326,1871
326,1872
326,1873
326,1874
326,1875
326,1876
326,1877
326,1878
326,1879
326,1880
326,1881
326,1882
326,1883
326,1884
326,1885
326,1886
326,1887
326,1888
326,1889
326,1890
326,1891
326,1892
326,1893
326,1894
326,1895
326,1896
326,1897
326,1898
326,1899
326,1900
326,1901
326,1902
326,1903
326,1904
326,1905
326,1906
326,1907
326,1908
326,1909
326,1910
326,1911
326,1912
326,1913
326,1914
326,1915
326,1916
326,1917
326,1918
326,1919
326,1920
326,1921
326,1922
326,1923
326,1924
326,1925
326,1926
326,1927
326,1928
326,1929
326,1930
326,1931
326,1932
326,1933
326,1934
326,1935
326,1936
326,1937
326,1938
326,1939
326,1940
326,1941
326,1942
326,1943
326,1944
326,1945
326,1946
326,1947
326,1948
326,1949
326,1950
326,1951
326,1952
326,1953
326,1954
326,1955
326,1956
326,1957
326,1958
326,1959
326,1960
326,1961
326,1962
326,1963
326,1964
326,1965
326,1966
326,1967
326,1968
326,1969
326,1970
326,1971
326,1972
326,1973
326,1974
326,1975
326,1976
326,1977
326,1978
326,1979
326,1980
326,1981
326,1982
326,1983
326,1984
326,1985
326,1986
326,1987
326,1988
326,1989
326,1990
326,1991
326,1992
326,1993
326,1994
326,1995
326,1996
326,1997
326,1998
326,1999
326,2000
