-326,21
-326,22
-326,23
-326,24
-326,25
-326,26
-326,27
-326,28
-326,29
-326,30
-326,31
-326,32
-326,33
-326,34
-326,35
-326,36
-326,37
-326,38
-326,39
-326,40
-326,41
-326,42
-326,43
-326,44
-326,45
-326,46
-326,47
-326,48
-326,49
-326,50
-326,51
-326,52
-326,53
-326,54
-326,55
-326,56
-326,57
-326,58
-326,59
-326,60
-326,61
-326,62
-326,63
-326,64
-326,65
-326,66
-326,67
-326,68
-326,69
-326,70
-326,71
-326,72
-326,73
-326,74
-326,75
-326,76
-326,77
-326,78
-326,79
-326,80
-326,81
-326,82
-326,83
-326,84
-326,85
-326,86
-326,87
-326,88
-326,89
-326,90
-326,91
-326,92
-326,93
-326,94
-326,95
-326,96
-326,97
-326,98
-326,99
-326,100
-326,101
-326,102
-326,103
-326,104
-326,105
-326,106
-326,107
-326,108
-326,109
-326,110
-326,111
-326,112
-326,113
-326,114
-326,115
-326,116
-326,117
-326,118
-326,119
-326,120
-326,121
-326,122
-326,123
-326,124
-326,125
-326,126
-326,127
-326,128
-326,129
-326,130
-326,131
-326,132
-326,133
-326,134
-326,135
-326,136
-326,137
-326,138
-326,139
-326,140
-326,141
-326,142
-326,143
-326,144
-326,145
-326,146
-326,147
-326,148
-326,149
-326,150
-326,151
-326,152
-326,153
-326,154
-326,155
-326,156
-326,157
-326,158
-326,159
-326,160
-326,161
-326,162
-326,163
-326,164
-326,165
-326,166
-326,167
-326,168
-326,169
-326,170
-326,171
-326,172
-326,173
-326,174
-326,175
-326,176
-326,177
-326,178
-326,179
-326,180
-326,181
-326,182
-326,183
-326,184
-326,185
-326,186
-326,187
-326,188
-326,189
-326,190
-326,191
-326,192
-326,193
-326,194
-326,195
-326,196
-326,197
-326,198
-326,199
-326,200
-326,201
-326,202
-326,203
-326,204
-326,205
-326,206
:246_7,207
:246_7,208
:246_7,209
:246_7,210
:246_7,211
:246_7,212
325,213
325,214
325,215
325,216
325,217
325,218
325,219
325,220
325,221
325,222
325,223
325,224
325,225
325,226
325,227
325,228
325,229
325,230
325,231
325,232
325,233
325,234
325,235
325,236
325,237
325,238
325,239
325,240
325,241
325,242
325,243
325,244
325,245
325,246
325,247
325,248
325,249
325,250
325,251
325,252
325,253
325,254
325,255
325,256
325,257
325,258
325,259
325,260
325,261
325,262
325,263
325,264
325,265
325,266
325,267
325,268
325,269
325,270
325,271
325,272
325,273
325,274
325,275
325,276
325,277
325,278
325,279
325,280
325,281
325,282
325,283
325,284
325,285
325,286
325,287
325,288
325,289
325,290
325,291
325,292
325,293
325,294
325,295
325,296
325,297
325,298
325,299
325,300
325,301
325,302
325,303
325,304
325,305
325,306
325,307
325,308
325,309
325,310
:106_7,311
:106_7,312
:106_7,313
:106_7,314
:106_7,315
-90,316
-90,317
-90,318
-90,319
-90,320
-90,321
-90,322
-90,323
-90,324
-90,325
-90,326
-90,327
-90,328
-90,329
-90,330
-90,331
-90,332
-90,333
-90,334
-90,335
-90,336
-90,337
-90,338
-90,339
-90,340
-90,341
-90,342
-90,343
-90,344
-90,345
-90,346
-90,347
-90,348
-90,349
-90,350
-90,351
-90,352
-90,353
-90,354
-90,355
-90,356
-90,357
-90,358
-90,359
-90,360
-90,361
-90,362
-90,363
-90,364
-90,365
-90,366
-90,367
-90,368
-90,369
-90,370
-90,371
-90,372
-90,373
-90,374
-90,375
-90,376
-90,377
-90,378
-90,379
-90,380
-90,381
-90,382
-90,383
-90,384
-90,385
-90,386
-90,387
-90,388
-90,389
-90,390
-90,391
-90,392
-90,393
-90,394
-90,395
-90,396
-90,397
-90,398
-90,399
-90,400
-90,401
-90,402
-90,403
-90,404
-90,405
-90,406
-90,407
-90,408
-90,409
-90,410
-90,411
-90,412
-90,413
-90,414
-90,415
-90,416
-90,417
-90,418
-90,419
-90,420
-90,421
-90,422
-90,423
-90,424
-90,425
-90,426
-90,427
-90,428
-90,429
-90,430
-90,431
-90,432
-90,433
-90,434
-90,435
-90,436
-90,437
-90,438
-90,439
-90,440
-90,441
-90,442
-90,443
-90,444
-90,445
-90,446
-90,447
-90,448
-90,449
-90,450
-90,451
-90,452
-90,453
-90,454
-90,455
-90,456
-90,457
-90,458
-90,459
-90,460
-90,461
-90,462
-90,463
-90,464
-90,465
-90,466
-90,467
-90,468
-90,469
-90,470
-90,471
-90,472
-90,473
-90,474
-90,475
-90,476
-90,477
-90,478
-90,479
:104_13,480
:104_13,481
:104_13,482
:104_13,483
:104_13,484
89,485
89,486
89,487
89,488
89,489
89,490
89,491
89,492
89,493
89,494
89,495
89,496
89,497
89,498
89,499
89,500
89,501
89,502
89,503
89,504
89,505
89,506
89,507
89,508
89,509
89,510
89,511
89,512
89,513
89,514
89,515
89,516
89,517
89,518
89,519
89,520
89,521
89,522
89,523
89,524
89,525
89,526
89,527
89,528
89,529
89,530
89,531
89,532
89,533
89,534
89,535
89,536
89,537
89,538
89,539
89,540
89,541
89,542
89,543
89,544
89,545
89,546
89,547
89,548
89,549
89,550
89,551
89,552
89,553
89,554
89,555
89,556
89,557
89,558
89,559
89,560
89,561
89,562
89,563
89,564
89,565
89,566
89,567
89,568
89,569
89,570
89,571
89,572
:105_7,573
:105_7,574
:105_7,575
:105_7,576
:105_7,577
93,578
93,579
93,580
93,581
93,582
93,583
93,584
93,585
93,586
93,587
93,588
93,589
93,590
93,591
93,592
93,593
93,594
93,595
93,596
93,597
93,598
93,599
93,600
93,601
93,602
93,603
93,604
93,605
93,606
93,607
93,608
93,609
93,610
93,611
93,612
93,613
93,614
93,615
93,616
93,617
93,618
93,619
93,620
93,621
93,622
93,623
93,624
93,625
93,626
93,627
93,628
93,629
93,630
93,631
93,632
93,633
93,634
93,635
93,636
93,637
93,638
93,639
93,640
93,641
-130,642
-130,643
-130,644
-130,645
-130,646
-130,647
-130,648
-130,649
-130,650
-130,651
-130,652
-130,653
-130,654
-130,655
-130,656
-130,657
-130,658
-130,659
-130,660
-130,661
-130,662
-130,663
-130,664
-130,665
-130,666
-130,667
-130,668
-130,669
-130,670
-130,671
-130,672
-130,673
-130,674
-130,675
-130,676
-130,677
-130,678
-130,679
:86_7,680
:86_7,681
:86_7,682
:86_7,683
:86_7,684
:86_7,685
-73,686
-73,687
-73,688
-73,689
-73,690
-73,691
-73,692
-73,693
-73,694
-73,695
-73,696
-73,697
-73,698
-73,699
-73,700
-73,701
-73,702
-73,703
-73,704
-73,705
-73,706
-73,707
-73,708
-73,709
-73,710
-73,711
-73,712
-73,713
-73,714
-73,715
-73,716
-73,717
-73,718
-73,719
-73,720
-73,721
-73,722
-73,723
-73,724
-73,725
-73,726
-73,727
-73,728
-73,729
-73,730
-73,731
-73,732
-73,733
-73,734
-73,735
-73,736
-73,737
-73,738
-73,739
-73,740
-73,741
-73,742
-73,743
-73,744
-73,745
-73,746
-73,747
-73,748
-73,749
-73,750
-73,751
-73,752
-73,753
-73,754
-73,755
-73,756
-73,757
-73,758
-73,759
-73,760
-73,761
-73,762
-73,763
-73,764
-73,765
-73,766
-73,767
-73,768
-73,769
-73,770
-73,771
-73,772
-73,773
-73,774
-73,775
-73,776
-73,777
:85_9,778
:85_9,779
:85_9,780
:85_9,781
:85_9,782
75,783
75,784
75,785
75,786
75,787
75,788
75,789
75,790
75,791
75,792
75,793
75,794
75,795
75,796
75,797
75,798
75,799
75,800
75,801
75,802
75,803
75,804
75,805
75,806
75,807
75,808
75,809
75,810
75,811
75,812
75,813
75,814
75,815
75,816
75,817
75,818
75,819
75,820
75,821
75,822
75,823
75,824
75,825
75,826
75,827
75,828
75,829
75,830
75,831
75,832
75,833
75,834
75,835
75,836
75,837
75,838
75,839
75,840
75,841
75,842
75,843
75,844
75,845
75,846
75,847
75,848
75,849
75,850
75,851
75,852
75,853
75,854
75,855
75,856
75,857
75,858
75,859
75,860
75,861
75,862
75,863
75,864
75,865
75,866
75,867
75,868
75,869
75,870
75,871
75,872
75,873
75,874
75,875
75,876
75,877
75,878
75,879
75,880
75,881
75,882
75,883
75,884
75,885
75,886
75,887
75,888
75,889
75,890
75,891
75,892
75,893
75,894
75,895
75,896
75,897
75,898
75,899
75,900
75,901
75,902
75,903
75,904
75,905
75,906
75,907
75,908
75,909
75,910
75,911
75,912
75,913
75,914
75,915
75,916
75,917
75,918
75,919
75,920
75,921
75,922
75,923
75,924
75,925
75,926
:87_3,927
:87_3,928
:87_3,929
:87_3,930
:87_3,931
-104,932
-104,933
-104,934
-104,935
-104,936
-104,937
-104,938
-104,939
-104,940
-104,941
-104,942
-104,943
-104,944
-104,945
-104,946
-104,947
-104,948
-104,949
-104,950
-104,951
-104,952
-104,953
-104,954
-104,955
-104,956
-104,957
-104,958
-104,959
-104,960
-104,961
-104,962
-104,963
-104,964
-104,965
-104,966
-104,967
-104,968
-104,969
-104,970
-104,971
-104,972
-104,973
-104,974
-104,975
-104,976
-104,977
-104,978
-104,979
-104,980
-104,981
-104,982
-104,983
-104,984
-104,985
-104,986
-104,987
-104,988
-104,989
-104,990
-104,991
-104,992
-104,993
-104,994
-104,995
-104,996
-104,997
-104,998
-104,999
-104,1000
-104,1001
-104,1002
-104,1003
-104,1004
-104,1005
-104,1006
-104,1007
-104,1008
-104,1009
-104,1010
-104,1011
-104,1012
-104,1013
-104,1014
-104,1015
-104,1016
-104,1017
-104,1018
-104,1019
-104,1020
-104,1021
-104,1022
-104,1023
-104,1024
-104,1025
-104,1026
-104,1027
-104,1028
-104,1029
-104,1030
-104,1031
-104,1032
-104,1033
-104,1034
-104,1035
-104,1036
-104,1037
-104,1038
-104,1039
-104,1040
-104,1041
-104,1042
:119_9,1043
:119_9,1044
:119_9,1045
:119_9,1046
:119_9,1047
103,1048
103,1049
103,1050
103,1051
103,1052
103,1053
103,1054
103,1055
103,1056
103,1057
103,1058
103,1059
103,1060
103,1061
103,1062
103,1063
103,1064
103,1065
103,1066
103,1067
103,1068
103,1069
103,1070
103,1071
103,1072
103,1073
103,1074
103,1075
103,1076
103,1077
103,1078
103,1079
103,1080
103,1081
103,1082
103,1083
103,1084
103,1085
103,1086
103,1087
103,1088
103,1089
103,1090
103,1091
103,1092
103,1093
103,1094
103,1095
103,1096
103,1097
103,1098
103,1099
103,1100
103,1101
103,1102
103,1103
103,1104
103,1105
103,1106
103,1107
103,1108
103,1109
103,1110
103,1111
103,1112
103,1113
103,1114
103,1115
103,1116
103,1117
103,1118
103,1119
103,1120
103,1121
103,1122
103,1123
103,1124
103,1125
103,1126
103,1127
103,1128
103,1129
103,1130
103,1131
103,1132
103,1133
103,1134
103,1135
103,1136
103,1137
103,1138
103,1139
103,1140
103,1141
103,1142
103,1143
103,1144
103,1145
103,1146
103,1147
103,1148
103,1149
103,1150
103,1151
103,1152
103,1153
103,1154
103,1155
103,1156
103,1157
103,1158
103,1159
103,1160
103,1161
103,1162
103,1163
103,1164
103,1165
103,1166
103,1167
103,1168
103,1169
103,1170
103,1171
103,1172
103,1173
103,1174
103,1175
103,1176
103,1177
103,1178
103,1179
103,1180
103,1181
103,1182
103,1183
103,1184
103,1185
103,1186
103,1187
103,1188
103,1189
103,1190
103,1191
:120_13,1192
:120_13,1193
:120_13,1194
:120_13,1195
:120_13,1196
:120_13,1197
-141,1198
-141,1199
-141,1200
-141,1201
-141,1202
-141,1203
-141,1204
-141,1205
-141,1206
-141,1207
-141,1208
-141,1209
-141,1210
-141,1211
-141,1212
-141,1213
-141,1214
-141,1215
-141,1216
-141,1217
-141,1218
-141,1219
-141,1220
-141,1221
-141,1222
-141,1223
-141,1224
-141,1225
-141,1226
-141,1227
-141,1228
-141,1229
-141,1230
-141,1231
-141,1232
-141,1233
-141,1234
-141,1235
-141,1236
-141,1237
-141,1238
-141,1239
-141,1240
-141,1241
-141,1242
-141,1243
-141,1244
-141,1245
-141,1246
-141,1247
-141,1248
-141,1249
-141,1250
-141,1251
-141,1252
-141,1253
-141,1254
-141,1255
-141,1256
-141,1257
-141,1258
:156_7,1259
:156_7,1260
:156_7,1261
:156_7,1262
:156_7,1263
-140,1264
-140,1265
-140,1266
-140,1267
-140,1268
-140,1269
-140,1270
-140,1271
-140,1272
-140,1273
-140,1274
-140,1275
-140,1276
-140,1277
-140,1278
-140,1279
-140,1280
-140,1281
-140,1282
-140,1283
-140,1284
-140,1285
-140,1286
-140,1287
-140,1288
-140,1289
-140,1290
-140,1291
-140,1292
-140,1293
-140,1294
-140,1295
-140,1296
-140,1297
-140,1298
-140,1299
-140,1300
-140,1301
-140,1302
-140,1303
-140,1304
-140,1305
-140,1306
-140,1307
-140,1308
-140,1309
-140,1310
-140,1311
-140,1312
-140,1313
-140,1314
-140,1315
-140,1316
-140,1317
-140,1318
-140,1319
-140,1320
-140,1321
-140,1322
-140,1323
-140,1324
-140,1325
-140,1326
-140,1327
-140,1328
-140,1329
-140,1330
-140,1331
-140,1332
-140,1333
-140,1334
-140,1335
-140,1336
-140,1337
-140,1338
-140,1339
-140,1340
-140,1341
-140,1342
-140,1343
-140,1344
-140,1345
-140,1346
-140,1347
-140,1348
-140,1349
-140,1350
-140,1351
-140,1352
-140,1353
-140,1354
-140,1355
-140,1356
:153_13,1357
:153_13,1358
:153_13,1359
:153_13,1360
:153_13,1361
139,1362
139,1363
139,1364
139,1365
139,1366
139,1367
139,1368
139,1369
139,1370
139,1371
139,1372
139,1373
139,1374
139,1375
139,1376
139,1377
139,1378
139,1379
139,1380
139,1381
139,1382
139,1383
139,1384
139,1385
139,1386
139,1387
139,1388
139,1389
139,1390
139,1391
139,1392
139,1393
139,1394
139,1395
139,1396
139,1397
139,1398
139,1399
139,1400
139,1401
139,1402
139,1403
139,1404
139,1405
139,1406
139,1407
139,1408
139,1409
139,1410
139,1411
139,1412
139,1413
139,1414
139,1415
139,1416
139,1417
139,1418
139,1419
139,1420
139,1421
139,1422
139,1423
139,1424
139,1425
139,1426
139,1427
139,1428
139,1429
139,1430
139,1431
139,1432
139,1433
139,1434
139,1435
139,1436
139,1437
139,1438
139,1439
139,1440
:155_13,1441
:155_13,1442
:155_13,1443
:155_13,1444
:155_13,1445
:155_13,1446
:155_13,1447
:155_13,1448
:155_13,1449
:155_13,1450
:155_13,1451
:155_13,1452
-372,1453
-372,1454
-372,1455
-372,1456
-372,1457
-372,1458
-372,1459
-372,1460
-372,1461
-372,1462
-372,1463
-372,1464
-372,1465
-372,1466
-372,1467
-372,1468
-372,1469
-372,1470
-372,1471
-372,1472
-372,1473
-372,1474
-372,1475
-372,1476
-372,1477
-372,1478
-372,1479
-372,1480
-372,1481
-372,1482
-372,1483
-372,1484
-372,1485
-372,1486
-372,1487
-372,1488
-372,1489
-372,1490
-372,1491
-372,1492
-372,1493
-372,1494
-372,1495
-372,1496
-372,1497
-372,1498
-372,1499
-372,1500
-372,1501
-372,1502
-372,1503
-372,1504
-372,1505
-372,1506
-372,1507
-372,1508
-372,1509
-372,1510
-372,1511
-372,1512
-372,1513
-372,1514
-372,1515
-372,1516
-372,1517
-372,1518
-372,1519
-372,1520
-372,1521
-372,1522
-372,1523
-372,1524
-372,1525
-372,1526
-372,1527
-372,1528
-372,1529
-372,1530
-372,1531
-372,1532
-372,1533
-372,1534
-372,1535
-372,1536
-372,1537
-372,1538
-372,1539
-372,1540
-372,1541
-372,1542
-372,1543
-372,1544
-372,1545
-372,1546
-372,1547
-372,1548
-372,1549
-372,1550
-372,1551
-372,1552
-372,1553
-372,1554
-372,1555
-372,1556
-372,1557
-372,1558
-372,1559
-372,1560
-372,1561
-372,1562
-372,1563
-372,1564
-372,1565
-372,1566
-372,1567
-372,1568
-372,1569
-372,1570
-372,1571
-372,1572
-372,1573
-372,1574
-372,1575
-372,1576
-372,1577
-372,1578
-372,1579
-372,1580
-372,1581
-372,1582
-372,1583
-372,1584
-372,1585
-372,1586
-372,1587
-372,1588
-372,1589
-372,1590
-372,1591
-372,1592
-372,1593
-372,1594
-372,1595
-372,1596
-372,1597
-372,1598
-372,1599
-372,1600
-372,1601
-372,1602
-372,1603
-372,1604
-372,1605
-372,1606
-372,1607
-372,1608
-372,1609
-372,1610
-372,1611
