369,1
369,2
369,3
369,4
369,5
369,6
369,7
369,8
369,9
369,10
369,11
369,12
369,13
369,14
369,15
369,16
369,17
369,18
369,19
369,20
369,21
369,22
369,23
369,24
369,25
369,26
369,27
369,28
369,29
369,30
369,31
369,32
369,33
369,34
369,35
369,36
369,37
369,38
369,39
369,40
369,41
369,42
369,43
369,44
369,45
369,46
369,47
369,48
369,49
369,50
369,51
369,52
369,53
369,54
369,55
369,56
369,57
369,58
369,59
369,60
369,61
369,62
369,63
369,64
369,65
369,66
369,67
369,68
369,69
369,70
369,71
369,72
369,73
369,74
369,75
369,76
369,77
369,78
369,79
369,80
369,81
369,82
369,83
369,84
369,85
369,86
369,87
369,88
369,89
369,90
369,91
369,92
369,93
369,94
369,95
369,96
369,97
369,98
369,99
369,100
369,101
369,102
369,103
369,104
369,105
369,106
369,107
369,108
369,109
369,110
369,111
369,112
369,113
369,114
369,115
369,116
369,117
369,118
369,119
369,120
369,121
369,122
369,123
369,124
369,125
369,126
369,127
369,128
369,129
369,130
369,131
369,132
369,133
369,134
369,135
369,136
369,137
369,138
369,139
369,140
369,141
369,142
369,143
369,144
369,145
369,146
369,147
369,148
369,149
369,150
369,151
369,152
369,153
369,154
369,155
369,156
369,157
369,158
369,159
369,160
369,161
369,162
369,163
369,164
369,165
369,166
369,167
369,168
369,169
369,170
369,171
369,172
369,173
369,174
369,175
369,176
369,177
369,178
369,179
369,180
369,181
369,182
369,183
369,184
369,185
369,186
369,187
369,188
369,189
369,190
369,191
369,192
369,193
369,194
369,195
369,196
369,197
369,198
369,199
369,200
369,201
369,202
369,203
369,204
369,205
369,206
369,207
369,208
369,209
369,210
369,211
369,212
369,213
369,214
369,215
369,216
369,217
369,218
369,219
369,220
369,221
369,222
369,223
369,224
369,225
369,226
369,227
369,228
369,229
369,230
369,231
369,232
369,233
369,234
369,235
369,236
369,237
369,238
369,239
369,240
369,241
369,242
369,243
369,244
369,245
369,246
369,247
369,248
369,249
369,250
369,251
369,252
369,253
369,254
369,255
369,256
369,257
369,258
369,259
369,260
369,261
369,262
369,263
369,264
369,265
369,266
369,267
369,268
369,269
369,270
369,271
369,272
369,273
369,274
369,275
369,276
369,277
369,278
369,279
369,280
369,281
369,282
369,283
369,284
369,285
369,286
:338_3,287
:338_3,288
:338_3,289
:338_3,290
:338_3,291
:338_3,292
:338_3,293
:338_3,294
-454,295
-454,296
-454,297
-454,298
-454,299
-454,300
-454,301
-454,302
-454,303
-454,304
-454,305
-454,306
-454,307
-454,308
-454,309
-454,310
-454,311
-454,312
-454,313
-454,314
-454,315
-454,316
-454,317
-454,318
-454,319
-454,320
-454,321
-454,322
-454,323
-454,324
-454,325
-454,326
-454,327
-454,328
-454,329
-454,330
-454,331
-454,332
-454,333
-454,334
-454,335
-454,336
-454,337
-454,338
-454,339
-454,340
-454,341
-454,342
-454,343
-454,344
-454,345
-454,346
-454,347
-454,348
-454,349
-454,350
-454,351
-454,352
-454,353
-454,354
-454,355
-454,356
-454,357
-454,358
-454,359
-454,360
-454,361
-454,362
-454,363
-454,364
-454,365
-454,366
-454,367
-454,368
-454,369
-454,370
-454,371
-454,372
-454,373
-454,374
-454,375
-454,376
-454,377
-454,378
-454,379
-454,380
-454,381
-454,382
-454,383
-454,384
-454,385
-454,386
-454,387
-454,388
-454,389
-454,390
-454,391
-454,392
-454,393
-454,394
-454,395
-454,396
-454,397
-454,398
-454,399
-454,400
-454,401
-454,402
-454,403
-454,404
-454,405
-454,406
-454,407
-454,408
-454,409
-454,410
-454,411
-454,412
-454,413
-454,414
-454,415
-454,416
-454,417
-454,418
-454,419
:279_3,420
:279_3,421
:279_3,422
:279_3,423
:279_3,424
:279_3,425
:279_3,426
-289,427
-289,428
-289,429
-289,430
-289,431
-289,432
-289,433
-289,434
-289,435
-289,436
-289,437
-289,438
-289,439
-289,440
-289,441
-289,442
-289,443
-289,444
-289,445
-289,446
-289,447
-289,448
-289,449
-289,450
-289,451
-289,452
-289,453
-289,454
-289,455
-289,456
-289,457
-289,458
-289,459
-289,460
-289,461
-289,462
-289,463
-289,464
-289,465
-289,466
-289,467
-289,468
-289,469
-289,470
-289,471
-289,472
-289,473
-289,474
-289,475
-289,476
-289,477
-289,478
-289,479
-289,480
-289,481
-289,482
-289,483
-289,484
-289,485
-289,486
-289,487
-289,488
-289,489
-289,490
-289,491
-289,492
-289,493
-289,494
-289,495
-289,496
-289,497
-289,498
-289,499
-289,500
-289,501
-289,502
-289,503
-289,504
-289,505
-289,506
-289,507
-289,508
-289,509
-289,510
-289,511
-289,512
-289,513
-289,514
-289,515
-289,516
-289,517
-289,518
-289,519
-289,520
-289,521
-289,522
-289,523
-289,524
-289,525
-289,526
-289,527
-289,528
-289,529
-289,530
-289,531
-289,532
-289,533
-289,534
-289,535
-289,536
-289,537
-289,538
-289,539
:248_9,540
:248_9,541
:248_9,542
:248_9,543
:248_9,544
:248_9,545
:248_9,546
:248_9,547
284,548
284,549
284,550
284,551
284,552
284,553
284,554
284,555
284,556
284,557
284,558
284,559
284,560
284,561
284,562
284,563
284,564
284,565
284,566
284,567
284,568
284,569
284,570
284,571
284,572
284,573
284,574
284,575
284,576
284,577
284,578
284,579
284,580
284,581
284,582
284,583
284,584
284,585
284,586
284,587
284,588
284,589
284,590
284,591
284,592
284,593
284,594
284,595
284,596
284,597
284,598
284,599
284,600
284,601
284,602
284,603
284,604
284,605
284,606
284,607
284,608
284,609
284,610
284,611
284,612
284,613
284,614
284,615
284,616
284,617
284,618
284,619
284,620
284,621
284,622
284,623
284,624
284,625
284,626
284,627
284,628
284,629
284,630
284,631
284,632
284,633
284,634
284,635
284,636
284,637
284,638
284,639
:274_1,640
285,641
285,642
285,643
285,644
285,645
285,646
285,647
285,648
285,649
285,650
285,651
285,652
285,653
285,654
285,655
285,656
285,657
285,658
285,659
285,660
285,661
285,662
285,663
285,664
285,665
285,666
285,667
285,668
285,669
285,670
285,671
285,672
285,673
285,674
285,675
285,676
285,677
285,678
285,679
285,680
285,681
285,682
285,683
285,684
285,685
285,686
285,687
285,688
285,689
285,690
285,691
285,692
285,693
285,694
285,695
285,696
285,697
285,698
285,699
285,700
285,701
285,702
285,703
285,704
285,705
285,706
285,707
285,708
285,709
285,710
285,711
285,712
285,713
285,714
285,715
285,716
285,717
285,718
285,719
286,720
286,721
286,722
286,723
286,724
286,725
286,726
286,727
286,728
286,729
286,730
286,731
286,732
286,733
286,734
286,735
286,736
286,737
286,738
286,739
286,740
286,741
286,742
286,743
286,744
286,745
286,746
286,747
286,748
286,749
286,750
286,751
286,752
286,753
286,754
286,755
286,756
286,757
286,758
286,759
286,760
286,761
286,762
286,763
286,764
286,765
286,766
286,767
286,768
286,769
286,770
286,771
286,772
286,773
286,774
286,775
286,776
286,777
286,778
286,779
286,780
286,781
286,782
286,783
286,784
286,785
286,786
286,787
286,788
286,789
286,790
286,791
286,792
286,793
286,794
286,795
286,796
286,797
286,798
286,799
286,800
286,801
286,802
286,803
286,804
287,805
287,806
287,807
287,808
287,809
287,810
287,811
287,812
287,813
287,814
287,815
287,816
287,817
287,818
287,819
287,820
287,821
287,822
287,823
287,824
287,825
287,826
287,827
287,828
287,829
287,830
287,831
287,832
287,833
287,834
287,835
287,836
287,837
287,838
287,839
287,840
287,841
287,842
287,843
287,844
287,845
287,846
287,847
287,848
287,849
287,850
287,851
287,852
287,853
287,854
287,855
287,856
287,857
287,858
287,859
287,860
287,861
287,862
287,863
287,864
287,865
287,866
287,867
287,868
287,869
287,870
287,871
287,872
287,873
287,874
287,875
287,876
287,877
287,878
287,879
287,880
287,881
287,882
287,883
287,884
287,885
287,886
287,887
287,888
287,889
287,890
287,891
287,892
287,893
287,894
287,895
287,896
287,897
287,898
287,899
287,900
:277_0,901
288,902
288,903
288,904
288,905
288,906
288,907
288,908
288,909
288,910
288,911
288,912
288,913
288,914
288,915
288,916
288,917
288,918
288,919
288,920
288,921
288,922
288,923
288,924
288,925
288,926
288,927
288,928
288,929
288,930
288,931
288,932
288,933
288,934
288,935
288,936
288,937
288,938
288,939
288,940
288,941
288,942
288,943
288,944
288,945
288,946
288,947
288,948
288,949
288,950
288,951
288,952
288,953
288,954
288,955
288,956
288,957
288,958
:278_0,959
:278_0,960
:278_0,961
:278_0,962
:278_0,963
:278_0,964
:278_0,965
-453,966
-453,967
-453,968
-453,969
-453,970
-453,971
-453,972
-453,973
-453,974
-453,975
-453,976
-453,977
-453,978
-453,979
-453,980
-453,981
-453,982
-453,983
-453,984
-453,985
-453,986
-453,987
-453,988
-453,989
-453,990
-453,991
-453,992
-453,993
-453,994
-453,995
-453,996
-453,997
-453,998
-453,999
-453,1000
-453,1001
-453,1002
-453,1003
-453,1004
-453,1005
-453,1006
-453,1007
-453,1008
-453,1009
-453,1010
-453,1011
-453,1012
-453,1013
-453,1014
-453,1015
-453,1016
-453,1017
-453,1018
-453,1019
-453,1020
-453,1021
-453,1022
-453,1023
-453,1024
-453,1025
-453,1026
-453,1027
-453,1028
-453,1029
-453,1030
-453,1031
-453,1032
-453,1033
-453,1034
-453,1035
-453,1036
:25_3,1037
:25_3,1038
:25_3,1039
:25_3,1040
:25_3,1041
:25_3,1042
:25_3,1043
-21,1044
-21,1045
-21,1046
-21,1047
-21,1048
-21,1049
-21,1050
-21,1051
-21,1052
-21,1053
-21,1054
-21,1055
-21,1056
-21,1057
-21,1058
-21,1059
-21,1060
-21,1061
-21,1062
-21,1063
-21,1064
-21,1065
-21,1066
-21,1067
-21,1068
-21,1069
-21,1070
-21,1071
-21,1072
-21,1073
-21,1074
-21,1075
-21,1076
-21,1077
-21,1078
-21,1079
-21,1080
-21,1081
-21,1082
-21,1083
-21,1084
-21,1085
-21,1086
-21,1087
-21,1088
-21,1089
-21,1090
-21,1091
-21,1092
-21,1093
-21,1094
-21,1095
-21,1096
-21,1097
-21,1098
-21,1099
-21,1100
-21,1101
-21,1102
-21,1103
-21,1104
-21,1105
-21,1106
-21,1107
-21,1108
-21,1109
-21,1110
-21,1111
-21,1112
-21,1113
-21,1114
-21,1115
-21,1116
-21,1117
-21,1118
-21,1119
-21,1120
-21,1121
-21,1122
-21,1123
-21,1124
-21,1125
-21,1126
-21,1127
-21,1128
-21,1129
-21,1130
-21,1131
-21,1132
-21,1133
-21,1134
-21,1135
-21,1136
-21,1137
-21,1138
-21,1139
-21,1140
-21,1141
-21,1142
-21,1143
-21,1144
-21,1145
-21,1146
-21,1147
-21,1148
-21,1149
-21,1150
-21,1151
-21,1152
-21,1153
-21,1154
:22_5,1155
:22_5,1156
:22_5,1157
:22_5,1158
:22_5,1159
:22_5,1160
:22_5,1161
22,1162
22,1163
22,1164
22,1165
22,1166
22,1167
22,1168
22,1169
22,1170
22,1171
22,1172
22,1173
22,1174
22,1175
22,1176
22,1177
22,1178
22,1179
22,1180
22,1181
22,1182
22,1183
22,1184
22,1185
22,1186
22,1187
22,1188
22,1189
22,1190
22,1191
22,1192
22,1193
22,1194
22,1195
22,1196
22,1197
22,1198
22,1199
22,1200
22,1201
22,1202
22,1203
22,1204
22,1205
22,1206
22,1207
22,1208
22,1209
22,1210
22,1211
22,1212
22,1213
22,1214
22,1215
22,1216
22,1217
22,1218
22,1219
22,1220
22,1221
22,1222
22,1223
22,1224
22,1225
22,1226
22,1227
22,1228
22,1229
22,1230
22,1231
22,1232
22,1233
22,1234
22,1235
22,1236
22,1237
22,1238
22,1239
22,1240
22,1241
22,1242
22,1243
22,1244
22,1245
22,1246
22,1247
22,1248
22,1249
22,1250
22,1251
22,1252
22,1253
22,1254
22,1255
22,1256
22,1257
22,1258
22,1259
22,1260
22,1261
22,1262
22,1263
22,1264
22,1265
22,1266
22,1267
22,1268
22,1269
22,1270
22,1271
22,1272
22,1273
22,1274
22,1275
22,1276
22,1277
22,1278
22,1279
22,1280
22,1281
22,1282
22,1283
22,1284
22,1285
22,1286
22,1287
22,1288
22,1289
22,1290
22,1291
22,1292
22,1293
22,1294
22,1295
22,1296
22,1297
22,1298
22,1299
22,1300
22,1301
22,1302
22,1303
22,1304
22,1305
22,1306
22,1307
22,1308
22,1309
22,1310
22,1311
22,1312
22,1313
22,1314
22,1315
22,1316
22,1317
22,1318
22,1319
22,1320
22,1321
22,1322
22,1323
22,1324
22,1325
22,1326
22,1327
22,1328
22,1329
22,1330
22,1331
22,1332
22,1333
22,1334
22,1335
22,1336
22,1337
22,1338
22,1339
22,1340
22,1341
22,1342
22,1343
22,1344
22,1345
22,1346
22,1347
22,1348
22,1349
22,1350
22,1351
22,1352
22,1353
22,1354
22,1355
22,1356
22,1357
22,1358
22,1359
22,1360
22,1361
22,1362
22,1363
22,1364
22,1365
22,1366
22,1367
22,1368
22,1369
22,1370
22,1371
22,1372
22,1373
22,1374
22,1375
22,1376
22,1377
22,1378
:26_3,1379
:26_3,1380
:26_3,1381
:26_3,1382
:26_3,1383
:26_3,1384
:26_3,1385
-167,1386
-167,1387
-167,1388
-167,1389
-167,1390
-167,1391
-167,1392
-167,1393
-167,1394
-167,1395
-167,1396
-167,1397
-167,1398
-167,1399
-167,1400
-167,1401
-167,1402
-167,1403
-167,1404
-167,1405
-167,1406
-167,1407
-167,1408
-167,1409
-167,1410
-167,1411
-167,1412
-167,1413
-167,1414
-167,1415
-167,1416
-167,1417
-167,1418
-167,1419
-167,1420
-167,1421
-167,1422
-167,1423
-167,1424
-167,1425
-167,1426
-167,1427
-167,1428
-167,1429
-167,1430
-167,1431
-167,1432
-167,1433
-167,1434
-167,1435
-167,1436
-167,1437
-167,1438
-167,1439
-167,1440
-167,1441
-167,1442
-167,1443
-167,1444
-167,1445
-167,1446
-167,1447
-167,1448
-167,1449
-167,1450
-167,1451
-167,1452
-167,1453
-167,1454
-167,1455
-167,1456
-167,1457
-167,1458
-167,1459
-167,1460
-167,1461
-167,1462
-167,1463
-167,1464
-167,1465
-167,1466
-167,1467
-167,1468
-167,1469
-167,1470
-167,1471
-167,1472
-167,1473
-167,1474
-167,1475
-167,1476
-167,1477
-167,1478
-167,1479
-167,1480
-167,1481
-167,1482
-167,1483
:178_4,1484
:178_4,1485
:178_4,1486
:178_4,1487
:178_4,1488
166,1489
166,1490
166,1491
166,1492
166,1493
166,1494
166,1495
166,1496
166,1497
166,1498
166,1499
166,1500
166,1501
166,1502
166,1503
166,1504
166,1505
166,1506
166,1507
166,1508
166,1509
166,1510
166,1511
166,1512
166,1513
166,1514
166,1515
166,1516
166,1517
166,1518
166,1519
166,1520
166,1521
166,1522
166,1523
166,1524
166,1525
166,1526
166,1527
166,1528
166,1529
166,1530
166,1531
166,1532
166,1533
166,1534
166,1535
166,1536
166,1537
166,1538
166,1539
166,1540
166,1541
166,1542
166,1543
166,1544
166,1545
166,1546
166,1547
166,1548
166,1549
166,1550
166,1551
166,1552
166,1553
166,1554
166,1555
166,1556
166,1557
166,1558
166,1559
166,1560
166,1561
166,1562
166,1563
166,1564
166,1565
166,1566
166,1567
166,1568
166,1569
166,1570
166,1571
166,1572
166,1573
166,1574
166,1575
166,1576
166,1577
166,1578
166,1579
166,1580
166,1581
166,1582
166,1583
166,1584
166,1585
166,1586
166,1587
166,1588
166,1589
166,1590
166,1591
166,1592
166,1593
166,1594
166,1595
166,1596
166,1597
166,1598
166,1599
166,1600
166,1601
166,1602
166,1603
166,1604
166,1605
166,1606
166,1607
166,1608
166,1609
166,1610
166,1611
166,1612
166,1613
166,1614
166,1615
166,1616
166,1617
166,1618
166,1619
166,1620
166,1621
166,1622
166,1623
166,1624
166,1625
166,1626
166,1627
166,1628
166,1629
166,1630
166,1631
166,1632
166,1633
166,1634
166,1635
166,1636
166,1637
166,1638
166,1639
166,1640
166,1641
166,1642
166,1643
166,1644
166,1645
166,1646
166,1647
166,1648
166,1649
166,1650
166,1651
166,1652
166,1653
166,1654
166,1655
166,1656
166,1657
166,1658
166,1659
166,1660
166,1661
166,1662
166,1663
166,1664
166,1665
166,1666
166,1667
166,1668
166,1669
166,1670
166,1671
166,1672
166,1673
166,1674
166,1675
166,1676
166,1677
166,1678
166,1679
166,1680
166,1681
166,1682
166,1683
166,1684
166,1685
166,1686
166,1687
166,1688
166,1689
166,1690
166,1691
166,1692
166,1693
166,1694
166,1695
166,1696
166,1697
166,1698
166,1699
166,1700
166,1701
166,1702
166,1703
166,1704
166,1705
166,1706
166,1707
166,1708
166,1709
166,1710
166,1711
166,1712
166,1713
166,1714
166,1715
166,1716
166,1717
166,1718
166,1719
166,1720
166,1721
166,1722
166,1723
166,1724
166,1725
166,1726
166,1727
166,1728
166,1729
166,1730
166,1731
166,1732
166,1733
166,1734
166,1735
166,1736
166,1737
166,1738
166,1739
166,1740
166,1741
166,1742
166,1743
