-407,21
-407,22
-407,23
-407,24
-407,25
-407,26
-407,27
-407,28
-407,29
-407,30
-407,31
-407,32
-407,33
-407,34
-407,35
-407,36
-407,37
-407,38
-407,39
-407,40
-407,41
-407,42
-407,43
-407,44
-407,45
-407,46
-407,47
-407,48
-407,49
-407,50
-407,51
-407,52
-407,53
-407,54
-407,55
-407,56
-407,57
-407,58
-407,59
-407,60
-407,61
-407,62
-407,63
-407,64
-407,65
-407,66
-407,67
:363_0,68
:363_0,69
:363_0,70
:363_0,71
:363_0,72
:363_0,73
:363_0,74
409,75
409,76
409,77
409,78
409,79
409,80
409,81
409,82
409,83
409,84
409,85
409,86
409,87
409,88
409,89
409,90
409,91
409,92
409,93
409,94
409,95
409,96
409,97
409,98
409,99
409,100
409,101
409,102
409,103
409,104
409,105
409,106
409,107
409,108
409,109
409,110
409,111
409,112
409,113
409,114
409,115
409,116
409,117
409,118
409,119
409,120
409,121
409,122
409,123
409,124
409,125
409,126
409,127
409,128
409,129
409,130
409,131
409,132
409,133
409,134
409,135
409,136
409,137
409,138
409,139
409,140
409,141
409,142
409,143
:290_4,144
:290_4,145
:290_4,146
:290_4,147
:290_4,148
:290_4,149
-303,150
-303,151
-303,152
-303,153
-303,154
-303,155
-303,156
-303,157
-303,158
-303,159
-303,160
-303,161
-303,162
-303,163
-303,164
-303,165
-303,166
-303,167
-303,168
-303,169
-303,170
-303,171
-303,172
-303,173
-303,174
-303,175
-303,176
-303,177
-303,178
-303,179
-303,180
-303,181
-303,182
-303,183
-303,184
-303,185
-303,186
-303,187
-303,188
-303,189
-303,190
-303,191
-303,192
-303,193
-303,194
-303,195
-303,196
-303,197
-303,198
-303,199
-303,200
-303,201
-303,202
-303,203
-303,204
-303,205
-303,206
-303,207
-303,208
-303,209
-303,210
-303,211
-303,212
-303,213
-303,214
-303,215
-303,216
-303,217
-303,218
-303,219
-303,220
-303,221
-303,222
-303,223
-303,224
-303,225
-303,226
-303,227
-303,228
-303,229
-303,230
-303,231
-303,232
-303,233
-303,234
-303,235
-303,236
-303,237
-303,238
-303,239
-303,240
-303,241
-303,242
-303,243
-303,244
-303,245
-303,246
-303,247
-303,248
-303,249
-303,250
-303,251
-303,252
:289_3,253
:289_3,254
:289_3,255
:289_3,256
304,257
304,258
304,259
304,260
304,261
304,262
304,263
304,264
304,265
304,266
304,267
304,268
304,269
304,270
304,271
304,272
304,273
304,274
304,275
304,276
304,277
304,278
304,279
304,280
304,281
304,282
304,283
304,284
304,285
304,286
304,287
304,288
304,289
304,290
304,291
304,292
304,293
304,294
304,295
304,296
304,297
304,298
304,299
304,300
304,301
304,302
304,303
304,304
304,305
304,306
304,307
304,308
304,309
304,310
304,311
304,312
304,313
304,314
304,315
304,316
304,317
304,318
304,319
304,320
304,321
304,322
304,323
304,324
304,325
304,326
304,327
304,328
304,329
304,330
304,331
304,332
304,333
304,334
304,335
304,336
304,337
304,338
304,339
304,340
304,341
304,342
304,343
304,344
304,345
304,346
304,347
304,348
304,349
304,350
304,351
304,352
304,353
304,354
304,355
304,356
304,357
304,358
304,359
304,360
304,361
304,362
304,363
304,364
:59_0,365
:59_0,366
:59_0,367
:59_0,368
:59_0,369
:59_0,370
:59_0,371
:59_0,372
-51,373
-51,374
-51,375
-51,376
-51,377
-51,378
-51,379
-51,380
-51,381
-51,382
-51,383
-51,384
-51,385
-51,386
-51,387
-51,388
-51,389
-51,390
-51,391
-51,392
-51,393
-51,394
-51,395
-51,396
-51,397
-51,398
-51,399
-51,400
-51,401
-51,402
-51,403
-51,404
-51,405
-51,406
-51,407
-51,408
-51,409
-51,410
-51,411
-51,412
-51,413
-51,414
-51,415
-51,416
-51,417
-51,418
-51,419
-51,420
-51,421
-51,422
-51,423
-51,424
-51,425
-51,426
-51,427
-51,428
-51,429
-51,430
-51,431
-51,432
-51,433
-51,434
-51,435
-51,436
-51,437
-51,438
-51,439
-51,440
-51,441
-51,442
-51,443
-51,444
-51,445
-51,446
-51,447
-51,448
-51,449
-51,450
-51,451
-51,452
-51,453
-51,454
-51,455
-51,456
-51,457
-51,458
-51,459
-51,460
-51,461
-51,462
-51,463
-51,464
-51,465
-51,466
-51,467
-51,468
-51,469
-51,470
-51,471
-51,472
-51,473
-51,474
-51,475
-51,476
-51,477
-51,478
-51,479
-51,480
-51,481
-51,482
-51,483
-51,484
-51,485
-51,486
-51,487
-51,488
-51,489
-51,490
-51,491
-51,492
-51,493
-51,494
-51,495
-51,496
-51,497
-51,498
-51,499
-51,500
-51,501
-51,502
-51,503
-51,504
-51,505
-51,506
-51,507
-51,508
-51,509
-51,510
-51,511
-51,512
-51,513
-51,514
-51,515
-51,516
-51,517
-51,518
-51,519
-51,520
-51,521
-51,522
-51,523
-51,524
-51,525
-51,526
-51,527
-51,528
-51,529
-51,530
-51,531
-51,532
-51,533
-51,534
-51,535
-51,536
-51,537
-51,538
-51,539
-51,540
-51,541
-51,542
-51,543
:58_9,544
:58_9,545
:58_9,546
:58_9,547
:58_9,548
:58_9,549
52,550
52,551
52,552
52,553
52,554
52,555
52,556
52,557
52,558
52,559
52,560
52,561
52,562
52,563
52,564
52,565
52,566
52,567
52,568
52,569
52,570
52,571
52,572
52,573
52,574
52,575
52,576
52,577
52,578
52,579
52,580
52,581
52,582
52,583
52,584
52,585
52,586
52,587
52,588
52,589
52,590
52,591
52,592
52,593
52,594
52,595
52,596
52,597
52,598
52,599
52,600
52,601
52,602
52,603
52,604
52,605
52,606
52,607
52,608
52,609
52,610
52,611
52,612
52,613
52,614
52,615
52,616
52,617
52,618
52,619
52,620
52,621
52,622
52,623
52,624
52,625
52,626
52,627
52,628
52,629
52,630
52,631
52,632
52,633
52,634
52,635
52,636
52,637
52,638
52,639
52,640
52,641
52,642
52,643
52,644
52,645
52,646
52,647
52,648
52,649
52,650
52,651
52,652
52,653
52,654
52,655
52,656
52,657
52,658
52,659
52,660
52,661
52,662
52,663
52,664
52,665
52,666
52,667
52,668
52,669
52,670
52,671
52,672
52,673
52,674
52,675
52,676
52,677
52,678
52,679
52,680
52,681
52,682
52,683
52,684
52,685
52,686
52,687
52,688
52,689
52,690
52,691
52,692
52,693
52,694
52,695
52,696
52,697
52,698
52,699
52,700
52,701
52,702
52,703
52,704
52,705
52,706
52,707
52,708
52,709
52,710
52,711
52,712
52,713
52,714
52,715
52,716
52,717
52,718
52,719
52,720
52,721
52,722
52,723
52,724
52,725
52,726
52,727
52,728
52,729
52,730
52,731
52,732
52,733
52,734
:60_4,735
:60_4,736
:60_4,737
:60_4,738
:60_4,739
:60_4,740
:60_4,741
-122,742
-122,743
-122,744
-122,745
-122,746
-122,747
-122,748
-122,749
-122,750
-122,751
-122,752
-122,753
-122,754
-122,755
-122,756
-122,757
-122,758
-122,759
-122,760
-122,761
-122,762
-122,763
-122,764
-122,765
-122,766
-122,767
-122,768
-122,769
-122,770
-122,771
-122,772
-122,773
-122,774
-122,775
-122,776
-122,777
-122,778
-122,779
-122,780
-122,781
-122,782
-122,783
-122,784
-122,785
-122,786
-122,787
-122,788
-122,789
-122,790
-122,791
-122,792
-122,793
-122,794
-122,795
-122,796
-122,797
-122,798
-122,799
-122,800
-122,801
-122,802
-122,803
-122,804
-122,805
-122,806
-122,807
-122,808
-122,809
-122,810
-122,811
-122,812
-122,813
-122,814
-122,815
-122,816
-122,817
-122,818
-122,819
-122,820
-122,821
-122,822
-122,823
-122,824
-122,825
-122,826
-122,827
-122,828
-122,829
-122,830
-122,831
-122,832
-122,833
-122,834
-122,835
-122,836
-122,837
-122,838
-122,839
-122,840
-122,841
-122,842
-122,843
-122,844
-122,845
:137_7,846
:137_7,847
:137_7,848
:137_7,849
:137_7,850
:137_7,851
121,852
121,853
121,854
121,855
121,856
121,857
121,858
121,859
121,860
121,861
121,862
121,863
121,864
121,865
121,866
121,867
121,868
121,869
121,870
121,871
121,872
121,873
121,874
121,875
121,876
121,877
121,878
121,879
121,880
121,881
121,882
121,883
121,884
121,885
121,886
121,887
121,888
121,889
121,890
121,891
121,892
121,893
121,894
121,895
121,896
121,897
121,898
121,899
121,900
121,901
121,902
121,903
121,904
121,905
121,906
121,907
121,908
121,909
121,910
121,911
121,912
121,913
121,914
121,915
121,916
121,917
121,918
121,919
121,920
121,921
121,922
121,923
121,924
121,925
121,926
121,927
121,928
121,929
121,930
121,931
121,932
121,933
121,934
121,935
121,936
121,937
121,938
121,939
121,940
121,941
121,942
121,943
121,944
:77_3,945
:77_3,946
:77_3,947
:77_3,948
364,949
364,950
364,951
364,952
364,953
364,954
364,955
364,956
364,957
364,958
364,959
364,960
364,961
364,962
364,963
364,964
364,965
364,966
364,967
364,968
364,969
364,970
364,971
364,972
364,973
364,974
364,975
364,976
364,977
364,978
364,979
364,980
364,981
364,982
364,983
364,984
364,985
364,986
364,987
364,988
364,989
364,990
364,991
364,992
364,993
364,994
364,995
364,996
364,997
364,998
364,999
364,1000
364,1001
364,1002
364,1003
364,1004
364,1005
364,1006
364,1007
364,1008
364,1009
364,1010
364,1011
364,1012
364,1013
364,1014
364,1015
364,1016
364,1017
364,1018
364,1019
364,1020
364,1021
364,1022
364,1023
364,1024
364,1025
364,1026
364,1027
364,1028
364,1029
364,1030
364,1031
364,1032
364,1033
364,1034
364,1035
364,1036
364,1037
364,1038
364,1039
364,1040
364,1041
364,1042
364,1043
364,1044
364,1045
364,1046
364,1047
364,1048
364,1049
364,1050
364,1051
364,1052
364,1053
364,1054
364,1055
364,1056
364,1057
364,1058
364,1059
364,1060
364,1061
364,1062
364,1063
364,1064
364,1065
364,1066
364,1067
364,1068
364,1069
364,1070
364,1071
364,1072
364,1073
364,1074
364,1075
364,1076
364,1077
364,1078
364,1079
364,1080
364,1081
364,1082
364,1083
364,1084
364,1085
364,1086
364,1087
364,1088
364,1089
364,1090
364,1091
364,1092
:334_10,1093
:334_10,1094
:334_10,1095
:334_10,1096
:334_10,1097
:334_10,1098
:334_10,1099
515,1100
515,1101
515,1102
515,1103
515,1104
515,1105
515,1106
515,1107
515,1108
515,1109
515,1110
515,1111
515,1112
515,1113
515,1114
515,1115
515,1116
515,1117
515,1118
515,1119
515,1120
515,1121
515,1122
515,1123
515,1124
515,1125
515,1126
515,1127
515,1128
515,1129
515,1130
515,1131
515,1132
515,1133
515,1134
515,1135
515,1136
515,1137
515,1138
515,1139
515,1140
515,1141
515,1142
515,1143
515,1144
515,1145
515,1146
515,1147
515,1148
515,1149
515,1150
515,1151
515,1152
515,1153
515,1154
515,1155
515,1156
515,1157
515,1158
515,1159
515,1160
515,1161
515,1162
515,1163
515,1164
515,1165
515,1166
515,1167
515,1168
515,1169
515,1170
515,1171
515,1172
515,1173
515,1174
515,1175
515,1176
515,1177
515,1178
515,1179
515,1180
515,1181
515,1182
515,1183
515,1184
515,1185
515,1186
515,1187
515,1188
515,1189
515,1190
515,1191
515,1192
515,1193
515,1194
515,1195
515,1196
515,1197
515,1198
515,1199
515,1200
515,1201
515,1202
515,1203
515,1204
515,1205
515,1206
515,1207
515,1208
:429_4,1209
:429_4,1210
:429_4,1211
:429_4,1212
:429_4,1213
:429_4,1214
516,1215
516,1216
516,1217
516,1218
516,1219
516,1220
516,1221
516,1222
516,1223
516,1224
516,1225
516,1226
516,1227
516,1228
516,1229
516,1230
516,1231
516,1232
516,1233
516,1234
516,1235
516,1236
516,1237
516,1238
516,1239
516,1240
516,1241
516,1242
516,1243
516,1244
516,1245
516,1246
516,1247
516,1248
516,1249
516,1250
516,1251
516,1252
516,1253
516,1254
516,1255
516,1256
:75_8,1257
:75_8,1258
:75_8,1259
:75_8,1260
-438,1261
-438,1262
-438,1263
-438,1264
-438,1265
-438,1266
-438,1267
-438,1268
-438,1269
-438,1270
-438,1271
-438,1272
-438,1273
-438,1274
-438,1275
-438,1276
-438,1277
-438,1278
-438,1279
-438,1280
-438,1281
-438,1282
-438,1283
-438,1284
-438,1285
-438,1286
-438,1287
-438,1288
-438,1289
-438,1290
-438,1291
-438,1292
-438,1293
-438,1294
-438,1295
-438,1296
-438,1297
-438,1298
-438,1299
-438,1300
-438,1301
-438,1302
-438,1303
-438,1304
-438,1305
-438,1306
-438,1307
-438,1308
-438,1309
-438,1310
-438,1311
-438,1312
-438,1313
-438,1314
-438,1315
-438,1316
-438,1317
-438,1318
-438,1319
-438,1320
-438,1321
-438,1322
-438,1323
-438,1324
-438,1325
-438,1326
-438,1327
-438,1328
-438,1329
-438,1330
-438,1331
-438,1332
-438,1333
-438,1334
-438,1335
-438,1336
-438,1337
-438,1338
-438,1339
-438,1340
-438,1341
-438,1342
-438,1343
-438,1344
-438,1345
-438,1346
-438,1347
-438,1348
-438,1349
-438,1350
-438,1351
-438,1352
-438,1353
-438,1354
-438,1355
-438,1356
-438,1357
-438,1358
-438,1359
-438,1360
-438,1361
-438,1362
-438,1363
-438,1364
-438,1365
-438,1366
-438,1367
-438,1368
-438,1369
-438,1370
-438,1371
-438,1372
-438,1373
-438,1374
-438,1375
-438,1376
-438,1377
-438,1378
-438,1379
-438,1380
-438,1381
-438,1382
-438,1383
-438,1384
-438,1385
-438,1386
-438,1387
-438,1388
-438,1389
-438,1390
-438,1391
-438,1392
-438,1393
-438,1394
-438,1395
-438,1396
-438,1397
-438,1398
-438,1399
-438,1400
-438,1401
-438,1402
-438,1403
-438,1404
-438,1405
-438,1406
-438,1407
-438,1408
-438,1409
-438,1410
-438,1411
-438,1412
-438,1413
-438,1414
-438,1415
:381_13,1416
:381_13,1417
:381_13,1418
:381_13,1419
:381_13,1420
:381_13,1421
-437,1422
-437,1423
-437,1424
-437,1425
-437,1426
-437,1427
-437,1428
-437,1429
-437,1430
-437,1431
-437,1432
-437,1433
-437,1434
-437,1435
-437,1436
-437,1437
-437,1438
-437,1439
-437,1440
-437,1441
-437,1442
-437,1443
-437,1444
-437,1445
-437,1446
-437,1447
-437,1448
-437,1449
-437,1450
-437,1451
-437,1452
-437,1453
-437,1454
-437,1455
-437,1456
-437,1457
-437,1458
-437,1459
-437,1460
-437,1461
-437,1462
-437,1463
-437,1464
-437,1465
-437,1466
-437,1467
-437,1468
-437,1469
-437,1470
-437,1471
-437,1472
-437,1473
-437,1474
-437,1475
-437,1476
-437,1477
-437,1478
-437,1479
-437,1480
-437,1481
-437,1482
-437,1483
-437,1484
-437,1485
-437,1486
-437,1487
-437,1488
-437,1489
-437,1490
-437,1491
-437,1492
-437,1493
-437,1494
-437,1495
-437,1496
-437,1497
-437,1498
-437,1499
-437,1500
-437,1501
-437,1502
-437,1503
-437,1504
-437,1505
-437,1506
-437,1507
-437,1508
-437,1509
-437,1510
-437,1511
-437,1512
-437,1513
-437,1514
-437,1515
-437,1516
-437,1517
-437,1518
-437,1519
-437,1520
-437,1521
-437,1522
-437,1523
-437,1524
-437,1525
-437,1526
-437,1527
-437,1528
-437,1529
-437,1530
-437,1531
-437,1532
-437,1533
-437,1534
-437,1535
-437,1536
-437,1537
-437,1538
-437,1539
-437,1540
-437,1541
-437,1542
-437,1543
-437,1544
-437,1545
-437,1546
-437,1547
-437,1548
-437,1549
-437,1550
-437,1551
-437,1552
-437,1553
-437,1554
-437,1555
-437,1556
-437,1557
-437,1558
-437,1559
-437,1560
-437,1561
-437,1562
-437,1563
-437,1564
-437,1565
-437,1566
-437,1567
-437,1568
-437,1569
-437,1570
-437,1571
-437,1572
-437,1573
-437,1574
-437,1575
-437,1576
-437,1577
-437,1578
-437,1579
-437,1580
-437,1581
-437,1582
-437,1583
-437,1584
-437,1585
-437,1586
-437,1587
-437,1588
-437,1589
-437,1590
-437,1591
-437,1592
-437,1593
-437,1594
-437,1595
-437,1596
-437,1597
-437,1598
-437,1599
-437,1600
-437,1601
-437,1602
-437,1603
-437,1604
-437,1605
-437,1606
-437,1607
-437,1608
-437,1609
-437,1610
-437,1611
-437,1612
-437,1613
-437,1614
-437,1615
-437,1616
-437,1617
-437,1618
-437,1619
-437,1620
-437,1621
-437,1622
-437,1623
-437,1624
-437,1625
-437,1626
-437,1627
-437,1628
-437,1629
-437,1630
-437,1631
-437,1632
-437,1633
-437,1634
-437,1635
-437,1636
-437,1637
-437,1638
-437,1639
-437,1640
-437,1641
-437,1642
-437,1643
-437,1644
-437,1645
-437,1646
-437,1647
-437,1648
-437,1649
-437,1650
-437,1651
-437,1652
-437,1653
-437,1654
-437,1655
-437,1656
-437,1657
-437,1658
-437,1659
-437,1660
-437,1661
-437,1662
-437,1663
-437,1664
-437,1665
-437,1666
-437,1667
-437,1668
-437,1669
-437,1670
-437,1671
-437,1672
-437,1673
-437,1674
-437,1675
-437,1676
-437,1677
-437,1678
-437,1679
-437,1680
-437,1681
-437,1682
-437,1683
-437,1684
-437,1685
-437,1686
-437,1687
-437,1688
-437,1689
-437,1690
-437,1691
-437,1692
-437,1693
-437,1694
-437,1695
-437,1696
-437,1697
-437,1698
-437,1699
-437,1700
-437,1701
-437,1702
-437,1703
-437,1704
-437,1705
-437,1706
-437,1707
-437,1708
-437,1709
-437,1710
-437,1711
-437,1712
-437,1713
-437,1714
-437,1715
-437,1716
-437,1717
-437,1718
-437,1719
-437,1720
-437,1721
:244_13,1722
:244_13,1723
:244_13,1724
:244_13,1725
:244_13,1726
:244_13,1727
:244_13,1728
242,1729
242,1730
242,1731
242,1732
242,1733
242,1734
242,1735
242,1736
242,1737
242,1738
242,1739
242,1740
242,1741
242,1742
242,1743
242,1744
242,1745
242,1746
242,1747
242,1748
242,1749
242,1750
242,1751
242,1752
242,1753
242,1754
242,1755
242,1756
242,1757
242,1758
242,1759
242,1760
242,1761
242,1762
242,1763
242,1764
242,1765
242,1766
242,1767
242,1768
242,1769
242,1770
242,1771
242,1772
242,1773
242,1774
242,1775
242,1776
242,1777
242,1778
242,1779
242,1780
242,1781
242,1782
242,1783
242,1784
242,1785
242,1786
242,1787
242,1788
242,1789
242,1790
242,1791
242,1792
242,1793
242,1794
242,1795
242,1796
242,1797
242,1798
242,1799
242,1800
242,1801
242,1802
242,1803
242,1804
242,1805
242,1806
242,1807
242,1808
242,1809
242,1810
242,1811
242,1812
242,1813
242,1814
242,1815
242,1816
242,1817
242,1818
242,1819
242,1820
242,1821
242,1822
242,1823
242,1824
242,1825
242,1826
242,1827
242,1828
242,1829
242,1830
242,1831
242,1832
242,1833
242,1834
242,1835
242,1836
242,1837
242,1838
242,1839
242,1840
242,1841
242,1842
242,1843
242,1844
242,1845
242,1846
242,1847
242,1848
242,1849
242,1850
242,1851
242,1852
242,1853
242,1854
242,1855
242,1856
242,1857
242,1858
242,1859
242,1860
:245_3,1861
:245_3,1862
:245_3,1863
:245_3,1864
:245_3,1865
:245_3,1866
:245_3,1867
243,1868
243,1869
243,1870
243,1871
243,1872
243,1873
243,1874
243,1875
243,1876
243,1877
243,1878
243,1879
243,1880
243,1881
243,1882
243,1883
243,1884
243,1885
243,1886
243,1887
243,1888
243,1889
243,1890
243,1891
243,1892
243,1893
243,1894
243,1895
243,1896
243,1897
243,1898
243,1899
243,1900
243,1901
243,1902
243,1903
243,1904
243,1905
243,1906
243,1907
243,1908
243,1909
243,1910
243,1911
243,1912
243,1913
243,1914
243,1915
243,1916
243,1917
243,1918
243,1919
243,1920
243,1921
243,1922
243,1923
243,1924
243,1925
243,1926
243,1927
243,1928
243,1929
243,1930
243,1931
243,1932
243,1933
243,1934
243,1935
243,1936
243,1937
243,1938
243,1939
243,1940
243,1941
243,1942
243,1943
243,1944
243,1945
243,1946
243,1947
243,1948
243,1949
243,1950
243,1951
243,1952
243,1953
243,1954
243,1955
243,1956
243,1957
243,1958
243,1959
243,1960
243,1961
:179_13,1962
:179_13,1963
:179_13,1964
:179_13,1965
:179_13,1966
:179_13,1967
244,1968
244,1969
244,1970
244,1971
244,1972
244,1973
244,1974
244,1975
244,1976
244,1977
244,1978
244,1979
244,1980
244,1981
244,1982
244,1983
244,1984
244,1985
244,1986
244,1987
244,1988
244,1989
244,1990
244,1991
244,1992
244,1993
244,1994
244,1995
244,1996
244,1997
244,1998
244,1999
244,2000
