263,1
263,2
263,3
263,4
263,5
263,6
263,7
263,8
263,9
263,10
263,11
263,12
263,13
263,14
263,15
263,16
263,17
263,18
263,19
263,20
263,21
263,22
263,23
263,24
263,25
263,26
263,27
263,28
263,29
263,30
263,31
263,32
263,33
263,34
263,35
263,36
263,37
263,38
263,39
263,40
263,41
263,42
263,43
263,44
263,45
:201_4,46
:201_10,47
:201_10,48
:201_10,49
-440,50
-440,51
-440,52
-440,53
-440,54
-440,55
-440,56
-440,57
-440,58
-440,59
-440,60
-440,61
-440,62
-440,63
-440,64
-440,65
-440,66
-440,67
-440,68
-440,69
-440,70
-440,71
-440,72
-440,73
-440,74
-440,75
-440,76
-440,77
-440,78
-440,79
-440,80
-440,81
-440,82
-440,83
-440,84
-440,85
-440,86
-440,87
-440,88
-440,89
-440,90
-440,91
-440,92
-440,93
-440,94
-440,95
-440,96
-440,97
-440,98
-440,99
-440,100
-440,101
-440,102
-440,103
-440,104
-440,105
-440,106
-440,107
-440,108
-440,109
-440,110
-440,111
-440,112
-440,113
-440,114
-440,115
-440,116
-440,117
-440,118
-440,119
-440,120
-440,121
-440,122
-440,123
-440,124
-440,125
-440,126
-440,127
-440,128
-440,129
-440,130
-440,131
-440,132
-440,133
-440,134
-440,135
-440,136
-440,137
-440,138
-440,139
-440,140
-440,141
-440,142
-440,143
-440,144
-440,145
-440,146
-440,147
-440,148
-440,149
-440,150
-440,151
-440,152
-440,153
-440,154
-440,155
-440,156
:152_5,157
:152_5,158
:152_5,159
:152_5,160
:152_5,161
-137,162
-137,163
-137,164
-137,165
-137,166
-137,167
-137,168
-137,169
-137,170
-137,171
-137,172
-137,173
-137,174
-137,175
-137,176
-137,177
-137,178
-137,179
-137,180
-137,181
-137,182
-137,183
-137,184
-137,185
-137,186
-137,187
-137,188
-137,189
-137,190
-137,191
-137,192
-137,193
-137,194
-137,195
-137,196
-137,197
-137,198
-137,199
-137,200
-137,201
-137,202
-137,203
-137,204
-137,205
-137,206
-137,207
-137,208
-137,209
-137,210
-137,211
-137,212
-137,213
-137,214
-137,215
-137,216
-137,217
-137,218
-137,219
-137,220
-137,221
-137,222
-137,223
-137,224
-137,225
-137,226
-137,227
-137,228
-137,229
-137,230
-137,231
-137,232
-137,233
-137,234
-137,235
-137,236
-137,237
-137,238
-137,239
-137,240
-137,241
-137,242
-137,243
-137,244
-137,245
-137,246
-137,247
-137,248
-137,249
-137,250
-137,251
-137,252
-137,253
-137,254
-137,255
-137,256
-137,257
-137,258
-137,259
-137,260
:151_3,261
:151_3,262
:151_3,263
-569,264
-569,265
-569,266
-569,267
-569,268
-569,269
-569,270
-569,271
-569,272
-569,273
-569,274
-569,275
-569,276
-569,277
-569,278
-569,279
-569,280
-569,281
-569,282
-569,283
-569,284
-569,285
-569,286
-569,287
-569,288
-569,289
-569,290
-569,291
-569,292
-569,293
-569,294
-569,295
-569,296
-569,297
-569,298
-569,299
-569,300
-569,301
-569,302
-569,303
-569,304
-569,305
-569,306
-569,307
-569,308
-569,309
-569,310
-569,311
-569,312
-569,313
-569,314
-569,315
-569,316
-569,317
-569,318
-569,319
-569,320
-569,321
-569,322
-569,323
-569,324
-569,325
-569,326
-569,327
-569,328
-569,329
-569,330
-569,331
-569,332
-569,333
-569,334
-569,335
-569,336
-569,337
-569,338
-569,339
-569,340
-569,341
-569,342
-569,343
-569,344
-569,345
-569,346
-569,347
-569,348
:64_3,349
:64_3,350
:64_3,351
:64_3,352
:64_3,353
-56,354
-56,355
-56,356
-56,357
-56,358
-56,359
-56,360
-56,361
-56,362
-56,363
-56,364
-56,365
-56,366
-56,367
-56,368
-56,369
-56,370
-56,371
-56,372
-56,373
-56,374
-56,375
-56,376
-56,377
-56,378
-56,379
-56,380
-56,381
-56,382
-56,383
-56,384
-56,385
-56,386
-56,387
-56,388
-56,389
-56,390
-56,391
-56,392
-56,393
-56,394
-56,395
-56,396
-56,397
-56,398
-56,399
-56,400
-56,401
-56,402
-56,403
-56,404
-56,405
-56,406
-56,407
-56,408
-56,409
-56,410
-56,411
-56,412
-56,413
-56,414
-56,415
-56,416
-56,417
-56,418
-56,419
-56,420
-56,421
-56,422
-56,423
-56,424
-56,425
-56,426
-56,427
-56,428
-56,429
-56,430
-56,431
-56,432
-56,433
-56,434
-56,435
-56,436
-56,437
-56,438
-56,439
-56,440
-56,441
-56,442
-56,443
-56,444
-56,445
-56,446
-56,447
-56,448
-56,449
-56,450
-56,451
-56,452
-56,453
-56,454
-56,455
-56,456
-56,457
-56,458
-56,459
-56,460
-56,461
-56,462
-56,463
-56,464
-56,465
-56,466
-56,467
-56,468
-56,469
-56,470
-56,471
:58_13,472
:58_13,473
:58_13,474
:58_13,475
53,476
53,477
53,478
53,479
53,480
53,481
53,482
53,483
53,484
53,485
53,486
53,487
53,488
53,489
53,490
53,491
53,492
53,493
53,494
53,495
53,496
53,497
53,498
53,499
53,500
53,501
53,502
53,503
53,504
53,505
53,506
53,507
53,508
53,509
53,510
53,511
53,512
53,513
53,514
53,515
53,516
53,517
53,518
53,519
53,520
53,521
53,522
53,523
53,524
53,525
53,526
53,527
53,528
53,529
53,530
53,531
53,532
53,533
53,534
53,535
53,536
53,537
:61_7,538
:61_7,539
:61_7,540
:61_7,541
:61_7,542
54,543
54,544
54,545
54,546
54,547
54,548
54,549
54,550
54,551
54,552
54,553
54,554
54,555
54,556
54,557
54,558
54,559
54,560
54,561
54,562
54,563
54,564
54,565
54,566
54,567
54,568
54,569
54,570
54,571
54,572
54,573
54,574
54,575
54,576
54,577
54,578
54,579
54,580
54,581
54,582
:62_3,583
:62_3,584
:62_3,585
:62_3,586
55,587
55,588
55,589
55,590
55,591
55,592
55,593
55,594
55,595
55,596
55,597
55,598
55,599
55,600
55,601
55,602
55,603
55,604
55,605
55,606
55,607
55,608
55,609
55,610
55,611
55,612
55,613
55,614
55,615
55,616
55,617
55,618
55,619
55,620
55,621
55,622
55,623
55,624
55,625
55,626
55,627
55,628
55,629
55,630
55,631
55,632
55,633
55,634
55,635
55,636
55,637
55,638
55,639
55,640
55,641
55,642
55,643
55,644
55,645
55,646
55,647
55,648
55,649
55,650
55,651
55,652
55,653
55,654
55,655
55,656
55,657
55,658
55,659
55,660
55,661
55,662
55,663
55,664
55,665
55,666
55,667
55,668
55,669
55,670
55,671
55,672
55,673
55,674
55,675
55,676
55,677
55,678
55,679
55,680
55,681
55,682
55,683
:63_13,684
:63_13,685
:63_13,686
:63_13,687
159,688
159,689
159,690
159,691
159,692
159,693
159,694
159,695
159,696
159,697
159,698
159,699
159,700
159,701
159,702
159,703
159,704
159,705
159,706
159,707
159,708
159,709
159,710
159,711
159,712
159,713
159,714
159,715
159,716
159,717
159,718
159,719
159,720
159,721
159,722
159,723
159,724
159,725
159,726
159,727
159,728
159,729
159,730
159,731
159,732
159,733
159,734
159,735
159,736
159,737
159,738
159,739
159,740
159,741
159,742
159,743
159,744
159,745
159,746
159,747
159,748
159,749
159,750
159,751
159,752
159,753
159,754
159,755
159,756
159,757
159,758
159,759
159,760
159,761
159,762
159,763
159,764
159,765
159,766
159,767
159,768
159,769
159,770
159,771
159,772
159,773
159,774
159,775
:102_7,776
:102_7,777
:102_7,778
:102_7,779
:102_7,780
-87,781
-87,782
-87,783
-87,784
-87,785
-87,786
-87,787
-87,788
-87,789
-87,790
-87,791
-87,792
-87,793
-87,794
-87,795
-87,796
-87,797
-87,798
-87,799
-87,800
-87,801
-87,802
-87,803
-87,804
-87,805
-87,806
-87,807
-87,808
-87,809
-87,810
-87,811
-87,812
-87,813
-87,814
-87,815
-87,816
-87,817
-87,818
-87,819
-87,820
-87,821
-87,822
-87,823
-87,824
-87,825
-87,826
-87,827
-87,828
-87,829
-87,830
-87,831
-87,832
-87,833
-87,834
-87,835
-87,836
-87,837
-87,838
-87,839
-87,840
-87,841
-87,842
-87,843
-87,844
-87,845
-87,846
-87,847
-87,848
-87,849
-87,850
-87,851
-87,852
-87,853
-87,854
-87,855
-87,856
-87,857
-87,858
-87,859
-87,860
-87,861
-87,862
-87,863
-87,864
-87,865
-87,866
-87,867
-87,868
-87,869
-87,870
-87,871
-87,872
-87,873
-87,874
-87,875
-87,876
-87,877
-87,878
-87,879
-87,880
-87,881
-87,882
-87,883
-87,884
-87,885
-87,886
-87,887
-87,888
-87,889
-87,890
-87,891
-87,892
-87,893
-87,894
-87,895
-87,896
-87,897
-87,898
-87,899
-87,900
-87,901
-87,902
-87,903
-87,904
-87,905
-87,906
-87,907
-87,908
-87,909
-87,910
-87,911
-87,912
-87,913
-87,914
-87,915
-87,916
-87,917
-87,918
-87,919
-87,920
-87,921
-87,922
-87,923
-87,924
-87,925
-87,926
-87,927
-87,928
-87,929
-87,930
-87,931
-87,932
-87,933
-87,934
:27_9,935
:27_9,936
:27_9,937
:27_9,938
:27_9,939
-23,940
-23,941
-23,942
-23,943
-23,944
-23,945
-23,946
-23,947
-23,948
-23,949
-23,950
-23,951
-23,952
-23,953
-23,954
-23,955
-23,956
-23,957
-23,958
-23,959
-23,960
-23,961
-23,962
-23,963
-23,964
-23,965
-23,966
-23,967
-23,968
-23,969
-23,970
-23,971
-23,972
-23,973
-23,974
-23,975
-23,976
-23,977
-23,978
-23,979
-23,980
-23,981
-23,982
-23,983
-23,984
-23,985
-23,986
-23,987
-23,988
-23,989
-23,990
-23,991
-23,992
-23,993
-23,994
-23,995
-23,996
-23,997
-23,998
-23,999
-23,1000
-23,1001
-23,1002
-23,1003
-23,1004
-23,1005
-23,1006
-23,1007
-23,1008
-23,1009
-23,1010
-23,1011
-23,1012
-23,1013
-23,1014
-23,1015
-23,1016
-23,1017
-23,1018
-23,1019
-23,1020
-23,1021
-23,1022
-23,1023
-23,1024
-23,1025
-23,1026
-23,1027
-23,1028
-23,1029
-23,1030
-23,1031
-23,1032
-23,1033
-23,1034
-23,1035
-23,1036
-23,1037
-23,1038
-23,1039
-23,1040
-23,1041
-23,1042
-23,1043
-23,1044
-23,1045
-23,1046
-23,1047
-23,1048
-23,1049
-23,1050
-23,1051
-23,1052
-23,1053
-23,1054
-23,1055
-23,1056
-23,1057
-23,1058
-23,1059
-23,1060
-23,1061
-23,1062
-23,1063
-23,1064
-23,1065
-23,1066
-23,1067
-23,1068
-23,1069
-23,1070
-23,1071
-23,1072
-23,1073
-23,1074
-23,1075
-23,1076
-23,1077
-23,1078
-23,1079
-23,1080
-23,1081
-23,1082
-23,1083
-23,1084
-23,1085
-23,1086
-23,1087
-23,1088
-23,1089
-23,1090
-23,1091
-23,1092
-23,1093
-23,1094
-23,1095
-23,1096
-23,1097
-23,1098
-23,1099
-23,1100
-23,1101
-23,1102
-23,1103
-23,1104
-23,1105
-23,1106
-23,1107
-23,1108
-23,1109
:22_9,1110
:22_9,1111
:22_9,1112
:22_9,1113
:22_9,1114
19,1115
19,1116
19,1117
19,1118
19,1119
19,1120
19,1121
19,1122
19,1123
19,1124
19,1125
19,1126
19,1127
19,1128
19,1129
19,1130
19,1131
19,1132
19,1133
19,1134
19,1135
19,1136
19,1137
19,1138
19,1139
19,1140
19,1141
19,1142
19,1143
19,1144
19,1145
19,1146
19,1147
19,1148
19,1149
19,1150
19,1151
19,1152
19,1153
19,1154
19,1155
19,1156
19,1157
19,1158
19,1159
19,1160
19,1161
19,1162
19,1163
19,1164
19,1165
19,1166
19,1167
19,1168
19,1169
19,1170
19,1171
19,1172
19,1173
19,1174
19,1175
19,1176
19,1177
19,1178
19,1179
19,1180
19,1181
19,1182
19,1183
19,1184
19,1185
19,1186
19,1187
19,1188
19,1189
19,1190
19,1191
19,1192
19,1193
19,1194
19,1195
19,1196
19,1197
19,1198
19,1199
19,1200
19,1201
19,1202
19,1203
19,1204
:23_6,1205
:23_6,1206
:23_6,1207
:23_6,1208
:23_6,1209
:23_6,1210
20,1211
20,1212
20,1213
20,1214
20,1215
20,1216
20,1217
20,1218
20,1219
20,1220
20,1221
20,1222
20,1223
20,1224
20,1225
20,1226
20,1227
20,1228
20,1229
20,1230
20,1231
20,1232
20,1233
20,1234
20,1235
20,1236
20,1237
20,1238
20,1239
20,1240
20,1241
20,1242
20,1243
20,1244
20,1245
20,1246
20,1247
20,1248
20,1249
20,1250
20,1251
20,1252
20,1253
20,1254
20,1255
20,1256
20,1257
20,1258
20,1259
20,1260
20,1261
20,1262
20,1263
20,1264
20,1265
20,1266
20,1267
20,1268
20,1269
20,1270
20,1271
20,1272
20,1273
20,1274
20,1275
20,1276
20,1277
20,1278
20,1279
20,1280
20,1281
20,1282
20,1283
20,1284
20,1285
20,1286
20,1287
20,1288
20,1289
20,1290
20,1291
20,1292
20,1293
20,1294
20,1295
20,1296
20,1297
:24_13,1298
:24_13,1299
:24_13,1300
:24_13,1301
:24_13,1302
25,1303
25,1304
25,1305
25,1306
25,1307
25,1308
25,1309
25,1310
25,1311
25,1312
25,1313
25,1314
25,1315
25,1316
25,1317
25,1318
25,1319
25,1320
25,1321
25,1322
25,1323
25,1324
25,1325
25,1326
25,1327
25,1328
25,1329
25,1330
25,1331
25,1332
25,1333
25,1334
25,1335
25,1336
25,1337
25,1338
25,1339
25,1340
25,1341
25,1342
25,1343
25,1344
25,1345
25,1346
25,1347
25,1348
25,1349
25,1350
25,1351
25,1352
25,1353
25,1354
25,1355
25,1356
25,1357
25,1358
25,1359
25,1360
25,1361
25,1362
25,1363
25,1364
25,1365
25,1366
25,1367
25,1368
25,1369
25,1370
25,1371
25,1372
25,1373
25,1374
25,1375
25,1376
25,1377
25,1378
25,1379
25,1380
25,1381
25,1382
25,1383
25,1384
25,1385
25,1386
25,1387
25,1388
25,1389
25,1390
25,1391
25,1392
25,1393
25,1394
25,1395
25,1396
25,1397
25,1398
25,1399
25,1400
25,1401
25,1402
25,1403
25,1404
25,1405
25,1406
25,1407
25,1408
25,1409
25,1410
25,1411
25,1412
25,1413
25,1414
25,1415
25,1416
25,1417
25,1418
25,1419
25,1420
25,1421
25,1422
25,1423
25,1424
25,1425
25,1426
25,1427
25,1428
25,1429
25,1430
25,1431
25,1432
25,1433
25,1434
:29_13,1435
:29_13,1436
:29_13,1437
:29_13,1438
:29_13,1439
210,1440
210,1441
210,1442
210,1443
210,1444
210,1445
210,1446
210,1447
210,1448
210,1449
210,1450
210,1451
210,1452
210,1453
210,1454
210,1455
210,1456
210,1457
210,1458
210,1459
210,1460
210,1461
210,1462
210,1463
210,1464
210,1465
210,1466
210,1467
210,1468
210,1469
210,1470
210,1471
210,1472
210,1473
210,1474
210,1475
210,1476
210,1477
210,1478
210,1479
210,1480
210,1481
210,1482
210,1483
210,1484
210,1485
210,1486
210,1487
210,1488
210,1489
210,1490
210,1491
210,1492
210,1493
210,1494
210,1495
210,1496
210,1497
210,1498
210,1499
210,1500
210,1501
210,1502
210,1503
210,1504
210,1505
210,1506
210,1507
210,1508
210,1509
210,1510
210,1511
210,1512
210,1513
210,1514
210,1515
210,1516
210,1517
210,1518
210,1519
210,1520
210,1521
210,1522
210,1523
210,1524
210,1525
210,1526
210,1527
210,1528
210,1529
210,1530
210,1531
:16_6,1532
:16_6,1533
:16_6,1534
:16_6,1535
:16_6,1536
-14,1537
-14,1538
-14,1539
-14,1540
-14,1541
-14,1542
-14,1543
-14,1544
-14,1545
-14,1546
-14,1547
-14,1548
-14,1549
-14,1550
-14,1551
-14,1552
-14,1553
-14,1554
-14,1555
-14,1556
-14,1557
-14,1558
-14,1559
-14,1560
-14,1561
-14,1562
-14,1563
-14,1564
-14,1565
-14,1566
-14,1567
-14,1568
-14,1569
-14,1570
-14,1571
-14,1572
-14,1573
-14,1574
-14,1575
-14,1576
-14,1577
-14,1578
-14,1579
-14,1580
-14,1581
-14,1582
-14,1583
-14,1584
-14,1585
-14,1586
-14,1587
-14,1588
-14,1589
-14,1590
-14,1591
-14,1592
-14,1593
-14,1594
-14,1595
-14,1596
-14,1597
-14,1598
-14,1599
-14,1600
-14,1601
-14,1602
-14,1603
-14,1604
-14,1605
-14,1606
-14,1607
-14,1608
-14,1609
-14,1610
-14,1611
-14,1612
-14,1613
-14,1614
-14,1615
-14,1616
-14,1617
-14,1618
-14,1619
-14,1620
-14,1621
-14,1622
-14,1623
-14,1624
-14,1625
-14,1626
-14,1627
-14,1628
-14,1629
-14,1630
-14,1631
-14,1632
-14,1633
-14,1634
-14,1635
-14,1636
-14,1637
-14,1638
-14,1639
:14_1,1640
:14_1,1641
13,1642
13,1643
13,1644
13,1645
13,1646
13,1647
13,1648
13,1649
13,1650
13,1651
13,1652
13,1653
13,1654
13,1655
13,1656
13,1657
13,1658
13,1659
13,1660
13,1661
13,1662
13,1663
13,1664
13,1665
13,1666
13,1667
13,1668
13,1669
13,1670
13,1671
13,1672
13,1673
13,1674
13,1675
13,1676
13,1677
13,1678
13,1679
13,1680
13,1681
13,1682
13,1683
13,1684
13,1685
13,1686
13,1687
13,1688
13,1689
13,1690
13,1691
13,1692
13,1693
13,1694
13,1695
13,1696
13,1697
13,1698
13,1699
13,1700
13,1701
13,1702
13,1703
13,1704
13,1705
13,1706
13,1707
13,1708
13,1709
13,1710
13,1711
13,1712
13,1713
13,1714
13,1715
13,1716
13,1717
13,1718
13,1719
13,1720
13,1721
13,1722
13,1723
13,1724
13,1725
13,1726
13,1727
13,1728
13,1729
13,1730
13,1731
13,1732
13,1733
:15_3,1734
:15_3,1735
:15_3,1736
:15_3,1737
:15_3,1738
-375,1739
-375,1740
-375,1741
-375,1742
-375,1743
-375,1744
-375,1745
-375,1746
-375,1747
-375,1748
-375,1749
-375,1750
-375,1751
-375,1752
-375,1753
-375,1754
-375,1755
-375,1756
-375,1757
-375,1758
-375,1759
-375,1760
-375,1761
-375,1762
-375,1763
-375,1764
-375,1765
-375,1766
-375,1767
-375,1768
-375,1769
-375,1770
-375,1771
-375,1772
-375,1773
-375,1774
-375,1775
-375,1776
-375,1777
-375,1778
-375,1779
-375,1780
-375,1781
-375,1782
-375,1783
-375,1784
-375,1785
-375,1786
-375,1787
-375,1788
-375,1789
-375,1790
-375,1791
-375,1792
-375,1793
-375,1794
-375,1795
-375,1796
-375,1797
-375,1798
-375,1799
-375,1800
-375,1801
-375,1802
-375,1803
-375,1804
-375,1805
-375,1806
-375,1807
-375,1808
-375,1809
-375,1810
-375,1811
-375,1812
-375,1813
-375,1814
-375,1815
-375,1816
-375,1817
-375,1818
-375,1819
-375,1820
-375,1821
-375,1822
-375,1823
-375,1824
-375,1825
-375,1826
-375,1827
-375,1828
-375,1829
-375,1830
-375,1831
-375,1832
-375,1833
-375,1834
-375,1835
-375,1836
-375,1837
:340_1,1838
-374,1839
-374,1840
-374,1841
-374,1842
-374,1843
-374,1844
-374,1845
-374,1846
-374,1847
-374,1848
-374,1849
-374,1850
-374,1851
-374,1852
-374,1853
-374,1854
-374,1855
-374,1856
-374,1857
-374,1858
-374,1859
-374,1860
-374,1861
-374,1862
-374,1863
-374,1864
-374,1865
-374,1866
-374,1867
-374,1868
-374,1869
-374,1870
-374,1871
-374,1872
-374,1873
-374,1874
-374,1875
-374,1876
-374,1877
-374,1878
-374,1879
-374,1880
-374,1881
-374,1882
-374,1883
-374,1884
-374,1885
-374,1886
-374,1887
-374,1888
-374,1889
-374,1890
-374,1891
-374,1892
-374,1893
-374,1894
-374,1895
-374,1896
-374,1897
-374,1898
-374,1899
-374,1900
-374,1901
-374,1902
-374,1903
-374,1904
-374,1905
-374,1906
-374,1907
-374,1908
:230_9,1909
:230_9,1910
:230_9,1911
:230_9,1912
:230_9,1913
:230_9,1914
-224,1915
-224,1916
-224,1917
-224,1918
-224,1919
-224,1920
-224,1921
-224,1922
-224,1923
-224,1924
-224,1925
-224,1926
-224,1927
-224,1928
-224,1929
-224,1930
-224,1931
-224,1932
-224,1933
-224,1934
-224,1935
-224,1936
-224,1937
-224,1938
-224,1939
-224,1940
-224,1941
-224,1942
-224,1943
-224,1944
-224,1945
-224,1946
-224,1947
-224,1948
-224,1949
-224,1950
-224,1951
-224,1952
-224,1953
-224,1954
-224,1955
-224,1956
-224,1957
-224,1958
-224,1959
-224,1960
-224,1961
-224,1962
-224,1963
-224,1964
-224,1965
-224,1966
-224,1967
-224,1968
-224,1969
-224,1970
-224,1971
-224,1972
-224,1973
-224,1974
-224,1975
-224,1976
-224,1977
-224,1978
-224,1979
-224,1980
-224,1981
-224,1982
-224,1983
-224,1984
-224,1985
-224,1986
-224,1987
-224,1988
-224,1989
-224,1990
-224,1991
-224,1992
-224,1993
-224,1994
-224,1995
-224,1996
-224,1997
-224,1998
-224,1999
-224,2000
