551,1
551,2
551,3
551,4
551,5
551,6
551,7
551,8
551,9
551,10
551,11
551,12
551,13
551,14
551,15
551,16
551,17
551,18
551,19
551,20
551,21
551,22
551,23
551,24
551,25
551,26
551,27
551,28
551,29
551,30
551,31
551,32
551,33
551,34
551,35
551,36
551,37
551,38
551,39
551,40
551,41
551,42
551,43
551,44
551,45
551,46
551,47
551,48
551,49
551,50
551,51
551,52
551,53
551,54
551,55
551,56
551,57
551,58
551,59
551,60
551,61
551,62
551,63
551,64
551,65
551,66
551,67
551,68
551,69
551,70
551,71
551,72
551,73
551,74
551,75
551,76
551,77
551,78
551,79
551,80
551,81
551,82
551,83
551,84
551,85
551,86
551,87
551,88
551,89
551,90
551,91
551,92
551,93
551,94
551,95
551,96
551,97
551,98
551,99
551,100
551,101
551,102
551,103
551,104
551,105
551,106
551,107
551,108
551,109
551,110
551,111
551,112
551,113
551,114
551,115
551,116
551,117
551,118
551,119
551,120
551,121
551,122
551,123
551,124
551,125
551,126
551,127
551,128
551,129
551,130
551,131
551,132
551,133
551,134
551,135
551,136
551,137
551,138
:83_0,139
:83_0,140
:83_0,141
-254,142
-254,143
-254,144
-254,145
-254,146
-254,147
-254,148
-254,149
-254,150
-254,151
-254,152
-254,153
-254,154
-254,155
-254,156
-254,157
-254,158
-254,159
-254,160
-254,161
-254,162
-254,163
-254,164
-254,165
-254,166
-254,167
-254,168
-254,169
-254,170
-254,171
-254,172
-254,173
-254,174
-254,175
-254,176
-254,177
-254,178
-254,179
-254,180
-254,181
-254,182
-254,183
-254,184
-254,185
-254,186
-254,187
-254,188
-254,189
-254,190
-254,191
-254,192
-254,193
-254,194
-254,195
-254,196
-254,197
-254,198
-254,199
-254,200
-254,201
-254,202
-254,203
-254,204
-254,205
-254,206
-254,207
-254,208
-254,209
-254,210
-254,211
-254,212
-254,213
-254,214
-254,215
-254,216
-254,217
-254,218
-254,219
-254,220
-254,221
-254,222
-254,223
-254,224
-254,225
-254,226
-254,227
-254,228
-254,229
-254,230
-254,231
-254,232
-254,233
:177_3,234
:177_3,235
:177_3,236
255,237
255,238
255,239
255,240
255,241
255,242
255,243
255,244
255,245
255,246
255,247
255,248
255,249
255,250
255,251
255,252
255,253
255,254
255,255
255,256
255,257
255,258
255,259
255,260
255,261
255,262
255,263
255,264
255,265
255,266
255,267
255,268
255,269
255,270
255,271
255,272
255,273
255,274
255,275
255,276
255,277
255,278
255,279
255,280
255,281
255,282
255,283
255,284
255,285
255,286
255,287
255,288
255,289
255,290
255,291
255,292
255,293
255,294
255,295
255,296
255,297
255,298
255,299
255,300
255,301
255,302
255,303
255,304
255,305
255,306
255,307
255,308
255,309
255,310
255,311
255,312
255,313
255,314
255,315
255,316
255,317
255,318
255,319
255,320
255,321
255,322
255,323
255,324
255,325
255,326
255,327
255,328
255,329
255,330
255,331
255,332
255,333
255,334
:223_7,335
:223_7,336
:223_10,337
:223_10,338
:223_10,339
559,340
559,341
559,342
559,343
559,344
559,345
559,346
559,347
559,348
559,349
559,350
559,351
559,352
559,353
559,354
559,355
559,356
559,357
559,358
559,359
559,360
559,361
559,362
559,363
559,364
559,365
559,366
559,367
559,368
559,369
559,370
559,371
559,372
559,373
559,374
559,375
559,376
559,377
559,378
559,379
559,380
559,381
559,382
559,383
559,384
559,385
559,386
559,387
559,388
559,389
559,390
559,391
559,392
:432_4,393
:432_10,394
:432_10,395
:432_10,396
:432_10,397
-518,398
-518,399
-518,400
-518,401
-518,402
-518,403
-518,404
-518,405
-518,406
-518,407
-518,408
-518,409
-518,410
-518,411
-518,412
-518,413
-518,414
-518,415
-518,416
-518,417
-518,418
-518,419
-518,420
-518,421
-518,422
-518,423
-518,424
-518,425
-518,426
-518,427
-518,428
-518,429
-518,430
-518,431
-518,432
-518,433
-518,434
-518,435
-518,436
-518,437
-518,438
-518,439
-518,440
-518,441
-518,442
-518,443
-518,444
-518,445
-518,446
-518,447
-518,448
-518,449
-518,450
-518,451
-518,452
-518,453
-518,454
-518,455
-518,456
-518,457
-518,458
-518,459
-518,460
-518,461
-518,462
-518,463
-518,464
-518,465
-518,466
-518,467
-518,468
-518,469
-518,470
-518,471
-518,472
-518,473
-518,474
-518,475
-518,476
-518,477
-518,478
-518,479
-518,480
-518,481
-518,482
-518,483
-518,484
-518,485
-518,486
-518,487
-518,488
-518,489
-518,490
-518,491
-518,492
-518,493
-518,494
-518,495
-518,496
-518,497
-518,498
-518,499
-518,500
-518,501
-518,502
-518,503
-518,504
-518,505
-518,506
-518,507
-518,508
-518,509
-518,510
-518,511
-518,512
-518,513
-518,514
:430_3,515
:430_6,516
:430_6,517
-683,518
-683,519
-683,520
-683,521
-683,522
-683,523
-683,524
-683,525
-683,526
-683,527
-683,528
-683,529
-683,530
-683,531
-683,532
-683,533
-683,534
-683,535
-683,536
-683,537
-683,538
-683,539
:176_4,540
:176_4,541
510,542
510,543
510,544
510,545
510,546
510,547
510,548
510,549
510,550
510,551
510,552
510,553
510,554
510,555
510,556
510,557
510,558
510,559
510,560
510,561
510,562
510,563
510,564
510,565
510,566
510,567
510,568
510,569
510,570
510,571
510,572
510,573
510,574
510,575
510,576
510,577
510,578
510,579
510,580
510,581
510,582
510,583
510,584
510,585
510,586
510,587
510,588
510,589
510,590
510,591
510,592
510,593
510,594
510,595
510,596
510,597
510,598
510,599
510,600
510,601
510,602
510,603
510,604
510,605
510,606
510,607
510,608
510,609
510,610
510,611
510,612
510,613
510,614
510,615
510,616
510,617
510,618
510,619
510,620
510,621
510,622
510,623
510,624
510,625
510,626
510,627
510,628
510,629
510,630
510,631
510,632
510,633
510,634
510,635
510,636
510,637
510,638
510,639
510,640
510,641
510,642
510,643
510,644
510,645
510,646
510,647
510,648
510,649
510,650
510,651
510,652
510,653
510,654
510,655
510,656
510,657
510,658
510,659
510,660
510,661
510,662
510,663
682,664
682,665
682,666
682,667
682,668
682,669
682,670
682,671
682,672
682,673
682,674
682,675
682,676
682,677
:5_10,678
:5_10,679
:5_10,680
-4,681
-4,682
-4,683
-4,684
-4,685
-4,686
-4,687
-4,688
-4,689
-4,690
-4,691
-4,692
-4,693
-4,694
-4,695
-4,696
-4,697
-4,698
-4,699
-4,700
-4,701
-4,702
-4,703
-4,704
-4,705
-4,706
-4,707
-4,708
-4,709
-4,710
-4,711
-4,712
-4,713
-4,714
-4,715
-4,716
-4,717
-4,718
-4,719
-4,720
-4,721
-4,722
-4,723
-4,724
-4,725
-4,726
-4,727
-4,728
-4,729
-4,730
-4,731
-4,732
-4,733
-4,734
-4,735
-4,736
-4,737
-4,738
-4,739
-4,740
-4,741
-4,742
-4,743
-4,744
-4,745
-4,746
-4,747
-4,748
-4,749
-4,750
-4,751
-4,752
-4,753
-4,754
-4,755
-4,756
-4,757
-4,758
-4,759
-4,760
-4,761
-4,762
-4,763
-4,764
-4,765
-4,766
-4,767
-4,768
-4,769
-4,770
-4,771
-4,772
-4,773
-4,774
-4,775
-4,776
-4,777
-4,778
-4,779
-4,780
-4,781
-4,782
-4,783
-4,784
-4,785
-4,786
-4,787
-4,788
-4,789
-4,790
-4,791
-4,792
-4,793
-4,794
-4,795
-4,796
-4,797
-4,798
-4,799
-4,800
-4,801
-4,802
-4,803
-4,804
-4,805
-4,806
-4,807
-4,808
-4,809
-4,810
-4,811
-4,812
-4,813
-4,814
-4,815
-4,816
-4,817
-4,818
-4,819
-4,820
-4,821
-4,822
-4,823
-4,824
-4,825
-4,826
-4,827
-4,828
-4,829
-4,830
-4,831
-4,832
-4,833
-4,834
-4,835
-4,836
-4,837
-4,838
-4,839
-4,840
-4,841
-4,842
-4,843
-4,844
-4,845
-4,846
-4,847
-4,848
-4,849
-4,850
-4,851
-4,852
-4,853
-4,854
-4,855
-4,856
-4,857
-4,858
-4,859
-4,860
-4,861
-4,862
-4,863
-4,864
-4,865
-4,866
-4,867
-4,868
-4,869
-4,870
-4,871
-4,872
-4,873
-4,874
-4,875
-4,876
-4,877
-4,878
-4,879
-4,880
-4,881
-4,882
-4,883
-4,884
-4,885
-4,886
-4,887
-4,888
-4,889
-4,890
-4,891
-4,892
-4,893
-4,894
-4,895
-4,896
-4,897
-4,898
-4,899
-4,900
-4,901
-4,902
-4,903
-4,904
-4,905
-4,906
-4,907
-4,908
-4,909
-4,910
-4,911
-4,912
-4,913
-4,914
-4,915
-4,916
-4,917
-4,918
-4,919
-4,920
-4,921
-4,922
-4,923
-4,924
-4,925
-4,926
-4,927
-4,928
-4,929
-4,930
-4,931
-4,932
-4,933
-4,934
-4,935
-4,936
-4,937
-4,938
-4,939
-4,940
-4,941
-4,942
-4,943
-4,944
-4,945
-4,946
-4,947
-4,948
-4,949
-4,950
-4,951
-4,952
-4,953
-4,954
-4,955
-4,956
-4,957
-4,958
-4,959
-4,960
-4,961
-4,962
-4,963
-4,964
-4,965
-4,966
-4,967
-4,968
-4,969
-4,970
-4,971
-4,972
-4,973
-4,974
-4,975
-4,976
-4,977
-4,978
-4,979
-4,980
-4,981
-4,982
-4,983
-4,984
-4,985
-4,986
-4,987
-4,988
-4,989
-4,990
-4,991
-4,992
-4,993
-4,994
-4,995
-4,996
-4,997
-4,998
-4,999
-4,1000
-4,1001
-4,1002
-4,1003
-4,1004
-4,1005
-4,1006
-4,1007
-4,1008
-4,1009
-4,1010
-4,1011
-4,1012
-4,1013
-4,1014
-4,1015
-4,1016
-4,1017
-4,1018
-4,1019
-4,1020
-4,1021
-4,1022
-4,1023
-4,1024
-4,1025
-4,1026
-4,1027
-4,1028
-4,1029
-4,1030
-4,1031
-4,1032
-4,1033
-4,1034
-4,1035
-4,1036
-4,1037
-4,1038
-4,1039
-4,1040
-4,1041
-4,1042
-4,1043
-4,1044
-4,1045
-4,1046
-4,1047
-4,1048
-4,1049
-4,1050
-4,1051
-4,1052
-4,1053
-4,1054
-4,1055
-4,1056
-4,1057
-4,1058
-4,1059
-4,1060
-4,1061
-4,1062
-4,1063
-4,1064
-4,1065
-4,1066
-4,1067
-4,1068
-4,1069
:0_10,1070
:0_10,1071
:0_10,1072
:0_10,1073
:0_10,1074
:0_10,1075
:0_10,1076
3,1077
3,1078
3,1079
3,1080
3,1081
3,1082
3,1083
3,1084
3,1085
3,1086
3,1087
3,1088
3,1089
3,1090
3,1091
3,1092
3,1093
3,1094
3,1095
3,1096
3,1097
3,1098
3,1099
3,1100
3,1101
3,1102
3,1103
3,1104
3,1105
3,1106
3,1107
3,1108
3,1109
3,1110
3,1111
3,1112
3,1113
3,1114
3,1115
3,1116
3,1117
3,1118
3,1119
3,1120
3,1121
3,1122
3,1123
3,1124
3,1125
3,1126
3,1127
3,1128
3,1129
3,1130
3,1131
3,1132
3,1133
3,1134
3,1135
3,1136
3,1137
3,1138
3,1139
3,1140
3,1141
3,1142
3,1143
3,1144
3,1145
3,1146
3,1147
3,1148
3,1149
3,1150
3,1151
3,1152
3,1153
3,1154
3,1155
3,1156
3,1157
3,1158
3,1159
3,1160
3,1161
3,1162
3,1163
3,1164
3,1165
3,1166
3,1167
3,1168
3,1169
3,1170
3,1171
3,1172
3,1173
3,1174
3,1175
3,1176
3,1177
3,1178
3,1179
3,1180
3,1181
3,1182
3,1183
3,1184
3,1185
3,1186
3,1187
3,1188
3,1189
3,1190
3,1191
3,1192
3,1193
3,1194
3,1195
3,1196
3,1197
3,1198
3,1199
3,1200
3,1201
3,1202
3,1203
3,1204
3,1205
3,1206
3,1207
3,1208
3,1209
3,1210
3,1211
3,1212
3,1213
3,1214
3,1215
3,1216
3,1217
3,1218
3,1219
3,1220
3,1221
3,1222
3,1223
3,1224
3,1225
3,1226
3,1227
3,1228
3,1229
3,1230
3,1231
3,1232
3,1233
3,1234
3,1235
3,1236
3,1237
3,1238
3,1239
3,1240
3,1241
3,1242
3,1243
3,1244
3,1245
3,1246
3,1247
3,1248
3,1249
3,1250
3,1251
3,1252
3,1253
3,1254
3,1255
3,1256
3,1257
3,1258
3,1259
3,1260
3,1261
3,1262
3,1263
3,1264
3,1265
3,1266
3,1267
3,1268
3,1269
3,1270
3,1271
3,1272
3,1273
3,1274
3,1275
3,1276
3,1277
3,1278
3,1279
3,1280
3,1281
3,1282
3,1283
3,1284
3,1285
3,1286
3,1287
3,1288
3,1289
3,1290
3,1291
3,1292
3,1293
3,1294
3,1295
3,1296
3,1297
3,1298
3,1299
3,1300
3,1301
3,1302
3,1303
3,1304
3,1305
3,1306
3,1307
3,1308
3,1309
3,1310
3,1311
3,1312
3,1313
3,1314
3,1315
3,1316
3,1317
3,1318
3,1319
3,1320
3,1321
3,1322
3,1323
3,1324
3,1325
3,1326
3,1327
3,1328
3,1329
3,1330
3,1331
3,1332
3,1333
3,1334
3,1335
3,1336
3,1337
3,1338
3,1339
3,1340
3,1341
3,1342
3,1343
3,1344
3,1345
3,1346
3,1347
3,1348
3,1349
3,1350
3,1351
3,1352
3,1353
3,1354
3,1355
3,1356
3,1357
3,1358
3,1359
3,1360
3,1361
3,1362
:4_4,1363
:4_4,1364
:4_4,1365
:4_4,1366
-11,1367
-11,1368
-11,1369
-11,1370
-11,1371
-11,1372
-11,1373
-11,1374
-11,1375
-11,1376
-11,1377
-11,1378
-11,1379
-11,1380
-11,1381
-11,1382
-11,1383
-11,1384
-11,1385
-11,1386
-11,1387
-11,1388
-11,1389
-11,1390
-11,1391
-11,1392
-11,1393
-11,1394
-11,1395
-11,1396
-11,1397
-11,1398
-11,1399
-11,1400
-11,1401
-11,1402
-11,1403
-11,1404
-11,1405
-11,1406
-11,1407
-11,1408
-11,1409
-11,1410
-11,1411
-11,1412
-11,1413
-11,1414
-11,1415
-11,1416
-11,1417
-11,1418
-11,1419
-11,1420
-11,1421
-11,1422
-11,1423
-11,1424
-11,1425
-11,1426
-11,1427
-11,1428
-11,1429
-11,1430
-11,1431
-11,1432
-11,1433
-11,1434
-11,1435
-11,1436
-11,1437
-11,1438
-11,1439
-11,1440
-11,1441
-11,1442
-11,1443
-11,1444
-11,1445
-11,1446
-11,1447
-11,1448
-11,1449
-11,1450
-11,1451
-11,1452
-11,1453
-11,1454
-11,1455
-11,1456
-11,1457
-11,1458
-11,1459
-11,1460
-11,1461
-11,1462
-11,1463
-11,1464
-11,1465
-11,1466
-11,1467
-11,1468
-11,1469
-11,1470
-11,1471
-11,1472
-11,1473
-11,1474
-11,1475
-11,1476
-11,1477
-11,1478
-11,1479
-11,1480
-11,1481
-11,1482
-11,1483
-11,1484
-11,1485
-11,1486
-11,1487
-11,1488
-11,1489
-11,1490
-11,1491
:12_0,1492
-10,1493
-10,1494
-10,1495
-10,1496
-10,1497
-10,1498
-10,1499
-10,1500
-10,1501
-10,1502
-10,1503
-10,1504
-10,1505
-10,1506
-10,1507
-10,1508
-10,1509
-10,1510
-10,1511
-10,1512
-10,1513
-10,1514
-10,1515
-10,1516
-10,1517
-10,1518
-10,1519
-10,1520
-10,1521
-10,1522
-10,1523
-10,1524
-10,1525
-10,1526
-10,1527
-10,1528
-10,1529
-10,1530
-10,1531
-10,1532
-10,1533
-10,1534
-10,1535
-10,1536
-10,1537
-10,1538
-10,1539
-10,1540
-10,1541
-10,1542
-10,1543
-10,1544
-10,1545
-10,1546
-10,1547
-10,1548
-10,1549
-10,1550
-10,1551
-10,1552
-10,1553
-10,1554
-9,1555
-9,1556
-9,1557
-9,1558
-9,1559
-9,1560
-9,1561
-9,1562
-9,1563
-9,1564
-9,1565
-9,1566
-9,1567
-9,1568
-9,1569
-9,1570
-9,1571
-9,1572
-9,1573
-9,1574
-9,1575
-9,1576
-9,1577
-9,1578
-9,1579
-9,1580
-9,1581
-9,1582
-9,1583
-9,1584
-9,1585
-9,1586
-9,1587
-9,1588
-9,1589
-9,1590
-9,1591
-9,1592
-9,1593
-9,1594
-9,1595
-9,1596
-9,1597
-9,1598
-9,1599
-9,1600
-9,1601
-9,1602
-9,1603
-9,1604
-9,1605
-9,1606
-9,1607
-9,1608
-9,1609
-9,1610
-9,1611
-9,1612
-9,1613
-9,1614
-9,1615
-9,1616
-8,1617
-8,1618
-8,1619
-8,1620
-8,1621
-8,1622
-8,1623
-8,1624
-8,1625
-8,1626
-8,1627
-8,1628
-8,1629
-8,1630
-8,1631
-8,1632
-8,1633
-8,1634
-8,1635
-8,1636
-8,1637
-8,1638
-8,1639
-8,1640
-8,1641
-8,1642
-8,1643
-8,1644
-8,1645
-8,1646
-8,1647
-8,1648
-8,1649
-8,1650
-8,1651
-8,1652
-8,1653
-8,1654
-8,1655
-8,1656
-8,1657
-8,1658
-8,1659
-8,1660
-8,1661
-8,1662
-8,1663
-8,1664
-8,1665
-8,1666
-8,1667
-8,1668
-8,1669
-8,1670
-8,1671
-8,1672
-8,1673
-8,1674
-8,1675
-8,1676
-8,1677
-8,1678
-8,1679
-8,1680
-8,1681
-7,1682
-7,1683
-7,1684
-7,1685
-7,1686
-7,1687
-7,1688
-7,1689
-7,1690
-7,1691
-7,1692
-7,1693
-7,1694
-7,1695
-7,1696
-7,1697
-7,1698
-7,1699
-7,1700
-7,1701
-7,1702
-7,1703
-7,1704
-7,1705
-7,1706
-7,1707
-7,1708
-7,1709
-7,1710
-7,1711
-7,1712
-7,1713
-7,1714
-7,1715
-7,1716
-7,1717
-7,1718
-7,1719
-7,1720
-7,1721
-7,1722
-7,1723
-7,1724
-7,1725
-7,1726
-7,1727
-7,1728
-7,1729
-7,1730
-7,1731
-7,1732
-7,1733
-7,1734
-7,1735
-7,1736
-7,1737
-7,1738
-7,1739
-7,1740
-7,1741
-7,1742
-7,1743
-7,1744
-7,1745
-7,1746
-7,1747
-7,1748
-7,1749
-7,1750
-7,1751
-7,1752
-7,1753
-7,1754
-7,1755
-6,1756
-6,1757
-6,1758
-6,1759
-6,1760
-6,1761
-6,1762
-6,1763
-6,1764
-6,1765
-6,1766
-6,1767
-6,1768
-6,1769
-6,1770
-6,1771
-6,1772
-6,1773
-6,1774
-6,1775
-6,1776
-6,1777
-6,1778
-6,1779
-6,1780
-6,1781
-6,1782
-6,1783
-6,1784
-6,1785
-6,1786
-6,1787
-6,1788
-6,1789
-6,1790
-6,1791
-6,1792
-6,1793
-6,1794
-6,1795
-6,1796
-6,1797
-6,1798
-6,1799
-6,1800
-6,1801
-6,1802
-6,1803
-6,1804
-6,1805
-6,1806
-6,1807
-6,1808
-6,1809
-6,1810
-6,1811
-6,1812
-6,1813
-6,1814
-6,1815
-6,1816
-6,1817
-6,1818
-6,1819
-6,1820
-6,1821
-6,1822
-6,1823
-6,1824
-6,1825
-6,1826
-6,1827
-6,1828
-6,1829
-6,1830
-6,1831
-6,1832
-6,1833
-6,1834
-6,1835
-6,1836
-6,1837
-6,1838
-6,1839
-6,1840
-6,1841
-6,1842
-6,1843
-6,1844
-6,1845
-6,1846
-6,1847
-6,1848
-6,1849
-6,1850
-6,1851
-6,1852
-6,1853
-6,1854
-6,1855
-6,1856
-6,1857
-6,1858
-6,1859
-6,1860
-6,1861
-6,1862
-6,1863
-6,1864
-6,1865
-6,1866
-6,1867
-6,1868
-6,1869
-6,1870
-6,1871
-6,1872
-6,1873
-6,1874
-6,1875
-6,1876
-6,1877
-6,1878
-6,1879
-6,1880
-6,1881
-6,1882
-6,1883
-6,1884
-6,1885
-6,1886
-6,1887
-6,1888
-6,1889
-6,1890
-6,1891
-6,1892
-6,1893
-6,1894
-6,1895
-6,1896
-6,1897
-6,1898
-6,1899
-6,1900
-6,1901
-6,1902
-6,1903
-6,1904
-6,1905
-6,1906
-6,1907
-6,1908
-6,1909
-6,1910
-6,1911
-6,1912
-6,1913
-6,1914
-6,1915
-6,1916
-6,1917
-6,1918
-6,1919
-6,1920
-6,1921
-6,1922
-6,1923
-6,1924
-6,1925
-6,1926
-6,1927
-6,1928
-6,1929
-6,1930
-6,1931
-6,1932
-6,1933
-6,1934
-6,1935
-6,1936
-6,1937
-6,1938
-6,1939
-6,1940
-6,1941
-6,1942
-6,1943
-6,1944
-6,1945
-6,1946
-6,1947
-6,1948
-6,1949
-6,1950
-6,1951
-6,1952
-6,1953
-6,1954
-6,1955
-6,1956
-6,1957
-6,1958
-6,1959
-6,1960
-6,1961
-6,1962
-6,1963
-6,1964
-6,1965
-6,1966
-6,1967
-6,1968
-6,1969
-6,1970
-6,1971
-6,1972
-6,1973
:6_1,1974
:6_1,1975
-684,1976
-684,1977
-684,1978
-684,1979
-684,1980
-684,1981
-684,1982
-684,1983
-684,1984
-684,1985
-684,1986
-684,1987
-684,1988
-684,1989
-684,1990
-684,1991
-684,1992
-684,1993
-684,1994
-684,1995
-684,1996
:373_4,1997
:373_4,1998
-685,1999
-685,2000
