234,1
234,2
234,3
234,4
234,5
234,6
234,7
234,8
234,9
234,10
234,11
234,12
234,13
234,14
234,15
234,16
234,17
234,18
234,19
234,20
234,21
234,22
234,23
234,24
234,25
234,26
234,27
234,28
234,29
234,30
234,31
234,32
234,33
234,34
234,35
234,36
234,37
234,38
234,39
234,40
234,41
234,42
234,43
234,44
234,45
234,46
234,47
234,48
234,49
234,50
234,51
234,52
234,53
234,54
234,55
234,56
234,57
234,58
234,59
234,60
234,61
234,62
234,63
234,64
234,65
234,66
234,67
234,68
234,69
234,70
234,71
234,72
234,73
234,74
234,75
234,76
234,77
234,78
234,79
234,80
234,81
234,82
234,83
234,84
234,85
234,86
234,87
234,88
234,89
234,90
234,91
234,92
234,93
234,94
234,95
234,96
234,97
234,98
234,99
234,100
234,101
234,102
234,103
234,104
234,105
234,106
234,107
234,108
234,109
234,110
234,111
234,112
234,113
234,114
234,115
234,116
234,117
234,118
234,119
234,120
234,121
234,122
234,123
234,124
234,125
234,126
234,127
234,128
234,129
234,130
234,131
234,132
234,133
234,134
234,135
234,136
234,137
234,138
234,139
234,140
234,141
234,142
234,143
234,144
234,145
234,146
234,147
234,148
234,149
234,150
234,151
234,152
234,153
234,154
234,155
234,156
234,157
234,158
234,159
234,160
234,161
234,162
234,163
234,164
234,165
234,166
234,167
234,168
234,169
234,170
234,171
234,172
234,173
234,174
234,175
234,176
234,177
234,178
234,179
234,180
234,181
234,182
234,183
234,184
234,185
234,186
234,187
234,188
234,189
234,190
234,191
234,192
234,193
234,194
234,195
234,196
234,197
234,198
234,199
234,200
234,201
:238_2,202
:238_2,203
:238_2,204
:238_2,205
:238_2,206
:238_2,207
267,208
267,209
267,210
267,211
267,212
267,213
267,214
267,215
267,216
267,217
267,218
267,219
267,220
267,221
267,222
267,223
267,224
267,225
267,226
267,227
267,228
267,229
267,230
267,231
267,232
267,233
267,234
267,235
267,236
267,237
267,238
267,239
267,240
267,241
267,242
267,243
267,244
267,245
267,246
267,247
267,248
267,249
267,250
267,251
267,252
267,253
267,254
267,255
:262_7,256
:262_7,257
:262_7,258
:262_7,259
:262_7,260
-431,261
-431,262
-431,263
-431,264
-431,265
-431,266
-431,267
-431,268
-431,269
-431,270
-431,271
-431,272
-431,273
-431,274
-431,275
-431,276
-431,277
-431,278
-431,279
-431,280
-431,281
-431,282
-431,283
-431,284
-431,285
-431,286
-431,287
-431,288
-431,289
-431,290
-431,291
-431,292
-431,293
-431,294
-431,295
-431,296
-431,297
-431,298
-431,299
-431,300
-431,301
-431,302
-431,303
-431,304
-431,305
-431,306
-431,307
:203_7,308
:203_7,309
:203_7,310
:203_7,311
:203_7,312
194,313
194,314
194,315
194,316
194,317
194,318
194,319
194,320
194,321
194,322
194,323
194,324
194,325
194,326
194,327
194,328
194,329
194,330
194,331
194,332
194,333
194,334
194,335
194,336
194,337
194,338
194,339
194,340
194,341
194,342
194,343
194,344
194,345
194,346
194,347
194,348
194,349
194,350
194,351
194,352
194,353
194,354
194,355
194,356
194,357
194,358
194,359
194,360
194,361
194,362
194,363
194,364
194,365
194,366
194,367
194,368
194,369
194,370
194,371
194,372
194,373
194,374
194,375
194,376
194,377
194,378
194,379
194,380
194,381
194,382
194,383
194,384
194,385
194,386
194,387
194,388
194,389
194,390
194,391
194,392
194,393
194,394
194,395
194,396
194,397
194,398
194,399
194,400
194,401
194,402
194,403
194,404
194,405
194,406
194,407
194,408
194,409
194,410
194,411
194,412
194,413
194,414
194,415
194,416
194,417
194,418
194,419
194,420
194,421
194,422
194,423
194,424
194,425
194,426
194,427
194,428
194,429
194,430
194,431
194,432
194,433
194,434
194,435
194,436
194,437
194,438
194,439
194,440
194,441
194,442
194,443
194,444
194,445
194,446
194,447
194,448
194,449
194,450
194,451
194,452
194,453
194,454
194,455
194,456
194,457
194,458
194,459
194,460
194,461
194,462
194,463
194,464
194,465
194,466
194,467
194,468
194,469
194,470
194,471
194,472
194,473
194,474
194,475
194,476
194,477
194,478
194,479
194,480
194,481
194,482
194,483
:204_9,484
:204_9,485
:204_9,486
:204_9,487
:204_9,488
:204_9,489
195,490
195,491
195,492
195,493
195,494
195,495
195,496
195,497
195,498
195,499
195,500
195,501
195,502
195,503
195,504
195,505
195,506
195,507
195,508
195,509
195,510
195,511
195,512
195,513
195,514
195,515
195,516
195,517
195,518
195,519
195,520
195,521
195,522
195,523
195,524
195,525
195,526
195,527
195,528
195,529
195,530
195,531
195,532
195,533
195,534
195,535
195,536
195,537
195,538
195,539
195,540
195,541
195,542
195,543
195,544
195,545
195,546
195,547
195,548
195,549
195,550
195,551
195,552
195,553
195,554
195,555
195,556
195,557
195,558
195,559
195,560
195,561
195,562
195,563
195,564
195,565
195,566
195,567
195,568
195,569
195,570
195,571
195,572
195,573
195,574
195,575
195,576
195,577
195,578
195,579
195,580
195,581
195,582
195,583
195,584
195,585
195,586
195,587
195,588
195,589
195,590
195,591
195,592
195,593
195,594
195,595
195,596
195,597
195,598
195,599
195,600
195,601
195,602
195,603
195,604
195,605
195,606
195,607
195,608
195,609
195,610
195,611
195,612
195,613
195,614
195,615
195,616
195,617
195,618
195,619
195,620
195,621
195,622
195,623
195,624
195,625
195,626
195,627
195,628
195,629
195,630
195,631
195,632
195,633
195,634
195,635
195,636
195,637
195,638
195,639
195,640
195,641
195,642
195,643
195,644
195,645
195,646
195,647
195,648
195,649
195,650
195,651
195,652
195,653
195,654
195,655
195,656
195,657
195,658
195,659
195,660
195,661
195,662
195,663
195,664
195,665
195,666
195,667
195,668
195,669
195,670
195,671
195,672
195,673
195,674
195,675
195,676
195,677
195,678
195,679
195,680
195,681
195,682
195,683
195,684
195,685
195,686
195,687
:191_12,688
:191_12,689
:191_12,690
519,691
519,692
519,693
519,694
519,695
519,696
519,697
519,698
519,699
519,700
519,701
519,702
519,703
519,704
519,705
519,706
519,707
519,708
519,709
519,710
519,711
519,712
519,713
519,714
519,715
519,716
519,717
519,718
519,719
519,720
519,721
519,722
519,723
519,724
519,725
519,726
519,727
519,728
519,729
519,730
519,731
519,732
519,733
519,734
519,735
519,736
519,737
519,738
519,739
519,740
519,741
519,742
519,743
519,744
519,745
519,746
519,747
519,748
519,749
519,750
519,751
519,752
519,753
519,754
519,755
519,756
519,757
519,758
519,759
519,760
519,761
519,762
519,763
519,764
519,765
519,766
519,767
519,768
519,769
519,770
519,771
519,772
519,773
519,774
519,775
519,776
519,777
519,778
519,779
519,780
519,781
519,782
519,783
519,784
519,785
519,786
519,787
519,788
519,789
519,790
519,791
519,792
519,793
519,794
519,795
519,796
519,797
519,798
:110_7,799
:110_7,800
:110_7,801
:110_7,802
:110_7,803
-94,804
-94,805
-94,806
-94,807
-94,808
-94,809
-94,810
-94,811
-94,812
-94,813
-94,814
-94,815
-94,816
-94,817
-94,818
-94,819
-94,820
-94,821
-94,822
-94,823
-94,824
-94,825
-94,826
-94,827
-94,828
-94,829
-94,830
-94,831
-94,832
-94,833
-94,834
-94,835
-94,836
-94,837
-94,838
-94,839
-94,840
-94,841
-94,842
-94,843
-94,844
-94,845
-94,846
-94,847
-94,848
-94,849
-94,850
-94,851
-94,852
-94,853
-94,854
-94,855
-94,856
-94,857
-94,858
-94,859
-94,860
-94,861
-94,862
-94,863
-94,864
-94,865
-94,866
-94,867
-94,868
-94,869
-94,870
-94,871
-94,872
-94,873
-94,874
-94,875
-94,876
-94,877
-94,878
-94,879
-94,880
-94,881
-94,882
-94,883
-94,884
-94,885
-94,886
-94,887
-94,888
-94,889
-94,890
-94,891
-94,892
-94,893
-94,894
-94,895
-94,896
-94,897
-94,898
-94,899
-94,900
-94,901
-94,902
-94,903
-94,904
-94,905
-94,906
-94,907
-94,908
-94,909
-94,910
-94,911
-94,912
-94,913
-94,914
-94,915
-94,916
-94,917
-94,918
-94,919
-94,920
-94,921
-94,922
-94,923
-94,924
-94,925
:51_6,926
:51_6,927
:51_6,928
:51_6,929
:51_6,930
:51_6,931
-44,932
-44,933
-44,934
-44,935
-44,936
-44,937
-44,938
-44,939
-44,940
-44,941
-44,942
-44,943
-44,944
-44,945
-44,946
-44,947
-44,948
-44,949
-44,950
-44,951
-44,952
-44,953
-44,954
-44,955
-44,956
-44,957
-44,958
-44,959
-44,960
-44,961
-44,962
-44,963
-44,964
-44,965
-44,966
-44,967
-44,968
-44,969
-44,970
-44,971
-44,972
-44,973
-44,974
-44,975
-44,976
-44,977
-44,978
-44,979
-44,980
-44,981
-44,982
-44,983
-44,984
-44,985
-44,986
-44,987
-44,988
-44,989
-44,990
-44,991
-44,992
-44,993
-44,994
-44,995
-44,996
-44,997
-44,998
-44,999
-44,1000
-44,1001
-44,1002
-44,1003
-44,1004
-44,1005
-44,1006
-44,1007
-44,1008
-44,1009
-44,1010
-44,1011
-44,1012
-44,1013
-44,1014
-44,1015
-44,1016
-44,1017
-44,1018
-44,1019
-44,1020
-44,1021
-44,1022
-44,1023
-44,1024
-44,1025
-44,1026
-44,1027
-44,1028
-44,1029
-44,1030
-44,1031
-44,1032
-44,1033
-44,1034
-44,1035
-44,1036
-44,1037
-44,1038
-44,1039
-44,1040
-44,1041
-44,1042
-44,1043
-44,1044
-44,1045
-44,1046
-44,1047
-44,1048
-44,1049
-44,1050
-44,1051
-44,1052
-44,1053
-44,1054
-44,1055
-44,1056
-44,1057
-44,1058
-44,1059
-44,1060
-44,1061
-44,1062
-44,1063
-44,1064
-44,1065
-44,1066
-44,1067
-44,1068
-44,1069
-44,1070
-44,1071
-44,1072
-44,1073
-44,1074
-44,1075
-44,1076
-44,1077
-44,1078
-44,1079
-44,1080
-44,1081
-44,1082
-44,1083
-44,1084
-44,1085
-44,1086
-44,1087
-44,1088
-44,1089
-44,1090
-44,1091
-44,1092
-44,1093
-44,1094
-44,1095
-44,1096
-44,1097
-44,1098
-44,1099
-44,1100
-44,1101
-44,1102
-44,1103
-44,1104
-44,1105
-44,1106
-44,1107
-44,1108
-44,1109
-44,1110
-44,1111
-44,1112
-44,1113
-44,1114
-44,1115
-44,1116
-44,1117
-44,1118
-44,1119
-44,1120
-44,1121
-44,1122
-44,1123
-44,1124
-44,1125
-44,1126
-44,1127
-44,1128
-44,1129
-44,1130
-44,1131
-44,1132
-44,1133
-44,1134
-44,1135
-44,1136
-44,1137
-44,1138
-44,1139
-44,1140
-44,1141
-44,1142
-44,1143
-44,1144
-44,1145
-44,1146
-44,1147
-44,1148
-44,1149
-44,1150
-44,1151
-44,1152
-44,1153
-44,1154
-44,1155
-44,1156
-44,1157
-44,1158
-44,1159
-44,1160
-44,1161
-44,1162
-44,1163
-44,1164
-44,1165
-44,1166
-44,1167
-44,1168
-44,1169
-44,1170
-44,1171
-44,1172
-44,1173
-44,1174
-44,1175
-44,1176
-44,1177
-44,1178
-44,1179
-44,1180
-44,1181
-44,1182
-44,1183
-44,1184
-44,1185
-44,1186
-44,1187
-44,1188
-44,1189
-44,1190
-44,1191
-44,1192
-44,1193
-44,1194
-44,1195
-44,1196
-44,1197
:50_9,1198
:50_9,1199
:50_9,1200
:50_9,1201
:50_9,1202
:50_9,1203
:50_9,1204
-43,1205
-43,1206
-43,1207
-43,1208
-43,1209
-43,1210
-43,1211
-43,1212
-43,1213
-43,1214
-43,1215
-43,1216
-43,1217
-43,1218
-43,1219
-43,1220
-43,1221
-43,1222
-43,1223
-43,1224
-43,1225
-43,1226
-43,1227
-43,1228
-43,1229
-43,1230
-43,1231
-43,1232
-43,1233
-43,1234
-43,1235
-43,1236
-43,1237
-43,1238
-43,1239
-43,1240
-43,1241
-43,1242
-43,1243
-43,1244
-43,1245
-43,1246
-43,1247
-43,1248
-43,1249
-43,1250
-43,1251
-43,1252
-43,1253
-43,1254
-43,1255
-43,1256
-43,1257
-43,1258
-43,1259
-43,1260
-43,1261
-43,1262
-43,1263
-43,1264
-43,1265
-43,1266
-43,1267
-43,1268
-43,1269
-43,1270
-43,1271
-43,1272
-43,1273
-43,1274
-43,1275
-43,1276
-43,1277
-43,1278
-43,1279
-43,1280
-43,1281
-43,1282
-43,1283
-43,1284
-43,1285
-43,1286
-43,1287
-43,1288
-43,1289
-43,1290
-43,1291
-43,1292
-43,1293
-43,1294
-43,1295
-43,1296
-43,1297
-43,1298
-43,1299
-43,1300
-43,1301
-43,1302
-43,1303
-43,1304
-43,1305
-43,1306
-43,1307
-43,1308
-43,1309
-43,1310
-43,1311
-43,1312
-43,1313
-43,1314
-43,1315
-43,1316
-43,1317
-43,1318
-43,1319
-43,1320
-43,1321
-43,1322
-43,1323
-43,1324
-43,1325
-43,1326
-43,1327
-43,1328
-43,1329
-43,1330
-43,1331
-43,1332
-43,1333
-43,1334
-43,1335
-43,1336
-43,1337
-43,1338
-43,1339
-43,1340
-43,1341
-43,1342
-43,1343
-43,1344
-43,1345
-43,1346
-43,1347
-43,1348
-43,1349
-43,1350
-43,1351
-43,1352
-43,1353
-43,1354
-43,1355
-43,1356
-43,1357
-43,1358
-43,1359
-43,1360
-43,1361
-43,1362
-43,1363
-43,1364
-43,1365
-43,1366
-43,1367
-43,1368
-43,1369
-43,1370
-43,1371
-43,1372
-43,1373
-43,1374
-43,1375
-43,1376
-43,1377
-43,1378
-43,1379
-43,1380
-43,1381
-43,1382
-43,1383
-43,1384
-43,1385
-43,1386
-43,1387
-43,1388
-43,1389
-43,1390
-43,1391
:48_12,1392
:48_12,1393
:48_12,1394
42,1395
42,1396
42,1397
42,1398
42,1399
42,1400
42,1401
42,1402
42,1403
42,1404
42,1405
42,1406
42,1407
42,1408
42,1409
42,1410
42,1411
42,1412
42,1413
42,1414
42,1415
42,1416
42,1417
42,1418
42,1419
42,1420
42,1421
42,1422
42,1423
42,1424
42,1425
42,1426
42,1427
42,1428
42,1429
42,1430
42,1431
42,1432
42,1433
42,1434
42,1435
42,1436
42,1437
42,1438
42,1439
42,1440
42,1441
42,1442
42,1443
42,1444
42,1445
42,1446
42,1447
42,1448
42,1449
42,1450
42,1451
42,1452
42,1453
42,1454
42,1455
42,1456
42,1457
42,1458
42,1459
42,1460
42,1461
42,1462
42,1463
42,1464
42,1465
42,1466
42,1467
42,1468
42,1469
42,1470
42,1471
42,1472
42,1473
42,1474
42,1475
42,1476
42,1477
42,1478
42,1479
42,1480
42,1481
42,1482
42,1483
42,1484
42,1485
42,1486
42,1487
42,1488
42,1489
42,1490
42,1491
42,1492
42,1493
42,1494
42,1495
42,1496
42,1497
42,1498
42,1499
42,1500
42,1501
42,1502
42,1503
42,1504
42,1505
42,1506
42,1507
42,1508
42,1509
42,1510
42,1511
42,1512
42,1513
42,1514
42,1515
42,1516
42,1517
42,1518
42,1519
42,1520
42,1521
42,1522
:44_1,1523
:44_1,1524
:44_1,1525
:44_1,1526
:44_1,1527
-36,1528
-36,1529
-36,1530
-36,1531
-36,1532
-36,1533
-36,1534
-36,1535
-36,1536
-36,1537
-36,1538
-36,1539
-36,1540
-36,1541
-36,1542
-36,1543
-36,1544
-36,1545
-36,1546
-36,1547
-36,1548
-36,1549
-36,1550
-36,1551
-36,1552
-36,1553
-36,1554
-36,1555
-36,1556
-36,1557
-36,1558
-36,1559
-36,1560
-36,1561
-36,1562
-36,1563
-36,1564
-36,1565
-36,1566
-36,1567
-36,1568
-36,1569
-36,1570
-36,1571
-36,1572
-36,1573
-36,1574
-36,1575
-36,1576
-36,1577
-36,1578
-36,1579
-36,1580
-36,1581
-36,1582
-36,1583
-36,1584
-36,1585
-36,1586
-36,1587
-36,1588
-36,1589
-36,1590
-36,1591
-36,1592
-36,1593
-36,1594
-36,1595
-36,1596
-36,1597
-36,1598
-36,1599
-36,1600
-36,1601
-36,1602
-36,1603
-36,1604
-36,1605
-36,1606
-36,1607
-36,1608
-36,1609
-36,1610
-36,1611
-36,1612
-36,1613
-36,1614
-36,1615
-36,1616
-36,1617
-36,1618
-36,1619
-36,1620
-36,1621
-36,1622
-36,1623
-36,1624
-36,1625
-36,1626
-36,1627
-36,1628
-36,1629
-36,1630
-36,1631
-36,1632
-36,1633
-36,1634
-36,1635
-36,1636
-36,1637
-36,1638
-36,1639
-36,1640
-36,1641
-36,1642
-36,1643
-36,1644
-36,1645
-36,1646
-36,1647
-36,1648
-36,1649
-36,1650
-36,1651
-36,1652
-36,1653
-36,1654
-36,1655
-36,1656
-36,1657
-36,1658
-36,1659
-36,1660
-36,1661
-36,1662
-36,1663
-36,1664
-36,1665
-36,1666
-36,1667
-36,1668
-36,1669
-36,1670
-36,1671
-36,1672
-36,1673
:43_1,1674
:43_1,1675
:43_1,1676
:43_1,1677
:43_1,1678
37,1679
37,1680
37,1681
37,1682
37,1683
37,1684
37,1685
37,1686
37,1687
37,1688
37,1689
37,1690
37,1691
37,1692
37,1693
37,1694
37,1695
37,1696
37,1697
37,1698
37,1699
37,1700
37,1701
37,1702
37,1703
37,1704
37,1705
37,1706
37,1707
37,1708
37,1709
37,1710
37,1711
37,1712
37,1713
37,1714
37,1715
37,1716
37,1717
37,1718
37,1719
37,1720
37,1721
37,1722
37,1723
37,1724
37,1725
37,1726
37,1727
37,1728
37,1729
37,1730
37,1731
37,1732
37,1733
37,1734
37,1735
37,1736
37,1737
37,1738
37,1739
37,1740
37,1741
37,1742
37,1743
37,1744
37,1745
37,1746
37,1747
37,1748
37,1749
37,1750
37,1751
37,1752
37,1753
37,1754
37,1755
37,1756
37,1757
37,1758
37,1759
37,1760
37,1761
37,1762
37,1763
37,1764
37,1765
37,1766
37,1767
37,1768
37,1769
37,1770
37,1771
37,1772
37,1773
37,1774
37,1775
37,1776
37,1777
37,1778
37,1779
37,1780
37,1781
37,1782
37,1783
37,1784
37,1785
37,1786
37,1787
37,1788
37,1789
37,1790
37,1791
37,1792
37,1793
37,1794
37,1795
37,1796
37,1797
37,1798
37,1799
37,1800
37,1801
37,1802
37,1803
37,1804
37,1805
37,1806
37,1807
37,1808
