-426,21
-426,22
-426,23
-426,24
-426,25
-426,26
-426,27
-426,28
-426,29
-426,30
-426,31
-426,32
-426,33
-426,34
-426,35
-426,36
-426,37
-426,38
-426,39
-426,40
-426,41
-426,42
-426,43
-426,44
-426,45
-426,46
-426,47
-426,48
-426,49
-426,50
-426,51
-426,52
-426,53
-426,54
-426,55
-426,56
-426,57
-426,58
-426,59
-426,60
-426,61
-426,62
-426,63
-426,64
-426,65
-426,66
-426,67
-426,68
-426,69
-426,70
-426,71
-426,72
-426,73
-426,74
-426,75
-426,76
-426,77
-426,78
-426,79
-426,80
-426,81
-426,82
-426,83
-426,84
-426,85
-426,86
-426,87
-426,88
-426,89
-426,90
-426,91
-426,92
-426,93
-426,94
-426,95
-426,96
-426,97
-426,98
-426,99
-426,100
-426,101
-426,102
-426,103
-426,104
-426,105
-426,106
-426,107
-426,108
-426,109
-426,110
-426,111
-426,112
-426,113
-426,114
-426,115
-426,116
-426,117
-426,118
-426,119
-426,120
-426,121
-426,122
-426,123
-426,124
-426,125
-426,126
-426,127
-426,128
-426,129
-426,130
-426,131
-426,132
-426,133
-426,134
-426,135
-426,136
-426,137
-426,138
-426,139
-426,140
-426,141
-426,142
-426,143
-426,144
-426,145
:7_1,146
:7_1,147
:7_1,148
:7_16,149
:7_16,150
:7_16,151
:7_16,152
:7_16,153
425,154
425,155
425,156
425,157
425,158
425,159
425,160
425,161
425,162
425,163
425,164
425,165
425,166
425,167
425,168
425,169
425,170
425,171
425,172
425,173
425,174
425,175
425,176
425,177
425,178
425,179
425,180
425,181
425,182
425,183
425,184
425,185
425,186
425,187
425,188
425,189
425,190
425,191
425,192
425,193
425,194
425,195
425,196
425,197
425,198
425,199
425,200
425,201
425,202
425,203
425,204
425,205
425,206
425,207
425,208
425,209
425,210
425,211
425,212
425,213
425,214
425,215
425,216
425,217
425,218
425,219
425,220
425,221
425,222
425,223
425,224
425,225
425,226
425,227
425,228
425,229
425,230
425,231
425,232
425,233
425,234
425,235
425,236
425,237
425,238
425,239
425,240
425,241
425,242
425,243
425,244
425,245
425,246
425,247
425,248
425,249
425,250
425,251
425,252
425,253
425,254
425,255
425,256
425,257
425,258
425,259
425,260
425,261
425,262
425,263
425,264
425,265
425,266
425,267
425,268
425,269
425,270
425,271
425,272
425,273
425,274
425,275
425,276
425,277
425,278
425,279
425,280
425,281
425,282
425,283
425,284
425,285
425,286
425,287
425,288
425,289
425,290
425,291
425,292
425,293
425,294
425,295
425,296
425,297
:373_1,298
:373_1,299
:373_7,300
:373_7,301
684,302
684,303
684,304
684,305
684,306
684,307
684,308
684,309
684,310
684,311
684,312
684,313
684,314
684,315
684,316
684,317
684,318
684,319
684,320
684,321
684,322
684,323
684,324
684,325
684,326
:6_9,327
:6_9,328
6,329
6,330
6,331
6,332
6,333
6,334
6,335
6,336
6,337
6,338
6,339
6,340
6,341
6,342
6,343
6,344
6,345
6,346
6,347
6,348
6,349
6,350
6,351
6,352
6,353
6,354
6,355
6,356
6,357
6,358
6,359
6,360
6,361
6,362
6,363
6,364
6,365
6,366
6,367
6,368
6,369
6,370
6,371
6,372
6,373
6,374
6,375
6,376
6,377
6,378
6,379
6,380
6,381
6,382
6,383
6,384
6,385
6,386
6,387
6,388
6,389
6,390
6,391
6,392
6,393
6,394
6,395
6,396
6,397
6,398
6,399
6,400
6,401
6,402
6,403
6,404
6,405
6,406
6,407
6,408
6,409
6,410
6,411
6,412
6,413
6,414
6,415
6,416
6,417
6,418
6,419
6,420
6,421
6,422
6,423
6,424
6,425
6,426
6,427
6,428
6,429
6,430
6,431
6,432
6,433
6,434
6,435
6,436
6,437
6,438
6,439
6,440
6,441
6,442
6,443
6,444
6,445
6,446
6,447
6,448
6,449
6,450
6,451
6,452
6,453
6,454
6,455
6,456
6,457
6,458
6,459
6,460
6,461
6,462
6,463
6,464
6,465
6,466
6,467
6,468
6,469
6,470
6,471
6,472
6,473
6,474
6,475
6,476
6,477
6,478
6,479
6,480
6,481
6,482
6,483
6,484
6,485
6,486
6,487
6,488
6,489
6,490
6,491
6,492
6,493
6,494
6,495
6,496
6,497
6,498
6,499
6,500
6,501
6,502
6,503
6,504
6,505
6,506
6,507
6,508
6,509
6,510
6,511
6,512
6,513
6,514
6,515
6,516
6,517
6,518
6,519
6,520
6,521
6,522
6,523
6,524
6,525
6,526
6,527
6,528
6,529
6,530
6,531
6,532
6,533
6,534
6,535
6,536
6,537
6,538
6,539
6,540
6,541
6,542
6,543
6,544
6,545
6,546
6,547
6,548
6,549
6,550
6,551
6,552
6,553
6,554
6,555
6,556
6,557
6,558
6,559
6,560
6,561
6,562
6,563
6,564
6,565
6,566
6,567
6,568
6,569
6,570
6,571
6,572
6,573
6,574
6,575
6,576
6,577
6,578
6,579
6,580
6,581
6,582
6,583
6,584
6,585
6,586
6,587
6,588
6,589
6,590
6,591
6,592
:8_1,593
7,594
7,595
7,596
7,597
7,598
7,599
7,600
7,601
7,602
7,603
7,604
7,605
7,606
7,607
7,608
7,609
7,610
7,611
7,612
7,613
7,614
7,615
7,616
7,617
7,618
7,619
7,620
7,621
7,622
7,623
7,624
7,625
7,626
7,627
7,628
7,629
7,630
7,631
7,632
7,633
7,634
7,635
7,636
7,637
7,638
7,639
7,640
7,641
7,642
7,643
7,644
7,645
7,646
7,647
7,648
7,649
7,650
7,651
7,652
7,653
7,654
7,655
7,656
7,657
7,658
7,659
7,660
7,661
7,662
7,663
7,664
7,665
7,666
7,667
7,668
7,669
7,670
7,671
7,672
7,673
7,674
7,675
7,676
7,677
7,678
7,679
7,680
7,681
7,682
:9_1,683
8,684
8,685
8,686
8,687
8,688
8,689
8,690
8,691
8,692
8,693
8,694
8,695
8,696
8,697
8,698
8,699
8,700
8,701
8,702
8,703
8,704
8,705
8,706
8,707
8,708
8,709
8,710
8,711
8,712
8,713
8,714
8,715
8,716
8,717
8,718
8,719
8,720
8,721
8,722
8,723
8,724
8,725
8,726
8,727
8,728
8,729
8,730
8,731
8,732
8,733
8,734
8,735
8,736
8,737
8,738
8,739
8,740
8,741
8,742
8,743
8,744
8,745
8,746
8,747
8,748
8,749
8,750
8,751
8,752
8,753
8,754
8,755
8,756
8,757
8,758
8,759
8,760
8,761
9,762
9,763
9,764
9,765
9,766
9,767
9,768
9,769
9,770
9,771
9,772
9,773
9,774
9,775
9,776
9,777
9,778
9,779
9,780
9,781
9,782
9,783
9,784
9,785
9,786
9,787
9,788
9,789
9,790
9,791
9,792
9,793
9,794
9,795
9,796
9,797
9,798
9,799
9,800
9,801
9,802
9,803
9,804
9,805
9,806
9,807
9,808
9,809
9,810
9,811
9,812
9,813
9,814
9,815
9,816
9,817
9,818
9,819
9,820
9,821
9,822
9,823
9,824
9,825
9,826
9,827
9,828
9,829
9,830
9,831
9,832
9,833
9,834
9,835
9,836
10,837
10,838
10,839
10,840
10,841
10,842
10,843
10,844
10,845
10,846
10,847
10,848
10,849
10,850
10,851
10,852
10,853
10,854
10,855
10,856
10,857
10,858
10,859
10,860
10,861
10,862
10,863
10,864
10,865
10,866
10,867
10,868
10,869
10,870
10,871
10,872
10,873
10,874
10,875
10,876
10,877
10,878
10,879
10,880
10,881
10,882
10,883
10,884
10,885
10,886
10,887
10,888
10,889
10,890
10,891
10,892
10,893
10,894
10,895
10,896
10,897
10,898
10,899
10,900
10,901
10,902
10,903
10,904
10,905
10,906
10,907
10,908
10,909
10,910
10,911
10,912
11,913
11,914
11,915
11,916
11,917
11,918
11,919
11,920
11,921
11,922
11,923
11,924
11,925
11,926
11,927
11,928
11,929
11,930
11,931
11,932
11,933
11,934
11,935
11,936
11,937
11,938
11,939
11,940
11,941
11,942
11,943
11,944
11,945
11,946
11,947
11,948
11,949
11,950
11,951
11,952
11,953
11,954
11,955
11,956
11,957
11,958
11,959
11,960
11,961
11,962
11,963
11,964
11,965
11,966
11,967
11,968
11,969
11,970
11,971
11,972
11,973
11,974
11,975
11,976
11,977
11,978
11,979
11,980
11,981
11,982
11,983
11,984
11,985
11,986
11,987
11,988
11,989
11,990
11,991
11,992
11,993
11,994
11,995
11,996
11,997
11,998
11,999
11,1000
11,1001
11,1002
11,1003
11,1004
11,1005
11,1006
11,1007
11,1008
11,1009
11,1010
11,1011
11,1012
11,1013
11,1014
11,1015
11,1016
11,1017
11,1018
11,1019
11,1020
11,1021
11,1022
11,1023
11,1024
11,1025
11,1026
11,1027
11,1028
11,1029
11,1030
11,1031
11,1032
11,1033
11,1034
11,1035
11,1036
11,1037
11,1038
11,1039
11,1040
11,1041
11,1042
11,1043
11,1044
11,1045
11,1046
11,1047
11,1048
11,1049
11,1050
11,1051
11,1052
11,1053
11,1054
11,1055
11,1056
11,1057
11,1058
11,1059
11,1060
11,1061
11,1062
11,1063
11,1064
:4_6,1065
:4_6,1066
:4_6,1067
-3,1068
-3,1069
-3,1070
-3,1071
-3,1072
-3,1073
-3,1074
-3,1075
-3,1076
-3,1077
-3,1078
-3,1079
-3,1080
-3,1081
-3,1082
-3,1083
-3,1084
-3,1085
-3,1086
-3,1087
-3,1088
-3,1089
-3,1090
-3,1091
-3,1092
-3,1093
-3,1094
-3,1095
-3,1096
-3,1097
-3,1098
-3,1099
-3,1100
-3,1101
-3,1102
-3,1103
-3,1104
-3,1105
-3,1106
-3,1107
-3,1108
-3,1109
-3,1110
-3,1111
-3,1112
-3,1113
-3,1114
-3,1115
-3,1116
-3,1117
-3,1118
-3,1119
-3,1120
-3,1121
-3,1122
-3,1123
-3,1124
-3,1125
-3,1126
-3,1127
-3,1128
-3,1129
-3,1130
-3,1131
-3,1132
-3,1133
-3,1134
-3,1135
-3,1136
-3,1137
-3,1138
-3,1139
-3,1140
-3,1141
-3,1142
-3,1143
-3,1144
-3,1145
-3,1146
-3,1147
-3,1148
-3,1149
-3,1150
-3,1151
-3,1152
-3,1153
-3,1154
-3,1155
-3,1156
-3,1157
-3,1158
-3,1159
-3,1160
-3,1161
-3,1162
-3,1163
-3,1164
-3,1165
-3,1166
-3,1167
-3,1168
-3,1169
-3,1170
-3,1171
-3,1172
-3,1173
-3,1174
-3,1175
-3,1176
-3,1177
-3,1178
-3,1179
-3,1180
-3,1181
-3,1182
-3,1183
-3,1184
-3,1185
-3,1186
-3,1187
-3,1188
-3,1189
-3,1190
-3,1191
-3,1192
-3,1193
-3,1194
-3,1195
-3,1196
-3,1197
-3,1198
-3,1199
-3,1200
-3,1201
-3,1202
-3,1203
-3,1204
-3,1205
-3,1206
-3,1207
-3,1208
-3,1209
-3,1210
-3,1211
-3,1212
-3,1213
-3,1214
-3,1215
-3,1216
-3,1217
-3,1218
-3,1219
-3,1220
-3,1221
-3,1222
-3,1223
-3,1224
-3,1225
-3,1226
-3,1227
-3,1228
-3,1229
-3,1230
-3,1231
-3,1232
-3,1233
-3,1234
-3,1235
-3,1236
-3,1237
-3,1238
-3,1239
-3,1240
-3,1241
-3,1242
-3,1243
-3,1244
-3,1245
-3,1246
-3,1247
-3,1248
-3,1249
-3,1250
-3,1251
-3,1252
-3,1253
-3,1254
-3,1255
-3,1256
-3,1257
-3,1258
-3,1259
-3,1260
-3,1261
-3,1262
-3,1263
-3,1264
-3,1265
-3,1266
-3,1267
-3,1268
-3,1269
-3,1270
-3,1271
-3,1272
-3,1273
-3,1274
-3,1275
-3,1276
-3,1277
-3,1278
-3,1279
-3,1280
-3,1281
-3,1282
-3,1283
-3,1284
-3,1285
-3,1286
-3,1287
-3,1288
-3,1289
-3,1290
-3,1291
-3,1292
-3,1293
-3,1294
-3,1295
-3,1296
-3,1297
-3,1298
-3,1299
-3,1300
-3,1301
-3,1302
-3,1303
-3,1304
-3,1305
-3,1306
-3,1307
-3,1308
-3,1309
-3,1310
-3,1311
-3,1312
-3,1313
-3,1314
-3,1315
-3,1316
-3,1317
-3,1318
-3,1319
-3,1320
-3,1321
-3,1322
-3,1323
-3,1324
-3,1325
-3,1326
-3,1327
-3,1328
-3,1329
-3,1330
-3,1331
-3,1332
-3,1333
-3,1334
-3,1335
-3,1336
-3,1337
-3,1338
-3,1339
-3,1340
-3,1341
-3,1342
-3,1343
-3,1344
-3,1345
-3,1346
-3,1347
-3,1348
-3,1349
-3,1350
-3,1351
-3,1352
-3,1353
-3,1354
-3,1355
-3,1356
-3,1357
-3,1358
-3,1359
-3,1360
-3,1361
-3,1362
-3,1363
-3,1364
-3,1365
-3,1366
-3,1367
-3,1368
-3,1369
-3,1370
-3,1371
-3,1372
-3,1373
-3,1374
-3,1375
-3,1376
-3,1377
-3,1378
-3,1379
-3,1380
-3,1381
-3,1382
-3,1383
-3,1384
-3,1385
-3,1386
-3,1387
-3,1388
-3,1389
-3,1390
-3,1391
-3,1392
-3,1393
-3,1394
-3,1395
-3,1396
-3,1397
-3,1398
-3,1399
-3,1400
-3,1401
-3,1402
-3,1403
-3,1404
-3,1405
-3,1406
-3,1407
-3,1408
-3,1409
-3,1410
-3,1411
-3,1412
-3,1413
-3,1414
:0_14,1415
:0_14,1416
:0_18,1417
:0_18,1418
:0_18,1419
:0_18,1420
0,1421
0,1422
0,1423
0,1424
0,1425
0,1426
0,1427
0,1428
0,1429
0,1430
0,1431
0,1432
0,1433
0,1434
0,1435
0,1436
0,1437
0,1438
0,1439
0,1440
0,1441
0,1442
0,1443
0,1444
0,1445
0,1446
0,1447
0,1448
0,1449
0,1450
0,1451
0,1452
0,1453
0,1454
0,1455
0,1456
0,1457
0,1458
0,1459
0,1460
0,1461
0,1462
0,1463
0,1464
0,1465
0,1466
0,1467
0,1468
0,1469
0,1470
0,1471
0,1472
0,1473
0,1474
0,1475
0,1476
0,1477
0,1478
0,1479
0,1480
0,1481
0,1482
0,1483
0,1484
0,1485
0,1486
0,1487
0,1488
0,1489
0,1490
0,1491
0,1492
0,1493
0,1494
0,1495
0,1496
0,1497
0,1498
0,1499
0,1500
0,1501
0,1502
0,1503
0,1504
0,1505
0,1506
0,1507
0,1508
0,1509
0,1510
0,1511
0,1512
0,1513
0,1514
0,1515
0,1516
0,1517
0,1518
0,1519
0,1520
0,1521
0,1522
0,1523
0,1524
0,1525
0,1526
0,1527
0,1528
0,1529
0,1530
0,1531
0,1532
0,1533
0,1534
0,1535
0,1536
0,1537
0,1538
0,1539
0,1540
0,1541
0,1542
0,1543
0,1544
0,1545
0,1546
0,1547
0,1548
0,1549
0,1550
0,1551
0,1552
0,1553
0,1554
0,1555
0,1556
0,1557
0,1558
0,1559
0,1560
0,1561
0,1562
0,1563
0,1564
0,1565
0,1566
0,1567
0,1568
0,1569
0,1570
0,1571
0,1572
0,1573
0,1574
0,1575
0,1576
:1_7,1577
:1_7,1578
:1_7,1579
:1_7,1580
:1_7,1581
:1_7,1582
1,1583
1,1584
1,1585
1,1586
1,1587
1,1588
1,1589
1,1590
1,1591
1,1592
1,1593
1,1594
1,1595
1,1596
1,1597
1,1598
1,1599
1,1600
1,1601
1,1602
1,1603
1,1604
1,1605
1,1606
1,1607
1,1608
1,1609
1,1610
1,1611
1,1612
1,1613
1,1614
1,1615
1,1616
1,1617
1,1618
1,1619
1,1620
1,1621
1,1622
1,1623
1,1624
1,1625
:2_3,1626
:2_3,1627
:2_3,1628
:2_3,1629
:2_3,1630
:2_3,1631
:2_3,1632
2,1633
2,1634
2,1635
2,1636
2,1637
2,1638
2,1639
2,1640
2,1641
2,1642
2,1643
2,1644
2,1645
2,1646
2,1647
2,1648
2,1649
2,1650
2,1651
2,1652
2,1653
2,1654
2,1655
2,1656
2,1657
2,1658
2,1659
2,1660
2,1661
2,1662
2,1663
2,1664
2,1665
2,1666
2,1667
2,1668
2,1669
2,1670
2,1671
2,1672
2,1673
2,1674
2,1675
2,1676
2,1677
2,1678
2,1679
2,1680
2,1681
2,1682
2,1683
2,1684
2,1685
2,1686
2,1687
2,1688
2,1689
2,1690
2,1691
2,1692
2,1693
2,1694
2,1695
2,1696
2,1697
2,1698
2,1699
2,1700
2,1701
2,1702
2,1703
2,1704
2,1705
2,1706
2,1707
2,1708
2,1709
2,1710
2,1711
2,1712
2,1713
2,1714
2,1715
2,1716
2,1717
2,1718
2,1719
2,1720
2,1721
2,1722
2,1723
2,1724
2,1725
2,1726
2,1727
2,1728
2,1729
2,1730
2,1731
2,1732
2,1733
2,1734
2,1735
2,1736
2,1737
2,1738
2,1739
2,1740
2,1741
2,1742
2,1743
2,1744
2,1745
2,1746
2,1747
2,1748
2,1749
2,1750
2,1751
2,1752
2,1753
2,1754
2,1755
2,1756
2,1757
2,1758
2,1759
2,1760
2,1761
2,1762
:3_7,1763
:3_7,1764
:3_7,1765
:3_7,1766
:3_7,1767
:3_7,1768
:3_7,1769
-102,1770
-102,1771
-102,1772
-102,1773
-102,1774
-102,1775
-102,1776
-102,1777
-102,1778
-102,1779
-102,1780
-102,1781
-102,1782
-102,1783
-102,1784
-102,1785
-102,1786
-102,1787
-102,1788
-102,1789
-102,1790
-102,1791
-102,1792
-102,1793
-102,1794
-102,1795
-102,1796
-102,1797
-102,1798
-102,1799
-102,1800
-102,1801
-102,1802
-102,1803
-102,1804
-102,1805
-102,1806
-102,1807
-102,1808
-102,1809
-102,1810
-102,1811
-102,1812
-102,1813
-102,1814
-102,1815
-102,1816
-102,1817
-102,1818
-102,1819
-102,1820
-102,1821
-102,1822
-102,1823
-102,1824
-102,1825
-102,1826
-102,1827
-102,1828
-102,1829
-102,1830
-102,1831
-102,1832
-102,1833
-102,1834
-102,1835
-102,1836
-102,1837
-102,1838
-102,1839
-102,1840
-102,1841
-102,1842
-102,1843
-102,1844
-102,1845
-102,1846
-102,1847
-102,1848
-102,1849
-102,1850
-102,1851
-102,1852
-102,1853
-102,1854
-102,1855
-102,1856
-102,1857
-102,1858
-102,1859
-102,1860
-102,1861
-102,1862
-102,1863
-102,1864
-102,1865
-102,1866
-102,1867
-102,1868
-102,1869
-102,1870
-102,1871
-102,1872
-102,1873
-102,1874
-102,1875
-102,1876
-102,1877
-102,1878
-102,1879
-102,1880
-102,1881
-102,1882
-102,1883
-102,1884
-102,1885
-102,1886
-102,1887
-102,1888
-102,1889
-102,1890
-102,1891
-102,1892
-102,1893
-102,1894
-102,1895
-102,1896
-102,1897
-102,1898
-102,1899
-102,1900
-102,1901
-102,1902
-102,1903
-102,1904
-102,1905
-102,1906
-102,1907
-102,1908
-102,1909
-102,1910
-102,1911
-102,1912
-102,1913
-102,1914
-102,1915
-102,1916
-102,1917
-102,1918
-102,1919
-102,1920
-102,1921
-102,1922
-102,1923
-102,1924
-102,1925
-102,1926
-102,1927
-102,1928
-102,1929
-102,1930
-102,1931
-102,1932
-102,1933
-102,1934
-102,1935
-102,1936
-102,1937
-102,1938
-102,1939
-102,1940
-102,1941
-102,1942
-102,1943
-102,1944
-102,1945
-102,1946
-102,1947
-102,1948
-102,1949
-102,1950
-102,1951
-102,1952
-102,1953
-102,1954
-102,1955
-102,1956
-102,1957
-102,1958
-102,1959
-102,1960
-102,1961
-102,1962
-102,1963
-102,1964
-102,1965
-102,1966
-102,1967
-102,1968
-102,1969
-102,1970
-102,1971
-102,1972
-102,1973
-102,1974
-102,1975
-102,1976
-102,1977
-102,1978
-102,1979
-102,1980
-102,1981
-102,1982
-102,1983
-102,1984
-102,1985
-102,1986
-102,1987
-102,1988
-102,1989
-102,1990
-102,1991
-102,1992
-102,1993
-102,1994
-102,1995
-102,1996
-102,1997
