-36,21
-36,22
-36,23
-36,24
-36,25
-36,26
-36,27
-36,28
-36,29
-36,30
-36,31
-36,32
-36,33
-36,34
-36,35
-36,36
-36,37
-36,38
-36,39
-36,40
-36,41
-36,42
-36,43
-36,44
-36,45
-36,46
-36,47
-36,48
-36,49
-36,50
-36,51
-36,52
-36,53
-36,54
-36,55
-36,56
-36,57
-36,58
-36,59
-36,60
-36,61
-36,62
-36,63
-36,64
-36,65
-36,66
-36,67
-36,68
-36,69
-36,70
-36,71
-36,72
-36,73
-36,74
-36,75
-36,76
-36,77
-36,78
-36,79
-36,80
-36,81
-36,82
-36,83
-36,84
-36,85
-36,86
-36,87
-36,88
-36,89
-36,90
-36,91
-36,92
-36,93
-36,94
-36,95
-36,96
-36,97
-36,98
-36,99
-36,100
-36,101
-36,102
-36,103
-36,104
-36,105
-36,106
-36,107
-36,108
-36,109
-36,110
-36,111
-36,112
-36,113
-36,114
-36,115
-36,116
-36,117
-36,118
-36,119
-36,120
-36,121
-36,122
-36,123
-36,124
-36,125
-36,126
-36,127
-36,128
-36,129
-36,130
-36,131
-36,132
-36,133
-36,134
-36,135
-36,136
-36,137
-36,138
-36,139
-36,140
-36,141
-36,142
-36,143
-36,144
-36,145
-36,146
-36,147
-36,148
-36,149
-36,150
-36,151
-36,152
-36,153
-36,154
-36,155
-36,156
-36,157
-36,158
-36,159
-36,160
-36,161
-36,162
-36,163
-36,164
-36,165
-36,166
-36,167
-36,168
-36,169
-36,170
-36,171
-36,172
-36,173
-36,174
-36,175
-36,176
-36,177
-36,178
-36,179
-36,180
-36,181
-36,182
-36,183
-36,184
-36,185
-36,186
-36,187
-36,188
-36,189
:43_1,190
:43_1,191
:43_1,192
:43_1,193
:43_1,194
:43_1,195
:43_1,196
37,197
37,198
37,199
37,200
37,201
37,202
37,203
37,204
37,205
37,206
37,207
37,208
37,209
37,210
37,211
37,212
37,213
37,214
37,215
37,216
37,217
37,218
37,219
37,220
37,221
37,222
37,223
37,224
37,225
37,226
37,227
37,228
37,229
37,230
37,231
37,232
37,233
37,234
37,235
37,236
37,237
37,238
37,239
37,240
37,241
37,242
37,243
37,244
37,245
37,246
37,247
37,248
37,249
37,250
37,251
37,252
37,253
37,254
37,255
37,256
37,257
37,258
37,259
37,260
37,261
37,262
37,263
37,264
37,265
37,266
37,267
37,268
37,269
37,270
37,271
37,272
37,273
37,274
37,275
37,276
37,277
37,278
37,279
37,280
37,281
37,282
37,283
37,284
37,285
37,286
37,287
37,288
37,289
37,290
37,291
37,292
37,293
37,294
37,295
37,296
37,297
37,298
37,299
37,300
37,301
37,302
37,303
37,304
37,305
37,306
37,307
37,308
37,309
37,310
37,311
37,312
37,313
37,314
37,315
37,316
37,317
37,318
37,319
37,320
37,321
37,322
37,323
37,324
37,325
37,326
37,327
37,328
37,329
37,330
37,331
37,332
37,333
37,334
37,335
37,336
37,337
37,338
37,339
37,340
37,341
37,342
37,343
37,344
37,345
37,346
37,347
:45_21,348
:45_21,349
:45_21,350
:45_21,351
:45_21,352
:45_21,353
:45_21,354
:45_21,355
:45_21,356
:45_21,357
:45_21,358
:45_21,359
:45_21,360
:45_21,361
208,362
208,363
208,364
208,365
208,366
208,367
208,368
208,369
208,370
208,371
208,372
208,373
208,374
208,375
208,376
208,377
208,378
208,379
208,380
208,381
208,382
208,383
208,384
208,385
208,386
208,387
208,388
208,389
208,390
208,391
208,392
208,393
208,394
208,395
208,396
208,397
208,398
208,399
208,400
208,401
208,402
208,403
208,404
208,405
208,406
208,407
208,408
208,409
208,410
208,411
208,412
208,413
208,414
208,415
208,416
208,417
208,418
208,419
208,420
208,421
208,422
208,423
208,424
208,425
208,426
208,427
208,428
208,429
208,430
208,431
208,432
208,433
208,434
208,435
208,436
208,437
208,438
208,439
208,440
208,441
208,442
208,443
208,444
208,445
208,446
208,447
208,448
208,449
208,450
208,451
208,452
208,453
208,454
208,455
208,456
208,457
208,458
208,459
208,460
208,461
208,462
208,463
208,464
208,465
208,466
208,467
208,468
208,469
208,470
208,471
208,472
208,473
208,474
208,475
208,476
208,477
208,478
208,479
208,480
208,481
208,482
208,483
208,484
208,485
208,486
208,487
208,488
208,489
208,490
208,491
208,492
208,493
208,494
208,495
208,496
208,497
208,498
208,499
208,500
208,501
208,502
208,503
208,504
208,505
208,506
208,507
208,508
208,509
208,510
208,511
208,512
208,513
208,514
208,515
208,516
208,517
208,518
208,519
208,520
208,521
208,522
208,523
208,524
208,525
208,526
208,527
208,528
208,529
208,530
208,531
208,532
208,533
208,534
208,535
208,536
208,537
208,538
208,539
208,540
208,541
208,542
208,543
208,544
208,545
208,546
208,547
208,548
208,549
208,550
208,551
208,552
208,553
208,554
208,555
208,556
208,557
208,558
208,559
:215_0,560
:215_0,561
:215_0,562
:215_0,563
-244,564
-244,565
-244,566
-244,567
-244,568
-244,569
-244,570
-244,571
-244,572
-244,573
-244,574
-244,575
-244,576
-244,577
-244,578
-244,579
-244,580
-244,581
-244,582
-244,583
-244,584
-244,585
-244,586
-244,587
-244,588
-244,589
-244,590
-244,591
-244,592
-244,593
-244,594
-244,595
-244,596
-244,597
-244,598
-244,599
-244,600
-244,601
-244,602
-244,603
-244,604
-244,605
-244,606
-244,607
-244,608
-244,609
-244,610
-244,611
-244,612
-244,613
-244,614
-244,615
-244,616
-244,617
-244,618
-244,619
-244,620
-244,621
-244,622
-244,623
-244,624
-244,625
-244,626
-244,627
-244,628
-244,629
-244,630
-244,631
-244,632
-244,633
-244,634
-244,635
-244,636
-244,637
-244,638
-244,639
-244,640
-244,641
-244,642
-244,643
-244,644
-244,645
-244,646
-244,647
-244,648
-244,649
-244,650
-244,651
-244,652
-244,653
-244,654
-244,655
-244,656
-244,657
-244,658
-244,659
-244,660
-244,661
-244,662
-244,663
-244,664
-244,665
-244,666
-244,667
-244,668
-244,669
-244,670
-244,671
-244,672
-244,673
-244,674
-244,675
-244,676
-244,677
-244,678
-244,679
-244,680
-244,681
-244,682
-244,683
-244,684
-244,685
-244,686
-244,687
-244,688
-244,689
-244,690
-244,691
-244,692
-244,693
-244,694
-244,695
-244,696
-244,697
-244,698
-244,699
-244,700
-244,701
-244,702
-244,703
-244,704
-244,705
-244,706
-244,707
-244,708
-244,709
-244,710
-244,711
-244,712
-244,713
-244,714
-244,715
-244,716
-244,717
-244,718
-244,719
-244,720
-244,721
-244,722
-244,723
-244,724
-244,725
-244,726
-244,727
-244,728
-244,729
-244,730
-244,731
-244,732
-244,733
-244,734
-244,735
-244,736
-244,737
-244,738
-244,739
-244,740
-244,741
-244,742
-244,743
-244,744
-244,745
-244,746
-244,747
-244,748
-244,749
-244,750
-244,751
-244,752
-244,753
-244,754
-244,755
-244,756
-244,757
-244,758
-244,759
-244,760
-244,761
-244,762
-244,763
-244,764
-244,765
-244,766
-244,767
-244,768
:179_5,769
:179_5,770
:179_5,771
:179_5,772
:179_5,773
:179_5,774
:179_5,775
-243,776
-243,777
-243,778
-243,779
-243,780
-243,781
-243,782
-243,783
-243,784
-243,785
-243,786
-243,787
-243,788
-243,789
-243,790
-243,791
-243,792
-243,793
-243,794
-243,795
-243,796
-243,797
-243,798
-243,799
-243,800
-243,801
-243,802
-243,803
-243,804
-243,805
-243,806
-243,807
-243,808
-243,809
-243,810
-243,811
-243,812
-243,813
-243,814
-243,815
-243,816
-243,817
-243,818
-243,819
-243,820
-243,821
-243,822
-243,823
-243,824
-243,825
-243,826
-243,827
-243,828
-243,829
-243,830
-243,831
-243,832
-243,833
-243,834
-243,835
-243,836
-243,837
-243,838
-243,839
-243,840
-243,841
-243,842
-243,843
-243,844
-243,845
-243,846
-243,847
-243,848
-243,849
-243,850
-243,851
-243,852
-243,853
-243,854
-243,855
-243,856
-243,857
-243,858
-243,859
-243,860
-243,861
-243,862
-243,863
:245_1,864
:245_1,865
:245_1,866
:245_1,867
:245_1,868
:245_1,869
-242,870
-242,871
-242,872
-242,873
-242,874
-242,875
-242,876
-242,877
-242,878
-242,879
-242,880
-242,881
-242,882
-242,883
-242,884
-242,885
-242,886
-242,887
-242,888
-242,889
-242,890
-242,891
-242,892
-242,893
-242,894
-242,895
-242,896
-242,897
-242,898
-242,899
-242,900
-242,901
-242,902
-242,903
-242,904
-242,905
-242,906
-242,907
-242,908
-242,909
-242,910
-242,911
-242,912
-242,913
-242,914
-242,915
-242,916
-242,917
-242,918
-242,919
-242,920
-242,921
-242,922
-242,923
-242,924
-242,925
-242,926
-242,927
-242,928
-242,929
-242,930
-242,931
-242,932
-242,933
-242,934
-242,935
-242,936
-242,937
-242,938
-242,939
-242,940
-242,941
-242,942
-242,943
-242,944
-242,945
-242,946
-242,947
-242,948
-242,949
-242,950
-242,951
-242,952
-242,953
-242,954
-242,955
-242,956
-242,957
-242,958
-242,959
-242,960
-242,961
-242,962
-242,963
-242,964
-242,965
-242,966
-242,967
-242,968
-242,969
-242,970
-242,971
-242,972
-242,973
-242,974
-242,975
-242,976
-242,977
-242,978
-242,979
-242,980
-242,981
-242,982
-242,983
-242,984
-242,985
-242,986
-242,987
-242,988
-242,989
-242,990
-242,991
-242,992
:244_5,993
:244_5,994
:244_5,995
:244_5,996
:244_5,997
:244_5,998
:244_5,999
437,1000
437,1001
437,1002
437,1003
437,1004
437,1005
437,1006
437,1007
437,1008
437,1009
437,1010
437,1011
437,1012
437,1013
437,1014
437,1015
437,1016
437,1017
437,1018
437,1019
437,1020
437,1021
437,1022
437,1023
437,1024
437,1025
437,1026
437,1027
437,1028
437,1029
437,1030
437,1031
437,1032
437,1033
437,1034
437,1035
437,1036
437,1037
437,1038
437,1039
437,1040
437,1041
437,1042
437,1043
437,1044
437,1045
437,1046
437,1047
437,1048
437,1049
437,1050
437,1051
437,1052
437,1053
437,1054
437,1055
437,1056
437,1057
437,1058
437,1059
437,1060
437,1061
437,1062
437,1063
437,1064
437,1065
437,1066
437,1067
437,1068
437,1069
437,1070
437,1071
437,1072
437,1073
437,1074
437,1075
437,1076
437,1077
437,1078
437,1079
437,1080
437,1081
437,1082
437,1083
437,1084
437,1085
437,1086
437,1087
437,1088
437,1089
437,1090
437,1091
437,1092
437,1093
437,1094
437,1095
437,1096
437,1097
437,1098
437,1099
437,1100
437,1101
437,1102
437,1103
437,1104
437,1105
437,1106
437,1107
437,1108
437,1109
437,1110
437,1111
437,1112
437,1113
437,1114
437,1115
437,1116
437,1117
437,1118
437,1119
437,1120
437,1121
437,1122
437,1123
437,1124
437,1125
437,1126
437,1127
437,1128
437,1129
437,1130
437,1131
437,1132
437,1133
437,1134
437,1135
437,1136
437,1137
437,1138
437,1139
437,1140
437,1141
437,1142
437,1143
437,1144
437,1145
437,1146
437,1147
437,1148
437,1149
437,1150
437,1151
437,1152
437,1153
437,1154
437,1155
437,1156
437,1157
437,1158
437,1159
437,1160
437,1161
437,1162
437,1163
437,1164
437,1165
437,1166
437,1167
437,1168
437,1169
437,1170
437,1171
437,1172
437,1173
437,1174
437,1175
437,1176
437,1177
437,1178
437,1179
437,1180
437,1181
437,1182
437,1183
437,1184
437,1185
437,1186
437,1187
437,1188
437,1189
437,1190
437,1191
437,1192
437,1193
437,1194
437,1195
437,1196
437,1197
437,1198
437,1199
437,1200
437,1201
437,1202
437,1203
437,1204
437,1205
437,1206
437,1207
437,1208
437,1209
437,1210
437,1211
437,1212
437,1213
437,1214
437,1215
437,1216
437,1217
437,1218
437,1219
437,1220
437,1221
437,1222
437,1223
437,1224
437,1225
437,1226
437,1227
437,1228
437,1229
437,1230
437,1231
437,1232
437,1233
437,1234
437,1235
437,1236
437,1237
437,1238
437,1239
437,1240
437,1241
437,1242
437,1243
437,1244
437,1245
437,1246
437,1247
437,1248
437,1249
437,1250
437,1251
437,1252
437,1253
437,1254
437,1255
437,1256
437,1257
437,1258
437,1259
437,1260
437,1261
437,1262
437,1263
437,1264
437,1265
437,1266
437,1267
437,1268
437,1269
437,1270
437,1271
437,1272
437,1273
437,1274
437,1275
437,1276
437,1277
437,1278
437,1279
437,1280
:381_5,1281
:381_5,1282
:381_5,1283
:381_5,1284
:381_5,1285
:381_5,1286
:381_5,1287
438,1288
438,1289
438,1290
438,1291
438,1292
438,1293
438,1294
438,1295
438,1296
438,1297
438,1298
438,1299
438,1300
438,1301
438,1302
438,1303
438,1304
438,1305
438,1306
438,1307
438,1308
438,1309
438,1310
438,1311
438,1312
438,1313
438,1314
438,1315
438,1316
438,1317
438,1318
438,1319
438,1320
438,1321
438,1322
438,1323
438,1324
438,1325
438,1326
438,1327
438,1328
438,1329
438,1330
438,1331
438,1332
438,1333
438,1334
438,1335
438,1336
438,1337
438,1338
438,1339
438,1340
438,1341
438,1342
438,1343
438,1344
438,1345
438,1346
438,1347
438,1348
438,1349
438,1350
438,1351
438,1352
438,1353
438,1354
438,1355
438,1356
438,1357
438,1358
438,1359
438,1360
438,1361
438,1362
438,1363
438,1364
438,1365
438,1366
438,1367
438,1368
438,1369
438,1370
438,1371
438,1372
438,1373
438,1374
438,1375
438,1376
438,1377
438,1378
438,1379
438,1380
438,1381
438,1382
438,1383
438,1384
438,1385
438,1386
438,1387
438,1388
438,1389
438,1390
438,1391
438,1392
438,1393
438,1394
438,1395
438,1396
438,1397
438,1398
438,1399
438,1400
438,1401
438,1402
438,1403
438,1404
438,1405
438,1406
438,1407
438,1408
438,1409
438,1410
438,1411
438,1412
438,1413
438,1414
438,1415
438,1416
438,1417
438,1418
438,1419
438,1420
438,1421
438,1422
438,1423
438,1424
438,1425
438,1426
438,1427
438,1428
438,1429
438,1430
438,1431
438,1432
:75_5,1433
:75_5,1434
:75_5,1435
:75_5,1436
:75_5,1437
:75_5,1438
-65,1439
-65,1440
-65,1441
-65,1442
-65,1443
-65,1444
-65,1445
-65,1446
-65,1447
-65,1448
-65,1449
-65,1450
-65,1451
-65,1452
-65,1453
-65,1454
-65,1455
-65,1456
-65,1457
-65,1458
-65,1459
-65,1460
-65,1461
-65,1462
-65,1463
-65,1464
-65,1465
-65,1466
-65,1467
-65,1468
-65,1469
-65,1470
-65,1471
-65,1472
-65,1473
-65,1474
-65,1475
-65,1476
-65,1477
-65,1478
-65,1479
-65,1480
-65,1481
-65,1482
-65,1483
-65,1484
-65,1485
-65,1486
-65,1487
-65,1488
-65,1489
-65,1490
-65,1491
-65,1492
-65,1493
-65,1494
-65,1495
-65,1496
-65,1497
-65,1498
-65,1499
-65,1500
-65,1501
-65,1502
-65,1503
-65,1504
-65,1505
-65,1506
-65,1507
-65,1508
-65,1509
-65,1510
-65,1511
-65,1512
-65,1513
-65,1514
-65,1515
-65,1516
-65,1517
-65,1518
-65,1519
-65,1520
-65,1521
-65,1522
-65,1523
-65,1524
-65,1525
-65,1526
-65,1527
-65,1528
-65,1529
-65,1530
-65,1531
-65,1532
-65,1533
-65,1534
-65,1535
-65,1536
-65,1537
-65,1538
-65,1539
-65,1540
-65,1541
-65,1542
-65,1543
-65,1544
-65,1545
-65,1546
-65,1547
-65,1548
-65,1549
-65,1550
-65,1551
-65,1552
-65,1553
-65,1554
-65,1555
-65,1556
-65,1557
-65,1558
-65,1559
-65,1560
-65,1561
-65,1562
-65,1563
-65,1564
-65,1565
-65,1566
-65,1567
-65,1568
-65,1569
-65,1570
-65,1571
-65,1572
-65,1573
-65,1574
-65,1575
-65,1576
-65,1577
-65,1578
-65,1579
-65,1580
:74_6,1581
:74_6,1582
:74_16,1583
:74_16,1584
:74_16,1585
:74_16,1586
67,1587
67,1588
67,1589
67,1590
67,1591
67,1592
67,1593
67,1594
67,1595
67,1596
67,1597
67,1598
67,1599
67,1600
67,1601
67,1602
67,1603
67,1604
67,1605
67,1606
67,1607
67,1608
67,1609
67,1610
67,1611
67,1612
67,1613
67,1614
67,1615
67,1616
67,1617
67,1618
67,1619
67,1620
67,1621
67,1622
67,1623
67,1624
67,1625
67,1626
67,1627
67,1628
67,1629
67,1630
67,1631
67,1632
67,1633
67,1634
67,1635
67,1636
67,1637
67,1638
67,1639
67,1640
67,1641
67,1642
67,1643
67,1644
67,1645
67,1646
67,1647
67,1648
67,1649
67,1650
67,1651
67,1652
67,1653
67,1654
67,1655
67,1656
67,1657
67,1658
67,1659
67,1660
67,1661
67,1662
67,1663
67,1664
67,1665
67,1666
67,1667
67,1668
67,1669
67,1670
67,1671
67,1672
67,1673
67,1674
67,1675
67,1676
67,1677
67,1678
67,1679
67,1680
67,1681
67,1682
67,1683
67,1684
67,1685
67,1686
67,1687
67,1688
67,1689
67,1690
67,1691
67,1692
67,1693
67,1694
67,1695
67,1696
67,1697
67,1698
67,1699
67,1700
67,1701
67,1702
67,1703
67,1704
67,1705
67,1706
67,1707
67,1708
67,1709
67,1710
67,1711
67,1712
67,1713
67,1714
67,1715
67,1716
67,1717
67,1718
67,1719
67,1720
67,1721
67,1722
67,1723
67,1724
67,1725
67,1726
67,1727
67,1728
67,1729
67,1730
:77_6,1731
:77_6,1732
:77_6,1733
:77_6,1734
:77_6,1735
:77_6,1736
-121,1737
-121,1738
-121,1739
-121,1740
-121,1741
-121,1742
-121,1743
-121,1744
-121,1745
-121,1746
-121,1747
-121,1748
-121,1749
-121,1750
-121,1751
-121,1752
-121,1753
-121,1754
-121,1755
-121,1756
-121,1757
-121,1758
-121,1759
-121,1760
-121,1761
-121,1762
-121,1763
-121,1764
-121,1765
-121,1766
-121,1767
-121,1768
-121,1769
-121,1770
-121,1771
-121,1772
-121,1773
-121,1774
-121,1775
-121,1776
-121,1777
-121,1778
-121,1779
-121,1780
-121,1781
-121,1782
-121,1783
-121,1784
-121,1785
-121,1786
-121,1787
-121,1788
-121,1789
-121,1790
-121,1791
-121,1792
-121,1793
-121,1794
-121,1795
-121,1796
-121,1797
-121,1798
-121,1799
-121,1800
-121,1801
-121,1802
-121,1803
-121,1804
-121,1805
-121,1806
-121,1807
-121,1808
-121,1809
-121,1810
-121,1811
-121,1812
-121,1813
-121,1814
-121,1815
-121,1816
-121,1817
-121,1818
-121,1819
-121,1820
-121,1821
-121,1822
-121,1823
:137_0,1824
:137_0,1825
:137_0,1826
:137_0,1827
:137_0,1828
:137_0,1829
122,1830
122,1831
122,1832
122,1833
122,1834
122,1835
122,1836
122,1837
122,1838
122,1839
122,1840
122,1841
122,1842
122,1843
122,1844
122,1845
122,1846
122,1847
122,1848
122,1849
122,1850
122,1851
122,1852
122,1853
122,1854
122,1855
122,1856
122,1857
122,1858
122,1859
122,1860
122,1861
122,1862
122,1863
122,1864
122,1865
122,1866
122,1867
122,1868
122,1869
122,1870
122,1871
122,1872
122,1873
122,1874
122,1875
122,1876
122,1877
122,1878
122,1879
122,1880
122,1881
122,1882
122,1883
122,1884
122,1885
122,1886
122,1887
122,1888
122,1889
122,1890
122,1891
122,1892
122,1893
122,1894
122,1895
122,1896
122,1897
122,1898
122,1899
122,1900
122,1901
122,1902
122,1903
122,1904
122,1905
122,1906
122,1907
122,1908
122,1909
122,1910
122,1911
122,1912
122,1913
122,1914
122,1915
122,1916
122,1917
122,1918
122,1919
122,1920
122,1921
122,1922
122,1923
122,1924
122,1925
122,1926
122,1927
:60_6,1928
:60_6,1929
:60_6,1930
:60_6,1931
:60_6,1932
:60_6,1933
-52,1934
-52,1935
-52,1936
-52,1937
-52,1938
-52,1939
-52,1940
-52,1941
-52,1942
-52,1943
-52,1944
-52,1945
-52,1946
-52,1947
-52,1948
-52,1949
-52,1950
-52,1951
-52,1952
-52,1953
-52,1954
-52,1955
-52,1956
-52,1957
-52,1958
-52,1959
-52,1960
-52,1961
-52,1962
-52,1963
-52,1964
-52,1965
-52,1966
-52,1967
-52,1968
-52,1969
-52,1970
-52,1971
-52,1972
-52,1973
-52,1974
-52,1975
-52,1976
-52,1977
-52,1978
-52,1979
-52,1980
-52,1981
-52,1982
-52,1983
-52,1984
-52,1985
-52,1986
-52,1987
-52,1988
-52,1989
-52,1990
-52,1991
-52,1992
-52,1993
-52,1994
-52,1995
-52,1996
-52,1997
-52,1998
-52,1999
-52,2000
