543,1
543,2
543,3
543,4
543,5
543,6
543,7
543,8
543,9
543,10
543,11
543,12
543,13
543,14
543,15
543,16
543,17
543,18
543,19
543,20
543,21
543,22
543,23
543,24
543,25
543,26
543,27
543,28
543,29
543,30
543,31
543,32
543,33
543,34
543,35
543,36
543,37
543,38
543,39
543,40
543,41
543,42
543,43
543,44
543,45
543,46
543,47
543,48
543,49
543,50
543,51
543,52
543,53
543,54
543,55
543,56
543,57
543,58
543,59
543,60
543,61
543,62
543,63
543,64
543,65
543,66
543,67
543,68
543,69
543,70
543,71
543,72
543,73
543,74
543,75
543,76
543,77
543,78
543,79
543,80
543,81
543,82
543,83
543,84
543,85
543,86
543,87
543,88
543,89
543,90
543,91
543,92
543,93
543,94
543,95
543,96
543,97
543,98
543,99
543,100
543,101
543,102
543,103
543,104
543,105
543,106
543,107
543,108
543,109
543,110
543,111
543,112
543,113
543,114
543,115
543,116
543,117
543,118
543,119
543,120
543,121
543,122
543,123
543,124
543,125
543,126
543,127
543,128
543,129
543,130
543,131
543,132
543,133
543,134
543,135
543,136
543,137
543,138
543,139
543,140
543,141
543,142
543,143
543,144
543,145
543,146
543,147
543,148
543,149
543,150
543,151
543,152
543,153
543,154
543,155
543,156
543,157
543,158
543,159
-181,160
-181,161
-181,162
-181,163
-181,164
-181,165
-181,166
-181,167
-181,168
-181,169
-181,170
-181,171
-181,172
-181,173
-181,174
-181,175
-181,176
-181,177
-181,178
-181,179
-181,180
-181,181
-181,182
-181,183
-181,184
-181,185
-181,186
-181,187
-181,188
-181,189
-181,190
-181,191
-181,192
-181,193
-181,194
-181,195
-181,196
-181,197
-181,198
-181,199
-181,200
:194_4,201
:194_4,202
:194_4,203
:194_4,204
:194_4,205
182,206
182,207
182,208
182,209
182,210
182,211
182,212
182,213
182,214
182,215
182,216
182,217
182,218
182,219
182,220
182,221
182,222
182,223
182,224
182,225
182,226
182,227
182,228
182,229
182,230
182,231
182,232
182,233
182,234
182,235
182,236
182,237
182,238
182,239
182,240
182,241
182,242
182,243
182,244
182,245
182,246
182,247
182,248
182,249
182,250
182,251
182,252
182,253
182,254
182,255
182,256
182,257
182,258
182,259
182,260
182,261
182,262
182,263
:196_5,264
:196_5,265
:196_5,266
:196_5,267
:196_5,268
:196_5,269
206,270
206,271
206,272
206,273
206,274
206,275
206,276
206,277
206,278
206,279
206,280
206,281
206,282
206,283
206,284
206,285
206,286
206,287
206,288
206,289
206,290
206,291
206,292
206,293
206,294
206,295
206,296
206,297
206,298
206,299
206,300
206,301
206,302
206,303
206,304
206,305
206,306
206,307
206,308
206,309
206,310
206,311
206,312
206,313
206,314
206,315
206,316
206,317
206,318
206,319
206,320
206,321
206,322
:103_4,323
:103_4,324
:103_4,325
:103_4,326
:103_4,327
-88,328
-88,329
-88,330
-88,331
-88,332
-88,333
-88,334
-88,335
-88,336
-88,337
-88,338
-88,339
-88,340
-88,341
-88,342
-88,343
-88,344
-88,345
-88,346
-88,347
-88,348
-88,349
-88,350
-88,351
-88,352
-88,353
-88,354
-88,355
-88,356
-88,357
-88,358
-88,359
-88,360
-88,361
-88,362
-88,363
-88,364
-88,365
-88,366
-88,367
-88,368
-88,369
-88,370
-88,371
-88,372
-88,373
-88,374
-88,375
-88,376
-88,377
-88,378
-88,379
-88,380
-88,381
-88,382
-88,383
-88,384
-88,385
-88,386
-88,387
-88,388
-88,389
-88,390
-88,391
-88,392
-88,393
-88,394
-88,395
-88,396
-88,397
-88,398
-88,399
-88,400
-88,401
-88,402
-88,403
-88,404
-88,405
:27_4,406
:27_4,407
:27_4,408
:27_4,409
-23,410
-23,411
-23,412
-23,413
-23,414
-23,415
-23,416
-23,417
-23,418
-23,419
-23,420
-23,421
-23,422
-23,423
-23,424
-23,425
-23,426
-23,427
-23,428
-23,429
-23,430
-23,431
-23,432
-23,433
-23,434
-23,435
-23,436
-23,437
-23,438
-23,439
-23,440
-23,441
-23,442
-23,443
-23,444
-23,445
-23,446
-23,447
-23,448
-23,449
-23,450
-23,451
-23,452
-23,453
-23,454
-23,455
-23,456
-23,457
-23,458
-23,459
-23,460
-23,461
-23,462
-23,463
-23,464
-23,465
-23,466
-23,467
-23,468
-23,469
-23,470
-23,471
-23,472
-23,473
-23,474
-23,475
-23,476
-23,477
-23,478
-23,479
-23,480
-23,481
-23,482
-23,483
-23,484
-23,485
-23,486
-23,487
-23,488
-23,489
-23,490
-23,491
-23,492
-23,493
-23,494
-23,495
-23,496
-23,497
-23,498
-23,499
-23,500
-23,501
-23,502
-23,503
-23,504
-23,505
-23,506
-23,507
-23,508
-23,509
-23,510
-23,511
-23,512
-23,513
-23,514
-23,515
-23,516
-23,517
-23,518
-23,519
-23,520
-23,521
-23,522
-23,523
-23,524
-23,525
-23,526
-23,527
-23,528
-23,529
-23,530
-23,531
-23,532
-23,533
-23,534
-23,535
-23,536
-23,537
-23,538
-23,539
-23,540
-23,541
-23,542
-23,543
-23,544
-23,545
-23,546
-23,547
-23,548
-23,549
-23,550
-23,551
-23,552
-23,553
-23,554
-23,555
-23,556
-23,557
-23,558
-23,559
-23,560
-23,561
-23,562
-23,563
-23,564
-23,565
-23,566
-23,567
-23,568
-23,569
-23,570
-23,571
-23,572
-23,573
:22_9,574
:22_9,575
:22_9,576
:22_9,577
:22_9,578
:22_9,579
19,580
19,581
19,582
19,583
19,584
19,585
19,586
19,587
19,588
19,589
19,590
19,591
19,592
19,593
19,594
19,595
19,596
19,597
19,598
19,599
19,600
19,601
19,602
19,603
19,604
19,605
19,606
19,607
19,608
19,609
19,610
19,611
19,612
19,613
19,614
19,615
19,616
19,617
19,618
19,619
19,620
19,621
19,622
19,623
19,624
19,625
19,626
19,627
19,628
19,629
19,630
19,631
19,632
19,633
19,634
19,635
19,636
19,637
19,638
19,639
19,640
19,641
19,642
19,643
19,644
19,645
19,646
19,647
19,648
19,649
19,650
19,651
19,652
19,653
19,654
19,655
19,656
19,657
19,658
19,659
19,660
19,661
19,662
19,663
19,664
19,665
19,666
19,667
19,668
19,669
19,670
19,671
19,672
19,673
19,674
19,675
19,676
19,677
19,678
19,679
19,680
19,681
19,682
:23_6,683
:23_6,684
:23_6,685
:23_6,686
:23_6,687
:23_6,688
:23_6,689
20,690
20,691
20,692
20,693
20,694
20,695
20,696
20,697
20,698
20,699
20,700
20,701
20,702
20,703
20,704
20,705
20,706
20,707
20,708
20,709
20,710
20,711
20,712
20,713
20,714
20,715
20,716
20,717
20,718
20,719
20,720
20,721
20,722
20,723
20,724
20,725
20,726
20,727
20,728
20,729
20,730
20,731
20,732
20,733
20,734
20,735
20,736
20,737
20,738
20,739
20,740
20,741
20,742
20,743
20,744
20,745
20,746
20,747
20,748
20,749
20,750
20,751
20,752
20,753
20,754
20,755
20,756
20,757
20,758
20,759
20,760
20,761
20,762
20,763
20,764
20,765
20,766
20,767
20,768
20,769
20,770
20,771
20,772
20,773
20,774
20,775
20,776
20,777
20,778
20,779
20,780
20,781
20,782
20,783
20,784
20,785
20,786
20,787
20,788
:24_13,789
:24_13,790
:24_13,791
:24_13,792
:24_13,793
:24_13,794
25,795
25,796
25,797
25,798
25,799
25,800
25,801
25,802
25,803
25,804
25,805
25,806
25,807
25,808
25,809
25,810
25,811
25,812
25,813
25,814
25,815
25,816
25,817
25,818
25,819
25,820
25,821
25,822
25,823
25,824
25,825
25,826
25,827
25,828
25,829
25,830
25,831
25,832
25,833
25,834
25,835
25,836
25,837
25,838
25,839
25,840
25,841
25,842
25,843
25,844
25,845
25,846
25,847
25,848
25,849
25,850
25,851
25,852
25,853
25,854
25,855
25,856
25,857
25,858
25,859
25,860
25,861
25,862
25,863
25,864
25,865
25,866
25,867
25,868
25,869
25,870
25,871
25,872
25,873
25,874
25,875
25,876
25,877
25,878
25,879
25,880
25,881
25,882
25,883
25,884
25,885
25,886
25,887
25,888
25,889
25,890
25,891
25,892
25,893
25,894
25,895
25,896
25,897
25,898
25,899
25,900
25,901
25,902
25,903
25,904
25,905
25,906
25,907
25,908
25,909
25,910
25,911
25,912
25,913
25,914
25,915
25,916
25,917
25,918
25,919
25,920
25,921
25,922
25,923
25,924
25,925
25,926
25,927
25,928
25,929
25,930
25,931
25,932
25,933
25,934
25,935
25,936
25,937
25,938
25,939
25,940
25,941
25,942
25,943
25,944
:29_13,945
:29_13,946
:29_13,947
:29_13,948
:29_13,949
:29_13,950
210,951
210,952
210,953
210,954
210,955
210,956
210,957
210,958
210,959
210,960
210,961
210,962
210,963
210,964
210,965
210,966
210,967
210,968
210,969
210,970
210,971
210,972
210,973
210,974
210,975
210,976
210,977
210,978
210,979
210,980
210,981
210,982
210,983
210,984
210,985
210,986
210,987
210,988
210,989
210,990
210,991
210,992
210,993
210,994
210,995
210,996
210,997
210,998
210,999
210,1000
210,1001
210,1002
210,1003
210,1004
210,1005
210,1006
210,1007
210,1008
210,1009
210,1010
210,1011
210,1012
210,1013
210,1014
210,1015
210,1016
210,1017
210,1018
210,1019
210,1020
210,1021
210,1022
210,1023
210,1024
210,1025
210,1026
210,1027
210,1028
210,1029
210,1030
210,1031
210,1032
210,1033
210,1034
210,1035
210,1036
210,1037
210,1038
210,1039
210,1040
210,1041
210,1042
210,1043
210,1044
210,1045
210,1046
210,1047
210,1048
210,1049
210,1050
210,1051
210,1052
210,1053
210,1054
210,1055
:16_6,1056
:16_6,1057
:16_6,1058
:16_6,1059
:16_6,1060
:16_6,1061
-14,1062
-14,1063
-14,1064
-14,1065
-14,1066
-14,1067
-14,1068
-14,1069
-14,1070
-14,1071
-14,1072
-14,1073
-14,1074
-14,1075
-14,1076
-14,1077
-14,1078
-14,1079
-14,1080
-14,1081
-14,1082
-14,1083
-14,1084
-14,1085
-14,1086
-14,1087
-14,1088
-14,1089
-14,1090
-14,1091
-14,1092
-14,1093
-14,1094
-14,1095
-14,1096
-14,1097
-14,1098
-14,1099
-14,1100
-14,1101
-14,1102
-14,1103
-14,1104
-14,1105
-14,1106
-14,1107
-14,1108
-14,1109
-14,1110
-14,1111
-14,1112
-14,1113
-14,1114
-14,1115
-14,1116
-14,1117
-14,1118
-14,1119
-14,1120
-14,1121
-14,1122
-14,1123
-14,1124
-14,1125
-14,1126
-14,1127
-14,1128
-14,1129
-14,1130
-14,1131
-14,1132
-14,1133
-14,1134
-14,1135
-14,1136
-14,1137
-14,1138
-14,1139
-14,1140
-14,1141
-14,1142
-14,1143
-14,1144
-14,1145
-14,1146
-14,1147
-14,1148
-14,1149
-14,1150
-14,1151
-14,1152
-14,1153
-14,1154
-14,1155
-14,1156
-14,1157
-14,1158
-14,1159
-14,1160
-14,1161
-14,1162
-14,1163
-14,1164
-14,1165
-14,1166
-14,1167
-14,1168
-14,1169
-14,1170
-14,1171
-14,1172
-14,1173
-14,1174
-14,1175
-14,1176
-14,1177
-14,1178
