-14,21
-14,22
-14,23
-14,24
-14,25
-14,26
-14,27
-14,28
-14,29
-14,30
-14,31
-14,32
-14,33
-14,34
-14,35
-14,36
-14,37
-14,38
-14,39
-14,40
-14,41
-14,42
-14,43
-14,44
-14,45
-14,46
-14,47
-14,48
-14,49
-14,50
-14,51
-14,52
-14,53
-14,54
-14,55
-14,56
-14,57
-14,58
-14,59
-14,60
-14,61
-14,62
-14,63
-14,64
-14,65
-14,66
-14,67
-14,68
-14,69
-14,70
-14,71
-14,72
-14,73
-14,74
-14,75
-14,76
-14,77
-14,78
-14,79
-14,80
-14,81
-14,82
-14,83
-14,84
-14,85
-14,86
-14,87
-14,88
-14,89
-14,90
-14,91
-14,92
-14,93
-14,94
-14,95
-14,96
-14,97
-14,98
-14,99
-14,100
-14,101
-14,102
-14,103
-14,104
-14,105
-14,106
-14,107
-14,108
-14,109
-14,110
-14,111
-14,112
-14,113
-14,114
-14,115
-14,116
-14,117
-14,118
-14,119
-14,120
-14,121
-14,122
-14,123
-14,124
-14,125
-14,126
-14,127
:14_1,128
:14_1,129
13,130
13,131
13,132
13,133
13,134
13,135
13,136
13,137
13,138
13,139
13,140
13,141
13,142
13,143
13,144
13,145
13,146
13,147
13,148
13,149
13,150
13,151
13,152
13,153
13,154
13,155
13,156
13,157
13,158
13,159
13,160
13,161
13,162
13,163
13,164
13,165
13,166
13,167
13,168
13,169
13,170
13,171
13,172
13,173
13,174
13,175
13,176
13,177
13,178
13,179
13,180
13,181
13,182
13,183
13,184
13,185
13,186
13,187
13,188
13,189
13,190
13,191
13,192
13,193
13,194
13,195
13,196
13,197
13,198
13,199
13,200
13,201
13,202
13,203
13,204
13,205
13,206
13,207
13,208
13,209
13,210
13,211
13,212
13,213
13,214
13,215
13,216
13,217
13,218
13,219
13,220
13,221
13,222
13,223
13,224
13,225
13,226
13,227
13,228
:15_3,229
:15_3,230
:15_3,231
:15_3,232
:15_3,233
-375,234
-375,235
-375,236
-375,237
-375,238
-375,239
-375,240
-375,241
-375,242
-375,243
-375,244
-375,245
-375,246
-375,247
-375,248
-375,249
-375,250
-375,251
-375,252
-375,253
-375,254
-375,255
-375,256
-375,257
-375,258
-375,259
-375,260
-375,261
-375,262
-375,263
-375,264
-375,265
-375,266
-375,267
-375,268
-375,269
-375,270
-375,271
-375,272
-375,273
-375,274
-375,275
-375,276
-375,277
-375,278
-375,279
-375,280
-375,281
-375,282
-375,283
-375,284
-375,285
-375,286
-375,287
-375,288
-375,289
-375,290
-375,291
-375,292
-375,293
-375,294
-375,295
-375,296
-375,297
-375,298
-375,299
-375,300
-375,301
-375,302
-375,303
-375,304
-375,305
-375,306
-375,307
-375,308
-375,309
-375,310
-375,311
-375,312
-375,313
-375,314
-375,315
-375,316
-375,317
-375,318
-375,319
-375,320
-375,321
-375,322
-375,323
-375,324
-375,325
-375,326
-375,327
-375,328
-375,329
-375,330
-375,331
-375,332
-375,333
-375,334
-375,335
-375,336
-375,337
-375,338
-374,339
-374,340
-374,341
-374,342
-374,343
-374,344
-374,345
-374,346
-374,347
-374,348
-374,349
-374,350
-374,351
-374,352
-374,353
-374,354
-374,355
-374,356
-374,357
-374,358
-374,359
-374,360
-374,361
-374,362
-374,363
-374,364
-374,365
-374,366
-374,367
-374,368
-374,369
-374,370
-374,371
-374,372
-374,373
-374,374
-374,375
-374,376
-374,377
-374,378
-374,379
-374,380
-374,381
-374,382
-374,383
-374,384
-374,385
-374,386
-374,387
-374,388
-374,389
-374,390
-374,391
-374,392
-374,393
-374,394
-374,395
-374,396
-374,397
-374,398
-374,399
-374,400
-374,401
-374,402
-374,403
-374,404
-374,405
-374,406
-374,407
-374,408
-374,409
-374,410
-374,411
-374,412
-374,413
:230_9,414
:230_9,415
:230_9,416
:230_9,417
:230_9,418
-224,419
-224,420
-224,421
-224,422
-224,423
-224,424
-224,425
-224,426
-224,427
-224,428
-224,429
-224,430
-224,431
-224,432
-224,433
-224,434
-224,435
-224,436
-224,437
-224,438
-224,439
-224,440
-224,441
-224,442
-224,443
-224,444
-224,445
-224,446
-224,447
-224,448
-224,449
-224,450
-224,451
-224,452
-224,453
-224,454
-224,455
-224,456
-224,457
-224,458
-224,459
-224,460
-224,461
-224,462
-224,463
-224,464
-224,465
-224,466
-224,467
-224,468
-224,469
-224,470
-224,471
-224,472
-224,473
-224,474
-224,475
-224,476
-224,477
-224,478
-224,479
-224,480
-224,481
-224,482
-224,483
-224,484
-224,485
-224,486
-224,487
-224,488
-224,489
-224,490
-224,491
-224,492
-224,493
-224,494
-224,495
-224,496
-224,497
-224,498
-224,499
-224,500
-224,501
-224,502
-224,503
-224,504
:229_6,505
:229_6,506
:229_6,507
:229_6,508
:229_6,509
-223,510
-223,511
-223,512
-223,513
-223,514
-223,515
-223,516
-223,517
-223,518
-223,519
-223,520
-223,521
-223,522
-223,523
-223,524
-223,525
-223,526
-223,527
-223,528
-223,529
-223,530
-223,531
-223,532
-223,533
-223,534
-223,535
-223,536
-223,537
-223,538
-223,539
-223,540
-223,541
-223,542
-223,543
-223,544
-223,545
-223,546
-223,547
-223,548
-223,549
-223,550
-223,551
-223,552
-223,553
-223,554
-223,555
-223,556
-223,557
-223,558
-223,559
-223,560
-223,561
-223,562
-223,563
-223,564
-223,565
-223,566
-223,567
-223,568
-223,569
-223,570
-223,571
-223,572
-223,573
-223,574
-223,575
-223,576
-223,577
-223,578
-223,579
-223,580
-223,581
-223,582
-223,583
-223,584
-223,585
-223,586
-223,587
-223,588
-223,589
-223,590
-223,591
-223,592
-223,593
-223,594
-223,595
-223,596
-223,597
-223,598
-223,599
-223,600
-223,601
:228_6,602
:228_6,603
:228_6,604
:228_6,605
:228_6,606
:228_6,607
-222,608
-222,609
-222,610
-222,611
-222,612
-222,613
-222,614
-222,615
-222,616
-222,617
-222,618
-222,619
-222,620
-222,621
-222,622
-222,623
-222,624
-222,625
-222,626
-222,627
-222,628
-222,629
-222,630
-222,631
-222,632
-222,633
-222,634
-222,635
-222,636
-222,637
-222,638
-222,639
-222,640
-222,641
-222,642
-222,643
-222,644
-222,645
-222,646
-222,647
-222,648
-222,649
-222,650
-222,651
-222,652
-222,653
-222,654
-222,655
-222,656
-222,657
-222,658
-222,659
-222,660
-222,661
-222,662
-222,663
-222,664
-222,665
-222,666
-222,667
-222,668
-222,669
-222,670
-222,671
-222,672
-222,673
-222,674
-222,675
-222,676
-222,677
-222,678
-222,679
-222,680
-222,681
-222,682
-222,683
-222,684
-222,685
-222,686
-222,687
-222,688
-222,689
-222,690
-222,691
-222,692
-222,693
-222,694
-222,695
-222,696
-222,697
-222,698
-222,699
-222,700
-222,701
-222,702
-222,703
-222,704
-222,705
-222,706
-222,707
-222,708
-222,709
-222,710
-222,711
-222,712
-222,713
-222,714
-222,715
-222,716
-222,717
-222,718
-222,719
-222,720
-222,721
-222,722
-222,723
-222,724
-222,725
-222,726
-222,727
-222,728
-222,729
-222,730
-222,731
-222,732
-222,733
-222,734
-222,735
-222,736
-222,737
-222,738
-222,739
-222,740
-222,741
-222,742
-222,743
-222,744
-222,745
-222,746
-222,747
-222,748
-222,749
-222,750
-222,751
-222,752
-222,753
-222,754
-222,755
-222,756
-222,757
-222,758
-222,759
-222,760
-222,761
-222,762
-222,763
-222,764
-222,765
-222,766
-222,767
-222,768
-222,769
-222,770
-222,771
-222,772
-222,773
-222,774
-222,775
-222,776
-222,777
-222,778
-222,779
-222,780
:227_3,781
:227_3,782
:227_3,783
:227_3,784
:227_3,785
:227_3,786
225,787
225,788
225,789
225,790
225,791
225,792
225,793
225,794
225,795
225,796
225,797
225,798
225,799
225,800
225,801
225,802
225,803
225,804
225,805
225,806
225,807
225,808
225,809
225,810
225,811
225,812
225,813
225,814
225,815
225,816
225,817
225,818
225,819
225,820
225,821
225,822
225,823
225,824
225,825
225,826
225,827
225,828
225,829
225,830
225,831
225,832
225,833
225,834
225,835
225,836
225,837
225,838
225,839
225,840
225,841
225,842
225,843
225,844
225,845
225,846
225,847
225,848
225,849
225,850
225,851
225,852
225,853
225,854
225,855
225,856
225,857
225,858
225,859
225,860
225,861
225,862
225,863
225,864
225,865
225,866
225,867
225,868
225,869
225,870
225,871
225,872
225,873
225,874
225,875
225,876
225,877
225,878
225,879
225,880
225,881
225,882
225,883
225,884
225,885
225,886
225,887
225,888
225,889
225,890
225,891
225,892
225,893
225,894
225,895
225,896
225,897
225,898
225,899
225,900
225,901
225,902
225,903
225,904
225,905
225,906
225,907
225,908
225,909
225,910
225,911
225,912
225,913
225,914
225,915
225,916
225,917
225,918
225,919
225,920
225,921
225,922
225,923
225,924
225,925
225,926
225,927
225,928
:231_6,929
:231_6,930
:231_6,931
:231_6,932
:231_6,933
:231_6,934
-257,935
-257,936
-257,937
-257,938
-257,939
-257,940
-257,941
-257,942
-257,943
-257,944
-257,945
-257,946
-257,947
-257,948
-257,949
-257,950
-257,951
-257,952
-257,953
-257,954
-257,955
-257,956
-257,957
-257,958
-257,959
-257,960
-257,961
-257,962
-257,963
-257,964
-257,965
-257,966
-257,967
-257,968
-257,969
-257,970
-257,971
-257,972
-257,973
-257,974
-257,975
-257,976
-257,977
-257,978
-257,979
-257,980
-257,981
-257,982
-257,983
-257,984
-257,985
-257,986
-257,987
-257,988
-257,989
-257,990
-257,991
-257,992
-257,993
-257,994
-257,995
-257,996
-257,997
-257,998
-257,999
-257,1000
-257,1001
-257,1002
-257,1003
-257,1004
-257,1005
-257,1006
-257,1007
-257,1008
-257,1009
-257,1010
-257,1011
-257,1012
-257,1013
-257,1014
-257,1015
-257,1016
-257,1017
-257,1018
-257,1019
-257,1020
-257,1021
-257,1022
-257,1023
-257,1024
-257,1025
-257,1026
-257,1027
-257,1028
-257,1029
-257,1030
-257,1031
-257,1032
-257,1033
-257,1034
-257,1035
-257,1036
-257,1037
-257,1038
-257,1039
-257,1040
-257,1041
-257,1042
-257,1043
-257,1044
-257,1045
-257,1046
-257,1047
-257,1048
-257,1049
-257,1050
-257,1051
-257,1052
-257,1053
-257,1054
-257,1055
-257,1056
-257,1057
-257,1058
-257,1059
-257,1060
-257,1061
-257,1062
-257,1063
-257,1064
-257,1065
-257,1066
-257,1067
-257,1068
-257,1069
-257,1070
-257,1071
-257,1072
-257,1073
-257,1074
-257,1075
-257,1076
-257,1077
-257,1078
-257,1079
-257,1080
-257,1081
-257,1082
-257,1083
-257,1084
-257,1085
-257,1086
-257,1087
-257,1088
-257,1089
-257,1090
-257,1091
-257,1092
-257,1093
-257,1094
-257,1095
-257,1096
-257,1097
-257,1098
-257,1099
-257,1100
-257,1101
:21_6,1102
:21_6,1103
:21_6,1104
:21_6,1105
:21_6,1106
-18,1107
-18,1108
-18,1109
-18,1110
-18,1111
-18,1112
-18,1113
-18,1114
-18,1115
-18,1116
-18,1117
-18,1118
-18,1119
-18,1120
-18,1121
-18,1122
-18,1123
-18,1124
-18,1125
-18,1126
-18,1127
-18,1128
-18,1129
-18,1130
-18,1131
-18,1132
-18,1133
-18,1134
-18,1135
-18,1136
-18,1137
-18,1138
-18,1139
-18,1140
-18,1141
-18,1142
-18,1143
-18,1144
-18,1145
-18,1146
-18,1147
-18,1148
-18,1149
-18,1150
-18,1151
-18,1152
-18,1153
-18,1154
-18,1155
-18,1156
-18,1157
-18,1158
-18,1159
-18,1160
-18,1161
-18,1162
-18,1163
-18,1164
-18,1165
-18,1166
-18,1167
-18,1168
-18,1169
-18,1170
-18,1171
-18,1172
-18,1173
-18,1174
-18,1175
-18,1176
-18,1177
-18,1178
-18,1179
-18,1180
-18,1181
-18,1182
-18,1183
-18,1184
-18,1185
-18,1186
-18,1187
-18,1188
-18,1189
-18,1190
-18,1191
-18,1192
-18,1193
-18,1194
-18,1195
-18,1196
-18,1197
-18,1198
-18,1199
-18,1200
-18,1201
-18,1202
-18,1203
-18,1204
-18,1205
-18,1206
-18,1207
-18,1208
-18,1209
:20_6,1210
:20_6,1211
:20_6,1212
:20_6,1213
:20_6,1214
-17,1215
-17,1216
-17,1217
-17,1218
-17,1219
-17,1220
-17,1221
-17,1222
-17,1223
-17,1224
-17,1225
-17,1226
-17,1227
-17,1228
-17,1229
-17,1230
-17,1231
-17,1232
-17,1233
-17,1234
-17,1235
-17,1236
-17,1237
-17,1238
-17,1239
-17,1240
-17,1241
-17,1242
-17,1243
-17,1244
-17,1245
-17,1246
-17,1247
-17,1248
-17,1249
-17,1250
-17,1251
-17,1252
-17,1253
-17,1254
-17,1255
-17,1256
-17,1257
-17,1258
-17,1259
-17,1260
-17,1261
-17,1262
-17,1263
-17,1264
-17,1265
-17,1266
-17,1267
-17,1268
-17,1269
-17,1270
-17,1271
-17,1272
-17,1273
-17,1274
-17,1275
-17,1276
-17,1277
-17,1278
-17,1279
-17,1280
-17,1281
-17,1282
-17,1283
-17,1284
-17,1285
-17,1286
-17,1287
-17,1288
-17,1289
-17,1290
-17,1291
-17,1292
-17,1293
-17,1294
-17,1295
-17,1296
-17,1297
-17,1298
-17,1299
-17,1300
-17,1301
-17,1302
-17,1303
-17,1304
-17,1305
-17,1306
-17,1307
-17,1308
-17,1309
-17,1310
-17,1311
-17,1312
-17,1313
-17,1314
:17_1,1315
:17_1,1316
:17_1,1317
15,1318
15,1319
15,1320
15,1321
15,1322
15,1323
15,1324
15,1325
15,1326
15,1327
15,1328
15,1329
15,1330
15,1331
15,1332
15,1333
15,1334
15,1335
15,1336
15,1337
15,1338
15,1339
15,1340
15,1341
15,1342
15,1343
15,1344
15,1345
15,1346
15,1347
15,1348
15,1349
15,1350
15,1351
15,1352
15,1353
15,1354
15,1355
15,1356
15,1357
15,1358
15,1359
15,1360
15,1361
15,1362
15,1363
15,1364
15,1365
15,1366
15,1367
15,1368
15,1369
15,1370
15,1371
15,1372
15,1373
15,1374
15,1375
15,1376
15,1377
15,1378
15,1379
15,1380
15,1381
15,1382
15,1383
15,1384
15,1385
15,1386
15,1387
15,1388
15,1389
15,1390
15,1391
15,1392
15,1393
15,1394
15,1395
15,1396
15,1397
15,1398
15,1399
15,1400
15,1401
15,1402
15,1403
15,1404
15,1405
15,1406
15,1407
15,1408
15,1409
15,1410
15,1411
15,1412
15,1413
15,1414
15,1415
15,1416
15,1417
15,1418
15,1419
15,1420
15,1421
15,1422
15,1423
