-689,1
-689,2
-689,3
-689,4
-689,5
-689,6
-689,7
-689,8
-689,9
-689,10
-689,11
-689,12
-689,13
-689,14
-689,15
-689,16
-689,17
-689,18
-689,19
-689,20
-689,21
-689,22
-689,23
-689,24
-689,25
-689,26
-689,27
-689,28
-689,29
-689,30
-689,31
-689,32
-689,33
-689,34
-689,35
-689,36
-689,37
-689,38
-689,39
-689,40
-689,41
-689,42
-689,43
-689,44
-689,45
-689,46
-270,47
-270,48
-270,49
-270,50
-270,51
-270,52
-270,53
-270,54
-270,55
-270,56
-270,57
-270,58
-270,59
-270,60
-270,61
-270,62
-270,63
-270,64
-270,65
-270,66
-270,67
-270,68
-270,69
-270,70
-270,71
-270,72
-270,73
-270,74
-270,75
-270,76
-270,77
-270,78
-270,79
-270,80
-270,81
-270,82
-270,83
-270,84
-270,85
-270,86
-270,87
-270,88
-270,89
-270,90
-270,91
-270,92
-270,93
-270,94
-270,95
-270,96
-270,97
-270,98
-270,99
-270,100
-270,101
-270,102
-270,103
-270,104
-270,105
-270,106
-270,107
-270,108
-270,109
-270,110
-270,111
-270,112
-270,113
-270,114
-270,115
-270,116
-270,117
-270,118
-270,119
-270,120
-270,121
-270,122
-270,123
-270,124
-270,125
-270,126
-270,127
-270,128
-270,129
-270,130
-270,131
-270,132
-270,133
-270,134
-270,135
-270,136
-270,137
-270,138
-270,139
-270,140
-270,141
-270,142
:263_0,143
:263_0,144
:263_0,145
269,146
269,147
269,148
269,149
269,150
269,151
269,152
269,153
269,154
269,155
269,156
269,157
269,158
269,159
269,160
269,161
269,162
269,163
269,164
269,165
269,166
269,167
269,168
269,169
269,170
269,171
269,172
269,173
269,174
269,175
269,176
269,177
269,178
269,179
269,180
269,181
269,182
269,183
269,184
269,185
269,186
269,187
269,188
269,189
269,190
269,191
269,192
269,193
269,194
269,195
269,196
269,197
269,198
269,199
269,200
269,201
269,202
269,203
269,204
269,205
269,206
269,207
269,208
269,209
269,210
269,211
269,212
269,213
269,214
269,215
269,216
269,217
269,218
269,219
269,220
269,221
269,222
269,223
269,224
269,225
269,226
269,227
269,228
269,229
269,230
269,231
269,232
269,233
269,234
269,235
269,236
269,237
269,238
269,239
269,240
269,241
269,242
269,243
269,244
269,245
269,246
269,247
269,248
:127_3,249
:127_3,250
111,251
111,252
111,253
111,254
111,255
111,256
111,257
111,258
111,259
111,260
111,261
111,262
111,263
111,264
111,265
111,266
111,267
111,268
111,269
111,270
111,271
111,272
111,273
111,274
111,275
111,276
111,277
111,278
111,279
111,280
111,281
111,282
111,283
111,284
111,285
112,286
112,287
112,288
112,289
112,290
112,291
112,292
112,293
112,294
112,295
112,296
112,297
112,298
112,299
112,300
112,301
112,302
112,303
112,304
112,305
112,306
112,307
112,308
112,309
112,310
112,311
112,312
112,313
112,314
112,315
112,316
112,317
112,318
112,319
112,320
112,321
113,322
113,323
113,324
113,325
113,326
113,327
113,328
113,329
113,330
113,331
113,332
113,333
113,334
113,335
113,336
113,337
113,338
113,339
113,340
113,341
113,342
113,343
113,344
113,345
113,346
113,347
113,348
113,349
113,350
113,351
113,352
113,353
113,354
113,355
113,356
114,357
114,358
114,359
114,360
114,361
114,362
114,363
114,364
114,365
114,366
114,367
114,368
114,369
114,370
114,371
114,372
114,373
114,374
114,375
114,376
114,377
114,378
114,379
114,380
114,381
114,382
114,383
114,384
114,385
114,386
114,387
114,388
114,389
114,390
114,391
114,392
114,393
114,394
114,395
114,396
114,397
114,398
114,399
114,400
114,401
114,402
114,403
114,404
114,405
114,406
114,407
114,408
114,409
114,410
114,411
114,412
:24_10,413
:24_10,414
:24_10,415
:24_10,416
-20,417
-20,418
-20,419
-20,420
-20,421
-20,422
-20,423
-20,424
-20,425
-20,426
-20,427
-20,428
-20,429
-20,430
-20,431
-20,432
-20,433
-20,434
-20,435
-20,436
-20,437
-20,438
-20,439
-20,440
-20,441
-20,442
-20,443
-20,444
-20,445
-20,446
-20,447
-20,448
-20,449
-20,450
-20,451
-20,452
-20,453
-20,454
-20,455
-20,456
-20,457
-20,458
-20,459
-20,460
-20,461
-20,462
-20,463
-20,464
-20,465
-20,466
-20,467
-20,468
-20,469
-20,470
-20,471
-20,472
-20,473
-20,474
-20,475
-20,476
-20,477
-20,478
-20,479
-20,480
-20,481
-20,482
-20,483
-20,484
-20,485
-20,486
-20,487
-20,488
-20,489
-20,490
-20,491
-20,492
:23_4,493
:23_4,494
:23_4,495
:23_4,496
:23_4,497
:23_4,498
-19,499
-19,500
-19,501
-19,502
-19,503
-19,504
-19,505
-19,506
-19,507
-19,508
-19,509
-19,510
-19,511
-19,512
-19,513
-19,514
-19,515
-19,516
-19,517
-19,518
-19,519
-19,520
-19,521
-19,522
-19,523
-19,524
-19,525
-19,526
-19,527
-19,528
-19,529
-19,530
-19,531
-19,532
-19,533
-19,534
-19,535
-19,536
-19,537
-19,538
-19,539
-19,540
-19,541
-19,542
-19,543
-19,544
-19,545
-19,546
-19,547
-19,548
-19,549
-19,550
-19,551
-19,552
-19,553
-19,554
-19,555
-19,556
-19,557
-19,558
-19,559
-19,560
-19,561
-19,562
-19,563
-19,564
-19,565
-19,566
-19,567
-19,568
-19,569
-19,570
-19,571
-19,572
-19,573
-19,574
-19,575
-19,576
-19,577
:22_1,578
:22_1,579
:22_1,580
:22_1,581
:22_1,582
23,583
23,584
23,585
23,586
23,587
23,588
23,589
23,590
23,591
23,592
23,593
23,594
23,595
23,596
23,597
23,598
23,599
23,600
23,601
23,602
23,603
23,604
23,605
23,606
23,607
23,608
23,609
23,610
23,611
23,612
23,613
23,614
23,615
23,616
23,617
23,618
23,619
23,620
23,621
23,622
23,623
23,624
23,625
23,626
23,627
23,628
23,629
23,630
23,631
23,632
23,633
23,634
23,635
23,636
23,637
23,638
23,639
23,640
23,641
23,642
23,643
23,644
23,645
23,646
23,647
23,648
23,649
23,650
23,651
23,652
23,653
23,654
23,655
23,656
23,657
23,658
23,659
23,660
23,661
23,662
23,663
23,664
23,665
23,666
23,667
23,668
23,669
23,670
23,671
23,672
23,673
23,674
23,675
23,676
23,677
23,678
23,679
23,680
23,681
23,682
23,683
23,684
23,685
23,686
23,687
23,688
23,689
23,690
23,691
23,692
23,693
23,694
23,695
23,696
23,697
23,698
23,699
23,700
23,701
23,702
23,703
23,704
23,705
23,706
23,707
23,708
23,709
23,710
23,711
23,712
23,713
23,714
23,715
23,716
23,717
23,718
23,719
23,720
23,721
23,722
23,723
23,724
23,725
23,726
23,727
23,728
23,729
23,730
23,731
:27_1,732
:27_1,733
:27_1,734
:27_1,735
87,736
87,737
87,738
87,739
87,740
87,741
87,742
87,743
87,744
87,745
87,746
87,747
87,748
87,749
87,750
87,751
87,752
87,753
87,754
87,755
87,756
87,757
87,758
87,759
87,760
87,761
87,762
87,763
87,764
87,765
87,766
87,767
87,768
87,769
87,770
87,771
87,772
87,773
87,774
87,775
87,776
87,777
87,778
87,779
87,780
87,781
87,782
87,783
87,784
87,785
87,786
87,787
87,788
87,789
87,790
87,791
87,792
87,793
87,794
87,795
87,796
87,797
87,798
87,799
87,800
87,801
87,802
87,803
87,804
87,805
87,806
87,807
87,808
87,809
87,810
87,811
87,812
87,813
87,814
87,815
87,816
87,817
87,818
87,819
87,820
87,821
87,822
87,823
87,824
87,825
87,826
87,827
87,828
87,829
87,830
87,831
87,832
87,833
87,834
87,835
87,836
87,837
87,838
87,839
87,840
87,841
87,842
87,843
87,844
87,845
87,846
87,847
87,848
87,849
87,850
87,851
87,852
87,853
87,854
87,855
87,856
87,857
87,858
87,859
87,860
87,861
87,862
87,863
87,864
87,865
87,866
87,867
87,868
87,869
87,870
87,871
87,872
87,873
87,874
87,875
87,876
87,877
87,878
87,879
87,880
87,881
87,882
87,883
87,884
87,885
87,886
87,887
87,888
87,889
87,890
87,891
87,892
87,893
87,894
87,895
87,896
87,897
87,898
87,899
87,900
87,901
87,902
87,903
87,904
87,905
87,906
87,907
87,908
87,909
87,910
87,911
87,912
:102_0,913
:102_0,914
:102_0,915
:102_0,916
:102_0,917
:102_0,918
-159,919
-159,920
-159,921
-159,922
-159,923
-159,924
-159,925
-159,926
-159,927
-159,928
-159,929
-159,930
-159,931
-159,932
-159,933
-159,934
-159,935
-159,936
-159,937
-159,938
-159,939
-159,940
-159,941
-159,942
-159,943
-159,944
-159,945
-159,946
-159,947
-159,948
-159,949
-159,950
-159,951
-159,952
-159,953
-159,954
-159,955
-159,956
-159,957
-159,958
-159,959
-159,960
-159,961
-159,962
-159,963
-159,964
-159,965
-159,966
-159,967
-159,968
-159,969
-159,970
-159,971
-159,972
-159,973
-159,974
-159,975
-159,976
-159,977
-159,978
-159,979
-159,980
-159,981
-159,982
-159,983
-159,984
-159,985
-159,986
-159,987
-159,988
-159,989
-159,990
-159,991
-159,992
-159,993
-159,994
-159,995
-159,996
-159,997
-159,998
-159,999
-159,1000
-159,1001
-159,1002
-159,1003
-159,1004
-159,1005
-159,1006
-159,1007
-159,1008
-159,1009
-159,1010
-159,1011
-159,1012
-159,1013
-159,1014
-159,1015
-159,1016
-159,1017
-159,1018
-159,1019
-159,1020
-159,1021
-159,1022
-159,1023
:63_6,1024
:63_6,1025
:63_6,1026
:63_6,1027
:63_6,1028
160,1029
160,1030
160,1031
160,1032
160,1033
160,1034
160,1035
160,1036
160,1037
160,1038
160,1039
160,1040
160,1041
160,1042
160,1043
160,1044
160,1045
160,1046
160,1047
160,1048
160,1049
160,1050
160,1051
160,1052
160,1053
160,1054
160,1055
160,1056
160,1057
160,1058
160,1059
160,1060
160,1061
160,1062
160,1063
160,1064
160,1065
160,1066
160,1067
160,1068
160,1069
160,1070
160,1071
160,1072
160,1073
160,1074
160,1075
160,1076
160,1077
160,1078
160,1079
160,1080
160,1081
160,1082
160,1083
160,1084
160,1085
160,1086
160,1087
160,1088
160,1089
160,1090
160,1091
160,1092
160,1093
160,1094
160,1095
160,1096
160,1097
160,1098
160,1099
160,1100
160,1101
160,1102
160,1103
160,1104
160,1105
160,1106
160,1107
160,1108
160,1109
160,1110
160,1111
160,1112
160,1113
160,1114
160,1115
160,1116
160,1117
160,1118
160,1119
160,1120
160,1121
160,1122
160,1123
160,1124
160,1125
160,1126
160,1127
160,1128
160,1129
160,1130
160,1131
160,1132
160,1133
160,1134
160,1135
160,1136
160,1137
160,1138
160,1139
160,1140
160,1141
160,1142
160,1143
160,1144
160,1145
160,1146
160,1147
160,1148
160,1149
160,1150
160,1151
160,1152
