173,1
173,2
173,3
173,4
173,5
173,6
173,7
173,8
173,9
173,10
173,11
173,12
173,13
173,14
173,15
173,16
173,17
173,18
173,19
173,20
173,21
173,22
173,23
173,24
173,25
173,26
173,27
173,28
173,29
173,30
173,31
173,32
173,33
173,34
173,35
173,36
173,37
173,38
173,39
173,40
173,41
173,42
173,43
173,44
173,45
173,46
173,47
173,48
173,49
173,50
173,51
173,52
173,53
173,54
173,55
173,56
173,57
173,58
173,59
173,60
173,61
173,62
173,63
173,64
173,65
173,66
173,67
173,68
173,69
173,70
173,71
173,72
173,73
173,74
173,75
173,76
173,77
173,78
173,79
173,80
173,81
173,82
173,83
173,84
173,85
173,86
173,87
173,88
173,89
173,90
173,91
173,92
173,93
173,94
173,95
173,96
173,97
173,98
173,99
173,100
173,101
173,102
173,103
173,104
173,105
173,106
173,107
173,108
173,109
173,110
173,111
173,112
173,113
173,114
173,115
173,116
173,117
173,118
173,119
173,120
173,121
173,122
173,123
173,124
173,125
173,126
173,127
173,128
173,129
173,130
173,131
173,132
173,133
173,134
173,135
173,136
173,137
173,138
173,139
173,140
173,141
173,142
173,143
173,144
173,145
173,146
173,147
173,148
173,149
173,150
173,151
173,152
173,153
173,154
173,155
:186_13,156
:186_13,157
:186_13,158
:186_13,159
:186_13,160
227,161
227,162
227,163
227,164
227,165
227,166
227,167
227,168
227,169
227,170
227,171
227,172
227,173
227,174
227,175
227,176
227,177
227,178
227,179
227,180
227,181
227,182
227,183
227,184
227,185
227,186
227,187
227,188
227,189
227,190
227,191
227,192
227,193
227,194
227,195
227,196
227,197
227,198
227,199
227,200
227,201
227,202
227,203
227,204
227,205
227,206
227,207
227,208
227,209
227,210
227,211
227,212
227,213
227,214
227,215
227,216
227,217
227,218
227,219
227,220
-211,221
-211,222
-211,223
-211,224
-211,225
-211,226
-211,227
-211,228
-211,229
-211,230
-211,231
-211,232
-211,233
-211,234
-211,235
-211,236
-211,237
-211,238
-211,239
-211,240
-211,241
-211,242
-211,243
-211,244
-211,245
-211,246
-211,247
-211,248
-211,249
-211,250
-211,251
-211,252
-211,253
-211,254
-211,255
-211,256
-211,257
-211,258
-211,259
-211,260
-211,261
-211,262
-211,263
-211,264
-211,265
-211,266
:189_12,267
:189_12,268
:189_12,269
:189_12,270
-176,271
-176,272
-176,273
-176,274
-176,275
-176,276
-176,277
-176,278
-176,279
-176,280
-176,281
-176,282
-176,283
-176,284
-176,285
-176,286
-176,287
-176,288
-176,289
-176,290
-176,291
-176,292
-176,293
-176,294
-176,295
-176,296
-176,297
-176,298
-176,299
-176,300
-176,301
-176,302
-176,303
-176,304
-176,305
-176,306
-176,307
-176,308
-176,309
-176,310
-176,311
-176,312
-176,313
-176,314
-176,315
-176,316
-176,317
-176,318
-176,319
-176,320
-176,321
-176,322
-176,323
-176,324
-176,325
-176,326
-176,327
-176,328
-176,329
-176,330
-176,331
-176,332
-176,333
-176,334
-176,335
-176,336
-176,337
-176,338
-176,339
-176,340
-176,341
-176,342
-176,343
-176,344
-176,345
-176,346
-176,347
-176,348
-176,349
-176,350
-176,351
-176,352
-176,353
-176,354
-176,355
-176,356
-176,357
-176,358
-176,359
-176,360
-176,361
-176,362
-176,363
-176,364
-176,365
-176,366
-176,367
-176,368
-176,369
-176,370
-176,371
-176,372
-176,373
-176,374
-176,375
-176,376
-176,377
:13_13,378
:13_17,379
:13_17,380
685,381
685,382
685,383
685,384
685,385
685,386
685,387
685,388
685,389
685,390
685,391
685,392
685,393
685,394
685,395
685,396
685,397
685,398
685,399
685,400
:373_5,401
684,402
684,403
684,404
684,405
684,406
684,407
684,408
684,409
684,410
684,411
684,412
684,413
684,414
684,415
684,416
684,417
684,418
684,419
684,420
684,421
684,422
684,423
684,424
:6_9,425
:6_9,426
:6_9,427
6,428
6,429
6,430
6,431
6,432
6,433
6,434
6,435
6,436
6,437
6,438
6,439
6,440
6,441
6,442
6,443
6,444
6,445
6,446
6,447
6,448
6,449
6,450
6,451
6,452
6,453
6,454
6,455
6,456
6,457
6,458
6,459
6,460
6,461
6,462
6,463
6,464
6,465
6,466
6,467
6,468
6,469
6,470
6,471
6,472
6,473
6,474
6,475
6,476
6,477
6,478
6,479
6,480
6,481
6,482
6,483
6,484
6,485
6,486
6,487
6,488
6,489
6,490
6,491
6,492
6,493
6,494
6,495
6,496
6,497
6,498
6,499
6,500
6,501
6,502
6,503
6,504
6,505
6,506
6,507
6,508
6,509
6,510
6,511
6,512
6,513
6,514
6,515
6,516
6,517
6,518
6,519
6,520
6,521
6,522
6,523
6,524
6,525
6,526
6,527
6,528
6,529
6,530
6,531
6,532
6,533
6,534
6,535
6,536
6,537
6,538
6,539
6,540
6,541
6,542
6,543
6,544
6,545
6,546
6,547
6,548
6,549
6,550
6,551
6,552
6,553
6,554
6,555
6,556
6,557
6,558
6,559
6,560
6,561
6,562
6,563
6,564
6,565
6,566
6,567
6,568
6,569
6,570
6,571
6,572
6,573
6,574
6,575
6,576
6,577
6,578
6,579
6,580
6,581
6,582
6,583
6,584
6,585
6,586
6,587
6,588
6,589
6,590
6,591
6,592
6,593
6,594
6,595
6,596
6,597
6,598
6,599
6,600
6,601
6,602
6,603
6,604
6,605
6,606
6,607
6,608
6,609
6,610
6,611
6,612
6,613
6,614
6,615
6,616
6,617
6,618
6,619
6,620
6,621
6,622
6,623
6,624
6,625
6,626
6,627
6,628
6,629
6,630
6,631
6,632
6,633
6,634
6,635
7,636
7,637
7,638
7,639
7,640
7,641
7,642
7,643
7,644
7,645
7,646
7,647
7,648
7,649
7,650
7,651
7,652
7,653
7,654
7,655
7,656
7,657
7,658
7,659
7,660
7,661
7,662
7,663
7,664
7,665
7,666
7,667
7,668
7,669
7,670
7,671
7,672
7,673
7,674
7,675
7,676
7,677
7,678
7,679
7,680
7,681
7,682
7,683
7,684
7,685
7,686
7,687
7,688
7,689
7,690
7,691
7,692
7,693
7,694
7,695
7,696
7,697
7,698
7,699
7,700
7,701
7,702
7,703
7,704
7,705
7,706
7,707
7,708
7,709
7,710
7,711
7,712
7,713
8,714
8,715
8,716
8,717
8,718
8,719
8,720
8,721
8,722
8,723
8,724
8,725
8,726
8,727
8,728
8,729
8,730
8,731
8,732
8,733
8,734
8,735
8,736
8,737
8,738
8,739
8,740
8,741
8,742
8,743
8,744
8,745
8,746
8,747
8,748
8,749
8,750
8,751
8,752
8,753
8,754
8,755
8,756
8,757
8,758
8,759
8,760
8,761
8,762
8,763
8,764
8,765
8,766
8,767
8,768
8,769
8,770
8,771
8,772
8,773
8,774
8,775
8,776
8,777
8,778
8,779
8,780
8,781
8,782
8,783
8,784
8,785
8,786
8,787
8,788
8,789
8,790
8,791
8,792
9,793
9,794
9,795
9,796
9,797
9,798
9,799
9,800
9,801
9,802
9,803
9,804
9,805
9,806
9,807
9,808
9,809
9,810
9,811
9,812
9,813
9,814
9,815
9,816
9,817
9,818
9,819
9,820
9,821
9,822
9,823
9,824
9,825
9,826
9,827
9,828
9,829
9,830
9,831
9,832
9,833
9,834
9,835
9,836
9,837
9,838
9,839
9,840
9,841
9,842
9,843
9,844
9,845
9,846
9,847
9,848
9,849
9,850
9,851
9,852
9,853
9,854
9,855
9,856
9,857
9,858
9,859
9,860
9,861
9,862
9,863
9,864
9,865
9,866
9,867
10,868
10,869
10,870
10,871
10,872
10,873
10,874
10,875
10,876
10,877
10,878
10,879
10,880
10,881
10,882
10,883
10,884
10,885
10,886
10,887
10,888
10,889
10,890
10,891
10,892
10,893
10,894
10,895
10,896
10,897
10,898
10,899
10,900
10,901
10,902
10,903
10,904
10,905
10,906
10,907
10,908
10,909
10,910
10,911
10,912
10,913
10,914
10,915
10,916
10,917
10,918
10,919
10,920
10,921
10,922
10,923
10,924
10,925
10,926
10,927
10,928
10,929
10,930
10,931
10,932
10,933
10,934
10,935
10,936
10,937
10,938
10,939
10,940
10,941
10,942
11,943
11,944
11,945
11,946
11,947
11,948
11,949
11,950
11,951
11,952
11,953
11,954
11,955
11,956
11,957
11,958
11,959
11,960
11,961
11,962
11,963
11,964
11,965
11,966
11,967
11,968
11,969
11,970
11,971
11,972
11,973
11,974
11,975
11,976
11,977
11,978
11,979
11,980
11,981
11,982
11,983
11,984
11,985
11,986
11,987
11,988
11,989
11,990
11,991
11,992
11,993
11,994
11,995
11,996
11,997
11,998
11,999
11,1000
11,1001
11,1002
11,1003
11,1004
11,1005
11,1006
11,1007
11,1008
11,1009
11,1010
11,1011
11,1012
11,1013
11,1014
11,1015
11,1016
11,1017
11,1018
11,1019
11,1020
11,1021
11,1022
11,1023
11,1024
11,1025
11,1026
11,1027
11,1028
11,1029
11,1030
11,1031
11,1032
11,1033
11,1034
11,1035
11,1036
11,1037
11,1038
11,1039
11,1040
11,1041
11,1042
11,1043
11,1044
11,1045
11,1046
11,1047
11,1048
11,1049
11,1050
11,1051
11,1052
11,1053
11,1054
11,1055
11,1056
11,1057
11,1058
11,1059
11,1060
11,1061
11,1062
11,1063
11,1064
11,1065
11,1066
11,1067
11,1068
11,1069
11,1070
11,1071
11,1072
11,1073
11,1074
11,1075
11,1076
11,1077
11,1078
11,1079
11,1080
11,1081
11,1082
11,1083
11,1084
11,1085
11,1086
11,1087
11,1088
11,1089
11,1090
11,1091
11,1092
11,1093
11,1094
:4_6,1095
:4_6,1096
:4_6,1097
:4_6,1098
-3,1099
-3,1100
-3,1101
-3,1102
-3,1103
-3,1104
-3,1105
-3,1106
-3,1107
-3,1108
-3,1109
-3,1110
-3,1111
-3,1112
-3,1113
-3,1114
-3,1115
-3,1116
-3,1117
-3,1118
-3,1119
-3,1120
-3,1121
-3,1122
-3,1123
-3,1124
-3,1125
-3,1126
-3,1127
-3,1128
-3,1129
-3,1130
-3,1131
-3,1132
-3,1133
-3,1134
-3,1135
-3,1136
-3,1137
-3,1138
-3,1139
-3,1140
-3,1141
-3,1142
-3,1143
-3,1144
-3,1145
-3,1146
-3,1147
-3,1148
-3,1149
-3,1150
-3,1151
-3,1152
-3,1153
-3,1154
-3,1155
-3,1156
-3,1157
-3,1158
-3,1159
-3,1160
-3,1161
-3,1162
-3,1163
-3,1164
-3,1165
-3,1166
-3,1167
-3,1168
-3,1169
-3,1170
-3,1171
-3,1172
-3,1173
-3,1174
-3,1175
-3,1176
-3,1177
-3,1178
-3,1179
-3,1180
-3,1181
-3,1182
-3,1183
-3,1184
-3,1185
-3,1186
-3,1187
-3,1188
-3,1189
-3,1190
-3,1191
-3,1192
-3,1193
-3,1194
-3,1195
-3,1196
-3,1197
-3,1198
-3,1199
-3,1200
-3,1201
-3,1202
-3,1203
-3,1204
-3,1205
-3,1206
-3,1207
-3,1208
-3,1209
-3,1210
-3,1211
-3,1212
-3,1213
-3,1214
-3,1215
-3,1216
-3,1217
-3,1218
-3,1219
-3,1220
-3,1221
-3,1222
-3,1223
-3,1224
-3,1225
-3,1226
-3,1227
-3,1228
-3,1229
-3,1230
-3,1231
-3,1232
-3,1233
-3,1234
-3,1235
-3,1236
-3,1237
-3,1238
-3,1239
-3,1240
-3,1241
-3,1242
-3,1243
-3,1244
-3,1245
-3,1246
-3,1247
-3,1248
-3,1249
-3,1250
-3,1251
-3,1252
-3,1253
-3,1254
-3,1255
-3,1256
-3,1257
-3,1258
-3,1259
-3,1260
-3,1261
-3,1262
-3,1263
-3,1264
-3,1265
-3,1266
-3,1267
-3,1268
-3,1269
-3,1270
-3,1271
-3,1272
-3,1273
-3,1274
-3,1275
-3,1276
-3,1277
-3,1278
-3,1279
-3,1280
-3,1281
-3,1282
-3,1283
-3,1284
-3,1285
-3,1286
-3,1287
-3,1288
-3,1289
-3,1290
-3,1291
-3,1292
-3,1293
-3,1294
-3,1295
-3,1296
-3,1297
-3,1298
-3,1299
-3,1300
-3,1301
-3,1302
-3,1303
-3,1304
-3,1305
-3,1306
-3,1307
-3,1308
-3,1309
-3,1310
-3,1311
-3,1312
-3,1313
-3,1314
-3,1315
-3,1316
-3,1317
-3,1318
-3,1319
-3,1320
-3,1321
-3,1322
-3,1323
-3,1324
-3,1325
-3,1326
-3,1327
-3,1328
-3,1329
-3,1330
-3,1331
-3,1332
-3,1333
-3,1334
-3,1335
-3,1336
-3,1337
-3,1338
-3,1339
-3,1340
-3,1341
-3,1342
-3,1343
-3,1344
-3,1345
-3,1346
-3,1347
-3,1348
-3,1349
-3,1350
-3,1351
-3,1352
-3,1353
-3,1354
-3,1355
-3,1356
-3,1357
-3,1358
-3,1359
-3,1360
-3,1361
-3,1362
-3,1363
-3,1364
-3,1365
-3,1366
-3,1367
-3,1368
-3,1369
-3,1370
-3,1371
-3,1372
-3,1373
-3,1374
-3,1375
-3,1376
-3,1377
-3,1378
-3,1379
-3,1380
-3,1381
-3,1382
-3,1383
-3,1384
-3,1385
-3,1386
-3,1387
-3,1388
-3,1389
-3,1390
-3,1391
-3,1392
-3,1393
-3,1394
-3,1395
-3,1396
-3,1397
-3,1398
-3,1399
-3,1400
-3,1401
-3,1402
-3,1403
-3,1404
-3,1405
-3,1406
-3,1407
-3,1408
-3,1409
-3,1410
-3,1411
-3,1412
-3,1413
-3,1414
-3,1415
-3,1416
-3,1417
-3,1418
-3,1419
-3,1420
-3,1421
-3,1422
-3,1423
-3,1424
-3,1425
-3,1426
-3,1427
-3,1428
-3,1429
-3,1430
-3,1431
-3,1432
-3,1433
-3,1434
-3,1435
-3,1436
-3,1437
-3,1438
-3,1439
-3,1440
-3,1441
:0_14,1442
:0_18,1443
:0_18,1444
:0_18,1445
:0_18,1446
0,1447
0,1448
0,1449
0,1450
0,1451
0,1452
0,1453
0,1454
0,1455
0,1456
0,1457
0,1458
0,1459
0,1460
0,1461
0,1462
0,1463
0,1464
0,1465
0,1466
0,1467
0,1468
0,1469
0,1470
0,1471
0,1472
0,1473
0,1474
0,1475
0,1476
0,1477
0,1478
0,1479
0,1480
0,1481
0,1482
0,1483
0,1484
0,1485
0,1486
0,1487
0,1488
0,1489
0,1490
0,1491
0,1492
0,1493
0,1494
0,1495
0,1496
0,1497
0,1498
0,1499
0,1500
0,1501
0,1502
0,1503
0,1504
0,1505
0,1506
0,1507
0,1508
0,1509
0,1510
0,1511
0,1512
0,1513
0,1514
0,1515
0,1516
0,1517
0,1518
0,1519
0,1520
0,1521
0,1522
0,1523
0,1524
0,1525
0,1526
0,1527
0,1528
0,1529
0,1530
0,1531
0,1532
0,1533
0,1534
0,1535
0,1536
0,1537
0,1538
0,1539
0,1540
0,1541
0,1542
0,1543
0,1544
0,1545
0,1546
0,1547
0,1548
0,1549
0,1550
0,1551
0,1552
0,1553
0,1554
0,1555
0,1556
0,1557
0,1558
0,1559
0,1560
0,1561
0,1562
0,1563
0,1564
0,1565
0,1566
0,1567
0,1568
0,1569
0,1570
0,1571
0,1572
0,1573
0,1574
0,1575
0,1576
0,1577
0,1578
0,1579
0,1580
0,1581
0,1582
0,1583
0,1584
0,1585
0,1586
0,1587
0,1588
0,1589
0,1590
0,1591
0,1592
0,1593
:1_7,1594
:1_7,1595
:1_7,1596
:1_7,1597
:1_7,1598
:1_7,1599
:1_7,1600
1,1601
1,1602
1,1603
1,1604
1,1605
1,1606
1,1607
1,1608
1,1609
1,1610
1,1611
1,1612
1,1613
1,1614
1,1615
1,1616
1,1617
1,1618
1,1619
1,1620
1,1621
1,1622
1,1623
1,1624
1,1625
1,1626
1,1627
1,1628
1,1629
1,1630
1,1631
1,1632
1,1633
1,1634
1,1635
1,1636
1,1637
1,1638
1,1639
1,1640
1,1641
1,1642
1,1643
:2_3,1644
:2_3,1645
:2_3,1646
:2_3,1647
:2_3,1648
:2_3,1649
2,1650
2,1651
2,1652
2,1653
2,1654
2,1655
2,1656
2,1657
2,1658
2,1659
2,1660
2,1661
2,1662
2,1663
2,1664
2,1665
2,1666
2,1667
2,1668
2,1669
2,1670
2,1671
2,1672
2,1673
2,1674
2,1675
2,1676
2,1677
2,1678
2,1679
2,1680
2,1681
2,1682
2,1683
2,1684
2,1685
2,1686
2,1687
2,1688
2,1689
2,1690
2,1691
2,1692
2,1693
2,1694
2,1695
2,1696
2,1697
2,1698
2,1699
2,1700
2,1701
2,1702
2,1703
2,1704
2,1705
2,1706
2,1707
2,1708
2,1709
2,1710
2,1711
2,1712
2,1713
2,1714
2,1715
2,1716
2,1717
2,1718
2,1719
2,1720
2,1721
2,1722
2,1723
2,1724
2,1725
2,1726
2,1727
2,1728
2,1729
2,1730
2,1731
2,1732
2,1733
2,1734
2,1735
2,1736
2,1737
2,1738
2,1739
2,1740
2,1741
2,1742
2,1743
2,1744
2,1745
2,1746
2,1747
2,1748
2,1749
2,1750
2,1751
2,1752
2,1753
2,1754
2,1755
2,1756
2,1757
2,1758
2,1759
2,1760
2,1761
2,1762
2,1763
2,1764
2,1765
2,1766
2,1767
2,1768
2,1769
2,1770
2,1771
2,1772
2,1773
2,1774
2,1775
2,1776
2,1777
2,1778
:3_7,1779
:3_7,1780
:3_7,1781
:3_7,1782
:3_7,1783
-102,1784
-102,1785
-102,1786
-102,1787
-102,1788
-102,1789
-102,1790
-102,1791
-102,1792
-102,1793
-102,1794
-102,1795
-102,1796
-102,1797
-102,1798
-102,1799
-102,1800
-102,1801
-102,1802
-102,1803
-102,1804
-102,1805
-102,1806
-102,1807
-102,1808
-102,1809
-102,1810
-102,1811
-102,1812
-102,1813
-102,1814
-102,1815
-102,1816
-102,1817
-102,1818
-102,1819
-102,1820
-102,1821
-102,1822
-102,1823
-102,1824
-102,1825
-102,1826
-102,1827
-102,1828
-102,1829
-102,1830
-102,1831
-102,1832
-102,1833
-102,1834
-102,1835
-102,1836
-102,1837
-102,1838
-102,1839
-102,1840
-102,1841
-102,1842
-102,1843
-102,1844
-102,1845
-102,1846
-102,1847
-102,1848
-102,1849
-102,1850
-102,1851
-102,1852
-102,1853
-102,1854
-102,1855
-102,1856
-102,1857
-102,1858
-102,1859
-102,1860
-102,1861
-102,1862
-102,1863
-102,1864
-102,1865
-102,1866
-102,1867
-102,1868
-102,1869
-102,1870
-102,1871
-102,1872
-102,1873
-102,1874
-102,1875
-102,1876
-102,1877
-102,1878
-102,1879
-102,1880
-102,1881
-102,1882
-102,1883
-102,1884
-102,1885
-102,1886
-102,1887
-102,1888
-102,1889
-102,1890
-102,1891
-102,1892
-102,1893
-102,1894
-102,1895
-102,1896
-102,1897
-102,1898
-102,1899
-102,1900
-102,1901
-102,1902
-102,1903
-102,1904
-102,1905
-102,1906
-102,1907
-102,1908
-102,1909
-102,1910
-102,1911
-102,1912
-102,1913
-102,1914
-102,1915
-102,1916
-102,1917
-102,1918
-102,1919
-102,1920
-102,1921
-102,1922
-102,1923
-102,1924
-102,1925
-102,1926
-102,1927
-102,1928
-102,1929
-102,1930
-102,1931
-102,1932
-102,1933
-102,1934
-102,1935
-102,1936
-102,1937
-102,1938
-102,1939
-102,1940
-102,1941
-102,1942
-102,1943
-102,1944
-102,1945
-102,1946
-102,1947
-102,1948
-102,1949
-102,1950
-102,1951
-102,1952
-102,1953
-102,1954
-102,1955
-102,1956
-102,1957
-102,1958
-102,1959
-102,1960
-102,1961
-102,1962
-102,1963
-102,1964
-102,1965
-102,1966
-102,1967
-102,1968
-102,1969
-102,1970
-102,1971
-102,1972
-102,1973
-102,1974
-102,1975
-102,1976
-102,1977
-102,1978
-102,1979
-102,1980
-102,1981
-102,1982
-102,1983
-102,1984
-102,1985
-102,1986
-102,1987
-102,1988
-102,1989
-102,1990
-102,1991
-102,1992
-102,1993
-102,1994
-102,1995
-102,1996
-102,1997
-102,1998
-102,1999
-102,2000
