-313,21
-313,22
-313,23
-313,24
-313,25
-313,26
-313,27
-313,28
-313,29
-313,30
-313,31
-313,32
-313,33
-313,34
-313,35
-313,36
-313,37
-313,38
-313,39
-313,40
-313,41
-313,42
-313,43
-313,44
-313,45
-313,46
-313,47
-313,48
-313,49
-313,50
-313,51
-313,52
-313,53
-313,54
-313,55
-313,56
-313,57
-313,58
-313,59
-313,60
-313,61
-313,62
-313,63
-313,64
-313,65
-313,66
-313,67
-313,68
-313,69
-313,70
-313,71
-313,72
-313,73
-313,74
-313,75
-313,76
-313,77
-313,78
-313,79
-313,80
-313,81
-313,82
-313,83
-313,84
-313,85
-313,86
-313,87
-313,88
-313,89
-313,90
-313,91
-313,92
-313,93
-313,94
-313,95
-313,96
-313,97
:296_1,98
:296_1,99
:296_1,100
:296_1,101
:296_1,102
:296_1,103
:296_1,104
-312,105
-312,106
-312,107
-312,108
-312,109
-312,110
-312,111
-312,112
-312,113
-312,114
-312,115
-312,116
-312,117
-312,118
-312,119
-312,120
-312,121
-312,122
-312,123
-312,124
-312,125
-312,126
-312,127
-312,128
-312,129
-312,130
-312,131
-312,132
-312,133
-312,134
-312,135
-312,136
-312,137
-312,138
-312,139
-312,140
-312,141
-312,142
-312,143
-312,144
-312,145
-312,146
-312,147
-312,148
-312,149
-312,150
-312,151
-312,152
-312,153
-312,154
-312,155
-312,156
-312,157
-312,158
-312,159
-312,160
-312,161
-312,162
-312,163
-312,164
-312,165
-312,166
-312,167
-312,168
-312,169
-312,170
-312,171
-312,172
-312,173
-312,174
-312,175
-312,176
-312,177
-312,178
-312,179
-312,180
-312,181
-312,182
-312,183
-312,184
-312,185
-312,186
-312,187
-312,188
-312,189
-312,190
-312,191
-312,192
-312,193
-312,194
-312,195
-312,196
-312,197
-312,198
-312,199
-312,200
-312,201
-312,202
-312,203
-312,204
-312,205
-312,206
-312,207
-312,208
-312,209
-312,210
-312,211
-312,212
-312,213
-312,214
-312,215
-312,216
-312,217
-312,218
-312,219
-312,220
-312,221
-312,222
-312,223
-312,224
-312,225
-312,226
-312,227
-312,228
-312,229
-312,230
-312,231
-312,232
-312,233
-312,234
-312,235
-312,236
-312,237
-312,238
-312,239
-312,240
-312,241
-312,242
-312,243
-312,244
-312,245
-312,246
-312,247
-312,248
-312,249
-312,250
-312,251
-312,252
-312,253
-312,254
-312,255
-312,256
-312,257
-312,258
-312,259
-312,260
-312,261
-312,262
-312,263
-312,264
-312,265
-312,266
-312,267
-312,268
:295_5,269
:295_5,270
:295_5,271
:295_5,272
:295_5,273
:295_5,274
:295_5,275
315,276
315,277
315,278
315,279
315,280
315,281
315,282
315,283
315,284
315,285
315,286
315,287
315,288
315,289
315,290
315,291
315,292
315,293
315,294
315,295
315,296
315,297
315,298
315,299
315,300
315,301
315,302
315,303
315,304
315,305
315,306
315,307
315,308
315,309
315,310
315,311
315,312
315,313
315,314
315,315
315,316
315,317
315,318
315,319
315,320
315,321
315,322
315,323
315,324
315,325
315,326
315,327
315,328
315,329
315,330
315,331
315,332
315,333
315,334
315,335
315,336
315,337
315,338
315,339
315,340
315,341
315,342
315,343
315,344
315,345
315,346
315,347
315,348
315,349
315,350
315,351
315,352
315,353
315,354
315,355
315,356
315,357
315,358
315,359
315,360
315,361
315,362
315,363
315,364
315,365
315,366
315,367
315,368
315,369
315,370
315,371
315,372
315,373
315,374
315,375
315,376
315,377
315,378
315,379
315,380
315,381
315,382
315,383
315,384
315,385
315,386
315,387
315,388
315,389
315,390
315,391
315,392
315,393
315,394
315,395
-97,396
-97,397
-97,398
-97,399
-97,400
-97,401
-97,402
-97,403
-97,404
-97,405
-97,406
-97,407
-97,408
-97,409
-97,410
-97,411
-97,412
-97,413
-97,414
-97,415
-97,416
-97,417
-97,418
-97,419
-97,420
-97,421
-97,422
-97,423
-97,424
-97,425
-97,426
-97,427
-97,428
-97,429
-97,430
-97,431
-97,432
-97,433
-97,434
-97,435
-97,436
-97,437
-97,438
-97,439
-97,440
-97,441
-97,442
-97,443
-97,444
-97,445
-97,446
-97,447
-97,448
-97,449
-97,450
-97,451
-97,452
-97,453
-97,454
-97,455
-97,456
-97,457
-97,458
-97,459
-97,460
-97,461
-97,462
-97,463
-97,464
-97,465
-97,466
-97,467
-97,468
-97,469
-97,470
-97,471
-97,472
-97,473
-97,474
-97,475
-97,476
-97,477
-97,478
-97,479
-97,480
-97,481
-97,482
-97,483
-97,484
-97,485
-97,486
-97,487
-97,488
-97,489
-97,490
-97,491
-97,492
-97,493
-97,494
-97,495
:111_5,496
:111_5,497
:111_5,498
:111_5,499
:111_5,500
:111_5,501
:111_5,502
98,503
98,504
98,505
98,506
98,507
98,508
98,509
98,510
98,511
98,512
98,513
98,514
98,515
98,516
98,517
98,518
98,519
98,520
98,521
98,522
98,523
98,524
98,525
98,526
98,527
98,528
98,529
98,530
98,531
98,532
98,533
98,534
98,535
98,536
98,537
98,538
98,539
98,540
98,541
98,542
98,543
98,544
98,545
98,546
98,547
98,548
98,549
98,550
98,551
98,552
98,553
98,554
98,555
98,556
98,557
98,558
98,559
98,560
98,561
98,562
98,563
98,564
98,565
98,566
98,567
98,568
98,569
98,570
98,571
98,572
98,573
98,574
98,575
98,576
98,577
98,578
98,579
98,580
98,581
98,582
98,583
98,584
98,585
98,586
98,587
98,588
98,589
98,590
98,591
98,592
98,593
98,594
98,595
98,596
98,597
98,598
98,599
98,600
98,601
98,602
98,603
98,604
98,605
98,606
98,607
98,608
98,609
98,610
98,611
98,612
98,613
98,614
98,615
98,616
98,617
98,618
98,619
98,620
98,621
98,622
98,623
98,624
98,625
98,626
98,627
98,628
98,629
98,630
98,631
98,632
98,633
98,634
98,635
98,636
98,637
98,638
98,639
98,640
98,641
98,642
98,643
98,644
98,645
98,646
98,647
98,648
98,649
98,650
98,651
98,652
98,653
98,654
98,655
98,656
98,657
98,658
98,659
98,660
98,661
98,662
98,663
98,664
98,665
98,666
98,667
98,668
98,669
98,670
98,671
98,672
98,673
98,674
98,675
98,676
98,677
98,678
98,679
98,680
98,681
98,682
98,683
98,684
98,685
98,686
98,687
98,688
98,689
98,690
98,691
98,692
98,693
98,694
98,695
98,696
98,697
98,698
98,699
98,700
98,701
98,702
98,703
98,704
98,705
98,706
98,707
98,708
98,709
98,710
98,711
98,712
98,713
98,714
98,715
98,716
98,717
:56_5,718
:56_5,719
:56_5,720
:56_5,721
:56_5,722
:56_5,723
:56_5,724
-48,725
-48,726
-48,727
-48,728
-48,729
-48,730
-48,731
-48,732
-48,733
-48,734
-48,735
-48,736
-48,737
-48,738
-48,739
-48,740
-48,741
-48,742
-48,743
-48,744
-48,745
-48,746
-48,747
-48,748
-48,749
-48,750
-48,751
-48,752
-48,753
-48,754
-48,755
-48,756
-48,757
-48,758
-48,759
-48,760
-48,761
-48,762
-48,763
-48,764
-48,765
-48,766
-48,767
-48,768
-48,769
-48,770
-48,771
-48,772
-48,773
-48,774
-48,775
-48,776
-48,777
-48,778
-48,779
-48,780
-48,781
-48,782
-48,783
-48,784
-48,785
-48,786
-48,787
-48,788
-48,789
-48,790
-48,791
-48,792
-48,793
-48,794
-48,795
-48,796
-48,797
-48,798
-48,799
-48,800
-48,801
-48,802
-48,803
-48,804
-48,805
-48,806
-48,807
-48,808
-48,809
-48,810
-48,811
-48,812
-48,813
-48,814
-48,815
-48,816
-48,817
-48,818
-48,819
-48,820
-48,821
-48,822
-48,823
-48,824
-48,825
-48,826
-48,827
-48,828
-48,829
-48,830
-48,831
-48,832
-48,833
-48,834
-48,835
-48,836
-48,837
-48,838
-48,839
-48,840
-48,841
-48,842
-48,843
-48,844
-48,845
-48,846
-48,847
-48,848
-48,849
-48,850
-48,851
-48,852
-48,853
-48,854
-48,855
-48,856
-48,857
-48,858
-48,859
-48,860
-48,861
-48,862
-48,863
-48,864
-48,865
-48,866
-48,867
-48,868
-48,869
-48,870
-48,871
-48,872
-48,873
-48,874
-48,875
-48,876
-48,877
-48,878
-48,879
-48,880
-48,881
-48,882
-48,883
-48,884
-48,885
-48,886
-48,887
-48,888
-48,889
-48,890
-48,891
-48,892
-48,893
-48,894
:52_0,895
:52_0,896
:52_0,897
:52_0,898
:52_0,899
:52_0,900
46,901
46,902
46,903
46,904
46,905
46,906
46,907
46,908
46,909
46,910
46,911
46,912
46,913
46,914
46,915
46,916
46,917
46,918
46,919
46,920
46,921
46,922
46,923
46,924
46,925
46,926
46,927
46,928
46,929
46,930
46,931
46,932
46,933
46,934
46,935
46,936
46,937
46,938
46,939
46,940
46,941
46,942
46,943
46,944
46,945
46,946
46,947
46,948
46,949
46,950
46,951
46,952
46,953
46,954
46,955
46,956
46,957
46,958
46,959
46,960
46,961
46,962
46,963
46,964
46,965
46,966
46,967
46,968
46,969
46,970
46,971
46,972
46,973
46,974
46,975
46,976
46,977
46,978
46,979
46,980
46,981
46,982
46,983
46,984
46,985
46,986
46,987
46,988
46,989
46,990
46,991
46,992
46,993
46,994
46,995
46,996
46,997
46,998
46,999
46,1000
46,1001
46,1002
46,1003
46,1004
46,1005
46,1006
46,1007
46,1008
46,1009
46,1010
46,1011
46,1012
46,1013
46,1014
46,1015
46,1016
46,1017
46,1018
46,1019
46,1020
46,1021
46,1022
46,1023
46,1024
46,1025
46,1026
46,1027
46,1028
46,1029
46,1030
46,1031
46,1032
46,1033
46,1034
46,1035
46,1036
46,1037
46,1038
46,1039
46,1040
46,1041
46,1042
:54_4,1043
:54_4,1044
:54_4,1045
:54_4,1046
:54_4,1047
:54_4,1048
:54_4,1049
310,1050
310,1051
310,1052
310,1053
310,1054
310,1055
310,1056
310,1057
310,1058
310,1059
310,1060
310,1061
310,1062
310,1063
310,1064
310,1065
310,1066
310,1067
310,1068
310,1069
310,1070
310,1071
310,1072
310,1073
310,1074
310,1075
310,1076
310,1077
310,1078
310,1079
310,1080
310,1081
310,1082
310,1083
310,1084
310,1085
310,1086
310,1087
310,1088
310,1089
310,1090
310,1091
310,1092
310,1093
310,1094
310,1095
310,1096
310,1097
310,1098
310,1099
310,1100
310,1101
310,1102
310,1103
310,1104
310,1105
310,1106
310,1107
310,1108
310,1109
310,1110
310,1111
310,1112
310,1113
310,1114
310,1115
310,1116
310,1117
310,1118
310,1119
310,1120
310,1121
310,1122
310,1123
310,1124
310,1125
310,1126
310,1127
310,1128
310,1129
310,1130
310,1131
310,1132
310,1133
310,1134
310,1135
310,1136
310,1137
310,1138
310,1139
310,1140
310,1141
310,1142
310,1143
310,1144
310,1145
310,1146
310,1147
310,1148
310,1149
310,1150
310,1151
310,1152
310,1153
310,1154
310,1155
310,1156
310,1157
310,1158
310,1159
310,1160
310,1161
310,1162
310,1163
310,1164
310,1165
310,1166
310,1167
310,1168
310,1169
310,1170
310,1171
310,1172
310,1173
310,1174
310,1175
310,1176
310,1177
310,1178
310,1179
310,1180
310,1181
310,1182
310,1183
310,1184
310,1185
310,1186
310,1187
310,1188
310,1189
310,1190
310,1191
310,1192
310,1193
310,1194
310,1195
310,1196
310,1197
310,1198
310,1199
310,1200
310,1201
310,1202
310,1203
310,1204
310,1205
310,1206
310,1207
310,1208
310,1209
310,1210
310,1211
310,1212
310,1213
310,1214
310,1215
310,1216
310,1217
310,1218
310,1219
310,1220
310,1221
310,1222
310,1223
310,1224
310,1225
310,1226
310,1227
310,1228
310,1229
310,1230
310,1231
310,1232
310,1233
310,1234
310,1235
310,1236
310,1237
310,1238
310,1239
310,1240
310,1241
310,1242
310,1243
310,1244
310,1245
310,1246
310,1247
310,1248
310,1249
310,1250
310,1251
310,1252
310,1253
310,1254
310,1255
310,1256
310,1257
310,1258
310,1259
310,1260
310,1261
310,1262
310,1263
310,1264
310,1265
310,1266
310,1267
310,1268
310,1269
310,1270
310,1271
310,1272
310,1273
310,1274
310,1275
310,1276
310,1277
310,1278
310,1279
310,1280
310,1281
310,1282
310,1283
310,1284
310,1285
310,1286
310,1287
310,1288
310,1289
310,1290
310,1291
310,1292
310,1293
310,1294
310,1295
310,1296
310,1297
310,1298
310,1299
310,1300
310,1301
310,1302
310,1303
310,1304
310,1305
310,1306
310,1307
310,1308
310,1309
310,1310
310,1311
310,1312
310,1313
310,1314
310,1315
310,1316
310,1317
310,1318
310,1319
310,1320
310,1321
310,1322
310,1323
310,1324
310,1325
310,1326
310,1327
310,1328
310,1329
310,1330
310,1331
310,1332
310,1333
310,1334
310,1335
310,1336
310,1337
310,1338
310,1339
310,1340
310,1341
310,1342
310,1343
310,1344
310,1345
310,1346
310,1347
310,1348
:0_5,1349
:0_5,1350
:0_5,1351
:0_5,1352
:0_5,1353
:0_5,1354
:0_5,1355
:0_5,1356
3,1357
3,1358
3,1359
3,1360
3,1361
3,1362
3,1363
3,1364
3,1365
3,1366
3,1367
3,1368
3,1369
3,1370
3,1371
3,1372
3,1373
3,1374
3,1375
3,1376
3,1377
3,1378
3,1379
3,1380
3,1381
3,1382
3,1383
3,1384
3,1385
3,1386
3,1387
3,1388
3,1389
3,1390
3,1391
3,1392
3,1393
3,1394
3,1395
3,1396
3,1397
3,1398
3,1399
3,1400
3,1401
3,1402
3,1403
3,1404
3,1405
3,1406
3,1407
3,1408
3,1409
3,1410
3,1411
3,1412
3,1413
3,1414
3,1415
3,1416
3,1417
3,1418
3,1419
3,1420
3,1421
3,1422
3,1423
3,1424
3,1425
3,1426
3,1427
3,1428
3,1429
3,1430
3,1431
3,1432
3,1433
3,1434
3,1435
3,1436
3,1437
3,1438
3,1439
3,1440
3,1441
3,1442
3,1443
3,1444
3,1445
3,1446
3,1447
3,1448
3,1449
3,1450
3,1451
3,1452
3,1453
3,1454
3,1455
3,1456
3,1457
3,1458
3,1459
3,1460
3,1461
3,1462
3,1463
3,1464
3,1465
3,1466
3,1467
3,1468
3,1469
3,1470
3,1471
3,1472
3,1473
3,1474
3,1475
3,1476
3,1477
3,1478
3,1479
3,1480
3,1481
3,1482
3,1483
3,1484
3,1485
3,1486
3,1487
3,1488
3,1489
3,1490
3,1491
3,1492
3,1493
3,1494
3,1495
3,1496
3,1497
3,1498
3,1499
3,1500
3,1501
3,1502
3,1503
3,1504
3,1505
3,1506
3,1507
3,1508
3,1509
3,1510
3,1511
3,1512
3,1513
3,1514
3,1515
3,1516
3,1517
3,1518
3,1519
3,1520
3,1521
3,1522
3,1523
3,1524
3,1525
3,1526
3,1527
3,1528
3,1529
3,1530
3,1531
3,1532
3,1533
3,1534
3,1535
3,1536
3,1537
3,1538
3,1539
3,1540
3,1541
3,1542
3,1543
3,1544
3,1545
3,1546
3,1547
3,1548
3,1549
3,1550
3,1551
3,1552
3,1553
3,1554
3,1555
3,1556
3,1557
3,1558
3,1559
3,1560
3,1561
3,1562
3,1563
3,1564
3,1565
3,1566
3,1567
3,1568
3,1569
3,1570
3,1571
3,1572
3,1573
3,1574
3,1575
3,1576
3,1577
3,1578
3,1579
3,1580
3,1581
3,1582
3,1583
3,1584
3,1585
3,1586
3,1587
3,1588
3,1589
3,1590
3,1591
3,1592
3,1593
3,1594
3,1595
3,1596
3,1597
3,1598
3,1599
3,1600
3,1601
3,1602
3,1603
3,1604
3,1605
3,1606
3,1607
3,1608
3,1609
3,1610
3,1611
3,1612
3,1613
3,1614
3,1615
3,1616
3,1617
3,1618
3,1619
3,1620
3,1621
3,1622
3,1623
3,1624
3,1625
3,1626
3,1627
3,1628
3,1629
3,1630
3,1631
3,1632
3,1633
3,1634
3,1635
3,1636
3,1637
3,1638
3,1639
3,1640
3,1641
3,1642
3,1643
3,1644
3,1645
3,1646
3,1647
3,1648
3,1649
3,1650
3,1651
3,1652
3,1653
3,1654
3,1655
3,1656
3,1657
3,1658
3,1659
3,1660
3,1661
3,1662
3,1663
3,1664
3,1665
3,1666
3,1667
3,1668
3,1669
3,1670
3,1671
3,1672
3,1673
3,1674
3,1675
3,1676
3,1677
3,1678
3,1679
3,1680
3,1681
3,1682
3,1683
3,1684
3,1685
3,1686
3,1687
3,1688
3,1689
3,1690
3,1691
3,1692
3,1693
3,1694
3,1695
3,1696
3,1697
3,1698
3,1699
3,1700
3,1701
3,1702
3,1703
3,1704
3,1705
3,1706
3,1707
3,1708
3,1709
3,1710
3,1711
3,1712
3,1713
3,1714
3,1715
3,1716
3,1717
3,1718
:4_4,1719
:4_4,1720
:4_4,1721
:4_4,1722
-11,1723
-11,1724
-11,1725
-11,1726
-11,1727
-11,1728
-11,1729
-11,1730
-11,1731
-11,1732
-11,1733
-11,1734
-11,1735
-11,1736
-11,1737
-11,1738
-11,1739
-11,1740
-11,1741
-11,1742
-11,1743
-11,1744
-11,1745
-11,1746
-11,1747
-11,1748
-11,1749
-11,1750
-11,1751
-11,1752
-11,1753
-11,1754
-11,1755
-11,1756
-11,1757
-11,1758
-11,1759
-11,1760
-11,1761
-11,1762
-11,1763
-11,1764
-11,1765
-11,1766
-11,1767
-11,1768
-11,1769
-11,1770
-11,1771
-11,1772
-11,1773
-11,1774
-11,1775
-11,1776
-11,1777
-11,1778
-11,1779
-11,1780
-11,1781
-11,1782
-11,1783
-11,1784
-11,1785
-11,1786
-11,1787
-11,1788
-11,1789
-11,1790
-11,1791
-11,1792
-11,1793
-11,1794
-11,1795
-11,1796
-11,1797
-11,1798
-11,1799
-11,1800
-11,1801
-11,1802
-11,1803
-11,1804
-11,1805
-11,1806
-11,1807
-11,1808
-11,1809
-11,1810
-11,1811
-11,1812
-11,1813
-11,1814
-11,1815
-11,1816
-11,1817
-11,1818
-11,1819
-11,1820
-11,1821
-11,1822
-11,1823
-11,1824
-11,1825
-11,1826
-11,1827
-11,1828
-11,1829
-11,1830
-11,1831
-11,1832
-11,1833
-11,1834
-11,1835
-11,1836
-11,1837
-11,1838
-11,1839
-11,1840
-11,1841
-11,1842
-11,1843
-11,1844
-11,1845
-11,1846
-11,1847
-11,1848
-11,1849
-11,1850
-11,1851
-11,1852
-11,1853
-11,1854
-11,1855
-11,1856
-11,1857
-11,1858
-11,1859
-11,1860
-11,1861
-11,1862
-11,1863
-11,1864
-11,1865
-11,1866
-11,1867
-11,1868
-11,1869
-11,1870
-11,1871
-11,1872
-11,1873
-11,1874
-11,1875
-11,1876
-11,1877
-11,1878
-11,1879
-11,1880
-11,1881
-10,1882
-10,1883
-10,1884
-10,1885
-10,1886
-10,1887
-10,1888
-10,1889
-10,1890
-10,1891
-10,1892
-10,1893
-10,1894
-10,1895
-10,1896
-10,1897
-10,1898
-10,1899
-10,1900
-10,1901
-10,1902
-10,1903
-10,1904
-10,1905
-10,1906
-10,1907
-10,1908
-10,1909
-10,1910
-10,1911
-10,1912
-10,1913
-10,1914
-10,1915
-10,1916
-10,1917
-10,1918
-10,1919
-10,1920
-10,1921
-10,1922
-10,1923
-10,1924
-10,1925
-10,1926
-10,1927
-10,1928
-10,1929
-10,1930
-10,1931
-10,1932
-10,1933
-10,1934
-10,1935
-10,1936
-10,1937
-10,1938
-10,1939
-10,1940
-10,1941
-10,1942
-10,1943
-10,1944
-10,1945
-10,1946
-10,1947
-10,1948
-10,1949
-10,1950
-10,1951
-10,1952
-10,1953
-10,1954
-10,1955
-10,1956
-10,1957
-10,1958
-10,1959
-10,1960
-9,1961
-9,1962
-9,1963
-9,1964
-9,1965
-9,1966
-9,1967
-9,1968
-9,1969
-9,1970
-9,1971
-9,1972
-9,1973
-9,1974
-9,1975
-9,1976
-9,1977
-9,1978
-9,1979
-9,1980
-9,1981
-9,1982
-9,1983
-9,1984
-9,1985
-9,1986
-9,1987
-9,1988
-9,1989
-9,1990
-9,1991
-9,1992
-9,1993
-9,1994
-9,1995
-9,1996
-9,1997
-9,1998
-9,1999
-9,2000
