-536,1
-536,2
-536,3
-536,4
-536,5
-536,6
-536,7
-536,8
-536,9
-536,10
-536,11
-536,12
-536,13
-536,14
-536,15
-536,16
-536,17
-536,18
-536,19
-536,20
-536,21
-536,22
-536,23
-536,24
-536,25
-536,26
-536,27
-536,28
-536,29
-536,30
-536,31
-536,32
-536,33
-536,34
-536,35
-536,36
-536,37
-536,38
-536,39
-536,40
-536,41
-536,42
-536,43
-536,44
-536,45
-536,46
-536,47
-536,48
-536,49
-536,50
-536,51
-536,52
-536,53
-536,54
-536,55
-536,56
-536,57
-536,58
-536,59
-536,60
-536,61
-536,62
-536,63
-536,64
-536,65
-536,66
-536,67
-536,68
-536,69
-536,70
-536,71
-536,72
-536,73
-536,74
-536,75
-536,76
-536,77
-536,78
-536,79
-536,80
-536,81
-536,82
-536,83
-536,84
-536,85
-536,86
-536,87
-536,88
-536,89
-536,90
-536,91
-536,92
-536,93
-536,94
-536,95
-536,96
-536,97
-536,98
-536,99
-536,100
-536,101
-536,102
-536,103
-536,104
-536,105
-536,106
-536,107
-536,108
-536,109
-536,110
-536,111
-536,112
-536,113
-536,114
-536,115
-536,116
-536,117
-536,118
-536,119
-536,120
-536,121
-536,122
-536,123
-536,124
-536,125
-536,126
-536,127
-536,128
-536,129
-536,130
-536,131
-536,132
-536,133
-536,134
-536,135
-536,136
-536,137
-536,138
-536,139
-536,140
-536,141
-536,142
-536,143
-536,144
-536,145
-536,146
-536,147
-536,148
-536,149
-536,150
-536,151
-536,152
-536,153
-536,154
-536,155
-536,156
-536,157
-536,158
-536,159
-536,160
-536,161
-536,162
-536,163
-536,164
-536,165
-536,166
-536,167
-536,168
-536,169
-536,170
-536,171
-536,172
-536,173
-536,174
-536,175
-536,176
-536,177
-536,178
-536,179
-536,180
-536,181
-536,182
-536,183
-536,184
-536,185
-536,186
-536,187
-536,188
-536,189
-536,190
-536,191
-536,192
-536,193
-536,194
-536,195
-536,196
-536,197
-536,198
-536,199
-536,200
-536,201
-536,202
-536,203
-536,204
-536,205
-536,206
-536,207
-536,208
-536,209
-536,210
-536,211
-536,212
-536,213
-536,214
-536,215
-536,216
-536,217
-536,218
-536,219
:378_1,220
:378_1,221
:378_9,222
:378_9,223
:378_9,224
:378_9,225
-433,226
-433,227
-433,228
-433,229
-433,230
-433,231
-433,232
-433,233
-433,234
-433,235
-433,236
-433,237
-433,238
-433,239
-433,240
-433,241
-433,242
-433,243
-433,244
-433,245
-433,246
-433,247
-433,248
-433,249
-433,250
-433,251
-433,252
-433,253
-433,254
-433,255
-433,256
-433,257
-433,258
-433,259
-433,260
-433,261
-433,262
-433,263
-433,264
-433,265
-433,266
-433,267
-433,268
-433,269
-433,270
-433,271
-433,272
-433,273
-433,274
-433,275
-433,276
-433,277
-433,278
-433,279
-433,280
-433,281
-433,282
-433,283
-433,284
-433,285
-433,286
-433,287
-433,288
-433,289
-433,290
-433,291
-433,292
-433,293
-433,294
-433,295
-433,296
-433,297
-433,298
-433,299
-433,300
-433,301
-433,302
-433,303
-433,304
-433,305
-433,306
-433,307
-433,308
-433,309
-433,310
-433,311
-433,312
-433,313
-433,314
-433,315
-433,316
-433,317
-433,318
-433,319
-433,320
-433,321
-433,322
-433,323
-433,324
-433,325
-433,326
-433,327
-433,328
-433,329
-433,330
-433,331
-433,332
-433,333
-433,334
-433,335
-433,336
-433,337
-433,338
-433,339
-433,340
-433,341
-433,342
-433,343
-433,344
-433,345
-433,346
-433,347
-433,348
-433,349
-433,350
-433,351
-433,352
-433,353
-433,354
-433,355
-433,356
-433,357
-433,358
-433,359
-433,360
-433,361
-433,362
-433,363
-433,364
-433,365
-433,366
-433,367
-433,368
-433,369
-433,370
-433,371
-433,372
-433,373
-433,374
-433,375
-433,376
-433,377
-433,378
-433,379
-433,380
-433,381
-433,382
-433,383
-433,384
-433,385
-433,386
-433,387
-433,388
-433,389
-433,390
:377_2,391
:377_2,392
:377_16,393
:377_16,394
:377_16,395
:377_16,396
435,397
435,398
435,399
435,400
435,401
435,402
435,403
435,404
435,405
435,406
435,407
435,408
435,409
435,410
435,411
435,412
435,413
435,414
435,415
435,416
435,417
435,418
435,419
435,420
435,421
435,422
435,423
435,424
435,425
435,426
435,427
435,428
435,429
435,430
435,431
435,432
435,433
435,434
435,435
435,436
435,437
435,438
435,439
435,440
435,441
435,442
435,443
435,444
435,445
435,446
435,447
435,448
435,449
435,450
435,451
435,452
435,453
435,454
435,455
435,456
435,457
435,458
435,459
435,460
435,461
435,462
435,463
435,464
435,465
435,466
435,467
435,468
435,469
435,470
435,471
435,472
435,473
435,474
435,475
435,476
435,477
435,478
435,479
435,480
435,481
435,482
435,483
435,484
435,485
435,486
435,487
435,488
435,489
435,490
435,491
435,492
435,493
435,494
435,495
435,496
435,497
435,498
435,499
435,500
435,501
435,502
435,503
435,504
435,505
435,506
435,507
435,508
435,509
435,510
435,511
435,512
435,513
435,514
435,515
435,516
435,517
435,518
435,519
435,520
435,521
435,522
435,523
435,524
435,525
435,526
435,527
435,528
435,529
435,530
435,531
435,532
435,533
435,534
435,535
435,536
435,537
435,538
435,539
435,540
435,541
435,542
435,543
435,544
435,545
435,546
435,547
435,548
435,549
435,550
435,551
435,552
435,553
435,554
435,555
435,556
435,557
435,558
435,559
435,560
435,561
435,562
435,563
435,564
435,565
435,566
435,567
435,568
435,569
435,570
435,571
435,572
435,573
435,574
435,575
435,576
435,577
435,578
435,579
435,580
435,581
435,582
435,583
435,584
435,585
435,586
435,587
435,588
435,589
435,590
:380_6,591
:380_6,592
:380_6,593
:380_6,594
:380_6,595
474,596
474,597
474,598
474,599
474,600
474,601
474,602
474,603
474,604
474,605
474,606
474,607
474,608
474,609
474,610
474,611
474,612
474,613
474,614
474,615
474,616
474,617
474,618
474,619
474,620
474,621
474,622
474,623
474,624
474,625
474,626
474,627
474,628
474,629
474,630
474,631
474,632
474,633
474,634
474,635
474,636
474,637
474,638
474,639
474,640
474,641
474,642
474,643
474,644
474,645
474,646
474,647
474,648
474,649
474,650
474,651
474,652
474,653
474,654
474,655
474,656
474,657
474,658
474,659
474,660
474,661
474,662
474,663
474,664
474,665
474,666
474,667
474,668
474,669
474,670
474,671
474,672
474,673
474,674
474,675
474,676
474,677
474,678
474,679
474,680
474,681
474,682
474,683
474,684
474,685
474,686
474,687
474,688
474,689
474,690
474,691
474,692
474,693
474,694
474,695
474,696
474,697
474,698
474,699
:298_0,700
:298_0,701
:298_0,702
:298_0,703
610,704
610,705
610,706
610,707
610,708
610,709
610,710
610,711
610,712
610,713
610,714
610,715
610,716
610,717
610,718
610,719
610,720
610,721
610,722
610,723
610,724
610,725
610,726
610,727
610,728
610,729
610,730
610,731
610,732
610,733
610,734
610,735
610,736
610,737
610,738
610,739
610,740
610,741
610,742
610,743
610,744
610,745
610,746
610,747
610,748
610,749
610,750
610,751
610,752
610,753
610,754
610,755
610,756
610,757
610,758
610,759
610,760
610,761
610,762
610,763
610,764
610,765
610,766
610,767
610,768
610,769
610,770
610,771
610,772
610,773
610,774
610,775
610,776
:236_0,777
:236_0,778
:236_0,779
642,780
642,781
642,782
642,783
642,784
642,785
642,786
642,787
642,788
642,789
642,790
642,791
642,792
642,793
642,794
642,795
642,796
642,797
642,798
642,799
642,800
642,801
642,802
642,803
642,804
642,805
642,806
642,807
642,808
642,809
642,810
642,811
642,812
642,813
642,814
642,815
642,816
642,817
642,818
642,819
642,820
642,821
642,822
642,823
642,824
642,825
642,826
642,827
642,828
642,829
642,830
:480_0,831
:480_0,832
663,833
663,834
663,835
663,836
663,837
663,838
663,839
663,840
663,841
663,842
663,843
663,844
663,845
663,846
663,847
663,848
663,849
663,850
663,851
663,852
663,853
663,854
663,855
663,856
663,857
663,858
663,859
663,860
663,861
663,862
663,863
663,864
663,865
663,866
663,867
663,868
663,869
663,870
663,871
663,872
663,873
663,874
663,875
663,876
663,877
663,878
663,879
663,880
663,881
663,882
663,883
663,884
663,885
663,886
663,887
663,888
663,889
663,890
663,891
663,892
663,893
663,894
663,895
663,896
663,897
663,898
663,899
663,900
663,901
663,902
663,903
663,904
663,905
663,906
663,907
663,908
663,909
663,910
663,911
663,912
:234_4,913
:234_4,914
:234_4,915
:234_4,916
:234_4,917
-230,918
-230,919
-230,920
-230,921
-230,922
-230,923
-230,924
-230,925
-230,926
-230,927
-230,928
-230,929
-230,930
-230,931
-230,932
-230,933
-230,934
-230,935
-230,936
-230,937
-230,938
-230,939
-230,940
-230,941
-230,942
-230,943
-230,944
-230,945
-230,946
-230,947
-230,948
-230,949
-230,950
-230,951
-230,952
-230,953
-230,954
-230,955
-230,956
-230,957
-230,958
-230,959
-230,960
-230,961
-230,962
-230,963
-230,964
-230,965
-230,966
-230,967
-230,968
-230,969
-230,970
-230,971
:113_13,972
:113_13,973
:113_13,974
:113_13,975
:113_13,976
-96,977
-96,978
-96,979
-96,980
-96,981
-96,982
-96,983
-96,984
-96,985
-96,986
-96,987
-96,988
-96,989
-96,990
-96,991
-96,992
-96,993
-96,994
-96,995
-96,996
-96,997
-96,998
-96,999
-96,1000
-96,1001
-96,1002
-96,1003
-96,1004
-96,1005
-96,1006
-96,1007
-96,1008
-96,1009
-96,1010
-96,1011
-96,1012
-96,1013
-96,1014
-96,1015
-96,1016
-96,1017
-96,1018
-96,1019
-96,1020
-96,1021
-96,1022
-96,1023
-96,1024
-96,1025
-96,1026
-96,1027
-96,1028
-96,1029
-96,1030
-96,1031
-96,1032
-96,1033
:112_1,1034
:112_1,1035
:112_1,1036
:112_1,1037
:112_1,1038
-95,1039
-95,1040
-95,1041
-95,1042
-95,1043
-95,1044
-95,1045
-95,1046
-95,1047
-95,1048
-95,1049
-95,1050
-95,1051
-95,1052
-95,1053
-95,1054
-95,1055
-95,1056
-95,1057
-95,1058
-95,1059
-95,1060
-95,1061
-95,1062
-95,1063
-95,1064
-95,1065
-95,1066
-95,1067
-95,1068
-95,1069
-95,1070
-95,1071
-95,1072
-95,1073
-95,1074
-95,1075
-95,1076
-95,1077
-95,1078
-95,1079
-95,1080
:111_1,1081
:111_1,1082
:111_1,1083
:111_1,1084
:111_1,1085
-552,1086
-552,1087
-552,1088
-552,1089
-552,1090
-552,1091
-552,1092
-552,1093
-552,1094
-552,1095
-552,1096
-552,1097
-552,1098
-552,1099
-552,1100
-552,1101
-552,1102
-552,1103
-552,1104
-552,1105
-552,1106
-552,1107
-552,1108
-552,1109
-552,1110
-552,1111
-552,1112
-552,1113
-552,1114
-552,1115
-552,1116
-552,1117
-552,1118
-552,1119
-552,1120
-552,1121
-552,1122
-552,1123
-552,1124
-552,1125
-552,1126
-552,1127
-552,1128
-552,1129
-552,1130
-552,1131
-552,1132
-552,1133
-552,1134
-552,1135
-552,1136
-552,1137
-552,1138
-552,1139
-552,1140
-552,1141
-552,1142
-552,1143
-552,1144
-552,1145
-552,1146
-552,1147
-552,1148
-552,1149
-552,1150
-552,1151
-552,1152
-552,1153
-552,1154
-552,1155
-552,1156
-552,1157
-552,1158
-552,1159
-552,1160
-552,1161
-552,1162
-552,1163
-552,1164
-552,1165
-552,1166
-552,1167
-552,1168
-552,1169
-552,1170
-552,1171
-552,1172
-552,1173
-552,1174
-552,1175
-552,1176
-552,1177
-552,1178
-552,1179
-552,1180
-552,1181
-552,1182
-552,1183
-552,1184
-552,1185
-552,1186
-552,1187
-552,1188
-552,1189
-552,1190
-552,1191
-552,1192
-552,1193
-552,1194
-552,1195
-552,1196
-552,1197
-552,1198
-552,1199
-552,1200
-552,1201
-552,1202
-552,1203
-552,1204
-552,1205
-552,1206
-552,1207
-552,1208
-552,1209
-552,1210
-552,1211
-552,1212
-552,1213
:41_1,1214
:41_1,1215
:41_1,1216
:41_1,1217
:41_1,1218
-34,1219
-34,1220
-34,1221
-34,1222
-34,1223
-34,1224
-34,1225
-34,1226
-34,1227
-34,1228
-34,1229
-34,1230
-34,1231
-34,1232
-34,1233
-34,1234
-34,1235
-34,1236
-34,1237
-34,1238
-34,1239
-34,1240
-34,1241
-34,1242
-34,1243
-34,1244
-34,1245
-34,1246
-34,1247
-34,1248
-34,1249
-34,1250
-34,1251
-34,1252
-34,1253
-34,1254
-34,1255
-34,1256
-34,1257
-34,1258
-34,1259
-34,1260
-34,1261
-34,1262
-34,1263
-34,1264
-34,1265
-34,1266
-34,1267
-34,1268
-34,1269
-34,1270
-34,1271
-34,1272
-34,1273
-34,1274
-34,1275
-34,1276
-34,1277
-34,1278
-34,1279
-34,1280
-34,1281
-34,1282
-34,1283
-34,1284
-34,1285
-34,1286
-34,1287
-34,1288
-34,1289
-34,1290
-34,1291
-34,1292
-34,1293
-34,1294
-34,1295
-34,1296
-34,1297
-34,1298
-34,1299
-34,1300
-34,1301
-34,1302
-34,1303
-34,1304
-34,1305
-34,1306
-34,1307
-34,1308
-34,1309
-34,1310
-34,1311
-34,1312
-34,1313
-34,1314
-34,1315
-34,1316
-34,1317
-34,1318
-34,1319
-34,1320
-34,1321
-34,1322
-34,1323
-34,1324
-34,1325
-34,1326
-34,1327
-34,1328
-34,1329
-34,1330
:38_1,1331
:38_1,1332
:38_1,1333
:38_1,1334
:38_1,1335
33,1336
33,1337
33,1338
33,1339
33,1340
33,1341
33,1342
33,1343
33,1344
33,1345
33,1346
33,1347
33,1348
33,1349
33,1350
33,1351
33,1352
33,1353
33,1354
33,1355
33,1356
33,1357
33,1358
33,1359
33,1360
33,1361
33,1362
33,1363
33,1364
33,1365
33,1366
33,1367
33,1368
33,1369
33,1370
33,1371
33,1372
33,1373
33,1374
33,1375
33,1376
33,1377
33,1378
33,1379
33,1380
33,1381
33,1382
33,1383
33,1384
33,1385
33,1386
33,1387
33,1388
33,1389
33,1390
33,1391
33,1392
33,1393
33,1394
33,1395
33,1396
33,1397
33,1398
33,1399
33,1400
33,1401
33,1402
33,1403
33,1404
33,1405
33,1406
33,1407
33,1408
33,1409
33,1410
33,1411
33,1412
33,1413
33,1414
33,1415
33,1416
33,1417
33,1418
33,1419
33,1420
33,1421
33,1422
33,1423
33,1424
33,1425
33,1426
33,1427
33,1428
33,1429
33,1430
33,1431
33,1432
33,1433
33,1434
33,1435
33,1436
33,1437
33,1438
33,1439
33,1440
33,1441
33,1442
33,1443
33,1444
33,1445
33,1446
33,1447
33,1448
33,1449
33,1450
33,1451
33,1452
33,1453
33,1454
33,1455
33,1456
33,1457
33,1458
33,1459
33,1460
33,1461
33,1462
33,1463
33,1464
33,1465
33,1466
33,1467
33,1468
33,1469
33,1470
33,1471
33,1472
33,1473
33,1474
33,1475
33,1476
33,1477
33,1478
33,1479
33,1480
33,1481
33,1482
33,1483
33,1484
33,1485
33,1486
33,1487
33,1488
33,1489
33,1490
33,1491
33,1492
33,1493
33,1494
33,1495
33,1496
33,1497
33,1498
33,1499
33,1500
:40_6,1501
:40_6,1502
:40_6,1503
:40_6,1504
:40_6,1505
450,1506
450,1507
450,1508
450,1509
450,1510
450,1511
450,1512
450,1513
450,1514
450,1515
450,1516
450,1517
450,1518
450,1519
450,1520
450,1521
450,1522
450,1523
450,1524
450,1525
450,1526
450,1527
450,1528
450,1529
450,1530
450,1531
450,1532
450,1533
450,1534
450,1535
450,1536
450,1537
450,1538
450,1539
450,1540
450,1541
450,1542
450,1543
:154_0,1544
:154_0,1545
:154_0,1546
:154_0,1547
-138,1548
-138,1549
-138,1550
-138,1551
-138,1552
-138,1553
-138,1554
-138,1555
-138,1556
-138,1557
-138,1558
-138,1559
-138,1560
-138,1561
-138,1562
-138,1563
-138,1564
-138,1565
-138,1566
-138,1567
-138,1568
-138,1569
-138,1570
-138,1571
-138,1572
-138,1573
-138,1574
-138,1575
-138,1576
-138,1577
-138,1578
-138,1579
-138,1580
-138,1581
-138,1582
-138,1583
-138,1584
-138,1585
-138,1586
-138,1587
-138,1588
-138,1589
-138,1590
-138,1591
-138,1592
-138,1593
-138,1594
-138,1595
-138,1596
-138,1597
-138,1598
-138,1599
-138,1600
-138,1601
-138,1602
-138,1603
-138,1604
-138,1605
-138,1606
-138,1607
-138,1608
-138,1609
-138,1610
-138,1611
-138,1612
-138,1613
-138,1614
-138,1615
-138,1616
-138,1617
-138,1618
-138,1619
-138,1620
-138,1621
-138,1622
-138,1623
-138,1624
-138,1625
-138,1626
-138,1627
-138,1628
-138,1629
-138,1630
-138,1631
-138,1632
-138,1633
-138,1634
-138,1635
-138,1636
-138,1637
-138,1638
-138,1639
-138,1640
-138,1641
-138,1642
-138,1643
-138,1644
-138,1645
-138,1646
:153_1,1647
:153_1,1648
:153_1,1649
:153_1,1650
:153_1,1651
142,1652
142,1653
142,1654
142,1655
142,1656
142,1657
142,1658
142,1659
142,1660
142,1661
142,1662
142,1663
142,1664
142,1665
142,1666
142,1667
142,1668
142,1669
142,1670
142,1671
142,1672
142,1673
142,1674
142,1675
142,1676
142,1677
142,1678
142,1679
142,1680
142,1681
142,1682
142,1683
142,1684
142,1685
142,1686
142,1687
142,1688
142,1689
142,1690
142,1691
142,1692
142,1693
142,1694
142,1695
142,1696
142,1697
142,1698
142,1699
142,1700
142,1701
142,1702
142,1703
142,1704
142,1705
142,1706
142,1707
142,1708
142,1709
142,1710
142,1711
142,1712
142,1713
142,1714
142,1715
142,1716
142,1717
142,1718
142,1719
142,1720
142,1721
142,1722
142,1723
142,1724
142,1725
142,1726
142,1727
142,1728
142,1729
142,1730
142,1731
142,1732
142,1733
142,1734
142,1735
142,1736
:157_13,1737
:157_13,1738
:157_13,1739
:157_13,1740
:157_13,1741
-259,1742
-259,1743
-259,1744
-259,1745
-259,1746
-259,1747
-259,1748
-259,1749
-259,1750
-259,1751
-259,1752
-259,1753
-259,1754
-259,1755
-259,1756
-259,1757
-259,1758
-259,1759
-259,1760
-259,1761
-259,1762
-259,1763
-259,1764
:256_0,1765
:256_0,1766
:256_0,1767
-505,1768
-505,1769
-505,1770
-505,1771
-505,1772
-505,1773
-505,1774
-505,1775
-505,1776
-505,1777
-505,1778
-505,1779
-505,1780
-505,1781
-505,1782
-505,1783
-505,1784
-505,1785
-505,1786
-505,1787
-505,1788
-505,1789
-505,1790
-505,1791
-505,1792
-505,1793
-505,1794
-505,1795
-505,1796
-505,1797
-505,1798
-505,1799
-505,1800
-505,1801
-505,1802
-505,1803
-505,1804
-505,1805
-505,1806
-505,1807
-505,1808
-505,1809
-505,1810
-505,1811
-505,1812
-505,1813
-505,1814
-505,1815
-505,1816
-505,1817
-505,1818
-505,1819
-505,1820
-505,1821
-505,1822
-505,1823
-505,1824
-505,1825
-505,1826
-505,1827
-505,1828
-505,1829
-505,1830
-505,1831
-505,1832
-505,1833
-505,1834
-505,1835
-505,1836
-505,1837
-505,1838
-505,1839
-505,1840
-505,1841
-505,1842
-505,1843
-505,1844
-505,1845
-505,1846
-505,1847
-505,1848
-505,1849
-505,1850
-505,1851
-505,1852
-505,1853
-505,1854
-505,1855
-505,1856
-505,1857
:421_4,1858
:421_4,1859
:421_4,1860
:421_4,1861
:421_4,1862
503,1863
503,1864
503,1865
503,1866
503,1867
503,1868
503,1869
503,1870
503,1871
503,1872
503,1873
503,1874
503,1875
503,1876
503,1877
503,1878
503,1879
503,1880
503,1881
503,1882
503,1883
503,1884
503,1885
503,1886
503,1887
503,1888
503,1889
503,1890
503,1891
503,1892
503,1893
503,1894
503,1895
503,1896
503,1897
503,1898
503,1899
503,1900
503,1901
503,1902
503,1903
503,1904
503,1905
503,1906
503,1907
503,1908
503,1909
503,1910
503,1911
503,1912
503,1913
503,1914
503,1915
503,1916
503,1917
:399_5,1918
:399_5,1919
:399_5,1920
:399_5,1921
:399_5,1922
524,1923
524,1924
524,1925
524,1926
524,1927
524,1928
524,1929
524,1930
524,1931
524,1932
524,1933
524,1934
524,1935
524,1936
524,1937
524,1938
524,1939
524,1940
524,1941
524,1942
524,1943
524,1944
524,1945
524,1946
524,1947
524,1948
524,1949
524,1950
524,1951
524,1952
524,1953
524,1954
524,1955
524,1956
524,1957
524,1958
524,1959
524,1960
524,1961
524,1962
524,1963
524,1964
524,1965
524,1966
524,1967
524,1968
524,1969
524,1970
524,1971
524,1972
524,1973
524,1974
524,1975
524,1976
524,1977
524,1978
524,1979
524,1980
524,1981
524,1982
524,1983
524,1984
524,1985
524,1986
524,1987
524,1988
524,1989
524,1990
524,1991
524,1992
524,1993
524,1994
524,1995
524,1996
524,1997
524,1998
524,1999
524,2000
