138,1
138,2
138,3
138,4
138,5
138,6
138,7
138,8
138,9
138,10
138,11
138,12
138,13
138,14
138,15
138,16
138,17
138,18
138,19
138,20
138,21
138,22
138,23
138,24
138,25
138,26
138,27
138,28
138,29
138,30
138,31
138,32
138,33
138,34
138,35
138,36
138,37
138,38
138,39
138,40
138,41
138,42
138,43
138,44
138,45
138,46
138,47
138,48
138,49
138,50
138,51
138,52
138,53
138,54
138,55
138,56
138,57
138,58
138,59
138,60
138,61
138,62
138,63
138,64
138,65
138,66
138,67
138,68
138,69
138,70
138,71
138,72
138,73
138,74
138,75
138,76
138,77
138,78
138,79
138,80
138,81
138,82
138,83
138,84
138,85
138,86
138,87
138,88
138,89
138,90
138,91
138,92
138,93
138,94
138,95
138,96
138,97
138,98
138,99
138,100
138,101
138,102
138,103
138,104
138,105
138,106
138,107
138,108
138,109
138,110
:154_7,111
:154_7,112
:154_7,113
:154_7,114
:154_7,115
:154_7,116
-450,117
-450,118
-450,119
-450,120
-450,121
-450,122
-450,123
-450,124
-450,125
-450,126
-450,127
-450,128
-450,129
-450,130
-450,131
-450,132
-450,133
-450,134
-450,135
-450,136
-450,137
-450,138
-450,139
-450,140
-450,141
-450,142
-450,143
-450,144
-450,145
-450,146
-450,147
-450,148
-450,149
-450,150
-450,151
-450,152
-450,153
-450,154
-450,155
-450,156
-450,157
-450,158
:40_4,159
:40_4,160
:40_4,161
:40_4,162
:40_4,163
:40_4,164
-33,165
-33,166
-33,167
-33,168
-33,169
-33,170
-33,171
-33,172
-33,173
-33,174
-33,175
-33,176
-33,177
-33,178
-33,179
-33,180
-33,181
-33,182
-33,183
-33,184
-33,185
-33,186
-33,187
-33,188
-33,189
-33,190
-33,191
-33,192
-33,193
-33,194
-33,195
-33,196
-33,197
-33,198
-33,199
-33,200
-33,201
-33,202
-33,203
-33,204
-33,205
-33,206
-33,207
-33,208
-33,209
-33,210
-33,211
-33,212
-33,213
-33,214
-33,215
-33,216
-33,217
-33,218
-33,219
-33,220
-33,221
-33,222
-33,223
-33,224
-33,225
-33,226
-33,227
-33,228
-33,229
-33,230
-33,231
-33,232
-33,233
-33,234
-33,235
-33,236
-33,237
-33,238
-33,239
-33,240
-33,241
-33,242
-33,243
-33,244
-33,245
-33,246
-33,247
-33,248
-33,249
-33,250
-33,251
-33,252
-33,253
-33,254
-33,255
-33,256
-33,257
-33,258
-33,259
-33,260
-33,261
-33,262
-33,263
-33,264
-33,265
-33,266
-33,267
-33,268
-33,269
-33,270
-33,271
-33,272
-33,273
-33,274
-33,275
-33,276
-33,277
-33,278
-33,279
-33,280
-33,281
-33,282
-33,283
-33,284
-33,285
-33,286
-33,287
-33,288
-33,289
-33,290
-33,291
-33,292
-33,293
-33,294
-33,295
-33,296
-33,297
-33,298
-33,299
-33,300
-33,301
-33,302
-33,303
-33,304
-33,305
-33,306
-33,307
-33,308
-33,309
-33,310
-33,311
-33,312
-33,313
-33,314
-33,315
-33,316
-33,317
-33,318
-33,319
-33,320
-33,321
-33,322
-33,323
-33,324
-33,325
-33,326
-33,327
-33,328
-33,329
-33,330
-33,331
-33,332
-33,333
-33,334
-33,335
-33,336
-33,337
-33,338
-33,339
-33,340
-33,341
-33,342
-33,343
-33,344
-33,345
-33,346
-33,347
-33,348
-33,349
-33,350
-33,351
:38_9,352
:38_9,353
:38_9,354
:38_9,355
:38_9,356
:38_9,357
34,358
34,359
34,360
34,361
34,362
34,363
34,364
34,365
34,366
34,367
34,368
34,369
34,370
34,371
34,372
34,373
34,374
34,375
34,376
34,377
34,378
34,379
34,380
34,381
34,382
34,383
34,384
34,385
34,386
34,387
34,388
34,389
34,390
34,391
34,392
34,393
34,394
34,395
34,396
34,397
34,398
34,399
34,400
34,401
34,402
34,403
34,404
34,405
34,406
34,407
34,408
34,409
34,410
34,411
34,412
34,413
34,414
34,415
34,416
34,417
34,418
34,419
34,420
34,421
34,422
34,423
34,424
34,425
34,426
34,427
34,428
34,429
34,430
34,431
34,432
34,433
34,434
34,435
34,436
34,437
34,438
34,439
34,440
34,441
34,442
34,443
34,444
34,445
34,446
34,447
34,448
34,449
34,450
34,451
34,452
34,453
34,454
34,455
34,456
34,457
34,458
34,459
34,460
34,461
34,462
34,463
34,464
34,465
34,466
34,467
34,468
34,469
34,470
34,471
34,472
34,473
34,474
34,475
34,476
34,477
34,478
34,479
34,480
34,481
34,482
34,483
34,484
34,485
:41_3,486
:41_3,487
:41_3,488
:41_3,489
:41_3,490
:41_3,491
552,492
552,493
552,494
552,495
552,496
552,497
552,498
552,499
552,500
552,501
552,502
552,503
552,504
552,505
552,506
552,507
552,508
552,509
552,510
552,511
552,512
552,513
552,514
552,515
552,516
552,517
552,518
552,519
552,520
552,521
552,522
552,523
552,524
552,525
552,526
552,527
552,528
552,529
552,530
552,531
552,532
552,533
552,534
552,535
552,536
552,537
552,538
552,539
552,540
552,541
552,542
552,543
552,544
552,545
552,546
552,547
552,548
552,549
552,550
552,551
552,552
552,553
552,554
552,555
552,556
552,557
552,558
552,559
552,560
552,561
552,562
552,563
552,564
552,565
552,566
552,567
552,568
552,569
552,570
552,571
552,572
552,573
552,574
552,575
552,576
552,577
552,578
552,579
552,580
552,581
552,582
552,583
552,584
552,585
552,586
552,587
552,588
552,589
552,590
552,591
552,592
552,593
552,594
552,595
552,596
552,597
552,598
552,599
552,600
552,601
552,602
552,603
552,604
552,605
552,606
552,607
552,608
552,609
552,610
552,611
552,612
552,613
552,614
552,615
552,616
552,617
552,618
552,619
552,620
552,621
552,622
552,623
552,624
552,625
552,626
552,627
552,628
552,629
552,630
552,631
552,632
552,633
552,634
552,635
552,636
:111_10,637
:111_10,638
:111_10,639
:111_10,640
:111_10,641
98,642
98,643
98,644
98,645
98,646
98,647
98,648
98,649
98,650
98,651
98,652
98,653
98,654
98,655
98,656
98,657
98,658
98,659
98,660
98,661
98,662
98,663
98,664
98,665
98,666
98,667
98,668
98,669
98,670
98,671
98,672
98,673
98,674
98,675
98,676
98,677
98,678
98,679
98,680
98,681
98,682
98,683
98,684
98,685
98,686
98,687
98,688
98,689
98,690
98,691
98,692
98,693
98,694
98,695
98,696
98,697
98,698
98,699
98,700
98,701
98,702
98,703
98,704
98,705
98,706
98,707
98,708
98,709
98,710
98,711
98,712
98,713
98,714
98,715
98,716
98,717
98,718
98,719
98,720
98,721
98,722
98,723
98,724
98,725
98,726
98,727
98,728
98,729
98,730
98,731
98,732
98,733
98,734
98,735
98,736
98,737
98,738
98,739
98,740
98,741
98,742
98,743
98,744
98,745
98,746
98,747
98,748
98,749
98,750
98,751
98,752
98,753
98,754
98,755
98,756
98,757
98,758
98,759
98,760
98,761
98,762
98,763
98,764
98,765
98,766
98,767
98,768
98,769
98,770
98,771
98,772
98,773
98,774
98,775
98,776
98,777
98,778
98,779
98,780
98,781
98,782
98,783
98,784
98,785
98,786
98,787
98,788
98,789
98,790
98,791
98,792
98,793
98,794
98,795
98,796
98,797
98,798
98,799
98,800
98,801
98,802
98,803
98,804
98,805
98,806
98,807
98,808
98,809
98,810
98,811
98,812
98,813
98,814
98,815
98,816
:56_5,817
:56_5,818
:56_5,819
:56_5,820
:56_5,821
:56_5,822
-48,823
-48,824
-48,825
-48,826
-48,827
-48,828
-48,829
-48,830
-48,831
-48,832
-48,833
-48,834
-48,835
-48,836
-48,837
-48,838
-48,839
-48,840
-48,841
-48,842
-48,843
-48,844
-48,845
-48,846
-48,847
-48,848
-48,849
-48,850
-48,851
-48,852
-48,853
-48,854
-48,855
-48,856
-48,857
-48,858
-48,859
-48,860
-48,861
-48,862
-48,863
-48,864
-48,865
-48,866
-48,867
-48,868
-48,869
-48,870
-48,871
-48,872
-48,873
-48,874
-48,875
-48,876
-48,877
-48,878
-48,879
-48,880
-48,881
-48,882
-48,883
-48,884
-48,885
-48,886
-48,887
-48,888
-48,889
-48,890
-48,891
-48,892
-48,893
-48,894
-48,895
-48,896
-48,897
-48,898
-48,899
-48,900
-48,901
-48,902
-48,903
-48,904
-48,905
-48,906
-48,907
-48,908
-48,909
-48,910
-48,911
-48,912
-48,913
-48,914
-48,915
-48,916
-48,917
-48,918
-48,919
-48,920
-48,921
-48,922
-48,923
-48,924
-48,925
-48,926
-48,927
-48,928
-48,929
-48,930
-48,931
-48,932
-48,933
-48,934
-48,935
-48,936
-48,937
-48,938
-48,939
-48,940
-48,941
-48,942
-48,943
-48,944
-48,945
-48,946
-48,947
-48,948
-48,949
-48,950
-48,951
-48,952
-48,953
-48,954
-48,955
-48,956
-48,957
-48,958
-48,959
-48,960
-48,961
:52_1,962
:52_1,963
:52_1,964
:52_1,965
:52_1,966
:52_1,967
45,968
45,969
45,970
45,971
45,972
45,973
45,974
45,975
45,976
45,977
45,978
45,979
45,980
45,981
45,982
45,983
45,984
45,985
45,986
45,987
45,988
45,989
45,990
45,991
45,992
45,993
45,994
45,995
45,996
45,997
45,998
45,999
45,1000
45,1001
45,1002
45,1003
45,1004
45,1005
45,1006
45,1007
45,1008
45,1009
45,1010
45,1011
45,1012
45,1013
45,1014
45,1015
45,1016
45,1017
45,1018
45,1019
45,1020
45,1021
45,1022
45,1023
45,1024
45,1025
45,1026
45,1027
45,1028
45,1029
45,1030
45,1031
45,1032
45,1033
45,1034
45,1035
45,1036
45,1037
45,1038
45,1039
45,1040
45,1041
45,1042
45,1043
45,1044
45,1045
45,1046
45,1047
45,1048
45,1049
45,1050
45,1051
45,1052
45,1053
45,1054
45,1055
45,1056
45,1057
45,1058
45,1059
45,1060
45,1061
45,1062
45,1063
45,1064
45,1065
45,1066
45,1067
45,1068
45,1069
45,1070
45,1071
45,1072
45,1073
45,1074
45,1075
45,1076
45,1077
45,1078
45,1079
45,1080
45,1081
45,1082
45,1083
45,1084
45,1085
45,1086
45,1087
45,1088
45,1089
45,1090
45,1091
45,1092
45,1093
45,1094
45,1095
45,1096
45,1097
45,1098
45,1099
45,1100
45,1101
45,1102
45,1103
45,1104
45,1105
45,1106
45,1107
45,1108
45,1109
45,1110
45,1111
45,1112
45,1113
45,1114
45,1115
45,1116
45,1117
45,1118
45,1119
45,1120
45,1121
45,1122
45,1123
45,1124
45,1125
45,1126
45,1127
45,1128
45,1129
45,1130
45,1131
45,1132
45,1133
45,1134
45,1135
45,1136
45,1137
45,1138
45,1139
:53_0,1140
:53_0,1141
-680,1142
-680,1143
-680,1144
-680,1145
-680,1146
-680,1147
-680,1148
-680,1149
-680,1150
-680,1151
-680,1152
-680,1153
-680,1154
-680,1155
-680,1156
-680,1157
-680,1158
-680,1159
-680,1160
-680,1161
-680,1162
-680,1163
-680,1164
-680,1165
-680,1166
-680,1167
-680,1168
-680,1169
-680,1170
-680,1171
-680,1172
-680,1173
-680,1174
-680,1175
-680,1176
-680,1177
-680,1178
-680,1179
-680,1180
:5_6,1181
:5_6,1182
:5_6,1183
50,1184
50,1185
50,1186
50,1187
50,1188
50,1189
50,1190
50,1191
50,1192
50,1193
50,1194
50,1195
50,1196
50,1197
50,1198
50,1199
50,1200
50,1201
50,1202
50,1203
50,1204
50,1205
50,1206
50,1207
50,1208
50,1209
50,1210
50,1211
50,1212
50,1213
50,1214
50,1215
50,1216
50,1217
50,1218
50,1219
50,1220
50,1221
50,1222
50,1223
50,1224
50,1225
50,1226
50,1227
50,1228
50,1229
50,1230
50,1231
50,1232
50,1233
50,1234
50,1235
50,1236
50,1237
50,1238
50,1239
50,1240
50,1241
50,1242
50,1243
50,1244
50,1245
50,1246
50,1247
50,1248
50,1249
50,1250
50,1251
50,1252
50,1253
50,1254
50,1255
50,1256
50,1257
50,1258
50,1259
50,1260
50,1261
50,1262
50,1263
50,1264
50,1265
50,1266
50,1267
50,1268
50,1269
50,1270
50,1271
50,1272
50,1273
50,1274
50,1275
50,1276
50,1277
50,1278
50,1279
50,1280
50,1281
50,1282
50,1283
50,1284
50,1285
50,1286
50,1287
50,1288
50,1289
50,1290
50,1291
50,1292
50,1293
50,1294
50,1295
50,1296
50,1297
50,1298
50,1299
50,1300
50,1301
50,1302
50,1303
50,1304
50,1305
50,1306
50,1307
50,1308
50,1309
50,1310
50,1311
50,1312
50,1313
50,1314
50,1315
50,1316
:49_4,1317
:49_4,1318
:49_4,1319
:49_4,1320
:49_4,1321
-40,1322
-40,1323
-40,1324
-40,1325
-40,1326
-40,1327
-40,1328
-40,1329
-40,1330
-40,1331
-40,1332
-40,1333
-40,1334
-40,1335
-40,1336
-40,1337
-40,1338
-40,1339
-40,1340
-40,1341
-40,1342
-40,1343
-40,1344
-40,1345
-40,1346
-40,1347
-40,1348
-40,1349
-40,1350
-40,1351
-40,1352
-40,1353
-40,1354
-40,1355
-40,1356
-40,1357
-40,1358
-40,1359
-40,1360
-40,1361
-40,1362
-40,1363
-40,1364
-40,1365
-40,1366
-40,1367
-40,1368
-40,1369
-40,1370
-40,1371
-40,1372
-40,1373
-40,1374
-40,1375
-40,1376
-40,1377
-40,1378
-40,1379
-40,1380
-40,1381
-40,1382
-40,1383
-40,1384
-40,1385
-40,1386
-40,1387
-40,1388
-40,1389
-40,1390
-40,1391
-40,1392
-40,1393
-40,1394
-40,1395
-40,1396
-40,1397
-40,1398
-40,1399
-40,1400
-40,1401
-40,1402
-40,1403
-40,1404
-40,1405
-40,1406
-40,1407
-40,1408
-40,1409
-40,1410
-40,1411
-40,1412
-40,1413
-40,1414
-40,1415
-40,1416
-40,1417
-40,1418
-40,1419
-40,1420
-40,1421
-40,1422
-40,1423
-40,1424
-40,1425
-40,1426
-40,1427
-40,1428
-40,1429
-40,1430
-40,1431
-40,1432
-40,1433
-40,1434
-40,1435
-40,1436
-40,1437
-40,1438
-40,1439
-40,1440
-40,1441
-40,1442
-40,1443
-40,1444
-40,1445
-40,1446
-40,1447
-40,1448
-40,1449
-40,1450
-40,1451
-40,1452
-40,1453
-40,1454
-40,1455
-40,1456
-40,1457
-40,1458
-40,1459
-40,1460
-40,1461
-40,1462
-40,1463
-40,1464
-40,1465
-40,1466
-40,1467
-40,1468
-40,1469
-40,1470
-40,1471
-40,1472
-40,1473
-40,1474
-40,1475
-40,1476
-40,1477
-40,1478
-40,1479
-40,1480
-40,1481
-40,1482
-40,1483
-40,1484
-40,1485
-40,1486
-40,1487
-40,1488
-40,1489
-40,1490
-40,1491
-40,1492
-40,1493
-40,1494
-40,1495
-40,1496
-40,1497
-40,1498
-40,1499
-40,1500
-40,1501
-40,1502
-40,1503
-40,1504
-40,1505
-40,1506
-40,1507
-40,1508
-40,1509
-40,1510
-40,1511
-40,1512
-40,1513
-40,1514
-40,1515
-40,1516
-40,1517
-40,1518
-40,1519
-40,1520
-40,1521
-40,1522
-40,1523
-40,1524
-40,1525
-40,1526
-40,1527
-40,1528
-40,1529
-40,1530
-40,1531
-40,1532
-40,1533
-40,1534
-40,1535
-40,1536
-40,1537
-40,1538
-40,1539
-40,1540
-40,1541
-40,1542
-40,1543
-40,1544
-40,1545
-40,1546
-40,1547
-40,1548
-40,1549
-40,1550
-40,1551
-40,1552
-40,1553
-40,1554
-40,1555
-40,1556
-40,1557
-40,1558
-40,1559
-40,1560
-40,1561
-40,1562
-40,1563
-40,1564
-40,1565
-40,1566
-40,1567
-40,1568
-40,1569
-40,1570
-40,1571
-40,1572
-40,1573
-40,1574
-40,1575
-40,1576
-40,1577
-40,1578
-40,1579
-40,1580
-40,1581
-40,1582
-40,1583
-40,1584
-40,1585
-40,1586
-40,1587
-40,1588
-40,1589
-40,1590
-40,1591
-40,1592
-40,1593
-40,1594
-40,1595
-40,1596
-40,1597
-40,1598
-40,1599
-40,1600
-40,1601
-40,1602
-40,1603
-40,1604
-40,1605
-40,1606
-40,1607
-40,1608
-40,1609
-40,1610
-40,1611
-40,1612
-40,1613
-40,1614
-40,1615
-40,1616
-40,1617
-40,1618
-40,1619
-40,1620
-40,1621
-40,1622
-40,1623
-40,1624
-40,1625
-40,1626
-40,1627
-40,1628
-40,1629
-40,1630
-40,1631
-40,1632
-40,1633
-40,1634
-40,1635
-40,1636
-40,1637
-40,1638
-40,1639
-40,1640
-40,1641
-40,1642
-40,1643
-40,1644
-40,1645
-40,1646
-40,1647
-40,1648
-40,1649
-40,1650
-40,1651
-40,1652
-40,1653
-40,1654
-40,1655
-40,1656
-40,1657
-40,1658
-40,1659
-40,1660
-40,1661
-40,1662
-40,1663
-40,1664
-40,1665
-40,1666
-40,1667
-40,1668
-40,1669
-40,1670
-40,1671
-40,1672
-40,1673
-40,1674
-40,1675
-40,1676
-40,1677
-40,1678
-40,1679
-40,1680
-40,1681
-40,1682
-40,1683
-40,1684
-40,1685
-40,1686
-40,1687
-40,1688
-40,1689
-40,1690
-40,1691
-40,1692
-40,1693
-40,1694
-40,1695
-40,1696
-40,1697
-40,1698
-40,1699
-40,1700
-40,1701
-40,1702
-40,1703
-40,1704
-40,1705
-40,1706
-40,1707
-40,1708
-40,1709
-40,1710
-40,1711
-40,1712
-40,1713
-40,1714
-40,1715
-40,1716
-40,1717
:48_4,1718
:48_4,1719
:48_4,1720
:48_4,1721
41,1722
41,1723
41,1724
41,1725
41,1726
41,1727
41,1728
41,1729
41,1730
41,1731
41,1732
41,1733
41,1734
41,1735
41,1736
41,1737
41,1738
41,1739
41,1740
41,1741
41,1742
41,1743
41,1744
41,1745
41,1746
41,1747
41,1748
41,1749
41,1750
41,1751
41,1752
41,1753
41,1754
41,1755
41,1756
41,1757
41,1758
41,1759
41,1760
41,1761
41,1762
41,1763
41,1764
41,1765
41,1766
41,1767
41,1768
41,1769
41,1770
41,1771
41,1772
41,1773
41,1774
41,1775
41,1776
41,1777
41,1778
41,1779
41,1780
41,1781
41,1782
41,1783
41,1784
41,1785
41,1786
41,1787
41,1788
41,1789
41,1790
41,1791
41,1792
41,1793
41,1794
41,1795
41,1796
41,1797
41,1798
41,1799
41,1800
41,1801
41,1802
41,1803
41,1804
41,1805
41,1806
41,1807
41,1808
41,1809
41,1810
41,1811
41,1812
41,1813
41,1814
41,1815
41,1816
41,1817
41,1818
41,1819
41,1820
41,1821
41,1822
41,1823
41,1824
41,1825
41,1826
41,1827
41,1828
41,1829
41,1830
41,1831
41,1832
41,1833
41,1834
41,1835
41,1836
41,1837
41,1838
41,1839
41,1840
41,1841
41,1842
41,1843
41,1844
41,1845
41,1846
41,1847
41,1848
41,1849
41,1850
41,1851
41,1852
41,1853
41,1854
41,1855
41,1856
41,1857
41,1858
41,1859
41,1860
41,1861
41,1862
41,1863
41,1864
41,1865
41,1866
41,1867
41,1868
41,1869
41,1870
41,1871
41,1872
41,1873
41,1874
41,1875
41,1876
41,1877
41,1878
41,1879
41,1880
41,1881
41,1882
41,1883
41,1884
41,1885
41,1886
41,1887
41,1888
41,1889
41,1890
41,1891
41,1892
41,1893
41,1894
41,1895
41,1896
41,1897
41,1898
41,1899
41,1900
41,1901
41,1902
41,1903
41,1904
41,1905
41,1906
41,1907
41,1908
41,1909
41,1910
41,1911
41,1912
41,1913
41,1914
41,1915
41,1916
41,1917
41,1918
41,1919
41,1920
41,1921
41,1922
41,1923
41,1924
41,1925
41,1926
41,1927
41,1928
41,1929
41,1930
41,1931
41,1932
41,1933
41,1934
41,1935
41,1936
41,1937
41,1938
41,1939
41,1940
41,1941
41,1942
41,1943
41,1944
41,1945
41,1946
41,1947
41,1948
41,1949
41,1950
41,1951
41,1952
41,1953
41,1954
41,1955
41,1956
41,1957
41,1958
41,1959
41,1960
41,1961
41,1962
41,1963
41,1964
41,1965
41,1966
41,1967
41,1968
41,1969
41,1970
41,1971
41,1972
41,1973
41,1974
41,1975
41,1976
41,1977
41,1978
41,1979
41,1980
41,1981
41,1982
41,1983
41,1984
41,1985
41,1986
41,1987
41,1988
41,1989
41,1990
41,1991
41,1992
41,1993
41,1994
41,1995
41,1996
41,1997
41,1998
41,1999
41,2000
