531,21
531,22
531,23
531,24
531,25
531,26
531,27
531,28
531,29
531,30
531,31
531,32
531,33
531,34
531,35
531,36
531,37
531,38
531,39
531,40
531,41
531,42
531,43
531,44
531,45
531,46
531,47
531,48
531,49
531,50
531,51
531,52
531,53
531,54
531,55
531,56
531,57
531,58
531,59
531,60
531,61
531,62
531,63
531,64
531,65
531,66
531,67
531,68
531,69
531,70
531,71
531,72
531,73
531,74
531,75
531,76
531,77
531,78
531,79
531,80
531,81
531,82
531,83
531,84
531,85
531,86
531,87
531,88
531,89
531,90
531,91
531,92
531,93
531,94
531,95
531,96
531,97
531,98
531,99
531,100
531,101
:156_3,102
:156_3,103
:156_3,104
:156_3,105
-140,106
-140,107
-140,108
-140,109
-140,110
-140,111
-140,112
-140,113
-140,114
-140,115
-140,116
-140,117
-140,118
-140,119
-140,120
-140,121
-140,122
-140,123
-140,124
-140,125
-140,126
-140,127
-140,128
-140,129
-140,130
-140,131
-140,132
-140,133
-140,134
-140,135
-140,136
-140,137
-140,138
-140,139
-140,140
-140,141
-140,142
-140,143
-140,144
-140,145
-140,146
-140,147
-140,148
-140,149
-140,150
-140,151
-140,152
-140,153
-140,154
-140,155
-140,156
-140,157
-140,158
-140,159
-140,160
-140,161
-140,162
-140,163
-140,164
-140,165
-140,166
-140,167
-140,168
-140,169
-140,170
-140,171
-140,172
-140,173
-140,174
-140,175
-140,176
-140,177
-140,178
-140,179
-140,180
-140,181
-140,182
-140,183
-140,184
-140,185
-140,186
-140,187
-140,188
-140,189
-140,190
-140,191
-140,192
:153_13,193
:153_13,194
:153_13,195
:153_13,196
:153_13,197
139,198
139,199
139,200
139,201
139,202
139,203
139,204
139,205
139,206
139,207
139,208
139,209
139,210
139,211
139,212
139,213
139,214
139,215
139,216
139,217
139,218
139,219
139,220
139,221
139,222
139,223
139,224
139,225
139,226
139,227
139,228
139,229
139,230
139,231
139,232
139,233
139,234
139,235
139,236
139,237
139,238
139,239
139,240
139,241
139,242
139,243
139,244
139,245
139,246
139,247
139,248
139,249
139,250
139,251
139,252
139,253
139,254
139,255
139,256
139,257
139,258
139,259
139,260
139,261
139,262
139,263
139,264
139,265
139,266
139,267
139,268
139,269
139,270
139,271
139,272
:155_13,273
:155_13,274
:155_13,275
:155_13,276
:155_13,277
:155_13,278
:155_13,279
:155_13,280
:155_13,281
:155_13,282
-372,283
-372,284
-372,285
-372,286
-372,287
-372,288
-372,289
-372,290
-372,291
-372,292
-372,293
-372,294
-372,295
-372,296
-372,297
-372,298
-372,299
-372,300
-372,301
-372,302
-372,303
-372,304
-372,305
-372,306
-372,307
-372,308
-372,309
-372,310
-372,311
-372,312
-372,313
-372,314
-372,315
-372,316
-372,317
-372,318
-372,319
-372,320
-372,321
-372,322
-372,323
-372,324
-372,325
-372,326
-372,327
-372,328
-372,329
-372,330
-372,331
-372,332
-372,333
-372,334
-372,335
-372,336
-372,337
-372,338
-372,339
-372,340
-372,341
-372,342
-372,343
-372,344
-372,345
-372,346
-372,347
-372,348
-372,349
-372,350
-372,351
-372,352
-372,353
-372,354
-372,355
-372,356
-372,357
-372,358
-372,359
-372,360
-372,361
-372,362
-372,363
-372,364
-372,365
-372,366
-372,367
-372,368
-372,369
-372,370
-372,371
-372,372
-372,373
-372,374
-372,375
-372,376
-372,377
-372,378
-372,379
-372,380
-372,381
-372,382
-372,383
-372,384
-372,385
-372,386
-372,387
-372,388
-372,389
-372,390
-372,391
-372,392
-372,393
-372,394
-372,395
-372,396
-372,397
-372,398
-372,399
-372,400
-372,401
-372,402
-372,403
-372,404
-372,405
-372,406
-372,407
-372,408
-372,409
-372,410
-372,411
-372,412
-372,413
-372,414
-372,415
-372,416
-372,417
-372,418
-372,419
-372,420
-372,421
-372,422
-372,423
-372,424
-372,425
-372,426
-372,427
-372,428
-372,429
-372,430
-372,431
-372,432
