-414,1
-414,2
-414,3
-414,4
-414,5
-414,6
-414,7
-414,8
-414,9
-414,10
-414,11
-414,12
-414,13
-414,14
-414,15
-414,16
-414,17
-414,18
-414,19
-414,20
-414,21
-414,22
-414,23
-414,24
-414,25
-414,26
-414,27
-414,28
-414,29
-414,30
-414,31
-414,32
-414,33
-414,34
-414,35
-414,36
-414,37
-414,38
-414,39
-414,40
-414,41
-414,42
-414,43
-414,44
-414,45
-414,46
-414,47
-414,48
-414,49
-414,50
-414,51
-414,52
-414,53
-414,54
-414,55
-414,56
-414,57
-414,58
-414,59
-414,60
-414,61
-414,62
-414,63
-414,64
-414,65
-414,66
-414,67
-414,68
-414,69
-414,70
-414,71
-414,72
-414,73
-414,74
-414,75
-414,76
-414,77
-414,78
-414,79
-414,80
-414,81
-414,82
-414,83
-414,84
-414,85
-414,86
-414,87
-414,88
-414,89
-414,90
-414,91
-414,92
-414,93
-414,94
-414,95
-414,96
-414,97
-414,98
-414,99
-414,100
-414,101
-414,102
-414,103
-414,104
-414,105
-414,106
-414,107
-414,108
-414,109
-414,110
-414,111
-414,112
-414,113
-414,114
-414,115
-414,116
-414,117
-414,118
-414,119
-414,120
-414,121
-414,122
-414,123
-414,124
-414,125
-414,126
-414,127
-414,128
:365_8,129
:365_8,130
:365_8,131
:365_8,132
413,133
413,134
413,135
413,136
413,137
413,138
413,139
413,140
413,141
413,142
413,143
413,144
413,145
413,146
413,147
413,148
413,149
413,150
413,151
413,152
413,153
413,154
413,155
413,156
413,157
413,158
413,159
413,160
413,161
413,162
413,163
413,164
413,165
413,166
413,167
413,168
413,169
413,170
413,171
413,172
413,173
413,174
413,175
413,176
413,177
413,178
413,179
413,180
413,181
413,182
413,183
413,184
413,185
413,186
413,187
413,188
413,189
413,190
413,191
413,192
413,193
413,194
413,195
413,196
413,197
413,198
413,199
413,200
413,201
413,202
413,203
413,204
413,205
413,206
413,207
:165_6,208
:165_6,209
:165_6,210
-150,211
-150,212
-150,213
-150,214
-150,215
-150,216
-150,217
-150,218
-150,219
-150,220
-150,221
-150,222
-150,223
-150,224
-150,225
-150,226
-150,227
-150,228
-150,229
-150,230
-150,231
-150,232
-150,233
-150,234
-150,235
-150,236
-150,237
-150,238
-150,239
-150,240
-150,241
-150,242
-150,243
-150,244
-150,245
-150,246
-150,247
-150,248
-150,249
-150,250
-150,251
-150,252
-150,253
-150,254
-150,255
-150,256
-150,257
-150,258
-150,259
-150,260
-150,261
-150,262
-150,263
-150,264
-150,265
-150,266
-150,267
-150,268
-150,269
-150,270
-150,271
-150,272
-150,273
-150,274
-150,275
-150,276
-150,277
-150,278
-150,279
-150,280
-150,281
-150,282
-150,283
-150,284
:164_1,285
:164_1,286
:164_9,287
:164_9,288
:164_9,289
149,290
149,291
149,292
149,293
149,294
149,295
149,296
149,297
149,298
149,299
149,300
149,301
149,302
149,303
149,304
149,305
149,306
149,307
149,308
149,309
149,310
149,311
149,312
149,313
149,314
149,315
149,316
149,317
149,318
149,319
149,320
149,321
149,322
149,323
149,324
149,325
149,326
149,327
149,328
149,329
149,330
149,331
149,332
149,333
149,334
149,335
149,336
149,337
149,338
149,339
149,340
149,341
149,342
149,343
149,344
149,345
149,346
149,347
149,348
149,349
149,350
149,351
149,352
149,353
149,354
149,355
149,356
149,357
149,358
149,359
149,360
149,361
149,362
149,363
149,364
149,365
149,366
149,367
149,368
149,369
149,370
149,371
149,372
149,373
149,374
149,375
149,376
149,377
149,378
149,379
149,380
149,381
149,382
149,383
149,384
149,385
149,386
149,387
149,388
149,389
149,390
149,391
149,392
149,393
149,394
149,395
149,396
149,397
149,398
149,399
149,400
149,401
149,402
149,403
149,404
149,405
149,406
149,407
149,408
149,409
149,410
149,411
149,412
149,413
149,414
149,415
149,416
149,417
149,418
149,419
149,420
149,421
149,422
149,423
149,424
149,425
149,426
149,427
149,428
149,429
149,430
149,431
149,432
:63_0,433
:63_0,434
:63_0,435
-55,436
-55,437
-55,438
-55,439
-55,440
-55,441
-55,442
-55,443
-55,444
-55,445
-55,446
-55,447
-55,448
-55,449
-55,450
-55,451
-55,452
-55,453
-55,454
-55,455
-55,456
-55,457
-55,458
-55,459
-55,460
-55,461
-55,462
-55,463
-55,464
-55,465
-55,466
-55,467
-55,468
-55,469
-55,470
-55,471
-55,472
-55,473
-55,474
-55,475
-55,476
-55,477
-55,478
-55,479
-55,480
-55,481
-55,482
-55,483
-55,484
-55,485
-55,486
-55,487
-55,488
-55,489
-55,490
-55,491
-55,492
-55,493
-55,494
-55,495
-55,496
-55,497
-55,498
-55,499
-55,500
-55,501
-55,502
-55,503
-55,504
-55,505
-55,506
-55,507
-55,508
-55,509
-55,510
-55,511
-55,512
-55,513
-55,514
-55,515
-55,516
-55,517
-55,518
-55,519
-55,520
-55,521
-55,522
-55,523
-55,524
-55,525
-55,526
-55,527
-55,528
-55,529
-55,530
-55,531
-55,532
-55,533
-55,534
-55,535
-55,536
-55,537
-55,538
-55,539
-55,540
-55,541
-55,542
-55,543
:62_1,544
:62_1,545
:62_1,546
:62_1,547
:62_1,548
:62_1,549
-54,550
-54,551
-54,552
-54,553
-54,554
-54,555
-54,556
-54,557
-54,558
-54,559
-54,560
-54,561
-54,562
-54,563
-54,564
-54,565
-54,566
-54,567
-54,568
-54,569
-54,570
-54,571
-54,572
-54,573
-54,574
-54,575
-54,576
-54,577
-54,578
-54,579
-54,580
-54,581
-54,582
-54,583
-54,584
-54,585
-54,586
-54,587
-54,588
-54,589
-54,590
-54,591
-54,592
-54,593
:61_0,594
:61_0,595
:61_0,596
:61_0,597
:61_0,598
-53,599
-53,600
-53,601
-53,602
-53,603
-53,604
-53,605
-53,606
-53,607
-53,608
-53,609
-53,610
-53,611
-53,612
-53,613
-53,614
-53,615
-53,616
-53,617
-53,618
-53,619
-53,620
-53,621
-53,622
-53,623
-53,624
-53,625
-53,626
-53,627
-53,628
-53,629
-53,630
-53,631
-53,632
-53,633
-53,634
-53,635
-53,636
-53,637
-53,638
-53,639
-53,640
-53,641
-53,642
-53,643
-53,644
-53,645
-53,646
-53,647
-53,648
-53,649
-53,650
-53,651
-53,652
-53,653
-53,654
-53,655
-53,656
-53,657
-53,658
-53,659
-53,660
-53,661
-53,662
-53,663
-53,664
-53,665
-53,666
-53,667
-53,668
:58_6,669
:58_6,670
:58_6,671
:58_6,672
:58_6,673
:58_6,674
51,675
51,676
51,677
51,678
51,679
51,680
51,681
51,682
51,683
51,684
51,685
51,686
51,687
51,688
51,689
51,690
51,691
51,692
51,693
51,694
51,695
51,696
51,697
51,698
51,699
51,700
51,701
51,702
51,703
51,704
51,705
51,706
51,707
51,708
51,709
51,710
51,711
51,712
51,713
51,714
51,715
51,716
51,717
51,718
51,719
51,720
51,721
51,722
51,723
51,724
51,725
51,726
51,727
51,728
51,729
51,730
51,731
51,732
51,733
51,734
51,735
51,736
51,737
51,738
51,739
51,740
51,741
51,742
51,743
51,744
51,745
51,746
51,747
51,748
51,749
51,750
51,751
51,752
51,753
51,754
51,755
51,756
51,757
51,758
51,759
51,760
51,761
51,762
51,763
51,764
51,765
51,766
51,767
51,768
51,769
51,770
51,771
51,772
51,773
51,774
51,775
51,776
51,777
51,778
51,779
51,780
51,781
51,782
51,783
51,784
51,785
51,786
51,787
51,788
51,789
51,790
51,791
51,792
51,793
51,794
51,795
51,796
51,797
51,798
51,799
51,800
51,801
51,802
51,803
51,804
51,805
51,806
:59_7,807
:59_7,808
:59_7,809
:59_7,810
:59_7,811
-304,812
-304,813
-304,814
-304,815
-304,816
-304,817
-304,818
-304,819
-304,820
-304,821
-304,822
-304,823
-304,824
-304,825
-304,826
-304,827
-304,828
-304,829
-304,830
-304,831
-304,832
-304,833
-304,834
-304,835
-304,836
-304,837
-304,838
-304,839
-304,840
-304,841
-304,842
-304,843
-304,844
-304,845
-304,846
-304,847
-304,848
-304,849
-304,850
-304,851
-304,852
-304,853
-304,854
-304,855
-304,856
-304,857
-304,858
-304,859
-304,860
-304,861
-304,862
-304,863
-304,864
-304,865
-304,866
-304,867
-304,868
-304,869
-304,870
-304,871
-304,872
-304,873
-304,874
-304,875
-304,876
-304,877
-304,878
-304,879
-304,880
-304,881
-304,882
-304,883
-304,884
-304,885
-304,886
-304,887
-304,888
-304,889
-304,890
-304,891
-304,892
-304,893
-304,894
:289_0,895
:289_0,896
:289_0,897
:289_0,898
:289_0,899
302,900
302,901
302,902
302,903
302,904
302,905
302,906
302,907
302,908
302,909
302,910
302,911
302,912
302,913
302,914
302,915
302,916
302,917
302,918
302,919
302,920
302,921
302,922
302,923
302,924
302,925
302,926
302,927
302,928
302,929
302,930
302,931
302,932
302,933
302,934
-192,935
-192,936
-192,937
-192,938
-192,939
-192,940
-192,941
-192,942
-192,943
-192,944
-192,945
-192,946
-192,947
-192,948
-192,949
-192,950
-192,951
-192,952
-192,953
-192,954
-192,955
-192,956
-192,957
-192,958
-192,959
-192,960
-192,961
-192,962
-192,963
-192,964
-192,965
-192,966
-192,967
-192,968
-192,969
-192,970
-192,971
-192,972
-192,973
-192,974
-192,975
-192,976
-192,977
-192,978
-192,979
-192,980
-192,981
-192,982
-192,983
-192,984
-192,985
-192,986
-192,987
-192,988
-192,989
-192,990
-192,991
-192,992
-192,993
-192,994
-192,995
-192,996
-192,997
-192,998
-192,999
-192,1000
-192,1001
-192,1002
-192,1003
-192,1004
-192,1005
-192,1006
-192,1007
-192,1008
-192,1009
-192,1010
-192,1011
-192,1012
-192,1013
-192,1014
-192,1015
-192,1016
-192,1017
-192,1018
-192,1019
-192,1020
-192,1021
-192,1022
-192,1023
