247,1
247,2
247,3
247,4
247,5
247,6
247,7
247,8
247,9
247,10
247,11
247,12
247,13
247,14
247,15
247,16
247,17
247,18
247,19
247,20
247,21
247,22
247,23
247,24
247,25
247,26
247,27
247,28
247,29
247,30
247,31
247,32
247,33
247,34
247,35
247,36
247,37
247,38
247,39
247,40
247,41
247,42
247,43
247,44
247,45
247,46
247,47
247,48
247,49
247,50
247,51
247,52
247,53
247,54
247,55
247,56
247,57
247,58
247,59
247,60
247,61
247,62
247,63
247,64
247,65
247,66
247,67
247,68
247,69
247,70
247,71
247,72
247,73
247,74
247,75
247,76
247,77
247,78
247,79
247,80
247,81
247,82
247,83
247,84
247,85
247,86
247,87
247,88
247,89
247,90
:248_13,91
:248_13,92
:248_13,93
:248_13,94
:248_13,95
:248_13,96
283,97
283,98
283,99
283,100
283,101
283,102
283,103
283,104
283,105
283,106
283,107
283,108
283,109
283,110
283,111
283,112
283,113
283,114
283,115
283,116
283,117
283,118
283,119
283,120
283,121
283,122
283,123
283,124
283,125
283,126
283,127
283,128
283,129
283,130
283,131
283,132
283,133
283,134
283,135
283,136
283,137
283,138
283,139
283,140
283,141
:254_12,142
:254_12,143
:254_12,144
327,145
327,146
327,147
327,148
327,149
327,150
327,151
327,152
327,153
327,154
327,155
327,156
327,157
327,158
327,159
327,160
327,161
327,162
327,163
327,164
327,165
327,166
327,167
327,168
327,169
327,170
327,171
327,172
327,173
327,174
327,175
327,176
327,177
327,178
327,179
327,180
327,181
327,182
327,183
327,184
327,185
327,186
327,187
327,188
327,189
327,190
327,191
327,192
327,193
327,194
327,195
327,196
327,197
327,198
328,199
328,200
328,201
328,202
328,203
328,204
328,205
328,206
328,207
328,208
328,209
328,210
328,211
328,212
328,213
328,214
328,215
328,216
328,217
328,218
328,219
328,220
328,221
328,222
328,223
328,224
328,225
328,226
328,227
328,228
328,229
328,230
328,231
328,232
328,233
328,234
328,235
328,236
328,237
328,238
328,239
328,240
328,241
328,242
328,243
328,244
328,245
328,246
328,247
328,248
328,249
328,250
328,251
328,252
328,253
328,254
328,255
328,256
328,257
328,258
328,259
328,260
:304_0,261
329,262
329,263
329,264
329,265
329,266
329,267
329,268
329,269
329,270
329,271
329,272
329,273
329,274
329,275
329,276
329,277
329,278
329,279
329,280
329,281
329,282
329,283
329,284
329,285
329,286
329,287
329,288
329,289
329,290
329,291
329,292
329,293
329,294
329,295
329,296
329,297
329,298
329,299
329,300
329,301
329,302
329,303
329,304
329,305
329,306
329,307
329,308
329,309
329,310
329,311
329,312
329,313
329,314
329,315
329,316
329,317
329,318
329,319
329,320
329,321
329,322
329,323
329,324
329,325
329,326
330,327
330,328
330,329
330,330
330,331
330,332
330,333
330,334
330,335
330,336
330,337
330,338
330,339
330,340
330,341
330,342
330,343
330,344
330,345
330,346
330,347
330,348
330,349
330,350
330,351
330,352
330,353
330,354
330,355
330,356
330,357
330,358
330,359
330,360
330,361
330,362
330,363
330,364
330,365
330,366
330,367
330,368
330,369
330,370
330,371
330,372
330,373
330,374
330,375
330,376
330,377
330,378
330,379
330,380
331,381
331,382
331,383
331,384
331,385
331,386
331,387
331,388
331,389
331,390
331,391
331,392
331,393
331,394
331,395
331,396
331,397
331,398
331,399
331,400
331,401
331,402
331,403
331,404
331,405
331,406
331,407
331,408
331,409
331,410
331,411
331,412
331,413
331,414
331,415
331,416
331,417
331,418
331,419
331,420
331,421
331,422
331,423
331,424
331,425
331,426
331,427
331,428
331,429
331,430
331,431
331,432
331,433
331,434
331,435
331,436
331,437
331,438
331,439
331,440
331,441
331,442
331,443
331,444
331,445
331,446
331,447
331,448
331,449
331,450
331,451
:307_2,452
:307_2,453
:307_2,454
:307_2,455
:307_2,456
528,457
528,458
528,459
528,460
528,461
528,462
528,463
528,464
528,465
528,466
528,467
528,468
528,469
528,470
528,471
528,472
528,473
528,474
528,475
528,476
528,477
528,478
528,479
528,480
528,481
528,482
528,483
528,484
528,485
