-148,21
-148,22
-148,23
-148,24
-148,25
-148,26
-148,27
-148,28
-148,29
-148,30
-148,31
-148,32
-148,33
-148,34
-148,35
-148,36
-148,37
-148,38
-148,39
-148,40
-148,41
-148,42
-148,43
-148,44
-148,45
-148,46
-148,47
-148,48
-148,49
-148,50
-148,51
-148,52
-148,53
-148,54
-148,55
-148,56
-148,57
-148,58
-148,59
-148,60
-148,61
-148,62
-148,63
-148,64
-148,65
-148,66
-148,67
-148,68
-148,69
-148,70
-148,71
-148,72
-148,73
-148,74
-148,75
-148,76
-148,77
-148,78
-148,79
-148,80
-148,81
-148,82
-148,83
-148,84
-148,85
-148,86
-148,87
-148,88
-148,89
-148,90
-148,91
-148,92
-148,93
-148,94
-148,95
-148,96
-148,97
-148,98
-148,99
-148,100
-148,101
-148,102
:160_13,103
:160_13,104
:160_13,105
:160_13,106
:160_13,107
:160_13,108
147,109
147,110
147,111
147,112
147,113
147,114
147,115
147,116
147,117
147,118
147,119
147,120
147,121
147,122
147,123
147,124
147,125
147,126
147,127
147,128
147,129
147,130
147,131
147,132
147,133
147,134
147,135
147,136
147,137
147,138
147,139
147,140
147,141
147,142
147,143
147,144
147,145
147,146
147,147
147,148
147,149
147,150
147,151
147,152
147,153
147,154
147,155
147,156
147,157
147,158
147,159
147,160
147,161
147,162
147,163
147,164
147,165
147,166
147,167
147,168
147,169
147,170
147,171
:101_6,172
:101_6,173
:101_6,174
:101_6,175
:101_6,176
-86,177
-86,178
-86,179
-86,180
-86,181
-86,182
-86,183
-86,184
-86,185
-86,186
-86,187
-86,188
-86,189
-86,190
-86,191
-86,192
-86,193
-86,194
-86,195
-86,196
-86,197
-86,198
-86,199
-86,200
-86,201
-86,202
-86,203
-86,204
-86,205
-86,206
-86,207
-86,208
-86,209
-86,210
-86,211
-86,212
-86,213
-86,214
-86,215
-86,216
-86,217
-86,218
-86,219
-86,220
-86,221
-86,222
-86,223
-86,224
-86,225
-86,226
-86,227
-86,228
-86,229
-86,230
-86,231
-86,232
-86,233
-86,234
-86,235
-86,236
-86,237
-86,238
-86,239
-86,240
-86,241
-86,242
-86,243
-86,244
-86,245
-86,246
-86,247
-86,248
-86,249
-86,250
-86,251
-86,252
-86,253
-86,254
-86,255
-86,256
-86,257
-86,258
-86,259
-86,260
-86,261
-86,262
-86,263
-86,264
-86,265
:27_14,266
:27_14,267
:27_14,268
:27_14,269
:27_14,270
-23,271
-23,272
-23,273
-23,274
-23,275
-23,276
-23,277
-23,278
-23,279
-23,280
-23,281
-23,282
-23,283
-23,284
-23,285
-23,286
-23,287
-23,288
-23,289
-23,290
-23,291
-23,292
-23,293
-23,294
-23,295
-23,296
-23,297
-23,298
-23,299
-23,300
-23,301
-23,302
-23,303
-23,304
-23,305
-23,306
-23,307
-23,308
-23,309
-23,310
-23,311
-23,312
-23,313
-23,314
-23,315
-23,316
-23,317
-23,318
-23,319
-23,320
-23,321
-23,322
-23,323
-23,324
-23,325
-23,326
-23,327
-23,328
-23,329
-23,330
-23,331
-23,332
-23,333
-23,334
-23,335
-23,336
-23,337
-23,338
-23,339
-23,340
-23,341
-23,342
-23,343
-23,344
-23,345
-23,346
-23,347
-23,348
-23,349
-23,350
-23,351
-23,352
-23,353
-23,354
-23,355
-23,356
-23,357
-23,358
-23,359
-23,360
-23,361
-23,362
-23,363
-23,364
-23,365
-23,366
-23,367
-23,368
-23,369
-23,370
-23,371
-23,372
-23,373
-23,374
-23,375
-23,376
-23,377
-23,378
-23,379
-23,380
-23,381
-23,382
-23,383
-23,384
-23,385
-23,386
-23,387
-23,388
-23,389
-23,390
-23,391
-23,392
-23,393
-23,394
-23,395
-23,396
-23,397
-23,398
-23,399
-23,400
-23,401
-23,402
-23,403
-23,404
-23,405
-23,406
-23,407
-23,408
-23,409
-23,410
-23,411
-23,412
-23,413
-23,414
-23,415
-23,416
-23,417
-23,418
-23,419
-23,420
-23,421
-23,422
-23,423
-23,424
-23,425
-23,426
-23,427
-23,428
-23,429
-23,430
-23,431
-23,432
-23,433
-23,434
-23,435
-23,436
-23,437
-23,438
-23,439
-23,440
-23,441
-23,442
-23,443
-23,444
-23,445
-23,446
-23,447
-23,448
:22_9,449
:22_9,450
:22_9,451
:22_9,452
:22_9,453
19,454
19,455
19,456
19,457
19,458
19,459
19,460
19,461
19,462
19,463
19,464
19,465
19,466
19,467
19,468
19,469
19,470
19,471
19,472
19,473
19,474
19,475
19,476
19,477
19,478
19,479
19,480
19,481
19,482
19,483
19,484
19,485
19,486
19,487
19,488
19,489
19,490
19,491
19,492
19,493
19,494
19,495
19,496
19,497
19,498
19,499
19,500
19,501
19,502
19,503
19,504
19,505
19,506
19,507
19,508
19,509
19,510
19,511
19,512
19,513
19,514
19,515
19,516
19,517
19,518
19,519
19,520
19,521
19,522
19,523
19,524
19,525
19,526
19,527
19,528
19,529
19,530
19,531
19,532
19,533
19,534
19,535
19,536
19,537
19,538
19,539
19,540
19,541
19,542
19,543
19,544
19,545
19,546
19,547
19,548
:23_6,549
:23_6,550
:23_6,551
:23_6,552
:23_6,553
:23_6,554
20,555
20,556
20,557
20,558
20,559
20,560
20,561
20,562
20,563
20,564
20,565
20,566
20,567
20,568
20,569
20,570
20,571
20,572
20,573
20,574
20,575
20,576
20,577
20,578
20,579
20,580
20,581
20,582
20,583
20,584
20,585
20,586
20,587
20,588
20,589
20,590
20,591
20,592
20,593
20,594
20,595
20,596
20,597
20,598
20,599
20,600
20,601
20,602
20,603
20,604
20,605
20,606
20,607
20,608
20,609
20,610
20,611
20,612
20,613
20,614
20,615
20,616
20,617
20,618
20,619
20,620
20,621
20,622
20,623
20,624
20,625
20,626
20,627
20,628
20,629
20,630
20,631
20,632
20,633
20,634
20,635
20,636
20,637
20,638
20,639
20,640
20,641
20,642
20,643
20,644
20,645
:24_13,646
:24_13,647
:24_13,648
:24_13,649
:24_13,650
25,651
25,652
25,653
25,654
25,655
25,656
25,657
25,658
25,659
25,660
25,661
25,662
25,663
25,664
25,665
25,666
25,667
25,668
25,669
25,670
25,671
25,672
25,673
25,674
25,675
25,676
25,677
25,678
25,679
25,680
25,681
25,682
25,683
25,684
25,685
25,686
25,687
25,688
25,689
25,690
25,691
25,692
25,693
25,694
25,695
25,696
25,697
25,698
25,699
25,700
25,701
25,702
25,703
25,704
25,705
25,706
25,707
25,708
25,709
25,710
25,711
25,712
25,713
25,714
25,715
25,716
25,717
25,718
25,719
25,720
25,721
25,722
25,723
25,724
25,725
25,726
25,727
25,728
25,729
25,730
25,731
25,732
25,733
25,734
25,735
25,736
25,737
25,738
25,739
25,740
25,741
25,742
25,743
25,744
25,745
25,746
25,747
25,748
25,749
25,750
25,751
25,752
25,753
25,754
25,755
25,756
25,757
25,758
25,759
25,760
25,761
25,762
25,763
25,764
25,765
25,766
25,767
25,768
25,769
25,770
25,771
25,772
25,773
25,774
25,775
25,776
25,777
25,778
25,779
25,780
25,781
25,782
25,783
25,784
25,785
25,786
25,787
25,788
25,789
:29_13,790
:29_13,791
:29_13,792
:29_13,793
:29_13,794
210,795
210,796
210,797
210,798
210,799
210,800
210,801
210,802
210,803
210,804
210,805
210,806
210,807
210,808
210,809
210,810
210,811
210,812
210,813
210,814
210,815
210,816
210,817
210,818
210,819
210,820
210,821
210,822
210,823
210,824
210,825
210,826
210,827
210,828
210,829
210,830
210,831
210,832
210,833
210,834
210,835
210,836
210,837
210,838
210,839
210,840
210,841
210,842
210,843
210,844
210,845
210,846
210,847
210,848
210,849
210,850
210,851
210,852
210,853
210,854
210,855
210,856
210,857
210,858
210,859
210,860
210,861
210,862
210,863
210,864
210,865
210,866
210,867
210,868
210,869
210,870
210,871
210,872
210,873
210,874
210,875
210,876
210,877
210,878
210,879
210,880
210,881
210,882
210,883
210,884
210,885
210,886
210,887
210,888
210,889
210,890
:16_6,891
:16_6,892
:16_6,893
:16_6,894
:16_6,895
:16_6,896
-14,897
-14,898
-14,899
-14,900
-14,901
-14,902
-14,903
-14,904
-14,905
-14,906
-14,907
-14,908
-14,909
-14,910
-14,911
-14,912
-14,913
-14,914
-14,915
-14,916
-14,917
-14,918
-14,919
-14,920
-14,921
-14,922
-14,923
-14,924
-14,925
-14,926
-14,927
-14,928
-14,929
-14,930
-14,931
-14,932
-14,933
-14,934
-14,935
-14,936
-14,937
-14,938
-14,939
-14,940
-14,941
-14,942
-14,943
-14,944
-14,945
-14,946
-14,947
-14,948
-14,949
-14,950
-14,951
-14,952
-14,953
-14,954
-14,955
-14,956
-14,957
-14,958
-14,959
-14,960
-14,961
-14,962
-14,963
-14,964
-14,965
-14,966
-14,967
-14,968
-14,969
-14,970
-14,971
-14,972
-14,973
-14,974
-14,975
-14,976
-14,977
-14,978
-14,979
-14,980
-14,981
-14,982
-14,983
-14,984
-14,985
-14,986
-14,987
-14,988
-14,989
-14,990
-14,991
-14,992
-14,993
-14,994
-14,995
-14,996
-14,997
-14,998
-14,999
-14,1000
-14,1001
-14,1002
-14,1003
-14,1004
:14_1,1005
:14_1,1006
13,1007
13,1008
13,1009
13,1010
13,1011
13,1012
13,1013
13,1014
13,1015
13,1016
13,1017
13,1018
13,1019
13,1020
13,1021
13,1022
13,1023
13,1024
13,1025
13,1026
13,1027
13,1028
13,1029
13,1030
13,1031
13,1032
13,1033
13,1034
13,1035
13,1036
13,1037
13,1038
13,1039
13,1040
13,1041
13,1042
13,1043
13,1044
13,1045
13,1046
13,1047
13,1048
13,1049
13,1050
13,1051
13,1052
13,1053
13,1054
13,1055
13,1056
13,1057
13,1058
13,1059
13,1060
13,1061
13,1062
13,1063
13,1064
13,1065
13,1066
13,1067
13,1068
13,1069
13,1070
13,1071
13,1072
13,1073
13,1074
13,1075
13,1076
13,1077
13,1078
13,1079
13,1080
13,1081
13,1082
13,1083
13,1084
13,1085
13,1086
13,1087
13,1088
13,1089
13,1090
13,1091
13,1092
13,1093
13,1094
13,1095
13,1096
13,1097
13,1098
13,1099
13,1100
13,1101
13,1102
13,1103
:15_3,1104
:15_3,1105
:15_3,1106
:15_3,1107
:15_3,1108
-375,1109
-375,1110
-375,1111
-375,1112
-375,1113
-375,1114
-375,1115
-375,1116
-375,1117
-375,1118
-375,1119
-375,1120
-375,1121
-375,1122
-375,1123
-375,1124
-375,1125
-375,1126
-375,1127
-375,1128
-375,1129
-375,1130
-375,1131
-375,1132
-375,1133
-375,1134
-375,1135
-375,1136
-375,1137
-375,1138
-375,1139
-375,1140
-375,1141
-375,1142
-375,1143
-375,1144
-375,1145
-375,1146
-375,1147
-375,1148
-375,1149
-375,1150
-375,1151
-375,1152
-375,1153
-375,1154
-375,1155
-375,1156
-375,1157
-375,1158
-375,1159
-375,1160
-375,1161
-375,1162
-375,1163
-375,1164
-375,1165
-375,1166
-375,1167
-375,1168
-375,1169
-375,1170
-375,1171
-375,1172
-375,1173
-375,1174
-375,1175
-375,1176
-375,1177
-375,1178
-375,1179
-375,1180
-375,1181
-375,1182
-375,1183
-375,1184
-375,1185
-375,1186
-375,1187
-375,1188
-375,1189
-375,1190
-375,1191
-375,1192
-375,1193
-375,1194
-375,1195
-375,1196
-375,1197
-375,1198
-375,1199
-375,1200
-375,1201
-375,1202
-375,1203
-375,1204
-375,1205
-375,1206
-375,1207
-375,1208
-375,1209
-375,1210
-375,1211
-375,1212
:340_1,1213
-374,1214
-374,1215
-374,1216
-374,1217
-374,1218
-374,1219
-374,1220
-374,1221
-374,1222
-374,1223
-374,1224
-374,1225
-374,1226
-374,1227
-374,1228
-374,1229
-374,1230
-374,1231
-374,1232
-374,1233
-374,1234
-374,1235
-374,1236
-374,1237
-374,1238
-374,1239
-374,1240
-374,1241
-374,1242
-374,1243
-374,1244
-374,1245
-374,1246
-374,1247
-374,1248
-374,1249
-374,1250
-374,1251
-374,1252
-374,1253
-374,1254
-374,1255
-374,1256
-374,1257
-374,1258
-374,1259
-374,1260
-374,1261
-374,1262
-374,1263
-374,1264
-374,1265
-374,1266
-374,1267
-374,1268
-374,1269
-374,1270
-374,1271
-374,1272
-374,1273
-374,1274
-374,1275
-374,1276
-374,1277
-374,1278
-374,1279
-374,1280
-374,1281
-374,1282
-374,1283
-374,1284
-374,1285
-374,1286
:230_9,1287
:230_9,1288
:230_9,1289
:230_9,1290
:230_9,1291
:230_9,1292
-224,1293
-224,1294
-224,1295
-224,1296
-224,1297
-224,1298
-224,1299
-224,1300
-224,1301
-224,1302
-224,1303
-224,1304
-224,1305
-224,1306
-224,1307
-224,1308
-224,1309
-224,1310
-224,1311
-224,1312
-224,1313
-224,1314
-224,1315
-224,1316
-224,1317
-224,1318
-224,1319
-224,1320
-224,1321
-224,1322
-224,1323
-224,1324
-224,1325
-224,1326
-224,1327
-224,1328
-224,1329
-224,1330
-224,1331
-224,1332
-224,1333
-224,1334
-224,1335
-224,1336
-224,1337
-224,1338
-224,1339
-224,1340
-224,1341
-224,1342
-224,1343
-224,1344
-224,1345
-224,1346
-224,1347
-224,1348
-224,1349
-224,1350
-224,1351
-224,1352
-224,1353
-224,1354
-224,1355
-224,1356
-224,1357
-224,1358
-224,1359
-224,1360
-224,1361
-224,1362
-224,1363
-224,1364
-224,1365
-224,1366
-224,1367
-224,1368
-224,1369
-224,1370
-224,1371
-224,1372
-224,1373
-224,1374
-224,1375
-224,1376
-224,1377
:229_6,1378
:229_6,1379
:229_6,1380
:229_6,1381
:229_6,1382
-223,1383
-223,1384
-223,1385
-223,1386
-223,1387
-223,1388
-223,1389
-223,1390
-223,1391
-223,1392
-223,1393
-223,1394
-223,1395
-223,1396
-223,1397
-223,1398
-223,1399
-223,1400
-223,1401
-223,1402
-223,1403
-223,1404
-223,1405
-223,1406
-223,1407
-223,1408
-223,1409
-223,1410
-223,1411
-223,1412
-223,1413
-223,1414
-223,1415
-223,1416
-223,1417
-223,1418
-223,1419
-223,1420
-223,1421
-223,1422
-223,1423
-223,1424
-223,1425
-223,1426
-223,1427
-223,1428
-223,1429
-223,1430
-223,1431
-223,1432
-223,1433
-223,1434
-223,1435
-223,1436
-223,1437
-223,1438
-223,1439
-223,1440
-223,1441
-223,1442
-223,1443
-223,1444
-223,1445
-223,1446
-223,1447
-223,1448
-223,1449
-223,1450
-223,1451
-223,1452
-223,1453
-223,1454
-223,1455
-223,1456
-223,1457
-223,1458
-223,1459
-223,1460
-223,1461
-223,1462
-223,1463
-223,1464
-223,1465
-223,1466
-223,1467
-223,1468
-223,1469
-223,1470
-223,1471
-223,1472
-223,1473
:228_6,1474
:228_6,1475
:228_6,1476
:228_6,1477
:228_6,1478
-222,1479
-222,1480
-222,1481
-222,1482
-222,1483
-222,1484
-222,1485
-222,1486
-222,1487
-222,1488
-222,1489
-222,1490
-222,1491
-222,1492
-222,1493
-222,1494
-222,1495
-222,1496
-222,1497
-222,1498
-222,1499
-222,1500
-222,1501
-222,1502
-222,1503
-222,1504
-222,1505
-222,1506
-222,1507
-222,1508
-222,1509
-222,1510
-222,1511
-222,1512
-222,1513
-222,1514
-222,1515
-222,1516
-222,1517
-222,1518
-222,1519
-222,1520
-222,1521
-222,1522
-222,1523
-222,1524
-222,1525
-222,1526
-222,1527
-222,1528
-222,1529
-222,1530
-222,1531
-222,1532
-222,1533
-222,1534
-222,1535
-222,1536
-222,1537
-222,1538
-222,1539
-222,1540
-222,1541
-222,1542
-222,1543
-222,1544
-222,1545
-222,1546
-222,1547
-222,1548
-222,1549
-222,1550
-222,1551
-222,1552
-222,1553
-222,1554
-222,1555
-222,1556
-222,1557
-222,1558
-222,1559
-222,1560
-222,1561
-222,1562
-222,1563
-222,1564
-222,1565
-222,1566
-222,1567
-222,1568
-222,1569
-222,1570
-222,1571
-222,1572
-222,1573
-222,1574
-222,1575
-222,1576
-222,1577
-222,1578
-222,1579
-222,1580
-222,1581
-222,1582
-222,1583
-222,1584
-222,1585
-222,1586
-222,1587
-222,1588
-222,1589
-222,1590
-222,1591
-222,1592
-222,1593
-222,1594
-222,1595
-222,1596
-222,1597
-222,1598
-222,1599
-222,1600
-222,1601
-222,1602
-222,1603
-222,1604
-222,1605
-222,1606
-222,1607
-222,1608
-222,1609
-222,1610
-222,1611
-222,1612
-222,1613
-222,1614
-222,1615
-222,1616
-222,1617
-222,1618
-222,1619
-222,1620
-222,1621
-222,1622
-222,1623
-222,1624
-222,1625
-222,1626
-222,1627
-222,1628
-222,1629
-222,1630
-222,1631
-222,1632
-222,1633
-222,1634
-222,1635
-222,1636
-222,1637
-222,1638
-222,1639
-222,1640
-222,1641
-222,1642
-222,1643
-222,1644
-222,1645
-222,1646
-222,1647
-222,1648
-222,1649
-222,1650
:227_3,1651
:227_3,1652
:227_3,1653
:227_3,1654
:227_3,1655
:227_3,1656
225,1657
225,1658
225,1659
225,1660
225,1661
225,1662
225,1663
225,1664
225,1665
225,1666
225,1667
225,1668
225,1669
225,1670
225,1671
225,1672
225,1673
225,1674
225,1675
225,1676
225,1677
225,1678
225,1679
225,1680
225,1681
225,1682
225,1683
225,1684
225,1685
225,1686
225,1687
225,1688
225,1689
225,1690
225,1691
225,1692
225,1693
225,1694
225,1695
225,1696
225,1697
225,1698
225,1699
225,1700
225,1701
225,1702
225,1703
225,1704
225,1705
225,1706
225,1707
225,1708
225,1709
225,1710
225,1711
225,1712
225,1713
225,1714
225,1715
225,1716
225,1717
225,1718
225,1719
225,1720
225,1721
225,1722
225,1723
225,1724
225,1725
225,1726
225,1727
225,1728
225,1729
225,1730
225,1731
225,1732
225,1733
225,1734
225,1735
225,1736
225,1737
225,1738
225,1739
225,1740
225,1741
225,1742
225,1743
225,1744
225,1745
225,1746
225,1747
225,1748
225,1749
225,1750
225,1751
225,1752
225,1753
225,1754
225,1755
225,1756
225,1757
225,1758
225,1759
225,1760
225,1761
225,1762
225,1763
225,1764
225,1765
225,1766
225,1767
225,1768
225,1769
225,1770
225,1771
225,1772
225,1773
225,1774
225,1775
225,1776
225,1777
225,1778
225,1779
225,1780
225,1781
225,1782
225,1783
225,1784
225,1785
225,1786
225,1787
225,1788
225,1789
225,1790
225,1791
225,1792
225,1793
225,1794
225,1795
225,1796
225,1797
:231_6,1798
:231_6,1799
:231_6,1800
:231_6,1801
:231_6,1802
-257,1803
-257,1804
-257,1805
-257,1806
-257,1807
-257,1808
-257,1809
-257,1810
-257,1811
-257,1812
-257,1813
-257,1814
-257,1815
-257,1816
-257,1817
-257,1818
-257,1819
-257,1820
-257,1821
-257,1822
-257,1823
-257,1824
-257,1825
-257,1826
-257,1827
-257,1828
-257,1829
-257,1830
-257,1831
-257,1832
-257,1833
-257,1834
-257,1835
-257,1836
-257,1837
-257,1838
-257,1839
-257,1840
-257,1841
-257,1842
-257,1843
-257,1844
-257,1845
-257,1846
-257,1847
-257,1848
-257,1849
-257,1850
-257,1851
-257,1852
-257,1853
-257,1854
-257,1855
-257,1856
-257,1857
-257,1858
-257,1859
-257,1860
-257,1861
-257,1862
-257,1863
-257,1864
-257,1865
-257,1866
-257,1867
-257,1868
-257,1869
-257,1870
-257,1871
-257,1872
-257,1873
-257,1874
-257,1875
-257,1876
-257,1877
-257,1878
-257,1879
-257,1880
-257,1881
-257,1882
-257,1883
-257,1884
-257,1885
-257,1886
-257,1887
-257,1888
-257,1889
-257,1890
-257,1891
-257,1892
-257,1893
-257,1894
-257,1895
-257,1896
-257,1897
-257,1898
-257,1899
-257,1900
-257,1901
-257,1902
-257,1903
-257,1904
-257,1905
-257,1906
-257,1907
-257,1908
-257,1909
-257,1910
-257,1911
-257,1912
-257,1913
-257,1914
-257,1915
-257,1916
-257,1917
-257,1918
-257,1919
-257,1920
-257,1921
-257,1922
-257,1923
-257,1924
-257,1925
-257,1926
-257,1927
-257,1928
-257,1929
-257,1930
-257,1931
-257,1932
-257,1933
-257,1934
-257,1935
-257,1936
-257,1937
-257,1938
-257,1939
-257,1940
-257,1941
-257,1942
-257,1943
-257,1944
-257,1945
-257,1946
-257,1947
-257,1948
-257,1949
-257,1950
-257,1951
-257,1952
-257,1953
-257,1954
-257,1955
-257,1956
-257,1957
-257,1958
-257,1959
-257,1960
-257,1961
-257,1962
-257,1963
-257,1964
-257,1965
-257,1966
-257,1967
-257,1968
-257,1969
-257,1970
-257,1971
-257,1972
-257,1973
-257,1974
-257,1975
-257,1976
-257,1977
-257,1978
-257,1979
-257,1980
-257,1981
-257,1982
-257,1983
-257,1984
-257,1985
-257,1986
-257,1987
-257,1988
-257,1989
-257,1990
-257,1991
-257,1992
:21_6,1993
:21_6,1994
:21_6,1995
:21_6,1996
:21_6,1997
:21_6,1998
-18,1999
-18,2000
