-571,21
-571,22
-571,23
-571,24
-571,25
-571,26
-571,27
-571,28
-571,29
-571,30
-571,31
-571,32
-571,33
-571,34
-571,35
-571,36
-571,37
-571,38
-571,39
-571,40
-571,41
-571,42
-571,43
-571,44
-571,45
-571,46
-571,47
-571,48
-571,49
-571,50
-571,51
-571,52
-571,53
-571,54
-571,55
-571,56
-571,57
-571,58
-571,59
-571,60
-571,61
-571,62
-571,63
-571,64
-571,65
-571,66
-571,67
-571,68
-571,69
-571,70
-571,71
-571,72
-571,73
-571,74
-571,75
-571,76
-571,77
-571,78
-571,79
-571,80
-571,81
-571,82
-571,83
-571,84
-571,85
-571,86
-571,87
-571,88
-571,89
-571,90
-571,91
-571,92
-571,93
-571,94
-571,95
-571,96
-571,97
-571,98
-571,99
-571,100
-571,101
-571,102
-571,103
-571,104
-571,105
-571,106
-571,107
-571,108
-571,109
-571,110
-571,111
-571,112
-571,113
-571,114
-571,115
-571,116
-571,117
-571,118
-571,119
-571,120
-571,121
-571,122
-571,123
-571,124
-571,125
-571,126
-571,127
-571,128
-571,129
-571,130
-571,131
-571,132
-571,133
-571,134
-571,135
-571,136
-571,137
-571,138
-571,139
-571,140
-571,141
-571,142
-571,143
-571,144
-571,145
-571,146
-571,147
-571,148
-571,149
-571,150
-571,151
-571,152
-571,153
-571,154
-571,155
-571,156
-571,157
-571,158
-571,159
-571,160
-571,161
-571,162
-571,163
-571,164
-571,165
-571,166
-571,167
-571,168
-571,169
-571,170
-571,171
-571,172
-571,173
-571,174
-571,175
-571,176
-571,177
-571,178
-571,179
-571,180
-571,181
-571,182
-571,183
-571,184
-571,185
-571,186
-571,187
-571,188
-571,189
-571,190
-571,191
-571,192
-571,193
-571,194
-571,195
-571,196
-571,197
-571,198
-571,199
-571,200
-571,201
-571,202
-571,203
-571,204
-571,205
-571,206
-571,207
-571,208
-571,209
-571,210
-571,211
-571,212
-571,213
-571,214
-571,215
-571,216
-571,217
-571,218
-571,219
-571,220
-571,221
-571,222
-571,223
-571,224
-571,225
-571,226
-571,227
-571,228
:99_7,229
:99_7,230
:99_7,231
:99_7,232
:99_7,233
-570,234
-570,235
-570,236
-570,237
-570,238
-570,239
-570,240
-570,241
-570,242
-570,243
-570,244
-570,245
-570,246
-570,247
-570,248
-570,249
-570,250
-570,251
-570,252
-570,253
-570,254
-570,255
-570,256
-570,257
-570,258
-570,259
-570,260
-570,261
-570,262
-570,263
-570,264
-570,265
-570,266
-570,267
-570,268
-570,269
-570,270
-570,271
-570,272
-570,273
-570,274
-570,275
-570,276
-570,277
-570,278
-570,279
-570,280
-570,281
-570,282
-570,283
-570,284
-570,285
-570,286
-570,287
-570,288
-570,289
-570,290
-570,291
-570,292
-570,293
-570,294
-570,295
-570,296
-570,297
-570,298
-570,299
-570,300
-570,301
-570,302
-570,303
-570,304
-570,305
-570,306
-570,307
-570,308
-570,309
-570,310
-570,311
-570,312
-570,313
-570,314
-570,315
-570,316
-570,317
-570,318
-570,319
-570,320
-570,321
-570,322
-570,323
-570,324
-570,325
-570,326
-570,327
-570,328
-570,329
-570,330
-570,331
-570,332
-570,333
-570,334
-570,335
-570,336
-570,337
-570,338
-570,339
-570,340
-570,341
-570,342
-570,343
-570,344
-570,345
-570,346
-570,347
-570,348
-570,349
-570,350
-570,351
-570,352
-570,353
-570,354
-570,355
-570,356
-570,357
-570,358
-570,359
-570,360
-570,361
-570,362
-570,363
-570,364
-570,365
-570,366
-570,367
-570,368
-570,369
-570,370
-570,371
-570,372
-570,373
-570,374
-570,375
-570,376
-570,377
-570,378
-570,379
-570,380
-570,381
-570,382
-570,383
-570,384
-570,385
-570,386
-570,387
-570,388
-570,389
-570,390
-570,391
-570,392
-570,393
-570,394
-570,395
-570,396
-570,397
-570,398
-570,399
-570,400
-570,401
:151_7,402
:151_7,403
:151_7,404
:151_7,405
:151_7,406
:151_7,407
-569,408
-569,409
-569,410
-569,411
-569,412
-569,413
-569,414
-569,415
-569,416
-569,417
-569,418
-569,419
-569,420
-569,421
-569,422
-569,423
-569,424
-569,425
-569,426
-569,427
-569,428
-569,429
-569,430
-569,431
-569,432
-569,433
-569,434
-569,435
-569,436
-569,437
-569,438
-569,439
-569,440
-569,441
-569,442
-569,443
-569,444
-569,445
-569,446
-569,447
-569,448
-569,449
-569,450
-569,451
-569,452
-569,453
-569,454
-569,455
-569,456
-569,457
-569,458
-569,459
-569,460
-569,461
-569,462
-569,463
-569,464
-569,465
-569,466
-569,467
-569,468
-569,469
-569,470
-569,471
-569,472
-569,473
-569,474
-569,475
-569,476
-569,477
-569,478
-569,479
-569,480
-569,481
-569,482
-569,483
-569,484
-569,485
-569,486
-569,487
-569,488
-569,489
-569,490
-569,491
-569,492
-569,493
-569,494
-569,495
-569,496
-569,497
-569,498
-569,499
-569,500
-569,501
-569,502
-569,503
-569,504
-569,505
-569,506
-569,507
-569,508
-569,509
-569,510
-569,511
-569,512
-569,513
:64_3,514
:64_3,515
:64_3,516
:64_3,517
:64_3,518
-56,519
-56,520
-56,521
-56,522
-56,523
-56,524
-56,525
-56,526
-56,527
-56,528
-56,529
-56,530
-56,531
-56,532
-56,533
-56,534
-56,535
-56,536
-56,537
-56,538
-56,539
-56,540
-56,541
-56,542
-56,543
-56,544
-56,545
-56,546
-56,547
-56,548
-56,549
-56,550
-56,551
-56,552
-56,553
-56,554
-56,555
-56,556
-56,557
-56,558
-56,559
-56,560
-56,561
-56,562
-56,563
-56,564
-56,565
-56,566
-56,567
-56,568
-56,569
-56,570
-56,571
-56,572
-56,573
-56,574
-56,575
-56,576
-56,577
-56,578
-56,579
-56,580
-56,581
-56,582
-56,583
-56,584
-56,585
-56,586
-56,587
-56,588
-56,589
-56,590
-56,591
-56,592
-56,593
-56,594
-56,595
-56,596
-56,597
-56,598
-56,599
-56,600
-56,601
-56,602
-56,603
-56,604
-56,605
-56,606
-56,607
-56,608
-56,609
-56,610
-56,611
-56,612
-56,613
-56,614
-56,615
-56,616
-56,617
-56,618
-56,619
-56,620
-56,621
-56,622
-56,623
-56,624
-56,625
-56,626
-56,627
-56,628
-56,629
-56,630
-56,631
-56,632
-56,633
-56,634
-56,635
-56,636
-56,637
-56,638
-56,639
-56,640
-56,641
-56,642
-56,643
-56,644
-56,645
-56,646
-56,647
-56,648
-56,649
-56,650
-56,651
-56,652
-56,653
-56,654
-56,655
-56,656
-56,657
-56,658
-56,659
-56,660
-56,661
-56,662
-56,663
-56,664
:58_13,665
:58_13,666
:58_13,667
:58_13,668
:58_13,669
:58_13,670
53,671
53,672
53,673
53,674
53,675
53,676
53,677
53,678
53,679
53,680
53,681
53,682
53,683
53,684
53,685
53,686
53,687
53,688
53,689
53,690
53,691
53,692
53,693
53,694
53,695
53,696
53,697
53,698
53,699
53,700
53,701
53,702
53,703
53,704
53,705
53,706
53,707
53,708
53,709
53,710
53,711
53,712
53,713
53,714
53,715
53,716
53,717
53,718
53,719
53,720
53,721
53,722
53,723
53,724
53,725
53,726
53,727
53,728
53,729
53,730
53,731
53,732
53,733
53,734
53,735
53,736
53,737
53,738
53,739
53,740
53,741
53,742
53,743
53,744
53,745
53,746
53,747
:61_7,748
:61_7,749
:61_7,750
:61_7,751
:61_7,752
54,753
54,754
54,755
54,756
54,757
54,758
54,759
54,760
54,761
54,762
54,763
54,764
54,765
54,766
54,767
54,768
54,769
54,770
54,771
54,772
54,773
54,774
54,775
54,776
54,777
54,778
54,779
54,780
54,781
54,782
54,783
54,784
54,785
54,786
54,787
54,788
54,789
54,790
54,791
54,792
54,793
54,794
54,795
54,796
54,797
54,798
54,799
54,800
54,801
54,802
:62_3,803
:62_3,804
:62_3,805
:62_3,806
:62_3,807
55,808
55,809
55,810
55,811
55,812
55,813
55,814
55,815
55,816
55,817
55,818
55,819
55,820
55,821
55,822
55,823
55,824
55,825
55,826
55,827
55,828
55,829
55,830
55,831
55,832
55,833
55,834
55,835
55,836
55,837
55,838
55,839
55,840
55,841
55,842
55,843
55,844
55,845
55,846
55,847
55,848
55,849
55,850
55,851
55,852
55,853
55,854
55,855
55,856
55,857
55,858
55,859
55,860
55,861
55,862
55,863
55,864
55,865
55,866
55,867
55,868
55,869
55,870
55,871
55,872
55,873
55,874
55,875
55,876
55,877
55,878
55,879
55,880
55,881
55,882
55,883
55,884
55,885
55,886
55,887
55,888
55,889
55,890
55,891
55,892
55,893
55,894
55,895
55,896
55,897
55,898
55,899
55,900
55,901
55,902
55,903
55,904
55,905
55,906
55,907
55,908
55,909
55,910
55,911
55,912
55,913
55,914
55,915
55,916
55,917
55,918
55,919
55,920
55,921
55,922
55,923
55,924
55,925
55,926
55,927
:63_13,928
:63_13,929
:63_13,930
:63_13,931
:63_13,932
:63_13,933
159,934
159,935
159,936
159,937
159,938
159,939
159,940
159,941
159,942
159,943
159,944
159,945
159,946
159,947
159,948
159,949
159,950
159,951
159,952
159,953
159,954
159,955
159,956
159,957
159,958
159,959
159,960
159,961
159,962
159,963
159,964
159,965
159,966
159,967
159,968
159,969
159,970
159,971
159,972
159,973
159,974
159,975
159,976
159,977
159,978
159,979
159,980
159,981
159,982
159,983
159,984
159,985
159,986
159,987
159,988
159,989
159,990
159,991
159,992
159,993
159,994
159,995
159,996
159,997
159,998
159,999
159,1000
159,1001
159,1002
159,1003
159,1004
159,1005
159,1006
159,1007
159,1008
159,1009
159,1010
159,1011
159,1012
159,1013
159,1014
159,1015
159,1016
159,1017
159,1018
159,1019
159,1020
159,1021
159,1022
159,1023
159,1024
159,1025
159,1026
159,1027
159,1028
159,1029
159,1030
159,1031
159,1032
159,1033
159,1034
159,1035
:102_7,1036
:102_7,1037
:102_7,1038
:102_7,1039
:102_7,1040
-87,1041
-87,1042
-87,1043
-87,1044
-87,1045
-87,1046
-87,1047
-87,1048
-87,1049
-87,1050
-87,1051
-87,1052
-87,1053
-87,1054
-87,1055
-87,1056
-87,1057
-87,1058
-87,1059
-87,1060
-87,1061
-87,1062
-87,1063
-87,1064
-87,1065
-87,1066
-87,1067
-87,1068
-87,1069
-87,1070
-87,1071
-87,1072
-87,1073
-87,1074
-87,1075
-87,1076
-87,1077
-87,1078
-87,1079
-87,1080
-87,1081
-87,1082
-87,1083
-87,1084
-87,1085
-87,1086
-87,1087
-87,1088
-87,1089
-87,1090
-87,1091
-87,1092
-87,1093
-87,1094
-87,1095
-87,1096
-87,1097
-87,1098
-87,1099
-87,1100
-87,1101
-87,1102
-87,1103
-87,1104
-87,1105
-87,1106
-87,1107
-87,1108
-87,1109
-87,1110
-87,1111
-87,1112
-87,1113
-87,1114
-87,1115
-87,1116
-87,1117
-87,1118
-87,1119
-87,1120
-87,1121
-87,1122
-87,1123
-87,1124
-87,1125
-87,1126
-87,1127
-87,1128
-87,1129
-87,1130
-87,1131
-87,1132
-87,1133
-87,1134
-87,1135
-87,1136
-87,1137
-87,1138
-87,1139
-87,1140
-87,1141
-87,1142
-87,1143
-87,1144
-87,1145
-87,1146
-87,1147
-87,1148
-87,1149
-87,1150
-87,1151
-87,1152
-87,1153
-87,1154
-87,1155
-87,1156
-87,1157
-87,1158
-87,1159
-87,1160
-87,1161
-87,1162
-87,1163
-87,1164
-87,1165
-87,1166
-87,1167
-87,1168
-87,1169
-87,1170
-87,1171
-87,1172
-87,1173
-87,1174
-87,1175
-87,1176
-87,1177
-87,1178
-87,1179
-87,1180
-87,1181
-87,1182
-87,1183
-87,1184
-87,1185
-87,1186
-87,1187
-87,1188
-87,1189
-87,1190
-87,1191
-87,1192
-87,1193
-87,1194
-87,1195
-87,1196
-87,1197
-87,1198
-87,1199
-87,1200
-87,1201
-87,1202
-87,1203
-87,1204
-87,1205
-87,1206
-87,1207
-87,1208
-87,1209
-87,1210
-87,1211
:27_9,1212
:27_9,1213
:27_9,1214
:27_9,1215
:27_9,1216
-23,1217
-23,1218
-23,1219
-23,1220
-23,1221
-23,1222
-23,1223
-23,1224
-23,1225
-23,1226
-23,1227
-23,1228
-23,1229
-23,1230
-23,1231
-23,1232
-23,1233
-23,1234
-23,1235
-23,1236
-23,1237
-23,1238
-23,1239
-23,1240
-23,1241
-23,1242
-23,1243
-23,1244
-23,1245
-23,1246
-23,1247
-23,1248
-23,1249
-23,1250
-23,1251
-23,1252
-23,1253
-23,1254
-23,1255
-23,1256
-23,1257
-23,1258
-23,1259
-23,1260
-23,1261
-23,1262
-23,1263
-23,1264
-23,1265
-23,1266
-23,1267
-23,1268
-23,1269
-23,1270
-23,1271
-23,1272
-23,1273
-23,1274
-23,1275
-23,1276
-23,1277
-23,1278
-23,1279
-23,1280
-23,1281
-23,1282
-23,1283
-23,1284
-23,1285
-23,1286
-23,1287
-23,1288
-23,1289
-23,1290
-23,1291
-23,1292
-23,1293
-23,1294
-23,1295
-23,1296
-23,1297
-23,1298
-23,1299
-23,1300
-23,1301
-23,1302
-23,1303
-23,1304
-23,1305
-23,1306
-23,1307
-23,1308
-23,1309
-23,1310
-23,1311
-23,1312
-23,1313
-23,1314
-23,1315
-23,1316
-23,1317
-23,1318
-23,1319
-23,1320
-23,1321
-23,1322
-23,1323
-23,1324
-23,1325
-23,1326
-23,1327
-23,1328
-23,1329
-23,1330
-23,1331
-23,1332
-23,1333
-23,1334
-23,1335
-23,1336
-23,1337
-23,1338
-23,1339
-23,1340
-23,1341
-23,1342
-23,1343
-23,1344
-23,1345
-23,1346
-23,1347
-23,1348
-23,1349
-23,1350
-23,1351
-23,1352
-23,1353
-23,1354
-23,1355
-23,1356
-23,1357
-23,1358
-23,1359
-23,1360
-23,1361
-23,1362
-23,1363
-23,1364
-23,1365
-23,1366
-23,1367
-23,1368
-23,1369
-23,1370
-23,1371
-23,1372
-23,1373
-23,1374
-23,1375
-23,1376
-23,1377
-23,1378
-23,1379
-23,1380
-23,1381
-23,1382
-23,1383
-23,1384
-23,1385
-23,1386
-23,1387
-23,1388
-23,1389
-23,1390
-23,1391
-23,1392
-23,1393
-23,1394
-23,1395
-23,1396
-23,1397
-23,1398
-23,1399
-23,1400
-23,1401
-23,1402
-23,1403
-23,1404
:22_9,1405
:22_9,1406
:22_9,1407
:22_9,1408
:22_9,1409
:22_9,1410
19,1411
19,1412
19,1413
19,1414
19,1415
19,1416
19,1417
19,1418
19,1419
19,1420
19,1421
19,1422
19,1423
19,1424
19,1425
19,1426
19,1427
19,1428
19,1429
19,1430
19,1431
19,1432
19,1433
19,1434
19,1435
19,1436
19,1437
19,1438
19,1439
19,1440
19,1441
19,1442
19,1443
19,1444
19,1445
19,1446
19,1447
19,1448
19,1449
19,1450
19,1451
19,1452
19,1453
19,1454
19,1455
19,1456
19,1457
19,1458
19,1459
19,1460
19,1461
19,1462
19,1463
19,1464
19,1465
19,1466
19,1467
19,1468
19,1469
19,1470
19,1471
19,1472
19,1473
19,1474
19,1475
19,1476
19,1477
19,1478
19,1479
19,1480
19,1481
19,1482
19,1483
19,1484
19,1485
19,1486
19,1487
19,1488
19,1489
19,1490
19,1491
19,1492
19,1493
19,1494
19,1495
19,1496
19,1497
19,1498
19,1499
19,1500
19,1501
19,1502
19,1503
19,1504
19,1505
19,1506
19,1507
19,1508
19,1509
:23_6,1510
:23_6,1511
:23_6,1512
:23_6,1513
:23_6,1514
:23_6,1515
:23_6,1516
20,1517
20,1518
20,1519
20,1520
20,1521
20,1522
20,1523
20,1524
20,1525
20,1526
20,1527
20,1528
20,1529
20,1530
20,1531
20,1532
20,1533
20,1534
20,1535
20,1536
20,1537
20,1538
20,1539
20,1540
20,1541
20,1542
20,1543
20,1544
20,1545
20,1546
20,1547
20,1548
20,1549
20,1550
20,1551
20,1552
20,1553
20,1554
20,1555
20,1556
20,1557
20,1558
20,1559
20,1560
20,1561
20,1562
20,1563
20,1564
20,1565
20,1566
20,1567
20,1568
20,1569
20,1570
20,1571
20,1572
20,1573
20,1574
20,1575
20,1576
20,1577
20,1578
20,1579
20,1580
20,1581
20,1582
20,1583
20,1584
20,1585
20,1586
20,1587
20,1588
20,1589
20,1590
20,1591
20,1592
20,1593
20,1594
20,1595
20,1596
20,1597
20,1598
20,1599
20,1600
20,1601
20,1602
20,1603
20,1604
20,1605
20,1606
20,1607
20,1608
20,1609
20,1610
20,1611
20,1612
:24_13,1613
:24_13,1614
:24_13,1615
:24_13,1616
:24_13,1617
:24_13,1618
25,1619
25,1620
25,1621
25,1622
25,1623
25,1624
25,1625
25,1626
25,1627
25,1628
25,1629
25,1630
25,1631
25,1632
25,1633
25,1634
25,1635
25,1636
25,1637
25,1638
25,1639
25,1640
25,1641
25,1642
25,1643
25,1644
25,1645
25,1646
25,1647
25,1648
25,1649
25,1650
25,1651
25,1652
25,1653
25,1654
25,1655
25,1656
25,1657
25,1658
25,1659
25,1660
25,1661
25,1662
25,1663
25,1664
25,1665
25,1666
25,1667
25,1668
25,1669
25,1670
25,1671
25,1672
25,1673
25,1674
25,1675
25,1676
25,1677
25,1678
25,1679
25,1680
25,1681
25,1682
25,1683
25,1684
25,1685
25,1686
25,1687
25,1688
25,1689
25,1690
25,1691
25,1692
25,1693
25,1694
25,1695
25,1696
25,1697
25,1698
25,1699
25,1700
25,1701
25,1702
25,1703
25,1704
25,1705
25,1706
25,1707
25,1708
25,1709
25,1710
25,1711
25,1712
25,1713
25,1714
25,1715
25,1716
25,1717
25,1718
25,1719
25,1720
25,1721
25,1722
25,1723
25,1724
25,1725
25,1726
25,1727
25,1728
25,1729
25,1730
25,1731
25,1732
25,1733
25,1734
25,1735
25,1736
25,1737
25,1738
25,1739
25,1740
25,1741
25,1742
25,1743
25,1744
25,1745
25,1746
25,1747
25,1748
25,1749
25,1750
25,1751
25,1752
25,1753
25,1754
25,1755
25,1756
25,1757
25,1758
25,1759
25,1760
25,1761
25,1762
25,1763
25,1764
:29_13,1765
:29_13,1766
:29_13,1767
:29_13,1768
:29_13,1769
:29_13,1770
210,1771
210,1772
210,1773
210,1774
210,1775
210,1776
210,1777
210,1778
210,1779
210,1780
210,1781
210,1782
210,1783
210,1784
210,1785
210,1786
210,1787
210,1788
210,1789
210,1790
210,1791
210,1792
210,1793
210,1794
210,1795
210,1796
210,1797
210,1798
210,1799
210,1800
210,1801
210,1802
210,1803
210,1804
210,1805
210,1806
210,1807
210,1808
210,1809
210,1810
210,1811
210,1812
210,1813
210,1814
210,1815
210,1816
210,1817
210,1818
210,1819
210,1820
210,1821
210,1822
210,1823
210,1824
210,1825
210,1826
210,1827
210,1828
210,1829
210,1830
210,1831
210,1832
210,1833
210,1834
210,1835
210,1836
210,1837
210,1838
210,1839
210,1840
210,1841
210,1842
210,1843
210,1844
210,1845
210,1846
210,1847
210,1848
210,1849
210,1850
210,1851
210,1852
210,1853
210,1854
210,1855
210,1856
210,1857
210,1858
210,1859
210,1860
210,1861
210,1862
210,1863
210,1864
210,1865
210,1866
210,1867
210,1868
210,1869
210,1870
210,1871
:16_6,1872
:16_6,1873
:16_6,1874
:16_6,1875
:16_6,1876
:16_6,1877
-14,1878
-14,1879
-14,1880
-14,1881
-14,1882
-14,1883
-14,1884
-14,1885
-14,1886
-14,1887
-14,1888
-14,1889
-14,1890
-14,1891
-14,1892
-14,1893
-14,1894
-14,1895
-14,1896
-14,1897
-14,1898
-14,1899
-14,1900
-14,1901
-14,1902
-14,1903
-14,1904
-14,1905
-14,1906
-14,1907
-14,1908
-14,1909
-14,1910
-14,1911
-14,1912
-14,1913
-14,1914
-14,1915
-14,1916
-14,1917
-14,1918
-14,1919
-14,1920
-14,1921
-14,1922
-14,1923
-14,1924
-14,1925
-14,1926
-14,1927
-14,1928
-14,1929
-14,1930
-14,1931
-14,1932
-14,1933
-14,1934
-14,1935
-14,1936
-14,1937
-14,1938
-14,1939
-14,1940
-14,1941
-14,1942
-14,1943
-14,1944
-14,1945
-14,1946
-14,1947
-14,1948
-14,1949
-14,1950
-14,1951
-14,1952
-14,1953
-14,1954
-14,1955
-14,1956
-14,1957
-14,1958
-14,1959
-14,1960
-14,1961
-14,1962
-14,1963
-14,1964
-14,1965
-14,1966
-14,1967
-14,1968
-14,1969
-14,1970
-14,1971
-14,1972
-14,1973
-14,1974
-14,1975
-14,1976
-14,1977
-14,1978
-14,1979
-14,1980
-14,1981
-14,1982
-14,1983
-14,1984
-14,1985
-14,1986
-14,1987
-14,1988
-14,1989
-14,1990
-14,1991
:14_1,1992
:14_1,1993
13,1994
13,1995
13,1996
13,1997
13,1998
13,1999
13,2000
