543,21
543,22
543,23
543,24
543,25
543,26
543,27
543,28
543,29
543,30
543,31
543,32
543,33
543,34
543,35
543,36
543,37
543,38
543,39
543,40
543,41
543,42
543,43
543,44
543,45
543,46
543,47
543,48
543,49
543,50
543,51
543,52
543,53
543,54
543,55
543,56
543,57
543,58
543,59
543,60
543,61
543,62
543,63
543,64
543,65
543,66
543,67
543,68
543,69
543,70
543,71
543,72
543,73
543,74
543,75
543,76
543,77
543,78
543,79
543,80
543,81
543,82
543,83
543,84
543,85
543,86
543,87
543,88
543,89
543,90
543,91
543,92
543,93
543,94
543,95
543,96
543,97
543,98
543,99
543,100
543,101
543,102
543,103
543,104
543,105
543,106
543,107
543,108
543,109
543,110
543,111
543,112
543,113
543,114
543,115
543,116
543,117
543,118
543,119
543,120
543,121
543,122
543,123
543,124
543,125
543,126
543,127
543,128
543,129
543,130
543,131
543,132
543,133
543,134
543,135
543,136
543,137
543,138
543,139
543,140
543,141
543,142
543,143
543,144
543,145
543,146
543,147
543,148
543,149
543,150
543,151
543,152
543,153
543,154
543,155
543,156
543,157
543,158
543,159
543,160
543,161
543,162
543,163
543,164
543,165
543,166
543,167
543,168
543,169
543,170
543,171
543,172
543,173
543,174
543,175
543,176
543,177
543,178
543,179
543,180
543,181
543,182
543,183
543,184
-181,185
-181,186
-181,187
-181,188
-181,189
-181,190
-181,191
-181,192
-181,193
-181,194
-181,195
-181,196
-181,197
-181,198
-181,199
-181,200
-181,201
-181,202
-181,203
-181,204
-181,205
-181,206
-181,207
-181,208
-181,209
-181,210
-181,211
-181,212
-181,213
-181,214
-181,215
-181,216
-181,217
-181,218
-181,219
-181,220
-181,221
-181,222
-181,223
-181,224
-181,225
-181,226
:194_4,227
:194_4,228
:194_4,229
:194_4,230
:194_4,231
182,232
182,233
182,234
182,235
182,236
182,237
182,238
182,239
182,240
182,241
182,242
182,243
182,244
182,245
182,246
182,247
182,248
182,249
182,250
182,251
182,252
182,253
182,254
182,255
182,256
182,257
182,258
182,259
182,260
182,261
182,262
182,263
182,264
182,265
182,266
182,267
182,268
182,269
182,270
182,271
182,272
182,273
182,274
182,275
182,276
182,277
182,278
182,279
182,280
182,281
182,282
182,283
182,284
182,285
182,286
182,287
182,288
182,289
182,290
182,291
:196_5,292
:196_5,293
:196_5,294
:196_5,295
:196_5,296
:196_5,297
206,298
206,299
206,300
206,301
206,302
206,303
206,304
206,305
206,306
206,307
206,308
206,309
206,310
206,311
206,312
206,313
206,314
206,315
206,316
206,317
206,318
206,319
206,320
206,321
206,322
206,323
206,324
206,325
206,326
206,327
206,328
206,329
206,330
206,331
206,332
206,333
206,334
206,335
206,336
206,337
206,338
206,339
206,340
206,341
206,342
206,343
206,344
206,345
206,346
206,347
206,348
206,349
206,350
206,351
206,352
:103_4,353
:103_4,354
:103_4,355
:103_4,356
:103_4,357
-88,358
-88,359
-88,360
-88,361
-88,362
-88,363
-88,364
-88,365
-88,366
-88,367
-88,368
-88,369
-88,370
-88,371
-88,372
-88,373
-88,374
-88,375
-88,376
-88,377
-88,378
-88,379
-88,380
-88,381
-88,382
-88,383
-88,384
-88,385
-88,386
-88,387
-88,388
-88,389
-88,390
-88,391
-88,392
-88,393
-88,394
-88,395
-88,396
-88,397
-88,398
-88,399
-88,400
-88,401
-88,402
-88,403
-88,404
-88,405
-88,406
-88,407
-88,408
-88,409
-88,410
-88,411
-88,412
-88,413
-88,414
-88,415
-88,416
-88,417
-88,418
-88,419
-88,420
-88,421
-88,422
-88,423
-88,424
-88,425
-88,426
-88,427
-88,428
-88,429
-88,430
-88,431
-88,432
-88,433
-88,434
-88,435
-88,436
-88,437
-88,438
-88,439
-88,440
-88,441
-88,442
-88,443
-88,444
-88,445
-88,446
-88,447
-88,448
-88,449
-88,450
:27_4,451
:27_4,452
:27_4,453
-23,454
-23,455
-23,456
-23,457
-23,458
-23,459
-23,460
-23,461
-23,462
-23,463
-23,464
-23,465
-23,466
-23,467
-23,468
-23,469
-23,470
-23,471
-23,472
-23,473
-23,474
-23,475
-23,476
-23,477
-23,478
-23,479
-23,480
-23,481
-23,482
-23,483
-23,484
-23,485
-23,486
-23,487
-23,488
-23,489
-23,490
-23,491
-23,492
-23,493
-23,494
-23,495
-23,496
-23,497
-23,498
-23,499
-23,500
-23,501
-23,502
-23,503
-23,504
-23,505
-23,506
-23,507
-23,508
-23,509
-23,510
-23,511
-23,512
-23,513
-23,514
-23,515
-23,516
-23,517
-23,518
-23,519
-23,520
-23,521
-23,522
-23,523
-23,524
-23,525
-23,526
-23,527
-23,528
-23,529
-23,530
-23,531
-23,532
-23,533
-23,534
-23,535
-23,536
-23,537
-23,538
-23,539
-23,540
-23,541
-23,542
-23,543
-23,544
-23,545
-23,546
-23,547
-23,548
-23,549
-23,550
-23,551
-23,552
-23,553
-23,554
-23,555
-23,556
-23,557
-23,558
-23,559
-23,560
-23,561
-23,562
-23,563
-23,564
-23,565
-23,566
-23,567
-23,568
-23,569
-23,570
-23,571
-23,572
-23,573
-23,574
-23,575
-23,576
-23,577
-23,578
-23,579
-23,580
-23,581
-23,582
-23,583
-23,584
-23,585
-23,586
-23,587
-23,588
-23,589
-23,590
-23,591
-23,592
-23,593
-23,594
-23,595
-23,596
-23,597
-23,598
-23,599
-23,600
-23,601
-23,602
-23,603
-23,604
-23,605
-23,606
-23,607
-23,608
-23,609
-23,610
-23,611
-23,612
-23,613
-23,614
-23,615
-23,616
-23,617
-23,618
-23,619
-23,620
-23,621
-23,622
-23,623
-23,624
-23,625
-23,626
-23,627
-23,628
-23,629
-23,630
-23,631
-23,632
-23,633
-23,634
-23,635
-23,636
-23,637
-23,638
-23,639
-23,640
:22_9,641
:22_9,642
:22_9,643
:22_9,644
:22_9,645
19,646
19,647
19,648
19,649
19,650
19,651
19,652
19,653
19,654
19,655
19,656
19,657
19,658
19,659
19,660
19,661
19,662
19,663
19,664
19,665
19,666
19,667
19,668
19,669
19,670
19,671
19,672
19,673
19,674
19,675
19,676
19,677
19,678
19,679
19,680
19,681
19,682
19,683
19,684
19,685
19,686
19,687
19,688
19,689
19,690
19,691
19,692
19,693
19,694
19,695
19,696
19,697
19,698
19,699
19,700
19,701
19,702
19,703
19,704
19,705
19,706
19,707
19,708
19,709
19,710
19,711
19,712
19,713
19,714
19,715
19,716
19,717
19,718
19,719
19,720
19,721
19,722
19,723
19,724
19,725
19,726
19,727
19,728
19,729
19,730
19,731
19,732
19,733
19,734
19,735
19,736
19,737
19,738
19,739
19,740
19,741
19,742
19,743
19,744
19,745
19,746
:23_6,747
:23_6,748
:23_6,749
:23_6,750
:23_6,751
:23_6,752
:23_6,753
20,754
20,755
20,756
20,757
20,758
20,759
20,760
20,761
20,762
20,763
20,764
20,765
20,766
20,767
20,768
20,769
20,770
20,771
20,772
20,773
20,774
20,775
20,776
20,777
20,778
20,779
20,780
20,781
20,782
20,783
20,784
20,785
20,786
20,787
20,788
20,789
20,790
20,791
20,792
20,793
20,794
20,795
20,796
20,797
20,798
20,799
20,800
20,801
20,802
20,803
20,804
20,805
20,806
20,807
20,808
20,809
20,810
20,811
20,812
20,813
20,814
20,815
20,816
20,817
20,818
20,819
20,820
20,821
20,822
20,823
20,824
20,825
20,826
20,827
20,828
20,829
20,830
20,831
20,832
20,833
20,834
20,835
20,836
20,837
20,838
20,839
20,840
20,841
20,842
20,843
20,844
20,845
20,846
20,847
20,848
20,849
20,850
:24_13,851
:24_13,852
:24_13,853
:24_13,854
:24_13,855
:24_13,856
25,857
25,858
25,859
25,860
25,861
25,862
25,863
25,864
25,865
25,866
25,867
25,868
25,869
25,870
25,871
25,872
25,873
25,874
25,875
25,876
25,877
25,878
25,879
25,880
25,881
25,882
25,883
25,884
25,885
25,886
25,887
25,888
25,889
25,890
25,891
25,892
25,893
25,894
25,895
25,896
25,897
25,898
25,899
25,900
25,901
25,902
25,903
25,904
25,905
25,906
25,907
25,908
25,909
25,910
25,911
25,912
25,913
25,914
25,915
25,916
25,917
25,918
25,919
25,920
25,921
25,922
25,923
25,924
25,925
25,926
25,927
25,928
25,929
25,930
25,931
25,932
25,933
25,934
25,935
25,936
25,937
25,938
25,939
25,940
25,941
25,942
25,943
25,944
25,945
25,946
25,947
25,948
25,949
25,950
25,951
25,952
25,953
25,954
25,955
25,956
25,957
25,958
25,959
25,960
25,961
25,962
25,963
25,964
25,965
25,966
25,967
25,968
25,969
25,970
25,971
25,972
25,973
25,974
25,975
25,976
25,977
25,978
25,979
25,980
25,981
25,982
25,983
25,984
25,985
25,986
25,987
25,988
25,989
25,990
25,991
25,992
25,993
25,994
25,995
25,996
25,997
25,998
25,999
25,1000
25,1001
25,1002
25,1003
:29_13,1004
:29_13,1005
:29_13,1006
:29_13,1007
:29_13,1008
:29_13,1009
210,1010
210,1011
210,1012
210,1013
210,1014
210,1015
210,1016
210,1017
210,1018
210,1019
210,1020
210,1021
210,1022
210,1023
210,1024
210,1025
210,1026
210,1027
210,1028
210,1029
210,1030
210,1031
210,1032
210,1033
210,1034
210,1035
210,1036
210,1037
210,1038
210,1039
210,1040
210,1041
210,1042
210,1043
210,1044
210,1045
210,1046
210,1047
210,1048
210,1049
210,1050
210,1051
210,1052
210,1053
210,1054
210,1055
210,1056
210,1057
210,1058
210,1059
210,1060
210,1061
210,1062
210,1063
210,1064
210,1065
210,1066
210,1067
210,1068
210,1069
210,1070
210,1071
210,1072
210,1073
210,1074
210,1075
210,1076
210,1077
210,1078
210,1079
210,1080
210,1081
210,1082
210,1083
210,1084
210,1085
210,1086
210,1087
210,1088
210,1089
210,1090
210,1091
210,1092
210,1093
210,1094
210,1095
210,1096
210,1097
210,1098
210,1099
210,1100
210,1101
210,1102
210,1103
210,1104
210,1105
210,1106
210,1107
210,1108
210,1109
210,1110
210,1111
:16_6,1112
:16_6,1113
:16_6,1114
:16_6,1115
:16_6,1116
:16_6,1117
-14,1118
-14,1119
-14,1120
-14,1121
-14,1122
-14,1123
-14,1124
-14,1125
-14,1126
-14,1127
-14,1128
-14,1129
-14,1130
-14,1131
-14,1132
-14,1133
-14,1134
-14,1135
-14,1136
-14,1137
-14,1138
-14,1139
-14,1140
-14,1141
-14,1142
-14,1143
-14,1144
-14,1145
-14,1146
-14,1147
-14,1148
-14,1149
-14,1150
-14,1151
-14,1152
-14,1153
-14,1154
-14,1155
-14,1156
-14,1157
-14,1158
-14,1159
-14,1160
-14,1161
-14,1162
-14,1163
-14,1164
-14,1165
-14,1166
-14,1167
-14,1168
-14,1169
-14,1170
-14,1171
-14,1172
-14,1173
-14,1174
-14,1175
-14,1176
-14,1177
-14,1178
-14,1179
-14,1180
-14,1181
-14,1182
-14,1183
-14,1184
-14,1185
-14,1186
-14,1187
-14,1188
-14,1189
-14,1190
-14,1191
-14,1192
-14,1193
-14,1194
-14,1195
-14,1196
-14,1197
-14,1198
-14,1199
-14,1200
-14,1201
-14,1202
-14,1203
-14,1204
-14,1205
-14,1206
-14,1207
-14,1208
-14,1209
-14,1210
-14,1211
-14,1212
-14,1213
-14,1214
-14,1215
-14,1216
-14,1217
-14,1218
-14,1219
-14,1220
-14,1221
-14,1222
-14,1223
-14,1224
-14,1225
-14,1226
-14,1227
-14,1228
-14,1229
-14,1230
-14,1231
-14,1232
