-689,21
-689,22
-689,23
-689,24
-689,25
-689,26
-689,27
-689,28
-689,29
-689,30
-689,31
-689,32
-689,33
-689,34
-689,35
-689,36
-689,37
-689,38
-689,39
-689,40
-689,41
-689,42
-689,43
-689,44
-689,45
-689,46
-689,47
-689,48
-689,49
-689,50
-689,51
-689,52
-689,53
-689,54
-689,55
-689,56
-689,57
-689,58
-689,59
-689,60
-689,61
-689,62
-689,63
-689,64
-689,65
-689,66
-689,67
-689,68
-689,69
-689,70
-689,71
-689,72
-689,73
-689,74
-689,75
-689,76
-689,77
-689,78
-689,79
-689,80
-270,81
-270,82
-270,83
-270,84
-270,85
-270,86
-270,87
-270,88
-270,89
-270,90
-270,91
-270,92
-270,93
-270,94
-270,95
-270,96
-270,97
-270,98
-270,99
-270,100
-270,101
-270,102
-270,103
-270,104
-270,105
-270,106
-270,107
-270,108
-270,109
-270,110
-270,111
-270,112
-270,113
-270,114
-270,115
-270,116
-270,117
-270,118
-270,119
-270,120
-270,121
-270,122
-270,123
-270,124
-270,125
-270,126
-270,127
-270,128
-270,129
-270,130
-270,131
-270,132
-270,133
-270,134
-270,135
-270,136
-270,137
-270,138
-270,139
-270,140
-270,141
-270,142
-270,143
-270,144
-270,145
-270,146
-270,147
-270,148
-270,149
-270,150
-270,151
-270,152
-270,153
-270,154
-270,155
-270,156
-270,157
-270,158
-270,159
-270,160
-270,161
-270,162
-270,163
-270,164
-270,165
-270,166
-270,167
-270,168
-270,169
-270,170
-270,171
-270,172
-270,173
-270,174
-270,175
-270,176
-270,177
-270,178
-270,179
-270,180
-270,181
-270,182
-270,183
-270,184
-270,185
-270,186
-270,187
-270,188
-270,189
-270,190
-270,191
-270,192
-270,193
-270,194
-270,195
-270,196
:263_0,197
:263_0,198
:263_0,199
269,200
269,201
269,202
269,203
269,204
269,205
269,206
269,207
269,208
269,209
269,210
269,211
269,212
269,213
269,214
269,215
269,216
269,217
269,218
269,219
269,220
269,221
269,222
269,223
269,224
269,225
269,226
269,227
269,228
269,229
269,230
269,231
269,232
269,233
269,234
269,235
269,236
269,237
269,238
269,239
269,240
269,241
269,242
269,243
269,244
269,245
269,246
269,247
269,248
269,249
269,250
269,251
269,252
269,253
269,254
269,255
269,256
269,257
269,258
269,259
269,260
269,261
269,262
269,263
269,264
269,265
269,266
269,267
269,268
269,269
269,270
269,271
269,272
269,273
269,274
269,275
269,276
269,277
269,278
269,279
269,280
269,281
269,282
269,283
269,284
269,285
269,286
269,287
269,288
269,289
269,290
269,291
269,292
269,293
269,294
269,295
269,296
269,297
269,298
269,299
269,300
269,301
269,302
269,303
269,304
269,305
269,306
269,307
269,308
269,309
269,310
269,311
269,312
269,313
269,314
269,315
269,316
269,317
269,318
269,319
269,320
269,321
269,322
269,323
269,324
:127_3,325
:127_3,326
:127_3,327
:127_3,328
111,329
111,330
111,331
111,332
111,333
111,334
111,335
111,336
111,337
111,338
111,339
111,340
111,341
111,342
111,343
111,344
111,345
111,346
111,347
111,348
111,349
111,350
111,351
111,352
111,353
111,354
111,355
111,356
111,357
111,358
111,359
111,360
111,361
111,362
111,363
111,364
111,365
111,366
111,367
111,368
111,369
111,370
111,371
112,372
112,373
112,374
112,375
112,376
112,377
112,378
112,379
112,380
112,381
112,382
112,383
112,384
112,385
112,386
112,387
112,388
112,389
112,390
112,391
112,392
112,393
112,394
112,395
112,396
112,397
112,398
112,399
112,400
112,401
112,402
112,403
112,404
112,405
112,406
112,407
112,408
112,409
112,410
112,411
112,412
112,413
112,414
113,415
113,416
113,417
113,418
113,419
113,420
113,421
113,422
113,423
113,424
113,425
113,426
113,427
113,428
113,429
113,430
113,431
113,432
113,433
113,434
113,435
113,436
113,437
113,438
113,439
113,440
113,441
113,442
113,443
113,444
113,445
113,446
113,447
113,448
113,449
113,450
113,451
113,452
113,453
113,454
113,455
113,456
113,457
114,458
114,459
114,460
114,461
114,462
114,463
114,464
114,465
114,466
114,467
114,468
114,469
114,470
114,471
114,472
114,473
114,474
114,475
114,476
114,477
114,478
114,479
114,480
114,481
114,482
114,483
114,484
114,485
114,486
114,487
114,488
114,489
114,490
114,491
114,492
114,493
114,494
114,495
114,496
114,497
114,498
114,499
114,500
114,501
114,502
114,503
114,504
114,505
114,506
114,507
114,508
114,509
114,510
114,511
114,512
114,513
114,514
114,515
114,516
114,517
114,518
114,519
114,520
114,521
114,522
114,523
114,524
114,525
114,526
114,527
114,528
114,529
114,530
114,531
114,532
114,533
114,534
114,535
114,536
:24_10,537
:24_10,538
:24_10,539
:24_10,540
:24_10,541
:24_10,542
:24_10,543
:24_10,544
-20,545
-20,546
-20,547
-20,548
-20,549
-20,550
-20,551
-20,552
-20,553
-20,554
-20,555
-20,556
-20,557
-20,558
-20,559
-20,560
-20,561
-20,562
-20,563
-20,564
-20,565
-20,566
-20,567
-20,568
-20,569
-20,570
-20,571
-20,572
-20,573
-20,574
-20,575
-20,576
-20,577
-20,578
-20,579
-20,580
-20,581
-20,582
-20,583
-20,584
-20,585
-20,586
-20,587
-20,588
-20,589
-20,590
-20,591
-20,592
-20,593
-20,594
-20,595
-20,596
-20,597
-20,598
-20,599
-20,600
-20,601
-20,602
-20,603
-20,604
-20,605
-20,606
-20,607
-20,608
-20,609
-20,610
-20,611
-20,612
-20,613
-20,614
-20,615
-20,616
-20,617
-20,618
-20,619
-20,620
-20,621
-20,622
-20,623
-20,624
-20,625
-20,626
-20,627
-20,628
-20,629
-20,630
-20,631
-20,632
-20,633
-20,634
-20,635
-20,636
-20,637
:23_4,638
:23_4,639
:23_4,640
:23_4,641
:23_4,642
:23_4,643
:23_4,644
-19,645
-19,646
-19,647
-19,648
-19,649
-19,650
-19,651
-19,652
-19,653
-19,654
-19,655
-19,656
-19,657
-19,658
-19,659
-19,660
-19,661
-19,662
-19,663
-19,664
-19,665
-19,666
-19,667
-19,668
-19,669
-19,670
-19,671
-19,672
-19,673
-19,674
-19,675
-19,676
-19,677
-19,678
-19,679
-19,680
-19,681
-19,682
-19,683
-19,684
-19,685
-19,686
-19,687
-19,688
-19,689
-19,690
-19,691
-19,692
-19,693
-19,694
-19,695
-19,696
-19,697
-19,698
-19,699
-19,700
-19,701
-19,702
-19,703
-19,704
-19,705
-19,706
-19,707
-19,708
-19,709
-19,710
-19,711
-19,712
-19,713
-19,714
-19,715
-19,716
-19,717
-19,718
-19,719
-19,720
-19,721
-19,722
-19,723
-19,724
-19,725
-19,726
-19,727
-19,728
-19,729
-19,730
-19,731
-19,732
-19,733
-19,734
-19,735
-19,736
-19,737
-19,738
-19,739
-19,740
-19,741
:22_1,742
:22_1,743
:22_1,744
:22_1,745
:22_1,746
:22_1,747
23,748
23,749
23,750
23,751
23,752
23,753
23,754
23,755
23,756
23,757
23,758
23,759
23,760
23,761
23,762
23,763
23,764
23,765
23,766
23,767
23,768
23,769
23,770
23,771
23,772
23,773
23,774
23,775
23,776
23,777
23,778
23,779
23,780
23,781
23,782
23,783
23,784
23,785
23,786
23,787
23,788
23,789
23,790
23,791
23,792
23,793
23,794
23,795
23,796
23,797
23,798
23,799
23,800
23,801
23,802
23,803
23,804
23,805
23,806
23,807
23,808
23,809
23,810
23,811
23,812
23,813
23,814
23,815
23,816
23,817
23,818
23,819
23,820
23,821
23,822
23,823
23,824
23,825
23,826
23,827
23,828
23,829
23,830
23,831
23,832
23,833
23,834
23,835
23,836
23,837
23,838
23,839
23,840
23,841
23,842
23,843
23,844
23,845
23,846
23,847
23,848
23,849
23,850
23,851
23,852
23,853
23,854
23,855
23,856
23,857
23,858
23,859
23,860
23,861
23,862
23,863
23,864
23,865
23,866
23,867
23,868
23,869
23,870
23,871
23,872
23,873
23,874
23,875
23,876
23,877
23,878
23,879
23,880
23,881
23,882
23,883
23,884
23,885
23,886
23,887
23,888
23,889
23,890
23,891
23,892
23,893
23,894
23,895
23,896
23,897
23,898
23,899
23,900
23,901
23,902
23,903
23,904
23,905
23,906
23,907
23,908
23,909
23,910
23,911
23,912
23,913
23,914
23,915
23,916
23,917
23,918
23,919
23,920
23,921
23,922
23,923
23,924
23,925
23,926
23,927
23,928
23,929
:27_1,930
:27_1,931
:27_1,932
:27_1,933
:27_1,934
:27_1,935
87,936
87,937
87,938
87,939
87,940
87,941
87,942
87,943
87,944
87,945
87,946
87,947
87,948
87,949
87,950
87,951
87,952
87,953
87,954
87,955
87,956
87,957
87,958
87,959
87,960
87,961
87,962
87,963
87,964
87,965
87,966
87,967
87,968
87,969
87,970
87,971
87,972
87,973
87,974
87,975
87,976
87,977
87,978
87,979
87,980
87,981
87,982
87,983
87,984
87,985
87,986
87,987
87,988
87,989
87,990
87,991
87,992
87,993
87,994
87,995
87,996
87,997
87,998
87,999
87,1000
87,1001
87,1002
87,1003
87,1004
87,1005
87,1006
87,1007
87,1008
87,1009
87,1010
87,1011
87,1012
87,1013
87,1014
87,1015
87,1016
87,1017
87,1018
87,1019
87,1020
87,1021
87,1022
87,1023
87,1024
87,1025
87,1026
87,1027
87,1028
87,1029
87,1030
87,1031
87,1032
87,1033
87,1034
87,1035
87,1036
87,1037
87,1038
87,1039
87,1040
87,1041
87,1042
87,1043
87,1044
87,1045
87,1046
87,1047
87,1048
87,1049
87,1050
87,1051
87,1052
87,1053
87,1054
87,1055
87,1056
87,1057
87,1058
87,1059
87,1060
87,1061
87,1062
87,1063
87,1064
87,1065
87,1066
87,1067
87,1068
87,1069
87,1070
87,1071
87,1072
87,1073
87,1074
87,1075
87,1076
87,1077
87,1078
87,1079
87,1080
87,1081
87,1082
87,1083
87,1084
87,1085
87,1086
87,1087
87,1088
87,1089
87,1090
87,1091
87,1092
87,1093
87,1094
87,1095
87,1096
87,1097
87,1098
87,1099
87,1100
87,1101
:102_0,1102
:102_0,1103
:102_0,1104
:102_0,1105
:102_0,1106
-159,1107
-159,1108
-159,1109
-159,1110
-159,1111
-159,1112
-159,1113
-159,1114
-159,1115
-159,1116
-159,1117
-159,1118
-159,1119
-159,1120
-159,1121
-159,1122
-159,1123
-159,1124
-159,1125
-159,1126
-159,1127
-159,1128
-159,1129
-159,1130
-159,1131
-159,1132
-159,1133
-159,1134
-159,1135
-159,1136
-159,1137
-159,1138
-159,1139
-159,1140
-159,1141
-159,1142
-159,1143
-159,1144
-159,1145
-159,1146
-159,1147
-159,1148
-159,1149
-159,1150
-159,1151
-159,1152
-159,1153
-159,1154
-159,1155
-159,1156
-159,1157
-159,1158
-159,1159
-159,1160
-159,1161
-159,1162
-159,1163
-159,1164
-159,1165
-159,1166
-159,1167
-159,1168
-159,1169
-159,1170
-159,1171
-159,1172
-159,1173
-159,1174
-159,1175
-159,1176
-159,1177
-159,1178
-159,1179
-159,1180
-159,1181
-159,1182
-159,1183
-159,1184
-159,1185
-159,1186
-159,1187
-159,1188
-159,1189
-159,1190
-159,1191
-159,1192
-159,1193
-159,1194
-159,1195
-159,1196
-159,1197
-159,1198
-159,1199
-159,1200
-159,1201
-159,1202
-159,1203
-159,1204
-159,1205
:63_6,1206
:63_6,1207
:63_6,1208
:63_6,1209
:63_6,1210
:63_6,1211
160,1212
160,1213
160,1214
160,1215
160,1216
160,1217
160,1218
160,1219
160,1220
160,1221
160,1222
160,1223
160,1224
160,1225
160,1226
160,1227
160,1228
160,1229
160,1230
160,1231
160,1232
160,1233
160,1234
160,1235
160,1236
160,1237
160,1238
160,1239
160,1240
160,1241
160,1242
160,1243
160,1244
160,1245
160,1246
160,1247
160,1248
160,1249
160,1250
160,1251
160,1252
160,1253
160,1254
160,1255
160,1256
160,1257
160,1258
160,1259
160,1260
160,1261
160,1262
160,1263
160,1264
160,1265
160,1266
160,1267
160,1268
160,1269
160,1270
160,1271
160,1272
160,1273
160,1274
160,1275
160,1276
160,1277
160,1278
160,1279
160,1280
160,1281
160,1282
160,1283
160,1284
160,1285
160,1286
160,1287
160,1288
160,1289
160,1290
160,1291
160,1292
160,1293
160,1294
160,1295
160,1296
160,1297
160,1298
160,1299
160,1300
160,1301
160,1302
160,1303
160,1304
160,1305
160,1306
160,1307
160,1308
160,1309
160,1310
160,1311
160,1312
160,1313
160,1314
160,1315
160,1316
160,1317
160,1318
160,1319
160,1320
160,1321
160,1322
160,1323
160,1324
160,1325
160,1326
160,1327
160,1328
160,1329
160,1330
160,1331
160,1332
160,1333
160,1334
160,1335
160,1336
160,1337
160,1338
160,1339
160,1340
160,1341
160,1342
160,1343
160,1344
160,1345
160,1346
160,1347
160,1348
160,1349
160,1350
160,1351
160,1352
160,1353
160,1354
160,1355
160,1356
160,1357
160,1358
160,1359
160,1360
160,1361
160,1362
160,1363
