425,21
425,22
425,23
425,24
425,25
425,26
425,27
425,28
425,29
425,30
425,31
425,32
425,33
425,34
425,35
425,36
425,37
425,38
425,39
425,40
425,41
425,42
425,43
425,44
425,45
425,46
425,47
425,48
425,49
425,50
425,51
425,52
425,53
425,54
425,55
425,56
425,57
425,58
425,59
425,60
425,61
425,62
425,63
425,64
425,65
425,66
425,67
425,68
425,69
425,70
425,71
425,72
425,73
425,74
425,75
425,76
425,77
425,78
425,79
425,80
425,81
425,82
425,83
425,84
425,85
425,86
425,87
425,88
425,89
425,90
425,91
425,92
425,93
425,94
425,95
425,96
425,97
425,98
425,99
425,100
425,101
425,102
425,103
425,104
425,105
425,106
425,107
425,108
425,109
425,110
425,111
425,112
425,113
425,114
425,115
425,116
425,117
425,118
425,119
425,120
425,121
425,122
425,123
425,124
425,125
425,126
425,127
425,128
425,129
425,130
425,131
425,132
425,133
425,134
425,135
425,136
425,137
:373_1,138
:373_1,139
:373_7,140
:373_7,141
:373_7,142
:373_7,143
:373_7,144
684,145
684,146
684,147
684,148
684,149
684,150
684,151
684,152
684,153
684,154
684,155
684,156
684,157
684,158
684,159
684,160
684,161
684,162
684,163
684,164
684,165
684,166
:6_9,167
:6_9,168
6,169
6,170
6,171
6,172
6,173
6,174
6,175
6,176
6,177
6,178
6,179
6,180
6,181
6,182
6,183
6,184
6,185
6,186
6,187
6,188
6,189
6,190
6,191
6,192
6,193
6,194
6,195
6,196
6,197
6,198
6,199
6,200
6,201
6,202
6,203
6,204
6,205
6,206
6,207
6,208
6,209
6,210
6,211
6,212
6,213
6,214
6,215
6,216
6,217
6,218
6,219
6,220
6,221
6,222
6,223
6,224
6,225
6,226
6,227
6,228
6,229
6,230
6,231
6,232
6,233
6,234
6,235
6,236
6,237
6,238
6,239
6,240
6,241
6,242
6,243
6,244
6,245
6,246
6,247
6,248
6,249
6,250
6,251
6,252
6,253
6,254
6,255
6,256
6,257
6,258
6,259
6,260
6,261
6,262
6,263
6,264
6,265
6,266
6,267
6,268
6,269
6,270
6,271
6,272
6,273
6,274
6,275
6,276
6,277
6,278
6,279
6,280
6,281
6,282
6,283
6,284
6,285
6,286
6,287
6,288
6,289
6,290
6,291
6,292
6,293
6,294
6,295
6,296
6,297
6,298
6,299
6,300
6,301
6,302
6,303
6,304
6,305
6,306
6,307
6,308
6,309
6,310
6,311
6,312
6,313
6,314
6,315
6,316
6,317
6,318
6,319
6,320
6,321
6,322
6,323
6,324
6,325
6,326
6,327
6,328
6,329
6,330
6,331
6,332
6,333
6,334
6,335
6,336
6,337
6,338
6,339
6,340
6,341
6,342
6,343
6,344
6,345
6,346
6,347
6,348
6,349
6,350
6,351
6,352
6,353
6,354
6,355
6,356
6,357
6,358
6,359
6,360
6,361
6,362
6,363
6,364
6,365
6,366
6,367
6,368
6,369
6,370
6,371
6,372
6,373
6,374
6,375
6,376
6,377
6,378
6,379
6,380
6,381
6,382
6,383
6,384
6,385
6,386
6,387
:8_1,388
7,389
7,390
7,391
7,392
7,393
7,394
7,395
7,396
7,397
7,398
7,399
7,400
7,401
7,402
7,403
7,404
7,405
7,406
7,407
7,408
7,409
7,410
7,411
7,412
7,413
7,414
7,415
7,416
7,417
7,418
7,419
7,420
7,421
7,422
7,423
7,424
7,425
7,426
7,427
7,428
7,429
7,430
7,431
7,432
7,433
7,434
7,435
7,436
7,437
7,438
7,439
7,440
7,441
7,442
7,443
7,444
7,445
7,446
7,447
7,448
7,449
7,450
7,451
7,452
7,453
7,454
7,455
7,456
7,457
7,458
7,459
7,460
7,461
7,462
8,463
8,464
8,465
8,466
8,467
8,468
8,469
8,470
8,471
8,472
8,473
8,474
8,475
8,476
8,477
8,478
8,479
8,480
8,481
8,482
8,483
8,484
8,485
8,486
8,487
8,488
8,489
8,490
8,491
8,492
8,493
8,494
8,495
8,496
8,497
8,498
8,499
8,500
8,501
8,502
8,503
8,504
8,505
8,506
8,507
8,508
8,509
8,510
8,511
8,512
8,513
8,514
8,515
8,516
8,517
8,518
8,519
8,520
8,521
8,522
8,523
8,524
8,525
8,526
8,527
9,528
9,529
9,530
9,531
9,532
9,533
9,534
9,535
9,536
9,537
9,538
9,539
9,540
9,541
9,542
9,543
9,544
9,545
9,546
9,547
9,548
9,549
9,550
9,551
9,552
9,553
9,554
9,555
9,556
9,557
9,558
9,559
9,560
9,561
9,562
9,563
9,564
9,565
9,566
9,567
9,568
9,569
9,570
9,571
9,572
9,573
9,574
9,575
9,576
9,577
9,578
9,579
9,580
9,581
9,582
9,583
9,584
9,585
9,586
9,587
9,588
9,589
10,590
10,591
10,592
10,593
10,594
10,595
10,596
10,597
10,598
10,599
10,600
10,601
10,602
10,603
10,604
10,605
10,606
10,607
10,608
10,609
10,610
10,611
10,612
10,613
10,614
10,615
10,616
10,617
10,618
10,619
10,620
10,621
10,622
10,623
10,624
10,625
10,626
10,627
10,628
10,629
10,630
10,631
10,632
10,633
10,634
10,635
10,636
10,637
10,638
10,639
10,640
10,641
10,642
10,643
10,644
10,645
10,646
10,647
10,648
10,649
10,650
10,651
11,652
11,653
11,654
11,655
11,656
11,657
11,658
11,659
11,660
11,661
11,662
11,663
11,664
11,665
11,666
11,667
11,668
11,669
11,670
11,671
11,672
11,673
11,674
11,675
11,676
11,677
11,678
11,679
11,680
11,681
11,682
11,683
11,684
11,685
11,686
11,687
11,688
11,689
11,690
11,691
11,692
11,693
11,694
11,695
11,696
11,697
11,698
11,699
11,700
11,701
11,702
11,703
11,704
11,705
11,706
11,707
11,708
11,709
11,710
11,711
11,712
11,713
11,714
11,715
11,716
11,717
11,718
11,719
11,720
11,721
11,722
11,723
11,724
11,725
11,726
11,727
11,728
11,729
11,730
11,731
11,732
11,733
11,734
11,735
11,736
11,737
11,738
11,739
11,740
11,741
11,742
11,743
11,744
11,745
11,746
11,747
11,748
11,749
11,750
11,751
11,752
11,753
11,754
11,755
11,756
11,757
11,758
11,759
11,760
11,761
11,762
11,763
11,764
11,765
11,766
11,767
11,768
11,769
11,770
11,771
11,772
11,773
11,774
11,775
11,776
11,777
:4_6,778
:4_6,779
:4_6,780
-3,781
-3,782
-3,783
-3,784
-3,785
-3,786
-3,787
-3,788
-3,789
-3,790
-3,791
-3,792
-3,793
-3,794
-3,795
-3,796
-3,797
-3,798
-3,799
-3,800
-3,801
-3,802
-3,803
-3,804
-3,805
-3,806
-3,807
-3,808
-3,809
-3,810
-3,811
-3,812
-3,813
-3,814
-3,815
-3,816
-3,817
-3,818
-3,819
-3,820
-3,821
-3,822
-3,823
-3,824
-3,825
-3,826
-3,827
-3,828
-3,829
-3,830
-3,831
-3,832
-3,833
-3,834
-3,835
-3,836
-3,837
-3,838
-3,839
-3,840
-3,841
-3,842
-3,843
-3,844
-3,845
-3,846
-3,847
-3,848
-3,849
-3,850
-3,851
-3,852
-3,853
-3,854
-3,855
-3,856
-3,857
-3,858
-3,859
-3,860
-3,861
-3,862
-3,863
-3,864
-3,865
-3,866
-3,867
-3,868
-3,869
-3,870
-3,871
-3,872
-3,873
-3,874
-3,875
-3,876
-3,877
-3,878
-3,879
-3,880
-3,881
-3,882
-3,883
-3,884
-3,885
-3,886
-3,887
-3,888
-3,889
-3,890
-3,891
-3,892
-3,893
-3,894
-3,895
-3,896
-3,897
-3,898
-3,899
-3,900
-3,901
-3,902
-3,903
-3,904
-3,905
-3,906
-3,907
-3,908
-3,909
-3,910
-3,911
-3,912
-3,913
-3,914
-3,915
-3,916
-3,917
-3,918
-3,919
-3,920
-3,921
-3,922
-3,923
-3,924
-3,925
-3,926
-3,927
-3,928
-3,929
-3,930
-3,931
-3,932
-3,933
-3,934
-3,935
-3,936
-3,937
-3,938
-3,939
-3,940
-3,941
-3,942
-3,943
-3,944
-3,945
-3,946
-3,947
-3,948
-3,949
-3,950
-3,951
-3,952
-3,953
-3,954
-3,955
-3,956
-3,957
-3,958
-3,959
-3,960
-3,961
-3,962
-3,963
-3,964
-3,965
-3,966
-3,967
-3,968
-3,969
-3,970
-3,971
-3,972
-3,973
-3,974
-3,975
-3,976
-3,977
-3,978
-3,979
-3,980
-3,981
-3,982
-3,983
-3,984
-3,985
-3,986
-3,987
-3,988
-3,989
-3,990
-3,991
-3,992
-3,993
-3,994
-3,995
-3,996
-3,997
-3,998
-3,999
-3,1000
-3,1001
-3,1002
-3,1003
-3,1004
-3,1005
-3,1006
-3,1007
-3,1008
-3,1009
-3,1010
-3,1011
-3,1012
-3,1013
-3,1014
-3,1015
-3,1016
-3,1017
-3,1018
-3,1019
-3,1020
-3,1021
-3,1022
-3,1023
-3,1024
-3,1025
-3,1026
-3,1027
-3,1028
-3,1029
-3,1030
-3,1031
-3,1032
-3,1033
-3,1034
-3,1035
-3,1036
-3,1037
-3,1038
-3,1039
-3,1040
-3,1041
-3,1042
-3,1043
-3,1044
-3,1045
-3,1046
-3,1047
-3,1048
-3,1049
-3,1050
-3,1051
-3,1052
-3,1053
-3,1054
-3,1055
-3,1056
-3,1057
-3,1058
-3,1059
-3,1060
-3,1061
-3,1062
-3,1063
-3,1064
-3,1065
-3,1066
-3,1067
:0_14,1068
:0_14,1069
:0_18,1070
:0_18,1071
:0_18,1072
0,1073
0,1074
0,1075
0,1076
0,1077
0,1078
0,1079
0,1080
0,1081
0,1082
0,1083
0,1084
0,1085
0,1086
0,1087
0,1088
0,1089
0,1090
0,1091
0,1092
0,1093
0,1094
0,1095
0,1096
0,1097
0,1098
0,1099
0,1100
0,1101
0,1102
0,1103
0,1104
0,1105
0,1106
0,1107
0,1108
0,1109
0,1110
0,1111
0,1112
0,1113
0,1114
0,1115
0,1116
0,1117
0,1118
0,1119
0,1120
0,1121
0,1122
0,1123
0,1124
0,1125
0,1126
0,1127
0,1128
0,1129
0,1130
0,1131
0,1132
0,1133
0,1134
0,1135
0,1136
0,1137
0,1138
0,1139
0,1140
0,1141
0,1142
0,1143
0,1144
0,1145
0,1146
0,1147
0,1148
0,1149
0,1150
0,1151
0,1152
0,1153
0,1154
0,1155
0,1156
0,1157
0,1158
0,1159
0,1160
0,1161
0,1162
0,1163
0,1164
0,1165
0,1166
0,1167
0,1168
0,1169
0,1170
0,1171
0,1172
0,1173
0,1174
0,1175
0,1176
0,1177
0,1178
0,1179
0,1180
0,1181
0,1182
0,1183
0,1184
0,1185
0,1186
0,1187
0,1188
0,1189
0,1190
0,1191
0,1192
0,1193
0,1194
0,1195
0,1196
0,1197
0,1198
0,1199
0,1200
0,1201
:1_7,1202
:1_7,1203
:1_7,1204
:1_7,1205
:1_7,1206
1,1207
1,1208
1,1209
1,1210
1,1211
1,1212
1,1213
1,1214
1,1215
1,1216
1,1217
1,1218
1,1219
1,1220
1,1221
1,1222
1,1223
1,1224
1,1225
1,1226
1,1227
1,1228
1,1229
1,1230
1,1231
1,1232
1,1233
1,1234
1,1235
1,1236
1,1237
1,1238
1,1239
1,1240
1,1241
1,1242
:2_3,1243
:2_3,1244
:2_3,1245
:2_3,1246
:2_3,1247
2,1248
2,1249
2,1250
2,1251
2,1252
2,1253
2,1254
2,1255
2,1256
2,1257
2,1258
2,1259
2,1260
2,1261
2,1262
2,1263
2,1264
2,1265
2,1266
2,1267
2,1268
2,1269
2,1270
2,1271
2,1272
2,1273
2,1274
2,1275
2,1276
2,1277
2,1278
2,1279
2,1280
2,1281
2,1282
2,1283
2,1284
2,1285
2,1286
2,1287
2,1288
2,1289
2,1290
2,1291
2,1292
2,1293
2,1294
2,1295
2,1296
2,1297
2,1298
2,1299
2,1300
2,1301
2,1302
2,1303
2,1304
2,1305
2,1306
2,1307
2,1308
2,1309
2,1310
2,1311
2,1312
2,1313
2,1314
2,1315
2,1316
2,1317
2,1318
2,1319
2,1320
2,1321
2,1322
2,1323
2,1324
2,1325
2,1326
2,1327
2,1328
2,1329
2,1330
2,1331
2,1332
2,1333
2,1334
2,1335
2,1336
2,1337
2,1338
2,1339
2,1340
2,1341
2,1342
2,1343
2,1344
2,1345
2,1346
2,1347
2,1348
2,1349
2,1350
2,1351
2,1352
2,1353
2,1354
2,1355
:3_7,1356
:3_7,1357
:3_7,1358
:3_7,1359
:3_7,1360
:3_7,1361
-102,1362
-102,1363
-102,1364
-102,1365
-102,1366
-102,1367
-102,1368
-102,1369
-102,1370
-102,1371
-102,1372
-102,1373
-102,1374
-102,1375
-102,1376
-102,1377
-102,1378
-102,1379
-102,1380
-102,1381
-102,1382
-102,1383
-102,1384
-102,1385
-102,1386
-102,1387
-102,1388
-102,1389
-102,1390
-102,1391
-102,1392
-102,1393
-102,1394
-102,1395
-102,1396
-102,1397
-102,1398
-102,1399
-102,1400
-102,1401
-102,1402
-102,1403
-102,1404
-102,1405
-102,1406
-102,1407
-102,1408
-102,1409
-102,1410
-102,1411
-102,1412
-102,1413
-102,1414
-102,1415
-102,1416
-102,1417
-102,1418
-102,1419
-102,1420
-102,1421
-102,1422
-102,1423
-102,1424
-102,1425
-102,1426
-102,1427
-102,1428
-102,1429
-102,1430
-102,1431
-102,1432
-102,1433
-102,1434
-102,1435
-102,1436
-102,1437
-102,1438
-102,1439
-102,1440
-102,1441
-102,1442
-102,1443
-102,1444
-102,1445
-102,1446
-102,1447
-102,1448
-102,1449
-102,1450
-102,1451
-102,1452
-102,1453
-102,1454
-102,1455
-102,1456
-102,1457
-102,1458
-102,1459
-102,1460
-102,1461
-102,1462
-102,1463
-102,1464
-102,1465
-102,1466
-102,1467
-102,1468
-102,1469
-102,1470
-102,1471
-102,1472
-102,1473
-102,1474
-102,1475
-102,1476
-102,1477
-102,1478
-102,1479
-102,1480
-102,1481
-102,1482
-102,1483
-102,1484
-102,1485
-102,1486
-102,1487
-102,1488
-102,1489
-102,1490
-102,1491
-102,1492
-102,1493
-102,1494
-102,1495
-102,1496
-102,1497
-102,1498
-102,1499
-102,1500
-102,1501
-102,1502
-102,1503
-102,1504
-102,1505
-102,1506
-102,1507
-102,1508
-102,1509
-102,1510
-102,1511
-102,1512
-102,1513
-102,1514
-102,1515
-102,1516
-102,1517
-102,1518
-102,1519
-102,1520
-102,1521
-102,1522
-102,1523
-102,1524
-102,1525
-102,1526
-102,1527
-102,1528
-102,1529
-102,1530
-102,1531
-102,1532
-102,1533
-102,1534
-102,1535
-102,1536
-102,1537
-102,1538
-102,1539
-102,1540
-102,1541
-102,1542
-102,1543
-102,1544
-102,1545
-102,1546
-102,1547
-102,1548
-102,1549
:115_7,1550
:115_7,1551
:115_7,1552
:115_7,1553
:115_7,1554
:115_7,1555
99,1556
99,1557
99,1558
99,1559
99,1560
99,1561
99,1562
99,1563
99,1564
99,1565
99,1566
99,1567
99,1568
99,1569
99,1570
99,1571
99,1572
99,1573
99,1574
99,1575
99,1576
99,1577
99,1578
99,1579
99,1580
99,1581
99,1582
99,1583
99,1584
99,1585
99,1586
99,1587
99,1588
99,1589
99,1590
99,1591
99,1592
99,1593
99,1594
99,1595
99,1596
99,1597
99,1598
99,1599
99,1600
99,1601
99,1602
99,1603
99,1604
99,1605
99,1606
99,1607
99,1608
99,1609
99,1610
99,1611
99,1612
99,1613
99,1614
99,1615
99,1616
99,1617
99,1618
99,1619
99,1620
99,1621
99,1622
99,1623
99,1624
99,1625
99,1626
99,1627
99,1628
99,1629
99,1630
99,1631
99,1632
99,1633
99,1634
99,1635
99,1636
99,1637
99,1638
99,1639
99,1640
99,1641
99,1642
99,1643
99,1644
99,1645
99,1646
99,1647
99,1648
99,1649
99,1650
99,1651
99,1652
99,1653
99,1654
99,1655
99,1656
99,1657
99,1658
99,1659
99,1660
99,1661
99,1662
99,1663
99,1664
99,1665
99,1666
99,1667
99,1668
99,1669
99,1670
99,1671
99,1672
99,1673
99,1674
99,1675
99,1676
99,1677
99,1678
99,1679
99,1680
99,1681
99,1682
99,1683
99,1684
99,1685
99,1686
99,1687
99,1688
99,1689
99,1690
99,1691
99,1692
99,1693
99,1694
99,1695
99,1696
99,1697
99,1698
99,1699
99,1700
99,1701
99,1702
99,1703
99,1704
99,1705
:116_7,1706
:116_7,1707
:116_7,1708
:116_7,1709
:116_7,1710
:116_7,1711
100,1712
100,1713
100,1714
100,1715
100,1716
100,1717
100,1718
100,1719
100,1720
100,1721
100,1722
100,1723
100,1724
100,1725
100,1726
100,1727
100,1728
100,1729
100,1730
100,1731
100,1732
100,1733
100,1734
100,1735
100,1736
100,1737
100,1738
100,1739
100,1740
100,1741
100,1742
100,1743
100,1744
100,1745
100,1746
100,1747
100,1748
100,1749
100,1750
100,1751
100,1752
100,1753
100,1754
100,1755
100,1756
100,1757
100,1758
100,1759
100,1760
100,1761
100,1762
100,1763
100,1764
100,1765
100,1766
100,1767
100,1768
100,1769
100,1770
100,1771
100,1772
100,1773
100,1774
100,1775
100,1776
100,1777
100,1778
100,1779
100,1780
100,1781
100,1782
100,1783
100,1784
100,1785
100,1786
100,1787
100,1788
100,1789
100,1790
100,1791
100,1792
100,1793
100,1794
100,1795
100,1796
100,1797
100,1798
100,1799
100,1800
100,1801
100,1802
100,1803
100,1804
100,1805
100,1806
100,1807
100,1808
100,1809
100,1810
100,1811
100,1812
100,1813
100,1814
100,1815
100,1816
100,1817
100,1818
100,1819
100,1820
100,1821
100,1822
100,1823
100,1824
100,1825
100,1826
100,1827
100,1828
100,1829
100,1830
100,1831
100,1832
100,1833
100,1834
100,1835
100,1836
100,1837
100,1838
100,1839
100,1840
100,1841
100,1842
100,1843
100,1844
100,1845
100,1846
100,1847
100,1848
100,1849
100,1850
100,1851
100,1852
100,1853
100,1854
100,1855
100,1856
100,1857
100,1858
100,1859
100,1860
100,1861
100,1862
100,1863
100,1864
100,1865
100,1866
100,1867
100,1868
100,1869
100,1870
100,1871
100,1872
100,1873
100,1874
100,1875
100,1876
100,1877
100,1878
100,1879
100,1880
100,1881
100,1882
100,1883
100,1884
100,1885
100,1886
100,1887
100,1888
100,1889
100,1890
100,1891
100,1892
100,1893
100,1894
100,1895
100,1896
100,1897
100,1898
100,1899
100,1900
100,1901
100,1902
100,1903
100,1904
100,1905
100,1906
100,1907
100,1908
100,1909
100,1910
