-421,1
-421,2
-421,3
-421,4
-421,5
-421,6
-421,7
-421,8
-421,9
-421,10
-421,11
-421,12
-421,13
-421,14
-421,15
-421,16
-421,17
-421,18
-421,19
-421,20
-421,21
-421,22
-421,23
-421,24
-421,25
-421,26
-421,27
-421,28
-421,29
-421,30
-421,31
-421,32
-421,33
-421,34
-421,35
-421,36
-421,37
-421,38
-421,39
-421,40
-421,41
-421,42
-421,43
-421,44
-421,45
-421,46
-421,47
-421,48
-421,49
-421,50
-421,51
-421,52
-421,53
-421,54
-421,55
-421,56
-421,57
-421,58
-421,59
-421,60
-421,61
-421,62
-421,63
-421,64
-421,65
-421,66
-421,67
-421,68
-421,69
-421,70
-421,71
-421,72
-421,73
-421,74
-421,75
-421,76
-421,77
-421,78
-421,79
-421,80
-421,81
-421,82
-421,83
-421,84
-421,85
-421,86
-421,87
-421,88
-421,89
-421,90
-421,91
-421,92
-421,93
-421,94
-421,95
-421,96
-421,97
-421,98
-421,99
-421,100
-421,101
-421,102
-421,103
-421,104
-421,105
-421,106
-421,107
-421,108
-421,109
-421,110
-421,111
-421,112
-421,113
-421,114
-421,115
-421,116
-421,117
-421,118
-421,119
-421,120
-421,121
-421,122
-421,123
-421,124
:32_7,125
:32_7,126
:32_7,127
:32_7,128
:32_7,129
-27,130
-27,131
-27,132
-27,133
-27,134
-27,135
-27,136
-27,137
-27,138
-27,139
-27,140
-27,141
-27,142
-27,143
-27,144
-27,145
-27,146
-27,147
-27,148
-27,149
-27,150
-27,151
-27,152
-27,153
-27,154
-27,155
-27,156
-27,157
-27,158
-27,159
-27,160
-27,161
-27,162
-27,163
-27,164
-27,165
-27,166
-27,167
-27,168
-27,169
-27,170
-27,171
-27,172
-27,173
-27,174
-27,175
-27,176
-27,177
-27,178
-27,179
-27,180
-27,181
-27,182
-27,183
-27,184
-27,185
-27,186
-27,187
-27,188
-27,189
-27,190
-27,191
-27,192
-27,193
-27,194
-27,195
-27,196
-27,197
-27,198
-27,199
-27,200
-27,201
-27,202
-27,203
-27,204
-27,205
-27,206
-27,207
-27,208
-27,209
-27,210
-27,211
-27,212
-27,213
-27,214
-27,215
:30_7,216
:30_7,217
:30_7,218
:30_7,219
26,220
26,221
26,222
26,223
26,224
26,225
26,226
26,227
26,228
26,229
26,230
26,231
26,232
26,233
26,234
26,235
26,236
26,237
26,238
26,239
26,240
26,241
26,242
26,243
26,244
26,245
26,246
26,247
26,248
26,249
26,250
26,251
26,252
26,253
26,254
26,255
26,256
26,257
26,258
26,259
26,260
26,261
26,262
26,263
26,264
26,265
26,266
26,267
26,268
26,269
26,270
26,271
26,272
26,273
26,274
26,275
26,276
26,277
26,278
26,279
26,280
26,281
26,282
26,283
26,284
26,285
26,286
26,287
26,288
26,289
26,290
26,291
26,292
26,293
26,294
:31_8,295
:31_8,296
:31_8,297
319,298
319,299
319,300
319,301
319,302
319,303
319,304
319,305
319,306
319,307
319,308
319,309
319,310
319,311
319,312
319,313
319,314
319,315
319,316
319,317
319,318
319,319
319,320
319,321
319,322
319,323
319,324
319,325
319,326
319,327
319,328
319,329
319,330
319,331
319,332
319,333
319,334
319,335
319,336
319,337
319,338
319,339
319,340
319,341
319,342
319,343
319,344
319,345
319,346
319,347
319,348
319,349
319,350
319,351
319,352
319,353
319,354
319,355
319,356
319,357
319,358
319,359
319,360
319,361
319,362
319,363
319,364
319,365
319,366
319,367
319,368
319,369
319,370
319,371
319,372
319,373
319,374
319,375
319,376
319,377
319,378
319,379
319,380
:37_1,381
:37_1,382
-31,383
-31,384
-31,385
-31,386
-31,387
-31,388
-31,389
-31,390
-31,391
-31,392
-31,393
-31,394
-31,395
-31,396
-31,397
-31,398
-31,399
-31,400
-31,401
-31,402
-31,403
-31,404
-31,405
-31,406
-31,407
-31,408
-31,409
-31,410
-31,411
-31,412
-31,413
-31,414
-31,415
-31,416
-31,417
-31,418
-31,419
-31,420
-31,421
-31,422
-31,423
-31,424
-31,425
-31,426
-31,427
-31,428
-31,429
-31,430
-31,431
-31,432
-31,433
-31,434
-31,435
-31,436
-31,437
-31,438
-31,439
-31,440
-31,441
-31,442
-31,443
-31,444
-31,445
-31,446
-31,447
-31,448
-31,449
-31,450
:34_6,451
:34_6,452
:34_6,453
29,454
29,455
29,456
29,457
29,458
29,459
29,460
29,461
29,462
29,463
29,464
29,465
29,466
29,467
29,468
29,469
29,470
29,471
29,472
29,473
29,474
29,475
29,476
29,477
29,478
29,479
29,480
29,481
29,482
29,483
29,484
29,485
29,486
29,487
29,488
29,489
29,490
29,491
29,492
29,493
29,494
29,495
29,496
29,497
29,498
29,499
29,500
29,501
29,502
29,503
29,504
29,505
29,506
29,507
29,508
29,509
29,510
29,511
29,512
29,513
29,514
29,515
29,516
29,517
29,518
29,519
29,520
29,521
29,522
29,523
29,524
29,525
29,526
29,527
29,528
29,529
29,530
29,531
29,532
29,533
29,534
29,535
29,536
29,537
29,538
29,539
:35_13,540
:35_13,541
:35_13,542
:35_13,543
:35_13,544
196,545
196,546
196,547
196,548
196,549
196,550
196,551
196,552
196,553
196,554
196,555
196,556
196,557
196,558
196,559
196,560
196,561
196,562
196,563
196,564
196,565
196,566
196,567
196,568
196,569
196,570
196,571
196,572
196,573
196,574
196,575
196,576
196,577
196,578
196,579
196,580
196,581
196,582
196,583
196,584
196,585
196,586
196,587
196,588
196,589
196,590
196,591
196,592
196,593
196,594
196,595
196,596
196,597
196,598
196,599
196,600
196,601
196,602
196,603
196,604
196,605
196,606
196,607
196,608
196,609
196,610
196,611
196,612
196,613
196,614
196,615
196,616
196,617
196,618
196,619
196,620
196,621
196,622
196,623
196,624
196,625
196,626
196,627
196,628
196,629
196,630
196,631
196,632
196,633
196,634
196,635
196,636
196,637
196,638
196,639
196,640
196,641
196,642
196,643
196,644
196,645
196,646
196,647
196,648
196,649
196,650
196,651
196,652
196,653
196,654
196,655
196,656
196,657
196,658
196,659
196,660
196,661
196,662
196,663
196,664
196,665
196,666
196,667
196,668
196,669
196,670
196,671
196,672
196,673
196,674
196,675
196,676
196,677
196,678
196,679
196,680
196,681
196,682
196,683
196,684
196,685
196,686
196,687
196,688
196,689
196,690
196,691
196,692
196,693
196,694
196,695
196,696
196,697
196,698
196,699
196,700
196,701
196,702
196,703
196,704
196,705
196,706
196,707
196,708
196,709
196,710
196,711
196,712
196,713
196,714
196,715
196,716
196,717
196,718
196,719
196,720
196,721
196,722
196,723
196,724
196,725
196,726
196,727
196,728
196,729
196,730
196,731
196,732
196,733
196,734
196,735
196,736
196,737
196,738
196,739
196,740
196,741
196,742
196,743
196,744
196,745
196,746
196,747
196,748
196,749
196,750
196,751
196,752
196,753
196,754
196,755
196,756
196,757
196,758
196,759
196,760
196,761
196,762
196,763
196,764
196,765
196,766
196,767
196,768
196,769
196,770
196,771
196,772
196,773
196,774
196,775
196,776
196,777
196,778
196,779
196,780
196,781
196,782
196,783
196,784
196,785
196,786
196,787
196,788
196,789
196,790
196,791
196,792
196,793
196,794
196,795
196,796
196,797
196,798
196,799
196,800
196,801
196,802
196,803
196,804
196,805
196,806
196,807
196,808
196,809
196,810
196,811
196,812
196,813
196,814
196,815
196,816
196,817
196,818
196,819
196,820
196,821
196,822
196,823
:170_13,824
:170_13,825
:170_13,826
:170_13,827
:170_13,828
:170_13,829
-154,830
-154,831
-154,832
-154,833
-154,834
-154,835
-154,836
-154,837
-154,838
-154,839
-154,840
-154,841
-154,842
-154,843
-154,844
-154,845
-154,846
-154,847
-154,848
-154,849
-154,850
-154,851
-154,852
-154,853
-154,854
-154,855
-154,856
-154,857
-154,858
-154,859
-154,860
-154,861
-154,862
-154,863
-154,864
-154,865
-154,866
-154,867
-154,868
-154,869
-154,870
-154,871
-154,872
-154,873
-154,874
-154,875
-154,876
-154,877
-154,878
-154,879
-154,880
-154,881
-154,882
-154,883
-154,884
-154,885
-154,886
-154,887
-154,888
-154,889
-154,890
-154,891
-154,892
-154,893
-154,894
-154,895
-154,896
-154,897
-154,898
-154,899
-154,900
-154,901
-154,902
-154,903
-154,904
-154,905
-154,906
-154,907
-154,908
-154,909
-154,910
-154,911
-154,912
-154,913
-154,914
-154,915
-154,916
-154,917
-154,918
-154,919
-154,920
-154,921
-154,922
-154,923
-154,924
-154,925
-154,926
-154,927
-154,928
-154,929
-154,930
-154,931
-154,932
-154,933
-154,934
-154,935
-154,936
-154,937
-154,938
-154,939
-154,940
-154,941
-154,942
-154,943
-154,944
-154,945
-154,946
-154,947
-154,948
-154,949
-154,950
-154,951
-154,952
-154,953
-154,954
-154,955
-154,956
-154,957
-154,958
-154,959
-154,960
-154,961
-154,962
-154,963
-154,964
-154,965
-154,966
-154,967
-154,968
-154,969
-154,970
-154,971
-154,972
-154,973
-154,974
-154,975
-154,976
-154,977
-154,978
-154,979
-154,980
-154,981
-154,982
-154,983
-154,984
-154,985
-154,986
-154,987
-154,988
-154,989
-154,990
-154,991
-154,992
-154,993
-154,994
-154,995
-154,996
-154,997
-154,998
-154,999
-154,1000
-154,1001
-154,1002
-154,1003
-154,1004
-154,1005
-154,1006
-154,1007
-154,1008
-154,1009
-154,1010
-154,1011
-154,1012
-154,1013
-154,1014
-154,1015
-154,1016
-154,1017
-154,1018
-154,1019
-154,1020
-154,1021
-154,1022
-154,1023
-154,1024
-154,1025
-154,1026
-154,1027
-154,1028
-154,1029
-154,1030
-154,1031
-154,1032
-154,1033
-154,1034
-154,1035
-154,1036
-154,1037
-154,1038
-154,1039
-154,1040
-154,1041
-154,1042
-154,1043
-154,1044
-154,1045
-154,1046
-154,1047
-154,1048
-154,1049
-154,1050
-154,1051
-154,1052
-154,1053
-154,1054
-154,1055
-154,1056
-154,1057
-154,1058
-154,1059
-154,1060
-154,1061
-154,1062
-154,1063
-154,1064
-154,1065
-154,1066
-154,1067
-154,1068
-154,1069
-154,1070
-154,1071
-154,1072
-154,1073
-154,1074
-154,1075
