-50,1
-50,2
-50,3
-50,4
-50,5
-50,6
-50,7
-50,8
-50,9
-50,10
-50,11
-50,12
-50,13
-50,14
-50,15
-50,16
-50,17
-50,18
-50,19
-50,20
-50,21
-50,22
-50,23
-50,24
-50,25
-50,26
-50,27
-50,28
-50,29
-50,30
-50,31
-50,32
-50,33
-50,34
-50,35
-50,36
-50,37
-50,38
-50,39
-50,40
-50,41
-50,42
-50,43
-50,44
-50,45
-50,46
-50,47
-50,48
-50,49
-50,50
-50,51
-50,52
-50,53
-50,54
-50,55
-50,56
-50,57
-50,58
-50,59
-50,60
-50,61
-50,62
-50,63
-50,64
-50,65
-50,66
-50,67
-50,68
-50,69
-50,70
-50,71
-50,72
-50,73
-50,74
-50,75
-50,76
-50,77
-50,78
-50,79
-50,80
-50,81
-50,82
-50,83
-50,84
-50,85
-50,86
-50,87
-50,88
-50,89
-50,90
-50,91
-50,92
-50,93
-50,94
-50,95
-50,96
-50,97
-50,98
-50,99
-50,100
-50,101
-50,102
-50,103
-50,104
-50,105
-50,106
-50,107
-50,108
-50,109
-50,110
-50,111
-50,112
-50,113
-50,114
-50,115
-50,116
-50,117
-50,118
-50,119
-50,120
-50,121
-50,122
-50,123
-50,124
-50,125
-50,126
-50,127
-50,128
-50,129
-50,130
-50,131
-50,132
-50,133
-50,134
-50,135
-50,136
-50,137
-50,138
-50,139
-50,140
-50,141
-50,142
-50,143
-50,144
-50,145
-50,146
-50,147
-50,148
-50,149
-50,150
-50,151
-50,152
:5_20,153
:5_20,154
:5_20,155
680,156
680,157
680,158
680,159
680,160
680,161
680,162
680,163
680,164
680,165
680,166
680,167
680,168
680,169
680,170
680,171
680,172
680,173
680,174
680,175
680,176
680,177
680,178
680,179
680,180
680,181
680,182
680,183
680,184
680,185
680,186
680,187
680,188
680,189
680,190
680,191
680,192
680,193
680,194
680,195
680,196
680,197
680,198
680,199
680,200
:53_6,201
:53_6,202
-45,203
-45,204
-45,205
-45,206
-45,207
-45,208
-45,209
-45,210
-45,211
-45,212
-45,213
-45,214
-45,215
-45,216
-45,217
-45,218
-45,219
-45,220
-45,221
-45,222
-45,223
-45,224
-45,225
-45,226
-45,227
-45,228
-45,229
-45,230
-45,231
-45,232
-45,233
-45,234
-45,235
-45,236
-45,237
-45,238
-45,239
-45,240
-45,241
-45,242
-45,243
-45,244
-45,245
-45,246
-45,247
-45,248
-45,249
-45,250
-45,251
-45,252
-45,253
-45,254
-45,255
-45,256
-45,257
-45,258
-45,259
-45,260
-45,261
-45,262
-45,263
-45,264
-45,265
-45,266
-45,267
-45,268
-45,269
-45,270
-45,271
-45,272
-45,273
-45,274
-45,275
-45,276
-45,277
-45,278
-45,279
-45,280
-45,281
-45,282
-45,283
-45,284
-45,285
-45,286
-45,287
-45,288
-45,289
-45,290
-45,291
-45,292
-45,293
-45,294
-45,295
-45,296
-45,297
-45,298
-45,299
-45,300
-45,301
-45,302
-45,303
-45,304
-45,305
-45,306
-45,307
-45,308
-45,309
-45,310
-45,311
-45,312
-45,313
-45,314
-45,315
-45,316
-45,317
-45,318
-45,319
-45,320
-45,321
-45,322
-45,323
-45,324
-45,325
-45,326
-45,327
-45,328
-45,329
-45,330
-45,331
-45,332
-45,333
-45,334
-45,335
-45,336
-45,337
-45,338
-45,339
-45,340
-45,341
-45,342
-45,343
-45,344
-45,345
-45,346
-45,347
-45,348
-45,349
-45,350
-45,351
-45,352
-45,353
-45,354
-45,355
-45,356
-45,357
-45,358
-45,359
-45,360
-45,361
-45,362
-45,363
-45,364
-45,365
-45,366
-45,367
-45,368
-45,369
-45,370
-45,371
-45,372
-45,373
-45,374
-45,375
-45,376
-45,377
-45,378
-45,379
-45,380
-45,381
-45,382
-45,383
-45,384
-45,385
-45,386
-45,387
-45,388
-45,389
-45,390
-45,391
-45,392
-45,393
-45,394
-45,395
-45,396
-45,397
-45,398
-45,399
-45,400
:52_10,401
:52_10,402
:52_10,403
:52_10,404
:52_10,405
:52_10,406
:52_10,407
:52_10,408
:52_10,409
:52_10,410
:52_10,411
:52_10,412
:52_10,413
:52_18,414
:52_18,415
:52_18,416
:52_18,417
46,418
46,419
46,420
46,421
46,422
46,423
46,424
46,425
46,426
46,427
46,428
46,429
46,430
46,431
46,432
46,433
46,434
46,435
46,436
46,437
46,438
46,439
46,440
46,441
46,442
46,443
46,444
46,445
46,446
46,447
46,448
46,449
46,450
46,451
46,452
46,453
46,454
46,455
46,456
46,457
46,458
46,459
46,460
46,461
46,462
46,463
46,464
46,465
46,466
46,467
46,468
46,469
46,470
46,471
46,472
46,473
46,474
46,475
46,476
46,477
46,478
46,479
46,480
46,481
46,482
46,483
46,484
46,485
46,486
46,487
46,488
46,489
46,490
46,491
46,492
46,493
46,494
46,495
46,496
46,497
46,498
46,499
46,500
46,501
46,502
46,503
46,504
46,505
46,506
46,507
46,508
46,509
46,510
46,511
46,512
46,513
46,514
46,515
46,516
46,517
46,518
46,519
46,520
46,521
46,522
46,523
46,524
46,525
46,526
46,527
46,528
46,529
46,530
46,531
46,532
46,533
46,534
46,535
46,536
46,537
46,538
46,539
46,540
46,541
46,542
46,543
46,544
46,545
46,546
46,547
46,548
46,549
46,550
46,551
:54_3,552
:54_3,553
:54_3,554
:54_3,555
309,556
309,557
309,558
309,559
309,560
309,561
309,562
309,563
309,564
309,565
309,566
309,567
309,568
309,569
309,570
309,571
309,572
309,573
309,574
309,575
309,576
309,577
309,578
309,579
309,580
309,581
309,582
309,583
309,584
309,585
309,586
309,587
309,588
309,589
309,590
309,591
309,592
309,593
309,594
309,595
309,596
309,597
309,598
309,599
309,600
309,601
:294_3,602
:294_3,603
:294_3,604
:294_3,605
:294_3,606
:294_3,607
-677,608
-677,609
-677,610
-677,611
-677,612
-677,613
-677,614
-677,615
-677,616
-677,617
-677,618
-677,619
-677,620
-677,621
-677,622
-677,623
-677,624
-677,625
-677,626
-677,627
-677,628
-677,629
-677,630
-677,631
-677,632
-677,633
-677,634
-677,635
-677,636
-677,637
-677,638
-677,639
-677,640
-677,641
-677,642
-677,643
-677,644
:292_6,645
:292_6,646
:292_6,647
:292_6,648
:292_6,649
:292_6,650
-306,651
-306,652
-306,653
-306,654
-306,655
-306,656
-306,657
-306,658
-306,659
-306,660
-306,661
-306,662
-306,663
-306,664
-306,665
-306,666
-306,667
-306,668
-306,669
-306,670
-306,671
-306,672
-306,673
-306,674
-306,675
-306,676
-306,677
-306,678
-306,679
-306,680
-306,681
-306,682
-306,683
-306,684
-306,685
-306,686
-306,687
-306,688
-306,689
-306,690
-306,691
-306,692
-306,693
-306,694
-306,695
-306,696
-306,697
-306,698
-306,699
-306,700
-306,701
-306,702
-306,703
-306,704
-306,705
-306,706
-306,707
-306,708
-306,709
-306,710
-306,711
-306,712
-306,713
-306,714
-306,715
-306,716
-306,717
-306,718
-306,719
-306,720
-306,721
-306,722
-306,723
-306,724
-306,725
-306,726
-306,727
-306,728
-306,729
-306,730
-306,731
-306,732
-306,733
-306,734
-306,735
-306,736
-306,737
-306,738
-306,739
-306,740
-306,741
-306,742
-306,743
-306,744
-306,745
-306,746
-306,747
-306,748
-306,749
-306,750
-306,751
-306,752
-306,753
-306,754
-306,755
-306,756
-306,757
-306,758
-306,759
-306,760
-306,761
-306,762
-306,763
-306,764
-306,765
-306,766
-306,767
-306,768
-306,769
-306,770
-306,771
-306,772
-306,773
-306,774
-306,775
:235_8,776
:235_8,777
:235_8,778
:235_8,779
305,780
305,781
305,782
305,783
305,784
305,785
305,786
305,787
305,788
305,789
305,790
305,791
305,792
305,793
305,794
305,795
305,796
305,797
305,798
305,799
305,800
305,801
305,802
305,803
305,804
305,805
305,806
305,807
305,808
305,809
305,810
305,811
305,812
305,813
305,814
305,815
305,816
305,817
305,818
305,819
305,820
305,821
305,822
305,823
305,824
305,825
305,826
305,827
305,828
305,829
305,830
305,831
305,832
305,833
305,834
305,835
305,836
305,837
305,838
305,839
305,840
305,841
305,842
305,843
305,844
305,845
305,846
305,847
305,848
305,849
305,850
305,851
305,852
305,853
305,854
:291_1,855
:291_1,856
:291_9,857
:291_9,858
:291_9,859
:291_9,860
634,861
634,862
634,863
634,864
634,865
634,866
634,867
634,868
634,869
634,870
634,871
634,872
634,873
634,874
634,875
634,876
634,877
634,878
634,879
634,880
634,881
634,882
634,883
634,884
634,885
634,886
634,887
634,888
634,889
634,890
634,891
634,892
634,893
634,894
634,895
634,896
634,897
634,898
634,899
634,900
634,901
634,902
634,903
634,904
634,905
634,906
634,907
634,908
634,909
634,910
634,911
634,912
634,913
634,914
634,915
634,916
634,917
634,918
634,919
634,920
634,921
634,922
634,923
634,924
634,925
634,926
634,927
634,928
634,929
634,930
634,931
634,932
634,933
634,934
634,935
634,936
634,937
634,938
634,939
634,940
634,941
634,942
634,943
634,944
634,945
634,946
634,947
634,948
634,949
634,950
634,951
634,952
634,953
634,954
634,955
634,956
634,957
634,958
634,959
634,960
634,961
634,962
634,963
634,964
634,965
634,966
634,967
634,968
634,969
634,970
634,971
634,972
634,973
634,974
634,975
634,976
634,977
634,978
634,979
634,980
634,981
634,982
634,983
634,984
634,985
634,986
634,987
634,988
634,989
634,990
634,991
634,992
634,993
634,994
634,995
634,996
634,997
634,998
634,999
634,1000
634,1001
634,1002
634,1003
634,1004
634,1005
634,1006
634,1007
634,1008
634,1009
634,1010
634,1011
634,1012
634,1013
634,1014
634,1015
634,1016
634,1017
634,1018
634,1019
634,1020
634,1021
634,1022
634,1023
634,1024
634,1025
634,1026
634,1027
634,1028
634,1029
634,1030
634,1031
634,1032
634,1033
634,1034
634,1035
634,1036
634,1037
634,1038
634,1039
634,1040
634,1041
634,1042
634,1043
634,1044
634,1045
634,1046
634,1047
634,1048
634,1049
634,1050
634,1051
634,1052
634,1053
634,1054
634,1055
634,1056
634,1057
634,1058
634,1059
634,1060
634,1061
634,1062
634,1063
