402,21
402,22
402,23
402,24
402,25
402,26
402,27
402,28
402,29
402,30
402,31
402,32
402,33
402,34
402,35
402,36
402,37
402,38
402,39
402,40
402,41
402,42
402,43
402,44
402,45
402,46
402,47
402,48
402,49
402,50
402,51
402,52
402,53
402,54
402,55
402,56
402,57
402,58
402,59
402,60
402,61
402,62
402,63
402,64
402,65
402,66
402,67
402,68
402,69
402,70
402,71
402,72
402,73
402,74
402,75
402,76
402,77
402,78
402,79
402,80
402,81
402,82
402,83
402,84
402,85
402,86
402,87
402,88
402,89
402,90
402,91
402,92
402,93
402,94
402,95
402,96
402,97
402,98
402,99
402,100
402,101
402,102
402,103
402,104
402,105
402,106
402,107
402,108
402,109
402,110
402,111
402,112
402,113
402,114
402,115
402,116
402,117
402,118
402,119
402,120
402,121
402,122
402,123
402,124
402,125
402,126
402,127
402,128
402,129
402,130
402,131
402,132
402,133
402,134
402,135
402,136
402,137
402,138
402,139
402,140
402,141
402,142
402,143
402,144
402,145
402,146
402,147
402,148
402,149
402,150
402,151
402,152
402,153
402,154
402,155
402,156
402,157
402,158
402,159
402,160
402,161
402,162
402,163
402,164
402,165
402,166
402,167
:361_0,168
:361_0,169
:361_0,170
:361_0,171
:361_0,172
-442,173
-442,174
-442,175
-442,176
-442,177
-442,178
-442,179
-442,180
-442,181
-442,182
-442,183
-442,184
-442,185
-442,186
-442,187
-442,188
-442,189
-442,190
-442,191
-442,192
-442,193
-442,194
-442,195
-442,196
-442,197
-442,198
-442,199
-442,200
-442,201
-442,202
-442,203
-442,204
-442,205
-442,206
-442,207
-442,208
-442,209
-442,210
-442,211
-442,212
-442,213
-442,214
-442,215
-442,216
-442,217
-442,218
-442,219
-442,220
-442,221
-442,222
-442,223
-442,224
-442,225
-442,226
-442,227
-442,228
-442,229
-442,230
-442,231
-442,232
-442,233
-442,234
-442,235
-442,236
-442,237
-442,238
-442,239
-442,240
-442,241
-442,242
-442,243
-442,244
-442,245
-442,246
-442,247
-442,248
-442,249
-442,250
-442,251
-442,252
-442,253
-442,254
-442,255
-442,256
-442,257
-442,258
-442,259
-442,260
-442,261
-442,262
-442,263
-442,264
-442,265
-442,266
-442,267
-442,268
-442,269
-442,270
-442,271
-442,272
:152_0,273
:152_0,274
:152_0,275
:152_0,276
-137,277
-137,278
-137,279
-137,280
-137,281
-137,282
-137,283
-137,284
-137,285
-137,286
-137,287
-137,288
-137,289
-137,290
-137,291
-137,292
-137,293
-137,294
-137,295
-137,296
-137,297
-137,298
-137,299
-137,300
-137,301
-137,302
-137,303
-137,304
-137,305
-137,306
-137,307
-137,308
-137,309
-137,310
-137,311
-137,312
-137,313
-137,314
-137,315
-137,316
-137,317
-137,318
-137,319
-137,320
-137,321
-137,322
-137,323
-137,324
-137,325
-137,326
-137,327
-137,328
-137,329
-137,330
-137,331
-137,332
-137,333
-137,334
-137,335
-137,336
-137,337
-137,338
-137,339
-137,340
-137,341
-137,342
-137,343
-137,344
-137,345
-137,346
-137,347
-137,348
-137,349
-137,350
-137,351
-137,352
-137,353
-137,354
-137,355
-137,356
-137,357
-137,358
-137,359
-137,360
-137,361
-137,362
-137,363
-137,364
-137,365
-137,366
-137,367
-137,368
-137,369
-137,370
-137,371
-137,372
-137,373
-137,374
-137,375
-137,376
-137,377
-137,378
-137,379
-137,380
-137,381
-137,382
-137,383
-137,384
-137,385
-137,386
-137,387
-137,388
-137,389
-137,390
-137,391
-137,392
-137,393
-137,394
-137,395
-137,396
-137,397
-137,398
-137,399
-137,400
-137,401
-137,402
-137,403
-137,404
-137,405
-137,406
:151_3,407
:151_3,408
:151_3,409
:151_3,410
-569,411
-569,412
-569,413
-569,414
-569,415
-569,416
-569,417
-569,418
-569,419
-569,420
-569,421
-569,422
-569,423
-569,424
-569,425
-569,426
-569,427
-569,428
-569,429
-569,430
-569,431
-569,432
-569,433
-569,434
-569,435
-569,436
-569,437
-569,438
-569,439
-569,440
-569,441
-569,442
-569,443
-569,444
-569,445
-569,446
-569,447
-569,448
-569,449
-569,450
-569,451
-569,452
-569,453
-569,454
-569,455
-569,456
-569,457
-569,458
-569,459
-569,460
-569,461
-569,462
-569,463
-569,464
-569,465
-569,466
-569,467
-569,468
-569,469
-569,470
-569,471
-569,472
-569,473
-569,474
-569,475
-569,476
-569,477
-569,478
-569,479
-569,480
-569,481
-569,482
-569,483
-569,484
-569,485
-569,486
-569,487
-569,488
-569,489
-569,490
-569,491
-569,492
-569,493
-569,494
-569,495
-569,496
-569,497
-569,498
-569,499
-569,500
-569,501
-569,502
-569,503
-569,504
-569,505
-569,506
-569,507
-569,508
-569,509
-569,510
-569,511
-569,512
-569,513
-569,514
-569,515
-569,516
-569,517
:64_3,518
:64_3,519
:64_3,520
:64_3,521
:64_3,522
-56,523
-56,524
-56,525
-56,526
-56,527
-56,528
-56,529
-56,530
-56,531
-56,532
-56,533
-56,534
-56,535
-56,536
-56,537
-56,538
-56,539
-56,540
-56,541
-56,542
-56,543
-56,544
-56,545
-56,546
-56,547
-56,548
-56,549
-56,550
-56,551
-56,552
-56,553
-56,554
-56,555
-56,556
-56,557
-56,558
-56,559
-56,560
-56,561
-56,562
-56,563
-56,564
-56,565
-56,566
-56,567
-56,568
-56,569
-56,570
-56,571
-56,572
-56,573
-56,574
-56,575
-56,576
-56,577
-56,578
-56,579
-56,580
-56,581
-56,582
-56,583
-56,584
-56,585
-56,586
-56,587
-56,588
-56,589
-56,590
-56,591
-56,592
-56,593
-56,594
-56,595
-56,596
-56,597
-56,598
-56,599
-56,600
-56,601
-56,602
-56,603
-56,604
-56,605
-56,606
-56,607
-56,608
-56,609
-56,610
-56,611
-56,612
-56,613
-56,614
-56,615
-56,616
-56,617
-56,618
-56,619
-56,620
-56,621
-56,622
-56,623
-56,624
-56,625
-56,626
-56,627
-56,628
-56,629
-56,630
-56,631
-56,632
-56,633
-56,634
-56,635
-56,636
-56,637
-56,638
-56,639
-56,640
-56,641
-56,642
-56,643
-56,644
-56,645
-56,646
-56,647
-56,648
-56,649
-56,650
-56,651
-56,652
-56,653
-56,654
-56,655
-56,656
-56,657
-56,658
-56,659
-56,660
-56,661
-56,662
-56,663
-56,664
-56,665
-56,666
-56,667
-56,668
:58_14,669
:58_14,670
:58_14,671
:58_14,672
:58_14,673
:58_14,674
52,675
52,676
52,677
52,678
52,679
52,680
52,681
52,682
52,683
52,684
52,685
52,686
52,687
52,688
52,689
52,690
52,691
52,692
52,693
52,694
52,695
52,696
52,697
52,698
52,699
52,700
52,701
52,702
52,703
52,704
52,705
52,706
52,707
52,708
52,709
52,710
52,711
52,712
52,713
52,714
52,715
52,716
52,717
52,718
52,719
52,720
52,721
52,722
52,723
52,724
52,725
52,726
52,727
52,728
52,729
52,730
52,731
52,732
52,733
52,734
52,735
52,736
52,737
52,738
52,739
52,740
52,741
52,742
52,743
52,744
52,745
52,746
52,747
52,748
52,749
52,750
52,751
52,752
52,753
52,754
52,755
52,756
52,757
52,758
52,759
52,760
52,761
52,762
52,763
52,764
52,765
52,766
52,767
52,768
52,769
52,770
52,771
52,772
52,773
52,774
52,775
52,776
52,777
52,778
52,779
52,780
52,781
52,782
52,783
52,784
52,785
52,786
52,787
52,788
52,789
52,790
52,791
52,792
52,793
52,794
52,795
52,796
52,797
52,798
52,799
52,800
52,801
52,802
52,803
52,804
52,805
52,806
52,807
52,808
52,809
52,810
52,811
52,812
52,813
52,814
52,815
52,816
52,817
52,818
52,819
52,820
52,821
52,822
52,823
52,824
52,825
52,826
52,827
52,828
52,829
52,830
52,831
:60_4,832
:60_4,833
:60_4,834
:60_4,835
:60_4,836
:60_4,837
-122,838
-122,839
-122,840
-122,841
-122,842
-122,843
-122,844
-122,845
-122,846
-122,847
-122,848
-122,849
-122,850
-122,851
-122,852
-122,853
-122,854
-122,855
-122,856
-122,857
-122,858
-122,859
-122,860
-122,861
-122,862
-122,863
-122,864
-122,865
-122,866
-122,867
-122,868
-122,869
-122,870
-122,871
-122,872
-122,873
-122,874
-122,875
-122,876
-122,877
-122,878
-122,879
-122,880
-122,881
-122,882
-122,883
-122,884
-122,885
-122,886
-122,887
-122,888
-122,889
-122,890
-122,891
-122,892
-122,893
-122,894
-122,895
-122,896
-122,897
-122,898
-122,899
-122,900
-122,901
-122,902
-122,903
-122,904
-122,905
-122,906
-122,907
-122,908
-122,909
-122,910
-122,911
-122,912
-122,913
-122,914
-122,915
-122,916
-122,917
-122,918
-122,919
-122,920
-122,921
-122,922
-122,923
-122,924
-122,925
:137_7,926
:137_7,927
:137_7,928
:137_7,929
:137_7,930
:137_7,931
121,932
121,933
121,934
121,935
121,936
121,937
121,938
121,939
121,940
121,941
121,942
121,943
121,944
121,945
121,946
121,947
121,948
121,949
121,950
121,951
121,952
121,953
121,954
121,955
121,956
121,957
121,958
121,959
121,960
121,961
121,962
121,963
121,964
121,965
121,966
121,967
121,968
121,969
121,970
121,971
121,972
121,973
121,974
121,975
121,976
121,977
121,978
121,979
121,980
121,981
121,982
121,983
121,984
121,985
121,986
121,987
121,988
121,989
121,990
121,991
121,992
121,993
121,994
121,995
121,996
121,997
121,998
121,999
121,1000
121,1001
121,1002
121,1003
121,1004
121,1005
121,1006
121,1007
121,1008
121,1009
:77_4,1010
:77_4,1011
:77_4,1012
:77_4,1013
:77_4,1014
:77_4,1015
-67,1016
-67,1017
-67,1018
-67,1019
-67,1020
-67,1021
-67,1022
-67,1023
-67,1024
-67,1025
-67,1026
-67,1027
-67,1028
-67,1029
-67,1030
-67,1031
-67,1032
-67,1033
-67,1034
-67,1035
-67,1036
-67,1037
-67,1038
-67,1039
-67,1040
-67,1041
-67,1042
-67,1043
-67,1044
-67,1045
-67,1046
-67,1047
-67,1048
-67,1049
-67,1050
-67,1051
-67,1052
-67,1053
-67,1054
-67,1055
-67,1056
-67,1057
-67,1058
-67,1059
-67,1060
-67,1061
-67,1062
-67,1063
-67,1064
-67,1065
-67,1066
-67,1067
-67,1068
-67,1069
-67,1070
-67,1071
-67,1072
-67,1073
-67,1074
-67,1075
-67,1076
-67,1077
-67,1078
-67,1079
-67,1080
-67,1081
-67,1082
-67,1083
-67,1084
-67,1085
-67,1086
-67,1087
-67,1088
-67,1089
-67,1090
-67,1091
-67,1092
-67,1093
-67,1094
-67,1095
-67,1096
-67,1097
-67,1098
-67,1099
-67,1100
-67,1101
-67,1102
-67,1103
-67,1104
-67,1105
-67,1106
-67,1107
-67,1108
-67,1109
-67,1110
-67,1111
-67,1112
-67,1113
-67,1114
-67,1115
-67,1116
-67,1117
-67,1118
-67,1119
-67,1120
-67,1121
-67,1122
-67,1123
-67,1124
-67,1125
-67,1126
-67,1127
-67,1128
-67,1129
-67,1130
-67,1131
-67,1132
-67,1133
-67,1134
-67,1135
-67,1136
-67,1137
-67,1138
-67,1139
-67,1140
-67,1141
-67,1142
-67,1143
-67,1144
-67,1145
:74_10,1146
:74_10,1147
:74_10,1148
:74_10,1149
:74_10,1150
:74_10,1151
-237,1152
-237,1153
-237,1154
-237,1155
-237,1156
-237,1157
-237,1158
-237,1159
-237,1160
-237,1161
-237,1162
-237,1163
-237,1164
-237,1165
-237,1166
-237,1167
-237,1168
-237,1169
-237,1170
-237,1171
-237,1172
-237,1173
-237,1174
-237,1175
-237,1176
-237,1177
-237,1178
-237,1179
-237,1180
-237,1181
-237,1182
-237,1183
-237,1184
-237,1185
-237,1186
-237,1187
-237,1188
-237,1189
-237,1190
-237,1191
-237,1192
-237,1193
-237,1194
-237,1195
-237,1196
-237,1197
-237,1198
-237,1199
-237,1200
-237,1201
-237,1202
-237,1203
-237,1204
-237,1205
-237,1206
-237,1207
-237,1208
-237,1209
-237,1210
-237,1211
-237,1212
-237,1213
-237,1214
-237,1215
-237,1216
-237,1217
-237,1218
-237,1219
-237,1220
-237,1221
-237,1222
-237,1223
-237,1224
-237,1225
-237,1226
-237,1227
-237,1228
-237,1229
-237,1230
-237,1231
-237,1232
-237,1233
-237,1234
-237,1235
-237,1236
-237,1237
-237,1238
-237,1239
-237,1240
-237,1241
-237,1242
-237,1243
-237,1244
-237,1245
-237,1246
-237,1247
-237,1248
-237,1249
-237,1250
-237,1251
-237,1252
-237,1253
-237,1254
-237,1255
-237,1256
-237,1257
-237,1258
-237,1259
-237,1260
-237,1261
-237,1262
-237,1263
-237,1264
-237,1265
-237,1266
-237,1267
-237,1268
-237,1269
-237,1270
-237,1271
-237,1272
-237,1273
-237,1274
-237,1275
-237,1276
-237,1277
-237,1278
-237,1279
-237,1280
-237,1281
-237,1282
-237,1283
-237,1284
-237,1285
-237,1286
-237,1287
-237,1288
-237,1289
-237,1290
-237,1291
-237,1292
-237,1293
-237,1294
-237,1295
-237,1296
-237,1297
-237,1298
-237,1299
-237,1300
-237,1301
-237,1302
-237,1303
-237,1304
-237,1305
-237,1306
-237,1307
-237,1308
-237,1309
-237,1310
-237,1311
-237,1312
-237,1313
-237,1314
-237,1315
-237,1316
-237,1317
-237,1318
-237,1319
-237,1320
-237,1321
-237,1322
-237,1323
-237,1324
-237,1325
-237,1326
-237,1327
-237,1328
-237,1329
-237,1330
-237,1331
-237,1332
-237,1333
-237,1334
-237,1335
-237,1336
-237,1337
-237,1338
-237,1339
-237,1340
-237,1341
-237,1342
-237,1343
-237,1344
-237,1345
-237,1346
-237,1347
-237,1348
-237,1349
-237,1350
