61,1
61,2
61,3
61,4
61,5
61,6
61,7
61,8
61,9
61,10
61,11
61,12
61,13
61,14
61,15
61,16
61,17
61,18
61,19
61,20
61,21
61,22
61,23
61,24
61,25
61,26
61,27
61,28
61,29
61,30
61,31
61,32
61,33
61,34
61,35
61,36
61,37
61,38
61,39
61,40
61,41
61,42
61,43
61,44
61,45
61,46
61,47
61,48
61,49
61,50
61,51
61,52
61,53
61,54
61,55
61,56
61,57
61,58
61,59
61,60
61,61
61,62
61,63
61,64
61,65
62,66
62,67
62,68
62,69
62,70
62,71
62,72
62,73
62,74
62,75
62,76
62,77
62,78
62,79
62,80
62,81
62,82
62,83
62,84
62,85
62,86
62,87
62,88
62,89
62,90
62,91
62,92
62,93
62,94
62,95
62,96
62,97
62,98
62,99
62,100
62,101
62,102
62,103
62,104
62,105
62,106
62,107
62,108
62,109
62,110
62,111
62,112
62,113
62,114
62,115
62,116
62,117
62,118
62,119
62,120
62,121
62,122
62,123
62,124
62,125
62,126
62,127
62,128
62,129
62,130
62,131
62,132
62,133
63,134
63,135
63,136
63,137
63,138
63,139
63,140
63,141
63,142
63,143
63,144
63,145
63,146
63,147
63,148
63,149
63,150
63,151
63,152
63,153
63,154
63,155
63,156
63,157
63,158
63,159
63,160
63,161
63,162
63,163
63,164
63,165
63,166
63,167
63,168
63,169
63,170
63,171
63,172
63,173
63,174
63,175
63,176
63,177
63,178
63,179
63,180
63,181
63,182
63,183
63,184
63,185
63,186
63,187
63,188
63,189
63,190
63,191
63,192
63,193
63,194
63,195
63,196
63,197
63,198
63,199
63,200
63,201
63,202
63,203
63,204
63,205
63,206
63,207
63,208
63,209
63,210
63,211
63,212
63,213
63,214
63,215
63,216
63,217
63,218
63,219
63,220
63,221
63,222
63,223
63,224
63,225
63,226
63,227
63,228
63,229
63,230
63,231
63,232
63,233
63,234
63,235
63,236
63,237
63,238
63,239
63,240
63,241
63,242
63,243
63,244
63,245
63,246
63,247
63,248
63,249
63,250
63,251
63,252
63,253
63,254
63,255
63,256
63,257
63,258
63,259
63,260
63,261
63,262
63,263
63,264
63,265
63,266
63,267
63,268
63,269
63,270
63,271
63,272
63,273
63,274
63,275
63,276
63,277
63,278
63,279
63,280
63,281
63,282
63,283
63,284
63,285
63,286
63,287
63,288
63,289
63,290
63,291
63,292
63,293
63,294
63,295
63,296
63,297
63,298
63,299
63,300
63,301
63,302
63,303
63,304
63,305
63,306
63,307
63,308
63,309
63,310
63,311
63,312
63,313
63,314
63,315
63,316
63,317
63,318
63,319
63,320
63,321
63,322
63,323
63,324
63,325
:72_3,326
:72_3,327
:72_3,328
:72_3,329
:72_3,330
:72_3,331
:72_3,332
:72_3,333
:72_3,334
:72_3,335
:72_3,336
:72_3,337
:72_3,338
:72_3,339
:72_3,340
:72_3,341
:72_3,342
64,343
64,344
64,345
64,346
64,347
64,348
64,349
64,350
64,351
64,352
64,353
64,354
64,355
64,356
64,357
64,358
64,359
64,360
64,361
64,362
64,363
64,364
64,365
64,366
64,367
64,368
64,369
64,370
64,371
64,372
64,373
64,374
64,375
64,376
64,377
64,378
64,379
64,380
64,381
64,382
64,383
64,384
64,385
64,386
64,387
64,388
64,389
64,390
64,391
64,392
64,393
64,394
64,395
64,396
64,397
64,398
64,399
64,400
64,401
64,402
64,403
64,404
64,405
64,406
64,407
64,408
64,409
64,410
64,411
64,412
64,413
64,414
64,415
64,416
64,417
64,418
64,419
64,420
64,421
64,422
64,423
64,424
:73_13,425
:73_13,426
:73_13,427
:73_13,428
:73_13,429
369,430
369,431
369,432
369,433
369,434
369,435
369,436
369,437
369,438
369,439
369,440
369,441
369,442
369,443
369,444
369,445
369,446
369,447
369,448
369,449
369,450
369,451
369,452
369,453
369,454
369,455
369,456
369,457
369,458
369,459
369,460
369,461
369,462
369,463
369,464
369,465
369,466
369,467
369,468
369,469
369,470
369,471
369,472
369,473
369,474
369,475
369,476
369,477
369,478
369,479
369,480
369,481
369,482
369,483
369,484
369,485
369,486
369,487
369,488
369,489
369,490
369,491
369,492
369,493
369,494
369,495
369,496
369,497
369,498
369,499
369,500
369,501
369,502
369,503
369,504
369,505
369,506
369,507
369,508
369,509
369,510
369,511
369,512
369,513
369,514
369,515
369,516
369,517
369,518
369,519
369,520
369,521
369,522
369,523
369,524
369,525
369,526
369,527
369,528
369,529
369,530
369,531
369,532
369,533
369,534
369,535
369,536
369,537
369,538
369,539
369,540
369,541
369,542
369,543
369,544
369,545
369,546
369,547
369,548
369,549
369,550
369,551
369,552
369,553
369,554
369,555
369,556
369,557
369,558
369,559
369,560
369,561
369,562
369,563
369,564
369,565
369,566
369,567
369,568
369,569
369,570
369,571
369,572
369,573
369,574
369,575
369,576
369,577
369,578
369,579
369,580
369,581
369,582
369,583
369,584
369,585
369,586
369,587
369,588
369,589
369,590
369,591
369,592
369,593
369,594
369,595
369,596
369,597
369,598
369,599
369,600
369,601
369,602
369,603
369,604
369,605
369,606
369,607
369,608
369,609
369,610
369,611
369,612
369,613
369,614
369,615
369,616
369,617
369,618
369,619
369,620
369,621
369,622
369,623
369,624
369,625
369,626
:338_3,627
:338_3,628
:338_3,629
:338_3,630
:338_3,631
-454,632
-454,633
-454,634
-454,635
-454,636
-454,637
-454,638
-454,639
-454,640
-454,641
-454,642
-454,643
-454,644
-454,645
-454,646
-454,647
-454,648
-454,649
-454,650
-454,651
-454,652
-454,653
-454,654
-454,655
-454,656
-454,657
-454,658
-454,659
-454,660
-454,661
-454,662
-454,663
-454,664
-454,665
-454,666
-454,667
-454,668
-454,669
-454,670
-454,671
-454,672
-454,673
-454,674
-454,675
-454,676
-454,677
-454,678
-454,679
-454,680
-454,681
-454,682
-454,683
-454,684
-454,685
-454,686
-454,687
-454,688
-454,689
-454,690
-454,691
-454,692
-454,693
-454,694
-454,695
-454,696
-454,697
-454,698
-454,699
-454,700
-454,701
-454,702
-454,703
-454,704
-454,705
-454,706
-454,707
-454,708
-454,709
-454,710
-454,711
-454,712
-454,713
-454,714
-454,715
-454,716
:279_3,717
:279_3,718
:279_3,719
:279_3,720
:279_3,721
-289,722
-289,723
-289,724
-289,725
-289,726
-289,727
-289,728
-289,729
-289,730
-289,731
-289,732
-289,733
-289,734
-289,735
-289,736
-289,737
-289,738
-289,739
-289,740
-289,741
-289,742
-289,743
-289,744
-289,745
-289,746
-289,747
-289,748
-289,749
-289,750
-289,751
-289,752
-289,753
-289,754
-289,755
-289,756
-289,757
-289,758
-289,759
-289,760
-289,761
-289,762
-289,763
-289,764
-289,765
-289,766
-289,767
-289,768
-289,769
-289,770
-289,771
-289,772
-289,773
-289,774
-289,775
-289,776
-289,777
-289,778
-289,779
-289,780
-289,781
-289,782
-289,783
-289,784
-289,785
-289,786
-289,787
-289,788
-289,789
-289,790
-289,791
-289,792
-289,793
-289,794
-289,795
-289,796
-289,797
-289,798
:248_8,799
:248_8,800
:248_8,801
283,802
283,803
283,804
283,805
283,806
283,807
283,808
283,809
283,810
283,811
283,812
283,813
283,814
283,815
283,816
283,817
283,818
283,819
283,820
283,821
283,822
283,823
283,824
283,825
283,826
283,827
283,828
283,829
283,830
283,831
283,832
283,833
283,834
283,835
283,836
283,837
283,838
283,839
283,840
283,841
283,842
283,843
283,844
283,845
283,846
283,847
283,848
:254_13,849
:254_13,850
:254_13,851
:254_13,852
:254_13,853
-253,854
-253,855
-253,856
-253,857
-253,858
-253,859
-253,860
-253,861
-253,862
-253,863
-253,864
-253,865
-253,866
-253,867
-253,868
-253,869
-253,870
-253,871
-253,872
-253,873
-253,874
-253,875
-253,876
-253,877
-253,878
-253,879
-253,880
-253,881
-253,882
-253,883
-253,884
-253,885
-253,886
-253,887
-253,888
-253,889
-253,890
-253,891
-253,892
-253,893
-253,894
-253,895
-253,896
-253,897
-253,898
-253,899
-253,900
-253,901
-253,902
-253,903
-253,904
-253,905
-253,906
:252_7,907
:252_7,908
:252_7,909
:252_7,910
252,911
252,912
252,913
252,914
252,915
252,916
252,917
252,918
252,919
252,920
252,921
252,922
252,923
252,924
252,925
252,926
252,927
252,928
252,929
252,930
252,931
252,932
252,933
252,934
252,935
252,936
252,937
252,938
252,939
252,940
252,941
252,942
252,943
252,944
252,945
252,946
252,947
252,948
252,949
252,950
252,951
252,952
252,953
252,954
252,955
252,956
252,957
252,958
252,959
252,960
252,961
252,962
252,963
252,964
252,965
252,966
252,967
252,968
252,969
252,970
252,971
252,972
252,973
252,974
252,975
252,976
252,977
252,978
252,979
252,980
252,981
252,982
252,983
252,984
252,985
252,986
252,987
252,988
252,989
252,990
252,991
252,992
252,993
252,994
252,995
252,996
252,997
252,998
252,999
252,1000
252,1001
252,1002
252,1003
252,1004
252,1005
252,1006
252,1007
252,1008
252,1009
252,1010
252,1011
252,1012
252,1013
252,1014
252,1015
252,1016
252,1017
252,1018
252,1019
252,1020
252,1021
252,1022
252,1023
252,1024
252,1025
252,1026
252,1027
252,1028
252,1029
252,1030
252,1031
252,1032
252,1033
252,1034
252,1035
252,1036
252,1037
252,1038
252,1039
252,1040
252,1041
252,1042
252,1043
252,1044
