-252,1
-252,2
-252,3
-252,4
-252,5
-252,6
-252,7
-252,8
-252,9
-252,10
-252,11
-252,12
-252,13
-252,14
-252,15
-252,16
-252,17
-252,18
-252,19
-252,20
-252,21
-252,22
-252,23
-252,24
-252,25
-252,26
-252,27
-252,28
-252,29
-252,30
-252,31
-252,32
-252,33
-252,34
-252,35
-252,36
-252,37
-252,38
-252,39
-252,40
-252,41
-252,42
-252,43
-252,44
-252,45
-252,46
-252,47
-252,48
-252,49
-252,50
-252,51
-252,52
-252,53
-252,54
-252,55
-252,56
-252,57
-252,58
-252,59
-252,60
-252,61
-252,62
-252,63
-252,64
-252,65
-252,66
-252,67
-252,68
-252,69
-252,70
-252,71
-252,72
-252,73
-252,74
-252,75
-252,76
-252,77
-252,78
-252,79
-252,80
-252,81
-252,82
-252,83
-252,84
-252,85
-252,86
-252,87
-252,88
-252,89
-252,90
-252,91
-252,92
-252,93
-252,94
-252,95
-252,96
-252,97
-252,98
-252,99
-252,100
-252,101
-252,102
-252,103
-252,104
-252,105
-252,106
-252,107
-252,108
-252,109
-252,110
-252,111
-252,112
-252,113
-252,114
-252,115
-252,116
-252,117
-252,118
-252,119
-252,120
-252,121
-252,122
-252,123
-252,124
-252,125
-252,126
-252,127
-252,128
-252,129
-252,130
-252,131
-252,132
-252,133
-252,134
-252,135
-252,136
-252,137
-252,138
-252,139
-252,140
-252,141
-252,142
-252,143
-252,144
-252,145
-252,146
-252,147
-252,148
-252,149
-252,150
-252,151
-252,152
-252,153
-252,154
-252,155
-252,156
-252,157
-252,158
-252,159
-252,160
-252,161
-252,162
-252,163
-252,164
-252,165
-252,166
-252,167
-252,168
-252,169
-252,170
-252,171
-252,172
-252,173
-252,174
-252,175
-252,176
-252,177
-252,178
-252,179
-252,180
-252,181
-252,182
-252,183
-252,184
-252,185
-252,186
-252,187
-252,188
-252,189
-252,190
-252,191
-252,192
-252,193
-252,194
-252,195
-252,196
-252,197
-252,198
-252,199
-252,200
-252,201
-252,202
:252_0,203
:252_0,204
:252_0,205
:252_0,206
:252_0,207
:252_0,208
253,209
253,210
253,211
253,212
253,213
253,214
253,215
253,216
253,217
253,218
253,219
253,220
253,221
253,222
253,223
253,224
253,225
253,226
253,227
253,228
253,229
253,230
253,231
253,232
253,233
253,234
253,235
253,236
253,237
253,238
253,239
253,240
253,241
253,242
253,243
253,244
253,245
253,246
253,247
253,248
253,249
253,250
253,251
253,252
253,253
253,254
253,255
253,256
253,257
253,258
253,259
253,260
253,261
253,262
253,263
253,264
:254_5,265
:254_5,266
:254_5,267
:254_5,268
:254_5,269
-283,270
-283,271
-283,272
-283,273
-283,274
-283,275
-283,276
-283,277
-283,278
-283,279
-283,280
-283,281
-283,282
-283,283
-283,284
-283,285
-283,286
-283,287
-283,288
-283,289
-283,290
-283,291
-283,292
-283,293
-283,294
-283,295
-283,296
-283,297
-283,298
-283,299
-283,300
-283,301
-283,302
-283,303
-283,304
-283,305
-283,306
-283,307
-283,308
-283,309
-283,310
-283,311
-283,312
-283,313
-283,314
-283,315
-283,316
-283,317
-283,318
-283,319
:248_5,320
:248_5,321
:248_5,322
:248_5,323
:248_5,324
-247,325
-247,326
-247,327
-247,328
-247,329
-247,330
-247,331
-247,332
-247,333
-247,334
-247,335
-247,336
-247,337
-247,338
-247,339
-247,340
-247,341
-247,342
-247,343
-247,344
-247,345
-247,346
-247,347
-247,348
-247,349
-247,350
-247,351
-247,352
-247,353
-247,354
-247,355
-247,356
-247,357
-247,358
-247,359
-247,360
-247,361
-247,362
-247,363
-247,364
-247,365
-247,366
-247,367
-247,368
-247,369
-247,370
-247,371
-247,372
-247,373
-247,374
-247,375
-247,376
-247,377
-247,378
-247,379
-247,380
-247,381
-247,382
-247,383
-247,384
-247,385
-247,386
-247,387
-247,388
-247,389
-247,390
-247,391
-247,392
-247,393
-247,394
-247,395
-247,396
-247,397
-247,398
-247,399
-247,400
-247,401
-247,402
-247,403
-247,404
-247,405
-247,406
-247,407
-247,408
-247,409
-247,410
-247,411
-247,412
-247,413
-247,414
-247,415
-247,416
-247,417
-247,418
-247,419
-247,420
-247,421
-247,422
-247,423
-247,424
:197_0,425
:197_0,426
:197_0,427
:197_0,428
:197_0,429
-183,430
-183,431
-183,432
-183,433
-183,434
-183,435
-183,436
-183,437
-183,438
-183,439
-183,440
-183,441
-183,442
-183,443
-183,444
-183,445
-183,446
-183,447
-183,448
-183,449
-183,450
-183,451
-183,452
-183,453
-183,454
-183,455
-183,456
-183,457
-183,458
-183,459
-183,460
-183,461
-183,462
-183,463
-183,464
-183,465
-183,466
-183,467
-183,468
-183,469
-183,470
-183,471
-183,472
-183,473
-183,474
-183,475
-183,476
-183,477
-183,478
-183,479
-183,480
-183,481
-183,482
-183,483
-183,484
-183,485
-183,486
-183,487
-183,488
-183,489
-183,490
-183,491
-183,492
-183,493
-183,494
-183,495
-183,496
-183,497
-183,498
-183,499
-183,500
-183,501
-183,502
-183,503
-183,504
-183,505
-183,506
-183,507
-183,508
-183,509
-183,510
-183,511
-183,512
-183,513
-183,514
-183,515
-183,516
-183,517
-183,518
-183,519
-183,520
:194_0,521
:194_0,522
:194_0,523
:194_0,524
:194_0,525
182,526
182,527
182,528
182,529
182,530
182,531
182,532
182,533
182,534
182,535
182,536
182,537
182,538
182,539
182,540
182,541
182,542
182,543
182,544
182,545
182,546
182,547
182,548
182,549
182,550
182,551
182,552
182,553
182,554
182,555
182,556
182,557
182,558
182,559
182,560
182,561
182,562
182,563
182,564
182,565
182,566
182,567
182,568
182,569
182,570
182,571
182,572
182,573
182,574
182,575
182,576
182,577
182,578
182,579
182,580
182,581
182,582
182,583
182,584
182,585
182,586
182,587
:196_5,588
:196_5,589
:196_5,590
:196_5,591
:196_5,592
:196_5,593
206,594
206,595
206,596
206,597
206,598
206,599
206,600
206,601
206,602
206,603
206,604
206,605
206,606
206,607
206,608
206,609
206,610
206,611
206,612
206,613
206,614
206,615
206,616
206,617
206,618
206,619
206,620
206,621
206,622
206,623
206,624
206,625
206,626
206,627
206,628
206,629
206,630
206,631
206,632
206,633
206,634
206,635
206,636
206,637
206,638
206,639
206,640
206,641
206,642
206,643
206,644
206,645
206,646
206,647
206,648
206,649
206,650
:103_4,651
:103_4,652
:103_4,653
:103_4,654
:103_4,655
-88,656
-88,657
-88,658
-88,659
-88,660
-88,661
-88,662
-88,663
-88,664
-88,665
-88,666
-88,667
-88,668
-88,669
-88,670
-88,671
-88,672
-88,673
-88,674
-88,675
-88,676
-88,677
-88,678
-88,679
-88,680
-88,681
-88,682
-88,683
-88,684
-88,685
-88,686
-88,687
-88,688
-88,689
-88,690
-88,691
-88,692
-88,693
-88,694
-88,695
-88,696
-88,697
-88,698
-88,699
-88,700
-88,701
-88,702
-88,703
-88,704
-88,705
-88,706
-88,707
-88,708
-88,709
-88,710
-88,711
-88,712
-88,713
-88,714
-88,715
-88,716
-88,717
-88,718
-88,719
-88,720
-88,721
-88,722
-88,723
-88,724
-88,725
-88,726
-88,727
-88,728
-88,729
-88,730
-88,731
-88,732
-88,733
-88,734
-88,735
-88,736
-88,737
-88,738
-88,739
-88,740
-88,741
-88,742
-88,743
-88,744
-88,745
-88,746
-88,747
-88,748
:27_4,749
:27_4,750
:27_4,751
:27_4,752
-23,753
-23,754
-23,755
-23,756
-23,757
-23,758
-23,759
-23,760
-23,761
-23,762
-23,763
-23,764
-23,765
-23,766
-23,767
-23,768
-23,769
-23,770
-23,771
-23,772
-23,773
-23,774
-23,775
-23,776
-23,777
-23,778
-23,779
-23,780
-23,781
-23,782
-23,783
-23,784
-23,785
-23,786
-23,787
-23,788
-23,789
-23,790
-23,791
-23,792
-23,793
-23,794
-23,795
-23,796
-23,797
-23,798
-23,799
-23,800
-23,801
-23,802
-23,803
-23,804
-23,805
-23,806
-23,807
-23,808
-23,809
-23,810
-23,811
-23,812
-23,813
-23,814
-23,815
-23,816
-23,817
-23,818
-23,819
-23,820
-23,821
-23,822
-23,823
-23,824
-23,825
-23,826
-23,827
-23,828
-23,829
-23,830
-23,831
-23,832
-23,833
-23,834
-23,835
-23,836
-23,837
-23,838
-23,839
-23,840
-23,841
-23,842
-23,843
-23,844
-23,845
-23,846
-23,847
-23,848
-23,849
-23,850
-23,851
-23,852
-23,853
-23,854
-23,855
-23,856
-23,857
-23,858
-23,859
-23,860
-23,861
-23,862
-23,863
-23,864
-23,865
-23,866
-23,867
-23,868
-23,869
-23,870
-23,871
-23,872
-23,873
-23,874
-23,875
-23,876
-23,877
-23,878
-23,879
-23,880
-23,881
-23,882
-23,883
-23,884
-23,885
-23,886
-23,887
-23,888
-23,889
-23,890
-23,891
-23,892
-23,893
-23,894
-23,895
-23,896
-23,897
-23,898
-23,899
-23,900
-23,901
-23,902
-23,903
-23,904
-23,905
-23,906
-23,907
-23,908
-23,909
-23,910
-23,911
-23,912
-23,913
-23,914
-23,915
-23,916
-23,917
-23,918
-23,919
-23,920
-23,921
-23,922
-23,923
-23,924
-23,925
-23,926
-23,927
-23,928
-23,929
-23,930
-23,931
-23,932
-23,933
-23,934
-23,935
-23,936
-23,937
-23,938
-23,939
-23,940
-23,941
-23,942
-23,943
-23,944
-23,945
-23,946
-23,947
-23,948
-23,949
-23,950
-23,951
-23,952
:22_9,953
:22_9,954
:22_9,955
:22_9,956
:22_9,957
:22_9,958
19,959
19,960
19,961
19,962
19,963
19,964
19,965
19,966
19,967
19,968
19,969
19,970
19,971
19,972
19,973
19,974
19,975
19,976
19,977
19,978
19,979
19,980
19,981
19,982
19,983
19,984
19,985
19,986
19,987
19,988
19,989
19,990
19,991
19,992
19,993
19,994
19,995
19,996
19,997
19,998
19,999
19,1000
19,1001
19,1002
19,1003
19,1004
19,1005
19,1006
19,1007
19,1008
19,1009
19,1010
19,1011
19,1012
19,1013
19,1014
19,1015
19,1016
19,1017
19,1018
19,1019
19,1020
19,1021
19,1022
19,1023
19,1024
19,1025
19,1026
19,1027
19,1028
19,1029
19,1030
19,1031
19,1032
19,1033
19,1034
19,1035
19,1036
19,1037
19,1038
19,1039
19,1040
19,1041
19,1042
19,1043
19,1044
19,1045
19,1046
19,1047
19,1048
19,1049
19,1050
19,1051
19,1052
19,1053
19,1054
19,1055
19,1056
19,1057
19,1058
19,1059
19,1060
19,1061
19,1062
19,1063
19,1064
19,1065
:23_6,1066
:23_6,1067
:23_6,1068
:23_6,1069
:23_6,1070
:23_6,1071
:23_6,1072
20,1073
20,1074
20,1075
20,1076
20,1077
20,1078
20,1079
20,1080
20,1081
20,1082
20,1083
20,1084
20,1085
20,1086
20,1087
20,1088
20,1089
20,1090
20,1091
20,1092
20,1093
20,1094
20,1095
20,1096
20,1097
20,1098
20,1099
20,1100
20,1101
20,1102
20,1103
20,1104
20,1105
20,1106
20,1107
20,1108
20,1109
20,1110
20,1111
20,1112
20,1113
20,1114
20,1115
20,1116
20,1117
20,1118
20,1119
20,1120
20,1121
20,1122
20,1123
20,1124
20,1125
20,1126
20,1127
20,1128
20,1129
20,1130
20,1131
20,1132
20,1133
20,1134
20,1135
20,1136
20,1137
20,1138
20,1139
20,1140
20,1141
20,1142
20,1143
20,1144
20,1145
20,1146
20,1147
20,1148
20,1149
20,1150
20,1151
20,1152
20,1153
20,1154
20,1155
20,1156
20,1157
20,1158
20,1159
20,1160
20,1161
20,1162
20,1163
20,1164
20,1165
20,1166
20,1167
20,1168
20,1169
20,1170
20,1171
20,1172
20,1173
20,1174
:24_13,1175
:24_13,1176
:24_13,1177
:24_13,1178
:24_13,1179
:24_13,1180
25,1181
25,1182
25,1183
25,1184
25,1185
25,1186
25,1187
25,1188
25,1189
25,1190
25,1191
25,1192
25,1193
25,1194
25,1195
25,1196
25,1197
25,1198
25,1199
25,1200
25,1201
25,1202
25,1203
25,1204
25,1205
25,1206
25,1207
25,1208
25,1209
25,1210
25,1211
25,1212
25,1213
25,1214
25,1215
25,1216
25,1217
25,1218
25,1219
25,1220
25,1221
25,1222
25,1223
25,1224
25,1225
25,1226
25,1227
25,1228
25,1229
25,1230
25,1231
25,1232
25,1233
25,1234
25,1235
25,1236
25,1237
25,1238
25,1239
25,1240
25,1241
25,1242
25,1243
25,1244
25,1245
25,1246
25,1247
25,1248
25,1249
25,1250
25,1251
25,1252
25,1253
25,1254
25,1255
25,1256
25,1257
25,1258
25,1259
25,1260
25,1261
25,1262
25,1263
25,1264
25,1265
25,1266
25,1267
25,1268
25,1269
25,1270
25,1271
25,1272
25,1273
25,1274
25,1275
25,1276
25,1277
25,1278
25,1279
25,1280
25,1281
25,1282
25,1283
25,1284
25,1285
25,1286
25,1287
25,1288
25,1289
25,1290
25,1291
25,1292
25,1293
25,1294
25,1295
25,1296
25,1297
25,1298
25,1299
25,1300
25,1301
25,1302
25,1303
25,1304
25,1305
25,1306
25,1307
25,1308
25,1309
25,1310
25,1311
25,1312
25,1313
25,1314
25,1315
25,1316
25,1317
25,1318
25,1319
25,1320
25,1321
25,1322
25,1323
25,1324
25,1325
25,1326
25,1327
25,1328
25,1329
25,1330
25,1331
25,1332
25,1333
25,1334
25,1335
25,1336
:29_13,1337
:29_13,1338
:29_13,1339
:29_13,1340
:29_13,1341
:29_13,1342
210,1343
210,1344
210,1345
210,1346
210,1347
210,1348
210,1349
210,1350
210,1351
210,1352
210,1353
210,1354
210,1355
210,1356
210,1357
210,1358
210,1359
210,1360
210,1361
210,1362
210,1363
210,1364
210,1365
210,1366
210,1367
210,1368
210,1369
210,1370
210,1371
210,1372
210,1373
210,1374
210,1375
210,1376
210,1377
210,1378
210,1379
210,1380
210,1381
210,1382
210,1383
210,1384
210,1385
210,1386
210,1387
210,1388
210,1389
210,1390
210,1391
210,1392
210,1393
210,1394
210,1395
210,1396
210,1397
210,1398
210,1399
210,1400
210,1401
210,1402
210,1403
210,1404
210,1405
210,1406
210,1407
210,1408
210,1409
210,1410
210,1411
210,1412
210,1413
210,1414
210,1415
210,1416
210,1417
210,1418
210,1419
210,1420
210,1421
210,1422
210,1423
210,1424
210,1425
210,1426
210,1427
210,1428
210,1429
210,1430
210,1431
210,1432
210,1433
210,1434
210,1435
210,1436
210,1437
210,1438
210,1439
210,1440
210,1441
210,1442
210,1443
210,1444
210,1445
210,1446
210,1447
210,1448
210,1449
210,1450
:16_6,1451
:16_6,1452
:16_6,1453
:16_6,1454
:16_6,1455
:16_6,1456
-14,1457
-14,1458
-14,1459
-14,1460
-14,1461
-14,1462
-14,1463
-14,1464
-14,1465
-14,1466
-14,1467
-14,1468
-14,1469
-14,1470
-14,1471
-14,1472
-14,1473
-14,1474
-14,1475
-14,1476
-14,1477
-14,1478
-14,1479
-14,1480
-14,1481
-14,1482
-14,1483
-14,1484
-14,1485
-14,1486
-14,1487
-14,1488
-14,1489
-14,1490
-14,1491
-14,1492
-14,1493
-14,1494
-14,1495
-14,1496
-14,1497
-14,1498
-14,1499
-14,1500
-14,1501
-14,1502
-14,1503
-14,1504
-14,1505
-14,1506
-14,1507
-14,1508
-14,1509
-14,1510
-14,1511
-14,1512
-14,1513
-14,1514
-14,1515
-14,1516
-14,1517
-14,1518
-14,1519
-14,1520
-14,1521
-14,1522
-14,1523
-14,1524
-14,1525
-14,1526
-14,1527
-14,1528
-14,1529
-14,1530
-14,1531
-14,1532
-14,1533
-14,1534
-14,1535
-14,1536
-14,1537
-14,1538
-14,1539
-14,1540
-14,1541
-14,1542
-14,1543
-14,1544
-14,1545
-14,1546
-14,1547
-14,1548
-14,1549
-14,1550
-14,1551
-14,1552
-14,1553
-14,1554
-14,1555
-14,1556
-14,1557
-14,1558
-14,1559
-14,1560
-14,1561
-14,1562
-14,1563
-14,1564
-14,1565
-14,1566
-14,1567
-14,1568
-14,1569
-14,1570
-14,1571
-14,1572
-14,1573
-14,1574
-14,1575
-14,1576
-14,1577
-14,1578
:14_1,1579
:14_1,1580
13,1581
13,1582
13,1583
13,1584
13,1585
13,1586
13,1587
13,1588
13,1589
13,1590
13,1591
13,1592
13,1593
13,1594
13,1595
13,1596
13,1597
13,1598
13,1599
13,1600
13,1601
13,1602
13,1603
13,1604
13,1605
13,1606
13,1607
13,1608
13,1609
13,1610
13,1611
13,1612
13,1613
13,1614
13,1615
13,1616
13,1617
13,1618
13,1619
13,1620
13,1621
13,1622
13,1623
13,1624
13,1625
13,1626
13,1627
13,1628
13,1629
13,1630
13,1631
13,1632
13,1633
13,1634
13,1635
13,1636
13,1637
13,1638
13,1639
13,1640
13,1641
13,1642
13,1643
13,1644
13,1645
13,1646
13,1647
13,1648
13,1649
13,1650
13,1651
13,1652
13,1653
13,1654
13,1655
13,1656
13,1657
13,1658
13,1659
13,1660
13,1661
13,1662
13,1663
13,1664
13,1665
13,1666
13,1667
13,1668
13,1669
13,1670
13,1671
13,1672
13,1673
13,1674
13,1675
13,1676
13,1677
13,1678
13,1679
13,1680
13,1681
13,1682
13,1683
13,1684
13,1685
13,1686
13,1687
13,1688
13,1689
13,1690
:15_3,1691
:15_3,1692
:15_3,1693
:15_3,1694
:15_3,1695
-375,1696
-375,1697
-375,1698
-375,1699
-375,1700
-375,1701
-375,1702
-375,1703
-375,1704
-375,1705
-375,1706
-375,1707
-375,1708
-375,1709
-375,1710
-375,1711
-375,1712
-375,1713
-375,1714
-375,1715
-375,1716
-375,1717
-375,1718
-375,1719
-375,1720
-375,1721
-375,1722
-375,1723
-375,1724
-375,1725
-375,1726
-375,1727
-375,1728
-375,1729
-375,1730
-375,1731
-375,1732
-375,1733
-375,1734
-375,1735
-375,1736
-375,1737
-375,1738
-375,1739
-375,1740
-375,1741
-375,1742
-375,1743
-375,1744
-375,1745
-375,1746
-375,1747
-375,1748
-375,1749
-375,1750
-375,1751
-375,1752
-375,1753
-375,1754
-375,1755
-375,1756
-375,1757
-375,1758
-375,1759
-375,1760
-375,1761
-375,1762
-375,1763
-375,1764
-375,1765
-375,1766
-375,1767
-375,1768
-375,1769
-375,1770
-375,1771
-375,1772
-375,1773
-375,1774
-375,1775
-375,1776
-375,1777
-375,1778
-375,1779
-375,1780
-375,1781
-375,1782
-375,1783
-375,1784
-375,1785
-375,1786
-375,1787
-375,1788
-375,1789
-375,1790
-375,1791
-375,1792
-375,1793
-375,1794
-375,1795
-375,1796
-375,1797
-375,1798
-375,1799
-375,1800
-375,1801
-375,1802
-375,1803
-375,1804
-375,1805
-375,1806
-375,1807
-375,1808
-375,1809
-375,1810
-375,1811
-375,1812
:340_1,1813
-374,1814
-374,1815
-374,1816
-374,1817
-374,1818
-374,1819
-374,1820
-374,1821
-374,1822
-374,1823
-374,1824
-374,1825
-374,1826
-374,1827
-374,1828
-374,1829
-374,1830
-374,1831
-374,1832
-374,1833
-374,1834
-374,1835
-374,1836
-374,1837
-374,1838
-374,1839
-374,1840
-374,1841
-374,1842
-374,1843
-374,1844
-374,1845
-374,1846
-374,1847
-374,1848
-374,1849
-374,1850
-374,1851
-374,1852
-374,1853
-374,1854
-374,1855
-374,1856
-374,1857
-374,1858
-374,1859
-374,1860
-374,1861
-374,1862
-374,1863
-374,1864
-374,1865
-374,1866
-374,1867
-374,1868
-374,1869
-374,1870
-374,1871
-374,1872
-374,1873
-374,1874
-374,1875
-374,1876
-374,1877
-374,1878
-374,1879
-374,1880
-374,1881
-374,1882
-374,1883
-374,1884
-374,1885
-374,1886
-374,1887
-374,1888
-374,1889
-374,1890
-374,1891
-374,1892
-374,1893
-374,1894
-374,1895
-374,1896
:230_9,1897
:230_9,1898
:230_9,1899
:230_9,1900
:230_9,1901
:230_9,1902
-224,1903
-224,1904
-224,1905
-224,1906
-224,1907
-224,1908
-224,1909
-224,1910
-224,1911
-224,1912
-224,1913
-224,1914
-224,1915
-224,1916
-224,1917
-224,1918
-224,1919
-224,1920
-224,1921
-224,1922
-224,1923
-224,1924
-224,1925
-224,1926
-224,1927
-224,1928
-224,1929
-224,1930
-224,1931
-224,1932
-224,1933
-224,1934
-224,1935
-224,1936
-224,1937
-224,1938
-224,1939
-224,1940
-224,1941
-224,1942
-224,1943
-224,1944
-224,1945
-224,1946
-224,1947
-224,1948
-224,1949
-224,1950
-224,1951
-224,1952
-224,1953
-224,1954
-224,1955
-224,1956
-224,1957
-224,1958
-224,1959
-224,1960
-224,1961
-224,1962
-224,1963
-224,1964
-224,1965
-224,1966
-224,1967
-224,1968
-224,1969
-224,1970
-224,1971
-224,1972
-224,1973
-224,1974
-224,1975
-224,1976
-224,1977
-224,1978
-224,1979
-224,1980
-224,1981
-224,1982
-224,1983
-224,1984
-224,1985
-224,1986
-224,1987
-224,1988
-224,1989
-224,1990
-224,1991
-224,1992
-224,1993
-224,1994
-224,1995
-224,1996
-224,1997
:229_6,1998
:229_6,1999
:229_6,2000
