596,1
596,2
596,3
596,4
596,5
596,6
596,7
596,8
596,9
596,10
596,11
596,12
596,13
596,14
596,15
596,16
596,17
596,18
596,19
596,20
596,21
596,22
596,23
596,24
596,25
596,26
596,27
596,28
596,29
596,30
596,31
596,32
596,33
596,34
596,35
596,36
596,37
596,38
596,39
596,40
596,41
596,42
596,43
596,44
596,45
596,46
596,47
596,48
596,49
596,50
596,51
596,52
596,53
596,54
596,55
596,56
596,57
596,58
596,59
596,60
596,61
596,62
596,63
596,64
596,65
596,66
596,67
596,68
596,69
596,70
596,71
596,72
596,73
596,74
596,75
596,76
596,77
596,78
596,79
596,80
596,81
-294,82
-294,83
-294,84
-294,85
-294,86
-294,87
-294,88
-294,89
-294,90
-294,91
-294,92
-294,93
-294,94
-294,95
-294,96
-294,97
-294,98
-294,99
-294,100
-294,101
-294,102
-294,103
-294,104
-294,105
-294,106
-294,107
-294,108
-294,109
-294,110
-294,111
-294,112
-294,113
-294,114
-294,115
-294,116
-294,117
-294,118
-294,119
-294,120
-294,121
-294,122
-294,123
-294,124
-294,125
-294,126
-294,127
-294,128
-294,129
-294,130
-294,131
-294,132
-294,133
-294,134
-294,135
-294,136
-294,137
-294,138
-294,139
-294,140
-294,141
-294,142
-294,143
-294,144
-294,145
-294,146
-294,147
-294,148
-294,149
-294,150
-294,151
-294,152
-294,153
-294,154
-294,155
-294,156
-294,157
-294,158
-294,159
-294,160
-294,161
-294,162
-294,163
-294,164
-294,165
-294,166
:122_8,167
:122_8,168
:122_8,169
292,170
292,171
292,172
292,173
292,174
292,175
292,176
292,177
292,178
292,179
292,180
292,181
292,182
292,183
292,184
292,185
292,186
292,187
292,188
292,189
292,190
292,191
292,192
292,193
292,194
292,195
292,196
292,197
292,198
292,199
292,200
292,201
292,202
292,203
292,204
292,205
292,206
292,207
292,208
292,209
292,210
292,211
292,212
292,213
292,214
292,215
292,216
292,217
292,218
292,219
292,220
292,221
292,222
292,223
:232_6,224
:232_6,225
:232_6,226
:232_6,227
:232_6,228
-226,229
-226,230
-226,231
-226,232
-226,233
-226,234
-226,235
-226,236
-226,237
-226,238
-226,239
-226,240
-226,241
-226,242
-226,243
-226,244
-226,245
-226,246
-226,247
-226,248
-226,249
-226,250
-226,251
-226,252
-226,253
-226,254
-226,255
-226,256
-226,257
-226,258
-226,259
-226,260
-226,261
-226,262
-226,263
-226,264
-226,265
-226,266
-226,267
-226,268
-226,269
-226,270
-226,271
-226,272
-226,273
-226,274
-226,275
-226,276
-226,277
-226,278
-226,279
-226,280
-226,281
-226,282
-226,283
-226,284
-226,285
-226,286
-226,287
-226,288
-226,289
-226,290
-226,291
-226,292
-226,293
-226,294
-226,295
:227_7,296
:227_7,297
:227_7,298
:227_7,299
:227_7,300
:227_7,301
:227_7,302
:227_7,303
225,304
225,305
225,306
225,307
225,308
225,309
225,310
225,311
225,312
225,313
225,314
225,315
225,316
225,317
225,318
225,319
225,320
225,321
225,322
225,323
225,324
225,325
225,326
225,327
225,328
225,329
225,330
225,331
225,332
225,333
225,334
225,335
225,336
225,337
225,338
225,339
225,340
225,341
225,342
225,343
225,344
225,345
225,346
225,347
225,348
225,349
225,350
225,351
225,352
225,353
225,354
225,355
225,356
225,357
225,358
225,359
225,360
225,361
225,362
225,363
225,364
225,365
225,366
225,367
225,368
225,369
225,370
225,371
225,372
225,373
225,374
225,375
225,376
225,377
225,378
225,379
225,380
225,381
225,382
225,383
225,384
225,385
225,386
225,387
225,388
225,389
225,390
225,391
225,392
225,393
225,394
225,395
225,396
225,397
225,398
225,399
225,400
225,401
225,402
225,403
225,404
225,405
225,406
225,407
225,408
225,409
225,410
225,411
225,412
225,413
225,414
225,415
225,416
225,417
225,418
225,419
225,420
225,421
225,422
225,423
225,424
225,425
225,426
225,427
225,428
225,429
225,430
225,431
225,432
225,433
225,434
225,435
225,436
225,437
225,438
225,439
225,440
225,441
:231_6,442
:231_6,443
:231_6,444
:231_6,445
:231_6,446
-257,447
-257,448
-257,449
-257,450
-257,451
-257,452
-257,453
-257,454
-257,455
-257,456
-257,457
-257,458
-257,459
-257,460
-257,461
-257,462
-257,463
-257,464
-257,465
-257,466
-257,467
-257,468
-257,469
-257,470
-257,471
-257,472
-257,473
-257,474
-257,475
-257,476
-257,477
-257,478
-257,479
-257,480
-257,481
-257,482
-257,483
-257,484
-257,485
-257,486
-257,487
-257,488
-257,489
-257,490
-257,491
-257,492
-257,493
-257,494
-257,495
-257,496
-257,497
-257,498
-257,499
-257,500
-257,501
-257,502
-257,503
-257,504
-257,505
-257,506
-257,507
-257,508
-257,509
-257,510
-257,511
-257,512
-257,513
-257,514
-257,515
-257,516
-257,517
-257,518
-257,519
-257,520
-257,521
-257,522
-257,523
-257,524
-257,525
-257,526
-257,527
-257,528
-257,529
-257,530
-257,531
-257,532
-257,533
-257,534
-257,535
-257,536
-257,537
-257,538
-257,539
-257,540
-257,541
-257,542
-257,543
-257,544
-257,545
-257,546
-257,547
-257,548
-257,549
-257,550
-257,551
-257,552
-257,553
-257,554
-257,555
-257,556
-257,557
-257,558
-257,559
-257,560
-257,561
-257,562
-257,563
-257,564
-257,565
-257,566
-257,567
-257,568
-257,569
-257,570
-257,571
-257,572
-257,573
-257,574
-257,575
-257,576
-257,577
-257,578
-257,579
-257,580
-257,581
-257,582
-257,583
-257,584
-257,585
-257,586
-257,587
-257,588
-257,589
-257,590
-257,591
-257,592
-257,593
-257,594
-257,595
-257,596
-257,597
-257,598
-257,599
-257,600
-257,601
-257,602
-257,603
-257,604
-257,605
-257,606
-257,607
-257,608
:21_6,609
:21_6,610
:21_6,611
:21_6,612
:21_6,613
-18,614
-18,615
-18,616
-18,617
-18,618
-18,619
-18,620
-18,621
-18,622
-18,623
-18,624
-18,625
-18,626
-18,627
-18,628
-18,629
-18,630
-18,631
-18,632
-18,633
-18,634
-18,635
-18,636
-18,637
-18,638
-18,639
-18,640
-18,641
-18,642
-18,643
-18,644
-18,645
-18,646
-18,647
-18,648
-18,649
-18,650
-18,651
-18,652
-18,653
-18,654
-18,655
-18,656
-18,657
-18,658
-18,659
-18,660
-18,661
-18,662
-18,663
-18,664
-18,665
-18,666
-18,667
-18,668
-18,669
-18,670
-18,671
-18,672
-18,673
-18,674
-18,675
-18,676
-18,677
-18,678
-18,679
-18,680
-18,681
-18,682
-18,683
-18,684
-18,685
-18,686
-18,687
-18,688
-18,689
-18,690
-18,691
-18,692
-18,693
-18,694
-18,695
-18,696
-18,697
-18,698
-18,699
-18,700
-18,701
-18,702
-18,703
-18,704
-18,705
-18,706
-18,707
-18,708
-18,709
-18,710
-18,711
-18,712
:20_6,713
:20_6,714
:20_6,715
:20_6,716
:20_6,717
-17,718
-17,719
-17,720
-17,721
-17,722
-17,723
-17,724
-17,725
-17,726
-17,727
-17,728
-17,729
-17,730
-17,731
-17,732
-17,733
-17,734
-17,735
-17,736
-17,737
-17,738
-17,739
-17,740
-17,741
-17,742
-17,743
-17,744
-17,745
-17,746
-17,747
-17,748
-17,749
-17,750
-17,751
-17,752
-17,753
-17,754
-17,755
-17,756
-17,757
-17,758
-17,759
-17,760
-17,761
-17,762
-17,763
-17,764
-17,765
-17,766
-17,767
-17,768
-17,769
-17,770
-17,771
-17,772
-17,773
-17,774
-17,775
-17,776
-17,777
-17,778
-17,779
-17,780
-17,781
-17,782
-17,783
-17,784
-17,785
-17,786
-17,787
-17,788
-17,789
-17,790
-17,791
-17,792
-17,793
-17,794
-17,795
-17,796
-17,797
-17,798
-17,799
-17,800
-17,801
-17,802
-17,803
-17,804
-17,805
-17,806
-17,807
-17,808
-17,809
-17,810
-17,811
-17,812
-17,813
-17,814
