-98,1
-98,2
-98,3
-98,4
-98,5
-98,6
-98,7
-98,8
-98,9
-98,10
-98,11
-98,12
-98,13
-98,14
-98,15
-98,16
-98,17
-98,18
-98,19
-98,20
-98,21
-98,22
-98,23
-98,24
-98,25
-98,26
-98,27
-98,28
-98,29
-98,30
-98,31
-98,32
-98,33
-98,34
-98,35
-98,36
-98,37
-98,38
-98,39
-98,40
-98,41
-98,42
-98,43
-98,44
-98,45
-98,46
-98,47
-98,48
-98,49
-98,50
-98,51
-98,52
-98,53
-98,54
-98,55
-98,56
-98,57
-98,58
-98,59
-98,60
-98,61
-98,62
-98,63
-98,64
-98,65
-98,66
-98,67
-98,68
-98,69
-98,70
-98,71
-98,72
-98,73
-98,74
-98,75
-98,76
-98,77
-98,78
-98,79
-98,80
-98,81
-98,82
-98,83
-98,84
-98,85
-98,86
-98,87
-98,88
-98,89
-98,90
-98,91
-98,92
-98,93
-98,94
-98,95
-98,96
-98,97
-98,98
-98,99
-98,100
-98,101
-98,102
-98,103
-98,104
-98,105
-98,106
-98,107
-98,108
-98,109
-98,110
-98,111
-98,112
-98,113
-98,114
-98,115
-98,116
-98,117
-98,118
-98,119
-98,120
-98,121
-98,122
-98,123
-98,124
-98,125
-98,126
-98,127
-98,128
-98,129
-98,130
-98,131
-98,132
-98,133
-98,134
-98,135
-98,136
-98,137
-98,138
-98,139
-98,140
-98,141
-98,142
-98,143
-98,144
-98,145
-98,146
-98,147
-98,148
-98,149
-98,150
-98,151
-98,152
-98,153
-98,154
-98,155
-98,156
-98,157
-98,158
-98,159
-98,160
-98,161
-98,162
-98,163
-98,164
-98,165
-98,166
-98,167
-98,168
-98,169
-98,170
-98,171
-98,172
-98,173
-98,174
-98,175
-98,176
-98,177
-98,178
-98,179
-98,180
-98,181
-98,182
-98,183
-98,184
-98,185
-98,186
-98,187
-98,188
-98,189
-98,190
-98,191
-98,192
-98,193
-98,194
-98,195
-98,196
-98,197
-98,198
-98,199
-98,200
-98,201
-98,202
-98,203
-98,204
-98,205
-98,206
-98,207
-98,208
-98,209
-98,210
-98,211
-98,212
-98,213
-98,214
-98,215
-98,216
-98,217
-98,218
:111_12,219
:111_12,220
:111_12,221
:111_12,222
:111_12,223
-552,224
-552,225
-552,226
-552,227
-552,228
-552,229
-552,230
-552,231
-552,232
-552,233
-552,234
-552,235
-552,236
-552,237
-552,238
-552,239
-552,240
-552,241
-552,242
-552,243
-552,244
-552,245
-552,246
-552,247
-552,248
-552,249
-552,250
-552,251
-552,252
-552,253
-552,254
-552,255
-552,256
-552,257
-552,258
-552,259
-552,260
-552,261
-552,262
-552,263
-552,264
-552,265
-552,266
-552,267
-552,268
-552,269
-552,270
-552,271
-552,272
-552,273
-552,274
-552,275
-552,276
-552,277
-552,278
-552,279
-552,280
-552,281
-552,282
-552,283
-552,284
-552,285
-552,286
-552,287
-552,288
-552,289
-552,290
-552,291
-552,292
-552,293
-552,294
-552,295
-552,296
-552,297
-552,298
-552,299
-552,300
-552,301
-552,302
-552,303
-552,304
-552,305
-552,306
-552,307
-552,308
-552,309
-552,310
-552,311
-552,312
-552,313
-552,314
-552,315
-552,316
-552,317
-552,318
-552,319
-552,320
-552,321
-552,322
-552,323
-552,324
-552,325
-552,326
-552,327
-552,328
-552,329
-552,330
-552,331
-552,332
-552,333
-552,334
-552,335
-552,336
-552,337
-552,338
-552,339
-552,340
-552,341
-552,342
-552,343
-552,344
-552,345
-552,346
-552,347
-552,348
-552,349
-552,350
-552,351
-552,352
-552,353
-552,354
-552,355
-552,356
-552,357
-552,358
-552,359
-552,360
-552,361
-552,362
-552,363
-552,364
-552,365
-552,366
-552,367
-552,368
-552,369
-552,370
-552,371
-552,372
-552,373
-552,374
-552,375
-552,376
-552,377
-552,378
-552,379
-552,380
-552,381
-552,382
-552,383
-552,384
-552,385
-552,386
-552,387
-552,388
-552,389
-552,390
-552,391
-552,392
-552,393
-552,394
-552,395
-552,396
-552,397
-552,398
-552,399
-552,400
-552,401
-552,402
-552,403
-552,404
:41_1,405
:41_1,406
:41_1,407
:41_1,408
:41_1,409
:41_1,410
:41_1,411
-34,412
-34,413
-34,414
-34,415
-34,416
-34,417
-34,418
-34,419
-34,420
-34,421
-34,422
-34,423
-34,424
-34,425
-34,426
-34,427
-34,428
-34,429
-34,430
-34,431
-34,432
-34,433
-34,434
-34,435
-34,436
-34,437
-34,438
-34,439
-34,440
-34,441
-34,442
-34,443
-34,444
-34,445
-34,446
-34,447
-34,448
-34,449
-34,450
-34,451
-34,452
-34,453
-34,454
-34,455
-34,456
-34,457
-34,458
-34,459
-34,460
-34,461
-34,462
-34,463
-34,464
-34,465
-34,466
-34,467
-34,468
-34,469
-34,470
-34,471
-34,472
-34,473
-34,474
-34,475
-34,476
-34,477
-34,478
-34,479
-34,480
-34,481
-34,482
-34,483
-34,484
-34,485
-34,486
-34,487
-34,488
-34,489
-34,490
-34,491
-34,492
-34,493
-34,494
-34,495
-34,496
-34,497
-34,498
-34,499
-34,500
-34,501
-34,502
-34,503
-34,504
-34,505
-34,506
-34,507
-34,508
-34,509
-34,510
-34,511
-34,512
-34,513
-34,514
-34,515
-34,516
-34,517
-34,518
-34,519
-34,520
-34,521
-34,522
-34,523
-34,524
-34,525
-34,526
-34,527
-34,528
-34,529
-34,530
-34,531
-34,532
-34,533
-34,534
-34,535
-34,536
-34,537
-34,538
-34,539
-34,540
-34,541
-34,542
-34,543
-34,544
-34,545
-34,546
-34,547
-34,548
-34,549
-34,550
-34,551
-34,552
-34,553
-34,554
-34,555
-34,556
-34,557
-34,558
-34,559
-34,560
-34,561
-34,562
-34,563
-34,564
-34,565
-34,566
-34,567
-34,568
-34,569
-34,570
-34,571
-34,572
:38_0,573
:38_0,574
:38_0,575
:38_0,576
32,577
32,578
32,579
32,580
32,581
32,582
32,583
32,584
32,585
32,586
32,587
32,588
32,589
32,590
32,591
32,592
32,593
32,594
32,595
32,596
32,597
32,598
32,599
32,600
32,601
32,602
32,603
32,604
32,605
32,606
32,607
32,608
32,609
32,610
32,611
32,612
32,613
32,614
32,615
32,616
32,617
32,618
32,619
32,620
32,621
32,622
32,623
32,624
32,625
32,626
32,627
32,628
32,629
32,630
32,631
32,632
32,633
32,634
32,635
32,636
32,637
32,638
32,639
32,640
32,641
32,642
32,643
32,644
32,645
32,646
32,647
32,648
32,649
32,650
32,651
32,652
32,653
32,654
32,655
32,656
32,657
32,658
32,659
32,660
32,661
32,662
32,663
32,664
32,665
32,666
32,667
32,668
32,669
32,670
32,671
32,672
32,673
32,674
32,675
32,676
32,677
32,678
32,679
32,680
32,681
32,682
32,683
32,684
32,685
:39_4,686
:39_4,687
:39_4,688
:39_4,689
:39_4,690
:39_4,691
:39_4,692
-220,693
-220,694
-220,695
-220,696
-220,697
-220,698
-220,699
-220,700
-220,701
-220,702
-220,703
-220,704
-220,705
-220,706
-220,707
-220,708
-220,709
-220,710
-220,711
-220,712
-220,713
-220,714
-220,715
-220,716
-220,717
-220,718
-220,719
-220,720
-220,721
-220,722
-220,723
-220,724
-220,725
-220,726
-220,727
-220,728
-220,729
-220,730
-220,731
-220,732
-220,733
-220,734
-220,735
-220,736
-220,737
-220,738
-220,739
-220,740
-220,741
-220,742
-220,743
-220,744
-220,745
-220,746
-220,747
-220,748
-220,749
-220,750
-220,751
-220,752
-220,753
-220,754
-220,755
-220,756
-220,757
-220,758
-220,759
-220,760
-220,761
-220,762
-220,763
-220,764
-220,765
-220,766
-220,767
-220,768
-220,769
-220,770
-220,771
-220,772
-220,773
-220,774
-220,775
-220,776
-220,777
-220,778
-220,779
-220,780
-220,781
-220,782
-220,783
-220,784
-220,785
-220,786
-220,787
-220,788
-220,789
-220,790
-220,791
-220,792
-220,793
-220,794
-220,795
-220,796
-220,797
-220,798
-220,799
-220,800
-220,801
-220,802
-220,803
-220,804
-220,805
-220,806
-220,807
-220,808
-220,809
-220,810
-220,811
-220,812
-220,813
-220,814
-220,815
-220,816
-220,817
-220,818
-220,819
-220,820
-220,821
-220,822
-220,823
-220,824
-220,825
-220,826
-220,827
-220,828
-220,829
-220,830
-220,831
-220,832
-220,833
-220,834
-220,835
-220,836
-220,837
-220,838
-220,839
-220,840
-220,841
-220,842
-220,843
-220,844
-220,845
-220,846
-220,847
-220,848
-220,849
-220,850
-220,851
-220,852
-220,853
-220,854
-220,855
-220,856
-220,857
-220,858
-220,859
-220,860
-220,861
-220,862
-220,863
-220,864
-220,865
-220,866
-220,867
-220,868
-220,869
-220,870
-220,871
-220,872
-220,873
-220,874
-220,875
-220,876
-220,877
-220,878
-220,879
-220,880
-220,881
-220,882
-220,883
-220,884
-220,885
-220,886
-220,887
-220,888
-220,889
-220,890
-220,891
-220,892
-220,893
-220,894
-220,895
-220,896
-220,897
-220,898
-220,899
-220,900
-220,901
-220,902
-220,903
-220,904
-220,905
-220,906
-220,907
-220,908
-220,909
-220,910
-220,911
-220,912
-220,913
-220,914
-220,915
-220,916
-220,917
-220,918
-220,919
-220,920
-220,921
-220,922
-220,923
-220,924
-220,925
-220,926
-220,927
-220,928
-220,929
-220,930
-220,931
-220,932
-220,933
-220,934
-220,935
-220,936
-220,937
-220,938
-220,939
-220,940
-220,941
-220,942
-220,943
-220,944
-220,945
-220,946
-220,947
-220,948
-220,949
-220,950
-220,951
-220,952
-220,953
-220,954
-220,955
-220,956
-220,957
-220,958
-220,959
-220,960
-220,961
-220,962
-220,963
-220,964
-220,965
-220,966
-220,967
-220,968
-220,969
-220,970
-220,971
-220,972
-220,973
-220,974
-220,975
-220,976
-220,977
-220,978
-220,979
-220,980
-220,981
:221_5,982
:221_5,983
:221_5,984
:221_5,985
:221_5,986
:221_5,987
:221_5,988
-215,989
-215,990
-215,991
-215,992
-215,993
-215,994
-215,995
-215,996
-215,997
-215,998
-215,999
-215,1000
-215,1001
-215,1002
-215,1003
-215,1004
-215,1005
-215,1006
-215,1007
-215,1008
-215,1009
-215,1010
-215,1011
-215,1012
-215,1013
-215,1014
-215,1015
-215,1016
-215,1017
-215,1018
-215,1019
-215,1020
-215,1021
-215,1022
-215,1023
-215,1024
-215,1025
-215,1026
-215,1027
-215,1028
-215,1029
-215,1030
-215,1031
-215,1032
-215,1033
-215,1034
-215,1035
-215,1036
-215,1037
-215,1038
-215,1039
-215,1040
-215,1041
-215,1042
-215,1043
-215,1044
-215,1045
-215,1046
-215,1047
-215,1048
-215,1049
-215,1050
-215,1051
-215,1052
-215,1053
-215,1054
-215,1055
-215,1056
-215,1057
-215,1058
-215,1059
-215,1060
-215,1061
-215,1062
-215,1063
-215,1064
-215,1065
-215,1066
-215,1067
-215,1068
-215,1069
-215,1070
-215,1071
-215,1072
-215,1073
-215,1074
-215,1075
-215,1076
-215,1077
-215,1078
-215,1079
-215,1080
-215,1081
-215,1082
-215,1083
-215,1084
-215,1085
-215,1086
-215,1087
-215,1088
-215,1089
-215,1090
-215,1091
-215,1092
-215,1093
-215,1094
-215,1095
-215,1096
-215,1097
-215,1098
-215,1099
-215,1100
-215,1101
-215,1102
-215,1103
-215,1104
-215,1105
-215,1106
-215,1107
-215,1108
-215,1109
-215,1110
-215,1111
-215,1112
-215,1113
-215,1114
-215,1115
-215,1116
-215,1117
-215,1118
-215,1119
-215,1120
-215,1121
-215,1122
-215,1123
-215,1124
-215,1125
-215,1126
-215,1127
-215,1128
-215,1129
-215,1130
-215,1131
-215,1132
-215,1133
-215,1134
-215,1135
-215,1136
-215,1137
-215,1138
-215,1139
-215,1140
-215,1141
-215,1142
-215,1143
-215,1144
:220_0,1145
:220_0,1146
:220_0,1147
:220_0,1148
:220_0,1149
:220_0,1150
:220_0,1151
217,1152
217,1153
217,1154
217,1155
217,1156
217,1157
217,1158
217,1159
217,1160
217,1161
217,1162
217,1163
217,1164
217,1165
217,1166
217,1167
217,1168
217,1169
217,1170
217,1171
217,1172
217,1173
217,1174
217,1175
217,1176
217,1177
217,1178
217,1179
217,1180
217,1181
217,1182
217,1183
217,1184
217,1185
217,1186
217,1187
217,1188
217,1189
217,1190
217,1191
217,1192
217,1193
217,1194
217,1195
217,1196
217,1197
217,1198
217,1199
:223_4,1200
:223_4,1201
:223_4,1202
:223_4,1203
:223_4,1204
:223_4,1205
:223_4,1206
-255,1207
-255,1208
-255,1209
-255,1210
-255,1211
-255,1212
-255,1213
-255,1214
-255,1215
-255,1216
-255,1217
-255,1218
-255,1219
-255,1220
-255,1221
-255,1222
-255,1223
-255,1224
-255,1225
-255,1226
-255,1227
-255,1228
-255,1229
-255,1230
-255,1231
-255,1232
-255,1233
-255,1234
-255,1235
-255,1236
-255,1237
-255,1238
-255,1239
-255,1240
-255,1241
-255,1242
-255,1243
-255,1244
-255,1245
-255,1246
-255,1247
-255,1248
-255,1249
-255,1250
-255,1251
-255,1252
-255,1253
-255,1254
-255,1255
-255,1256
-255,1257
-255,1258
-255,1259
-255,1260
-255,1261
-255,1262
-255,1263
-255,1264
-255,1265
-255,1266
-255,1267
-255,1268
-255,1269
-255,1270
-255,1271
-255,1272
-255,1273
-255,1274
-255,1275
-255,1276
-255,1277
-255,1278
-255,1279
-255,1280
-255,1281
-255,1282
-255,1283
-255,1284
-255,1285
-255,1286
-255,1287
-255,1288
-255,1289
-255,1290
-255,1291
-255,1292
-255,1293
-255,1294
-255,1295
-255,1296
-255,1297
-255,1298
-255,1299
-255,1300
-255,1301
-255,1302
-255,1303
-255,1304
-255,1305
-255,1306
-255,1307
-255,1308
-255,1309
-255,1310
-255,1311
-255,1312
-255,1313
-255,1314
-255,1315
-255,1316
-255,1317
-255,1318
-255,1319
-255,1320
-255,1321
-255,1322
-255,1323
-255,1324
-255,1325
-255,1326
-255,1327
-255,1328
-255,1329
-255,1330
-255,1331
-255,1332
:177_0,1333
:177_0,1334
:177_0,1335
:177_0,1336
:177_0,1337
:177_0,1338
:177_0,1339
-163,1340
-163,1341
-163,1342
-163,1343
-163,1344
-163,1345
-163,1346
-163,1347
-163,1348
-163,1349
-163,1350
-163,1351
-163,1352
-163,1353
-163,1354
-163,1355
-163,1356
-163,1357
-163,1358
-163,1359
-163,1360
-163,1361
-163,1362
-163,1363
-163,1364
-163,1365
-163,1366
-163,1367
-163,1368
-163,1369
-163,1370
-163,1371
-163,1372
-163,1373
-163,1374
-163,1375
-163,1376
-163,1377
-163,1378
-163,1379
-163,1380
-163,1381
-163,1382
-163,1383
-163,1384
-163,1385
-163,1386
-163,1387
-163,1388
-163,1389
-163,1390
-163,1391
-163,1392
-163,1393
-163,1394
-163,1395
-163,1396
-163,1397
-163,1398
-163,1399
-163,1400
-163,1401
-163,1402
-163,1403
-163,1404
-163,1405
-163,1406
-163,1407
-163,1408
-163,1409
-163,1410
-163,1411
-163,1412
-163,1413
-163,1414
-163,1415
-163,1416
-163,1417
-163,1418
-163,1419
-163,1420
-163,1421
-163,1422
-163,1423
-163,1424
-163,1425
-163,1426
-163,1427
-163,1428
-163,1429
-163,1430
-163,1431
-163,1432
-163,1433
-163,1434
-163,1435
-163,1436
-163,1437
-163,1438
-163,1439
-163,1440
-163,1441
-163,1442
-163,1443
-163,1444
-163,1445
-163,1446
-163,1447
-163,1448
-163,1449
:175_4,1450
:175_4,1451
:175_4,1452
:175_4,1453
:175_4,1454
:175_4,1455
:175_4,1456
162,1457
162,1458
162,1459
162,1460
162,1461
162,1462
162,1463
162,1464
162,1465
162,1466
162,1467
162,1468
162,1469
162,1470
162,1471
162,1472
162,1473
162,1474
162,1475
162,1476
162,1477
162,1478
162,1479
162,1480
162,1481
162,1482
162,1483
162,1484
162,1485
162,1486
162,1487
162,1488
162,1489
162,1490
162,1491
162,1492
162,1493
162,1494
162,1495
162,1496
162,1497
162,1498
162,1499
162,1500
162,1501
162,1502
162,1503
162,1504
162,1505
162,1506
162,1507
162,1508
162,1509
162,1510
162,1511
162,1512
162,1513
162,1514
162,1515
162,1516
162,1517
162,1518
162,1519
162,1520
162,1521
162,1522
162,1523
162,1524
162,1525
162,1526
162,1527
162,1528
162,1529
162,1530
162,1531
162,1532
162,1533
162,1534
162,1535
162,1536
162,1537
162,1538
162,1539
162,1540
162,1541
162,1542
162,1543
162,1544
162,1545
162,1546
162,1547
162,1548
162,1549
162,1550
162,1551
162,1552
162,1553
162,1554
162,1555
162,1556
162,1557
162,1558
162,1559
162,1560
162,1561
162,1562
162,1563
162,1564
162,1565
162,1566
162,1567
162,1568
162,1569
162,1570
162,1571
162,1572
162,1573
162,1574
162,1575
162,1576
162,1577
162,1578
162,1579
162,1580
162,1581
162,1582
162,1583
162,1584
162,1585
162,1586
162,1587
162,1588
162,1589
162,1590
162,1591
162,1592
162,1593
162,1594
162,1595
162,1596
162,1597
162,1598
162,1599
162,1600
162,1601
162,1602
162,1603
162,1604
162,1605
:173_0,1606
:173_0,1607
:173_0,1608
:173_0,1609
:173_0,1610
:173_0,1611
:173_0,1612
-157,1613
-157,1614
-157,1615
-157,1616
-157,1617
-157,1618
-157,1619
-157,1620
-157,1621
-157,1622
-157,1623
-157,1624
-157,1625
-157,1626
-157,1627
-157,1628
-157,1629
-157,1630
-157,1631
-157,1632
-157,1633
-157,1634
-157,1635
-157,1636
-157,1637
-157,1638
-157,1639
-157,1640
-157,1641
-157,1642
-157,1643
-157,1644
-157,1645
-157,1646
-157,1647
-157,1648
-157,1649
-157,1650
-157,1651
-157,1652
-157,1653
-157,1654
-157,1655
-157,1656
-157,1657
-157,1658
-157,1659
-157,1660
-157,1661
-157,1662
-157,1663
-157,1664
-157,1665
-157,1666
-157,1667
-157,1668
-157,1669
-157,1670
-157,1671
-157,1672
-157,1673
-157,1674
-157,1675
-157,1676
-157,1677
-157,1678
-157,1679
-157,1680
-157,1681
-157,1682
-157,1683
-157,1684
-157,1685
-157,1686
-157,1687
-157,1688
-157,1689
-157,1690
-157,1691
-157,1692
-157,1693
-157,1694
-157,1695
-157,1696
-157,1697
-157,1698
-157,1699
-157,1700
-157,1701
-157,1702
-157,1703
-157,1704
-157,1705
-157,1706
-157,1707
-157,1708
-157,1709
-157,1710
-157,1711
-157,1712
-157,1713
-157,1714
-157,1715
-157,1716
-157,1717
-157,1718
-157,1719
-157,1720
-157,1721
:46_5,1722
:46_5,1723
:46_5,1724
:46_5,1725
:46_5,1726
:46_5,1727
:46_5,1728
:46_5,1729
-38,1730
-38,1731
-38,1732
-38,1733
-38,1734
-38,1735
-38,1736
-38,1737
-38,1738
-38,1739
-38,1740
-38,1741
-38,1742
-38,1743
-38,1744
-38,1745
-38,1746
-38,1747
-38,1748
-38,1749
-38,1750
-38,1751
-38,1752
-38,1753
-38,1754
-38,1755
-38,1756
-38,1757
-38,1758
-38,1759
-38,1760
-38,1761
-38,1762
-38,1763
-38,1764
-38,1765
-38,1766
-38,1767
-38,1768
-38,1769
-38,1770
-38,1771
-38,1772
-38,1773
-38,1774
-38,1775
-38,1776
-38,1777
-38,1778
-38,1779
-38,1780
-38,1781
-38,1782
-38,1783
-38,1784
-38,1785
-38,1786
-38,1787
-38,1788
-38,1789
-38,1790
-38,1791
-38,1792
-38,1793
-38,1794
-38,1795
-38,1796
-38,1797
-38,1798
-38,1799
-38,1800
-38,1801
-38,1802
-38,1803
-38,1804
-38,1805
-38,1806
-38,1807
-38,1808
-38,1809
-38,1810
-38,1811
-38,1812
-38,1813
-38,1814
-38,1815
-38,1816
-38,1817
-38,1818
-38,1819
-38,1820
-38,1821
-38,1822
-38,1823
-38,1824
-38,1825
-38,1826
-38,1827
-38,1828
-38,1829
-38,1830
-38,1831
-38,1832
-38,1833
-38,1834
-38,1835
-38,1836
-38,1837
-38,1838
-38,1839
-38,1840
-38,1841
-38,1842
-38,1843
-38,1844
-38,1845
-38,1846
-38,1847
-38,1848
-38,1849
-38,1850
-38,1851
-38,1852
-38,1853
-38,1854
-38,1855
-38,1856
-38,1857
-38,1858
-38,1859
-38,1860
-38,1861
-38,1862
-38,1863
-38,1864
-38,1865
-38,1866
-38,1867
-38,1868
-38,1869
-38,1870
-38,1871
-38,1872
-38,1873
-38,1874
-38,1875
-38,1876
-38,1877
-38,1878
-38,1879
-38,1880
-38,1881
-38,1882
-38,1883
-38,1884
-38,1885
-38,1886
-38,1887
-38,1888
-38,1889
-38,1890
-38,1891
-38,1892
-38,1893
-38,1894
-38,1895
-38,1896
-38,1897
-38,1898
-38,1899
-38,1900
-38,1901
-38,1902
-38,1903
-38,1904
-38,1905
-38,1906
-38,1907
-38,1908
-38,1909
-38,1910
-38,1911
-38,1912
-38,1913
-38,1914
-38,1915
-38,1916
-38,1917
-38,1918
-38,1919
-38,1920
-38,1921
-38,1922
-38,1923
-38,1924
-38,1925
-38,1926
-38,1927
-38,1928
-38,1929
-38,1930
-38,1931
-38,1932
-38,1933
-38,1934
-38,1935
-38,1936
-38,1937
-38,1938
-38,1939
-38,1940
-38,1941
-38,1942
-38,1943
-38,1944
-38,1945
-38,1946
-38,1947
-38,1948
-38,1949
-38,1950
-38,1951
-38,1952
-38,1953
-38,1954
-38,1955
-38,1956
-38,1957
-38,1958
-38,1959
-38,1960
-38,1961
-38,1962
-38,1963
-38,1964
-38,1965
-38,1966
-38,1967
-38,1968
-38,1969
-38,1970
-38,1971
-38,1972
-38,1973
-38,1974
-38,1975
-38,1976
-38,1977
-38,1978
-38,1979
-38,1980
-38,1981
-38,1982
-38,1983
-38,1984
-38,1985
-38,1986
-38,1987
-38,1988
-38,1989
-38,1990
-38,1991
-38,1992
-38,1993
-38,1994
-38,1995
-38,1996
-38,1997
-38,1998
-38,1999
-38,2000
