-376,1
-376,2
-376,3
-376,4
-376,5
-376,6
-376,7
-376,8
-376,9
-376,10
-376,11
-376,12
-376,13
-376,14
-376,15
-376,16
-376,17
-376,18
-376,19
-376,20
-376,21
-376,22
-376,23
-376,24
-376,25
-376,26
-376,27
-376,28
-376,29
-376,30
-376,31
-376,32
-376,33
-376,34
-376,35
-376,36
-376,37
-376,38
-376,39
-376,40
-376,41
-376,42
-376,43
-376,44
-376,45
-376,46
-376,47
-376,48
-376,49
-376,50
-376,51
-376,52
-376,53
-376,54
-376,55
-376,56
-376,57
-376,58
-376,59
-376,60
-376,61
-376,62
-376,63
-376,64
-376,65
-376,66
-376,67
-376,68
-376,69
-376,70
-376,71
-376,72
-376,73
-376,74
-376,75
-376,76
-376,77
-376,78
-376,79
-376,80
-376,81
-376,82
-376,83
-376,84
-376,85
-376,86
-376,87
-376,88
-376,89
-376,90
-376,91
-376,92
-376,93
-376,94
-376,95
-376,96
-376,97
-376,98
-376,99
-376,100
-376,101
-376,102
-376,103
-376,104
-376,105
-376,106
-376,107
-376,108
-376,109
-376,110
-376,111
-376,112
-376,113
-376,114
-376,115
-376,116
-376,117
-376,118
-376,119
-376,120
-376,121
-376,122
-376,123
-376,124
-376,125
-376,126
-376,127
-376,128
-376,129
-376,130
-376,131
-376,132
-376,133
-376,134
-376,135
-376,136
-376,137
-376,138
-376,139
-376,140
-376,141
-376,142
-376,143
-376,144
-376,145
-376,146
-376,147
-376,148
-376,149
-376,150
-376,151
-376,152
-376,153
-376,154
-376,155
-376,156
-376,157
-376,158
-376,159
-376,160
-376,161
-376,162
-376,163
-376,164
-376,165
-376,166
-376,167
-376,168
-376,169
-376,170
-376,171
-376,172
-376,173
-376,174
-376,175
:230_4,176
:230_4,177
:230_4,178
:230_4,179
-224,180
-224,181
-224,182
-224,183
-224,184
-224,185
-224,186
-224,187
-224,188
-224,189
-224,190
-224,191
-224,192
-224,193
-224,194
-224,195
-224,196
-224,197
-224,198
-224,199
-224,200
-224,201
-224,202
-224,203
-224,204
-224,205
-224,206
-224,207
-224,208
-224,209
-224,210
-224,211
-224,212
-224,213
-224,214
-224,215
-224,216
-224,217
-224,218
-224,219
-224,220
-224,221
-224,222
-224,223
-224,224
-224,225
-224,226
-224,227
-224,228
-224,229
-224,230
-224,231
-224,232
-224,233
-224,234
-224,235
-224,236
-224,237
-224,238
-224,239
-224,240
-224,241
-224,242
-224,243
-224,244
-224,245
-224,246
-224,247
-224,248
-224,249
-224,250
-224,251
-224,252
-224,253
-224,254
-224,255
-224,256
-224,257
-224,258
-224,259
-224,260
-224,261
-224,262
-224,263
:229_6,264
:229_6,265
:229_6,266
:229_6,267
:229_6,268
-223,269
-223,270
-223,271
-223,272
-223,273
-223,274
-223,275
-223,276
-223,277
-223,278
-223,279
-223,280
-223,281
-223,282
-223,283
-223,284
-223,285
-223,286
-223,287
-223,288
-223,289
-223,290
-223,291
-223,292
-223,293
-223,294
-223,295
-223,296
-223,297
-223,298
-223,299
-223,300
-223,301
-223,302
-223,303
-223,304
-223,305
-223,306
-223,307
-223,308
-223,309
-223,310
-223,311
-223,312
-223,313
-223,314
-223,315
-223,316
-223,317
-223,318
-223,319
-223,320
-223,321
-223,322
-223,323
-223,324
-223,325
-223,326
-223,327
-223,328
-223,329
-223,330
-223,331
-223,332
-223,333
-223,334
-223,335
-223,336
-223,337
-223,338
-223,339
-223,340
-223,341
-223,342
-223,343
-223,344
-223,345
-223,346
-223,347
-223,348
-223,349
-223,350
-223,351
-223,352
-223,353
-223,354
-223,355
-223,356
-223,357
-223,358
-223,359
:228_6,360
:228_6,361
:228_6,362
:228_6,363
:228_6,364
-222,365
-222,366
-222,367
-222,368
-222,369
-222,370
-222,371
-222,372
-222,373
-222,374
-222,375
-222,376
-222,377
-222,378
-222,379
-222,380
-222,381
-222,382
-222,383
-222,384
-222,385
-222,386
-222,387
-222,388
-222,389
-222,390
-222,391
-222,392
-222,393
-222,394
-222,395
-222,396
-222,397
-222,398
-222,399
-222,400
-222,401
-222,402
-222,403
-222,404
-222,405
-222,406
-222,407
-222,408
-222,409
-222,410
-222,411
-222,412
-222,413
-222,414
-222,415
-222,416
-222,417
-222,418
-222,419
-222,420
-222,421
-222,422
-222,423
-222,424
-222,425
-222,426
-222,427
-222,428
-222,429
-222,430
-222,431
-222,432
-222,433
-222,434
-222,435
-222,436
-222,437
-222,438
-222,439
-222,440
-222,441
-222,442
-222,443
-222,444
-222,445
-222,446
-222,447
-222,448
-222,449
-222,450
-222,451
-222,452
-222,453
-222,454
-222,455
-222,456
-222,457
-222,458
-222,459
-222,460
-222,461
-222,462
-222,463
-222,464
-222,465
-222,466
-222,467
-222,468
-222,469
-222,470
-222,471
-222,472
-222,473
-222,474
-222,475
-222,476
-222,477
-222,478
-222,479
-222,480
-222,481
-222,482
-222,483
-222,484
-222,485
-222,486
-222,487
-222,488
-222,489
-222,490
-222,491
-222,492
-222,493
-222,494
-222,495
-222,496
-222,497
-222,498
-222,499
-222,500
-222,501
-222,502
-222,503
-222,504
-222,505
-222,506
-222,507
-222,508
-222,509
-222,510
-222,511
-222,512
-222,513
-222,514
-222,515
-222,516
-222,517
-222,518
-222,519
-222,520
-222,521
-222,522
-222,523
-222,524
-222,525
-222,526
-222,527
-222,528
-222,529
-222,530
-222,531
-222,532
-222,533
-222,534
-222,535
:227_3,536
:227_3,537
:227_3,538
:227_3,539
:227_3,540
225,541
225,542
225,543
225,544
225,545
225,546
225,547
225,548
225,549
225,550
225,551
225,552
225,553
225,554
225,555
225,556
225,557
225,558
225,559
225,560
225,561
225,562
225,563
225,564
225,565
225,566
225,567
225,568
225,569
225,570
225,571
225,572
225,573
225,574
225,575
225,576
225,577
225,578
225,579
225,580
225,581
225,582
225,583
225,584
225,585
225,586
225,587
225,588
225,589
225,590
225,591
225,592
225,593
225,594
225,595
225,596
225,597
225,598
225,599
225,600
225,601
225,602
225,603
225,604
225,605
225,606
225,607
225,608
225,609
225,610
225,611
225,612
225,613
225,614
225,615
225,616
225,617
225,618
225,619
225,620
225,621
225,622
225,623
225,624
225,625
225,626
225,627
225,628
225,629
225,630
225,631
225,632
225,633
225,634
225,635
225,636
225,637
225,638
225,639
225,640
225,641
225,642
225,643
225,644
225,645
225,646
225,647
225,648
225,649
225,650
225,651
225,652
225,653
225,654
225,655
225,656
225,657
225,658
225,659
225,660
225,661
225,662
225,663
225,664
225,665
225,666
225,667
225,668
225,669
225,670
225,671
225,672
225,673
225,674
225,675
225,676
225,677
225,678
225,679
225,680
225,681
225,682
225,683
225,684
225,685
:231_6,686
:231_6,687
:231_6,688
:231_6,689
:231_6,690
:231_6,691
:231_6,692
-257,693
-257,694
-257,695
-257,696
-257,697
-257,698
-257,699
-257,700
-257,701
-257,702
-257,703
-257,704
-257,705
-257,706
-257,707
-257,708
-257,709
-257,710
-257,711
-257,712
-257,713
-257,714
-257,715
-257,716
-257,717
-257,718
-257,719
-257,720
-257,721
-257,722
-257,723
-257,724
-257,725
-257,726
-257,727
-257,728
-257,729
-257,730
-257,731
-257,732
-257,733
-257,734
-257,735
-257,736
-257,737
-257,738
-257,739
-257,740
-257,741
-257,742
-257,743
-257,744
-257,745
-257,746
-257,747
-257,748
-257,749
-257,750
-257,751
-257,752
-257,753
-257,754
-257,755
-257,756
-257,757
-257,758
-257,759
-257,760
-257,761
-257,762
-257,763
-257,764
-257,765
-257,766
-257,767
-257,768
-257,769
-257,770
-257,771
-257,772
-257,773
-257,774
-257,775
-257,776
-257,777
-257,778
-257,779
-257,780
-257,781
-257,782
-257,783
-257,784
-257,785
-257,786
-257,787
-257,788
-257,789
-257,790
-257,791
-257,792
-257,793
-257,794
-257,795
-257,796
-257,797
-257,798
-257,799
-257,800
-257,801
-257,802
-257,803
-257,804
-257,805
-257,806
-257,807
-257,808
-257,809
-257,810
-257,811
-257,812
-257,813
-257,814
-257,815
-257,816
-257,817
-257,818
-257,819
-257,820
-257,821
-257,822
-257,823
-257,824
-257,825
-257,826
-257,827
-257,828
-257,829
-257,830
-257,831
-257,832
-257,833
-257,834
-257,835
-257,836
-257,837
-257,838
-257,839
-257,840
-257,841
-257,842
-257,843
-257,844
-257,845
-257,846
-257,847
-257,848
-257,849
-257,850
-257,851
-257,852
-257,853
-257,854
-257,855
-257,856
-257,857
-257,858
-257,859
-257,860
-257,861
-257,862
-257,863
-257,864
-257,865
-257,866
-257,867
-257,868
-257,869
-257,870
-257,871
-257,872
-257,873
-257,874
-257,875
-257,876
-257,877
-257,878
-257,879
-257,880
-257,881
-257,882
-257,883
-257,884
-257,885
-257,886
-257,887
-257,888
-257,889
-257,890
-257,891
-257,892
-257,893
-257,894
-257,895
-257,896
-257,897
-257,898
-257,899
-257,900
-257,901
-257,902
-257,903
-257,904
-257,905
-257,906
-257,907
-257,908
-257,909
-257,910
-257,911
-257,912
-257,913
-257,914
-257,915
:21_6,916
:21_6,917
:21_6,918
:21_6,919
:21_6,920
:21_6,921
:21_6,922
:21_6,923
-18,924
-18,925
-18,926
-18,927
-18,928
-18,929
-18,930
-18,931
-18,932
-18,933
-18,934
-18,935
-18,936
-18,937
-18,938
-18,939
-18,940
-18,941
-18,942
-18,943
-18,944
-18,945
-18,946
-18,947
-18,948
-18,949
-18,950
-18,951
-18,952
-18,953
-18,954
-18,955
-18,956
-18,957
-18,958
-18,959
-18,960
-18,961
-18,962
-18,963
-18,964
-18,965
-18,966
-18,967
-18,968
-18,969
-18,970
-18,971
-18,972
-18,973
-18,974
-18,975
-18,976
-18,977
-18,978
-18,979
-18,980
-18,981
-18,982
-18,983
-18,984
-18,985
-18,986
-18,987
-18,988
-18,989
-18,990
-18,991
-18,992
-18,993
-18,994
-18,995
-18,996
-18,997
-18,998
-18,999
-18,1000
-18,1001
-18,1002
-18,1003
-18,1004
-18,1005
-18,1006
-18,1007
-18,1008
-18,1009
-18,1010
-18,1011
-18,1012
-18,1013
-18,1014
-18,1015
-18,1016
-18,1017
-18,1018
-18,1019
-18,1020
-18,1021
-18,1022
-18,1023
-18,1024
-18,1025
-18,1026
-18,1027
-18,1028
-18,1029
-18,1030
-18,1031
-18,1032
-18,1033
-18,1034
-18,1035
-18,1036
-18,1037
-18,1038
-18,1039
-18,1040
-18,1041
-18,1042
-18,1043
-18,1044
-18,1045
-18,1046
-18,1047
-18,1048
-18,1049
-18,1050
-18,1051
-18,1052
-18,1053
-18,1054
-18,1055
-18,1056
-18,1057
-18,1058
-18,1059
:20_6,1060
:20_6,1061
:20_6,1062
:20_6,1063
:20_6,1064
-17,1065
-17,1066
-17,1067
-17,1068
-17,1069
-17,1070
-17,1071
-17,1072
-17,1073
-17,1074
-17,1075
-17,1076
-17,1077
-17,1078
-17,1079
-17,1080
-17,1081
-17,1082
-17,1083
-17,1084
-17,1085
-17,1086
-17,1087
-17,1088
-17,1089
-17,1090
-17,1091
-17,1092
-17,1093
-17,1094
-17,1095
-17,1096
-17,1097
-17,1098
-17,1099
-17,1100
-17,1101
-17,1102
-17,1103
-17,1104
-17,1105
-17,1106
-17,1107
-17,1108
-17,1109
-17,1110
-17,1111
-17,1112
-17,1113
-17,1114
-17,1115
-17,1116
-17,1117
-17,1118
-17,1119
-17,1120
-17,1121
-17,1122
-17,1123
-17,1124
-17,1125
-17,1126
-17,1127
-17,1128
-17,1129
-17,1130
-17,1131
-17,1132
-17,1133
-17,1134
-17,1135
-17,1136
-17,1137
-17,1138
-17,1139
-17,1140
-17,1141
-17,1142
-17,1143
-17,1144
-17,1145
-17,1146
-17,1147
-17,1148
-17,1149
-17,1150
-17,1151
-17,1152
-17,1153
-17,1154
-17,1155
-17,1156
-17,1157
-17,1158
-17,1159
-17,1160
-17,1161
-17,1162
-17,1163
