595,21
595,22
595,23
595,24
595,25
595,26
595,27
595,28
595,29
595,30
595,31
595,32
595,33
595,34
595,35
595,36
595,37
595,38
595,39
595,40
595,41
595,42
595,43
595,44
595,45
595,46
595,47
595,48
595,49
595,50
595,51
595,52
595,53
595,54
595,55
595,56
595,57
595,58
595,59
595,60
595,61
595,62
595,63
595,64
595,65
595,66
595,67
595,68
595,69
595,70
595,71
595,72
595,73
595,74
595,75
595,76
595,77
595,78
595,79
595,80
595,81
595,82
595,83
595,84
595,85
595,86
595,87
595,88
595,89
595,90
595,91
595,92
595,93
595,94
595,95
595,96
595,97
595,98
595,99
595,100
595,101
595,102
595,103
595,104
595,105
595,106
595,107
595,108
595,109
595,110
595,111
595,112
595,113
595,114
595,115
595,116
595,117
595,118
595,119
595,120
595,121
595,122
595,123
595,124
595,125
:228_0,126
:228_0,127
:228_0,128
223,129
223,130
223,131
223,132
223,133
223,134
223,135
223,136
223,137
223,138
223,139
223,140
223,141
223,142
223,143
223,144
223,145
223,146
223,147
223,148
223,149
223,150
223,151
223,152
223,153
223,154
223,155
223,156
223,157
223,158
223,159
223,160
223,161
223,162
223,163
223,164
223,165
223,166
223,167
223,168
223,169
223,170
223,171
223,172
223,173
223,174
223,175
223,176
223,177
223,178
223,179
223,180
223,181
223,182
223,183
223,184
223,185
223,186
223,187
223,188
223,189
223,190
223,191
223,192
223,193
223,194
223,195
223,196
223,197
223,198
223,199
223,200
223,201
223,202
223,203
223,204
223,205
223,206
223,207
223,208
223,209
223,210
223,211
223,212
:229_4,213
:229_4,214
:229_4,215
:229_4,216
:229_4,217
224,218
224,219
224,220
224,221
224,222
224,223
224,224
224,225
224,226
224,227
224,228
224,229
224,230
224,231
224,232
224,233
224,234
224,235
224,236
224,237
224,238
224,239
224,240
224,241
224,242
224,243
224,244
224,245
224,246
224,247
224,248
224,249
224,250
224,251
224,252
224,253
224,254
224,255
224,256
224,257
224,258
224,259
224,260
224,261
224,262
224,263
224,264
224,265
224,266
224,267
224,268
224,269
224,270
224,271
224,272
224,273
224,274
224,275
224,276
224,277
224,278
224,279
224,280
224,281
224,282
224,283
224,284
224,285
224,286
224,287
224,288
224,289
224,290
224,291
224,292
224,293
224,294
:230_1,295
:230_1,296
:230_1,297
:230_1,298
:230_1,299
:230_1,300
374,301
374,302
374,303
374,304
374,305
374,306
374,307
374,308
374,309
374,310
374,311
374,312
374,313
374,314
374,315
374,316
374,317
374,318
374,319
374,320
374,321
374,322
374,323
374,324
374,325
374,326
374,327
374,328
374,329
374,330
374,331
374,332
374,333
374,334
374,335
374,336
374,337
374,338
374,339
374,340
374,341
374,342
374,343
374,344
374,345
374,346
374,347
374,348
374,349
374,350
374,351
374,352
374,353
374,354
374,355
374,356
374,357
374,358
374,359
374,360
374,361
374,362
374,363
374,364
374,365
374,366
374,367
:340_0,368
375,369
375,370
375,371
375,372
375,373
375,374
375,375
375,376
375,377
375,378
375,379
375,380
375,381
375,382
375,383
375,384
375,385
375,386
375,387
375,388
375,389
375,390
375,391
375,392
375,393
375,394
375,395
375,396
375,397
375,398
375,399
375,400
375,401
375,402
375,403
375,404
375,405
375,406
375,407
375,408
375,409
375,410
375,411
375,412
375,413
375,414
375,415
375,416
375,417
375,418
375,419
375,420
375,421
375,422
375,423
375,424
375,425
375,426
375,427
375,428
375,429
375,430
375,431
375,432
375,433
375,434
375,435
375,436
375,437
375,438
375,439
375,440
375,441
375,442
375,443
375,444
375,445
375,446
375,447
375,448
375,449
375,450
375,451
375,452
375,453
375,454
375,455
375,456
375,457
375,458
375,459
375,460
375,461
375,462
375,463
375,464
:15_1,465
:15_1,466
:15_1,467
:15_1,468
-13,469
-13,470
-13,471
-13,472
-13,473
-13,474
-13,475
-13,476
-13,477
-13,478
-13,479
-13,480
-13,481
-13,482
-13,483
-13,484
-13,485
-13,486
-13,487
-13,488
-13,489
-13,490
-13,491
-13,492
-13,493
-13,494
-13,495
-13,496
-13,497
-13,498
-13,499
-13,500
-13,501
-13,502
-13,503
-13,504
-13,505
-13,506
-13,507
-13,508
-13,509
-13,510
-13,511
-13,512
-13,513
-13,514
-13,515
-13,516
-13,517
-13,518
-13,519
-13,520
-13,521
-13,522
-13,523
-13,524
-13,525
-13,526
-13,527
-13,528
-13,529
-13,530
-13,531
-13,532
-13,533
-13,534
-13,535
-13,536
-13,537
-13,538
-13,539
-13,540
-13,541
-13,542
-13,543
-13,544
-13,545
-13,546
-13,547
-13,548
-13,549
-13,550
-13,551
-13,552
-13,553
-13,554
-13,555
-13,556
-13,557
-13,558
-13,559
-13,560
-13,561
-13,562
-13,563
-13,564
-13,565
-13,566
-13,567
-13,568
14,569
14,570
14,571
14,572
14,573
14,574
14,575
14,576
14,577
14,578
14,579
14,580
14,581
14,582
14,583
14,584
14,585
14,586
14,587
14,588
14,589
14,590
14,591
14,592
14,593
14,594
14,595
14,596
14,597
14,598
14,599
14,600
14,601
14,602
14,603
14,604
14,605
14,606
14,607
14,608
14,609
14,610
14,611
14,612
14,613
14,614
14,615
14,616
14,617
14,618
14,619
14,620
14,621
14,622
14,623
14,624
14,625
14,626
14,627
14,628
14,629
14,630
14,631
14,632
14,633
14,634
14,635
14,636
14,637
14,638
14,639
14,640
14,641
14,642
14,643
14,644
14,645
14,646
14,647
14,648
14,649
14,650
14,651
14,652
14,653
14,654
14,655
14,656
14,657
14,658
14,659
14,660
14,661
14,662
14,663
14,664
14,665
14,666
14,667
14,668
14,669
14,670
14,671
14,672
14,673
14,674
14,675
14,676
14,677
14,678
14,679
14,680
14,681
14,682
14,683
14,684
14,685
14,686
14,687
:16_4,688
:16_4,689
:16_4,690
:16_4,691
:16_4,692
:16_4,693
-210,694
-210,695
-210,696
-210,697
-210,698
-210,699
-210,700
-210,701
-210,702
-210,703
-210,704
-210,705
-210,706
-210,707
-210,708
-210,709
-210,710
-210,711
-210,712
-210,713
-210,714
-210,715
-210,716
-210,717
-210,718
-210,719
-210,720
-210,721
-210,722
-210,723
-210,724
-210,725
-210,726
-210,727
-210,728
-210,729
-210,730
-210,731
-210,732
-210,733
-210,734
-210,735
-210,736
-210,737
-210,738
-210,739
-210,740
-210,741
-210,742
-210,743
-210,744
-210,745
-210,746
-210,747
-210,748
-210,749
-210,750
-210,751
-210,752
-210,753
-210,754
-210,755
-210,756
-210,757
-210,758
-210,759
-210,760
-210,761
-210,762
-210,763
-210,764
-210,765
-210,766
-210,767
-210,768
-210,769
-210,770
-210,771
-210,772
-210,773
-210,774
-210,775
-210,776
-210,777
-210,778
-210,779
-210,780
-210,781
-210,782
-210,783
-210,784
-210,785
-210,786
-210,787
-210,788
-210,789
-210,790
-210,791
-210,792
-210,793
-210,794
-210,795
-210,796
-210,797
-210,798
:29_5,799
:29_5,800
:29_5,801
:29_5,802
:29_5,803
:29_5,804
-25,805
-25,806
-25,807
-25,808
-25,809
-25,810
-25,811
-25,812
-25,813
-25,814
-25,815
-25,816
-25,817
-25,818
-25,819
-25,820
-25,821
-25,822
-25,823
-25,824
-25,825
-25,826
-25,827
-25,828
-25,829
-25,830
-25,831
-25,832
-25,833
-25,834
-25,835
-25,836
-25,837
-25,838
-25,839
-25,840
-25,841
-25,842
-25,843
-25,844
-25,845
-25,846
-25,847
-25,848
-25,849
-25,850
-25,851
-25,852
-25,853
-25,854
-25,855
-25,856
-25,857
-25,858
-25,859
-25,860
-25,861
-25,862
-25,863
-25,864
-25,865
-25,866
-25,867
-25,868
-25,869
-25,870
-25,871
-25,872
-25,873
-25,874
-25,875
-25,876
-25,877
-25,878
-25,879
-25,880
-25,881
-25,882
-25,883
-25,884
-25,885
-25,886
-25,887
-25,888
-25,889
-25,890
-25,891
-25,892
-25,893
-25,894
-25,895
-25,896
-25,897
-25,898
-25,899
-25,900
-25,901
-25,902
-25,903
-25,904
-25,905
-25,906
-25,907
-25,908
-25,909
-25,910
-25,911
-25,912
-25,913
-25,914
-25,915
-25,916
-25,917
-25,918
-25,919
-25,920
-25,921
-25,922
-25,923
-25,924
-25,925
-25,926
-25,927
-25,928
-25,929
-25,930
-25,931
-25,932
-25,933
-25,934
-25,935
-25,936
-25,937
-25,938
-25,939
-25,940
-25,941
-25,942
-25,943
-25,944
-25,945
-25,946
-25,947
-25,948
-25,949
-25,950
-25,951
-25,952
-25,953
-25,954
-25,955
:24_5,956
:24_5,957
:24_5,958
:24_5,959
:24_5,960
:24_5,961
-20,962
-20,963
-20,964
-20,965
-20,966
-20,967
-20,968
-20,969
-20,970
-20,971
-20,972
-20,973
-20,974
-20,975
-20,976
-20,977
-20,978
-20,979
-20,980
-20,981
-20,982
-20,983
-20,984
-20,985
-20,986
-20,987
-20,988
-20,989
-20,990
-20,991
-20,992
-20,993
-20,994
-20,995
-20,996
-20,997
-20,998
-20,999
-20,1000
-20,1001
-20,1002
-20,1003
-20,1004
-20,1005
-20,1006
-20,1007
-20,1008
-20,1009
-20,1010
-20,1011
-20,1012
-20,1013
-20,1014
-20,1015
-20,1016
-20,1017
-20,1018
-20,1019
-20,1020
-20,1021
-20,1022
-20,1023
-20,1024
-20,1025
-20,1026
-20,1027
-20,1028
-20,1029
-20,1030
-20,1031
-20,1032
-20,1033
-20,1034
-20,1035
-20,1036
-20,1037
-20,1038
-20,1039
-20,1040
-20,1041
-20,1042
-20,1043
-20,1044
-20,1045
-20,1046
-20,1047
-20,1048
-20,1049
-20,1050
-20,1051
-20,1052
-20,1053
-20,1054
-20,1055
-20,1056
-20,1057
-20,1058
-20,1059
-20,1060
-20,1061
:23_4,1062
:23_4,1063
:23_4,1064
:23_4,1065
:23_4,1066
:23_4,1067
:23_4,1068
-19,1069
-19,1070
-19,1071
-19,1072
-19,1073
-19,1074
-19,1075
-19,1076
-19,1077
-19,1078
-19,1079
-19,1080
-19,1081
-19,1082
-19,1083
-19,1084
-19,1085
-19,1086
-19,1087
-19,1088
-19,1089
-19,1090
-19,1091
-19,1092
-19,1093
-19,1094
-19,1095
-19,1096
-19,1097
-19,1098
-19,1099
-19,1100
-19,1101
-19,1102
-19,1103
-19,1104
-19,1105
-19,1106
-19,1107
-19,1108
-19,1109
-19,1110
-19,1111
-19,1112
-19,1113
-19,1114
-19,1115
-19,1116
-19,1117
-19,1118
-19,1119
-19,1120
-19,1121
-19,1122
-19,1123
-19,1124
-19,1125
-19,1126
-19,1127
-19,1128
-19,1129
-19,1130
-19,1131
-19,1132
-19,1133
-19,1134
-19,1135
-19,1136
-19,1137
-19,1138
-19,1139
-19,1140
-19,1141
-19,1142
-19,1143
-19,1144
-19,1145
-19,1146
-19,1147
-19,1148
-19,1149
-19,1150
-19,1151
-19,1152
-19,1153
-19,1154
-19,1155
-19,1156
-19,1157
-19,1158
-19,1159
-19,1160
-19,1161
-19,1162
-19,1163
-19,1164
-19,1165
-19,1166
-19,1167
-19,1168
-19,1169
-19,1170
-19,1171
:22_2,1172
:22_2,1173
:22_16,1174
:22_16,1175
:22_16,1176
21,1177
21,1178
21,1179
21,1180
21,1181
21,1182
21,1183
21,1184
21,1185
21,1186
21,1187
21,1188
21,1189
21,1190
21,1191
21,1192
21,1193
21,1194
21,1195
21,1196
21,1197
21,1198
21,1199
21,1200
21,1201
21,1202
21,1203
21,1204
21,1205
21,1206
21,1207
21,1208
21,1209
21,1210
21,1211
21,1212
21,1213
21,1214
21,1215
21,1216
21,1217
21,1218
21,1219
21,1220
21,1221
21,1222
21,1223
21,1224
21,1225
21,1226
21,1227
21,1228
21,1229
21,1230
21,1231
21,1232
21,1233
21,1234
21,1235
21,1236
21,1237
21,1238
21,1239
21,1240
21,1241
21,1242
21,1243
21,1244
21,1245
21,1246
21,1247
21,1248
21,1249
21,1250
21,1251
21,1252
:25_1,1253
:25_1,1254
:25_1,1255
:25_1,1256
:25_1,1257
453,1258
453,1259
453,1260
453,1261
453,1262
453,1263
453,1264
453,1265
453,1266
453,1267
453,1268
453,1269
453,1270
453,1271
453,1272
453,1273
453,1274
453,1275
453,1276
453,1277
453,1278
453,1279
453,1280
453,1281
453,1282
453,1283
453,1284
453,1285
453,1286
453,1287
453,1288
453,1289
453,1290
453,1291
453,1292
453,1293
453,1294
453,1295
453,1296
453,1297
453,1298
453,1299
453,1300
453,1301
453,1302
453,1303
453,1304
453,1305
:278_7,1306
:278_7,1307
:278_7,1308
:278_7,1309
:278_7,1310
-288,1311
-288,1312
-288,1313
-288,1314
-288,1315
-288,1316
-288,1317
-288,1318
-288,1319
-288,1320
-288,1321
-288,1322
-288,1323
-288,1324
-288,1325
-288,1326
-288,1327
-288,1328
-288,1329
-288,1330
-288,1331
-288,1332
-288,1333
-288,1334
-288,1335
-288,1336
-288,1337
-288,1338
-288,1339
-288,1340
-288,1341
-288,1342
-288,1343
-288,1344
-288,1345
-288,1346
-288,1347
-288,1348
-288,1349
-287,1350
-287,1351
-287,1352
-287,1353
-287,1354
-287,1355
-287,1356
-287,1357
-287,1358
-287,1359
-287,1360
-287,1361
-287,1362
-287,1363
-287,1364
-287,1365
-287,1366
-287,1367
-287,1368
-287,1369
-287,1370
-287,1371
-287,1372
-287,1373
-287,1374
-287,1375
-287,1376
-287,1377
-287,1378
-287,1379
-287,1380
-287,1381
-287,1382
-287,1383
-287,1384
-287,1385
-287,1386
-287,1387
-287,1388
-287,1389
-287,1390
-287,1391
-287,1392
-287,1393
-287,1394
-287,1395
-287,1396
-287,1397
-287,1398
-287,1399
-287,1400
-287,1401
-287,1402
-287,1403
-287,1404
-287,1405
-287,1406
-287,1407
-287,1408
-287,1409
-287,1410
-287,1411
-287,1412
-287,1413
-287,1414
-286,1415
-286,1416
-286,1417
-286,1418
-286,1419
-286,1420
-286,1421
-286,1422
-286,1423
-286,1424
-286,1425
-286,1426
-286,1427
-286,1428
-286,1429
-286,1430
-286,1431
-286,1432
-286,1433
-286,1434
-286,1435
-286,1436
-286,1437
-286,1438
-286,1439
-286,1440
-286,1441
-286,1442
-286,1443
-286,1444
-286,1445
-286,1446
-286,1447
-286,1448
-286,1449
-286,1450
-286,1451
-286,1452
-286,1453
-286,1454
-286,1455
-286,1456
-286,1457
-286,1458
-286,1459
-286,1460
-286,1461
-286,1462
-286,1463
-286,1464
-286,1465
-286,1466
-286,1467
-286,1468
-286,1469
-286,1470
-286,1471
-286,1472
-285,1473
-285,1474
-285,1475
-285,1476
-285,1477
-285,1478
-285,1479
-285,1480
-285,1481
-285,1482
-285,1483
-285,1484
-285,1485
-285,1486
-285,1487
-285,1488
-285,1489
-285,1490
-285,1491
-285,1492
-285,1493
-285,1494
-285,1495
-285,1496
-285,1497
-285,1498
-285,1499
-285,1500
-285,1501
-285,1502
-285,1503
-285,1504
-285,1505
-285,1506
-285,1507
-285,1508
-285,1509
-285,1510
-285,1511
-285,1512
-285,1513
-285,1514
-285,1515
-285,1516
-285,1517
-285,1518
-285,1519
-285,1520
-285,1521
-285,1522
-285,1523
-285,1524
-285,1525
-285,1526
-284,1527
-284,1528
-284,1529
-284,1530
-284,1531
-284,1532
-284,1533
-284,1534
-284,1535
-284,1536
-284,1537
-284,1538
-284,1539
-284,1540
-284,1541
-284,1542
-284,1543
-284,1544
-284,1545
-284,1546
-284,1547
-284,1548
-284,1549
-284,1550
-284,1551
-284,1552
-284,1553
-284,1554
-284,1555
-284,1556
-284,1557
-284,1558
-284,1559
-284,1560
-284,1561
-284,1562
-284,1563
-284,1564
-284,1565
-284,1566
-284,1567
-284,1568
-284,1569
-284,1570
-284,1571
-284,1572
-284,1573
-284,1574
-284,1575
-284,1576
-284,1577
-284,1578
-284,1579
-284,1580
-284,1581
-284,1582
-284,1583
-284,1584
-284,1585
-284,1586
-284,1587
-284,1588
:248_0,1589
:248_0,1590
:248_0,1591
-247,1592
-247,1593
-247,1594
-247,1595
-247,1596
-247,1597
-247,1598
-247,1599
-247,1600
-247,1601
-247,1602
-247,1603
-247,1604
-247,1605
-247,1606
-247,1607
-247,1608
-247,1609
-247,1610
-247,1611
-247,1612
-247,1613
-247,1614
-247,1615
-247,1616
-247,1617
-247,1618
-247,1619
-247,1620
-247,1621
-247,1622
-247,1623
-247,1624
-247,1625
-247,1626
-247,1627
-247,1628
-247,1629
-247,1630
-247,1631
-247,1632
-247,1633
-247,1634
-247,1635
-247,1636
-247,1637
-247,1638
-247,1639
-247,1640
-247,1641
-247,1642
-247,1643
-247,1644
-247,1645
-247,1646
-247,1647
-247,1648
-247,1649
-247,1650
-247,1651
-247,1652
-247,1653
-247,1654
-247,1655
-247,1656
-247,1657
-247,1658
-247,1659
-247,1660
-247,1661
-247,1662
-247,1663
-247,1664
-247,1665
-247,1666
-247,1667
-247,1668
-247,1669
-247,1670
-247,1671
-247,1672
-247,1673
-247,1674
-247,1675
-247,1676
-247,1677
-247,1678
-247,1679
-247,1680
-247,1681
-247,1682
-247,1683
-247,1684
-247,1685
-247,1686
