-183,21
-183,22
-183,23
-183,24
-183,25
-183,26
-183,27
-183,28
-183,29
-183,30
-183,31
-183,32
-183,33
-183,34
-183,35
-183,36
-183,37
-183,38
-183,39
-183,40
-183,41
-183,42
-183,43
-183,44
-183,45
-183,46
-183,47
-183,48
-183,49
-183,50
-183,51
-183,52
-183,53
-183,54
-183,55
-183,56
-183,57
-183,58
-183,59
-183,60
-183,61
-183,62
-183,63
-183,64
-183,65
-183,66
-183,67
-183,68
-183,69
-183,70
-183,71
-183,72
-183,73
-183,74
-183,75
-183,76
-183,77
-183,78
-183,79
-183,80
-183,81
-183,82
-183,83
-183,84
-183,85
-183,86
-183,87
-183,88
-183,89
-183,90
-183,91
-183,92
-183,93
-183,94
-183,95
-183,96
-183,97
-183,98
-183,99
-183,100
-183,101
-183,102
-183,103
-183,104
-183,105
-183,106
-183,107
:194_0,108
:194_0,109
:194_0,110
:194_0,111
:194_0,112
182,113
182,114
182,115
182,116
182,117
182,118
182,119
182,120
182,121
182,122
182,123
182,124
182,125
182,126
182,127
182,128
182,129
182,130
182,131
182,132
182,133
182,134
182,135
182,136
182,137
182,138
182,139
182,140
182,141
182,142
182,143
182,144
182,145
182,146
182,147
182,148
182,149
182,150
182,151
182,152
182,153
182,154
182,155
182,156
182,157
182,158
182,159
182,160
182,161
182,162
182,163
182,164
182,165
182,166
182,167
182,168
182,169
182,170
182,171
182,172
182,173
:196_5,174
:196_5,175
:196_5,176
:196_5,177
:196_5,178
206,179
206,180
206,181
206,182
206,183
206,184
206,185
206,186
206,187
206,188
206,189
206,190
206,191
206,192
206,193
206,194
206,195
206,196
206,197
206,198
206,199
206,200
206,201
206,202
206,203
206,204
206,205
206,206
206,207
206,208
206,209
206,210
206,211
206,212
206,213
206,214
206,215
206,216
206,217
206,218
206,219
206,220
206,221
206,222
206,223
206,224
206,225
206,226
206,227
206,228
206,229
206,230
206,231
206,232
206,233
206,234
:103_4,235
:103_4,236
:103_4,237
:103_4,238
:103_4,239
-88,240
-88,241
-88,242
-88,243
-88,244
-88,245
-88,246
-88,247
-88,248
-88,249
-88,250
-88,251
-88,252
-88,253
-88,254
-88,255
-88,256
-88,257
-88,258
-88,259
-88,260
-88,261
-88,262
-88,263
-88,264
-88,265
-88,266
-88,267
-88,268
-88,269
-88,270
-88,271
-88,272
-88,273
-88,274
-88,275
-88,276
-88,277
-88,278
-88,279
-88,280
-88,281
-88,282
-88,283
-88,284
-88,285
-88,286
-88,287
-88,288
-88,289
-88,290
-88,291
-88,292
-88,293
-88,294
-88,295
-88,296
-88,297
-88,298
-88,299
-88,300
-88,301
-88,302
-88,303
-88,304
-88,305
-88,306
-88,307
-88,308
-88,309
-88,310
-88,311
-88,312
-88,313
-88,314
-88,315
-88,316
-88,317
-88,318
-88,319
-88,320
-88,321
:27_4,322
:27_4,323
:27_4,324
-23,325
-23,326
-23,327
-23,328
-23,329
-23,330
-23,331
-23,332
-23,333
-23,334
-23,335
-23,336
-23,337
-23,338
-23,339
-23,340
-23,341
-23,342
-23,343
-23,344
-23,345
-23,346
-23,347
-23,348
-23,349
-23,350
-23,351
-23,352
-23,353
-23,354
-23,355
-23,356
-23,357
-23,358
-23,359
-23,360
-23,361
-23,362
-23,363
-23,364
-23,365
-23,366
-23,367
-23,368
-23,369
-23,370
-23,371
-23,372
-23,373
-23,374
-23,375
-23,376
-23,377
-23,378
-23,379
-23,380
-23,381
-23,382
-23,383
-23,384
-23,385
-23,386
-23,387
-23,388
-23,389
-23,390
-23,391
-23,392
-23,393
-23,394
-23,395
-23,396
-23,397
-23,398
-23,399
-23,400
-23,401
-23,402
-23,403
-23,404
-23,405
-23,406
-23,407
-23,408
-23,409
-23,410
-23,411
-23,412
-23,413
-23,414
-23,415
-23,416
-23,417
-23,418
-23,419
-23,420
-23,421
-23,422
-23,423
-23,424
-23,425
-23,426
-23,427
-23,428
-23,429
-23,430
-23,431
-23,432
-23,433
-23,434
-23,435
-23,436
-23,437
-23,438
-23,439
-23,440
-23,441
-23,442
-23,443
-23,444
-23,445
-23,446
-23,447
-23,448
-23,449
-23,450
-23,451
-23,452
-23,453
-23,454
-23,455
-23,456
-23,457
-23,458
-23,459
-23,460
-23,461
-23,462
-23,463
-23,464
-23,465
-23,466
-23,467
-23,468
-23,469
-23,470
-23,471
-23,472
-23,473
-23,474
-23,475
-23,476
-23,477
-23,478
-23,479
-23,480
-23,481
-23,482
-23,483
-23,484
-23,485
-23,486
-23,487
-23,488
-23,489
-23,490
-23,491
-23,492
-23,493
-23,494
-23,495
-23,496
-23,497
-23,498
:22_9,499
:22_9,500
:22_9,501
:22_9,502
:22_9,503
:22_9,504
19,505
19,506
19,507
19,508
19,509
19,510
19,511
19,512
19,513
19,514
19,515
19,516
19,517
19,518
19,519
19,520
19,521
19,522
19,523
19,524
19,525
19,526
19,527
19,528
19,529
19,530
19,531
19,532
19,533
19,534
19,535
19,536
19,537
19,538
19,539
19,540
19,541
19,542
19,543
19,544
19,545
19,546
19,547
19,548
19,549
19,550
19,551
19,552
19,553
19,554
19,555
19,556
19,557
19,558
19,559
19,560
19,561
19,562
19,563
19,564
19,565
19,566
19,567
19,568
19,569
19,570
19,571
19,572
19,573
19,574
19,575
19,576
19,577
19,578
19,579
19,580
19,581
19,582
19,583
19,584
19,585
19,586
19,587
19,588
19,589
19,590
19,591
19,592
19,593
19,594
19,595
19,596
19,597
:23_6,598
:23_6,599
:23_6,600
:23_6,601
:23_6,602
:23_6,603
:23_6,604
20,605
20,606
20,607
20,608
20,609
20,610
20,611
20,612
20,613
20,614
20,615
20,616
20,617
20,618
20,619
20,620
20,621
20,622
20,623
20,624
20,625
20,626
20,627
20,628
20,629
20,630
20,631
20,632
20,633
20,634
20,635
20,636
20,637
20,638
20,639
20,640
20,641
20,642
20,643
20,644
20,645
20,646
20,647
20,648
20,649
20,650
20,651
20,652
20,653
20,654
20,655
20,656
20,657
20,658
20,659
20,660
20,661
20,662
20,663
20,664
20,665
20,666
20,667
20,668
20,669
20,670
20,671
20,672
20,673
20,674
20,675
20,676
20,677
20,678
20,679
20,680
20,681
20,682
20,683
20,684
20,685
20,686
20,687
20,688
20,689
20,690
20,691
20,692
20,693
20,694
:24_13,695
:24_13,696
:24_13,697
:24_13,698
:24_13,699
25,700
25,701
25,702
25,703
25,704
25,705
25,706
25,707
25,708
25,709
25,710
25,711
25,712
25,713
25,714
25,715
25,716
25,717
25,718
25,719
25,720
25,721
25,722
25,723
25,724
25,725
25,726
25,727
25,728
25,729
25,730
25,731
25,732
25,733
25,734
25,735
25,736
25,737
25,738
25,739
25,740
25,741
25,742
25,743
25,744
25,745
25,746
25,747
25,748
25,749
25,750
25,751
25,752
25,753
25,754
25,755
25,756
25,757
25,758
25,759
25,760
25,761
25,762
25,763
25,764
25,765
25,766
25,767
25,768
25,769
25,770
25,771
25,772
25,773
25,774
25,775
25,776
25,777
25,778
25,779
25,780
25,781
25,782
25,783
25,784
25,785
25,786
25,787
25,788
25,789
25,790
25,791
25,792
25,793
25,794
25,795
25,796
25,797
25,798
25,799
25,800
25,801
25,802
25,803
25,804
25,805
25,806
25,807
25,808
25,809
25,810
25,811
25,812
25,813
25,814
25,815
25,816
25,817
25,818
25,819
25,820
25,821
25,822
25,823
25,824
25,825
25,826
25,827
25,828
25,829
25,830
:29_13,831
:29_13,832
:29_13,833
:29_13,834
:29_13,835
210,836
210,837
210,838
210,839
210,840
210,841
210,842
210,843
210,844
210,845
210,846
210,847
210,848
210,849
210,850
210,851
210,852
210,853
210,854
210,855
210,856
210,857
210,858
210,859
210,860
210,861
210,862
210,863
210,864
210,865
210,866
210,867
210,868
210,869
210,870
210,871
210,872
210,873
210,874
210,875
210,876
210,877
210,878
210,879
210,880
210,881
210,882
210,883
210,884
210,885
210,886
210,887
210,888
210,889
210,890
210,891
210,892
210,893
210,894
210,895
210,896
210,897
210,898
210,899
210,900
210,901
210,902
210,903
210,904
210,905
210,906
210,907
210,908
210,909
210,910
210,911
210,912
210,913
210,914
210,915
210,916
210,917
210,918
210,919
210,920
210,921
210,922
210,923
210,924
210,925
210,926
:16_6,927
:16_6,928
:16_6,929
:16_6,930
:16_6,931
-14,932
-14,933
-14,934
-14,935
-14,936
-14,937
-14,938
-14,939
-14,940
-14,941
-14,942
-14,943
-14,944
-14,945
-14,946
-14,947
-14,948
-14,949
-14,950
-14,951
-14,952
-14,953
-14,954
-14,955
-14,956
-14,957
-14,958
-14,959
-14,960
-14,961
-14,962
-14,963
-14,964
-14,965
-14,966
-14,967
-14,968
-14,969
-14,970
-14,971
-14,972
-14,973
-14,974
-14,975
-14,976
-14,977
-14,978
-14,979
-14,980
-14,981
-14,982
-14,983
-14,984
-14,985
-14,986
-14,987
-14,988
-14,989
-14,990
-14,991
-14,992
-14,993
-14,994
-14,995
-14,996
-14,997
-14,998
-14,999
-14,1000
-14,1001
-14,1002
-14,1003
-14,1004
-14,1005
-14,1006
-14,1007
-14,1008
-14,1009
-14,1010
-14,1011
-14,1012
-14,1013
-14,1014
-14,1015
-14,1016
-14,1017
-14,1018
-14,1019
-14,1020
-14,1021
-14,1022
-14,1023
-14,1024
-14,1025
-14,1026
-14,1027
-14,1028
-14,1029
-14,1030
-14,1031
-14,1032
-14,1033
-14,1034
:14_1,1035
:14_1,1036
13,1037
13,1038
13,1039
13,1040
13,1041
13,1042
13,1043
13,1044
13,1045
13,1046
13,1047
13,1048
13,1049
13,1050
13,1051
13,1052
13,1053
13,1054
13,1055
13,1056
13,1057
13,1058
13,1059
13,1060
13,1061
13,1062
13,1063
13,1064
13,1065
13,1066
13,1067
13,1068
13,1069
13,1070
13,1071
13,1072
13,1073
13,1074
13,1075
13,1076
13,1077
13,1078
13,1079
13,1080
13,1081
13,1082
13,1083
13,1084
13,1085
13,1086
13,1087
13,1088
13,1089
13,1090
13,1091
13,1092
13,1093
13,1094
13,1095
13,1096
13,1097
13,1098
13,1099
13,1100
13,1101
13,1102
13,1103
13,1104
13,1105
13,1106
13,1107
13,1108
13,1109
13,1110
13,1111
13,1112
13,1113
13,1114
13,1115
13,1116
13,1117
13,1118
13,1119
13,1120
13,1121
13,1122
13,1123
13,1124
13,1125
13,1126
13,1127
13,1128
:15_3,1129
:15_3,1130
:15_3,1131
:15_3,1132
:15_3,1133
-375,1134
-375,1135
-375,1136
-375,1137
-375,1138
-375,1139
-375,1140
-375,1141
-375,1142
-375,1143
-375,1144
-375,1145
-375,1146
-375,1147
-375,1148
-375,1149
-375,1150
-375,1151
-375,1152
-375,1153
-375,1154
-375,1155
-375,1156
-375,1157
-375,1158
-375,1159
-375,1160
-375,1161
-375,1162
-375,1163
-375,1164
-375,1165
-375,1166
-375,1167
-375,1168
-375,1169
-375,1170
-375,1171
-375,1172
-375,1173
-375,1174
-375,1175
-375,1176
-375,1177
-375,1178
-375,1179
-375,1180
-375,1181
-375,1182
-375,1183
-375,1184
-375,1185
-375,1186
-375,1187
-375,1188
-375,1189
-375,1190
-375,1191
-375,1192
-375,1193
-375,1194
-375,1195
-375,1196
-375,1197
-375,1198
-375,1199
-375,1200
-375,1201
-375,1202
-375,1203
-375,1204
-375,1205
-375,1206
-375,1207
-375,1208
-375,1209
-375,1210
-375,1211
-375,1212
-375,1213
-375,1214
-375,1215
-375,1216
-375,1217
-375,1218
-375,1219
-375,1220
-375,1221
-375,1222
-375,1223
-375,1224
-375,1225
-375,1226
-375,1227
-375,1228
-375,1229
-375,1230
-375,1231
-375,1232
-374,1233
-374,1234
-374,1235
-374,1236
-374,1237
-374,1238
-374,1239
-374,1240
-374,1241
-374,1242
-374,1243
-374,1244
-374,1245
-374,1246
-374,1247
-374,1248
-374,1249
-374,1250
-374,1251
-374,1252
-374,1253
-374,1254
-374,1255
-374,1256
-374,1257
-374,1258
-374,1259
-374,1260
-374,1261
-374,1262
-374,1263
-374,1264
-374,1265
-374,1266
-374,1267
-374,1268
-374,1269
-374,1270
-374,1271
-374,1272
-374,1273
-374,1274
-374,1275
-374,1276
-374,1277
-374,1278
-374,1279
-374,1280
-374,1281
-374,1282
-374,1283
-374,1284
-374,1285
-374,1286
-374,1287
-374,1288
-374,1289
-374,1290
-374,1291
-374,1292
-374,1293
-374,1294
-374,1295
-374,1296
-374,1297
-374,1298
-374,1299
-374,1300
-374,1301
-374,1302
:230_8,1303
:230_8,1304
:230_8,1305
376,1306
376,1307
376,1308
376,1309
376,1310
376,1311
376,1312
376,1313
376,1314
376,1315
376,1316
376,1317
376,1318
376,1319
376,1320
376,1321
376,1322
376,1323
376,1324
376,1325
376,1326
376,1327
376,1328
376,1329
376,1330
376,1331
376,1332
376,1333
376,1334
376,1335
376,1336
376,1337
376,1338
376,1339
376,1340
376,1341
376,1342
376,1343
376,1344
376,1345
376,1346
376,1347
376,1348
376,1349
376,1350
376,1351
376,1352
376,1353
376,1354
376,1355
376,1356
376,1357
376,1358
376,1359
376,1360
376,1361
376,1362
376,1363
376,1364
376,1365
376,1366
376,1367
376,1368
376,1369
376,1370
376,1371
376,1372
376,1373
376,1374
376,1375
376,1376
376,1377
376,1378
376,1379
376,1380
376,1381
376,1382
376,1383
376,1384
376,1385
376,1386
376,1387
376,1388
376,1389
376,1390
376,1391
376,1392
376,1393
376,1394
376,1395
376,1396
376,1397
376,1398
376,1399
376,1400
376,1401
376,1402
376,1403
376,1404
376,1405
376,1406
376,1407
376,1408
376,1409
376,1410
376,1411
376,1412
376,1413
376,1414
376,1415
376,1416
376,1417
376,1418
376,1419
376,1420
376,1421
376,1422
376,1423
376,1424
376,1425
376,1426
376,1427
376,1428
376,1429
376,1430
376,1431
376,1432
376,1433
376,1434
376,1435
376,1436
376,1437
376,1438
376,1439
376,1440
376,1441
376,1442
376,1443
376,1444
376,1445
376,1446
376,1447
376,1448
376,1449
376,1450
376,1451
376,1452
376,1453
376,1454
376,1455
376,1456
376,1457
376,1458
376,1459
376,1460
376,1461
376,1462
376,1463
376,1464
376,1465
376,1466
376,1467
376,1468
376,1469
376,1470
376,1471
376,1472
376,1473
376,1474
