510,1
510,2
510,3
510,4
510,5
510,6
510,7
510,8
510,9
510,10
510,11
510,12
510,13
510,14
510,15
510,16
510,17
510,18
510,19
510,20
510,21
510,22
510,23
510,24
510,25
510,26
510,27
510,28
510,29
510,30
510,31
510,32
510,33
510,34
510,35
510,36
510,37
510,38
510,39
510,40
510,41
510,42
510,43
510,44
510,45
510,46
510,47
510,48
510,49
510,50
510,51
510,52
510,53
510,54
510,55
510,56
510,57
510,58
510,59
510,60
510,61
510,62
510,63
510,64
510,65
510,66
510,67
510,68
510,69
510,70
510,71
510,72
510,73
510,74
510,75
510,76
510,77
510,78
510,79
510,80
510,81
510,82
510,83
510,84
510,85
510,86
510,87
510,88
510,89
510,90
510,91
510,92
510,93
510,94
510,95
510,96
510,97
510,98
510,99
510,100
510,101
510,102
510,103
510,104
510,105
510,106
510,107
510,108
510,109
510,110
510,111
510,112
510,113
510,114
510,115
510,116
510,117
510,118
510,119
510,120
510,121
510,122
510,123
510,124
682,125
682,126
682,127
682,128
682,129
682,130
682,131
682,132
682,133
682,134
682,135
682,136
682,137
682,138
:5_11,139
:5_11,140
:5_11,141
50,142
50,143
50,144
50,145
50,146
50,147
50,148
50,149
50,150
50,151
50,152
50,153
50,154
50,155
50,156
50,157
50,158
50,159
50,160
50,161
50,162
50,163
50,164
50,165
50,166
50,167
50,168
50,169
50,170
50,171
50,172
50,173
50,174
50,175
50,176
50,177
50,178
50,179
50,180
50,181
50,182
50,183
50,184
50,185
50,186
50,187
50,188
50,189
50,190
50,191
50,192
50,193
50,194
50,195
50,196
50,197
50,198
50,199
50,200
50,201
50,202
50,203
50,204
50,205
50,206
50,207
50,208
50,209
50,210
50,211
50,212
50,213
50,214
50,215
50,216
50,217
50,218
50,219
50,220
50,221
50,222
50,223
50,224
50,225
50,226
50,227
50,228
50,229
50,230
50,231
50,232
50,233
50,234
50,235
50,236
50,237
50,238
50,239
50,240
50,241
50,242
50,243
50,244
50,245
50,246
50,247
50,248
50,249
50,250
50,251
50,252
50,253
50,254
50,255
50,256
50,257
50,258
50,259
50,260
50,261
50,262
50,263
50,264
50,265
50,266
50,267
50,268
50,269
50,270
50,271
50,272
50,273
:49_4,274
:49_4,275
:49_4,276
:49_4,277
:49_4,278
:49_4,279
-40,280
-40,281
-40,282
-40,283
-40,284
-40,285
-40,286
-40,287
-40,288
-40,289
-40,290
-40,291
-40,292
-40,293
-40,294
-40,295
-40,296
-40,297
-40,298
-40,299
-40,300
-40,301
-40,302
-40,303
-40,304
-40,305
-40,306
-40,307
-40,308
-40,309
-40,310
-40,311
-40,312
-40,313
-40,314
-40,315
-40,316
-40,317
-40,318
-40,319
-40,320
-40,321
-40,322
-40,323
-40,324
-40,325
-40,326
-40,327
-40,328
-40,329
-40,330
-40,331
-40,332
-40,333
-40,334
-40,335
-40,336
-40,337
-40,338
-40,339
-40,340
-40,341
-40,342
-40,343
-40,344
-40,345
-40,346
-40,347
-40,348
-40,349
-40,350
-40,351
-40,352
-40,353
-40,354
-40,355
-40,356
-40,357
-40,358
-40,359
-40,360
-40,361
-40,362
-40,363
-40,364
-40,365
-40,366
-40,367
-40,368
-40,369
-40,370
-40,371
-40,372
-40,373
-40,374
-40,375
-40,376
-40,377
-40,378
-40,379
-40,380
-40,381
-40,382
-40,383
-40,384
-40,385
-40,386
-40,387
-40,388
-40,389
-40,390
-40,391
-40,392
-40,393
-40,394
-40,395
-40,396
-40,397
-40,398
-40,399
-40,400
-40,401
-40,402
-40,403
-40,404
-40,405
-40,406
-40,407
-40,408
-40,409
-40,410
-40,411
-40,412
-40,413
-40,414
-40,415
-40,416
-40,417
-40,418
-40,419
-40,420
-40,421
-40,422
-40,423
-40,424
-40,425
-40,426
-40,427
-40,428
-40,429
-40,430
-40,431
-40,432
-40,433
-40,434
-40,435
-40,436
-40,437
-40,438
-40,439
-40,440
-40,441
-40,442
-40,443
-40,444
-40,445
-40,446
-40,447
-40,448
-40,449
-40,450
-40,451
-40,452
-40,453
-40,454
-40,455
-40,456
-40,457
-40,458
-40,459
-40,460
-40,461
-40,462
-40,463
-40,464
-40,465
-40,466
-40,467
-40,468
-40,469
-40,470
-40,471
-40,472
-40,473
-40,474
-40,475
-40,476
-40,477
-40,478
-40,479
-40,480
-40,481
-40,482
-40,483
-40,484
-40,485
-40,486
-40,487
-40,488
-40,489
-40,490
-40,491
-40,492
-40,493
-40,494
-40,495
-40,496
-40,497
-40,498
-40,499
-40,500
-40,501
-40,502
-40,503
-40,504
-40,505
-40,506
-40,507
-40,508
-40,509
-40,510
-40,511
-40,512
-40,513
-40,514
-40,515
-40,516
-40,517
-40,518
-40,519
-40,520
-40,521
-40,522
-40,523
-40,524
-40,525
-40,526
-40,527
-40,528
-40,529
-40,530
-40,531
-40,532
-40,533
-40,534
-40,535
-40,536
-40,537
-40,538
-40,539
-40,540
-40,541
-40,542
-40,543
-40,544
-40,545
-40,546
-40,547
-40,548
-40,549
-40,550
-40,551
-40,552
-40,553
-40,554
-40,555
-40,556
-40,557
-40,558
-40,559
-40,560
-40,561
-40,562
-40,563
-40,564
-40,565
-40,566
-40,567
-40,568
-40,569
-40,570
-40,571
-40,572
-40,573
-40,574
-40,575
-40,576
-40,577
-40,578
-40,579
-40,580
-40,581
-40,582
-40,583
-40,584
-40,585
-40,586
-40,587
-40,588
-40,589
-40,590
-40,591
-40,592
-40,593
-40,594
-40,595
-40,596
-40,597
-40,598
-40,599
-40,600
-40,601
-40,602
-40,603
-40,604
-40,605
-40,606
-40,607
-40,608
-40,609
-40,610
-40,611
-40,612
-40,613
-40,614
-40,615
-40,616
-40,617
-40,618
-40,619
-40,620
-40,621
-40,622
-40,623
-40,624
-40,625
-40,626
-40,627
-40,628
-40,629
-40,630
-40,631
-40,632
-40,633
-40,634
-40,635
-40,636
-40,637
-40,638
-40,639
-40,640
-40,641
-40,642
-40,643
-40,644
-40,645
-40,646
-40,647
-40,648
-40,649
-40,650
-40,651
-40,652
-40,653
-40,654
-40,655
-40,656
-40,657
-40,658
-40,659
-40,660
-40,661
-40,662
-40,663
-40,664
-40,665
-40,666
-40,667
-40,668
-40,669
-40,670
-40,671
-40,672
-40,673
-40,674
:48_4,675
:48_4,676
:48_4,677
41,678
41,679
41,680
41,681
41,682
41,683
41,684
41,685
41,686
41,687
41,688
41,689
41,690
41,691
41,692
41,693
41,694
41,695
41,696
41,697
41,698
41,699
41,700
41,701
41,702
41,703
41,704
41,705
41,706
41,707
41,708
41,709
41,710
41,711
41,712
41,713
41,714
41,715
41,716
41,717
41,718
41,719
41,720
41,721
41,722
41,723
41,724
41,725
41,726
41,727
41,728
41,729
41,730
41,731
41,732
41,733
41,734
41,735
41,736
41,737
41,738
41,739
41,740
41,741
41,742
41,743
41,744
41,745
41,746
41,747
41,748
41,749
41,750
41,751
41,752
41,753
41,754
41,755
41,756
41,757
41,758
41,759
41,760
41,761
41,762
41,763
41,764
41,765
41,766
41,767
41,768
41,769
41,770
41,771
41,772
41,773
41,774
41,775
41,776
41,777
41,778
41,779
41,780
41,781
41,782
41,783
41,784
41,785
41,786
41,787
41,788
41,789
41,790
41,791
41,792
41,793
41,794
41,795
41,796
41,797
41,798
41,799
41,800
41,801
41,802
41,803
41,804
41,805
41,806
41,807
41,808
41,809
41,810
41,811
41,812
41,813
41,814
41,815
41,816
41,817
41,818
41,819
41,820
41,821
41,822
41,823
41,824
41,825
41,826
41,827
41,828
41,829
41,830
41,831
41,832
41,833
41,834
41,835
41,836
41,837
41,838
41,839
41,840
41,841
41,842
41,843
41,844
41,845
41,846
41,847
41,848
41,849
41,850
41,851
41,852
41,853
41,854
41,855
41,856
41,857
41,858
41,859
41,860
41,861
41,862
41,863
41,864
41,865
41,866
41,867
41,868
41,869
41,870
41,871
41,872
41,873
41,874
41,875
41,876
41,877
41,878
41,879
41,880
41,881
41,882
41,883
41,884
41,885
41,886
41,887
41,888
41,889
41,890
41,891
41,892
41,893
41,894
41,895
41,896
41,897
41,898
41,899
41,900
41,901
41,902
41,903
41,904
41,905
41,906
41,907
41,908
41,909
41,910
41,911
41,912
41,913
41,914
41,915
41,916
41,917
41,918
41,919
41,920
41,921
41,922
41,923
41,924
41,925
41,926
41,927
41,928
41,929
41,930
41,931
41,932
41,933
41,934
41,935
41,936
41,937
41,938
41,939
41,940
41,941
41,942
41,943
41,944
41,945
41,946
41,947
41,948
41,949
41,950
41,951
41,952
41,953
41,954
41,955
41,956
41,957
41,958
41,959
41,960
41,961
41,962
41,963
41,964
41,965
41,966
41,967
41,968
41,969
41,970
41,971
41,972
41,973
41,974
41,975
41,976
41,977
41,978
41,979
41,980
41,981
41,982
41,983
41,984
41,985
41,986
41,987
41,988
41,989
41,990
41,991
41,992
41,993
41,994
41,995
41,996
41,997
41,998
41,999
41,1000
41,1001
41,1002
41,1003
41,1004
41,1005
41,1006
41,1007
41,1008
41,1009
41,1010
41,1011
41,1012
41,1013
41,1014
41,1015
41,1016
41,1017
41,1018
41,1019
41,1020
41,1021
41,1022
41,1023
41,1024
41,1025
41,1026
41,1027
41,1028
41,1029
41,1030
41,1031
41,1032
41,1033
41,1034
41,1035
41,1036
41,1037
41,1038
41,1039
41,1040
41,1041
41,1042
41,1043
41,1044
41,1045
41,1046
41,1047
41,1048
41,1049
41,1050
41,1051
41,1052
41,1053
41,1054
41,1055
41,1056
41,1057
41,1058
41,1059
41,1060
41,1061
41,1062
41,1063
41,1064
41,1065
41,1066
41,1067
41,1068
41,1069
41,1070
41,1071
41,1072
41,1073
41,1074
41,1075
41,1076
41,1077
41,1078
41,1079
41,1080
41,1081
41,1082
41,1083
41,1084
41,1085
41,1086
41,1087
41,1088
41,1089
41,1090
41,1091
41,1092
41,1093
41,1094
41,1095
41,1096
41,1097
41,1098
41,1099
41,1100
41,1101
41,1102
41,1103
41,1104
41,1105
41,1106
41,1107
41,1108
41,1109
41,1110
41,1111
41,1112
41,1113
41,1114
41,1115
41,1116
41,1117
41,1118
41,1119
41,1120
41,1121
41,1122
41,1123
41,1124
41,1125
41,1126
41,1127
41,1128
41,1129
41,1130
41,1131
41,1132
41,1133
41,1134
41,1135
41,1136
41,1137
41,1138
41,1139
41,1140
41,1141
41,1142
41,1143
41,1144
:6_6,1145
:6_15,1146
-684,1147
-684,1148
-684,1149
-684,1150
-684,1151
-684,1152
-684,1153
-684,1154
-684,1155
-684,1156
-684,1157
-684,1158
-684,1159
-684,1160
-684,1161
-684,1162
-684,1163
-684,1164
-684,1165
-684,1166
-684,1167
-684,1168
:373_4,1169
-685,1170
-685,1171
-685,1172
-685,1173
-685,1174
-685,1175
-685,1176
-685,1177
-685,1178
-685,1179
-685,1180
-685,1181
-685,1182
-685,1183
-685,1184
-685,1185
-685,1186
-685,1187
-685,1188
-685,1189
-685,1190
-685,1191
:13_0,1192
:13_0,1193
:13_0,1194
:13_0,1195
176,1196
176,1197
176,1198
176,1199
176,1200
176,1201
176,1202
176,1203
176,1204
176,1205
176,1206
176,1207
176,1208
176,1209
176,1210
176,1211
176,1212
176,1213
176,1214
176,1215
176,1216
176,1217
176,1218
176,1219
176,1220
176,1221
176,1222
176,1223
176,1224
176,1225
176,1226
176,1227
176,1228
176,1229
176,1230
176,1231
176,1232
176,1233
176,1234
176,1235
176,1236
176,1237
176,1238
176,1239
176,1240
176,1241
176,1242
176,1243
176,1244
176,1245
176,1246
176,1247
176,1248
176,1249
176,1250
176,1251
176,1252
176,1253
176,1254
176,1255
176,1256
176,1257
176,1258
176,1259
176,1260
176,1261
176,1262
176,1263
176,1264
176,1265
176,1266
176,1267
176,1268
176,1269
176,1270
176,1271
176,1272
176,1273
176,1274
176,1275
176,1276
176,1277
176,1278
176,1279
176,1280
176,1281
176,1282
176,1283
176,1284
176,1285
176,1286
176,1287
176,1288
176,1289
176,1290
176,1291
176,1292
176,1293
176,1294
176,1295
176,1296
176,1297
176,1298
176,1299
176,1300
176,1301
176,1302
176,1303
176,1304
176,1305
176,1306
176,1307
176,1308
176,1309
176,1310
176,1311
176,1312
:189_9,1313
:189_9,1314
:189_9,1315
:189_9,1316
:189_9,1317
:189_9,1318
212,1319
212,1320
212,1321
212,1322
212,1323
212,1324
212,1325
212,1326
212,1327
212,1328
212,1329
212,1330
212,1331
212,1332
212,1333
212,1334
212,1335
212,1336
212,1337
212,1338
212,1339
212,1340
212,1341
212,1342
212,1343
212,1344
212,1345
212,1346
212,1347
212,1348
212,1349
212,1350
212,1351
212,1352
212,1353
212,1354
212,1355
212,1356
212,1357
212,1358
212,1359
212,1360
212,1361
212,1362
212,1363
212,1364
212,1365
212,1366
212,1367
212,1368
:218_4,1369
:218_4,1370
:218_4,1371
:218_4,1372
:218_4,1373
-558,1374
-558,1375
-558,1376
-558,1377
-558,1378
-558,1379
-558,1380
-558,1381
-558,1382
-558,1383
-558,1384
-558,1385
-558,1386
-558,1387
-558,1388
-558,1389
-558,1390
-558,1391
-558,1392
-558,1393
-558,1394
-558,1395
-558,1396
-558,1397
-558,1398
-558,1399
-558,1400
-558,1401
-558,1402
-558,1403
-558,1404
-558,1405
-558,1406
-558,1407
-558,1408
-558,1409
-558,1410
-558,1411
-558,1412
-558,1413
-558,1414
-558,1415
-558,1416
-558,1417
-558,1418
-558,1419
-558,1420
-558,1421
-558,1422
-558,1423
-558,1424
-558,1425
-558,1426
-558,1427
-558,1428
-558,1429
-558,1430
-558,1431
-558,1432
-558,1433
-558,1434
-558,1435
-558,1436
-558,1437
-558,1438
-558,1439
-558,1440
-558,1441
-558,1442
-558,1443
-558,1444
-558,1445
-558,1446
-558,1447
-558,1448
-558,1449
-558,1450
-558,1451
-558,1452
-558,1453
-558,1454
-558,1455
-558,1456
-558,1457
-558,1458
-558,1459
-558,1460
