222,1
222,2
222,3
222,4
222,5
222,6
222,7
222,8
222,9
222,10
222,11
222,12
222,13
222,14
222,15
222,16
222,17
222,18
222,19
222,20
222,21
222,22
222,23
222,24
222,25
222,26
222,27
222,28
222,29
222,30
222,31
222,32
222,33
222,34
222,35
222,36
222,37
222,38
222,39
222,40
222,41
222,42
222,43
222,44
222,45
222,46
222,47
222,48
222,49
222,50
222,51
222,52
222,53
222,54
222,55
222,56
222,57
222,58
222,59
222,60
222,61
222,62
222,63
222,64
222,65
222,66
222,67
222,68
222,69
222,70
222,71
222,72
222,73
222,74
222,75
222,76
222,77
222,78
222,79
222,80
222,81
222,82
222,83
222,84
222,85
222,86
222,87
222,88
222,89
222,90
222,91
222,92
222,93
222,94
222,95
222,96
222,97
222,98
222,99
222,100
222,101
222,102
222,103
222,104
222,105
222,106
222,107
222,108
222,109
222,110
222,111
222,112
222,113
222,114
222,115
222,116
222,117
222,118
222,119
222,120
222,121
222,122
222,123
222,124
222,125
222,126
222,127
222,128
222,129
222,130
222,131
222,132
222,133
222,134
222,135
222,136
222,137
222,138
222,139
222,140
222,141
222,142
222,143
222,144
222,145
222,146
222,147
222,148
222,149
222,150
222,151
222,152
222,153
222,154
222,155
222,156
222,157
222,158
222,159
222,160
222,161
222,162
222,163
222,164
222,165
222,166
222,167
222,168
222,169
222,170
222,171
222,172
:228_4,173
:228_4,174
:228_4,175
:228_4,176
:228_4,177
223,178
223,179
223,180
223,181
223,182
223,183
223,184
223,185
223,186
223,187
223,188
223,189
223,190
223,191
223,192
223,193
223,194
223,195
223,196
223,197
223,198
223,199
223,200
223,201
223,202
223,203
223,204
223,205
223,206
223,207
223,208
223,209
223,210
223,211
223,212
223,213
223,214
223,215
223,216
223,217
223,218
223,219
223,220
223,221
223,222
223,223
223,224
223,225
223,226
223,227
223,228
223,229
223,230
223,231
223,232
223,233
223,234
223,235
223,236
223,237
223,238
223,239
223,240
223,241
223,242
223,243
223,244
223,245
223,246
223,247
223,248
223,249
223,250
223,251
223,252
223,253
223,254
223,255
223,256
223,257
223,258
223,259
223,260
223,261
223,262
223,263
223,264
223,265
223,266
223,267
223,268
223,269
223,270
:229_4,271
:229_4,272
:229_4,273
:229_4,274
:229_4,275
224,276
224,277
224,278
224,279
224,280
224,281
224,282
224,283
224,284
224,285
224,286
224,287
224,288
224,289
224,290
224,291
224,292
224,293
224,294
224,295
224,296
224,297
224,298
224,299
224,300
224,301
224,302
224,303
224,304
224,305
224,306
224,307
224,308
224,309
224,310
224,311
224,312
224,313
224,314
224,315
224,316
224,317
224,318
224,319
224,320
224,321
224,322
224,323
224,324
224,325
224,326
224,327
224,328
224,329
224,330
224,331
224,332
224,333
224,334
224,335
224,336
224,337
224,338
224,339
224,340
224,341
224,342
224,343
224,344
224,345
224,346
224,347
224,348
224,349
224,350
224,351
224,352
224,353
224,354
224,355
224,356
224,357
224,358
224,359
224,360
:230_1,361
:230_1,362
:230_1,363
:230_1,364
:230_1,365
:230_1,366
374,367
374,368
374,369
374,370
374,371
374,372
374,373
374,374
374,375
374,376
374,377
374,378
374,379
374,380
374,381
374,382
374,383
374,384
374,385
374,386
374,387
374,388
374,389
374,390
374,391
374,392
374,393
374,394
374,395
374,396
374,397
374,398
374,399
374,400
374,401
374,402
374,403
374,404
374,405
374,406
374,407
374,408
374,409
374,410
374,411
374,412
374,413
374,414
374,415
374,416
374,417
374,418
374,419
374,420
374,421
374,422
374,423
374,424
374,425
374,426
374,427
374,428
374,429
374,430
374,431
374,432
374,433
374,434
374,435
374,436
374,437
374,438
374,439
374,440
374,441
:340_0,442
375,443
375,444
375,445
375,446
375,447
375,448
375,449
375,450
375,451
375,452
375,453
375,454
375,455
375,456
375,457
375,458
375,459
375,460
375,461
375,462
375,463
375,464
375,465
375,466
375,467
375,468
375,469
375,470
375,471
375,472
375,473
375,474
375,475
375,476
375,477
375,478
375,479
375,480
375,481
375,482
375,483
375,484
375,485
375,486
375,487
375,488
375,489
375,490
375,491
375,492
375,493
375,494
375,495
375,496
375,497
375,498
375,499
375,500
375,501
375,502
375,503
375,504
375,505
375,506
375,507
375,508
375,509
375,510
375,511
375,512
375,513
375,514
375,515
375,516
375,517
375,518
375,519
375,520
375,521
375,522
375,523
375,524
375,525
375,526
375,527
375,528
375,529
375,530
375,531
375,532
375,533
375,534
375,535
375,536
375,537
375,538
375,539
375,540
375,541
375,542
375,543
375,544
375,545
375,546
375,547
:15_1,548
:15_1,549
:15_1,550
:15_1,551
:15_1,552
:15_1,553
-13,554
-13,555
-13,556
-13,557
-13,558
-13,559
-13,560
-13,561
-13,562
-13,563
-13,564
-13,565
-13,566
-13,567
-13,568
-13,569
-13,570
-13,571
-13,572
-13,573
-13,574
-13,575
-13,576
-13,577
-13,578
-13,579
-13,580
-13,581
-13,582
-13,583
-13,584
-13,585
-13,586
-13,587
-13,588
-13,589
-13,590
-13,591
-13,592
-13,593
-13,594
-13,595
-13,596
-13,597
-13,598
-13,599
-13,600
-13,601
-13,602
-13,603
-13,604
-13,605
-13,606
-13,607
-13,608
-13,609
-13,610
-13,611
-13,612
-13,613
-13,614
-13,615
-13,616
-13,617
-13,618
-13,619
-13,620
-13,621
-13,622
-13,623
-13,624
-13,625
-13,626
-13,627
-13,628
-13,629
-13,630
-13,631
-13,632
-13,633
-13,634
-13,635
-13,636
-13,637
-13,638
-13,639
-13,640
-13,641
-13,642
-13,643
-13,644
-13,645
-13,646
-13,647
-13,648
-13,649
-13,650
-13,651
:14_0,652
14,653
14,654
14,655
14,656
14,657
14,658
14,659
14,660
14,661
14,662
14,663
14,664
14,665
14,666
14,667
14,668
14,669
14,670
14,671
14,672
14,673
14,674
14,675
14,676
14,677
14,678
14,679
14,680
14,681
14,682
14,683
14,684
14,685
14,686
14,687
14,688
14,689
14,690
14,691
14,692
14,693
14,694
14,695
14,696
14,697
14,698
14,699
14,700
14,701
14,702
14,703
14,704
14,705
14,706
14,707
14,708
14,709
14,710
14,711
14,712
14,713
14,714
14,715
14,716
14,717
14,718
14,719
14,720
14,721
14,722
14,723
14,724
14,725
14,726
14,727
14,728
14,729
14,730
14,731
14,732
14,733
14,734
14,735
14,736
14,737
14,738
14,739
14,740
14,741
14,742
14,743
14,744
14,745
14,746
14,747
14,748
14,749
14,750
14,751
14,752
14,753
14,754
14,755
14,756
14,757
14,758
14,759
14,760
14,761
:16_4,762
:16_4,763
:16_4,764
:16_4,765
:16_4,766
:16_4,767
-210,768
-210,769
-210,770
-210,771
-210,772
-210,773
-210,774
-210,775
-210,776
-210,777
-210,778
-210,779
-210,780
-210,781
-210,782
-210,783
-210,784
-210,785
-210,786
-210,787
-210,788
-210,789
-210,790
-210,791
-210,792
-210,793
-210,794
-210,795
-210,796
-210,797
-210,798
-210,799
-210,800
-210,801
-210,802
-210,803
-210,804
-210,805
-210,806
-210,807
-210,808
-210,809
-210,810
-210,811
-210,812
-210,813
-210,814
-210,815
-210,816
-210,817
-210,818
-210,819
-210,820
-210,821
-210,822
-210,823
-210,824
-210,825
-210,826
-210,827
-210,828
-210,829
-210,830
-210,831
-210,832
-210,833
-210,834
-210,835
-210,836
-210,837
-210,838
-210,839
-210,840
-210,841
-210,842
-210,843
-210,844
-210,845
-210,846
-210,847
-210,848
-210,849
-210,850
-210,851
-210,852
-210,853
-210,854
-210,855
-210,856
-210,857
-210,858
-210,859
-210,860
-210,861
-210,862
-210,863
:29_5,864
:29_5,865
:29_5,866
:29_5,867
:29_5,868
:29_5,869
-25,870
-25,871
-25,872
-25,873
-25,874
-25,875
-25,876
-25,877
-25,878
-25,879
-25,880
-25,881
-25,882
-25,883
-25,884
-25,885
-25,886
-25,887
-25,888
-25,889
-25,890
-25,891
-25,892
-25,893
-25,894
-25,895
-25,896
-25,897
-25,898
-25,899
-25,900
-25,901
-25,902
-25,903
-25,904
-25,905
-25,906
-25,907
-25,908
-25,909
-25,910
-25,911
-25,912
-25,913
-25,914
-25,915
-25,916
-25,917
-25,918
-25,919
-25,920
-25,921
-25,922
-25,923
-25,924
-25,925
-25,926
-25,927
-25,928
-25,929
-25,930
-25,931
-25,932
-25,933
-25,934
-25,935
-25,936
-25,937
-25,938
-25,939
-25,940
-25,941
-25,942
-25,943
-25,944
-25,945
-25,946
-25,947
-25,948
-25,949
-25,950
-25,951
-25,952
-25,953
-25,954
-25,955
-25,956
-25,957
-25,958
-25,959
-25,960
-25,961
-25,962
-25,963
-25,964
-25,965
-25,966
-25,967
-25,968
-25,969
-25,970
-25,971
-25,972
-25,973
-25,974
-25,975
-25,976
-25,977
-25,978
-25,979
-25,980
-25,981
-25,982
-25,983
-25,984
-25,985
-25,986
-25,987
-25,988
-25,989
-25,990
-25,991
-25,992
-25,993
-25,994
-25,995
-25,996
-25,997
-25,998
-25,999
-25,1000
-25,1001
-25,1002
-25,1003
-25,1004
-25,1005
-25,1006
-25,1007
-25,1008
-25,1009
:24_5,1010
:24_5,1011
:24_5,1012
:24_5,1013
:24_5,1014
-20,1015
-20,1016
-20,1017
-20,1018
-20,1019
-20,1020
-20,1021
-20,1022
-20,1023
-20,1024
-20,1025
-20,1026
-20,1027
-20,1028
-20,1029
-20,1030
-20,1031
-20,1032
-20,1033
-20,1034
-20,1035
-20,1036
-20,1037
-20,1038
-20,1039
-20,1040
-20,1041
-20,1042
-20,1043
-20,1044
-20,1045
-20,1046
-20,1047
-20,1048
-20,1049
-20,1050
-20,1051
-20,1052
-20,1053
-20,1054
-20,1055
-20,1056
-20,1057
-20,1058
-20,1059
-20,1060
-20,1061
-20,1062
-20,1063
-20,1064
-20,1065
-20,1066
-20,1067
-20,1068
-20,1069
-20,1070
-20,1071
-20,1072
-20,1073
-20,1074
-20,1075
-20,1076
-20,1077
-20,1078
-20,1079
-20,1080
-20,1081
-20,1082
-20,1083
-20,1084
-20,1085
-20,1086
-20,1087
-20,1088
-20,1089
-20,1090
-20,1091
-20,1092
-20,1093
-20,1094
-20,1095
-20,1096
-20,1097
-20,1098
-20,1099
-20,1100
-20,1101
-20,1102
-20,1103
-20,1104
-20,1105
-20,1106
:23_4,1107
:23_4,1108
:23_4,1109
:23_4,1110
:23_4,1111
:23_4,1112
-19,1113
-19,1114
-19,1115
-19,1116
-19,1117
-19,1118
-19,1119
-19,1120
-19,1121
-19,1122
-19,1123
-19,1124
-19,1125
-19,1126
-19,1127
-19,1128
-19,1129
-19,1130
-19,1131
-19,1132
-19,1133
-19,1134
-19,1135
-19,1136
-19,1137
-19,1138
-19,1139
-19,1140
-19,1141
-19,1142
-19,1143
-19,1144
-19,1145
-19,1146
-19,1147
-19,1148
-19,1149
-19,1150
-19,1151
-19,1152
-19,1153
-19,1154
-19,1155
-19,1156
-19,1157
-19,1158
-19,1159
-19,1160
-19,1161
-19,1162
-19,1163
-19,1164
-19,1165
-19,1166
-19,1167
-19,1168
-19,1169
-19,1170
-19,1171
-19,1172
-19,1173
-19,1174
-19,1175
-19,1176
-19,1177
-19,1178
-19,1179
-19,1180
-19,1181
-19,1182
-19,1183
-19,1184
-19,1185
-19,1186
-19,1187
-19,1188
-19,1189
-19,1190
-19,1191
-19,1192
-19,1193
-19,1194
-19,1195
-19,1196
-19,1197
-19,1198
-19,1199
-19,1200
-19,1201
-19,1202
-19,1203
-19,1204
-19,1205
-19,1206
-19,1207
-19,1208
:22_2,1209
:22_2,1210
:22_16,1211
:22_16,1212
:22_16,1213
:22_16,1214
21,1215
21,1216
21,1217
21,1218
21,1219
21,1220
21,1221
21,1222
21,1223
21,1224
21,1225
21,1226
21,1227
21,1228
21,1229
21,1230
21,1231
21,1232
21,1233
21,1234
21,1235
21,1236
21,1237
21,1238
21,1239
21,1240
21,1241
21,1242
21,1243
21,1244
21,1245
21,1246
21,1247
21,1248
21,1249
21,1250
21,1251
21,1252
21,1253
21,1254
21,1255
21,1256
21,1257
21,1258
21,1259
21,1260
21,1261
21,1262
21,1263
21,1264
21,1265
21,1266
21,1267
21,1268
21,1269
21,1270
21,1271
21,1272
21,1273
21,1274
21,1275
21,1276
21,1277
21,1278
21,1279
21,1280
21,1281
21,1282
21,1283
21,1284
21,1285
21,1286
21,1287
21,1288
21,1289
21,1290
21,1291
21,1292
21,1293
21,1294
21,1295
21,1296
21,1297
:25_1,1298
:25_1,1299
:25_1,1300
:25_1,1301
:25_1,1302
453,1303
453,1304
453,1305
453,1306
453,1307
453,1308
453,1309
453,1310
453,1311
453,1312
453,1313
453,1314
453,1315
453,1316
453,1317
453,1318
453,1319
453,1320
453,1321
453,1322
453,1323
453,1324
453,1325
453,1326
453,1327
453,1328
453,1329
453,1330
453,1331
453,1332
453,1333
453,1334
453,1335
453,1336
453,1337
453,1338
453,1339
453,1340
453,1341
453,1342
453,1343
453,1344
453,1345
453,1346
453,1347
453,1348
453,1349
453,1350
453,1351
453,1352
453,1353
453,1354
453,1355
:278_7,1356
:278_7,1357
:278_7,1358
:278_7,1359
:278_7,1360
:278_7,1361
-288,1362
-288,1363
-288,1364
-288,1365
-288,1366
-288,1367
-288,1368
-288,1369
-288,1370
-288,1371
-288,1372
-288,1373
-288,1374
-288,1375
-288,1376
-288,1377
-288,1378
-288,1379
-288,1380
-288,1381
-288,1382
-288,1383
-288,1384
-288,1385
-288,1386
-288,1387
-288,1388
-288,1389
-288,1390
-288,1391
-288,1392
-288,1393
-288,1394
-288,1395
-288,1396
-288,1397
-288,1398
-288,1399
-288,1400
-288,1401
-288,1402
-288,1403
-288,1404
-287,1405
-287,1406
-287,1407
-287,1408
-287,1409
-287,1410
-287,1411
-287,1412
-287,1413
-287,1414
-287,1415
-287,1416
-287,1417
-287,1418
-287,1419
-287,1420
-287,1421
-287,1422
-287,1423
-287,1424
-287,1425
-287,1426
-287,1427
-287,1428
-287,1429
-287,1430
-287,1431
-287,1432
-287,1433
-287,1434
-287,1435
-287,1436
-287,1437
-287,1438
-287,1439
-287,1440
-287,1441
-287,1442
-287,1443
-287,1444
-287,1445
-287,1446
-287,1447
-287,1448
-287,1449
-287,1450
-287,1451
-287,1452
-287,1453
-287,1454
-287,1455
-287,1456
-287,1457
-287,1458
-287,1459
-287,1460
-287,1461
-287,1462
-287,1463
-287,1464
-287,1465
-287,1466
-287,1467
-287,1468
-287,1469
-287,1470
-287,1471
-287,1472
-287,1473
-287,1474
-287,1475
-287,1476
-286,1477
-286,1478
-286,1479
-286,1480
-286,1481
-286,1482
-286,1483
-286,1484
-286,1485
-286,1486
-286,1487
-286,1488
-286,1489
-286,1490
-286,1491
-286,1492
-286,1493
-286,1494
-286,1495
-286,1496
-286,1497
-286,1498
-286,1499
-286,1500
-286,1501
-286,1502
-286,1503
-286,1504
-286,1505
-286,1506
-286,1507
-286,1508
-286,1509
-286,1510
-286,1511
-286,1512
-286,1513
-286,1514
-286,1515
-286,1516
-286,1517
-286,1518
-286,1519
-286,1520
-286,1521
-286,1522
-286,1523
-286,1524
-286,1525
-286,1526
-286,1527
-286,1528
-286,1529
-286,1530
-286,1531
-286,1532
-286,1533
-286,1534
-286,1535
-286,1536
-286,1537
-286,1538
-286,1539
-286,1540
-285,1541
-285,1542
-285,1543
-285,1544
-285,1545
-285,1546
-285,1547
-285,1548
-285,1549
-285,1550
-285,1551
-285,1552
-285,1553
-285,1554
-285,1555
-285,1556
-285,1557
-285,1558
-285,1559
-285,1560
-285,1561
-285,1562
-285,1563
-285,1564
-285,1565
-285,1566
-285,1567
-285,1568
-285,1569
-285,1570
-285,1571
-285,1572
-285,1573
-285,1574
-285,1575
-285,1576
-285,1577
-285,1578
-285,1579
-285,1580
-285,1581
-285,1582
-285,1583
-285,1584
-285,1585
-285,1586
-285,1587
-285,1588
-285,1589
-285,1590
-285,1591
-285,1592
-285,1593
-285,1594
-285,1595
-285,1596
-285,1597
-285,1598
-285,1599
-284,1600
-284,1601
-284,1602
-284,1603
-284,1604
-284,1605
-284,1606
-284,1607
-284,1608
-284,1609
-284,1610
-284,1611
-284,1612
-284,1613
-284,1614
-284,1615
-284,1616
-284,1617
-284,1618
-284,1619
-284,1620
-284,1621
-284,1622
-284,1623
-284,1624
-284,1625
-284,1626
-284,1627
-284,1628
-284,1629
-284,1630
-284,1631
-284,1632
-284,1633
-284,1634
-284,1635
-284,1636
-284,1637
-284,1638
-284,1639
-284,1640
-284,1641
-284,1642
-284,1643
-284,1644
-284,1645
-284,1646
-284,1647
-284,1648
-284,1649
-284,1650
-284,1651
-284,1652
-284,1653
-284,1654
-284,1655
-284,1656
-284,1657
-284,1658
-284,1659
-284,1660
-284,1661
-284,1662
-284,1663
-284,1664
-284,1665
-284,1666
-284,1667
-284,1668
:248_0,1669
:248_0,1670
:248_0,1671
:248_0,1672
-247,1673
-247,1674
-247,1675
-247,1676
-247,1677
-247,1678
-247,1679
-247,1680
-247,1681
-247,1682
-247,1683
-247,1684
-247,1685
-247,1686
-247,1687
-247,1688
-247,1689
-247,1690
-247,1691
-247,1692
-247,1693
-247,1694
-247,1695
-247,1696
-247,1697
-247,1698
-247,1699
-247,1700
-247,1701
-247,1702
-247,1703
-247,1704
-247,1705
-247,1706
-247,1707
-247,1708
-247,1709
-247,1710
-247,1711
-247,1712
-247,1713
-247,1714
-247,1715
-247,1716
-247,1717
-247,1718
-247,1719
-247,1720
-247,1721
-247,1722
-247,1723
-247,1724
-247,1725
-247,1726
-247,1727
-247,1728
-247,1729
-247,1730
-247,1731
-247,1732
-247,1733
-247,1734
-247,1735
-247,1736
-247,1737
-247,1738
-247,1739
-247,1740
-247,1741
-247,1742
-247,1743
-247,1744
-247,1745
-247,1746
-247,1747
-247,1748
-247,1749
-247,1750
-247,1751
-247,1752
-247,1753
-247,1754
-247,1755
-247,1756
-247,1757
-247,1758
-247,1759
-247,1760
-247,1761
-247,1762
-247,1763
-247,1764
-247,1765
-247,1766
-247,1767
-247,1768
-247,1769
-247,1770
-247,1771
-247,1772
-247,1773
-247,1774
-247,1775
-247,1776
