-404,1
-404,2
-404,3
-404,4
-404,5
-404,6
-404,7
-404,8
-404,9
-404,10
-404,11
-404,12
-404,13
-404,14
-404,15
-404,16
-404,17
-404,18
-404,19
-404,20
-404,21
-404,22
-404,23
-404,24
-404,25
-404,26
-404,27
-404,28
-404,29
-404,30
-404,31
-404,32
-404,33
-404,34
-404,35
-404,36
-404,37
-404,38
-404,39
-404,40
-404,41
-404,42
-404,43
-404,44
-404,45
-404,46
-404,47
-404,48
-404,49
-404,50
-404,51
-404,52
-404,53
-404,54
-404,55
-404,56
-404,57
-404,58
-404,59
-404,60
-404,61
-404,62
-404,63
-404,64
-404,65
-404,66
-404,67
-404,68
-404,69
-404,70
-404,71
-404,72
-404,73
-404,74
-404,75
-404,76
-404,77
-404,78
-404,79
-404,80
-404,81
-404,82
-404,83
-404,84
-404,85
-404,86
-404,87
-404,88
-404,89
-404,90
-404,91
-404,92
-404,93
-404,94
-404,95
-404,96
-404,97
-404,98
-404,99
-404,100
-404,101
-404,102
-404,103
-404,104
-404,105
-404,106
-404,107
-404,108
-404,109
-404,110
-404,111
-404,112
-404,113
-404,114
-404,115
-404,116
-404,117
-404,118
-404,119
-404,120
-404,121
-404,122
-404,123
-404,124
-404,125
-404,126
-404,127
-404,128
-404,129
-404,130
-404,131
-404,132
-404,133
-404,134
-404,135
-404,136
-404,137
-404,138
-404,139
-404,140
-404,141
-404,142
-404,143
-404,144
-404,145
-404,146
-404,147
-404,148
-404,149
-404,150
-404,151
-404,152
-404,153
-404,154
-404,155
-404,156
-404,157
-404,158
-404,159
-404,160
-404,161
-404,162
-404,163
-404,164
-404,165
-404,166
-404,167
-404,168
-404,169
-404,170
-404,171
-404,172
-404,173
-404,174
-404,175
-404,176
-404,177
-404,178
-404,179
-404,180
-404,181
-404,182
-404,183
:269_3,184
:269_3,185
:269_3,186
:269_3,187
-276,188
-276,189
-276,190
-276,191
-276,192
-276,193
-276,194
-276,195
-276,196
-276,197
-276,198
-276,199
-276,200
-276,201
-276,202
-276,203
-276,204
-276,205
-276,206
-276,207
-276,208
-276,209
-276,210
-276,211
-276,212
-276,213
-276,214
-276,215
-276,216
-276,217
-276,218
-276,219
-276,220
-276,221
-276,222
-276,223
-276,224
-276,225
-276,226
-276,227
-276,228
-276,229
-276,230
-276,231
-276,232
-276,233
-276,234
-276,235
-276,236
-276,237
-276,238
-276,239
-276,240
-276,241
-276,242
-276,243
-276,244
-276,245
-276,246
-276,247
-276,248
-276,249
-276,250
-276,251
-276,252
-276,253
-276,254
-276,255
-276,256
-276,257
-276,258
-276,259
-276,260
-276,261
-276,262
-276,263
-276,264
-276,265
-276,266
-276,267
-276,268
-276,269
-276,270
-276,271
-276,272
-276,273
-276,274
-276,275
-276,276
-276,277
-276,278
-276,279
-276,280
-276,281
-276,282
-276,283
-276,284
-276,285
-276,286
-276,287
-276,288
-276,289
-276,290
-276,291
-276,292
-276,293
-276,294
-276,295
-276,296
-276,297
-276,298
-276,299
-276,300
-276,301
-276,302
-276,303
-276,304
-276,305
-276,306
-276,307
-276,308
-276,309
:261_10,310
:261_10,311
:261_18,312
:261_18,313
:261_18,314
:261_18,315
277,316
277,317
277,318
277,319
277,320
277,321
277,322
277,323
277,324
277,325
277,326
277,327
277,328
277,329
277,330
277,331
277,332
277,333
277,334
277,335
277,336
277,337
277,338
277,339
277,340
277,341
277,342
277,343
277,344
277,345
277,346
277,347
277,348
277,349
277,350
277,351
277,352
277,353
277,354
277,355
277,356
277,357
277,358
277,359
277,360
277,361
277,362
277,363
277,364
277,365
277,366
277,367
277,368
277,369
277,370
277,371
277,372
277,373
277,374
277,375
277,376
277,377
277,378
277,379
277,380
277,381
277,382
277,383
277,384
277,385
277,386
277,387
277,388
277,389
277,390
277,391
277,392
277,393
277,394
277,395
277,396
277,397
277,398
277,399
277,400
277,401
277,402
277,403
277,404
277,405
277,406
277,407
277,408
277,409
277,410
277,411
277,412
277,413
277,414
277,415
277,416
277,417
277,418
277,419
277,420
277,421
277,422
277,423
277,424
277,425
277,426
277,427
277,428
277,429
277,430
277,431
277,432
277,433
277,434
277,435
277,436
277,437
277,438
277,439
277,440
277,441
277,442
277,443
277,444
277,445
277,446
277,447
277,448
277,449
277,450
277,451
277,452
277,453
277,454
277,455
277,456
277,457
277,458
277,459
277,460
277,461
277,462
277,463
277,464
277,465
277,466
277,467
277,468
277,469
277,470
277,471
277,472
277,473
277,474
277,475
277,476
277,477
277,478
277,479
277,480
277,481
277,482
277,483
277,484
277,485
277,486
277,487
277,488
277,489
277,490
277,491
277,492
277,493
277,494
277,495
277,496
277,497
277,498
277,499
277,500
277,501
277,502
277,503
277,504
277,505
277,506
277,507
277,508
277,509
277,510
277,511
277,512
277,513
277,514
277,515
277,516
277,517
277,518
277,519
277,520
277,521
277,522
277,523
277,524
277,525
277,526
277,527
277,528
277,529
277,530
277,531
277,532
277,533
277,534
277,535
277,536
277,537
277,538
277,539
277,540
277,541
277,542
277,543
277,544
277,545
277,546
277,547
277,548
277,549
277,550
277,551
277,552
277,553
277,554
277,555
277,556
277,557
277,558
277,559
277,560
277,561
277,562
277,563
277,564
277,565
277,566
277,567
277,568
277,569
277,570
277,571
277,572
277,573
277,574
277,575
277,576
277,577
277,578
277,579
277,580
277,581
277,582
277,583
277,584
277,585
277,586
277,587
277,588
277,589
277,590
277,591
277,592
277,593
277,594
277,595
277,596
277,597
277,598
277,599
277,600
277,601
277,602
277,603
277,604
277,605
277,606
277,607
277,608
277,609
277,610
277,611
277,612
277,613
277,614
277,615
277,616
277,617
277,618
277,619
277,620
277,621
277,622
277,623
277,624
277,625
277,626
277,627
277,628
277,629
277,630
277,631
277,632
277,633
277,634
277,635
277,636
277,637
277,638
277,639
277,640
277,641
277,642
277,643
277,644
277,645
277,646
277,647
277,648
277,649
277,650
277,651
277,652
277,653
277,654
277,655
277,656
277,657
277,658
277,659
277,660
277,661
277,662
277,663
277,664
277,665
277,666
277,667
277,668
277,669
277,670
277,671
277,672
277,673
277,674
277,675
277,676
277,677
277,678
277,679
277,680
277,681
277,682
:91_4,683
:91_4,684
:91_4,685
:91_4,686
:91_4,687
:91_4,688
:91_4,689
:91_4,690
:91_4,691
80,692
80,693
80,694
80,695
80,696
80,697
80,698
80,699
80,700
80,701
80,702
80,703
80,704
80,705
80,706
80,707
80,708
80,709
80,710
80,711
80,712
80,713
80,714
80,715
80,716
80,717
80,718
80,719
80,720
80,721
80,722
80,723
80,724
80,725
80,726
80,727
80,728
80,729
80,730
80,731
80,732
80,733
80,734
80,735
80,736
80,737
80,738
80,739
80,740
80,741
80,742
80,743
80,744
80,745
80,746
80,747
80,748
80,749
80,750
80,751
80,752
80,753
80,754
80,755
80,756
80,757
80,758
80,759
80,760
80,761
80,762
80,763
80,764
80,765
80,766
80,767
80,768
80,769
80,770
80,771
80,772
80,773
80,774
80,775
80,776
80,777
80,778
80,779
80,780
80,781
80,782
80,783
80,784
80,785
80,786
80,787
80,788
80,789
80,790
80,791
80,792
80,793
80,794
80,795
80,796
80,797
80,798
80,799
80,800
80,801
80,802
80,803
80,804
80,805
80,806
80,807
80,808
80,809
80,810
80,811
80,812
80,813
80,814
80,815
80,816
80,817
80,818
80,819
80,820
