-413,1
-413,2
-413,3
-413,4
-413,5
-413,6
-413,7
-413,8
-413,9
-413,10
-413,11
-413,12
-413,13
-413,14
-413,15
-413,16
-413,17
-413,18
-413,19
-413,20
-413,21
-413,22
-413,23
-413,24
-413,25
-413,26
-413,27
-413,28
-413,29
-413,30
-413,31
-413,32
-413,33
-413,34
-413,35
-413,36
-413,37
-413,38
-413,39
-413,40
-413,41
-413,42
-413,43
-413,44
-413,45
-413,46
-413,47
-413,48
-413,49
-413,50
-413,51
-413,52
-413,53
-413,54
-413,55
-413,56
-413,57
-413,58
-413,59
-413,60
-413,61
-413,62
-413,63
-413,64
-413,65
-413,66
-413,67
-413,68
-413,69
-413,70
-413,71
-413,72
-413,73
-413,74
-413,75
-413,76
-413,77
-413,78
-413,79
-413,80
-413,81
-413,82
-413,83
-413,84
-413,85
-413,86
-413,87
:365_5,88
:365_5,89
:365_5,90
:365_5,91
:365_5,92
:365_5,93
411,94
411,95
411,96
411,97
411,98
411,99
411,100
411,101
411,102
411,103
411,104
411,105
411,106
411,107
411,108
411,109
411,110
411,111
411,112
411,113
411,114
411,115
411,116
411,117
411,118
411,119
411,120
411,121
411,122
411,123
411,124
411,125
411,126
411,127
411,128
411,129
411,130
411,131
411,132
411,133
411,134
411,135
411,136
411,137
411,138
411,139
411,140
411,141
411,142
411,143
411,144
411,145
411,146
411,147
411,148
411,149
411,150
411,151
411,152
411,153
411,154
411,155
411,156
411,157
411,158
411,159
411,160
411,161
411,162
411,163
411,164
411,165
411,166
411,167
411,168
411,169
411,170
411,171
411,172
411,173
411,174
411,175
411,176
411,177
411,178
411,179
411,180
411,181
411,182
411,183
:366_4,184
:366_4,185
:366_4,186
:366_4,187
:366_4,188
494,189
494,190
494,191
494,192
494,193
494,194
494,195
494,196
494,197
494,198
494,199
494,200
494,201
494,202
494,203
494,204
494,205
494,206
494,207
494,208
494,209
494,210
494,211
494,212
494,213
494,214
494,215
494,216
494,217
494,218
-611,219
-611,220
-611,221
-611,222
-611,223
-611,224
-611,225
-611,226
-611,227
-611,228
-611,229
-611,230
-611,231
-611,232
-611,233
-611,234
-611,235
-611,236
-611,237
-611,238
-611,239
-611,240
-611,241
-611,242
-611,243
-611,244
-611,245
-611,246
-611,247
-611,248
-611,249
-611,250
-611,251
-611,252
-611,253
-611,254
-611,255
-611,256
-611,257
-611,258
-611,259
-611,260
-611,261
-611,262
-611,263
-611,264
-611,265
-611,266
-611,267
-611,268
-611,269
-611,270
:402_0,271
:402_0,272
:402_0,273
:402_0,274
-473,275
-473,276
-473,277
-473,278
-473,279
-473,280
-473,281
-473,282
-473,283
-473,284
-473,285
-473,286
-473,287
-473,288
-473,289
-473,290
-473,291
-473,292
-473,293
-473,294
-473,295
-473,296
-473,297
-473,298
-473,299
-473,300
-473,301
-473,302
-473,303
-473,304
-473,305
-473,306
-473,307
-473,308
-473,309
-473,310
-473,311
-473,312
-473,313
-473,314
-473,315
-473,316
-473,317
-473,318
-473,319
-473,320
-473,321
-473,322
-473,323
-473,324
-473,325
-473,326
-473,327
-473,328
-473,329
-473,330
-473,331
-473,332
-473,333
-473,334
-473,335
-473,336
-473,337
-473,338
-473,339
-473,340
-473,341
-473,342
-473,343
-473,344
-473,345
-473,346
-473,347
-473,348
-473,349
-473,350
-473,351
-473,352
-473,353
-473,354
-473,355
-473,356
-473,357
-473,358
-473,359
-473,360
-473,361
-473,362
-473,363
-473,364
-473,365
-473,366
-473,367
-473,368
-473,369
-473,370
-473,371
-473,372
-473,373
-473,374
-473,375
-473,376
-473,377
-473,378
-473,379
-473,380
-473,381
-473,382
-473,383
-473,384
-473,385
-473,386
-473,387
-473,388
-473,389
-473,390
-473,391
-473,392
-473,393
-473,394
-473,395
-473,396
-473,397
-473,398
-473,399
-473,400
-473,401
-473,402
-473,403
-473,404
-473,405
-473,406
-473,407
-473,408
-473,409
-473,410
-473,411
-473,412
-473,413
-473,414
:381_9,415
:381_9,416
:381_9,417
:381_9,418
:381_9,419
:381_9,420
-472,421
-472,422
-472,423
-472,424
-472,425
-472,426
-472,427
-472,428
-472,429
-472,430
-472,431
-472,432
-472,433
-472,434
-472,435
-472,436
-472,437
-472,438
-472,439
-472,440
-472,441
-472,442
-472,443
-472,444
-472,445
-472,446
-472,447
-472,448
-472,449
-472,450
-472,451
-472,452
-472,453
-472,454
-472,455
-472,456
-472,457
-472,458
-472,459
-472,460
-472,461
-472,462
-472,463
-472,464
-472,465
-472,466
-472,467
-472,468
-472,469
-472,470
-472,471
-472,472
-472,473
-472,474
-472,475
-472,476
-472,477
-472,478
-472,479
-472,480
-472,481
-472,482
-472,483
-472,484
-472,485
-472,486
-472,487
-472,488
-472,489
-472,490
-472,491
-472,492
-472,493
-472,494
-472,495
-472,496
-472,497
-472,498
-472,499
-472,500
-472,501
-472,502
-472,503
-472,504
-472,505
-472,506
-472,507
-472,508
-472,509
-472,510
-472,511
-472,512
-472,513
-472,514
-472,515
-472,516
-472,517
-472,518
-472,519
-472,520
-472,521
-472,522
-472,523
-472,524
-472,525
-472,526
-472,527
-472,528
-472,529
-472,530
-472,531
-472,532
-472,533
-472,534
-472,535
-472,536
-472,537
:288_3,538
:288_3,539
:288_3,540
-301,541
-301,542
-301,543
-301,544
-301,545
-301,546
-301,547
-301,548
-301,549
-301,550
-301,551
-301,552
-301,553
-301,554
-301,555
-301,556
-301,557
-301,558
-301,559
-301,560
-301,561
-301,562
-301,563
-301,564
-301,565
-301,566
-301,567
-301,568
-301,569
-301,570
-301,571
-301,572
-301,573
-301,574
-301,575
-301,576
-301,577
-301,578
-301,579
-301,580
-301,581
-301,582
-301,583
-301,584
-301,585
-301,586
-301,587
-301,588
-301,589
-301,590
-301,591
-301,592
-301,593
-301,594
-301,595
-301,596
-301,597
-301,598
-301,599
-301,600
-301,601
-301,602
-301,603
-301,604
-301,605
-301,606
-301,607
-301,608
-301,609
-301,610
-301,611
-301,612
-301,613
-301,614
-301,615
-301,616
-301,617
-301,618
-301,619
-301,620
-301,621
-301,622
-301,623
-301,624
-301,625
-301,626
-301,627
-301,628
-301,629
-301,630
-301,631
-301,632
-301,633
-301,634
-301,635
-301,636
-301,637
-301,638
-301,639
-301,640
-301,641
-301,642
-301,643
-301,644
-301,645
-301,646
-301,647
-301,648
-301,649
-301,650
-301,651
-301,652
-301,653
-301,654
-301,655
-301,656
-301,657
-301,658
-301,659
-301,660
-301,661
-301,662
-301,663
-301,664
-301,665
-301,666
-301,667
-301,668
-301,669
-301,670
-301,671
-301,672
-301,673
-301,674
-301,675
-301,676
-301,677
-301,678
-301,679
-301,680
-301,681
-301,682
-301,683
-301,684
-301,685
-301,686
-301,687
-301,688
-301,689
-301,690
-301,691
-301,692
-301,693
-301,694
-301,695
-301,696
-301,697
-301,698
-301,699
-301,700
-301,701
-301,702
-301,703
-301,704
-301,705
-301,706
-301,707
-301,708
-301,709
-301,710
-301,711
-301,712
-301,713
-301,714
-301,715
-301,716
-301,717
-301,718
-301,719
-301,720
-301,721
-301,722
-301,723
-301,724
-301,725
-301,726
-301,727
-301,728
-301,729
-301,730
-301,731
-301,732
-301,733
-301,734
-301,735
-301,736
-301,737
-301,738
-301,739
-301,740
-301,741
-301,742
-301,743
-301,744
-301,745
-301,746
-301,747
-301,748
-301,749
-301,750
-301,751
-301,752
-301,753
-301,754
-301,755
-301,756
-301,757
-301,758
-301,759
-301,760
-301,761
-301,762
-301,763
-301,764
-301,765
-301,766
-301,767
-301,768
-301,769
-301,770
-301,771
-301,772
-301,773
-301,774
-301,775
-301,776
-301,777
-301,778
-301,779
-301,780
-301,781
-301,782
-301,783
-301,784
-301,785
-301,786
-301,787
-301,788
-301,789
-301,790
-301,791
-301,792
-301,793
-301,794
-301,795
-301,796
-301,797
-301,798
-301,799
-301,800
-301,801
-301,802
-301,803
-301,804
-301,805
-301,806
-301,807
-301,808
-301,809
-301,810
-301,811
-301,812
-301,813
-301,814
-301,815
-301,816
-301,817
-301,818
-301,819
-301,820
-301,821
-301,822
:285_10,823
:285_10,824
:285_10,825
:285_18,826
:285_18,827
:285_18,828
298,829
298,830
298,831
298,832
298,833
298,834
298,835
298,836
298,837
298,838
298,839
298,840
298,841
298,842
298,843
298,844
298,845
298,846
298,847
298,848
298,849
298,850
298,851
298,852
298,853
298,854
298,855
298,856
298,857
298,858
298,859
298,860
298,861
298,862
298,863
298,864
298,865
298,866
298,867
298,868
298,869
298,870
298,871
298,872
298,873
298,874
298,875
298,876
298,877
298,878
298,879
298,880
298,881
298,882
298,883
298,884
298,885
298,886
298,887
298,888
298,889
298,890
298,891
298,892
298,893
298,894
298,895
298,896
298,897
298,898
298,899
298,900
298,901
298,902
298,903
:286_9,904
:286_9,905
:286_9,906
:286_9,907
:286_9,908
:286_9,909
477,910
477,911
477,912
477,913
477,914
477,915
477,916
477,917
477,918
477,919
477,920
477,921
477,922
477,923
477,924
477,925
477,926
477,927
477,928
477,929
477,930
477,931
477,932
477,933
477,934
477,935
477,936
477,937
477,938
477,939
477,940
477,941
477,942
477,943
477,944
477,945
477,946
477,947
477,948
477,949
477,950
477,951
477,952
477,953
477,954
477,955
477,956
477,957
477,958
477,959
477,960
477,961
477,962
477,963
477,964
477,965
477,966
477,967
477,968
477,969
477,970
477,971
477,972
477,973
477,974
477,975
477,976
477,977
477,978
477,979
477,980
477,981
477,982
477,983
477,984
477,985
477,986
477,987
477,988
477,989
477,990
477,991
477,992
477,993
477,994
477,995
477,996
477,997
477,998
477,999
477,1000
477,1001
:158_9,1002
:158_9,1003
:158_9,1004
:158_9,1005
:158_9,1006
:158_9,1007
-143,1008
-143,1009
-143,1010
-143,1011
-143,1012
-143,1013
-143,1014
-143,1015
-143,1016
-143,1017
-143,1018
-143,1019
-143,1020
-143,1021
-143,1022
-143,1023
-143,1024
-143,1025
-143,1026
-143,1027
-143,1028
-143,1029
-143,1030
-143,1031
-143,1032
-143,1033
-143,1034
-143,1035
-143,1036
-143,1037
-143,1038
-143,1039
-143,1040
-143,1041
-143,1042
-143,1043
-143,1044
-143,1045
-143,1046
-143,1047
-143,1048
-143,1049
-143,1050
-143,1051
-143,1052
-143,1053
-143,1054
-143,1055
-143,1056
-143,1057
-143,1058
-143,1059
-143,1060
-143,1061
-143,1062
-143,1063
-143,1064
-143,1065
-143,1066
-143,1067
-143,1068
-143,1069
-143,1070
-143,1071
-143,1072
-143,1073
-143,1074
-143,1075
-143,1076
-143,1077
-143,1078
-143,1079
-143,1080
-143,1081
:135_4,1082
:135_4,1083
:135_4,1084
:135_4,1085
:135_4,1086
:135_4,1087
144,1088
144,1089
144,1090
144,1091
144,1092
144,1093
144,1094
144,1095
144,1096
144,1097
144,1098
144,1099
144,1100
144,1101
144,1102
144,1103
144,1104
144,1105
144,1106
144,1107
144,1108
144,1109
144,1110
144,1111
144,1112
144,1113
144,1114
144,1115
144,1116
144,1117
144,1118
144,1119
144,1120
144,1121
144,1122
144,1123
144,1124
144,1125
144,1126
144,1127
144,1128
144,1129
144,1130
144,1131
144,1132
144,1133
144,1134
144,1135
144,1136
144,1137
144,1138
144,1139
144,1140
144,1141
144,1142
144,1143
144,1144
144,1145
144,1146
144,1147
144,1148
144,1149
144,1150
144,1151
144,1152
144,1153
144,1154
144,1155
144,1156
144,1157
144,1158
144,1159
144,1160
144,1161
144,1162
144,1163
144,1164
144,1165
144,1166
144,1167
144,1168
144,1169
144,1170
144,1171
144,1172
144,1173
144,1174
144,1175
144,1176
144,1177
144,1178
144,1179
144,1180
144,1181
144,1182
144,1183
144,1184
144,1185
144,1186
144,1187
144,1188
144,1189
144,1190
144,1191
144,1192
144,1193
144,1194
144,1195
144,1196
144,1197
144,1198
144,1199
144,1200
144,1201
144,1202
144,1203
144,1204
144,1205
144,1206
144,1207
144,1208
144,1209
144,1210
144,1211
144,1212
144,1213
144,1214
144,1215
144,1216
144,1217
144,1218
144,1219
144,1220
144,1221
144,1222
144,1223
144,1224
144,1225
144,1226
144,1227
144,1228
144,1229
144,1230
144,1231
144,1232
144,1233
144,1234
144,1235
144,1236
144,1237
144,1238
144,1239
144,1240
144,1241
144,1242
144,1243
144,1244
144,1245
144,1246
144,1247
144,1248
144,1249
144,1250
144,1251
144,1252
144,1253
144,1254
144,1255
144,1256
144,1257
144,1258
144,1259
144,1260
144,1261
144,1262
144,1263
144,1264
144,1265
144,1266
144,1267
144,1268
144,1269
144,1270
144,1271
144,1272
144,1273
144,1274
144,1275
144,1276
144,1277
144,1278
144,1279
144,1280
144,1281
144,1282
144,1283
144,1284
144,1285
144,1286
144,1287
144,1288
144,1289
144,1290
144,1291
144,1292
144,1293
144,1294
144,1295
144,1296
144,1297
144,1298
144,1299
144,1300
144,1301
144,1302
144,1303
144,1304
144,1305
144,1306
144,1307
144,1308
144,1309
144,1310
144,1311
144,1312
144,1313
144,1314
144,1315
144,1316
144,1317
144,1318
144,1319
144,1320
144,1321
144,1322
144,1323
144,1324
144,1325
144,1326
144,1327
144,1328
144,1329
144,1330
144,1331
144,1332
144,1333
144,1334
144,1335
144,1336
144,1337
144,1338
144,1339
144,1340
144,1341
144,1342
144,1343
144,1344
144,1345
144,1346
144,1347
144,1348
144,1349
144,1350
144,1351
144,1352
144,1353
144,1354
144,1355
144,1356
144,1357
144,1358
144,1359
144,1360
144,1361
144,1362
144,1363
144,1364
144,1365
144,1366
144,1367
144,1368
144,1369
144,1370
144,1371
144,1372
144,1373
:159_0,1374
:159_0,1375
:159_0,1376
:159_0,1377
:159_0,1378
:159_0,1379
399,1380
399,1381
399,1382
399,1383
399,1384
399,1385
399,1386
399,1387
399,1388
399,1389
399,1390
399,1391
399,1392
399,1393
399,1394
399,1395
399,1396
399,1397
399,1398
399,1399
399,1400
399,1401
399,1402
399,1403
399,1404
399,1405
399,1406
399,1407
399,1408
399,1409
399,1410
399,1411
399,1412
399,1413
399,1414
399,1415
399,1416
399,1417
399,1418
399,1419
399,1420
399,1421
399,1422
399,1423
399,1424
399,1425
399,1426
399,1427
399,1428
399,1429
399,1430
399,1431
399,1432
399,1433
399,1434
399,1435
399,1436
399,1437
399,1438
399,1439
399,1440
399,1441
399,1442
399,1443
399,1444
399,1445
399,1446
399,1447
399,1448
399,1449
399,1450
399,1451
399,1452
399,1453
399,1454
399,1455
399,1456
399,1457
399,1458
399,1459
399,1460
399,1461
399,1462
399,1463
399,1464
399,1465
399,1466
399,1467
399,1468
399,1469
399,1470
399,1471
399,1472
399,1473
399,1474
399,1475
399,1476
399,1477
399,1478
399,1479
399,1480
399,1481
399,1482
399,1483
399,1484
399,1485
399,1486
399,1487
399,1488
399,1489
399,1490
399,1491
399,1492
399,1493
399,1494
399,1495
399,1496
399,1497
399,1498
399,1499
399,1500
399,1501
399,1502
399,1503
399,1504
399,1505
399,1506
399,1507
399,1508
399,1509
399,1510
399,1511
399,1512
399,1513
399,1514
399,1515
:169_0,1516
:169_0,1517
:169_0,1518
:169_0,1519
:169_0,1520
:169_0,1521
-153,1522
-153,1523
-153,1524
-153,1525
-153,1526
-153,1527
-153,1528
-153,1529
-153,1530
-153,1531
-153,1532
-153,1533
-153,1534
-153,1535
-153,1536
-153,1537
-153,1538
-153,1539
-153,1540
-153,1541
-153,1542
-153,1543
-153,1544
-153,1545
-153,1546
-153,1547
-153,1548
-153,1549
-153,1550
-153,1551
-153,1552
-153,1553
-153,1554
-153,1555
-153,1556
-153,1557
-153,1558
-153,1559
-153,1560
-153,1561
-153,1562
-153,1563
-153,1564
-153,1565
-153,1566
-153,1567
-153,1568
-153,1569
-153,1570
-153,1571
-153,1572
-153,1573
-153,1574
-153,1575
-153,1576
-153,1577
-153,1578
-153,1579
-153,1580
-153,1581
-153,1582
-153,1583
-153,1584
-153,1585
-153,1586
-153,1587
-153,1588
-153,1589
-153,1590
-153,1591
-153,1592
-153,1593
-153,1594
-153,1595
-153,1596
-153,1597
-153,1598
-153,1599
-153,1600
-153,1601
-153,1602
-153,1603
-153,1604
-153,1605
-153,1606
-153,1607
-153,1608
-153,1609
-153,1610
-153,1611
-153,1612
-153,1613
-153,1614
-153,1615
-153,1616
-153,1617
-153,1618
-153,1619
-153,1620
-153,1621
-153,1622
-153,1623
-153,1624
-153,1625
-153,1626
-153,1627
-153,1628
-153,1629
-153,1630
-153,1631
-153,1632
-153,1633
-153,1634
-153,1635
-153,1636
-153,1637
-153,1638
-153,1639
-153,1640
-153,1641
-153,1642
-153,1643
-153,1644
-153,1645
-153,1646
-153,1647
-153,1648
-153,1649
-153,1650
-153,1651
-153,1652
-153,1653
-153,1654
-153,1655
-153,1656
-153,1657
-153,1658
-153,1659
:166_0,1660
:166_0,1661
:166_0,1662
:166_0,1663
154,1664
154,1665
154,1666
154,1667
154,1668
154,1669
154,1670
154,1671
154,1672
154,1673
154,1674
154,1675
154,1676
154,1677
154,1678
154,1679
154,1680
154,1681
154,1682
154,1683
154,1684
154,1685
154,1686
154,1687
154,1688
154,1689
154,1690
154,1691
154,1692
154,1693
154,1694
154,1695
154,1696
154,1697
154,1698
154,1699
154,1700
154,1701
154,1702
154,1703
154,1704
154,1705
154,1706
154,1707
154,1708
154,1709
154,1710
154,1711
154,1712
154,1713
154,1714
154,1715
154,1716
154,1717
154,1718
154,1719
154,1720
154,1721
154,1722
154,1723
154,1724
154,1725
154,1726
154,1727
154,1728
154,1729
154,1730
154,1731
154,1732
154,1733
154,1734
154,1735
154,1736
154,1737
154,1738
154,1739
154,1740
154,1741
154,1742
154,1743
154,1744
154,1745
154,1746
154,1747
154,1748
154,1749
154,1750
154,1751
154,1752
154,1753
154,1754
154,1755
154,1756
154,1757
154,1758
154,1759
154,1760
154,1761
154,1762
154,1763
154,1764
154,1765
154,1766
154,1767
154,1768
154,1769
154,1770
154,1771
154,1772
154,1773
154,1774
154,1775
154,1776
154,1777
154,1778
154,1779
154,1780
154,1781
154,1782
154,1783
154,1784
154,1785
154,1786
154,1787
154,1788
154,1789
154,1790
154,1791
154,1792
154,1793
154,1794
154,1795
154,1796
154,1797
154,1798
154,1799
154,1800
154,1801
154,1802
154,1803
154,1804
154,1805
154,1806
154,1807
154,1808
154,1809
154,1810
154,1811
154,1812
154,1813
154,1814
154,1815
154,1816
154,1817
154,1818
154,1819
154,1820
154,1821
154,1822
154,1823
154,1824
154,1825
154,1826
154,1827
154,1828
154,1829
154,1830
154,1831
154,1832
154,1833
154,1834
154,1835
154,1836
154,1837
154,1838
154,1839
154,1840
154,1841
154,1842
154,1843
154,1844
154,1845
154,1846
154,1847
154,1848
154,1849
154,1850
154,1851
154,1852
154,1853
154,1854
154,1855
154,1856
154,1857
154,1858
154,1859
154,1860
154,1861
154,1862
154,1863
154,1864
154,1865
154,1866
154,1867
154,1868
154,1869
154,1870
154,1871
154,1872
154,1873
154,1874
154,1875
154,1876
154,1877
154,1878
154,1879
154,1880
154,1881
154,1882
154,1883
154,1884
154,1885
154,1886
154,1887
154,1888
154,1889
154,1890
154,1891
154,1892
154,1893
154,1894
154,1895
154,1896
154,1897
154,1898
154,1899
154,1900
154,1901
154,1902
154,1903
154,1904
154,1905
154,1906
154,1907
154,1908
154,1909
154,1910
154,1911
154,1912
154,1913
154,1914
154,1915
154,1916
154,1917
154,1918
154,1919
154,1920
154,1921
154,1922
154,1923
154,1924
154,1925
154,1926
154,1927
154,1928
154,1929
154,1930
154,1931
154,1932
154,1933
154,1934
154,1935
154,1936
154,1937
154,1938
154,1939
:170_5,1940
:170_5,1941
:170_5,1942
:170_5,1943
:170_5,1944
:170_5,1945
:170_5,1946
-196,1947
-196,1948
-196,1949
-196,1950
-196,1951
-196,1952
-196,1953
-196,1954
-196,1955
-196,1956
-196,1957
-196,1958
-196,1959
-196,1960
-196,1961
-196,1962
-196,1963
-196,1964
-196,1965
-196,1966
-196,1967
-196,1968
-196,1969
-196,1970
-196,1971
-196,1972
-196,1973
-196,1974
-196,1975
-196,1976
-196,1977
-196,1978
-196,1979
-196,1980
-196,1981
-196,1982
-196,1983
-196,1984
-196,1985
-196,1986
-196,1987
-196,1988
-196,1989
-196,1990
-196,1991
-196,1992
-196,1993
-196,1994
-196,1995
-196,1996
-196,1997
-196,1998
-196,1999
-196,2000
