324,1
324,2
324,3
324,4
324,5
324,6
324,7
324,8
324,9
324,10
324,11
324,12
324,13
324,14
324,15
324,16
324,17
324,18
324,19
324,20
324,21
324,22
324,23
324,24
324,25
324,26
324,27
324,28
324,29
324,30
324,31
324,32
324,33
324,34
324,35
324,36
324,37
324,38
324,39
324,40
324,41
324,42
324,43
324,44
324,45
324,46
324,47
324,48
324,49
324,50
324,51
324,52
324,53
324,54
324,55
324,56
324,57
324,58
324,59
324,60
324,61
324,62
324,63
324,64
324,65
324,66
324,67
324,68
324,69
324,70
324,71
324,72
324,73
324,74
324,75
324,76
324,77
324,78
324,79
324,80
324,81
324,82
324,83
324,84
324,85
324,86
324,87
324,88
324,89
324,90
324,91
324,92
324,93
324,94
324,95
324,96
324,97
324,98
324,99
324,100
324,101
324,102
324,103
324,104
324,105
324,106
324,107
324,108
324,109
324,110
324,111
324,112
324,113
324,114
324,115
324,116
324,117
324,118
324,119
324,120
324,121
324,122
324,123
324,124
324,125
324,126
324,127
324,128
324,129
324,130
324,131
324,132
324,133
324,134
324,135
324,136
324,137
324,138
324,139
324,140
324,141
324,142
324,143
324,144
324,145
324,146
324,147
324,148
324,149
324,150
324,151
324,152
324,153
324,154
324,155
324,156
324,157
324,158
324,159
324,160
324,161
324,162
324,163
324,164
324,165
324,166
324,167
324,168
324,169
324,170
324,171
324,172
324,173
324,174
324,175
324,176
324,177
324,178
324,179
324,180
324,181
324,182
324,183
324,184
324,185
324,186
324,187
324,188
324,189
324,190
324,191
324,192
324,193
324,194
324,195
324,196
324,197
324,198
324,199
324,200
324,201
324,202
324,203
324,204
324,205
324,206
324,207
324,208
324,209
324,210
324,211
324,212
324,213
324,214
324,215
324,216
324,217
324,218
324,219
324,220
324,221
324,222
324,223
324,224
324,225
324,226
324,227
324,228
324,229
324,230
324,231
324,232
324,233
324,234
324,235
324,236
324,237
324,238
324,239
324,240
324,241
324,242
324,243
324,244
324,245
324,246
324,247
324,248
324,249
324,250
324,251
324,252
324,253
324,254
324,255
324,256
324,257
324,258
324,259
324,260
324,261
324,262
324,263
324,264
324,265
324,266
324,267
324,268
324,269
324,270
324,271
324,272
324,273
324,274
324,275
324,276
324,277
324,278
324,279
324,280
324,281
324,282
324,283
324,284
324,285
324,286
324,287
324,288
324,289
324,290
324,291
324,292
324,293
324,294
324,295
324,296
324,297
324,298
324,299
324,300
324,301
324,302
324,303
324,304
324,305
324,306
324,307
324,308
:170_0,309
:170_0,310
:170_0,311
-196,312
-196,313
-196,314
-196,315
-196,316
-196,317
-196,318
-196,319
-196,320
-196,321
-196,322
-196,323
-196,324
-196,325
-196,326
-196,327
-196,328
-196,329
-196,330
-196,331
-196,332
-196,333
-196,334
-196,335
-196,336
-196,337
-196,338
-196,339
-196,340
-196,341
-196,342
-196,343
-196,344
-196,345
-196,346
-196,347
-196,348
-196,349
-196,350
-196,351
-196,352
-196,353
-196,354
-196,355
-196,356
-196,357
-196,358
-196,359
-196,360
-196,361
-196,362
-196,363
-196,364
-196,365
-196,366
-196,367
-196,368
-196,369
-196,370
-196,371
-196,372
-196,373
-196,374
-196,375
-196,376
-196,377
-196,378
-196,379
-196,380
-196,381
-196,382
-196,383
-196,384
-196,385
-196,386
-196,387
-196,388
-196,389
-196,390
-196,391
-196,392
-196,393
-196,394
-196,395
-196,396
-196,397
-196,398
-196,399
-196,400
-196,401
-196,402
-196,403
-196,404
-196,405
-196,406
-196,407
-196,408
-196,409
-196,410
-196,411
-196,412
-196,413
-196,414
-196,415
-196,416
-196,417
-196,418
-196,419
-196,420
-196,421
-196,422
-196,423
-196,424
-196,425
-196,426
-196,427
-196,428
-196,429
-196,430
-196,431
-196,432
-196,433
-196,434
-196,435
-196,436
-196,437
-196,438
-196,439
-196,440
-196,441
-196,442
-196,443
-196,444
-196,445
-196,446
-196,447
-196,448
-196,449
-196,450
-196,451
-196,452
-196,453
-196,454
-196,455
-196,456
-196,457
-196,458
-196,459
-196,460
-196,461
-196,462
-196,463
-196,464
-196,465
-196,466
-196,467
-196,468
-196,469
-196,470
-196,471
-196,472
-196,473
-196,474
-196,475
-196,476
-196,477
-196,478
-196,479
-196,480
-196,481
-196,482
-196,483
-196,484
-196,485
-196,486
-196,487
-196,488
-196,489
-196,490
-196,491
-196,492
-196,493
-196,494
-196,495
-196,496
-196,497
-196,498
-196,499
-196,500
-196,501
-196,502
-196,503
-196,504
-196,505
-196,506
-196,507
-196,508
-196,509
-196,510
-196,511
-196,512
-196,513
-196,514
-196,515
-196,516
-196,517
-196,518
-196,519
-196,520
-196,521
-196,522
-196,523
-196,524
-196,525
-196,526
-196,527
-196,528
-196,529
-196,530
-196,531
-196,532
-196,533
-196,534
-196,535
-196,536
-196,537
-196,538
-196,539
-196,540
-196,541
-196,542
-196,543
-196,544
-196,545
-196,546
-196,547
-196,548
-196,549
-196,550
-196,551
-196,552
-196,553
-196,554
-196,555
-196,556
-196,557
-196,558
-196,559
-196,560
-196,561
-196,562
-196,563
-196,564
-196,565
-196,566
-196,567
-196,568
-196,569
-196,570
-196,571
-196,572
-196,573
-196,574
-196,575
-196,576
-196,577
-196,578
-196,579
-196,580
-196,581
-196,582
-196,583
-196,584
-196,585
-196,586
-196,587
-196,588
-196,589
-196,590
-196,591
-196,592
-196,593
-196,594
-196,595
-196,596
-196,597
-196,598
-196,599
-196,600
-196,601
-196,602
-196,603
-196,604
:35_6,605
:35_6,606
:35_16,607
:35_16,608
:35_16,609
:35_16,610
197,611
197,612
197,613
197,614
197,615
197,616
197,617
197,618
197,619
197,620
197,621
197,622
197,623
197,624
197,625
197,626
197,627
197,628
197,629
197,630
197,631
197,632
197,633
197,634
197,635
197,636
197,637
197,638
197,639
197,640
197,641
197,642
197,643
197,644
197,645
197,646
197,647
197,648
197,649
197,650
197,651
197,652
197,653
197,654
197,655
197,656
197,657
197,658
197,659
197,660
197,661
197,662
197,663
197,664
197,665
197,666
197,667
197,668
197,669
197,670
197,671
197,672
197,673
197,674
197,675
197,676
197,677
197,678
197,679
197,680
197,681
197,682
197,683
197,684
197,685
197,686
197,687
197,688
197,689
197,690
197,691
197,692
197,693
197,694
197,695
197,696
197,697
197,698
197,699
197,700
197,701
197,702
197,703
197,704
197,705
197,706
197,707
197,708
197,709
197,710
197,711
197,712
197,713
197,714
197,715
197,716
197,717
197,718
197,719
197,720
197,721
197,722
197,723
197,724
197,725
197,726
197,727
197,728
197,729
197,730
197,731
197,732
197,733
197,734
197,735
197,736
197,737
197,738
197,739
197,740
197,741
197,742
197,743
197,744
197,745
197,746
197,747
197,748
197,749
197,750
197,751
197,752
197,753
197,754
197,755
197,756
197,757
197,758
197,759
197,760
197,761
197,762
197,763
197,764
197,765
197,766
197,767
197,768
197,769
197,770
197,771
197,772
197,773
197,774
197,775
197,776
197,777
197,778
197,779
197,780
197,781
197,782
197,783
197,784
197,785
197,786
197,787
197,788
197,789
197,790
197,791
197,792
197,793
197,794
197,795
197,796
197,797
197,798
197,799
197,800
197,801
197,802
197,803
197,804
197,805
197,806
197,807
197,808
197,809
197,810
197,811
197,812
197,813
197,814
197,815
197,816
197,817
197,818
197,819
197,820
197,821
197,822
197,823
197,824
197,825
197,826
197,827
197,828
197,829
197,830
197,831
197,832
197,833
197,834
197,835
197,836
197,837
197,838
197,839
197,840
197,841
197,842
197,843
197,844
197,845
197,846
197,847
197,848
197,849
197,850
197,851
197,852
197,853
197,854
197,855
197,856
197,857
197,858
197,859
197,860
197,861
197,862
197,863
197,864
197,865
197,866
197,867
197,868
197,869
197,870
197,871
197,872
197,873
197,874
197,875
197,876
197,877
197,878
197,879
:205_0,880
:205_0,881
:205_0,882
:205_0,883
:205_0,884
198,885
198,886
198,887
198,888
198,889
198,890
198,891
198,892
198,893
198,894
198,895
198,896
198,897
198,898
198,899
198,900
198,901
198,902
198,903
198,904
198,905
198,906
198,907
198,908
198,909
198,910
198,911
198,912
198,913
198,914
198,915
198,916
198,917
198,918
198,919
198,920
198,921
198,922
198,923
198,924
198,925
198,926
198,927
198,928
198,929
198,930
198,931
198,932
198,933
198,934
198,935
198,936
198,937
198,938
198,939
198,940
198,941
198,942
198,943
198,944
198,945
198,946
198,947
198,948
198,949
198,950
198,951
198,952
198,953
198,954
198,955
198,956
198,957
198,958
198,959
198,960
198,961
198,962
198,963
198,964
198,965
198,966
198,967
198,968
198,969
198,970
198,971
198,972
198,973
198,974
198,975
198,976
198,977
198,978
198,979
198,980
198,981
198,982
198,983
198,984
198,985
198,986
198,987
198,988
198,989
198,990
198,991
198,992
198,993
198,994
198,995
198,996
198,997
198,998
198,999
198,1000
198,1001
198,1002
198,1003
198,1004
198,1005
198,1006
198,1007
198,1008
198,1009
198,1010
198,1011
198,1012
198,1013
198,1014
198,1015
198,1016
198,1017
198,1018
198,1019
198,1020
198,1021
198,1022
198,1023
198,1024
198,1025
198,1026
198,1027
198,1028
198,1029
198,1030
198,1031
198,1032
198,1033
198,1034
198,1035
198,1036
198,1037
198,1038
198,1039
198,1040
198,1041
198,1042
198,1043
198,1044
198,1045
198,1046
198,1047
198,1048
198,1049
198,1050
198,1051
198,1052
198,1053
198,1054
198,1055
198,1056
198,1057
198,1058
198,1059
198,1060
198,1061
198,1062
198,1063
198,1064
198,1065
198,1066
198,1067
198,1068
198,1069
198,1070
198,1071
198,1072
198,1073
198,1074
198,1075
198,1076
198,1077
198,1078
198,1079
198,1080
198,1081
198,1082
198,1083
198,1084
198,1085
198,1086
198,1087
198,1088
198,1089
198,1090
198,1091
198,1092
198,1093
198,1094
198,1095
198,1096
198,1097
198,1098
198,1099
198,1100
198,1101
:206_1,1102
:206_1,1103
:206_1,1104
:206_1,1105
:206_1,1106
199,1107
199,1108
199,1109
199,1110
199,1111
199,1112
199,1113
199,1114
199,1115
199,1116
199,1117
199,1118
199,1119
199,1120
199,1121
199,1122
199,1123
199,1124
199,1125
199,1126
199,1127
199,1128
199,1129
199,1130
199,1131
199,1132
199,1133
199,1134
199,1135
199,1136
199,1137
199,1138
199,1139
199,1140
199,1141
199,1142
199,1143
199,1144
199,1145
199,1146
199,1147
199,1148
199,1149
199,1150
199,1151
199,1152
199,1153
199,1154
199,1155
199,1156
199,1157
199,1158
199,1159
199,1160
199,1161
199,1162
199,1163
199,1164
199,1165
199,1166
199,1167
199,1168
199,1169
199,1170
199,1171
199,1172
199,1173
199,1174
199,1175
199,1176
199,1177
199,1178
199,1179
199,1180
199,1181
199,1182
199,1183
199,1184
199,1185
199,1186
199,1187
199,1188
