-291,1
-291,2
-291,3
-291,4
-291,5
-291,6
-291,7
-291,8
-291,9
-291,10
-291,11
-291,12
-291,13
-291,14
-291,15
-291,16
-291,17
-291,18
-291,19
-291,20
-291,21
-291,22
-291,23
-291,24
-291,25
-291,26
-291,27
-291,28
-291,29
-291,30
-291,31
-291,32
-291,33
-291,34
-291,35
-291,36
-291,37
-291,38
-291,39
-291,40
-291,41
-291,42
-291,43
-291,44
-291,45
-291,46
-291,47
-291,48
-291,49
-291,50
-291,51
-291,52
-291,53
-291,54
-291,55
-291,56
-291,57
-291,58
-291,59
-291,60
-291,61
-291,62
-291,63
-291,64
-291,65
-291,66
-291,67
-291,68
-291,69
-291,70
-291,71
-291,72
-291,73
-291,74
-291,75
-291,76
-291,77
-291,78
-291,79
-291,80
-291,81
-291,82
-291,83
-291,84
-291,85
-291,86
-291,87
-291,88
-291,89
-291,90
-291,91
-291,92
-291,93
-291,94
-291,95
-291,96
-291,97
-291,98
-291,99
-291,100
-291,101
-291,102
-291,103
-291,104
-291,105
-291,106
-291,107
-291,108
-291,109
-291,110
-291,111
-291,112
-291,113
-291,114
-291,115
-291,116
-291,117
-291,118
-291,119
-291,120
-291,121
-291,122
-291,123
-291,124
-291,125
-291,126
-291,127
-291,128
-291,129
-291,130
-291,131
-291,132
-291,133
-291,134
-291,135
-291,136
-291,137
-291,138
-291,139
-291,140
-291,141
-291,142
-291,143
-291,144
-291,145
-291,146
-291,147
-291,148
-291,149
-291,150
-291,151
-291,152
-291,153
-291,154
-291,155
-291,156
-291,157
-291,158
-291,159
-291,160
-291,161
-291,162
-291,163
-291,164
-291,165
-291,166
-291,167
-291,168
-291,169
-291,170
-291,171
-291,172
-291,173
-291,174
-291,175
:149_10,176
:149_10,177
:149_10,178
:149_10,179
:149_10,180
-419,181
-419,182
-419,183
-419,184
-419,185
-419,186
-419,187
-419,188
-419,189
-419,190
-419,191
-419,192
-419,193
-419,194
-419,195
-419,196
-419,197
-419,198
-419,199
-419,200
-419,201
-419,202
-419,203
-419,204
-419,205
-419,206
-419,207
-419,208
-419,209
-419,210
-419,211
-419,212
-419,213
-419,214
-419,215
-419,216
-419,217
-419,218
-419,219
-419,220
-419,221
-419,222
-419,223
-419,224
-419,225
-419,226
-419,227
-419,228
-419,229
-419,230
-419,231
-419,232
-419,233
-419,234
-419,235
-419,236
-419,237
-419,238
-419,239
-419,240
-419,241
-419,242
-419,243
-419,244
-419,245
-419,246
-419,247
-419,248
-419,249
-419,250
-419,251
-419,252
-419,253
-419,254
-419,255
-419,256
-419,257
-419,258
-419,259
-419,260
-419,261
-419,262
-419,263
-419,264
-419,265
-419,266
-419,267
-419,268
-419,269
-419,270
-419,271
-419,272
-419,273
-419,274
-419,275
-419,276
-419,277
-419,278
-419,279
-419,280
-419,281
-419,282
-419,283
-419,284
-419,285
-419,286
-419,287
-419,288
-419,289
-419,290
-419,291
-419,292
-419,293
-419,294
-419,295
-419,296
-419,297
-419,298
-419,299
-419,300
-419,301
-419,302
-419,303
-419,304
-419,305
-419,306
-419,307
-419,308
-419,309
-419,310
-419,311
-419,312
-419,313
-419,314
-419,315
-419,316
-419,317
-419,318
-419,319
-419,320
-419,321
-419,322
-419,323
-419,324
-419,325
-419,326
-419,327
-419,328
-419,329
-419,330
-419,331
-419,332
-419,333
-419,334
-419,335
-419,336
-419,337
-419,338
-419,339
-419,340
-419,341
-419,342
-419,343
-419,344
-419,345
-419,346
-419,347
-419,348
-419,349
-419,350
-419,351
-419,352
-419,353
-419,354
-419,355
-419,356
-419,357
:207_3,358
:207_3,359
:207_3,360
-199,361
-199,362
-199,363
-199,364
-199,365
-199,366
-199,367
-199,368
-199,369
-199,370
-199,371
-199,372
-199,373
-199,374
-199,375
-199,376
-199,377
-199,378
-199,379
-199,380
-199,381
-199,382
-199,383
-199,384
-199,385
-199,386
-199,387
-199,388
-199,389
-199,390
-199,391
-199,392
-199,393
-199,394
-199,395
-199,396
-199,397
-199,398
-199,399
-199,400
-199,401
-199,402
-199,403
-199,404
-199,405
-199,406
-199,407
-199,408
-199,409
-199,410
-199,411
-199,412
-199,413
-199,414
-199,415
-199,416
-199,417
-199,418
-199,419
-199,420
-199,421
-199,422
-199,423
-199,424
-199,425
-199,426
-199,427
:206_3,428
:206_3,429
:206_3,430
:206_3,431
:206_3,432
-198,433
-198,434
-198,435
-198,436
-198,437
-198,438
-198,439
-198,440
-198,441
-198,442
-198,443
-198,444
-198,445
-198,446
-198,447
-198,448
-198,449
-198,450
-198,451
-198,452
-198,453
-198,454
-198,455
-198,456
-198,457
-198,458
-198,459
-198,460
-198,461
-198,462
-198,463
-198,464
-198,465
-198,466
-198,467
-198,468
-198,469
-198,470
-198,471
-198,472
-198,473
-198,474
-198,475
-198,476
-198,477
-198,478
-198,479
-198,480
-198,481
-198,482
-198,483
-198,484
-198,485
-198,486
-198,487
-198,488
-198,489
-198,490
-198,491
-198,492
-198,493
-198,494
-198,495
-198,496
-198,497
-198,498
-198,499
-198,500
-198,501
-198,502
-198,503
-198,504
-198,505
-198,506
-198,507
-198,508
-198,509
-198,510
-198,511
-198,512
-198,513
-198,514
-198,515
-198,516
-198,517
-198,518
-198,519
-198,520
-198,521
-198,522
-198,523
-198,524
-198,525
-198,526
-198,527
-198,528
-198,529
-198,530
-198,531
-198,532
-198,533
-198,534
-198,535
-198,536
-198,537
-198,538
-198,539
-198,540
-198,541
-198,542
-198,543
-198,544
-198,545
-198,546
-198,547
-198,548
-198,549
-198,550
-198,551
-198,552
-198,553
-198,554
-198,555
-198,556
-198,557
-198,558
-198,559
-198,560
-198,561
-198,562
-198,563
-198,564
-198,565
-198,566
-198,567
-198,568
-198,569
-198,570
-198,571
-198,572
-198,573
-198,574
-198,575
-198,576
-198,577
-198,578
-198,579
-198,580
-198,581
-198,582
-198,583
-198,584
-198,585
-198,586
-198,587
-198,588
-198,589
-198,590
-198,591
-198,592
-198,593
-198,594
-198,595
-198,596
-198,597
-198,598
-198,599
-198,600
-198,601
-198,602
-198,603
-198,604
-198,605
-198,606
-198,607
-198,608
-198,609
-198,610
:205_6,611
:205_6,612
:205_6,613
530,614
530,615
530,616
530,617
530,618
530,619
530,620
530,621
530,622
530,623
530,624
530,625
530,626
530,627
530,628
530,629
530,630
530,631
530,632
530,633
530,634
530,635
530,636
530,637
530,638
530,639
530,640
530,641
530,642
530,643
530,644
530,645
530,646
530,647
530,648
:437_6,649
:437_6,650
:437_6,651
621,652
621,653
621,654
621,655
621,656
621,657
621,658
621,659
621,660
621,661
621,662
621,663
621,664
621,665
621,666
621,667
621,668
621,669
621,670
621,671
621,672
621,673
621,674
621,675
621,676
621,677
621,678
621,679
621,680
621,681
621,682
621,683
621,684
621,685
621,686
621,687
621,688
621,689
621,690
621,691
621,692
621,693
621,694
621,695
621,696
621,697
621,698
621,699
621,700
621,701
621,702
621,703
621,704
621,705
621,706
621,707
621,708
621,709
621,710
621,711
621,712
621,713
621,714
621,715
621,716
621,717
621,718
621,719
621,720
621,721
621,722
621,723
621,724
621,725
621,726
621,727
621,728
621,729
621,730
621,731
621,732
621,733
621,734
621,735
621,736
621,737
621,738
621,739
621,740
621,741
621,742
621,743
621,744
621,745
621,746
621,747
621,748
621,749
621,750
621,751
:280_0,752
:280_0,753
:280_0,754
:280_0,755
:280_0,756
-290,757
-290,758
-290,759
-290,760
-290,761
-290,762
-290,763
-290,764
-290,765
-290,766
-290,767
-290,768
-290,769
-290,770
-290,771
-290,772
-290,773
-290,774
-290,775
-290,776
-290,777
-290,778
-290,779
-290,780
-290,781
-290,782
-290,783
-290,784
-290,785
-290,786
-290,787
-290,788
-290,789
-290,790
-290,791
-290,792
-290,793
-290,794
-290,795
-290,796
-290,797
-290,798
-290,799
-290,800
-290,801
-290,802
-290,803
-290,804
-290,805
-290,806
-290,807
-290,808
-290,809
-290,810
-290,811
-290,812
-290,813
-290,814
-290,815
-290,816
-290,817
-290,818
-290,819
-290,820
-290,821
-290,822
-290,823
-290,824
-290,825
-290,826
-290,827
-290,828
-290,829
-290,830
-290,831
-290,832
-290,833
-290,834
-290,835
-290,836
-290,837
:149_1,838
:149_1,839
:149_1,840
:149_1,841
291,842
291,843
291,844
291,845
291,846
291,847
291,848
291,849
291,850
291,851
291,852
291,853
291,854
291,855
291,856
291,857
291,858
291,859
291,860
291,861
291,862
291,863
291,864
291,865
291,866
291,867
291,868
291,869
291,870
291,871
291,872
291,873
291,874
291,875
291,876
291,877
291,878
291,879
291,880
291,881
291,882
291,883
291,884
291,885
291,886
291,887
291,888
291,889
291,890
291,891
291,892
291,893
291,894
291,895
291,896
291,897
291,898
291,899
291,900
291,901
291,902
291,903
291,904
291,905
291,906
291,907
291,908
291,909
291,910
291,911
291,912
291,913
291,914
291,915
291,916
291,917
291,918
291,919
291,920
291,921
291,922
291,923
291,924
291,925
291,926
291,927
291,928
291,929
291,930
291,931
291,932
291,933
291,934
291,935
291,936
291,937
291,938
291,939
291,940
291,941
291,942
291,943
291,944
291,945
291,946
291,947
291,948
291,949
291,950
291,951
291,952
291,953
291,954
291,955
291,956
291,957
291,958
291,959
291,960
291,961
291,962
291,963
291,964
291,965
291,966
291,967
291,968
291,969
291,970
291,971
291,972
291,973
291,974
291,975
291,976
291,977
291,978
291,979
291,980
291,981
291,982
291,983
291,984
291,985
291,986
291,987
291,988
291,989
291,990
291,991
291,992
291,993
291,994
291,995
291,996
291,997
291,998
291,999
291,1000
291,1001
291,1002
291,1003
291,1004
291,1005
291,1006
291,1007
291,1008
291,1009
291,1010
291,1011
291,1012
291,1013
291,1014
291,1015
291,1016
291,1017
