462,21
462,22
462,23
462,24
462,25
462,26
462,27
462,28
462,29
462,30
462,31
462,32
462,33
462,34
462,35
462,36
462,37
462,38
462,39
462,40
462,41
462,42
462,43
462,44
462,45
462,46
462,47
462,48
462,49
462,50
462,51
462,52
462,53
462,54
462,55
462,56
462,57
462,58
462,59
462,60
462,61
462,62
462,63
462,64
462,65
462,66
462,67
462,68
462,69
462,70
462,71
462,72
462,73
462,74
462,75
462,76
462,77
620,78
620,79
620,80
620,81
620,82
620,83
620,84
620,85
620,86
620,87
620,88
620,89
620,90
620,91
620,92
620,93
620,94
620,95
620,96
620,97
620,98
620,99
620,100
620,101
620,102
620,103
620,104
620,105
620,106
620,107
620,108
620,109
620,110
620,111
620,112
620,113
620,114
620,115
620,116
620,117
620,118
620,119
620,120
620,121
620,122
620,123
620,124
620,125
620,126
620,127
620,128
620,129
620,130
620,131
620,132
620,133
620,134
620,135
620,136
620,137
620,138
620,139
620,140
620,141
620,142
620,143
620,144
620,145
620,146
620,147
620,148
620,149
620,150
620,151
620,152
620,153
:397_1,154
:397_1,155
:397_1,156
:397_1,157
:397_1,158
:397_1,159
-466,160
-466,161
-466,162
-466,163
-466,164
-466,165
-466,166
-466,167
-466,168
-466,169
-466,170
-466,171
-466,172
-466,173
-466,174
-466,175
-466,176
-466,177
-466,178
-466,179
-466,180
-466,181
-466,182
-466,183
-466,184
-466,185
-466,186
-466,187
-466,188
-466,189
-466,190
-466,191
-466,192
-466,193
-466,194
-466,195
-466,196
-466,197
-466,198
-466,199
-466,200
-466,201
-466,202
-466,203
-466,204
:148_12,205
:148_12,206
:148_12,207
:148_12,208
-133,209
-133,210
-133,211
-133,212
-133,213
-133,214
-133,215
-133,216
-133,217
-133,218
-133,219
-133,220
-133,221
-133,222
-133,223
-133,224
-133,225
-133,226
-133,227
-133,228
-133,229
-133,230
-133,231
-133,232
-133,233
-133,234
-133,235
-133,236
-133,237
-133,238
-133,239
-133,240
-133,241
-133,242
-133,243
-133,244
-133,245
-133,246
-133,247
-133,248
-133,249
-133,250
-133,251
-133,252
-133,253
-133,254
-133,255
-133,256
-133,257
-133,258
-133,259
-133,260
-133,261
-133,262
-133,263
-133,264
-133,265
-133,266
-133,267
-133,268
-133,269
-133,270
-133,271
-133,272
-133,273
-133,274
-133,275
-133,276
-133,277
-133,278
-133,279
-133,280
-133,281
-133,282
-133,283
-133,284
-133,285
-133,286
-133,287
:146_0,288
:146_0,289
:146_0,290
134,291
134,292
134,293
134,294
134,295
134,296
134,297
134,298
134,299
134,300
134,301
134,302
134,303
134,304
134,305
134,306
134,307
134,308
134,309
134,310
134,311
134,312
134,313
134,314
134,315
134,316
134,317
134,318
134,319
134,320
134,321
134,322
134,323
134,324
134,325
134,326
134,327
134,328
134,329
134,330
134,331
134,332
134,333
134,334
134,335
134,336
134,337
134,338
134,339
134,340
134,341
134,342
134,343
134,344
134,345
134,346
134,347
134,348
134,349
134,350
134,351
134,352
134,353
134,354
134,355
134,356
134,357
134,358
134,359
134,360
134,361
134,362
134,363
134,364
134,365
134,366
134,367
134,368
134,369
134,370
134,371
134,372
134,373
134,374
134,375
134,376
134,377
134,378
134,379
134,380
134,381
134,382
134,383
134,384
134,385
134,386
134,387
134,388
134,389
134,390
134,391
134,392
134,393
134,394
134,395
134,396
134,397
134,398
134,399
134,400
134,401
134,402
134,403
134,404
134,405
134,406
134,407
134,408
134,409
134,410
134,411
134,412
134,413
134,414
134,415
134,416
134,417
134,418
134,419
134,420
134,421
134,422
134,423
134,424
134,425
134,426
134,427
134,428
134,429
134,430
134,431
134,432
134,433
134,434
134,435
134,436
134,437
134,438
134,439
134,440
134,441
134,442
134,443
134,444
134,445
134,446
134,447
134,448
134,449
134,450
134,451
134,452
134,453
134,454
134,455
134,456
134,457
134,458
134,459
134,460
134,461
134,462
134,463
134,464
134,465
134,466
134,467
134,468
134,469
134,470
134,471
134,472
134,473
134,474
134,475
134,476
134,477
134,478
134,479
134,480
134,481
134,482
134,483
134,484
134,485
134,486
134,487
134,488
134,489
:149_5,490
:149_5,491
:149_5,492
:149_5,493
:149_5,494
:149_5,495
:149_5,496
-419,497
-419,498
-419,499
-419,500
-419,501
-419,502
-419,503
-419,504
-419,505
-419,506
-419,507
-419,508
-419,509
-419,510
-419,511
-419,512
-419,513
-419,514
-419,515
-419,516
-419,517
-419,518
-419,519
-419,520
-419,521
-419,522
-419,523
-419,524
-419,525
-419,526
-419,527
-419,528
-419,529
-419,530
-419,531
-419,532
-419,533
-419,534
-419,535
-419,536
-419,537
-419,538
-419,539
-419,540
-419,541
-419,542
-419,543
-419,544
-419,545
-419,546
-419,547
-419,548
-419,549
-419,550
-419,551
-419,552
-419,553
-419,554
-419,555
-419,556
-419,557
-419,558
-419,559
-419,560
-419,561
-419,562
-419,563
-419,564
-419,565
-419,566
-419,567
-419,568
-419,569
-419,570
-419,571
-419,572
-419,573
-419,574
-419,575
-419,576
-419,577
-419,578
-419,579
-419,580
-419,581
-419,582
-419,583
-419,584
-419,585
-419,586
-419,587
-419,588
-419,589
-419,590
-419,591
-419,592
-419,593
-419,594
-419,595
-419,596
-419,597
-419,598
-419,599
-419,600
-419,601
-419,602
-419,603
-419,604
-419,605
-419,606
-419,607
-419,608
-419,609
-419,610
-419,611
-419,612
-419,613
-419,614
-419,615
-419,616
-419,617
-419,618
-419,619
-419,620
-419,621
-419,622
-419,623
-419,624
-419,625
-419,626
-419,627
-419,628
-419,629
-419,630
-419,631
-419,632
-419,633
-419,634
-419,635
-419,636
-419,637
-419,638
-419,639
-419,640
-419,641
-419,642
-419,643
-419,644
-419,645
-419,646
-419,647
-419,648
-419,649
-419,650
-419,651
-419,652
-419,653
-419,654
-419,655
-419,656
-419,657
-419,658
-419,659
-419,660
-419,661
-419,662
-419,663
-419,664
-419,665
-419,666
-419,667
-419,668
-419,669
-419,670
-419,671
-419,672
-419,673
-419,674
-419,675
-419,676
-419,677
-419,678
-419,679
-419,680
-419,681
-419,682
-419,683
-419,684
-419,685
-419,686
-419,687
-419,688
-419,689
-419,690
-419,691
-419,692
-419,693
-419,694
-419,695
-419,696
-419,697
-419,698
-419,699
-419,700
-419,701
-419,702
-419,703
-419,704
-419,705
-419,706
-419,707
-419,708
-419,709
-419,710
-419,711
-419,712
-419,713
-419,714
-419,715
-419,716
