204,21
204,22
204,23
204,24
204,25
204,26
204,27
204,28
204,29
204,30
204,31
204,32
204,33
204,34
204,35
204,36
204,37
204,38
204,39
204,40
204,41
204,42
204,43
204,44
204,45
204,46
204,47
204,48
204,49
204,50
204,51
204,52
204,53
204,54
204,55
204,56
204,57
204,58
204,59
204,60
204,61
204,62
204,63
204,64
204,65
204,66
204,67
204,68
204,69
204,70
204,71
204,72
204,73
204,74
204,75
204,76
204,77
204,78
204,79
204,80
204,81
204,82
204,83
204,84
:211_1,85
:211_1,86
:211_1,87
:211_1,88
:211_1,89
646,90
646,91
646,92
646,93
646,94
646,95
646,96
646,97
646,98
646,99
646,100
646,101
646,102
646,103
646,104
646,105
646,106
646,107
646,108
646,109
646,110
646,111
646,112
646,113
646,114
646,115
646,116
646,117
646,118
646,119
646,120
646,121
646,122
646,123
646,124
646,125
646,126
646,127
646,128
646,129
646,130
646,131
646,132
646,133
646,134
646,135
646,136
646,137
646,138
646,139
646,140
646,141
646,142
646,143
646,144
646,145
646,146
646,147
646,148
646,149
646,150
646,151
646,152
646,153
646,154
646,155
646,156
646,157
646,158
646,159
646,160
646,161
646,162
646,163
646,164
646,165
646,166
646,167
646,168
646,169
646,170
646,171
646,172
646,173
646,174
646,175
646,176
646,177
646,178
646,179
646,180
646,181
646,182
646,183
646,184
646,185
646,186
646,187
646,188
646,189
:179_1,190
:179_1,191
:179_1,192
:179_1,193
:179_1,194
-164,195
-164,196
-164,197
-164,198
-164,199
-164,200
-164,201
-164,202
-164,203
-164,204
-164,205
-164,206
-164,207
-164,208
-164,209
-164,210
-164,211
-164,212
-164,213
-164,214
-164,215
-164,216
-164,217
-164,218
-164,219
-164,220
-164,221
-164,222
-164,223
-164,224
-164,225
-164,226
-164,227
-164,228
-164,229
-164,230
-164,231
-164,232
-164,233
-164,234
-164,235
-164,236
-164,237
-164,238
-164,239
-164,240
-164,241
-164,242
-164,243
-164,244
-164,245
-164,246
-164,247
-164,248
-164,249
-164,250
-164,251
-164,252
-164,253
-164,254
-164,255
-164,256
-164,257
-164,258
-164,259
-164,260
-164,261
-164,262
-164,263
-164,264
-164,265
-164,266
-164,267
-164,268
-164,269
-164,270
-164,271
-164,272
-164,273
-164,274
-164,275
-164,276
-164,277
-164,278
-164,279
-164,280
-164,281
-164,282
-164,283
-164,284
-164,285
-164,286
-164,287
-164,288
-164,289
-164,290
-164,291
-164,292
-164,293
-164,294
-164,295
-164,296
-164,297
-164,298
-164,299
-164,300
-164,301
-164,302
-164,303
-164,304
-164,305
-164,306
-164,307
-164,308
-164,309
-164,310
-164,311
-164,312
-164,313
-164,314
-164,315
-164,316
-164,317
-164,318
-164,319
-164,320
-164,321
-164,322
-164,323
-164,324
-164,325
-164,326
-164,327
-164,328
-164,329
-164,330
-164,331
-164,332
-164,333
-164,334
-164,335
-164,336
-164,337
-164,338
-164,339
-164,340
-164,341
-164,342
-164,343
-164,344
-164,345
-164,346
-164,347
-164,348
-164,349
-164,350
-164,351
-164,352
-164,353
-164,354
-164,355
-164,356
-164,357
-164,358
-164,359
-164,360
-164,361
-164,362
-164,363
-164,364
-164,365
-164,366
-164,367
-164,368
-164,369
-164,370
-164,371
-164,372
-164,373
-164,374
-164,375
-164,376
-164,377
-164,378
-164,379
-164,380
-164,381
-164,382
-164,383
-164,384
-164,385
-164,386
-164,387
-164,388
-164,389
-164,390
:178_12,391
:178_12,392
:178_12,393
165,394
165,395
165,396
165,397
165,398
165,399
165,400
165,401
165,402
165,403
165,404
165,405
165,406
165,407
165,408
165,409
165,410
165,411
165,412
165,413
165,414
165,415
165,416
165,417
165,418
165,419
165,420
165,421
165,422
165,423
165,424
165,425
165,426
165,427
165,428
165,429
165,430
165,431
165,432
165,433
165,434
165,435
165,436
165,437
165,438
165,439
165,440
165,441
165,442
165,443
165,444
165,445
165,446
165,447
165,448
165,449
165,450
165,451
165,452
165,453
165,454
165,455
165,456
165,457
165,458
165,459
165,460
165,461
165,462
165,463
165,464
165,465
165,466
165,467
165,468
165,469
165,470
165,471
165,472
165,473
165,474
165,475
165,476
165,477
165,478
165,479
165,480
165,481
165,482
165,483
165,484
165,485
165,486
165,487
165,488
165,489
165,490
165,491
165,492
165,493
165,494
165,495
165,496
165,497
165,498
165,499
165,500
165,501
165,502
165,503
165,504
165,505
165,506
165,507
165,508
165,509
165,510
165,511
165,512
165,513
165,514
165,515
165,516
165,517
165,518
165,519
165,520
165,521
165,522
165,523
165,524
165,525
165,526
165,527
165,528
165,529
165,530
165,531
165,532
165,533
165,534
165,535
165,536
165,537
165,538
165,539
165,540
165,541
165,542
165,543
165,544
165,545
165,546
165,547
165,548
165,549
165,550
165,551
165,552
165,553
165,554
165,555
165,556
165,557
165,558
165,559
165,560
165,561
165,562
165,563
165,564
165,565
165,566
:163_1,567
:163_1,568
:163_1,569
:163_1,570
:163_1,571
180,572
180,573
180,574
180,575
180,576
180,577
180,578
180,579
180,580
180,581
180,582
180,583
180,584
180,585
180,586
180,587
180,588
180,589
180,590
180,591
180,592
180,593
180,594
180,595
180,596
180,597
180,598
180,599
180,600
180,601
180,602
180,603
180,604
180,605
180,606
180,607
180,608
180,609
180,610
180,611
180,612
180,613
180,614
180,615
180,616
180,617
180,618
180,619
180,620
180,621
180,622
180,623
180,624
180,625
180,626
180,627
180,628
180,629
180,630
180,631
180,632
180,633
180,634
180,635
180,636
180,637
:193_1,638
:193_1,639
:193_1,640
:193_1,641
:193_1,642
-412,643
-412,644
-412,645
-412,646
-412,647
-412,648
-412,649
-412,650
-412,651
-412,652
-412,653
-412,654
-412,655
-412,656
-412,657
-412,658
-412,659
-412,660
-412,661
-412,662
-412,663
-412,664
-412,665
-412,666
-412,667
-412,668
-412,669
-412,670
-412,671
-412,672
-412,673
-412,674
-412,675
-412,676
-412,677
-412,678
-412,679
-412,680
-412,681
-412,682
-412,683
-412,684
-412,685
-412,686
-412,687
-412,688
-412,689
-412,690
-412,691
-412,692
-412,693
-412,694
-412,695
-412,696
-412,697
-412,698
-412,699
-412,700
-412,701
-412,702
-412,703
-412,704
-412,705
-412,706
-412,707
-412,708
-412,709
-412,710
-412,711
-412,712
-412,713
-412,714
-412,715
-412,716
-412,717
-412,718
-412,719
-412,720
-412,721
-412,722
-412,723
-412,724
-412,725
-412,726
-412,727
-412,728
-412,729
:365_1,730
:365_1,731
:365_1,732
:365_1,733
:365_1,734
414,735
414,736
414,737
414,738
414,739
414,740
414,741
414,742
414,743
414,744
414,745
414,746
414,747
414,748
414,749
414,750
414,751
414,752
414,753
414,754
414,755
414,756
414,757
414,758
414,759
414,760
414,761
414,762
414,763
414,764
414,765
414,766
414,767
414,768
414,769
414,770
414,771
414,772
414,773
414,774
414,775
414,776
414,777
414,778
414,779
414,780
414,781
414,782
414,783
414,784
414,785
414,786
414,787
414,788
414,789
414,790
414,791
414,792
414,793
414,794
414,795
414,796
414,797
414,798
414,799
414,800
414,801
414,802
414,803
414,804
414,805
414,806
414,807
414,808
414,809
414,810
414,811
414,812
414,813
414,814
414,815
414,816
414,817
414,818
414,819
414,820
414,821
414,822
414,823
414,824
414,825
414,826
414,827
414,828
414,829
414,830
414,831
414,832
414,833
414,834
414,835
414,836
414,837
414,838
414,839
414,840
414,841
414,842
414,843
414,844
414,845
414,846
414,847
414,848
414,849
414,850
414,851
414,852
414,853
414,854
414,855
414,856
414,857
414,858
414,859
414,860
:336_1,861
:336_1,862
:336_1,863
:336_1,864
:336_1,865
-367,866
-367,867
-367,868
-367,869
-367,870
-367,871
-367,872
-367,873
-367,874
-367,875
-367,876
-367,877
-367,878
-367,879
-367,880
-367,881
-367,882
-367,883
-367,884
-367,885
-367,886
-367,887
-367,888
-367,889
-367,890
-367,891
-367,892
-367,893
-367,894
-367,895
-367,896
-367,897
-367,898
-367,899
-367,900
-367,901
-367,902
-367,903
-367,904
-367,905
-367,906
-367,907
-367,908
-367,909
-367,910
-367,911
-367,912
-367,913
-367,914
-367,915
-367,916
-367,917
-367,918
-367,919
-367,920
-367,921
-367,922
