-225,1
-225,2
-225,3
-225,4
-225,5
-225,6
-225,7
-225,8
-225,9
-225,10
-225,11
-225,12
-225,13
-225,14
-225,15
-225,16
-225,17
-225,18
-225,19
-225,20
-225,21
-225,22
-225,23
-225,24
-225,25
-225,26
-225,27
-225,28
-225,29
-225,30
-225,31
-225,32
-225,33
-225,34
-225,35
-225,36
-225,37
-225,38
-225,39
-225,40
-225,41
-225,42
-225,43
-225,44
-225,45
-225,46
-225,47
-225,48
-225,49
-225,50
-225,51
-225,52
-225,53
-225,54
-225,55
-225,56
-225,57
-225,58
-225,59
-225,60
-225,61
-225,62
-225,63
-225,64
-225,65
-225,66
-225,67
-225,68
-225,69
-225,70
-225,71
-225,72
-225,73
-225,74
-225,75
-225,76
-225,77
-225,78
-225,79
-225,80
-225,81
-225,82
-225,83
-225,84
-225,85
-225,86
-225,87
-225,88
-225,89
-225,90
-225,91
-225,92
-225,93
-225,94
-225,95
-225,96
-225,97
-225,98
-225,99
-225,100
-225,101
-225,102
-225,103
-225,104
-225,105
-225,106
-225,107
-225,108
-225,109
-225,110
-225,111
-225,112
-225,113
-225,114
-225,115
-225,116
-225,117
-225,118
-225,119
-225,120
-225,121
-225,122
-225,123
-225,124
-225,125
-225,126
-225,127
:227_1,128
:227_1,129
:227_1,130
:227_1,131
:227_1,132
222,133
222,134
222,135
222,136
222,137
222,138
222,139
222,140
222,141
222,142
222,143
222,144
222,145
222,146
222,147
222,148
222,149
222,150
222,151
222,152
222,153
222,154
222,155
222,156
222,157
222,158
222,159
222,160
222,161
222,162
222,163
222,164
222,165
222,166
222,167
222,168
222,169
222,170
222,171
222,172
222,173
222,174
222,175
222,176
222,177
222,178
222,179
222,180
222,181
222,182
222,183
222,184
222,185
222,186
222,187
222,188
222,189
222,190
222,191
222,192
222,193
222,194
222,195
222,196
222,197
222,198
222,199
222,200
222,201
222,202
222,203
222,204
222,205
222,206
222,207
222,208
222,209
222,210
222,211
222,212
222,213
222,214
222,215
222,216
222,217
222,218
222,219
222,220
222,221
222,222
222,223
222,224
222,225
222,226
222,227
222,228
222,229
222,230
222,231
222,232
222,233
222,234
222,235
222,236
222,237
222,238
222,239
222,240
222,241
222,242
222,243
222,244
222,245
222,246
222,247
222,248
222,249
222,250
222,251
222,252
222,253
222,254
222,255
222,256
222,257
222,258
222,259
222,260
222,261
222,262
222,263
222,264
222,265
222,266
222,267
222,268
222,269
222,270
222,271
222,272
222,273
222,274
222,275
222,276
222,277
222,278
222,279
222,280
222,281
222,282
222,283
222,284
222,285
222,286
222,287
222,288
:228_4,289
:228_4,290
:228_4,291
:228_4,292
223,293
223,294
223,295
223,296
223,297
223,298
223,299
223,300
223,301
223,302
223,303
223,304
223,305
223,306
223,307
223,308
223,309
223,310
223,311
223,312
223,313
223,314
223,315
223,316
223,317
223,318
223,319
223,320
223,321
223,322
223,323
223,324
223,325
223,326
223,327
223,328
223,329
223,330
223,331
223,332
223,333
223,334
223,335
223,336
223,337
223,338
223,339
223,340
223,341
223,342
223,343
223,344
223,345
223,346
223,347
223,348
223,349
223,350
223,351
223,352
223,353
223,354
223,355
223,356
223,357
223,358
223,359
223,360
223,361
223,362
223,363
223,364
223,365
223,366
223,367
223,368
223,369
223,370
223,371
223,372
223,373
223,374
223,375
:229_4,376
:229_4,377
:229_4,378
:229_4,379
:229_4,380
224,381
224,382
224,383
224,384
224,385
224,386
224,387
224,388
224,389
224,390
224,391
224,392
224,393
224,394
224,395
224,396
224,397
224,398
224,399
224,400
224,401
224,402
224,403
224,404
224,405
224,406
224,407
224,408
224,409
224,410
224,411
224,412
224,413
224,414
224,415
224,416
224,417
224,418
224,419
224,420
224,421
224,422
224,423
224,424
224,425
224,426
224,427
224,428
224,429
224,430
224,431
224,432
224,433
224,434
224,435
224,436
224,437
224,438
224,439
224,440
224,441
224,442
224,443
224,444
224,445
224,446
224,447
224,448
224,449
224,450
224,451
224,452
224,453
224,454
224,455
224,456
:230_1,457
:230_1,458
:230_1,459
:230_1,460
:230_1,461
374,462
374,463
374,464
374,465
374,466
374,467
374,468
374,469
374,470
374,471
374,472
374,473
374,474
374,475
374,476
374,477
374,478
374,479
374,480
374,481
374,482
374,483
374,484
374,485
374,486
374,487
374,488
374,489
374,490
374,491
374,492
374,493
374,494
374,495
374,496
374,497
374,498
374,499
374,500
374,501
374,502
374,503
374,504
374,505
374,506
374,507
374,508
374,509
374,510
374,511
374,512
374,513
374,514
374,515
374,516
374,517
374,518
374,519
374,520
374,521
374,522
374,523
374,524
374,525
374,526
374,527
374,528
:340_0,529
375,530
375,531
375,532
375,533
375,534
375,535
375,536
375,537
375,538
375,539
375,540
375,541
375,542
375,543
375,544
375,545
375,546
375,547
375,548
375,549
375,550
375,551
375,552
375,553
375,554
375,555
375,556
375,557
375,558
375,559
375,560
375,561
375,562
375,563
375,564
375,565
375,566
375,567
375,568
375,569
375,570
375,571
375,572
375,573
375,574
375,575
375,576
375,577
375,578
375,579
375,580
375,581
375,582
375,583
375,584
375,585
375,586
375,587
375,588
375,589
375,590
375,591
375,592
375,593
375,594
375,595
375,596
375,597
375,598
375,599
375,600
375,601
375,602
375,603
375,604
375,605
375,606
375,607
375,608
375,609
375,610
375,611
375,612
375,613
375,614
375,615
375,616
375,617
375,618
375,619
375,620
375,621
375,622
375,623
:15_1,624
:15_1,625
:15_1,626
:15_1,627
:15_1,628
-13,629
-13,630
-13,631
-13,632
-13,633
-13,634
-13,635
-13,636
-13,637
-13,638
-13,639
-13,640
-13,641
-13,642
-13,643
-13,644
-13,645
-13,646
-13,647
-13,648
-13,649
-13,650
-13,651
-13,652
-13,653
-13,654
-13,655
-13,656
-13,657
-13,658
-13,659
-13,660
-13,661
-13,662
-13,663
-13,664
-13,665
-13,666
-13,667
-13,668
-13,669
-13,670
-13,671
-13,672
-13,673
-13,674
-13,675
-13,676
-13,677
-13,678
-13,679
-13,680
-13,681
-13,682
-13,683
-13,684
-13,685
-13,686
-13,687
-13,688
-13,689
-13,690
-13,691
-13,692
-13,693
-13,694
-13,695
-13,696
-13,697
-13,698
-13,699
-13,700
-13,701
-13,702
-13,703
-13,704
-13,705
-13,706
-13,707
-13,708
-13,709
-13,710
-13,711
-13,712
-13,713
-13,714
-13,715
-13,716
14,717
14,718
14,719
14,720
14,721
14,722
14,723
14,724
14,725
14,726
14,727
14,728
14,729
14,730
14,731
14,732
14,733
14,734
14,735
14,736
14,737
14,738
14,739
14,740
14,741
14,742
14,743
14,744
14,745
14,746
14,747
14,748
14,749
14,750
14,751
14,752
14,753
14,754
14,755
14,756
14,757
14,758
14,759
14,760
14,761
14,762
14,763
14,764
14,765
14,766
14,767
14,768
14,769
14,770
14,771
14,772
14,773
14,774
14,775
14,776
14,777
14,778
14,779
14,780
14,781
14,782
14,783
14,784
14,785
14,786
14,787
14,788
14,789
14,790
14,791
14,792
14,793
14,794
14,795
14,796
14,797
14,798
14,799
14,800
14,801
14,802
14,803
14,804
14,805
14,806
14,807
14,808
14,809
14,810
14,811
14,812
14,813
14,814
:16_4,815
:16_4,816
:16_4,817
:16_4,818
:16_4,819
-210,820
-210,821
-210,822
-210,823
-210,824
-210,825
-210,826
-210,827
-210,828
-210,829
-210,830
-210,831
-210,832
-210,833
-210,834
-210,835
-210,836
-210,837
-210,838
-210,839
-210,840
-210,841
-210,842
-210,843
-210,844
-210,845
-210,846
-210,847
-210,848
-210,849
-210,850
-210,851
-210,852
-210,853
-210,854
-210,855
-210,856
-210,857
-210,858
-210,859
-210,860
-210,861
-210,862
-210,863
-210,864
-210,865
-210,866
-210,867
-210,868
-210,869
-210,870
-210,871
-210,872
-210,873
-210,874
-210,875
-210,876
-210,877
-210,878
-210,879
-210,880
-210,881
-210,882
-210,883
-210,884
-210,885
-210,886
-210,887
-210,888
-210,889
-210,890
-210,891
-210,892
-210,893
-210,894
-210,895
-210,896
-210,897
-210,898
-210,899
-210,900
-210,901
-210,902
-210,903
-210,904
-210,905
:29_5,906
:29_5,907
:29_5,908
:29_5,909
:29_5,910
-25,911
-25,912
-25,913
-25,914
-25,915
-25,916
-25,917
-25,918
-25,919
-25,920
-25,921
-25,922
-25,923
-25,924
-25,925
-25,926
-25,927
-25,928
-25,929
-25,930
-25,931
-25,932
-25,933
-25,934
-25,935
-25,936
-25,937
-25,938
-25,939
-25,940
-25,941
-25,942
-25,943
-25,944
-25,945
-25,946
-25,947
-25,948
-25,949
-25,950
-25,951
-25,952
-25,953
-25,954
-25,955
-25,956
-25,957
-25,958
-25,959
-25,960
-25,961
-25,962
-25,963
-25,964
-25,965
-25,966
-25,967
-25,968
-25,969
-25,970
-25,971
-25,972
-25,973
-25,974
-25,975
-25,976
-25,977
-25,978
-25,979
-25,980
-25,981
-25,982
-25,983
-25,984
-25,985
-25,986
-25,987
-25,988
-25,989
-25,990
-25,991
-25,992
-25,993
-25,994
-25,995
-25,996
-25,997
-25,998
-25,999
-25,1000
-25,1001
-25,1002
-25,1003
-25,1004
-25,1005
-25,1006
-25,1007
-25,1008
-25,1009
-25,1010
-25,1011
-25,1012
-25,1013
-25,1014
-25,1015
-25,1016
-25,1017
-25,1018
-25,1019
-25,1020
-25,1021
-25,1022
-25,1023
-25,1024
-25,1025
-25,1026
-25,1027
-25,1028
-25,1029
-25,1030
-25,1031
-25,1032
-25,1033
-25,1034
-25,1035
:24_5,1036
:24_5,1037
:24_5,1038
:24_5,1039
:24_5,1040
-20,1041
-20,1042
-20,1043
-20,1044
-20,1045
-20,1046
-20,1047
-20,1048
-20,1049
-20,1050
-20,1051
-20,1052
-20,1053
-20,1054
-20,1055
-20,1056
-20,1057
-20,1058
-20,1059
-20,1060
-20,1061
-20,1062
-20,1063
-20,1064
-20,1065
-20,1066
-20,1067
-20,1068
-20,1069
-20,1070
-20,1071
-20,1072
-20,1073
-20,1074
-20,1075
-20,1076
-20,1077
-20,1078
-20,1079
-20,1080
-20,1081
-20,1082
-20,1083
-20,1084
-20,1085
-20,1086
-20,1087
-20,1088
-20,1089
-20,1090
-20,1091
-20,1092
-20,1093
-20,1094
-20,1095
-20,1096
-20,1097
-20,1098
-20,1099
-20,1100
-20,1101
-20,1102
-20,1103
-20,1104
-20,1105
-20,1106
-20,1107
-20,1108
-20,1109
-20,1110
-20,1111
-20,1112
-20,1113
-20,1114
-20,1115
-20,1116
-20,1117
-20,1118
-20,1119
-20,1120
-20,1121
-20,1122
:23_4,1123
:23_4,1124
:23_4,1125
:23_4,1126
:23_4,1127
:23_4,1128
-19,1129
-19,1130
-19,1131
-19,1132
-19,1133
-19,1134
-19,1135
-19,1136
-19,1137
-19,1138
-19,1139
-19,1140
-19,1141
-19,1142
-19,1143
-19,1144
-19,1145
-19,1146
-19,1147
-19,1148
-19,1149
-19,1150
-19,1151
-19,1152
-19,1153
-19,1154
-19,1155
-19,1156
-19,1157
-19,1158
-19,1159
-19,1160
-19,1161
-19,1162
-19,1163
-19,1164
-19,1165
-19,1166
-19,1167
-19,1168
-19,1169
-19,1170
-19,1171
-19,1172
-19,1173
-19,1174
-19,1175
-19,1176
-19,1177
-19,1178
-19,1179
-19,1180
-19,1181
-19,1182
-19,1183
-19,1184
-19,1185
-19,1186
-19,1187
-19,1188
-19,1189
-19,1190
-19,1191
-19,1192
-19,1193
-19,1194
-19,1195
-19,1196
-19,1197
-19,1198
-19,1199
-19,1200
-19,1201
-19,1202
-19,1203
-19,1204
-19,1205
-19,1206
-19,1207
-19,1208
-19,1209
-19,1210
-19,1211
-19,1212
-19,1213
-19,1214
-19,1215
-19,1216
:22_1,1217
:22_1,1218
:22_1,1219
:22_1,1220
:22_1,1221
23,1222
23,1223
23,1224
23,1225
23,1226
23,1227
23,1228
23,1229
23,1230
23,1231
23,1232
23,1233
23,1234
23,1235
23,1236
23,1237
23,1238
23,1239
23,1240
23,1241
23,1242
23,1243
23,1244
23,1245
23,1246
23,1247
23,1248
23,1249
23,1250
23,1251
23,1252
23,1253
23,1254
23,1255
23,1256
23,1257
23,1258
23,1259
23,1260
23,1261
23,1262
23,1263
23,1264
23,1265
23,1266
23,1267
23,1268
23,1269
23,1270
23,1271
23,1272
23,1273
23,1274
23,1275
23,1276
23,1277
23,1278
23,1279
23,1280
23,1281
23,1282
23,1283
23,1284
23,1285
23,1286
23,1287
23,1288
23,1289
23,1290
23,1291
23,1292
23,1293
23,1294
23,1295
23,1296
23,1297
23,1298
23,1299
23,1300
23,1301
23,1302
23,1303
23,1304
23,1305
23,1306
23,1307
23,1308
23,1309
23,1310
23,1311
23,1312
23,1313
23,1314
23,1315
23,1316
23,1317
23,1318
23,1319
23,1320
23,1321
23,1322
23,1323
23,1324
23,1325
23,1326
23,1327
23,1328
23,1329
23,1330
23,1331
23,1332
23,1333
23,1334
23,1335
23,1336
23,1337
23,1338
23,1339
23,1340
23,1341
23,1342
23,1343
23,1344
23,1345
23,1346
23,1347
23,1348
23,1349
23,1350
23,1351
23,1352
23,1353
23,1354
23,1355
23,1356
23,1357
23,1358
23,1359
23,1360
23,1361
23,1362
23,1363
23,1364
23,1365
23,1366
23,1367
23,1368
23,1369
23,1370
23,1371
23,1372
23,1373
23,1374
23,1375
23,1376
23,1377
23,1378
23,1379
23,1380
23,1381
23,1382
23,1383
23,1384
23,1385
23,1386
23,1387
23,1388
23,1389
23,1390
23,1391
23,1392
23,1393
:27_1,1394
:27_1,1395
:27_1,1396
:27_1,1397
:27_1,1398
:27_1,1399
87,1400
87,1401
87,1402
87,1403
87,1404
87,1405
87,1406
87,1407
87,1408
87,1409
87,1410
87,1411
87,1412
87,1413
87,1414
87,1415
87,1416
87,1417
87,1418
87,1419
87,1420
87,1421
87,1422
87,1423
87,1424
87,1425
87,1426
87,1427
87,1428
87,1429
87,1430
87,1431
87,1432
87,1433
87,1434
87,1435
87,1436
87,1437
87,1438
87,1439
87,1440
87,1441
87,1442
87,1443
87,1444
87,1445
87,1446
87,1447
87,1448
87,1449
87,1450
87,1451
87,1452
87,1453
87,1454
87,1455
87,1456
87,1457
87,1458
87,1459
87,1460
87,1461
87,1462
87,1463
87,1464
87,1465
87,1466
87,1467
87,1468
87,1469
87,1470
87,1471
87,1472
87,1473
87,1474
87,1475
87,1476
87,1477
87,1478
87,1479
87,1480
87,1481
87,1482
87,1483
87,1484
87,1485
87,1486
87,1487
87,1488
87,1489
87,1490
87,1491
87,1492
87,1493
87,1494
87,1495
87,1496
87,1497
87,1498
87,1499
87,1500
87,1501
87,1502
87,1503
87,1504
87,1505
87,1506
87,1507
87,1508
87,1509
87,1510
87,1511
87,1512
87,1513
87,1514
87,1515
87,1516
87,1517
87,1518
87,1519
87,1520
87,1521
87,1522
87,1523
87,1524
87,1525
87,1526
87,1527
87,1528
87,1529
87,1530
87,1531
87,1532
87,1533
87,1534
87,1535
87,1536
87,1537
87,1538
87,1539
87,1540
87,1541
87,1542
87,1543
87,1544
87,1545
87,1546
87,1547
87,1548
87,1549
87,1550
87,1551
87,1552
87,1553
87,1554
87,1555
87,1556
87,1557
87,1558
87,1559
87,1560
87,1561
87,1562
87,1563
:102_0,1564
:102_0,1565
:102_0,1566
:102_0,1567
:102_0,1568
-159,1569
-159,1570
-159,1571
-159,1572
-159,1573
-159,1574
-159,1575
-159,1576
-159,1577
-159,1578
-159,1579
-159,1580
-159,1581
-159,1582
-159,1583
-159,1584
-159,1585
-159,1586
-159,1587
-159,1588
-159,1589
-159,1590
-159,1591
-159,1592
-159,1593
-159,1594
-159,1595
-159,1596
-159,1597
-159,1598
-159,1599
-159,1600
-159,1601
-159,1602
-159,1603
-159,1604
-159,1605
-159,1606
-159,1607
-159,1608
-159,1609
-159,1610
-159,1611
-159,1612
-159,1613
-159,1614
-159,1615
-159,1616
-159,1617
-159,1618
-159,1619
-159,1620
-159,1621
-159,1622
-159,1623
-159,1624
-159,1625
-159,1626
-159,1627
-159,1628
-159,1629
-159,1630
-159,1631
-159,1632
-159,1633
-159,1634
-159,1635
-159,1636
-159,1637
-159,1638
-159,1639
-159,1640
-159,1641
-159,1642
-159,1643
-159,1644
-159,1645
-159,1646
-159,1647
-159,1648
-159,1649
-159,1650
-159,1651
-159,1652
-159,1653
-159,1654
-159,1655
-159,1656
-159,1657
-159,1658
-159,1659
-159,1660
-159,1661
-159,1662
-159,1663
-159,1664
-159,1665
-159,1666
-159,1667
-159,1668
-159,1669
-159,1670
-159,1671
-159,1672
-159,1673
-159,1674
:63_5,1675
:63_5,1676
:63_5,1677
:63_5,1678
:63_5,1679
:63_5,1680
-55,1681
-55,1682
-55,1683
-55,1684
-55,1685
-55,1686
-55,1687
-55,1688
-55,1689
-55,1690
-55,1691
-55,1692
-55,1693
-55,1694
-55,1695
-55,1696
-55,1697
-55,1698
-55,1699
-55,1700
-55,1701
-55,1702
-55,1703
-55,1704
-55,1705
-55,1706
-55,1707
-55,1708
-55,1709
-55,1710
-55,1711
-55,1712
-55,1713
-55,1714
-55,1715
-55,1716
-55,1717
-55,1718
-55,1719
-55,1720
-55,1721
-55,1722
-55,1723
-55,1724
-55,1725
-55,1726
-55,1727
-55,1728
-55,1729
-55,1730
-55,1731
-55,1732
-55,1733
-55,1734
-55,1735
-55,1736
-55,1737
-55,1738
-55,1739
-55,1740
-55,1741
-55,1742
-55,1743
-55,1744
-55,1745
-55,1746
-55,1747
-55,1748
-55,1749
-55,1750
-55,1751
-55,1752
-55,1753
-55,1754
-55,1755
-55,1756
-55,1757
-55,1758
-55,1759
-55,1760
-55,1761
-55,1762
-55,1763
-55,1764
-55,1765
-55,1766
-55,1767
-55,1768
-55,1769
-55,1770
-55,1771
-55,1772
-55,1773
-55,1774
-55,1775
-55,1776
-55,1777
-55,1778
-55,1779
-55,1780
-55,1781
-55,1782
-55,1783
-55,1784
-55,1785
-55,1786
-55,1787
-55,1788
-55,1789
-55,1790
-55,1791
-55,1792
-55,1793
-55,1794
-55,1795
-55,1796
-55,1797
-55,1798
-55,1799
-55,1800
-55,1801
-55,1802
-55,1803
-55,1804
:62_1,1805
:62_1,1806
:62_1,1807
:62_1,1808
:62_1,1809
-54,1810
-54,1811
-54,1812
-54,1813
-54,1814
-54,1815
-54,1816
-54,1817
-54,1818
-54,1819
-54,1820
-54,1821
-54,1822
-54,1823
-54,1824
-54,1825
-54,1826
-54,1827
-54,1828
-54,1829
-54,1830
-54,1831
-54,1832
-54,1833
-54,1834
-54,1835
-54,1836
-54,1837
-54,1838
-54,1839
-54,1840
-54,1841
-54,1842
-54,1843
-54,1844
-54,1845
-54,1846
-54,1847
-54,1848
-54,1849
-54,1850
-54,1851
-54,1852
-54,1853
-54,1854
-54,1855
-54,1856
-54,1857
:61_0,1858
:61_0,1859
:61_0,1860
:61_0,1861
:61_0,1862
:61_0,1863
-53,1864
-53,1865
-53,1866
-53,1867
-53,1868
-53,1869
-53,1870
-53,1871
-53,1872
-53,1873
-53,1874
-53,1875
-53,1876
-53,1877
-53,1878
-53,1879
-53,1880
-53,1881
-53,1882
-53,1883
-53,1884
-53,1885
-53,1886
-53,1887
-53,1888
-53,1889
-53,1890
-53,1891
-53,1892
-53,1893
-53,1894
-53,1895
-53,1896
-53,1897
-53,1898
-53,1899
-53,1900
-53,1901
-53,1902
-53,1903
-53,1904
-53,1905
-53,1906
-53,1907
-53,1908
-53,1909
-53,1910
-53,1911
-53,1912
-53,1913
-53,1914
-53,1915
-53,1916
-53,1917
-53,1918
-53,1919
-53,1920
-53,1921
-53,1922
-53,1923
-53,1924
-53,1925
-53,1926
-53,1927
-53,1928
-53,1929
-53,1930
-53,1931
-53,1932
-53,1933
-53,1934
-53,1935
-53,1936
-53,1937
-53,1938
-53,1939
-53,1940
-53,1941
-53,1942
-53,1943
:58_5,1944
:58_5,1945
:58_5,1946
:58_5,1947
:58_5,1948
:58_5,1949
56,1950
56,1951
56,1952
56,1953
56,1954
56,1955
56,1956
56,1957
56,1958
56,1959
56,1960
56,1961
56,1962
56,1963
56,1964
56,1965
56,1966
56,1967
56,1968
56,1969
56,1970
56,1971
56,1972
56,1973
56,1974
56,1975
56,1976
56,1977
56,1978
56,1979
56,1980
56,1981
56,1982
56,1983
56,1984
56,1985
56,1986
56,1987
56,1988
56,1989
56,1990
56,1991
56,1992
56,1993
56,1994
56,1995
56,1996
56,1997
56,1998
56,1999
56,2000
