-303,1
-303,2
-303,3
-303,4
-303,5
-303,6
-303,7
-303,8
-303,9
-303,10
-303,11
-303,12
-303,13
-303,14
-303,15
-303,16
-303,17
-303,18
-303,19
-303,20
-303,21
-303,22
-303,23
-303,24
-303,25
-303,26
-303,27
-303,28
-303,29
-303,30
-303,31
-303,32
-303,33
-303,34
-303,35
-303,36
-303,37
-303,38
-303,39
-303,40
-303,41
-303,42
-303,43
-303,44
-303,45
-303,46
-303,47
-303,48
-303,49
-303,50
-303,51
-303,52
-303,53
-303,54
-303,55
-303,56
-303,57
-303,58
-303,59
-303,60
-303,61
-303,62
-303,63
-303,64
-303,65
-303,66
-303,67
-303,68
-303,69
-303,70
-303,71
-303,72
-303,73
:289_3,74
:289_3,75
:289_3,76
304,77
304,78
304,79
304,80
304,81
304,82
304,83
304,84
304,85
304,86
304,87
304,88
304,89
304,90
304,91
304,92
304,93
304,94
304,95
304,96
304,97
304,98
304,99
304,100
304,101
304,102
304,103
304,104
304,105
304,106
304,107
304,108
304,109
304,110
304,111
304,112
304,113
304,114
304,115
304,116
304,117
304,118
304,119
304,120
304,121
304,122
304,123
304,124
304,125
304,126
304,127
304,128
304,129
304,130
304,131
304,132
304,133
304,134
304,135
304,136
304,137
304,138
304,139
304,140
304,141
304,142
304,143
304,144
304,145
304,146
304,147
304,148
304,149
304,150
304,151
304,152
304,153
304,154
:59_0,155
:59_0,156
:59_0,157
:59_0,158
:59_0,159
-51,160
-51,161
-51,162
-51,163
-51,164
-51,165
-51,166
-51,167
-51,168
-51,169
-51,170
-51,171
-51,172
-51,173
-51,174
-51,175
-51,176
-51,177
-51,178
-51,179
-51,180
-51,181
-51,182
-51,183
-51,184
-51,185
-51,186
-51,187
-51,188
-51,189
-51,190
-51,191
-51,192
-51,193
-51,194
-51,195
-51,196
-51,197
-51,198
-51,199
-51,200
-51,201
-51,202
-51,203
-51,204
-51,205
-51,206
-51,207
-51,208
-51,209
-51,210
-51,211
-51,212
-51,213
-51,214
-51,215
-51,216
-51,217
-51,218
-51,219
-51,220
-51,221
-51,222
-51,223
-51,224
-51,225
-51,226
-51,227
-51,228
-51,229
-51,230
-51,231
-51,232
-51,233
-51,234
-51,235
-51,236
-51,237
-51,238
-51,239
-51,240
-51,241
-51,242
-51,243
-51,244
-51,245
-51,246
-51,247
-51,248
-51,249
-51,250
-51,251
-51,252
-51,253
-51,254
-51,255
-51,256
-51,257
-51,258
-51,259
-51,260
-51,261
-51,262
-51,263
-51,264
-51,265
-51,266
-51,267
-51,268
-51,269
-51,270
-51,271
-51,272
-51,273
-51,274
-51,275
-51,276
-51,277
-51,278
-51,279
-51,280
-51,281
-51,282
-51,283
:58_9,284
:58_9,285
:58_9,286
:58_9,287
:58_9,288
52,289
52,290
52,291
52,292
52,293
52,294
52,295
52,296
52,297
52,298
52,299
52,300
52,301
52,302
52,303
52,304
52,305
52,306
52,307
52,308
52,309
52,310
52,311
52,312
52,313
52,314
52,315
52,316
52,317
52,318
52,319
52,320
52,321
52,322
52,323
52,324
52,325
52,326
52,327
52,328
52,329
52,330
52,331
52,332
52,333
52,334
52,335
52,336
52,337
52,338
52,339
52,340
52,341
52,342
52,343
52,344
52,345
52,346
52,347
52,348
52,349
52,350
52,351
52,352
52,353
52,354
52,355
52,356
52,357
52,358
52,359
52,360
52,361
52,362
52,363
52,364
52,365
52,366
52,367
52,368
52,369
52,370
52,371
52,372
52,373
52,374
52,375
52,376
52,377
52,378
52,379
52,380
52,381
52,382
52,383
52,384
52,385
52,386
52,387
52,388
52,389
52,390
52,391
52,392
52,393
52,394
52,395
52,396
52,397
52,398
52,399
52,400
52,401
52,402
52,403
52,404
52,405
52,406
52,407
52,408
52,409
52,410
52,411
52,412
52,413
52,414
52,415
52,416
52,417
52,418
52,419
52,420
52,421
52,422
:60_4,423
:60_4,424
:60_4,425
:60_4,426
:60_4,427
-122,428
-122,429
-122,430
-122,431
-122,432
-122,433
-122,434
-122,435
-122,436
-122,437
-122,438
-122,439
-122,440
-122,441
-122,442
-122,443
-122,444
-122,445
-122,446
-122,447
-122,448
-122,449
-122,450
-122,451
-122,452
-122,453
-122,454
-122,455
-122,456
-122,457
-122,458
-122,459
-122,460
-122,461
-122,462
-122,463
-122,464
-122,465
-122,466
-122,467
-122,468
-122,469
-122,470
-122,471
-122,472
-122,473
-122,474
-122,475
-122,476
-122,477
-122,478
-122,479
-122,480
-122,481
-122,482
-122,483
-122,484
-122,485
-122,486
-122,487
-122,488
-122,489
-122,490
-122,491
-122,492
-122,493
-122,494
-122,495
-122,496
-122,497
-122,498
-122,499
-122,500
-122,501
-122,502
:137_7,503
:137_7,504
:137_7,505
:137_7,506
:137_7,507
121,508
121,509
121,510
121,511
121,512
121,513
121,514
121,515
121,516
121,517
121,518
121,519
121,520
121,521
121,522
121,523
121,524
121,525
121,526
121,527
121,528
121,529
121,530
121,531
121,532
121,533
121,534
121,535
121,536
121,537
121,538
121,539
121,540
121,541
121,542
121,543
121,544
121,545
121,546
121,547
121,548
121,549
121,550
121,551
121,552
121,553
121,554
121,555
121,556
121,557
121,558
121,559
121,560
121,561
121,562
121,563
121,564
121,565
121,566
121,567
121,568
121,569
121,570
121,571
121,572
121,573
121,574
:77_4,575
:77_4,576
:77_4,577
:77_4,578
:77_4,579
-67,580
-67,581
-67,582
-67,583
-67,584
-67,585
-67,586
-67,587
-67,588
-67,589
-67,590
-67,591
-67,592
-67,593
-67,594
-67,595
-67,596
-67,597
-67,598
-67,599
-67,600
-67,601
-67,602
-67,603
-67,604
-67,605
-67,606
-67,607
-67,608
-67,609
-67,610
-67,611
-67,612
-67,613
-67,614
-67,615
-67,616
-67,617
-67,618
-67,619
-67,620
-67,621
-67,622
-67,623
-67,624
-67,625
-67,626
-67,627
-67,628
-67,629
-67,630
-67,631
-67,632
-67,633
-67,634
-67,635
-67,636
-67,637
-67,638
-67,639
-67,640
-67,641
-67,642
-67,643
-67,644
-67,645
-67,646
-67,647
-67,648
-67,649
-67,650
-67,651
-67,652
-67,653
-67,654
-67,655
-67,656
-67,657
-67,658
-67,659
-67,660
-67,661
-67,662
-67,663
-67,664
-67,665
-67,666
-67,667
-67,668
-67,669
-67,670
-67,671
-67,672
-67,673
-67,674
-67,675
-67,676
-67,677
-67,678
-67,679
-67,680
-67,681
-67,682
-67,683
-67,684
-67,685
-67,686
-67,687
-67,688
-67,689
-67,690
:74_8,691
:74_8,692
:74_8,693
65,694
65,695
65,696
65,697
65,698
65,699
65,700
65,701
65,702
65,703
65,704
65,705
65,706
65,707
65,708
65,709
65,710
65,711
65,712
65,713
65,714
65,715
65,716
65,717
65,718
65,719
65,720
65,721
65,722
65,723
65,724
65,725
65,726
65,727
65,728
65,729
65,730
65,731
65,732
65,733
65,734
65,735
65,736
65,737
65,738
65,739
65,740
65,741
65,742
65,743
65,744
65,745
65,746
65,747
65,748
65,749
65,750
65,751
65,752
65,753
65,754
65,755
65,756
65,757
65,758
65,759
65,760
65,761
65,762
65,763
65,764
65,765
65,766
65,767
65,768
65,769
65,770
65,771
65,772
65,773
65,774
65,775
65,776
65,777
65,778
65,779
65,780
65,781
65,782
65,783
65,784
65,785
65,786
65,787
65,788
65,789
65,790
65,791
65,792
65,793
65,794
65,795
65,796
65,797
65,798
65,799
65,800
65,801
65,802
:75_13,803
:75_13,804
:75_13,805
:75_13,806
:75_13,807
-438,808
-438,809
-438,810
-438,811
-438,812
-438,813
-438,814
-438,815
-438,816
-438,817
-438,818
-438,819
-438,820
-438,821
-438,822
-438,823
-438,824
-438,825
-438,826
-438,827
-438,828
-438,829
-438,830
-438,831
-438,832
-438,833
-438,834
-438,835
-438,836
-438,837
-438,838
-438,839
-438,840
-438,841
-438,842
-438,843
-438,844
-438,845
-438,846
-438,847
-438,848
-438,849
-438,850
-438,851
-438,852
-438,853
-438,854
-438,855
-438,856
-438,857
-438,858
-438,859
-438,860
-438,861
-438,862
-438,863
-438,864
-438,865
-438,866
-438,867
-438,868
-438,869
-438,870
-438,871
-438,872
-438,873
-438,874
-438,875
-438,876
-438,877
-438,878
-438,879
-438,880
-438,881
-438,882
-438,883
-438,884
-438,885
-438,886
-438,887
-438,888
-438,889
-438,890
-438,891
-438,892
-438,893
-438,894
-438,895
-438,896
-438,897
-438,898
-438,899
-438,900
-438,901
-438,902
-438,903
-438,904
-438,905
-438,906
-438,907
-438,908
-438,909
-438,910
-438,911
-438,912
-438,913
-438,914
-438,915
-438,916
-438,917
-438,918
-438,919
:381_13,920
:381_13,921
:381_13,922
:381_13,923
:381_13,924
-437,925
-437,926
-437,927
-437,928
-437,929
-437,930
-437,931
-437,932
-437,933
-437,934
-437,935
-437,936
-437,937
-437,938
-437,939
-437,940
-437,941
-437,942
-437,943
-437,944
-437,945
-437,946
-437,947
-437,948
-437,949
-437,950
-437,951
-437,952
-437,953
-437,954
-437,955
-437,956
-437,957
-437,958
-437,959
-437,960
-437,961
-437,962
-437,963
-437,964
-437,965
-437,966
-437,967
-437,968
-437,969
-437,970
-437,971
-437,972
-437,973
-437,974
-437,975
-437,976
-437,977
-437,978
-437,979
-437,980
-437,981
-437,982
-437,983
-437,984
-437,985
-437,986
-437,987
-437,988
-437,989
-437,990
-437,991
-437,992
-437,993
-437,994
-437,995
-437,996
-437,997
-437,998
-437,999
-437,1000
-437,1001
-437,1002
-437,1003
-437,1004
-437,1005
-437,1006
-437,1007
-437,1008
-437,1009
-437,1010
-437,1011
-437,1012
-437,1013
-437,1014
-437,1015
-437,1016
-437,1017
-437,1018
-437,1019
-437,1020
-437,1021
-437,1022
-437,1023
-437,1024
-437,1025
-437,1026
-437,1027
-437,1028
-437,1029
-437,1030
-437,1031
-437,1032
-437,1033
-437,1034
-437,1035
-437,1036
-437,1037
-437,1038
-437,1039
-437,1040
-437,1041
-437,1042
-437,1043
-437,1044
-437,1045
-437,1046
-437,1047
-437,1048
-437,1049
-437,1050
-437,1051
-437,1052
-437,1053
-437,1054
-437,1055
-437,1056
-437,1057
-437,1058
-437,1059
-437,1060
-437,1061
-437,1062
-437,1063
-437,1064
-437,1065
-437,1066
-437,1067
-437,1068
-437,1069
-437,1070
-437,1071
-437,1072
-437,1073
-437,1074
-437,1075
-437,1076
-437,1077
-437,1078
-437,1079
-437,1080
-437,1081
-437,1082
-437,1083
-437,1084
-437,1085
-437,1086
-437,1087
-437,1088
-437,1089
-437,1090
-437,1091
-437,1092
-437,1093
-437,1094
-437,1095
-437,1096
-437,1097
-437,1098
-437,1099
-437,1100
-437,1101
-437,1102
-437,1103
-437,1104
-437,1105
-437,1106
-437,1107
-437,1108
-437,1109
-437,1110
-437,1111
-437,1112
-437,1113
-437,1114
-437,1115
-437,1116
-437,1117
-437,1118
-437,1119
-437,1120
-437,1121
-437,1122
-437,1123
-437,1124
-437,1125
-437,1126
-437,1127
-437,1128
-437,1129
-437,1130
-437,1131
-437,1132
-437,1133
-437,1134
-437,1135
-437,1136
-437,1137
-437,1138
-437,1139
-437,1140
-437,1141
:244_13,1142
:244_13,1143
:244_13,1144
:244_13,1145
:244_13,1146
242,1147
242,1148
242,1149
242,1150
242,1151
242,1152
242,1153
242,1154
242,1155
242,1156
242,1157
242,1158
242,1159
242,1160
242,1161
242,1162
242,1163
242,1164
242,1165
242,1166
242,1167
242,1168
242,1169
242,1170
242,1171
242,1172
242,1173
242,1174
242,1175
242,1176
242,1177
242,1178
242,1179
242,1180
242,1181
242,1182
242,1183
242,1184
242,1185
242,1186
242,1187
242,1188
242,1189
242,1190
242,1191
242,1192
242,1193
242,1194
242,1195
242,1196
242,1197
242,1198
242,1199
242,1200
242,1201
242,1202
242,1203
242,1204
242,1205
242,1206
242,1207
242,1208
242,1209
242,1210
242,1211
242,1212
242,1213
242,1214
242,1215
242,1216
242,1217
242,1218
242,1219
242,1220
242,1221
242,1222
242,1223
242,1224
242,1225
242,1226
242,1227
242,1228
242,1229
242,1230
242,1231
242,1232
242,1233
242,1234
242,1235
242,1236
242,1237
242,1238
242,1239
242,1240
242,1241
242,1242
:245_3,1243
:245_3,1244
:245_3,1245
:245_3,1246
:245_3,1247
243,1248
243,1249
243,1250
243,1251
243,1252
243,1253
243,1254
243,1255
243,1256
243,1257
243,1258
243,1259
243,1260
243,1261
243,1262
243,1263
243,1264
243,1265
243,1266
243,1267
243,1268
243,1269
243,1270
243,1271
243,1272
243,1273
243,1274
243,1275
243,1276
243,1277
243,1278
243,1279
243,1280
243,1281
243,1282
243,1283
243,1284
243,1285
243,1286
243,1287
243,1288
243,1289
243,1290
243,1291
243,1292
243,1293
243,1294
243,1295
243,1296
243,1297
243,1298
243,1299
243,1300
243,1301
243,1302
243,1303
243,1304
243,1305
243,1306
243,1307
243,1308
243,1309
243,1310
243,1311
243,1312
243,1313
243,1314
243,1315
:179_13,1316
:179_13,1317
:179_13,1318
:179_13,1319
:179_13,1320
244,1321
244,1322
244,1323
244,1324
244,1325
244,1326
244,1327
244,1328
244,1329
244,1330
244,1331
244,1332
244,1333
244,1334
244,1335
244,1336
244,1337
244,1338
244,1339
244,1340
244,1341
244,1342
244,1343
244,1344
244,1345
244,1346
244,1347
244,1348
244,1349
244,1350
244,1351
244,1352
244,1353
244,1354
244,1355
244,1356
244,1357
244,1358
244,1359
244,1360
244,1361
244,1362
244,1363
244,1364
244,1365
244,1366
244,1367
244,1368
244,1369
244,1370
244,1371
244,1372
244,1373
244,1374
244,1375
244,1376
244,1377
244,1378
244,1379
244,1380
244,1381
244,1382
244,1383
244,1384
244,1385
244,1386
244,1387
244,1388
244,1389
244,1390
244,1391
244,1392
244,1393
244,1394
244,1395
244,1396
244,1397
244,1398
244,1399
244,1400
244,1401
244,1402
244,1403
244,1404
244,1405
244,1406
244,1407
244,1408
244,1409
244,1410
244,1411
244,1412
244,1413
244,1414
244,1415
244,1416
244,1417
244,1418
244,1419
244,1420
244,1421
244,1422
244,1423
244,1424
244,1425
244,1426
244,1427
244,1428
244,1429
244,1430
244,1431
244,1432
244,1433
244,1434
244,1435
244,1436
244,1437
244,1438
244,1439
244,1440
244,1441
244,1442
244,1443
244,1444
244,1445
244,1446
244,1447
244,1448
244,1449
244,1450
244,1451
244,1452
244,1453
244,1454
244,1455
244,1456
244,1457
244,1458
244,1459
244,1460
244,1461
244,1462
244,1463
244,1464
244,1465
244,1466
244,1467
244,1468
244,1469
244,1470
244,1471
244,1472
244,1473
244,1474
244,1475
244,1476
244,1477
244,1478
:215_13,1479
:215_13,1480
:215_13,1481
:215_13,1482
:215_13,1483
245,1484
245,1485
245,1486
245,1487
245,1488
245,1489
245,1490
245,1491
245,1492
245,1493
245,1494
245,1495
245,1496
245,1497
245,1498
245,1499
245,1500
245,1501
245,1502
245,1503
245,1504
245,1505
245,1506
245,1507
245,1508
245,1509
245,1510
245,1511
245,1512
245,1513
245,1514
245,1515
245,1516
245,1517
245,1518
245,1519
245,1520
245,1521
245,1522
245,1523
245,1524
245,1525
245,1526
245,1527
245,1528
245,1529
245,1530
245,1531
:246_3,1532
:246_3,1533
:246_3,1534
:246_3,1535
:246_3,1536
325,1537
325,1538
325,1539
325,1540
325,1541
325,1542
325,1543
325,1544
325,1545
325,1546
325,1547
325,1548
325,1549
325,1550
325,1551
325,1552
325,1553
325,1554
325,1555
325,1556
325,1557
325,1558
325,1559
325,1560
325,1561
325,1562
325,1563
325,1564
325,1565
325,1566
325,1567
325,1568
325,1569
325,1570
325,1571
325,1572
325,1573
325,1574
325,1575
325,1576
325,1577
325,1578
325,1579
325,1580
325,1581
325,1582
325,1583
325,1584
325,1585
325,1586
325,1587
325,1588
325,1589
325,1590
325,1591
325,1592
325,1593
325,1594
325,1595
325,1596
325,1597
325,1598
325,1599
325,1600
325,1601
325,1602
325,1603
325,1604
325,1605
325,1606
325,1607
325,1608
325,1609
325,1610
325,1611
325,1612
325,1613
325,1614
325,1615
325,1616
325,1617
325,1618
325,1619
325,1620
325,1621
325,1622
325,1623
325,1624
325,1625
:106_7,1626
:106_7,1627
:106_7,1628
:106_7,1629
:106_7,1630
-90,1631
-90,1632
-90,1633
-90,1634
-90,1635
-90,1636
-90,1637
-90,1638
-90,1639
-90,1640
-90,1641
-90,1642
-90,1643
-90,1644
-90,1645
-90,1646
-90,1647
-90,1648
-90,1649
-90,1650
-90,1651
-90,1652
-90,1653
-90,1654
-90,1655
-90,1656
-90,1657
-90,1658
-90,1659
-90,1660
-90,1661
-90,1662
-90,1663
-90,1664
-90,1665
-90,1666
-90,1667
-90,1668
-90,1669
-90,1670
-90,1671
-90,1672
-90,1673
-90,1674
-90,1675
-90,1676
-90,1677
-90,1678
-90,1679
-90,1680
-90,1681
-90,1682
-90,1683
-90,1684
-90,1685
-90,1686
-90,1687
-90,1688
-90,1689
-90,1690
-90,1691
-90,1692
-90,1693
-90,1694
-90,1695
-90,1696
-90,1697
-90,1698
-90,1699
-90,1700
-90,1701
-90,1702
-90,1703
-90,1704
-90,1705
-90,1706
-90,1707
-90,1708
-90,1709
-90,1710
-90,1711
-90,1712
-90,1713
-90,1714
-90,1715
-90,1716
-90,1717
-90,1718
-90,1719
-90,1720
-90,1721
-90,1722
-90,1723
-90,1724
-90,1725
-90,1726
-90,1727
-90,1728
-90,1729
-90,1730
-90,1731
-90,1732
-90,1733
-90,1734
-90,1735
-90,1736
-90,1737
-90,1738
-90,1739
-90,1740
-90,1741
-90,1742
-90,1743
-90,1744
-90,1745
-90,1746
-90,1747
-90,1748
-90,1749
-90,1750
-90,1751
-90,1752
-90,1753
-90,1754
-90,1755
-90,1756
-90,1757
-90,1758
-90,1759
-90,1760
-90,1761
-90,1762
-90,1763
-90,1764
-90,1765
-90,1766
-90,1767
-90,1768
-90,1769
-90,1770
-90,1771
-90,1772
-90,1773
-90,1774
-90,1775
-90,1776
-90,1777
-90,1778
-90,1779
:104_13,1780
:104_13,1781
:104_13,1782
:104_13,1783
:104_13,1784
89,1785
89,1786
89,1787
89,1788
89,1789
89,1790
89,1791
89,1792
89,1793
89,1794
89,1795
89,1796
89,1797
89,1798
89,1799
89,1800
89,1801
89,1802
89,1803
89,1804
89,1805
89,1806
89,1807
89,1808
89,1809
89,1810
89,1811
89,1812
89,1813
89,1814
89,1815
89,1816
89,1817
89,1818
89,1819
89,1820
89,1821
89,1822
89,1823
89,1824
89,1825
89,1826
89,1827
89,1828
89,1829
89,1830
89,1831
89,1832
89,1833
89,1834
89,1835
89,1836
89,1837
89,1838
89,1839
89,1840
89,1841
89,1842
89,1843
89,1844
89,1845
89,1846
89,1847
89,1848
89,1849
89,1850
89,1851
89,1852
89,1853
89,1854
89,1855
89,1856
89,1857
89,1858
89,1859
89,1860
89,1861
89,1862
89,1863
89,1864
:105_7,1865
:105_7,1866
:105_7,1867
:105_7,1868
93,1869
93,1870
93,1871
93,1872
93,1873
93,1874
93,1875
93,1876
93,1877
93,1878
93,1879
93,1880
93,1881
93,1882
93,1883
93,1884
93,1885
93,1886
93,1887
93,1888
93,1889
93,1890
93,1891
93,1892
93,1893
93,1894
93,1895
93,1896
93,1897
93,1898
93,1899
93,1900
93,1901
93,1902
93,1903
93,1904
93,1905
93,1906
93,1907
93,1908
93,1909
93,1910
93,1911
93,1912
93,1913
93,1914
93,1915
93,1916
93,1917
93,1918
93,1919
93,1920
93,1921
93,1922
93,1923
93,1924
93,1925
93,1926
93,1927
-130,1928
-130,1929
-130,1930
-130,1931
-130,1932
-130,1933
-130,1934
-130,1935
-130,1936
-130,1937
-130,1938
-130,1939
-130,1940
-130,1941
-130,1942
-130,1943
-130,1944
-130,1945
-130,1946
-130,1947
-130,1948
-130,1949
-130,1950
-130,1951
-130,1952
-130,1953
-130,1954
-130,1955
-130,1956
-130,1957
-130,1958
-130,1959
-130,1960
-130,1961
