306,1
306,2
306,3
306,4
306,5
306,6
306,7
306,8
306,9
306,10
306,11
306,12
306,13
306,14
306,15
306,16
306,17
306,18
306,19
306,20
306,21
306,22
306,23
306,24
306,25
306,26
306,27
306,28
306,29
306,30
306,31
306,32
306,33
306,34
306,35
306,36
306,37
306,38
306,39
306,40
306,41
306,42
306,43
306,44
306,45
306,46
306,47
306,48
306,49
306,50
306,51
306,52
306,53
306,54
306,55
306,56
306,57
306,58
306,59
306,60
306,61
306,62
306,63
306,64
306,65
306,66
306,67
306,68
306,69
306,70
306,71
306,72
306,73
306,74
306,75
306,76
306,77
306,78
306,79
306,80
306,81
306,82
306,83
306,84
306,85
306,86
306,87
306,88
306,89
306,90
306,91
306,92
306,93
306,94
306,95
:292_4,96
:292_4,97
:292_4,98
:292_4,99
677,100
677,101
677,102
677,103
677,104
677,105
677,106
677,107
677,108
677,109
677,110
677,111
677,112
677,113
677,114
677,115
677,116
677,117
677,118
677,119
677,120
677,121
677,122
677,123
677,124
677,125
677,126
677,127
677,128
:294_1,129
:294_1,130
:294_1,131
:294_1,132
:294_1,133
-309,134
-309,135
-309,136
-309,137
-309,138
-309,139
-309,140
-309,141
-309,142
-309,143
-309,144
-309,145
-309,146
-309,147
-309,148
-309,149
-309,150
-309,151
-309,152
-309,153
-309,154
-309,155
-309,156
-309,157
-309,158
-309,159
-309,160
-309,161
-309,162
-309,163
-309,164
-309,165
-309,166
-309,167
-309,168
:54_0,169
:54_0,170
:54_0,171
310,172
310,173
310,174
310,175
310,176
310,177
310,178
310,179
310,180
310,181
310,182
310,183
310,184
310,185
310,186
310,187
310,188
310,189
310,190
310,191
310,192
310,193
310,194
310,195
310,196
310,197
310,198
310,199
310,200
310,201
310,202
310,203
310,204
310,205
310,206
310,207
310,208
310,209
310,210
310,211
310,212
310,213
310,214
310,215
310,216
310,217
310,218
310,219
310,220
310,221
310,222
310,223
310,224
310,225
310,226
310,227
310,228
310,229
310,230
310,231
310,232
310,233
310,234
310,235
310,236
310,237
310,238
310,239
310,240
310,241
310,242
310,243
310,244
310,245
310,246
310,247
310,248
310,249
310,250
310,251
310,252
310,253
310,254
310,255
310,256
310,257
310,258
310,259
310,260
310,261
310,262
310,263
310,264
310,265
310,266
310,267
310,268
310,269
310,270
310,271
310,272
310,273
310,274
310,275
310,276
310,277
310,278
310,279
310,280
310,281
310,282
310,283
310,284
310,285
310,286
310,287
310,288
310,289
310,290
310,291
310,292
310,293
310,294
310,295
310,296
310,297
310,298
310,299
310,300
310,301
310,302
310,303
310,304
310,305
310,306
310,307
310,308
310,309
310,310
310,311
310,312
310,313
310,314
310,315
310,316
310,317
310,318
310,319
310,320
310,321
310,322
310,323
310,324
310,325
310,326
310,327
310,328
310,329
310,330
310,331
310,332
310,333
310,334
310,335
310,336
310,337
310,338
310,339
310,340
310,341
310,342
310,343
310,344
310,345
310,346
310,347
310,348
310,349
310,350
310,351
310,352
310,353
310,354
310,355
310,356
310,357
310,358
310,359
310,360
310,361
310,362
310,363
310,364
310,365
310,366
310,367
310,368
310,369
310,370
310,371
310,372
310,373
310,374
310,375
310,376
310,377
310,378
310,379
310,380
310,381
310,382
310,383
310,384
310,385
310,386
310,387
310,388
:0_5,389
:0_5,390
:0_5,391
:0_5,392
:0_5,393
3,394
3,395
3,396
3,397
3,398
3,399
3,400
3,401
3,402
3,403
3,404
3,405
3,406
3,407
3,408
3,409
3,410
3,411
3,412
3,413
3,414
3,415
3,416
3,417
3,418
3,419
3,420
3,421
3,422
3,423
3,424
3,425
3,426
3,427
3,428
3,429
3,430
3,431
3,432
3,433
3,434
3,435
3,436
3,437
3,438
3,439
3,440
3,441
3,442
3,443
3,444
3,445
3,446
3,447
3,448
3,449
3,450
3,451
3,452
3,453
3,454
3,455
3,456
3,457
3,458
3,459
3,460
3,461
3,462
3,463
3,464
3,465
3,466
3,467
3,468
3,469
3,470
3,471
3,472
3,473
3,474
3,475
3,476
3,477
3,478
3,479
3,480
3,481
3,482
3,483
3,484
3,485
3,486
3,487
3,488
3,489
3,490
3,491
3,492
3,493
3,494
3,495
3,496
3,497
3,498
3,499
3,500
3,501
3,502
3,503
3,504
3,505
3,506
3,507
3,508
3,509
3,510
3,511
3,512
3,513
3,514
3,515
3,516
3,517
3,518
3,519
3,520
3,521
3,522
3,523
3,524
3,525
3,526
3,527
3,528
3,529
3,530
3,531
3,532
3,533
3,534
3,535
3,536
3,537
3,538
3,539
3,540
3,541
3,542
3,543
3,544
3,545
3,546
3,547
3,548
3,549
3,550
3,551
3,552
3,553
3,554
3,555
3,556
3,557
3,558
3,559
3,560
3,561
3,562
3,563
3,564
3,565
3,566
3,567
3,568
3,569
3,570
3,571
3,572
3,573
3,574
3,575
3,576
3,577
3,578
3,579
3,580
3,581
3,582
3,583
3,584
3,585
3,586
3,587
3,588
3,589
3,590
3,591
3,592
3,593
3,594
3,595
3,596
3,597
3,598
3,599
3,600
3,601
3,602
3,603
3,604
3,605
3,606
3,607
3,608
3,609
3,610
3,611
3,612
3,613
3,614
3,615
3,616
3,617
3,618
3,619
3,620
3,621
3,622
3,623
3,624
3,625
3,626
3,627
3,628
3,629
3,630
3,631
3,632
3,633
3,634
3,635
3,636
3,637
3,638
3,639
3,640
3,641
3,642
3,643
3,644
3,645
3,646
3,647
3,648
3,649
3,650
3,651
3,652
3,653
3,654
3,655
:4_4,656
:4_4,657
:4_4,658
:4_4,659
-11,660
-11,661
-11,662
-11,663
-11,664
-11,665
-11,666
-11,667
-11,668
-11,669
-11,670
-11,671
-11,672
-11,673
-11,674
-11,675
-11,676
-11,677
-11,678
-11,679
-11,680
-11,681
-11,682
-11,683
-11,684
-11,685
-11,686
-11,687
-11,688
-11,689
-11,690
-11,691
-11,692
-11,693
-11,694
-11,695
-11,696
-11,697
-11,698
-11,699
-11,700
-11,701
-11,702
-11,703
-11,704
-11,705
-11,706
-11,707
-11,708
-11,709
-11,710
-11,711
-11,712
-11,713
-11,714
-11,715
-11,716
-11,717
-11,718
-11,719
-11,720
-11,721
-11,722
-11,723
-11,724
-11,725
-11,726
-11,727
-11,728
-11,729
-11,730
-11,731
-11,732
-11,733
-11,734
-11,735
-11,736
-11,737
-11,738
-11,739
-11,740
-11,741
-11,742
-11,743
-11,744
-11,745
-11,746
-11,747
-11,748
-11,749
-11,750
-11,751
-11,752
-11,753
-11,754
-11,755
-11,756
-11,757
-11,758
-11,759
-11,760
-11,761
-11,762
-11,763
-11,764
-11,765
-11,766
-11,767
-11,768
-11,769
-11,770
-11,771
-11,772
-11,773
-11,774
-10,775
-10,776
-10,777
-10,778
-10,779
-10,780
-10,781
-10,782
-10,783
-10,784
-10,785
-10,786
-10,787
-10,788
-10,789
-10,790
-10,791
-10,792
-10,793
-10,794
-10,795
-10,796
-10,797
-10,798
-10,799
-10,800
-10,801
-10,802
-10,803
-10,804
-10,805
-10,806
-10,807
-10,808
-10,809
-10,810
-10,811
-10,812
-10,813
-10,814
-10,815
-10,816
-10,817
-10,818
-10,819
-10,820
-10,821
-10,822
-10,823
-10,824
-10,825
-10,826
-10,827
-10,828
-10,829
-10,830
-10,831
-9,832
-9,833
-9,834
-9,835
-9,836
-9,837
-9,838
-9,839
-9,840
-9,841
-9,842
-9,843
-9,844
-9,845
-9,846
-9,847
-9,848
-9,849
-9,850
-9,851
-9,852
-9,853
-9,854
-9,855
-9,856
-9,857
-9,858
-9,859
-9,860
-9,861
-9,862
-9,863
-9,864
-9,865
-9,866
-9,867
-9,868
-9,869
-9,870
-9,871
-9,872
-9,873
-9,874
-9,875
-9,876
-9,877
-9,878
-9,879
-9,880
-9,881
-9,882
-9,883
-9,884
-9,885
-9,886
-9,887
-9,888
-8,889
-8,890
-8,891
-8,892
-8,893
-8,894
-8,895
-8,896
-8,897
-8,898
-8,899
-8,900
-8,901
-8,902
-8,903
-8,904
-8,905
-8,906
-8,907
-8,908
-8,909
-8,910
-8,911
-8,912
-8,913
-8,914
-8,915
-8,916
-8,917
-8,918
-8,919
-8,920
-8,921
-8,922
-8,923
-8,924
-8,925
-8,926
-8,927
-8,928
-8,929
-8,930
-8,931
-8,932
-8,933
-8,934
-8,935
-8,936
-8,937
-8,938
-8,939
-8,940
-8,941
-8,942
-8,943
-8,944
-8,945
-8,946
-8,947
-8,948
-7,949
-7,950
-7,951
-7,952
-7,953
-7,954
-7,955
-7,956
-7,957
-7,958
-7,959
-7,960
-7,961
-7,962
-7,963
-7,964
-7,965
-7,966
-7,967
-7,968
-7,969
-7,970
-7,971
-7,972
-7,973
-7,974
-7,975
-7,976
-7,977
-7,978
-7,979
-7,980
-7,981
-7,982
-7,983
-7,984
-7,985
-7,986
-7,987
-7,988
-7,989
-7,990
-7,991
-7,992
-7,993
-7,994
-7,995
-7,996
-7,997
-7,998
-7,999
-7,1000
-7,1001
-7,1002
-7,1003
-7,1004
-7,1005
-7,1006
-7,1007
-7,1008
-7,1009
-7,1010
-7,1011
-7,1012
-7,1013
-7,1014
-7,1015
-6,1016
-6,1017
-6,1018
-6,1019
-6,1020
-6,1021
-6,1022
-6,1023
-6,1024
-6,1025
-6,1026
-6,1027
-6,1028
-6,1029
-6,1030
-6,1031
-6,1032
-6,1033
-6,1034
-6,1035
-6,1036
-6,1037
-6,1038
-6,1039
-6,1040
-6,1041
-6,1042
-6,1043
-6,1044
-6,1045
-6,1046
-6,1047
-6,1048
-6,1049
-6,1050
-6,1051
-6,1052
-6,1053
-6,1054
-6,1055
-6,1056
-6,1057
-6,1058
-6,1059
-6,1060
-6,1061
-6,1062
-6,1063
-6,1064
-6,1065
-6,1066
-6,1067
-6,1068
-6,1069
-6,1070
-6,1071
-6,1072
-6,1073
-6,1074
-6,1075
-6,1076
-6,1077
-6,1078
-6,1079
-6,1080
-6,1081
-6,1082
-6,1083
-6,1084
-6,1085
-6,1086
-6,1087
-6,1088
-6,1089
-6,1090
-6,1091
-6,1092
-6,1093
-6,1094
-6,1095
-6,1096
-6,1097
-6,1098
-6,1099
-6,1100
-6,1101
-6,1102
-6,1103
-6,1104
-6,1105
-6,1106
-6,1107
-6,1108
-6,1109
-6,1110
-6,1111
-6,1112
-6,1113
-6,1114
-6,1115
-6,1116
-6,1117
-6,1118
-6,1119
-6,1120
-6,1121
-6,1122
-6,1123
-6,1124
-6,1125
-6,1126
-6,1127
-6,1128
-6,1129
-6,1130
-6,1131
-6,1132
-6,1133
-6,1134
-6,1135
-6,1136
-6,1137
-6,1138
-6,1139
-6,1140
-6,1141
-6,1142
-6,1143
-6,1144
-6,1145
-6,1146
-6,1147
-6,1148
-6,1149
-6,1150
-6,1151
-6,1152
-6,1153
-6,1154
-6,1155
-6,1156
-6,1157
-6,1158
-6,1159
-6,1160
-6,1161
-6,1162
-6,1163
-6,1164
-6,1165
-6,1166
-6,1167
-6,1168
-6,1169
-6,1170
-6,1171
-6,1172
-6,1173
-6,1174
-6,1175
-6,1176
-6,1177
-6,1178
-6,1179
-6,1180
-6,1181
-6,1182
-6,1183
-6,1184
-6,1185
-6,1186
-6,1187
-6,1188
-6,1189
-6,1190
-6,1191
-6,1192
-6,1193
-6,1194
-6,1195
-6,1196
-6,1197
-6,1198
-6,1199
-6,1200
-6,1201
-6,1202
-6,1203
-6,1204
-6,1205
-6,1206
-6,1207
-6,1208
-6,1209
-6,1210
-6,1211
-6,1212
-6,1213
-6,1214
-6,1215
-6,1216
-6,1217
-6,1218
-6,1219
-6,1220
-6,1221
-6,1222
-6,1223
-6,1224
-6,1225
-6,1226
-6,1227
-6,1228
-6,1229
-6,1230
-6,1231
-6,1232
-6,1233
-6,1234
-6,1235
-6,1236
-6,1237
-6,1238
-6,1239
-6,1240
-6,1241
-6,1242
-6,1243
-6,1244
:6_1,1245
:6_1,1246
:6_1,1247
-684,1248
-684,1249
-684,1250
-684,1251
-684,1252
-684,1253
-684,1254
-684,1255
-684,1256
-684,1257
-684,1258
-684,1259
-684,1260
-684,1261
-684,1262
-684,1263
-684,1264
-684,1265
-684,1266
-684,1267
-684,1268
:373_4,1269
:373_4,1270
-685,1271
-685,1272
-685,1273
-685,1274
-685,1275
-685,1276
-685,1277
-685,1278
-685,1279
-685,1280
-685,1281
-685,1282
-685,1283
-685,1284
-685,1285
-685,1286
-685,1287
-685,1288
-685,1289
-685,1290
-685,1291
-685,1292
:13_1,1293
:13_1,1294
:13_1,1295
177,1296
177,1297
177,1298
177,1299
177,1300
177,1301
177,1302
177,1303
177,1304
177,1305
177,1306
177,1307
177,1308
177,1309
177,1310
177,1311
177,1312
177,1313
177,1314
177,1315
177,1316
177,1317
177,1318
177,1319
177,1320
177,1321
177,1322
177,1323
177,1324
177,1325
177,1326
177,1327
177,1328
177,1329
177,1330
177,1331
177,1332
177,1333
177,1334
177,1335
177,1336
177,1337
177,1338
177,1339
177,1340
177,1341
177,1342
177,1343
177,1344
177,1345
177,1346
177,1347
177,1348
177,1349
177,1350
177,1351
177,1352
177,1353
177,1354
177,1355
177,1356
177,1357
177,1358
177,1359
177,1360
177,1361
177,1362
177,1363
177,1364
177,1365
177,1366
177,1367
177,1368
177,1369
177,1370
177,1371
177,1372
177,1373
177,1374
177,1375
177,1376
177,1377
177,1378
177,1379
177,1380
177,1381
177,1382
177,1383
177,1384
177,1385
177,1386
177,1387
177,1388
177,1389
177,1390
177,1391
177,1392
177,1393
177,1394
177,1395
177,1396
177,1397
177,1398
177,1399
177,1400
177,1401
177,1402
177,1403
177,1404
177,1405
177,1406
177,1407
177,1408
177,1409
177,1410
177,1411
177,1412
177,1413
177,1414
177,1415
177,1416
177,1417
177,1418
177,1419
177,1420
177,1421
177,1422
177,1423
177,1424
177,1425
177,1426
177,1427
:190_1,1428
:190_1,1429
:190_1,1430
:190_1,1431
:190_1,1432
178,1433
178,1434
178,1435
178,1436
178,1437
178,1438
178,1439
178,1440
178,1441
178,1442
178,1443
178,1444
178,1445
178,1446
178,1447
178,1448
178,1449
178,1450
178,1451
178,1452
178,1453
178,1454
178,1455
178,1456
178,1457
178,1458
178,1459
178,1460
178,1461
178,1462
178,1463
178,1464
178,1465
178,1466
178,1467
178,1468
178,1469
178,1470
178,1471
178,1472
178,1473
178,1474
178,1475
178,1476
178,1477
178,1478
178,1479
178,1480
178,1481
178,1482
178,1483
178,1484
178,1485
178,1486
178,1487
178,1488
178,1489
178,1490
178,1491
178,1492
178,1493
178,1494
178,1495
178,1496
178,1497
178,1498
178,1499
178,1500
178,1501
178,1502
178,1503
178,1504
178,1505
178,1506
178,1507
178,1508
178,1509
178,1510
178,1511
178,1512
178,1513
178,1514
178,1515
178,1516
178,1517
178,1518
178,1519
178,1520
178,1521
178,1522
178,1523
178,1524
178,1525
178,1526
178,1527
178,1528
178,1529
178,1530
178,1531
178,1532
178,1533
178,1534
178,1535
178,1536
178,1537
178,1538
178,1539
178,1540
178,1541
178,1542
178,1543
178,1544
178,1545
178,1546
178,1547
178,1548
178,1549
178,1550
178,1551
178,1552
178,1553
178,1554
178,1555
178,1556
178,1557
178,1558
178,1559
178,1560
178,1561
178,1562
178,1563
178,1564
178,1565
178,1566
178,1567
178,1568
178,1569
178,1570
178,1571
178,1572
178,1573
178,1574
178,1575
178,1576
178,1577
178,1578
178,1579
178,1580
178,1581
178,1582
178,1583
178,1584
178,1585
178,1586
178,1587
178,1588
178,1589
178,1590
178,1591
178,1592
178,1593
178,1594
178,1595
178,1596
178,1597
178,1598
178,1599
:191_5,1600
:191_5,1601
:191_5,1602
:191_5,1603
:191_5,1604
-195,1605
-195,1606
-195,1607
-195,1608
-195,1609
-195,1610
-195,1611
-195,1612
-195,1613
-195,1614
-195,1615
-195,1616
-195,1617
-195,1618
-195,1619
-195,1620
-195,1621
-195,1622
-195,1623
-195,1624
-195,1625
-195,1626
-195,1627
-195,1628
-195,1629
-195,1630
-195,1631
-195,1632
-195,1633
-195,1634
-195,1635
-195,1636
-195,1637
-195,1638
-195,1639
-195,1640
-195,1641
-195,1642
-195,1643
-195,1644
-195,1645
-195,1646
-195,1647
-195,1648
-195,1649
-195,1650
-195,1651
-195,1652
-195,1653
-195,1654
-195,1655
-195,1656
-195,1657
-195,1658
-195,1659
-195,1660
-195,1661
-195,1662
-195,1663
-195,1664
-195,1665
-195,1666
-195,1667
-195,1668
-195,1669
-195,1670
-195,1671
-195,1672
-195,1673
-195,1674
-195,1675
-195,1676
-195,1677
-195,1678
-195,1679
-195,1680
-195,1681
-195,1682
-195,1683
-195,1684
-195,1685
-195,1686
-195,1687
-195,1688
-195,1689
-195,1690
-195,1691
-195,1692
-195,1693
-195,1694
-195,1695
-195,1696
-195,1697
-195,1698
-195,1699
-195,1700
-195,1701
-195,1702
-195,1703
-195,1704
-195,1705
-195,1706
-195,1707
-195,1708
-195,1709
-195,1710
-195,1711
-195,1712
-195,1713
-195,1714
-195,1715
-195,1716
-195,1717
-195,1718
-195,1719
-195,1720
-195,1721
-195,1722
-195,1723
-195,1724
-195,1725
-195,1726
-195,1727
-195,1728
-195,1729
-195,1730
-195,1731
-195,1732
-195,1733
-195,1734
-195,1735
-195,1736
-195,1737
-195,1738
-195,1739
-195,1740
-195,1741
-195,1742
-195,1743
-195,1744
-195,1745
-195,1746
-195,1747
-195,1748
-195,1749
-195,1750
-195,1751
-195,1752
-195,1753
-195,1754
-195,1755
-195,1756
-195,1757
-195,1758
-195,1759
-195,1760
-195,1761
-195,1762
-195,1763
-195,1764
-195,1765
-195,1766
-195,1767
-195,1768
-195,1769
-195,1770
-195,1771
-195,1772
-195,1773
-195,1774
-195,1775
-195,1776
-195,1777
-195,1778
-195,1779
-195,1780
-195,1781
-195,1782
-195,1783
-195,1784
-195,1785
-195,1786
-195,1787
-195,1788
:204_1,1789
:204_1,1790
:204_1,1791
:204_1,1792
:204_1,1793
:204_1,1794
-194,1795
-194,1796
-194,1797
-194,1798
-194,1799
-194,1800
-194,1801
-194,1802
-194,1803
-194,1804
-194,1805
-194,1806
-194,1807
-194,1808
-194,1809
-194,1810
-194,1811
-194,1812
-194,1813
-194,1814
-194,1815
-194,1816
-194,1817
-194,1818
-194,1819
-194,1820
-194,1821
-194,1822
-194,1823
-194,1824
-194,1825
-194,1826
-194,1827
-194,1828
-194,1829
-194,1830
-194,1831
-194,1832
-194,1833
-194,1834
-194,1835
-194,1836
-194,1837
-194,1838
-194,1839
-194,1840
-194,1841
-194,1842
-194,1843
-194,1844
-194,1845
-194,1846
-194,1847
-194,1848
-194,1849
-194,1850
-194,1851
-194,1852
-194,1853
-194,1854
-194,1855
-194,1856
-194,1857
-194,1858
-194,1859
-194,1860
-194,1861
-194,1862
-194,1863
-194,1864
-194,1865
-194,1866
-194,1867
-194,1868
-194,1869
-194,1870
-194,1871
-194,1872
-194,1873
-194,1874
-194,1875
-194,1876
-194,1877
-194,1878
-194,1879
-194,1880
-194,1881
-194,1882
-194,1883
-194,1884
-194,1885
-194,1886
-194,1887
-194,1888
-194,1889
-194,1890
-194,1891
-194,1892
-194,1893
-194,1894
-194,1895
-194,1896
-194,1897
-194,1898
-194,1899
-194,1900
-194,1901
-194,1902
-194,1903
-194,1904
-194,1905
-194,1906
-194,1907
-194,1908
-194,1909
-194,1910
-194,1911
-194,1912
-194,1913
-194,1914
-194,1915
-194,1916
-194,1917
-194,1918
-194,1919
-194,1920
-194,1921
-194,1922
-194,1923
-194,1924
-194,1925
-194,1926
-194,1927
-194,1928
-194,1929
-194,1930
-194,1931
-194,1932
-194,1933
-194,1934
-194,1935
-194,1936
-194,1937
-194,1938
-194,1939
-194,1940
-194,1941
-194,1942
-194,1943
-194,1944
-194,1945
-194,1946
-194,1947
-194,1948
-194,1949
-194,1950
-194,1951
-194,1952
-194,1953
:203_1,1954
:203_1,1955
:203_1,1956
:203_1,1957
-193,1958
-193,1959
-193,1960
-193,1961
-193,1962
-193,1963
-193,1964
-193,1965
-193,1966
-193,1967
-193,1968
-193,1969
-193,1970
-193,1971
-193,1972
-193,1973
-193,1974
-193,1975
-193,1976
-193,1977
-193,1978
-193,1979
-193,1980
-193,1981
-193,1982
-193,1983
-193,1984
-193,1985
-193,1986
-193,1987
-193,1988
-193,1989
-193,1990
-193,1991
-193,1992
-193,1993
-193,1994
-193,1995
-193,1996
-193,1997
-193,1998
-193,1999
-193,2000
