-427,21
-427,22
-427,23
-427,24
-427,25
-427,26
-427,27
-427,28
-427,29
-427,30
-427,31
-427,32
-427,33
-427,34
-427,35
-427,36
-427,37
-427,38
-427,39
-427,40
-427,41
-427,42
-427,43
-427,44
-427,45
-427,46
-427,47
-427,48
-427,49
-427,50
-427,51
-427,52
-427,53
-427,54
-427,55
-427,56
-427,57
-427,58
-427,59
-427,60
-427,61
-427,62
:80_0,63
:80_0,64
:80_0,65
:80_0,66
:80_0,67
428,68
428,69
428,70
428,71
428,72
428,73
428,74
428,75
428,76
428,77
428,78
428,79
428,80
428,81
428,82
428,83
428,84
428,85
428,86
428,87
428,88
428,89
428,90
428,91
428,92
428,93
428,94
428,95
428,96
428,97
428,98
428,99
428,100
428,101
428,102
428,103
428,104
428,105
428,106
428,107
428,108
428,109
428,110
428,111
428,112
428,113
428,114
428,115
428,116
428,117
428,118
428,119
:142_4,120
:142_4,121
:142_4,122
:142_4,123
:142_4,124
:142_4,125
-125,126
-125,127
-125,128
-125,129
-125,130
-125,131
-125,132
-125,133
-125,134
-125,135
-125,136
-125,137
-125,138
-125,139
-125,140
-125,141
-125,142
-125,143
-125,144
-125,145
:141_0,146
-124,147
-124,148
-124,149
-124,150
-124,151
-124,152
-124,153
-124,154
-124,155
-124,156
-124,157
-124,158
-124,159
-124,160
-124,161
-124,162
-124,163
-124,164
-124,165
-124,166
-124,167
-124,168
-124,169
-124,170
-124,171
-124,172
-124,173
-124,174
-124,175
-124,176
-124,177
-124,178
-124,179
-124,180
-124,181
-124,182
-124,183
-124,184
-124,185
-124,186
-124,187
-124,188
-124,189
-124,190
-124,191
-124,192
-124,193
-124,194
-124,195
-124,196
-124,197
-124,198
-124,199
-124,200
-124,201
-124,202
-124,203
-124,204
-124,205
-124,206
-124,207
-124,208
-124,209
-124,210
-124,211
-124,212
-124,213
-124,214
-124,215
-124,216
-124,217
-124,218
-124,219
-124,220
-124,221
-124,222
-124,223
-124,224
-124,225
-124,226
-124,227
-124,228
-124,229
-124,230
-124,231
-124,232
-124,233
-124,234
-124,235
-124,236
-124,237
-124,238
-124,239
-124,240
-124,241
-124,242
-124,243
-124,244
-124,245
-124,246
-124,247
-124,248
-124,249
-124,250
-124,251
-124,252
-124,253
-124,254
-124,255
-124,256
-124,257
-124,258
-124,259
-124,260
-124,261
-124,262
-124,263
-124,264
-124,265
-124,266
-124,267
-124,268
-124,269
-124,270
-124,271
-124,272
-124,273
-124,274
-124,275
-124,276
-124,277
-124,278
-124,279
-124,280
-124,281
-124,282
-124,283
-124,284
-124,285
-124,286
-124,287
-124,288
-124,289
-124,290
-124,291
-124,292
-124,293
-124,294
-124,295
-124,296
-124,297
:139_2,298
:139_2,299
:139_2,300
:139_2,301
:139_2,302
:139_2,303
123,304
123,305
123,306
123,307
123,308
123,309
123,310
123,311
123,312
123,313
123,314
123,315
123,316
123,317
123,318
123,319
123,320
123,321
123,322
123,323
123,324
123,325
123,326
123,327
123,328
123,329
123,330
123,331
123,332
123,333
123,334
123,335
123,336
123,337
123,338
123,339
123,340
123,341
123,342
123,343
123,344
123,345
123,346
123,347
123,348
123,349
123,350
123,351
123,352
123,353
123,354
123,355
123,356
123,357
123,358
123,359
123,360
123,361
123,362
123,363
123,364
123,365
123,366
123,367
123,368
123,369
123,370
123,371
123,372
123,373
123,374
123,375
123,376
123,377
123,378
123,379
123,380
123,381
123,382
123,383
123,384
123,385
123,386
123,387
123,388
123,389
123,390
123,391
123,392
123,393
123,394
123,395
123,396
123,397
123,398
123,399
123,400
123,401
123,402
123,403
123,404
123,405
123,406
123,407
123,408
123,409
123,410
:140_6,411
:140_6,412
:140_6,413
:140_6,414
:140_6,415
:140_6,416
129,417
129,418
129,419
129,420
129,421
129,422
129,423
129,424
129,425
129,426
129,427
129,428
129,429
129,430
129,431
129,432
129,433
129,434
129,435
129,436
129,437
129,438
129,439
129,440
129,441
129,442
129,443
129,444
129,445
129,446
129,447
129,448
129,449
129,450
129,451
129,452
129,453
129,454
129,455
129,456
129,457
129,458
129,459
129,460
129,461
129,462
129,463
129,464
129,465
129,466
129,467
129,468
129,469
129,470
129,471
129,472
129,473
129,474
129,475
129,476
129,477
129,478
129,479
129,480
129,481
129,482
129,483
129,484
129,485
129,486
129,487
129,488
129,489
129,490
129,491
129,492
129,493
129,494
129,495
129,496
129,497
129,498
129,499
129,500
129,501
129,502
129,503
129,504
129,505
129,506
129,507
129,508
129,509
129,510
129,511
129,512
129,513
129,514
129,515
129,516
129,517
129,518
129,519
129,520
129,521
129,522
129,523
129,524
129,525
129,526
129,527
129,528
129,529
129,530
129,531
129,532
129,533
129,534
129,535
129,536
129,537
129,538
129,539
129,540
129,541
129,542
129,543
129,544
129,545
129,546
129,547
129,548
129,549
129,550
129,551
129,552
129,553
129,554
129,555
129,556
129,557
129,558
129,559
129,560
129,561
129,562
129,563
129,564
129,565
129,566
129,567
129,568
129,569
129,570
129,571
129,572
129,573
129,574
129,575
129,576
129,577
129,578
129,579
129,580
129,581
129,582
129,583
129,584
129,585
129,586
129,587
129,588
129,589
129,590
129,591
129,592
129,593
129,594
129,595
129,596
129,597
129,598
:29_0,599
:29_0,600
:29_0,601
:29_0,602
-25,603
-25,604
-25,605
-25,606
-25,607
-25,608
-25,609
-25,610
-25,611
-25,612
-25,613
-25,614
-25,615
-25,616
-25,617
-25,618
-25,619
-25,620
-25,621
-25,622
-25,623
-25,624
-25,625
-25,626
-25,627
-25,628
-25,629
-25,630
-25,631
-25,632
-25,633
-25,634
-25,635
-25,636
-25,637
-25,638
-25,639
-25,640
-25,641
-25,642
-25,643
-25,644
-25,645
-25,646
-25,647
-25,648
-25,649
-25,650
-25,651
-25,652
-25,653
-25,654
-25,655
-25,656
-25,657
-25,658
-25,659
-25,660
-25,661
-25,662
-25,663
-25,664
-25,665
-25,666
-25,667
-25,668
-25,669
-25,670
-25,671
-25,672
-25,673
-25,674
-25,675
-25,676
-25,677
-25,678
-25,679
-25,680
-25,681
-25,682
-25,683
-25,684
-25,685
-25,686
-25,687
-25,688
-25,689
-25,690
-25,691
-25,692
-25,693
-25,694
-25,695
-25,696
-25,697
-25,698
-25,699
-25,700
-25,701
-25,702
-25,703
-25,704
-25,705
-25,706
-25,707
-25,708
-25,709
-25,710
-25,711
-25,712
-25,713
-25,714
-25,715
-25,716
-25,717
-25,718
-25,719
-25,720
-25,721
-25,722
-25,723
-25,724
-25,725
-25,726
-25,727
-25,728
-25,729
-25,730
-25,731
-25,732
-25,733
-25,734
-25,735
-25,736
-25,737
-25,738
-25,739
-25,740
-25,741
-25,742
-25,743
-25,744
-25,745
-25,746
-25,747
-25,748
-25,749
-25,750
-25,751
-25,752
-25,753
-25,754
-25,755
-25,756
-25,757
-25,758
:24_5,759
:24_5,760
:24_5,761
:24_5,762
:24_5,763
:24_5,764
-20,765
-20,766
-20,767
-20,768
-20,769
-20,770
-20,771
-20,772
-20,773
-20,774
-20,775
-20,776
-20,777
-20,778
-20,779
-20,780
-20,781
-20,782
-20,783
-20,784
-20,785
-20,786
-20,787
-20,788
-20,789
-20,790
-20,791
-20,792
-20,793
-20,794
-20,795
-20,796
-20,797
-20,798
-20,799
-20,800
-20,801
-20,802
-20,803
-20,804
-20,805
-20,806
-20,807
-20,808
-20,809
-20,810
-20,811
-20,812
-20,813
-20,814
-20,815
-20,816
-20,817
-20,818
-20,819
-20,820
-20,821
-20,822
-20,823
-20,824
-20,825
-20,826
-20,827
-20,828
-20,829
-20,830
-20,831
-20,832
-20,833
-20,834
-20,835
-20,836
-20,837
-20,838
-20,839
-20,840
-20,841
-20,842
-20,843
-20,844
-20,845
-20,846
-20,847
-20,848
-20,849
-20,850
-20,851
-20,852
-20,853
-20,854
-20,855
-20,856
:23_4,857
:23_4,858
:23_4,859
:23_4,860
:23_4,861
:23_4,862
:23_4,863
-19,864
-19,865
-19,866
-19,867
-19,868
-19,869
-19,870
-19,871
-19,872
-19,873
-19,874
-19,875
-19,876
-19,877
-19,878
-19,879
-19,880
-19,881
-19,882
-19,883
-19,884
-19,885
-19,886
-19,887
-19,888
-19,889
-19,890
-19,891
-19,892
-19,893
-19,894
-19,895
-19,896
-19,897
-19,898
-19,899
-19,900
-19,901
-19,902
-19,903
-19,904
-19,905
-19,906
-19,907
-19,908
-19,909
-19,910
-19,911
-19,912
-19,913
-19,914
-19,915
-19,916
-19,917
-19,918
-19,919
-19,920
-19,921
-19,922
-19,923
-19,924
-19,925
-19,926
-19,927
-19,928
-19,929
-19,930
-19,931
-19,932
-19,933
-19,934
-19,935
-19,936
-19,937
-19,938
-19,939
-19,940
-19,941
-19,942
-19,943
-19,944
-19,945
-19,946
-19,947
-19,948
-19,949
-19,950
-19,951
-19,952
-19,953
-19,954
-19,955
-19,956
-19,957
-19,958
-19,959
:22_1,960
:22_1,961
:22_1,962
:22_1,963
:22_1,964
:22_1,965
23,966
23,967
23,968
23,969
23,970
23,971
23,972
23,973
23,974
23,975
23,976
23,977
23,978
23,979
23,980
23,981
23,982
23,983
23,984
23,985
23,986
23,987
23,988
23,989
23,990
23,991
23,992
23,993
23,994
23,995
23,996
23,997
23,998
23,999
23,1000
23,1001
23,1002
23,1003
23,1004
23,1005
23,1006
23,1007
23,1008
23,1009
23,1010
23,1011
23,1012
23,1013
23,1014
23,1015
23,1016
23,1017
23,1018
23,1019
23,1020
23,1021
23,1022
23,1023
23,1024
23,1025
23,1026
23,1027
23,1028
23,1029
23,1030
23,1031
23,1032
23,1033
23,1034
23,1035
23,1036
23,1037
23,1038
23,1039
23,1040
23,1041
23,1042
23,1043
23,1044
23,1045
23,1046
23,1047
23,1048
23,1049
23,1050
23,1051
23,1052
23,1053
23,1054
23,1055
23,1056
23,1057
23,1058
23,1059
23,1060
23,1061
23,1062
23,1063
23,1064
23,1065
23,1066
23,1067
23,1068
23,1069
23,1070
23,1071
23,1072
23,1073
23,1074
23,1075
23,1076
23,1077
23,1078
23,1079
23,1080
23,1081
23,1082
23,1083
23,1084
23,1085
23,1086
23,1087
23,1088
23,1089
23,1090
23,1091
23,1092
23,1093
23,1094
23,1095
23,1096
23,1097
23,1098
23,1099
23,1100
23,1101
23,1102
23,1103
23,1104
23,1105
23,1106
23,1107
23,1108
23,1109
23,1110
23,1111
23,1112
23,1113
23,1114
23,1115
23,1116
23,1117
23,1118
23,1119
23,1120
23,1121
23,1122
23,1123
23,1124
23,1125
23,1126
23,1127
23,1128
23,1129
23,1130
23,1131
23,1132
23,1133
23,1134
23,1135
23,1136
23,1137
23,1138
23,1139
23,1140
23,1141
23,1142
23,1143
23,1144
23,1145
23,1146
:27_1,1147
:27_1,1148
:27_1,1149
:27_1,1150
:27_1,1151
87,1152
87,1153
87,1154
87,1155
87,1156
87,1157
87,1158
87,1159
87,1160
87,1161
87,1162
87,1163
87,1164
87,1165
87,1166
87,1167
87,1168
87,1169
87,1170
87,1171
87,1172
87,1173
87,1174
87,1175
87,1176
87,1177
87,1178
87,1179
87,1180
87,1181
87,1182
87,1183
87,1184
87,1185
87,1186
87,1187
87,1188
87,1189
87,1190
87,1191
87,1192
87,1193
87,1194
87,1195
87,1196
87,1197
87,1198
87,1199
87,1200
87,1201
87,1202
87,1203
87,1204
87,1205
87,1206
87,1207
87,1208
87,1209
87,1210
87,1211
87,1212
87,1213
87,1214
87,1215
87,1216
87,1217
87,1218
87,1219
87,1220
87,1221
87,1222
87,1223
87,1224
87,1225
87,1226
87,1227
87,1228
87,1229
87,1230
87,1231
87,1232
87,1233
87,1234
87,1235
87,1236
87,1237
87,1238
87,1239
87,1240
87,1241
87,1242
87,1243
87,1244
87,1245
87,1246
87,1247
87,1248
87,1249
87,1250
87,1251
87,1252
87,1253
87,1254
87,1255
87,1256
87,1257
87,1258
87,1259
87,1260
87,1261
87,1262
87,1263
87,1264
87,1265
87,1266
87,1267
87,1268
87,1269
87,1270
87,1271
87,1272
87,1273
87,1274
87,1275
87,1276
87,1277
87,1278
87,1279
87,1280
87,1281
87,1282
87,1283
87,1284
87,1285
87,1286
87,1287
87,1288
87,1289
87,1290
87,1291
87,1292
87,1293
87,1294
87,1295
87,1296
87,1297
87,1298
87,1299
87,1300
87,1301
87,1302
87,1303
87,1304
87,1305
87,1306
87,1307
87,1308
87,1309
87,1310
87,1311
87,1312
87,1313
87,1314
87,1315
87,1316
:102_0,1317
:102_0,1318
:102_0,1319
:102_0,1320
:102_0,1321
-159,1322
-159,1323
-159,1324
-159,1325
-159,1326
-159,1327
-159,1328
-159,1329
-159,1330
-159,1331
-159,1332
-159,1333
-159,1334
-159,1335
-159,1336
-159,1337
-159,1338
-159,1339
-159,1340
-159,1341
-159,1342
-159,1343
-159,1344
-159,1345
-159,1346
-159,1347
-159,1348
-159,1349
-159,1350
-159,1351
-159,1352
-159,1353
-159,1354
-159,1355
-159,1356
-159,1357
-159,1358
-159,1359
-159,1360
-159,1361
-159,1362
-159,1363
-159,1364
-159,1365
-159,1366
-159,1367
-159,1368
-159,1369
-159,1370
-159,1371
-159,1372
-159,1373
-159,1374
-159,1375
-159,1376
-159,1377
-159,1378
-159,1379
-159,1380
-159,1381
-159,1382
-159,1383
-159,1384
-159,1385
-159,1386
-159,1387
-159,1388
-159,1389
-159,1390
-159,1391
-159,1392
-159,1393
-159,1394
-159,1395
-159,1396
-159,1397
-159,1398
-159,1399
-159,1400
-159,1401
-159,1402
-159,1403
-159,1404
-159,1405
-159,1406
-159,1407
-159,1408
-159,1409
-159,1410
-159,1411
-159,1412
-159,1413
-159,1414
-159,1415
-159,1416
-159,1417
-159,1418
-159,1419
:63_5,1420
:63_5,1421
:63_5,1422
:63_5,1423
:63_5,1424
:63_5,1425
-55,1426
-55,1427
-55,1428
-55,1429
-55,1430
-55,1431
-55,1432
-55,1433
-55,1434
-55,1435
-55,1436
-55,1437
-55,1438
-55,1439
-55,1440
-55,1441
-55,1442
-55,1443
-55,1444
-55,1445
-55,1446
-55,1447
-55,1448
-55,1449
-55,1450
-55,1451
-55,1452
-55,1453
-55,1454
-55,1455
-55,1456
-55,1457
-55,1458
-55,1459
-55,1460
-55,1461
-55,1462
-55,1463
-55,1464
-55,1465
-55,1466
-55,1467
-55,1468
-55,1469
-55,1470
-55,1471
-55,1472
-55,1473
-55,1474
-55,1475
-55,1476
-55,1477
-55,1478
-55,1479
-55,1480
-55,1481
-55,1482
-55,1483
-55,1484
-55,1485
-55,1486
-55,1487
-55,1488
-55,1489
-55,1490
-55,1491
-55,1492
-55,1493
-55,1494
-55,1495
-55,1496
-55,1497
-55,1498
-55,1499
-55,1500
-55,1501
-55,1502
-55,1503
-55,1504
-55,1505
-55,1506
-55,1507
-55,1508
-55,1509
-55,1510
-55,1511
-55,1512
-55,1513
-55,1514
-55,1515
-55,1516
-55,1517
-55,1518
-55,1519
-55,1520
-55,1521
-55,1522
-55,1523
-55,1524
-55,1525
-55,1526
-55,1527
-55,1528
-55,1529
-55,1530
-55,1531
-55,1532
-55,1533
-55,1534
-55,1535
-55,1536
-55,1537
-55,1538
-55,1539
-55,1540
-55,1541
:62_1,1542
:62_1,1543
:62_1,1544
:62_1,1545
:62_1,1546
-54,1547
-54,1548
-54,1549
-54,1550
-54,1551
-54,1552
-54,1553
-54,1554
-54,1555
-54,1556
-54,1557
-54,1558
-54,1559
-54,1560
-54,1561
-54,1562
-54,1563
-54,1564
-54,1565
-54,1566
-54,1567
-54,1568
-54,1569
-54,1570
-54,1571
-54,1572
-54,1573
-54,1574
-54,1575
-54,1576
-54,1577
-54,1578
-54,1579
-54,1580
-54,1581
-54,1582
-54,1583
-54,1584
-54,1585
-54,1586
-54,1587
-54,1588
-54,1589
-54,1590
-54,1591
-54,1592
-54,1593
-54,1594
:61_0,1595
:61_0,1596
:61_0,1597
:61_0,1598
:61_0,1599
-53,1600
-53,1601
-53,1602
-53,1603
-53,1604
-53,1605
-53,1606
-53,1607
-53,1608
-53,1609
-53,1610
-53,1611
-53,1612
-53,1613
-53,1614
-53,1615
-53,1616
-53,1617
-53,1618
-53,1619
-53,1620
-53,1621
-53,1622
-53,1623
-53,1624
-53,1625
-53,1626
-53,1627
-53,1628
-53,1629
-53,1630
-53,1631
-53,1632
-53,1633
-53,1634
-53,1635
-53,1636
-53,1637
-53,1638
-53,1639
-53,1640
-53,1641
-53,1642
-53,1643
-53,1644
-53,1645
-53,1646
-53,1647
-53,1648
-53,1649
-53,1650
-53,1651
-53,1652
-53,1653
-53,1654
-53,1655
-53,1656
-53,1657
-53,1658
-53,1659
-53,1660
-53,1661
-53,1662
-53,1663
-53,1664
-53,1665
-53,1666
-53,1667
-53,1668
-53,1669
-53,1670
-53,1671
-53,1672
-53,1673
:58_5,1674
:58_5,1675
:58_5,1676
:58_5,1677
:58_5,1678
:58_5,1679
56,1680
56,1681
56,1682
56,1683
56,1684
56,1685
56,1686
56,1687
56,1688
56,1689
56,1690
56,1691
56,1692
56,1693
56,1694
56,1695
56,1696
56,1697
56,1698
56,1699
56,1700
56,1701
56,1702
56,1703
56,1704
56,1705
56,1706
56,1707
56,1708
56,1709
56,1710
56,1711
56,1712
56,1713
56,1714
56,1715
56,1716
56,1717
56,1718
56,1719
56,1720
56,1721
56,1722
56,1723
56,1724
56,1725
56,1726
56,1727
56,1728
56,1729
56,1730
56,1731
56,1732
56,1733
56,1734
56,1735
56,1736
56,1737
56,1738
56,1739
56,1740
56,1741
56,1742
56,1743
56,1744
56,1745
56,1746
56,1747
56,1748
56,1749
56,1750
56,1751
56,1752
56,1753
56,1754
56,1755
56,1756
56,1757
56,1758
56,1759
56,1760
56,1761
56,1762
56,1763
56,1764
56,1765
56,1766
56,1767
56,1768
56,1769
56,1770
56,1771
56,1772
56,1773
56,1774
56,1775
56,1776
56,1777
56,1778
56,1779
56,1780
56,1781
56,1782
56,1783
56,1784
56,1785
56,1786
56,1787
56,1788
56,1789
56,1790
56,1791
56,1792
56,1793
56,1794
56,1795
56,1796
56,1797
56,1798
56,1799
56,1800
56,1801
56,1802
56,1803
56,1804
56,1805
56,1806
56,1807
56,1808
56,1809
56,1810
56,1811
56,1812
56,1813
56,1814
56,1815
56,1816
56,1817
56,1818
56,1819
56,1820
:64_1,1821
:64_1,1822
:64_1,1823
:64_1,1824
:64_1,1825
569,1826
569,1827
569,1828
569,1829
569,1830
569,1831
569,1832
569,1833
569,1834
569,1835
569,1836
569,1837
569,1838
569,1839
569,1840
569,1841
569,1842
569,1843
569,1844
569,1845
569,1846
569,1847
569,1848
569,1849
569,1850
569,1851
569,1852
569,1853
569,1854
569,1855
569,1856
569,1857
569,1858
569,1859
569,1860
569,1861
569,1862
569,1863
569,1864
569,1865
569,1866
569,1867
569,1868
569,1869
569,1870
569,1871
569,1872
569,1873
569,1874
569,1875
569,1876
569,1877
569,1878
569,1879
569,1880
569,1881
569,1882
569,1883
569,1884
569,1885
569,1886
569,1887
569,1888
569,1889
569,1890
569,1891
569,1892
569,1893
569,1894
569,1895
569,1896
569,1897
569,1898
569,1899
569,1900
569,1901
569,1902
569,1903
569,1904
569,1905
569,1906
569,1907
569,1908
569,1909
569,1910
569,1911
569,1912
569,1913
569,1914
569,1915
569,1916
569,1917
569,1918
569,1919
569,1920
569,1921
569,1922
569,1923
569,1924
569,1925
569,1926
569,1927
:151_0,1928
:151_0,1929
:151_0,1930
:151_0,1931
:151_0,1932
:151_0,1933
570,1934
570,1935
570,1936
570,1937
570,1938
570,1939
570,1940
570,1941
570,1942
570,1943
570,1944
570,1945
570,1946
570,1947
570,1948
570,1949
570,1950
570,1951
570,1952
570,1953
570,1954
570,1955
570,1956
570,1957
570,1958
570,1959
570,1960
570,1961
570,1962
570,1963
570,1964
570,1965
570,1966
570,1967
570,1968
570,1969
570,1970
570,1971
570,1972
570,1973
570,1974
570,1975
570,1976
570,1977
570,1978
570,1979
570,1980
570,1981
570,1982
570,1983
570,1984
570,1985
570,1986
570,1987
570,1988
570,1989
570,1990
570,1991
570,1992
570,1993
570,1994
570,1995
570,1996
570,1997
570,1998
570,1999
570,2000
