69,1
69,2
69,3
69,4
69,5
69,6
69,7
69,8
69,9
69,10
69,11
69,12
69,13
69,14
69,15
69,16
69,17
69,18
69,19
69,20
69,21
69,22
69,23
69,24
69,25
69,26
69,27
69,28
69,29
69,30
69,31
69,32
69,33
69,34
69,35
69,36
69,37
69,38
69,39
69,40
69,41
69,42
69,43
69,44
69,45
69,46
69,47
69,48
69,49
69,50
:80_4,51
:80_4,52
:80_4,53
:80_4,54
:80_4,55
428,56
428,57
428,58
428,59
428,60
428,61
428,62
428,63
428,64
428,65
428,66
428,67
428,68
428,69
428,70
428,71
428,72
428,73
428,74
428,75
428,76
428,77
428,78
428,79
428,80
428,81
428,82
428,83
428,84
428,85
428,86
428,87
428,88
428,89
428,90
428,91
428,92
428,93
428,94
428,95
428,96
428,97
428,98
428,99
428,100
428,101
428,102
428,103
428,104
:142_4,105
:142_4,106
:142_4,107
:142_4,108
:142_4,109
-125,110
-125,111
-125,112
-125,113
-125,114
-125,115
-125,116
-125,117
-125,118
-125,119
-125,120
-125,121
-125,122
-125,123
-125,124
-125,125
-125,126
-125,127
-125,128
:141_0,129
-124,130
-124,131
-124,132
-124,133
-124,134
-124,135
-124,136
-124,137
-124,138
-124,139
-124,140
-124,141
-124,142
-124,143
-124,144
-124,145
-124,146
-124,147
-124,148
-124,149
-124,150
-124,151
-124,152
-124,153
-124,154
-124,155
-124,156
-124,157
-124,158
-124,159
-124,160
-124,161
-124,162
-124,163
-124,164
-124,165
-124,166
-124,167
-124,168
-124,169
-124,170
-124,171
-124,172
-124,173
-124,174
-124,175
-124,176
-124,177
-124,178
-124,179
-124,180
-124,181
-124,182
-124,183
-124,184
-124,185
-124,186
-124,187
-124,188
-124,189
-124,190
-124,191
-124,192
-124,193
-124,194
-124,195
-124,196
-124,197
-124,198
-124,199
-124,200
-124,201
-124,202
-124,203
-124,204
-124,205
-124,206
-124,207
-124,208
-124,209
-124,210
-124,211
-124,212
-124,213
-124,214
-124,215
-124,216
-124,217
-124,218
-124,219
-124,220
-124,221
-124,222
-124,223
-124,224
-124,225
-124,226
-124,227
-124,228
-124,229
-124,230
-124,231
-124,232
-124,233
-124,234
-124,235
-124,236
-124,237
-124,238
-124,239
-124,240
-124,241
-124,242
-124,243
-124,244
-124,245
-124,246
-124,247
-124,248
-124,249
-124,250
-124,251
-124,252
-124,253
-124,254
-124,255
-124,256
-124,257
-124,258
-124,259
-124,260
-124,261
-124,262
-124,263
-124,264
-124,265
-124,266
-124,267
-124,268
-124,269
:139_2,270
:139_2,271
:139_2,272
:139_2,273
:139_2,274
:139_2,275
123,276
123,277
123,278
123,279
123,280
123,281
123,282
123,283
123,284
123,285
123,286
123,287
123,288
123,289
123,290
123,291
123,292
123,293
123,294
123,295
123,296
123,297
123,298
123,299
123,300
123,301
123,302
123,303
123,304
123,305
123,306
123,307
123,308
123,309
123,310
123,311
123,312
123,313
123,314
123,315
123,316
123,317
123,318
123,319
123,320
123,321
123,322
123,323
123,324
123,325
123,326
123,327
123,328
123,329
123,330
123,331
123,332
123,333
123,334
123,335
123,336
123,337
123,338
123,339
123,340
123,341
123,342
123,343
123,344
123,345
123,346
123,347
123,348
123,349
123,350
123,351
123,352
123,353
123,354
123,355
123,356
123,357
123,358
123,359
123,360
123,361
123,362
123,363
123,364
123,365
123,366
123,367
123,368
123,369
123,370
123,371
123,372
123,373
123,374
123,375
:140_6,376
:140_6,377
:140_6,378
:140_6,379
:140_6,380
129,381
129,382
129,383
129,384
129,385
129,386
129,387
129,388
129,389
129,390
129,391
129,392
129,393
129,394
129,395
129,396
129,397
129,398
129,399
129,400
129,401
129,402
129,403
129,404
129,405
129,406
129,407
129,408
129,409
129,410
129,411
129,412
129,413
129,414
129,415
129,416
129,417
129,418
129,419
129,420
129,421
129,422
129,423
129,424
129,425
129,426
129,427
129,428
129,429
129,430
129,431
129,432
129,433
129,434
129,435
129,436
129,437
129,438
129,439
129,440
129,441
129,442
129,443
129,444
129,445
129,446
129,447
129,448
129,449
129,450
129,451
129,452
129,453
129,454
129,455
129,456
129,457
129,458
129,459
129,460
129,461
129,462
129,463
129,464
129,465
129,466
129,467
129,468
129,469
129,470
129,471
129,472
129,473
129,474
129,475
129,476
129,477
129,478
129,479
129,480
129,481
129,482
129,483
129,484
129,485
129,486
129,487
129,488
129,489
129,490
129,491
129,492
129,493
129,494
129,495
129,496
129,497
129,498
129,499
129,500
129,501
129,502
129,503
129,504
129,505
129,506
129,507
129,508
129,509
129,510
129,511
129,512
129,513
129,514
129,515
129,516
129,517
129,518
129,519
129,520
129,521
129,522
129,523
129,524
129,525
129,526
129,527
129,528
129,529
129,530
129,531
129,532
:29_0,533
:29_0,534
:29_0,535
:29_0,536
-25,537
-25,538
-25,539
-25,540
-25,541
-25,542
-25,543
-25,544
-25,545
-25,546
-25,547
-25,548
-25,549
-25,550
-25,551
-25,552
-25,553
-25,554
-25,555
-25,556
-25,557
-25,558
-25,559
-25,560
-25,561
-25,562
-25,563
-25,564
-25,565
-25,566
-25,567
-25,568
-25,569
-25,570
-25,571
-25,572
-25,573
-25,574
-25,575
-25,576
-25,577
-25,578
-25,579
-25,580
-25,581
-25,582
-25,583
-25,584
-25,585
-25,586
-25,587
-25,588
-25,589
-25,590
-25,591
-25,592
-25,593
-25,594
-25,595
-25,596
-25,597
-25,598
-25,599
-25,600
-25,601
-25,602
-25,603
-25,604
-25,605
-25,606
-25,607
-25,608
-25,609
-25,610
-25,611
-25,612
-25,613
-25,614
-25,615
-25,616
-25,617
-25,618
-25,619
-25,620
-25,621
-25,622
-25,623
-25,624
-25,625
-25,626
-25,627
-25,628
-25,629
-25,630
-25,631
-25,632
-25,633
-25,634
-25,635
-25,636
-25,637
-25,638
-25,639
-25,640
-25,641
-25,642
-25,643
-25,644
-25,645
-25,646
-25,647
-25,648
-25,649
-25,650
-25,651
-25,652
-25,653
-25,654
-25,655
-25,656
-25,657
-25,658
-25,659
-25,660
-25,661
-25,662
-25,663
-25,664
-25,665
-25,666
-25,667
:24_5,668
:24_5,669
:24_5,670
:24_5,671
:24_5,672
-20,673
-20,674
-20,675
-20,676
-20,677
-20,678
-20,679
-20,680
-20,681
-20,682
-20,683
-20,684
-20,685
-20,686
-20,687
-20,688
-20,689
-20,690
-20,691
-20,692
-20,693
-20,694
-20,695
-20,696
-20,697
-20,698
-20,699
-20,700
-20,701
-20,702
-20,703
-20,704
-20,705
-20,706
-20,707
-20,708
-20,709
-20,710
-20,711
-20,712
-20,713
-20,714
-20,715
-20,716
-20,717
-20,718
-20,719
-20,720
-20,721
-20,722
-20,723
-20,724
-20,725
-20,726
-20,727
-20,728
-20,729
-20,730
-20,731
-20,732
-20,733
-20,734
-20,735
-20,736
-20,737
-20,738
-20,739
-20,740
-20,741
-20,742
-20,743
-20,744
-20,745
-20,746
-20,747
-20,748
-20,749
-20,750
-20,751
-20,752
-20,753
-20,754
-20,755
-20,756
-20,757
-20,758
:23_4,759
:23_4,760
:23_4,761
:23_4,762
:23_4,763
:23_4,764
:23_4,765
-19,766
-19,767
-19,768
-19,769
-19,770
-19,771
-19,772
-19,773
-19,774
-19,775
-19,776
-19,777
-19,778
-19,779
-19,780
-19,781
-19,782
-19,783
-19,784
-19,785
-19,786
-19,787
-19,788
-19,789
-19,790
-19,791
-19,792
-19,793
-19,794
-19,795
-19,796
-19,797
-19,798
-19,799
-19,800
-19,801
-19,802
-19,803
-19,804
-19,805
-19,806
-19,807
-19,808
-19,809
-19,810
-19,811
-19,812
-19,813
-19,814
-19,815
-19,816
-19,817
-19,818
-19,819
-19,820
-19,821
-19,822
-19,823
-19,824
-19,825
-19,826
-19,827
-19,828
-19,829
-19,830
-19,831
-19,832
-19,833
-19,834
-19,835
-19,836
-19,837
-19,838
-19,839
-19,840
-19,841
-19,842
-19,843
-19,844
-19,845
-19,846
-19,847
-19,848
-19,849
-19,850
-19,851
-19,852
-19,853
-19,854
:22_1,855
:22_1,856
:22_1,857
:22_1,858
:22_1,859
:22_1,860
23,861
23,862
23,863
23,864
23,865
23,866
23,867
23,868
23,869
23,870
23,871
23,872
23,873
23,874
23,875
23,876
23,877
23,878
23,879
23,880
23,881
23,882
23,883
23,884
23,885
23,886
23,887
23,888
23,889
23,890
23,891
23,892
23,893
23,894
23,895
23,896
23,897
23,898
23,899
23,900
23,901
23,902
23,903
23,904
23,905
23,906
23,907
23,908
23,909
23,910
23,911
23,912
23,913
23,914
23,915
23,916
23,917
23,918
23,919
23,920
23,921
23,922
23,923
23,924
23,925
23,926
23,927
23,928
23,929
23,930
23,931
23,932
23,933
23,934
23,935
23,936
23,937
23,938
23,939
23,940
23,941
23,942
23,943
23,944
23,945
23,946
23,947
23,948
23,949
23,950
23,951
23,952
23,953
23,954
23,955
23,956
23,957
23,958
23,959
23,960
23,961
23,962
23,963
23,964
23,965
23,966
23,967
23,968
23,969
23,970
23,971
23,972
23,973
23,974
23,975
23,976
23,977
23,978
23,979
23,980
23,981
23,982
23,983
23,984
23,985
23,986
23,987
23,988
23,989
23,990
23,991
23,992
23,993
23,994
23,995
23,996
23,997
23,998
23,999
23,1000
23,1001
23,1002
23,1003
23,1004
23,1005
23,1006
23,1007
23,1008
23,1009
23,1010
23,1011
23,1012
23,1013
23,1014
23,1015
23,1016
23,1017
23,1018
23,1019
23,1020
23,1021
23,1022
23,1023
23,1024
23,1025
23,1026
23,1027
23,1028
:27_1,1029
:27_1,1030
:27_1,1031
:27_1,1032
:27_1,1033
87,1034
87,1035
87,1036
87,1037
87,1038
87,1039
87,1040
87,1041
87,1042
87,1043
87,1044
87,1045
87,1046
87,1047
87,1048
87,1049
87,1050
87,1051
87,1052
87,1053
87,1054
87,1055
87,1056
87,1057
87,1058
87,1059
87,1060
87,1061
87,1062
87,1063
87,1064
87,1065
87,1066
87,1067
87,1068
87,1069
87,1070
87,1071
87,1072
87,1073
87,1074
87,1075
87,1076
87,1077
87,1078
87,1079
87,1080
87,1081
87,1082
87,1083
87,1084
87,1085
87,1086
87,1087
87,1088
87,1089
87,1090
87,1091
87,1092
87,1093
87,1094
87,1095
87,1096
87,1097
87,1098
87,1099
87,1100
87,1101
87,1102
87,1103
87,1104
87,1105
87,1106
87,1107
87,1108
87,1109
87,1110
87,1111
87,1112
87,1113
87,1114
87,1115
87,1116
87,1117
87,1118
87,1119
87,1120
87,1121
87,1122
87,1123
87,1124
87,1125
87,1126
87,1127
87,1128
87,1129
87,1130
87,1131
87,1132
87,1133
87,1134
87,1135
87,1136
87,1137
87,1138
87,1139
87,1140
87,1141
87,1142
87,1143
87,1144
87,1145
87,1146
87,1147
87,1148
87,1149
87,1150
87,1151
87,1152
87,1153
87,1154
87,1155
87,1156
87,1157
87,1158
87,1159
87,1160
87,1161
87,1162
87,1163
87,1164
87,1165
87,1166
87,1167
87,1168
87,1169
87,1170
87,1171
87,1172
87,1173
87,1174
87,1175
87,1176
87,1177
87,1178
87,1179
87,1180
87,1181
87,1182
87,1183
87,1184
87,1185
87,1186
87,1187
:102_0,1188
:102_0,1189
:102_0,1190
:102_0,1191
:102_0,1192
-159,1193
-159,1194
-159,1195
-159,1196
-159,1197
-159,1198
-159,1199
-159,1200
-159,1201
-159,1202
-159,1203
-159,1204
-159,1205
-159,1206
-159,1207
-159,1208
-159,1209
-159,1210
-159,1211
-159,1212
-159,1213
-159,1214
-159,1215
-159,1216
-159,1217
-159,1218
-159,1219
-159,1220
-159,1221
-159,1222
-159,1223
-159,1224
-159,1225
-159,1226
-159,1227
-159,1228
-159,1229
-159,1230
-159,1231
-159,1232
-159,1233
-159,1234
-159,1235
-159,1236
-159,1237
-159,1238
-159,1239
-159,1240
-159,1241
-159,1242
-159,1243
-159,1244
-159,1245
-159,1246
-159,1247
-159,1248
-159,1249
-159,1250
-159,1251
-159,1252
-159,1253
-159,1254
-159,1255
-159,1256
-159,1257
-159,1258
-159,1259
-159,1260
-159,1261
-159,1262
-159,1263
-159,1264
-159,1265
-159,1266
-159,1267
-159,1268
-159,1269
-159,1270
-159,1271
-159,1272
-159,1273
-159,1274
-159,1275
-159,1276
-159,1277
-159,1278
-159,1279
-159,1280
-159,1281
-159,1282
-159,1283
:63_5,1284
:63_5,1285
:63_5,1286
:63_5,1287
:63_5,1288
:63_5,1289
-55,1290
-55,1291
-55,1292
-55,1293
-55,1294
-55,1295
-55,1296
-55,1297
-55,1298
-55,1299
-55,1300
-55,1301
-55,1302
-55,1303
-55,1304
-55,1305
-55,1306
-55,1307
-55,1308
-55,1309
-55,1310
-55,1311
-55,1312
-55,1313
-55,1314
-55,1315
-55,1316
-55,1317
-55,1318
-55,1319
-55,1320
-55,1321
-55,1322
-55,1323
-55,1324
-55,1325
-55,1326
-55,1327
-55,1328
-55,1329
-55,1330
-55,1331
-55,1332
-55,1333
-55,1334
-55,1335
-55,1336
-55,1337
-55,1338
-55,1339
-55,1340
-55,1341
-55,1342
-55,1343
-55,1344
-55,1345
-55,1346
-55,1347
-55,1348
-55,1349
-55,1350
-55,1351
-55,1352
-55,1353
-55,1354
-55,1355
-55,1356
-55,1357
-55,1358
-55,1359
-55,1360
-55,1361
-55,1362
-55,1363
-55,1364
-55,1365
-55,1366
-55,1367
-55,1368
-55,1369
-55,1370
-55,1371
-55,1372
-55,1373
-55,1374
-55,1375
-55,1376
-55,1377
-55,1378
-55,1379
-55,1380
-55,1381
-55,1382
-55,1383
-55,1384
-55,1385
-55,1386
-55,1387
-55,1388
-55,1389
-55,1390
-55,1391
-55,1392
-55,1393
-55,1394
-55,1395
-55,1396
:62_1,1397
:62_1,1398
:62_1,1399
:62_1,1400
:62_1,1401
-54,1402
-54,1403
-54,1404
-54,1405
-54,1406
-54,1407
-54,1408
-54,1409
-54,1410
-54,1411
-54,1412
-54,1413
-54,1414
-54,1415
-54,1416
-54,1417
-54,1418
-54,1419
-54,1420
-54,1421
-54,1422
-54,1423
-54,1424
-54,1425
-54,1426
-54,1427
-54,1428
-54,1429
-54,1430
-54,1431
-54,1432
-54,1433
-54,1434
-54,1435
-54,1436
-54,1437
-54,1438
-54,1439
-54,1440
-54,1441
-54,1442
-54,1443
-54,1444
-54,1445
-54,1446
:61_0,1447
:61_0,1448
:61_0,1449
:61_0,1450
:61_0,1451
-53,1452
-53,1453
-53,1454
-53,1455
-53,1456
-53,1457
-53,1458
-53,1459
-53,1460
-53,1461
-53,1462
-53,1463
-53,1464
-53,1465
-53,1466
-53,1467
-53,1468
-53,1469
-53,1470
-53,1471
-53,1472
-53,1473
-53,1474
-53,1475
-53,1476
-53,1477
-53,1478
-53,1479
-53,1480
-53,1481
-53,1482
-53,1483
-53,1484
-53,1485
-53,1486
-53,1487
-53,1488
-53,1489
-53,1490
-53,1491
-53,1492
-53,1493
-53,1494
-53,1495
-53,1496
-53,1497
-53,1498
-53,1499
-53,1500
-53,1501
-53,1502
-53,1503
-53,1504
-53,1505
-53,1506
-53,1507
-53,1508
-53,1509
-53,1510
-53,1511
-53,1512
-53,1513
-53,1514
-53,1515
-53,1516
-53,1517
-53,1518
-53,1519
-53,1520
-53,1521
-53,1522
:58_5,1523
:58_5,1524
:58_5,1525
:58_5,1526
:58_5,1527
:58_5,1528
:58_5,1529
:58_5,1530
56,1531
56,1532
56,1533
56,1534
56,1535
56,1536
56,1537
56,1538
56,1539
56,1540
56,1541
56,1542
56,1543
56,1544
56,1545
56,1546
56,1547
56,1548
56,1549
56,1550
56,1551
56,1552
56,1553
56,1554
56,1555
56,1556
56,1557
56,1558
56,1559
56,1560
56,1561
56,1562
56,1563
56,1564
56,1565
56,1566
56,1567
56,1568
56,1569
56,1570
56,1571
56,1572
56,1573
56,1574
56,1575
56,1576
56,1577
56,1578
56,1579
56,1580
56,1581
56,1582
56,1583
56,1584
56,1585
56,1586
56,1587
56,1588
56,1589
56,1590
56,1591
56,1592
56,1593
56,1594
56,1595
56,1596
56,1597
56,1598
56,1599
56,1600
56,1601
56,1602
56,1603
56,1604
56,1605
56,1606
56,1607
56,1608
56,1609
56,1610
56,1611
56,1612
56,1613
56,1614
56,1615
56,1616
56,1617
56,1618
56,1619
56,1620
56,1621
56,1622
56,1623
56,1624
56,1625
56,1626
56,1627
56,1628
56,1629
56,1630
56,1631
56,1632
56,1633
56,1634
56,1635
56,1636
56,1637
56,1638
56,1639
56,1640
56,1641
56,1642
56,1643
56,1644
56,1645
56,1646
56,1647
56,1648
56,1649
56,1650
56,1651
56,1652
56,1653
56,1654
56,1655
56,1656
56,1657
56,1658
56,1659
56,1660
56,1661
:64_1,1662
:64_1,1663
:64_1,1664
:64_1,1665
:64_1,1666
569,1667
569,1668
569,1669
569,1670
569,1671
569,1672
569,1673
569,1674
569,1675
569,1676
569,1677
569,1678
569,1679
569,1680
569,1681
569,1682
569,1683
569,1684
569,1685
569,1686
569,1687
569,1688
569,1689
569,1690
569,1691
569,1692
569,1693
569,1694
569,1695
569,1696
569,1697
569,1698
569,1699
569,1700
569,1701
569,1702
569,1703
569,1704
569,1705
569,1706
569,1707
569,1708
569,1709
569,1710
569,1711
569,1712
569,1713
569,1714
569,1715
569,1716
569,1717
569,1718
569,1719
569,1720
569,1721
569,1722
569,1723
569,1724
569,1725
569,1726
569,1727
569,1728
569,1729
569,1730
569,1731
569,1732
569,1733
569,1734
569,1735
569,1736
569,1737
569,1738
569,1739
569,1740
569,1741
569,1742
569,1743
569,1744
569,1745
569,1746
569,1747
569,1748
569,1749
569,1750
569,1751
569,1752
569,1753
569,1754
569,1755
569,1756
569,1757
569,1758
569,1759
569,1760
569,1761
569,1762
:151_0,1763
:151_0,1764
:151_0,1765
:151_0,1766
:151_0,1767
570,1768
570,1769
570,1770
570,1771
570,1772
570,1773
570,1774
570,1775
570,1776
570,1777
570,1778
570,1779
570,1780
570,1781
570,1782
570,1783
570,1784
570,1785
570,1786
570,1787
570,1788
570,1789
570,1790
570,1791
570,1792
570,1793
570,1794
570,1795
570,1796
570,1797
570,1798
570,1799
570,1800
570,1801
570,1802
570,1803
570,1804
570,1805
570,1806
570,1807
570,1808
570,1809
570,1810
570,1811
570,1812
570,1813
570,1814
570,1815
570,1816
570,1817
570,1818
570,1819
570,1820
570,1821
570,1822
570,1823
570,1824
570,1825
570,1826
570,1827
570,1828
570,1829
570,1830
570,1831
570,1832
570,1833
570,1834
570,1835
570,1836
570,1837
570,1838
570,1839
570,1840
570,1841
570,1842
570,1843
570,1844
570,1845
570,1846
570,1847
570,1848
570,1849
570,1850
570,1851
570,1852
570,1853
570,1854
570,1855
570,1856
570,1857
570,1858
570,1859
570,1860
570,1861
570,1862
570,1863
570,1864
570,1865
570,1866
570,1867
570,1868
570,1869
570,1870
570,1871
570,1872
570,1873
570,1874
570,1875
570,1876
570,1877
570,1878
570,1879
570,1880
570,1881
570,1882
570,1883
570,1884
570,1885
570,1886
570,1887
570,1888
570,1889
570,1890
570,1891
570,1892
570,1893
570,1894
570,1895
570,1896
570,1897
570,1898
570,1899
570,1900
570,1901
570,1902
570,1903
570,1904
570,1905
570,1906
570,1907
570,1908
570,1909
570,1910
570,1911
570,1912
570,1913
570,1914
570,1915
570,1916
570,1917
570,1918
:99_0,1919
:99_0,1920
:99_0,1921
:99_0,1922
571,1923
571,1924
571,1925
571,1926
571,1927
571,1928
571,1929
571,1930
571,1931
571,1932
571,1933
571,1934
571,1935
571,1936
571,1937
571,1938
571,1939
571,1940
571,1941
571,1942
571,1943
571,1944
571,1945
571,1946
571,1947
571,1948
571,1949
571,1950
571,1951
571,1952
571,1953
571,1954
571,1955
571,1956
571,1957
571,1958
571,1959
571,1960
571,1961
571,1962
571,1963
571,1964
571,1965
571,1966
571,1967
571,1968
571,1969
571,1970
571,1971
571,1972
571,1973
571,1974
571,1975
571,1976
571,1977
571,1978
571,1979
571,1980
571,1981
571,1982
571,1983
571,1984
571,1985
571,1986
571,1987
571,1988
571,1989
571,1990
571,1991
571,1992
571,1993
571,1994
571,1995
571,1996
571,1997
571,1998
571,1999
571,2000
