-249,1
-249,2
-249,3
-249,4
-249,5
-249,6
-249,7
-249,8
-249,9
-249,10
-249,11
-249,12
-249,13
-249,14
-249,15
-249,16
-249,17
-249,18
-249,19
-249,20
-249,21
-249,22
-249,23
-249,24
-249,25
-249,26
-249,27
-249,28
-249,29
-249,30
-249,31
-249,32
-249,33
-249,34
-249,35
-249,36
-249,37
-249,38
-249,39
-249,40
-249,41
-249,42
-249,43
-249,44
-249,45
-249,46
-249,47
-249,48
-249,49
-249,50
-249,51
-249,52
-249,53
-249,54
-249,55
-249,56
-249,57
-249,58
-249,59
-249,60
-249,61
-249,62
-249,63
-249,64
-249,65
-249,66
-249,67
-249,68
-249,69
-249,70
-249,71
-249,72
-249,73
-249,74
-249,75
-249,76
-249,77
-249,78
-249,79
-249,80
-249,81
-249,82
-249,83
-249,84
-249,85
-249,86
-249,87
-249,88
-249,89
-249,90
-249,91
-249,92
-249,93
-249,94
-249,95
-249,96
-249,97
-249,98
-249,99
-249,100
-249,101
-249,102
-249,103
-249,104
-249,105
-249,106
-249,107
-249,108
-249,109
-249,110
-249,111
-249,112
-249,113
-249,114
-249,115
-249,116
-249,117
-249,118
-249,119
-249,120
-249,121
-249,122
:249_13,123
:249_13,124
:249_13,125
:249_13,126
:249_13,127
:249_13,128
:249_13,129
248,130
248,131
248,132
248,133
248,134
248,135
248,136
248,137
248,138
248,139
248,140
248,141
248,142
248,143
248,144
248,145
248,146
248,147
248,148
248,149
248,150
248,151
248,152
248,153
248,154
248,155
248,156
248,157
248,158
248,159
248,160
248,161
248,162
248,163
248,164
248,165
248,166
248,167
248,168
248,169
248,170
248,171
248,172
248,173
248,174
248,175
248,176
248,177
248,178
248,179
248,180
248,181
248,182
248,183
248,184
248,185
248,186
248,187
248,188
248,189
248,190
248,191
248,192
248,193
248,194
248,195
248,196
248,197
248,198
248,199
248,200
248,201
248,202
248,203
248,204
248,205
248,206
248,207
248,208
248,209
248,210
248,211
248,212
248,213
248,214
248,215
248,216
248,217
248,218
248,219
248,220
248,221
248,222
248,223
248,224
248,225
248,226
248,227
248,228
248,229
248,230
248,231
248,232
248,233
248,234
248,235
-382,236
-382,237
-382,238
-382,239
-382,240
-382,241
-382,242
-382,243
-382,244
-382,245
-382,246
-382,247
-382,248
-382,249
-382,250
-382,251
-382,252
-382,253
-382,254
-382,255
-382,256
-382,257
-382,258
-382,259
-382,260
-382,261
-382,262
-382,263
-382,264
-382,265
-382,266
-382,267
-382,268
-382,269
-382,270
-382,271
-382,272
-382,273
-382,274
-382,275
-382,276
-382,277
-382,278
-382,279
-382,280
-382,281
-382,282
-382,283
-382,284
-382,285
-382,286
-382,287
-382,288
-382,289
-382,290
-382,291
-382,292
-382,293
-382,294
-382,295
-382,296
-382,297
-382,298
-382,299
-382,300
-382,301
-382,302
-382,303
-382,304
-382,305
-382,306
-382,307
-382,308
-382,309
-382,310
-382,311
-382,312
-382,313
-382,314
-382,315
-382,316
-382,317
-382,318
-382,319
-382,320
-382,321
-382,322
-382,323
-382,324
-382,325
-382,326
-382,327
-382,328
-382,329
-382,330
-382,331
-382,332
-382,333
-382,334
-382,335
:241_6,336
:241_6,337
:241_6,338
:241_6,339
:241_6,340
:241_6,341
-238,342
-238,343
-238,344
-238,345
-238,346
-238,347
-238,348
-238,349
-238,350
-238,351
-238,352
-238,353
-238,354
-238,355
-238,356
-238,357
-238,358
-238,359
-238,360
-238,361
-238,362
-238,363
-238,364
-238,365
-238,366
-238,367
-238,368
-238,369
-238,370
-238,371
-238,372
-238,373
-238,374
-238,375
-238,376
-238,377
-238,378
-238,379
-238,380
-238,381
-238,382
-238,383
-238,384
-238,385
-238,386
-238,387
-238,388
-238,389
-238,390
-238,391
-238,392
-238,393
-238,394
-238,395
-238,396
-238,397
-238,398
-238,399
-238,400
-238,401
-238,402
-238,403
-238,404
-238,405
-238,406
-238,407
-238,408
-238,409
-238,410
-238,411
-238,412
-238,413
-238,414
-238,415
-238,416
-238,417
-238,418
-238,419
-238,420
-238,421
-238,422
-238,423
-238,424
-238,425
-238,426
-238,427
-238,428
:239_7,429
:239_7,430
:239_7,431
:239_7,432
:239_7,433
:239_7,434
236,435
236,436
236,437
236,438
236,439
236,440
236,441
236,442
236,443
236,444
236,445
236,446
236,447
236,448
236,449
236,450
236,451
236,452
236,453
236,454
236,455
236,456
236,457
236,458
236,459
236,460
236,461
236,462
236,463
236,464
236,465
236,466
236,467
236,468
236,469
236,470
236,471
236,472
236,473
236,474
236,475
236,476
236,477
236,478
236,479
236,480
236,481
236,482
236,483
236,484
236,485
236,486
236,487
236,488
236,489
236,490
236,491
236,492
236,493
236,494
236,495
236,496
236,497
236,498
236,499
236,500
236,501
236,502
236,503
236,504
236,505
236,506
236,507
236,508
236,509
236,510
236,511
236,512
236,513
236,514
236,515
236,516
236,517
236,518
236,519
236,520
236,521
236,522
236,523
236,524
236,525
236,526
236,527
236,528
236,529
236,530
236,531
236,532
236,533
236,534
236,535
236,536
236,537
236,538
236,539
236,540
236,541
236,542
236,543
236,544
236,545
236,546
236,547
236,548
236,549
236,550
236,551
236,552
236,553
236,554
236,555
236,556
236,557
236,558
236,559
236,560
236,561
236,562
236,563
236,564
236,565
236,566
236,567
236,568
236,569
236,570
236,571
236,572
236,573
236,574
236,575
236,576
236,577
236,578
236,579
236,580
:240_3,581
:240_3,582
:240_3,583
:240_3,584
:240_3,585
:240_3,586
237,587
237,588
237,589
237,590
237,591
237,592
237,593
237,594
237,595
237,596
237,597
237,598
237,599
237,600
237,601
237,602
237,603
237,604
237,605
237,606
237,607
237,608
237,609
237,610
237,611
237,612
237,613
237,614
237,615
237,616
237,617
237,618
237,619
237,620
237,621
237,622
237,623
237,624
237,625
237,626
237,627
237,628
237,629
237,630
237,631
237,632
237,633
237,634
237,635
237,636
237,637
237,638
237,639
237,640
237,641
237,642
237,643
237,644
237,645
237,646
237,647
237,648
237,649
237,650
237,651
237,652
237,653
237,654
237,655
237,656
237,657
237,658
237,659
237,660
237,661
237,662
237,663
237,664
237,665
237,666
237,667
237,668
237,669
237,670
237,671
237,672
237,673
237,674
237,675
237,676
237,677
237,678
237,679
237,680
237,681
237,682
237,683
237,684
237,685
237,686
237,687
237,688
237,689
237,690
237,691
237,692
237,693
237,694
237,695
237,696
237,697
237,698
237,699
237,700
237,701
237,702
237,703
237,704
237,705
237,706
237,707
237,708
237,709
237,710
237,711
237,712
237,713
237,714
237,715
237,716
237,717
237,718
237,719
237,720
237,721
237,722
237,723
237,724
237,725
237,726
237,727
237,728
237,729
237,730
237,731
237,732
237,733
237,734
237,735
237,736
237,737
237,738
237,739
237,740
237,741
237,742
237,743
237,744
237,745
237,746
237,747
237,748
237,749
237,750
237,751
237,752
237,753
237,754
237,755
237,756
237,757
237,758
237,759
237,760
237,761
237,762
237,763
237,764
237,765
237,766
237,767
237,768
237,769
237,770
237,771
237,772
237,773
237,774
237,775
237,776
237,777
237,778
237,779
237,780
237,781
237,782
237,783
237,784
237,785
237,786
237,787
237,788
237,789
237,790
237,791
237,792
237,793
237,794
237,795
237,796
237,797
237,798
237,799
237,800
237,801
237,802
:74_13,803
:74_13,804
:74_13,805
:74_13,806
:74_13,807
:74_13,808
:74_13,809
65,810
65,811
65,812
65,813
65,814
65,815
65,816
65,817
65,818
65,819
65,820
65,821
65,822
65,823
65,824
65,825
65,826
65,827
65,828
65,829
65,830
65,831
65,832
65,833
65,834
65,835
65,836
65,837
65,838
65,839
65,840
65,841
65,842
65,843
65,844
65,845
65,846
65,847
65,848
65,849
65,850
65,851
65,852
65,853
65,854
65,855
65,856
65,857
65,858
65,859
65,860
65,861
65,862
65,863
65,864
65,865
65,866
65,867
65,868
65,869
65,870
65,871
65,872
65,873
65,874
65,875
65,876
65,877
65,878
65,879
65,880
65,881
65,882
65,883
65,884
65,885
65,886
65,887
65,888
65,889
65,890
65,891
65,892
65,893
65,894
65,895
65,896
65,897
65,898
65,899
65,900
65,901
65,902
65,903
65,904
65,905
65,906
65,907
65,908
65,909
65,910
65,911
65,912
65,913
65,914
65,915
65,916
65,917
65,918
65,919
65,920
65,921
65,922
65,923
65,924
65,925
65,926
65,927
65,928
65,929
65,930
65,931
65,932
65,933
65,934
65,935
65,936
65,937
65,938
65,939
65,940
65,941
65,942
65,943
65,944
65,945
65,946
65,947
65,948
:75_13,949
:75_13,950
:75_13,951
:75_13,952
:75_13,953
:75_13,954
-438,955
-438,956
-438,957
-438,958
-438,959
-438,960
-438,961
-438,962
-438,963
-438,964
-438,965
-438,966
-438,967
-438,968
-438,969
-438,970
-438,971
-438,972
-438,973
-438,974
-438,975
-438,976
-438,977
-438,978
-438,979
-438,980
-438,981
-438,982
-438,983
-438,984
-438,985
-438,986
-438,987
-438,988
-438,989
-438,990
-438,991
-438,992
-438,993
-438,994
-438,995
-438,996
-438,997
-438,998
-438,999
-438,1000
-438,1001
-438,1002
-438,1003
-438,1004
-438,1005
-438,1006
-438,1007
-438,1008
-438,1009
-438,1010
-438,1011
-438,1012
-438,1013
-438,1014
-438,1015
-438,1016
-438,1017
-438,1018
-438,1019
-438,1020
-438,1021
-438,1022
-438,1023
-438,1024
-438,1025
-438,1026
-438,1027
-438,1028
-438,1029
-438,1030
-438,1031
-438,1032
-438,1033
-438,1034
-438,1035
-438,1036
-438,1037
-438,1038
-438,1039
-438,1040
-438,1041
-438,1042
-438,1043
-438,1044
-438,1045
-438,1046
-438,1047
-438,1048
-438,1049
-438,1050
-438,1051
-438,1052
-438,1053
-438,1054
-438,1055
-438,1056
-438,1057
-438,1058
-438,1059
-438,1060
-438,1061
-438,1062
-438,1063
-438,1064
-438,1065
-438,1066
-438,1067
-438,1068
-438,1069
-438,1070
-438,1071
-438,1072
-438,1073
-438,1074
-438,1075
-438,1076
-438,1077
-438,1078
-438,1079
-438,1080
-438,1081
-438,1082
-438,1083
-438,1084
-438,1085
-438,1086
-438,1087
-438,1088
-438,1089
-438,1090
-438,1091
-438,1092
-438,1093
-438,1094
-438,1095
-438,1096
-438,1097
:381_13,1098
:381_13,1099
:381_13,1100
:381_13,1101
:381_13,1102
:381_13,1103
-437,1104
-437,1105
-437,1106
-437,1107
-437,1108
-437,1109
-437,1110
-437,1111
-437,1112
-437,1113
-437,1114
-437,1115
-437,1116
-437,1117
-437,1118
-437,1119
-437,1120
-437,1121
-437,1122
-437,1123
-437,1124
-437,1125
-437,1126
-437,1127
-437,1128
-437,1129
-437,1130
-437,1131
-437,1132
-437,1133
-437,1134
-437,1135
-437,1136
-437,1137
-437,1138
-437,1139
-437,1140
-437,1141
-437,1142
-437,1143
-437,1144
-437,1145
-437,1146
-437,1147
-437,1148
-437,1149
-437,1150
-437,1151
-437,1152
-437,1153
-437,1154
-437,1155
-437,1156
-437,1157
-437,1158
-437,1159
-437,1160
-437,1161
-437,1162
-437,1163
-437,1164
-437,1165
-437,1166
-437,1167
-437,1168
-437,1169
-437,1170
-437,1171
-437,1172
-437,1173
-437,1174
-437,1175
-437,1176
-437,1177
-437,1178
-437,1179
-437,1180
-437,1181
-437,1182
-437,1183
-437,1184
-437,1185
-437,1186
-437,1187
-437,1188
-437,1189
-437,1190
-437,1191
-437,1192
-437,1193
-437,1194
-437,1195
-437,1196
-437,1197
-437,1198
-437,1199
-437,1200
-437,1201
-437,1202
-437,1203
-437,1204
-437,1205
-437,1206
-437,1207
-437,1208
-437,1209
-437,1210
-437,1211
-437,1212
-437,1213
-437,1214
-437,1215
-437,1216
-437,1217
-437,1218
-437,1219
-437,1220
-437,1221
-437,1222
-437,1223
-437,1224
-437,1225
-437,1226
-437,1227
-437,1228
-437,1229
-437,1230
-437,1231
-437,1232
-437,1233
-437,1234
-437,1235
-437,1236
-437,1237
-437,1238
-437,1239
-437,1240
-437,1241
-437,1242
-437,1243
-437,1244
-437,1245
-437,1246
-437,1247
-437,1248
-437,1249
-437,1250
-437,1251
-437,1252
-437,1253
-437,1254
-437,1255
-437,1256
-437,1257
-437,1258
-437,1259
-437,1260
-437,1261
-437,1262
-437,1263
-437,1264
-437,1265
-437,1266
-437,1267
-437,1268
-437,1269
-437,1270
-437,1271
-437,1272
-437,1273
-437,1274
-437,1275
-437,1276
-437,1277
-437,1278
-437,1279
-437,1280
-437,1281
-437,1282
-437,1283
-437,1284
-437,1285
-437,1286
-437,1287
-437,1288
-437,1289
-437,1290
-437,1291
-437,1292
-437,1293
-437,1294
-437,1295
-437,1296
-437,1297
-437,1298
-437,1299
-437,1300
-437,1301
-437,1302
-437,1303
-437,1304
-437,1305
-437,1306
-437,1307
-437,1308
-437,1309
-437,1310
-437,1311
-437,1312
-437,1313
-437,1314
-437,1315
-437,1316
-437,1317
-437,1318
-437,1319
-437,1320
-437,1321
-437,1322
-437,1323
-437,1324
-437,1325
-437,1326
-437,1327
-437,1328
-437,1329
-437,1330
-437,1331
-437,1332
-437,1333
-437,1334
-437,1335
-437,1336
-437,1337
-437,1338
-437,1339
-437,1340
-437,1341
-437,1342
-437,1343
-437,1344
-437,1345
-437,1346
-437,1347
-437,1348
-437,1349
-437,1350
-437,1351
-437,1352
-437,1353
-437,1354
-437,1355
-437,1356
-437,1357
-437,1358
-437,1359
-437,1360
-437,1361
-437,1362
-437,1363
-437,1364
-437,1365
-437,1366
-437,1367
-437,1368
-437,1369
-437,1370
-437,1371
-437,1372
-437,1373
-437,1374
-437,1375
-437,1376
-437,1377
-437,1378
-437,1379
-437,1380
:244_13,1381
:244_13,1382
:244_13,1383
:244_13,1384
:244_13,1385
:244_13,1386
242,1387
242,1388
242,1389
242,1390
242,1391
242,1392
242,1393
242,1394
242,1395
242,1396
242,1397
242,1398
242,1399
242,1400
242,1401
242,1402
242,1403
242,1404
242,1405
242,1406
242,1407
242,1408
242,1409
242,1410
242,1411
242,1412
242,1413
242,1414
242,1415
242,1416
242,1417
242,1418
242,1419
242,1420
242,1421
242,1422
242,1423
242,1424
242,1425
242,1426
242,1427
242,1428
242,1429
242,1430
242,1431
242,1432
242,1433
242,1434
242,1435
242,1436
242,1437
242,1438
242,1439
242,1440
242,1441
242,1442
242,1443
242,1444
242,1445
242,1446
242,1447
242,1448
242,1449
242,1450
242,1451
242,1452
242,1453
242,1454
242,1455
242,1456
242,1457
242,1458
242,1459
242,1460
242,1461
242,1462
242,1463
242,1464
242,1465
242,1466
242,1467
242,1468
242,1469
242,1470
242,1471
242,1472
242,1473
242,1474
242,1475
242,1476
242,1477
242,1478
242,1479
242,1480
242,1481
242,1482
242,1483
242,1484
242,1485
242,1486
242,1487
242,1488
242,1489
242,1490
242,1491
242,1492
242,1493
242,1494
242,1495
242,1496
242,1497
242,1498
242,1499
242,1500
242,1501
242,1502
242,1503
242,1504
242,1505
242,1506
242,1507
242,1508
:245_3,1509
:245_3,1510
:245_3,1511
:245_3,1512
:245_3,1513
:245_3,1514
243,1515
243,1516
243,1517
243,1518
243,1519
243,1520
243,1521
243,1522
243,1523
243,1524
243,1525
243,1526
243,1527
243,1528
243,1529
243,1530
243,1531
243,1532
243,1533
243,1534
243,1535
243,1536
243,1537
243,1538
243,1539
243,1540
243,1541
243,1542
243,1543
243,1544
243,1545
243,1546
243,1547
243,1548
243,1549
243,1550
243,1551
243,1552
243,1553
243,1554
243,1555
243,1556
243,1557
243,1558
243,1559
243,1560
243,1561
243,1562
243,1563
243,1564
243,1565
243,1566
243,1567
243,1568
243,1569
243,1570
243,1571
243,1572
243,1573
243,1574
243,1575
243,1576
243,1577
243,1578
243,1579
243,1580
243,1581
243,1582
243,1583
243,1584
243,1585
243,1586
243,1587
243,1588
243,1589
243,1590
243,1591
243,1592
243,1593
243,1594
243,1595
243,1596
243,1597
243,1598
243,1599
243,1600
243,1601
:179_12,1602
:179_12,1603
:179_12,1604
-164,1605
-164,1606
-164,1607
-164,1608
-164,1609
-164,1610
-164,1611
-164,1612
-164,1613
-164,1614
-164,1615
-164,1616
-164,1617
-164,1618
-164,1619
-164,1620
-164,1621
-164,1622
-164,1623
-164,1624
-164,1625
-164,1626
-164,1627
-164,1628
-164,1629
-164,1630
-164,1631
-164,1632
-164,1633
-164,1634
-164,1635
-164,1636
-164,1637
-164,1638
-164,1639
-164,1640
-164,1641
-164,1642
-164,1643
-164,1644
-164,1645
-164,1646
-164,1647
-164,1648
-164,1649
-164,1650
-164,1651
-164,1652
-164,1653
-164,1654
-164,1655
-164,1656
-164,1657
-164,1658
-164,1659
-164,1660
-164,1661
-164,1662
-164,1663
-164,1664
-164,1665
-164,1666
-164,1667
-164,1668
-164,1669
-164,1670
-164,1671
-164,1672
-164,1673
-164,1674
-164,1675
-164,1676
-164,1677
-164,1678
-164,1679
-164,1680
-164,1681
-164,1682
-164,1683
-164,1684
-164,1685
-164,1686
-164,1687
-164,1688
-164,1689
-164,1690
-164,1691
-164,1692
-164,1693
-164,1694
-164,1695
-164,1696
-164,1697
-164,1698
-164,1699
-164,1700
-164,1701
-164,1702
-164,1703
-164,1704
-164,1705
-164,1706
-164,1707
-164,1708
-164,1709
-164,1710
-164,1711
-164,1712
-164,1713
-164,1714
-164,1715
-164,1716
-164,1717
-164,1718
-164,1719
-164,1720
-164,1721
-164,1722
-164,1723
-164,1724
-164,1725
-164,1726
-164,1727
-164,1728
-164,1729
-164,1730
-164,1731
-164,1732
-164,1733
-164,1734
-164,1735
-164,1736
-164,1737
-164,1738
-164,1739
-164,1740
-164,1741
-164,1742
-164,1743
-164,1744
-164,1745
-164,1746
-164,1747
-164,1748
-164,1749
-164,1750
-164,1751
-164,1752
-164,1753
-164,1754
-164,1755
-164,1756
-164,1757
-164,1758
-164,1759
-164,1760
-164,1761
-164,1762
-164,1763
-164,1764
-164,1765
-164,1766
-164,1767
-164,1768
-164,1769
-164,1770
-164,1771
-164,1772
-164,1773
-164,1774
-164,1775
-164,1776
-164,1777
-164,1778
-164,1779
-164,1780
-164,1781
-164,1782
-164,1783
-164,1784
-164,1785
-164,1786
-164,1787
-164,1788
-164,1789
-164,1790
-164,1791
-164,1792
-164,1793
-164,1794
-164,1795
-164,1796
-164,1797
-164,1798
-164,1799
-164,1800
-164,1801
-164,1802
-164,1803
-164,1804
-164,1805
-164,1806
-164,1807
-164,1808
-164,1809
-164,1810
-164,1811
-164,1812
-164,1813
-164,1814
-164,1815
-164,1816
-164,1817
-164,1818
-164,1819
-164,1820
-164,1821
-164,1822
-164,1823
-164,1824
-164,1825
-164,1826
-164,1827
-164,1828
-164,1829
-164,1830
-164,1831
-164,1832
-164,1833
-164,1834
-164,1835
-164,1836
-164,1837
-164,1838
-164,1839
-164,1840
-164,1841
-164,1842
-164,1843
-164,1844
-164,1845
-164,1846
