278,21
278,22
278,23
278,24
278,25
278,26
278,27
278,28
278,29
278,30
278,31
278,32
278,33
278,34
278,35
278,36
278,37
278,38
278,39
278,40
278,41
278,42
278,43
278,44
278,45
278,46
278,47
278,48
278,49
278,50
278,51
278,52
278,53
278,54
278,55
278,56
278,57
278,58
278,59
278,60
278,61
278,62
278,63
278,64
278,65
278,66
278,67
278,68
278,69
278,70
278,71
278,72
278,73
278,74
278,75
278,76
278,77
278,78
278,79
278,80
278,81
278,82
278,83
278,84
278,85
278,86
278,87
278,88
278,89
278,90
278,91
278,92
278,93
278,94
278,95
278,96
278,97
278,98
278,99
278,100
278,101
278,102
278,103
278,104
278,105
278,106
278,107
:100_1,108
-85,109
-85,110
-85,111
-85,112
-85,113
-85,114
-85,115
-85,116
-85,117
-85,118
-85,119
-85,120
-85,121
-85,122
-85,123
-85,124
-85,125
-85,126
-85,127
-85,128
-85,129
-85,130
-85,131
-85,132
-85,133
-85,134
-85,135
-85,136
-85,137
-85,138
-85,139
-85,140
-85,141
-85,142
-85,143
-85,144
-85,145
-85,146
-85,147
-85,148
-85,149
-85,150
-85,151
-85,152
-85,153
-85,154
-85,155
-85,156
-85,157
-85,158
-85,159
-85,160
-85,161
-85,162
:99_3,163
:99_3,164
:99_3,165
-570,166
-570,167
-570,168
-570,169
-570,170
-570,171
-570,172
-570,173
-570,174
-570,175
-570,176
-570,177
-570,178
-570,179
-570,180
-570,181
-570,182
-570,183
-570,184
-570,185
-570,186
-570,187
-570,188
-570,189
-570,190
-570,191
-570,192
-570,193
-570,194
-570,195
-570,196
-570,197
-570,198
-570,199
-570,200
-570,201
-570,202
-570,203
-570,204
-570,205
-570,206
-570,207
-570,208
-570,209
-570,210
-570,211
-570,212
-570,213
-570,214
-570,215
-570,216
-570,217
-570,218
-570,219
-570,220
-570,221
-570,222
-570,223
-570,224
-570,225
-570,226
-570,227
-570,228
-570,229
-570,230
-570,231
-570,232
-570,233
-570,234
-570,235
-570,236
-570,237
-570,238
-570,239
-570,240
-570,241
-570,242
-570,243
-570,244
-570,245
-570,246
-570,247
-570,248
-570,249
-570,250
-570,251
-570,252
-570,253
-570,254
-570,255
-570,256
-570,257
-570,258
-570,259
-570,260
-570,261
-570,262
-570,263
-570,264
-570,265
-570,266
-570,267
-570,268
-570,269
-570,270
-570,271
-570,272
-570,273
-570,274
-570,275
-570,276
-570,277
-570,278
-570,279
-570,280
-570,281
-570,282
-570,283
-570,284
-570,285
-570,286
-570,287
-570,288
-570,289
-570,290
-570,291
-570,292
-570,293
-570,294
-570,295
-570,296
-570,297
-570,298
-570,299
-570,300
-570,301
-570,302
-570,303
-570,304
-570,305
-570,306
-570,307
-570,308
-570,309
-570,310
-570,311
-570,312
:151_7,313
:151_7,314
:151_7,315
:151_7,316
:151_7,317
-569,318
-569,319
-569,320
-569,321
-569,322
-569,323
-569,324
-569,325
-569,326
-569,327
-569,328
-569,329
-569,330
-569,331
-569,332
-569,333
-569,334
-569,335
-569,336
-569,337
-569,338
-569,339
-569,340
-569,341
-569,342
-569,343
-569,344
-569,345
-569,346
-569,347
-569,348
-569,349
-569,350
-569,351
-569,352
-569,353
-569,354
-569,355
-569,356
-569,357
-569,358
-569,359
-569,360
-569,361
-569,362
-569,363
-569,364
-569,365
-569,366
-569,367
-569,368
-569,369
-569,370
-569,371
-569,372
-569,373
-569,374
-569,375
-569,376
-569,377
-569,378
-569,379
-569,380
-569,381
-569,382
-569,383
-569,384
-569,385
-569,386
-569,387
-569,388
-569,389
-569,390
-569,391
-569,392
-569,393
-569,394
-569,395
-569,396
-569,397
-569,398
-569,399
-569,400
-569,401
-569,402
-569,403
-569,404
-569,405
-569,406
-569,407
-569,408
-569,409
:64_3,410
:64_3,411
:64_3,412
:64_3,413
:64_3,414
-56,415
-56,416
-56,417
-56,418
-56,419
-56,420
-56,421
-56,422
-56,423
-56,424
-56,425
-56,426
-56,427
-56,428
-56,429
-56,430
-56,431
-56,432
-56,433
-56,434
-56,435
-56,436
-56,437
-56,438
-56,439
-56,440
-56,441
-56,442
-56,443
-56,444
-56,445
-56,446
-56,447
-56,448
-56,449
-56,450
-56,451
-56,452
-56,453
-56,454
-56,455
-56,456
-56,457
-56,458
-56,459
-56,460
-56,461
-56,462
-56,463
-56,464
-56,465
-56,466
-56,467
-56,468
-56,469
-56,470
-56,471
-56,472
-56,473
-56,474
-56,475
-56,476
-56,477
-56,478
-56,479
-56,480
-56,481
-56,482
-56,483
-56,484
-56,485
-56,486
-56,487
-56,488
-56,489
-56,490
-56,491
-56,492
-56,493
-56,494
-56,495
-56,496
-56,497
-56,498
-56,499
-56,500
-56,501
-56,502
-56,503
-56,504
-56,505
-56,506
-56,507
-56,508
-56,509
-56,510
-56,511
-56,512
-56,513
-56,514
-56,515
-56,516
-56,517
-56,518
-56,519
-56,520
-56,521
-56,522
-56,523
-56,524
-56,525
-56,526
-56,527
-56,528
-56,529
-56,530
-56,531
-56,532
-56,533
-56,534
-56,535
-56,536
-56,537
-56,538
-56,539
-56,540
-56,541
-56,542
-56,543
-56,544
-56,545
-56,546
-56,547
-56,548
:58_13,549
:58_13,550
:58_13,551
:58_13,552
:58_13,553
:58_13,554
53,555
53,556
53,557
53,558
53,559
53,560
53,561
53,562
53,563
53,564
53,565
53,566
53,567
53,568
53,569
53,570
53,571
53,572
53,573
53,574
53,575
53,576
53,577
53,578
53,579
53,580
53,581
53,582
53,583
53,584
53,585
53,586
53,587
53,588
53,589
53,590
53,591
53,592
53,593
53,594
53,595
53,596
53,597
53,598
53,599
53,600
53,601
53,602
53,603
53,604
53,605
53,606
53,607
53,608
53,609
53,610
53,611
53,612
53,613
53,614
53,615
53,616
53,617
53,618
53,619
53,620
53,621
53,622
53,623
53,624
53,625
53,626
53,627
53,628
53,629
:61_7,630
:61_7,631
:61_7,632
:61_7,633
:61_7,634
54,635
54,636
54,637
54,638
54,639
54,640
54,641
54,642
54,643
54,644
54,645
54,646
54,647
54,648
54,649
54,650
54,651
54,652
54,653
54,654
54,655
54,656
54,657
54,658
54,659
54,660
54,661
54,662
54,663
54,664
54,665
54,666
54,667
54,668
54,669
54,670
54,671
54,672
54,673
54,674
54,675
54,676
54,677
54,678
54,679
54,680
54,681
54,682
:62_3,683
:62_3,684
:62_3,685
:62_3,686
:62_3,687
55,688
55,689
55,690
55,691
55,692
55,693
55,694
55,695
55,696
55,697
55,698
55,699
55,700
55,701
55,702
55,703
55,704
55,705
55,706
55,707
55,708
55,709
55,710
55,711
55,712
55,713
55,714
55,715
55,716
55,717
55,718
55,719
55,720
55,721
55,722
55,723
55,724
55,725
55,726
55,727
55,728
55,729
55,730
55,731
55,732
55,733
55,734
55,735
55,736
55,737
55,738
55,739
55,740
55,741
55,742
55,743
55,744
55,745
55,746
55,747
55,748
55,749
55,750
55,751
55,752
55,753
55,754
55,755
55,756
55,757
55,758
55,759
55,760
55,761
55,762
55,763
55,764
55,765
55,766
55,767
55,768
55,769
55,770
55,771
55,772
55,773
55,774
55,775
55,776
55,777
55,778
55,779
55,780
55,781
55,782
55,783
55,784
55,785
55,786
55,787
55,788
55,789
55,790
55,791
55,792
55,793
55,794
55,795
55,796
55,797
55,798
55,799
55,800
55,801
55,802
55,803
:63_12,804
:63_12,805
:63_12,806
160,807
160,808
160,809
160,810
160,811
160,812
160,813
160,814
160,815
160,816
160,817
160,818
160,819
160,820
160,821
160,822
160,823
160,824
160,825
160,826
160,827
160,828
160,829
160,830
160,831
160,832
160,833
160,834
160,835
160,836
160,837
160,838
160,839
160,840
160,841
160,842
160,843
160,844
160,845
160,846
160,847
160,848
160,849
160,850
160,851
160,852
160,853
160,854
160,855
160,856
160,857
160,858
160,859
160,860
160,861
160,862
160,863
160,864
160,865
160,866
160,867
160,868
160,869
160,870
160,871
160,872
160,873
160,874
160,875
160,876
160,877
160,878
160,879
160,880
160,881
160,882
160,883
160,884
160,885
160,886
160,887
160,888
160,889
160,890
160,891
160,892
160,893
160,894
160,895
160,896
160,897
160,898
160,899
160,900
160,901
160,902
160,903
160,904
160,905
160,906
160,907
160,908
160,909
160,910
160,911
160,912
160,913
160,914
160,915
160,916
160,917
160,918
160,919
160,920
160,921
160,922
160,923
160,924
160,925
160,926
160,927
160,928
160,929
160,930
160,931
160,932
160,933
160,934
160,935
160,936
160,937
160,938
160,939
160,940
160,941
160,942
:174_7,943
:174_7,944
:174_7,945
:174_7,946
:174_7,947
-281,948
-281,949
-281,950
-281,951
-281,952
-281,953
-281,954
-281,955
-281,956
-281,957
-281,958
-281,959
-281,960
-281,961
-281,962
-281,963
-281,964
-281,965
-281,966
-281,967
-281,968
-281,969
-281,970
-281,971
-281,972
-281,973
-281,974
-281,975
-281,976
-281,977
-281,978
-281,979
-281,980
-281,981
-281,982
-281,983
-281,984
-281,985
-281,986
-281,987
-281,988
-281,989
-281,990
-281,991
-281,992
-281,993
-281,994
-281,995
-281,996
-281,997
-281,998
-281,999
-281,1000
-281,1001
-281,1002
-281,1003
-281,1004
-281,1005
-281,1006
-281,1007
-281,1008
-281,1009
-281,1010
-281,1011
-281,1012
-281,1013
-281,1014
:270_12,1015
:270_12,1016
:270_12,1017
:270_12,1018
279,1019
279,1020
279,1021
279,1022
279,1023
279,1024
279,1025
279,1026
279,1027
279,1028
279,1029
279,1030
279,1031
279,1032
279,1033
279,1034
279,1035
279,1036
279,1037
279,1038
279,1039
279,1040
279,1041
279,1042
279,1043
279,1044
279,1045
279,1046
279,1047
279,1048
279,1049
279,1050
279,1051
279,1052
279,1053
279,1054
279,1055
279,1056
279,1057
279,1058
279,1059
279,1060
279,1061
279,1062
279,1063
279,1064
279,1065
279,1066
279,1067
279,1068
279,1069
279,1070
279,1071
279,1072
279,1073
279,1074
279,1075
279,1076
279,1077
:271_4,1078
:271_4,1079
:271_4,1080
:271_4,1081
:271_4,1082
-407,1083
-407,1084
-407,1085
-407,1086
-407,1087
-407,1088
-407,1089
-407,1090
-407,1091
-407,1092
-407,1093
-407,1094
-407,1095
-407,1096
-407,1097
-407,1098
-407,1099
-407,1100
-407,1101
-407,1102
-407,1103
-407,1104
-407,1105
-407,1106
-407,1107
-407,1108
-407,1109
-407,1110
-407,1111
-407,1112
-407,1113
-407,1114
-407,1115
-407,1116
-407,1117
-407,1118
-407,1119
:363_0,1120
:363_0,1121
:363_0,1122
:363_0,1123
:363_0,1124
409,1125
409,1126
409,1127
409,1128
409,1129
409,1130
409,1131
409,1132
409,1133
409,1134
409,1135
409,1136
409,1137
409,1138
409,1139
409,1140
409,1141
409,1142
409,1143
409,1144
409,1145
409,1146
409,1147
409,1148
409,1149
409,1150
409,1151
409,1152
409,1153
409,1154
409,1155
409,1156
409,1157
409,1158
409,1159
409,1160
409,1161
409,1162
409,1163
409,1164
409,1165
409,1166
409,1167
409,1168
409,1169
409,1170
409,1171
409,1172
409,1173
409,1174
409,1175
:290_4,1176
:290_4,1177
:290_4,1178
:290_4,1179
:290_4,1180
-303,1181
-303,1182
-303,1183
-303,1184
-303,1185
-303,1186
-303,1187
-303,1188
-303,1189
-303,1190
-303,1191
-303,1192
-303,1193
-303,1194
-303,1195
-303,1196
-303,1197
-303,1198
-303,1199
-303,1200
-303,1201
-303,1202
-303,1203
-303,1204
-303,1205
-303,1206
-303,1207
-303,1208
-303,1209
-303,1210
-303,1211
-303,1212
-303,1213
-303,1214
-303,1215
-303,1216
-303,1217
-303,1218
-303,1219
-303,1220
-303,1221
-303,1222
-303,1223
-303,1224
-303,1225
-303,1226
-303,1227
-303,1228
-303,1229
-303,1230
-303,1231
-303,1232
-303,1233
-303,1234
-303,1235
-303,1236
-303,1237
-303,1238
-303,1239
-303,1240
-303,1241
-303,1242
-303,1243
-303,1244
-303,1245
-303,1246
-303,1247
-303,1248
-303,1249
-303,1250
-303,1251
-303,1252
-303,1253
-303,1254
-303,1255
-303,1256
:289_4,1257
:289_4,1258
:289_4,1259
:289_4,1260
:289_4,1261
302,1262
302,1263
302,1264
302,1265
302,1266
302,1267
302,1268
302,1269
302,1270
302,1271
302,1272
302,1273
302,1274
302,1275
302,1276
302,1277
302,1278
302,1279
302,1280
302,1281
302,1282
302,1283
302,1284
302,1285
302,1286
302,1287
302,1288
302,1289
302,1290
302,1291
302,1292
302,1293
302,1294
302,1295
-192,1296
-192,1297
-192,1298
-192,1299
-192,1300
-192,1301
-192,1302
-192,1303
-192,1304
-192,1305
-192,1306
-192,1307
-192,1308
-192,1309
-192,1310
-192,1311
-192,1312
-192,1313
-192,1314
-192,1315
-192,1316
-192,1317
-192,1318
-192,1319
-192,1320
-192,1321
-192,1322
-192,1323
-192,1324
-192,1325
-192,1326
-192,1327
-192,1328
-192,1329
-192,1330
-192,1331
-192,1332
-192,1333
-192,1334
-192,1335
-192,1336
-192,1337
-192,1338
-192,1339
-192,1340
-192,1341
-192,1342
-192,1343
-192,1344
-192,1345
-192,1346
-192,1347
-192,1348
-192,1349
-192,1350
-192,1351
-192,1352
-192,1353
-192,1354
-192,1355
-192,1356
-192,1357
-192,1358
-192,1359
-192,1360
-192,1361
-192,1362
-192,1363
-192,1364
-192,1365
-192,1366
-192,1367
-192,1368
-192,1369
-192,1370
-192,1371
-192,1372
-192,1373
-192,1374
-192,1375
-192,1376
-192,1377
-192,1378
-192,1379
-192,1380
-192,1381
:68_0,1382
:68_0,1383
:68_0,1384
190,1385
190,1386
190,1387
190,1388
190,1389
190,1390
190,1391
190,1392
190,1393
190,1394
190,1395
190,1396
190,1397
190,1398
190,1399
190,1400
190,1401
190,1402
190,1403
190,1404
190,1405
190,1406
190,1407
190,1408
190,1409
190,1410
190,1411
190,1412
190,1413
190,1414
190,1415
190,1416
190,1417
190,1418
190,1419
190,1420
190,1421
190,1422
190,1423
190,1424
190,1425
190,1426
190,1427
190,1428
190,1429
190,1430
190,1431
190,1432
190,1433
190,1434
190,1435
190,1436
190,1437
190,1438
190,1439
190,1440
190,1441
190,1442
190,1443
190,1444
190,1445
:200_5,1446
:200_5,1447
:200_5,1448
:200_5,1449
:200_5,1450
191,1451
191,1452
191,1453
191,1454
191,1455
191,1456
191,1457
191,1458
191,1459
191,1460
191,1461
191,1462
191,1463
191,1464
191,1465
191,1466
191,1467
191,1468
191,1469
191,1470
191,1471
191,1472
191,1473
191,1474
191,1475
191,1476
191,1477
191,1478
191,1479
191,1480
191,1481
191,1482
191,1483
191,1484
191,1485
191,1486
191,1487
191,1488
191,1489
191,1490
191,1491
191,1492
191,1493
191,1494
191,1495
191,1496
191,1497
191,1498
191,1499
191,1500
191,1501
191,1502
191,1503
191,1504
191,1505
191,1506
191,1507
191,1508
191,1509
191,1510
191,1511
191,1512
191,1513
191,1514
191,1515
191,1516
191,1517
191,1518
191,1519
191,1520
191,1521
191,1522
:201_1,1523
:201_1,1524
:201_1,1525
:201_1,1526
-263,1527
-263,1528
-263,1529
-263,1530
-263,1531
-263,1532
-263,1533
-263,1534
-263,1535
-263,1536
-263,1537
-263,1538
-263,1539
-263,1540
-263,1541
-263,1542
-263,1543
-263,1544
-263,1545
-263,1546
-263,1547
-263,1548
-263,1549
-263,1550
-263,1551
-263,1552
-263,1553
-263,1554
-263,1555
-263,1556
-263,1557
-263,1558
-263,1559
-263,1560
-263,1561
-263,1562
-263,1563
-263,1564
-263,1565
-263,1566
-263,1567
-263,1568
-263,1569
-263,1570
-263,1571
-263,1572
-263,1573
-263,1574
-263,1575
-263,1576
