231,1
231,2
231,3
231,4
231,5
231,6
231,7
231,8
231,9
231,10
231,11
231,12
231,13
231,14
231,15
231,16
231,17
231,18
231,19
231,20
231,21
231,22
231,23
231,24
231,25
231,26
231,27
231,28
231,29
231,30
231,31
231,32
231,33
231,34
231,35
231,36
231,37
231,38
231,39
231,40
231,41
231,42
231,43
231,44
231,45
231,46
231,47
231,48
231,49
231,50
231,51
231,52
231,53
231,54
231,55
231,56
231,57
231,58
231,59
231,60
231,61
231,62
231,63
231,64
231,65
231,66
231,67
231,68
231,69
231,70
231,71
231,72
231,73
231,74
231,75
231,76
231,77
231,78
231,79
231,80
231,81
231,82
231,83
231,84
231,85
231,86
231,87
231,88
231,89
231,90
231,91
231,92
231,93
231,94
231,95
231,96
231,97
231,98
231,99
231,100
231,101
231,102
231,103
231,104
231,105
231,106
231,107
231,108
231,109
231,110
231,111
231,112
231,113
231,114
231,115
231,116
231,117
231,118
231,119
231,120
231,121
231,122
231,123
231,124
231,125
231,126
231,127
231,128
231,129
231,130
231,131
231,132
231,133
231,134
231,135
231,136
231,137
231,138
231,139
231,140
231,141
231,142
231,143
231,144
231,145
231,146
231,147
231,148
231,149
231,150
231,151
231,152
231,153
231,154
231,155
231,156
231,157
231,158
231,159
231,160
:235_2,161
:235_2,162
:235_2,163
:235_2,164
:235_2,165
305,166
305,167
305,168
305,169
305,170
305,171
305,172
305,173
305,174
305,175
305,176
305,177
305,178
305,179
305,180
305,181
305,182
305,183
305,184
305,185
305,186
305,187
305,188
305,189
305,190
305,191
305,192
305,193
305,194
305,195
305,196
305,197
305,198
305,199
305,200
305,201
305,202
305,203
305,204
305,205
305,206
305,207
305,208
305,209
305,210
305,211
305,212
305,213
305,214
305,215
305,216
305,217
305,218
305,219
305,220
305,221
305,222
305,223
305,224
:291_0,225
:291_0,226
:291_0,227
:291_0,228
:291_0,229
-308,230
-308,231
-308,232
-308,233
-308,234
-308,235
-308,236
-308,237
-308,238
-308,239
-308,240
-308,241
-308,242
-308,243
-308,244
-308,245
-308,246
-308,247
-308,248
-308,249
-308,250
-308,251
-308,252
-308,253
-308,254
-308,255
-308,256
-308,257
-308,258
-308,259
-308,260
-308,261
-308,262
-308,263
-308,264
-308,265
-308,266
-308,267
-308,268
-308,269
-308,270
-308,271
-308,272
-308,273
-308,274
-308,275
-308,276
-308,277
:56_0,278
:56_0,279
:56_0,280
:56_0,281
-48,282
-48,283
-48,284
-48,285
-48,286
-48,287
-48,288
-48,289
-48,290
-48,291
-48,292
-48,293
-48,294
-48,295
-48,296
-48,297
-48,298
-48,299
-48,300
-48,301
-48,302
-48,303
-48,304
-48,305
-48,306
-48,307
-48,308
-48,309
-48,310
-48,311
-48,312
-48,313
-48,314
-48,315
-48,316
-48,317
-48,318
-48,319
-48,320
-48,321
-48,322
-48,323
-48,324
-48,325
-48,326
-48,327
-48,328
-48,329
-48,330
-48,331
-48,332
-48,333
-48,334
-48,335
-48,336
-48,337
-48,338
-48,339
-48,340
-48,341
-48,342
-48,343
-48,344
-48,345
-48,346
-48,347
-48,348
-48,349
-48,350
-48,351
-48,352
-48,353
-48,354
-48,355
-48,356
-48,357
-48,358
-48,359
-48,360
-48,361
-48,362
-48,363
-48,364
-48,365
-48,366
-48,367
-48,368
-48,369
-48,370
-48,371
-48,372
-48,373
-48,374
-48,375
-48,376
-48,377
-48,378
-48,379
-48,380
-48,381
-48,382
-48,383
-48,384
-48,385
-48,386
-48,387
-48,388
-48,389
-48,390
-48,391
-48,392
-48,393
-48,394
-48,395
-48,396
-48,397
-48,398
-48,399
-48,400
-48,401
-48,402
-48,403
-48,404
-48,405
-48,406
-48,407
:52_1,408
:52_1,409
:52_1,410
:52_1,411
:52_1,412
:52_1,413
45,414
45,415
45,416
45,417
45,418
45,419
45,420
45,421
45,422
45,423
45,424
45,425
45,426
45,427
45,428
45,429
45,430
45,431
45,432
45,433
45,434
45,435
45,436
45,437
45,438
45,439
45,440
45,441
45,442
45,443
45,444
45,445
45,446
45,447
45,448
45,449
45,450
45,451
45,452
45,453
45,454
45,455
45,456
45,457
45,458
45,459
45,460
45,461
45,462
45,463
45,464
45,465
45,466
45,467
45,468
45,469
45,470
45,471
45,472
45,473
45,474
45,475
45,476
45,477
45,478
45,479
45,480
45,481
45,482
45,483
45,484
45,485
45,486
45,487
45,488
45,489
45,490
45,491
45,492
45,493
45,494
45,495
45,496
45,497
45,498
45,499
45,500
45,501
45,502
45,503
45,504
45,505
45,506
45,507
45,508
45,509
45,510
45,511
45,512
45,513
45,514
45,515
45,516
45,517
45,518
45,519
45,520
45,521
45,522
45,523
45,524
45,525
45,526
45,527
45,528
45,529
45,530
45,531
45,532
45,533
45,534
45,535
45,536
45,537
45,538
45,539
45,540
45,541
45,542
45,543
45,544
45,545
45,546
45,547
45,548
45,549
45,550
45,551
45,552
45,553
45,554
45,555
45,556
45,557
45,558
45,559
45,560
45,561
45,562
45,563
45,564
45,565
45,566
45,567
45,568
45,569
:53_0,570
:53_0,571
-680,572
-680,573
-680,574
-680,575
-680,576
-680,577
-680,578
-680,579
-680,580
-680,581
-680,582
-680,583
-680,584
-680,585
-680,586
-680,587
-680,588
-680,589
-680,590
-680,591
-680,592
-680,593
-680,594
-680,595
-680,596
-680,597
-680,598
-680,599
-680,600
-680,601
-680,602
-680,603
-680,604
-680,605
-680,606
-680,607
:5_6,608
:5_6,609
50,610
50,611
50,612
50,613
50,614
50,615
50,616
50,617
50,618
50,619
50,620
50,621
50,622
50,623
50,624
50,625
50,626
50,627
50,628
50,629
50,630
50,631
50,632
50,633
50,634
50,635
50,636
50,637
50,638
50,639
50,640
50,641
50,642
50,643
50,644
50,645
50,646
50,647
50,648
50,649
50,650
50,651
50,652
50,653
50,654
50,655
50,656
50,657
50,658
50,659
50,660
50,661
50,662
50,663
50,664
50,665
50,666
50,667
50,668
50,669
50,670
50,671
50,672
50,673
50,674
50,675
50,676
50,677
50,678
50,679
50,680
50,681
50,682
50,683
50,684
50,685
50,686
50,687
50,688
50,689
50,690
50,691
50,692
50,693
50,694
50,695
50,696
50,697
50,698
50,699
50,700
50,701
50,702
50,703
50,704
50,705
50,706
50,707
50,708
50,709
50,710
50,711
50,712
50,713
50,714
50,715
50,716
50,717
50,718
50,719
50,720
50,721
50,722
50,723
50,724
50,725
50,726
50,727
50,728
50,729
50,730
:49_4,731
:49_4,732
:49_4,733
:49_4,734
:49_4,735
-40,736
-40,737
-40,738
-40,739
-40,740
-40,741
-40,742
-40,743
-40,744
-40,745
-40,746
-40,747
-40,748
-40,749
-40,750
-40,751
-40,752
-40,753
-40,754
-40,755
-40,756
-40,757
-40,758
-40,759
-40,760
-40,761
-40,762
-40,763
-40,764
-40,765
-40,766
-40,767
-40,768
-40,769
-40,770
-40,771
-40,772
-40,773
-40,774
-40,775
-40,776
-40,777
-40,778
-40,779
-40,780
-40,781
-40,782
-40,783
-40,784
-40,785
-40,786
-40,787
-40,788
-40,789
-40,790
-40,791
-40,792
-40,793
-40,794
-40,795
-40,796
-40,797
-40,798
-40,799
-40,800
-40,801
-40,802
-40,803
-40,804
-40,805
-40,806
-40,807
-40,808
-40,809
-40,810
-40,811
-40,812
-40,813
-40,814
-40,815
-40,816
-40,817
-40,818
-40,819
-40,820
-40,821
-40,822
-40,823
-40,824
-40,825
-40,826
-40,827
-40,828
-40,829
-40,830
-40,831
-40,832
-40,833
-40,834
-40,835
-40,836
-40,837
-40,838
-40,839
-40,840
-40,841
-40,842
-40,843
-40,844
-40,845
-40,846
-40,847
-40,848
-40,849
-40,850
-40,851
-40,852
-40,853
-40,854
-40,855
-40,856
-40,857
-40,858
-40,859
-40,860
-40,861
-40,862
-40,863
-40,864
-40,865
-40,866
-40,867
-40,868
-40,869
-40,870
-40,871
-40,872
-40,873
-40,874
-40,875
-40,876
-40,877
-40,878
-40,879
-40,880
-40,881
-40,882
-40,883
-40,884
-40,885
-40,886
-40,887
-40,888
-40,889
-40,890
-40,891
-40,892
-40,893
-40,894
-40,895
-40,896
-40,897
-40,898
-40,899
-40,900
-40,901
-40,902
-40,903
-40,904
-40,905
-40,906
-40,907
-40,908
-40,909
-40,910
-40,911
-40,912
-40,913
-40,914
-40,915
-40,916
-40,917
-40,918
-40,919
-40,920
-40,921
-40,922
-40,923
-40,924
-40,925
-40,926
-40,927
-40,928
-40,929
-40,930
-40,931
-40,932
-40,933
-40,934
-40,935
-40,936
-40,937
-40,938
-40,939
-40,940
-40,941
-40,942
-40,943
-40,944
-40,945
-40,946
-40,947
-40,948
-40,949
-40,950
-40,951
-40,952
-40,953
-40,954
-40,955
-40,956
-40,957
-40,958
-40,959
-40,960
-40,961
-40,962
-40,963
-40,964
-40,965
-40,966
-40,967
-40,968
-40,969
-40,970
-40,971
-40,972
-40,973
-40,974
-40,975
-40,976
-40,977
-40,978
-40,979
-40,980
-40,981
-40,982
-40,983
-40,984
-40,985
-40,986
-40,987
-40,988
-40,989
-40,990
-40,991
-40,992
-40,993
-40,994
-40,995
-40,996
-40,997
-40,998
-40,999
-40,1000
-40,1001
-40,1002
-40,1003
-40,1004
-40,1005
-40,1006
-40,1007
-40,1008
-40,1009
-40,1010
-40,1011
-40,1012
-40,1013
-40,1014
-40,1015
-40,1016
-40,1017
-40,1018
-40,1019
-40,1020
-40,1021
-40,1022
-40,1023
-40,1024
-40,1025
-40,1026
-40,1027
-40,1028
-40,1029
-40,1030
-40,1031
-40,1032
-40,1033
-40,1034
-40,1035
-40,1036
-40,1037
-40,1038
-40,1039
-40,1040
-40,1041
-40,1042
-40,1043
-40,1044
-40,1045
-40,1046
-40,1047
-40,1048
-40,1049
-40,1050
-40,1051
-40,1052
-40,1053
-40,1054
-40,1055
-40,1056
-40,1057
-40,1058
-40,1059
-40,1060
-40,1061
-40,1062
-40,1063
-40,1064
-40,1065
-40,1066
-40,1067
-40,1068
-40,1069
-40,1070
-40,1071
-40,1072
-40,1073
-40,1074
-40,1075
-40,1076
-40,1077
-40,1078
-40,1079
-40,1080
-40,1081
-40,1082
-40,1083
-40,1084
-40,1085
-40,1086
-40,1087
-40,1088
-40,1089
-40,1090
-40,1091
-40,1092
-40,1093
-40,1094
-40,1095
-40,1096
-40,1097
-40,1098
-40,1099
-40,1100
-40,1101
-40,1102
-40,1103
-40,1104
-40,1105
-40,1106
-40,1107
-40,1108
-40,1109
-40,1110
-40,1111
-40,1112
-40,1113
-40,1114
-40,1115
-40,1116
-40,1117
-40,1118
-40,1119
-40,1120
-40,1121
-40,1122
-40,1123
-40,1124
-40,1125
-40,1126
-40,1127
-40,1128
-40,1129
-40,1130
-40,1131
-40,1132
-40,1133
-40,1134
-40,1135
-40,1136
-40,1137
-40,1138
-40,1139
-40,1140
-40,1141
:48_4,1142
:48_4,1143
:48_4,1144
:48_4,1145
41,1146
41,1147
41,1148
41,1149
41,1150
41,1151
41,1152
41,1153
41,1154
41,1155
41,1156
41,1157
41,1158
41,1159
41,1160
41,1161
41,1162
41,1163
41,1164
41,1165
41,1166
41,1167
41,1168
41,1169
41,1170
41,1171
41,1172
41,1173
41,1174
41,1175
41,1176
41,1177
41,1178
41,1179
41,1180
41,1181
41,1182
41,1183
41,1184
41,1185
41,1186
41,1187
41,1188
41,1189
41,1190
41,1191
41,1192
41,1193
41,1194
41,1195
41,1196
41,1197
41,1198
41,1199
41,1200
41,1201
41,1202
41,1203
41,1204
41,1205
41,1206
41,1207
41,1208
41,1209
41,1210
41,1211
41,1212
41,1213
41,1214
41,1215
41,1216
41,1217
41,1218
41,1219
41,1220
41,1221
41,1222
41,1223
41,1224
41,1225
41,1226
41,1227
41,1228
41,1229
41,1230
41,1231
41,1232
41,1233
41,1234
41,1235
41,1236
41,1237
41,1238
41,1239
41,1240
41,1241
41,1242
41,1243
41,1244
41,1245
41,1246
41,1247
41,1248
41,1249
41,1250
41,1251
41,1252
41,1253
41,1254
41,1255
41,1256
41,1257
41,1258
41,1259
41,1260
41,1261
41,1262
41,1263
41,1264
41,1265
41,1266
41,1267
41,1268
41,1269
41,1270
41,1271
41,1272
41,1273
41,1274
41,1275
41,1276
41,1277
41,1278
41,1279
41,1280
41,1281
41,1282
41,1283
41,1284
41,1285
41,1286
41,1287
41,1288
41,1289
41,1290
41,1291
41,1292
41,1293
41,1294
41,1295
41,1296
41,1297
41,1298
41,1299
41,1300
41,1301
41,1302
41,1303
41,1304
41,1305
41,1306
41,1307
41,1308
41,1309
41,1310
41,1311
41,1312
41,1313
41,1314
41,1315
41,1316
41,1317
41,1318
41,1319
41,1320
41,1321
41,1322
41,1323
41,1324
41,1325
41,1326
41,1327
41,1328
41,1329
41,1330
41,1331
41,1332
41,1333
41,1334
41,1335
41,1336
41,1337
41,1338
41,1339
41,1340
41,1341
41,1342
41,1343
41,1344
41,1345
41,1346
41,1347
41,1348
41,1349
41,1350
41,1351
41,1352
41,1353
41,1354
41,1355
41,1356
41,1357
41,1358
41,1359
41,1360
41,1361
41,1362
41,1363
41,1364
41,1365
41,1366
41,1367
41,1368
41,1369
41,1370
41,1371
41,1372
41,1373
41,1374
41,1375
41,1376
41,1377
41,1378
41,1379
41,1380
41,1381
41,1382
41,1383
41,1384
41,1385
41,1386
41,1387
41,1388
41,1389
41,1390
41,1391
41,1392
41,1393
41,1394
41,1395
41,1396
41,1397
41,1398
41,1399
41,1400
41,1401
41,1402
41,1403
41,1404
41,1405
41,1406
41,1407
41,1408
41,1409
41,1410
41,1411
41,1412
41,1413
41,1414
41,1415
41,1416
41,1417
41,1418
41,1419
41,1420
41,1421
41,1422
41,1423
41,1424
41,1425
41,1426
41,1427
41,1428
41,1429
41,1430
41,1431
41,1432
41,1433
41,1434
41,1435
41,1436
41,1437
41,1438
41,1439
41,1440
41,1441
41,1442
41,1443
41,1444
41,1445
41,1446
41,1447
41,1448
41,1449
41,1450
41,1451
41,1452
41,1453
41,1454
41,1455
41,1456
41,1457
41,1458
41,1459
41,1460
41,1461
41,1462
41,1463
41,1464
41,1465
41,1466
41,1467
41,1468
41,1469
41,1470
41,1471
41,1472
41,1473
41,1474
41,1475
41,1476
41,1477
41,1478
41,1479
41,1480
41,1481
41,1482
41,1483
41,1484
41,1485
41,1486
41,1487
41,1488
41,1489
41,1490
41,1491
41,1492
41,1493
41,1494
41,1495
41,1496
41,1497
41,1498
41,1499
41,1500
41,1501
41,1502
41,1503
41,1504
41,1505
41,1506
41,1507
41,1508
41,1509
41,1510
41,1511
41,1512
41,1513
41,1514
41,1515
41,1516
41,1517
41,1518
41,1519
41,1520
41,1521
41,1522
41,1523
41,1524
41,1525
41,1526
41,1527
41,1528
41,1529
41,1530
41,1531
41,1532
41,1533
41,1534
41,1535
41,1536
41,1537
41,1538
41,1539
41,1540
41,1541
41,1542
41,1543
41,1544
41,1545
41,1546
41,1547
41,1548
41,1549
41,1550
41,1551
41,1552
41,1553
41,1554
41,1555
41,1556
41,1557
41,1558
41,1559
41,1560
41,1561
41,1562
41,1563
41,1564
41,1565
41,1566
41,1567
41,1568
41,1569
41,1570
41,1571
41,1572
41,1573
41,1574
41,1575
41,1576
41,1577
41,1578
41,1579
41,1580
41,1581
41,1582
41,1583
41,1584
41,1585
41,1586
41,1587
41,1588
41,1589
41,1590
41,1591
41,1592
41,1593
41,1594
41,1595
41,1596
41,1597
41,1598
41,1599
41,1600
41,1601
41,1602
41,1603
41,1604
41,1605
41,1606
41,1607
41,1608
41,1609
41,1610
41,1611
41,1612
41,1613
41,1614
41,1615
41,1616
41,1617
41,1618
41,1619
41,1620
41,1621
41,1622
41,1623
41,1624
41,1625
41,1626
41,1627
41,1628
41,1629
41,1630
41,1631
:6_5,1632
:6_5,1633
:6_5,1634
:6_5,1635
:6_5,1636
:6_5,1637
5,1638
5,1639
5,1640
5,1641
5,1642
5,1643
5,1644
5,1645
5,1646
5,1647
5,1648
5,1649
5,1650
5,1651
5,1652
5,1653
5,1654
5,1655
5,1656
5,1657
5,1658
5,1659
5,1660
5,1661
5,1662
5,1663
5,1664
5,1665
5,1666
5,1667
5,1668
5,1669
5,1670
5,1671
5,1672
5,1673
5,1674
5,1675
5,1676
5,1677
5,1678
5,1679
5,1680
5,1681
5,1682
5,1683
5,1684
5,1685
5,1686
5,1687
5,1688
5,1689
5,1690
5,1691
5,1692
5,1693
5,1694
5,1695
5,1696
5,1697
5,1698
5,1699
5,1700
5,1701
5,1702
5,1703
5,1704
5,1705
5,1706
5,1707
5,1708
5,1709
5,1710
5,1711
5,1712
