-587,1
-587,2
-587,3
-587,4
-587,5
-587,6
-587,7
-587,8
-587,9
-587,10
-587,11
-587,12
-587,13
-587,14
-587,15
-587,16
-587,17
-587,18
-587,19
-587,20
-587,21
-587,22
-587,23
-587,24
-587,25
-587,26
-587,27
-587,28
-587,29
-587,30
-587,31
-587,32
-587,33
-587,34
-587,35
-587,36
-587,37
-587,38
-587,39
-587,40
-587,41
-587,42
-587,43
-587,44
-587,45
-587,46
-587,47
-587,48
-587,49
-587,50
-587,51
-587,52
-587,53
-587,54
-587,55
-587,56
-587,57
-587,58
-587,59
-587,60
-587,61
-587,62
-587,63
-587,64
-587,65
-587,66
-587,67
-587,68
-587,69
-587,70
-587,71
-587,72
-587,73
-587,74
-587,75
-587,76
-587,77
-587,78
-587,79
-587,80
:376_1,81
:376_1,82
:376_1,83
:376_1,84
:376_1,85
-432,86
-432,87
-432,88
-432,89
-432,90
-432,91
-432,92
-432,93
-432,94
-432,95
-432,96
-432,97
-432,98
-432,99
-432,100
-432,101
-432,102
-432,103
-432,104
-432,105
-432,106
-432,107
-432,108
-432,109
-432,110
-432,111
-432,112
-432,113
-432,114
-432,115
-432,116
-432,117
-432,118
-432,119
-432,120
-432,121
-432,122
-432,123
-432,124
-432,125
-432,126
-432,127
-432,128
-432,129
-432,130
-432,131
-432,132
-432,133
-432,134
-432,135
-432,136
-432,137
-432,138
-432,139
-432,140
-432,141
-432,142
-432,143
-432,144
-432,145
-432,146
-432,147
-432,148
-432,149
-432,150
-432,151
-432,152
-432,153
-432,154
-432,155
-432,156
-432,157
:121_1,158
:121_1,159
:121_1,160
:121_1,161
:121_1,162
:121_1,163
-105,164
-105,165
-105,166
-105,167
-105,168
-105,169
-105,170
-105,171
-105,172
-105,173
-105,174
-105,175
-105,176
-105,177
-105,178
-105,179
-105,180
-105,181
-105,182
-105,183
-105,184
-105,185
-105,186
-105,187
-105,188
-105,189
-105,190
-105,191
-105,192
-105,193
-105,194
-105,195
-105,196
-105,197
-105,198
-105,199
-105,200
-105,201
-105,202
-105,203
-105,204
-105,205
-105,206
-105,207
-105,208
-105,209
-105,210
-105,211
-105,212
-105,213
-105,214
-105,215
-105,216
-105,217
-105,218
-105,219
-105,220
-105,221
-105,222
-105,223
-105,224
-105,225
-105,226
-105,227
-105,228
-105,229
-105,230
-105,231
-105,232
-105,233
-105,234
-105,235
-105,236
-105,237
-105,238
-105,239
-105,240
-105,241
-105,242
:119_13,243
:119_13,244
:119_13,245
:119_13,246
:119_13,247
:119_13,248
106,249
106,250
106,251
106,252
106,253
106,254
106,255
106,256
106,257
106,258
106,259
106,260
106,261
106,262
106,263
106,264
106,265
106,266
106,267
106,268
106,269
106,270
106,271
106,272
106,273
106,274
106,275
106,276
106,277
106,278
106,279
106,280
106,281
106,282
106,283
106,284
106,285
106,286
106,287
106,288
106,289
106,290
106,291
106,292
106,293
106,294
106,295
106,296
106,297
106,298
106,299
106,300
106,301
106,302
106,303
106,304
106,305
106,306
106,307
106,308
106,309
106,310
106,311
106,312
106,313
106,314
106,315
106,316
106,317
106,318
:122_12,319
:122_12,320
:122_12,321
294,322
294,323
294,324
294,325
294,326
294,327
294,328
294,329
294,330
294,331
294,332
294,333
294,334
294,335
294,336
294,337
294,338
294,339
294,340
294,341
294,342
294,343
294,344
294,345
294,346
294,347
294,348
294,349
294,350
294,351
294,352
294,353
294,354
294,355
294,356
294,357
294,358
294,359
294,360
294,361
294,362
294,363
294,364
294,365
294,366
294,367
294,368
294,369
294,370
294,371
294,372
294,373
294,374
294,375
294,376
294,377
294,378
294,379
294,380
294,381
294,382
294,383
294,384
294,385
294,386
294,387
294,388
294,389
294,390
294,391
294,392
294,393
294,394
294,395
294,396
294,397
294,398
294,399
294,400
294,401
294,402
294,403
294,404
294,405
294,406
294,407
294,408
294,409
-596,410
-596,411
-596,412
-596,413
-596,414
-596,415
-596,416
-596,417
-596,418
-596,419
-596,420
-596,421
-596,422
-596,423
-596,424
-596,425
-596,426
-596,427
-596,428
-596,429
-596,430
-596,431
-596,432
-596,433
-596,434
-596,435
-596,436
-596,437
-596,438
-596,439
-596,440
-596,441
-596,442
-596,443
-596,444
-596,445
-596,446
-596,447
-596,448
-596,449
-596,450
-596,451
-596,452
-596,453
-596,454
-596,455
-596,456
-596,457
-596,458
-596,459
-596,460
-596,461
-596,462
-596,463
-596,464
-596,465
-596,466
-596,467
-596,468
-596,469
-596,470
-596,471
-596,472
-596,473
-596,474
-596,475
-596,476
-596,477
-596,478
-596,479
-596,480
-596,481
-596,482
-596,483
-596,484
-596,485
-596,486
-596,487
-596,488
-596,489
-596,490
-596,491
-596,492
-596,493
-596,494
:444_0,495
:444_0,496
:444_0,497
:444_0,498
:444_0,499
-549,500
-549,501
-549,502
-549,503
-549,504
-549,505
-549,506
-549,507
-549,508
-549,509
-549,510
-549,511
-549,512
-549,513
-549,514
-549,515
-549,516
-549,517
-549,518
-549,519
-549,520
-549,521
-549,522
-549,523
-549,524
-549,525
-549,526
-549,527
-549,528
-549,529
-549,530
-549,531
-549,532
-549,533
-549,534
-549,535
-549,536
-549,537
-549,538
-549,539
-549,540
-549,541
-549,542
-549,543
-549,544
-549,545
-549,546
-549,547
-549,548
-549,549
-549,550
-549,551
-549,552
-549,553
-549,554
-549,555
-549,556
-549,557
-549,558
-549,559
-549,560
-549,561
-549,562
-549,563
-549,564
-549,565
-549,566
-549,567
-549,568
-549,569
-549,570
-549,571
-549,572
-549,573
-549,574
-549,575
-549,576
-549,577
-549,578
-549,579
-549,580
-549,581
-549,582
-549,583
-549,584
-549,585
-549,586
-549,587
-549,588
-549,589
-549,590
:332_5,591
:332_5,592
:332_5,593
:332_5,594
:332_5,595
:332_5,596
-356,597
-356,598
-356,599
-356,600
-356,601
-356,602
-356,603
-356,604
-356,605
-356,606
-356,607
-356,608
-356,609
-356,610
-356,611
-356,612
-356,613
-356,614
-356,615
-356,616
-356,617
-356,618
-356,619
-356,620
-356,621
-356,622
-356,623
-356,624
-356,625
-356,626
-356,627
-356,628
-356,629
-356,630
-356,631
-356,632
-356,633
-356,634
-356,635
-356,636
-356,637
-356,638
-356,639
-356,640
-356,641
-356,642
-356,643
-356,644
-356,645
-356,646
-356,647
-356,648
-356,649
-356,650
-356,651
-356,652
-356,653
-356,654
-356,655
-356,656
-356,657
-356,658
-356,659
-356,660
-356,661
-356,662
-356,663
-356,664
-356,665
-356,666
-356,667
-356,668
-356,669
-356,670
-356,671
-356,672
-356,673
-356,674
-356,675
-356,676
-356,677
-356,678
-356,679
-356,680
-356,681
-356,682
-356,683
:145_0,684
:145_0,685
:145_0,686
-131,687
-131,688
-131,689
-131,690
-131,691
-131,692
-131,693
-131,694
-131,695
-131,696
-131,697
-131,698
-131,699
-131,700
-131,701
-131,702
-131,703
-131,704
-131,705
-131,706
-131,707
-131,708
-131,709
-131,710
-131,711
-131,712
-131,713
-131,714
-131,715
-131,716
-131,717
-131,718
-131,719
-131,720
-131,721
-131,722
-131,723
-131,724
-131,725
-131,726
-131,727
-131,728
-131,729
-131,730
-131,731
-131,732
-131,733
-131,734
-131,735
-131,736
-131,737
-131,738
-131,739
-131,740
-131,741
-131,742
-131,743
-131,744
-131,745
-131,746
-131,747
-131,748
-131,749
-131,750
-131,751
-131,752
-131,753
-131,754
-131,755
-131,756
-131,757
-131,758
-131,759
-131,760
-131,761
-131,762
-131,763
-131,764
-131,765
-131,766
-131,767
-131,768
-131,769
-131,770
-131,771
-131,772
-131,773
-131,774
-131,775
-131,776
-131,777
-131,778
-131,779
-131,780
-131,781
-131,782
-131,783
:86_3,784
:86_3,785
:86_3,786
-73,787
-73,788
-73,789
-73,790
-73,791
-73,792
-73,793
-73,794
-73,795
-73,796
-73,797
-73,798
-73,799
-73,800
-73,801
-73,802
-73,803
-73,804
-73,805
-73,806
-73,807
-73,808
-73,809
-73,810
-73,811
-73,812
-73,813
-73,814
-73,815
-73,816
-73,817
-73,818
-73,819
-73,820
-73,821
-73,822
-73,823
-73,824
-73,825
-73,826
-73,827
-73,828
-73,829
-73,830
-73,831
-73,832
-73,833
-73,834
-73,835
-73,836
-73,837
-73,838
-73,839
-73,840
-73,841
-73,842
-73,843
-73,844
-73,845
-73,846
-73,847
-73,848
-73,849
-73,850
-73,851
-73,852
-73,853
-73,854
-73,855
-73,856
-73,857
-73,858
-73,859
-73,860
-73,861
-73,862
-73,863
-73,864
-73,865
-73,866
-73,867
-73,868
-73,869
-73,870
-73,871
-73,872
-73,873
-73,874
-73,875
-73,876
-73,877
-73,878
-73,879
-73,880
:85_9,881
:85_9,882
:85_9,883
:85_9,884
:85_9,885
75,886
75,887
75,888
75,889
75,890
75,891
75,892
75,893
75,894
75,895
75,896
75,897
75,898
75,899
75,900
75,901
75,902
75,903
75,904
75,905
75,906
75,907
75,908
75,909
75,910
75,911
75,912
75,913
75,914
75,915
75,916
75,917
75,918
75,919
75,920
75,921
75,922
75,923
75,924
75,925
75,926
75,927
75,928
75,929
75,930
75,931
75,932
75,933
75,934
75,935
75,936
75,937
75,938
75,939
75,940
75,941
75,942
75,943
75,944
75,945
75,946
75,947
75,948
75,949
75,950
75,951
75,952
75,953
75,954
75,955
75,956
75,957
75,958
75,959
75,960
75,961
75,962
75,963
75,964
75,965
75,966
75,967
75,968
75,969
75,970
75,971
75,972
75,973
75,974
75,975
75,976
75,977
75,978
75,979
75,980
75,981
75,982
75,983
75,984
75,985
75,986
75,987
75,988
75,989
75,990
75,991
75,992
75,993
75,994
75,995
75,996
75,997
75,998
75,999
75,1000
75,1001
75,1002
75,1003
75,1004
75,1005
75,1006
75,1007
75,1008
75,1009
75,1010
75,1011
75,1012
75,1013
75,1014
75,1015
75,1016
75,1017
75,1018
75,1019
75,1020
75,1021
75,1022
75,1023
75,1024
75,1025
75,1026
75,1027
75,1028
75,1029
75,1030
75,1031
75,1032
:87_3,1033
:87_3,1034
:87_3,1035
:87_3,1036
:87_3,1037
-104,1038
-104,1039
-104,1040
-104,1041
-104,1042
-104,1043
-104,1044
-104,1045
-104,1046
-104,1047
-104,1048
-104,1049
-104,1050
-104,1051
-104,1052
-104,1053
-104,1054
-104,1055
-104,1056
-104,1057
-104,1058
-104,1059
-104,1060
-104,1061
-104,1062
-104,1063
-104,1064
-104,1065
-104,1066
-104,1067
-104,1068
-104,1069
-104,1070
-104,1071
-104,1072
-104,1073
-104,1074
-104,1075
-104,1076
-104,1077
-104,1078
-104,1079
-104,1080
-104,1081
-104,1082
-104,1083
-104,1084
-104,1085
-104,1086
-104,1087
-104,1088
-104,1089
-104,1090
-104,1091
-104,1092
-104,1093
-104,1094
-104,1095
-104,1096
-104,1097
-104,1098
-104,1099
-104,1100
-104,1101
-104,1102
-104,1103
-104,1104
-104,1105
-104,1106
-104,1107
-104,1108
-104,1109
-104,1110
-104,1111
-104,1112
-104,1113
-104,1114
-104,1115
-104,1116
-104,1117
-104,1118
-104,1119
-104,1120
-104,1121
-104,1122
-104,1123
-104,1124
-104,1125
-104,1126
-104,1127
-104,1128
-104,1129
-104,1130
-104,1131
-104,1132
-104,1133
-104,1134
-104,1135
-104,1136
-104,1137
-104,1138
-104,1139
-104,1140
-104,1141
-104,1142
-104,1143
-104,1144
-104,1145
-104,1146
-104,1147
-104,1148
-104,1149
:119_10,1150
:119_10,1151
:119_18,1152
:119_18,1153
:119_18,1154
:119_18,1155
105,1156
105,1157
105,1158
105,1159
105,1160
105,1161
105,1162
105,1163
105,1164
105,1165
105,1166
105,1167
105,1168
105,1169
105,1170
105,1171
105,1172
105,1173
105,1174
105,1175
105,1176
105,1177
105,1178
105,1179
105,1180
105,1181
105,1182
105,1183
105,1184
105,1185
105,1186
105,1187
105,1188
105,1189
105,1190
105,1191
105,1192
105,1193
105,1194
105,1195
105,1196
105,1197
105,1198
105,1199
105,1200
105,1201
105,1202
105,1203
105,1204
105,1205
105,1206
105,1207
105,1208
105,1209
105,1210
105,1211
105,1212
105,1213
105,1214
105,1215
105,1216
105,1217
105,1218
105,1219
105,1220
105,1221
105,1222
105,1223
105,1224
105,1225
105,1226
105,1227
105,1228
105,1229
105,1230
105,1231
105,1232
105,1233
105,1234
