-47,1
-47,2
-47,3
-47,4
-47,5
-47,6
-47,7
-47,8
-47,9
-47,10
-47,11
-47,12
-47,13
-47,14
-47,15
-47,16
-47,17
-47,18
-47,19
-47,20
-47,21
-47,22
-47,23
-47,24
-47,25
-47,26
-47,27
-47,28
-47,29
-47,30
-47,31
-47,32
-47,33
-47,34
-47,35
-47,36
-47,37
-47,38
-47,39
-47,40
-47,41
-47,42
-47,43
-47,44
-47,45
-47,46
-47,47
-47,48
-47,49
-47,50
-47,51
-47,52
-47,53
-47,54
-47,55
-47,56
-47,57
-47,58
-47,59
-47,60
-47,61
-47,62
-47,63
-47,64
-47,65
-47,66
-47,67
-47,68
-47,69
-47,70
-47,71
-47,72
-47,73
-47,74
-47,75
-47,76
-47,77
-47,78
-47,79
-47,80
-47,81
-47,82
-47,83
-47,84
-47,85
-47,86
-47,87
-47,88
-47,89
-47,90
-47,91
:52_5,92
:52_5,93
:52_5,94
:52_5,95
:52_5,96
:52_5,97
:52_5,98
46,99
46,100
46,101
46,102
46,103
46,104
46,105
46,106
46,107
46,108
46,109
46,110
46,111
46,112
46,113
46,114
46,115
46,116
46,117
46,118
46,119
46,120
46,121
46,122
46,123
46,124
46,125
46,126
46,127
46,128
46,129
46,130
46,131
46,132
46,133
46,134
46,135
46,136
46,137
46,138
46,139
46,140
46,141
46,142
46,143
46,144
46,145
46,146
46,147
46,148
46,149
46,150
46,151
46,152
46,153
46,154
46,155
46,156
46,157
46,158
46,159
46,160
46,161
46,162
46,163
46,164
46,165
46,166
46,167
46,168
46,169
46,170
46,171
46,172
46,173
46,174
46,175
46,176
46,177
46,178
46,179
46,180
46,181
46,182
46,183
46,184
46,185
46,186
46,187
46,188
46,189
46,190
46,191
46,192
46,193
46,194
46,195
46,196
46,197
46,198
46,199
46,200
46,201
46,202
46,203
46,204
46,205
46,206
46,207
46,208
46,209
46,210
46,211
46,212
46,213
46,214
46,215
46,216
46,217
46,218
46,219
46,220
46,221
46,222
:54_3,223
:54_3,224
:54_3,225
:54_3,226
309,227
309,228
309,229
309,230
309,231
309,232
309,233
309,234
309,235
309,236
309,237
309,238
309,239
309,240
309,241
309,242
309,243
309,244
309,245
309,246
309,247
309,248
309,249
309,250
309,251
309,252
309,253
309,254
309,255
309,256
309,257
309,258
309,259
309,260
309,261
309,262
309,263
309,264
309,265
309,266
309,267
309,268
:294_3,269
:294_3,270
:294_3,271
:294_3,272
:294_3,273
:294_3,274
-677,275
-677,276
-677,277
-677,278
-677,279
-677,280
-677,281
-677,282
-677,283
-677,284
-677,285
-677,286
-677,287
-677,288
-677,289
-677,290
-677,291
-677,292
-677,293
-677,294
-677,295
-677,296
-677,297
-677,298
-677,299
-677,300
-677,301
-677,302
-677,303
-677,304
-677,305
-677,306
-677,307
-677,308
:292_6,309
:292_6,310
:292_6,311
:292_6,312
:292_6,313
:292_6,314
-306,315
-306,316
-306,317
-306,318
-306,319
-306,320
-306,321
-306,322
-306,323
-306,324
-306,325
-306,326
-306,327
-306,328
-306,329
-306,330
-306,331
-306,332
-306,333
-306,334
-306,335
-306,336
-306,337
-306,338
-306,339
-306,340
-306,341
-306,342
-306,343
-306,344
-306,345
-306,346
-306,347
-306,348
-306,349
-306,350
-306,351
-306,352
-306,353
-306,354
-306,355
-306,356
-306,357
-306,358
-306,359
-306,360
-306,361
-306,362
-306,363
-306,364
-306,365
-306,366
-306,367
-306,368
-306,369
-306,370
-306,371
-306,372
-306,373
-306,374
-306,375
-306,376
-306,377
-306,378
-306,379
-306,380
-306,381
-306,382
-306,383
-306,384
-306,385
-306,386
-306,387
-306,388
-306,389
-306,390
-306,391
-306,392
-306,393
-306,394
-306,395
-306,396
-306,397
-306,398
-306,399
-306,400
-306,401
-306,402
-306,403
-306,404
-306,405
-306,406
-306,407
-306,408
-306,409
-306,410
-306,411
-306,412
-306,413
-306,414
-306,415
-306,416
-306,417
-306,418
-306,419
-306,420
-306,421
-306,422
-306,423
-306,424
-306,425
-306,426
-306,427
-306,428
-306,429
-306,430
:235_9,431
:235_9,432
:235_9,433
:235_9,434
:235_9,435
:235_9,436
-231,437
-231,438
-231,439
-231,440
-231,441
-231,442
-231,443
-231,444
-231,445
-231,446
-231,447
-231,448
-231,449
-231,450
-231,451
-231,452
-231,453
-231,454
-231,455
-231,456
-231,457
-231,458
-231,459
-231,460
-231,461
-231,462
-231,463
-231,464
-231,465
-231,466
-231,467
-231,468
-231,469
-231,470
-231,471
-231,472
-231,473
-231,474
-231,475
-231,476
-231,477
-231,478
-231,479
-231,480
-231,481
-231,482
-231,483
-231,484
-231,485
-231,486
-231,487
-231,488
-231,489
-231,490
-231,491
-231,492
-231,493
-231,494
-231,495
-231,496
-231,497
-231,498
-231,499
-231,500
-231,501
-231,502
-231,503
-231,504
-231,505
-231,506
-231,507
-231,508
-231,509
-231,510
-231,511
-231,512
-231,513
-231,514
-231,515
-231,516
-231,517
-231,518
-231,519
-231,520
-231,521
-231,522
-231,523
-231,524
-231,525
-231,526
-231,527
-231,528
-231,529
-231,530
-231,531
-231,532
-231,533
-231,534
-231,535
-231,536
-231,537
-231,538
-231,539
-231,540
-231,541
-231,542
-231,543
-231,544
-231,545
-231,546
-231,547
-231,548
-231,549
-231,550
-231,551
-231,552
-231,553
-231,554
-231,555
-231,556
-231,557
-231,558
-231,559
-231,560
-231,561
-231,562
-231,563
-231,564
-231,565
-231,566
-231,567
-231,568
-231,569
-231,570
-231,571
-231,572
-231,573
-231,574
-231,575
-231,576
-231,577
-231,578
-231,579
-231,580
-231,581
-231,582
-231,583
-231,584
-231,585
-231,586
-231,587
-231,588
-231,589
-231,590
-231,591
-231,592
-231,593
-231,594
-231,595
-231,596
-231,597
-231,598
-231,599
-231,600
-231,601
-231,602
-231,603
-231,604
-231,605
-231,606
-231,607
-231,608
-231,609
-231,610
-231,611
-231,612
-231,613
-231,614
-231,615
-231,616
-231,617
-231,618
-231,619
-231,620
-231,621
-231,622
-231,623
-231,624
-231,625
:113_10,626
:113_10,627
:113_10,628
:113_10,629
:113_10,630
:113_10,631
230,632
230,633
230,634
230,635
230,636
230,637
230,638
230,639
230,640
230,641
230,642
230,643
230,644
230,645
230,646
230,647
230,648
230,649
230,650
230,651
230,652
230,653
230,654
230,655
230,656
230,657
230,658
230,659
230,660
230,661
230,662
230,663
230,664
230,665
230,666
230,667
230,668
230,669
230,670
230,671
230,672
230,673
230,674
230,675
230,676
230,677
230,678
230,679
230,680
230,681
230,682
230,683
230,684
230,685
230,686
230,687
230,688
230,689
230,690
230,691
230,692
230,693
230,694
230,695
230,696
230,697
:234_7,698
:234_7,699
:234_7,700
:234_7,701
:234_7,702
:234_7,703
-361,704
-361,705
-361,706
-361,707
-361,708
-361,709
-361,710
-361,711
-361,712
-361,713
-361,714
-361,715
-361,716
-361,717
-361,718
-361,719
-361,720
-361,721
-361,722
-361,723
-361,724
-361,725
-361,726
-361,727
-361,728
-361,729
-361,730
-361,731
-361,732
-361,733
-361,734
-361,735
-361,736
-361,737
-361,738
-361,739
-361,740
-361,741
-361,742
-361,743
-361,744
-361,745
-361,746
-361,747
-361,748
-361,749
-361,750
-361,751
-361,752
-361,753
-361,754
-361,755
-361,756
-361,757
-361,758
-361,759
-361,760
-361,761
-361,762
-361,763
-361,764
-361,765
-361,766
-361,767
-361,768
-361,769
-361,770
-361,771
-361,772
-361,773
:333_0,774
:333_0,775
:333_0,776
:333_0,777
:333_0,778
:333_0,779
360,780
360,781
360,782
360,783
360,784
360,785
360,786
360,787
360,788
360,789
360,790
360,791
360,792
360,793
360,794
360,795
360,796
360,797
360,798
360,799
360,800
360,801
360,802
360,803
360,804
360,805
360,806
360,807
360,808
360,809
360,810
360,811
360,812
360,813
360,814
360,815
360,816
360,817
360,818
360,819
360,820
360,821
360,822
360,823
360,824
360,825
360,826
360,827
360,828
360,829
360,830
360,831
360,832
360,833
360,834
360,835
360,836
360,837
360,838
360,839
360,840
360,841
360,842
360,843
360,844
360,845
360,846
360,847
360,848
360,849
360,850
-101,851
-101,852
-101,853
-101,854
-101,855
-101,856
-101,857
-101,858
-101,859
-101,860
-101,861
-101,862
-101,863
-101,864
-101,865
-101,866
-101,867
-101,868
-101,869
-101,870
-101,871
-101,872
-101,873
-101,874
-101,875
-101,876
-101,877
-101,878
-101,879
-101,880
-101,881
-101,882
-101,883
-101,884
-101,885
-101,886
-101,887
-101,888
-101,889
-101,890
-101,891
-101,892
-101,893
-101,894
-101,895
-101,896
-101,897
-101,898
-101,899
-101,900
-101,901
-101,902
-101,903
-101,904
-101,905
-101,906
-101,907
-101,908
-101,909
-101,910
-101,911
-101,912
-101,913
-101,914
-101,915
-101,916
-101,917
-101,918
-101,919
-101,920
-101,921
-101,922
-101,923
-101,924
-101,925
-101,926
-101,927
-101,928
-101,929
-101,930
-101,931
-101,932
-101,933
-101,934
-101,935
-101,936
-101,937
-101,938
-101,939
-101,940
-101,941
-101,942
-101,943
-101,944
-101,945
-101,946
-101,947
-101,948
-101,949
-101,950
-101,951
-101,952
-101,953
-101,954
-101,955
-101,956
-101,957
-101,958
-101,959
-101,960
-101,961
-101,962
-101,963
-101,964
-101,965
-101,966
-101,967
-101,968
-101,969
-101,970
-101,971
-101,972
-101,973
-101,974
-101,975
-101,976
-101,977
-101,978
-101,979
-101,980
-101,981
-101,982
-101,983
-101,984
-101,985
-101,986
-101,987
-101,988
-101,989
-101,990
-101,991
-101,992
-101,993
-101,994
-101,995
-101,996
-101,997
-101,998
-101,999
-101,1000
-101,1001
-101,1002
-101,1003
-101,1004
-101,1005
-101,1006
-101,1007
-101,1008
-101,1009
-101,1010
-101,1011
-101,1012
-101,1013
-101,1014
-101,1015
-101,1016
-101,1017
