638,1
638,2
638,3
638,4
638,5
638,6
638,7
638,8
638,9
638,10
638,11
638,12
638,13
638,14
638,15
638,16
638,17
638,18
638,19
638,20
638,21
638,22
638,23
638,24
638,25
638,26
638,27
638,28
638,29
638,30
638,31
638,32
638,33
638,34
638,35
638,36
638,37
638,38
638,39
638,40
638,41
638,42
638,43
638,44
638,45
638,46
638,47
638,48
638,49
638,50
638,51
638,52
638,53
638,54
638,55
638,56
638,57
638,58
638,59
638,60
638,61
638,62
638,63
638,64
638,65
638,66
638,67
638,68
638,69
638,70
638,71
638,72
638,73
638,74
638,75
638,76
638,77
638,78
638,79
638,80
638,81
638,82
638,83
638,84
638,85
638,86
638,87
638,88
638,89
638,90
638,91
638,92
638,93
638,94
638,95
638,96
638,97
638,98
638,99
638,100
638,101
638,102
638,103
638,104
638,105
638,106
638,107
638,108
638,109
638,110
638,111
638,112
638,113
638,114
638,115
638,116
638,117
638,118
638,119
638,120
638,121
638,122
638,123
638,124
638,125
638,126
638,127
638,128
638,129
638,130
638,131
638,132
638,133
638,134
638,135
638,136
638,137
638,138
638,139
638,140
638,141
638,142
638,143
638,144
638,145
638,146
638,147
638,148
638,149
638,150
638,151
638,152
638,153
638,154
638,155
638,156
638,157
638,158
638,159
638,160
638,161
638,162
638,163
638,164
638,165
638,166
638,167
638,168
638,169
638,170
638,171
638,172
638,173
638,174
638,175
638,176
638,177
638,178
638,179
638,180
638,181
638,182
638,183
638,184
638,185
638,186
638,187
638,188
638,189
638,190
638,191
638,192
638,193
638,194
638,195
638,196
638,197
638,198
638,199
638,200
638,201
638,202
638,203
638,204
638,205
638,206
638,207
638,208
638,209
638,210
638,211
638,212
638,213
638,214
638,215
638,216
638,217
638,218
638,219
638,220
638,221
638,222
638,223
638,224
:360_0,225
:360_0,226
:360_0,227
-400,228
-400,229
-400,230
-400,231
-400,232
-400,233
-400,234
-400,235
-400,236
-400,237
-400,238
-400,239
-400,240
-400,241
-400,242
-400,243
-400,244
-400,245
-400,246
-400,247
-400,248
-400,249
-400,250
-400,251
-400,252
-400,253
-400,254
-400,255
-400,256
-400,257
-400,258
-400,259
-400,260
-400,261
-400,262
-400,263
-400,264
-400,265
-400,266
-400,267
-400,268
-400,269
-400,270
-400,271
-400,272
-400,273
-400,274
-400,275
-400,276
-400,277
-400,278
-400,279
-400,280
-400,281
-400,282
-400,283
-400,284
-400,285
-400,286
-400,287
-400,288
:159_3,289
:159_3,290
:159_3,291
-144,292
-144,293
-144,294
-144,295
-144,296
-144,297
-144,298
-144,299
-144,300
-144,301
-144,302
-144,303
-144,304
-144,305
-144,306
-144,307
-144,308
-144,309
-144,310
-144,311
-144,312
-144,313
-144,314
-144,315
-144,316
-144,317
-144,318
-144,319
-144,320
-144,321
-144,322
-144,323
-144,324
-144,325
-144,326
-144,327
-144,328
-144,329
-144,330
-144,331
-144,332
-144,333
-144,334
-144,335
-144,336
-144,337
-144,338
-144,339
-144,340
-144,341
-144,342
-144,343
-144,344
-144,345
-144,346
-144,347
-144,348
-144,349
-144,350
-144,351
-144,352
-144,353
-144,354
-144,355
-144,356
-144,357
-144,358
-144,359
-144,360
-144,361
-144,362
-144,363
-144,364
-144,365
-144,366
-144,367
-144,368
-144,369
-144,370
-144,371
-144,372
-144,373
-144,374
-144,375
-144,376
-144,377
-144,378
-144,379
-144,380
-144,381
-144,382
-144,383
-144,384
-144,385
-144,386
-144,387
-144,388
-144,389
-144,390
-144,391
-144,392
-144,393
-144,394
-144,395
-144,396
-144,397
-144,398
-144,399
-144,400
-144,401
-144,402
-144,403
-144,404
-144,405
-144,406
-144,407
-144,408
-144,409
-144,410
-144,411
-144,412
-144,413
-144,414
-144,415
-144,416
-144,417
-144,418
-144,419
-144,420
-144,421
-144,422
-144,423
-144,424
-144,425
-144,426
-144,427
-144,428
-144,429
-144,430
-144,431
-144,432
-144,433
-144,434
-144,435
-144,436
-144,437
-144,438
-144,439
-144,440
-144,441
-144,442
-144,443
-144,444
-144,445
-144,446
-144,447
-144,448
-144,449
-144,450
-144,451
-144,452
-144,453
-144,454
-144,455
-144,456
-144,457
-144,458
-144,459
-144,460
-144,461
-144,462
-144,463
-144,464
-144,465
-144,466
-144,467
-144,468
-144,469
-144,470
-144,471
-144,472
-144,473
-144,474
-144,475
-144,476
-144,477
-144,478
-144,479
-144,480
-144,481
-144,482
-144,483
-144,484
-144,485
-144,486
-144,487
-144,488
-144,489
-144,490
-144,491
-144,492
-144,493
-144,494
-144,495
-144,496
-144,497
-144,498
-144,499
-144,500
-144,501
-144,502
-144,503
-144,504
-144,505
-144,506
-144,507
-144,508
-144,509
-144,510
-144,511
-144,512
-144,513
-144,514
-144,515
-144,516
-144,517
-144,518
-144,519
-144,520
-144,521
-144,522
-144,523
-144,524
-144,525
-144,526
-144,527
-144,528
-144,529
-144,530
-144,531
-144,532
-144,533
-144,534
-144,535
-144,536
-144,537
-144,538
-144,539
-144,540
-144,541
-144,542
-144,543
-144,544
-144,545
-144,546
-144,547
-144,548
-144,549
-144,550
-144,551
-144,552
-144,553
:135_7,554
:135_7,555
:135_7,556
:135_7,557
:135_7,558
:135_7,559
-118,560
-118,561
-118,562
-118,563
-118,564
-118,565
-118,566
-118,567
-118,568
-118,569
-118,570
-118,571
-118,572
-118,573
-118,574
-118,575
-118,576
-118,577
-118,578
-118,579
-118,580
-118,581
-118,582
-118,583
-118,584
-118,585
-118,586
-118,587
-118,588
-118,589
-118,590
-118,591
-118,592
-118,593
-118,594
-118,595
-118,596
-118,597
-118,598
-118,599
-118,600
-118,601
-118,602
-118,603
-118,604
-118,605
-118,606
-118,607
-118,608
-118,609
-118,610
-118,611
-118,612
-118,613
-118,614
-118,615
-118,616
-118,617
-118,618
-118,619
-118,620
-118,621
-118,622
-118,623
-118,624
-118,625
-118,626
-118,627
-118,628
-118,629
-118,630
-118,631
-118,632
-118,633
-118,634
-118,635
-118,636
-118,637
-118,638
-118,639
-118,640
-118,641
-118,642
-118,643
-118,644
-118,645
-118,646
-118,647
-118,648
-118,649
-118,650
-118,651
-118,652
-118,653
-118,654
-118,655
-118,656
-118,657
-118,658
-118,659
-118,660
-118,661
-118,662
-118,663
-118,664
-118,665
-118,666
-118,667
-118,668
-118,669
-118,670
-118,671
-118,672
-118,673
-118,674
-118,675
-118,676
-118,677
-118,678
-118,679
-118,680
-118,681
-118,682
-118,683
-118,684
-118,685
-118,686
-118,687
-118,688
-118,689
-118,690
-118,691
-118,692
-118,693
-118,694
-118,695
-118,696
-118,697
-118,698
-118,699
-118,700
-118,701
-118,702
-118,703
-118,704
-118,705
-118,706
-118,707
-118,708
-118,709
-118,710
-118,711
-118,712
-118,713
-118,714
-118,715
-118,716
-118,717
-118,718
-118,719
-118,720
-118,721
-118,722
-118,723
-118,724
-118,725
-118,726
-118,727
-118,728
-118,729
-118,730
-118,731
-118,732
-118,733
-118,734
-118,735
-118,736
-118,737
-118,738
-118,739
-118,740
-118,741
-118,742
-118,743
-118,744
-118,745
-118,746
-118,747
-118,748
-118,749
-118,750
-118,751
-118,752
-118,753
-118,754
-118,755
:47_13,756
:47_13,757
:47_13,758
:47_13,759
:47_13,760
-39,761
-39,762
-39,763
-39,764
-39,765
-39,766
-39,767
-39,768
-39,769
-39,770
-39,771
-39,772
-39,773
-39,774
-39,775
-39,776
-39,777
-39,778
-39,779
-39,780
-39,781
-39,782
-39,783
-39,784
-39,785
-39,786
-39,787
-39,788
-39,789
-39,790
-39,791
-39,792
-39,793
-39,794
-39,795
-39,796
-39,797
-39,798
-39,799
-39,800
-39,801
-39,802
-39,803
-39,804
-39,805
-39,806
-39,807
-39,808
-39,809
-39,810
-39,811
-39,812
-39,813
-39,814
-39,815
-39,816
-39,817
-39,818
-39,819
-39,820
-39,821
-39,822
-39,823
-39,824
-39,825
-39,826
-39,827
-39,828
-39,829
-39,830
-39,831
-39,832
-39,833
-39,834
-39,835
-39,836
-39,837
-39,838
-39,839
-39,840
-39,841
-39,842
-39,843
-39,844
-39,845
-39,846
-39,847
-39,848
-39,849
-39,850
-39,851
-39,852
-39,853
-39,854
-39,855
-39,856
-39,857
-39,858
-39,859
-39,860
-39,861
-39,862
-39,863
-39,864
-39,865
-39,866
-39,867
-39,868
-39,869
-39,870
-39,871
-39,872
-39,873
-39,874
-39,875
-39,876
-39,877
-39,878
-39,879
-39,880
-39,881
-39,882
-39,883
-39,884
-39,885
-39,886
-39,887
-39,888
-39,889
-39,890
-39,891
-39,892
-39,893
-39,894
-39,895
-39,896
-39,897
-39,898
-39,899
-39,900
-39,901
-39,902
-39,903
-39,904
-39,905
-39,906
-39,907
-39,908
-39,909
-39,910
-39,911
-39,912
-39,913
-39,914
-39,915
-39,916
-39,917
-39,918
-39,919
-39,920
-39,921
-39,922
-39,923
-39,924
-39,925
-39,926
-39,927
-39,928
-39,929
-39,930
-39,931
:43_13,932
:43_13,933
:43_13,934
:43_13,935
:43_13,936
38,937
38,938
38,939
38,940
38,941
38,942
38,943
38,944
38,945
38,946
38,947
38,948
38,949
38,950
38,951
38,952
38,953
38,954
38,955
38,956
38,957
38,958
38,959
38,960
38,961
38,962
38,963
38,964
38,965
38,966
38,967
38,968
38,969
38,970
38,971
38,972
38,973
38,974
38,975
38,976
38,977
38,978
38,979
38,980
38,981
38,982
38,983
38,984
38,985
38,986
38,987
38,988
38,989
38,990
38,991
38,992
38,993
38,994
38,995
38,996
38,997
38,998
38,999
38,1000
38,1001
38,1002
38,1003
38,1004
38,1005
38,1006
38,1007
38,1008
38,1009
38,1010
38,1011
38,1012
38,1013
38,1014
38,1015
38,1016
38,1017
38,1018
38,1019
38,1020
38,1021
38,1022
38,1023
38,1024
38,1025
38,1026
38,1027
38,1028
38,1029
38,1030
38,1031
38,1032
38,1033
38,1034
38,1035
38,1036
38,1037
38,1038
38,1039
38,1040
38,1041
38,1042
38,1043
38,1044
38,1045
38,1046
38,1047
38,1048
38,1049
38,1050
38,1051
38,1052
38,1053
38,1054
38,1055
38,1056
38,1057
38,1058
38,1059
38,1060
38,1061
38,1062
38,1063
38,1064
38,1065
38,1066
38,1067
38,1068
38,1069
38,1070
38,1071
38,1072
38,1073
38,1074
38,1075
38,1076
38,1077
38,1078
38,1079
38,1080
38,1081
38,1082
38,1083
38,1084
38,1085
38,1086
38,1087
38,1088
38,1089
38,1090
38,1091
38,1092
38,1093
38,1094
38,1095
38,1096
38,1097
38,1098
38,1099
38,1100
38,1101
38,1102
38,1103
38,1104
38,1105
38,1106
38,1107
38,1108
38,1109
38,1110
38,1111
38,1112
38,1113
38,1114
38,1115
38,1116
38,1117
38,1118
38,1119
38,1120
38,1121
38,1122
38,1123
38,1124
38,1125
38,1126
38,1127
38,1128
38,1129
38,1130
38,1131
38,1132
38,1133
38,1134
38,1135
38,1136
38,1137
38,1138
38,1139
38,1140
38,1141
38,1142
38,1143
38,1144
38,1145
38,1146
38,1147
38,1148
38,1149
38,1150
38,1151
38,1152
38,1153
38,1154
38,1155
38,1156
38,1157
38,1158
38,1159
38,1160
38,1161
38,1162
38,1163
38,1164
38,1165
38,1166
38,1167
38,1168
38,1169
38,1170
38,1171
38,1172
38,1173
38,1174
38,1175
38,1176
38,1177
38,1178
38,1179
38,1180
38,1181
38,1182
38,1183
38,1184
38,1185
38,1186
38,1187
38,1188
38,1189
38,1190
38,1191
38,1192
38,1193
38,1194
38,1195
38,1196
38,1197
38,1198
38,1199
38,1200
38,1201
38,1202
38,1203
38,1204
38,1205
38,1206
38,1207
38,1208
38,1209
38,1210
38,1211
38,1212
38,1213
