547,1
547,2
547,3
547,4
547,5
547,6
547,7
547,8
547,9
547,10
547,11
547,12
547,13
547,14
547,15
547,16
547,17
547,18
547,19
547,20
547,21
547,22
547,23
547,24
547,25
547,26
547,27
547,28
547,29
547,30
547,31
547,32
547,33
547,34
547,35
547,36
547,37
547,38
547,39
547,40
547,41
547,42
547,43
547,44
547,45
547,46
547,47
547,48
547,49
547,50
547,51
547,52
547,53
547,54
547,55
547,56
547,57
547,58
547,59
547,60
547,61
547,62
547,63
547,64
547,65
547,66
547,67
547,68
547,69
547,70
547,71
547,72
547,73
547,74
547,75
547,76
547,77
547,78
547,79
547,80
547,81
547,82
547,83
547,84
547,85
547,86
547,87
547,88
547,89
547,90
547,91
547,92
547,93
547,94
547,95
547,96
547,97
547,98
547,99
547,100
547,101
547,102
547,103
547,104
547,105
:229_0,106
:229_0,107
:229_0,108
224,109
224,110
224,111
224,112
224,113
224,114
224,115
224,116
224,117
224,118
224,119
224,120
224,121
224,122
224,123
224,124
224,125
224,126
224,127
224,128
224,129
224,130
224,131
224,132
224,133
224,134
224,135
224,136
224,137
224,138
224,139
224,140
224,141
224,142
224,143
224,144
224,145
224,146
224,147
224,148
224,149
224,150
224,151
224,152
224,153
224,154
224,155
224,156
224,157
224,158
224,159
224,160
224,161
224,162
224,163
224,164
224,165
224,166
224,167
224,168
224,169
224,170
224,171
224,172
224,173
224,174
224,175
224,176
224,177
224,178
224,179
224,180
224,181
:230_1,182
:230_1,183
:230_1,184
:230_1,185
:230_1,186
374,187
374,188
374,189
374,190
374,191
374,192
374,193
374,194
374,195
374,196
374,197
374,198
374,199
374,200
374,201
374,202
374,203
374,204
374,205
374,206
374,207
374,208
374,209
374,210
374,211
374,212
374,213
374,214
374,215
374,216
374,217
374,218
374,219
374,220
374,221
374,222
374,223
374,224
374,225
374,226
374,227
374,228
374,229
374,230
374,231
374,232
374,233
374,234
374,235
374,236
374,237
374,238
374,239
374,240
374,241
374,242
374,243
374,244
374,245
374,246
374,247
374,248
374,249
374,250
:340_0,251
375,252
375,253
375,254
375,255
375,256
375,257
375,258
375,259
375,260
375,261
375,262
375,263
375,264
375,265
375,266
375,267
375,268
375,269
375,270
375,271
375,272
375,273
375,274
375,275
375,276
375,277
375,278
375,279
375,280
375,281
375,282
375,283
375,284
375,285
375,286
375,287
375,288
375,289
375,290
375,291
375,292
375,293
375,294
375,295
375,296
375,297
375,298
375,299
375,300
375,301
375,302
375,303
375,304
375,305
375,306
375,307
375,308
375,309
375,310
375,311
375,312
375,313
375,314
375,315
375,316
375,317
375,318
375,319
375,320
375,321
375,322
375,323
375,324
375,325
375,326
375,327
375,328
375,329
375,330
375,331
375,332
375,333
375,334
375,335
375,336
375,337
375,338
375,339
375,340
375,341
:15_1,342
:15_1,343
:15_1,344
:15_1,345
-13,346
-13,347
-13,348
-13,349
-13,350
-13,351
-13,352
-13,353
-13,354
-13,355
-13,356
-13,357
-13,358
-13,359
-13,360
-13,361
-13,362
-13,363
-13,364
-13,365
-13,366
-13,367
-13,368
-13,369
-13,370
-13,371
-13,372
-13,373
-13,374
-13,375
-13,376
-13,377
-13,378
-13,379
-13,380
-13,381
-13,382
-13,383
-13,384
-13,385
-13,386
-13,387
-13,388
-13,389
-13,390
-13,391
-13,392
-13,393
-13,394
-13,395
-13,396
-13,397
-13,398
-13,399
-13,400
-13,401
-13,402
-13,403
-13,404
-13,405
-13,406
-13,407
-13,408
-13,409
-13,410
-13,411
-13,412
-13,413
-13,414
-13,415
-13,416
-13,417
-13,418
-13,419
-13,420
-13,421
-13,422
-13,423
-13,424
-13,425
-13,426
-13,427
-13,428
-13,429
:14_0,430
14,431
14,432
14,433
14,434
14,435
14,436
14,437
14,438
14,439
14,440
14,441
14,442
14,443
14,444
14,445
14,446
14,447
14,448
14,449
14,450
14,451
14,452
14,453
14,454
14,455
14,456
14,457
14,458
14,459
14,460
14,461
14,462
14,463
14,464
14,465
14,466
14,467
14,468
14,469
14,470
14,471
14,472
14,473
14,474
14,475
14,476
14,477
14,478
14,479
14,480
14,481
14,482
14,483
14,484
14,485
14,486
14,487
14,488
14,489
14,490
14,491
14,492
14,493
14,494
14,495
14,496
14,497
14,498
14,499
14,500
14,501
14,502
14,503
14,504
14,505
14,506
14,507
14,508
14,509
14,510
14,511
14,512
14,513
14,514
14,515
14,516
14,517
14,518
14,519
14,520
14,521
14,522
14,523
:16_4,524
:16_4,525
:16_4,526
:16_4,527
:16_4,528
-210,529
-210,530
-210,531
-210,532
-210,533
-210,534
-210,535
-210,536
-210,537
-210,538
-210,539
-210,540
-210,541
-210,542
-210,543
-210,544
-210,545
-210,546
-210,547
-210,548
-210,549
-210,550
-210,551
-210,552
-210,553
-210,554
-210,555
-210,556
-210,557
-210,558
-210,559
-210,560
-210,561
-210,562
-210,563
-210,564
-210,565
-210,566
-210,567
-210,568
-210,569
-210,570
-210,571
-210,572
-210,573
-210,574
-210,575
-210,576
-210,577
-210,578
-210,579
-210,580
-210,581
-210,582
-210,583
-210,584
-210,585
-210,586
-210,587
-210,588
-210,589
-210,590
-210,591
-210,592
-210,593
-210,594
-210,595
-210,596
-210,597
-210,598
-210,599
-210,600
-210,601
-210,602
-210,603
-210,604
-210,605
-210,606
-210,607
-210,608
-210,609
-210,610
-210,611
:29_5,612
:29_5,613
:29_5,614
:29_5,615
-25,616
-25,617
-25,618
-25,619
-25,620
-25,621
-25,622
-25,623
-25,624
-25,625
-25,626
-25,627
-25,628
-25,629
-25,630
-25,631
-25,632
-25,633
-25,634
-25,635
-25,636
-25,637
-25,638
-25,639
-25,640
-25,641
-25,642
-25,643
-25,644
-25,645
-25,646
-25,647
-25,648
-25,649
-25,650
-25,651
-25,652
-25,653
-25,654
-25,655
-25,656
-25,657
-25,658
-25,659
-25,660
-25,661
-25,662
-25,663
-25,664
-25,665
-25,666
-25,667
-25,668
-25,669
-25,670
-25,671
-25,672
-25,673
-25,674
-25,675
-25,676
-25,677
-25,678
-25,679
-25,680
-25,681
-25,682
-25,683
-25,684
-25,685
-25,686
-25,687
-25,688
-25,689
-25,690
-25,691
-25,692
-25,693
-25,694
-25,695
-25,696
-25,697
-25,698
-25,699
-25,700
-25,701
-25,702
-25,703
-25,704
-25,705
-25,706
-25,707
-25,708
-25,709
-25,710
-25,711
-25,712
-25,713
-25,714
-25,715
-25,716
-25,717
-25,718
-25,719
-25,720
-25,721
-25,722
-25,723
-25,724
-25,725
-25,726
-25,727
-25,728
-25,729
-25,730
-25,731
-25,732
-25,733
-25,734
-25,735
-25,736
-25,737
-25,738
-25,739
-25,740
-25,741
-25,742
-25,743
-25,744
-25,745
-25,746
-25,747
-25,748
-25,749
-25,750
-25,751
-25,752
-25,753
-25,754
-25,755
-25,756
-25,757
-25,758
-25,759
-25,760
-25,761
-25,762
:24_5,763
:24_5,764
:24_5,765
:24_5,766
:24_5,767
:24_5,768
-20,769
-20,770
-20,771
-20,772
-20,773
-20,774
-20,775
-20,776
-20,777
-20,778
-20,779
-20,780
-20,781
-20,782
-20,783
-20,784
-20,785
-20,786
-20,787
-20,788
-20,789
-20,790
-20,791
-20,792
-20,793
-20,794
-20,795
-20,796
-20,797
-20,798
-20,799
-20,800
-20,801
-20,802
-20,803
-20,804
-20,805
-20,806
-20,807
-20,808
-20,809
-20,810
-20,811
-20,812
-20,813
-20,814
-20,815
-20,816
-20,817
-20,818
-20,819
-20,820
-20,821
-20,822
-20,823
-20,824
-20,825
-20,826
-20,827
-20,828
-20,829
-20,830
-20,831
-20,832
-20,833
-20,834
-20,835
-20,836
-20,837
-20,838
-20,839
-20,840
-20,841
-20,842
-20,843
-20,844
-20,845
-20,846
-20,847
-20,848
-20,849
-20,850
-20,851
-20,852
-20,853
-20,854
-20,855
-20,856
-20,857
-20,858
-20,859
-20,860
:23_4,861
:23_4,862
:23_4,863
:23_4,864
:23_4,865
:23_4,866
:23_4,867
-19,868
-19,869
-19,870
-19,871
-19,872
-19,873
-19,874
-19,875
-19,876
-19,877
-19,878
-19,879
-19,880
-19,881
-19,882
-19,883
-19,884
-19,885
-19,886
-19,887
-19,888
-19,889
-19,890
-19,891
-19,892
-19,893
-19,894
-19,895
-19,896
-19,897
-19,898
-19,899
-19,900
-19,901
-19,902
-19,903
-19,904
-19,905
-19,906
-19,907
-19,908
-19,909
-19,910
-19,911
-19,912
-19,913
-19,914
-19,915
-19,916
-19,917
-19,918
-19,919
-19,920
-19,921
-19,922
-19,923
-19,924
-19,925
-19,926
-19,927
-19,928
-19,929
-19,930
-19,931
-19,932
-19,933
-19,934
-19,935
-19,936
-19,937
-19,938
-19,939
-19,940
-19,941
-19,942
-19,943
-19,944
-19,945
-19,946
-19,947
-19,948
-19,949
-19,950
-19,951
-19,952
-19,953
-19,954
-19,955
-19,956
-19,957
-19,958
-19,959
-19,960
-19,961
-19,962
-19,963
:22_1,964
:22_1,965
:22_1,966
:22_1,967
:22_1,968
:22_1,969
23,970
23,971
23,972
23,973
23,974
23,975
23,976
23,977
23,978
23,979
23,980
23,981
23,982
23,983
23,984
23,985
23,986
23,987
23,988
23,989
23,990
23,991
23,992
23,993
23,994
23,995
23,996
23,997
23,998
23,999
23,1000
23,1001
23,1002
23,1003
23,1004
23,1005
23,1006
23,1007
23,1008
23,1009
23,1010
23,1011
23,1012
23,1013
23,1014
23,1015
23,1016
23,1017
23,1018
23,1019
23,1020
23,1021
23,1022
23,1023
23,1024
23,1025
23,1026
23,1027
23,1028
23,1029
23,1030
23,1031
23,1032
23,1033
23,1034
23,1035
23,1036
23,1037
23,1038
23,1039
23,1040
23,1041
23,1042
23,1043
23,1044
23,1045
23,1046
23,1047
23,1048
23,1049
23,1050
23,1051
23,1052
23,1053
23,1054
23,1055
23,1056
23,1057
23,1058
23,1059
23,1060
23,1061
23,1062
23,1063
23,1064
23,1065
23,1066
23,1067
23,1068
23,1069
23,1070
23,1071
23,1072
23,1073
23,1074
23,1075
23,1076
23,1077
23,1078
23,1079
23,1080
23,1081
23,1082
23,1083
23,1084
23,1085
23,1086
23,1087
23,1088
23,1089
23,1090
23,1091
23,1092
23,1093
23,1094
23,1095
23,1096
23,1097
23,1098
23,1099
23,1100
23,1101
23,1102
23,1103
23,1104
23,1105
23,1106
23,1107
23,1108
23,1109
23,1110
23,1111
23,1112
23,1113
23,1114
23,1115
23,1116
23,1117
23,1118
23,1119
23,1120
23,1121
23,1122
23,1123
23,1124
23,1125
23,1126
23,1127
23,1128
23,1129
23,1130
23,1131
23,1132
23,1133
23,1134
23,1135
23,1136
23,1137
23,1138
23,1139
23,1140
23,1141
23,1142
23,1143
23,1144
23,1145
23,1146
23,1147
23,1148
23,1149
23,1150
:27_1,1151
:27_1,1152
:27_1,1153
:27_1,1154
:27_1,1155
87,1156
87,1157
87,1158
87,1159
87,1160
87,1161
87,1162
87,1163
87,1164
87,1165
87,1166
87,1167
87,1168
87,1169
87,1170
87,1171
87,1172
87,1173
87,1174
87,1175
87,1176
87,1177
87,1178
87,1179
87,1180
87,1181
87,1182
87,1183
87,1184
87,1185
87,1186
87,1187
87,1188
87,1189
87,1190
87,1191
87,1192
87,1193
87,1194
87,1195
87,1196
87,1197
87,1198
87,1199
87,1200
87,1201
87,1202
87,1203
87,1204
87,1205
87,1206
87,1207
87,1208
87,1209
87,1210
87,1211
87,1212
87,1213
87,1214
87,1215
87,1216
87,1217
87,1218
87,1219
87,1220
87,1221
87,1222
87,1223
87,1224
87,1225
87,1226
87,1227
87,1228
87,1229
87,1230
87,1231
87,1232
87,1233
87,1234
87,1235
87,1236
87,1237
87,1238
87,1239
87,1240
87,1241
87,1242
87,1243
87,1244
87,1245
87,1246
87,1247
87,1248
87,1249
87,1250
87,1251
87,1252
87,1253
87,1254
87,1255
87,1256
87,1257
87,1258
87,1259
87,1260
87,1261
87,1262
87,1263
87,1264
87,1265
87,1266
87,1267
87,1268
87,1269
87,1270
87,1271
87,1272
87,1273
87,1274
87,1275
87,1276
87,1277
87,1278
87,1279
87,1280
87,1281
87,1282
87,1283
87,1284
87,1285
87,1286
87,1287
87,1288
87,1289
87,1290
87,1291
87,1292
87,1293
87,1294
87,1295
87,1296
87,1297
87,1298
87,1299
87,1300
87,1301
87,1302
87,1303
87,1304
87,1305
87,1306
87,1307
87,1308
87,1309
87,1310
87,1311
87,1312
87,1313
87,1314
87,1315
87,1316
87,1317
87,1318
87,1319
87,1320
:102_0,1321
:102_0,1322
:102_0,1323
:102_0,1324
:102_0,1325
-159,1326
-159,1327
-159,1328
-159,1329
-159,1330
-159,1331
-159,1332
-159,1333
-159,1334
-159,1335
-159,1336
-159,1337
-159,1338
-159,1339
-159,1340
-159,1341
-159,1342
-159,1343
-159,1344
-159,1345
-159,1346
-159,1347
-159,1348
-159,1349
-159,1350
-159,1351
-159,1352
-159,1353
-159,1354
-159,1355
-159,1356
-159,1357
-159,1358
-159,1359
-159,1360
-159,1361
-159,1362
-159,1363
-159,1364
-159,1365
-159,1366
-159,1367
-159,1368
-159,1369
-159,1370
-159,1371
-159,1372
-159,1373
-159,1374
-159,1375
-159,1376
-159,1377
-159,1378
-159,1379
-159,1380
-159,1381
-159,1382
-159,1383
-159,1384
-159,1385
-159,1386
-159,1387
-159,1388
-159,1389
-159,1390
-159,1391
-159,1392
-159,1393
-159,1394
-159,1395
-159,1396
-159,1397
-159,1398
-159,1399
-159,1400
-159,1401
-159,1402
-159,1403
-159,1404
-159,1405
-159,1406
-159,1407
-159,1408
-159,1409
-159,1410
-159,1411
-159,1412
-159,1413
-159,1414
-159,1415
-159,1416
-159,1417
-159,1418
-159,1419
-159,1420
-159,1421
-159,1422
-159,1423
:63_5,1424
:63_5,1425
:63_5,1426
:63_5,1427
:63_5,1428
:63_5,1429
-55,1430
-55,1431
-55,1432
-55,1433
-55,1434
-55,1435
-55,1436
-55,1437
-55,1438
-55,1439
-55,1440
-55,1441
-55,1442
-55,1443
-55,1444
-55,1445
-55,1446
-55,1447
-55,1448
-55,1449
-55,1450
-55,1451
-55,1452
-55,1453
-55,1454
-55,1455
-55,1456
-55,1457
-55,1458
-55,1459
-55,1460
-55,1461
-55,1462
-55,1463
-55,1464
-55,1465
-55,1466
-55,1467
-55,1468
-55,1469
-55,1470
-55,1471
-55,1472
-55,1473
-55,1474
-55,1475
-55,1476
-55,1477
-55,1478
-55,1479
-55,1480
-55,1481
-55,1482
-55,1483
-55,1484
-55,1485
-55,1486
-55,1487
-55,1488
-55,1489
-55,1490
-55,1491
-55,1492
-55,1493
-55,1494
-55,1495
-55,1496
-55,1497
-55,1498
-55,1499
-55,1500
-55,1501
-55,1502
-55,1503
-55,1504
-55,1505
-55,1506
-55,1507
-55,1508
-55,1509
-55,1510
-55,1511
-55,1512
-55,1513
-55,1514
-55,1515
-55,1516
-55,1517
-55,1518
-55,1519
-55,1520
-55,1521
-55,1522
-55,1523
-55,1524
-55,1525
-55,1526
-55,1527
-55,1528
-55,1529
-55,1530
-55,1531
-55,1532
-55,1533
-55,1534
-55,1535
-55,1536
-55,1537
-55,1538
-55,1539
-55,1540
-55,1541
-55,1542
-55,1543
-55,1544
:62_1,1545
:62_1,1546
:62_1,1547
:62_1,1548
:62_1,1549
:62_1,1550
-54,1551
-54,1552
-54,1553
-54,1554
-54,1555
-54,1556
-54,1557
-54,1558
-54,1559
-54,1560
-54,1561
-54,1562
-54,1563
-54,1564
-54,1565
-54,1566
-54,1567
-54,1568
-54,1569
-54,1570
-54,1571
-54,1572
-54,1573
-54,1574
-54,1575
-54,1576
-54,1577
-54,1578
-54,1579
-54,1580
-54,1581
-54,1582
-54,1583
-54,1584
-54,1585
-54,1586
-54,1587
-54,1588
-54,1589
-54,1590
-54,1591
-54,1592
-54,1593
-54,1594
-54,1595
-54,1596
-54,1597
:61_0,1598
:61_0,1599
:61_0,1600
:61_0,1601
:61_0,1602
:61_0,1603
-53,1604
-53,1605
-53,1606
-53,1607
-53,1608
-53,1609
-53,1610
-53,1611
-53,1612
-53,1613
-53,1614
-53,1615
-53,1616
-53,1617
-53,1618
-53,1619
-53,1620
-53,1621
-53,1622
-53,1623
-53,1624
-53,1625
-53,1626
-53,1627
-53,1628
-53,1629
-53,1630
-53,1631
-53,1632
-53,1633
-53,1634
-53,1635
-53,1636
-53,1637
-53,1638
-53,1639
-53,1640
-53,1641
-53,1642
-53,1643
-53,1644
-53,1645
-53,1646
-53,1647
-53,1648
-53,1649
-53,1650
-53,1651
-53,1652
-53,1653
-53,1654
-53,1655
-53,1656
-53,1657
-53,1658
-53,1659
-53,1660
-53,1661
-53,1662
-53,1663
-53,1664
-53,1665
-53,1666
-53,1667
-53,1668
-53,1669
-53,1670
-53,1671
-53,1672
-53,1673
-53,1674
-53,1675
-53,1676
-53,1677
:58_5,1678
:58_5,1679
:58_5,1680
:58_5,1681
:58_5,1682
56,1683
56,1684
56,1685
56,1686
56,1687
56,1688
56,1689
56,1690
56,1691
56,1692
56,1693
56,1694
56,1695
56,1696
56,1697
56,1698
56,1699
56,1700
56,1701
56,1702
56,1703
56,1704
56,1705
56,1706
56,1707
56,1708
56,1709
56,1710
56,1711
56,1712
56,1713
56,1714
56,1715
56,1716
56,1717
56,1718
56,1719
56,1720
56,1721
56,1722
56,1723
56,1724
56,1725
56,1726
56,1727
56,1728
56,1729
56,1730
56,1731
56,1732
56,1733
56,1734
56,1735
56,1736
56,1737
56,1738
56,1739
56,1740
56,1741
56,1742
56,1743
56,1744
56,1745
56,1746
56,1747
56,1748
56,1749
56,1750
56,1751
56,1752
56,1753
56,1754
56,1755
56,1756
56,1757
56,1758
56,1759
56,1760
56,1761
56,1762
56,1763
56,1764
56,1765
56,1766
56,1767
56,1768
56,1769
56,1770
56,1771
56,1772
56,1773
56,1774
56,1775
56,1776
56,1777
56,1778
56,1779
56,1780
56,1781
56,1782
56,1783
56,1784
56,1785
56,1786
56,1787
56,1788
56,1789
56,1790
56,1791
56,1792
56,1793
56,1794
56,1795
56,1796
56,1797
56,1798
56,1799
56,1800
56,1801
56,1802
56,1803
56,1804
56,1805
56,1806
56,1807
56,1808
56,1809
56,1810
56,1811
56,1812
56,1813
56,1814
56,1815
56,1816
56,1817
56,1818
56,1819
56,1820
56,1821
56,1822
56,1823
:64_1,1824
:64_1,1825
:64_1,1826
:64_1,1827
:64_1,1828
:64_1,1829
569,1830
569,1831
569,1832
569,1833
569,1834
569,1835
569,1836
569,1837
569,1838
569,1839
569,1840
569,1841
569,1842
569,1843
569,1844
569,1845
569,1846
569,1847
569,1848
569,1849
569,1850
569,1851
569,1852
569,1853
569,1854
569,1855
569,1856
569,1857
569,1858
569,1859
569,1860
569,1861
569,1862
569,1863
569,1864
569,1865
569,1866
569,1867
569,1868
569,1869
569,1870
569,1871
569,1872
569,1873
569,1874
569,1875
569,1876
569,1877
569,1878
569,1879
569,1880
569,1881
569,1882
569,1883
569,1884
569,1885
569,1886
569,1887
569,1888
569,1889
569,1890
569,1891
569,1892
569,1893
569,1894
569,1895
569,1896
569,1897
569,1898
569,1899
569,1900
569,1901
569,1902
569,1903
569,1904
569,1905
569,1906
569,1907
569,1908
569,1909
569,1910
569,1911
569,1912
569,1913
569,1914
569,1915
569,1916
569,1917
569,1918
569,1919
569,1920
569,1921
569,1922
569,1923
569,1924
569,1925
569,1926
569,1927
569,1928
569,1929
569,1930
569,1931
:151_0,1932
:151_0,1933
:151_0,1934
:151_0,1935
:151_0,1936
570,1937
570,1938
570,1939
570,1940
570,1941
570,1942
570,1943
570,1944
570,1945
570,1946
570,1947
570,1948
570,1949
570,1950
570,1951
570,1952
570,1953
570,1954
570,1955
570,1956
570,1957
570,1958
570,1959
570,1960
570,1961
570,1962
570,1963
570,1964
570,1965
570,1966
570,1967
570,1968
570,1969
570,1970
570,1971
570,1972
570,1973
570,1974
570,1975
570,1976
570,1977
570,1978
570,1979
570,1980
570,1981
570,1982
570,1983
570,1984
570,1985
570,1986
570,1987
570,1988
570,1989
570,1990
570,1991
570,1992
570,1993
570,1994
570,1995
570,1996
570,1997
570,1998
570,1999
570,2000
