547,21
547,22
547,23
547,24
547,25
547,26
547,27
547,28
547,29
547,30
547,31
547,32
547,33
547,34
547,35
547,36
547,37
547,38
547,39
547,40
547,41
547,42
547,43
547,44
547,45
547,46
547,47
547,48
547,49
547,50
547,51
547,52
547,53
547,54
547,55
547,56
547,57
547,58
547,59
547,60
547,61
547,62
547,63
547,64
547,65
547,66
547,67
547,68
547,69
547,70
547,71
547,72
547,73
547,74
547,75
547,76
547,77
547,78
547,79
547,80
547,81
547,82
547,83
547,84
547,85
547,86
547,87
547,88
547,89
547,90
547,91
547,92
547,93
547,94
547,95
547,96
547,97
547,98
547,99
547,100
547,101
547,102
547,103
547,104
547,105
547,106
547,107
547,108
547,109
547,110
547,111
547,112
547,113
547,114
547,115
547,116
547,117
547,118
547,119
547,120
547,121
547,122
547,123
547,124
547,125
547,126
547,127
547,128
547,129
547,130
547,131
547,132
547,133
547,134
547,135
547,136
547,137
547,138
547,139
547,140
547,141
547,142
547,143
547,144
547,145
547,146
547,147
547,148
547,149
547,150
547,151
547,152
:229_0,153
:229_0,154
:229_0,155
:229_0,156
224,157
224,158
224,159
224,160
224,161
224,162
224,163
224,164
224,165
224,166
224,167
224,168
224,169
224,170
224,171
224,172
224,173
224,174
224,175
224,176
224,177
224,178
224,179
224,180
224,181
224,182
224,183
224,184
224,185
224,186
224,187
224,188
224,189
224,190
224,191
224,192
224,193
224,194
224,195
224,196
224,197
224,198
224,199
224,200
224,201
224,202
224,203
224,204
224,205
224,206
224,207
224,208
224,209
224,210
224,211
224,212
224,213
224,214
224,215
224,216
224,217
224,218
224,219
224,220
224,221
224,222
224,223
224,224
224,225
224,226
224,227
224,228
224,229
224,230
224,231
224,232
224,233
224,234
224,235
224,236
224,237
224,238
224,239
224,240
224,241
224,242
224,243
224,244
224,245
224,246
224,247
224,248
224,249
:230_1,250
:230_1,251
:230_1,252
:230_1,253
:230_1,254
:230_1,255
374,256
374,257
374,258
374,259
374,260
374,261
374,262
374,263
374,264
374,265
374,266
374,267
374,268
374,269
374,270
374,271
374,272
374,273
374,274
374,275
374,276
374,277
374,278
374,279
374,280
374,281
374,282
374,283
374,284
374,285
374,286
374,287
374,288
374,289
374,290
374,291
374,292
374,293
374,294
374,295
374,296
374,297
374,298
374,299
374,300
374,301
374,302
374,303
374,304
374,305
374,306
374,307
374,308
374,309
374,310
374,311
374,312
374,313
374,314
374,315
374,316
374,317
374,318
374,319
374,320
374,321
374,322
374,323
374,324
374,325
374,326
374,327
374,328
374,329
374,330
374,331
374,332
374,333
374,334
374,335
374,336
:340_0,337
:340_0,338
375,339
375,340
375,341
375,342
375,343
375,344
375,345
375,346
375,347
375,348
375,349
375,350
375,351
375,352
375,353
375,354
375,355
375,356
375,357
375,358
375,359
375,360
375,361
375,362
375,363
375,364
375,365
375,366
375,367
375,368
375,369
375,370
375,371
375,372
375,373
375,374
375,375
375,376
375,377
375,378
375,379
375,380
375,381
375,382
375,383
375,384
375,385
375,386
375,387
375,388
375,389
375,390
375,391
375,392
375,393
375,394
375,395
375,396
375,397
375,398
375,399
375,400
375,401
375,402
375,403
375,404
375,405
375,406
375,407
375,408
375,409
375,410
375,411
375,412
375,413
375,414
375,415
375,416
375,417
375,418
375,419
375,420
375,421
375,422
375,423
375,424
375,425
375,426
375,427
375,428
375,429
375,430
375,431
375,432
375,433
375,434
375,435
375,436
375,437
375,438
375,439
375,440
375,441
375,442
375,443
375,444
375,445
375,446
375,447
375,448
375,449
375,450
375,451
:15_1,452
:15_1,453
:15_1,454
:15_1,455
:15_1,456
:15_1,457
-13,458
-13,459
-13,460
-13,461
-13,462
-13,463
-13,464
-13,465
-13,466
-13,467
-13,468
-13,469
-13,470
-13,471
-13,472
-13,473
-13,474
-13,475
-13,476
-13,477
-13,478
-13,479
-13,480
-13,481
-13,482
-13,483
-13,484
-13,485
-13,486
-13,487
-13,488
-13,489
-13,490
-13,491
-13,492
-13,493
-13,494
-13,495
-13,496
-13,497
-13,498
-13,499
-13,500
-13,501
-13,502
-13,503
-13,504
-13,505
-13,506
-13,507
-13,508
-13,509
-13,510
-13,511
-13,512
-13,513
-13,514
-13,515
-13,516
-13,517
-13,518
-13,519
-13,520
-13,521
-13,522
-13,523
-13,524
-13,525
-13,526
-13,527
-13,528
-13,529
-13,530
-13,531
-13,532
-13,533
-13,534
-13,535
-13,536
-13,537
-13,538
-13,539
-13,540
-13,541
-13,542
-13,543
-13,544
-13,545
-13,546
-13,547
-13,548
-13,549
-13,550
-13,551
-13,552
-13,553
-13,554
-13,555
-13,556
-13,557
-13,558
-13,559
-13,560
-13,561
-13,562
-13,563
-13,564
14,565
14,566
14,567
14,568
14,569
14,570
14,571
14,572
14,573
14,574
14,575
14,576
14,577
14,578
14,579
14,580
14,581
14,582
14,583
14,584
14,585
14,586
14,587
14,588
14,589
14,590
14,591
14,592
14,593
14,594
14,595
14,596
14,597
14,598
14,599
14,600
14,601
14,602
14,603
14,604
14,605
14,606
14,607
14,608
14,609
14,610
14,611
14,612
14,613
14,614
14,615
14,616
14,617
14,618
14,619
14,620
14,621
14,622
14,623
14,624
14,625
14,626
14,627
14,628
14,629
14,630
14,631
14,632
14,633
14,634
14,635
14,636
14,637
14,638
14,639
14,640
14,641
14,642
14,643
14,644
14,645
14,646
14,647
14,648
14,649
14,650
14,651
14,652
14,653
14,654
14,655
14,656
14,657
14,658
14,659
14,660
14,661
14,662
14,663
14,664
14,665
14,666
14,667
14,668
14,669
14,670
14,671
14,672
14,673
14,674
14,675
14,676
14,677
14,678
14,679
14,680
14,681
14,682
14,683
:16_4,684
:16_4,685
:16_4,686
:16_4,687
:16_4,688
:16_4,689
-210,690
-210,691
-210,692
-210,693
-210,694
-210,695
-210,696
-210,697
-210,698
-210,699
-210,700
-210,701
-210,702
-210,703
-210,704
-210,705
-210,706
-210,707
-210,708
-210,709
-210,710
-210,711
-210,712
-210,713
-210,714
-210,715
-210,716
-210,717
-210,718
-210,719
-210,720
-210,721
-210,722
-210,723
-210,724
-210,725
-210,726
-210,727
-210,728
-210,729
-210,730
-210,731
-210,732
-210,733
-210,734
-210,735
-210,736
-210,737
-210,738
-210,739
-210,740
-210,741
-210,742
-210,743
-210,744
-210,745
-210,746
-210,747
-210,748
-210,749
-210,750
-210,751
-210,752
-210,753
-210,754
-210,755
-210,756
-210,757
-210,758
-210,759
-210,760
-210,761
-210,762
-210,763
-210,764
-210,765
-210,766
-210,767
-210,768
-210,769
-210,770
-210,771
-210,772
-210,773
-210,774
-210,775
-210,776
-210,777
-210,778
-210,779
-210,780
-210,781
-210,782
-210,783
-210,784
-210,785
-210,786
-210,787
-210,788
-210,789
-210,790
-210,791
-210,792
-210,793
-210,794
:29_5,795
:29_5,796
:29_5,797
:29_5,798
:29_5,799
:29_5,800
-25,801
-25,802
-25,803
-25,804
-25,805
-25,806
-25,807
-25,808
-25,809
-25,810
-25,811
-25,812
-25,813
-25,814
-25,815
-25,816
-25,817
-25,818
-25,819
-25,820
-25,821
-25,822
-25,823
-25,824
-25,825
-25,826
-25,827
-25,828
-25,829
-25,830
-25,831
-25,832
-25,833
-25,834
-25,835
-25,836
-25,837
-25,838
-25,839
-25,840
-25,841
-25,842
-25,843
-25,844
-25,845
-25,846
-25,847
-25,848
-25,849
-25,850
-25,851
-25,852
-25,853
-25,854
-25,855
-25,856
-25,857
-25,858
-25,859
-25,860
-25,861
-25,862
-25,863
-25,864
-25,865
-25,866
-25,867
-25,868
-25,869
-25,870
-25,871
-25,872
-25,873
-25,874
-25,875
-25,876
-25,877
-25,878
-25,879
-25,880
-25,881
-25,882
-25,883
-25,884
-25,885
-25,886
-25,887
-25,888
-25,889
-25,890
-25,891
-25,892
-25,893
-25,894
-25,895
-25,896
-25,897
-25,898
-25,899
-25,900
-25,901
-25,902
-25,903
-25,904
-25,905
-25,906
-25,907
-25,908
-25,909
-25,910
-25,911
-25,912
-25,913
-25,914
-25,915
-25,916
-25,917
-25,918
-25,919
-25,920
-25,921
-25,922
-25,923
-25,924
-25,925
-25,926
-25,927
-25,928
-25,929
-25,930
-25,931
-25,932
-25,933
-25,934
-25,935
-25,936
-25,937
-25,938
-25,939
-25,940
-25,941
-25,942
-25,943
-25,944
-25,945
-25,946
-25,947
-25,948
-25,949
-25,950
-25,951
:24_5,952
:24_5,953
:24_5,954
:24_5,955
:24_5,956
:24_5,957
-20,958
-20,959
-20,960
-20,961
-20,962
-20,963
-20,964
-20,965
-20,966
-20,967
-20,968
-20,969
-20,970
-20,971
-20,972
-20,973
-20,974
-20,975
-20,976
-20,977
-20,978
-20,979
-20,980
-20,981
-20,982
-20,983
-20,984
-20,985
-20,986
-20,987
-20,988
-20,989
-20,990
-20,991
-20,992
-20,993
-20,994
-20,995
-20,996
-20,997
-20,998
-20,999
-20,1000
-20,1001
-20,1002
-20,1003
-20,1004
-20,1005
-20,1006
-20,1007
-20,1008
-20,1009
-20,1010
-20,1011
-20,1012
-20,1013
-20,1014
-20,1015
-20,1016
-20,1017
-20,1018
-20,1019
-20,1020
-20,1021
-20,1022
-20,1023
-20,1024
-20,1025
-20,1026
-20,1027
-20,1028
-20,1029
-20,1030
-20,1031
-20,1032
-20,1033
-20,1034
-20,1035
-20,1036
-20,1037
-20,1038
-20,1039
-20,1040
-20,1041
-20,1042
-20,1043
-20,1044
-20,1045
-20,1046
-20,1047
-20,1048
-20,1049
-20,1050
-20,1051
-20,1052
-20,1053
-20,1054
-20,1055
-20,1056
-20,1057
:23_4,1058
:23_4,1059
:23_4,1060
:23_4,1061
:23_4,1062
:23_4,1063
:23_4,1064
-19,1065
-19,1066
-19,1067
-19,1068
-19,1069
-19,1070
-19,1071
-19,1072
-19,1073
-19,1074
-19,1075
-19,1076
-19,1077
-19,1078
-19,1079
-19,1080
-19,1081
-19,1082
-19,1083
-19,1084
-19,1085
-19,1086
-19,1087
-19,1088
-19,1089
-19,1090
-19,1091
-19,1092
-19,1093
-19,1094
-19,1095
-19,1096
-19,1097
-19,1098
-19,1099
-19,1100
-19,1101
-19,1102
-19,1103
-19,1104
-19,1105
-19,1106
-19,1107
-19,1108
-19,1109
-19,1110
-19,1111
-19,1112
-19,1113
-19,1114
-19,1115
-19,1116
-19,1117
-19,1118
-19,1119
-19,1120
-19,1121
-19,1122
-19,1123
-19,1124
-19,1125
-19,1126
-19,1127
-19,1128
-19,1129
-19,1130
-19,1131
-19,1132
-19,1133
-19,1134
-19,1135
-19,1136
-19,1137
-19,1138
-19,1139
-19,1140
-19,1141
-19,1142
-19,1143
-19,1144
-19,1145
-19,1146
-19,1147
-19,1148
-19,1149
-19,1150
-19,1151
-19,1152
-19,1153
-19,1154
-19,1155
-19,1156
-19,1157
-19,1158
-19,1159
-19,1160
-19,1161
-19,1162
-19,1163
-19,1164
-19,1165
-19,1166
-19,1167
:22_1,1168
:22_1,1169
:22_1,1170
:22_1,1171
:22_1,1172
:22_1,1173
23,1174
23,1175
23,1176
23,1177
23,1178
23,1179
23,1180
23,1181
23,1182
23,1183
23,1184
23,1185
23,1186
23,1187
23,1188
23,1189
23,1190
23,1191
23,1192
23,1193
23,1194
23,1195
23,1196
23,1197
23,1198
23,1199
23,1200
23,1201
23,1202
23,1203
23,1204
23,1205
23,1206
23,1207
23,1208
23,1209
23,1210
23,1211
23,1212
23,1213
23,1214
23,1215
23,1216
23,1217
23,1218
23,1219
23,1220
23,1221
23,1222
23,1223
23,1224
23,1225
23,1226
23,1227
23,1228
23,1229
23,1230
23,1231
23,1232
23,1233
23,1234
23,1235
23,1236
23,1237
23,1238
23,1239
23,1240
23,1241
23,1242
23,1243
23,1244
23,1245
23,1246
23,1247
23,1248
23,1249
23,1250
23,1251
23,1252
23,1253
23,1254
23,1255
23,1256
23,1257
23,1258
23,1259
23,1260
23,1261
23,1262
23,1263
23,1264
23,1265
23,1266
23,1267
23,1268
23,1269
23,1270
23,1271
23,1272
23,1273
23,1274
23,1275
23,1276
23,1277
23,1278
23,1279
23,1280
23,1281
23,1282
23,1283
23,1284
23,1285
23,1286
23,1287
23,1288
23,1289
23,1290
23,1291
23,1292
23,1293
23,1294
23,1295
23,1296
23,1297
23,1298
23,1299
23,1300
23,1301
23,1302
23,1303
23,1304
23,1305
23,1306
23,1307
23,1308
23,1309
23,1310
23,1311
23,1312
23,1313
23,1314
23,1315
23,1316
23,1317
23,1318
23,1319
23,1320
23,1321
23,1322
23,1323
23,1324
23,1325
23,1326
23,1327
23,1328
23,1329
23,1330
23,1331
23,1332
23,1333
23,1334
23,1335
23,1336
23,1337
23,1338
23,1339
23,1340
23,1341
23,1342
23,1343
23,1344
23,1345
23,1346
23,1347
23,1348
23,1349
23,1350
23,1351
23,1352
23,1353
23,1354
23,1355
23,1356
23,1357
23,1358
23,1359
23,1360
23,1361
23,1362
23,1363
23,1364
23,1365
23,1366
23,1367
23,1368
:27_1,1369
:27_1,1370
:27_1,1371
:27_1,1372
:27_1,1373
:27_1,1374
87,1375
87,1376
87,1377
87,1378
87,1379
87,1380
87,1381
87,1382
87,1383
87,1384
87,1385
87,1386
87,1387
87,1388
87,1389
87,1390
87,1391
87,1392
87,1393
87,1394
87,1395
87,1396
87,1397
87,1398
87,1399
87,1400
87,1401
87,1402
87,1403
87,1404
87,1405
87,1406
87,1407
87,1408
87,1409
87,1410
87,1411
87,1412
87,1413
87,1414
87,1415
87,1416
87,1417
87,1418
87,1419
87,1420
87,1421
87,1422
87,1423
87,1424
87,1425
87,1426
87,1427
87,1428
87,1429
87,1430
87,1431
87,1432
87,1433
87,1434
87,1435
87,1436
87,1437
87,1438
87,1439
87,1440
87,1441
87,1442
87,1443
87,1444
87,1445
87,1446
87,1447
87,1448
87,1449
87,1450
87,1451
87,1452
87,1453
87,1454
87,1455
87,1456
87,1457
87,1458
87,1459
87,1460
87,1461
87,1462
87,1463
87,1464
87,1465
87,1466
87,1467
87,1468
87,1469
87,1470
87,1471
87,1472
87,1473
87,1474
87,1475
87,1476
87,1477
87,1478
87,1479
87,1480
87,1481
87,1482
87,1483
87,1484
87,1485
87,1486
87,1487
87,1488
87,1489
87,1490
87,1491
87,1492
87,1493
87,1494
87,1495
87,1496
87,1497
87,1498
87,1499
87,1500
87,1501
87,1502
87,1503
87,1504
87,1505
87,1506
87,1507
87,1508
87,1509
87,1510
87,1511
87,1512
87,1513
87,1514
87,1515
87,1516
87,1517
87,1518
87,1519
87,1520
87,1521
87,1522
87,1523
87,1524
87,1525
87,1526
87,1527
87,1528
87,1529
87,1530
87,1531
87,1532
87,1533
87,1534
87,1535
87,1536
87,1537
87,1538
87,1539
87,1540
87,1541
87,1542
87,1543
87,1544
87,1545
87,1546
87,1547
87,1548
87,1549
87,1550
87,1551
:102_0,1552
:102_0,1553
:102_0,1554
:102_0,1555
:102_0,1556
-159,1557
-159,1558
-159,1559
-159,1560
-159,1561
-159,1562
-159,1563
-159,1564
-159,1565
-159,1566
-159,1567
-159,1568
-159,1569
-159,1570
-159,1571
-159,1572
-159,1573
-159,1574
-159,1575
-159,1576
-159,1577
-159,1578
-159,1579
-159,1580
-159,1581
-159,1582
-159,1583
-159,1584
-159,1585
-159,1586
-159,1587
-159,1588
-159,1589
-159,1590
-159,1591
-159,1592
-159,1593
-159,1594
-159,1595
-159,1596
-159,1597
-159,1598
-159,1599
-159,1600
-159,1601
-159,1602
-159,1603
-159,1604
-159,1605
-159,1606
-159,1607
-159,1608
-159,1609
-159,1610
-159,1611
-159,1612
-159,1613
-159,1614
-159,1615
-159,1616
-159,1617
-159,1618
-159,1619
-159,1620
-159,1621
-159,1622
-159,1623
-159,1624
-159,1625
-159,1626
-159,1627
-159,1628
-159,1629
-159,1630
-159,1631
-159,1632
-159,1633
-159,1634
-159,1635
-159,1636
-159,1637
-159,1638
-159,1639
-159,1640
-159,1641
-159,1642
-159,1643
-159,1644
-159,1645
-159,1646
-159,1647
-159,1648
-159,1649
-159,1650
-159,1651
-159,1652
-159,1653
-159,1654
-159,1655
-159,1656
-159,1657
-159,1658
-159,1659
-159,1660
-159,1661
-159,1662
:63_5,1663
:63_5,1664
:63_5,1665
:63_5,1666
:63_5,1667
:63_5,1668
-55,1669
-55,1670
-55,1671
-55,1672
-55,1673
-55,1674
-55,1675
-55,1676
-55,1677
-55,1678
-55,1679
-55,1680
-55,1681
-55,1682
-55,1683
-55,1684
-55,1685
-55,1686
-55,1687
-55,1688
-55,1689
-55,1690
-55,1691
-55,1692
-55,1693
-55,1694
-55,1695
-55,1696
-55,1697
-55,1698
-55,1699
-55,1700
-55,1701
-55,1702
-55,1703
-55,1704
-55,1705
-55,1706
-55,1707
-55,1708
-55,1709
-55,1710
-55,1711
-55,1712
-55,1713
-55,1714
-55,1715
-55,1716
-55,1717
-55,1718
-55,1719
-55,1720
-55,1721
-55,1722
-55,1723
-55,1724
-55,1725
-55,1726
-55,1727
-55,1728
-55,1729
-55,1730
-55,1731
-55,1732
-55,1733
-55,1734
-55,1735
-55,1736
-55,1737
-55,1738
-55,1739
-55,1740
-55,1741
-55,1742
-55,1743
-55,1744
-55,1745
-55,1746
-55,1747
-55,1748
-55,1749
-55,1750
-55,1751
-55,1752
-55,1753
-55,1754
-55,1755
-55,1756
-55,1757
-55,1758
-55,1759
-55,1760
-55,1761
-55,1762
-55,1763
-55,1764
-55,1765
-55,1766
-55,1767
-55,1768
-55,1769
-55,1770
-55,1771
-55,1772
-55,1773
-55,1774
-55,1775
-55,1776
-55,1777
-55,1778
-55,1779
-55,1780
-55,1781
-55,1782
-55,1783
-55,1784
-55,1785
-55,1786
-55,1787
-55,1788
-55,1789
-55,1790
-55,1791
-55,1792
:62_1,1793
:62_1,1794
:62_1,1795
:62_1,1796
:62_1,1797
:62_1,1798
-54,1799
-54,1800
-54,1801
-54,1802
-54,1803
-54,1804
-54,1805
-54,1806
-54,1807
-54,1808
-54,1809
-54,1810
-54,1811
-54,1812
-54,1813
-54,1814
-54,1815
-54,1816
-54,1817
-54,1818
-54,1819
-54,1820
-54,1821
-54,1822
-54,1823
-54,1824
-54,1825
-54,1826
-54,1827
-54,1828
-54,1829
-54,1830
-54,1831
-54,1832
-54,1833
-54,1834
-54,1835
-54,1836
-54,1837
-54,1838
-54,1839
-54,1840
-54,1841
-54,1842
-54,1843
-54,1844
-54,1845
-54,1846
-54,1847
-54,1848
-54,1849
:61_0,1850
:61_0,1851
:61_0,1852
:61_0,1853
:61_0,1854
:61_0,1855
-53,1856
-53,1857
-53,1858
-53,1859
-53,1860
-53,1861
-53,1862
-53,1863
-53,1864
-53,1865
-53,1866
-53,1867
-53,1868
-53,1869
-53,1870
-53,1871
-53,1872
-53,1873
-53,1874
-53,1875
-53,1876
-53,1877
-53,1878
-53,1879
-53,1880
-53,1881
-53,1882
-53,1883
-53,1884
-53,1885
-53,1886
-53,1887
-53,1888
-53,1889
-53,1890
-53,1891
-53,1892
-53,1893
-53,1894
-53,1895
-53,1896
-53,1897
-53,1898
-53,1899
-53,1900
-53,1901
-53,1902
-53,1903
-53,1904
-53,1905
-53,1906
-53,1907
-53,1908
-53,1909
-53,1910
-53,1911
-53,1912
-53,1913
-53,1914
-53,1915
-53,1916
-53,1917
-53,1918
-53,1919
-53,1920
-53,1921
-53,1922
-53,1923
-53,1924
-53,1925
-53,1926
-53,1927
-53,1928
-53,1929
-53,1930
-53,1931
-53,1932
-53,1933
-53,1934
-53,1935
:58_5,1936
:58_5,1937
:58_5,1938
:58_5,1939
:58_5,1940
:58_5,1941
56,1942
56,1943
56,1944
56,1945
56,1946
56,1947
56,1948
56,1949
56,1950
56,1951
56,1952
56,1953
56,1954
56,1955
56,1956
56,1957
56,1958
56,1959
56,1960
56,1961
56,1962
56,1963
56,1964
56,1965
56,1966
56,1967
56,1968
56,1969
56,1970
56,1971
56,1972
56,1973
56,1974
56,1975
56,1976
56,1977
56,1978
56,1979
56,1980
56,1981
56,1982
56,1983
56,1984
56,1985
56,1986
56,1987
56,1988
56,1989
56,1990
56,1991
56,1992
56,1993
56,1994
56,1995
56,1996
56,1997
56,1998
56,1999
56,2000
