-158,21
-158,22
-158,23
-158,24
-158,25
-158,26
-158,27
-158,28
-158,29
-158,30
-158,31
-158,32
-158,33
-158,34
-158,35
-158,36
-158,37
-158,38
-158,39
-158,40
-158,41
-158,42
-158,43
-158,44
-158,45
-158,46
-158,47
-158,48
-158,49
-158,50
-158,51
-158,52
-158,53
-158,54
-158,55
-158,56
-158,57
-158,58
-158,59
-158,60
-158,61
-158,62
-158,63
-158,64
-158,65
-158,66
-158,67
-158,68
-158,69
-158,70
-158,71
-158,72
-158,73
-158,74
-158,75
-158,76
-158,77
-158,78
-158,79
-158,80
-158,81
-158,82
-158,83
-158,84
-158,85
-158,86
-158,87
-158,88
-158,89
-158,90
-158,91
-158,92
-158,93
-158,94
-158,95
-158,96
-158,97
-158,98
-158,99
-158,100
-158,101
-158,102
-158,103
-158,104
-158,105
-158,106
-158,107
-158,108
-158,109
-158,110
-158,111
-158,112
-158,113
-158,114
-158,115
-158,116
-158,117
-158,118
-158,119
-158,120
-158,121
-158,122
-158,123
-158,124
-158,125
-158,126
-158,127
-158,128
-158,129
-158,130
-158,131
-158,132
-158,133
-158,134
:46_0,135
:46_0,136
:46_0,137
:46_0,138
:46_0,139
:46_0,140
:46_0,141
-38,142
-38,143
-38,144
-38,145
-38,146
-38,147
-38,148
-38,149
-38,150
-38,151
-38,152
-38,153
-38,154
-38,155
-38,156
-38,157
-38,158
-38,159
-38,160
-38,161
-38,162
-38,163
-38,164
-38,165
-38,166
-38,167
-38,168
-38,169
-38,170
-38,171
-38,172
-38,173
-38,174
-38,175
-38,176
-38,177
-38,178
-38,179
-38,180
-38,181
-38,182
-38,183
-38,184
-38,185
-38,186
-38,187
-38,188
-38,189
-38,190
-38,191
-38,192
-38,193
-38,194
-38,195
-38,196
-38,197
-38,198
-38,199
-38,200
-38,201
-38,202
-38,203
-38,204
-38,205
-38,206
-38,207
-38,208
-38,209
-38,210
-38,211
-38,212
-38,213
-38,214
-38,215
-38,216
-38,217
-38,218
-38,219
-38,220
-38,221
-38,222
-38,223
-38,224
-38,225
-38,226
-38,227
-38,228
-38,229
-38,230
-38,231
-38,232
-38,233
-38,234
-38,235
-38,236
-38,237
-38,238
-38,239
-38,240
-38,241
-38,242
-38,243
-38,244
-38,245
-38,246
-38,247
-38,248
-38,249
-38,250
-38,251
-38,252
-38,253
-38,254
-38,255
-38,256
-38,257
-38,258
-38,259
-38,260
-38,261
-38,262
-38,263
-38,264
-38,265
-38,266
-38,267
-38,268
-38,269
-38,270
-38,271
-38,272
-38,273
-38,274
-38,275
-38,276
-38,277
-38,278
-38,279
-38,280
-38,281
-38,282
-38,283
-38,284
-38,285
-38,286
-38,287
-38,288
-38,289
-38,290
-38,291
-38,292
-38,293
-38,294
-38,295
-38,296
-38,297
-38,298
-38,299
-38,300
-38,301
-38,302
-38,303
-38,304
-38,305
-38,306
-38,307
-38,308
-38,309
-38,310
-38,311
-38,312
-38,313
-38,314
-38,315
-38,316
-38,317
-38,318
-38,319
-38,320
-38,321
-38,322
-38,323
-38,324
-38,325
-38,326
-38,327
-38,328
-38,329
-38,330
-38,331
-38,332
-38,333
-38,334
-38,335
-38,336
-38,337
-38,338
-38,339
-38,340
-38,341
-38,342
-38,343
-38,344
-38,345
-38,346
-38,347
-38,348
-38,349
-38,350
-38,351
-38,352
-38,353
-38,354
-38,355
-38,356
-38,357
-38,358
-38,359
-38,360
-38,361
-38,362
-38,363
-38,364
-38,365
-38,366
-38,367
-38,368
-38,369
-38,370
-38,371
-38,372
-38,373
-38,374
-38,375
-38,376
-38,377
-38,378
-38,379
-38,380
-38,381
-38,382
-38,383
-38,384
-38,385
-38,386
-38,387
-38,388
-38,389
-38,390
-38,391
-38,392
-38,393
-38,394
-38,395
-38,396
-38,397
-38,398
-38,399
-38,400
-38,401
-38,402
-38,403
-38,404
-38,405
-38,406
-38,407
-38,408
-38,409
-38,410
-38,411
-38,412
-38,413
-38,414
-38,415
-38,416
-38,417
-38,418
-38,419
-38,420
-38,421
-38,422
-38,423
-38,424
-38,425
-38,426
-38,427
-38,428
-38,429
-38,430
-38,431
-38,432
-38,433
-38,434
-38,435
-38,436
-38,437
-38,438
-38,439
-38,440
-38,441
-38,442
-38,443
-38,444
-38,445
-38,446
-38,447
-38,448
-38,449
-38,450
-38,451
-38,452
-38,453
-38,454
-38,455
-38,456
-38,457
-38,458
-38,459
-38,460
-38,461
-38,462
-38,463
-38,464
-38,465
-38,466
-38,467
-38,468
-38,469
-38,470
-38,471
-38,472
-38,473
-38,474
-38,475
-38,476
-38,477
-38,478
-38,479
-38,480
-38,481
-38,482
-38,483
-38,484
-38,485
-38,486
-38,487
-38,488
-38,489
-38,490
-38,491
-38,492
-38,493
-38,494
:43_5,495
:43_5,496
:43_5,497
:43_5,498
:43_5,499
39,500
39,501
39,502
39,503
39,504
39,505
39,506
39,507
39,508
39,509
39,510
39,511
39,512
39,513
39,514
39,515
39,516
39,517
39,518
39,519
39,520
39,521
39,522
39,523
39,524
39,525
39,526
39,527
39,528
39,529
39,530
39,531
39,532
39,533
39,534
39,535
39,536
39,537
39,538
39,539
39,540
39,541
39,542
39,543
39,544
39,545
39,546
39,547
39,548
39,549
39,550
39,551
39,552
39,553
39,554
39,555
39,556
39,557
39,558
39,559
39,560
39,561
39,562
39,563
39,564
39,565
39,566
39,567
39,568
39,569
39,570
39,571
39,572
39,573
39,574
39,575
39,576
39,577
39,578
39,579
39,580
39,581
39,582
39,583
39,584
39,585
39,586
39,587
39,588
39,589
39,590
39,591
39,592
39,593
39,594
39,595
39,596
39,597
39,598
39,599
39,600
39,601
39,602
39,603
39,604
39,605
39,606
39,607
39,608
39,609
39,610
39,611
39,612
39,613
39,614
39,615
39,616
39,617
39,618
39,619
39,620
39,621
39,622
39,623
39,624
39,625
39,626
39,627
39,628
39,629
39,630
39,631
39,632
39,633
39,634
39,635
39,636
39,637
39,638
39,639
39,640
39,641
39,642
39,643
39,644
39,645
39,646
39,647
39,648
39,649
39,650
39,651
39,652
39,653
39,654
39,655
39,656
39,657
39,658
39,659
39,660
:47_4,661
:47_4,662
:47_4,663
117,664
117,665
117,666
117,667
117,668
117,669
117,670
117,671
117,672
117,673
117,674
117,675
117,676
117,677
117,678
117,679
117,680
117,681
117,682
117,683
117,684
117,685
117,686
117,687
117,688
117,689
117,690
117,691
117,692
117,693
117,694
117,695
117,696
117,697
117,698
117,699
117,700
117,701
117,702
117,703
117,704
117,705
117,706
117,707
117,708
117,709
117,710
117,711
117,712
117,713
117,714
117,715
117,716
117,717
117,718
117,719
117,720
117,721
117,722
117,723
117,724
117,725
117,726
117,727
117,728
117,729
117,730
117,731
117,732
117,733
117,734
117,735
117,736
117,737
117,738
117,739
117,740
117,741
117,742
117,743
117,744
117,745
117,746
117,747
117,748
117,749
117,750
117,751
117,752
117,753
117,754
117,755
117,756
117,757
117,758
117,759
117,760
117,761
117,762
:134_7,763
:134_7,764
:134_7,765
:134_7,766
:134_7,767
-322,768
-322,769
-322,770
-322,771
-322,772
-322,773
-322,774
-322,775
-322,776
-322,777
-322,778
-322,779
-322,780
-322,781
-322,782
-322,783
-322,784
-322,785
-322,786
-322,787
-322,788
-322,789
-322,790
-322,791
-322,792
-322,793
-322,794
-322,795
-322,796
-322,797
-322,798
-322,799
-322,800
-322,801
-322,802
-322,803
-322,804
-322,805
-322,806
-322,807
-322,808
-322,809
-322,810
-322,811
-322,812
-322,813
-322,814
-322,815
-322,816
-322,817
-322,818
-322,819
-322,820
-322,821
-322,822
-322,823
-322,824
-322,825
-322,826
-322,827
-322,828
-322,829
-322,830
-322,831
-322,832
-322,833
-322,834
-322,835
-322,836
-322,837
-322,838
-322,839
-322,840
-322,841
-322,842
-322,843
-322,844
-322,845
-322,846
-322,847
-322,848
-322,849
-322,850
-322,851
-322,852
-322,853
-322,854
-322,855
-322,856
-322,857
-322,858
-322,859
-322,860
-322,861
-322,862
-322,863
-322,864
-322,865
-322,866
-322,867
-322,868
-322,869
-322,870
-322,871
-322,872
-322,873
:50_6,874
:50_16,875
:50_16,876
:50_16,877
:50_16,878
:50_16,879
44,880
44,881
44,882
44,883
44,884
44,885
44,886
44,887
44,888
44,889
44,890
44,891
44,892
44,893
44,894
44,895
44,896
44,897
44,898
44,899
44,900
44,901
44,902
44,903
44,904
44,905
44,906
44,907
44,908
44,909
44,910
44,911
44,912
44,913
44,914
44,915
44,916
44,917
44,918
44,919
44,920
44,921
44,922
44,923
44,924
44,925
44,926
44,927
44,928
44,929
44,930
44,931
44,932
44,933
44,934
44,935
44,936
44,937
44,938
44,939
44,940
44,941
44,942
44,943
44,944
44,945
44,946
44,947
44,948
44,949
44,950
44,951
44,952
44,953
44,954
44,955
44,956
44,957
44,958
44,959
44,960
44,961
44,962
44,963
44,964
44,965
44,966
44,967
44,968
44,969
44,970
44,971
44,972
44,973
44,974
44,975
44,976
44,977
44,978
44,979
44,980
44,981
44,982
44,983
44,984
44,985
44,986
44,987
44,988
44,989
44,990
44,991
44,992
44,993
44,994
44,995
44,996
44,997
44,998
44,999
44,1000
44,1001
44,1002
44,1003
44,1004
44,1005
44,1006
44,1007
44,1008
44,1009
44,1010
44,1011
44,1012
44,1013
44,1014
44,1015
44,1016
44,1017
44,1018
44,1019
44,1020
44,1021
44,1022
44,1023
44,1024
44,1025
44,1026
44,1027
44,1028
44,1029
44,1030
44,1031
44,1032
44,1033
44,1034
44,1035
44,1036
44,1037
44,1038
44,1039
44,1040
44,1041
44,1042
44,1043
44,1044
44,1045
44,1046
44,1047
44,1048
44,1049
44,1050
44,1051
44,1052
44,1053
44,1054
44,1055
44,1056
44,1057
44,1058
44,1059
44,1060
44,1061
44,1062
44,1063
44,1064
44,1065
44,1066
44,1067
44,1068
44,1069
44,1070
44,1071
44,1072
44,1073
44,1074
44,1075
44,1076
44,1077
44,1078
44,1079
44,1080
44,1081
44,1082
44,1083
44,1084
44,1085
44,1086
44,1087
44,1088
44,1089
44,1090
44,1091
44,1092
44,1093
44,1094
44,1095
44,1096
44,1097
44,1098
44,1099
44,1100
44,1101
44,1102
44,1103
44,1104
44,1105
:51_4,1106
:51_4,1107
:51_4,1108
:51_4,1109
:51_4,1110
:51_4,1111
94,1112
94,1113
94,1114
94,1115
94,1116
94,1117
94,1118
94,1119
94,1120
94,1121
94,1122
94,1123
94,1124
94,1125
94,1126
94,1127
94,1128
94,1129
94,1130
94,1131
94,1132
94,1133
94,1134
94,1135
94,1136
94,1137
94,1138
94,1139
94,1140
94,1141
94,1142
94,1143
94,1144
94,1145
94,1146
94,1147
94,1148
94,1149
94,1150
94,1151
94,1152
94,1153
94,1154
94,1155
94,1156
94,1157
94,1158
94,1159
94,1160
94,1161
94,1162
94,1163
94,1164
94,1165
94,1166
94,1167
94,1168
94,1169
94,1170
94,1171
94,1172
94,1173
94,1174
94,1175
94,1176
94,1177
94,1178
94,1179
94,1180
94,1181
94,1182
94,1183
94,1184
94,1185
94,1186
94,1187
94,1188
94,1189
94,1190
94,1191
94,1192
94,1193
94,1194
94,1195
94,1196
94,1197
94,1198
94,1199
94,1200
94,1201
94,1202
94,1203
94,1204
94,1205
94,1206
94,1207
94,1208
94,1209
94,1210
94,1211
94,1212
94,1213
94,1214
94,1215
:110_1,1216
:110_1,1217
:110_1,1218
:110_1,1219
:110_1,1220
520,1221
520,1222
520,1223
520,1224
520,1225
520,1226
520,1227
520,1228
520,1229
520,1230
520,1231
520,1232
520,1233
520,1234
520,1235
520,1236
520,1237
520,1238
520,1239
520,1240
520,1241
520,1242
520,1243
520,1244
520,1245
520,1246
520,1247
520,1248
520,1249
520,1250
520,1251
520,1252
520,1253
520,1254
520,1255
520,1256
520,1257
520,1258
520,1259
520,1260
520,1261
520,1262
520,1263
520,1264
520,1265
520,1266
520,1267
520,1268
520,1269
520,1270
520,1271
520,1272
520,1273
520,1274
520,1275
520,1276
520,1277
520,1278
520,1279
520,1280
520,1281
520,1282
520,1283
520,1284
520,1285
520,1286
520,1287
520,1288
520,1289
520,1290
520,1291
520,1292
520,1293
520,1294
520,1295
520,1296
520,1297
520,1298
520,1299
520,1300
520,1301
520,1302
520,1303
520,1304
520,1305
520,1306
520,1307
520,1308
520,1309
520,1310
520,1311
520,1312
520,1313
520,1314
520,1315
520,1316
520,1317
520,1318
520,1319
520,1320
520,1321
520,1322
520,1323
520,1324
520,1325
520,1326
520,1327
520,1328
520,1329
520,1330
520,1331
520,1332
520,1333
520,1334
520,1335
520,1336
520,1337
520,1338
520,1339
520,1340
520,1341
520,1342
520,1343
520,1344
520,1345
520,1346
520,1347
520,1348
520,1349
520,1350
520,1351
520,1352
520,1353
520,1354
520,1355
520,1356
520,1357
520,1358
520,1359
520,1360
:302_1,1361
:302_1,1362
:302_1,1363
:302_1,1364
324,1365
324,1366
324,1367
324,1368
324,1369
324,1370
324,1371
324,1372
324,1373
324,1374
324,1375
324,1376
324,1377
324,1378
324,1379
324,1380
324,1381
324,1382
324,1383
324,1384
324,1385
324,1386
324,1387
324,1388
324,1389
324,1390
324,1391
324,1392
324,1393
324,1394
324,1395
324,1396
324,1397
324,1398
324,1399
324,1400
324,1401
324,1402
324,1403
324,1404
324,1405
324,1406
324,1407
324,1408
324,1409
324,1410
324,1411
324,1412
324,1413
324,1414
324,1415
324,1416
324,1417
324,1418
324,1419
324,1420
324,1421
324,1422
324,1423
324,1424
324,1425
324,1426
324,1427
324,1428
324,1429
324,1430
324,1431
324,1432
324,1433
324,1434
324,1435
324,1436
324,1437
324,1438
324,1439
324,1440
324,1441
324,1442
324,1443
324,1444
324,1445
324,1446
324,1447
324,1448
324,1449
324,1450
324,1451
324,1452
324,1453
324,1454
324,1455
324,1456
324,1457
324,1458
324,1459
324,1460
324,1461
324,1462
324,1463
324,1464
324,1465
324,1466
324,1467
324,1468
324,1469
324,1470
324,1471
324,1472
324,1473
324,1474
324,1475
324,1476
324,1477
324,1478
324,1479
324,1480
324,1481
324,1482
324,1483
324,1484
324,1485
324,1486
324,1487
324,1488
324,1489
324,1490
324,1491
324,1492
324,1493
324,1494
324,1495
324,1496
324,1497
324,1498
324,1499
324,1500
324,1501
324,1502
324,1503
324,1504
324,1505
324,1506
324,1507
324,1508
324,1509
324,1510
324,1511
324,1512
324,1513
324,1514
324,1515
324,1516
324,1517
324,1518
324,1519
324,1520
324,1521
324,1522
324,1523
324,1524
324,1525
324,1526
324,1527
324,1528
324,1529
324,1530
324,1531
324,1532
324,1533
324,1534
324,1535
324,1536
324,1537
324,1538
324,1539
324,1540
324,1541
324,1542
324,1543
324,1544
324,1545
324,1546
324,1547
324,1548
324,1549
324,1550
324,1551
324,1552
324,1553
324,1554
324,1555
324,1556
324,1557
324,1558
324,1559
324,1560
324,1561
324,1562
324,1563
324,1564
324,1565
324,1566
324,1567
324,1568
324,1569
324,1570
324,1571
324,1572
324,1573
324,1574
324,1575
324,1576
324,1577
324,1578
324,1579
324,1580
324,1581
324,1582
324,1583
324,1584
324,1585
324,1586
324,1587
324,1588
324,1589
324,1590
324,1591
324,1592
324,1593
324,1594
324,1595
324,1596
324,1597
324,1598
324,1599
324,1600
324,1601
324,1602
324,1603
324,1604
324,1605
324,1606
324,1607
324,1608
324,1609
324,1610
324,1611
324,1612
324,1613
324,1614
324,1615
324,1616
324,1617
324,1618
324,1619
324,1620
324,1621
324,1622
324,1623
324,1624
324,1625
324,1626
324,1627
324,1628
