600,1
600,2
600,3
600,4
600,5
600,6
600,7
600,8
600,9
600,10
600,11
600,12
600,13
600,14
600,15
600,16
600,17
600,18
600,19
600,20
600,21
600,22
600,23
600,24
600,25
600,26
600,27
600,28
600,29
600,30
600,31
600,32
600,33
600,34
600,35
600,36
600,37
600,38
600,39
600,40
600,41
600,42
600,43
600,44
600,45
600,46
600,47
600,48
600,49
600,50
600,51
600,52
600,53
600,54
600,55
600,56
600,57
600,58
600,59
600,60
600,61
600,62
600,63
600,64
600,65
600,66
600,67
600,68
600,69
600,70
600,71
600,72
600,73
600,74
600,75
600,76
600,77
600,78
600,79
600,80
600,81
600,82
600,83
600,84
600,85
600,86
600,87
600,88
600,89
600,90
600,91
600,92
600,93
600,94
600,95
600,96
600,97
600,98
600,99
600,100
600,101
600,102
600,103
600,104
600,105
600,106
600,107
600,108
600,109
600,110
600,111
600,112
600,113
600,114
600,115
600,116
600,117
600,118
600,119
600,120
600,121
600,122
600,123
600,124
600,125
600,126
600,127
600,128
600,129
600,130
600,131
600,132
600,133
600,134
600,135
600,136
600,137
600,138
600,139
600,140
600,141
600,142
600,143
600,144
600,145
600,146
600,147
600,148
600,149
600,150
600,151
600,152
600,153
600,154
600,155
600,156
600,157
600,158
600,159
600,160
600,161
600,162
600,163
600,164
600,165
600,166
600,167
600,168
600,169
600,170
600,171
600,172
600,173
600,174
600,175
600,176
600,177
600,178
600,179
600,180
600,181
600,182
600,183
600,184
600,185
600,186
600,187
600,188
600,189
600,190
600,191
600,192
600,193
600,194
600,195
600,196
600,197
600,198
600,199
600,200
600,201
600,202
600,203
600,204
600,205
600,206
600,207
600,208
600,209
600,210
600,211
600,212
600,213
600,214
600,215
600,216
600,217
600,218
600,219
600,220
600,221
600,222
600,223
600,224
600,225
600,226
600,227
600,228
600,229
600,230
600,231
600,232
600,233
600,234
600,235
600,236
600,237
600,238
600,239
600,240
600,241
600,242
600,243
600,244
600,245
600,246
600,247
600,248
600,249
600,250
600,251
600,252
600,253
600,254
600,255
600,256
600,257
600,258
600,259
600,260
600,261
600,262
600,263
600,264
600,265
600,266
600,267
600,268
600,269
600,270
600,271
600,272
600,273
600,274
600,275
600,276
600,277
600,278
600,279
600,280
600,281
600,282
600,283
600,284
600,285
600,286
600,287
600,288
600,289
600,290
600,291
600,292
600,293
600,294
600,295
600,296
600,297
600,298
600,299
600,300
600,301
600,302
600,303
600,304
600,305
600,306
600,307
600,308
600,309
600,310
600,311
600,312
600,313
600,314
600,315
600,316
600,317
600,318
600,319
600,320
600,321
600,322
600,323
600,324
600,325
600,326
600,327
600,328
600,329
600,330
600,331
600,332
600,333
600,334
600,335
600,336
600,337
600,338
600,339
600,340
600,341
600,342
600,343
600,344
600,345
600,346
600,347
600,348
600,349
600,350
600,351
600,352
600,353
600,354
600,355
600,356
600,357
600,358
600,359
600,360
600,361
600,362
600,363
600,364
600,365
600,366
600,367
600,368
600,369
600,370
600,371
600,372
600,373
600,374
600,375
600,376
600,377
600,378
600,379
600,380
600,381
600,382
600,383
600,384
600,385
600,386
600,387
600,388
600,389
600,390
600,391
600,392
600,393
600,394
600,395
600,396
600,397
600,398
600,399
600,400
600,401
600,402
600,403
600,404
600,405
600,406
600,407
600,408
600,409
600,410
600,411
600,412
600,413
600,414
600,415
600,416
600,417
:252_4,418
:252_4,419
:252_10,420
:252_10,421
:252_10,422
:252_10,423
253,424
253,425
253,426
253,427
253,428
253,429
253,430
253,431
253,432
253,433
253,434
253,435
253,436
253,437
253,438
253,439
253,440
253,441
253,442
253,443
253,444
253,445
253,446
253,447
253,448
253,449
253,450
253,451
253,452
253,453
253,454
253,455
253,456
253,457
253,458
253,459
253,460
253,461
253,462
253,463
253,464
253,465
253,466
253,467
253,468
253,469
253,470
253,471
253,472
253,473
253,474
253,475
253,476
253,477
253,478
253,479
253,480
253,481
253,482
253,483
253,484
253,485
253,486
253,487
253,488
253,489
253,490
:254_6,491
:254_6,492
:254_16,493
:254_16,494
:254_16,495
:254_16,496
327,497
327,498
327,499
327,500
327,501
327,502
327,503
327,504
327,505
327,506
327,507
327,508
327,509
327,510
327,511
327,512
327,513
327,514
327,515
327,516
327,517
327,518
327,519
327,520
327,521
327,522
327,523
327,524
327,525
327,526
327,527
327,528
327,529
327,530
327,531
327,532
327,533
327,534
327,535
327,536
327,537
327,538
327,539
327,540
327,541
327,542
327,543
327,544
327,545
327,546
327,547
327,548
327,549
327,550
327,551
327,552
327,553
327,554
327,555
327,556
327,557
327,558
327,559
327,560
327,561
327,562
327,563
327,564
327,565
327,566
328,567
328,568
328,569
328,570
328,571
328,572
328,573
328,574
328,575
328,576
328,577
328,578
328,579
328,580
328,581
328,582
328,583
328,584
328,585
328,586
328,587
328,588
328,589
328,590
328,591
328,592
328,593
328,594
328,595
328,596
328,597
328,598
328,599
328,600
328,601
328,602
328,603
328,604
328,605
328,606
328,607
328,608
328,609
328,610
328,611
328,612
328,613
328,614
328,615
328,616
328,617
328,618
328,619
328,620
328,621
328,622
328,623
328,624
328,625
328,626
328,627
328,628
328,629
328,630
328,631
328,632
328,633
328,634
328,635
328,636
328,637
328,638
328,639
328,640
328,641
328,642
328,643
328,644
328,645
328,646
328,647
328,648
328,649
329,650
329,651
329,652
329,653
329,654
329,655
329,656
329,657
329,658
329,659
329,660
329,661
329,662
329,663
329,664
329,665
329,666
329,667
329,668
329,669
329,670
329,671
329,672
329,673
329,674
329,675
329,676
329,677
329,678
329,679
329,680
329,681
329,682
329,683
329,684
329,685
329,686
329,687
329,688
329,689
329,690
329,691
329,692
329,693
329,694
329,695
329,696
329,697
329,698
329,699
329,700
329,701
329,702
329,703
329,704
329,705
329,706
329,707
329,708
329,709
329,710
329,711
329,712
329,713
329,714
329,715
329,716
329,717
329,718
329,719
329,720
329,721
329,722
329,723
329,724
329,725
329,726
329,727
329,728
329,729
329,730
329,731
329,732
329,733
329,734
330,735
330,736
330,737
330,738
330,739
330,740
330,741
330,742
330,743
330,744
330,745
330,746
330,747
330,748
330,749
330,750
330,751
330,752
330,753
330,754
330,755
330,756
330,757
330,758
330,759
330,760
330,761
330,762
330,763
330,764
330,765
330,766
330,767
330,768
330,769
330,770
330,771
330,772
330,773
330,774
330,775
330,776
330,777
330,778
330,779
330,780
330,781
330,782
330,783
330,784
330,785
330,786
330,787
330,788
330,789
330,790
330,791
330,792
330,793
330,794
330,795
330,796
330,797
330,798
330,799
330,800
330,801
330,802
330,803
330,804
330,805
330,806
331,807
331,808
331,809
331,810
331,811
331,812
331,813
331,814
331,815
331,816
331,817
331,818
331,819
331,820
331,821
331,822
331,823
331,824
331,825
331,826
331,827
331,828
331,829
331,830
331,831
331,832
331,833
331,834
331,835
331,836
331,837
331,838
331,839
331,840
331,841
331,842
331,843
331,844
331,845
331,846
331,847
331,848
331,849
331,850
331,851
331,852
331,853
331,854
331,855
331,856
331,857
331,858
331,859
331,860
331,861
331,862
331,863
331,864
331,865
331,866
331,867
331,868
331,869
331,870
331,871
331,872
331,873
331,874
331,875
331,876
331,877
331,878
331,879
331,880
331,881
331,882
331,883
331,884
331,885
331,886
331,887
331,888
331,889
331,890
331,891
331,892
331,893
331,894
331,895
331,896
331,897
331,898
331,899
331,900
:307_1,901
:307_1,902
:307_1,903
:307_1,904
:307_1,905
:307_1,906
332,907
332,908
332,909
332,910
332,911
332,912
332,913
332,914
332,915
332,916
332,917
332,918
332,919
332,920
332,921
332,922
332,923
332,924
332,925
332,926
332,927
332,928
332,929
332,930
332,931
332,932
332,933
332,934
332,935
332,936
332,937
332,938
332,939
332,940
332,941
332,942
332,943
332,944
332,945
332,946
332,947
332,948
332,949
332,950
332,951
332,952
332,953
332,954
332,955
332,956
332,957
332,958
332,959
332,960
332,961
332,962
332,963
332,964
333,965
333,966
333,967
333,968
333,969
333,970
333,971
333,972
333,973
333,974
333,975
333,976
333,977
333,978
333,979
333,980
333,981
333,982
333,983
333,984
333,985
333,986
333,987
333,988
333,989
333,990
333,991
333,992
333,993
333,994
333,995
333,996
333,997
333,998
333,999
333,1000
333,1001
333,1002
333,1003
333,1004
333,1005
333,1006
333,1007
333,1008
333,1009
333,1010
333,1011
333,1012
333,1013
333,1014
333,1015
333,1016
333,1017
333,1018
333,1019
333,1020
333,1021
333,1022
333,1023
333,1024
333,1025
333,1026
333,1027
333,1028
333,1029
333,1030
333,1031
333,1032
333,1033
333,1034
333,1035
333,1036
333,1037
333,1038
333,1039
333,1040
333,1041
333,1042
333,1043
333,1044
333,1045
333,1046
333,1047
333,1048
333,1049
333,1050
333,1051
333,1052
333,1053
:309_0,1054
334,1055
334,1056
334,1057
334,1058
334,1059
334,1060
334,1061
334,1062
334,1063
334,1064
334,1065
334,1066
334,1067
334,1068
334,1069
334,1070
334,1071
334,1072
334,1073
334,1074
334,1075
334,1076
334,1077
334,1078
334,1079
334,1080
334,1081
334,1082
334,1083
334,1084
334,1085
334,1086
334,1087
334,1088
334,1089
334,1090
334,1091
334,1092
334,1093
334,1094
334,1095
334,1096
334,1097
334,1098
334,1099
334,1100
334,1101
334,1102
334,1103
334,1104
334,1105
334,1106
334,1107
334,1108
334,1109
334,1110
334,1111
334,1112
334,1113
334,1114
334,1115
334,1116
334,1117
334,1118
334,1119
334,1120
334,1121
334,1122
334,1123
334,1124
334,1125
334,1126
334,1127
334,1128
335,1129
335,1130
335,1131
335,1132
335,1133
335,1134
335,1135
335,1136
335,1137
335,1138
335,1139
335,1140
335,1141
335,1142
335,1143
335,1144
335,1145
335,1146
335,1147
335,1148
335,1149
335,1150
335,1151
335,1152
335,1153
335,1154
335,1155
335,1156
335,1157
335,1158
335,1159
335,1160
335,1161
335,1162
335,1163
335,1164
335,1165
335,1166
335,1167
335,1168
335,1169
335,1170
335,1171
335,1172
335,1173
335,1174
335,1175
335,1176
335,1177
335,1178
335,1179
335,1180
335,1181
335,1182
335,1183
335,1184
335,1185
335,1186
335,1187
335,1188
335,1189
335,1190
335,1191
335,1192
335,1193
335,1194
335,1195
335,1196
335,1197
335,1198
335,1199
335,1200
335,1201
335,1202
335,1203
335,1204
335,1205
335,1206
335,1207
335,1208
335,1209
335,1210
335,1211
335,1212
336,1213
336,1214
336,1215
336,1216
336,1217
336,1218
336,1219
336,1220
336,1221
336,1222
336,1223
336,1224
336,1225
336,1226
336,1227
336,1228
336,1229
336,1230
336,1231
336,1232
336,1233
336,1234
336,1235
336,1236
336,1237
336,1238
336,1239
336,1240
336,1241
336,1242
336,1243
336,1244
336,1245
336,1246
336,1247
336,1248
336,1249
336,1250
336,1251
336,1252
336,1253
336,1254
336,1255
336,1256
336,1257
336,1258
336,1259
336,1260
336,1261
336,1262
336,1263
336,1264
336,1265
336,1266
336,1267
336,1268
336,1269
336,1270
336,1271
336,1272
336,1273
336,1274
336,1275
336,1276
336,1277
336,1278
336,1279
336,1280
336,1281
336,1282
336,1283
336,1284
337,1285
337,1286
337,1287
337,1288
337,1289
337,1290
337,1291
337,1292
337,1293
337,1294
337,1295
337,1296
337,1297
337,1298
337,1299
337,1300
337,1301
337,1302
337,1303
337,1304
337,1305
337,1306
337,1307
337,1308
337,1309
337,1310
337,1311
337,1312
337,1313
337,1314
337,1315
337,1316
337,1317
337,1318
337,1319
337,1320
337,1321
337,1322
337,1323
337,1324
337,1325
337,1326
337,1327
337,1328
337,1329
337,1330
337,1331
337,1332
337,1333
337,1334
337,1335
337,1336
337,1337
337,1338
337,1339
337,1340
337,1341
337,1342
337,1343
337,1344
337,1345
337,1346
337,1347
337,1348
337,1349
337,1350
337,1351
337,1352
337,1353
337,1354
337,1355
337,1356
337,1357
337,1358
337,1359
337,1360
337,1361
337,1362
337,1363
337,1364
337,1365
337,1366
337,1367
337,1368
337,1369
:313_5,1370
:313_5,1371
:313_5,1372
:313_5,1373
:313_5,1374
:313_5,1375
:313_5,1376
338,1377
338,1378
338,1379
338,1380
338,1381
338,1382
338,1383
338,1384
338,1385
338,1386
338,1387
338,1388
338,1389
338,1390
338,1391
338,1392
338,1393
338,1394
338,1395
338,1396
338,1397
338,1398
338,1399
338,1400
338,1401
338,1402
338,1403
338,1404
338,1405
338,1406
338,1407
338,1408
338,1409
338,1410
338,1411
338,1412
338,1413
338,1414
338,1415
338,1416
338,1417
338,1418
338,1419
338,1420
338,1421
338,1422
338,1423
338,1424
338,1425
338,1426
338,1427
338,1428
338,1429
338,1430
338,1431
338,1432
338,1433
338,1434
338,1435
338,1436
338,1437
338,1438
338,1439
338,1440
338,1441
338,1442
339,1443
339,1444
339,1445
339,1446
339,1447
339,1448
339,1449
339,1450
339,1451
339,1452
339,1453
339,1454
339,1455
339,1456
339,1457
339,1458
339,1459
339,1460
339,1461
339,1462
339,1463
339,1464
339,1465
339,1466
339,1467
339,1468
339,1469
339,1470
339,1471
339,1472
339,1473
339,1474
339,1475
339,1476
339,1477
339,1478
339,1479
339,1480
339,1481
339,1482
339,1483
339,1484
339,1485
339,1486
339,1487
339,1488
339,1489
339,1490
339,1491
339,1492
339,1493
339,1494
339,1495
339,1496
339,1497
339,1498
339,1499
339,1500
339,1501
339,1502
339,1503
339,1504
339,1505
339,1506
339,1507
339,1508
339,1509
339,1510
339,1511
339,1512
339,1513
339,1514
339,1515
339,1516
339,1517
339,1518
339,1519
339,1520
339,1521
339,1522
339,1523
339,1524
339,1525
339,1526
339,1527
339,1528
339,1529
339,1530
339,1531
339,1532
339,1533
339,1534
339,1535
339,1536
339,1537
339,1538
339,1539
339,1540
339,1541
339,1542
339,1543
339,1544
339,1545
339,1546
339,1547
339,1548
:315_5,1549
:315_5,1550
:315_5,1551
:315_5,1552
:315_5,1553
:315_5,1554
340,1555
340,1556
340,1557
340,1558
340,1559
340,1560
340,1561
340,1562
340,1563
340,1564
340,1565
340,1566
340,1567
340,1568
340,1569
340,1570
340,1571
340,1572
340,1573
340,1574
340,1575
340,1576
340,1577
340,1578
340,1579
340,1580
340,1581
340,1582
340,1583
340,1584
340,1585
340,1586
340,1587
340,1588
340,1589
340,1590
340,1591
340,1592
340,1593
340,1594
340,1595
340,1596
340,1597
340,1598
341,1599
341,1600
341,1601
341,1602
341,1603
341,1604
341,1605
341,1606
341,1607
341,1608
341,1609
341,1610
341,1611
341,1612
341,1613
341,1614
341,1615
341,1616
341,1617
341,1618
341,1619
341,1620
341,1621
341,1622
341,1623
341,1624
341,1625
341,1626
341,1627
341,1628
341,1629
341,1630
341,1631
341,1632
341,1633
341,1634
341,1635
341,1636
341,1637
341,1638
341,1639
341,1640
341,1641
341,1642
341,1643
341,1644
341,1645
341,1646
341,1647
341,1648
341,1649
341,1650
341,1651
341,1652
341,1653
341,1654
341,1655
341,1656
341,1657
341,1658
341,1659
341,1660
341,1661
341,1662
341,1663
341,1664
341,1665
341,1666
341,1667
341,1668
341,1669
341,1670
341,1671
341,1672
341,1673
341,1674
341,1675
341,1676
341,1677
341,1678
342,1679
342,1680
342,1681
342,1682
342,1683
342,1684
342,1685
342,1686
342,1687
342,1688
342,1689
342,1690
342,1691
342,1692
342,1693
342,1694
342,1695
342,1696
342,1697
342,1698
342,1699
342,1700
342,1701
342,1702
342,1703
342,1704
342,1705
342,1706
342,1707
342,1708
342,1709
342,1710
342,1711
342,1712
342,1713
342,1714
342,1715
342,1716
342,1717
342,1718
342,1719
342,1720
342,1721
342,1722
342,1723
342,1724
342,1725
342,1726
342,1727
342,1728
342,1729
342,1730
342,1731
342,1732
342,1733
342,1734
342,1735
342,1736
342,1737
342,1738
342,1739
342,1740
342,1741
342,1742
342,1743
342,1744
342,1745
342,1746
342,1747
342,1748
342,1749
342,1750
342,1751
342,1752
342,1753
343,1754
343,1755
343,1756
343,1757
343,1758
343,1759
343,1760
343,1761
343,1762
343,1763
343,1764
343,1765
343,1766
343,1767
343,1768
343,1769
343,1770
343,1771
343,1772
343,1773
343,1774
343,1775
343,1776
343,1777
343,1778
343,1779
343,1780
343,1781
343,1782
343,1783
343,1784
343,1785
343,1786
343,1787
343,1788
343,1789
343,1790
343,1791
343,1792
343,1793
343,1794
343,1795
343,1796
343,1797
343,1798
343,1799
343,1800
343,1801
343,1802
343,1803
343,1804
343,1805
343,1806
343,1807
343,1808
343,1809
343,1810
343,1811
343,1812
343,1813
343,1814
343,1815
343,1816
343,1817
343,1818
343,1819
343,1820
343,1821
343,1822
343,1823
343,1824
343,1825
343,1826
343,1827
343,1828
343,1829
343,1830
343,1831
343,1832
343,1833
343,1834
343,1835
343,1836
343,1837
343,1838
343,1839
344,1840
344,1841
344,1842
344,1843
344,1844
344,1845
344,1846
344,1847
344,1848
344,1849
344,1850
344,1851
344,1852
344,1853
344,1854
344,1855
344,1856
344,1857
344,1858
344,1859
344,1860
344,1861
344,1862
344,1863
344,1864
344,1865
344,1866
344,1867
344,1868
344,1869
344,1870
344,1871
344,1872
344,1873
344,1874
344,1875
344,1876
344,1877
344,1878
344,1879
344,1880
344,1881
344,1882
344,1883
344,1884
344,1885
344,1886
344,1887
344,1888
344,1889
344,1890
344,1891
344,1892
344,1893
344,1894
344,1895
344,1896
344,1897
344,1898
344,1899
344,1900
344,1901
344,1902
344,1903
344,1904
344,1905
344,1906
344,1907
344,1908
344,1909
344,1910
344,1911
344,1912
344,1913
344,1914
344,1915
344,1916
344,1917
344,1918
344,1919
344,1920
344,1921
344,1922
344,1923
344,1924
344,1925
345,1926
345,1927
345,1928
345,1929
345,1930
345,1931
345,1932
345,1933
345,1934
345,1935
345,1936
345,1937
345,1938
345,1939
345,1940
345,1941
345,1942
345,1943
345,1944
345,1945
345,1946
345,1947
345,1948
345,1949
345,1950
345,1951
345,1952
345,1953
345,1954
345,1955
345,1956
345,1957
345,1958
345,1959
345,1960
345,1961
345,1962
345,1963
345,1964
345,1965
345,1966
345,1967
345,1968
345,1969
345,1970
345,1971
345,1972
345,1973
345,1974
345,1975
345,1976
345,1977
345,1978
345,1979
345,1980
345,1981
345,1982
345,1983
345,1984
345,1985
345,1986
345,1987
345,1988
345,1989
345,1990
345,1991
345,1992
345,1993
345,1994
345,1995
345,1996
345,1997
345,1998
345,1999
345,2000
