-225,21
-225,22
-225,23
-225,24
-225,25
-225,26
-225,27
-225,28
-225,29
-225,30
-225,31
-225,32
-225,33
-225,34
-225,35
-225,36
-225,37
-225,38
-225,39
-225,40
-225,41
-225,42
-225,43
-225,44
-225,45
-225,46
-225,47
-225,48
-225,49
-225,50
-225,51
-225,52
-225,53
-225,54
-225,55
-225,56
-225,57
-225,58
-225,59
-225,60
-225,61
-225,62
-225,63
-225,64
-225,65
-225,66
-225,67
-225,68
-225,69
-225,70
-225,71
-225,72
-225,73
-225,74
-225,75
-225,76
-225,77
-225,78
-225,79
-225,80
-225,81
-225,82
-225,83
-225,84
-225,85
-225,86
-225,87
-225,88
-225,89
-225,90
-225,91
-225,92
-225,93
-225,94
-225,95
-225,96
-225,97
-225,98
-225,99
-225,100
-225,101
-225,102
-225,103
-225,104
-225,105
-225,106
-225,107
-225,108
-225,109
-225,110
-225,111
-225,112
-225,113
-225,114
-225,115
-225,116
-225,117
-225,118
-225,119
-225,120
-225,121
-225,122
-225,123
-225,124
-225,125
-225,126
-225,127
-225,128
-225,129
-225,130
-225,131
-225,132
-225,133
-225,134
-225,135
-225,136
-225,137
-225,138
-225,139
-225,140
-225,141
-225,142
-225,143
-225,144
-225,145
-225,146
-225,147
-225,148
-225,149
-225,150
-225,151
-225,152
-225,153
-225,154
-225,155
-225,156
-225,157
-225,158
-225,159
-225,160
-225,161
-225,162
-225,163
-225,164
-225,165
-225,166
-225,167
-225,168
-225,169
-225,170
-225,171
-225,172
-225,173
-225,174
-225,175
-225,176
-225,177
:227_1,178
:227_1,179
:227_1,180
:227_1,181
:227_1,182
222,183
222,184
222,185
222,186
222,187
222,188
222,189
222,190
222,191
222,192
222,193
222,194
222,195
222,196
222,197
222,198
222,199
222,200
222,201
222,202
222,203
222,204
222,205
222,206
222,207
222,208
222,209
222,210
222,211
222,212
222,213
222,214
222,215
222,216
222,217
222,218
222,219
222,220
222,221
222,222
222,223
222,224
222,225
222,226
222,227
222,228
222,229
222,230
222,231
222,232
222,233
222,234
222,235
222,236
222,237
222,238
222,239
222,240
222,241
222,242
222,243
222,244
222,245
222,246
222,247
222,248
222,249
222,250
222,251
222,252
222,253
222,254
222,255
222,256
222,257
222,258
222,259
222,260
222,261
222,262
222,263
222,264
222,265
222,266
222,267
222,268
222,269
222,270
222,271
222,272
222,273
222,274
222,275
222,276
222,277
222,278
222,279
222,280
222,281
222,282
222,283
222,284
222,285
222,286
222,287
222,288
222,289
222,290
222,291
222,292
222,293
222,294
222,295
222,296
222,297
222,298
222,299
222,300
222,301
222,302
222,303
222,304
222,305
222,306
222,307
222,308
222,309
222,310
222,311
222,312
222,313
222,314
222,315
222,316
222,317
222,318
222,319
222,320
222,321
222,322
222,323
222,324
222,325
222,326
222,327
222,328
222,329
222,330
222,331
222,332
222,333
222,334
222,335
222,336
222,337
222,338
222,339
222,340
222,341
222,342
222,343
222,344
222,345
222,346
222,347
222,348
222,349
222,350
222,351
222,352
222,353
222,354
222,355
222,356
222,357
222,358
222,359
222,360
222,361
222,362
222,363
222,364
222,365
222,366
222,367
222,368
222,369
222,370
222,371
222,372
222,373
222,374
222,375
222,376
:228_4,377
:228_4,378
:228_4,379
:228_4,380
:228_4,381
:228_4,382
223,383
223,384
223,385
223,386
223,387
223,388
223,389
223,390
223,391
223,392
223,393
223,394
223,395
223,396
223,397
223,398
223,399
223,400
223,401
223,402
223,403
223,404
223,405
223,406
223,407
223,408
223,409
223,410
223,411
223,412
223,413
223,414
223,415
223,416
223,417
223,418
223,419
223,420
223,421
223,422
223,423
223,424
223,425
223,426
223,427
223,428
223,429
223,430
223,431
223,432
223,433
223,434
223,435
223,436
223,437
223,438
223,439
223,440
223,441
223,442
223,443
223,444
223,445
223,446
223,447
223,448
223,449
223,450
223,451
223,452
223,453
223,454
223,455
223,456
223,457
223,458
223,459
223,460
223,461
223,462
223,463
223,464
223,465
223,466
223,467
223,468
223,469
223,470
223,471
223,472
223,473
223,474
223,475
223,476
223,477
223,478
223,479
223,480
223,481
223,482
223,483
223,484
:229_4,485
:229_4,486
:229_4,487
:229_4,488
:229_4,489
:229_4,490
224,491
224,492
224,493
224,494
224,495
224,496
224,497
224,498
224,499
224,500
224,501
224,502
224,503
224,504
224,505
224,506
224,507
224,508
224,509
224,510
224,511
224,512
224,513
224,514
224,515
224,516
224,517
224,518
224,519
224,520
224,521
224,522
224,523
224,524
224,525
224,526
224,527
224,528
224,529
224,530
224,531
224,532
224,533
224,534
224,535
224,536
224,537
224,538
224,539
224,540
224,541
224,542
224,543
224,544
224,545
224,546
224,547
224,548
224,549
224,550
224,551
224,552
224,553
224,554
224,555
224,556
224,557
224,558
224,559
224,560
224,561
224,562
224,563
224,564
224,565
224,566
224,567
224,568
224,569
224,570
224,571
224,572
224,573
224,574
224,575
224,576
224,577
224,578
224,579
224,580
224,581
224,582
224,583
224,584
224,585
:230_1,586
:230_1,587
:230_1,588
:230_1,589
:230_1,590
:230_1,591
374,592
374,593
374,594
374,595
374,596
374,597
374,598
374,599
374,600
374,601
374,602
374,603
374,604
374,605
374,606
374,607
374,608
374,609
374,610
374,611
374,612
374,613
374,614
374,615
374,616
374,617
374,618
374,619
374,620
374,621
374,622
374,623
374,624
374,625
374,626
374,627
374,628
374,629
374,630
374,631
374,632
374,633
374,634
374,635
374,636
374,637
374,638
374,639
374,640
374,641
374,642
374,643
374,644
374,645
374,646
374,647
374,648
374,649
374,650
374,651
374,652
374,653
374,654
374,655
374,656
374,657
374,658
374,659
374,660
374,661
374,662
374,663
374,664
374,665
374,666
374,667
374,668
374,669
374,670
374,671
374,672
374,673
374,674
:340_0,675
:340_0,676
375,677
375,678
375,679
375,680
375,681
375,682
375,683
375,684
375,685
375,686
375,687
375,688
375,689
375,690
375,691
375,692
375,693
375,694
375,695
375,696
375,697
375,698
375,699
375,700
375,701
375,702
375,703
375,704
375,705
375,706
375,707
375,708
375,709
375,710
375,711
375,712
375,713
375,714
375,715
375,716
375,717
375,718
375,719
375,720
375,721
375,722
375,723
375,724
375,725
375,726
375,727
375,728
375,729
375,730
375,731
375,732
375,733
375,734
375,735
375,736
375,737
375,738
375,739
375,740
375,741
375,742
375,743
375,744
375,745
375,746
375,747
375,748
375,749
375,750
375,751
375,752
375,753
375,754
375,755
375,756
375,757
375,758
375,759
375,760
375,761
375,762
375,763
375,764
375,765
375,766
375,767
375,768
375,769
375,770
375,771
375,772
375,773
375,774
375,775
375,776
375,777
375,778
375,779
375,780
375,781
375,782
375,783
375,784
375,785
375,786
375,787
375,788
375,789
375,790
375,791
375,792
:15_1,793
:15_1,794
:15_1,795
:15_1,796
:15_1,797
:15_1,798
-13,799
-13,800
-13,801
-13,802
-13,803
-13,804
-13,805
-13,806
-13,807
-13,808
-13,809
-13,810
-13,811
-13,812
-13,813
-13,814
-13,815
-13,816
-13,817
-13,818
-13,819
-13,820
-13,821
-13,822
-13,823
-13,824
-13,825
-13,826
-13,827
-13,828
-13,829
-13,830
-13,831
-13,832
-13,833
-13,834
-13,835
-13,836
-13,837
-13,838
-13,839
-13,840
-13,841
-13,842
-13,843
-13,844
-13,845
-13,846
-13,847
-13,848
-13,849
-13,850
-13,851
-13,852
-13,853
-13,854
-13,855
-13,856
-13,857
-13,858
-13,859
-13,860
-13,861
-13,862
-13,863
-13,864
-13,865
-13,866
-13,867
-13,868
-13,869
-13,870
-13,871
-13,872
-13,873
-13,874
-13,875
-13,876
-13,877
-13,878
-13,879
-13,880
-13,881
-13,882
-13,883
-13,884
-13,885
-13,886
-13,887
-13,888
-13,889
-13,890
-13,891
-13,892
-13,893
-13,894
-13,895
-13,896
-13,897
-13,898
-13,899
-13,900
-13,901
-13,902
-13,903
-13,904
-13,905
-13,906
-13,907
:14_0,908
14,909
14,910
14,911
14,912
14,913
14,914
14,915
14,916
14,917
14,918
14,919
14,920
14,921
14,922
14,923
14,924
14,925
14,926
14,927
14,928
14,929
14,930
14,931
14,932
14,933
14,934
14,935
14,936
14,937
14,938
14,939
14,940
14,941
14,942
14,943
14,944
14,945
14,946
14,947
14,948
14,949
14,950
14,951
14,952
14,953
14,954
14,955
14,956
14,957
14,958
14,959
14,960
14,961
14,962
14,963
14,964
14,965
14,966
14,967
14,968
14,969
14,970
14,971
14,972
14,973
14,974
14,975
14,976
14,977
14,978
14,979
14,980
14,981
14,982
14,983
14,984
14,985
14,986
14,987
14,988
14,989
14,990
14,991
14,992
14,993
14,994
14,995
14,996
14,997
14,998
14,999
14,1000
14,1001
14,1002
14,1003
14,1004
14,1005
14,1006
14,1007
14,1008
14,1009
14,1010
14,1011
14,1012
14,1013
14,1014
14,1015
14,1016
14,1017
14,1018
14,1019
14,1020
14,1021
14,1022
14,1023
14,1024
14,1025
14,1026
14,1027
14,1028
14,1029
:16_4,1030
:16_4,1031
:16_4,1032
:16_4,1033
:16_4,1034
:16_4,1035
:16_4,1036
-210,1037
-210,1038
-210,1039
-210,1040
-210,1041
-210,1042
-210,1043
-210,1044
-210,1045
-210,1046
-210,1047
-210,1048
-210,1049
-210,1050
-210,1051
-210,1052
-210,1053
-210,1054
-210,1055
-210,1056
-210,1057
-210,1058
-210,1059
-210,1060
-210,1061
-210,1062
-210,1063
-210,1064
-210,1065
-210,1066
-210,1067
-210,1068
-210,1069
-210,1070
-210,1071
-210,1072
-210,1073
-210,1074
-210,1075
-210,1076
-210,1077
-210,1078
-210,1079
-210,1080
-210,1081
-210,1082
-210,1083
-210,1084
-210,1085
-210,1086
-210,1087
-210,1088
-210,1089
-210,1090
-210,1091
-210,1092
-210,1093
-210,1094
-210,1095
-210,1096
-210,1097
-210,1098
-210,1099
-210,1100
-210,1101
-210,1102
-210,1103
-210,1104
-210,1105
-210,1106
-210,1107
-210,1108
-210,1109
-210,1110
-210,1111
-210,1112
-210,1113
-210,1114
-210,1115
-210,1116
-210,1117
-210,1118
-210,1119
-210,1120
-210,1121
-210,1122
-210,1123
-210,1124
-210,1125
-210,1126
-210,1127
-210,1128
-210,1129
-210,1130
-210,1131
-210,1132
-210,1133
-210,1134
-210,1135
-210,1136
-210,1137
-210,1138
-210,1139
-210,1140
-210,1141
-210,1142
-210,1143
:29_5,1144
:29_5,1145
:29_5,1146
:29_5,1147
:29_5,1148
:29_5,1149
:29_5,1150
-25,1151
-25,1152
-25,1153
-25,1154
-25,1155
-25,1156
-25,1157
-25,1158
-25,1159
-25,1160
-25,1161
-25,1162
-25,1163
-25,1164
-25,1165
-25,1166
-25,1167
-25,1168
-25,1169
-25,1170
-25,1171
-25,1172
-25,1173
-25,1174
-25,1175
-25,1176
-25,1177
-25,1178
-25,1179
-25,1180
-25,1181
-25,1182
-25,1183
-25,1184
-25,1185
-25,1186
-25,1187
-25,1188
-25,1189
-25,1190
-25,1191
-25,1192
-25,1193
-25,1194
-25,1195
-25,1196
-25,1197
-25,1198
-25,1199
-25,1200
-25,1201
-25,1202
-25,1203
-25,1204
-25,1205
-25,1206
-25,1207
-25,1208
-25,1209
-25,1210
-25,1211
-25,1212
-25,1213
-25,1214
-25,1215
-25,1216
-25,1217
-25,1218
-25,1219
-25,1220
-25,1221
-25,1222
-25,1223
-25,1224
-25,1225
-25,1226
-25,1227
-25,1228
-25,1229
-25,1230
-25,1231
-25,1232
-25,1233
-25,1234
-25,1235
-25,1236
-25,1237
-25,1238
-25,1239
-25,1240
-25,1241
-25,1242
-25,1243
-25,1244
-25,1245
-25,1246
-25,1247
-25,1248
-25,1249
-25,1250
-25,1251
-25,1252
-25,1253
-25,1254
-25,1255
-25,1256
-25,1257
-25,1258
-25,1259
-25,1260
-25,1261
-25,1262
-25,1263
-25,1264
-25,1265
-25,1266
-25,1267
-25,1268
-25,1269
-25,1270
-25,1271
-25,1272
-25,1273
-25,1274
-25,1275
-25,1276
-25,1277
-25,1278
-25,1279
-25,1280
-25,1281
-25,1282
-25,1283
-25,1284
-25,1285
-25,1286
-25,1287
-25,1288
-25,1289
-25,1290
-25,1291
-25,1292
-25,1293
-25,1294
-25,1295
-25,1296
-25,1297
-25,1298
-25,1299
-25,1300
-25,1301
-25,1302
-25,1303
-25,1304
-25,1305
:24_5,1306
:24_5,1307
:24_5,1308
:24_5,1309
:24_5,1310
:24_5,1311
-20,1312
-20,1313
-20,1314
-20,1315
-20,1316
-20,1317
-20,1318
-20,1319
-20,1320
-20,1321
-20,1322
-20,1323
-20,1324
-20,1325
-20,1326
-20,1327
-20,1328
-20,1329
-20,1330
-20,1331
-20,1332
-20,1333
-20,1334
-20,1335
-20,1336
-20,1337
-20,1338
-20,1339
-20,1340
-20,1341
-20,1342
-20,1343
-20,1344
-20,1345
-20,1346
-20,1347
-20,1348
-20,1349
-20,1350
-20,1351
-20,1352
-20,1353
-20,1354
-20,1355
-20,1356
-20,1357
-20,1358
-20,1359
-20,1360
-20,1361
-20,1362
-20,1363
-20,1364
-20,1365
-20,1366
-20,1367
-20,1368
-20,1369
-20,1370
-20,1371
-20,1372
-20,1373
-20,1374
-20,1375
-20,1376
-20,1377
-20,1378
-20,1379
-20,1380
-20,1381
-20,1382
-20,1383
-20,1384
-20,1385
-20,1386
-20,1387
-20,1388
-20,1389
-20,1390
-20,1391
-20,1392
-20,1393
-20,1394
-20,1395
-20,1396
-20,1397
-20,1398
-20,1399
-20,1400
-20,1401
-20,1402
-20,1403
-20,1404
-20,1405
-20,1406
-20,1407
-20,1408
-20,1409
-20,1410
-20,1411
-20,1412
-20,1413
:23_4,1414
:23_4,1415
:23_4,1416
:23_4,1417
:23_4,1418
:23_4,1419
:23_4,1420
-19,1421
-19,1422
-19,1423
-19,1424
-19,1425
-19,1426
-19,1427
-19,1428
-19,1429
-19,1430
-19,1431
-19,1432
-19,1433
-19,1434
-19,1435
-19,1436
-19,1437
-19,1438
-19,1439
-19,1440
-19,1441
-19,1442
-19,1443
-19,1444
-19,1445
-19,1446
-19,1447
-19,1448
-19,1449
-19,1450
-19,1451
-19,1452
-19,1453
-19,1454
-19,1455
-19,1456
-19,1457
-19,1458
-19,1459
-19,1460
-19,1461
-19,1462
-19,1463
-19,1464
-19,1465
-19,1466
-19,1467
-19,1468
-19,1469
-19,1470
-19,1471
-19,1472
-19,1473
-19,1474
-19,1475
-19,1476
-19,1477
-19,1478
-19,1479
-19,1480
-19,1481
-19,1482
-19,1483
-19,1484
-19,1485
-19,1486
-19,1487
-19,1488
-19,1489
-19,1490
-19,1491
-19,1492
-19,1493
-19,1494
-19,1495
-19,1496
-19,1497
-19,1498
-19,1499
-19,1500
-19,1501
-19,1502
-19,1503
-19,1504
-19,1505
-19,1506
-19,1507
-19,1508
-19,1509
-19,1510
-19,1511
-19,1512
-19,1513
-19,1514
-19,1515
-19,1516
-19,1517
-19,1518
-19,1519
-19,1520
-19,1521
-19,1522
-19,1523
-19,1524
-19,1525
-19,1526
:22_1,1527
:22_1,1528
:22_1,1529
:22_1,1530
:22_1,1531
:22_1,1532
23,1533
23,1534
23,1535
23,1536
23,1537
23,1538
23,1539
23,1540
23,1541
23,1542
23,1543
23,1544
23,1545
23,1546
23,1547
23,1548
23,1549
23,1550
23,1551
23,1552
23,1553
23,1554
23,1555
23,1556
23,1557
23,1558
23,1559
23,1560
23,1561
23,1562
23,1563
23,1564
23,1565
23,1566
23,1567
23,1568
23,1569
23,1570
23,1571
23,1572
23,1573
23,1574
23,1575
23,1576
23,1577
23,1578
23,1579
23,1580
23,1581
23,1582
23,1583
23,1584
23,1585
23,1586
23,1587
23,1588
23,1589
23,1590
23,1591
23,1592
23,1593
23,1594
23,1595
23,1596
23,1597
23,1598
23,1599
23,1600
23,1601
23,1602
23,1603
23,1604
23,1605
23,1606
23,1607
23,1608
23,1609
23,1610
23,1611
23,1612
23,1613
23,1614
23,1615
23,1616
23,1617
23,1618
23,1619
23,1620
23,1621
23,1622
23,1623
23,1624
23,1625
23,1626
23,1627
23,1628
23,1629
23,1630
23,1631
23,1632
23,1633
23,1634
23,1635
23,1636
23,1637
23,1638
23,1639
23,1640
23,1641
23,1642
23,1643
23,1644
23,1645
23,1646
23,1647
23,1648
23,1649
23,1650
23,1651
23,1652
23,1653
23,1654
23,1655
23,1656
23,1657
23,1658
23,1659
23,1660
23,1661
23,1662
23,1663
23,1664
23,1665
23,1666
23,1667
23,1668
23,1669
23,1670
23,1671
23,1672
23,1673
23,1674
23,1675
23,1676
23,1677
23,1678
23,1679
23,1680
23,1681
23,1682
23,1683
23,1684
23,1685
23,1686
23,1687
23,1688
23,1689
23,1690
23,1691
23,1692
23,1693
23,1694
23,1695
23,1696
23,1697
23,1698
23,1699
23,1700
23,1701
23,1702
23,1703
23,1704
23,1705
23,1706
23,1707
23,1708
23,1709
23,1710
23,1711
23,1712
23,1713
23,1714
23,1715
23,1716
23,1717
23,1718
23,1719
23,1720
23,1721
23,1722
23,1723
23,1724
23,1725
23,1726
23,1727
23,1728
23,1729
23,1730
23,1731
23,1732
:27_1,1733
:27_1,1734
:27_1,1735
:27_1,1736
:27_1,1737
:27_1,1738
87,1739
87,1740
87,1741
87,1742
87,1743
87,1744
87,1745
87,1746
87,1747
87,1748
87,1749
87,1750
87,1751
87,1752
87,1753
87,1754
87,1755
87,1756
87,1757
87,1758
87,1759
87,1760
87,1761
87,1762
87,1763
87,1764
87,1765
87,1766
87,1767
87,1768
87,1769
87,1770
87,1771
87,1772
87,1773
87,1774
87,1775
87,1776
87,1777
87,1778
87,1779
87,1780
87,1781
87,1782
87,1783
87,1784
87,1785
87,1786
87,1787
87,1788
87,1789
87,1790
87,1791
87,1792
87,1793
87,1794
87,1795
87,1796
87,1797
87,1798
87,1799
87,1800
87,1801
87,1802
87,1803
87,1804
87,1805
87,1806
87,1807
87,1808
87,1809
87,1810
87,1811
87,1812
87,1813
87,1814
87,1815
87,1816
87,1817
87,1818
87,1819
87,1820
87,1821
87,1822
87,1823
87,1824
87,1825
87,1826
87,1827
87,1828
87,1829
87,1830
87,1831
87,1832
87,1833
87,1834
87,1835
87,1836
87,1837
87,1838
87,1839
87,1840
87,1841
87,1842
87,1843
87,1844
87,1845
87,1846
87,1847
87,1848
87,1849
87,1850
87,1851
87,1852
87,1853
87,1854
87,1855
87,1856
87,1857
87,1858
87,1859
87,1860
87,1861
87,1862
87,1863
87,1864
87,1865
87,1866
87,1867
87,1868
87,1869
87,1870
87,1871
87,1872
87,1873
87,1874
87,1875
87,1876
87,1877
87,1878
87,1879
87,1880
87,1881
87,1882
87,1883
87,1884
87,1885
87,1886
87,1887
87,1888
87,1889
87,1890
87,1891
87,1892
87,1893
87,1894
87,1895
87,1896
87,1897
87,1898
87,1899
87,1900
87,1901
87,1902
87,1903
87,1904
87,1905
87,1906
87,1907
87,1908
87,1909
87,1910
87,1911
87,1912
87,1913
87,1914
87,1915
87,1916
87,1917
87,1918
87,1919
:102_0,1920
:102_0,1921
:102_0,1922
:102_0,1923
:102_0,1924
:102_0,1925
-159,1926
-159,1927
-159,1928
-159,1929
-159,1930
-159,1931
-159,1932
-159,1933
-159,1934
-159,1935
-159,1936
-159,1937
-159,1938
-159,1939
-159,1940
-159,1941
-159,1942
-159,1943
-159,1944
-159,1945
-159,1946
-159,1947
-159,1948
-159,1949
-159,1950
-159,1951
-159,1952
-159,1953
-159,1954
-159,1955
-159,1956
-159,1957
-159,1958
-159,1959
-159,1960
-159,1961
-159,1962
-159,1963
-159,1964
-159,1965
-159,1966
-159,1967
-159,1968
-159,1969
-159,1970
-159,1971
-159,1972
-159,1973
-159,1974
-159,1975
-159,1976
-159,1977
-159,1978
-159,1979
-159,1980
-159,1981
-159,1982
-159,1983
-159,1984
-159,1985
-159,1986
-159,1987
-159,1988
-159,1989
-159,1990
-159,1991
-159,1992
-159,1993
-159,1994
-159,1995
-159,1996
-159,1997
-159,1998
-159,1999
-159,2000
