-593,1
-593,2
-593,3
-593,4
-593,5
-593,6
-593,7
-593,8
-593,9
-593,10
-593,11
-593,12
-593,13
-593,14
-593,15
-593,16
-593,17
-593,18
-593,19
-593,20
-593,21
-593,22
-593,23
-593,24
-593,25
-593,26
-593,27
-593,28
-593,29
-593,30
-593,31
-593,32
-593,33
-593,34
-593,35
-593,36
-593,37
-593,38
-593,39
-593,40
-593,41
-593,42
-593,43
-593,44
-593,45
-593,46
-593,47
-593,48
-593,49
-593,50
-593,51
-593,52
-593,53
-593,54
-593,55
-593,56
-593,57
-593,58
-593,59
-593,60
-593,61
-593,62
-593,63
-593,64
-593,65
-593,66
-593,67
-593,68
-593,69
-593,70
-593,71
-593,72
-593,73
-593,74
-593,75
-593,76
-593,77
-593,78
-593,79
-593,80
-593,81
-593,82
-593,83
-593,84
-593,85
-593,86
-593,87
-593,88
-593,89
-593,90
-593,91
-593,92
-593,93
-593,94
-593,95
-593,96
-593,97
:419_6,98
:419_6,99
:419_6,100
-592,101
-592,102
-592,103
-592,104
-592,105
-592,106
-592,107
-592,108
-592,109
-592,110
-592,111
-592,112
-592,113
-592,114
-592,115
-592,116
-592,117
-592,118
-592,119
-592,120
-592,121
-592,122
-592,123
-592,124
-592,125
-592,126
-592,127
-592,128
-592,129
-592,130
-592,131
-592,132
-592,133
-592,134
-592,135
-592,136
-592,137
-592,138
-592,139
-592,140
-592,141
-592,142
-592,143
-592,144
-592,145
-592,146
-592,147
-592,148
-592,149
-592,150
-592,151
-592,152
-592,153
-592,154
-592,155
-592,156
-592,157
-592,158
-592,159
-592,160
-592,161
-592,162
-592,163
-592,164
-592,165
-592,166
-592,167
-592,168
-592,169
-592,170
-592,171
-592,172
-592,173
-592,174
-592,175
-592,176
-592,177
-592,178
:89_1,179
:89_1,180
-77,181
-77,182
-77,183
-77,184
-77,185
-77,186
-77,187
-77,188
-77,189
-77,190
-77,191
-77,192
-77,193
-77,194
-77,195
-77,196
-77,197
-77,198
-77,199
-77,200
-77,201
-77,202
-77,203
-77,204
-77,205
-77,206
-77,207
-77,208
-77,209
-77,210
-77,211
-77,212
-77,213
-77,214
-77,215
-77,216
-77,217
-77,218
-77,219
-77,220
-77,221
-77,222
-77,223
-77,224
-77,225
-77,226
-77,227
-77,228
-77,229
-77,230
-77,231
:19_8,232
:19_8,233
:19_8,234
:19_8,235
-16,236
-16,237
-16,238
-16,239
-16,240
-16,241
-16,242
-16,243
-16,244
-16,245
-16,246
-16,247
-16,248
-16,249
-16,250
-16,251
-16,252
-16,253
-16,254
-16,255
-16,256
-16,257
-16,258
-16,259
-16,260
-16,261
-16,262
-16,263
-16,264
-16,265
-16,266
-16,267
-16,268
-16,269
-16,270
-16,271
-16,272
-16,273
-16,274
-16,275
-16,276
-16,277
-16,278
-16,279
-16,280
-16,281
-16,282
-16,283
-16,284
-16,285
-16,286
-16,287
-16,288
-16,289
-16,290
-15,291
-15,292
-15,293
-15,294
-15,295
-15,296
-15,297
-15,298
-15,299
-15,300
-15,301
-15,302
-15,303
-15,304
-15,305
-15,306
-15,307
-15,308
-15,309
-15,310
-15,311
-15,312
-15,313
-15,314
-15,315
-15,316
-15,317
-15,318
-15,319
-15,320
-15,321
-15,322
-15,323
-15,324
-15,325
-15,326
-15,327
-15,328
-15,329
-15,330
-15,331
-15,332
-15,333
-15,334
-15,335
-15,336
-15,337
-15,338
-15,339
-15,340
-15,341
-15,342
-15,343
-15,344
-15,345
-15,346
-15,347
-15,348
-15,349
-15,350
-15,351
-15,352
-15,353
-15,354
-15,355
-15,356
-15,357
-15,358
-15,359
-15,360
-15,361
-15,362
-15,363
-15,364
-15,365
-15,366
-15,367
-15,368
-15,369
-15,370
-15,371
-15,372
-15,373
-15,374
-15,375
-15,376
-15,377
-15,378
-15,379
-15,380
-15,381
-15,382
-15,383
-15,384
-15,385
-15,386
-15,387
-15,388
-15,389
-15,390
-15,391
17,392
17,393
17,394
17,395
17,396
17,397
17,398
17,399
17,400
17,401
17,402
17,403
17,404
17,405
17,406
17,407
17,408
17,409
17,410
17,411
17,412
17,413
17,414
17,415
17,416
17,417
17,418
17,419
17,420
17,421
17,422
17,423
17,424
17,425
17,426
17,427
17,428
17,429
17,430
17,431
17,432
17,433
17,434
17,435
17,436
17,437
17,438
17,439
17,440
17,441
17,442
17,443
17,444
17,445
17,446
17,447
17,448
17,449
17,450
17,451
17,452
17,453
17,454
17,455
17,456
17,457
17,458
17,459
17,460
17,461
17,462
17,463
17,464
17,465
17,466
17,467
17,468
17,469
17,470
17,471
17,472
17,473
17,474
17,475
17,476
17,477
17,478
17,479
17,480
17,481
17,482
17,483
17,484
17,485
17,486
17,487
:20_4,488
:20_4,489
:20_4,490
:20_4,491
18,492
18,493
18,494
18,495
18,496
18,497
18,498
18,499
18,500
18,501
18,502
18,503
18,504
18,505
18,506
18,507
18,508
18,509
18,510
18,511
18,512
18,513
18,514
18,515
18,516
18,517
18,518
18,519
18,520
18,521
18,522
18,523
18,524
18,525
18,526
18,527
18,528
18,529
18,530
18,531
18,532
18,533
18,534
18,535
18,536
18,537
18,538
18,539
18,540
18,541
18,542
18,543
18,544
18,545
18,546
18,547
18,548
18,549
18,550
18,551
18,552
18,553
18,554
18,555
18,556
18,557
18,558
18,559
18,560
18,561
18,562
18,563
18,564
18,565
18,566
18,567
18,568
18,569
18,570
18,571
18,572
18,573
18,574
18,575
18,576
18,577
18,578
18,579
18,580
18,581
18,582
18,583
18,584
18,585
18,586
18,587
18,588
18,589
:21_4,590
:21_4,591
:21_4,592
:21_4,593
:21_4,594
257,595
257,596
257,597
257,598
257,599
257,600
257,601
257,602
257,603
257,604
257,605
257,606
257,607
257,608
257,609
257,610
257,611
257,612
257,613
257,614
257,615
257,616
257,617
257,618
257,619
257,620
257,621
257,622
257,623
257,624
257,625
257,626
257,627
257,628
257,629
257,630
257,631
257,632
257,633
257,634
257,635
257,636
257,637
257,638
257,639
257,640
257,641
257,642
257,643
257,644
257,645
257,646
257,647
257,648
257,649
257,650
257,651
257,652
257,653
257,654
257,655
257,656
257,657
257,658
257,659
257,660
257,661
257,662
257,663
257,664
257,665
257,666
257,667
257,668
257,669
257,670
257,671
257,672
257,673
257,674
257,675
257,676
257,677
257,678
257,679
257,680
257,681
257,682
257,683
257,684
257,685
257,686
257,687
257,688
257,689
257,690
257,691
257,692
257,693
257,694
257,695
257,696
257,697
257,698
257,699
257,700
257,701
257,702
257,703
257,704
257,705
257,706
257,707
257,708
257,709
257,710
257,711
257,712
257,713
257,714
257,715
257,716
257,717
257,718
257,719
257,720
257,721
257,722
257,723
257,724
257,725
257,726
257,727
257,728
257,729
257,730
257,731
257,732
257,733
257,734
257,735
257,736
257,737
257,738
257,739
257,740
257,741
257,742
257,743
257,744
257,745
257,746
257,747
257,748
257,749
257,750
257,751
257,752
:231_4,753
:231_4,754
:231_4,755
:231_4,756
:231_4,757
-225,758
-225,759
-225,760
-225,761
-225,762
-225,763
-225,764
-225,765
-225,766
-225,767
-225,768
-225,769
-225,770
-225,771
-225,772
-225,773
-225,774
-225,775
-225,776
-225,777
-225,778
-225,779
-225,780
-225,781
-225,782
-225,783
-225,784
-225,785
-225,786
-225,787
-225,788
-225,789
-225,790
-225,791
-225,792
-225,793
-225,794
-225,795
-225,796
-225,797
-225,798
-225,799
-225,800
-225,801
-225,802
-225,803
-225,804
-225,805
-225,806
-225,807
-225,808
-225,809
-225,810
-225,811
-225,812
-225,813
-225,814
-225,815
-225,816
-225,817
-225,818
-225,819
-225,820
-225,821
-225,822
-225,823
-225,824
-225,825
-225,826
-225,827
-225,828
-225,829
-225,830
-225,831
-225,832
-225,833
-225,834
-225,835
-225,836
-225,837
-225,838
-225,839
-225,840
-225,841
-225,842
-225,843
-225,844
-225,845
-225,846
-225,847
-225,848
-225,849
-225,850
-225,851
-225,852
-225,853
-225,854
-225,855
-225,856
-225,857
-225,858
-225,859
-225,860
-225,861
-225,862
-225,863
-225,864
-225,865
-225,866
-225,867
-225,868
-225,869
-225,870
-225,871
-225,872
-225,873
-225,874
-225,875
-225,876
-225,877
-225,878
-225,879
-225,880
-225,881
-225,882
-225,883
-225,884
-225,885
-225,886
-225,887
-225,888
-225,889
-225,890
-225,891
-225,892
-225,893
-225,894
-225,895
-225,896
-225,897
-225,898
-225,899
-225,900
-225,901
-225,902
-225,903
-225,904
-225,905
-225,906
-225,907
-225,908
:227_1,909
:227_1,910
:227_1,911
:227_1,912
:227_1,913
222,914
222,915
222,916
222,917
222,918
222,919
222,920
222,921
222,922
222,923
222,924
222,925
222,926
222,927
222,928
222,929
222,930
222,931
222,932
222,933
222,934
222,935
222,936
222,937
222,938
222,939
222,940
222,941
222,942
222,943
222,944
222,945
222,946
222,947
222,948
222,949
222,950
222,951
222,952
222,953
222,954
222,955
222,956
222,957
222,958
222,959
222,960
222,961
222,962
222,963
222,964
222,965
222,966
222,967
222,968
222,969
222,970
222,971
222,972
222,973
222,974
222,975
222,976
222,977
222,978
222,979
222,980
222,981
222,982
222,983
222,984
222,985
222,986
222,987
222,988
222,989
222,990
222,991
222,992
222,993
222,994
222,995
222,996
222,997
222,998
222,999
222,1000
222,1001
222,1002
222,1003
222,1004
222,1005
222,1006
222,1007
222,1008
222,1009
222,1010
222,1011
222,1012
222,1013
222,1014
222,1015
222,1016
222,1017
222,1018
222,1019
222,1020
222,1021
222,1022
222,1023
222,1024
222,1025
222,1026
222,1027
222,1028
222,1029
222,1030
222,1031
222,1032
222,1033
222,1034
222,1035
222,1036
222,1037
222,1038
222,1039
222,1040
222,1041
222,1042
222,1043
222,1044
222,1045
222,1046
222,1047
222,1048
222,1049
222,1050
222,1051
222,1052
222,1053
222,1054
222,1055
222,1056
222,1057
222,1058
222,1059
222,1060
222,1061
222,1062
222,1063
222,1064
222,1065
222,1066
222,1067
222,1068
222,1069
222,1070
222,1071
222,1072
222,1073
222,1074
222,1075
222,1076
222,1077
222,1078
222,1079
222,1080
222,1081
222,1082
222,1083
222,1084
222,1085
222,1086
222,1087
222,1088
222,1089
222,1090
222,1091
222,1092
222,1093
222,1094
222,1095
222,1096
222,1097
222,1098
222,1099
222,1100
222,1101
222,1102
222,1103
222,1104
222,1105
:228_4,1106
:228_4,1107
:228_4,1108
:228_4,1109
:228_4,1110
:228_4,1111
223,1112
223,1113
223,1114
223,1115
223,1116
223,1117
223,1118
223,1119
223,1120
223,1121
223,1122
223,1123
223,1124
223,1125
223,1126
223,1127
223,1128
223,1129
223,1130
223,1131
223,1132
223,1133
223,1134
223,1135
223,1136
223,1137
223,1138
223,1139
223,1140
223,1141
223,1142
223,1143
223,1144
223,1145
223,1146
223,1147
223,1148
223,1149
223,1150
223,1151
223,1152
223,1153
223,1154
223,1155
223,1156
223,1157
223,1158
223,1159
223,1160
223,1161
223,1162
223,1163
223,1164
223,1165
223,1166
223,1167
223,1168
223,1169
223,1170
223,1171
223,1172
223,1173
223,1174
223,1175
223,1176
223,1177
223,1178
223,1179
223,1180
223,1181
223,1182
223,1183
223,1184
223,1185
223,1186
223,1187
223,1188
223,1189
223,1190
223,1191
223,1192
223,1193
223,1194
223,1195
223,1196
223,1197
223,1198
223,1199
223,1200
223,1201
223,1202
223,1203
223,1204
223,1205
223,1206
223,1207
223,1208
223,1209
223,1210
223,1211
223,1212
223,1213
223,1214
223,1215
223,1216
:229_4,1217
:229_4,1218
:229_4,1219
:229_4,1220
:229_4,1221
:229_4,1222
:229_4,1223
224,1224
224,1225
224,1226
224,1227
224,1228
224,1229
224,1230
224,1231
224,1232
224,1233
224,1234
224,1235
224,1236
224,1237
224,1238
224,1239
224,1240
224,1241
224,1242
224,1243
224,1244
224,1245
224,1246
224,1247
224,1248
224,1249
224,1250
224,1251
224,1252
224,1253
224,1254
224,1255
224,1256
224,1257
224,1258
224,1259
224,1260
224,1261
224,1262
224,1263
224,1264
224,1265
224,1266
224,1267
224,1268
224,1269
224,1270
224,1271
224,1272
224,1273
224,1274
224,1275
224,1276
224,1277
224,1278
224,1279
224,1280
224,1281
224,1282
224,1283
224,1284
224,1285
224,1286
224,1287
224,1288
224,1289
224,1290
224,1291
224,1292
224,1293
224,1294
224,1295
224,1296
224,1297
224,1298
224,1299
224,1300
224,1301
224,1302
224,1303
224,1304
224,1305
224,1306
224,1307
224,1308
224,1309
224,1310
224,1311
224,1312
224,1313
224,1314
224,1315
224,1316
224,1317
224,1318
224,1319
224,1320
:230_1,1321
:230_1,1322
:230_1,1323
:230_1,1324
:230_1,1325
:230_1,1326
:230_1,1327
374,1328
374,1329
374,1330
374,1331
374,1332
374,1333
374,1334
374,1335
374,1336
374,1337
374,1338
374,1339
374,1340
374,1341
374,1342
374,1343
374,1344
374,1345
374,1346
374,1347
374,1348
374,1349
374,1350
374,1351
374,1352
374,1353
374,1354
374,1355
374,1356
374,1357
374,1358
374,1359
374,1360
374,1361
374,1362
374,1363
374,1364
374,1365
374,1366
374,1367
374,1368
374,1369
374,1370
374,1371
374,1372
374,1373
374,1374
374,1375
374,1376
374,1377
374,1378
374,1379
374,1380
374,1381
374,1382
374,1383
374,1384
374,1385
374,1386
374,1387
374,1388
374,1389
374,1390
374,1391
374,1392
374,1393
374,1394
374,1395
374,1396
374,1397
374,1398
374,1399
374,1400
374,1401
374,1402
374,1403
374,1404
374,1405
374,1406
374,1407
374,1408
374,1409
374,1410
374,1411
374,1412
374,1413
:340_0,1414
375,1415
375,1416
375,1417
375,1418
375,1419
375,1420
375,1421
375,1422
375,1423
375,1424
375,1425
375,1426
375,1427
375,1428
375,1429
375,1430
375,1431
375,1432
375,1433
375,1434
375,1435
375,1436
375,1437
375,1438
375,1439
375,1440
375,1441
375,1442
375,1443
375,1444
375,1445
375,1446
375,1447
375,1448
375,1449
375,1450
375,1451
375,1452
375,1453
375,1454
375,1455
375,1456
375,1457
375,1458
375,1459
375,1460
375,1461
375,1462
375,1463
375,1464
375,1465
375,1466
375,1467
375,1468
375,1469
375,1470
375,1471
375,1472
375,1473
375,1474
375,1475
375,1476
375,1477
375,1478
375,1479
375,1480
375,1481
375,1482
375,1483
375,1484
375,1485
375,1486
375,1487
375,1488
375,1489
375,1490
375,1491
375,1492
375,1493
375,1494
375,1495
375,1496
375,1497
375,1498
375,1499
375,1500
375,1501
375,1502
375,1503
375,1504
375,1505
375,1506
375,1507
375,1508
375,1509
375,1510
375,1511
375,1512
375,1513
375,1514
375,1515
375,1516
375,1517
375,1518
375,1519
375,1520
375,1521
375,1522
375,1523
375,1524
375,1525
375,1526
375,1527
375,1528
375,1529
375,1530
375,1531
375,1532
375,1533
375,1534
:15_1,1535
:15_1,1536
:15_1,1537
:15_1,1538
:15_1,1539
:15_1,1540
-13,1541
-13,1542
-13,1543
-13,1544
-13,1545
-13,1546
-13,1547
-13,1548
-13,1549
-13,1550
-13,1551
-13,1552
-13,1553
-13,1554
-13,1555
-13,1556
-13,1557
-13,1558
-13,1559
-13,1560
-13,1561
-13,1562
-13,1563
-13,1564
-13,1565
-13,1566
-13,1567
-13,1568
-13,1569
-13,1570
-13,1571
-13,1572
-13,1573
-13,1574
-13,1575
-13,1576
-13,1577
-13,1578
-13,1579
-13,1580
-13,1581
-13,1582
-13,1583
-13,1584
-13,1585
-13,1586
-13,1587
-13,1588
-13,1589
-13,1590
-13,1591
-13,1592
-13,1593
-13,1594
-13,1595
-13,1596
-13,1597
-13,1598
-13,1599
-13,1600
-13,1601
-13,1602
-13,1603
-13,1604
-13,1605
-13,1606
-13,1607
-13,1608
-13,1609
-13,1610
-13,1611
-13,1612
-13,1613
-13,1614
-13,1615
-13,1616
-13,1617
-13,1618
-13,1619
-13,1620
-13,1621
-13,1622
-13,1623
-13,1624
-13,1625
-13,1626
-13,1627
-13,1628
-13,1629
-13,1630
-13,1631
-13,1632
-13,1633
-13,1634
-13,1635
-13,1636
-13,1637
-13,1638
-13,1639
-13,1640
-13,1641
-13,1642
-13,1643
-13,1644
-13,1645
-13,1646
-13,1647
-13,1648
-13,1649
-13,1650
-13,1651
-13,1652
-13,1653
:14_0,1654
14,1655
14,1656
14,1657
14,1658
14,1659
14,1660
14,1661
14,1662
14,1663
14,1664
14,1665
14,1666
14,1667
14,1668
14,1669
14,1670
14,1671
14,1672
14,1673
14,1674
14,1675
14,1676
14,1677
14,1678
14,1679
14,1680
14,1681
14,1682
14,1683
14,1684
14,1685
14,1686
14,1687
14,1688
14,1689
14,1690
14,1691
14,1692
14,1693
14,1694
14,1695
14,1696
14,1697
14,1698
14,1699
14,1700
14,1701
14,1702
14,1703
14,1704
14,1705
14,1706
14,1707
14,1708
14,1709
14,1710
14,1711
14,1712
14,1713
14,1714
14,1715
14,1716
14,1717
14,1718
14,1719
14,1720
14,1721
14,1722
14,1723
14,1724
14,1725
14,1726
14,1727
14,1728
14,1729
14,1730
14,1731
14,1732
14,1733
14,1734
14,1735
14,1736
14,1737
14,1738
14,1739
14,1740
14,1741
14,1742
14,1743
14,1744
14,1745
14,1746
14,1747
14,1748
14,1749
14,1750
14,1751
14,1752
14,1753
14,1754
14,1755
14,1756
14,1757
14,1758
14,1759
14,1760
14,1761
14,1762
14,1763
14,1764
14,1765
14,1766
14,1767
14,1768
14,1769
14,1770
14,1771
14,1772
14,1773
14,1774
14,1775
14,1776
14,1777
14,1778
14,1779
:16_4,1780
:16_4,1781
:16_4,1782
:16_4,1783
:16_4,1784
:16_4,1785
-210,1786
-210,1787
-210,1788
-210,1789
-210,1790
-210,1791
-210,1792
-210,1793
-210,1794
-210,1795
-210,1796
-210,1797
-210,1798
-210,1799
-210,1800
-210,1801
-210,1802
-210,1803
-210,1804
-210,1805
-210,1806
-210,1807
-210,1808
-210,1809
-210,1810
-210,1811
-210,1812
-210,1813
-210,1814
-210,1815
-210,1816
-210,1817
-210,1818
-210,1819
-210,1820
-210,1821
-210,1822
-210,1823
-210,1824
-210,1825
-210,1826
-210,1827
-210,1828
-210,1829
-210,1830
-210,1831
-210,1832
-210,1833
-210,1834
-210,1835
-210,1836
-210,1837
-210,1838
-210,1839
-210,1840
-210,1841
-210,1842
-210,1843
-210,1844
-210,1845
-210,1846
-210,1847
-210,1848
-210,1849
-210,1850
-210,1851
-210,1852
-210,1853
-210,1854
-210,1855
-210,1856
-210,1857
-210,1858
-210,1859
-210,1860
-210,1861
-210,1862
-210,1863
-210,1864
-210,1865
-210,1866
-210,1867
-210,1868
-210,1869
-210,1870
-210,1871
-210,1872
-210,1873
-210,1874
-210,1875
-210,1876
-210,1877
-210,1878
-210,1879
-210,1880
-210,1881
-210,1882
-210,1883
-210,1884
-210,1885
-210,1886
-210,1887
-210,1888
-210,1889
-210,1890
-210,1891
-210,1892
-210,1893
-210,1894
-210,1895
-210,1896
:29_5,1897
:29_5,1898
:29_5,1899
:29_5,1900
:29_5,1901
:29_5,1902
-25,1903
-25,1904
-25,1905
-25,1906
-25,1907
-25,1908
-25,1909
-25,1910
-25,1911
-25,1912
-25,1913
-25,1914
-25,1915
-25,1916
-25,1917
-25,1918
-25,1919
-25,1920
-25,1921
-25,1922
-25,1923
-25,1924
-25,1925
-25,1926
-25,1927
-25,1928
-25,1929
-25,1930
-25,1931
-25,1932
-25,1933
-25,1934
-25,1935
-25,1936
-25,1937
-25,1938
-25,1939
-25,1940
-25,1941
-25,1942
-25,1943
-25,1944
-25,1945
-25,1946
-25,1947
-25,1948
-25,1949
-25,1950
-25,1951
-25,1952
-25,1953
-25,1954
-25,1955
-25,1956
-25,1957
-25,1958
-25,1959
-25,1960
-25,1961
-25,1962
-25,1963
-25,1964
-25,1965
-25,1966
-25,1967
-25,1968
-25,1969
-25,1970
-25,1971
-25,1972
-25,1973
-25,1974
-25,1975
-25,1976
-25,1977
-25,1978
-25,1979
-25,1980
-25,1981
-25,1982
-25,1983
-25,1984
-25,1985
-25,1986
-25,1987
-25,1988
-25,1989
-25,1990
-25,1991
-25,1992
-25,1993
-25,1994
-25,1995
-25,1996
-25,1997
-25,1998
-25,1999
-25,2000
