153,1
153,2
153,3
153,4
153,5
153,6
153,7
153,8
153,9
153,10
153,11
153,12
153,13
153,14
153,15
153,16
153,17
153,18
153,19
153,20
153,21
153,22
153,23
153,24
153,25
153,26
153,27
153,28
153,29
153,30
153,31
153,32
153,33
153,34
153,35
153,36
153,37
153,38
153,39
153,40
153,41
153,42
153,43
153,44
153,45
153,46
153,47
153,48
153,49
153,50
153,51
153,52
153,53
153,54
153,55
153,56
153,57
153,58
153,59
153,60
153,61
153,62
153,63
153,64
153,65
153,66
153,67
153,68
153,69
153,70
153,71
153,72
153,73
153,74
153,75
153,76
153,77
153,78
153,79
153,80
153,81
153,82
153,83
153,84
153,85
153,86
153,87
153,88
153,89
153,90
153,91
153,92
153,93
153,94
153,95
153,96
153,97
153,98
153,99
153,100
153,101
153,102
153,103
153,104
153,105
153,106
153,107
153,108
153,109
153,110
153,111
153,112
153,113
153,114
153,115
153,116
153,117
153,118
153,119
153,120
153,121
153,122
153,123
153,124
153,125
153,126
153,127
153,128
153,129
153,130
153,131
:169_7,132
:169_7,133
:169_7,134
:169_7,135
:169_7,136
:169_7,137
-399,138
-399,139
-399,140
-399,141
-399,142
-399,143
-399,144
-399,145
-399,146
-399,147
-399,148
-399,149
-399,150
-399,151
-399,152
-399,153
-399,154
-399,155
-399,156
-399,157
-399,158
-399,159
-399,160
-399,161
-399,162
-399,163
-399,164
-399,165
-399,166
-399,167
-399,168
-399,169
-399,170
-399,171
-399,172
-399,173
-399,174
-399,175
-399,176
-399,177
-399,178
-399,179
-399,180
-399,181
-399,182
-399,183
-399,184
-399,185
-399,186
-399,187
-399,188
-399,189
-399,190
-399,191
-399,192
-399,193
-399,194
-399,195
-399,196
-399,197
-399,198
-399,199
-399,200
-399,201
-399,202
-399,203
-399,204
-399,205
-399,206
-399,207
-399,208
-399,209
-399,210
-399,211
-399,212
-399,213
-399,214
-399,215
-399,216
-399,217
-399,218
-399,219
-399,220
-399,221
-399,222
-399,223
-399,224
-399,225
-399,226
-399,227
-399,228
-399,229
-399,230
-399,231
-399,232
-399,233
-399,234
-399,235
-399,236
-399,237
-399,238
-399,239
-399,240
-399,241
-399,242
-399,243
-399,244
-399,245
-399,246
-399,247
-399,248
-399,249
-399,250
-399,251
-399,252
-399,253
-399,254
-399,255
-399,256
-399,257
-399,258
-399,259
-399,260
-399,261
-399,262
-399,263
-399,264
-399,265
-399,266
-399,267
-399,268
:159_7,269
:159_7,270
:159_7,271
:159_7,272
:159_7,273
:159_7,274
-144,275
-144,276
-144,277
-144,278
-144,279
-144,280
-144,281
-144,282
-144,283
-144,284
-144,285
-144,286
-144,287
-144,288
-144,289
-144,290
-144,291
-144,292
-144,293
-144,294
-144,295
-144,296
-144,297
-144,298
-144,299
-144,300
-144,301
-144,302
-144,303
-144,304
-144,305
-144,306
-144,307
-144,308
-144,309
-144,310
-144,311
-144,312
-144,313
-144,314
-144,315
-144,316
-144,317
-144,318
-144,319
-144,320
-144,321
-144,322
-144,323
-144,324
-144,325
-144,326
-144,327
-144,328
-144,329
-144,330
-144,331
-144,332
-144,333
-144,334
-144,335
-144,336
-144,337
-144,338
-144,339
-144,340
-144,341
-144,342
-144,343
-144,344
-144,345
-144,346
-144,347
-144,348
-144,349
-144,350
-144,351
-144,352
-144,353
-144,354
-144,355
-144,356
-144,357
-144,358
-144,359
-144,360
-144,361
-144,362
-144,363
-144,364
-144,365
-144,366
-144,367
-144,368
-144,369
-144,370
-144,371
-144,372
-144,373
-144,374
-144,375
-144,376
-144,377
-144,378
-144,379
-144,380
-144,381
-144,382
-144,383
-144,384
-144,385
-144,386
-144,387
-144,388
-144,389
-144,390
-144,391
-144,392
-144,393
-144,394
-144,395
-144,396
-144,397
-144,398
-144,399
-144,400
-144,401
-144,402
-144,403
-144,404
-144,405
-144,406
-144,407
-144,408
-144,409
-144,410
-144,411
-144,412
-144,413
-144,414
-144,415
-144,416
-144,417
-144,418
-144,419
-144,420
-144,421
-144,422
-144,423
-144,424
-144,425
-144,426
-144,427
-144,428
-144,429
-144,430
-144,431
-144,432
-144,433
-144,434
-144,435
-144,436
-144,437
-144,438
-144,439
-144,440
-144,441
-144,442
-144,443
-144,444
-144,445
-144,446
-144,447
-144,448
-144,449
-144,450
-144,451
-144,452
-144,453
-144,454
-144,455
-144,456
-144,457
-144,458
-144,459
-144,460
-144,461
-144,462
-144,463
-144,464
-144,465
-144,466
-144,467
-144,468
-144,469
-144,470
-144,471
-144,472
-144,473
-144,474
-144,475
-144,476
-144,477
-144,478
-144,479
-144,480
-144,481
-144,482
-144,483
-144,484
-144,485
-144,486
-144,487
-144,488
-144,489
-144,490
-144,491
-144,492
-144,493
-144,494
-144,495
-144,496
-144,497
-144,498
-144,499
-144,500
-144,501
-144,502
-144,503
-144,504
-144,505
-144,506
-144,507
-144,508
-144,509
-144,510
-144,511
-144,512
-144,513
-144,514
-144,515
-144,516
-144,517
-144,518
-144,519
-144,520
-144,521
-144,522
-144,523
-144,524
-144,525
-144,526
-144,527
-144,528
-144,529
-144,530
-144,531
-144,532
-144,533
-144,534
-144,535
-144,536
-144,537
-144,538
-144,539
-144,540
-144,541
-144,542
-144,543
-144,544
-144,545
-144,546
-144,547
-144,548
-144,549
:135_7,550
:135_7,551
:135_7,552
:135_7,553
:135_7,554
:135_7,555
-118,556
-118,557
-118,558
-118,559
-118,560
-118,561
-118,562
-118,563
-118,564
-118,565
-118,566
-118,567
-118,568
-118,569
-118,570
-118,571
-118,572
-118,573
-118,574
-118,575
-118,576
-118,577
-118,578
-118,579
-118,580
-118,581
-118,582
-118,583
-118,584
-118,585
-118,586
-118,587
-118,588
-118,589
-118,590
-118,591
-118,592
-118,593
-118,594
-118,595
-118,596
-118,597
-118,598
-118,599
-118,600
-118,601
-118,602
-118,603
-118,604
-118,605
-118,606
-118,607
-118,608
-118,609
-118,610
-118,611
-118,612
-118,613
-118,614
-118,615
-118,616
-118,617
-118,618
-118,619
-118,620
-118,621
-118,622
-118,623
-118,624
-118,625
-118,626
-118,627
-118,628
-118,629
-118,630
-118,631
-118,632
-118,633
-118,634
-118,635
-118,636
-118,637
-118,638
-118,639
-118,640
-118,641
-118,642
-118,643
-118,644
-118,645
-118,646
-118,647
-118,648
-118,649
-118,650
-118,651
-118,652
-118,653
-118,654
-118,655
-118,656
-118,657
-118,658
-118,659
-118,660
-118,661
-118,662
-118,663
-118,664
-118,665
-118,666
-118,667
-118,668
-118,669
-118,670
-118,671
-118,672
-118,673
-118,674
-118,675
-118,676
-118,677
-118,678
-118,679
-118,680
-118,681
-118,682
-118,683
-118,684
-118,685
-118,686
-118,687
-118,688
-118,689
-118,690
-118,691
-118,692
-118,693
-118,694
-118,695
-118,696
-118,697
-118,698
-118,699
-118,700
-118,701
-118,702
-118,703
-118,704
-118,705
-118,706
-118,707
-118,708
-118,709
-118,710
-118,711
-118,712
-118,713
-118,714
-118,715
-118,716
-118,717
-118,718
-118,719
-118,720
-118,721
-118,722
-118,723
-118,724
-118,725
-118,726
-118,727
-118,728
-118,729
-118,730
-118,731
-118,732
-118,733
-118,734
-118,735
-118,736
-118,737
-118,738
-118,739
-118,740
-118,741
-118,742
-118,743
-118,744
-118,745
-118,746
-118,747
-118,748
-118,749
-118,750
-118,751
:47_14,752
:47_14,753
:47_14,754
:47_14,755
:47_14,756
:47_14,757
117,758
117,759
117,760
117,761
117,762
117,763
117,764
117,765
117,766
117,767
117,768
117,769
117,770
117,771
117,772
117,773
117,774
117,775
117,776
117,777
117,778
117,779
117,780
117,781
117,782
117,783
117,784
117,785
117,786
117,787
117,788
117,789
117,790
117,791
117,792
117,793
117,794
117,795
117,796
117,797
117,798
117,799
117,800
117,801
117,802
117,803
117,804
117,805
117,806
117,807
117,808
117,809
117,810
117,811
117,812
117,813
117,814
117,815
117,816
117,817
117,818
117,819
117,820
117,821
117,822
117,823
117,824
117,825
117,826
117,827
117,828
117,829
117,830
117,831
117,832
117,833
117,834
117,835
117,836
117,837
117,838
117,839
117,840
117,841
117,842
117,843
117,844
117,845
117,846
117,847
117,848
117,849
117,850
117,851
117,852
117,853
117,854
117,855
117,856
117,857
117,858
117,859
117,860
117,861
117,862
117,863
117,864
117,865
117,866
117,867
117,868
117,869
117,870
117,871
117,872
117,873
117,874
117,875
117,876
117,877
117,878
117,879
117,880
117,881
117,882
117,883
117,884
:134_7,885
:134_7,886
:134_7,887
:134_7,888
:134_7,889
:134_7,890
-322,891
-322,892
-322,893
-322,894
-322,895
-322,896
-322,897
-322,898
-322,899
-322,900
-322,901
-322,902
-322,903
-322,904
-322,905
-322,906
-322,907
-322,908
-322,909
-322,910
-322,911
-322,912
-322,913
-322,914
-322,915
-322,916
-322,917
-322,918
-322,919
-322,920
-322,921
-322,922
-322,923
-322,924
-322,925
-322,926
-322,927
-322,928
-322,929
-322,930
-322,931
-322,932
-322,933
-322,934
-322,935
-322,936
-322,937
-322,938
-322,939
-322,940
-322,941
-322,942
-322,943
-322,944
-322,945
-322,946
-322,947
-322,948
-322,949
-322,950
-322,951
-322,952
-322,953
-322,954
-322,955
-322,956
-322,957
-322,958
-322,959
-322,960
-322,961
-322,962
-322,963
-322,964
-322,965
-322,966
-322,967
-322,968
-322,969
-322,970
-322,971
-322,972
-322,973
-322,974
-322,975
-322,976
-322,977
-322,978
-322,979
-322,980
-322,981
-322,982
-322,983
-322,984
-322,985
-322,986
-322,987
-322,988
-322,989
-322,990
-322,991
-322,992
-322,993
-322,994
-322,995
-322,996
-322,997
-322,998
-322,999
-322,1000
-322,1001
-322,1002
-322,1003
-322,1004
-322,1005
-322,1006
-322,1007
-322,1008
-322,1009
-322,1010
-322,1011
-322,1012
-322,1013
-322,1014
-322,1015
-322,1016
-322,1017
-322,1018
-322,1019
-322,1020
-322,1021
-322,1022
-322,1023
-322,1024
-322,1025
:50_5,1026
:50_5,1027
:50_5,1028
:50_5,1029
:50_5,1030
:50_5,1031
:50_5,1032
:50_5,1033
-430,1034
-430,1035
-430,1036
-430,1037
-430,1038
-430,1039
-430,1040
-430,1041
-430,1042
-430,1043
-430,1044
-430,1045
-430,1046
-430,1047
-430,1048
-430,1049
-430,1050
-430,1051
-430,1052
-430,1053
-430,1054
-430,1055
-430,1056
-430,1057
-430,1058
-430,1059
-430,1060
-430,1061
-430,1062
-430,1063
-430,1064
-430,1065
-430,1066
-430,1067
-430,1068
-430,1069
-430,1070
-430,1071
-430,1072
-430,1073
-430,1074
-430,1075
-430,1076
-430,1077
-430,1078
-430,1079
-430,1080
-430,1081
-430,1082
-430,1083
-430,1084
-430,1085
-430,1086
-430,1087
-430,1088
-430,1089
-430,1090
-430,1091
-430,1092
-430,1093
-430,1094
-430,1095
-430,1096
-430,1097
-430,1098
-430,1099
-430,1100
-430,1101
-430,1102
-430,1103
-430,1104
-430,1105
-430,1106
-430,1107
-430,1108
-430,1109
-430,1110
-430,1111
-430,1112
-430,1113
-430,1114
-430,1115
-430,1116
-430,1117
-430,1118
-430,1119
-430,1120
-430,1121
-430,1122
-430,1123
-430,1124
-430,1125
-430,1126
-430,1127
-430,1128
-430,1129
-430,1130
-430,1131
-430,1132
-430,1133
-430,1134
-430,1135
-430,1136
-430,1137
-430,1138
-430,1139
-430,1140
-430,1141
-430,1142
-430,1143
-430,1144
-430,1145
-430,1146
-430,1147
-430,1148
-430,1149
-430,1150
-430,1151
-430,1152
-430,1153
-430,1154
-430,1155
-430,1156
-430,1157
-430,1158
-430,1159
-430,1160
-430,1161
-430,1162
-430,1163
-430,1164
-430,1165
-430,1166
-430,1167
-430,1168
-430,1169
-430,1170
-430,1171
-430,1172
-430,1173
-430,1174
-430,1175
-430,1176
-430,1177
-430,1178
-430,1179
-430,1180
-430,1181
-430,1182
-430,1183
-430,1184
-430,1185
-430,1186
-430,1187
-430,1188
-430,1189
-430,1190
-430,1191
-430,1192
-430,1193
-430,1194
-430,1195
-430,1196
-430,1197
-430,1198
-430,1199
-430,1200
-430,1201
-430,1202
-430,1203
-430,1204
-430,1205
-430,1206
-430,1207
-430,1208
-430,1209
-430,1210
-430,1211
-430,1212
-430,1213
-430,1214
-430,1215
-430,1216
-430,1217
-430,1218
-430,1219
-430,1220
-430,1221
-430,1222
-430,1223
-430,1224
-430,1225
-430,1226
-430,1227
-430,1228
-430,1229
-430,1230
-430,1231
-430,1232
-430,1233
-430,1234
-430,1235
-430,1236
-430,1237
-430,1238
-430,1239
-430,1240
-430,1241
-430,1242
-430,1243
-430,1244
-430,1245
-430,1246
-430,1247
-430,1248
-430,1249
-430,1250
-430,1251
-430,1252
-430,1253
-430,1254
-430,1255
:375_3,1256
:375_3,1257
:375_3,1258
:375_3,1259
:375_3,1260
:375_3,1261
:375_3,1262
-679,1263
-679,1264
-679,1265
-679,1266
-679,1267
-679,1268
-679,1269
-679,1270
-679,1271
-679,1272
-679,1273
-679,1274
-679,1275
-679,1276
-679,1277
-679,1278
-679,1279
-679,1280
-679,1281
-679,1282
-679,1283
-679,1284
-679,1285
-679,1286
-679,1287
-679,1288
-679,1289
-679,1290
-679,1291
-679,1292
-679,1293
-679,1294
-679,1295
-679,1296
-679,1297
-679,1298
-679,1299
-679,1300
-679,1301
-679,1302
-679,1303
-679,1304
-679,1305
-679,1306
-679,1307
-679,1308
-679,1309
-679,1310
-679,1311
-679,1312
-679,1313
-679,1314
-679,1315
-679,1316
-679,1317
-679,1318
-679,1319
-679,1320
-679,1321
-679,1322
-679,1323
-679,1324
-679,1325
-679,1326
-679,1327
-679,1328
-679,1329
-679,1330
-679,1331
-679,1332
-679,1333
-679,1334
-679,1335
-679,1336
-679,1337
-679,1338
-679,1339
-679,1340
-679,1341
-679,1342
-679,1343
-679,1344
-679,1345
-679,1346
-679,1347
-679,1348
-679,1349
:396_7,1350
:396_7,1351
:396_7,1352
:396_7,1353
:396_7,1354
:396_7,1355
:396_7,1356
-464,1357
-464,1358
-464,1359
-464,1360
-464,1361
-464,1362
-464,1363
-464,1364
-464,1365
-464,1366
-464,1367
-464,1368
-464,1369
-464,1370
-464,1371
-464,1372
-464,1373
-464,1374
-464,1375
-464,1376
-464,1377
-464,1378
-464,1379
-464,1380
-464,1381
-464,1382
-464,1383
-464,1384
-464,1385
-464,1386
-464,1387
-464,1388
-464,1389
-464,1390
-464,1391
-464,1392
-464,1393
-464,1394
-464,1395
-464,1396
-464,1397
-464,1398
-464,1399
-464,1400
-464,1401
-464,1402
-464,1403
-464,1404
-464,1405
-464,1406
-464,1407
-464,1408
-464,1409
-464,1410
-464,1411
-464,1412
-464,1413
-464,1414
-464,1415
-464,1416
-464,1417
-464,1418
-464,1419
-464,1420
-464,1421
-464,1422
-464,1423
-464,1424
-464,1425
-464,1426
-464,1427
-464,1428
-464,1429
-464,1430
-464,1431
-464,1432
-464,1433
-464,1434
-464,1435
-464,1436
-464,1437
-464,1438
-464,1439
-464,1440
-464,1441
-464,1442
-464,1443
-464,1444
-464,1445
-464,1446
-464,1447
-464,1448
-464,1449
-464,1450
-464,1451
-464,1452
-464,1453
-464,1454
-464,1455
-464,1456
-464,1457
-464,1458
-464,1459
-464,1460
-464,1461
-464,1462
-464,1463
-464,1464
-464,1465
-464,1466
-464,1467
-464,1468
-464,1469
-464,1470
-464,1471
-464,1472
-464,1473
-464,1474
-464,1475
-464,1476
-464,1477
-464,1478
-464,1479
-464,1480
:188_0,1481
-175,1482
-175,1483
-175,1484
-175,1485
-175,1486
-175,1487
-175,1488
-175,1489
-175,1490
-175,1491
-175,1492
-175,1493
-175,1494
-175,1495
-175,1496
-175,1497
-175,1498
-175,1499
-175,1500
-175,1501
-175,1502
-175,1503
-175,1504
-175,1505
-175,1506
-175,1507
-175,1508
-175,1509
-175,1510
-175,1511
-175,1512
-175,1513
-175,1514
-175,1515
-175,1516
-175,1517
-175,1518
-175,1519
-175,1520
-175,1521
-175,1522
-175,1523
-175,1524
-175,1525
-175,1526
-175,1527
-175,1528
-175,1529
-175,1530
-175,1531
-175,1532
-175,1533
-175,1534
-175,1535
-175,1536
-175,1537
-175,1538
-175,1539
-175,1540
-175,1541
-175,1542
-175,1543
-175,1544
-175,1545
-175,1546
-175,1547
-175,1548
-175,1549
-175,1550
-175,1551
-175,1552
-175,1553
-175,1554
-175,1555
-175,1556
-175,1557
-175,1558
-175,1559
-175,1560
-175,1561
-175,1562
-175,1563
-175,1564
-175,1565
-175,1566
-175,1567
-175,1568
:13_3,1569
:13_3,1570
:13_3,1571
685,1572
685,1573
685,1574
685,1575
685,1576
685,1577
685,1578
685,1579
685,1580
685,1581
685,1582
685,1583
685,1584
685,1585
685,1586
685,1587
685,1588
685,1589
685,1590
685,1591
685,1592
:373_5,1593
:373_5,1594
684,1595
684,1596
684,1597
684,1598
684,1599
684,1600
684,1601
684,1602
684,1603
684,1604
684,1605
684,1606
684,1607
684,1608
684,1609
684,1610
684,1611
684,1612
684,1613
684,1614
684,1615
684,1616
:6_9,1617
:6_9,1618
6,1619
6,1620
6,1621
6,1622
6,1623
6,1624
6,1625
6,1626
6,1627
6,1628
6,1629
6,1630
6,1631
6,1632
6,1633
6,1634
6,1635
6,1636
6,1637
6,1638
6,1639
6,1640
6,1641
6,1642
6,1643
6,1644
6,1645
6,1646
6,1647
6,1648
6,1649
6,1650
6,1651
6,1652
6,1653
6,1654
6,1655
6,1656
6,1657
6,1658
6,1659
6,1660
6,1661
6,1662
6,1663
6,1664
6,1665
6,1666
6,1667
6,1668
6,1669
6,1670
6,1671
6,1672
6,1673
6,1674
6,1675
6,1676
6,1677
6,1678
6,1679
6,1680
6,1681
6,1682
6,1683
6,1684
6,1685
6,1686
6,1687
6,1688
6,1689
6,1690
6,1691
6,1692
6,1693
6,1694
6,1695
6,1696
6,1697
6,1698
6,1699
6,1700
6,1701
6,1702
6,1703
6,1704
6,1705
6,1706
6,1707
6,1708
6,1709
6,1710
6,1711
6,1712
6,1713
6,1714
6,1715
6,1716
6,1717
6,1718
6,1719
6,1720
6,1721
6,1722
6,1723
6,1724
6,1725
6,1726
6,1727
6,1728
6,1729
6,1730
6,1731
6,1732
6,1733
6,1734
6,1735
6,1736
6,1737
6,1738
6,1739
6,1740
6,1741
6,1742
6,1743
6,1744
6,1745
6,1746
6,1747
6,1748
6,1749
6,1750
6,1751
6,1752
6,1753
6,1754
6,1755
6,1756
6,1757
6,1758
6,1759
6,1760
6,1761
6,1762
6,1763
6,1764
6,1765
6,1766
6,1767
6,1768
6,1769
6,1770
6,1771
6,1772
6,1773
6,1774
6,1775
6,1776
6,1777
6,1778
6,1779
6,1780
6,1781
6,1782
6,1783
6,1784
6,1785
6,1786
6,1787
6,1788
6,1789
6,1790
6,1791
6,1792
6,1793
6,1794
6,1795
6,1796
6,1797
6,1798
6,1799
6,1800
6,1801
6,1802
6,1803
6,1804
6,1805
6,1806
6,1807
6,1808
6,1809
6,1810
6,1811
6,1812
6,1813
6,1814
6,1815
6,1816
6,1817
6,1818
6,1819
6,1820
6,1821
6,1822
6,1823
6,1824
6,1825
6,1826
6,1827
6,1828
6,1829
6,1830
6,1831
6,1832
6,1833
6,1834
6,1835
6,1836
6,1837
6,1838
6,1839
6,1840
6,1841
6,1842
6,1843
6,1844
6,1845
6,1846
6,1847
6,1848
6,1849
6,1850
6,1851
6,1852
:8_1,1853
7,1854
7,1855
7,1856
7,1857
7,1858
7,1859
7,1860
7,1861
7,1862
7,1863
7,1864
7,1865
7,1866
7,1867
7,1868
7,1869
7,1870
7,1871
7,1872
7,1873
7,1874
7,1875
7,1876
7,1877
7,1878
7,1879
7,1880
7,1881
7,1882
7,1883
7,1884
7,1885
7,1886
7,1887
7,1888
7,1889
7,1890
7,1891
7,1892
7,1893
7,1894
7,1895
7,1896
7,1897
7,1898
7,1899
7,1900
7,1901
7,1902
7,1903
7,1904
7,1905
7,1906
7,1907
7,1908
7,1909
7,1910
7,1911
7,1912
7,1913
7,1914
7,1915
7,1916
7,1917
7,1918
7,1919
7,1920
7,1921
7,1922
7,1923
7,1924
7,1925
7,1926
7,1927
7,1928
7,1929
7,1930
7,1931
7,1932
8,1933
8,1934
8,1935
8,1936
8,1937
8,1938
8,1939
8,1940
8,1941
8,1942
8,1943
8,1944
8,1945
8,1946
8,1947
8,1948
8,1949
8,1950
8,1951
8,1952
8,1953
8,1954
8,1955
8,1956
8,1957
8,1958
8,1959
8,1960
8,1961
8,1962
8,1963
8,1964
8,1965
8,1966
8,1967
8,1968
8,1969
8,1970
8,1971
8,1972
8,1973
8,1974
8,1975
8,1976
8,1977
8,1978
8,1979
8,1980
8,1981
8,1982
8,1983
8,1984
8,1985
8,1986
8,1987
8,1988
8,1989
8,1990
8,1991
8,1992
8,1993
8,1994
8,1995
8,1996
8,1997
8,1998
8,1999
8,2000
