-252,21
-252,22
-252,23
-252,24
-252,25
-252,26
-252,27
-252,28
-252,29
-252,30
-252,31
-252,32
-252,33
-252,34
-252,35
-252,36
-252,37
-252,38
-252,39
-252,40
-252,41
-252,42
-252,43
-252,44
-252,45
-252,46
-252,47
-252,48
-252,49
-252,50
-252,51
-252,52
-252,53
-252,54
-252,55
-252,56
-252,57
-252,58
-252,59
-252,60
-252,61
-252,62
-252,63
-252,64
-252,65
-252,66
-252,67
-252,68
-252,69
-252,70
-252,71
-252,72
-252,73
-252,74
-252,75
-252,76
-252,77
-252,78
-252,79
-252,80
-252,81
-252,82
-252,83
-252,84
-252,85
-252,86
-252,87
-252,88
-252,89
-252,90
-252,91
-252,92
-252,93
-252,94
-252,95
-252,96
-252,97
-252,98
-252,99
-252,100
-252,101
-252,102
-252,103
-252,104
-252,105
-252,106
-252,107
-252,108
-252,109
-252,110
-252,111
-252,112
-252,113
-252,114
-252,115
-252,116
-252,117
-252,118
-252,119
-252,120
-252,121
-252,122
-252,123
-252,124
-252,125
-252,126
-252,127
-252,128
-252,129
-252,130
-252,131
-252,132
-252,133
-252,134
-252,135
-252,136
-252,137
-252,138
-252,139
-252,140
-252,141
-252,142
-252,143
-252,144
-252,145
-252,146
-252,147
-252,148
-252,149
-252,150
-252,151
-252,152
-252,153
-252,154
-252,155
-252,156
-252,157
-252,158
-252,159
-252,160
-252,161
-252,162
-252,163
-252,164
-252,165
-252,166
-252,167
-252,168
-252,169
-252,170
-252,171
-252,172
-252,173
-252,174
-252,175
-252,176
-252,177
-252,178
-252,179
-252,180
-252,181
-252,182
-252,183
-252,184
-252,185
-252,186
-252,187
-252,188
-252,189
-252,190
-252,191
-252,192
-252,193
-252,194
-252,195
-252,196
-252,197
-252,198
-252,199
-252,200
-252,201
-252,202
-252,203
-252,204
-252,205
-252,206
-252,207
:252_0,208
:252_0,209
:252_0,210
:252_0,211
:252_0,212
253,213
253,214
253,215
253,216
253,217
253,218
253,219
253,220
253,221
253,222
253,223
253,224
253,225
253,226
253,227
253,228
253,229
253,230
253,231
253,232
253,233
253,234
253,235
253,236
253,237
253,238
253,239
253,240
253,241
253,242
253,243
253,244
253,245
253,246
253,247
253,248
253,249
253,250
253,251
253,252
253,253
253,254
253,255
253,256
253,257
253,258
253,259
253,260
253,261
253,262
253,263
253,264
253,265
253,266
253,267
:254_5,268
:254_5,269
:254_5,270
:254_5,271
:254_5,272
:254_5,273
-283,274
-283,275
-283,276
-283,277
-283,278
-283,279
-283,280
-283,281
-283,282
-283,283
-283,284
-283,285
-283,286
-283,287
-283,288
-283,289
-283,290
-283,291
-283,292
-283,293
-283,294
-283,295
-283,296
-283,297
-283,298
-283,299
-283,300
-283,301
-283,302
-283,303
-283,304
-283,305
-283,306
-283,307
-283,308
-283,309
-283,310
-283,311
-283,312
-283,313
-283,314
-283,315
-283,316
-283,317
-283,318
-283,319
-283,320
-283,321
-283,322
:248_4,323
:248_4,324
:248_4,325
:248_4,326
284,327
284,328
284,329
284,330
284,331
284,332
284,333
284,334
284,335
284,336
284,337
284,338
284,339
284,340
284,341
284,342
284,343
284,344
284,345
284,346
284,347
284,348
284,349
284,350
284,351
284,352
284,353
284,354
284,355
284,356
284,357
284,358
284,359
284,360
284,361
284,362
284,363
284,364
284,365
284,366
284,367
284,368
284,369
284,370
284,371
284,372
284,373
284,374
284,375
284,376
284,377
284,378
284,379
284,380
284,381
284,382
284,383
284,384
284,385
284,386
284,387
284,388
284,389
284,390
284,391
:274_1,392
285,393
285,394
285,395
285,396
285,397
285,398
285,399
285,400
285,401
285,402
285,403
285,404
285,405
285,406
285,407
285,408
285,409
285,410
285,411
285,412
285,413
285,414
285,415
285,416
285,417
285,418
285,419
285,420
285,421
285,422
285,423
285,424
285,425
285,426
285,427
285,428
285,429
285,430
285,431
285,432
285,433
285,434
285,435
285,436
285,437
285,438
285,439
285,440
285,441
285,442
285,443
285,444
285,445
285,446
285,447
285,448
286,449
286,450
286,451
286,452
286,453
286,454
286,455
286,456
286,457
286,458
286,459
286,460
286,461
286,462
286,463
286,464
286,465
286,466
286,467
286,468
286,469
286,470
286,471
286,472
286,473
286,474
286,475
286,476
286,477
286,478
286,479
286,480
286,481
286,482
286,483
286,484
286,485
286,486
286,487
286,488
286,489
286,490
286,491
286,492
286,493
286,494
286,495
286,496
286,497
286,498
286,499
286,500
286,501
286,502
286,503
286,504
286,505
286,506
286,507
286,508
:276_0,509
287,510
287,511
287,512
287,513
287,514
287,515
287,516
287,517
287,518
287,519
287,520
287,521
287,522
287,523
287,524
287,525
287,526
287,527
287,528
287,529
287,530
287,531
287,532
287,533
287,534
287,535
287,536
287,537
287,538
287,539
287,540
287,541
287,542
287,543
287,544
287,545
287,546
287,547
287,548
287,549
287,550
287,551
287,552
287,553
287,554
287,555
287,556
287,557
287,558
287,559
287,560
287,561
287,562
287,563
287,564
287,565
287,566
287,567
287,568
287,569
287,570
287,571
287,572
287,573
287,574
287,575
287,576
287,577
288,578
288,579
288,580
288,581
288,582
288,583
288,584
288,585
288,586
288,587
288,588
288,589
288,590
288,591
288,592
288,593
288,594
288,595
288,596
288,597
288,598
288,599
288,600
288,601
288,602
288,603
288,604
288,605
288,606
288,607
288,608
288,609
288,610
288,611
288,612
288,613
288,614
288,615
288,616
288,617
:278_0,618
:278_0,619
:278_0,620
:278_0,621
:278_0,622
-453,623
-453,624
-453,625
-453,626
-453,627
-453,628
-453,629
-453,630
-453,631
-453,632
-453,633
-453,634
-453,635
-453,636
-453,637
-453,638
-453,639
-453,640
-453,641
-453,642
-453,643
-453,644
-453,645
-453,646
-453,647
-453,648
-453,649
-453,650
-453,651
-453,652
-453,653
-453,654
-453,655
-453,656
-453,657
-453,658
-453,659
-453,660
-453,661
-453,662
-453,663
-453,664
-453,665
-453,666
-453,667
-453,668
-453,669
-453,670
-453,671
-453,672
-453,673
:25_3,674
:25_3,675
:25_3,676
:25_3,677
:25_3,678
-21,679
-21,680
-21,681
-21,682
-21,683
-21,684
-21,685
-21,686
-21,687
-21,688
-21,689
-21,690
-21,691
-21,692
-21,693
-21,694
-21,695
-21,696
-21,697
-21,698
-21,699
-21,700
-21,701
-21,702
-21,703
-21,704
-21,705
-21,706
-21,707
-21,708
-21,709
-21,710
-21,711
-21,712
-21,713
-21,714
-21,715
-21,716
-21,717
-21,718
-21,719
-21,720
-21,721
-21,722
-21,723
-21,724
-21,725
-21,726
-21,727
-21,728
-21,729
-21,730
-21,731
-21,732
-21,733
-21,734
-21,735
-21,736
-21,737
-21,738
-21,739
-21,740
-21,741
-21,742
-21,743
-21,744
-21,745
-21,746
-21,747
-21,748
-21,749
-21,750
-21,751
-21,752
-21,753
-21,754
-21,755
-21,756
:22_5,757
:22_5,758
:22_5,759
:22_5,760
:22_5,761
22,762
22,763
22,764
22,765
22,766
22,767
22,768
22,769
22,770
22,771
22,772
22,773
22,774
22,775
22,776
22,777
22,778
22,779
22,780
22,781
22,782
22,783
22,784
22,785
22,786
22,787
22,788
22,789
22,790
22,791
22,792
22,793
22,794
22,795
22,796
22,797
22,798
22,799
22,800
22,801
22,802
22,803
22,804
22,805
22,806
22,807
22,808
22,809
22,810
22,811
22,812
22,813
22,814
22,815
22,816
22,817
22,818
22,819
22,820
22,821
22,822
22,823
22,824
22,825
22,826
22,827
22,828
22,829
22,830
22,831
22,832
22,833
22,834
22,835
22,836
22,837
22,838
22,839
22,840
22,841
22,842
22,843
22,844
22,845
22,846
22,847
22,848
22,849
22,850
22,851
22,852
22,853
22,854
22,855
22,856
22,857
22,858
22,859
22,860
22,861
22,862
22,863
22,864
22,865
22,866
22,867
22,868
22,869
22,870
22,871
22,872
22,873
22,874
22,875
22,876
22,877
22,878
22,879
22,880
22,881
22,882
22,883
22,884
22,885
22,886
22,887
22,888
22,889
22,890
22,891
22,892
22,893
22,894
22,895
22,896
22,897
22,898
22,899
22,900
22,901
22,902
22,903
22,904
22,905
22,906
22,907
22,908
22,909
22,910
22,911
22,912
22,913
22,914
22,915
:26_3,916
:26_3,917
:26_3,918
:26_3,919
:26_3,920
-167,921
-167,922
-167,923
-167,924
-167,925
-167,926
-167,927
-167,928
-167,929
-167,930
-167,931
-167,932
-167,933
-167,934
-167,935
-167,936
-167,937
-167,938
-167,939
-167,940
-167,941
-167,942
-167,943
-167,944
-167,945
-167,946
-167,947
-167,948
-167,949
-167,950
-167,951
-167,952
-167,953
-167,954
-167,955
-167,956
-167,957
-167,958
-167,959
-167,960
-167,961
-167,962
-167,963
-167,964
-167,965
-167,966
-167,967
-167,968
-167,969
-167,970
-167,971
-167,972
-167,973
-167,974
-167,975
-167,976
-167,977
-167,978
-167,979
-167,980
-167,981
-167,982
-167,983
-167,984
-167,985
-167,986
-167,987
-167,988
-167,989
-167,990
