-105,1
-105,2
-105,3
-105,4
-105,5
-105,6
-105,7
-105,8
-105,9
-105,10
-105,11
-105,12
-105,13
-105,14
-105,15
-105,16
-105,17
-105,18
-105,19
-105,20
-105,21
-105,22
-105,23
-105,24
-105,25
-105,26
-105,27
-105,28
-105,29
-105,30
-105,31
-105,32
-105,33
-105,34
-105,35
-105,36
-105,37
-105,38
-105,39
-105,40
-105,41
-105,42
-105,43
-105,44
-105,45
-105,46
-105,47
-105,48
-105,49
-105,50
-105,51
-105,52
-105,53
-105,54
-105,55
-105,56
-105,57
-105,58
-105,59
-105,60
-105,61
-105,62
-105,63
-105,64
-105,65
-105,66
-105,67
-105,68
-105,69
-105,70
-105,71
-105,72
-105,73
-105,74
-105,75
-105,76
-105,77
-105,78
-105,79
-105,80
-105,81
-105,82
:119_14,83
:119_14,84
:119_14,85
:119_14,86
:119_14,87
:119_14,88
103,89
103,90
103,91
103,92
103,93
103,94
103,95
103,96
103,97
103,98
103,99
103,100
103,101
103,102
103,103
103,104
103,105
103,106
103,107
103,108
103,109
103,110
103,111
103,112
103,113
103,114
103,115
103,116
103,117
103,118
103,119
103,120
103,121
103,122
103,123
103,124
103,125
103,126
103,127
103,128
103,129
103,130
103,131
103,132
103,133
103,134
103,135
103,136
103,137
103,138
103,139
103,140
103,141
103,142
103,143
103,144
103,145
103,146
103,147
103,148
103,149
103,150
103,151
103,152
103,153
103,154
103,155
103,156
103,157
103,158
103,159
103,160
103,161
103,162
103,163
103,164
103,165
103,166
103,167
103,168
103,169
103,170
103,171
103,172
103,173
103,174
103,175
103,176
103,177
103,178
103,179
103,180
103,181
103,182
103,183
103,184
103,185
103,186
103,187
103,188
103,189
103,190
103,191
103,192
103,193
103,194
103,195
103,196
103,197
103,198
103,199
103,200
103,201
103,202
103,203
103,204
103,205
103,206
103,207
103,208
103,209
103,210
103,211
103,212
103,213
103,214
103,215
103,216
103,217
103,218
103,219
103,220
103,221
103,222
103,223
103,224
103,225
103,226
103,227
103,228
103,229
103,230
103,231
103,232
103,233
103,234
103,235
103,236
103,237
103,238
103,239
103,240
:120_13,241
:120_13,242
:120_13,243
:120_13,244
:120_13,245
-141,246
-141,247
-141,248
-141,249
-141,250
-141,251
-141,252
-141,253
-141,254
-141,255
-141,256
-141,257
-141,258
-141,259
-141,260
-141,261
-141,262
-141,263
-141,264
-141,265
-141,266
-141,267
-141,268
-141,269
-141,270
-141,271
-141,272
-141,273
-141,274
-141,275
-141,276
-141,277
-141,278
-141,279
-141,280
-141,281
-141,282
-141,283
-141,284
-141,285
-141,286
-141,287
-141,288
-141,289
-141,290
-141,291
-141,292
-141,293
-141,294
-141,295
-141,296
-141,297
-141,298
-141,299
-141,300
-141,301
-141,302
-141,303
-141,304
-141,305
-141,306
-141,307
-141,308
-141,309
-141,310
:156_7,311
:156_7,312
:156_7,313
:156_7,314
:156_7,315
-140,316
-140,317
-140,318
-140,319
-140,320
-140,321
-140,322
-140,323
-140,324
-140,325
-140,326
-140,327
-140,328
-140,329
-140,330
-140,331
-140,332
-140,333
-140,334
-140,335
-140,336
-140,337
-140,338
-140,339
-140,340
-140,341
-140,342
-140,343
-140,344
-140,345
-140,346
-140,347
-140,348
-140,349
-140,350
-140,351
-140,352
-140,353
-140,354
-140,355
-140,356
-140,357
-140,358
-140,359
-140,360
-140,361
-140,362
-140,363
-140,364
-140,365
-140,366
-140,367
-140,368
-140,369
-140,370
-140,371
-140,372
-140,373
-140,374
-140,375
-140,376
-140,377
-140,378
-140,379
-140,380
-140,381
-140,382
-140,383
-140,384
-140,385
-140,386
-140,387
-140,388
-140,389
-140,390
-140,391
-140,392
-140,393
-140,394
-140,395
-140,396
-140,397
-140,398
-140,399
-140,400
-140,401
-140,402
-140,403
-140,404
-140,405
-140,406
-140,407
-140,408
-140,409
-140,410
-140,411
-140,412
-140,413
:153_12,414
:153_12,415
:153_12,416
:153_12,417
142,418
142,419
142,420
142,421
142,422
142,423
142,424
142,425
142,426
142,427
142,428
142,429
142,430
142,431
142,432
142,433
142,434
142,435
142,436
142,437
142,438
142,439
142,440
142,441
142,442
142,443
142,444
142,445
142,446
142,447
142,448
142,449
142,450
142,451
142,452
142,453
142,454
142,455
142,456
142,457
142,458
142,459
142,460
142,461
142,462
142,463
142,464
142,465
142,466
142,467
142,468
142,469
142,470
142,471
142,472
142,473
142,474
142,475
142,476
142,477
142,478
142,479
142,480
142,481
142,482
142,483
142,484
142,485
142,486
142,487
142,488
142,489
142,490
142,491
142,492
142,493
142,494
142,495
142,496
142,497
142,498
142,499
142,500
142,501
142,502
142,503
142,504
142,505
142,506
142,507
142,508
142,509
142,510
142,511
142,512
142,513
142,514
:157_14,515
:157_14,516
:157_18,517
:157_18,518
:157_18,519
260,520
260,521
260,522
260,523
260,524
260,525
260,526
260,527
260,528
260,529
260,530
260,531
260,532
260,533
260,534
260,535
260,536
260,537
260,538
260,539
260,540
260,541
260,542
260,543
260,544
260,545
260,546
260,547
260,548
260,549
260,550
260,551
260,552
260,553
260,554
260,555
260,556
260,557
260,558
260,559
260,560
260,561
260,562
260,563
260,564
260,565
260,566
260,567
260,568
260,569
260,570
260,571
260,572
260,573
260,574
260,575
260,576
260,577
260,578
260,579
260,580
260,581
260,582
260,583
260,584
260,585
260,586
260,587
260,588
260,589
260,590
260,591
260,592
260,593
260,594
260,595
260,596
260,597
260,598
260,599
260,600
260,601
260,602
260,603
260,604
260,605
260,606
260,607
260,608
260,609
260,610
260,611
:257_0,612
:257_0,613
:257_0,614
-500,615
-500,616
-500,617
-500,618
-500,619
-500,620
-500,621
-500,622
-500,623
-500,624
-500,625
-500,626
-500,627
-500,628
-500,629
-500,630
-500,631
-500,632
-500,633
-500,634
-500,635
-500,636
-500,637
-500,638
-500,639
-500,640
-500,641
-500,642
-500,643
-500,644
-500,645
-500,646
-500,647
-500,648
-500,649
-500,650
-500,651
-500,652
-500,653
-500,654
-500,655
-500,656
-500,657
-500,658
-500,659
-500,660
-500,661
-500,662
-500,663
-500,664
-500,665
-500,666
-500,667
-500,668
-500,669
:353_3,670
:353_3,671
:353_3,672
:353_3,673
-593,674
-593,675
-593,676
-593,677
-593,678
-593,679
-593,680
-593,681
-593,682
-593,683
-593,684
-593,685
-593,686
-593,687
-593,688
-593,689
-593,690
-593,691
-593,692
-593,693
-593,694
-593,695
-593,696
-593,697
-593,698
-593,699
-593,700
-593,701
-593,702
-593,703
-593,704
-593,705
-593,706
-593,707
-593,708
-593,709
-593,710
-593,711
-593,712
-593,713
-593,714
-593,715
-593,716
-593,717
-593,718
-593,719
-593,720
-593,721
-593,722
-593,723
-593,724
-593,725
-593,726
-593,727
-593,728
-593,729
-593,730
-593,731
-593,732
-593,733
-593,734
-593,735
-593,736
-593,737
-593,738
-593,739
-593,740
-593,741
-593,742
-593,743
-593,744
-593,745
-593,746
-593,747
-593,748
-593,749
-593,750
-593,751
-593,752
-593,753
-593,754
-593,755
-593,756
-593,757
-593,758
-593,759
-593,760
-593,761
-593,762
-593,763
-593,764
-593,765
-593,766
-593,767
-593,768
-593,769
-593,770
-593,771
-593,772
-593,773
-593,774
-593,775
-593,776
-593,777
-593,778
-593,779
-593,780
-593,781
:419_6,782
:419_6,783
:419_6,784
-592,785
-592,786
-592,787
-592,788
-592,789
-592,790
-592,791
-592,792
-592,793
-592,794
-592,795
-592,796
-592,797
-592,798
-592,799
-592,800
-592,801
-592,802
-592,803
-592,804
-592,805
-592,806
-592,807
-592,808
-592,809
-592,810
-592,811
-592,812
-592,813
-592,814
-592,815
-592,816
-592,817
-592,818
-592,819
-592,820
-592,821
-592,822
-592,823
-592,824
-592,825
-592,826
-592,827
-592,828
-592,829
-592,830
-592,831
-592,832
-592,833
-592,834
-592,835
-592,836
-592,837
-592,838
-592,839
-592,840
-592,841
-592,842
-592,843
-592,844
-592,845
-592,846
-592,847
-592,848
-592,849
-592,850
-592,851
-592,852
-592,853
-592,854
-592,855
-592,856
-592,857
-592,858
-592,859
-592,860
-592,861
-592,862
-592,863
-592,864
-592,865
-592,866
-592,867
-592,868
:89_1,869
:89_1,870
:89_1,871
-77,872
-77,873
-77,874
-77,875
-77,876
-77,877
-77,878
-77,879
-77,880
-77,881
-77,882
-77,883
-77,884
-77,885
-77,886
-77,887
-77,888
-77,889
-77,890
-77,891
-77,892
-77,893
-77,894
-77,895
-77,896
-77,897
-77,898
-77,899
-77,900
-77,901
-77,902
-77,903
-77,904
-77,905
-77,906
-77,907
-77,908
-77,909
-77,910
-77,911
-77,912
-77,913
-77,914
-77,915
-77,916
-77,917
-77,918
-77,919
-77,920
-77,921
-77,922
-77,923
-77,924
-77,925
-77,926
-77,927
