-124,1
-124,2
-124,3
-124,4
-124,5
-124,6
-124,7
-124,8
-124,9
-124,10
-124,11
-124,12
-124,13
-124,14
-124,15
-124,16
-124,17
-124,18
-124,19
-124,20
-124,21
-124,22
-124,23
-124,24
-124,25
-124,26
-124,27
-124,28
-124,29
-124,30
-124,31
-124,32
-124,33
-124,34
-124,35
-124,36
-124,37
-124,38
-124,39
-124,40
-124,41
-124,42
-124,43
-124,44
-124,45
-124,46
-124,47
-124,48
-124,49
-124,50
-124,51
-124,52
-124,53
-124,54
-124,55
-124,56
-124,57
-124,58
-124,59
-124,60
-124,61
-124,62
-124,63
-124,64
-124,65
-124,66
-124,67
-124,68
-124,69
-124,70
-124,71
-124,72
-124,73
-124,74
-124,75
-124,76
-124,77
-124,78
-124,79
-124,80
-124,81
-124,82
-124,83
-124,84
-124,85
-124,86
-124,87
-124,88
-124,89
-124,90
-124,91
-124,92
-124,93
-124,94
-124,95
-124,96
-124,97
-124,98
-124,99
-124,100
-124,101
-124,102
-124,103
-124,104
-124,105
-124,106
-124,107
-124,108
-124,109
-124,110
-124,111
-124,112
-124,113
-124,114
-124,115
-124,116
-124,117
-124,118
-124,119
-124,120
-124,121
-124,122
-124,123
-124,124
-124,125
-124,126
-124,127
-124,128
-124,129
-124,130
-124,131
-124,132
-124,133
-124,134
-124,135
-124,136
-124,137
-124,138
:139_2,139
:139_2,140
:139_2,141
:139_2,142
:139_2,143
123,144
123,145
123,146
123,147
123,148
123,149
123,150
123,151
123,152
123,153
123,154
123,155
123,156
123,157
123,158
123,159
123,160
123,161
123,162
123,163
123,164
123,165
123,166
123,167
123,168
123,169
123,170
123,171
123,172
123,173
123,174
123,175
123,176
123,177
123,178
123,179
123,180
123,181
123,182
123,183
123,184
123,185
123,186
123,187
123,188
123,189
123,190
123,191
123,192
123,193
123,194
123,195
123,196
123,197
123,198
123,199
123,200
123,201
123,202
123,203
123,204
123,205
123,206
123,207
123,208
123,209
123,210
123,211
123,212
123,213
123,214
123,215
123,216
123,217
123,218
123,219
123,220
123,221
123,222
123,223
123,224
123,225
123,226
123,227
123,228
123,229
123,230
123,231
123,232
123,233
123,234
123,235
123,236
123,237
123,238
123,239
123,240
123,241
123,242
:140_6,243
:140_6,244
:140_6,245
:140_6,246
:140_6,247
129,248
129,249
129,250
129,251
129,252
129,253
129,254
129,255
129,256
129,257
129,258
129,259
129,260
129,261
129,262
129,263
129,264
129,265
129,266
129,267
129,268
129,269
129,270
129,271
129,272
129,273
129,274
129,275
129,276
129,277
129,278
129,279
129,280
129,281
129,282
129,283
129,284
129,285
129,286
129,287
129,288
129,289
129,290
129,291
129,292
129,293
129,294
129,295
129,296
129,297
129,298
129,299
129,300
129,301
129,302
129,303
129,304
129,305
129,306
129,307
129,308
129,309
129,310
129,311
129,312
129,313
129,314
129,315
129,316
129,317
129,318
129,319
129,320
129,321
129,322
129,323
129,324
129,325
129,326
129,327
129,328
129,329
129,330
129,331
129,332
129,333
129,334
129,335
129,336
129,337
129,338
129,339
129,340
129,341
129,342
129,343
129,344
129,345
129,346
129,347
129,348
129,349
129,350
129,351
129,352
129,353
129,354
129,355
129,356
129,357
129,358
129,359
129,360
129,361
129,362
129,363
129,364
129,365
129,366
129,367
129,368
129,369
129,370
129,371
129,372
129,373
129,374
129,375
129,376
129,377
129,378
129,379
129,380
129,381
129,382
129,383
129,384
129,385
129,386
129,387
129,388
129,389
129,390
129,391
129,392
129,393
129,394
129,395
129,396
129,397
129,398
:29_0,399
:29_0,400
:29_0,401
:29_0,402
-25,403
-25,404
-25,405
-25,406
-25,407
-25,408
-25,409
-25,410
-25,411
-25,412
-25,413
-25,414
-25,415
-25,416
-25,417
-25,418
-25,419
-25,420
-25,421
-25,422
-25,423
-25,424
-25,425
-25,426
-25,427
-25,428
-25,429
-25,430
-25,431
-25,432
-25,433
-25,434
-25,435
-25,436
-25,437
-25,438
-25,439
-25,440
-25,441
-25,442
-25,443
-25,444
-25,445
-25,446
-25,447
-25,448
-25,449
-25,450
-25,451
-25,452
-25,453
-25,454
-25,455
-25,456
-25,457
-25,458
-25,459
-25,460
-25,461
-25,462
-25,463
-25,464
-25,465
-25,466
-25,467
-25,468
-25,469
-25,470
-25,471
-25,472
-25,473
-25,474
-25,475
-25,476
-25,477
-25,478
-25,479
-25,480
-25,481
-25,482
-25,483
-25,484
-25,485
-25,486
-25,487
-25,488
-25,489
-25,490
-25,491
-25,492
-25,493
-25,494
-25,495
-25,496
-25,497
-25,498
-25,499
-25,500
-25,501
-25,502
-25,503
-25,504
-25,505
-25,506
-25,507
-25,508
-25,509
-25,510
-25,511
-25,512
-25,513
-25,514
-25,515
-25,516
-25,517
-25,518
-25,519
-25,520
-25,521
-25,522
-25,523
-25,524
-25,525
-25,526
-25,527
-25,528
-25,529
-25,530
-25,531
-25,532
:24_5,533
:24_5,534
:24_5,535
:24_5,536
:24_5,537
-20,538
-20,539
-20,540
-20,541
-20,542
-20,543
-20,544
-20,545
-20,546
-20,547
-20,548
-20,549
-20,550
-20,551
-20,552
-20,553
-20,554
-20,555
-20,556
-20,557
-20,558
-20,559
-20,560
-20,561
-20,562
-20,563
-20,564
-20,565
-20,566
-20,567
-20,568
-20,569
-20,570
-20,571
-20,572
-20,573
-20,574
-20,575
-20,576
-20,577
-20,578
-20,579
-20,580
-20,581
-20,582
-20,583
-20,584
-20,585
-20,586
-20,587
-20,588
-20,589
-20,590
-20,591
-20,592
-20,593
-20,594
-20,595
-20,596
-20,597
-20,598
-20,599
-20,600
-20,601
-20,602
-20,603
-20,604
-20,605
-20,606
-20,607
-20,608
-20,609
-20,610
-20,611
-20,612
-20,613
-20,614
-20,615
-20,616
-20,617
-20,618
-20,619
-20,620
-20,621
-20,622
:23_4,623
:23_4,624
:23_4,625
:23_4,626
:23_4,627
:23_4,628
-19,629
-19,630
-19,631
-19,632
-19,633
-19,634
-19,635
-19,636
-19,637
-19,638
-19,639
-19,640
-19,641
-19,642
-19,643
-19,644
-19,645
-19,646
-19,647
-19,648
-19,649
-19,650
-19,651
-19,652
-19,653
-19,654
-19,655
-19,656
-19,657
-19,658
-19,659
-19,660
-19,661
-19,662
-19,663
-19,664
-19,665
-19,666
-19,667
-19,668
-19,669
-19,670
-19,671
-19,672
-19,673
-19,674
-19,675
-19,676
-19,677
-19,678
-19,679
-19,680
-19,681
-19,682
-19,683
-19,684
-19,685
-19,686
-19,687
-19,688
-19,689
-19,690
-19,691
-19,692
-19,693
-19,694
-19,695
-19,696
-19,697
-19,698
-19,699
-19,700
-19,701
-19,702
-19,703
-19,704
-19,705
-19,706
-19,707
-19,708
-19,709
-19,710
-19,711
-19,712
-19,713
-19,714
-19,715
-19,716
-19,717
:22_1,718
:22_1,719
:22_1,720
:22_1,721
:22_1,722
:22_1,723
23,724
23,725
23,726
23,727
23,728
23,729
23,730
23,731
23,732
23,733
23,734
23,735
23,736
23,737
23,738
23,739
23,740
23,741
23,742
23,743
23,744
23,745
23,746
23,747
23,748
23,749
23,750
23,751
23,752
23,753
23,754
23,755
23,756
23,757
23,758
23,759
23,760
23,761
23,762
23,763
23,764
23,765
23,766
23,767
23,768
23,769
23,770
23,771
23,772
23,773
23,774
23,775
23,776
23,777
23,778
23,779
23,780
23,781
23,782
23,783
23,784
23,785
23,786
23,787
23,788
23,789
23,790
23,791
23,792
23,793
23,794
23,795
23,796
23,797
23,798
23,799
23,800
23,801
23,802
23,803
23,804
23,805
23,806
23,807
23,808
23,809
23,810
23,811
23,812
23,813
23,814
23,815
23,816
23,817
23,818
23,819
23,820
23,821
23,822
23,823
23,824
23,825
23,826
23,827
23,828
23,829
23,830
23,831
23,832
23,833
23,834
23,835
23,836
23,837
23,838
23,839
23,840
23,841
23,842
23,843
23,844
23,845
23,846
23,847
23,848
23,849
23,850
23,851
23,852
23,853
23,854
23,855
23,856
23,857
23,858
23,859
23,860
23,861
23,862
23,863
23,864
23,865
23,866
23,867
23,868
23,869
23,870
23,871
23,872
23,873
23,874
23,875
23,876
23,877
23,878
23,879
23,880
23,881
23,882
23,883
23,884
23,885
23,886
23,887
23,888
23,889
23,890
:27_1,891
:27_1,892
:27_1,893
:27_1,894
:27_1,895
87,896
87,897
87,898
87,899
87,900
87,901
87,902
87,903
87,904
87,905
87,906
87,907
87,908
87,909
87,910
87,911
87,912
87,913
87,914
87,915
87,916
87,917
87,918
87,919
87,920
87,921
87,922
87,923
87,924
87,925
87,926
87,927
87,928
87,929
87,930
87,931
87,932
87,933
87,934
87,935
87,936
87,937
87,938
87,939
87,940
87,941
87,942
87,943
87,944
87,945
87,946
87,947
87,948
87,949
87,950
87,951
87,952
87,953
87,954
87,955
87,956
87,957
87,958
87,959
87,960
87,961
87,962
87,963
87,964
87,965
87,966
87,967
87,968
87,969
87,970
87,971
87,972
87,973
87,974
87,975
87,976
87,977
87,978
87,979
87,980
87,981
87,982
87,983
87,984
87,985
87,986
87,987
87,988
87,989
87,990
87,991
87,992
87,993
87,994
87,995
87,996
87,997
87,998
87,999
87,1000
87,1001
87,1002
87,1003
87,1004
87,1005
87,1006
87,1007
87,1008
87,1009
87,1010
87,1011
87,1012
87,1013
87,1014
87,1015
87,1016
87,1017
87,1018
87,1019
87,1020
87,1021
87,1022
87,1023
87,1024
87,1025
87,1026
87,1027
87,1028
87,1029
87,1030
87,1031
87,1032
87,1033
87,1034
87,1035
87,1036
87,1037
87,1038
87,1039
87,1040
87,1041
87,1042
87,1043
87,1044
87,1045
87,1046
87,1047
:102_0,1048
:102_0,1049
:102_0,1050
:102_0,1051
:102_0,1052
-159,1053
-159,1054
-159,1055
-159,1056
-159,1057
-159,1058
-159,1059
-159,1060
-159,1061
-159,1062
-159,1063
-159,1064
-159,1065
-159,1066
-159,1067
-159,1068
-159,1069
-159,1070
-159,1071
-159,1072
-159,1073
-159,1074
-159,1075
-159,1076
-159,1077
-159,1078
-159,1079
-159,1080
-159,1081
-159,1082
-159,1083
-159,1084
-159,1085
-159,1086
-159,1087
-159,1088
-159,1089
-159,1090
-159,1091
-159,1092
-159,1093
-159,1094
-159,1095
-159,1096
-159,1097
-159,1098
-159,1099
-159,1100
-159,1101
-159,1102
-159,1103
-159,1104
-159,1105
-159,1106
-159,1107
-159,1108
-159,1109
-159,1110
-159,1111
-159,1112
-159,1113
-159,1114
-159,1115
-159,1116
-159,1117
-159,1118
-159,1119
-159,1120
-159,1121
-159,1122
-159,1123
-159,1124
-159,1125
-159,1126
-159,1127
-159,1128
-159,1129
-159,1130
-159,1131
-159,1132
-159,1133
-159,1134
-159,1135
-159,1136
-159,1137
-159,1138
-159,1139
-159,1140
-159,1141
-159,1142
-159,1143
:63_5,1144
:63_5,1145
:63_5,1146
:63_5,1147
:63_5,1148
-55,1149
-55,1150
-55,1151
-55,1152
-55,1153
-55,1154
-55,1155
-55,1156
-55,1157
-55,1158
-55,1159
-55,1160
-55,1161
-55,1162
-55,1163
-55,1164
-55,1165
-55,1166
-55,1167
-55,1168
-55,1169
-55,1170
-55,1171
-55,1172
-55,1173
-55,1174
-55,1175
-55,1176
-55,1177
-55,1178
-55,1179
-55,1180
-55,1181
-55,1182
-55,1183
-55,1184
-55,1185
-55,1186
-55,1187
-55,1188
-55,1189
-55,1190
-55,1191
-55,1192
-55,1193
-55,1194
-55,1195
-55,1196
-55,1197
-55,1198
-55,1199
-55,1200
-55,1201
-55,1202
-55,1203
-55,1204
-55,1205
-55,1206
-55,1207
-55,1208
-55,1209
-55,1210
-55,1211
-55,1212
-55,1213
-55,1214
-55,1215
-55,1216
-55,1217
-55,1218
-55,1219
-55,1220
-55,1221
-55,1222
-55,1223
-55,1224
-55,1225
-55,1226
-55,1227
-55,1228
-55,1229
-55,1230
-55,1231
-55,1232
-55,1233
-55,1234
-55,1235
-55,1236
-55,1237
-55,1238
-55,1239
-55,1240
-55,1241
-55,1242
-55,1243
-55,1244
-55,1245
-55,1246
-55,1247
-55,1248
-55,1249
-55,1250
-55,1251
-55,1252
-55,1253
-55,1254
-55,1255
:62_1,1256
:62_1,1257
:62_1,1258
:62_1,1259
:62_1,1260
-54,1261
-54,1262
-54,1263
-54,1264
-54,1265
-54,1266
-54,1267
-54,1268
-54,1269
-54,1270
-54,1271
-54,1272
-54,1273
-54,1274
-54,1275
-54,1276
-54,1277
-54,1278
-54,1279
-54,1280
-54,1281
-54,1282
-54,1283
-54,1284
-54,1285
-54,1286
-54,1287
-54,1288
-54,1289
-54,1290
-54,1291
-54,1292
-54,1293
-54,1294
-54,1295
-54,1296
-54,1297
-54,1298
-54,1299
-54,1300
-54,1301
-54,1302
-54,1303
-54,1304
:61_0,1305
:61_0,1306
:61_0,1307
:61_0,1308
:61_0,1309
-53,1310
-53,1311
-53,1312
-53,1313
-53,1314
-53,1315
-53,1316
-53,1317
-53,1318
-53,1319
-53,1320
-53,1321
-53,1322
-53,1323
-53,1324
-53,1325
-53,1326
-53,1327
-53,1328
-53,1329
-53,1330
-53,1331
-53,1332
-53,1333
-53,1334
-53,1335
-53,1336
-53,1337
-53,1338
-53,1339
-53,1340
-53,1341
-53,1342
-53,1343
-53,1344
-53,1345
-53,1346
-53,1347
-53,1348
-53,1349
-53,1350
-53,1351
-53,1352
-53,1353
-53,1354
-53,1355
-53,1356
-53,1357
-53,1358
-53,1359
-53,1360
-53,1361
-53,1362
-53,1363
-53,1364
-53,1365
-53,1366
-53,1367
-53,1368
-53,1369
-53,1370
-53,1371
-53,1372
-53,1373
-53,1374
-53,1375
-53,1376
-53,1377
-53,1378
-53,1379
-53,1380
:58_5,1381
:58_5,1382
:58_5,1383
:58_5,1384
:58_5,1385
:58_5,1386
:58_5,1387
:58_5,1388
56,1389
56,1390
56,1391
56,1392
56,1393
56,1394
56,1395
56,1396
56,1397
56,1398
56,1399
56,1400
56,1401
56,1402
56,1403
56,1404
56,1405
56,1406
56,1407
56,1408
56,1409
56,1410
56,1411
56,1412
56,1413
56,1414
56,1415
56,1416
56,1417
56,1418
56,1419
56,1420
56,1421
56,1422
56,1423
56,1424
56,1425
56,1426
56,1427
56,1428
56,1429
56,1430
56,1431
56,1432
56,1433
56,1434
56,1435
56,1436
56,1437
56,1438
56,1439
56,1440
56,1441
56,1442
56,1443
56,1444
56,1445
56,1446
56,1447
56,1448
56,1449
56,1450
56,1451
56,1452
56,1453
56,1454
56,1455
56,1456
56,1457
56,1458
56,1459
56,1460
56,1461
56,1462
56,1463
56,1464
56,1465
56,1466
56,1467
56,1468
56,1469
56,1470
56,1471
56,1472
56,1473
56,1474
56,1475
56,1476
56,1477
56,1478
56,1479
56,1480
56,1481
56,1482
56,1483
56,1484
56,1485
56,1486
56,1487
56,1488
56,1489
56,1490
56,1491
56,1492
56,1493
56,1494
56,1495
56,1496
56,1497
56,1498
56,1499
56,1500
56,1501
56,1502
56,1503
56,1504
56,1505
56,1506
56,1507
56,1508
56,1509
56,1510
56,1511
56,1512
56,1513
56,1514
56,1515
56,1516
56,1517
56,1518
56,1519
:64_1,1520
:64_1,1521
:64_1,1522
:64_1,1523
:64_1,1524
569,1525
569,1526
569,1527
569,1528
569,1529
569,1530
569,1531
569,1532
569,1533
569,1534
569,1535
569,1536
569,1537
569,1538
569,1539
569,1540
569,1541
569,1542
569,1543
569,1544
569,1545
569,1546
569,1547
569,1548
569,1549
569,1550
569,1551
569,1552
569,1553
569,1554
569,1555
569,1556
569,1557
569,1558
569,1559
569,1560
569,1561
569,1562
569,1563
569,1564
569,1565
569,1566
569,1567
569,1568
569,1569
569,1570
569,1571
569,1572
569,1573
569,1574
569,1575
569,1576
569,1577
569,1578
569,1579
569,1580
569,1581
569,1582
569,1583
569,1584
569,1585
569,1586
569,1587
569,1588
569,1589
569,1590
569,1591
569,1592
569,1593
569,1594
569,1595
569,1596
569,1597
569,1598
569,1599
569,1600
569,1601
569,1602
569,1603
569,1604
569,1605
569,1606
569,1607
569,1608
569,1609
569,1610
569,1611
569,1612
569,1613
569,1614
569,1615
569,1616
569,1617
569,1618
:151_0,1619
:151_0,1620
:151_0,1621
:151_0,1622
:151_0,1623
570,1624
570,1625
570,1626
570,1627
570,1628
570,1629
570,1630
570,1631
570,1632
570,1633
570,1634
570,1635
570,1636
570,1637
570,1638
570,1639
570,1640
570,1641
570,1642
570,1643
570,1644
570,1645
570,1646
570,1647
570,1648
570,1649
570,1650
570,1651
570,1652
570,1653
570,1654
570,1655
570,1656
570,1657
570,1658
570,1659
570,1660
570,1661
570,1662
570,1663
570,1664
570,1665
570,1666
570,1667
570,1668
570,1669
570,1670
570,1671
570,1672
570,1673
570,1674
570,1675
570,1676
570,1677
570,1678
570,1679
570,1680
570,1681
570,1682
570,1683
570,1684
570,1685
570,1686
570,1687
570,1688
570,1689
570,1690
570,1691
570,1692
570,1693
570,1694
570,1695
570,1696
570,1697
570,1698
570,1699
570,1700
570,1701
570,1702
570,1703
570,1704
570,1705
570,1706
570,1707
570,1708
570,1709
570,1710
570,1711
570,1712
570,1713
570,1714
570,1715
570,1716
570,1717
570,1718
570,1719
570,1720
570,1721
570,1722
570,1723
570,1724
570,1725
570,1726
570,1727
570,1728
570,1729
570,1730
570,1731
570,1732
570,1733
570,1734
570,1735
570,1736
570,1737
570,1738
570,1739
570,1740
570,1741
570,1742
570,1743
570,1744
570,1745
570,1746
570,1747
570,1748
570,1749
570,1750
570,1751
570,1752
570,1753
570,1754
570,1755
570,1756
570,1757
570,1758
570,1759
570,1760
570,1761
570,1762
570,1763
570,1764
570,1765
570,1766
570,1767
570,1768
570,1769
570,1770
570,1771
570,1772
570,1773
:99_0,1774
:99_0,1775
:99_0,1776
:99_0,1777
571,1778
571,1779
571,1780
571,1781
571,1782
571,1783
571,1784
571,1785
571,1786
571,1787
571,1788
571,1789
571,1790
571,1791
571,1792
571,1793
571,1794
571,1795
571,1796
571,1797
571,1798
571,1799
571,1800
571,1801
571,1802
571,1803
571,1804
571,1805
571,1806
571,1807
571,1808
571,1809
571,1810
571,1811
571,1812
571,1813
571,1814
571,1815
571,1816
571,1817
571,1818
571,1819
571,1820
571,1821
571,1822
571,1823
571,1824
571,1825
571,1826
571,1827
571,1828
571,1829
571,1830
571,1831
571,1832
571,1833
571,1834
571,1835
571,1836
571,1837
571,1838
571,1839
571,1840
571,1841
571,1842
571,1843
571,1844
571,1845
571,1846
571,1847
571,1848
571,1849
571,1850
571,1851
571,1852
571,1853
571,1854
571,1855
571,1856
571,1857
571,1858
571,1859
571,1860
571,1861
571,1862
571,1863
571,1864
571,1865
571,1866
571,1867
571,1868
571,1869
571,1870
571,1871
571,1872
571,1873
571,1874
571,1875
571,1876
571,1877
571,1878
571,1879
571,1880
571,1881
571,1882
571,1883
571,1884
571,1885
571,1886
571,1887
571,1888
571,1889
571,1890
571,1891
571,1892
571,1893
571,1894
571,1895
571,1896
571,1897
571,1898
571,1899
571,1900
571,1901
571,1902
571,1903
571,1904
571,1905
571,1906
571,1907
571,1908
571,1909
571,1910
571,1911
571,1912
571,1913
571,1914
571,1915
571,1916
571,1917
571,1918
571,1919
571,1920
571,1921
571,1922
571,1923
571,1924
571,1925
571,1926
571,1927
571,1928
571,1929
571,1930
571,1931
571,1932
571,1933
571,1934
571,1935
571,1936
571,1937
571,1938
571,1939
571,1940
571,1941
571,1942
571,1943
571,1944
571,1945
571,1946
571,1947
571,1948
571,1949
571,1950
571,1951
571,1952
571,1953
571,1954
571,1955
571,1956
571,1957
571,1958
571,1959
571,1960
571,1961
571,1962
571,1963
571,1964
:92_1,1965
:92_1,1966
:92_1,1967
:92_1,1968
:92_1,1969
:92_1,1970
-79,1971
-79,1972
-79,1973
-79,1974
-79,1975
-79,1976
-79,1977
-79,1978
-79,1979
-79,1980
-79,1981
-79,1982
-79,1983
-79,1984
-79,1985
-79,1986
-79,1987
-79,1988
-79,1989
-79,1990
-79,1991
-79,1992
-79,1993
-79,1994
-79,1995
-79,1996
-79,1997
-79,1998
-79,1999
-79,2000
