205,21
205,22
205,23
205,24
205,25
205,26
205,27
205,28
205,29
205,30
205,31
205,32
205,33
205,34
205,35
205,36
205,37
205,38
205,39
205,40
205,41
205,42
205,43
205,44
205,45
205,46
205,47
205,48
205,49
205,50
205,51
205,52
205,53
205,54
205,55
205,56
205,57
205,58
205,59
205,60
205,61
205,62
205,63
205,64
205,65
205,66
205,67
205,68
205,69
205,70
205,71
205,72
205,73
205,74
205,75
205,76
205,77
205,78
205,79
205,80
205,81
205,82
205,83
205,84
205,85
205,86
205,87
205,88
205,89
205,90
205,91
205,92
205,93
205,94
205,95
205,96
205,97
205,98
205,99
205,100
205,101
205,102
205,103
205,104
205,105
205,106
205,107
205,108
205,109
205,110
205,111
205,112
205,113
205,114
205,115
205,116
205,117
205,118
205,119
205,120
205,121
205,122
205,123
205,124
205,125
205,126
205,127
205,128
205,129
205,130
:213_6,131
:213_6,132
:213_6,133
:213_6,134
:213_6,135
:213_6,136
-630,137
-630,138
-630,139
-630,140
-630,141
-630,142
-630,143
-630,144
-630,145
-630,146
-630,147
-630,148
-630,149
-630,150
-630,151
-630,152
-630,153
-630,154
-630,155
-630,156
-630,157
-630,158
-630,159
-630,160
-630,161
-630,162
-630,163
-630,164
-630,165
-630,166
-630,167
-630,168
-630,169
-630,170
-630,171
-630,172
-630,173
-630,174
-630,175
-630,176
-630,177
-630,178
-630,179
-630,180
-630,181
-630,182
-630,183
-630,184
-630,185
-630,186
-630,187
-630,188
-630,189
-630,190
-630,191
-630,192
-630,193
-630,194
-630,195
-630,196
-630,197
-630,198
-630,199
-630,200
-630,201
-630,202
-630,203
-630,204
-630,205
-630,206
-630,207
-630,208
-630,209
-630,210
-630,211
-630,212
-630,213
-630,214
-630,215
-630,216
-630,217
-630,218
-630,219
-630,220
-630,221
-630,222
-630,223
-630,224
-630,225
-630,226
-630,227
-630,228
-630,229
-630,230
-630,231
-630,232
-630,233
-630,234
-630,235
-630,236
-630,237
-630,238
-630,239
-630,240
-630,241
-630,242
-630,243
-630,244
-630,245
-630,246
-630,247
-630,248
:93_6,249
:93_6,250
:93_6,251
:93_6,252
:93_6,253
-80,254
-80,255
-80,256
-80,257
-80,258
-80,259
-80,260
-80,261
-80,262
-80,263
-80,264
-80,265
-80,266
-80,267
-80,268
-80,269
-80,270
-80,271
-80,272
-80,273
-80,274
-80,275
-80,276
-80,277
-80,278
-80,279
-80,280
-80,281
-80,282
-80,283
-80,284
-80,285
-80,286
-80,287
-80,288
-80,289
-80,290
-80,291
-80,292
-80,293
-80,294
-80,295
-80,296
-80,297
-80,298
-80,299
-80,300
-80,301
-80,302
-80,303
-80,304
-80,305
-80,306
-80,307
-80,308
-80,309
-80,310
-80,311
-80,312
-80,313
-80,314
-80,315
-80,316
-80,317
-80,318
-80,319
-80,320
-80,321
-80,322
-80,323
-80,324
-80,325
-80,326
-80,327
-80,328
-80,329
-80,330
-80,331
-80,332
-80,333
-80,334
-80,335
-80,336
-80,337
-80,338
-80,339
-80,340
-80,341
-80,342
-80,343
-80,344
-80,345
-80,346
-80,347
-80,348
-80,349
-80,350
-80,351
-80,352
-80,353
-80,354
-80,355
-80,356
-80,357
-80,358
-80,359
-80,360
-80,361
-80,362
-80,363
-80,364
-80,365
:91_7,366
:91_7,367
:91_7,368
:91_10,369
:91_10,370
:91_10,371
:91_10,372
:91_10,373
79,374
79,375
79,376
79,377
79,378
79,379
79,380
79,381
79,382
79,383
79,384
79,385
79,386
79,387
79,388
79,389
79,390
79,391
79,392
79,393
79,394
79,395
79,396
79,397
79,398
79,399
79,400
79,401
79,402
79,403
79,404
79,405
79,406
79,407
79,408
79,409
79,410
79,411
79,412
79,413
79,414
79,415
79,416
79,417
79,418
79,419
79,420
79,421
79,422
79,423
79,424
79,425
79,426
79,427
79,428
79,429
79,430
79,431
79,432
79,433
79,434
79,435
79,436
79,437
79,438
79,439
79,440
79,441
79,442
79,443
79,444
79,445
79,446
79,447
79,448
79,449
79,450
79,451
79,452
79,453
79,454
79,455
79,456
79,457
79,458
79,459
79,460
79,461
79,462
79,463
79,464
79,465
79,466
79,467
79,468
79,469
79,470
79,471
79,472
79,473
79,474
79,475
79,476
:92_3,477
:92_3,478
:92_3,479
:92_3,480
:92_3,481
-571,482
-571,483
-571,484
-571,485
-571,486
-571,487
-571,488
-571,489
-571,490
-571,491
-571,492
-571,493
-571,494
-571,495
-571,496
-571,497
-571,498
-571,499
-571,500
-571,501
-571,502
-571,503
-571,504
-571,505
-571,506
-571,507
-571,508
-571,509
-571,510
-571,511
-571,512
-571,513
-571,514
-571,515
-571,516
-571,517
-571,518
-571,519
-571,520
-571,521
-571,522
-571,523
-571,524
-571,525
-571,526
-571,527
-571,528
-571,529
-571,530
-571,531
-571,532
-571,533
-571,534
-571,535
-571,536
-571,537
-571,538
-571,539
-571,540
-571,541
-571,542
-571,543
-571,544
-571,545
-571,546
-571,547
-571,548
-571,549
-571,550
-571,551
-571,552
-571,553
-571,554
-571,555
-571,556
-571,557
-571,558
-571,559
-571,560
-571,561
-571,562
-571,563
-571,564
-571,565
-571,566
-571,567
-571,568
-571,569
-571,570
-571,571
-571,572
-571,573
-571,574
-571,575
-571,576
-571,577
-571,578
-571,579
-571,580
-571,581
-571,582
-571,583
-571,584
-571,585
-571,586
-571,587
-571,588
-571,589
-571,590
-571,591
-571,592
-571,593
-571,594
-571,595
-571,596
-571,597
-571,598
-571,599
-571,600
-571,601
-571,602
-571,603
-571,604
-571,605
-571,606
-571,607
-571,608
-571,609
-571,610
-571,611
-571,612
-571,613
-571,614
-571,615
-571,616
-571,617
-571,618
-571,619
-571,620
-571,621
-571,622
-571,623
-571,624
-571,625
-571,626
-571,627
-571,628
-571,629
-571,630
-571,631
-571,632
-571,633
-571,634
-571,635
-571,636
-571,637
-571,638
-571,639
-571,640
-571,641
-571,642
-571,643
-571,644
-571,645
-571,646
-571,647
-571,648
-571,649
-571,650
-571,651
-571,652
-571,653
-571,654
-571,655
-571,656
-571,657
-571,658
-571,659
-571,660
-571,661
-571,662
-571,663
-571,664
-571,665
-571,666
-571,667
-571,668
-571,669
-571,670
-571,671
-571,672
-571,673
-571,674
-571,675
-571,676
-571,677
-571,678
:99_7,679
:99_7,680
:99_7,681
:99_7,682
:99_7,683
-570,684
-570,685
-570,686
-570,687
-570,688
-570,689
-570,690
-570,691
-570,692
-570,693
-570,694
-570,695
-570,696
-570,697
-570,698
-570,699
-570,700
-570,701
-570,702
-570,703
-570,704
-570,705
-570,706
-570,707
-570,708
-570,709
-570,710
-570,711
-570,712
-570,713
-570,714
-570,715
-570,716
-570,717
-570,718
-570,719
-570,720
-570,721
-570,722
-570,723
-570,724
-570,725
-570,726
-570,727
-570,728
-570,729
-570,730
-570,731
-570,732
-570,733
-570,734
-570,735
-570,736
-570,737
-570,738
-570,739
-570,740
-570,741
-570,742
-570,743
-570,744
-570,745
-570,746
-570,747
-570,748
-570,749
-570,750
-570,751
-570,752
-570,753
-570,754
-570,755
-570,756
-570,757
-570,758
-570,759
-570,760
-570,761
-570,762
-570,763
-570,764
-570,765
-570,766
-570,767
-570,768
-570,769
-570,770
-570,771
-570,772
-570,773
-570,774
-570,775
-570,776
-570,777
-570,778
-570,779
-570,780
-570,781
-570,782
-570,783
-570,784
-570,785
-570,786
-570,787
-570,788
-570,789
-570,790
-570,791
-570,792
-570,793
-570,794
-570,795
-570,796
-570,797
-570,798
-570,799
-570,800
-570,801
-570,802
-570,803
-570,804
-570,805
-570,806
-570,807
-570,808
-570,809
-570,810
-570,811
-570,812
-570,813
-570,814
-570,815
-570,816
-570,817
-570,818
-570,819
-570,820
-570,821
-570,822
-570,823
-570,824
-570,825
-570,826
-570,827
-570,828
-570,829
-570,830
-570,831
-570,832
-570,833
-570,834
-570,835
-570,836
-570,837
-570,838
-570,839
-570,840
-570,841
:151_7,842
:151_7,843
:151_7,844
:151_7,845
:151_7,846
:151_7,847
-569,848
-569,849
-569,850
-569,851
-569,852
-569,853
-569,854
-569,855
-569,856
-569,857
-569,858
-569,859
-569,860
-569,861
-569,862
-569,863
-569,864
-569,865
-569,866
-569,867
-569,868
-569,869
-569,870
-569,871
-569,872
-569,873
-569,874
-569,875
-569,876
-569,877
-569,878
-569,879
-569,880
-569,881
-569,882
-569,883
-569,884
-569,885
-569,886
-569,887
-569,888
-569,889
-569,890
-569,891
-569,892
-569,893
-569,894
-569,895
-569,896
-569,897
-569,898
-569,899
-569,900
-569,901
-569,902
-569,903
-569,904
-569,905
-569,906
-569,907
-569,908
-569,909
-569,910
-569,911
-569,912
-569,913
-569,914
-569,915
-569,916
-569,917
-569,918
-569,919
-569,920
-569,921
-569,922
-569,923
-569,924
-569,925
-569,926
-569,927
-569,928
-569,929
-569,930
-569,931
-569,932
-569,933
-569,934
-569,935
-569,936
-569,937
-569,938
-569,939
-569,940
-569,941
-569,942
-569,943
-569,944
-569,945
-569,946
-569,947
:64_3,948
:64_3,949
:64_3,950
:64_3,951
:64_3,952
-56,953
-56,954
-56,955
-56,956
-56,957
-56,958
-56,959
-56,960
-56,961
-56,962
-56,963
-56,964
-56,965
-56,966
-56,967
-56,968
-56,969
-56,970
-56,971
-56,972
-56,973
-56,974
-56,975
-56,976
-56,977
-56,978
-56,979
-56,980
-56,981
-56,982
-56,983
-56,984
-56,985
-56,986
-56,987
-56,988
-56,989
-56,990
-56,991
-56,992
-56,993
-56,994
-56,995
-56,996
-56,997
-56,998
-56,999
-56,1000
-56,1001
-56,1002
-56,1003
-56,1004
-56,1005
-56,1006
-56,1007
-56,1008
-56,1009
-56,1010
-56,1011
-56,1012
-56,1013
-56,1014
-56,1015
-56,1016
-56,1017
-56,1018
-56,1019
-56,1020
-56,1021
-56,1022
-56,1023
-56,1024
-56,1025
-56,1026
-56,1027
-56,1028
-56,1029
-56,1030
-56,1031
-56,1032
-56,1033
-56,1034
-56,1035
-56,1036
-56,1037
-56,1038
-56,1039
-56,1040
-56,1041
-56,1042
-56,1043
-56,1044
-56,1045
-56,1046
-56,1047
-56,1048
-56,1049
-56,1050
-56,1051
-56,1052
-56,1053
-56,1054
-56,1055
-56,1056
-56,1057
-56,1058
-56,1059
-56,1060
-56,1061
-56,1062
-56,1063
-56,1064
-56,1065
-56,1066
-56,1067
-56,1068
-56,1069
-56,1070
-56,1071
-56,1072
-56,1073
-56,1074
-56,1075
-56,1076
-56,1077
-56,1078
-56,1079
-56,1080
-56,1081
-56,1082
-56,1083
-56,1084
-56,1085
-56,1086
-56,1087
-56,1088
-56,1089
:58_13,1090
:58_13,1091
:58_13,1092
:58_13,1093
:58_13,1094
:58_13,1095
53,1096
53,1097
53,1098
53,1099
53,1100
53,1101
53,1102
53,1103
53,1104
53,1105
53,1106
53,1107
53,1108
53,1109
53,1110
53,1111
53,1112
53,1113
53,1114
53,1115
53,1116
53,1117
53,1118
53,1119
53,1120
53,1121
53,1122
53,1123
53,1124
53,1125
53,1126
53,1127
53,1128
53,1129
53,1130
53,1131
53,1132
53,1133
53,1134
53,1135
53,1136
53,1137
53,1138
53,1139
53,1140
53,1141
53,1142
53,1143
53,1144
53,1145
53,1146
53,1147
53,1148
53,1149
53,1150
53,1151
53,1152
53,1153
53,1154
53,1155
53,1156
53,1157
53,1158
53,1159
53,1160
53,1161
53,1162
53,1163
53,1164
53,1165
53,1166
53,1167
:61_7,1168
:61_7,1169
:61_7,1170
:61_7,1171
:61_7,1172
54,1173
54,1174
54,1175
54,1176
54,1177
54,1178
54,1179
54,1180
54,1181
54,1182
54,1183
54,1184
54,1185
54,1186
54,1187
54,1188
54,1189
54,1190
54,1191
54,1192
54,1193
54,1194
54,1195
54,1196
54,1197
54,1198
54,1199
54,1200
54,1201
54,1202
54,1203
54,1204
54,1205
54,1206
54,1207
54,1208
54,1209
54,1210
54,1211
54,1212
54,1213
54,1214
54,1215
54,1216
54,1217
54,1218
:62_3,1219
:62_3,1220
:62_3,1221
:62_3,1222
:62_3,1223
:62_3,1224
55,1225
55,1226
55,1227
55,1228
55,1229
55,1230
55,1231
55,1232
55,1233
55,1234
55,1235
55,1236
55,1237
55,1238
55,1239
55,1240
55,1241
55,1242
55,1243
55,1244
55,1245
55,1246
55,1247
55,1248
55,1249
55,1250
55,1251
55,1252
55,1253
55,1254
55,1255
55,1256
55,1257
55,1258
55,1259
55,1260
55,1261
55,1262
55,1263
55,1264
55,1265
55,1266
55,1267
55,1268
55,1269
55,1270
55,1271
55,1272
55,1273
55,1274
55,1275
55,1276
55,1277
55,1278
55,1279
55,1280
55,1281
55,1282
55,1283
55,1284
55,1285
55,1286
55,1287
55,1288
55,1289
55,1290
55,1291
55,1292
55,1293
55,1294
55,1295
55,1296
55,1297
55,1298
55,1299
55,1300
55,1301
55,1302
55,1303
55,1304
55,1305
55,1306
55,1307
55,1308
55,1309
55,1310
55,1311
55,1312
55,1313
55,1314
55,1315
55,1316
55,1317
55,1318
55,1319
55,1320
55,1321
55,1322
55,1323
55,1324
55,1325
55,1326
55,1327
55,1328
55,1329
55,1330
55,1331
55,1332
55,1333
55,1334
55,1335
55,1336
:63_13,1337
:63_13,1338
:63_13,1339
:63_13,1340
:63_13,1341
:63_13,1342
159,1343
159,1344
159,1345
159,1346
159,1347
159,1348
159,1349
159,1350
159,1351
159,1352
159,1353
159,1354
159,1355
159,1356
159,1357
159,1358
159,1359
159,1360
159,1361
159,1362
159,1363
159,1364
159,1365
159,1366
159,1367
159,1368
159,1369
159,1370
159,1371
159,1372
159,1373
159,1374
159,1375
159,1376
159,1377
159,1378
159,1379
159,1380
159,1381
159,1382
159,1383
159,1384
159,1385
159,1386
159,1387
159,1388
159,1389
159,1390
159,1391
159,1392
159,1393
159,1394
159,1395
159,1396
159,1397
159,1398
159,1399
159,1400
159,1401
159,1402
159,1403
159,1404
159,1405
159,1406
159,1407
159,1408
159,1409
159,1410
159,1411
159,1412
159,1413
159,1414
159,1415
159,1416
159,1417
159,1418
159,1419
159,1420
159,1421
159,1422
159,1423
159,1424
159,1425
159,1426
159,1427
159,1428
159,1429
159,1430
159,1431
159,1432
159,1433
159,1434
159,1435
159,1436
159,1437
159,1438
:102_7,1439
:102_7,1440
:102_7,1441
:102_7,1442
:102_7,1443
-87,1444
-87,1445
-87,1446
-87,1447
-87,1448
-87,1449
-87,1450
-87,1451
-87,1452
-87,1453
-87,1454
-87,1455
-87,1456
-87,1457
-87,1458
-87,1459
-87,1460
-87,1461
-87,1462
-87,1463
-87,1464
-87,1465
-87,1466
-87,1467
-87,1468
-87,1469
-87,1470
-87,1471
-87,1472
-87,1473
-87,1474
-87,1475
-87,1476
-87,1477
-87,1478
-87,1479
-87,1480
-87,1481
-87,1482
-87,1483
-87,1484
-87,1485
-87,1486
-87,1487
-87,1488
-87,1489
-87,1490
-87,1491
-87,1492
-87,1493
-87,1494
-87,1495
-87,1496
-87,1497
-87,1498
-87,1499
-87,1500
-87,1501
-87,1502
-87,1503
-87,1504
-87,1505
-87,1506
-87,1507
-87,1508
-87,1509
-87,1510
-87,1511
-87,1512
-87,1513
-87,1514
-87,1515
-87,1516
-87,1517
-87,1518
-87,1519
-87,1520
-87,1521
-87,1522
-87,1523
-87,1524
-87,1525
-87,1526
-87,1527
-87,1528
-87,1529
-87,1530
-87,1531
-87,1532
-87,1533
-87,1534
-87,1535
-87,1536
-87,1537
-87,1538
-87,1539
-87,1540
-87,1541
-87,1542
-87,1543
-87,1544
-87,1545
-87,1546
-87,1547
-87,1548
-87,1549
-87,1550
-87,1551
-87,1552
-87,1553
-87,1554
-87,1555
-87,1556
-87,1557
-87,1558
-87,1559
-87,1560
-87,1561
-87,1562
-87,1563
-87,1564
-87,1565
-87,1566
-87,1567
-87,1568
-87,1569
-87,1570
-87,1571
-87,1572
-87,1573
-87,1574
-87,1575
-87,1576
-87,1577
-87,1578
-87,1579
-87,1580
-87,1581
-87,1582
-87,1583
-87,1584
-87,1585
-87,1586
-87,1587
-87,1588
-87,1589
-87,1590
-87,1591
-87,1592
-87,1593
-87,1594
-87,1595
-87,1596
-87,1597
-87,1598
-87,1599
-87,1600
-87,1601
-87,1602
-87,1603
:27_9,1604
:27_9,1605
:27_9,1606
:27_9,1607
:27_9,1608
:27_9,1609
-23,1610
-23,1611
-23,1612
-23,1613
-23,1614
-23,1615
-23,1616
-23,1617
-23,1618
-23,1619
-23,1620
-23,1621
-23,1622
-23,1623
-23,1624
-23,1625
-23,1626
-23,1627
-23,1628
-23,1629
-23,1630
-23,1631
-23,1632
-23,1633
-23,1634
-23,1635
-23,1636
-23,1637
-23,1638
-23,1639
-23,1640
-23,1641
-23,1642
-23,1643
-23,1644
-23,1645
-23,1646
-23,1647
-23,1648
-23,1649
-23,1650
-23,1651
-23,1652
-23,1653
-23,1654
-23,1655
-23,1656
-23,1657
-23,1658
-23,1659
-23,1660
-23,1661
-23,1662
-23,1663
-23,1664
-23,1665
-23,1666
-23,1667
-23,1668
-23,1669
-23,1670
-23,1671
-23,1672
-23,1673
-23,1674
-23,1675
-23,1676
-23,1677
-23,1678
-23,1679
-23,1680
-23,1681
-23,1682
-23,1683
-23,1684
-23,1685
-23,1686
-23,1687
-23,1688
-23,1689
-23,1690
-23,1691
-23,1692
-23,1693
-23,1694
-23,1695
-23,1696
-23,1697
-23,1698
-23,1699
-23,1700
-23,1701
-23,1702
-23,1703
-23,1704
-23,1705
-23,1706
-23,1707
-23,1708
-23,1709
-23,1710
-23,1711
-23,1712
-23,1713
-23,1714
-23,1715
-23,1716
-23,1717
-23,1718
-23,1719
-23,1720
-23,1721
-23,1722
-23,1723
-23,1724
-23,1725
-23,1726
-23,1727
-23,1728
-23,1729
-23,1730
-23,1731
-23,1732
-23,1733
-23,1734
-23,1735
-23,1736
-23,1737
-23,1738
-23,1739
-23,1740
-23,1741
-23,1742
-23,1743
-23,1744
-23,1745
-23,1746
-23,1747
-23,1748
-23,1749
-23,1750
-23,1751
-23,1752
-23,1753
-23,1754
-23,1755
-23,1756
-23,1757
-23,1758
-23,1759
-23,1760
-23,1761
-23,1762
-23,1763
-23,1764
-23,1765
-23,1766
-23,1767
-23,1768
-23,1769
-23,1770
-23,1771
-23,1772
-23,1773
-23,1774
-23,1775
-23,1776
-23,1777
-23,1778
-23,1779
-23,1780
-23,1781
-23,1782
-23,1783
-23,1784
-23,1785
:22_9,1786
:22_9,1787
:22_9,1788
:22_9,1789
:22_9,1790
19,1791
19,1792
19,1793
19,1794
19,1795
19,1796
19,1797
19,1798
19,1799
19,1800
19,1801
19,1802
19,1803
19,1804
19,1805
19,1806
19,1807
19,1808
19,1809
19,1810
19,1811
19,1812
19,1813
19,1814
19,1815
19,1816
19,1817
19,1818
19,1819
19,1820
19,1821
19,1822
19,1823
19,1824
19,1825
19,1826
19,1827
19,1828
19,1829
19,1830
19,1831
19,1832
19,1833
19,1834
19,1835
19,1836
19,1837
19,1838
19,1839
19,1840
19,1841
19,1842
19,1843
19,1844
19,1845
19,1846
19,1847
19,1848
19,1849
19,1850
19,1851
19,1852
19,1853
19,1854
19,1855
19,1856
19,1857
19,1858
19,1859
19,1860
19,1861
19,1862
19,1863
19,1864
19,1865
19,1866
19,1867
19,1868
19,1869
19,1870
19,1871
19,1872
19,1873
19,1874
19,1875
19,1876
19,1877
19,1878
19,1879
19,1880
19,1881
19,1882
19,1883
19,1884
:23_6,1885
:23_6,1886
:23_6,1887
:23_6,1888
:23_6,1889
:23_6,1890
:23_6,1891
20,1892
20,1893
20,1894
20,1895
20,1896
20,1897
20,1898
20,1899
20,1900
20,1901
20,1902
20,1903
20,1904
20,1905
20,1906
20,1907
20,1908
20,1909
20,1910
20,1911
20,1912
20,1913
20,1914
20,1915
20,1916
20,1917
20,1918
20,1919
20,1920
20,1921
20,1922
20,1923
20,1924
20,1925
20,1926
20,1927
20,1928
20,1929
20,1930
20,1931
20,1932
20,1933
20,1934
20,1935
20,1936
20,1937
20,1938
20,1939
20,1940
20,1941
20,1942
20,1943
20,1944
20,1945
20,1946
20,1947
20,1948
20,1949
20,1950
20,1951
20,1952
20,1953
20,1954
20,1955
20,1956
20,1957
20,1958
20,1959
20,1960
20,1961
20,1962
20,1963
20,1964
20,1965
20,1966
20,1967
20,1968
20,1969
20,1970
20,1971
20,1972
20,1973
20,1974
20,1975
20,1976
20,1977
20,1978
20,1979
20,1980
20,1981
:24_13,1982
:24_13,1983
:24_13,1984
:24_13,1985
:24_13,1986
25,1987
25,1988
25,1989
25,1990
25,1991
25,1992
25,1993
25,1994
25,1995
25,1996
25,1997
25,1998
25,1999
25,2000
