634,1
634,2
634,3
634,4
634,5
634,6
634,7
634,8
634,9
634,10
634,11
634,12
634,13
634,14
634,15
634,16
634,17
634,18
634,19
634,20
634,21
634,22
634,23
634,24
634,25
634,26
634,27
634,28
634,29
634,30
634,31
634,32
634,33
634,34
634,35
634,36
634,37
634,38
634,39
634,40
634,41
634,42
634,43
634,44
634,45
634,46
634,47
634,48
634,49
634,50
634,51
634,52
634,53
634,54
634,55
634,56
634,57
634,58
634,59
634,60
634,61
634,62
634,63
634,64
634,65
634,66
634,67
634,68
634,69
634,70
634,71
634,72
634,73
634,74
634,75
634,76
634,77
634,78
634,79
634,80
634,81
634,82
634,83
634,84
634,85
634,86
634,87
634,88
634,89
634,90
634,91
634,92
634,93
634,94
634,95
634,96
634,97
634,98
634,99
634,100
634,101
634,102
634,103
634,104
634,105
634,106
634,107
634,108
634,109
634,110
634,111
634,112
634,113
634,114
634,115
634,116
634,117
634,118
634,119
634,120
634,121
634,122
634,123
634,124
634,125
634,126
634,127
634,128
634,129
634,130
634,131
634,132
634,133
634,134
634,135
634,136
634,137
634,138
634,139
634,140
634,141
634,142
634,143
634,144
634,145
634,146
634,147
634,148
634,149
634,150
634,151
634,152
634,153
634,154
634,155
634,156
634,157
634,158
634,159
634,160
634,161
634,162
634,163
634,164
634,165
634,166
634,167
634,168
634,169
634,170
634,171
634,172
634,173
634,174
634,175
634,176
634,177
634,178
634,179
634,180
634,181
634,182
634,183
634,184
:112_6,185
:112_6,186
:112_6,187
-95,188
-95,189
-95,190
-95,191
-95,192
-95,193
-95,194
-95,195
-95,196
-95,197
-95,198
-95,199
-95,200
-95,201
-95,202
-95,203
-95,204
-95,205
-95,206
-95,207
-95,208
-95,209
-95,210
-95,211
-95,212
-95,213
-95,214
-95,215
-95,216
-95,217
-95,218
-95,219
-95,220
-95,221
-95,222
-95,223
-95,224
-95,225
-95,226
-95,227
-95,228
-95,229
-95,230
-95,231
-95,232
-95,233
-95,234
-95,235
-95,236
-95,237
-95,238
:111_2,239
:111_2,240
:111_2,241
:111_2,242
:111_2,243
:111_2,244
97,245
97,246
97,247
97,248
97,249
97,250
97,251
97,252
97,253
97,254
97,255
97,256
97,257
97,258
97,259
97,260
97,261
97,262
97,263
97,264
97,265
97,266
97,267
97,268
97,269
97,270
97,271
97,272
97,273
97,274
97,275
97,276
97,277
97,278
97,279
97,280
97,281
97,282
97,283
97,284
97,285
97,286
97,287
97,288
97,289
97,290
97,291
97,292
97,293
97,294
97,295
97,296
97,297
97,298
97,299
97,300
97,301
97,302
97,303
97,304
97,305
97,306
97,307
97,308
97,309
97,310
97,311
97,312
97,313
97,314
97,315
97,316
97,317
97,318
97,319
97,320
97,321
97,322
97,323
97,324
97,325
97,326
97,327
97,328
97,329
97,330
-315,331
-315,332
-315,333
-315,334
-315,335
-315,336
-315,337
-315,338
-315,339
-315,340
-315,341
-315,342
-315,343
-315,344
-315,345
-315,346
-315,347
-315,348
-315,349
-315,350
-315,351
-315,352
-315,353
-315,354
-315,355
-315,356
-315,357
-315,358
-315,359
-315,360
-315,361
-315,362
-315,363
-315,364
-315,365
-315,366
-315,367
-315,368
-315,369
-315,370
-315,371
-315,372
-315,373
-315,374
-315,375
-315,376
-315,377
-315,378
-315,379
-315,380
-315,381
-315,382
-315,383
-315,384
-315,385
-315,386
-315,387
-315,388
-315,389
-315,390
-315,391
-315,392
-315,393
-315,394
-315,395
-315,396
-315,397
-315,398
-315,399
-315,400
-315,401
-315,402
-315,403
-315,404
-315,405
-315,406
-315,407
-315,408
-315,409
-315,410
-315,411
-315,412
-315,413
-315,414
-315,415
-315,416
-315,417
-315,418
-315,419
-315,420
-315,421
-315,422
-315,423
-315,424
-315,425
-315,426
-315,427
-315,428
-315,429
-315,430
-315,431
-315,432
-315,433
:295_12,434
:295_12,435
:295_12,436
:295_12,437
311,438
311,439
311,440
311,441
311,442
311,443
311,444
311,445
311,446
311,447
311,448
311,449
311,450
311,451
311,452
311,453
311,454
311,455
311,456
311,457
311,458
311,459
311,460
311,461
311,462
311,463
311,464
311,465
311,466
311,467
311,468
311,469
311,470
311,471
311,472
311,473
311,474
311,475
311,476
311,477
311,478
311,479
311,480
311,481
311,482
311,483
311,484
311,485
311,486
311,487
311,488
311,489
311,490
311,491
311,492
311,493
311,494
311,495
311,496
311,497
311,498
311,499
311,500
311,501
311,502
311,503
311,504
311,505
311,506
311,507
311,508
311,509
311,510
311,511
311,512
311,513
311,514
311,515
311,516
311,517
311,518
311,519
311,520
311,521
311,522
311,523
311,524
311,525
311,526
311,527
311,528
311,529
311,530
311,531
311,532
311,533
311,534
311,535
311,536
311,537
311,538
311,539
311,540
311,541
311,542
311,543
311,544
311,545
311,546
311,547
311,548
311,549
311,550
311,551
311,552
311,553
311,554
311,555
311,556
311,557
311,558
311,559
311,560
311,561
311,562
311,563
311,564
311,565
311,566
311,567
311,568
311,569
311,570
311,571
311,572
311,573
311,574
311,575
311,576
311,577
311,578
311,579
311,580
311,581
311,582
311,583
311,584
311,585
311,586
311,587
311,588
311,589
311,590
311,591
311,592
311,593
311,594
311,595
311,596
311,597
311,598
311,599
311,600
311,601
311,602
311,603
311,604
311,605
311,606
311,607
311,608
311,609
311,610
311,611
311,612
311,613
311,614
311,615
311,616
311,617
311,618
311,619
311,620
311,621
311,622
311,623
311,624
311,625
311,626
311,627
311,628
311,629
311,630
311,631
311,632
311,633
311,634
311,635
311,636
311,637
311,638
311,639
311,640
311,641
311,642
311,643
311,644
311,645
311,646
311,647
311,648
311,649
311,650
311,651
311,652
311,653
311,654
311,655
311,656
311,657
311,658
311,659
311,660
311,661
311,662
311,663
311,664
311,665
311,666
311,667
311,668
311,669
311,670
311,671
311,672
311,673
:42_1,674
-35,675
-35,676
-35,677
-35,678
-35,679
-35,680
-35,681
-35,682
-35,683
-35,684
-35,685
-35,686
-35,687
-35,688
-35,689
-35,690
-35,691
-35,692
-35,693
-35,694
-35,695
-35,696
-35,697
-35,698
-35,699
-35,700
-35,701
-35,702
-35,703
-35,704
-35,705
-35,706
-35,707
-35,708
-35,709
-35,710
-35,711
-35,712
-35,713
-35,714
-35,715
-35,716
-35,717
-35,718
-35,719
-35,720
-35,721
-35,722
-35,723
-35,724
-35,725
-35,726
-35,727
-35,728
-35,729
-35,730
-35,731
-35,732
-35,733
-35,734
-35,735
-35,736
-35,737
-35,738
-35,739
-35,740
-35,741
-35,742
-35,743
-35,744
-35,745
-35,746
-35,747
-35,748
-35,749
-35,750
-35,751
-35,752
-35,753
-35,754
-35,755
-35,756
-35,757
-35,758
-35,759
-35,760
-35,761
-35,762
-35,763
-35,764
-35,765
-35,766
-35,767
-35,768
-35,769
-35,770
-35,771
-35,772
-35,773
-35,774
-35,775
-35,776
-35,777
-35,778
-35,779
-35,780
-35,781
-35,782
-35,783
-35,784
-35,785
-35,786
-35,787
-35,788
-35,789
-35,790
-35,791
-35,792
-35,793
-35,794
-35,795
-35,796
-35,797
-35,798
-35,799
-35,800
-35,801
-35,802
-35,803
-35,804
-35,805
-35,806
-35,807
-35,808
-35,809
-35,810
-35,811
-35,812
-35,813
-35,814
-35,815
-35,816
-35,817
-35,818
-35,819
-35,820
-35,821
-35,822
-35,823
-35,824
-35,825
-35,826
-35,827
-35,828
-35,829
-35,830
-35,831
-35,832
-35,833
-35,834
-35,835
-35,836
-35,837
-35,838
-35,839
-35,840
-35,841
-35,842
-35,843
-35,844
-35,845
-35,846
-35,847
-35,848
-35,849
-35,850
-35,851
-35,852
-35,853
-35,854
-35,855
-35,856
-35,857
-35,858
-35,859
-35,860
-35,861
-35,862
-35,863
-35,864
-35,865
-35,866
-35,867
-35,868
-35,869
-35,870
-35,871
-35,872
-35,873
-35,874
-35,875
-35,876
-35,877
-35,878
-35,879
:38_6,880
:38_6,881
:38_6,882
:38_6,883
:38_6,884
:38_6,885
33,886
33,887
33,888
33,889
33,890
33,891
33,892
33,893
33,894
33,895
33,896
33,897
33,898
33,899
33,900
33,901
33,902
33,903
33,904
33,905
33,906
33,907
33,908
33,909
33,910
33,911
33,912
33,913
33,914
33,915
33,916
33,917
33,918
33,919
33,920
33,921
33,922
33,923
33,924
33,925
33,926
33,927
33,928
33,929
33,930
33,931
33,932
33,933
33,934
33,935
33,936
33,937
33,938
33,939
33,940
33,941
33,942
33,943
33,944
33,945
33,946
33,947
33,948
33,949
33,950
33,951
33,952
33,953
33,954
33,955
33,956
33,957
33,958
33,959
33,960
33,961
33,962
33,963
33,964
33,965
33,966
33,967
33,968
33,969
33,970
33,971
33,972
33,973
33,974
33,975
33,976
33,977
33,978
33,979
33,980
33,981
33,982
33,983
33,984
33,985
33,986
33,987
33,988
33,989
33,990
33,991
33,992
33,993
33,994
33,995
33,996
33,997
33,998
33,999
33,1000
33,1001
33,1002
33,1003
33,1004
33,1005
33,1006
33,1007
33,1008
33,1009
33,1010
33,1011
33,1012
33,1013
33,1014
33,1015
33,1016
33,1017
33,1018
33,1019
33,1020
33,1021
33,1022
33,1023
33,1024
33,1025
33,1026
33,1027
33,1028
33,1029
33,1030
33,1031
33,1032
33,1033
33,1034
33,1035
33,1036
33,1037
33,1038
33,1039
33,1040
33,1041
33,1042
33,1043
33,1044
33,1045
33,1046
33,1047
33,1048
33,1049
33,1050
33,1051
33,1052
33,1053
33,1054
33,1055
33,1056
33,1057
33,1058
33,1059
33,1060
33,1061
33,1062
33,1063
33,1064
33,1065
33,1066
33,1067
33,1068
33,1069
33,1070
33,1071
33,1072
33,1073
33,1074
33,1075
33,1076
33,1077
33,1078
33,1079
33,1080
33,1081
33,1082
33,1083
:40_6,1084
:40_6,1085
:40_6,1086
:40_6,1087
:40_6,1088
450,1089
450,1090
450,1091
450,1092
450,1093
450,1094
450,1095
450,1096
450,1097
450,1098
450,1099
450,1100
450,1101
450,1102
450,1103
450,1104
450,1105
450,1106
450,1107
450,1108
450,1109
450,1110
450,1111
450,1112
450,1113
450,1114
450,1115
450,1116
450,1117
450,1118
450,1119
450,1120
450,1121
450,1122
450,1123
450,1124
450,1125
450,1126
450,1127
450,1128
450,1129
450,1130
450,1131
450,1132
450,1133
:154_0,1134
:154_0,1135
:154_0,1136
:154_0,1137
:154_0,1138
:154_0,1139
-138,1140
-138,1141
-138,1142
-138,1143
-138,1144
-138,1145
-138,1146
-138,1147
-138,1148
-138,1149
-138,1150
-138,1151
-138,1152
-138,1153
-138,1154
-138,1155
-138,1156
-138,1157
-138,1158
-138,1159
-138,1160
-138,1161
-138,1162
-138,1163
-138,1164
-138,1165
-138,1166
-138,1167
-138,1168
-138,1169
-138,1170
-138,1171
-138,1172
-138,1173
-138,1174
-138,1175
-138,1176
-138,1177
-138,1178
-138,1179
-138,1180
-138,1181
-138,1182
-138,1183
-138,1184
-138,1185
-138,1186
-138,1187
-138,1188
-138,1189
-138,1190
-138,1191
-138,1192
-138,1193
-138,1194
-138,1195
-138,1196
-138,1197
-138,1198
-138,1199
-138,1200
-138,1201
-138,1202
-138,1203
-138,1204
-138,1205
-138,1206
-138,1207
-138,1208
-138,1209
-138,1210
-138,1211
-138,1212
-138,1213
-138,1214
-138,1215
-138,1216
-138,1217
-138,1218
-138,1219
-138,1220
-138,1221
-138,1222
-138,1223
-138,1224
-138,1225
-138,1226
-138,1227
-138,1228
-138,1229
-138,1230
-138,1231
-138,1232
-138,1233
-138,1234
-138,1235
-138,1236
-138,1237
-138,1238
-138,1239
-138,1240
-138,1241
-138,1242
-138,1243
-138,1244
-138,1245
-138,1246
-138,1247
-138,1248
-138,1249
-138,1250
-138,1251
-138,1252
-138,1253
-138,1254
-138,1255
-138,1256
-138,1257
-138,1258
:153_2,1259
:153_2,1260
:153_16,1261
:153_16,1262
:153_16,1263
139,1264
139,1265
139,1266
139,1267
139,1268
139,1269
139,1270
139,1271
139,1272
139,1273
139,1274
139,1275
139,1276
139,1277
139,1278
139,1279
139,1280
139,1281
139,1282
139,1283
139,1284
139,1285
139,1286
139,1287
139,1288
139,1289
139,1290
139,1291
139,1292
139,1293
139,1294
139,1295
139,1296
139,1297
139,1298
139,1299
139,1300
139,1301
139,1302
139,1303
139,1304
139,1305
139,1306
139,1307
139,1308
139,1309
139,1310
139,1311
139,1312
139,1313
139,1314
139,1315
139,1316
139,1317
139,1318
139,1319
139,1320
139,1321
139,1322
139,1323
139,1324
139,1325
139,1326
139,1327
139,1328
139,1329
139,1330
139,1331
139,1332
139,1333
139,1334
139,1335
139,1336
139,1337
139,1338
139,1339
139,1340
139,1341
139,1342
139,1343
139,1344
139,1345
139,1346
139,1347
139,1348
139,1349
139,1350
139,1351
:155_14,1352
:155_14,1353
:155_14,1354
:155_14,1355
:155_18,1356
:155_18,1357
:155_18,1358
:155_18,1359
:155_18,1360
:155_18,1361
:155_18,1362
:155_18,1363
:155_18,1364
-272,1365
-272,1366
-272,1367
-272,1368
-272,1369
-272,1370
-272,1371
-272,1372
-272,1373
-272,1374
-272,1375
-272,1376
-272,1377
-272,1378
-272,1379
-272,1380
-272,1381
-272,1382
-272,1383
-272,1384
-272,1385
-272,1386
-272,1387
-272,1388
-272,1389
-272,1390
-272,1391
-272,1392
-272,1393
-272,1394
-272,1395
-272,1396
-272,1397
-272,1398
-272,1399
-272,1400
-272,1401
-272,1402
-272,1403
-272,1404
-272,1405
-272,1406
-272,1407
-272,1408
-272,1409
-272,1410
-272,1411
-272,1412
-272,1413
-272,1414
-272,1415
-272,1416
-272,1417
-272,1418
-272,1419
-272,1420
-272,1421
-272,1422
-272,1423
-272,1424
-272,1425
-272,1426
-272,1427
-272,1428
-272,1429
-272,1430
-272,1431
-272,1432
-272,1433
-272,1434
-272,1435
-272,1436
-272,1437
-272,1438
-272,1439
-272,1440
-272,1441
-272,1442
-272,1443
-272,1444
-272,1445
-272,1446
-272,1447
-272,1448
-272,1449
-272,1450
-272,1451
-272,1452
-272,1453
-272,1454
-272,1455
-272,1456
-272,1457
-272,1458
-272,1459
-272,1460
-272,1461
-272,1462
-272,1463
-272,1464
-272,1465
-272,1466
-272,1467
-272,1468
-272,1469
-272,1470
-272,1471
-272,1472
-272,1473
-272,1474
-272,1475
-272,1476
-272,1477
-272,1478
-272,1479
-272,1480
-272,1481
-272,1482
-272,1483
-272,1484
-272,1485
-272,1486
-272,1487
-272,1488
-272,1489
-272,1490
-272,1491
-272,1492
-272,1493
-272,1494
-272,1495
-272,1496
-272,1497
-272,1498
-272,1499
-272,1500
-272,1501
-272,1502
-272,1503
-272,1504
-272,1505
-272,1506
-272,1507
-272,1508
-272,1509
-272,1510
-272,1511
-272,1512
-272,1513
-272,1514
-272,1515
-272,1516
-272,1517
-272,1518
-272,1519
-272,1520
-272,1521
-272,1522
-272,1523
-272,1524
-272,1525
-272,1526
-272,1527
-272,1528
-272,1529
-272,1530
-272,1531
-272,1532
-272,1533
-272,1534
-272,1535
-272,1536
-272,1537
-272,1538
-272,1539
-272,1540
-272,1541
-272,1542
-272,1543
-272,1544
-272,1545
-272,1546
-272,1547
-272,1548
-272,1549
-272,1550
-272,1551
-272,1552
-272,1553
-272,1554
-272,1555
-272,1556
-272,1557
-272,1558
-272,1559
-272,1560
-272,1561
-272,1562
-272,1563
-272,1564
:265_10,1565
:265_10,1566
:265_18,1567
:265_18,1568
:265_18,1569
:265_18,1570
275,1571
275,1572
275,1573
275,1574
275,1575
275,1576
275,1577
275,1578
275,1579
275,1580
275,1581
275,1582
275,1583
275,1584
275,1585
275,1586
275,1587
275,1588
275,1589
275,1590
275,1591
275,1592
275,1593
275,1594
275,1595
275,1596
275,1597
275,1598
275,1599
275,1600
275,1601
275,1602
275,1603
275,1604
275,1605
275,1606
275,1607
275,1608
275,1609
275,1610
275,1611
275,1612
275,1613
275,1614
275,1615
275,1616
275,1617
275,1618
275,1619
275,1620
275,1621
275,1622
275,1623
275,1624
275,1625
275,1626
275,1627
275,1628
275,1629
275,1630
275,1631
275,1632
275,1633
275,1634
275,1635
275,1636
275,1637
275,1638
275,1639
275,1640
275,1641
275,1642
275,1643
275,1644
275,1645
275,1646
275,1647
275,1648
275,1649
275,1650
275,1651
275,1652
275,1653
275,1654
275,1655
275,1656
275,1657
275,1658
275,1659
275,1660
275,1661
275,1662
275,1663
275,1664
275,1665
275,1666
275,1667
275,1668
275,1669
275,1670
275,1671
275,1672
275,1673
275,1674
275,1675
275,1676
275,1677
275,1678
275,1679
275,1680
275,1681
275,1682
275,1683
275,1684
275,1685
275,1686
275,1687
275,1688
275,1689
275,1690
275,1691
275,1692
275,1693
275,1694
275,1695
275,1696
275,1697
275,1698
275,1699
275,1700
275,1701
275,1702
275,1703
275,1704
275,1705
275,1706
275,1707
