-232,1
-232,2
-232,3
-232,4
-232,5
-232,6
-232,7
-232,8
-232,9
-232,10
-232,11
-232,12
-232,13
-232,14
-232,15
-232,16
-232,17
-232,18
-232,19
-232,20
-232,21
-232,22
-232,23
-232,24
-232,25
-232,26
-232,27
-232,28
-232,29
-232,30
-232,31
-232,32
-232,33
-232,34
-232,35
-232,36
-232,37
-232,38
-232,39
-232,40
-232,41
-232,42
-232,43
-232,44
-232,45
-232,46
-232,47
-232,48
-232,49
-232,50
-232,51
-232,52
-232,53
-232,54
-232,55
-232,56
-232,57
-232,58
-232,59
-232,60
-232,61
-232,62
-232,63
-232,64
-232,65
-232,66
-232,67
-232,68
-232,69
-232,70
-232,71
:113_1,72
:113_1,73
:113_1,74
:113_1,75
:113_1,76
231,77
231,78
231,79
231,80
231,81
231,82
231,83
231,84
231,85
231,86
231,87
231,88
231,89
231,90
231,91
231,92
231,93
231,94
231,95
231,96
231,97
231,98
231,99
231,100
231,101
231,102
231,103
231,104
231,105
231,106
231,107
231,108
231,109
231,110
231,111
231,112
231,113
231,114
231,115
231,116
231,117
231,118
231,119
231,120
231,121
231,122
231,123
231,124
231,125
231,126
231,127
231,128
231,129
231,130
231,131
231,132
231,133
231,134
231,135
231,136
231,137
231,138
231,139
231,140
231,141
231,142
231,143
231,144
231,145
231,146
231,147
231,148
231,149
231,150
231,151
231,152
231,153
231,154
231,155
231,156
231,157
231,158
231,159
231,160
231,161
231,162
231,163
231,164
231,165
231,166
231,167
231,168
231,169
231,170
231,171
231,172
231,173
231,174
231,175
231,176
231,177
231,178
231,179
231,180
231,181
231,182
231,183
231,184
231,185
231,186
231,187
231,188
231,189
231,190
231,191
231,192
231,193
231,194
231,195
231,196
231,197
231,198
231,199
231,200
231,201
231,202
231,203
231,204
231,205
231,206
231,207
231,208
231,209
231,210
231,211
231,212
231,213
231,214
231,215
231,216
231,217
:235_1,218
:235_1,219
:235_1,220
:235_1,221
306,222
306,223
306,224
306,225
306,226
306,227
306,228
306,229
306,230
306,231
306,232
306,233
306,234
306,235
306,236
306,237
306,238
306,239
306,240
306,241
306,242
306,243
306,244
306,245
306,246
306,247
306,248
306,249
306,250
306,251
306,252
306,253
306,254
306,255
306,256
306,257
306,258
306,259
306,260
306,261
306,262
306,263
306,264
306,265
306,266
306,267
306,268
306,269
306,270
306,271
306,272
306,273
306,274
306,275
306,276
306,277
306,278
306,279
306,280
306,281
306,282
306,283
306,284
306,285
306,286
306,287
306,288
306,289
306,290
306,291
306,292
306,293
306,294
306,295
306,296
306,297
306,298
306,299
306,300
306,301
306,302
306,303
306,304
306,305
306,306
306,307
:292_4,308
:292_4,309
:292_4,310
:292_4,311
:292_4,312
677,313
677,314
677,315
677,316
677,317
677,318
677,319
677,320
677,321
677,322
677,323
677,324
677,325
677,326
677,327
677,328
677,329
677,330
677,331
677,332
677,333
677,334
677,335
677,336
677,337
:294_1,338
:294_1,339
:294_1,340
:294_1,341
:294_1,342
-309,343
-309,344
-309,345
-309,346
-309,347
-309,348
-309,349
-309,350
-309,351
-309,352
-309,353
-309,354
-309,355
-309,356
-309,357
-309,358
-309,359
-309,360
-309,361
-309,362
-309,363
-309,364
-309,365
-309,366
-309,367
-309,368
-309,369
-309,370
-309,371
-309,372
-309,373
:54_0,374
:54_0,375
:54_0,376
310,377
310,378
310,379
310,380
310,381
310,382
310,383
310,384
310,385
310,386
310,387
310,388
310,389
310,390
310,391
310,392
310,393
310,394
310,395
310,396
310,397
310,398
310,399
310,400
310,401
310,402
310,403
310,404
310,405
310,406
310,407
310,408
310,409
310,410
310,411
310,412
310,413
310,414
310,415
310,416
310,417
310,418
310,419
310,420
310,421
310,422
310,423
310,424
310,425
310,426
310,427
310,428
310,429
310,430
310,431
310,432
310,433
310,434
310,435
310,436
310,437
310,438
310,439
310,440
310,441
310,442
310,443
310,444
310,445
310,446
310,447
310,448
310,449
310,450
310,451
310,452
310,453
310,454
310,455
310,456
310,457
310,458
310,459
310,460
310,461
310,462
310,463
310,464
310,465
310,466
310,467
310,468
310,469
310,470
310,471
310,472
310,473
310,474
310,475
310,476
310,477
310,478
310,479
310,480
310,481
310,482
310,483
310,484
310,485
310,486
310,487
310,488
310,489
310,490
310,491
310,492
310,493
310,494
310,495
310,496
310,497
310,498
310,499
310,500
310,501
310,502
310,503
310,504
310,505
310,506
310,507
310,508
310,509
310,510
310,511
310,512
310,513
310,514
310,515
310,516
310,517
310,518
310,519
310,520
310,521
310,522
310,523
310,524
310,525
310,526
310,527
310,528
310,529
310,530
310,531
310,532
310,533
310,534
310,535
310,536
310,537
310,538
310,539
310,540
310,541
310,542
310,543
310,544
310,545
310,546
310,547
310,548
310,549
310,550
310,551
310,552
310,553
310,554
310,555
310,556
310,557
310,558
310,559
310,560
310,561
310,562
310,563
310,564
310,565
310,566
310,567
310,568
310,569
310,570
:0_5,571
:0_5,572
:0_5,573
:0_5,574
:0_5,575
3,576
3,577
3,578
3,579
3,580
3,581
3,582
3,583
3,584
3,585
3,586
3,587
3,588
3,589
3,590
3,591
3,592
3,593
3,594
3,595
3,596
3,597
3,598
3,599
3,600
3,601
3,602
3,603
3,604
3,605
3,606
3,607
3,608
3,609
3,610
3,611
3,612
3,613
3,614
3,615
3,616
3,617
3,618
3,619
3,620
3,621
3,622
3,623
3,624
3,625
3,626
3,627
3,628
3,629
3,630
3,631
3,632
3,633
3,634
3,635
3,636
3,637
3,638
3,639
3,640
3,641
3,642
3,643
3,644
3,645
3,646
3,647
3,648
3,649
3,650
3,651
3,652
3,653
3,654
3,655
3,656
3,657
3,658
3,659
3,660
3,661
3,662
3,663
3,664
3,665
3,666
3,667
3,668
3,669
3,670
3,671
3,672
3,673
3,674
3,675
3,676
3,677
3,678
3,679
3,680
3,681
3,682
3,683
3,684
3,685
3,686
3,687
3,688
3,689
3,690
3,691
3,692
3,693
3,694
3,695
3,696
3,697
3,698
3,699
3,700
3,701
3,702
3,703
3,704
3,705
3,706
3,707
3,708
3,709
3,710
3,711
3,712
3,713
3,714
3,715
3,716
3,717
3,718
3,719
3,720
3,721
3,722
3,723
3,724
3,725
3,726
3,727
3,728
3,729
3,730
3,731
3,732
3,733
3,734
3,735
3,736
3,737
3,738
3,739
3,740
3,741
3,742
3,743
3,744
3,745
3,746
3,747
3,748
3,749
3,750
3,751
3,752
3,753
3,754
3,755
3,756
3,757
3,758
3,759
3,760
3,761
3,762
3,763
3,764
3,765
3,766
3,767
3,768
3,769
3,770
3,771
3,772
3,773
3,774
3,775
3,776
3,777
3,778
3,779
3,780
3,781
3,782
3,783
3,784
3,785
3,786
3,787
3,788
3,789
3,790
3,791
3,792
3,793
3,794
3,795
3,796
3,797
3,798
3,799
3,800
3,801
3,802
3,803
3,804
3,805
3,806
3,807
3,808
3,809
3,810
3,811
3,812
3,813
3,814
3,815
3,816
3,817
3,818
3,819
3,820
3,821
3,822
3,823
3,824
3,825
3,826
3,827
3,828
3,829
3,830
3,831
3,832
3,833
3,834
3,835
3,836
3,837
3,838
3,839
3,840
:4_4,841
:4_4,842
:4_4,843
:4_4,844
-11,845
-11,846
-11,847
-11,848
-11,849
-11,850
-11,851
-11,852
-11,853
-11,854
-11,855
-11,856
-11,857
-11,858
-11,859
-11,860
-11,861
-11,862
-11,863
-11,864
-11,865
-11,866
-11,867
-11,868
-11,869
-11,870
-11,871
-11,872
-11,873
-11,874
-11,875
-11,876
-11,877
-11,878
-11,879
-11,880
-11,881
-11,882
-11,883
-11,884
-11,885
-11,886
-11,887
-11,888
-11,889
-11,890
-11,891
-11,892
-11,893
-11,894
-11,895
-11,896
-11,897
-11,898
-11,899
-11,900
-11,901
-11,902
-11,903
-11,904
-11,905
-11,906
-11,907
-11,908
-11,909
-11,910
-11,911
-11,912
-11,913
-11,914
-11,915
-11,916
-11,917
-11,918
-11,919
-11,920
-11,921
-11,922
-11,923
-11,924
-11,925
-11,926
-11,927
-11,928
-11,929
-11,930
-11,931
-11,932
-11,933
-11,934
-11,935
-11,936
-11,937
-11,938
-11,939
-11,940
-11,941
-11,942
-11,943
-11,944
-11,945
-11,946
-11,947
-11,948
-11,949
-11,950
-11,951
-11,952
-11,953
-11,954
-11,955
-11,956
-11,957
-11,958
-11,959
-11,960
-10,961
-10,962
-10,963
-10,964
-10,965
-10,966
-10,967
-10,968
-10,969
-10,970
-10,971
-10,972
-10,973
-10,974
-10,975
-10,976
-10,977
-10,978
-10,979
-10,980
-10,981
-10,982
-10,983
-10,984
-10,985
-10,986
-10,987
-10,988
-10,989
-10,990
-10,991
-10,992
-10,993
-10,994
-10,995
-10,996
-10,997
-10,998
-10,999
-10,1000
-10,1001
-10,1002
-10,1003
-10,1004
-10,1005
-10,1006
-10,1007
-10,1008
-10,1009
-10,1010
-10,1011
-10,1012
-10,1013
-10,1014
-10,1015
-10,1016
-10,1017
:11_0,1018
-9,1019
-9,1020
-9,1021
-9,1022
-9,1023
-9,1024
-9,1025
-9,1026
-9,1027
-9,1028
-9,1029
-9,1030
-9,1031
-9,1032
-9,1033
-9,1034
-9,1035
-9,1036
-9,1037
-9,1038
-9,1039
-9,1040
-9,1041
-9,1042
-9,1043
-9,1044
-9,1045
-9,1046
-9,1047
-9,1048
-9,1049
-9,1050
-9,1051
-9,1052
-9,1053
-9,1054
-9,1055
-9,1056
-9,1057
-9,1058
-9,1059
-9,1060
-9,1061
-9,1062
-9,1063
-9,1064
-9,1065
-9,1066
-9,1067
-9,1068
-9,1069
-9,1070
-9,1071
-9,1072
-9,1073
-9,1074
-9,1075
-8,1076
-8,1077
-8,1078
-8,1079
-8,1080
-8,1081
-8,1082
-8,1083
-8,1084
-8,1085
-8,1086
-8,1087
-8,1088
-8,1089
-8,1090
-8,1091
-8,1092
-8,1093
-8,1094
-8,1095
-8,1096
-8,1097
-8,1098
-8,1099
-8,1100
-8,1101
-8,1102
-8,1103
-8,1104
-8,1105
-8,1106
-8,1107
-8,1108
-8,1109
-8,1110
-8,1111
-8,1112
-8,1113
-8,1114
-8,1115
-8,1116
-8,1117
-8,1118
-8,1119
-8,1120
-8,1121
-8,1122
-8,1123
-8,1124
-8,1125
-8,1126
-8,1127
-8,1128
-8,1129
-8,1130
-8,1131
-8,1132
-8,1133
-8,1134
-8,1135
:9_0,1136
-7,1137
-7,1138
-7,1139
-7,1140
-7,1141
-7,1142
-7,1143
-7,1144
-7,1145
-7,1146
-7,1147
-7,1148
-7,1149
-7,1150
-7,1151
-7,1152
-7,1153
-7,1154
-7,1155
-7,1156
-7,1157
-7,1158
-7,1159
-7,1160
-7,1161
-7,1162
-7,1163
-7,1164
-7,1165
-7,1166
-7,1167
-7,1168
-7,1169
-7,1170
-7,1171
-7,1172
-7,1173
-7,1174
-7,1175
-7,1176
-7,1177
-7,1178
-7,1179
-7,1180
-7,1181
-7,1182
-7,1183
-7,1184
-7,1185
-7,1186
-7,1187
-7,1188
-7,1189
-7,1190
-7,1191
-7,1192
-7,1193
-7,1194
-7,1195
-7,1196
-7,1197
-7,1198
-7,1199
-7,1200
-7,1201
-7,1202
-7,1203
-7,1204
-7,1205
-7,1206
-7,1207
-7,1208
-7,1209
-7,1210
-7,1211
-7,1212
-6,1213
-6,1214
-6,1215
-6,1216
-6,1217
-6,1218
-6,1219
-6,1220
-6,1221
-6,1222
-6,1223
-6,1224
-6,1225
-6,1226
-6,1227
-6,1228
-6,1229
-6,1230
-6,1231
-6,1232
-6,1233
-6,1234
-6,1235
-6,1236
-6,1237
-6,1238
-6,1239
-6,1240
-6,1241
-6,1242
-6,1243
-6,1244
-6,1245
-6,1246
-6,1247
-6,1248
-6,1249
-6,1250
-6,1251
-6,1252
-6,1253
-6,1254
-6,1255
-6,1256
-6,1257
-6,1258
-6,1259
-6,1260
-6,1261
-6,1262
-6,1263
-6,1264
-6,1265
-6,1266
-6,1267
-6,1268
-6,1269
-6,1270
-6,1271
-6,1272
-6,1273
-6,1274
-6,1275
-6,1276
-6,1277
-6,1278
-6,1279
-6,1280
-6,1281
-6,1282
-6,1283
-6,1284
-6,1285
-6,1286
-6,1287
-6,1288
-6,1289
-6,1290
-6,1291
-6,1292
-6,1293
-6,1294
-6,1295
-6,1296
-6,1297
-6,1298
-6,1299
-6,1300
-6,1301
-6,1302
-6,1303
-6,1304
-6,1305
-6,1306
-6,1307
-6,1308
-6,1309
-6,1310
-6,1311
-6,1312
-6,1313
-6,1314
-6,1315
-6,1316
-6,1317
-6,1318
-6,1319
-6,1320
-6,1321
-6,1322
-6,1323
-6,1324
-6,1325
-6,1326
-6,1327
-6,1328
-6,1329
-6,1330
-6,1331
-6,1332
-6,1333
-6,1334
-6,1335
-6,1336
-6,1337
-6,1338
-6,1339
-6,1340
-6,1341
-6,1342
-6,1343
-6,1344
-6,1345
-6,1346
-6,1347
-6,1348
-6,1349
-6,1350
-6,1351
-6,1352
-6,1353
-6,1354
-6,1355
-6,1356
-6,1357
-6,1358
-6,1359
-6,1360
-6,1361
-6,1362
-6,1363
-6,1364
-6,1365
-6,1366
-6,1367
-6,1368
-6,1369
-6,1370
-6,1371
-6,1372
-6,1373
-6,1374
-6,1375
-6,1376
-6,1377
-6,1378
-6,1379
-6,1380
-6,1381
-6,1382
-6,1383
-6,1384
-6,1385
-6,1386
-6,1387
-6,1388
-6,1389
-6,1390
-6,1391
-6,1392
-6,1393
-6,1394
-6,1395
-6,1396
-6,1397
-6,1398
-6,1399
-6,1400
-6,1401
-6,1402
-6,1403
-6,1404
-6,1405
-6,1406
-6,1407
-6,1408
-6,1409
-6,1410
-6,1411
-6,1412
-6,1413
-6,1414
-6,1415
-6,1416
-6,1417
-6,1418
-6,1419
-6,1420
-6,1421
-6,1422
-6,1423
-6,1424
-6,1425
-6,1426
-6,1427
-6,1428
-6,1429
-6,1430
-6,1431
-6,1432
-6,1433
-6,1434
-6,1435
-6,1436
:6_0,1437
:6_0,1438
:6_0,1439
5,1440
5,1441
5,1442
5,1443
5,1444
5,1445
5,1446
5,1447
5,1448
5,1449
5,1450
5,1451
5,1452
5,1453
5,1454
5,1455
5,1456
5,1457
5,1458
5,1459
5,1460
5,1461
5,1462
5,1463
5,1464
5,1465
5,1466
5,1467
5,1468
5,1469
5,1470
5,1471
5,1472
5,1473
5,1474
5,1475
5,1476
5,1477
5,1478
5,1479
5,1480
5,1481
5,1482
5,1483
5,1484
5,1485
5,1486
5,1487
5,1488
5,1489
5,1490
5,1491
5,1492
5,1493
5,1494
5,1495
5,1496
5,1497
