257,21
257,22
257,23
257,24
257,25
257,26
257,27
257,28
257,29
257,30
257,31
257,32
257,33
257,34
257,35
257,36
257,37
257,38
257,39
257,40
257,41
257,42
257,43
257,44
257,45
257,46
257,47
257,48
257,49
257,50
257,51
257,52
257,53
257,54
257,55
257,56
257,57
257,58
257,59
257,60
257,61
257,62
257,63
257,64
257,65
257,66
257,67
257,68
257,69
257,70
257,71
257,72
257,73
257,74
257,75
257,76
257,77
257,78
257,79
257,80
257,81
257,82
257,83
257,84
257,85
257,86
257,87
257,88
257,89
257,90
257,91
257,92
257,93
257,94
257,95
257,96
257,97
257,98
257,99
257,100
257,101
257,102
257,103
257,104
257,105
257,106
257,107
257,108
257,109
257,110
257,111
257,112
257,113
257,114
257,115
257,116
257,117
257,118
257,119
257,120
257,121
257,122
257,123
257,124
257,125
257,126
257,127
257,128
257,129
257,130
257,131
257,132
257,133
257,134
257,135
257,136
257,137
257,138
257,139
257,140
257,141
257,142
257,143
257,144
257,145
257,146
257,147
257,148
257,149
257,150
257,151
257,152
257,153
257,154
257,155
257,156
257,157
257,158
257,159
257,160
257,161
257,162
257,163
257,164
257,165
257,166
257,167
257,168
257,169
257,170
257,171
257,172
257,173
257,174
257,175
257,176
257,177
257,178
257,179
257,180
:231_4,181
:231_4,182
:231_4,183
:231_4,184
:231_4,185
-225,186
-225,187
-225,188
-225,189
-225,190
-225,191
-225,192
-225,193
-225,194
-225,195
-225,196
-225,197
-225,198
-225,199
-225,200
-225,201
-225,202
-225,203
-225,204
-225,205
-225,206
-225,207
-225,208
-225,209
-225,210
-225,211
-225,212
-225,213
-225,214
-225,215
-225,216
-225,217
-225,218
-225,219
-225,220
-225,221
-225,222
-225,223
-225,224
-225,225
-225,226
-225,227
-225,228
-225,229
-225,230
-225,231
-225,232
-225,233
-225,234
-225,235
-225,236
-225,237
-225,238
-225,239
-225,240
-225,241
-225,242
-225,243
-225,244
-225,245
-225,246
-225,247
-225,248
-225,249
-225,250
-225,251
-225,252
-225,253
-225,254
-225,255
-225,256
-225,257
-225,258
-225,259
-225,260
-225,261
-225,262
-225,263
-225,264
-225,265
-225,266
-225,267
-225,268
-225,269
-225,270
-225,271
-225,272
-225,273
-225,274
-225,275
-225,276
-225,277
-225,278
-225,279
-225,280
-225,281
-225,282
-225,283
-225,284
-225,285
-225,286
-225,287
-225,288
-225,289
-225,290
-225,291
-225,292
-225,293
-225,294
-225,295
-225,296
-225,297
-225,298
-225,299
-225,300
-225,301
-225,302
-225,303
-225,304
-225,305
-225,306
-225,307
-225,308
-225,309
-225,310
-225,311
-225,312
-225,313
-225,314
-225,315
-225,316
-225,317
-225,318
-225,319
-225,320
-225,321
-225,322
:227_0,323
:227_0,324
:227_0,325
226,326
226,327
226,328
226,329
226,330
226,331
226,332
226,333
226,334
226,335
226,336
226,337
226,338
226,339
226,340
226,341
226,342
226,343
226,344
226,345
226,346
226,347
226,348
226,349
226,350
226,351
226,352
226,353
226,354
226,355
226,356
226,357
226,358
226,359
226,360
226,361
226,362
226,363
226,364
226,365
226,366
226,367
226,368
226,369
226,370
226,371
226,372
226,373
226,374
226,375
226,376
226,377
226,378
226,379
226,380
226,381
226,382
226,383
226,384
226,385
226,386
226,387
226,388
226,389
:232_4,390
:232_4,391
:232_4,392
:232_4,393
:232_4,394
-292,395
-292,396
-292,397
-292,398
-292,399
-292,400
-292,401
-292,402
-292,403
-292,404
-292,405
-292,406
-292,407
-292,408
-292,409
-292,410
-292,411
-292,412
-292,413
-292,414
-292,415
-292,416
-292,417
-292,418
-292,419
-292,420
-292,421
-292,422
-292,423
-292,424
-292,425
-292,426
-292,427
-292,428
-292,429
-292,430
-292,431
-292,432
-292,433
-292,434
-292,435
-292,436
-292,437
-292,438
-292,439
-292,440
-292,441
-292,442
-292,443
-292,444
-292,445
-292,446
-292,447
-292,448
:122_5,449
:122_5,450
:122_5,451
:122_5,452
:122_5,453
-106,454
-106,455
-106,456
-106,457
-106,458
-106,459
-106,460
-106,461
-106,462
-106,463
-106,464
-106,465
-106,466
-106,467
-106,468
-106,469
-106,470
-106,471
-106,472
-106,473
-106,474
-106,475
-106,476
-106,477
-106,478
-106,479
-106,480
-106,481
-106,482
-106,483
-106,484
-106,485
-106,486
-106,487
-106,488
-106,489
-106,490
-106,491
-106,492
-106,493
-106,494
-106,495
-106,496
-106,497
-106,498
-106,499
-106,500
-106,501
-106,502
-106,503
-106,504
-106,505
-106,506
-106,507
-106,508
-106,509
-106,510
-106,511
-106,512
-106,513
-106,514
-106,515
-106,516
-106,517
-106,518
-106,519
-106,520
-106,521
:119_5,522
:119_5,523
:119_5,524
:119_5,525
:119_5,526
105,527
105,528
105,529
105,530
105,531
105,532
105,533
105,534
105,535
105,536
105,537
105,538
105,539
105,540
105,541
105,542
105,543
105,544
105,545
105,546
105,547
105,548
105,549
105,550
105,551
105,552
105,553
105,554
105,555
105,556
105,557
105,558
105,559
105,560
105,561
105,562
105,563
105,564
105,565
105,566
105,567
105,568
105,569
105,570
105,571
105,572
105,573
105,574
105,575
105,576
105,577
105,578
105,579
105,580
105,581
105,582
105,583
105,584
105,585
105,586
105,587
105,588
105,589
105,590
105,591
105,592
105,593
105,594
105,595
105,596
105,597
105,598
105,599
105,600
105,601
105,602
105,603
:121_3,604
:121_3,605
:121_3,606
:121_3,607
:121_3,608
432,609
432,610
432,611
432,612
432,613
432,614
432,615
432,616
432,617
432,618
432,619
432,620
432,621
432,622
432,623
432,624
432,625
432,626
432,627
432,628
432,629
432,630
432,631
432,632
432,633
432,634
432,635
432,636
432,637
432,638
432,639
432,640
432,641
432,642
432,643
432,644
432,645
432,646
432,647
432,648
432,649
432,650
432,651
432,652
432,653
432,654
432,655
432,656
432,657
432,658
432,659
432,660
432,661
432,662
432,663
432,664
432,665
432,666
432,667
432,668
432,669
432,670
432,671
432,672
432,673
432,674
432,675
432,676
432,677
432,678
:376_3,679
:376_3,680
:376_3,681
:376_3,682
:376_3,683
587,684
587,685
587,686
587,687
587,688
587,689
587,690
587,691
587,692
587,693
587,694
587,695
587,696
587,697
587,698
587,699
587,700
587,701
587,702
587,703
587,704
587,705
587,706
587,707
587,708
587,709
587,710
587,711
587,712
587,713
587,714
587,715
587,716
587,717
587,718
587,719
587,720
587,721
587,722
587,723
587,724
587,725
587,726
587,727
587,728
587,729
587,730
587,731
587,732
587,733
587,734
587,735
587,736
587,737
587,738
587,739
587,740
587,741
587,742
587,743
587,744
587,745
587,746
587,747
587,748
587,749
587,750
587,751
587,752
587,753
587,754
587,755
587,756
587,757
587,758
587,759
587,760
587,761
587,762
:225_3,763
:225_3,764
:225_3,765
:225_3,766
:225_3,767
-219,768
-219,769
-219,770
-219,771
-219,772
-219,773
-219,774
-219,775
-219,776
-219,777
-219,778
-219,779
-219,780
-219,781
-219,782
-219,783
-219,784
-219,785
-219,786
-219,787
-219,788
-219,789
-219,790
-219,791
-219,792
-219,793
-219,794
-219,795
-219,796
-219,797
-219,798
-219,799
-219,800
-219,801
-219,802
-219,803
-219,804
-219,805
-219,806
-219,807
-219,808
-219,809
-219,810
-219,811
-219,812
-219,813
-219,814
-219,815
-219,816
-219,817
-219,818
-219,819
-219,820
-219,821
-219,822
-219,823
-219,824
-219,825
-219,826
-219,827
-219,828
-219,829
-219,830
-219,831
-219,832
-219,833
-219,834
-219,835
-219,836
-219,837
-219,838
-219,839
-219,840
-219,841
-219,842
-219,843
-219,844
-219,845
-219,846
-219,847
-219,848
-219,849
-219,850
-219,851
-219,852
-219,853
-219,854
-219,855
:221_9,856
:221_9,857
:221_9,858
:221_9,859
:221_9,860
221,861
221,862
221,863
221,864
221,865
221,866
221,867
221,868
221,869
221,870
221,871
221,872
221,873
221,874
221,875
221,876
221,877
221,878
221,879
221,880
221,881
221,882
221,883
221,884
221,885
221,886
221,887
221,888
221,889
221,890
221,891
221,892
221,893
221,894
221,895
221,896
221,897
221,898
221,899
221,900
221,901
221,902
221,903
221,904
221,905
221,906
221,907
221,908
221,909
221,910
221,911
221,912
221,913
221,914
221,915
221,916
221,917
221,918
221,919
221,920
221,921
221,922
221,923
221,924
221,925
221,926
221,927
221,928
221,929
221,930
221,931
221,932
221,933
221,934
221,935
221,936
221,937
221,938
221,939
221,940
221,941
221,942
221,943
221,944
221,945
221,946
:226_7,947
:226_7,948
:226_7,949
:226_7,950
:226_7,951
316,952
316,953
316,954
316,955
316,956
316,957
316,958
316,959
316,960
316,961
316,962
316,963
316,964
316,965
316,966
316,967
316,968
316,969
316,970
316,971
316,972
316,973
316,974
316,975
316,976
316,977
316,978
316,979
316,980
316,981
316,982
316,983
316,984
316,985
316,986
316,987
316,988
316,989
316,990
316,991
316,992
316,993
316,994
316,995
316,996
316,997
316,998
316,999
316,1000
316,1001
316,1002
316,1003
316,1004
316,1005
316,1006
316,1007
316,1008
316,1009
316,1010
316,1011
316,1012
316,1013
316,1014
316,1015
316,1016
316,1017
316,1018
316,1019
316,1020
316,1021
316,1022
316,1023
316,1024
316,1025
316,1026
316,1027
316,1028
316,1029
316,1030
316,1031
316,1032
316,1033
316,1034
316,1035
316,1036
316,1037
316,1038
