136,1
136,2
136,3
136,4
136,5
136,6
136,7
136,8
136,9
136,10
136,11
136,12
136,13
136,14
136,15
136,16
136,17
136,18
136,19
136,20
136,21
136,22
136,23
136,24
136,25
136,26
136,27
136,28
136,29
136,30
136,31
136,32
136,33
136,34
136,35
136,36
136,37
136,38
136,39
136,40
136,41
136,42
136,43
136,44
136,45
136,46
136,47
136,48
136,49
136,50
136,51
136,52
136,53
136,54
136,55
136,56
136,57
136,58
136,59
136,60
136,61
136,62
136,63
136,64
136,65
136,66
136,67
136,68
136,69
136,70
136,71
136,72
136,73
136,74
136,75
136,76
136,77
136,78
136,79
136,80
136,81
136,82
136,83
136,84
136,85
136,86
136,87
136,88
136,89
136,90
136,91
136,92
136,93
136,94
136,95
136,96
136,97
136,98
136,99
136,100
136,101
136,102
136,103
136,104
136,105
136,106
136,107
136,108
136,109
136,110
136,111
136,112
136,113
136,114
136,115
136,116
136,117
136,118
136,119
136,120
136,121
136,122
136,123
136,124
136,125
136,126
136,127
136,128
136,129
136,130
136,131
136,132
136,133
136,134
136,135
136,136
136,137
136,138
136,139
136,140
136,141
136,142
136,143
136,144
136,145
136,146
136,147
136,148
136,149
136,150
136,151
136,152
136,153
136,154
136,155
136,156
136,157
136,158
136,159
136,160
136,161
136,162
136,163
136,164
136,165
136,166
136,167
136,168
136,169
136,170
136,171
136,172
136,173
136,174
136,175
136,176
136,177
136,178
136,179
136,180
136,181
136,182
136,183
136,184
136,185
136,186
136,187
136,188
136,189
136,190
136,191
136,192
136,193
136,194
136,195
136,196
136,197
136,198
136,199
136,200
136,201
136,202
136,203
136,204
136,205
136,206
136,207
136,208
136,209
136,210
136,211
136,212
136,213
136,214
136,215
136,216
136,217
136,218
136,219
136,220
136,221
136,222
136,223
136,224
136,225
136,226
136,227
136,228
136,229
136,230
136,231
136,232
136,233
136,234
136,235
136,236
136,237
136,238
136,239
136,240
136,241
136,242
136,243
136,244
136,245
136,246
136,247
136,248
136,249
136,250
136,251
136,252
136,253
-81,254
-81,255
-81,256
-81,257
-81,258
-81,259
-81,260
-81,261
-81,262
-81,263
-81,264
-81,265
-81,266
-81,267
-81,268
-81,269
-81,270
-81,271
-81,272
-81,273
-81,274
-81,275
-81,276
-81,277
-81,278
-81,279
-81,280
-81,281
-81,282
-81,283
-81,284
-81,285
-81,286
-81,287
-81,288
-81,289
-81,290
-81,291
-81,292
-81,293
-81,294
-81,295
-81,296
-81,297
-81,298
-81,299
-81,300
-81,301
-81,302
-81,303
-81,304
-81,305
-81,306
-81,307
-81,308
-81,309
-81,310
-81,311
-81,312
-81,313
-81,314
-81,315
-81,316
-81,317
-81,318
-81,319
-81,320
-81,321
-81,322
-81,323
-81,324
-81,325
-81,326
-81,327
-81,328
-81,329
-81,330
-81,331
-81,332
-81,333
-81,334
-81,335
-81,336
-81,337
-81,338
-81,339
-81,340
-81,341
-81,342
-81,343
-81,344
-81,345
-81,346
-81,347
-81,348
-81,349
-81,350
-81,351
-81,352
-81,353
-81,354
-81,355
-81,356
-81,357
-81,358
-81,359
-81,360
-81,361
-81,362
-81,363
-81,364
-81,365
-81,366
-81,367
-81,368
-81,369
-81,370
-81,371
-81,372
-81,373
-81,374
-81,375
-81,376
-81,377
-81,378
-81,379
-81,380
-81,381
-81,382
-81,383
-81,384
-81,385
-81,386
:94_6,387
:94_6,388
:94_6,389
:94_6,390
82,391
82,392
82,393
82,394
82,395
82,396
82,397
82,398
82,399
82,400
82,401
82,402
:96_1,403
83,404
83,405
83,406
83,407
83,408
83,409
83,410
83,411
83,412
83,413
83,414
83,415
83,416
83,417
83,418
83,419
83,420
83,421
83,422
83,423
83,424
83,425
83,426
83,427
83,428
83,429
83,430
83,431
83,432
83,433
83,434
83,435
83,436
83,437
83,438
83,439
83,440
83,441
83,442
83,443
83,444
83,445
83,446
83,447
83,448
83,449
83,450
83,451
83,452
83,453
83,454
83,455
83,456
83,457
83,458
83,459
83,460
83,461
83,462
83,463
83,464
83,465
83,466
83,467
83,468
83,469
83,470
83,471
83,472
83,473
83,474
83,475
83,476
83,477
83,478
83,479
83,480
83,481
83,482
:97_6,483
:97_6,484
:97_6,485
-489,486
-489,487
-489,488
-489,489
-489,490
-489,491
-489,492
-489,493
-489,494
-489,495
-489,496
-489,497
-489,498
-489,499
-489,500
-489,501
-489,502
-489,503
-489,504
-489,505
-489,506
:315_1,507
:315_1,508
:315_1,509
:315_1,510
:315_1,511
-488,512
-488,513
-488,514
-488,515
-488,516
-488,517
-488,518
-488,519
-488,520
-488,521
-488,522
-488,523
-488,524
-488,525
-488,526
-488,527
-488,528
-488,529
-488,530
-488,531
-488,532
-488,533
-488,534
-488,535
-488,536
-488,537
-488,538
-488,539
-488,540
-488,541
-488,542
-488,543
-488,544
-488,545
:410_0,546
:410_0,547
487,548
487,549
487,550
487,551
487,552
487,553
487,554
487,555
487,556
487,557
487,558
487,559
487,560
487,561
487,562
487,563
487,564
487,565
487,566
487,567
487,568
487,569
487,570
487,571
487,572
487,573
487,574
487,575
487,576
487,577
487,578
487,579
487,580
487,581
487,582
487,583
487,584
487,585
487,586
487,587
487,588
487,589
487,590
487,591
487,592
487,593
487,594
487,595
487,596
487,597
487,598
487,599
487,600
487,601
487,602
487,603
487,604
487,605
487,606
487,607
487,608
487,609
487,610
487,611
487,612
487,613
487,614
487,615
487,616
487,617
487,618
487,619
487,620
487,621
487,622
487,623
487,624
487,625
487,626
487,627
487,628
487,629
487,630
487,631
487,632
487,633
487,634
487,635
487,636
487,637
487,638
487,639
487,640
487,641
487,642
487,643
487,644
487,645
487,646
487,647
487,648
487,649
487,650
487,651
487,652
487,653
487,654
487,655
487,656
487,657
487,658
487,659
487,660
487,661
487,662
487,663
487,664
487,665
487,666
487,667
487,668
487,669
487,670
487,671
487,672
487,673
487,674
487,675
487,676
487,677
487,678
487,679
487,680
487,681
487,682
487,683
487,684
487,685
487,686
487,687
487,688
487,689
487,690
487,691
487,692
487,693
487,694
487,695
487,696
:409_6,697
:409_6,698
:409_6,699
:409_6,700
:409_6,701
-606,702
-606,703
-606,704
-606,705
-606,706
-606,707
-606,708
-606,709
-606,710
-606,711
-606,712
-606,713
-606,714
-606,715
-606,716
-606,717
-606,718
-606,719
-606,720
-606,721
-606,722
-606,723
-606,724
-606,725
-606,726
-606,727
-606,728
-606,729
-606,730
-606,731
-606,732
-606,733
-606,734
-606,735
-606,736
-606,737
-606,738
-606,739
-606,740
-606,741
-606,742
-606,743
-606,744
-606,745
-606,746
-606,747
-606,748
-606,749
-606,750
-606,751
-606,752
-606,753
-606,754
-606,755
-606,756
-606,757
-606,758
-606,759
-606,760
-606,761
-606,762
-606,763
-606,764
-606,765
-606,766
-606,767
-606,768
-606,769
-606,770
-606,771
-606,772
-606,773
-606,774
-606,775
-606,776
-606,777
-606,778
-606,779
-606,780
-606,781
-606,782
-606,783
-606,784
-605,785
-605,786
-605,787
-605,788
-605,789
-605,790
-605,791
-605,792
-605,793
-605,794
-605,795
-605,796
-605,797
-605,798
-605,799
-605,800
-605,801
-605,802
-605,803
-605,804
-605,805
-605,806
-605,807
-605,808
-605,809
-605,810
-605,811
-605,812
-605,813
-605,814
-605,815
-605,816
-605,817
-605,818
-605,819
-605,820
-605,821
-605,822
-605,823
-605,824
-605,825
-605,826
-605,827
-605,828
-605,829
-605,830
-605,831
-605,832
-605,833
-605,834
-605,835
-605,836
-605,837
-605,838
-605,839
-605,840
-605,841
-605,842
-605,843
-605,844
-605,845
-605,846
-605,847
-605,848
-604,849
-604,850
-604,851
-604,852
-604,853
-604,854
-604,855
-604,856
-604,857
-604,858
-604,859
-604,860
-604,861
-604,862
-604,863
-604,864
-604,865
-604,866
-604,867
-604,868
-604,869
-604,870
-604,871
-604,872
-604,873
-604,874
-604,875
-604,876
-604,877
-604,878
-604,879
-604,880
-604,881
-604,882
-604,883
-604,884
-604,885
-604,886
-604,887
-604,888
-604,889
-604,890
-604,891
-604,892
-604,893
-604,894
-604,895
-604,896
-604,897
-604,898
-604,899
-604,900
-604,901
-604,902
-604,903
-604,904
-604,905
-604,906
-604,907
