487,1
487,2
487,3
487,4
487,5
487,6
487,7
487,8
487,9
487,10
487,11
487,12
487,13
487,14
487,15
487,16
487,17
487,18
487,19
487,20
487,21
487,22
487,23
487,24
487,25
487,26
487,27
487,28
487,29
487,30
487,31
487,32
487,33
487,34
487,35
487,36
487,37
487,38
487,39
487,40
487,41
487,42
487,43
487,44
487,45
487,46
487,47
487,48
487,49
487,50
487,51
487,52
487,53
487,54
487,55
487,56
487,57
487,58
487,59
487,60
487,61
487,62
487,63
487,64
487,65
487,66
487,67
487,68
487,69
487,70
487,71
487,72
487,73
487,74
487,75
487,76
487,77
487,78
487,79
487,80
487,81
487,82
487,83
487,84
487,85
487,86
487,87
487,88
487,89
487,90
487,91
487,92
487,93
487,94
487,95
487,96
487,97
487,98
487,99
487,100
487,101
487,102
487,103
487,104
487,105
487,106
487,107
487,108
487,109
487,110
487,111
487,112
487,113
487,114
487,115
487,116
487,117
487,118
487,119
487,120
487,121
487,122
487,123
487,124
487,125
487,126
487,127
487,128
487,129
487,130
487,131
487,132
487,133
487,134
487,135
487,136
487,137
487,138
487,139
487,140
487,141
487,142
487,143
487,144
487,145
487,146
487,147
487,148
487,149
487,150
487,151
487,152
487,153
487,154
487,155
487,156
:409_6,157
:409_6,158
:409_6,159
:409_6,160
:409_6,161
:409_6,162
-606,163
-606,164
-606,165
-606,166
-606,167
-606,168
-606,169
-606,170
-606,171
-606,172
-606,173
-606,174
-606,175
-606,176
-606,177
-606,178
-606,179
-606,180
-606,181
-606,182
-606,183
-606,184
-606,185
-606,186
-606,187
-606,188
-606,189
-606,190
-606,191
-606,192
-606,193
-606,194
-606,195
-606,196
-606,197
-606,198
-606,199
-606,200
-606,201
-606,202
-606,203
-606,204
-606,205
-606,206
-606,207
-606,208
-606,209
-606,210
-606,211
-606,212
-606,213
-606,214
-606,215
-606,216
-606,217
-606,218
-606,219
-606,220
-606,221
-606,222
-606,223
-606,224
-606,225
-606,226
-606,227
-606,228
-606,229
-606,230
-606,231
-606,232
-606,233
-606,234
-606,235
-606,236
-606,237
-606,238
-606,239
-606,240
-606,241
-606,242
-606,243
-606,244
-606,245
-606,246
-606,247
-606,248
-606,249
-605,250
-605,251
-605,252
-605,253
-605,254
-605,255
-605,256
-605,257
-605,258
-605,259
-605,260
-605,261
-605,262
-605,263
-605,264
-605,265
-605,266
-605,267
-605,268
-605,269
-605,270
-605,271
-605,272
-605,273
-605,274
-605,275
-605,276
-605,277
-605,278
-605,279
-605,280
-605,281
-605,282
-605,283
-605,284
-605,285
-605,286
-605,287
-605,288
-605,289
-605,290
-605,291
-605,292
-605,293
-605,294
-605,295
-605,296
-605,297
-605,298
-605,299
-605,300
-605,301
-605,302
-605,303
-605,304
-605,305
-605,306
-605,307
-605,308
-605,309
-605,310
-605,311
-605,312
-605,313
-605,314
-605,315
-605,316
-605,317
-604,318
-604,319
-604,320
-604,321
-604,322
-604,323
-604,324
-604,325
-604,326
-604,327
-604,328
-604,329
-604,330
-604,331
-604,332
-604,333
-604,334
-604,335
-604,336
-604,337
-604,338
-604,339
-604,340
-604,341
-604,342
-604,343
-604,344
-604,345
-604,346
-604,347
-604,348
-604,349
-604,350
-604,351
-604,352
-604,353
-604,354
-604,355
-604,356
-604,357
-604,358
-604,359
-604,360
-604,361
-604,362
-604,363
-604,364
-604,365
-604,366
-604,367
-604,368
-604,369
-604,370
-604,371
-604,372
-604,373
-604,374
-604,375
-604,376
-604,377
-604,378
-604,379
-604,380
-604,381
-603,382
-603,383
-603,384
-603,385
-603,386
-603,387
-603,388
-603,389
-603,390
-603,391
-603,392
-603,393
-603,394
-603,395
-603,396
-603,397
-603,398
-603,399
-603,400
-603,401
-603,402
-603,403
-603,404
-603,405
-603,406
-603,407
-603,408
-603,409
-603,410
-603,411
-603,412
-603,413
-603,414
-603,415
-603,416
-603,417
-603,418
-603,419
-603,420
-603,421
-603,422
-603,423
-603,424
-603,425
-603,426
-603,427
-603,428
-603,429
-603,430
-603,431
-603,432
-603,433
-603,434
-603,435
-603,436
-603,437
-603,438
-603,439
-603,440
-603,441
-603,442
-603,443
-603,444
-603,445
-603,446
-603,447
-603,448
-602,449
-602,450
-602,451
-602,452
-602,453
-602,454
-602,455
-602,456
-602,457
-602,458
-602,459
-602,460
-602,461
-602,462
-602,463
-602,464
-602,465
-602,466
-602,467
-602,468
-602,469
-602,470
-602,471
-602,472
-602,473
-602,474
-602,475
-602,476
-602,477
-602,478
-602,479
-602,480
-602,481
-602,482
-602,483
-602,484
-602,485
-602,486
-602,487
-602,488
-602,489
-602,490
-602,491
-602,492
-602,493
-602,494
-602,495
-602,496
-602,497
-602,498
-602,499
-602,500
-602,501
-602,502
-602,503
-602,504
-602,505
-602,506
-602,507
-602,508
-602,509
-602,510
-602,511
-602,512
-602,513
-602,514
-602,515
-602,516
-602,517
-602,518
-602,519
-602,520
-602,521
-602,522
-602,523
-602,524
-602,525
-602,526
-602,527
-601,528
-601,529
-601,530
-601,531
-601,532
-601,533
-601,534
-601,535
-601,536
-601,537
-601,538
-601,539
-601,540
-601,541
-601,542
-601,543
-601,544
-601,545
-601,546
-601,547
-601,548
-601,549
-601,550
-601,551
-601,552
-601,553
-601,554
-601,555
-601,556
-601,557
-601,558
-601,559
-601,560
-601,561
-601,562
-601,563
-601,564
-601,565
-601,566
-601,567
-601,568
-601,569
-601,570
-601,571
-601,572
-601,573
-601,574
-601,575
-601,576
-601,577
-601,578
-601,579
-601,580
-601,581
-601,582
-601,583
-601,584
-601,585
-601,586
-601,587
:436_4,588
:436_4,589
:436_4,590
:436_10,591
:436_10,592
:436_10,593
-528,594
-528,595
-528,596
-528,597
-528,598
-528,599
-528,600
-528,601
-528,602
-528,603
-528,604
-528,605
-528,606
-528,607
-528,608
-528,609
-528,610
-528,611
-528,612
-528,613
-528,614
-528,615
-528,616
-528,617
-528,618
-528,619
-528,620
-528,621
-528,622
-528,623
-528,624
-528,625
-528,626
:307_5,627
:307_5,628
:307_5,629
:307_5,630
:307_5,631
:307_5,632
-527,633
-527,634
-527,635
-527,636
-527,637
-527,638
-527,639
-527,640
-527,641
-527,642
-527,643
-527,644
-527,645
-527,646
-527,647
-527,648
-527,649
-527,650
:435_0,651
:435_0,652
:435_0,653
529,654
529,655
529,656
529,657
529,658
529,659
529,660
529,661
529,662
529,663
529,664
529,665
529,666
529,667
529,668
529,669
529,670
529,671
529,672
529,673
529,674
529,675
529,676
529,677
529,678
529,679
529,680
529,681
529,682
529,683
529,684
529,685
529,686
529,687
529,688
529,689
529,690
529,691
529,692
529,693
529,694
529,695
529,696
529,697
529,698
529,699
529,700
529,701
529,702
529,703
529,704
529,705
529,706
529,707
529,708
529,709
529,710
529,711
529,712
529,713
529,714
529,715
529,716
529,717
529,718
529,719
529,720
529,721
529,722
529,723
529,724
529,725
529,726
529,727
529,728
529,729
529,730
529,731
529,732
529,733
529,734
529,735
529,736
529,737
529,738
529,739
529,740
529,741
529,742
529,743
529,744
529,745
529,746
529,747
529,748
529,749
529,750
529,751
529,752
529,753
529,754
529,755
529,756
529,757
529,758
529,759
529,760
529,761
529,762
529,763
529,764
529,765
529,766
529,767
529,768
529,769
529,770
529,771
529,772
529,773
529,774
529,775
529,776
529,777
529,778
529,779
529,780
529,781
529,782
529,783
529,784
529,785
529,786
529,787
529,788
529,789
529,790
529,791
529,792
529,793
529,794
529,795
:389_0,796
-456,797
-456,798
-456,799
-456,800
-456,801
-456,802
-456,803
-456,804
-456,805
-456,806
-456,807
-456,808
-456,809
-456,810
-456,811
-456,812
-456,813
-456,814
-456,815
-456,816
-456,817
-456,818
-456,819
-456,820
-456,821
:337_3,822
:337_3,823
:337_3,824
-368,825
-368,826
-368,827
-368,828
-368,829
-368,830
-368,831
-368,832
-368,833
-368,834
-368,835
-368,836
-368,837
-368,838
-368,839
-368,840
-368,841
-368,842
-368,843
-368,844
-368,845
-368,846
-368,847
-368,848
-368,849
-368,850
-368,851
-368,852
-368,853
-368,854
-368,855
-368,856
-368,857
-368,858
-368,859
-368,860
-368,861
-368,862
-368,863
-368,864
-368,865
-368,866
-368,867
-368,868
-368,869
-368,870
-368,871
-368,872
-368,873
-368,874
-368,875
-368,876
-368,877
-368,878
-368,879
-368,880
-368,881
-368,882
-368,883
-368,884
-368,885
-368,886
-368,887
-368,888
-368,889
-368,890
-368,891
-368,892
-368,893
-368,894
-368,895
-368,896
-368,897
-368,898
-368,899
-368,900
-368,901
-368,902
-368,903
-368,904
-368,905
-368,906
-368,907
-368,908
-368,909
-368,910
-368,911
-368,912
-368,913
-368,914
-368,915
-368,916
-368,917
-368,918
-368,919
-368,920
-368,921
-368,922
-368,923
-368,924
-368,925
-368,926
-368,927
-368,928
-368,929
-368,930
-368,931
-368,932
-368,933
-368,934
-368,935
-368,936
-368,937
-368,938
-368,939
-368,940
-368,941
-368,942
-368,943
-368,944
-368,945
-368,946
-368,947
-368,948
-368,949
-368,950
-368,951
-368,952
-368,953
-368,954
-368,955
-368,956
-368,957
-368,958
-368,959
-368,960
-368,961
-368,962
-368,963
-368,964
-368,965
-368,966
:73_8,967
:73_8,968
:73_8,969
:73_8,970
:73_8,971
369,972
369,973
369,974
369,975
369,976
369,977
369,978
369,979
369,980
369,981
369,982
369,983
369,984
369,985
369,986
369,987
369,988
369,989
369,990
369,991
369,992
369,993
369,994
369,995
369,996
369,997
369,998
369,999
369,1000
369,1001
369,1002
369,1003
369,1004
369,1005
369,1006
369,1007
369,1008
369,1009
369,1010
369,1011
369,1012
369,1013
369,1014
369,1015
369,1016
369,1017
369,1018
369,1019
369,1020
369,1021
369,1022
369,1023
369,1024
369,1025
369,1026
369,1027
369,1028
369,1029
369,1030
369,1031
369,1032
369,1033
369,1034
369,1035
369,1036
369,1037
369,1038
369,1039
369,1040
369,1041
369,1042
369,1043
369,1044
369,1045
369,1046
369,1047
369,1048
369,1049
369,1050
369,1051
369,1052
369,1053
369,1054
369,1055
369,1056
369,1057
369,1058
369,1059
369,1060
369,1061
369,1062
369,1063
369,1064
369,1065
369,1066
369,1067
369,1068
369,1069
369,1070
369,1071
369,1072
369,1073
369,1074
369,1075
369,1076
369,1077
369,1078
369,1079
369,1080
369,1081
369,1082
369,1083
369,1084
369,1085
369,1086
369,1087
369,1088
369,1089
369,1090
369,1091
369,1092
369,1093
369,1094
369,1095
369,1096
369,1097
369,1098
369,1099
369,1100
369,1101
369,1102
369,1103
369,1104
369,1105
369,1106
369,1107
369,1108
369,1109
369,1110
369,1111
369,1112
369,1113
369,1114
369,1115
369,1116
369,1117
369,1118
369,1119
369,1120
369,1121
369,1122
369,1123
369,1124
369,1125
369,1126
369,1127
369,1128
369,1129
369,1130
369,1131
369,1132
369,1133
369,1134
369,1135
369,1136
369,1137
369,1138
369,1139
369,1140
369,1141
369,1142
369,1143
369,1144
369,1145
369,1146
369,1147
369,1148
369,1149
369,1150
369,1151
369,1152
369,1153
369,1154
369,1155
369,1156
369,1157
369,1158
369,1159
369,1160
369,1161
369,1162
369,1163
369,1164
369,1165
369,1166
369,1167
369,1168
369,1169
369,1170
369,1171
369,1172
369,1173
369,1174
369,1175
369,1176
369,1177
369,1178
369,1179
369,1180
369,1181
369,1182
369,1183
369,1184
369,1185
369,1186
369,1187
369,1188
369,1189
:338_3,1190
:338_3,1191
:338_3,1192
:338_3,1193
:338_3,1194
:338_3,1195
-454,1196
-454,1197
-454,1198
-454,1199
-454,1200
-454,1201
-454,1202
-454,1203
-454,1204
-454,1205
-454,1206
-454,1207
-454,1208
-454,1209
-454,1210
-454,1211
-454,1212
-454,1213
-454,1214
-454,1215
-454,1216
-454,1217
-454,1218
-454,1219
-454,1220
-454,1221
-454,1222
-454,1223
-454,1224
-454,1225
-454,1226
-454,1227
-454,1228
-454,1229
-454,1230
-454,1231
-454,1232
-454,1233
-454,1234
-454,1235
-454,1236
-454,1237
-454,1238
-454,1239
-454,1240
-454,1241
-454,1242
-454,1243
-454,1244
-454,1245
-454,1246
-454,1247
-454,1248
-454,1249
-454,1250
-454,1251
-454,1252
-454,1253
-454,1254
-454,1255
-454,1256
-454,1257
-454,1258
-454,1259
-454,1260
-454,1261
-454,1262
-454,1263
-454,1264
-454,1265
-454,1266
-454,1267
-454,1268
-454,1269
-454,1270
-454,1271
-454,1272
-454,1273
-454,1274
-454,1275
-454,1276
-454,1277
-454,1278
-454,1279
-454,1280
-454,1281
-454,1282
-454,1283
-454,1284
-454,1285
-454,1286
-454,1287
-454,1288
:279_4,1289
:279_4,1290
:279_4,1291
:279_10,1292
:279_10,1293
:279_10,1294
-550,1295
-550,1296
-550,1297
-550,1298
-550,1299
-550,1300
-550,1301
-550,1302
-550,1303
-550,1304
-550,1305
-550,1306
-550,1307
-550,1308
-550,1309
-550,1310
-550,1311
-550,1312
-550,1313
-550,1314
-550,1315
-550,1316
-550,1317
-550,1318
-550,1319
-550,1320
-550,1321
-550,1322
-550,1323
-550,1324
-550,1325
-550,1326
-550,1327
-550,1328
-550,1329
-550,1330
-550,1331
-550,1332
-550,1333
-550,1334
-550,1335
-550,1336
-550,1337
-550,1338
-550,1339
-550,1340
-550,1341
-550,1342
-550,1343
-550,1344
-550,1345
-550,1346
-550,1347
-550,1348
-550,1349
-550,1350
-550,1351
-550,1352
-550,1353
-550,1354
-550,1355
-550,1356
-550,1357
-550,1358
-550,1359
-550,1360
-550,1361
-550,1362
-550,1363
-550,1364
-550,1365
-550,1366
-550,1367
-550,1368
-550,1369
-550,1370
-550,1371
-550,1372
-550,1373
-550,1374
-550,1375
-550,1376
-550,1377
-550,1378
-550,1379
-550,1380
-550,1381
-550,1382
-550,1383
-550,1384
-550,1385
-550,1386
-550,1387
-550,1388
-550,1389
-550,1390
-550,1391
-550,1392
-550,1393
-550,1394
-550,1395
-550,1396
-550,1397
-550,1398
-550,1399
-550,1400
-550,1401
-550,1402
-550,1403
-550,1404
-550,1405
-550,1406
-550,1407
-550,1408
-550,1409
-550,1410
-550,1411
-550,1412
-550,1413
-550,1414
-550,1415
-550,1416
-550,1417
-550,1418
-550,1419
-550,1420
-550,1421
-550,1422
-550,1423
-550,1424
-550,1425
-550,1426
-550,1427
-550,1428
-550,1429
-550,1430
-550,1431
-550,1432
-550,1433
-550,1434
-550,1435
-550,1436
-550,1437
-550,1438
:247_3,1439
:247_3,1440
:247_3,1441
-246,1442
-246,1443
-246,1444
-246,1445
-246,1446
-246,1447
-246,1448
-246,1449
-246,1450
-246,1451
-246,1452
-246,1453
-246,1454
-246,1455
-246,1456
-246,1457
-246,1458
-246,1459
-246,1460
-246,1461
-246,1462
-246,1463
-246,1464
-246,1465
-246,1466
-246,1467
-246,1468
-246,1469
-246,1470
-246,1471
-246,1472
-246,1473
-246,1474
-246,1475
-246,1476
-246,1477
-246,1478
-246,1479
-246,1480
-246,1481
-246,1482
-246,1483
-246,1484
-246,1485
-246,1486
-246,1487
-246,1488
-246,1489
-246,1490
-246,1491
-246,1492
-246,1493
-246,1494
-246,1495
-246,1496
-246,1497
-246,1498
-246,1499
-246,1500
-246,1501
:197_3,1502
:197_3,1503
:197_3,1504
:197_3,1505
247,1506
247,1507
247,1508
247,1509
247,1510
247,1511
247,1512
247,1513
247,1514
247,1515
247,1516
247,1517
247,1518
247,1519
247,1520
247,1521
247,1522
247,1523
247,1524
247,1525
247,1526
247,1527
247,1528
247,1529
247,1530
247,1531
247,1532
247,1533
247,1534
247,1535
247,1536
247,1537
247,1538
247,1539
247,1540
247,1541
247,1542
247,1543
247,1544
247,1545
247,1546
247,1547
247,1548
247,1549
247,1550
247,1551
247,1552
247,1553
247,1554
247,1555
247,1556
247,1557
247,1558
247,1559
247,1560
247,1561
247,1562
247,1563
247,1564
247,1565
247,1566
247,1567
247,1568
247,1569
247,1570
247,1571
247,1572
247,1573
247,1574
247,1575
247,1576
247,1577
247,1578
247,1579
247,1580
247,1581
247,1582
247,1583
247,1584
247,1585
247,1586
247,1587
247,1588
247,1589
247,1590
247,1591
247,1592
247,1593
247,1594
247,1595
247,1596
247,1597
247,1598
247,1599
247,1600
247,1601
247,1602
247,1603
247,1604
247,1605
247,1606
247,1607
247,1608
247,1609
247,1610
:248_12,1611
:248_12,1612
:248_12,1613
:248_12,1614
289,1615
289,1616
289,1617
289,1618
289,1619
289,1620
289,1621
289,1622
289,1623
289,1624
289,1625
289,1626
289,1627
289,1628
289,1629
289,1630
289,1631
289,1632
289,1633
289,1634
289,1635
289,1636
289,1637
289,1638
289,1639
289,1640
289,1641
289,1642
289,1643
289,1644
289,1645
289,1646
289,1647
289,1648
289,1649
289,1650
289,1651
289,1652
289,1653
289,1654
289,1655
289,1656
289,1657
289,1658
289,1659
289,1660
289,1661
289,1662
289,1663
289,1664
289,1665
289,1666
289,1667
289,1668
289,1669
289,1670
289,1671
289,1672
289,1673
289,1674
289,1675
289,1676
289,1677
289,1678
289,1679
289,1680
289,1681
289,1682
289,1683
289,1684
289,1685
289,1686
289,1687
289,1688
289,1689
289,1690
289,1691
289,1692
289,1693
289,1694
289,1695
289,1696
289,1697
289,1698
289,1699
:279_1,1700
:279_1,1701
:279_1,1702
:279_1,1703
:279_1,1704
:279_1,1705
454,1706
454,1707
454,1708
454,1709
454,1710
454,1711
454,1712
454,1713
454,1714
454,1715
454,1716
454,1717
454,1718
454,1719
454,1720
454,1721
454,1722
454,1723
454,1724
454,1725
454,1726
454,1727
454,1728
454,1729
454,1730
454,1731
454,1732
454,1733
454,1734
454,1735
454,1736
454,1737
454,1738
454,1739
454,1740
454,1741
454,1742
454,1743
454,1744
454,1745
454,1746
454,1747
454,1748
454,1749
454,1750
454,1751
454,1752
454,1753
454,1754
454,1755
454,1756
454,1757
454,1758
454,1759
454,1760
454,1761
454,1762
454,1763
454,1764
454,1765
454,1766
454,1767
454,1768
454,1769
454,1770
454,1771
454,1772
454,1773
454,1774
454,1775
454,1776
454,1777
454,1778
454,1779
454,1780
454,1781
454,1782
454,1783
454,1784
454,1785
454,1786
454,1787
454,1788
454,1789
454,1790
454,1791
454,1792
454,1793
454,1794
454,1795
454,1796
454,1797
454,1798
454,1799
:338_1,1800
:338_1,1801
:338_1,1802
:338_1,1803
:338_1,1804
-369,1805
-369,1806
-369,1807
-369,1808
-369,1809
-369,1810
-369,1811
-369,1812
-369,1813
-369,1814
-369,1815
-369,1816
-369,1817
-369,1818
-369,1819
-369,1820
-369,1821
-369,1822
-369,1823
-369,1824
-369,1825
-369,1826
-369,1827
-369,1828
-369,1829
-369,1830
-369,1831
-369,1832
-369,1833
-369,1834
-369,1835
-369,1836
-369,1837
-369,1838
-369,1839
-369,1840
-369,1841
-369,1842
-369,1843
-369,1844
-369,1845
-369,1846
-369,1847
-369,1848
-369,1849
-369,1850
-369,1851
-369,1852
-369,1853
-369,1854
-369,1855
-369,1856
-369,1857
-369,1858
-369,1859
-369,1860
-369,1861
-369,1862
-369,1863
-369,1864
-369,1865
-369,1866
-369,1867
-369,1868
-369,1869
-369,1870
-369,1871
-369,1872
-369,1873
-369,1874
-369,1875
-369,1876
-369,1877
-369,1878
-369,1879
-369,1880
-369,1881
-369,1882
-369,1883
-369,1884
-369,1885
-369,1886
-369,1887
-369,1888
-369,1889
-369,1890
-369,1891
-369,1892
-369,1893
-369,1894
-369,1895
-369,1896
-369,1897
-369,1898
-369,1899
-369,1900
-369,1901
-369,1902
-369,1903
-369,1904
-369,1905
-369,1906
-369,1907
-369,1908
-369,1909
-369,1910
-369,1911
-369,1912
-369,1913
-369,1914
-369,1915
-369,1916
-369,1917
-369,1918
-369,1919
-369,1920
-369,1921
-369,1922
-369,1923
-369,1924
-369,1925
-369,1926
-369,1927
-369,1928
-369,1929
-369,1930
-369,1931
-369,1932
-369,1933
-369,1934
-369,1935
-369,1936
-369,1937
-369,1938
-369,1939
-369,1940
-369,1941
-369,1942
-369,1943
-369,1944
-369,1945
-369,1946
-369,1947
-369,1948
-369,1949
-369,1950
-369,1951
-369,1952
-369,1953
-369,1954
-369,1955
-369,1956
-369,1957
-369,1958
-369,1959
-369,1960
-369,1961
-369,1962
-369,1963
-369,1964
-369,1965
-369,1966
-369,1967
-369,1968
-369,1969
-369,1970
-369,1971
-369,1972
-369,1973
-369,1974
-369,1975
-369,1976
-369,1977
-369,1978
-369,1979
-369,1980
-369,1981
-369,1982
-369,1983
-369,1984
-369,1985
-369,1986
-369,1987
-369,1988
-369,1989
-369,1990
-369,1991
-369,1992
-369,1993
-369,1994
-369,1995
-369,1996
-369,1997
-369,1998
-369,1999
-369,2000
