604,1
604,2
604,3
604,4
604,5
604,6
604,7
604,8
604,9
604,10
604,11
604,12
604,13
604,14
604,15
604,16
604,17
604,18
604,19
604,20
604,21
604,22
604,23
604,24
604,25
604,26
604,27
604,28
604,29
604,30
604,31
604,32
604,33
604,34
604,35
604,36
604,37
604,38
604,39
604,40
604,41
604,42
604,43
604,44
604,45
604,46
604,47
604,48
604,49
604,50
604,51
604,52
604,53
604,54
604,55
604,56
604,57
605,58
605,59
605,60
605,61
605,62
605,63
605,64
605,65
605,66
605,67
605,68
605,69
605,70
605,71
605,72
605,73
605,74
605,75
605,76
605,77
605,78
605,79
605,80
605,81
605,82
605,83
605,84
605,85
605,86
605,87
605,88
605,89
605,90
605,91
605,92
605,93
605,94
605,95
605,96
605,97
605,98
605,99
605,100
605,101
605,102
605,103
605,104
605,105
605,106
605,107
605,108
605,109
605,110
605,111
605,112
605,113
605,114
605,115
605,116
605,117
605,118
605,119
605,120
606,121
606,122
606,123
606,124
606,125
606,126
606,127
606,128
606,129
606,130
606,131
606,132
606,133
606,134
606,135
606,136
606,137
606,138
606,139
606,140
606,141
606,142
606,143
606,144
606,145
606,146
606,147
606,148
606,149
606,150
606,151
606,152
606,153
606,154
606,155
606,156
606,157
606,158
606,159
606,160
606,161
606,162
606,163
606,164
606,165
606,166
606,167
606,168
606,169
606,170
606,171
606,172
606,173
606,174
606,175
606,176
606,177
606,178
606,179
606,180
606,181
606,182
606,183
606,184
606,185
606,186
606,187
606,188
606,189
606,190
606,191
606,192
606,193
606,194
606,195
606,196
606,197
606,198
606,199
606,200
606,201
:409_3,202
:409_3,203
:409_3,204
:409_3,205
-486,206
-486,207
-486,208
-486,209
-486,210
-486,211
-486,212
-486,213
-486,214
-486,215
-486,216
-486,217
-486,218
-486,219
-486,220
-486,221
-486,222
-486,223
-486,224
-486,225
-486,226
-486,227
-486,228
-486,229
-486,230
-486,231
-486,232
-486,233
-486,234
:313_9,235
:313_9,236
:313_9,237
:313_9,238
:313_9,239
-485,240
-485,241
-485,242
-485,243
-485,244
-485,245
-485,246
-485,247
-485,248
-485,249
-485,250
-485,251
-485,252
-485,253
-485,254
-485,255
-485,256
-485,257
-485,258
-485,259
-485,260
-485,261
-485,262
-485,263
-485,264
:388_4,265
:388_4,266
:388_4,267
:388_4,268
:388_4,269
484,270
484,271
484,272
484,273
484,274
484,275
484,276
484,277
484,278
484,279
484,280
484,281
484,282
484,283
484,284
484,285
484,286
484,287
484,288
484,289
484,290
484,291
484,292
484,293
484,294
484,295
484,296
484,297
484,298
484,299
484,300
484,301
484,302
484,303
484,304
484,305
484,306
484,307
484,308
484,309
484,310
484,311
484,312
484,313
484,314
484,315
484,316
484,317
484,318
484,319
484,320
484,321
484,322
484,323
484,324
484,325
484,326
484,327
484,328
484,329
484,330
484,331
484,332
484,333
484,334
484,335
484,336
484,337
484,338
484,339
484,340
484,341
484,342
484,343
484,344
484,345
484,346
484,347
484,348
484,349
484,350
484,351
484,352
484,353
484,354
484,355
484,356
484,357
484,358
484,359
484,360
484,361
484,362
484,363
484,364
484,365
484,366
484,367
484,368
484,369
484,370
484,371
484,372
484,373
484,374
484,375
484,376
484,377
484,378
484,379
484,380
484,381
484,382
484,383
484,384
484,385
484,386
484,387
484,388
484,389
484,390
484,391
484,392
484,393
484,394
484,395
484,396
484,397
484,398
484,399
484,400
484,401
484,402
484,403
484,404
:97_0,405
:97_0,406
:97_0,407
:97_0,408
-83,409
-83,410
-83,411
-83,412
-83,413
-83,414
-83,415
-83,416
-83,417
-83,418
-83,419
-83,420
-83,421
-83,422
-83,423
-83,424
-83,425
-83,426
-83,427
-83,428
-83,429
-83,430
-83,431
-83,432
-83,433
-83,434
-83,435
-83,436
-83,437
-83,438
-83,439
-83,440
-83,441
-83,442
-83,443
-83,444
-83,445
-83,446
-83,447
-83,448
-83,449
-83,450
-83,451
-83,452
-83,453
-83,454
-83,455
-83,456
-83,457
-83,458
-83,459
-83,460
-83,461
-83,462
-83,463
-83,464
-83,465
-83,466
-83,467
-83,468
-83,469
-83,470
-83,471
-83,472
-83,473
-83,474
-83,475
-83,476
-83,477
-83,478
-83,479
-83,480
-83,481
-83,482
-83,483
-83,484
-83,485
-83,486
:96_0,487
-82,488
-82,489
-82,490
-82,491
-82,492
-82,493
-82,494
-82,495
-82,496
-82,497
-82,498
:94_4,499
:94_4,500
:94_4,501
:94_4,502
:94_4,503
81,504
81,505
81,506
81,507
81,508
81,509
81,510
81,511
81,512
81,513
81,514
81,515
81,516
81,517
81,518
81,519
81,520
81,521
81,522
81,523
81,524
81,525
81,526
81,527
81,528
81,529
81,530
81,531
81,532
81,533
81,534
81,535
81,536
81,537
81,538
81,539
81,540
81,541
81,542
81,543
81,544
81,545
81,546
81,547
81,548
81,549
81,550
81,551
81,552
81,553
81,554
81,555
81,556
81,557
81,558
81,559
81,560
81,561
81,562
81,563
81,564
81,565
81,566
81,567
81,568
81,569
81,570
81,571
81,572
81,573
81,574
81,575
81,576
81,577
81,578
81,579
81,580
81,581
81,582
81,583
81,584
81,585
81,586
81,587
81,588
81,589
81,590
81,591
81,592
81,593
81,594
81,595
81,596
81,597
81,598
81,599
81,600
81,601
81,602
81,603
81,604
81,605
81,606
81,607
81,608
81,609
81,610
81,611
81,612
81,613
81,614
81,615
81,616
81,617
81,618
81,619
81,620
81,621
81,622
81,623
81,624
81,625
81,626
81,627
81,628
81,629
81,630
81,631
81,632
81,633
81,634
-136,635
-136,636
-136,637
-136,638
-136,639
-136,640
-136,641
-136,642
-136,643
-136,644
-136,645
-136,646
-136,647
-136,648
-136,649
-136,650
-136,651
-136,652
-136,653
-136,654
-136,655
-136,656
-136,657
-136,658
-136,659
-136,660
-136,661
-136,662
-136,663
-136,664
-136,665
-136,666
-136,667
-136,668
-136,669
-136,670
-136,671
-136,672
-136,673
-136,674
-136,675
-136,676
-136,677
-136,678
-136,679
-136,680
-136,681
-136,682
-136,683
-136,684
-136,685
-136,686
-136,687
-136,688
-136,689
-136,690
-136,691
-136,692
-136,693
-136,694
-136,695
-136,696
-136,697
-136,698
-136,699
-136,700
-136,701
-136,702
-136,703
-136,704
-136,705
-136,706
-136,707
-136,708
-136,709
-136,710
-136,711
-136,712
-136,713
-136,714
-136,715
-136,716
-136,717
-136,718
-136,719
-136,720
-136,721
-136,722
-136,723
-136,724
-136,725
-136,726
-136,727
-136,728
-136,729
-136,730
-136,731
-136,732
-136,733
-136,734
-136,735
-136,736
-136,737
-136,738
-136,739
-136,740
-136,741
-136,742
-136,743
-136,744
-136,745
-136,746
-136,747
-136,748
-136,749
-136,750
-136,751
-136,752
-136,753
-136,754
-136,755
-136,756
-136,757
-136,758
-136,759
-136,760
-136,761
-136,762
-136,763
-136,764
-136,765
-136,766
-136,767
-136,768
-136,769
-136,770
-136,771
-136,772
-136,773
-136,774
-136,775
-136,776
-136,777
-136,778
-136,779
-136,780
-136,781
-136,782
-136,783
-136,784
-136,785
-136,786
-136,787
-136,788
-136,789
-136,790
-136,791
-136,792
-136,793
-136,794
-136,795
-136,796
-136,797
-136,798
-136,799
-136,800
-136,801
-136,802
-136,803
-136,804
-136,805
-136,806
-136,807
-136,808
-136,809
-136,810
-136,811
-136,812
-136,813
-136,814
-136,815
-136,816
-136,817
-136,818
-136,819
-136,820
-136,821
-136,822
-136,823
-136,824
-136,825
-136,826
-136,827
-136,828
-136,829
-136,830
-136,831
-136,832
-136,833
-136,834
-136,835
-136,836
-136,837
-136,838
-136,839
-136,840
-136,841
-136,842
-136,843
-136,844
-136,845
-136,846
-136,847
-136,848
-136,849
-136,850
-136,851
-136,852
-136,853
-136,854
-136,855
-136,856
-136,857
-136,858
-136,859
-136,860
-136,861
-136,862
-136,863
-136,864
-136,865
-136,866
-136,867
-136,868
-136,869
-136,870
-136,871
-136,872
-136,873
-136,874
-136,875
-136,876
-136,877
-136,878
-136,879
-136,880
-136,881
-136,882
-136,883
-136,884
-136,885
