533,1
533,2
533,3
533,4
533,5
533,6
533,7
533,8
533,9
533,10
533,11
533,12
533,13
533,14
533,15
533,16
533,17
533,18
533,19
533,20
533,21
533,22
533,23
533,24
533,25
533,26
533,27
533,28
533,29
533,30
533,31
533,32
533,33
533,34
533,35
533,36
533,37
533,38
533,39
533,40
533,41
533,42
533,43
533,44
533,45
533,46
533,47
533,48
533,49
533,50
533,51
533,52
533,53
533,54
533,55
533,56
533,57
533,58
533,59
533,60
533,61
533,62
533,63
533,64
533,65
533,66
533,67
533,68
533,69
533,70
533,71
533,72
533,73
533,74
533,75
533,76
:222_6,77
:222_6,78
:222_16,79
:222_16,80
:222_16,81
551,82
551,83
551,84
551,85
551,86
551,87
551,88
551,89
551,90
551,91
551,92
551,93
551,94
551,95
551,96
551,97
551,98
551,99
551,100
551,101
551,102
551,103
551,104
551,105
551,106
551,107
551,108
551,109
551,110
551,111
551,112
551,113
551,114
551,115
551,116
551,117
551,118
551,119
551,120
551,121
551,122
551,123
551,124
551,125
551,126
551,127
551,128
551,129
551,130
551,131
551,132
551,133
551,134
551,135
551,136
551,137
551,138
551,139
551,140
551,141
551,142
551,143
551,144
551,145
551,146
551,147
551,148
551,149
551,150
551,151
551,152
551,153
551,154
551,155
551,156
551,157
551,158
551,159
551,160
551,161
551,162
551,163
551,164
551,165
551,166
551,167
551,168
551,169
551,170
551,171
551,172
551,173
551,174
551,175
551,176
551,177
551,178
551,179
551,180
551,181
551,182
551,183
551,184
551,185
551,186
551,187
551,188
551,189
551,190
551,191
551,192
551,193
551,194
551,195
551,196
551,197
551,198
551,199
551,200
551,201
551,202
551,203
551,204
551,205
551,206
551,207
551,208
551,209
551,210
551,211
551,212
551,213
551,214
551,215
551,216
551,217
551,218
551,219
551,220
551,221
551,222
551,223
551,224
:83_1,225
:83_1,226
:83_1,227
:83_1,228
:83_1,229
256,230
256,231
256,232
256,233
256,234
256,235
256,236
256,237
256,238
256,239
256,240
256,241
256,242
256,243
256,244
256,245
256,246
256,247
256,248
256,249
256,250
256,251
256,252
256,253
256,254
256,255
256,256
256,257
256,258
256,259
256,260
256,261
256,262
256,263
256,264
256,265
256,266
256,267
256,268
256,269
256,270
256,271
256,272
256,273
256,274
256,275
256,276
256,277
256,278
256,279
256,280
256,281
256,282
256,283
256,284
256,285
256,286
256,287
256,288
256,289
256,290
256,291
256,292
256,293
256,294
256,295
256,296
256,297
256,298
256,299
256,300
256,301
256,302
256,303
256,304
256,305
256,306
256,307
256,308
256,309
256,310
256,311
256,312
256,313
256,314
256,315
256,316
256,317
256,318
256,319
256,320
256,321
256,322
256,323
256,324
256,325
256,326
256,327
256,328
256,329
256,330
256,331
256,332
256,333
256,334
256,335
256,336
256,337
256,338
256,339
256,340
256,341
256,342
256,343
256,344
256,345
256,346
256,347
256,348
256,349
256,350
256,351
256,352
256,353
256,354
256,355
256,356
256,357
256,358
256,359
256,360
256,361
256,362
256,363
256,364
256,365
256,366
256,367
256,368
256,369
256,370
256,371
256,372
256,373
256,374
256,375
256,376
256,377
256,378
256,379
256,380
256,381
256,382
256,383
256,384
256,385
256,386
256,387
256,388
256,389
256,390
256,391
256,392
256,393
256,394
256,395
256,396
256,397
256,398
256,399
256,400
256,401
256,402
256,403
256,404
256,405
256,406
256,407
256,408
256,409
256,410
256,411
256,412
256,413
256,414
256,415
256,416
256,417
256,418
256,419
256,420
256,421
256,422
256,423
256,424
256,425
256,426
256,427
256,428
256,429
256,430
256,431
256,432
256,433
256,434
256,435
256,436
256,437
256,438
256,439
:255_0,440
:255_0,441
:255_0,442
:255_0,443
-655,444
-655,445
-655,446
-655,447
-655,448
-655,449
-655,450
-655,451
-655,452
-655,453
-655,454
-655,455
-655,456
-655,457
-655,458
-655,459
-655,460
-655,461
-655,462
-655,463
-655,464
-655,465
-655,466
-655,467
-655,468
-655,469
-655,470
-655,471
-655,472
-655,473
-655,474
-655,475
-655,476
-655,477
-655,478
-655,479
-655,480
-655,481
-655,482
-655,483
-655,484
-655,485
-655,486
-655,487
-655,488
-655,489
-655,490
-655,491
-655,492
-655,493
-655,494
-655,495
-655,496
-655,497
-655,498
-655,499
-655,500
-655,501
-655,502
-655,503
-655,504
-655,505
-655,506
-655,507
-655,508
-655,509
-655,510
-655,511
-655,512
-655,513
-655,514
-655,515
-655,516
-655,517
-655,518
-655,519
-655,520
-655,521
-655,522
-655,523
-655,524
-655,525
-655,526
-655,527
-655,528
-655,529
-655,530
-655,531
-655,532
-655,533
-655,534
-655,535
-655,536
-655,537
-655,538
-655,539
-655,540
-655,541
-655,542
:173_3,543
:173_3,544
:173_3,545
-162,546
-162,547
-162,548
-162,549
-162,550
-162,551
-162,552
-162,553
-162,554
-162,555
-162,556
-162,557
-162,558
-162,559
-162,560
-162,561
-162,562
-162,563
-162,564
-162,565
-162,566
-162,567
-162,568
-162,569
-162,570
-162,571
-162,572
-162,573
-162,574
-162,575
-162,576
-162,577
-162,578
-162,579
-162,580
-162,581
-162,582
-162,583
-162,584
-162,585
-162,586
-162,587
-162,588
-162,589
-162,590
-162,591
-162,592
-162,593
-162,594
-162,595
-162,596
-162,597
-162,598
-162,599
-162,600
-162,601
-162,602
-162,603
-162,604
-162,605
-162,606
-162,607
-162,608
-162,609
-162,610
-162,611
-162,612
-162,613
-162,614
-162,615
-162,616
-162,617
-162,618
-162,619
-162,620
-162,621
-162,622
-162,623
-162,624
-162,625
-162,626
-162,627
-162,628
-162,629
-162,630
-162,631
-162,632
-162,633
-162,634
-162,635
-162,636
-162,637
-162,638
-162,639
-162,640
-162,641
-162,642
-162,643
-162,644
-162,645
-162,646
-162,647
-162,648
-162,649
-162,650
-162,651
-162,652
-162,653
-162,654
-162,655
-162,656
-162,657
-162,658
-162,659
-162,660
-162,661
-162,662
-162,663
:175_6,664
:175_6,665
:175_6,666
:175_6,667
:175_6,668
163,669
163,670
163,671
163,672
163,673
163,674
163,675
163,676
163,677
163,678
163,679
163,680
163,681
163,682
163,683
163,684
163,685
163,686
163,687
163,688
163,689
163,690
163,691
163,692
163,693
163,694
163,695
163,696
163,697
163,698
163,699
163,700
163,701
163,702
163,703
163,704
163,705
163,706
163,707
163,708
163,709
163,710
163,711
163,712
163,713
163,714
163,715
163,716
163,717
163,718
163,719
163,720
163,721
163,722
163,723
163,724
163,725
163,726
163,727
163,728
163,729
163,730
163,731
163,732
163,733
163,734
163,735
163,736
163,737
163,738
163,739
163,740
163,741
163,742
163,743
163,744
163,745
163,746
163,747
163,748
163,749
163,750
163,751
163,752
163,753
163,754
163,755
163,756
:177_7,757
:177_7,758
:177_7,759
:177_7,760
:177_7,761
255,762
255,763
255,764
255,765
255,766
255,767
255,768
255,769
255,770
255,771
255,772
255,773
255,774
255,775
255,776
255,777
255,778
255,779
255,780
255,781
255,782
255,783
255,784
255,785
255,786
255,787
255,788
255,789
255,790
255,791
255,792
255,793
255,794
255,795
255,796
255,797
255,798
255,799
255,800
255,801
255,802
255,803
255,804
255,805
255,806
255,807
255,808
255,809
255,810
255,811
255,812
255,813
255,814
255,815
255,816
255,817
255,818
255,819
255,820
255,821
255,822
255,823
255,824
255,825
255,826
255,827
255,828
255,829
255,830
255,831
255,832
255,833
255,834
255,835
255,836
255,837
255,838
255,839
255,840
255,841
255,842
255,843
255,844
255,845
255,846
255,847
255,848
255,849
255,850
255,851
255,852
255,853
255,854
255,855
255,856
255,857
255,858
255,859
255,860
255,861
:223_6,862
:223_6,863
:223_6,864
:223_6,865
:223_6,866
-217,867
-217,868
-217,869
-217,870
-217,871
-217,872
-217,873
-217,874
-217,875
-217,876
-217,877
-217,878
-217,879
-217,880
-217,881
-217,882
-217,883
-217,884
-217,885
-217,886
-217,887
-217,888
-217,889
-217,890
-217,891
-217,892
-217,893
-217,894
-217,895
-217,896
-217,897
-217,898
-217,899
-217,900
-217,901
-217,902
-217,903
-217,904
:220_7,905
:220_7,906
:220_7,907
:220_7,908
:220_7,909
:220_7,910
215,911
215,912
215,913
215,914
215,915
215,916
215,917
215,918
215,919
215,920
215,921
215,922
215,923
215,924
215,925
215,926
215,927
215,928
215,929
215,930
215,931
215,932
215,933
215,934
215,935
215,936
215,937
215,938
215,939
215,940
215,941
215,942
215,943
215,944
215,945
215,946
215,947
215,948
215,949
215,950
215,951
215,952
215,953
215,954
215,955
215,956
215,957
215,958
215,959
215,960
215,961
215,962
215,963
215,964
215,965
215,966
215,967
215,968
215,969
215,970
215,971
215,972
215,973
215,974
215,975
215,976
215,977
215,978
215,979
215,980
215,981
215,982
215,983
215,984
215,985
215,986
215,987
215,988
215,989
215,990
215,991
215,992
215,993
215,994
215,995
215,996
215,997
215,998
215,999
215,1000
215,1001
215,1002
215,1003
215,1004
215,1005
215,1006
215,1007
215,1008
215,1009
215,1010
215,1011
215,1012
215,1013
215,1014
215,1015
215,1016
215,1017
215,1018
215,1019
215,1020
215,1021
215,1022
215,1023
215,1024
215,1025
215,1026
215,1027
215,1028
215,1029
215,1030
215,1031
215,1032
215,1033
:221_13,1034
:221_13,1035
:221_13,1036
:221_13,1037
:221_13,1038
:221_13,1039
220,1040
220,1041
220,1042
220,1043
220,1044
220,1045
220,1046
220,1047
220,1048
220,1049
220,1050
220,1051
220,1052
220,1053
220,1054
220,1055
220,1056
220,1057
220,1058
220,1059
220,1060
220,1061
220,1062
220,1063
220,1064
220,1065
220,1066
220,1067
220,1068
220,1069
220,1070
220,1071
220,1072
220,1073
220,1074
220,1075
220,1076
220,1077
220,1078
220,1079
220,1080
220,1081
220,1082
220,1083
220,1084
220,1085
220,1086
220,1087
220,1088
220,1089
220,1090
220,1091
220,1092
220,1093
220,1094
220,1095
220,1096
220,1097
220,1098
220,1099
220,1100
220,1101
220,1102
220,1103
220,1104
220,1105
220,1106
220,1107
220,1108
220,1109
220,1110
220,1111
220,1112
220,1113
220,1114
220,1115
220,1116
220,1117
220,1118
220,1119
220,1120
220,1121
220,1122
220,1123
220,1124
220,1125
220,1126
220,1127
220,1128
220,1129
220,1130
220,1131
220,1132
220,1133
220,1134
220,1135
220,1136
220,1137
220,1138
220,1139
220,1140
220,1141
220,1142
220,1143
220,1144
220,1145
220,1146
220,1147
220,1148
220,1149
220,1150
220,1151
220,1152
220,1153
220,1154
220,1155
220,1156
220,1157
220,1158
220,1159
220,1160
220,1161
220,1162
220,1163
220,1164
220,1165
220,1166
220,1167
220,1168
220,1169
220,1170
220,1171
220,1172
220,1173
220,1174
220,1175
220,1176
220,1177
220,1178
220,1179
220,1180
220,1181
220,1182
220,1183
220,1184
220,1185
220,1186
220,1187
220,1188
220,1189
220,1190
220,1191
220,1192
220,1193
220,1194
220,1195
220,1196
220,1197
220,1198
220,1199
220,1200
220,1201
220,1202
220,1203
220,1204
220,1205
220,1206
220,1207
220,1208
220,1209
220,1210
220,1211
220,1212
220,1213
220,1214
220,1215
220,1216
220,1217
220,1218
220,1219
220,1220
220,1221
220,1222
220,1223
220,1224
220,1225
220,1226
220,1227
220,1228
220,1229
220,1230
220,1231
220,1232
220,1233
220,1234
220,1235
220,1236
220,1237
220,1238
220,1239
220,1240
220,1241
220,1242
220,1243
220,1244
220,1245
220,1246
220,1247
220,1248
220,1249
220,1250
220,1251
220,1252
220,1253
220,1254
220,1255
220,1256
220,1257
220,1258
220,1259
220,1260
220,1261
220,1262
220,1263
220,1264
220,1265
220,1266
220,1267
:39_6,1268
:39_6,1269
:39_6,1270
:39_6,1271
:39_6,1272
:39_6,1273
-32,1274
-32,1275
-32,1276
-32,1277
-32,1278
-32,1279
-32,1280
-32,1281
-32,1282
-32,1283
-32,1284
-32,1285
-32,1286
-32,1287
-32,1288
-32,1289
-32,1290
-32,1291
-32,1292
-32,1293
-32,1294
-32,1295
-32,1296
-32,1297
-32,1298
-32,1299
-32,1300
-32,1301
-32,1302
-32,1303
-32,1304
-32,1305
-32,1306
-32,1307
-32,1308
-32,1309
-32,1310
-32,1311
-32,1312
-32,1313
-32,1314
-32,1315
-32,1316
-32,1317
-32,1318
-32,1319
-32,1320
-32,1321
-32,1322
-32,1323
-32,1324
-32,1325
-32,1326
-32,1327
-32,1328
-32,1329
-32,1330
-32,1331
-32,1332
-32,1333
-32,1334
-32,1335
-32,1336
-32,1337
-32,1338
-32,1339
-32,1340
-32,1341
-32,1342
-32,1343
-32,1344
-32,1345
-32,1346
-32,1347
-32,1348
-32,1349
-32,1350
-32,1351
-32,1352
-32,1353
-32,1354
-32,1355
-32,1356
-32,1357
-32,1358
-32,1359
:38_14,1360
:38_14,1361
:38_14,1362
:38_14,1363
:38_14,1364
:38_14,1365
34,1366
34,1367
34,1368
34,1369
34,1370
34,1371
34,1372
34,1373
34,1374
34,1375
34,1376
34,1377
34,1378
34,1379
34,1380
34,1381
34,1382
34,1383
34,1384
34,1385
34,1386
34,1387
34,1388
34,1389
34,1390
34,1391
34,1392
34,1393
34,1394
34,1395
34,1396
34,1397
34,1398
34,1399
34,1400
34,1401
34,1402
34,1403
34,1404
34,1405
34,1406
34,1407
34,1408
34,1409
34,1410
34,1411
34,1412
34,1413
34,1414
34,1415
34,1416
34,1417
34,1418
34,1419
34,1420
34,1421
34,1422
34,1423
34,1424
34,1425
34,1426
34,1427
34,1428
34,1429
34,1430
34,1431
34,1432
34,1433
34,1434
34,1435
34,1436
34,1437
34,1438
34,1439
34,1440
34,1441
34,1442
34,1443
34,1444
34,1445
34,1446
34,1447
34,1448
34,1449
34,1450
34,1451
34,1452
34,1453
34,1454
34,1455
34,1456
34,1457
34,1458
34,1459
34,1460
34,1461
34,1462
34,1463
34,1464
34,1465
34,1466
34,1467
34,1468
34,1469
34,1470
34,1471
34,1472
34,1473
34,1474
34,1475
34,1476
34,1477
34,1478
34,1479
34,1480
34,1481
34,1482
34,1483
34,1484
34,1485
34,1486
34,1487
34,1488
34,1489
34,1490
34,1491
