392,21
392,22
392,23
392,24
392,25
392,26
392,27
392,28
392,29
392,30
392,31
392,32
392,33
392,34
392,35
392,36
392,37
392,38
392,39
392,40
392,41
392,42
392,43
392,44
392,45
392,46
392,47
392,48
392,49
392,50
392,51
392,52
392,53
392,54
392,55
392,56
392,57
392,58
392,59
392,60
392,61
392,62
392,63
392,64
392,65
392,66
392,67
392,68
392,69
392,70
392,71
392,72
392,73
392,74
392,75
392,76
392,77
392,78
392,79
392,80
392,81
392,82
392,83
392,84
392,85
392,86
392,87
392,88
392,89
392,90
392,91
392,92
392,93
392,94
392,95
392,96
392,97
392,98
392,99
392,100
392,101
392,102
392,103
392,104
392,105
392,106
392,107
392,108
392,109
392,110
392,111
392,112
392,113
392,114
392,115
392,116
392,117
392,118
392,119
392,120
392,121
392,122
392,123
392,124
392,125
392,126
392,127
392,128
392,129
392,130
392,131
392,132
392,133
392,134
392,135
392,136
392,137
392,138
392,139
392,140
392,141
392,142
392,143
392,144
392,145
392,146
392,147
392,148
392,149
392,150
392,151
392,152
392,153
392,154
392,155
392,156
392,157
392,158
392,159
392,160
392,161
392,162
392,163
392,164
392,165
392,166
392,167
392,168
392,169
392,170
392,171
392,172
392,173
392,174
392,175
392,176
392,177
392,178
392,179
392,180
392,181
392,182
392,183
392,184
392,185
392,186
392,187
392,188
392,189
392,190
392,191
392,192
392,193
392,194
392,195
392,196
392,197
392,198
392,199
392,200
392,201
:344_4,202
:344_4,203
:344_4,204
:344_4,205
:344_4,206
:344_4,207
:344_4,208
:344_4,209
381,210
381,211
381,212
381,213
381,214
381,215
:208_5,216
:208_5,217
:208_5,218
686,219
686,220
686,221
686,222
686,223
686,224
686,225
686,226
686,227
686,228
686,229
686,230
686,231
686,232
686,233
686,234
686,235
686,236
686,237
686,238
686,239
686,240
686,241
686,242
686,243
686,244
686,245
686,246
686,247
686,248
686,249
686,250
686,251
686,252
686,253
686,254
686,255
686,256
686,257
686,258
686,259
686,260
686,261
686,262
686,263
686,264
686,265
686,266
686,267
686,268
686,269
:76_14,270
:76_14,271
-460,272
-460,273
-460,274
-460,275
-460,276
-460,277
-460,278
-460,279
-460,280
-460,281
-460,282
-460,283
-460,284
-460,285
-460,286
-460,287
-460,288
-460,289
-460,290
-460,291
-460,292
-460,293
-460,294
-460,295
-460,296
-460,297
-460,298
-460,299
-460,300
-460,301
-460,302
-460,303
-460,304
-460,305
-460,306
-460,307
-460,308
-460,309
-460,310
-460,311
-460,312
-460,313
-460,314
-460,315
-460,316
-460,317
-460,318
-460,319
-460,320
-460,321
-460,322
-460,323
-460,324
-460,325
-460,326
-460,327
-460,328
-460,329
-460,330
-460,331
-460,332
-460,333
-460,334
-460,335
-460,336
-460,337
-460,338
-460,339
-460,340
-460,341
-460,342
-460,343
-460,344
-460,345
-460,346
-460,347
-460,348
-460,349
-460,350
-460,351
-460,352
-460,353
-460,354
-460,355
-460,356
-460,357
-460,358
-460,359
-460,360
-460,361
-460,362
:391_7,363
:391_7,364
:391_7,365
:391_7,366
:391_7,367
:391_7,368
:391_7,369
458,370
458,371
458,372
458,373
458,374
458,375
458,376
458,377
458,378
458,379
458,380
458,381
458,382
458,383
458,384
458,385
458,386
458,387
458,388
458,389
458,390
458,391
458,392
458,393
458,394
458,395
458,396
458,397
458,398
458,399
458,400
458,401
458,402
458,403
458,404
458,405
458,406
458,407
458,408
458,409
458,410
458,411
458,412
458,413
458,414
458,415
458,416
458,417
458,418
458,419
458,420
458,421
458,422
458,423
458,424
458,425
458,426
458,427
458,428
458,429
458,430
458,431
458,432
458,433
458,434
458,435
458,436
458,437
458,438
458,439
458,440
458,441
458,442
458,443
458,444
458,445
458,446
458,447
458,448
458,449
458,450
458,451
458,452
458,453
458,454
458,455
458,456
458,457
458,458
458,459
458,460
458,461
458,462
458,463
458,464
458,465
458,466
458,467
458,468
458,469
458,470
458,471
458,472
458,473
458,474
458,475
458,476
458,477
458,478
458,479
458,480
458,481
:167_4,482
:167_4,483
:167_4,484
:167_4,485
:167_4,486
:167_4,487
:167_4,488
-151,489
-151,490
-151,491
-151,492
-151,493
-151,494
-151,495
-151,496
-151,497
-151,498
-151,499
-151,500
-151,501
-151,502
-151,503
-151,504
-151,505
-151,506
-151,507
-151,508
-151,509
-151,510
-151,511
-151,512
-151,513
-151,514
-151,515
-151,516
-151,517
-151,518
-151,519
-151,520
-151,521
-151,522
-151,523
-151,524
-151,525
-151,526
-151,527
-151,528
-151,529
-151,530
-151,531
-151,532
-151,533
-151,534
-151,535
-151,536
-151,537
-151,538
-151,539
-151,540
-151,541
-151,542
-151,543
-151,544
-151,545
-151,546
-151,547
-151,548
-151,549
-151,550
-151,551
-151,552
-151,553
-151,554
-151,555
-151,556
-151,557
-151,558
-151,559
-151,560
-151,561
:166_4,562
:166_4,563
:166_4,564
:166_4,565
153,566
153,567
153,568
153,569
153,570
153,571
153,572
153,573
153,574
153,575
153,576
153,577
153,578
153,579
153,580
153,581
153,582
153,583
153,584
153,585
153,586
153,587
153,588
153,589
153,590
153,591
153,592
153,593
153,594
153,595
153,596
153,597
153,598
153,599
153,600
153,601
153,602
153,603
153,604
153,605
153,606
153,607
153,608
153,609
153,610
153,611
153,612
153,613
153,614
153,615
153,616
153,617
153,618
153,619
153,620
153,621
153,622
153,623
153,624
153,625
153,626
153,627
153,628
153,629
153,630
153,631
153,632
153,633
153,634
153,635
153,636
153,637
153,638
153,639
153,640
153,641
153,642
153,643
153,644
153,645
153,646
153,647
153,648
153,649
153,650
153,651
153,652
153,653
153,654
153,655
153,656
153,657
153,658
153,659
153,660
153,661
153,662
153,663
153,664
153,665
153,666
153,667
153,668
153,669
153,670
153,671
153,672
153,673
153,674
153,675
153,676
153,677
153,678
153,679
153,680
153,681
153,682
153,683
153,684
153,685
153,686
153,687
153,688
153,689
153,690
153,691
153,692
153,693
153,694
153,695
153,696
153,697
153,698
153,699
153,700
153,701
153,702
153,703
153,704
153,705
153,706
153,707
153,708
153,709
153,710
153,711
153,712
153,713
153,714
153,715
153,716
153,717
153,718
153,719
153,720
153,721
153,722
153,723
153,724
153,725
153,726
153,727
153,728
153,729
153,730
:169_7,731
:169_7,732
:169_7,733
:169_7,734
:169_7,735
:169_7,736
:169_7,737
-399,738
-399,739
-399,740
-399,741
-399,742
-399,743
-399,744
-399,745
-399,746
-399,747
-399,748
-399,749
-399,750
-399,751
-399,752
-399,753
-399,754
-399,755
-399,756
-399,757
-399,758
-399,759
-399,760
-399,761
-399,762
-399,763
-399,764
-399,765
-399,766
-399,767
-399,768
-399,769
-399,770
-399,771
-399,772
-399,773
-399,774
-399,775
-399,776
-399,777
-399,778
-399,779
-399,780
-399,781
-399,782
-399,783
-399,784
-399,785
-399,786
-399,787
-399,788
-399,789
-399,790
-399,791
-399,792
-399,793
-399,794
-399,795
-399,796
-399,797
-399,798
-399,799
-399,800
-399,801
-399,802
-399,803
-399,804
-399,805
-399,806
-399,807
-399,808
-399,809
-399,810
-399,811
-399,812
-399,813
-399,814
-399,815
-399,816
-399,817
-399,818
-399,819
-399,820
-399,821
-399,822
-399,823
-399,824
-399,825
-399,826
-399,827
-399,828
-399,829
-399,830
-399,831
-399,832
-399,833
-399,834
-399,835
-399,836
-399,837
-399,838
-399,839
-399,840
-399,841
-399,842
-399,843
-399,844
-399,845
-399,846
-399,847
-399,848
-399,849
-399,850
-399,851
-399,852
-399,853
-399,854
-399,855
-399,856
-399,857
-399,858
-399,859
-399,860
-399,861
-399,862
-399,863
-399,864
-399,865
-399,866
-399,867
-399,868
-399,869
-399,870
-399,871
-399,872
-399,873
-399,874
-399,875
-399,876
-399,877
-399,878
-399,879
-399,880
-399,881
-399,882
-399,883
-399,884
-399,885
-399,886
-399,887
-399,888
-399,889
-399,890
-399,891
-399,892
-399,893
-399,894
-399,895
-399,896
-399,897
-399,898
-399,899
-399,900
-399,901
:159_7,902
:159_7,903
:159_7,904
:159_7,905
:159_7,906
:159_7,907
:159_7,908
-144,909
-144,910
-144,911
-144,912
-144,913
-144,914
-144,915
-144,916
-144,917
-144,918
-144,919
-144,920
-144,921
-144,922
-144,923
-144,924
-144,925
-144,926
-144,927
-144,928
-144,929
-144,930
-144,931
-144,932
-144,933
-144,934
-144,935
-144,936
-144,937
-144,938
-144,939
-144,940
-144,941
-144,942
-144,943
-144,944
-144,945
-144,946
-144,947
-144,948
-144,949
-144,950
-144,951
-144,952
-144,953
-144,954
-144,955
-144,956
-144,957
-144,958
-144,959
-144,960
-144,961
-144,962
-144,963
-144,964
-144,965
-144,966
-144,967
-144,968
-144,969
-144,970
-144,971
-144,972
-144,973
-144,974
-144,975
-144,976
-144,977
-144,978
-144,979
-144,980
-144,981
-144,982
-144,983
-144,984
-144,985
-144,986
-144,987
-144,988
-144,989
-144,990
-144,991
-144,992
-144,993
-144,994
-144,995
-144,996
-144,997
-144,998
-144,999
-144,1000
-144,1001
-144,1002
-144,1003
-144,1004
-144,1005
-144,1006
-144,1007
-144,1008
-144,1009
-144,1010
-144,1011
-144,1012
-144,1013
-144,1014
-144,1015
-144,1016
-144,1017
-144,1018
-144,1019
-144,1020
-144,1021
-144,1022
-144,1023
-144,1024
-144,1025
-144,1026
-144,1027
-144,1028
-144,1029
-144,1030
-144,1031
-144,1032
-144,1033
-144,1034
-144,1035
-144,1036
-144,1037
-144,1038
-144,1039
-144,1040
-144,1041
-144,1042
-144,1043
-144,1044
-144,1045
-144,1046
-144,1047
-144,1048
-144,1049
-144,1050
-144,1051
-144,1052
-144,1053
-144,1054
-144,1055
-144,1056
-144,1057
-144,1058
-144,1059
-144,1060
-144,1061
-144,1062
-144,1063
-144,1064
-144,1065
-144,1066
-144,1067
-144,1068
-144,1069
-144,1070
-144,1071
-144,1072
-144,1073
-144,1074
-144,1075
-144,1076
-144,1077
-144,1078
-144,1079
-144,1080
-144,1081
-144,1082
-144,1083
-144,1084
-144,1085
-144,1086
-144,1087
-144,1088
-144,1089
-144,1090
-144,1091
-144,1092
-144,1093
-144,1094
-144,1095
-144,1096
-144,1097
-144,1098
-144,1099
-144,1100
-144,1101
-144,1102
-144,1103
-144,1104
-144,1105
-144,1106
-144,1107
-144,1108
-144,1109
-144,1110
-144,1111
-144,1112
-144,1113
-144,1114
-144,1115
-144,1116
-144,1117
-144,1118
-144,1119
-144,1120
-144,1121
-144,1122
-144,1123
-144,1124
-144,1125
-144,1126
-144,1127
-144,1128
-144,1129
-144,1130
-144,1131
-144,1132
-144,1133
-144,1134
-144,1135
-144,1136
-144,1137
-144,1138
-144,1139
-144,1140
-144,1141
-144,1142
-144,1143
-144,1144
-144,1145
-144,1146
-144,1147
-144,1148
-144,1149
-144,1150
-144,1151
-144,1152
-144,1153
-144,1154
-144,1155
-144,1156
-144,1157
-144,1158
-144,1159
-144,1160
-144,1161
-144,1162
-144,1163
-144,1164
-144,1165
-144,1166
-144,1167
-144,1168
-144,1169
-144,1170
-144,1171
-144,1172
-144,1173
-144,1174
-144,1175
-144,1176
-144,1177
-144,1178
-144,1179
-144,1180
-144,1181
-144,1182
-144,1183
-144,1184
-144,1185
-144,1186
-144,1187
-144,1188
-144,1189
-144,1190
-144,1191
-144,1192
-144,1193
-144,1194
-144,1195
-144,1196
-144,1197
-144,1198
-144,1199
-144,1200
-144,1201
-144,1202
-144,1203
-144,1204
-144,1205
-144,1206
-144,1207
-144,1208
-144,1209
-144,1210
-144,1211
-144,1212
-144,1213
-144,1214
-144,1215
-144,1216
-144,1217
-144,1218
-144,1219
-144,1220
-144,1221
-144,1222
-144,1223
-144,1224
-144,1225
-144,1226
-144,1227
-144,1228
-144,1229
-144,1230
-144,1231
-144,1232
-144,1233
-144,1234
-144,1235
-144,1236
-144,1237
-144,1238
-144,1239
-144,1240
-144,1241
-144,1242
-144,1243
-144,1244
-144,1245
-144,1246
-144,1247
-144,1248
-144,1249
-144,1250
:135_7,1251
:135_7,1252
:135_7,1253
:135_7,1254
:135_7,1255
:135_7,1256
:135_7,1257
-118,1258
-118,1259
-118,1260
-118,1261
-118,1262
-118,1263
-118,1264
-118,1265
-118,1266
-118,1267
-118,1268
-118,1269
-118,1270
-118,1271
-118,1272
-118,1273
-118,1274
-118,1275
-118,1276
-118,1277
-118,1278
-118,1279
-118,1280
-118,1281
-118,1282
-118,1283
-118,1284
-118,1285
-118,1286
-118,1287
-118,1288
-118,1289
-118,1290
-118,1291
-118,1292
-118,1293
-118,1294
-118,1295
-118,1296
-118,1297
-118,1298
-118,1299
-118,1300
-118,1301
-118,1302
-118,1303
-118,1304
-118,1305
-118,1306
-118,1307
-118,1308
-118,1309
-118,1310
-118,1311
-118,1312
-118,1313
-118,1314
-118,1315
-118,1316
-118,1317
-118,1318
-118,1319
-118,1320
-118,1321
-118,1322
-118,1323
-118,1324
-118,1325
-118,1326
-118,1327
-118,1328
-118,1329
-118,1330
-118,1331
-118,1332
-118,1333
-118,1334
-118,1335
-118,1336
-118,1337
-118,1338
-118,1339
-118,1340
-118,1341
-118,1342
-118,1343
-118,1344
-118,1345
-118,1346
-118,1347
-118,1348
-118,1349
-118,1350
-118,1351
-118,1352
-118,1353
-118,1354
-118,1355
-118,1356
-118,1357
-118,1358
-118,1359
-118,1360
-118,1361
-118,1362
-118,1363
-118,1364
-118,1365
-118,1366
-118,1367
-118,1368
-118,1369
-118,1370
-118,1371
-118,1372
-118,1373
-118,1374
-118,1375
-118,1376
-118,1377
-118,1378
-118,1379
-118,1380
-118,1381
-118,1382
-118,1383
-118,1384
-118,1385
-118,1386
-118,1387
-118,1388
-118,1389
-118,1390
-118,1391
-118,1392
-118,1393
-118,1394
-118,1395
-118,1396
-118,1397
-118,1398
-118,1399
-118,1400
-118,1401
-118,1402
-118,1403
-118,1404
-118,1405
-118,1406
-118,1407
-118,1408
-118,1409
-118,1410
-118,1411
-118,1412
-118,1413
-118,1414
-118,1415
-118,1416
-118,1417
-118,1418
-118,1419
-118,1420
-118,1421
-118,1422
-118,1423
-118,1424
-118,1425
-118,1426
-118,1427
-118,1428
-118,1429
-118,1430
-118,1431
-118,1432
-118,1433
-118,1434
-118,1435
-118,1436
-118,1437
-118,1438
-118,1439
-118,1440
-118,1441
-118,1442
-118,1443
-118,1444
-118,1445
-118,1446
-118,1447
-118,1448
-118,1449
-118,1450
-118,1451
-118,1452
-118,1453
-118,1454
-118,1455
-118,1456
-118,1457
-118,1458
-118,1459
-118,1460
-118,1461
-118,1462
-118,1463
-118,1464
-118,1465
-118,1466
-118,1467
-118,1468
-118,1469
-118,1470
-118,1471
-118,1472
-118,1473
-118,1474
-118,1475
-118,1476
-118,1477
-118,1478
-118,1479
-118,1480
-118,1481
-118,1482
-118,1483
-118,1484
-118,1485
-118,1486
-118,1487
-118,1488
-118,1489
-118,1490
-118,1491
-118,1492
-118,1493
-118,1494
-118,1495
-118,1496
-118,1497
-118,1498
-118,1499
-118,1500
-118,1501
:47_14,1502
:47_14,1503
:47_14,1504
:47_14,1505
:47_14,1506
:47_14,1507
:47_14,1508
117,1509
117,1510
117,1511
117,1512
117,1513
117,1514
117,1515
117,1516
117,1517
117,1518
117,1519
117,1520
117,1521
117,1522
117,1523
117,1524
117,1525
117,1526
117,1527
117,1528
117,1529
117,1530
117,1531
117,1532
117,1533
117,1534
117,1535
117,1536
117,1537
117,1538
117,1539
117,1540
117,1541
117,1542
117,1543
117,1544
117,1545
117,1546
117,1547
117,1548
117,1549
117,1550
117,1551
117,1552
117,1553
117,1554
117,1555
117,1556
117,1557
117,1558
117,1559
117,1560
117,1561
117,1562
117,1563
117,1564
117,1565
117,1566
117,1567
117,1568
117,1569
117,1570
117,1571
117,1572
117,1573
117,1574
117,1575
117,1576
117,1577
117,1578
117,1579
117,1580
117,1581
117,1582
117,1583
117,1584
117,1585
117,1586
117,1587
117,1588
117,1589
117,1590
117,1591
117,1592
117,1593
117,1594
117,1595
117,1596
117,1597
117,1598
117,1599
117,1600
117,1601
117,1602
117,1603
117,1604
117,1605
117,1606
117,1607
117,1608
117,1609
117,1610
117,1611
117,1612
117,1613
117,1614
117,1615
117,1616
117,1617
117,1618
117,1619
117,1620
117,1621
117,1622
117,1623
117,1624
117,1625
117,1626
117,1627
117,1628
117,1629
117,1630
117,1631
117,1632
117,1633
117,1634
117,1635
117,1636
117,1637
117,1638
117,1639
117,1640
117,1641
117,1642
117,1643
117,1644
117,1645
117,1646
117,1647
117,1648
117,1649
117,1650
117,1651
117,1652
117,1653
117,1654
117,1655
117,1656
117,1657
117,1658
117,1659
117,1660
117,1661
117,1662
117,1663
117,1664
117,1665
117,1666
:134_7,1667
:134_7,1668
:134_7,1669
:134_7,1670
:134_7,1671
:134_7,1672
:134_7,1673
-322,1674
-322,1675
-322,1676
-322,1677
-322,1678
-322,1679
-322,1680
-322,1681
-322,1682
-322,1683
-322,1684
-322,1685
-322,1686
-322,1687
-322,1688
-322,1689
-322,1690
-322,1691
-322,1692
-322,1693
-322,1694
-322,1695
-322,1696
-322,1697
-322,1698
-322,1699
-322,1700
-322,1701
-322,1702
-322,1703
-322,1704
-322,1705
-322,1706
-322,1707
-322,1708
-322,1709
-322,1710
-322,1711
-322,1712
-322,1713
-322,1714
-322,1715
-322,1716
-322,1717
-322,1718
-322,1719
-322,1720
-322,1721
-322,1722
-322,1723
-322,1724
-322,1725
-322,1726
-322,1727
-322,1728
-322,1729
-322,1730
-322,1731
-322,1732
-322,1733
-322,1734
-322,1735
-322,1736
-322,1737
-322,1738
-322,1739
-322,1740
-322,1741
-322,1742
-322,1743
-322,1744
-322,1745
-322,1746
-322,1747
-322,1748
-322,1749
-322,1750
-322,1751
-322,1752
-322,1753
-322,1754
-322,1755
-322,1756
-322,1757
-322,1758
-322,1759
-322,1760
-322,1761
-322,1762
-322,1763
-322,1764
-322,1765
-322,1766
-322,1767
-322,1768
-322,1769
-322,1770
-322,1771
-322,1772
-322,1773
-322,1774
-322,1775
-322,1776
-322,1777
-322,1778
-322,1779
-322,1780
-322,1781
-322,1782
-322,1783
-322,1784
-322,1785
-322,1786
-322,1787
-322,1788
-322,1789
-322,1790
-322,1791
-322,1792
-322,1793
-322,1794
-322,1795
-322,1796
-322,1797
-322,1798
-322,1799
-322,1800
-322,1801
-322,1802
-322,1803
-322,1804
-322,1805
-322,1806
-322,1807
-322,1808
-322,1809
-322,1810
-322,1811
-322,1812
-322,1813
-322,1814
-322,1815
-322,1816
-322,1817
-322,1818
-322,1819
-322,1820
-322,1821
-322,1822
-322,1823
-322,1824
-322,1825
-322,1826
-322,1827
-322,1828
-322,1829
-322,1830
-322,1831
-322,1832
-322,1833
-322,1834
-322,1835
-322,1836
-322,1837
-322,1838
-322,1839
-322,1840
-322,1841
:50_5,1842
:50_5,1843
:50_5,1844
:50_5,1845
:50_5,1846
:50_5,1847
:50_5,1848
:50_5,1849
:50_5,1850
:50_5,1851
-430,1852
-430,1853
-430,1854
-430,1855
-430,1856
-430,1857
-430,1858
-430,1859
-430,1860
-430,1861
-430,1862
-430,1863
-430,1864
-430,1865
-430,1866
-430,1867
-430,1868
-430,1869
-430,1870
-430,1871
-430,1872
-430,1873
-430,1874
-430,1875
-430,1876
-430,1877
-430,1878
-430,1879
-430,1880
-430,1881
-430,1882
-430,1883
-430,1884
-430,1885
-430,1886
-430,1887
-430,1888
-430,1889
-430,1890
-430,1891
-430,1892
-430,1893
-430,1894
-430,1895
-430,1896
-430,1897
-430,1898
-430,1899
-430,1900
-430,1901
-430,1902
-430,1903
-430,1904
-430,1905
-430,1906
-430,1907
-430,1908
-430,1909
-430,1910
-430,1911
-430,1912
-430,1913
-430,1914
-430,1915
-430,1916
-430,1917
-430,1918
-430,1919
-430,1920
-430,1921
-430,1922
-430,1923
-430,1924
-430,1925
-430,1926
-430,1927
-430,1928
-430,1929
-430,1930
-430,1931
-430,1932
-430,1933
-430,1934
-430,1935
-430,1936
-430,1937
-430,1938
-430,1939
-430,1940
-430,1941
-430,1942
-430,1943
-430,1944
-430,1945
-430,1946
-430,1947
-430,1948
-430,1949
-430,1950
-430,1951
-430,1952
-430,1953
-430,1954
-430,1955
-430,1956
-430,1957
-430,1958
-430,1959
-430,1960
-430,1961
-430,1962
-430,1963
-430,1964
-430,1965
-430,1966
-430,1967
-430,1968
-430,1969
-430,1970
-430,1971
-430,1972
-430,1973
-430,1974
-430,1975
-430,1976
-430,1977
-430,1978
-430,1979
-430,1980
-430,1981
-430,1982
-430,1983
-430,1984
-430,1985
-430,1986
-430,1987
-430,1988
-430,1989
-430,1990
-430,1991
-430,1992
-430,1993
-430,1994
-430,1995
-430,1996
-430,1997
-430,1998
-430,1999
-430,2000
