29,1
29,2
29,3
29,4
29,5
29,6
29,7
29,8
29,9
29,10
29,11
29,12
29,13
29,14
29,15
29,16
29,17
29,18
29,19
29,20
29,21
29,22
29,23
29,24
29,25
29,26
29,27
29,28
29,29
29,30
29,31
29,32
29,33
29,34
29,35
29,36
29,37
29,38
29,39
29,40
29,41
29,42
29,43
29,44
29,45
29,46
29,47
29,48
29,49
29,50
29,51
29,52
29,53
29,54
29,55
29,56
29,57
29,58
29,59
29,60
29,61
29,62
29,63
29,64
29,65
29,66
29,67
29,68
29,69
29,70
29,71
29,72
29,73
29,74
29,75
29,76
29,77
29,78
29,79
29,80
29,81
29,82
29,83
29,84
29,85
29,86
29,87
29,88
29,89
29,90
29,91
29,92
29,93
29,94
29,95
29,96
29,97
29,98
29,99
29,100
29,101
29,102
29,103
29,104
29,105
29,106
29,107
29,108
29,109
29,110
29,111
29,112
29,113
29,114
:35_13,115
:35_13,116
:35_13,117
:35_13,118
:35_13,119
:35_13,120
196,121
196,122
196,123
196,124
196,125
196,126
196,127
196,128
196,129
196,130
196,131
196,132
196,133
196,134
196,135
196,136
196,137
196,138
196,139
196,140
196,141
196,142
196,143
196,144
196,145
196,146
196,147
196,148
196,149
196,150
196,151
196,152
196,153
196,154
196,155
196,156
196,157
196,158
196,159
196,160
196,161
196,162
196,163
196,164
196,165
196,166
196,167
196,168
196,169
196,170
196,171
196,172
196,173
196,174
196,175
196,176
196,177
196,178
196,179
196,180
196,181
196,182
196,183
196,184
196,185
196,186
196,187
196,188
196,189
196,190
196,191
196,192
196,193
196,194
196,195
196,196
196,197
196,198
196,199
196,200
196,201
196,202
196,203
196,204
196,205
196,206
196,207
196,208
196,209
196,210
196,211
196,212
196,213
196,214
196,215
196,216
196,217
196,218
196,219
196,220
196,221
196,222
196,223
196,224
196,225
196,226
196,227
196,228
196,229
196,230
196,231
196,232
196,233
196,234
196,235
196,236
196,237
196,238
196,239
196,240
196,241
196,242
196,243
196,244
196,245
196,246
196,247
196,248
196,249
196,250
196,251
196,252
196,253
196,254
196,255
196,256
196,257
196,258
196,259
196,260
196,261
196,262
196,263
196,264
196,265
196,266
196,267
196,268
196,269
196,270
196,271
196,272
196,273
196,274
196,275
196,276
196,277
196,278
196,279
196,280
196,281
196,282
196,283
196,284
196,285
196,286
196,287
196,288
196,289
196,290
196,291
196,292
196,293
196,294
196,295
196,296
196,297
196,298
196,299
196,300
196,301
196,302
196,303
196,304
196,305
196,306
196,307
196,308
196,309
196,310
196,311
196,312
196,313
196,314
196,315
196,316
196,317
196,318
196,319
196,320
196,321
196,322
196,323
196,324
196,325
196,326
196,327
196,328
196,329
196,330
196,331
196,332
196,333
196,334
196,335
196,336
196,337
196,338
196,339
196,340
196,341
196,342
196,343
196,344
196,345
196,346
196,347
196,348
196,349
196,350
196,351
196,352
196,353
196,354
196,355
196,356
196,357
196,358
196,359
196,360
196,361
196,362
196,363
196,364
196,365
196,366
196,367
196,368
196,369
196,370
196,371
196,372
196,373
196,374
196,375
196,376
196,377
196,378
196,379
196,380
196,381
196,382
196,383
196,384
196,385
196,386
196,387
196,388
196,389
196,390
196,391
196,392
196,393
196,394
196,395
196,396
196,397
196,398
196,399
196,400
196,401
196,402
196,403
196,404
196,405
196,406
196,407
196,408
196,409
196,410
196,411
196,412
196,413
196,414
196,415
196,416
196,417
196,418
196,419
196,420
196,421
196,422
196,423
196,424
196,425
196,426
196,427
196,428
196,429
196,430
196,431
196,432
196,433
196,434
196,435
196,436
196,437
196,438
196,439
196,440
196,441
196,442
196,443
196,444
196,445
196,446
196,447
196,448
196,449
196,450
196,451
:170_13,452
:170_13,453
:170_13,454
:170_13,455
:170_13,456
:170_13,457
:170_13,458
-154,459
-154,460
-154,461
-154,462
-154,463
-154,464
-154,465
-154,466
-154,467
-154,468
-154,469
-154,470
-154,471
-154,472
-154,473
-154,474
-154,475
-154,476
-154,477
-154,478
-154,479
-154,480
-154,481
-154,482
-154,483
-154,484
-154,485
-154,486
-154,487
-154,488
-154,489
-154,490
-154,491
-154,492
-154,493
-154,494
-154,495
-154,496
-154,497
-154,498
-154,499
-154,500
-154,501
-154,502
-154,503
-154,504
-154,505
-154,506
-154,507
-154,508
-154,509
-154,510
-154,511
-154,512
-154,513
-154,514
-154,515
-154,516
-154,517
-154,518
-154,519
-154,520
-154,521
-154,522
-154,523
-154,524
-154,525
-154,526
-154,527
-154,528
-154,529
-154,530
-154,531
-154,532
-154,533
-154,534
-154,535
-154,536
-154,537
-154,538
-154,539
-154,540
-154,541
-154,542
-154,543
-154,544
-154,545
-154,546
-154,547
-154,548
-154,549
-154,550
-154,551
-154,552
-154,553
-154,554
-154,555
-154,556
-154,557
-154,558
-154,559
-154,560
-154,561
-154,562
-154,563
-154,564
-154,565
-154,566
-154,567
-154,568
-154,569
-154,570
-154,571
-154,572
-154,573
-154,574
-154,575
-154,576
-154,577
-154,578
-154,579
-154,580
-154,581
-154,582
-154,583
-154,584
-154,585
-154,586
-154,587
-154,588
-154,589
-154,590
-154,591
-154,592
-154,593
-154,594
-154,595
-154,596
-154,597
-154,598
-154,599
-154,600
-154,601
-154,602
-154,603
-154,604
-154,605
-154,606
-154,607
-154,608
-154,609
-154,610
-154,611
-154,612
-154,613
-154,614
-154,615
-154,616
-154,617
-154,618
-154,619
-154,620
-154,621
-154,622
-154,623
-154,624
-154,625
-154,626
-154,627
-154,628
-154,629
-154,630
-154,631
-154,632
-154,633
-154,634
-154,635
-154,636
-154,637
-154,638
-154,639
-154,640
-154,641
-154,642
-154,643
-154,644
-154,645
-154,646
-154,647
-154,648
-154,649
-154,650
-154,651
-154,652
-154,653
-154,654
-154,655
-154,656
-154,657
-154,658
-154,659
-154,660
-154,661
-154,662
-154,663
-154,664
-154,665
-154,666
-154,667
-154,668
-154,669
-154,670
-154,671
-154,672
-154,673
-154,674
-154,675
-154,676
-154,677
-154,678
-154,679
-154,680
-154,681
-154,682
-154,683
-154,684
-154,685
-154,686
-154,687
-154,688
-154,689
-154,690
-154,691
-154,692
-154,693
-154,694
-154,695
-154,696
-154,697
-154,698
-154,699
-154,700
-154,701
-154,702
-154,703
-154,704
-154,705
-154,706
-154,707
-154,708
-154,709
-154,710
-154,711
-154,712
-154,713
-154,714
-154,715
-154,716
-154,717
-154,718
-154,719
-154,720
-154,721
-154,722
-154,723
-154,724
-154,725
-154,726
-154,727
-154,728
-154,729
-154,730
-154,731
-154,732
-154,733
:166_13,734
:166_13,735
:166_13,736
:166_13,737
:166_13,738
:166_13,739
151,740
151,741
151,742
151,743
151,744
151,745
151,746
151,747
151,748
151,749
151,750
151,751
151,752
151,753
151,754
151,755
151,756
151,757
151,758
151,759
151,760
151,761
151,762
151,763
151,764
151,765
151,766
151,767
151,768
151,769
151,770
151,771
151,772
151,773
151,774
151,775
151,776
151,777
151,778
151,779
151,780
151,781
151,782
151,783
151,784
151,785
151,786
151,787
151,788
151,789
151,790
151,791
151,792
151,793
151,794
151,795
151,796
151,797
151,798
151,799
:167_6,800
:167_6,801
:167_6,802
:167_6,803
:167_6,804
:167_6,805
-458,806
-458,807
-458,808
-458,809
-458,810
-458,811
-458,812
-458,813
-458,814
-458,815
-458,816
-458,817
-458,818
-458,819
-458,820
-458,821
-458,822
-458,823
-458,824
-458,825
-458,826
-458,827
-458,828
-458,829
-458,830
-458,831
-458,832
-458,833
-458,834
-458,835
-458,836
-458,837
-458,838
-458,839
-458,840
-458,841
-458,842
-458,843
-458,844
-458,845
-458,846
-458,847
-458,848
-458,849
-458,850
-458,851
-458,852
-458,853
-458,854
-458,855
-458,856
-458,857
-458,858
-458,859
-458,860
-458,861
-458,862
-458,863
-458,864
-458,865
-458,866
-458,867
-458,868
-458,869
-458,870
-458,871
-458,872
-458,873
-458,874
-458,875
-458,876
-458,877
-458,878
-458,879
-458,880
-458,881
-458,882
-458,883
-458,884
-458,885
-458,886
-458,887
-458,888
-458,889
-458,890
-458,891
-458,892
-458,893
-458,894
-458,895
-458,896
-458,897
-458,898
:391_0,899
:391_0,900
:391_0,901
:391_0,902
:391_0,903
:391_0,904
460,905
460,906
460,907
460,908
460,909
460,910
460,911
460,912
460,913
460,914
460,915
460,916
460,917
460,918
460,919
460,920
460,921
460,922
460,923
460,924
460,925
460,926
460,927
460,928
460,929
460,930
460,931
460,932
460,933
460,934
460,935
460,936
460,937
460,938
460,939
460,940
460,941
460,942
460,943
460,944
460,945
460,946
460,947
460,948
460,949
460,950
460,951
460,952
460,953
460,954
460,955
460,956
460,957
460,958
460,959
460,960
460,961
460,962
460,963
460,964
460,965
460,966
460,967
460,968
460,969
460,970
460,971
460,972
460,973
460,974
460,975
460,976
460,977
460,978
460,979
:76_1,980
:76_1,981
:76_1,982
:76_1,983
:76_1,984
:76_1,985
-66,986
-66,987
-66,988
-66,989
-66,990
-66,991
-66,992
-66,993
-66,994
-66,995
-66,996
-66,997
-66,998
-66,999
-66,1000
-66,1001
-66,1002
-66,1003
-66,1004
-66,1005
-66,1006
-66,1007
-66,1008
-66,1009
-66,1010
-66,1011
-66,1012
-66,1013
-66,1014
-66,1015
-66,1016
-66,1017
-66,1018
-66,1019
-66,1020
-66,1021
-66,1022
-66,1023
-66,1024
-66,1025
-66,1026
-66,1027
-66,1028
-66,1029
-66,1030
-66,1031
-66,1032
-66,1033
-66,1034
-66,1035
-66,1036
-66,1037
-66,1038
-66,1039
-66,1040
-66,1041
-66,1042
-66,1043
-66,1044
-66,1045
-66,1046
-66,1047
-66,1048
-66,1049
-66,1050
-66,1051
-66,1052
-66,1053
-66,1054
-66,1055
-66,1056
-66,1057
-66,1058
-66,1059
-66,1060
-66,1061
-66,1062
-66,1063
-66,1064
-66,1065
-66,1066
-66,1067
-66,1068
-66,1069
-66,1070
-66,1071
-66,1072
-66,1073
-66,1074
-66,1075
-66,1076
-66,1077
-66,1078
-66,1079
-66,1080
-66,1081
-66,1082
-66,1083
-66,1084
-66,1085
-66,1086
-66,1087
-66,1088
-66,1089
-66,1090
-66,1091
-66,1092
-66,1093
-66,1094
-66,1095
-66,1096
-66,1097
-66,1098
-66,1099
-66,1100
-66,1101
-66,1102
-66,1103
-66,1104
-66,1105
-66,1106
-66,1107
-66,1108
-66,1109
-66,1110
:74_1,1111
:74_1,1112
:74_1,1113
:74_1,1114
:74_1,1115
:74_1,1116
67,1117
67,1118
67,1119
67,1120
67,1121
67,1122
67,1123
67,1124
67,1125
67,1126
67,1127
67,1128
67,1129
67,1130
67,1131
67,1132
67,1133
67,1134
67,1135
67,1136
67,1137
67,1138
67,1139
67,1140
67,1141
67,1142
67,1143
67,1144
67,1145
67,1146
67,1147
67,1148
67,1149
67,1150
67,1151
67,1152
67,1153
67,1154
67,1155
67,1156
67,1157
67,1158
67,1159
67,1160
67,1161
67,1162
67,1163
67,1164
67,1165
67,1166
67,1167
67,1168
67,1169
67,1170
67,1171
67,1172
67,1173
67,1174
67,1175
67,1176
67,1177
67,1178
67,1179
67,1180
67,1181
67,1182
67,1183
67,1184
67,1185
67,1186
67,1187
67,1188
67,1189
67,1190
67,1191
67,1192
67,1193
67,1194
67,1195
67,1196
67,1197
67,1198
67,1199
67,1200
67,1201
67,1202
67,1203
67,1204
67,1205
67,1206
67,1207
67,1208
67,1209
67,1210
67,1211
67,1212
67,1213
67,1214
67,1215
67,1216
67,1217
67,1218
67,1219
67,1220
67,1221
67,1222
67,1223
67,1224
67,1225
67,1226
67,1227
67,1228
67,1229
67,1230
67,1231
67,1232
67,1233
67,1234
67,1235
67,1236
67,1237
67,1238
67,1239
67,1240
67,1241
67,1242
67,1243
67,1244
67,1245
67,1246
67,1247
67,1248
67,1249
67,1250
67,1251
67,1252
67,1253
67,1254
:77_6,1255
:77_6,1256
:77_6,1257
:77_6,1258
:77_6,1259
:77_6,1260
-121,1261
-121,1262
-121,1263
-121,1264
-121,1265
-121,1266
-121,1267
-121,1268
-121,1269
-121,1270
-121,1271
-121,1272
-121,1273
-121,1274
-121,1275
-121,1276
-121,1277
-121,1278
-121,1279
-121,1280
-121,1281
-121,1282
-121,1283
-121,1284
-121,1285
-121,1286
-121,1287
-121,1288
-121,1289
-121,1290
-121,1291
-121,1292
-121,1293
-121,1294
-121,1295
-121,1296
-121,1297
-121,1298
-121,1299
-121,1300
-121,1301
-121,1302
-121,1303
-121,1304
-121,1305
-121,1306
-121,1307
-121,1308
-121,1309
-121,1310
-121,1311
-121,1312
-121,1313
-121,1314
-121,1315
-121,1316
-121,1317
-121,1318
-121,1319
-121,1320
-121,1321
-121,1322
-121,1323
-121,1324
-121,1325
-121,1326
-121,1327
-121,1328
-121,1329
-121,1330
-121,1331
-121,1332
-121,1333
-121,1334
-121,1335
-121,1336
-121,1337
-121,1338
-121,1339
-121,1340
-121,1341
-121,1342
-121,1343
:137_1,1344
:137_1,1345
:137_1,1346
:137_9,1347
:137_9,1348
:137_9,1349
120,1350
120,1351
120,1352
120,1353
120,1354
120,1355
120,1356
120,1357
120,1358
120,1359
120,1360
120,1361
120,1362
120,1363
120,1364
120,1365
120,1366
120,1367
120,1368
120,1369
120,1370
120,1371
120,1372
120,1373
120,1374
120,1375
120,1376
120,1377
120,1378
120,1379
120,1380
120,1381
120,1382
120,1383
120,1384
120,1385
120,1386
120,1387
120,1388
120,1389
120,1390
120,1391
120,1392
120,1393
120,1394
120,1395
120,1396
120,1397
120,1398
120,1399
120,1400
120,1401
120,1402
120,1403
120,1404
120,1405
120,1406
120,1407
120,1408
120,1409
120,1410
120,1411
120,1412
120,1413
120,1414
120,1415
120,1416
120,1417
120,1418
120,1419
120,1420
120,1421
120,1422
120,1423
120,1424
120,1425
120,1426
120,1427
120,1428
120,1429
120,1430
120,1431
120,1432
120,1433
120,1434
120,1435
120,1436
120,1437
120,1438
120,1439
120,1440
120,1441
120,1442
120,1443
120,1444
120,1445
120,1446
120,1447
120,1448
120,1449
120,1450
120,1451
120,1452
120,1453
120,1454
120,1455
120,1456
120,1457
120,1458
120,1459
120,1460
120,1461
120,1462
120,1463
120,1464
120,1465
120,1466
120,1467
120,1468
120,1469
120,1470
120,1471
120,1472
120,1473
120,1474
120,1475
120,1476
120,1477
120,1478
120,1479
120,1480
120,1481
120,1482
120,1483
120,1484
