-371,1
-371,2
-371,3
-371,4
-371,5
-371,6
-371,7
-371,8
-371,9
-371,10
-371,11
-371,12
-371,13
-371,14
-371,15
-371,16
-371,17
-371,18
-371,19
-371,20
-371,21
-371,22
-371,23
-371,24
-371,25
-371,26
-371,27
-371,28
-371,29
-371,30
-371,31
-371,32
-371,33
-371,34
-371,35
-371,36
-371,37
-371,38
-371,39
-371,40
-371,41
-371,42
-371,43
-371,44
-371,45
-371,46
-371,47
-371,48
-371,49
-371,50
-371,51
-371,52
-371,53
-371,54
-371,55
-371,56
-371,57
-371,58
-371,59
-371,60
-371,61
-371,62
-371,63
-371,64
-371,65
-371,66
-371,67
-371,68
-371,69
-371,70
-371,71
-371,72
-371,73
-371,74
-371,75
-371,76
-371,77
-371,78
-371,79
-371,80
-371,81
-371,82
-371,83
-371,84
-371,85
-371,86
-371,87
-371,88
-371,89
-371,90
-371,91
-371,92
-371,93
-371,94
-371,95
-371,96
-371,97
-371,98
-371,99
-371,100
-371,101
-371,102
-371,103
-371,104
-371,105
-371,106
-371,107
-371,108
-371,109
-371,110
-371,111
-371,112
:170_10,113
:170_10,114
:170_10,115
:170_10,116
:170_10,117
:170_10,118
-196,119
-196,120
-196,121
-196,122
-196,123
-196,124
-196,125
-196,126
-196,127
-196,128
-196,129
-196,130
-196,131
-196,132
-196,133
-196,134
-196,135
-196,136
-196,137
-196,138
-196,139
-196,140
-196,141
-196,142
-196,143
-196,144
-196,145
-196,146
-196,147
-196,148
-196,149
-196,150
-196,151
-196,152
-196,153
-196,154
-196,155
-196,156
-196,157
-196,158
-196,159
-196,160
-196,161
-196,162
-196,163
-196,164
-196,165
-196,166
-196,167
-196,168
-196,169
-196,170
-196,171
-196,172
-196,173
-196,174
-196,175
-196,176
-196,177
-196,178
-196,179
-196,180
-196,181
-196,182
-196,183
-196,184
-196,185
-196,186
-196,187
-196,188
-196,189
-196,190
-196,191
-196,192
-196,193
-196,194
-196,195
-196,196
-196,197
-196,198
-196,199
-196,200
-196,201
-196,202
-196,203
-196,204
-196,205
-196,206
-196,207
-196,208
-196,209
-196,210
-196,211
-196,212
-196,213
-196,214
-196,215
-196,216
-196,217
-196,218
-196,219
-196,220
-196,221
-196,222
-196,223
-196,224
-196,225
-196,226
-196,227
-196,228
-196,229
-196,230
-196,231
-196,232
-196,233
-196,234
-196,235
-196,236
-196,237
-196,238
-196,239
-196,240
-196,241
-196,242
-196,243
-196,244
-196,245
-196,246
-196,247
-196,248
-196,249
-196,250
-196,251
-196,252
-196,253
-196,254
-196,255
-196,256
-196,257
-196,258
-196,259
-196,260
-196,261
-196,262
-196,263
-196,264
-196,265
-196,266
-196,267
-196,268
-196,269
-196,270
-196,271
-196,272
-196,273
-196,274
-196,275
-196,276
-196,277
-196,278
-196,279
-196,280
-196,281
-196,282
-196,283
-196,284
-196,285
-196,286
-196,287
-196,288
-196,289
-196,290
-196,291
-196,292
-196,293
-196,294
-196,295
-196,296
-196,297
-196,298
-196,299
-196,300
-196,301
-196,302
-196,303
-196,304
-196,305
-196,306
-196,307
-196,308
-196,309
-196,310
-196,311
-196,312
-196,313
-196,314
-196,315
-196,316
-196,317
-196,318
-196,319
-196,320
-196,321
-196,322
-196,323
-196,324
-196,325
-196,326
-196,327
-196,328
-196,329
-196,330
-196,331
-196,332
-196,333
-196,334
-196,335
-196,336
-196,337
-196,338
-196,339
-196,340
-196,341
-196,342
-196,343
-196,344
-196,345
-196,346
-196,347
-196,348
-196,349
-196,350
-196,351
-196,352
-196,353
-196,354
-196,355
-196,356
-196,357
-196,358
-196,359
-196,360
-196,361
-196,362
-196,363
-196,364
-196,365
-196,366
-196,367
-196,368
-196,369
-196,370
-196,371
-196,372
-196,373
-196,374
-196,375
-196,376
-196,377
-196,378
-196,379
-196,380
-196,381
-196,382
-196,383
-196,384
-196,385
-196,386
-196,387
-196,388
-196,389
-196,390
-196,391
-196,392
-196,393
-196,394
-196,395
-196,396
-196,397
-196,398
-196,399
-196,400
-196,401
-196,402
-196,403
-196,404
-196,405
-196,406
-196,407
-196,408
-196,409
-196,410
-196,411
-196,412
:35_4,413
:35_4,414
:35_4,415
:35_4,416
193,417
193,418
193,419
193,420
193,421
193,422
193,423
193,424
193,425
193,426
193,427
193,428
193,429
193,430
193,431
193,432
193,433
193,434
193,435
193,436
193,437
193,438
193,439
193,440
193,441
193,442
193,443
193,444
193,445
193,446
193,447
193,448
193,449
193,450
193,451
193,452
193,453
193,454
193,455
193,456
193,457
193,458
193,459
193,460
193,461
193,462
193,463
193,464
193,465
193,466
193,467
193,468
193,469
193,470
193,471
193,472
193,473
193,474
193,475
193,476
193,477
193,478
193,479
193,480
193,481
193,482
193,483
193,484
193,485
193,486
193,487
193,488
193,489
193,490
193,491
193,492
193,493
193,494
193,495
193,496
193,497
193,498
193,499
193,500
193,501
193,502
193,503
193,504
193,505
193,506
193,507
193,508
193,509
193,510
193,511
193,512
193,513
193,514
193,515
193,516
193,517
193,518
193,519
193,520
193,521
193,522
193,523
193,524
193,525
193,526
193,527
193,528
193,529
193,530
193,531
193,532
193,533
193,534
193,535
193,536
193,537
193,538
193,539
193,540
193,541
193,542
193,543
193,544
193,545
193,546
193,547
193,548
193,549
193,550
193,551
193,552
193,553
193,554
193,555
193,556
193,557
193,558
193,559
193,560
193,561
193,562
193,563
193,564
193,565
193,566
193,567
193,568
193,569
193,570
193,571
193,572
193,573
193,574
193,575
193,576
193,577
193,578
:203_3,579
:203_3,580
:203_3,581
:203_3,582
194,583
194,584
194,585
194,586
194,587
194,588
194,589
194,590
194,591
194,592
194,593
194,594
194,595
194,596
194,597
194,598
194,599
194,600
194,601
194,602
194,603
194,604
194,605
194,606
194,607
194,608
194,609
194,610
194,611
194,612
194,613
194,614
194,615
194,616
194,617
194,618
194,619
194,620
194,621
194,622
194,623
194,624
194,625
194,626
194,627
194,628
194,629
194,630
194,631
194,632
194,633
194,634
194,635
194,636
194,637
194,638
194,639
194,640
194,641
194,642
194,643
194,644
194,645
194,646
194,647
194,648
194,649
194,650
194,651
194,652
194,653
194,654
194,655
194,656
194,657
194,658
194,659
194,660
194,661
194,662
194,663
194,664
194,665
194,666
194,667
194,668
194,669
194,670
194,671
194,672
194,673
194,674
194,675
194,676
194,677
194,678
194,679
194,680
194,681
194,682
194,683
194,684
194,685
194,686
194,687
194,688
194,689
194,690
194,691
194,692
194,693
194,694
194,695
194,696
194,697
194,698
194,699
194,700
194,701
194,702
194,703
194,704
194,705
194,706
194,707
194,708
194,709
194,710
194,711
194,712
194,713
194,714
194,715
194,716
194,717
194,718
194,719
194,720
194,721
194,722
194,723
194,724
194,725
194,726
194,727
194,728
194,729
194,730
194,731
194,732
194,733
194,734
194,735
194,736
194,737
194,738
194,739
194,740
194,741
194,742
194,743
194,744
194,745
194,746
194,747
194,748
194,749
194,750
194,751
194,752
194,753
194,754
:204_9,755
:204_9,756
:204_9,757
:204_9,758
:204_9,759
:204_9,760
195,761
195,762
195,763
195,764
195,765
195,766
195,767
195,768
195,769
195,770
195,771
195,772
195,773
195,774
195,775
195,776
195,777
195,778
195,779
195,780
195,781
195,782
195,783
195,784
195,785
195,786
195,787
195,788
195,789
195,790
195,791
195,792
195,793
195,794
195,795
195,796
195,797
195,798
195,799
195,800
195,801
195,802
195,803
195,804
195,805
195,806
195,807
195,808
195,809
195,810
195,811
195,812
195,813
195,814
195,815
195,816
195,817
195,818
195,819
195,820
195,821
195,822
195,823
195,824
195,825
195,826
195,827
195,828
195,829
195,830
195,831
195,832
195,833
195,834
195,835
195,836
195,837
195,838
195,839
195,840
195,841
195,842
195,843
195,844
195,845
195,846
195,847
195,848
195,849
195,850
195,851
195,852
195,853
195,854
195,855
195,856
195,857
195,858
195,859
195,860
195,861
195,862
195,863
195,864
195,865
195,866
195,867
195,868
195,869
195,870
195,871
195,872
195,873
195,874
195,875
195,876
195,877
195,878
195,879
195,880
195,881
195,882
195,883
195,884
195,885
195,886
195,887
195,888
195,889
195,890
195,891
195,892
195,893
195,894
195,895
195,896
195,897
195,898
195,899
195,900
195,901
195,902
195,903
195,904
195,905
195,906
195,907
195,908
195,909
195,910
195,911
195,912
195,913
195,914
195,915
195,916
195,917
195,918
195,919
195,920
195,921
195,922
195,923
195,924
195,925
195,926
195,927
195,928
195,929
195,930
195,931
195,932
195,933
195,934
195,935
195,936
195,937
195,938
195,939
195,940
195,941
195,942
195,943
195,944
195,945
195,946
195,947
195,948
195,949
195,950
195,951
195,952
195,953
195,954
195,955
195,956
195,957
195,958
:191_13,959
:191_13,960
:191_13,961
:191_13,962
:191_13,963
:191_13,964
-178,965
-178,966
-178,967
-178,968
-178,969
-178,970
-178,971
-178,972
-178,973
-178,974
-178,975
-178,976
-178,977
-178,978
-178,979
-178,980
-178,981
-178,982
-178,983
-178,984
-178,985
-178,986
-178,987
-178,988
-178,989
-178,990
-178,991
-178,992
-178,993
-178,994
-178,995
-178,996
-178,997
-178,998
-178,999
-178,1000
-178,1001
-178,1002
-178,1003
-178,1004
-178,1005
-178,1006
-178,1007
-178,1008
-178,1009
-178,1010
-178,1011
-178,1012
-178,1013
-178,1014
-178,1015
-178,1016
-178,1017
-178,1018
-178,1019
-178,1020
-178,1021
-178,1022
-178,1023
-178,1024
-178,1025
-178,1026
-178,1027
-178,1028
-178,1029
-178,1030
-178,1031
-178,1032
-178,1033
-178,1034
-178,1035
-178,1036
-178,1037
-178,1038
-178,1039
-178,1040
-178,1041
-178,1042
-178,1043
-178,1044
-178,1045
-178,1046
-178,1047
-178,1048
-178,1049
-178,1050
-178,1051
-178,1052
-178,1053
-178,1054
-178,1055
-178,1056
-178,1057
-178,1058
-178,1059
-178,1060
-178,1061
-178,1062
-178,1063
-178,1064
-178,1065
-178,1066
-178,1067
-178,1068
-178,1069
-178,1070
-178,1071
-178,1072
-178,1073
-178,1074
-178,1075
-178,1076
-178,1077
-178,1078
-178,1079
-178,1080
-178,1081
-178,1082
-178,1083
-178,1084
-178,1085
-178,1086
-178,1087
-178,1088
-178,1089
-178,1090
-178,1091
-178,1092
-178,1093
-178,1094
-178,1095
-178,1096
-178,1097
-178,1098
-178,1099
-178,1100
-178,1101
-178,1102
-178,1103
-178,1104
-178,1105
-178,1106
-178,1107
-178,1108
-178,1109
-178,1110
-178,1111
-178,1112
-178,1113
-178,1114
-178,1115
-178,1116
-178,1117
-178,1118
-178,1119
-178,1120
-178,1121
-178,1122
-178,1123
-178,1124
-178,1125
-178,1126
-178,1127
-178,1128
-178,1129
-178,1130
-178,1131
-178,1132
-178,1133
-178,1134
-178,1135
-178,1136
-178,1137
-178,1138
-178,1139
-178,1140
-178,1141
-178,1142
-178,1143
-178,1144
:190_3,1145
:190_3,1146
:190_3,1147
:190_3,1148
:190_3,1149
-177,1150
-177,1151
-177,1152
-177,1153
-177,1154
-177,1155
-177,1156
-177,1157
-177,1158
-177,1159
-177,1160
-177,1161
-177,1162
-177,1163
-177,1164
-177,1165
-177,1166
-177,1167
-177,1168
-177,1169
-177,1170
-177,1171
-177,1172
-177,1173
-177,1174
-177,1175
-177,1176
-177,1177
-177,1178
-177,1179
-177,1180
-177,1181
-177,1182
-177,1183
-177,1184
-177,1185
-177,1186
-177,1187
-177,1188
-177,1189
-177,1190
-177,1191
-177,1192
-177,1193
-177,1194
-177,1195
-177,1196
-177,1197
-177,1198
-177,1199
-177,1200
-177,1201
-177,1202
-177,1203
-177,1204
-177,1205
-177,1206
-177,1207
-177,1208
-177,1209
-177,1210
-177,1211
-177,1212
-177,1213
-177,1214
-177,1215
-177,1216
-177,1217
-177,1218
-177,1219
-177,1220
-177,1221
-177,1222
-177,1223
-177,1224
-177,1225
-177,1226
-177,1227
-177,1228
-177,1229
-177,1230
-177,1231
-177,1232
-177,1233
-177,1234
-177,1235
-177,1236
-177,1237
-177,1238
-177,1239
-177,1240
-177,1241
-177,1242
-177,1243
-177,1244
-177,1245
-177,1246
-177,1247
-177,1248
-177,1249
-177,1250
-177,1251
-177,1252
-177,1253
-177,1254
-177,1255
-177,1256
-177,1257
-177,1258
-177,1259
-177,1260
-177,1261
-177,1262
-177,1263
-177,1264
-177,1265
-177,1266
-177,1267
-177,1268
-177,1269
-177,1270
-177,1271
-177,1272
-177,1273
-177,1274
-177,1275
-177,1276
-177,1277
-177,1278
-177,1279
-177,1280
-177,1281
-177,1282
-177,1283
-177,1284
-177,1285
-177,1286
-177,1287
-177,1288
-177,1289
-177,1290
-177,1291
-177,1292
-177,1293
-177,1294
-177,1295
:13_9,1296
:13_9,1297
:13_9,1298
:13_9,1299
:13_9,1300
:13_9,1301
176,1302
176,1303
176,1304
176,1305
176,1306
176,1307
176,1308
176,1309
176,1310
176,1311
176,1312
176,1313
176,1314
176,1315
176,1316
176,1317
176,1318
176,1319
176,1320
176,1321
176,1322
176,1323
176,1324
176,1325
176,1326
176,1327
176,1328
176,1329
176,1330
176,1331
176,1332
176,1333
176,1334
176,1335
176,1336
176,1337
176,1338
176,1339
176,1340
176,1341
176,1342
176,1343
176,1344
176,1345
176,1346
176,1347
176,1348
176,1349
176,1350
176,1351
176,1352
176,1353
176,1354
176,1355
176,1356
176,1357
176,1358
176,1359
176,1360
176,1361
176,1362
176,1363
176,1364
176,1365
176,1366
176,1367
176,1368
176,1369
176,1370
176,1371
176,1372
176,1373
176,1374
176,1375
176,1376
176,1377
176,1378
176,1379
176,1380
176,1381
176,1382
176,1383
176,1384
176,1385
176,1386
176,1387
176,1388
176,1389
176,1390
176,1391
176,1392
176,1393
176,1394
176,1395
176,1396
176,1397
176,1398
176,1399
176,1400
176,1401
176,1402
176,1403
176,1404
176,1405
176,1406
176,1407
176,1408
176,1409
176,1410
176,1411
176,1412
176,1413
176,1414
176,1415
176,1416
176,1417
:189_9,1418
:189_9,1419
:189_9,1420
:189_9,1421
:189_9,1422
:189_9,1423
212,1424
212,1425
212,1426
212,1427
212,1428
212,1429
212,1430
212,1431
212,1432
212,1433
212,1434
212,1435
212,1436
212,1437
212,1438
212,1439
212,1440
212,1441
212,1442
212,1443
212,1444
212,1445
212,1446
212,1447
212,1448
212,1449
212,1450
212,1451
212,1452
212,1453
212,1454
212,1455
212,1456
212,1457
212,1458
212,1459
212,1460
212,1461
212,1462
212,1463
212,1464
212,1465
212,1466
212,1467
212,1468
212,1469
212,1470
212,1471
:218_4,1472
:218_4,1473
:218_4,1474
:218_4,1475
-558,1476
-558,1477
-558,1478
-558,1479
-558,1480
-558,1481
-558,1482
-558,1483
-558,1484
-558,1485
-558,1486
-558,1487
-558,1488
-558,1489
-558,1490
-558,1491
-558,1492
-558,1493
-558,1494
-558,1495
-558,1496
-558,1497
-558,1498
-558,1499
-558,1500
-558,1501
-558,1502
-558,1503
-558,1504
-558,1505
-558,1506
-558,1507
-558,1508
-558,1509
-558,1510
-558,1511
-558,1512
-558,1513
-558,1514
-558,1515
-558,1516
-558,1517
-558,1518
-558,1519
-558,1520
-558,1521
-558,1522
-558,1523
-558,1524
-558,1525
-558,1526
-558,1527
-558,1528
-558,1529
-558,1530
-558,1531
-558,1532
-558,1533
-558,1534
-558,1535
-558,1536
-558,1537
-558,1538
-558,1539
-558,1540
-558,1541
-558,1542
-558,1543
-558,1544
-558,1545
-558,1546
-558,1547
-558,1548
-558,1549
-558,1550
-558,1551
-558,1552
-558,1553
-558,1554
-558,1555
-558,1556
-558,1557
-558,1558
:428_3,1559
:428_3,1560
:428_3,1561
:428_3,1562
-557,1563
-557,1564
-557,1565
-557,1566
-557,1567
-557,1568
-557,1569
-557,1570
-557,1571
-557,1572
-557,1573
-557,1574
-557,1575
-557,1576
-557,1577
-557,1578
-557,1579
-557,1580
-557,1581
-557,1582
-557,1583
-557,1584
-557,1585
-557,1586
-557,1587
-557,1588
-557,1589
-557,1590
-557,1591
-557,1592
-557,1593
-557,1594
-582,1595
-582,1596
-582,1597
-582,1598
-582,1599
-582,1600
-582,1601
-582,1602
-582,1603
-582,1604
-582,1605
-582,1606
-582,1607
-582,1608
-582,1609
-582,1610
-582,1611
-582,1612
-582,1613
-582,1614
-582,1615
-582,1616
-582,1617
-582,1618
-582,1619
-582,1620
-582,1621
-582,1622
-582,1623
-582,1624
-582,1625
-582,1626
-582,1627
-582,1628
-582,1629
-582,1630
-582,1631
-582,1632
-582,1633
-582,1634
-582,1635
-582,1636
-582,1637
-582,1638
-582,1639
-582,1640
-582,1641
-582,1642
-582,1643
-582,1644
-582,1645
-582,1646
-582,1647
-582,1648
-582,1649
-582,1650
-582,1651
-582,1652
-582,1653
-582,1654
-582,1655
-582,1656
-582,1657
-582,1658
-582,1659
-582,1660
-582,1661
-582,1662
-582,1663
-582,1664
-582,1665
-582,1666
-582,1667
-582,1668
-582,1669
-582,1670
-582,1671
-582,1672
-582,1673
-582,1674
-582,1675
-582,1676
-582,1677
-582,1678
-582,1679
-582,1680
-582,1681
-582,1682
-582,1683
-582,1684
-582,1685
:458_6,1686
:458_6,1687
584,1688
584,1689
584,1690
584,1691
584,1692
584,1693
584,1694
584,1695
584,1696
584,1697
584,1698
584,1699
584,1700
584,1701
584,1702
584,1703
584,1704
584,1705
584,1706
584,1707
584,1708
584,1709
584,1710
584,1711
584,1712
584,1713
584,1714
584,1715
584,1716
584,1717
584,1718
584,1719
584,1720
584,1721
584,1722
584,1723
584,1724
584,1725
584,1726
584,1727
584,1728
584,1729
584,1730
584,1731
584,1732
584,1733
:456_0,1734
:456_0,1735
:456_0,1736
-580,1737
-580,1738
-580,1739
-580,1740
-580,1741
-580,1742
-580,1743
-580,1744
-580,1745
-580,1746
-580,1747
-580,1748
-580,1749
-580,1750
-580,1751
-580,1752
-580,1753
-580,1754
-580,1755
-580,1756
-580,1757
-580,1758
-580,1759
-580,1760
-580,1761
-580,1762
-580,1763
-580,1764
-580,1765
-580,1766
-580,1767
-580,1768
-580,1769
-580,1770
-580,1771
-580,1772
-580,1773
-580,1774
-580,1775
-580,1776
-580,1777
-580,1778
-580,1779
-580,1780
-580,1781
-580,1782
-580,1783
-580,1784
-580,1785
-580,1786
-580,1787
-580,1788
-580,1789
-580,1790
-580,1791
-580,1792
-580,1793
-580,1794
-580,1795
-580,1796
-580,1797
-580,1798
-580,1799
-580,1800
-580,1801
-580,1802
-580,1803
-580,1804
-580,1805
-580,1806
-580,1807
-580,1808
-580,1809
-580,1810
-580,1811
-580,1812
-580,1813
-580,1814
-580,1815
-580,1816
-580,1817
-580,1818
