136,21
136,22
136,23
136,24
136,25
136,26
136,27
136,28
136,29
136,30
136,31
136,32
136,33
136,34
136,35
136,36
136,37
136,38
136,39
136,40
136,41
136,42
136,43
136,44
136,45
136,46
136,47
136,48
136,49
136,50
136,51
136,52
136,53
136,54
136,55
136,56
136,57
136,58
136,59
136,60
136,61
136,62
136,63
136,64
136,65
136,66
136,67
136,68
136,69
136,70
136,71
136,72
136,73
136,74
136,75
136,76
136,77
136,78
136,79
136,80
136,81
136,82
136,83
136,84
136,85
136,86
136,87
136,88
136,89
136,90
136,91
136,92
136,93
136,94
136,95
136,96
136,97
136,98
136,99
136,100
136,101
136,102
136,103
136,104
136,105
136,106
136,107
136,108
136,109
136,110
136,111
136,112
136,113
136,114
136,115
136,116
136,117
136,118
136,119
136,120
136,121
136,122
136,123
136,124
136,125
136,126
136,127
136,128
136,129
136,130
136,131
136,132
136,133
136,134
136,135
136,136
136,137
136,138
136,139
136,140
136,141
136,142
136,143
136,144
136,145
136,146
136,147
136,148
136,149
136,150
136,151
136,152
136,153
136,154
136,155
136,156
136,157
136,158
136,159
136,160
136,161
136,162
136,163
136,164
136,165
136,166
136,167
136,168
136,169
136,170
136,171
136,172
136,173
136,174
136,175
136,176
136,177
136,178
136,179
136,180
136,181
136,182
136,183
136,184
136,185
136,186
136,187
136,188
136,189
136,190
136,191
136,192
136,193
136,194
136,195
136,196
136,197
136,198
136,199
136,200
136,201
136,202
136,203
136,204
136,205
136,206
136,207
136,208
136,209
136,210
136,211
136,212
136,213
136,214
136,215
136,216
136,217
136,218
136,219
136,220
136,221
136,222
136,223
136,224
136,225
136,226
136,227
136,228
136,229
136,230
136,231
136,232
136,233
136,234
136,235
136,236
136,237
136,238
136,239
136,240
136,241
136,242
136,243
136,244
136,245
136,246
136,247
136,248
136,249
136,250
136,251
136,252
136,253
136,254
136,255
136,256
136,257
136,258
136,259
136,260
136,261
136,262
136,263
136,264
136,265
136,266
136,267
136,268
136,269
136,270
136,271
136,272
136,273
136,274
136,275
136,276
136,277
-81,278
-81,279
-81,280
-81,281
-81,282
-81,283
-81,284
-81,285
-81,286
-81,287
-81,288
-81,289
-81,290
-81,291
-81,292
-81,293
-81,294
-81,295
-81,296
-81,297
-81,298
-81,299
-81,300
-81,301
-81,302
-81,303
-81,304
-81,305
-81,306
-81,307
-81,308
-81,309
-81,310
-81,311
-81,312
-81,313
-81,314
-81,315
-81,316
-81,317
-81,318
-81,319
-81,320
-81,321
-81,322
-81,323
-81,324
-81,325
-81,326
-81,327
-81,328
-81,329
-81,330
-81,331
-81,332
-81,333
-81,334
-81,335
-81,336
-81,337
-81,338
-81,339
-81,340
-81,341
-81,342
-81,343
-81,344
-81,345
-81,346
-81,347
-81,348
-81,349
-81,350
-81,351
-81,352
-81,353
-81,354
-81,355
-81,356
-81,357
-81,358
-81,359
-81,360
-81,361
-81,362
-81,363
-81,364
-81,365
-81,366
-81,367
-81,368
-81,369
-81,370
-81,371
-81,372
-81,373
-81,374
-81,375
-81,376
-81,377
-81,378
-81,379
-81,380
-81,381
-81,382
-81,383
-81,384
-81,385
-81,386
-81,387
-81,388
-81,389
-81,390
-81,391
-81,392
-81,393
-81,394
-81,395
-81,396
-81,397
-81,398
-81,399
-81,400
-81,401
-81,402
-81,403
-81,404
-81,405
-81,406
-81,407
-81,408
-81,409
-81,410
-81,411
-81,412
:94_6,413
:94_6,414
:94_6,415
:94_6,416
:94_6,417
82,418
82,419
82,420
82,421
82,422
82,423
82,424
82,425
82,426
82,427
82,428
82,429
:96_1,430
83,431
83,432
83,433
83,434
83,435
83,436
83,437
83,438
83,439
83,440
83,441
83,442
83,443
83,444
83,445
83,446
83,447
83,448
83,449
83,450
83,451
83,452
83,453
83,454
83,455
83,456
83,457
83,458
83,459
83,460
83,461
83,462
83,463
83,464
83,465
83,466
83,467
83,468
83,469
83,470
83,471
83,472
83,473
83,474
83,475
83,476
83,477
83,478
83,479
83,480
83,481
83,482
83,483
83,484
83,485
83,486
83,487
83,488
83,489
83,490
83,491
83,492
83,493
83,494
83,495
83,496
83,497
83,498
83,499
83,500
83,501
83,502
83,503
83,504
83,505
83,506
83,507
83,508
83,509
83,510
83,511
:97_6,512
:97_6,513
:97_6,514
-489,515
-489,516
-489,517
-489,518
-489,519
-489,520
-489,521
-489,522
-489,523
-489,524
-489,525
-489,526
-489,527
-489,528
-489,529
-489,530
-489,531
-489,532
-489,533
-489,534
-489,535
:315_1,536
:315_1,537
:315_1,538
:315_1,539
:315_1,540
:315_1,541
-488,542
-488,543
-488,544
-488,545
-488,546
-488,547
-488,548
-488,549
-488,550
-488,551
-488,552
-488,553
-488,554
-488,555
-488,556
-488,557
-488,558
-488,559
-488,560
-488,561
-488,562
-488,563
-488,564
-488,565
-488,566
-488,567
-488,568
-488,569
-488,570
-488,571
-488,572
-488,573
-488,574
:410_0,575
:410_0,576
:410_0,577
487,578
487,579
487,580
487,581
487,582
487,583
487,584
487,585
487,586
487,587
487,588
487,589
487,590
487,591
487,592
487,593
487,594
487,595
487,596
487,597
487,598
487,599
487,600
487,601
487,602
487,603
487,604
487,605
487,606
487,607
487,608
487,609
487,610
487,611
487,612
487,613
487,614
487,615
487,616
487,617
487,618
487,619
487,620
487,621
487,622
487,623
487,624
487,625
487,626
487,627
487,628
487,629
487,630
487,631
487,632
487,633
487,634
487,635
487,636
487,637
487,638
487,639
487,640
487,641
487,642
487,643
487,644
487,645
487,646
487,647
487,648
487,649
487,650
487,651
487,652
487,653
487,654
487,655
487,656
487,657
487,658
487,659
487,660
487,661
487,662
487,663
487,664
487,665
487,666
487,667
487,668
487,669
487,670
487,671
487,672
487,673
487,674
487,675
487,676
487,677
487,678
487,679
487,680
487,681
487,682
487,683
487,684
487,685
487,686
487,687
487,688
487,689
487,690
487,691
487,692
487,693
487,694
487,695
487,696
487,697
487,698
487,699
487,700
487,701
487,702
487,703
487,704
487,705
487,706
487,707
487,708
487,709
487,710
487,711
487,712
487,713
487,714
487,715
487,716
487,717
487,718
487,719
487,720
487,721
487,722
487,723
487,724
487,725
487,726
487,727
487,728
:409_6,729
:409_6,730
:409_6,731
:409_6,732
:409_6,733
:409_6,734
-606,735
-606,736
-606,737
-606,738
-606,739
-606,740
-606,741
-606,742
-606,743
-606,744
-606,745
-606,746
-606,747
-606,748
-606,749
-606,750
-606,751
-606,752
-606,753
-606,754
-606,755
-606,756
-606,757
-606,758
-606,759
-606,760
-606,761
-606,762
-606,763
-606,764
-606,765
-606,766
-606,767
-606,768
-606,769
-606,770
-606,771
-606,772
-606,773
-606,774
-606,775
-606,776
-606,777
-606,778
-606,779
-606,780
-606,781
-606,782
-606,783
-606,784
-606,785
-606,786
-606,787
-606,788
-606,789
-606,790
-606,791
-606,792
-606,793
-606,794
-606,795
-606,796
-606,797
-606,798
-606,799
-606,800
-606,801
-606,802
-606,803
-606,804
-606,805
-606,806
-606,807
-606,808
-606,809
-606,810
-606,811
-606,812
-606,813
-606,814
-606,815
-606,816
-606,817
-606,818
-605,819
-605,820
-605,821
-605,822
-605,823
-605,824
-605,825
-605,826
-605,827
-605,828
-605,829
-605,830
-605,831
-605,832
-605,833
-605,834
-605,835
-605,836
-605,837
-605,838
-605,839
-605,840
-605,841
-605,842
-605,843
-605,844
-605,845
-605,846
-605,847
-605,848
-605,849
-605,850
-605,851
-605,852
-605,853
-605,854
-605,855
-605,856
-605,857
-605,858
-605,859
-605,860
-605,861
-605,862
-605,863
-605,864
-605,865
-605,866
-605,867
-605,868
-605,869
-605,870
-605,871
-605,872
-605,873
-605,874
-605,875
-605,876
-605,877
-605,878
-605,879
-605,880
-605,881
-605,882
-605,883
-604,884
-604,885
-604,886
-604,887
-604,888
-604,889
-604,890
-604,891
-604,892
-604,893
-604,894
-604,895
-604,896
-604,897
-604,898
-604,899
-604,900
-604,901
-604,902
-604,903
-604,904
-604,905
-604,906
-604,907
-604,908
-604,909
-604,910
-604,911
-604,912
-604,913
-604,914
-604,915
-604,916
-604,917
-604,918
-604,919
-604,920
-604,921
-604,922
-604,923
-604,924
-604,925
-604,926
-604,927
-604,928
-604,929
-604,930
-604,931
-604,932
-604,933
-604,934
-604,935
-604,936
-604,937
-604,938
-604,939
-604,940
-604,941
-604,942
-604,943
-604,944
