-120,1
-120,2
-120,3
-120,4
-120,5
-120,6
-120,7
-120,8
-120,9
-120,10
-120,11
-120,12
-120,13
-120,14
-120,15
-120,16
-120,17
-120,18
-120,19
-120,20
-120,21
-120,22
-120,23
-120,24
-120,25
-120,26
-120,27
-120,28
-120,29
-120,30
-120,31
-120,32
-120,33
-120,34
-120,35
-120,36
-120,37
-120,38
-120,39
-120,40
-120,41
-120,42
-120,43
-120,44
-120,45
-120,46
-120,47
-120,48
-120,49
-120,50
-120,51
-120,52
-120,53
-120,54
-120,55
-120,56
-120,57
-120,58
-120,59
-120,60
-120,61
-120,62
-120,63
-120,64
-120,65
-120,66
-120,67
-120,68
-120,69
-120,70
-120,71
-120,72
-120,73
-120,74
-120,75
-120,76
-120,77
-120,78
-120,79
-120,80
-120,81
-120,82
-120,83
-120,84
-120,85
-120,86
-120,87
-120,88
-120,89
-120,90
-120,91
-120,92
-120,93
-120,94
-120,95
-120,96
-120,97
-120,98
-120,99
-120,100
-120,101
-120,102
-120,103
-120,104
-120,105
-120,106
-120,107
-120,108
-120,109
-120,110
-120,111
-120,112
-120,113
-120,114
-120,115
-120,116
-120,117
-120,118
-120,119
-120,120
-120,121
-120,122
-120,123
-120,124
-120,125
:137_3,126
:137_3,127
:137_3,128
121,129
121,130
121,131
121,132
121,133
121,134
121,135
121,136
121,137
121,138
121,139
121,140
121,141
121,142
121,143
121,144
121,145
121,146
121,147
121,148
121,149
121,150
121,151
121,152
121,153
121,154
121,155
121,156
121,157
121,158
121,159
121,160
121,161
121,162
121,163
121,164
121,165
121,166
121,167
121,168
121,169
121,170
121,171
121,172
121,173
121,174
121,175
121,176
121,177
121,178
121,179
121,180
121,181
121,182
121,183
121,184
121,185
121,186
121,187
121,188
121,189
121,190
121,191
121,192
121,193
121,194
121,195
121,196
121,197
121,198
121,199
121,200
121,201
121,202
121,203
121,204
121,205
:77_4,206
:77_4,207
:77_4,208
:77_4,209
:77_4,210
:77_4,211
-67,212
-67,213
-67,214
-67,215
-67,216
-67,217
-67,218
-67,219
-67,220
-67,221
-67,222
-67,223
-67,224
-67,225
-67,226
-67,227
-67,228
-67,229
-67,230
-67,231
-67,232
-67,233
-67,234
-67,235
-67,236
-67,237
-67,238
-67,239
-67,240
-67,241
-67,242
-67,243
-67,244
-67,245
-67,246
-67,247
-67,248
-67,249
-67,250
-67,251
-67,252
-67,253
-67,254
-67,255
-67,256
-67,257
-67,258
-67,259
-67,260
-67,261
-67,262
-67,263
-67,264
-67,265
-67,266
-67,267
-67,268
-67,269
-67,270
-67,271
-67,272
-67,273
-67,274
-67,275
-67,276
-67,277
-67,278
-67,279
-67,280
-67,281
-67,282
-67,283
-67,284
-67,285
-67,286
-67,287
-67,288
-67,289
-67,290
-67,291
-67,292
-67,293
-67,294
-67,295
-67,296
-67,297
-67,298
-67,299
-67,300
-67,301
-67,302
-67,303
-67,304
-67,305
-67,306
-67,307
-67,308
-67,309
-67,310
-67,311
-67,312
-67,313
-67,314
-67,315
-67,316
-67,317
-67,318
-67,319
-67,320
-67,321
-67,322
-67,323
-67,324
-67,325
-67,326
-67,327
-67,328
-67,329
-67,330
-67,331
-67,332
-67,333
-67,334
-67,335
-67,336
-67,337
-67,338
-67,339
:74_10,340
:74_10,341
:74_10,342
:74_10,343
:74_10,344
:74_10,345
-237,346
-237,347
-237,348
-237,349
-237,350
-237,351
-237,352
-237,353
-237,354
-237,355
-237,356
-237,357
-237,358
-237,359
-237,360
-237,361
-237,362
-237,363
-237,364
-237,365
-237,366
-237,367
-237,368
-237,369
-237,370
-237,371
-237,372
-237,373
-237,374
-237,375
-237,376
-237,377
-237,378
-237,379
-237,380
-237,381
-237,382
-237,383
-237,384
-237,385
-237,386
-237,387
-237,388
-237,389
-237,390
-237,391
-237,392
-237,393
-237,394
-237,395
-237,396
-237,397
-237,398
-237,399
-237,400
-237,401
-237,402
-237,403
-237,404
-237,405
-237,406
-237,407
-237,408
-237,409
-237,410
-237,411
-237,412
-237,413
-237,414
-237,415
-237,416
-237,417
-237,418
-237,419
-237,420
-237,421
-237,422
-237,423
-237,424
-237,425
-237,426
-237,427
-237,428
-237,429
-237,430
-237,431
-237,432
-237,433
-237,434
-237,435
-237,436
-237,437
-237,438
-237,439
-237,440
-237,441
-237,442
-237,443
-237,444
-237,445
-237,446
-237,447
-237,448
-237,449
-237,450
-237,451
-237,452
-237,453
-237,454
-237,455
-237,456
-237,457
-237,458
-237,459
-237,460
-237,461
-237,462
-237,463
-237,464
-237,465
-237,466
-237,467
-237,468
-237,469
-237,470
-237,471
-237,472
-237,473
-237,474
-237,475
-237,476
-237,477
-237,478
-237,479
-237,480
-237,481
-237,482
-237,483
-237,484
-237,485
-237,486
-237,487
-237,488
-237,489
-237,490
-237,491
-237,492
-237,493
-237,494
-237,495
-237,496
-237,497
-237,498
-237,499
-237,500
-237,501
-237,502
-237,503
-237,504
-237,505
-237,506
-237,507
-237,508
-237,509
-237,510
-237,511
-237,512
-237,513
-237,514
-237,515
-237,516
-237,517
-237,518
-237,519
-237,520
-237,521
-237,522
-237,523
-237,524
-237,525
-237,526
-237,527
-237,528
-237,529
-237,530
-237,531
-237,532
-237,533
-237,534
-237,535
-237,536
-237,537
-237,538
-237,539
-237,540
:240_1,541
:240_1,542
:240_1,543
:240_1,544
:240_1,545
:240_1,546
-236,547
-236,548
-236,549
-236,550
-236,551
-236,552
-236,553
-236,554
-236,555
-236,556
-236,557
-236,558
-236,559
-236,560
-236,561
-236,562
-236,563
-236,564
-236,565
-236,566
-236,567
-236,568
-236,569
-236,570
-236,571
-236,572
-236,573
-236,574
-236,575
-236,576
-236,577
-236,578
-236,579
-236,580
-236,581
-236,582
-236,583
-236,584
-236,585
-236,586
-236,587
-236,588
-236,589
-236,590
-236,591
-236,592
-236,593
-236,594
-236,595
-236,596
-236,597
-236,598
-236,599
-236,600
-236,601
-236,602
-236,603
-236,604
-236,605
-236,606
-236,607
-236,608
-236,609
-236,610
-236,611
-236,612
-236,613
-236,614
-236,615
-236,616
-236,617
-236,618
-236,619
-236,620
-236,621
-236,622
-236,623
-236,624
-236,625
-236,626
-236,627
-236,628
-236,629
-236,630
-236,631
-236,632
-236,633
-236,634
-236,635
-236,636
-236,637
-236,638
-236,639
-236,640
-236,641
-236,642
-236,643
-236,644
-236,645
-236,646
-236,647
-236,648
-236,649
-236,650
-236,651
-236,652
-236,653
-236,654
-236,655
-236,656
-236,657
-236,658
-236,659
-236,660
-236,661
-236,662
-236,663
-236,664
-236,665
-236,666
-236,667
-236,668
-236,669
-236,670
-236,671
-236,672
-236,673
-236,674
-236,675
-236,676
-236,677
-236,678
:239_0,679
:239_0,680
:239_0,681
:239_0,682
238,683
238,684
238,685
238,686
238,687
238,688
238,689
238,690
238,691
238,692
238,693
238,694
238,695
238,696
238,697
238,698
238,699
238,700
238,701
238,702
238,703
238,704
238,705
238,706
238,707
238,708
238,709
238,710
238,711
238,712
238,713
238,714
238,715
238,716
238,717
238,718
238,719
238,720
238,721
238,722
238,723
238,724
238,725
238,726
238,727
238,728
238,729
238,730
238,731
238,732
238,733
238,734
238,735
238,736
238,737
238,738
238,739
238,740
238,741
238,742
238,743
238,744
238,745
238,746
238,747
238,748
238,749
238,750
238,751
238,752
238,753
238,754
238,755
238,756
238,757
238,758
238,759
238,760
:241_4,761
:241_4,762
:241_4,763
:241_4,764
:241_4,765
:241_4,766
382,767
382,768
382,769
382,770
382,771
382,772
382,773
382,774
382,775
382,776
382,777
382,778
382,779
382,780
382,781
382,782
382,783
382,784
382,785
382,786
382,787
382,788
382,789
382,790
382,791
382,792
382,793
382,794
382,795
382,796
382,797
382,798
382,799
382,800
382,801
382,802
382,803
382,804
382,805
382,806
382,807
382,808
382,809
382,810
382,811
382,812
382,813
382,814
382,815
382,816
382,817
382,818
382,819
382,820
382,821
382,822
382,823
382,824
382,825
382,826
382,827
382,828
382,829
382,830
382,831
382,832
382,833
382,834
382,835
382,836
382,837
382,838
382,839
382,840
382,841
382,842
382,843
382,844
382,845
382,846
382,847
382,848
382,849
382,850
382,851
382,852
382,853
382,854
382,855
382,856
382,857
-248,858
-248,859
-248,860
-248,861
-248,862
-248,863
-248,864
-248,865
-248,866
-248,867
-248,868
-248,869
-248,870
-248,871
-248,872
-248,873
-248,874
-248,875
-248,876
-248,877
-248,878
-248,879
-248,880
-248,881
-248,882
-248,883
-248,884
-248,885
-248,886
-248,887
-248,888
-248,889
-248,890
-248,891
-248,892
-248,893
-248,894
-248,895
-248,896
-248,897
-248,898
-248,899
-248,900
-248,901
-248,902
-248,903
-248,904
-248,905
-248,906
-248,907
-248,908
-248,909
-248,910
-248,911
-248,912
-248,913
-248,914
-248,915
-248,916
-248,917
-248,918
-248,919
-248,920
-248,921
-248,922
-248,923
-248,924
-248,925
-248,926
-248,927
-248,928
-248,929
-248,930
-248,931
-248,932
-248,933
-248,934
-248,935
-248,936
-248,937
-248,938
-248,939
-248,940
-248,941
-248,942
-248,943
-248,944
-248,945
-248,946
-248,947
-248,948
-248,949
-248,950
-248,951
-248,952
-248,953
:249_6,954
:249_6,955
:249_6,956
:249_16,957
:249_16,958
:249_16,959
250,960
250,961
250,962
250,963
250,964
250,965
250,966
250,967
250,968
250,969
250,970
250,971
250,972
250,973
250,974
250,975
250,976
250,977
250,978
250,979
250,980
250,981
250,982
250,983
250,984
250,985
250,986
250,987
250,988
250,989
250,990
250,991
250,992
250,993
250,994
250,995
250,996
250,997
250,998
250,999
250,1000
250,1001
250,1002
250,1003
250,1004
250,1005
250,1006
250,1007
250,1008
250,1009
250,1010
250,1011
250,1012
250,1013
250,1014
250,1015
250,1016
250,1017
250,1018
250,1019
250,1020
250,1021
250,1022
250,1023
250,1024
250,1025
250,1026
250,1027
250,1028
250,1029
250,1030
250,1031
250,1032
250,1033
250,1034
250,1035
250,1036
250,1037
250,1038
250,1039
250,1040
250,1041
250,1042
250,1043
250,1044
250,1045
250,1046
250,1047
250,1048
250,1049
250,1050
