-587,21
-587,22
-587,23
-587,24
-587,25
-587,26
-587,27
-587,28
-587,29
-587,30
-587,31
-587,32
-587,33
-587,34
-587,35
-587,36
-587,37
-587,38
-587,39
-587,40
-587,41
-587,42
-587,43
-587,44
-587,45
-587,46
-587,47
-587,48
-587,49
-587,50
-587,51
-587,52
-587,53
-587,54
-587,55
-587,56
-587,57
-587,58
-587,59
-587,60
-587,61
-587,62
-587,63
-587,64
-587,65
-587,66
-587,67
-587,68
-587,69
-587,70
-587,71
-587,72
-587,73
-587,74
-587,75
-587,76
-587,77
-587,78
-587,79
-587,80
-587,81
-587,82
-587,83
-587,84
-587,85
-587,86
-587,87
-587,88
-587,89
-587,90
-587,91
-587,92
-587,93
-587,94
-587,95
-587,96
-587,97
-587,98
-587,99
-587,100
-587,101
-587,102
:376_1,103
:376_1,104
:376_1,105
:376_1,106
:376_1,107
:376_1,108
-432,109
-432,110
-432,111
-432,112
-432,113
-432,114
-432,115
-432,116
-432,117
-432,118
-432,119
-432,120
-432,121
-432,122
-432,123
-432,124
-432,125
-432,126
-432,127
-432,128
-432,129
-432,130
-432,131
-432,132
-432,133
-432,134
-432,135
-432,136
-432,137
-432,138
-432,139
-432,140
-432,141
-432,142
-432,143
-432,144
-432,145
-432,146
-432,147
-432,148
-432,149
-432,150
-432,151
-432,152
-432,153
-432,154
-432,155
-432,156
-432,157
-432,158
-432,159
-432,160
-432,161
-432,162
-432,163
-432,164
-432,165
-432,166
-432,167
-432,168
-432,169
-432,170
-432,171
-432,172
-432,173
-432,174
-432,175
-432,176
-432,177
-432,178
-432,179
-432,180
-432,181
-432,182
:121_1,183
:121_1,184
:121_1,185
:121_1,186
:121_1,187
-105,188
-105,189
-105,190
-105,191
-105,192
-105,193
-105,194
-105,195
-105,196
-105,197
-105,198
-105,199
-105,200
-105,201
-105,202
-105,203
-105,204
-105,205
-105,206
-105,207
-105,208
-105,209
-105,210
-105,211
-105,212
-105,213
-105,214
-105,215
-105,216
-105,217
-105,218
-105,219
-105,220
-105,221
-105,222
-105,223
-105,224
-105,225
-105,226
-105,227
-105,228
-105,229
-105,230
-105,231
-105,232
-105,233
-105,234
-105,235
-105,236
-105,237
-105,238
-105,239
-105,240
-105,241
-105,242
-105,243
-105,244
-105,245
-105,246
-105,247
-105,248
-105,249
-105,250
-105,251
-105,252
-105,253
-105,254
-105,255
-105,256
-105,257
-105,258
-105,259
-105,260
-105,261
-105,262
-105,263
-105,264
-105,265
-105,266
-105,267
-105,268
-105,269
-105,270
:119_12,271
:119_12,272
:119_12,273
104,274
104,275
104,276
104,277
104,278
104,279
104,280
104,281
104,282
104,283
104,284
104,285
104,286
104,287
104,288
104,289
104,290
104,291
104,292
104,293
104,294
104,295
104,296
104,297
104,298
104,299
104,300
104,301
104,302
104,303
104,304
104,305
104,306
104,307
104,308
104,309
104,310
104,311
104,312
104,313
104,314
104,315
104,316
104,317
104,318
104,319
104,320
104,321
104,322
104,323
104,324
104,325
104,326
104,327
104,328
104,329
104,330
104,331
104,332
104,333
104,334
104,335
104,336
104,337
104,338
104,339
104,340
104,341
104,342
104,343
104,344
104,345
104,346
104,347
104,348
104,349
104,350
104,351
104,352
104,353
104,354
104,355
104,356
104,357
104,358
104,359
104,360
104,361
104,362
104,363
104,364
104,365
104,366
104,367
104,368
104,369
104,370
104,371
104,372
104,373
104,374
104,375
104,376
104,377
104,378
104,379
104,380
104,381
104,382
104,383
104,384
104,385
104,386
104,387
104,388
104,389
:87_1,390
:87_1,391
:87_1,392
:87_1,393
:87_1,394
-75,395
-75,396
-75,397
-75,398
-75,399
-75,400
-75,401
-75,402
-75,403
-75,404
-75,405
-75,406
-75,407
-75,408
-75,409
-75,410
-75,411
-75,412
-75,413
-75,414
-75,415
-75,416
-75,417
-75,418
-75,419
-75,420
-75,421
-75,422
-75,423
-75,424
-75,425
-75,426
-75,427
-75,428
-75,429
-75,430
-75,431
-75,432
-75,433
-75,434
-75,435
-75,436
-75,437
-75,438
-75,439
-75,440
-75,441
-75,442
-75,443
-75,444
-75,445
-75,446
-75,447
-75,448
-75,449
-75,450
-75,451
-75,452
-75,453
-75,454
-75,455
-75,456
-75,457
-75,458
-75,459
-75,460
-75,461
-75,462
-75,463
-75,464
-75,465
-75,466
-75,467
-75,468
-75,469
-75,470
-75,471
-75,472
-75,473
-75,474
-75,475
-75,476
-75,477
-75,478
-75,479
-75,480
-75,481
-75,482
-75,483
-75,484
-75,485
-75,486
-75,487
-75,488
-75,489
-75,490
-75,491
-75,492
-75,493
-75,494
-75,495
-75,496
-75,497
-75,498
-75,499
-75,500
-75,501
-75,502
-75,503
-75,504
-75,505
-75,506
-75,507
-75,508
-75,509
-75,510
-75,511
-75,512
-75,513
-75,514
-75,515
-75,516
-75,517
-75,518
-75,519
-75,520
-75,521
-75,522
-75,523
-75,524
-75,525
-75,526
-75,527
-75,528
-75,529
-75,530
-75,531
-75,532
-75,533
-75,534
-75,535
-75,536
-75,537
-75,538
-75,539
-75,540
-75,541
-75,542
-75,543
-75,544
:85_1,545
:85_1,546
:85_1,547
:85_1,548
:85_1,549
:85_1,550
73,551
73,552
73,553
73,554
73,555
73,556
73,557
73,558
73,559
73,560
73,561
73,562
73,563
73,564
73,565
73,566
73,567
73,568
73,569
73,570
73,571
73,572
73,573
73,574
73,575
73,576
73,577
73,578
73,579
73,580
73,581
73,582
73,583
73,584
73,585
73,586
73,587
73,588
73,589
73,590
73,591
73,592
73,593
73,594
73,595
73,596
73,597
73,598
73,599
73,600
73,601
73,602
73,603
73,604
73,605
73,606
73,607
73,608
73,609
73,610
73,611
73,612
73,613
73,614
73,615
73,616
73,617
73,618
73,619
73,620
73,621
73,622
73,623
73,624
73,625
73,626
73,627
73,628
73,629
73,630
73,631
73,632
73,633
73,634
73,635
73,636
73,637
73,638
73,639
73,640
73,641
73,642
73,643
73,644
73,645
73,646
73,647
:86_0,648
:86_0,649
:86_0,650
:86_0,651
:86_0,652
130,653
130,654
130,655
130,656
130,657
130,658
130,659
130,660
130,661
130,662
130,663
130,664
130,665
130,666
130,667
130,668
130,669
130,670
130,671
130,672
130,673
130,674
130,675
130,676
130,677
130,678
130,679
130,680
130,681
130,682
130,683
130,684
130,685
130,686
130,687
130,688
130,689
130,690
130,691
130,692
-93,693
-93,694
-93,695
-93,696
-93,697
-93,698
-93,699
-93,700
-93,701
-93,702
-93,703
-93,704
-93,705
-93,706
-93,707
-93,708
-93,709
-93,710
-93,711
-93,712
-93,713
-93,714
-93,715
-93,716
-93,717
-93,718
-93,719
-93,720
-93,721
-93,722
-93,723
-93,724
-93,725
-93,726
-93,727
-93,728
-93,729
-93,730
-93,731
-93,732
-93,733
-93,734
-93,735
-93,736
-93,737
-93,738
-93,739
-93,740
-93,741
-93,742
-93,743
-93,744
-93,745
-93,746
-93,747
-93,748
-93,749
-93,750
-93,751
-93,752
-93,753
-93,754
-93,755
-93,756
-93,757
-93,758
-93,759
:105_0,760
:105_0,761
:105_0,762
:105_0,763
:105_0,764
:105_0,765
-89,766
-89,767
-89,768
-89,769
-89,770
-89,771
-89,772
-89,773
-89,774
-89,775
-89,776
-89,777
-89,778
-89,779
-89,780
-89,781
-89,782
-89,783
-89,784
-89,785
-89,786
-89,787
-89,788
-89,789
-89,790
-89,791
-89,792
-89,793
-89,794
-89,795
-89,796
-89,797
-89,798
-89,799
-89,800
-89,801
-89,802
-89,803
-89,804
-89,805
-89,806
-89,807
-89,808
-89,809
-89,810
-89,811
-89,812
-89,813
-89,814
-89,815
-89,816
-89,817
-89,818
-89,819
-89,820
-89,821
-89,822
-89,823
-89,824
-89,825
-89,826
-89,827
-89,828
-89,829
-89,830
-89,831
-89,832
-89,833
-89,834
-89,835
-89,836
-89,837
-89,838
-89,839
-89,840
-89,841
-89,842
-89,843
-89,844
-89,845
-89,846
-89,847
-89,848
-89,849
-89,850
-89,851
-89,852
-89,853
-89,854
-89,855
-89,856
:104_5,857
:104_5,858
:104_5,859
:104_5,860
:104_5,861
:104_5,862
90,863
90,864
90,865
90,866
90,867
90,868
90,869
90,870
90,871
90,872
90,873
90,874
90,875
90,876
90,877
90,878
90,879
90,880
90,881
90,882
90,883
90,884
90,885
90,886
90,887
90,888
90,889
90,890
90,891
90,892
90,893
90,894
90,895
90,896
90,897
90,898
90,899
90,900
90,901
90,902
90,903
90,904
90,905
90,906
90,907
90,908
90,909
90,910
90,911
90,912
90,913
90,914
90,915
90,916
90,917
90,918
90,919
90,920
90,921
90,922
90,923
90,924
90,925
90,926
90,927
90,928
90,929
90,930
90,931
90,932
90,933
90,934
90,935
90,936
90,937
90,938
90,939
90,940
90,941
90,942
90,943
90,944
90,945
90,946
90,947
90,948
90,949
90,950
90,951
90,952
90,953
90,954
90,955
90,956
90,957
90,958
90,959
90,960
90,961
90,962
90,963
90,964
90,965
90,966
90,967
90,968
90,969
90,970
90,971
90,972
90,973
90,974
90,975
90,976
90,977
90,978
90,979
90,980
90,981
90,982
90,983
90,984
90,985
90,986
90,987
90,988
90,989
90,990
90,991
90,992
90,993
90,994
90,995
90,996
90,997
90,998
90,999
90,1000
90,1001
90,1002
90,1003
90,1004
90,1005
90,1006
90,1007
90,1008
90,1009
90,1010
90,1011
90,1012
90,1013
90,1014
90,1015
90,1016
90,1017
90,1018
90,1019
90,1020
90,1021
90,1022
90,1023
90,1024
90,1025
90,1026
90,1027
90,1028
90,1029
90,1030
90,1031
90,1032
90,1033
90,1034
:106_0,1035
:106_0,1036
:106_0,1037
:106_0,1038
:106_0,1039
-325,1040
-325,1041
-325,1042
-325,1043
-325,1044
-325,1045
-325,1046
-325,1047
-325,1048
-325,1049
-325,1050
-325,1051
-325,1052
-325,1053
-325,1054
-325,1055
-325,1056
-325,1057
-325,1058
-325,1059
-325,1060
-325,1061
-325,1062
-325,1063
-325,1064
-325,1065
-325,1066
-325,1067
-325,1068
-325,1069
-325,1070
-325,1071
-325,1072
-325,1073
-325,1074
-325,1075
-325,1076
-325,1077
-325,1078
-325,1079
-325,1080
-325,1081
-325,1082
-325,1083
-325,1084
-325,1085
-325,1086
-325,1087
-325,1088
-325,1089
-325,1090
-325,1091
-325,1092
-325,1093
-325,1094
-325,1095
-325,1096
-325,1097
-325,1098
-325,1099
-325,1100
-325,1101
-325,1102
-325,1103
-325,1104
-325,1105
-325,1106
-325,1107
-325,1108
-325,1109
-325,1110
-325,1111
-325,1112
-325,1113
-325,1114
-325,1115
-325,1116
-325,1117
-325,1118
-325,1119
-325,1120
-325,1121
-325,1122
-325,1123
-325,1124
-325,1125
-325,1126
-325,1127
-325,1128
-325,1129
-325,1130
-325,1131
-325,1132
-325,1133
-325,1134
-325,1135
-325,1136
-325,1137
-325,1138
-325,1139
-325,1140
-325,1141
:246_1,1142
:246_1,1143
:246_1,1144
:246_1,1145
:246_1,1146
:246_1,1147
-245,1148
-245,1149
-245,1150
-245,1151
-245,1152
-245,1153
-245,1154
-245,1155
-245,1156
-245,1157
-245,1158
-245,1159
-245,1160
-245,1161
-245,1162
-245,1163
-245,1164
-245,1165
-245,1166
-245,1167
-245,1168
-245,1169
-245,1170
-245,1171
-245,1172
-245,1173
-245,1174
-245,1175
-245,1176
-245,1177
-245,1178
-245,1179
-245,1180
-245,1181
-245,1182
-245,1183
-245,1184
-245,1185
-245,1186
-245,1187
-245,1188
-245,1189
-245,1190
-245,1191
-245,1192
-245,1193
-245,1194
-245,1195
-245,1196
-245,1197
-245,1198
-245,1199
-245,1200
-245,1201
-245,1202
:215_5,1203
:215_5,1204
:215_5,1205
:215_5,1206
:215_5,1207
:215_5,1208
-244,1209
-244,1210
-244,1211
-244,1212
-244,1213
-244,1214
-244,1215
-244,1216
-244,1217
-244,1218
-244,1219
-244,1220
-244,1221
-244,1222
-244,1223
-244,1224
-244,1225
-244,1226
-244,1227
-244,1228
-244,1229
-244,1230
-244,1231
-244,1232
-244,1233
-244,1234
-244,1235
-244,1236
-244,1237
-244,1238
-244,1239
-244,1240
-244,1241
-244,1242
-244,1243
-244,1244
-244,1245
-244,1246
-244,1247
-244,1248
-244,1249
-244,1250
-244,1251
-244,1252
-244,1253
-244,1254
-244,1255
-244,1256
-244,1257
-244,1258
-244,1259
-244,1260
-244,1261
-244,1262
-244,1263
-244,1264
-244,1265
-244,1266
-244,1267
-244,1268
-244,1269
-244,1270
-244,1271
-244,1272
-244,1273
-244,1274
-244,1275
-244,1276
-244,1277
-244,1278
-244,1279
-244,1280
-244,1281
-244,1282
-244,1283
-244,1284
-244,1285
-244,1286
-244,1287
-244,1288
-244,1289
-244,1290
-244,1291
-244,1292
-244,1293
-244,1294
-244,1295
-244,1296
-244,1297
-244,1298
-244,1299
-244,1300
-244,1301
-244,1302
-244,1303
-244,1304
-244,1305
-244,1306
-244,1307
-244,1308
-244,1309
-244,1310
-244,1311
-244,1312
-244,1313
-244,1314
-244,1315
-244,1316
-244,1317
-244,1318
-244,1319
-244,1320
-244,1321
-244,1322
-244,1323
-244,1324
-244,1325
-244,1326
-244,1327
-244,1328
-244,1329
-244,1330
-244,1331
-244,1332
-244,1333
-244,1334
-244,1335
-244,1336
-244,1337
-244,1338
-244,1339
-244,1340
-244,1341
-244,1342
-244,1343
-244,1344
-244,1345
-244,1346
-244,1347
-244,1348
-244,1349
-244,1350
-244,1351
-244,1352
-244,1353
-244,1354
-244,1355
-244,1356
-244,1357
-244,1358
-244,1359
-244,1360
-244,1361
-244,1362
-244,1363
-244,1364
-244,1365
-244,1366
-244,1367
-244,1368
-244,1369
-244,1370
-244,1371
-244,1372
-244,1373
-244,1374
-244,1375
-244,1376
-244,1377
-244,1378
-244,1379
-244,1380
-244,1381
-244,1382
-244,1383
-244,1384
-244,1385
-244,1386
-244,1387
-244,1388
-244,1389
-244,1390
-244,1391
:179_5,1392
:179_5,1393
:179_5,1394
:179_5,1395
:179_5,1396
-243,1397
-243,1398
-243,1399
-243,1400
-243,1401
-243,1402
-243,1403
-243,1404
-243,1405
-243,1406
-243,1407
-243,1408
-243,1409
-243,1410
-243,1411
-243,1412
-243,1413
-243,1414
-243,1415
-243,1416
-243,1417
-243,1418
-243,1419
-243,1420
-243,1421
-243,1422
-243,1423
-243,1424
-243,1425
-243,1426
-243,1427
-243,1428
-243,1429
-243,1430
-243,1431
-243,1432
-243,1433
-243,1434
-243,1435
-243,1436
-243,1437
-243,1438
-243,1439
-243,1440
-243,1441
-243,1442
-243,1443
-243,1444
-243,1445
-243,1446
-243,1447
-243,1448
-243,1449
-243,1450
-243,1451
-243,1452
-243,1453
-243,1454
-243,1455
-243,1456
-243,1457
-243,1458
-243,1459
-243,1460
-243,1461
-243,1462
-243,1463
-243,1464
-243,1465
-243,1466
-243,1467
-243,1468
-243,1469
-243,1470
-243,1471
-243,1472
-243,1473
-243,1474
:245_1,1475
:245_1,1476
:245_1,1477
:245_1,1478
:245_1,1479
:245_1,1480
-242,1481
-242,1482
-242,1483
-242,1484
-242,1485
-242,1486
-242,1487
-242,1488
-242,1489
-242,1490
-242,1491
-242,1492
-242,1493
-242,1494
-242,1495
-242,1496
-242,1497
-242,1498
-242,1499
-242,1500
-242,1501
-242,1502
-242,1503
-242,1504
-242,1505
-242,1506
-242,1507
-242,1508
-242,1509
-242,1510
-242,1511
-242,1512
-242,1513
-242,1514
-242,1515
-242,1516
-242,1517
-242,1518
-242,1519
-242,1520
-242,1521
-242,1522
-242,1523
-242,1524
-242,1525
-242,1526
-242,1527
-242,1528
-242,1529
-242,1530
-242,1531
-242,1532
-242,1533
-242,1534
-242,1535
-242,1536
-242,1537
-242,1538
-242,1539
-242,1540
-242,1541
-242,1542
-242,1543
-242,1544
-242,1545
-242,1546
-242,1547
-242,1548
-242,1549
-242,1550
-242,1551
-242,1552
-242,1553
-242,1554
-242,1555
-242,1556
-242,1557
-242,1558
-242,1559
-242,1560
-242,1561
-242,1562
-242,1563
-242,1564
-242,1565
-242,1566
-242,1567
-242,1568
-242,1569
-242,1570
-242,1571
-242,1572
-242,1573
-242,1574
-242,1575
-242,1576
-242,1577
-242,1578
-242,1579
-242,1580
-242,1581
-242,1582
-242,1583
-242,1584
-242,1585
-242,1586
-242,1587
-242,1588
-242,1589
-242,1590
:244_5,1591
:244_5,1592
:244_5,1593
:244_5,1594
:244_5,1595
437,1596
437,1597
437,1598
437,1599
437,1600
437,1601
437,1602
437,1603
437,1604
437,1605
437,1606
437,1607
437,1608
437,1609
437,1610
437,1611
437,1612
437,1613
437,1614
437,1615
437,1616
437,1617
437,1618
437,1619
437,1620
437,1621
437,1622
437,1623
437,1624
437,1625
437,1626
437,1627
437,1628
437,1629
437,1630
437,1631
437,1632
437,1633
437,1634
437,1635
437,1636
437,1637
437,1638
437,1639
437,1640
437,1641
437,1642
437,1643
437,1644
437,1645
437,1646
437,1647
437,1648
437,1649
437,1650
437,1651
437,1652
437,1653
437,1654
437,1655
437,1656
437,1657
437,1658
437,1659
437,1660
437,1661
437,1662
437,1663
437,1664
437,1665
437,1666
437,1667
437,1668
437,1669
437,1670
437,1671
437,1672
437,1673
437,1674
437,1675
437,1676
437,1677
437,1678
437,1679
437,1680
437,1681
437,1682
437,1683
437,1684
437,1685
437,1686
437,1687
437,1688
437,1689
437,1690
437,1691
437,1692
437,1693
437,1694
437,1695
437,1696
437,1697
437,1698
437,1699
437,1700
437,1701
437,1702
437,1703
437,1704
437,1705
437,1706
437,1707
437,1708
437,1709
437,1710
437,1711
437,1712
437,1713
437,1714
437,1715
437,1716
437,1717
437,1718
437,1719
437,1720
437,1721
437,1722
437,1723
437,1724
437,1725
437,1726
437,1727
437,1728
437,1729
437,1730
437,1731
437,1732
437,1733
437,1734
437,1735
437,1736
437,1737
437,1738
437,1739
437,1740
437,1741
437,1742
437,1743
437,1744
437,1745
437,1746
437,1747
437,1748
437,1749
437,1750
437,1751
437,1752
437,1753
437,1754
437,1755
437,1756
437,1757
437,1758
437,1759
437,1760
437,1761
437,1762
437,1763
437,1764
437,1765
437,1766
437,1767
437,1768
437,1769
437,1770
437,1771
437,1772
437,1773
437,1774
437,1775
437,1776
437,1777
437,1778
437,1779
437,1780
437,1781
437,1782
437,1783
437,1784
437,1785
437,1786
437,1787
437,1788
437,1789
437,1790
437,1791
437,1792
437,1793
437,1794
437,1795
437,1796
437,1797
437,1798
437,1799
437,1800
437,1801
437,1802
437,1803
437,1804
437,1805
437,1806
437,1807
437,1808
437,1809
437,1810
437,1811
437,1812
437,1813
437,1814
437,1815
437,1816
437,1817
437,1818
437,1819
437,1820
437,1821
437,1822
437,1823
437,1824
437,1825
437,1826
437,1827
437,1828
437,1829
437,1830
437,1831
437,1832
437,1833
437,1834
437,1835
437,1836
437,1837
437,1838
437,1839
437,1840
437,1841
437,1842
437,1843
437,1844
437,1845
:381_5,1846
:381_5,1847
:381_5,1848
:381_5,1849
:381_5,1850
:381_5,1851
438,1852
438,1853
438,1854
438,1855
438,1856
438,1857
438,1858
438,1859
438,1860
438,1861
438,1862
438,1863
438,1864
438,1865
438,1866
438,1867
438,1868
438,1869
438,1870
438,1871
438,1872
438,1873
438,1874
438,1875
438,1876
438,1877
438,1878
438,1879
438,1880
438,1881
438,1882
438,1883
438,1884
438,1885
438,1886
438,1887
438,1888
438,1889
438,1890
438,1891
438,1892
438,1893
438,1894
438,1895
438,1896
438,1897
438,1898
438,1899
438,1900
438,1901
438,1902
438,1903
438,1904
438,1905
438,1906
438,1907
438,1908
438,1909
438,1910
438,1911
438,1912
438,1913
438,1914
438,1915
438,1916
438,1917
438,1918
438,1919
438,1920
438,1921
438,1922
438,1923
438,1924
438,1925
438,1926
438,1927
438,1928
438,1929
438,1930
438,1931
438,1932
438,1933
438,1934
438,1935
438,1936
438,1937
438,1938
438,1939
438,1940
438,1941
438,1942
438,1943
438,1944
438,1945
438,1946
438,1947
438,1948
438,1949
438,1950
438,1951
438,1952
438,1953
438,1954
438,1955
438,1956
438,1957
438,1958
438,1959
438,1960
438,1961
438,1962
438,1963
438,1964
438,1965
438,1966
438,1967
438,1968
438,1969
438,1970
438,1971
438,1972
438,1973
438,1974
438,1975
438,1976
438,1977
438,1978
438,1979
438,1980
:75_5,1981
:75_5,1982
:75_5,1983
:75_5,1984
:75_5,1985
-65,1986
-65,1987
-65,1988
-65,1989
-65,1990
-65,1991
-65,1992
-65,1993
-65,1994
-65,1995
-65,1996
-65,1997
-65,1998
-65,1999
-65,2000
