-316,21
-316,22
-316,23
-316,24
-316,25
-316,26
-316,27
-316,28
-316,29
-316,30
-316,31
-316,32
-316,33
-316,34
-316,35
-316,36
-316,37
-316,38
-316,39
-316,40
-316,41
-316,42
-316,43
-316,44
-316,45
-316,46
-316,47
-316,48
-316,49
-316,50
-316,51
-316,52
-316,53
-316,54
-316,55
-316,56
-316,57
-316,58
-316,59
-316,60
-316,61
-316,62
-316,63
-316,64
-316,65
-316,66
-316,67
-316,68
-316,69
-316,70
-316,71
-316,72
-316,73
-316,74
-316,75
-316,76
-316,77
-316,78
-316,79
-316,80
-316,81
-316,82
-316,83
-316,84
-316,85
-316,86
-316,87
-316,88
-316,89
-316,90
-316,91
-316,92
-316,93
-316,94
-316,95
-316,96
-316,97
-316,98
-316,99
:226_0,100
:226_0,101
:226_0,102
:226_0,103
:226_0,104
-221,105
-221,106
-221,107
-221,108
-221,109
-221,110
-221,111
-221,112
-221,113
-221,114
-221,115
-221,116
-221,117
-221,118
-221,119
-221,120
-221,121
-221,122
-221,123
-221,124
-221,125
-221,126
-221,127
-221,128
-221,129
-221,130
-221,131
-221,132
-221,133
-221,134
-221,135
-221,136
-221,137
-221,138
-221,139
-221,140
-221,141
-221,142
-221,143
-221,144
-221,145
-221,146
-221,147
-221,148
-221,149
-221,150
-221,151
-221,152
-221,153
-221,154
-221,155
-221,156
-221,157
-221,158
-221,159
-221,160
-221,161
-221,162
-221,163
-221,164
-221,165
-221,166
-221,167
-221,168
-221,169
-221,170
-221,171
-221,172
-221,173
-221,174
-221,175
-221,176
-221,177
-221,178
-221,179
-221,180
-221,181
-221,182
-221,183
:221_1,184
:221_1,185
:221_1,186
:221_1,187
:221_1,188
219,189
219,190
219,191
219,192
219,193
219,194
219,195
219,196
219,197
219,198
219,199
219,200
219,201
219,202
219,203
219,204
219,205
219,206
219,207
219,208
219,209
219,210
219,211
219,212
219,213
219,214
219,215
219,216
219,217
219,218
219,219
219,220
219,221
219,222
219,223
219,224
219,225
219,226
219,227
219,228
219,229
219,230
219,231
219,232
219,233
219,234
219,235
219,236
219,237
219,238
219,239
219,240
219,241
219,242
219,243
219,244
219,245
219,246
219,247
219,248
219,249
219,250
219,251
219,252
219,253
219,254
219,255
219,256
219,257
219,258
219,259
219,260
219,261
219,262
219,263
219,264
219,265
219,266
219,267
219,268
219,269
:225_1,270
:225_1,271
:225_1,272
:225_1,273
:225_1,274
-587,275
-587,276
-587,277
-587,278
-587,279
-587,280
-587,281
-587,282
-587,283
-587,284
-587,285
-587,286
-587,287
-587,288
-587,289
-587,290
-587,291
-587,292
-587,293
-587,294
-587,295
-587,296
-587,297
-587,298
-587,299
-587,300
-587,301
-587,302
-587,303
-587,304
-587,305
-587,306
-587,307
-587,308
-587,309
-587,310
-587,311
-587,312
-587,313
-587,314
-587,315
-587,316
-587,317
-587,318
-587,319
-587,320
-587,321
-587,322
-587,323
-587,324
-587,325
-587,326
-587,327
-587,328
-587,329
-587,330
-587,331
-587,332
-587,333
-587,334
-587,335
-587,336
-587,337
-587,338
-587,339
-587,340
-587,341
-587,342
-587,343
-587,344
-587,345
-587,346
-587,347
:376_1,348
:376_1,349
:376_1,350
:376_1,351
-432,352
-432,353
-432,354
-432,355
-432,356
-432,357
-432,358
-432,359
-432,360
-432,361
-432,362
-432,363
-432,364
-432,365
-432,366
-432,367
-432,368
-432,369
-432,370
-432,371
-432,372
-432,373
-432,374
-432,375
-432,376
-432,377
-432,378
-432,379
-432,380
-432,381
-432,382
-432,383
-432,384
-432,385
-432,386
-432,387
-432,388
-432,389
-432,390
-432,391
-432,392
-432,393
-432,394
-432,395
-432,396
-432,397
-432,398
-432,399
-432,400
-432,401
-432,402
-432,403
-432,404
-432,405
-432,406
-432,407
-432,408
-432,409
-432,410
-432,411
-432,412
-432,413
-432,414
-432,415
-432,416
:121_1,417
:121_1,418
:121_1,419
:121_1,420
-105,421
-105,422
-105,423
-105,424
-105,425
-105,426
-105,427
-105,428
-105,429
-105,430
-105,431
-105,432
-105,433
-105,434
-105,435
-105,436
-105,437
-105,438
-105,439
-105,440
-105,441
-105,442
-105,443
-105,444
-105,445
-105,446
-105,447
-105,448
-105,449
-105,450
-105,451
-105,452
-105,453
-105,454
-105,455
-105,456
-105,457
-105,458
-105,459
-105,460
-105,461
-105,462
-105,463
-105,464
-105,465
-105,466
-105,467
-105,468
-105,469
-105,470
-105,471
-105,472
-105,473
-105,474
-105,475
-105,476
-105,477
-105,478
-105,479
-105,480
-105,481
-105,482
-105,483
-105,484
-105,485
-105,486
-105,487
-105,488
-105,489
-105,490
-105,491
-105,492
:119_13,493
:119_13,494
:119_13,495
:119_13,496
106,497
106,498
106,499
106,500
106,501
106,502
106,503
106,504
106,505
106,506
106,507
106,508
106,509
106,510
106,511
106,512
106,513
106,514
106,515
106,516
106,517
106,518
106,519
106,520
106,521
106,522
106,523
106,524
106,525
106,526
106,527
106,528
106,529
106,530
106,531
106,532
106,533
106,534
106,535
106,536
106,537
106,538
106,539
106,540
106,541
106,542
106,543
106,544
106,545
106,546
106,547
106,548
106,549
106,550
106,551
106,552
106,553
106,554
106,555
106,556
106,557
106,558
106,559
:122_13,560
:122_13,561
:122_13,562
:122_13,563
:122_13,564
292,565
292,566
292,567
292,568
292,569
292,570
292,571
292,572
292,573
292,574
292,575
292,576
292,577
292,578
292,579
292,580
292,581
292,582
292,583
292,584
292,585
292,586
292,587
292,588
292,589
292,590
292,591
292,592
292,593
292,594
292,595
292,596
292,597
292,598
292,599
292,600
292,601
292,602
292,603
292,604
292,605
292,606
292,607
292,608
292,609
292,610
292,611
292,612
292,613
:232_6,614
:232_6,615
:232_6,616
:232_6,617
:232_6,618
-226,619
-226,620
-226,621
-226,622
-226,623
-226,624
-226,625
-226,626
-226,627
-226,628
-226,629
-226,630
-226,631
-226,632
-226,633
-226,634
-226,635
-226,636
-226,637
-226,638
-226,639
-226,640
-226,641
-226,642
-226,643
-226,644
-226,645
-226,646
-226,647
-226,648
-226,649
-226,650
-226,651
-226,652
-226,653
-226,654
-226,655
-226,656
-226,657
-226,658
-226,659
-226,660
-226,661
-226,662
-226,663
-226,664
-226,665
-226,666
-226,667
-226,668
-226,669
-226,670
-226,671
-226,672
-226,673
-226,674
-226,675
-226,676
-226,677
:227_6,678
:227_6,679
:227_6,680
222,681
222,682
222,683
222,684
222,685
222,686
222,687
222,688
222,689
222,690
222,691
222,692
222,693
222,694
222,695
222,696
222,697
222,698
222,699
222,700
222,701
222,702
222,703
222,704
222,705
222,706
222,707
222,708
222,709
222,710
222,711
222,712
222,713
222,714
222,715
222,716
222,717
222,718
222,719
222,720
222,721
222,722
222,723
222,724
222,725
222,726
222,727
222,728
222,729
222,730
222,731
222,732
222,733
222,734
222,735
222,736
222,737
222,738
222,739
222,740
222,741
222,742
222,743
222,744
222,745
222,746
222,747
222,748
222,749
222,750
222,751
222,752
222,753
222,754
222,755
222,756
222,757
222,758
222,759
222,760
222,761
222,762
222,763
222,764
222,765
222,766
222,767
222,768
222,769
222,770
222,771
222,772
222,773
222,774
222,775
222,776
222,777
222,778
222,779
222,780
222,781
222,782
222,783
222,784
222,785
222,786
222,787
222,788
222,789
222,790
222,791
222,792
222,793
222,794
222,795
222,796
222,797
222,798
222,799
222,800
222,801
222,802
222,803
222,804
222,805
222,806
222,807
222,808
222,809
222,810
222,811
222,812
222,813
222,814
222,815
222,816
222,817
222,818
222,819
222,820
222,821
222,822
222,823
222,824
222,825
222,826
222,827
222,828
222,829
222,830
222,831
222,832
222,833
222,834
222,835
222,836
222,837
222,838
222,839
222,840
222,841
222,842
222,843
222,844
222,845
222,846
222,847
:228_4,848
:228_4,849
:228_4,850
:228_4,851
:228_4,852
:228_4,853
223,854
223,855
223,856
223,857
223,858
223,859
223,860
223,861
223,862
223,863
223,864
223,865
223,866
223,867
223,868
223,869
223,870
223,871
223,872
223,873
223,874
223,875
223,876
223,877
223,878
223,879
223,880
223,881
223,882
223,883
223,884
223,885
223,886
223,887
223,888
223,889
223,890
223,891
223,892
223,893
223,894
223,895
223,896
223,897
223,898
223,899
223,900
223,901
223,902
223,903
223,904
223,905
223,906
223,907
223,908
223,909
223,910
223,911
223,912
223,913
223,914
223,915
223,916
223,917
223,918
223,919
223,920
223,921
223,922
223,923
223,924
223,925
223,926
223,927
223,928
223,929
223,930
223,931
223,932
223,933
223,934
223,935
223,936
223,937
223,938
223,939
223,940
223,941
223,942
223,943
223,944
223,945
223,946
223,947
223,948
223,949
:229_4,950
:229_4,951
:229_4,952
:229_4,953
:229_4,954
224,955
224,956
224,957
224,958
224,959
224,960
224,961
224,962
224,963
224,964
224,965
224,966
224,967
224,968
224,969
224,970
224,971
224,972
224,973
224,974
224,975
224,976
224,977
224,978
224,979
224,980
224,981
224,982
224,983
224,984
224,985
224,986
224,987
224,988
224,989
224,990
224,991
224,992
224,993
224,994
224,995
224,996
224,997
224,998
224,999
224,1000
224,1001
224,1002
224,1003
224,1004
224,1005
224,1006
224,1007
224,1008
224,1009
224,1010
224,1011
224,1012
224,1013
224,1014
224,1015
224,1016
224,1017
224,1018
224,1019
224,1020
224,1021
224,1022
224,1023
224,1024
224,1025
224,1026
224,1027
224,1028
224,1029
224,1030
224,1031
224,1032
224,1033
224,1034
224,1035
224,1036
224,1037
224,1038
224,1039
224,1040
224,1041
224,1042
224,1043
:230_1,1044
:230_1,1045
:230_1,1046
:230_1,1047
:230_1,1048
:230_1,1049
374,1050
374,1051
374,1052
374,1053
374,1054
374,1055
374,1056
374,1057
374,1058
374,1059
374,1060
374,1061
374,1062
374,1063
374,1064
374,1065
374,1066
374,1067
374,1068
374,1069
374,1070
374,1071
374,1072
374,1073
374,1074
374,1075
374,1076
374,1077
374,1078
374,1079
374,1080
374,1081
374,1082
374,1083
374,1084
374,1085
374,1086
374,1087
374,1088
374,1089
374,1090
374,1091
374,1092
374,1093
374,1094
374,1095
374,1096
374,1097
374,1098
374,1099
374,1100
374,1101
374,1102
374,1103
374,1104
374,1105
374,1106
374,1107
374,1108
374,1109
374,1110
374,1111
374,1112
374,1113
374,1114
374,1115
374,1116
374,1117
374,1118
374,1119
374,1120
374,1121
374,1122
374,1123
374,1124
374,1125
374,1126
374,1127
:340_0,1128
:340_0,1129
375,1130
375,1131
375,1132
375,1133
375,1134
375,1135
375,1136
375,1137
375,1138
375,1139
375,1140
375,1141
375,1142
375,1143
375,1144
375,1145
375,1146
375,1147
375,1148
375,1149
375,1150
375,1151
375,1152
375,1153
375,1154
375,1155
375,1156
375,1157
375,1158
375,1159
375,1160
375,1161
375,1162
375,1163
375,1164
375,1165
375,1166
375,1167
375,1168
375,1169
375,1170
375,1171
375,1172
375,1173
375,1174
375,1175
375,1176
375,1177
375,1178
375,1179
375,1180
375,1181
375,1182
375,1183
375,1184
375,1185
375,1186
375,1187
375,1188
375,1189
375,1190
375,1191
375,1192
375,1193
375,1194
375,1195
375,1196
375,1197
375,1198
375,1199
375,1200
375,1201
375,1202
375,1203
375,1204
375,1205
375,1206
375,1207
375,1208
375,1209
375,1210
375,1211
375,1212
375,1213
375,1214
375,1215
375,1216
375,1217
375,1218
375,1219
375,1220
375,1221
375,1222
375,1223
375,1224
375,1225
375,1226
375,1227
375,1228
375,1229
375,1230
375,1231
375,1232
375,1233
375,1234
375,1235
375,1236
375,1237
375,1238
:15_1,1239
:15_1,1240
:15_1,1241
:15_1,1242
:15_1,1243
:15_1,1244
-13,1245
-13,1246
-13,1247
-13,1248
-13,1249
-13,1250
-13,1251
-13,1252
-13,1253
-13,1254
-13,1255
-13,1256
-13,1257
-13,1258
-13,1259
-13,1260
-13,1261
-13,1262
-13,1263
-13,1264
-13,1265
-13,1266
-13,1267
-13,1268
-13,1269
-13,1270
-13,1271
-13,1272
-13,1273
-13,1274
-13,1275
-13,1276
-13,1277
-13,1278
-13,1279
-13,1280
-13,1281
-13,1282
-13,1283
-13,1284
-13,1285
-13,1286
-13,1287
-13,1288
-13,1289
-13,1290
-13,1291
-13,1292
-13,1293
-13,1294
-13,1295
-13,1296
-13,1297
-13,1298
-13,1299
-13,1300
-13,1301
-13,1302
-13,1303
-13,1304
-13,1305
-13,1306
-13,1307
-13,1308
-13,1309
-13,1310
-13,1311
-13,1312
-13,1313
-13,1314
-13,1315
-13,1316
-13,1317
-13,1318
-13,1319
-13,1320
-13,1321
-13,1322
-13,1323
-13,1324
-13,1325
-13,1326
-13,1327
-13,1328
-13,1329
-13,1330
-13,1331
-13,1332
-13,1333
-13,1334
-13,1335
-13,1336
-13,1337
-13,1338
-13,1339
-13,1340
-13,1341
-13,1342
-13,1343
-13,1344
-13,1345
-13,1346
:14_0,1347
14,1348
14,1349
14,1350
14,1351
14,1352
14,1353
14,1354
14,1355
14,1356
14,1357
14,1358
14,1359
14,1360
14,1361
14,1362
14,1363
14,1364
14,1365
14,1366
14,1367
14,1368
14,1369
14,1370
14,1371
14,1372
14,1373
14,1374
14,1375
14,1376
14,1377
14,1378
14,1379
14,1380
14,1381
14,1382
14,1383
14,1384
14,1385
14,1386
14,1387
14,1388
14,1389
14,1390
14,1391
14,1392
14,1393
14,1394
14,1395
14,1396
14,1397
14,1398
14,1399
14,1400
14,1401
14,1402
14,1403
14,1404
14,1405
14,1406
14,1407
14,1408
14,1409
14,1410
14,1411
14,1412
14,1413
14,1414
14,1415
14,1416
14,1417
14,1418
14,1419
14,1420
14,1421
14,1422
14,1423
14,1424
14,1425
14,1426
14,1427
14,1428
14,1429
14,1430
14,1431
14,1432
14,1433
14,1434
14,1435
14,1436
14,1437
14,1438
14,1439
14,1440
14,1441
14,1442
14,1443
14,1444
14,1445
14,1446
14,1447
14,1448
14,1449
14,1450
14,1451
14,1452
14,1453
14,1454
14,1455
14,1456
14,1457
14,1458
14,1459
14,1460
:16_4,1461
:16_4,1462
:16_4,1463
:16_4,1464
:16_4,1465
:16_4,1466
-210,1467
-210,1468
-210,1469
-210,1470
-210,1471
-210,1472
-210,1473
-210,1474
-210,1475
-210,1476
-210,1477
-210,1478
-210,1479
-210,1480
-210,1481
-210,1482
-210,1483
-210,1484
-210,1485
-210,1486
-210,1487
-210,1488
-210,1489
-210,1490
-210,1491
-210,1492
-210,1493
-210,1494
-210,1495
-210,1496
-210,1497
-210,1498
-210,1499
-210,1500
-210,1501
-210,1502
-210,1503
-210,1504
-210,1505
-210,1506
-210,1507
-210,1508
-210,1509
-210,1510
-210,1511
-210,1512
-210,1513
-210,1514
-210,1515
-210,1516
-210,1517
-210,1518
-210,1519
-210,1520
-210,1521
-210,1522
-210,1523
-210,1524
-210,1525
-210,1526
-210,1527
-210,1528
-210,1529
-210,1530
-210,1531
-210,1532
-210,1533
-210,1534
-210,1535
-210,1536
-210,1537
-210,1538
-210,1539
-210,1540
-210,1541
-210,1542
-210,1543
-210,1544
-210,1545
-210,1546
-210,1547
-210,1548
-210,1549
-210,1550
-210,1551
-210,1552
-210,1553
-210,1554
-210,1555
-210,1556
-210,1557
-210,1558
-210,1559
-210,1560
-210,1561
-210,1562
-210,1563
-210,1564
-210,1565
-210,1566
-210,1567
:29_5,1568
:29_5,1569
:29_5,1570
:29_5,1571
:29_5,1572
:29_5,1573
-25,1574
-25,1575
-25,1576
-25,1577
-25,1578
-25,1579
-25,1580
-25,1581
-25,1582
-25,1583
-25,1584
-25,1585
-25,1586
-25,1587
-25,1588
-25,1589
-25,1590
-25,1591
-25,1592
-25,1593
-25,1594
-25,1595
-25,1596
-25,1597
-25,1598
-25,1599
-25,1600
-25,1601
-25,1602
-25,1603
-25,1604
-25,1605
-25,1606
-25,1607
-25,1608
-25,1609
-25,1610
-25,1611
-25,1612
-25,1613
-25,1614
-25,1615
-25,1616
-25,1617
-25,1618
-25,1619
-25,1620
-25,1621
-25,1622
-25,1623
-25,1624
-25,1625
-25,1626
-25,1627
-25,1628
-25,1629
-25,1630
-25,1631
-25,1632
-25,1633
-25,1634
-25,1635
-25,1636
-25,1637
-25,1638
-25,1639
-25,1640
-25,1641
-25,1642
-25,1643
-25,1644
-25,1645
-25,1646
-25,1647
-25,1648
-25,1649
-25,1650
-25,1651
-25,1652
-25,1653
-25,1654
-25,1655
-25,1656
-25,1657
-25,1658
-25,1659
-25,1660
-25,1661
-25,1662
-25,1663
-25,1664
-25,1665
-25,1666
-25,1667
-25,1668
-25,1669
-25,1670
-25,1671
-25,1672
-25,1673
-25,1674
-25,1675
-25,1676
-25,1677
-25,1678
-25,1679
-25,1680
-25,1681
-25,1682
-25,1683
-25,1684
-25,1685
-25,1686
-25,1687
-25,1688
-25,1689
-25,1690
-25,1691
-25,1692
-25,1693
-25,1694
-25,1695
-25,1696
-25,1697
-25,1698
-25,1699
-25,1700
-25,1701
-25,1702
-25,1703
-25,1704
-25,1705
-25,1706
-25,1707
-25,1708
-25,1709
-25,1710
-25,1711
-25,1712
-25,1713
-25,1714
-25,1715
-25,1716
-25,1717
-25,1718
-25,1719
:24_5,1720
:24_5,1721
:24_5,1722
:24_5,1723
:24_5,1724
-20,1725
-20,1726
-20,1727
-20,1728
-20,1729
-20,1730
-20,1731
-20,1732
-20,1733
-20,1734
-20,1735
-20,1736
-20,1737
-20,1738
-20,1739
-20,1740
-20,1741
-20,1742
-20,1743
-20,1744
-20,1745
-20,1746
-20,1747
-20,1748
-20,1749
-20,1750
-20,1751
-20,1752
-20,1753
-20,1754
-20,1755
-20,1756
-20,1757
-20,1758
-20,1759
-20,1760
-20,1761
-20,1762
-20,1763
-20,1764
-20,1765
-20,1766
-20,1767
-20,1768
-20,1769
-20,1770
-20,1771
-20,1772
-20,1773
-20,1774
-20,1775
-20,1776
-20,1777
-20,1778
-20,1779
-20,1780
-20,1781
-20,1782
-20,1783
-20,1784
-20,1785
-20,1786
-20,1787
-20,1788
-20,1789
-20,1790
-20,1791
-20,1792
-20,1793
-20,1794
-20,1795
-20,1796
-20,1797
-20,1798
-20,1799
-20,1800
-20,1801
-20,1802
-20,1803
-20,1804
-20,1805
-20,1806
-20,1807
-20,1808
-20,1809
-20,1810
-20,1811
-20,1812
-20,1813
-20,1814
-20,1815
-20,1816
-20,1817
-20,1818
-20,1819
-20,1820
:23_4,1821
:23_4,1822
:23_4,1823
:23_4,1824
:23_4,1825
:23_4,1826
:23_4,1827
-19,1828
-19,1829
-19,1830
-19,1831
-19,1832
-19,1833
-19,1834
-19,1835
-19,1836
-19,1837
-19,1838
-19,1839
-19,1840
-19,1841
-19,1842
-19,1843
-19,1844
-19,1845
-19,1846
-19,1847
-19,1848
-19,1849
-19,1850
-19,1851
-19,1852
-19,1853
-19,1854
-19,1855
-19,1856
-19,1857
-19,1858
-19,1859
-19,1860
-19,1861
-19,1862
-19,1863
-19,1864
-19,1865
-19,1866
-19,1867
-19,1868
-19,1869
-19,1870
-19,1871
-19,1872
-19,1873
-19,1874
-19,1875
-19,1876
-19,1877
-19,1878
-19,1879
-19,1880
-19,1881
-19,1882
-19,1883
-19,1884
-19,1885
-19,1886
-19,1887
-19,1888
-19,1889
-19,1890
-19,1891
-19,1892
-19,1893
-19,1894
-19,1895
-19,1896
-19,1897
-19,1898
-19,1899
-19,1900
-19,1901
-19,1902
-19,1903
-19,1904
-19,1905
-19,1906
-19,1907
-19,1908
-19,1909
-19,1910
-19,1911
-19,1912
-19,1913
-19,1914
-19,1915
-19,1916
-19,1917
-19,1918
-19,1919
-19,1920
-19,1921
-19,1922
-19,1923
-19,1924
-19,1925
-19,1926
:22_1,1927
:22_1,1928
:22_1,1929
:22_1,1930
:22_1,1931
:22_1,1932
23,1933
23,1934
23,1935
23,1936
23,1937
23,1938
23,1939
23,1940
23,1941
23,1942
23,1943
23,1944
23,1945
23,1946
23,1947
23,1948
23,1949
23,1950
23,1951
23,1952
23,1953
23,1954
23,1955
23,1956
23,1957
23,1958
23,1959
23,1960
23,1961
23,1962
23,1963
23,1964
23,1965
23,1966
23,1967
23,1968
23,1969
23,1970
23,1971
23,1972
23,1973
23,1974
23,1975
23,1976
23,1977
23,1978
23,1979
23,1980
23,1981
23,1982
23,1983
23,1984
23,1985
23,1986
23,1987
23,1988
23,1989
23,1990
23,1991
23,1992
23,1993
23,1994
23,1995
23,1996
23,1997
23,1998
23,1999
23,2000
