60,1
60,2
60,3
60,4
60,5
60,6
60,7
60,8
60,9
60,10
60,11
60,12
60,13
60,14
60,15
60,16
60,17
60,18
60,19
60,20
60,21
60,22
60,23
60,24
60,25
60,26
60,27
60,28
60,29
60,30
60,31
60,32
60,33
60,34
60,35
60,36
60,37
60,38
60,39
60,40
60,41
60,42
60,43
60,44
60,45
60,46
60,47
60,48
60,49
60,50
60,51
60,52
60,53
60,54
60,55
60,56
60,57
60,58
60,59
:69_1,60
61,61
61,62
61,63
61,64
61,65
61,66
61,67
61,68
61,69
61,70
61,71
61,72
61,73
61,74
61,75
61,76
61,77
61,78
61,79
61,80
61,81
61,82
61,83
61,84
61,85
61,86
61,87
61,88
61,89
61,90
61,91
61,92
61,93
61,94
61,95
61,96
61,97
61,98
61,99
61,100
61,101
61,102
61,103
61,104
61,105
61,106
61,107
61,108
61,109
61,110
61,111
61,112
61,113
61,114
61,115
61,116
61,117
61,118
61,119
61,120
61,121
61,122
61,123
61,124
61,125
61,126
:70_1,127
62,128
62,129
62,130
62,131
62,132
62,133
62,134
62,135
62,136
62,137
62,138
62,139
62,140
62,141
62,142
62,143
62,144
62,145
62,146
62,147
62,148
62,149
62,150
62,151
62,152
62,153
62,154
62,155
62,156
62,157
62,158
62,159
62,160
62,161
62,162
62,163
62,164
62,165
62,166
62,167
62,168
62,169
62,170
62,171
62,172
62,173
62,174
62,175
62,176
62,177
62,178
62,179
62,180
62,181
62,182
62,183
62,184
62,185
62,186
62,187
62,188
62,189
62,190
62,191
62,192
62,193
62,194
62,195
:71_1,196
63,197
63,198
63,199
63,200
63,201
63,202
63,203
63,204
63,205
63,206
63,207
63,208
63,209
63,210
63,211
63,212
63,213
63,214
63,215
63,216
63,217
63,218
63,219
63,220
63,221
63,222
63,223
63,224
63,225
63,226
63,227
63,228
63,229
63,230
63,231
63,232
63,233
63,234
63,235
63,236
63,237
63,238
63,239
63,240
63,241
63,242
63,243
63,244
63,245
63,246
63,247
63,248
63,249
63,250
63,251
63,252
63,253
63,254
63,255
63,256
63,257
63,258
63,259
63,260
63,261
63,262
63,263
63,264
63,265
63,266
63,267
63,268
63,269
63,270
63,271
63,272
63,273
63,274
63,275
63,276
63,277
63,278
63,279
63,280
63,281
63,282
63,283
63,284
63,285
63,286
63,287
63,288
63,289
63,290
63,291
63,292
63,293
63,294
63,295
63,296
63,297
63,298
63,299
63,300
63,301
63,302
63,303
63,304
63,305
63,306
63,307
63,308
63,309
63,310
63,311
63,312
63,313
63,314
63,315
63,316
63,317
63,318
63,319
63,320
63,321
63,322
63,323
63,324
63,325
63,326
63,327
63,328
63,329
63,330
63,331
63,332
63,333
63,334
63,335
63,336
63,337
63,338
63,339
:72_3,340
:72_3,341
:72_3,342
:72_3,343
:72_3,344
:72_3,345
:72_3,346
64,347
64,348
64,349
64,350
64,351
64,352
64,353
64,354
64,355
64,356
64,357
64,358
64,359
64,360
64,361
64,362
64,363
64,364
64,365
64,366
64,367
64,368
64,369
64,370
64,371
64,372
64,373
64,374
64,375
64,376
64,377
64,378
64,379
64,380
64,381
64,382
64,383
64,384
64,385
64,386
64,387
64,388
64,389
64,390
64,391
64,392
64,393
64,394
64,395
64,396
64,397
64,398
64,399
64,400
64,401
64,402
64,403
64,404
64,405
64,406
64,407
64,408
64,409
64,410
64,411
64,412
64,413
64,414
64,415
64,416
64,417
64,418
64,419
64,420
64,421
64,422
64,423
64,424
64,425
64,426
64,427
64,428
:73_12,429
:73_12,430
:73_12,431
368,432
368,433
368,434
368,435
368,436
368,437
368,438
368,439
368,440
368,441
368,442
368,443
368,444
368,445
368,446
368,447
368,448
368,449
368,450
368,451
368,452
368,453
368,454
368,455
368,456
368,457
368,458
368,459
368,460
368,461
368,462
368,463
368,464
368,465
368,466
368,467
368,468
368,469
368,470
368,471
368,472
368,473
368,474
368,475
368,476
368,477
368,478
368,479
368,480
368,481
368,482
368,483
368,484
368,485
368,486
368,487
368,488
368,489
368,490
368,491
368,492
368,493
368,494
368,495
368,496
368,497
368,498
368,499
368,500
368,501
368,502
368,503
368,504
368,505
368,506
368,507
368,508
368,509
368,510
368,511
368,512
368,513
368,514
368,515
368,516
368,517
368,518
368,519
368,520
368,521
368,522
368,523
368,524
368,525
368,526
368,527
368,528
368,529
368,530
368,531
368,532
368,533
368,534
368,535
368,536
368,537
368,538
368,539
368,540
368,541
368,542
368,543
368,544
368,545
368,546
368,547
368,548
368,549
368,550
368,551
368,552
368,553
368,554
368,555
368,556
368,557
368,558
368,559
368,560
368,561
368,562
368,563
368,564
368,565
368,566
368,567
368,568
368,569
368,570
368,571
368,572
368,573
:337_0,574
:337_0,575
:337_0,576
455,577
455,578
455,579
455,580
455,581
455,582
455,583
455,584
455,585
455,586
455,587
455,588
455,589
455,590
455,591
455,592
455,593
455,594
455,595
455,596
455,597
455,598
455,599
455,600
455,601
455,602
455,603
455,604
455,605
455,606
455,607
455,608
455,609
455,610
455,611
455,612
455,613
455,614
455,615
455,616
455,617
455,618
455,619
455,620
455,621
455,622
455,623
455,624
455,625
455,626
455,627
455,628
455,629
455,630
455,631
455,632
455,633
455,634
455,635
455,636
455,637
455,638
455,639
455,640
455,641
455,642
455,643
455,644
455,645
455,646
455,647
455,648
455,649
455,650
455,651
455,652
455,653
455,654
455,655
455,656
455,657
455,658
455,659
455,660
455,661
455,662
455,663
455,664
455,665
455,666
455,667
455,668
455,669
455,670
455,671
455,672
455,673
455,674
455,675
455,676
455,677
455,678
455,679
455,680
455,681
455,682
455,683
455,684
455,685
455,686
455,687
455,688
455,689
455,690
455,691
455,692
455,693
455,694
455,695
455,696
455,697
455,698
455,699
455,700
455,701
455,702
455,703
455,704
455,705
455,706
455,707
455,708
455,709
455,710
455,711
455,712
455,713
455,714
455,715
455,716
455,717
455,718
455,719
455,720
455,721
455,722
455,723
455,724
455,725
455,726
455,727
455,728
455,729
455,730
455,731
455,732
455,733
455,734
455,735
455,736
455,737
455,738
455,739
455,740
455,741
455,742
455,743
455,744
455,745
455,746
455,747
455,748
455,749
455,750
455,751
455,752
455,753
455,754
455,755
455,756
455,757
455,758
455,759
455,760
455,761
455,762
455,763
455,764
455,765
455,766
455,767
455,768
455,769
455,770
455,771
455,772
455,773
:388_0,774
:388_0,775
:388_0,776
:388_0,777
:388_0,778
484,779
484,780
484,781
484,782
484,783
484,784
484,785
484,786
484,787
484,788
484,789
484,790
484,791
484,792
484,793
484,794
484,795
484,796
484,797
484,798
484,799
484,800
484,801
484,802
484,803
484,804
484,805
484,806
484,807
484,808
484,809
484,810
484,811
484,812
484,813
484,814
484,815
484,816
484,817
484,818
484,819
484,820
484,821
484,822
484,823
484,824
484,825
484,826
484,827
484,828
484,829
484,830
484,831
484,832
484,833
484,834
484,835
484,836
484,837
484,838
484,839
484,840
484,841
484,842
484,843
484,844
484,845
484,846
484,847
484,848
484,849
484,850
484,851
484,852
484,853
484,854
484,855
484,856
484,857
484,858
484,859
484,860
484,861
484,862
484,863
484,864
484,865
484,866
484,867
484,868
484,869
484,870
484,871
484,872
484,873
484,874
484,875
484,876
484,877
484,878
484,879
484,880
484,881
484,882
484,883
484,884
484,885
484,886
484,887
484,888
484,889
484,890
484,891
484,892
484,893
484,894
484,895
484,896
484,897
484,898
484,899
484,900
484,901
484,902
484,903
484,904
484,905
484,906
484,907
484,908
484,909
484,910
:97_0,911
:97_0,912
:97_0,913
:97_0,914
:97_0,915
-83,916
-83,917
-83,918
-83,919
-83,920
-83,921
-83,922
-83,923
-83,924
-83,925
-83,926
-83,927
-83,928
-83,929
-83,930
-83,931
-83,932
-83,933
-83,934
-83,935
-83,936
-83,937
-83,938
-83,939
-83,940
-83,941
-83,942
-83,943
-83,944
-83,945
-83,946
-83,947
-83,948
-83,949
-83,950
-83,951
-83,952
-83,953
-83,954
-83,955
-83,956
-83,957
-83,958
-83,959
-83,960
-83,961
-83,962
-83,963
-83,964
-83,965
-83,966
-83,967
-83,968
-83,969
-83,970
-83,971
-83,972
-83,973
-83,974
-83,975
-83,976
-83,977
-83,978
-83,979
-83,980
-83,981
-83,982
-83,983
-83,984
-83,985
-83,986
-83,987
-83,988
-83,989
-83,990
-83,991
:96_0,992
-82,993
-82,994
-82,995
-82,996
-82,997
-82,998
-82,999
-82,1000
-82,1001
-82,1002
-82,1003
:94_4,1004
:94_4,1005
:94_4,1006
:94_4,1007
:94_4,1008
81,1009
81,1010
81,1011
81,1012
81,1013
81,1014
81,1015
81,1016
81,1017
81,1018
81,1019
81,1020
81,1021
81,1022
81,1023
81,1024
81,1025
81,1026
81,1027
81,1028
81,1029
81,1030
81,1031
81,1032
81,1033
81,1034
81,1035
81,1036
81,1037
81,1038
81,1039
81,1040
81,1041
81,1042
81,1043
81,1044
81,1045
81,1046
81,1047
81,1048
81,1049
81,1050
81,1051
81,1052
81,1053
81,1054
81,1055
81,1056
81,1057
81,1058
81,1059
81,1060
81,1061
81,1062
81,1063
81,1064
81,1065
81,1066
81,1067
81,1068
81,1069
81,1070
81,1071
81,1072
81,1073
81,1074
81,1075
81,1076
81,1077
81,1078
81,1079
81,1080
81,1081
81,1082
81,1083
81,1084
81,1085
81,1086
81,1087
81,1088
81,1089
81,1090
81,1091
81,1092
81,1093
81,1094
81,1095
81,1096
81,1097
81,1098
81,1099
81,1100
81,1101
81,1102
81,1103
81,1104
81,1105
81,1106
81,1107
81,1108
81,1109
81,1110
81,1111
81,1112
81,1113
81,1114
81,1115
81,1116
81,1117
81,1118
81,1119
81,1120
81,1121
81,1122
81,1123
81,1124
81,1125
81,1126
81,1127
81,1128
81,1129
81,1130
81,1131
81,1132
81,1133
81,1134
81,1135
81,1136
81,1137
-136,1138
-136,1139
-136,1140
-136,1141
-136,1142
-136,1143
-136,1144
-136,1145
-136,1146
-136,1147
-136,1148
-136,1149
-136,1150
-136,1151
-136,1152
-136,1153
-136,1154
-136,1155
-136,1156
-136,1157
-136,1158
-136,1159
-136,1160
-136,1161
-136,1162
-136,1163
-136,1164
-136,1165
-136,1166
-136,1167
-136,1168
-136,1169
-136,1170
-136,1171
-136,1172
-136,1173
-136,1174
-136,1175
-136,1176
-136,1177
-136,1178
-136,1179
-136,1180
-136,1181
-136,1182
-136,1183
-136,1184
-136,1185
-136,1186
-136,1187
-136,1188
-136,1189
-136,1190
-136,1191
-136,1192
-136,1193
-136,1194
-136,1195
-136,1196
-136,1197
-136,1198
-136,1199
-136,1200
-136,1201
-136,1202
-136,1203
-136,1204
-136,1205
-136,1206
-136,1207
-136,1208
-136,1209
-136,1210
-136,1211
-136,1212
-136,1213
-136,1214
-136,1215
-136,1216
-136,1217
-136,1218
-136,1219
-136,1220
-136,1221
-136,1222
-136,1223
-136,1224
-136,1225
-136,1226
-136,1227
-136,1228
-136,1229
-136,1230
-136,1231
-136,1232
-136,1233
-136,1234
-136,1235
-136,1236
-136,1237
-136,1238
-136,1239
-136,1240
-136,1241
-136,1242
-136,1243
-136,1244
-136,1245
-136,1246
-136,1247
-136,1248
-136,1249
-136,1250
-136,1251
-136,1252
-136,1253
-136,1254
-136,1255
-136,1256
-136,1257
-136,1258
-136,1259
-136,1260
-136,1261
-136,1262
-136,1263
-136,1264
-136,1265
-136,1266
-136,1267
-136,1268
-136,1269
-136,1270
-136,1271
-136,1272
-136,1273
-136,1274
-136,1275
-136,1276
-136,1277
-136,1278
-136,1279
-136,1280
-136,1281
-136,1282
-136,1283
-136,1284
-136,1285
-136,1286
-136,1287
-136,1288
-136,1289
-136,1290
-136,1291
-136,1292
-136,1293
-136,1294
-136,1295
-136,1296
-136,1297
-136,1298
-136,1299
-136,1300
-136,1301
-136,1302
-136,1303
-136,1304
-136,1305
-136,1306
-136,1307
-136,1308
-136,1309
-136,1310
-136,1311
-136,1312
-136,1313
-136,1314
-136,1315
-136,1316
-136,1317
-136,1318
-136,1319
-136,1320
-136,1321
-136,1322
-136,1323
-136,1324
-136,1325
-136,1326
-136,1327
-136,1328
-136,1329
-136,1330
-136,1331
-136,1332
-136,1333
-136,1334
-136,1335
-136,1336
-136,1337
-136,1338
-136,1339
-136,1340
-136,1341
-136,1342
-136,1343
-136,1344
-136,1345
-136,1346
-136,1347
-136,1348
-136,1349
-136,1350
-136,1351
-136,1352
-136,1353
-136,1354
-136,1355
-136,1356
-136,1357
-136,1358
-136,1359
-136,1360
-136,1361
-136,1362
-136,1363
-136,1364
-136,1365
-136,1366
-136,1367
-136,1368
-136,1369
-136,1370
-136,1371
-136,1372
-136,1373
-136,1374
-136,1375
-136,1376
-136,1377
-136,1378
-136,1379
-136,1380
-136,1381
-136,1382
-136,1383
:150_3,1384
:150_3,1385
:150_3,1386
-405,1387
-405,1388
-405,1389
-405,1390
-405,1391
-405,1392
-405,1393
-405,1394
-405,1395
-405,1396
-405,1397
-405,1398
-405,1399
-405,1400
-405,1401
-405,1402
-405,1403
-405,1404
-405,1405
-405,1406
-405,1407
-405,1408
-405,1409
-405,1410
-405,1411
-405,1412
-405,1413
-405,1414
-405,1415
-405,1416
-405,1417
-405,1418
-405,1419
-405,1420
-405,1421
-405,1422
-405,1423
-405,1424
-405,1425
-405,1426
-405,1427
-405,1428
-405,1429
-405,1430
-405,1431
-405,1432
-405,1433
-405,1434
-405,1435
-405,1436
-405,1437
-405,1438
-405,1439
-405,1440
-405,1441
-405,1442
-405,1443
-405,1444
-405,1445
-405,1446
-405,1447
-405,1448
-405,1449
-405,1450
-405,1451
-405,1452
-405,1453
-405,1454
-405,1455
-405,1456
-405,1457
-405,1458
-405,1459
-405,1460
-405,1461
-405,1462
-405,1463
-405,1464
-405,1465
-405,1466
-405,1467
-405,1468
-405,1469
-405,1470
-405,1471
-405,1472
-405,1473
-405,1474
-405,1475
-405,1476
-405,1477
-405,1478
-405,1479
-405,1480
-405,1481
-405,1482
-405,1483
-405,1484
-405,1485
-405,1486
-405,1487
-405,1488
-405,1489
-405,1490
-405,1491
-405,1492
-405,1493
-405,1494
-405,1495
-405,1496
-405,1497
-405,1498
-405,1499
-405,1500
-405,1501
-405,1502
-405,1503
-405,1504
-405,1505
-405,1506
-405,1507
-405,1508
-405,1509
-405,1510
-405,1511
-405,1512
-405,1513
-405,1514
-405,1515
:269_6,1516
:269_6,1517
:269_6,1518
404,1519
404,1520
404,1521
404,1522
404,1523
404,1524
404,1525
404,1526
404,1527
404,1528
404,1529
404,1530
404,1531
404,1532
404,1533
404,1534
404,1535
404,1536
404,1537
404,1538
404,1539
404,1540
404,1541
404,1542
404,1543
404,1544
404,1545
404,1546
404,1547
404,1548
404,1549
404,1550
404,1551
404,1552
404,1553
404,1554
404,1555
404,1556
404,1557
404,1558
404,1559
404,1560
404,1561
404,1562
404,1563
404,1564
404,1565
404,1566
404,1567
404,1568
404,1569
404,1570
404,1571
404,1572
404,1573
404,1574
404,1575
404,1576
404,1577
404,1578
404,1579
404,1580
404,1581
404,1582
404,1583
404,1584
404,1585
404,1586
404,1587
404,1588
404,1589
404,1590
404,1591
404,1592
404,1593
404,1594
404,1595
404,1596
404,1597
404,1598
404,1599
404,1600
404,1601
404,1602
404,1603
404,1604
404,1605
404,1606
404,1607
404,1608
404,1609
404,1610
404,1611
404,1612
404,1613
404,1614
404,1615
404,1616
404,1617
404,1618
404,1619
404,1620
404,1621
404,1622
404,1623
404,1624
404,1625
404,1626
404,1627
404,1628
404,1629
404,1630
404,1631
404,1632
404,1633
404,1634
404,1635
404,1636
404,1637
404,1638
404,1639
404,1640
404,1641
404,1642
404,1643
404,1644
404,1645
404,1646
404,1647
404,1648
404,1649
404,1650
404,1651
404,1652
404,1653
404,1654
404,1655
404,1656
404,1657
404,1658
404,1659
404,1660
404,1661
404,1662
404,1663
404,1664
404,1665
404,1666
404,1667
404,1668
