129,1
129,2
129,3
129,4
129,5
129,6
129,7
129,8
129,9
129,10
129,11
129,12
129,13
129,14
129,15
129,16
129,17
129,18
129,19
129,20
129,21
129,22
129,23
129,24
129,25
129,26
129,27
129,28
129,29
129,30
129,31
129,32
129,33
129,34
129,35
129,36
129,37
129,38
129,39
129,40
129,41
129,42
129,43
129,44
129,45
129,46
129,47
129,48
129,49
129,50
129,51
129,52
129,53
129,54
129,55
129,56
129,57
129,58
129,59
129,60
129,61
129,62
129,63
129,64
129,65
129,66
129,67
129,68
129,69
129,70
129,71
129,72
129,73
129,74
129,75
129,76
129,77
129,78
129,79
129,80
129,81
129,82
129,83
129,84
129,85
129,86
129,87
129,88
129,89
129,90
129,91
129,92
129,93
129,94
129,95
129,96
129,97
129,98
129,99
129,100
129,101
129,102
129,103
129,104
129,105
129,106
129,107
129,108
129,109
129,110
129,111
129,112
129,113
129,114
129,115
129,116
129,117
129,118
129,119
129,120
129,121
129,122
129,123
129,124
129,125
129,126
129,127
129,128
129,129
129,130
129,131
129,132
129,133
129,134
129,135
129,136
129,137
129,138
129,139
129,140
129,141
129,142
129,143
129,144
129,145
129,146
129,147
129,148
129,149
:29_0,150
:29_0,151
:29_0,152
:29_0,153
-25,154
-25,155
-25,156
-25,157
-25,158
-25,159
-25,160
-25,161
-25,162
-25,163
-25,164
-25,165
-25,166
-25,167
-25,168
-25,169
-25,170
-25,171
-25,172
-25,173
-25,174
-25,175
-25,176
-25,177
-25,178
-25,179
-25,180
-25,181
-25,182
-25,183
-25,184
-25,185
-25,186
-25,187
-25,188
-25,189
-25,190
-25,191
-25,192
-25,193
-25,194
-25,195
-25,196
-25,197
-25,198
-25,199
-25,200
-25,201
-25,202
-25,203
-25,204
-25,205
-25,206
-25,207
-25,208
-25,209
-25,210
-25,211
-25,212
-25,213
-25,214
-25,215
-25,216
-25,217
-25,218
-25,219
-25,220
-25,221
-25,222
-25,223
-25,224
-25,225
-25,226
-25,227
-25,228
-25,229
-25,230
-25,231
-25,232
-25,233
-25,234
-25,235
-25,236
-25,237
-25,238
-25,239
-25,240
-25,241
-25,242
-25,243
-25,244
-25,245
-25,246
-25,247
-25,248
-25,249
-25,250
-25,251
-25,252
-25,253
-25,254
-25,255
-25,256
-25,257
-25,258
-25,259
-25,260
-25,261
-25,262
-25,263
-25,264
-25,265
-25,266
-25,267
-25,268
-25,269
-25,270
-25,271
-25,272
-25,273
-25,274
-25,275
-25,276
-25,277
-25,278
-25,279
-25,280
-25,281
-25,282
-25,283
:24_5,284
:24_5,285
:24_5,286
:24_5,287
:24_5,288
-20,289
-20,290
-20,291
-20,292
-20,293
-20,294
-20,295
-20,296
-20,297
-20,298
-20,299
-20,300
-20,301
-20,302
-20,303
-20,304
-20,305
-20,306
-20,307
-20,308
-20,309
-20,310
-20,311
-20,312
-20,313
-20,314
-20,315
-20,316
-20,317
-20,318
-20,319
-20,320
-20,321
-20,322
-20,323
-20,324
-20,325
-20,326
-20,327
-20,328
-20,329
-20,330
-20,331
-20,332
-20,333
-20,334
-20,335
-20,336
-20,337
-20,338
-20,339
-20,340
-20,341
-20,342
-20,343
-20,344
-20,345
-20,346
-20,347
-20,348
-20,349
-20,350
-20,351
-20,352
-20,353
-20,354
-20,355
-20,356
-20,357
-20,358
-20,359
-20,360
-20,361
-20,362
-20,363
-20,364
-20,365
-20,366
-20,367
-20,368
-20,369
-20,370
-20,371
-20,372
-20,373
:23_4,374
:23_4,375
:23_4,376
:23_4,377
:23_4,378
:23_4,379
-19,380
-19,381
-19,382
-19,383
-19,384
-19,385
-19,386
-19,387
-19,388
-19,389
-19,390
-19,391
-19,392
-19,393
-19,394
-19,395
-19,396
-19,397
-19,398
-19,399
-19,400
-19,401
-19,402
-19,403
-19,404
-19,405
-19,406
-19,407
-19,408
-19,409
-19,410
-19,411
-19,412
-19,413
-19,414
-19,415
-19,416
-19,417
-19,418
-19,419
-19,420
-19,421
-19,422
-19,423
-19,424
-19,425
-19,426
-19,427
-19,428
-19,429
-19,430
-19,431
-19,432
-19,433
-19,434
-19,435
-19,436
-19,437
-19,438
-19,439
-19,440
-19,441
-19,442
-19,443
-19,444
-19,445
-19,446
-19,447
-19,448
-19,449
-19,450
-19,451
-19,452
-19,453
-19,454
-19,455
-19,456
-19,457
-19,458
-19,459
-19,460
-19,461
-19,462
-19,463
-19,464
-19,465
-19,466
-19,467
-19,468
:22_1,469
:22_1,470
:22_1,471
:22_1,472
:22_1,473
23,474
23,475
23,476
23,477
23,478
23,479
23,480
23,481
23,482
23,483
23,484
23,485
23,486
23,487
23,488
23,489
23,490
23,491
23,492
23,493
23,494
23,495
23,496
23,497
23,498
23,499
23,500
23,501
23,502
23,503
23,504
23,505
23,506
23,507
23,508
23,509
23,510
23,511
23,512
23,513
23,514
23,515
23,516
23,517
23,518
23,519
23,520
23,521
23,522
23,523
23,524
23,525
23,526
23,527
23,528
23,529
23,530
23,531
23,532
23,533
23,534
23,535
23,536
23,537
23,538
23,539
23,540
23,541
23,542
23,543
23,544
23,545
23,546
23,547
23,548
23,549
23,550
23,551
23,552
23,553
23,554
23,555
23,556
23,557
23,558
23,559
23,560
23,561
23,562
23,563
23,564
23,565
23,566
23,567
23,568
23,569
23,570
23,571
23,572
23,573
23,574
23,575
23,576
23,577
23,578
23,579
23,580
23,581
23,582
23,583
23,584
23,585
23,586
23,587
23,588
23,589
23,590
23,591
23,592
23,593
23,594
23,595
23,596
23,597
23,598
23,599
23,600
23,601
23,602
23,603
23,604
23,605
23,606
23,607
23,608
23,609
23,610
23,611
23,612
23,613
23,614
23,615
23,616
23,617
23,618
23,619
23,620
23,621
23,622
23,623
23,624
23,625
23,626
23,627
23,628
23,629
23,630
23,631
23,632
23,633
23,634
23,635
23,636
23,637
23,638
23,639
23,640
:27_1,641
:27_1,642
:27_1,643
:27_1,644
:27_1,645
:27_1,646
87,647
87,648
87,649
87,650
87,651
87,652
87,653
87,654
87,655
87,656
87,657
87,658
87,659
87,660
87,661
87,662
87,663
87,664
87,665
87,666
87,667
87,668
87,669
87,670
87,671
87,672
87,673
87,674
87,675
87,676
87,677
87,678
87,679
87,680
87,681
87,682
87,683
87,684
87,685
87,686
87,687
87,688
87,689
87,690
87,691
87,692
87,693
87,694
87,695
87,696
87,697
87,698
87,699
87,700
87,701
87,702
87,703
87,704
87,705
87,706
87,707
87,708
87,709
87,710
87,711
87,712
87,713
87,714
87,715
87,716
87,717
87,718
87,719
87,720
87,721
87,722
87,723
87,724
87,725
87,726
87,727
87,728
87,729
87,730
87,731
87,732
87,733
87,734
87,735
87,736
87,737
87,738
87,739
87,740
87,741
87,742
87,743
87,744
87,745
87,746
87,747
87,748
87,749
87,750
87,751
87,752
87,753
87,754
87,755
87,756
87,757
87,758
87,759
87,760
87,761
87,762
87,763
87,764
87,765
87,766
87,767
87,768
87,769
87,770
87,771
87,772
87,773
87,774
87,775
87,776
87,777
87,778
87,779
87,780
87,781
87,782
87,783
87,784
87,785
87,786
87,787
87,788
87,789
87,790
87,791
87,792
87,793
87,794
87,795
87,796
87,797
:102_0,798
:102_0,799
:102_0,800
:102_0,801
:102_0,802
-159,803
-159,804
-159,805
-159,806
-159,807
-159,808
-159,809
-159,810
-159,811
-159,812
-159,813
-159,814
-159,815
-159,816
-159,817
-159,818
-159,819
-159,820
-159,821
-159,822
-159,823
-159,824
-159,825
-159,826
-159,827
-159,828
-159,829
-159,830
-159,831
-159,832
-159,833
-159,834
-159,835
-159,836
-159,837
-159,838
-159,839
-159,840
-159,841
-159,842
-159,843
-159,844
-159,845
-159,846
-159,847
-159,848
-159,849
-159,850
-159,851
-159,852
-159,853
-159,854
-159,855
-159,856
-159,857
-159,858
-159,859
-159,860
-159,861
-159,862
-159,863
-159,864
-159,865
-159,866
-159,867
-159,868
-159,869
-159,870
-159,871
-159,872
-159,873
-159,874
-159,875
-159,876
-159,877
-159,878
-159,879
-159,880
-159,881
-159,882
-159,883
-159,884
-159,885
-159,886
-159,887
-159,888
-159,889
-159,890
-159,891
-159,892
-159,893
:63_5,894
:63_5,895
:63_5,896
:63_5,897
:63_5,898
-55,899
-55,900
-55,901
-55,902
-55,903
-55,904
-55,905
-55,906
-55,907
-55,908
-55,909
-55,910
-55,911
-55,912
-55,913
-55,914
-55,915
-55,916
-55,917
-55,918
-55,919
-55,920
-55,921
-55,922
-55,923
-55,924
-55,925
-55,926
-55,927
-55,928
-55,929
-55,930
-55,931
-55,932
-55,933
-55,934
-55,935
-55,936
-55,937
-55,938
-55,939
-55,940
-55,941
-55,942
-55,943
-55,944
-55,945
-55,946
-55,947
-55,948
-55,949
-55,950
-55,951
-55,952
-55,953
-55,954
-55,955
-55,956
-55,957
-55,958
-55,959
-55,960
-55,961
-55,962
-55,963
-55,964
-55,965
-55,966
-55,967
-55,968
-55,969
-55,970
-55,971
-55,972
-55,973
-55,974
-55,975
-55,976
-55,977
-55,978
-55,979
-55,980
-55,981
-55,982
-55,983
-55,984
-55,985
-55,986
-55,987
-55,988
-55,989
-55,990
-55,991
-55,992
-55,993
-55,994
-55,995
-55,996
-55,997
-55,998
-55,999
-55,1000
-55,1001
-55,1002
-55,1003
-55,1004
-55,1005
:62_1,1006
:62_1,1007
:62_1,1008
:62_1,1009
:62_1,1010
-54,1011
-54,1012
-54,1013
-54,1014
-54,1015
-54,1016
-54,1017
-54,1018
-54,1019
-54,1020
-54,1021
-54,1022
-54,1023
-54,1024
-54,1025
-54,1026
-54,1027
-54,1028
-54,1029
-54,1030
-54,1031
-54,1032
-54,1033
-54,1034
-54,1035
-54,1036
-54,1037
-54,1038
-54,1039
-54,1040
-54,1041
-54,1042
-54,1043
-54,1044
-54,1045
-54,1046
-54,1047
-54,1048
-54,1049
-54,1050
-54,1051
-54,1052
-54,1053
-54,1054
:61_0,1055
:61_0,1056
:61_0,1057
:61_0,1058
:61_0,1059
-53,1060
-53,1061
-53,1062
-53,1063
-53,1064
-53,1065
-53,1066
-53,1067
-53,1068
-53,1069
-53,1070
-53,1071
-53,1072
-53,1073
-53,1074
-53,1075
-53,1076
-53,1077
-53,1078
-53,1079
-53,1080
-53,1081
-53,1082
-53,1083
-53,1084
-53,1085
-53,1086
-53,1087
-53,1088
-53,1089
-53,1090
-53,1091
-53,1092
-53,1093
-53,1094
-53,1095
-53,1096
-53,1097
-53,1098
-53,1099
-53,1100
-53,1101
-53,1102
-53,1103
-53,1104
-53,1105
-53,1106
-53,1107
-53,1108
-53,1109
-53,1110
-53,1111
-53,1112
-53,1113
-53,1114
-53,1115
-53,1116
-53,1117
-53,1118
-53,1119
-53,1120
-53,1121
-53,1122
-53,1123
-53,1124
-53,1125
-53,1126
-53,1127
-53,1128
-53,1129
-53,1130
-53,1131
-53,1132
-53,1133
-53,1134
-53,1135
-53,1136
-53,1137
-53,1138
-53,1139
-53,1140
-53,1141
-53,1142
-53,1143
-53,1144
-53,1145
-53,1146
-53,1147
-53,1148
-53,1149
-53,1150
-53,1151
-53,1152
-53,1153
-53,1154
-53,1155
-53,1156
:58_5,1157
:58_5,1158
:58_5,1159
:58_5,1160
:58_5,1161
56,1162
56,1163
56,1164
56,1165
56,1166
56,1167
56,1168
56,1169
56,1170
56,1171
56,1172
56,1173
56,1174
56,1175
56,1176
56,1177
56,1178
56,1179
56,1180
56,1181
56,1182
56,1183
56,1184
56,1185
56,1186
56,1187
56,1188
56,1189
56,1190
56,1191
56,1192
56,1193
56,1194
56,1195
56,1196
56,1197
56,1198
56,1199
56,1200
56,1201
56,1202
56,1203
56,1204
56,1205
56,1206
56,1207
56,1208
56,1209
56,1210
56,1211
56,1212
56,1213
56,1214
56,1215
56,1216
56,1217
56,1218
56,1219
56,1220
56,1221
56,1222
56,1223
56,1224
56,1225
56,1226
56,1227
56,1228
56,1229
56,1230
56,1231
56,1232
56,1233
56,1234
56,1235
56,1236
56,1237
56,1238
56,1239
56,1240
56,1241
56,1242
56,1243
56,1244
56,1245
56,1246
56,1247
56,1248
56,1249
56,1250
56,1251
56,1252
56,1253
56,1254
56,1255
56,1256
56,1257
56,1258
56,1259
56,1260
56,1261
56,1262
56,1263
56,1264
56,1265
56,1266
56,1267
56,1268
56,1269
56,1270
56,1271
56,1272
56,1273
56,1274
56,1275
56,1276
56,1277
56,1278
56,1279
56,1280
56,1281
56,1282
56,1283
56,1284
56,1285
56,1286
56,1287
56,1288
56,1289
56,1290
56,1291
:64_1,1292
:64_1,1293
:64_1,1294
:64_1,1295
:64_1,1296
569,1297
569,1298
569,1299
569,1300
569,1301
569,1302
569,1303
569,1304
569,1305
569,1306
569,1307
569,1308
569,1309
569,1310
569,1311
569,1312
569,1313
569,1314
569,1315
569,1316
569,1317
569,1318
569,1319
569,1320
569,1321
569,1322
569,1323
569,1324
569,1325
569,1326
569,1327
569,1328
569,1329
569,1330
569,1331
569,1332
569,1333
569,1334
569,1335
569,1336
569,1337
569,1338
569,1339
569,1340
569,1341
569,1342
569,1343
569,1344
569,1345
569,1346
569,1347
569,1348
569,1349
569,1350
569,1351
569,1352
569,1353
569,1354
569,1355
569,1356
569,1357
569,1358
569,1359
569,1360
569,1361
569,1362
569,1363
569,1364
569,1365
569,1366
569,1367
569,1368
569,1369
569,1370
569,1371
569,1372
569,1373
569,1374
569,1375
569,1376
569,1377
569,1378
569,1379
569,1380
569,1381
569,1382
569,1383
569,1384
569,1385
569,1386
569,1387
569,1388
569,1389
569,1390
569,1391
:151_0,1392
:151_0,1393
:151_0,1394
:151_0,1395
:151_0,1396
570,1397
570,1398
570,1399
570,1400
570,1401
570,1402
570,1403
570,1404
570,1405
570,1406
570,1407
570,1408
570,1409
570,1410
570,1411
570,1412
570,1413
570,1414
570,1415
570,1416
570,1417
570,1418
570,1419
570,1420
570,1421
570,1422
570,1423
570,1424
570,1425
570,1426
570,1427
570,1428
570,1429
570,1430
570,1431
570,1432
570,1433
570,1434
570,1435
570,1436
570,1437
570,1438
570,1439
570,1440
570,1441
570,1442
570,1443
570,1444
570,1445
570,1446
570,1447
570,1448
570,1449
570,1450
570,1451
570,1452
570,1453
570,1454
570,1455
570,1456
570,1457
570,1458
570,1459
570,1460
570,1461
570,1462
570,1463
570,1464
570,1465
570,1466
570,1467
570,1468
570,1469
570,1470
570,1471
570,1472
570,1473
570,1474
570,1475
570,1476
570,1477
570,1478
570,1479
570,1480
570,1481
570,1482
570,1483
570,1484
570,1485
570,1486
570,1487
570,1488
570,1489
570,1490
570,1491
570,1492
570,1493
570,1494
570,1495
570,1496
570,1497
570,1498
570,1499
570,1500
570,1501
570,1502
570,1503
570,1504
570,1505
570,1506
570,1507
570,1508
570,1509
570,1510
570,1511
570,1512
570,1513
570,1514
570,1515
570,1516
570,1517
570,1518
570,1519
570,1520
570,1521
570,1522
570,1523
570,1524
570,1525
570,1526
570,1527
570,1528
570,1529
570,1530
570,1531
570,1532
570,1533
570,1534
570,1535
570,1536
570,1537
570,1538
570,1539
570,1540
570,1541
570,1542
570,1543
570,1544
570,1545
570,1546
:99_0,1547
:99_0,1548
:99_0,1549
:99_0,1550
571,1551
571,1552
571,1553
571,1554
571,1555
571,1556
571,1557
571,1558
571,1559
571,1560
571,1561
571,1562
571,1563
571,1564
571,1565
571,1566
571,1567
571,1568
571,1569
571,1570
571,1571
571,1572
571,1573
571,1574
571,1575
571,1576
571,1577
571,1578
571,1579
571,1580
571,1581
571,1582
571,1583
571,1584
571,1585
571,1586
571,1587
571,1588
571,1589
571,1590
571,1591
571,1592
571,1593
571,1594
571,1595
571,1596
571,1597
571,1598
571,1599
571,1600
571,1601
571,1602
571,1603
571,1604
571,1605
571,1606
571,1607
571,1608
571,1609
571,1610
571,1611
571,1612
571,1613
571,1614
571,1615
571,1616
571,1617
571,1618
571,1619
571,1620
571,1621
571,1622
571,1623
571,1624
571,1625
571,1626
571,1627
571,1628
571,1629
571,1630
571,1631
571,1632
571,1633
571,1634
571,1635
571,1636
571,1637
571,1638
571,1639
571,1640
571,1641
571,1642
571,1643
571,1644
571,1645
571,1646
571,1647
571,1648
571,1649
571,1650
571,1651
571,1652
571,1653
571,1654
571,1655
571,1656
571,1657
571,1658
571,1659
571,1660
571,1661
571,1662
571,1663
571,1664
571,1665
571,1666
571,1667
571,1668
571,1669
571,1670
571,1671
571,1672
571,1673
571,1674
571,1675
571,1676
571,1677
571,1678
571,1679
571,1680
571,1681
571,1682
571,1683
571,1684
571,1685
571,1686
571,1687
571,1688
571,1689
571,1690
571,1691
571,1692
571,1693
571,1694
571,1695
571,1696
571,1697
571,1698
571,1699
571,1700
571,1701
571,1702
571,1703
571,1704
571,1705
571,1706
571,1707
571,1708
571,1709
571,1710
571,1711
571,1712
571,1713
571,1714
571,1715
571,1716
571,1717
571,1718
571,1719
571,1720
571,1721
571,1722
571,1723
571,1724
571,1725
571,1726
571,1727
571,1728
571,1729
571,1730
571,1731
571,1732
571,1733
571,1734
571,1735
571,1736
571,1737
571,1738
571,1739
571,1740
571,1741
571,1742
571,1743
571,1744
571,1745
571,1746
571,1747
571,1748
:92_1,1749
:92_1,1750
:92_1,1751
:92_1,1752
:92_1,1753
-79,1754
-79,1755
-79,1756
-79,1757
-79,1758
-79,1759
-79,1760
-79,1761
-79,1762
-79,1763
-79,1764
-79,1765
-79,1766
-79,1767
-79,1768
-79,1769
-79,1770
-79,1771
-79,1772
-79,1773
-79,1774
-79,1775
-79,1776
-79,1777
-79,1778
-79,1779
-79,1780
-79,1781
-79,1782
-79,1783
-79,1784
-79,1785
-79,1786
-79,1787
-79,1788
-79,1789
-79,1790
-79,1791
-79,1792
-79,1793
-79,1794
-79,1795
-79,1796
-79,1797
-79,1798
-79,1799
-79,1800
-79,1801
-79,1802
-79,1803
-79,1804
-79,1805
-79,1806
-79,1807
-79,1808
-79,1809
-79,1810
-79,1811
-79,1812
-79,1813
-79,1814
-79,1815
-79,1816
-79,1817
-79,1818
-79,1819
-79,1820
-79,1821
-79,1822
-79,1823
-79,1824
-79,1825
-79,1826
-79,1827
-79,1828
-79,1829
-79,1830
-79,1831
-79,1832
-79,1833
-79,1834
-79,1835
-79,1836
-79,1837
-79,1838
-79,1839
-79,1840
-79,1841
-79,1842
-79,1843
-79,1844
-79,1845
-79,1846
-79,1847
-79,1848
-79,1849
-79,1850
-79,1851
-79,1852
-79,1853
-79,1854
-79,1855
:91_1,1856
:91_1,1857
:91_1,1858
:91_1,1859
:91_1,1860
:91_1,1861
-277,1862
-277,1863
-277,1864
-277,1865
-277,1866
-277,1867
-277,1868
-277,1869
-277,1870
-277,1871
-277,1872
-277,1873
-277,1874
-277,1875
-277,1876
-277,1877
-277,1878
-277,1879
-277,1880
-277,1881
-277,1882
-277,1883
-277,1884
-277,1885
-277,1886
-277,1887
-277,1888
-277,1889
-277,1890
-277,1891
-277,1892
-277,1893
-277,1894
-277,1895
-277,1896
-277,1897
-277,1898
-277,1899
-277,1900
-277,1901
-277,1902
-277,1903
-277,1904
-277,1905
-277,1906
-277,1907
-277,1908
-277,1909
-277,1910
-277,1911
-277,1912
-277,1913
-277,1914
-277,1915
-277,1916
-277,1917
-277,1918
-277,1919
-277,1920
-277,1921
-277,1922
-277,1923
-277,1924
-277,1925
-277,1926
-277,1927
-277,1928
-277,1929
-277,1930
-277,1931
-277,1932
-277,1933
-277,1934
-277,1935
-277,1936
-277,1937
-277,1938
-277,1939
-277,1940
-277,1941
-277,1942
-277,1943
-277,1944
-277,1945
-277,1946
-277,1947
-277,1948
-277,1949
-277,1950
-277,1951
-277,1952
-277,1953
-277,1954
-277,1955
-277,1956
-277,1957
-277,1958
-277,1959
-277,1960
-277,1961
-277,1962
-277,1963
-277,1964
-277,1965
-277,1966
-277,1967
-277,1968
-277,1969
-277,1970
-277,1971
-277,1972
-277,1973
-277,1974
-277,1975
-277,1976
-277,1977
-277,1978
-277,1979
-277,1980
-277,1981
-277,1982
-277,1983
-277,1984
-277,1985
-277,1986
-277,1987
-277,1988
-277,1989
-277,1990
-277,1991
-277,1992
-277,1993
-277,1994
-277,1995
-277,1996
-277,1997
-277,1998
-277,1999
-277,2000
