110,21
110,22
110,23
110,24
110,25
110,26
110,27
110,28
110,29
110,30
110,31
110,32
110,33
110,34
110,35
110,36
110,37
110,38
110,39
110,40
110,41
110,42
110,43
110,44
110,45
110,46
110,47
110,48
110,49
110,50
110,51
110,52
110,53
110,54
110,55
110,56
110,57
110,58
110,59
110,60
110,61
110,62
110,63
110,64
110,65
110,66
110,67
110,68
110,69
110,70
110,71
110,72
110,73
110,74
110,75
110,76
110,77
110,78
110,79
110,80
110,81
110,82
110,83
110,84
110,85
110,86
110,87
110,88
110,89
110,90
110,91
110,92
110,93
110,94
110,95
110,96
110,97
110,98
110,99
110,100
110,101
110,102
110,103
110,104
110,105
110,106
110,107
110,108
110,109
110,110
110,111
110,112
110,113
110,114
110,115
110,116
110,117
110,118
110,119
:127_6,120
:127_6,121
:127_6,122
:127_6,123
-269,124
-269,125
-269,126
-269,127
-269,128
-269,129
-269,130
-269,131
-269,132
-269,133
-269,134
-269,135
-269,136
-269,137
-269,138
-269,139
-269,140
-269,141
-269,142
-269,143
-269,144
-269,145
-269,146
-269,147
-269,148
-269,149
-269,150
-269,151
-269,152
-269,153
-269,154
-269,155
-269,156
-269,157
-269,158
-269,159
-269,160
-269,161
-269,162
-269,163
-269,164
-269,165
-269,166
-269,167
-269,168
-269,169
-269,170
-269,171
-269,172
-269,173
-269,174
-269,175
-269,176
-269,177
-269,178
-269,179
-269,180
-269,181
-269,182
-269,183
-269,184
-269,185
-269,186
-269,187
-269,188
-269,189
-269,190
-269,191
-269,192
-269,193
-269,194
-269,195
-269,196
-269,197
-269,198
-269,199
-269,200
-269,201
-269,202
-269,203
-269,204
-269,205
-269,206
-269,207
-269,208
-269,209
-269,210
-269,211
-269,212
-269,213
-269,214
-269,215
-269,216
-269,217
-269,218
-269,219
-269,220
-269,221
-269,222
-269,223
-269,224
-269,225
-269,226
-269,227
-269,228
-269,229
-269,230
-269,231
-269,232
-269,233
-269,234
-269,235
-269,236
-269,237
-269,238
-269,239
-269,240
-269,241
-269,242
-269,243
-269,244
-269,245
-269,246
-269,247
-269,248
-269,249
-269,250
-269,251
-269,252
-269,253
-269,254
-269,255
-269,256
-269,257
-269,258
-269,259
-269,260
-269,261
-269,262
-269,263
-269,264
-269,265
-269,266
-269,267
-269,268
-269,269
-269,270
-269,271
-269,272
-269,273
-269,274
:263_7,275
:263_7,276
:263_7,277
:263_7,278
:263_7,279
:263_7,280
:263_7,281
270,282
270,283
270,284
270,285
270,286
270,287
270,288
270,289
270,290
270,291
270,292
270,293
270,294
270,295
270,296
270,297
270,298
270,299
270,300
270,301
270,302
270,303
270,304
270,305
270,306
270,307
270,308
270,309
270,310
270,311
270,312
270,313
270,314
270,315
270,316
270,317
270,318
270,319
270,320
270,321
270,322
270,323
270,324
270,325
270,326
270,327
270,328
270,329
270,330
270,331
270,332
270,333
270,334
270,335
270,336
270,337
270,338
270,339
270,340
270,341
270,342
270,343
270,344
270,345
270,346
270,347
270,348
270,349
270,350
270,351
270,352
270,353
270,354
270,355
270,356
270,357
270,358
270,359
270,360
270,361
270,362
270,363
270,364
270,365
270,366
270,367
270,368
270,369
270,370
270,371
270,372
270,373
270,374
270,375
270,376
270,377
270,378
270,379
270,380
270,381
270,382
270,383
270,384
270,385
270,386
270,387
270,388
270,389
270,390
270,391
270,392
270,393
270,394
270,395
270,396
270,397
270,398
270,399
270,400
270,401
270,402
270,403
270,404
270,405
270,406
270,407
270,408
270,409
270,410
270,411
270,412
270,413
270,414
270,415
270,416
270,417
270,418
270,419
270,420
270,421
689,422
689,423
689,424
689,425
689,426
689,427
689,428
689,429
689,430
689,431
689,432
689,433
689,434
689,435
689,436
689,437
689,438
689,439
689,440
:411_2,441
:411_2,442
-491,443
-491,444
-491,445
-491,446
-491,447
-491,448
-491,449
-491,450
-491,451
-491,452
-491,453
-491,454
-491,455
-491,456
-491,457
-491,458
-491,459
-491,460
-491,461
-491,462
-491,463
-491,464
-491,465
-491,466
-491,467
-491,468
-491,469
-491,470
-491,471
-491,472
-491,473
-491,474
-491,475
-491,476
-491,477
-491,478
-491,479
-491,480
-491,481
-491,482
-491,483
-491,484
-491,485
-491,486
-491,487
-491,488
-491,489
-491,490
-491,491
-491,492
-491,493
-491,494
-491,495
-491,496
-491,497
-491,498
-491,499
-491,500
-491,501
-491,502
-491,503
-491,504
-491,505
-491,506
-491,507
-491,508
-491,509
-491,510
-491,511
-491,512
-491,513
-491,514
-491,515
-491,516
:29_8,517
:29_8,518
:29_8,519
:29_8,520
:29_8,521
210,522
210,523
210,524
210,525
210,526
210,527
210,528
210,529
210,530
210,531
210,532
210,533
210,534
210,535
210,536
210,537
210,538
210,539
210,540
210,541
210,542
210,543
210,544
210,545
210,546
210,547
210,548
210,549
210,550
210,551
210,552
210,553
210,554
210,555
210,556
210,557
210,558
210,559
210,560
210,561
210,562
210,563
210,564
210,565
210,566
210,567
210,568
210,569
210,570
210,571
210,572
210,573
210,574
210,575
210,576
210,577
210,578
210,579
210,580
210,581
210,582
210,583
210,584
210,585
210,586
210,587
210,588
210,589
210,590
210,591
210,592
210,593
210,594
210,595
210,596
210,597
210,598
210,599
210,600
210,601
210,602
210,603
210,604
210,605
210,606
210,607
210,608
210,609
210,610
210,611
210,612
210,613
210,614
210,615
210,616
210,617
210,618
210,619
210,620
210,621
210,622
210,623
210,624
210,625
210,626
210,627
210,628
210,629
210,630
210,631
210,632
210,633
210,634
210,635
210,636
210,637
210,638
210,639
210,640
:16_6,641
:16_6,642
:16_6,643
:16_6,644
:16_6,645
:16_6,646
:16_6,647
-14,648
-14,649
-14,650
-14,651
-14,652
-14,653
-14,654
-14,655
-14,656
-14,657
-14,658
-14,659
-14,660
-14,661
-14,662
-14,663
-14,664
-14,665
-14,666
-14,667
-14,668
-14,669
-14,670
-14,671
-14,672
-14,673
-14,674
-14,675
-14,676
-14,677
-14,678
-14,679
-14,680
-14,681
-14,682
-14,683
-14,684
-14,685
-14,686
-14,687
-14,688
-14,689
-14,690
-14,691
-14,692
-14,693
-14,694
-14,695
-14,696
-14,697
-14,698
-14,699
-14,700
-14,701
-14,702
-14,703
-14,704
-14,705
-14,706
-14,707
-14,708
-14,709
-14,710
-14,711
-14,712
-14,713
-14,714
-14,715
-14,716
-14,717
-14,718
-14,719
-14,720
-14,721
-14,722
-14,723
-14,724
-14,725
-14,726
-14,727
-14,728
-14,729
-14,730
-14,731
-14,732
-14,733
-14,734
-14,735
-14,736
-14,737
-14,738
-14,739
-14,740
-14,741
-14,742
-14,743
-14,744
-14,745
-14,746
-14,747
-14,748
-14,749
-14,750
-14,751
-14,752
-14,753
-14,754
-14,755
-14,756
-14,757
-14,758
-14,759
-14,760
-14,761
-14,762
-14,763
-14,764
-14,765
-14,766
-14,767
-14,768
-14,769
-14,770
-14,771
-14,772
-14,773
-14,774
-14,775
-14,776
-14,777
-14,778
-14,779
-14,780
-14,781
:14_1,782
:14_1,783
:14_1,784
13,785
13,786
13,787
13,788
13,789
13,790
13,791
13,792
13,793
13,794
13,795
13,796
13,797
13,798
13,799
13,800
13,801
13,802
13,803
13,804
13,805
13,806
13,807
13,808
13,809
13,810
13,811
13,812
13,813
13,814
13,815
13,816
13,817
13,818
13,819
13,820
13,821
13,822
13,823
13,824
13,825
13,826
13,827
13,828
13,829
13,830
13,831
13,832
13,833
13,834
13,835
13,836
13,837
13,838
13,839
13,840
13,841
13,842
13,843
13,844
13,845
13,846
13,847
13,848
13,849
13,850
13,851
13,852
13,853
13,854
13,855
13,856
13,857
13,858
13,859
13,860
13,861
13,862
13,863
13,864
13,865
13,866
13,867
13,868
13,869
13,870
13,871
13,872
13,873
13,874
13,875
13,876
13,877
13,878
13,879
13,880
13,881
13,882
13,883
13,884
13,885
13,886
13,887
13,888
13,889
13,890
13,891
13,892
13,893
13,894
13,895
13,896
13,897
13,898
13,899
13,900
13,901
13,902
13,903
13,904
:15_3,905
:15_3,906
:15_3,907
:15_3,908
:15_3,909
:15_3,910
:15_3,911
-375,912
-375,913
-375,914
-375,915
-375,916
-375,917
-375,918
-375,919
-375,920
-375,921
-375,922
-375,923
-375,924
-375,925
-375,926
-375,927
-375,928
-375,929
-375,930
-375,931
-375,932
-375,933
-375,934
-375,935
-375,936
-375,937
-375,938
-375,939
-375,940
-375,941
-375,942
-375,943
-375,944
-375,945
-375,946
-375,947
-375,948
-375,949
-375,950
-375,951
-375,952
-375,953
-375,954
-375,955
-375,956
-375,957
-375,958
-375,959
-375,960
-375,961
-375,962
-375,963
-375,964
-375,965
-375,966
-375,967
-375,968
-375,969
-375,970
-375,971
-375,972
-375,973
-375,974
-375,975
-375,976
-375,977
-375,978
-375,979
-375,980
-375,981
-375,982
-375,983
-375,984
-375,985
-375,986
-375,987
-375,988
-375,989
-375,990
-375,991
-375,992
-375,993
-375,994
-375,995
-375,996
-375,997
-375,998
-375,999
-375,1000
-375,1001
-375,1002
-375,1003
-375,1004
-375,1005
-375,1006
-375,1007
-375,1008
-375,1009
-375,1010
-375,1011
-375,1012
-375,1013
-375,1014
-375,1015
-375,1016
-375,1017
-375,1018
-375,1019
-375,1020
-375,1021
-375,1022
-375,1023
-375,1024
-375,1025
-375,1026
-375,1027
-375,1028
-375,1029
-375,1030
-375,1031
-375,1032
-375,1033
-375,1034
-375,1035
-375,1036
-375,1037
-375,1038
-375,1039
-375,1040
-374,1041
-374,1042
-374,1043
-374,1044
-374,1045
-374,1046
-374,1047
-374,1048
-374,1049
-374,1050
-374,1051
-374,1052
-374,1053
-374,1054
-374,1055
-374,1056
-374,1057
-374,1058
-374,1059
-374,1060
-374,1061
-374,1062
-374,1063
-374,1064
-374,1065
-374,1066
-374,1067
-374,1068
-374,1069
-374,1070
-374,1071
-374,1072
-374,1073
-374,1074
-374,1075
-374,1076
-374,1077
-374,1078
-374,1079
-374,1080
-374,1081
-374,1082
-374,1083
-374,1084
-374,1085
-374,1086
-374,1087
-374,1088
-374,1089
-374,1090
-374,1091
-374,1092
-374,1093
-374,1094
-374,1095
-374,1096
-374,1097
-374,1098
-374,1099
-374,1100
-374,1101
-374,1102
-374,1103
-374,1104
-374,1105
-374,1106
-374,1107
-374,1108
-374,1109
-374,1110
-374,1111
-374,1112
-374,1113
-374,1114
-374,1115
-374,1116
-374,1117
-374,1118
-374,1119
-374,1120
-374,1121
-374,1122
-374,1123
-374,1124
-374,1125
-374,1126
-374,1127
-374,1128
-374,1129
-374,1130
-374,1131
-374,1132
:230_9,1133
:230_9,1134
:230_9,1135
:230_9,1136
:230_9,1137
:230_9,1138
:230_9,1139
-224,1140
-224,1141
-224,1142
-224,1143
-224,1144
-224,1145
-224,1146
-224,1147
-224,1148
-224,1149
-224,1150
-224,1151
-224,1152
-224,1153
-224,1154
-224,1155
-224,1156
-224,1157
-224,1158
-224,1159
-224,1160
-224,1161
-224,1162
-224,1163
-224,1164
-224,1165
-224,1166
-224,1167
-224,1168
-224,1169
-224,1170
-224,1171
-224,1172
-224,1173
-224,1174
-224,1175
-224,1176
-224,1177
-224,1178
-224,1179
-224,1180
-224,1181
-224,1182
-224,1183
-224,1184
-224,1185
-224,1186
-224,1187
-224,1188
-224,1189
-224,1190
-224,1191
-224,1192
-224,1193
-224,1194
-224,1195
-224,1196
-224,1197
-224,1198
-224,1199
-224,1200
-224,1201
-224,1202
-224,1203
-224,1204
-224,1205
-224,1206
-224,1207
-224,1208
-224,1209
-224,1210
-224,1211
-224,1212
-224,1213
-224,1214
-224,1215
-224,1216
-224,1217
-224,1218
-224,1219
-224,1220
-224,1221
-224,1222
-224,1223
-224,1224
-224,1225
-224,1226
-224,1227
-224,1228
-224,1229
-224,1230
-224,1231
-224,1232
-224,1233
-224,1234
-224,1235
-224,1236
-224,1237
-224,1238
-224,1239
-224,1240
-224,1241
-224,1242
-224,1243
-224,1244
:229_6,1245
:229_6,1246
:229_6,1247
:229_6,1248
:229_6,1249
:229_6,1250
:229_6,1251
-223,1252
-223,1253
-223,1254
-223,1255
-223,1256
-223,1257
-223,1258
-223,1259
-223,1260
-223,1261
-223,1262
-223,1263
-223,1264
-223,1265
-223,1266
-223,1267
-223,1268
-223,1269
-223,1270
-223,1271
-223,1272
-223,1273
-223,1274
-223,1275
-223,1276
-223,1277
-223,1278
-223,1279
-223,1280
-223,1281
-223,1282
-223,1283
-223,1284
-223,1285
-223,1286
-223,1287
-223,1288
-223,1289
-223,1290
-223,1291
-223,1292
-223,1293
-223,1294
-223,1295
-223,1296
-223,1297
-223,1298
-223,1299
-223,1300
-223,1301
-223,1302
-223,1303
-223,1304
-223,1305
-223,1306
-223,1307
-223,1308
-223,1309
-223,1310
-223,1311
-223,1312
-223,1313
-223,1314
-223,1315
-223,1316
-223,1317
-223,1318
-223,1319
-223,1320
-223,1321
-223,1322
-223,1323
-223,1324
-223,1325
-223,1326
-223,1327
-223,1328
-223,1329
-223,1330
-223,1331
-223,1332
-223,1333
-223,1334
-223,1335
-223,1336
-223,1337
-223,1338
-223,1339
-223,1340
-223,1341
-223,1342
-223,1343
-223,1344
-223,1345
-223,1346
-223,1347
-223,1348
-223,1349
-223,1350
-223,1351
-223,1352
-223,1353
-223,1354
-223,1355
-223,1356
-223,1357
-223,1358
-223,1359
-223,1360
-223,1361
-223,1362
-223,1363
-223,1364
:228_6,1365
:228_6,1366
:228_6,1367
:228_6,1368
:228_6,1369
:228_6,1370
:228_6,1371
-222,1372
-222,1373
-222,1374
-222,1375
-222,1376
-222,1377
-222,1378
-222,1379
-222,1380
-222,1381
-222,1382
-222,1383
-222,1384
-222,1385
-222,1386
-222,1387
-222,1388
-222,1389
-222,1390
-222,1391
-222,1392
-222,1393
-222,1394
-222,1395
-222,1396
-222,1397
-222,1398
-222,1399
-222,1400
-222,1401
-222,1402
-222,1403
-222,1404
-222,1405
-222,1406
-222,1407
-222,1408
-222,1409
-222,1410
-222,1411
-222,1412
-222,1413
-222,1414
-222,1415
-222,1416
-222,1417
-222,1418
-222,1419
-222,1420
-222,1421
-222,1422
-222,1423
-222,1424
-222,1425
-222,1426
-222,1427
-222,1428
-222,1429
-222,1430
-222,1431
-222,1432
-222,1433
-222,1434
-222,1435
-222,1436
-222,1437
-222,1438
-222,1439
-222,1440
-222,1441
-222,1442
-222,1443
-222,1444
-222,1445
-222,1446
-222,1447
-222,1448
-222,1449
-222,1450
-222,1451
-222,1452
-222,1453
-222,1454
-222,1455
-222,1456
-222,1457
-222,1458
-222,1459
-222,1460
-222,1461
-222,1462
-222,1463
-222,1464
-222,1465
-222,1466
-222,1467
-222,1468
-222,1469
-222,1470
-222,1471
-222,1472
-222,1473
-222,1474
-222,1475
-222,1476
-222,1477
-222,1478
-222,1479
-222,1480
-222,1481
-222,1482
-222,1483
-222,1484
-222,1485
-222,1486
-222,1487
-222,1488
-222,1489
-222,1490
-222,1491
-222,1492
-222,1493
-222,1494
-222,1495
-222,1496
-222,1497
-222,1498
-222,1499
-222,1500
-222,1501
-222,1502
-222,1503
-222,1504
-222,1505
-222,1506
-222,1507
-222,1508
-222,1509
-222,1510
-222,1511
-222,1512
-222,1513
-222,1514
-222,1515
-222,1516
-222,1517
-222,1518
-222,1519
-222,1520
-222,1521
-222,1522
-222,1523
-222,1524
-222,1525
-222,1526
-222,1527
-222,1528
-222,1529
-222,1530
-222,1531
-222,1532
-222,1533
-222,1534
-222,1535
-222,1536
-222,1537
-222,1538
-222,1539
-222,1540
-222,1541
-222,1542
-222,1543
-222,1544
-222,1545
-222,1546
-222,1547
-222,1548
-222,1549
-222,1550
-222,1551
-222,1552
-222,1553
-222,1554
-222,1555
-222,1556
-222,1557
-222,1558
-222,1559
-222,1560
-222,1561
-222,1562
-222,1563
-222,1564
-222,1565
-222,1566
-222,1567
-222,1568
-222,1569
-222,1570
-222,1571
-222,1572
-222,1573
-222,1574
-222,1575
-222,1576
-222,1577
-222,1578
-222,1579
-222,1580
-222,1581
-222,1582
-222,1583
-222,1584
:227_3,1585
:227_3,1586
:227_3,1587
:227_3,1588
:227_3,1589
:227_3,1590
:227_3,1591
225,1592
225,1593
225,1594
225,1595
225,1596
225,1597
225,1598
225,1599
225,1600
225,1601
225,1602
225,1603
225,1604
225,1605
225,1606
225,1607
225,1608
225,1609
225,1610
225,1611
225,1612
225,1613
225,1614
225,1615
225,1616
225,1617
225,1618
225,1619
225,1620
225,1621
225,1622
225,1623
225,1624
225,1625
225,1626
225,1627
225,1628
225,1629
225,1630
225,1631
225,1632
225,1633
225,1634
225,1635
225,1636
225,1637
225,1638
225,1639
225,1640
225,1641
225,1642
225,1643
225,1644
225,1645
225,1646
225,1647
225,1648
225,1649
225,1650
225,1651
225,1652
225,1653
225,1654
225,1655
225,1656
225,1657
225,1658
225,1659
225,1660
225,1661
225,1662
225,1663
225,1664
225,1665
225,1666
225,1667
225,1668
225,1669
225,1670
225,1671
225,1672
225,1673
225,1674
225,1675
225,1676
225,1677
225,1678
225,1679
225,1680
225,1681
225,1682
225,1683
225,1684
225,1685
225,1686
225,1687
225,1688
225,1689
225,1690
225,1691
225,1692
225,1693
225,1694
225,1695
225,1696
225,1697
225,1698
225,1699
225,1700
225,1701
225,1702
225,1703
225,1704
225,1705
225,1706
225,1707
225,1708
225,1709
225,1710
225,1711
225,1712
225,1713
225,1714
225,1715
225,1716
225,1717
225,1718
225,1719
225,1720
225,1721
225,1722
225,1723
225,1724
225,1725
225,1726
225,1727
225,1728
225,1729
225,1730
225,1731
225,1732
225,1733
225,1734
225,1735
225,1736
225,1737
225,1738
225,1739
225,1740
225,1741
225,1742
225,1743
225,1744
225,1745
225,1746
225,1747
225,1748
225,1749
225,1750
225,1751
225,1752
225,1753
225,1754
225,1755
225,1756
225,1757
225,1758
225,1759
225,1760
225,1761
225,1762
225,1763
225,1764
225,1765
225,1766
:231_6,1767
:231_6,1768
:231_6,1769
:231_6,1770
:231_6,1771
:231_6,1772
:231_6,1773
-257,1774
-257,1775
-257,1776
-257,1777
-257,1778
-257,1779
-257,1780
-257,1781
-257,1782
-257,1783
-257,1784
-257,1785
-257,1786
-257,1787
-257,1788
-257,1789
-257,1790
-257,1791
-257,1792
-257,1793
-257,1794
-257,1795
-257,1796
-257,1797
-257,1798
-257,1799
-257,1800
-257,1801
-257,1802
-257,1803
-257,1804
-257,1805
-257,1806
-257,1807
-257,1808
-257,1809
-257,1810
-257,1811
-257,1812
-257,1813
-257,1814
-257,1815
-257,1816
-257,1817
-257,1818
-257,1819
-257,1820
-257,1821
-257,1822
-257,1823
-257,1824
-257,1825
-257,1826
-257,1827
-257,1828
-257,1829
-257,1830
-257,1831
-257,1832
-257,1833
-257,1834
-257,1835
-257,1836
-257,1837
-257,1838
-257,1839
-257,1840
-257,1841
-257,1842
-257,1843
-257,1844
-257,1845
-257,1846
-257,1847
-257,1848
-257,1849
-257,1850
-257,1851
-257,1852
-257,1853
-257,1854
-257,1855
-257,1856
-257,1857
-257,1858
-257,1859
-257,1860
-257,1861
-257,1862
-257,1863
-257,1864
-257,1865
-257,1866
-257,1867
-257,1868
-257,1869
-257,1870
-257,1871
-257,1872
-257,1873
-257,1874
-257,1875
-257,1876
-257,1877
-257,1878
-257,1879
-257,1880
-257,1881
-257,1882
-257,1883
-257,1884
-257,1885
-257,1886
-257,1887
-257,1888
-257,1889
-257,1890
-257,1891
-257,1892
-257,1893
-257,1894
-257,1895
-257,1896
-257,1897
-257,1898
-257,1899
-257,1900
-257,1901
-257,1902
-257,1903
-257,1904
-257,1905
-257,1906
-257,1907
-257,1908
-257,1909
-257,1910
-257,1911
-257,1912
-257,1913
-257,1914
-257,1915
-257,1916
-257,1917
-257,1918
-257,1919
-257,1920
-257,1921
-257,1922
-257,1923
-257,1924
-257,1925
-257,1926
-257,1927
-257,1928
-257,1929
-257,1930
-257,1931
-257,1932
-257,1933
-257,1934
-257,1935
-257,1936
-257,1937
-257,1938
-257,1939
-257,1940
-257,1941
-257,1942
-257,1943
-257,1944
-257,1945
-257,1946
-257,1947
-257,1948
-257,1949
-257,1950
-257,1951
-257,1952
-257,1953
-257,1954
-257,1955
-257,1956
-257,1957
-257,1958
-257,1959
-257,1960
-257,1961
-257,1962
-257,1963
-257,1964
-257,1965
-257,1966
-257,1967
-257,1968
-257,1969
-257,1970
-257,1971
-257,1972
-257,1973
-257,1974
-257,1975
-257,1976
-257,1977
-257,1978
:21_6,1979
:21_6,1980
:21_6,1981
:21_6,1982
:21_6,1983
:21_6,1984
:21_6,1985
-18,1986
-18,1987
-18,1988
-18,1989
-18,1990
-18,1991
-18,1992
-18,1993
-18,1994
-18,1995
-18,1996
-18,1997
-18,1998
-18,1999
-18,2000
