-567,1
-567,2
-567,3
-567,4
-567,5
-567,6
-567,7
-567,8
-567,9
-567,10
-567,11
-567,12
-567,13
-567,14
-567,15
-567,16
-567,17
-567,18
-567,19
-567,20
-567,21
-567,22
-567,23
-567,24
-567,25
-567,26
-567,27
-567,28
-567,29
-567,30
-567,31
-567,32
-567,33
-567,34
-567,35
-567,36
-567,37
-567,38
-567,39
-567,40
-567,41
-567,42
-567,43
-567,44
-567,45
-567,46
-567,47
-567,48
-567,49
-567,50
-567,51
-567,52
-567,53
-567,54
-567,55
-567,56
-567,57
-567,58
-567,59
-567,60
-567,61
-567,62
-567,63
-567,64
-567,65
-567,66
-567,67
-567,68
-567,69
-567,70
-567,71
-567,72
-567,73
-567,74
-567,75
-567,76
-567,77
-567,78
-567,79
-567,80
-567,81
-567,82
-567,83
-567,84
-567,85
-567,86
-567,87
-567,88
-567,89
-567,90
-567,91
-567,92
-567,93
-567,94
-567,95
-567,96
-567,97
-567,98
-567,99
-567,100
-567,101
-567,102
-567,103
-567,104
-567,105
-567,106
-567,107
-567,108
-567,109
-567,110
-567,111
-567,112
-567,113
-567,114
-567,115
-567,116
-567,117
-567,118
-567,119
-567,120
-567,121
-567,122
-567,123
-567,124
-567,125
-567,126
-567,127
-567,128
-567,129
-567,130
-567,131
-567,132
-567,133
-567,134
-567,135
-567,136
-567,137
-567,138
-567,139
-567,140
-567,141
-567,142
-567,143
-567,144
-567,145
-567,146
-567,147
-567,148
-567,149
-567,150
-567,151
-567,152
-567,153
-567,154
-567,155
-567,156
-567,157
-567,158
-567,159
-567,160
-567,161
-567,162
-567,163
-567,164
-567,165
-567,166
-567,167
-567,168
-567,169
-567,170
-567,171
-567,172
-567,173
-567,174
-567,175
-567,176
-567,177
-567,178
-567,179
-567,180
-567,181
-567,182
-567,183
-567,184
-567,185
-567,186
-567,187
-567,188
-567,189
-567,190
-567,191
-567,192
-567,193
-567,194
-567,195
-567,196
-567,197
-567,198
-567,199
:352_0,200
:352_0,201
:352_0,202
:352_0,203
-389,204
-389,205
-389,206
-389,207
-389,208
-389,209
-389,210
-389,211
-389,212
-389,213
-389,214
-389,215
-389,216
-389,217
-389,218
-389,219
-389,220
-389,221
-389,222
-389,223
-389,224
-389,225
-389,226
-389,227
-389,228
-389,229
-389,230
-389,231
-389,232
-389,233
-389,234
-389,235
:351_0,236
-388,237
-388,238
-388,239
-388,240
-388,241
-388,242
-388,243
-388,244
-388,245
-388,246
-388,247
-388,248
-388,249
-388,250
-388,251
-388,252
-388,253
-388,254
-388,255
-388,256
-388,257
-388,258
-388,259
-388,260
-388,261
-388,262
-388,263
-388,264
-388,265
-388,266
-388,267
-388,268
-388,269
-388,270
-388,271
-388,272
-388,273
-388,274
-388,275
-388,276
-388,277
-388,278
-388,279
-388,280
-388,281
-388,282
-388,283
-388,284
-388,285
-388,286
-388,287
-388,288
-388,289
-388,290
-388,291
-388,292
-388,293
-388,294
-388,295
-388,296
-387,297
-387,298
-387,299
-387,300
-387,301
-387,302
-387,303
-387,304
-387,305
-387,306
-387,307
-387,308
-387,309
-387,310
-387,311
-387,312
-387,313
-387,314
-387,315
-387,316
-387,317
-387,318
-387,319
-387,320
-387,321
-387,322
-387,323
-387,324
-387,325
-387,326
-387,327
-387,328
-387,329
-387,330
-387,331
-387,332
-387,333
-387,334
-387,335
-387,336
-387,337
-387,338
-387,339
-387,340
-387,341
-387,342
-387,343
-387,344
-387,345
-387,346
-387,347
-387,348
-387,349
-387,350
-387,351
-387,352
-387,353
-387,354
-387,355
-387,356
-387,357
-387,358
-387,359
-387,360
-387,361
-387,362
-387,363
-387,364
-387,365
-386,366
-386,367
-386,368
-386,369
-386,370
-386,371
-386,372
-386,373
-386,374
-386,375
-386,376
-386,377
-386,378
-386,379
-386,380
-386,381
-386,382
-386,383
-386,384
-386,385
-386,386
-386,387
-386,388
-386,389
-386,390
-386,391
-386,392
-386,393
-386,394
-386,395
-386,396
-386,397
-386,398
-386,399
-386,400
-386,401
-386,402
-386,403
-386,404
-386,405
-386,406
-386,407
-386,408
-386,409
-386,410
-386,411
-386,412
-386,413
-386,414
-386,415
-386,416
-386,417
-386,418
-386,419
-386,420
-386,421
-386,422
-386,423
-386,424
-386,425
-386,426
-386,427
-386,428
-385,429
-385,430
-385,431
-385,432
-385,433
-385,434
-385,435
-385,436
-385,437
-385,438
-385,439
-385,440
-385,441
-385,442
-385,443
-385,444
-385,445
-385,446
-385,447
-385,448
-385,449
-385,450
-385,451
-385,452
-385,453
-385,454
-385,455
-385,456
-385,457
-385,458
-385,459
-385,460
-385,461
-385,462
-385,463
-385,464
-385,465
-385,466
-385,467
-385,468
-385,469
-385,470
-385,471
-385,472
-385,473
-385,474
-385,475
-385,476
-385,477
-385,478
-385,479
-385,480
-385,481
-385,482
-385,483
-385,484
-385,485
-385,486
-385,487
-385,488
-385,489
-385,490
-385,491
-384,492
-384,493
-384,494
-384,495
-384,496
-384,497
-384,498
-384,499
-384,500
-384,501
-384,502
-384,503
-384,504
-384,505
-384,506
-384,507
-384,508
-384,509
-384,510
-384,511
-384,512
-384,513
-384,514
-384,515
-384,516
-384,517
-384,518
-384,519
-384,520
-384,521
-384,522
-384,523
-384,524
-384,525
-384,526
-384,527
-384,528
-384,529
-384,530
-384,531
-384,532
-384,533
-384,534
-384,535
-384,536
-384,537
-384,538
-384,539
-384,540
-384,541
-384,542
-384,543
-384,544
-384,545
-384,546
-384,547
-384,548
-384,549
-384,550
-384,551
-384,552
:346_0,553
:346_0,554
390,555
390,556
390,557
390,558
390,559
390,560
390,561
390,562
390,563
390,564
390,565
390,566
390,567
390,568
390,569
390,570
390,571
390,572
390,573
390,574
390,575
390,576
390,577
390,578
390,579
390,580
390,581
390,582
390,583
390,584
390,585
390,586
390,587
390,588
390,589
390,590
390,591
390,592
390,593
390,594
390,595
390,596
390,597
:4_1,598
:4_1,599
:4_1,600
-3,601
-3,602
-3,603
-3,604
-3,605
-3,606
-3,607
-3,608
-3,609
-3,610
-3,611
-3,612
-3,613
-3,614
-3,615
-3,616
-3,617
-3,618
-3,619
-3,620
-3,621
-3,622
-3,623
-3,624
-3,625
-3,626
-3,627
-3,628
-3,629
-3,630
-3,631
-3,632
-3,633
-3,634
-3,635
-3,636
-3,637
-3,638
-3,639
-3,640
-3,641
-3,642
-3,643
-3,644
-3,645
-3,646
-3,647
-3,648
-3,649
-3,650
-3,651
-3,652
-3,653
-3,654
-3,655
-3,656
-3,657
-3,658
-3,659
-3,660
-3,661
-3,662
-3,663
-3,664
-3,665
-3,666
-3,667
-3,668
-3,669
-3,670
-3,671
-3,672
-3,673
-3,674
-3,675
-3,676
-3,677
-3,678
-3,679
-3,680
-3,681
-3,682
-3,683
-3,684
-3,685
-3,686
-3,687
-3,688
-3,689
-3,690
-3,691
-3,692
-3,693
-3,694
-3,695
-3,696
-3,697
-3,698
-3,699
-3,700
-3,701
-3,702
-3,703
-3,704
-3,705
-3,706
-3,707
-3,708
-3,709
-3,710
-3,711
-3,712
-3,713
-3,714
-3,715
-3,716
-3,717
-3,718
-3,719
-3,720
-3,721
-3,722
-3,723
-3,724
-3,725
-3,726
-3,727
-3,728
-3,729
-3,730
-3,731
-3,732
-3,733
-3,734
-3,735
-3,736
-3,737
-3,738
-3,739
-3,740
-3,741
-3,742
-3,743
-3,744
-3,745
-3,746
-3,747
-3,748
-3,749
-3,750
-3,751
-3,752
-3,753
-3,754
-3,755
-3,756
-3,757
-3,758
-3,759
-3,760
-3,761
-3,762
-3,763
-3,764
-3,765
-3,766
-3,767
-3,768
-3,769
-3,770
-3,771
-3,772
-3,773
-3,774
-3,775
-3,776
-3,777
-3,778
-3,779
-3,780
-3,781
-3,782
-3,783
-3,784
-3,785
-3,786
-3,787
-3,788
-3,789
-3,790
-3,791
-3,792
-3,793
-3,794
-3,795
-3,796
-3,797
-3,798
-3,799
-3,800
-3,801
-3,802
-3,803
-3,804
-3,805
-3,806
-3,807
-3,808
-3,809
-3,810
-3,811
-3,812
-3,813
-3,814
-3,815
-3,816
-3,817
-3,818
-3,819
-3,820
-3,821
-3,822
-3,823
-3,824
-3,825
-3,826
-3,827
-3,828
-3,829
-3,830
-3,831
-3,832
-3,833
-3,834
-3,835
-3,836
-3,837
-3,838
-3,839
-3,840
-3,841
-3,842
-3,843
-3,844
-3,845
-3,846
-3,847
-3,848
-3,849
-3,850
-3,851
-3,852
-3,853
-3,854
-3,855
-3,856
-3,857
-3,858
-3,859
-3,860
-3,861
-3,862
:0_13,863
:0_13,864
:0_13,865
:0_13,866
:0_13,867
-310,868
-310,869
-310,870
-310,871
-310,872
-310,873
-310,874
-310,875
-310,876
-310,877
-310,878
-310,879
-310,880
-310,881
-310,882
-310,883
-310,884
-310,885
-310,886
-310,887
-310,888
-310,889
-310,890
-310,891
-310,892
-310,893
-310,894
-310,895
-310,896
-310,897
-310,898
-310,899
-310,900
-310,901
-310,902
-310,903
-310,904
-310,905
-310,906
-310,907
-310,908
-310,909
-310,910
-310,911
-310,912
-310,913
-310,914
-310,915
-310,916
-310,917
-310,918
-310,919
-310,920
-310,921
-310,922
-310,923
-310,924
-310,925
-310,926
-310,927
-310,928
-310,929
-310,930
-310,931
-310,932
-310,933
-310,934
-310,935
-310,936
-310,937
-310,938
-310,939
-310,940
-310,941
-310,942
-310,943
-310,944
-310,945
-310,946
-310,947
-310,948
-310,949
-310,950
-310,951
-310,952
-310,953
-310,954
-310,955
-310,956
-310,957
-310,958
-310,959
-310,960
-310,961
-310,962
-310,963
-310,964
-310,965
-310,966
-310,967
-310,968
-310,969
-310,970
-310,971
-310,972
-310,973
-310,974
-310,975
-310,976
-310,977
-310,978
-310,979
-310,980
-310,981
-310,982
-310,983
-310,984
-310,985
-310,986
-310,987
-310,988
-310,989
-310,990
-310,991
-310,992
-310,993
-310,994
-310,995
-310,996
-310,997
-310,998
-310,999
-310,1000
-310,1001
-310,1002
-310,1003
-310,1004
-310,1005
-310,1006
-310,1007
-310,1008
-310,1009
-310,1010
-310,1011
-310,1012
-310,1013
-310,1014
-310,1015
-310,1016
-310,1017
-310,1018
-310,1019
-310,1020
-310,1021
-310,1022
-310,1023
-310,1024
-310,1025
-310,1026
-310,1027
-310,1028
-310,1029
-310,1030
-310,1031
-310,1032
-310,1033
-310,1034
-310,1035
-310,1036
-310,1037
-310,1038
-310,1039
-310,1040
-310,1041
-310,1042
-310,1043
-310,1044
-310,1045
-310,1046
-310,1047
-310,1048
-310,1049
-310,1050
-310,1051
-310,1052
-310,1053
-310,1054
-310,1055
-310,1056
-310,1057
-310,1058
-310,1059
-310,1060
-310,1061
-310,1062
-310,1063
-310,1064
-310,1065
-310,1066
-310,1067
-310,1068
-310,1069
-310,1070
-310,1071
-310,1072
-310,1073
-310,1074
-310,1075
-310,1076
-310,1077
-310,1078
-310,1079
-310,1080
-310,1081
-310,1082
-310,1083
:54_6,1084
:54_6,1085
:54_6,1086
:54_6,1087
:54_6,1088
-46,1089
-46,1090
-46,1091
-46,1092
-46,1093
-46,1094
-46,1095
-46,1096
-46,1097
-46,1098
-46,1099
-46,1100
-46,1101
-46,1102
-46,1103
-46,1104
-46,1105
-46,1106
-46,1107
-46,1108
-46,1109
-46,1110
-46,1111
-46,1112
-46,1113
-46,1114
-46,1115
-46,1116
-46,1117
-46,1118
-46,1119
-46,1120
-46,1121
-46,1122
-46,1123
-46,1124
-46,1125
-46,1126
-46,1127
-46,1128
-46,1129
-46,1130
-46,1131
-46,1132
-46,1133
-46,1134
-46,1135
-46,1136
-46,1137
-46,1138
-46,1139
-46,1140
-46,1141
-46,1142
-46,1143
-46,1144
-46,1145
-46,1146
-46,1147
-46,1148
-46,1149
-46,1150
-46,1151
-46,1152
-46,1153
-46,1154
-46,1155
-46,1156
-46,1157
-46,1158
-46,1159
-46,1160
-46,1161
-46,1162
-46,1163
-46,1164
-46,1165
-46,1166
-46,1167
-46,1168
-46,1169
-46,1170
-46,1171
-46,1172
-46,1173
-46,1174
-46,1175
-46,1176
-46,1177
-46,1178
-46,1179
-46,1180
-46,1181
-46,1182
-46,1183
-46,1184
-46,1185
-46,1186
-46,1187
-46,1188
-46,1189
-46,1190
-46,1191
:52_14,1192
:52_14,1193
:52_14,1194
:52_14,1195
:52_14,1196
48,1197
48,1198
48,1199
48,1200
48,1201
48,1202
48,1203
48,1204
48,1205
48,1206
48,1207
48,1208
48,1209
48,1210
48,1211
48,1212
48,1213
48,1214
48,1215
48,1216
48,1217
48,1218
48,1219
48,1220
48,1221
48,1222
48,1223
48,1224
48,1225
48,1226
48,1227
48,1228
48,1229
48,1230
48,1231
48,1232
48,1233
48,1234
48,1235
48,1236
48,1237
48,1238
48,1239
48,1240
48,1241
48,1242
48,1243
48,1244
48,1245
48,1246
48,1247
48,1248
48,1249
48,1250
48,1251
48,1252
48,1253
48,1254
48,1255
48,1256
48,1257
48,1258
48,1259
48,1260
48,1261
48,1262
48,1263
48,1264
48,1265
48,1266
48,1267
48,1268
48,1269
48,1270
48,1271
48,1272
48,1273
48,1274
48,1275
48,1276
48,1277
48,1278
48,1279
48,1280
48,1281
48,1282
48,1283
48,1284
48,1285
48,1286
48,1287
48,1288
48,1289
48,1290
48,1291
48,1292
48,1293
48,1294
48,1295
48,1296
48,1297
48,1298
48,1299
48,1300
48,1301
48,1302
48,1303
48,1304
48,1305
48,1306
48,1307
48,1308
48,1309
48,1310
48,1311
48,1312
48,1313
48,1314
48,1315
48,1316
48,1317
48,1318
48,1319
48,1320
:56_12,1321
:56_12,1322
:56_12,1323
:56_12,1324
:56_12,1325
-98,1326
-98,1327
-98,1328
-98,1329
-98,1330
-98,1331
-98,1332
-98,1333
-98,1334
-98,1335
-98,1336
-98,1337
-98,1338
-98,1339
-98,1340
-98,1341
-98,1342
-98,1343
-98,1344
-98,1345
-98,1346
-98,1347
-98,1348
-98,1349
-98,1350
-98,1351
-98,1352
-98,1353
-98,1354
-98,1355
-98,1356
-98,1357
-98,1358
-98,1359
-98,1360
-98,1361
-98,1362
-98,1363
-98,1364
-98,1365
-98,1366
-98,1367
-98,1368
-98,1369
-98,1370
-98,1371
-98,1372
-98,1373
-98,1374
-98,1375
-98,1376
-98,1377
-98,1378
-98,1379
-98,1380
-98,1381
-98,1382
-98,1383
-98,1384
-98,1385
-98,1386
-98,1387
-98,1388
-98,1389
-98,1390
-98,1391
-98,1392
-98,1393
-98,1394
-98,1395
-98,1396
-98,1397
-98,1398
-98,1399
-98,1400
-98,1401
-98,1402
-98,1403
-98,1404
-98,1405
-98,1406
-98,1407
-98,1408
-98,1409
-98,1410
-98,1411
-98,1412
-98,1413
-98,1414
-98,1415
-98,1416
-98,1417
-98,1418
-98,1419
-98,1420
-98,1421
-98,1422
-98,1423
-98,1424
-98,1425
-98,1426
-98,1427
-98,1428
-98,1429
-98,1430
-98,1431
-98,1432
-98,1433
-98,1434
-98,1435
-98,1436
-98,1437
-98,1438
-98,1439
-98,1440
-98,1441
-98,1442
-98,1443
-98,1444
-98,1445
-98,1446
-98,1447
-98,1448
-98,1449
-98,1450
-98,1451
-98,1452
-98,1453
-98,1454
-98,1455
-98,1456
-98,1457
-98,1458
-98,1459
-98,1460
-98,1461
-98,1462
-98,1463
-98,1464
-98,1465
-98,1466
-98,1467
-98,1468
-98,1469
-98,1470
-98,1471
-98,1472
-98,1473
-98,1474
-98,1475
-98,1476
-98,1477
-98,1478
-98,1479
-98,1480
:111_13,1481
:111_13,1482
:111_13,1483
:111_13,1484
:111_13,1485
97,1486
97,1487
97,1488
97,1489
97,1490
97,1491
97,1492
97,1493
97,1494
97,1495
97,1496
97,1497
97,1498
97,1499
97,1500
97,1501
97,1502
97,1503
97,1504
97,1505
97,1506
97,1507
97,1508
97,1509
97,1510
97,1511
97,1512
97,1513
97,1514
97,1515
97,1516
97,1517
97,1518
97,1519
97,1520
97,1521
97,1522
97,1523
97,1524
97,1525
97,1526
97,1527
97,1528
97,1529
97,1530
97,1531
97,1532
97,1533
97,1534
97,1535
97,1536
97,1537
97,1538
97,1539
97,1540
97,1541
97,1542
97,1543
97,1544
97,1545
97,1546
97,1547
97,1548
97,1549
97,1550
97,1551
97,1552
97,1553
97,1554
97,1555
97,1556
97,1557
