98,1
98,2
98,3
98,4
98,5
98,6
98,7
98,8
98,9
98,10
98,11
98,12
98,13
98,14
98,15
98,16
98,17
98,18
98,19
98,20
98,21
98,22
98,23
98,24
98,25
98,26
98,27
98,28
98,29
98,30
98,31
98,32
98,33
98,34
98,35
98,36
98,37
98,38
98,39
98,40
98,41
98,42
98,43
98,44
98,45
98,46
98,47
98,48
98,49
98,50
98,51
98,52
98,53
98,54
98,55
98,56
98,57
98,58
98,59
98,60
98,61
98,62
98,63
98,64
98,65
98,66
98,67
98,68
98,69
98,70
98,71
98,72
98,73
98,74
98,75
98,76
98,77
98,78
98,79
98,80
98,81
98,82
98,83
98,84
98,85
98,86
98,87
98,88
98,89
98,90
98,91
98,92
98,93
98,94
98,95
98,96
98,97
98,98
98,99
98,100
98,101
98,102
98,103
98,104
98,105
98,106
98,107
98,108
98,109
98,110
98,111
98,112
98,113
98,114
98,115
98,116
98,117
98,118
98,119
98,120
98,121
98,122
98,123
98,124
98,125
98,126
98,127
98,128
98,129
98,130
98,131
98,132
98,133
98,134
98,135
98,136
98,137
98,138
98,139
98,140
98,141
98,142
:56_5,143
:56_5,144
:56_5,145
:56_5,146
-48,147
-48,148
-48,149
-48,150
-48,151
-48,152
-48,153
-48,154
-48,155
-48,156
-48,157
-48,158
-48,159
-48,160
-48,161
-48,162
-48,163
-48,164
-48,165
-48,166
-48,167
-48,168
-48,169
-48,170
-48,171
-48,172
-48,173
-48,174
-48,175
-48,176
-48,177
-48,178
-48,179
-48,180
-48,181
-48,182
-48,183
-48,184
-48,185
-48,186
-48,187
-48,188
-48,189
-48,190
-48,191
-48,192
-48,193
-48,194
-48,195
-48,196
-48,197
-48,198
-48,199
-48,200
-48,201
-48,202
-48,203
-48,204
-48,205
-48,206
-48,207
-48,208
-48,209
-48,210
-48,211
-48,212
-48,213
-48,214
-48,215
-48,216
-48,217
-48,218
-48,219
-48,220
-48,221
-48,222
-48,223
-48,224
-48,225
-48,226
-48,227
-48,228
-48,229
-48,230
-48,231
-48,232
-48,233
-48,234
-48,235
-48,236
-48,237
-48,238
-48,239
-48,240
-48,241
-48,242
-48,243
-48,244
-48,245
-48,246
-48,247
-48,248
-48,249
-48,250
-48,251
-48,252
-48,253
-48,254
-48,255
-48,256
-48,257
-48,258
-48,259
-48,260
:52_0,261
:52_0,262
:52_0,263
46,264
46,265
46,266
46,267
46,268
46,269
46,270
46,271
46,272
46,273
46,274
46,275
46,276
46,277
46,278
46,279
46,280
46,281
46,282
46,283
46,284
46,285
46,286
46,287
46,288
46,289
46,290
46,291
46,292
46,293
46,294
46,295
46,296
46,297
46,298
46,299
46,300
46,301
46,302
46,303
46,304
46,305
46,306
46,307
46,308
46,309
46,310
46,311
46,312
46,313
46,314
46,315
46,316
46,317
46,318
46,319
46,320
46,321
46,322
46,323
46,324
46,325
46,326
46,327
46,328
46,329
46,330
46,331
46,332
46,333
46,334
46,335
46,336
46,337
46,338
46,339
46,340
46,341
46,342
46,343
46,344
46,345
46,346
46,347
46,348
46,349
46,350
46,351
46,352
46,353
46,354
46,355
46,356
46,357
46,358
:54_4,359
:54_4,360
:54_4,361
:54_4,362
310,363
310,364
310,365
310,366
310,367
310,368
310,369
310,370
310,371
310,372
310,373
310,374
310,375
310,376
310,377
310,378
310,379
310,380
310,381
310,382
310,383
310,384
310,385
310,386
310,387
310,388
310,389
310,390
310,391
310,392
310,393
310,394
310,395
310,396
310,397
310,398
310,399
310,400
310,401
310,402
310,403
310,404
310,405
310,406
310,407
310,408
310,409
310,410
310,411
310,412
310,413
310,414
310,415
310,416
310,417
310,418
310,419
310,420
310,421
310,422
310,423
310,424
310,425
310,426
310,427
310,428
310,429
310,430
310,431
310,432
310,433
310,434
310,435
310,436
310,437
310,438
310,439
310,440
310,441
310,442
310,443
310,444
310,445
310,446
310,447
310,448
310,449
310,450
310,451
310,452
310,453
310,454
310,455
310,456
310,457
310,458
310,459
310,460
310,461
310,462
310,463
310,464
310,465
310,466
310,467
310,468
310,469
310,470
310,471
310,472
310,473
310,474
310,475
310,476
310,477
310,478
310,479
310,480
310,481
310,482
310,483
310,484
310,485
310,486
310,487
310,488
310,489
310,490
310,491
310,492
310,493
310,494
310,495
310,496
310,497
310,498
310,499
310,500
310,501
310,502
310,503
310,504
310,505
310,506
310,507
310,508
310,509
310,510
310,511
310,512
310,513
310,514
310,515
310,516
310,517
310,518
310,519
310,520
310,521
310,522
310,523
310,524
310,525
310,526
310,527
310,528
310,529
310,530
310,531
310,532
310,533
310,534
310,535
310,536
310,537
310,538
310,539
310,540
310,541
310,542
310,543
310,544
310,545
310,546
310,547
310,548
310,549
310,550
310,551
310,552
310,553
310,554
310,555
310,556
310,557
310,558
310,559
310,560
310,561
310,562
310,563
310,564
310,565
310,566
:0_5,567
:0_5,568
:0_5,569
:0_5,570
:0_5,571
3,572
3,573
3,574
3,575
3,576
3,577
3,578
3,579
3,580
3,581
3,582
3,583
3,584
3,585
3,586
3,587
3,588
3,589
3,590
3,591
3,592
3,593
3,594
3,595
3,596
3,597
3,598
3,599
3,600
3,601
3,602
3,603
3,604
3,605
3,606
3,607
3,608
3,609
3,610
3,611
3,612
3,613
3,614
3,615
3,616
3,617
3,618
3,619
3,620
3,621
3,622
3,623
3,624
3,625
3,626
3,627
3,628
3,629
3,630
3,631
3,632
3,633
3,634
3,635
3,636
3,637
3,638
3,639
3,640
3,641
3,642
3,643
3,644
3,645
3,646
3,647
3,648
3,649
3,650
3,651
3,652
3,653
3,654
3,655
3,656
3,657
3,658
3,659
3,660
3,661
3,662
3,663
3,664
3,665
3,666
3,667
3,668
3,669
3,670
3,671
3,672
3,673
3,674
3,675
3,676
3,677
3,678
3,679
3,680
3,681
3,682
3,683
3,684
3,685
3,686
3,687
3,688
3,689
3,690
3,691
3,692
3,693
3,694
3,695
3,696
3,697
3,698
3,699
3,700
3,701
3,702
3,703
3,704
3,705
3,706
3,707
3,708
3,709
3,710
3,711
3,712
3,713
3,714
3,715
3,716
3,717
3,718
3,719
3,720
3,721
3,722
3,723
3,724
3,725
3,726
3,727
3,728
3,729
3,730
3,731
3,732
3,733
3,734
3,735
3,736
3,737
3,738
3,739
3,740
3,741
3,742
3,743
3,744
3,745
3,746
3,747
3,748
3,749
3,750
3,751
3,752
3,753
3,754
3,755
3,756
3,757
3,758
3,759
3,760
3,761
3,762
3,763
3,764
3,765
3,766
3,767
3,768
3,769
3,770
3,771
3,772
3,773
3,774
3,775
3,776
3,777
3,778
3,779
3,780
3,781
3,782
3,783
3,784
3,785
3,786
3,787
3,788
3,789
3,790
3,791
3,792
3,793
3,794
3,795
3,796
3,797
3,798
3,799
3,800
3,801
3,802
3,803
3,804
3,805
3,806
3,807
3,808
3,809
3,810
3,811
3,812
3,813
3,814
3,815
3,816
3,817
3,818
3,819
3,820
3,821
3,822
3,823
3,824
3,825
3,826
3,827
3,828
3,829
3,830
3,831
3,832
3,833
3,834
3,835
3,836
:4_4,837
:4_4,838
:4_4,839
:4_4,840
-11,841
-11,842
-11,843
-11,844
-11,845
-11,846
-11,847
-11,848
-11,849
-11,850
-11,851
-11,852
-11,853
-11,854
-11,855
-11,856
-11,857
-11,858
-11,859
-11,860
-11,861
-11,862
-11,863
-11,864
-11,865
-11,866
-11,867
-11,868
-11,869
-11,870
-11,871
-11,872
-11,873
-11,874
-11,875
-11,876
-11,877
-11,878
-11,879
-11,880
-11,881
-11,882
-11,883
-11,884
-11,885
-11,886
-11,887
-11,888
-11,889
-11,890
-11,891
-11,892
-11,893
-11,894
-11,895
-11,896
-11,897
-11,898
-11,899
-11,900
-11,901
-11,902
-11,903
-11,904
-11,905
-11,906
-11,907
-11,908
-11,909
-11,910
-11,911
-11,912
-11,913
-11,914
-11,915
-11,916
-11,917
-11,918
-11,919
-11,920
-11,921
-11,922
-11,923
-11,924
-11,925
-11,926
-11,927
-11,928
-11,929
-11,930
-11,931
-11,932
-11,933
-11,934
-11,935
-11,936
-11,937
-11,938
-11,939
-11,940
-11,941
-11,942
-11,943
-11,944
-11,945
-11,946
-11,947
-11,948
-11,949
-11,950
-11,951
-11,952
-11,953
-11,954
-11,955
-11,956
-10,957
-10,958
-10,959
-10,960
-10,961
-10,962
-10,963
-10,964
-10,965
-10,966
-10,967
-10,968
-10,969
-10,970
-10,971
-10,972
-10,973
-10,974
-10,975
-10,976
-10,977
-10,978
-10,979
-10,980
-10,981
-10,982
-10,983
-10,984
-10,985
-10,986
-10,987
-10,988
-10,989
-10,990
-10,991
-10,992
-10,993
-10,994
-10,995
-10,996
-10,997
-10,998
-10,999
-10,1000
-10,1001
-10,1002
-10,1003
-10,1004
-10,1005
-10,1006
-10,1007
-10,1008
-10,1009
-10,1010
-10,1011
-10,1012
-10,1013
-10,1014
-9,1015
-9,1016
-9,1017
-9,1018
-9,1019
-9,1020
-9,1021
-9,1022
-9,1023
-9,1024
-9,1025
-9,1026
-9,1027
-9,1028
-9,1029
-9,1030
-9,1031
-9,1032
-9,1033
-9,1034
-9,1035
-9,1036
-9,1037
-9,1038
-9,1039
-9,1040
-9,1041
-9,1042
-9,1043
-9,1044
-9,1045
-9,1046
-9,1047
-9,1048
-9,1049
-9,1050
-9,1051
-9,1052
-9,1053
-9,1054
-9,1055
-9,1056
-9,1057
-9,1058
-9,1059
-9,1060
-9,1061
-9,1062
-9,1063
-9,1064
-9,1065
-9,1066
-9,1067
-9,1068
-9,1069
-9,1070
-9,1071
:10_0,1072
-8,1073
-8,1074
-8,1075
-8,1076
-8,1077
-8,1078
-8,1079
-8,1080
-8,1081
-8,1082
-8,1083
-8,1084
-8,1085
-8,1086
-8,1087
-8,1088
-8,1089
-8,1090
-8,1091
-8,1092
-8,1093
-8,1094
-8,1095
-8,1096
-8,1097
-8,1098
-8,1099
-8,1100
-8,1101
-8,1102
-8,1103
-8,1104
-8,1105
-8,1106
-8,1107
-8,1108
-8,1109
-8,1110
-8,1111
-8,1112
-8,1113
-8,1114
-8,1115
-8,1116
-8,1117
-8,1118
-8,1119
-8,1120
-8,1121
-8,1122
-8,1123
-8,1124
-8,1125
-8,1126
-8,1127
-8,1128
-8,1129
-8,1130
-8,1131
-8,1132
-7,1133
-7,1134
-7,1135
-7,1136
-7,1137
-7,1138
-7,1139
-7,1140
-7,1141
-7,1142
-7,1143
-7,1144
-7,1145
-7,1146
-7,1147
-7,1148
-7,1149
-7,1150
-7,1151
-7,1152
-7,1153
-7,1154
-7,1155
-7,1156
-7,1157
-7,1158
-7,1159
-7,1160
-7,1161
-7,1162
-7,1163
-7,1164
-7,1165
-7,1166
-7,1167
-7,1168
-7,1169
-7,1170
-7,1171
-7,1172
-7,1173
-7,1174
-7,1175
-7,1176
-7,1177
-7,1178
-7,1179
-7,1180
-7,1181
-7,1182
-7,1183
-7,1184
-7,1185
-7,1186
-7,1187
-7,1188
-7,1189
-7,1190
-7,1191
-7,1192
-7,1193
-7,1194
-7,1195
-7,1196
-7,1197
-7,1198
-7,1199
-7,1200
-7,1201
-7,1202
-7,1203
-7,1204
-7,1205
-7,1206
-7,1207
-7,1208
-6,1209
-6,1210
-6,1211
-6,1212
-6,1213
-6,1214
-6,1215
-6,1216
-6,1217
-6,1218
-6,1219
-6,1220
-6,1221
-6,1222
-6,1223
-6,1224
-6,1225
-6,1226
-6,1227
-6,1228
-6,1229
-6,1230
-6,1231
-6,1232
-6,1233
-6,1234
-6,1235
-6,1236
-6,1237
-6,1238
-6,1239
-6,1240
-6,1241
-6,1242
-6,1243
-6,1244
-6,1245
-6,1246
-6,1247
-6,1248
-6,1249
-6,1250
-6,1251
-6,1252
-6,1253
-6,1254
-6,1255
-6,1256
-6,1257
-6,1258
-6,1259
-6,1260
-6,1261
-6,1262
-6,1263
-6,1264
-6,1265
-6,1266
-6,1267
-6,1268
-6,1269
-6,1270
-6,1271
-6,1272
-6,1273
-6,1274
-6,1275
-6,1276
-6,1277
-6,1278
-6,1279
-6,1280
-6,1281
-6,1282
-6,1283
-6,1284
-6,1285
-6,1286
-6,1287
-6,1288
-6,1289
-6,1290
-6,1291
-6,1292
-6,1293
-6,1294
-6,1295
-6,1296
-6,1297
-6,1298
-6,1299
-6,1300
-6,1301
-6,1302
-6,1303
-6,1304
-6,1305
-6,1306
-6,1307
-6,1308
-6,1309
-6,1310
-6,1311
-6,1312
-6,1313
-6,1314
-6,1315
-6,1316
-6,1317
-6,1318
-6,1319
-6,1320
-6,1321
-6,1322
-6,1323
-6,1324
-6,1325
-6,1326
-6,1327
-6,1328
-6,1329
-6,1330
-6,1331
-6,1332
-6,1333
-6,1334
-6,1335
-6,1336
-6,1337
-6,1338
-6,1339
-6,1340
-6,1341
-6,1342
-6,1343
-6,1344
-6,1345
-6,1346
-6,1347
-6,1348
-6,1349
-6,1350
-6,1351
-6,1352
-6,1353
-6,1354
-6,1355
-6,1356
-6,1357
-6,1358
-6,1359
-6,1360
-6,1361
-6,1362
-6,1363
-6,1364
-6,1365
-6,1366
-6,1367
-6,1368
-6,1369
-6,1370
-6,1371
-6,1372
-6,1373
-6,1374
-6,1375
-6,1376
-6,1377
-6,1378
-6,1379
-6,1380
-6,1381
-6,1382
-6,1383
-6,1384
-6,1385
-6,1386
-6,1387
-6,1388
-6,1389
-6,1390
-6,1391
-6,1392
-6,1393
-6,1394
-6,1395
-6,1396
-6,1397
-6,1398
-6,1399
-6,1400
-6,1401
-6,1402
-6,1403
-6,1404
-6,1405
-6,1406
-6,1407
-6,1408
-6,1409
-6,1410
-6,1411
-6,1412
-6,1413
-6,1414
-6,1415
-6,1416
-6,1417
-6,1418
-6,1419
-6,1420
-6,1421
-6,1422
-6,1423
-6,1424
-6,1425
-6,1426
-6,1427
-6,1428
-6,1429
-6,1430
-6,1431
-6,1432
-6,1433
:6_1,1434
:6_1,1435
:6_1,1436
-684,1437
-684,1438
-684,1439
-684,1440
-684,1441
-684,1442
-684,1443
-684,1444
-684,1445
-684,1446
-684,1447
-684,1448
-684,1449
-684,1450
-684,1451
-684,1452
-684,1453
-684,1454
-684,1455
:373_4,1456
:373_4,1457
-685,1458
-685,1459
-685,1460
-685,1461
-685,1462
-685,1463
-685,1464
-685,1465
-685,1466
-685,1467
-685,1468
-685,1469
-685,1470
-685,1471
-685,1472
-685,1473
-685,1474
-685,1475
-685,1476
-685,1477
-685,1478
-685,1479
:13_1,1480
:13_1,1481
:13_1,1482
:13_1,1483
177,1484
177,1485
177,1486
177,1487
177,1488
177,1489
177,1490
177,1491
177,1492
177,1493
177,1494
177,1495
177,1496
177,1497
177,1498
177,1499
177,1500
177,1501
177,1502
177,1503
177,1504
177,1505
177,1506
177,1507
177,1508
177,1509
177,1510
177,1511
177,1512
177,1513
177,1514
177,1515
177,1516
177,1517
177,1518
177,1519
177,1520
177,1521
177,1522
177,1523
177,1524
177,1525
177,1526
177,1527
177,1528
177,1529
177,1530
177,1531
177,1532
177,1533
177,1534
177,1535
177,1536
177,1537
177,1538
177,1539
177,1540
177,1541
177,1542
177,1543
177,1544
177,1545
177,1546
177,1547
177,1548
177,1549
177,1550
177,1551
177,1552
177,1553
177,1554
177,1555
177,1556
177,1557
177,1558
177,1559
177,1560
177,1561
177,1562
177,1563
177,1564
177,1565
177,1566
177,1567
177,1568
177,1569
177,1570
177,1571
177,1572
177,1573
177,1574
177,1575
177,1576
177,1577
177,1578
177,1579
177,1580
177,1581
177,1582
177,1583
177,1584
177,1585
177,1586
177,1587
177,1588
177,1589
177,1590
177,1591
177,1592
177,1593
177,1594
177,1595
177,1596
177,1597
177,1598
177,1599
177,1600
177,1601
177,1602
177,1603
177,1604
177,1605
177,1606
177,1607
177,1608
177,1609
177,1610
177,1611
177,1612
177,1613
177,1614
177,1615
177,1616
177,1617
177,1618
177,1619
177,1620
177,1621
177,1622
177,1623
177,1624
177,1625
177,1626
177,1627
177,1628
177,1629
177,1630
177,1631
177,1632
177,1633
:190_1,1634
:190_1,1635
:190_1,1636
:190_1,1637
:190_1,1638
:190_1,1639
178,1640
178,1641
178,1642
178,1643
178,1644
178,1645
178,1646
178,1647
178,1648
178,1649
178,1650
178,1651
178,1652
178,1653
178,1654
178,1655
178,1656
178,1657
178,1658
178,1659
178,1660
178,1661
178,1662
178,1663
178,1664
178,1665
178,1666
178,1667
178,1668
178,1669
178,1670
178,1671
178,1672
178,1673
178,1674
178,1675
178,1676
178,1677
178,1678
178,1679
178,1680
178,1681
178,1682
178,1683
178,1684
178,1685
178,1686
178,1687
178,1688
178,1689
178,1690
178,1691
178,1692
178,1693
178,1694
178,1695
178,1696
178,1697
178,1698
178,1699
178,1700
178,1701
178,1702
178,1703
178,1704
178,1705
178,1706
178,1707
178,1708
178,1709
178,1710
178,1711
178,1712
178,1713
178,1714
178,1715
178,1716
178,1717
178,1718
178,1719
178,1720
178,1721
178,1722
178,1723
178,1724
178,1725
178,1726
178,1727
178,1728
178,1729
178,1730
178,1731
178,1732
178,1733
178,1734
178,1735
178,1736
178,1737
178,1738
178,1739
178,1740
178,1741
178,1742
178,1743
178,1744
178,1745
178,1746
178,1747
178,1748
178,1749
178,1750
178,1751
178,1752
178,1753
178,1754
178,1755
178,1756
178,1757
178,1758
178,1759
178,1760
178,1761
178,1762
178,1763
178,1764
178,1765
178,1766
178,1767
178,1768
178,1769
178,1770
178,1771
178,1772
178,1773
178,1774
178,1775
178,1776
178,1777
178,1778
178,1779
178,1780
178,1781
178,1782
178,1783
178,1784
178,1785
178,1786
178,1787
178,1788
178,1789
178,1790
178,1791
178,1792
178,1793
178,1794
178,1795
178,1796
178,1797
178,1798
178,1799
178,1800
178,1801
178,1802
178,1803
178,1804
178,1805
178,1806
178,1807
178,1808
178,1809
178,1810
178,1811
178,1812
178,1813
178,1814
178,1815
178,1816
178,1817
178,1818
178,1819
178,1820
178,1821
178,1822
178,1823
178,1824
178,1825
178,1826
178,1827
178,1828
:191_5,1829
:191_5,1830
:191_5,1831
:191_5,1832
:191_5,1833
-195,1834
-195,1835
-195,1836
-195,1837
-195,1838
-195,1839
-195,1840
-195,1841
-195,1842
-195,1843
-195,1844
-195,1845
-195,1846
-195,1847
-195,1848
-195,1849
-195,1850
-195,1851
-195,1852
-195,1853
-195,1854
-195,1855
-195,1856
-195,1857
-195,1858
-195,1859
-195,1860
-195,1861
-195,1862
-195,1863
-195,1864
-195,1865
-195,1866
-195,1867
-195,1868
-195,1869
-195,1870
-195,1871
-195,1872
-195,1873
-195,1874
-195,1875
-195,1876
-195,1877
-195,1878
-195,1879
-195,1880
-195,1881
-195,1882
-195,1883
-195,1884
-195,1885
-195,1886
-195,1887
-195,1888
-195,1889
-195,1890
-195,1891
-195,1892
-195,1893
-195,1894
-195,1895
-195,1896
-195,1897
-195,1898
-195,1899
-195,1900
-195,1901
-195,1902
-195,1903
-195,1904
-195,1905
-195,1906
-195,1907
-195,1908
-195,1909
-195,1910
-195,1911
-195,1912
-195,1913
-195,1914
-195,1915
-195,1916
-195,1917
-195,1918
-195,1919
-195,1920
-195,1921
-195,1922
-195,1923
-195,1924
-195,1925
-195,1926
-195,1927
-195,1928
-195,1929
-195,1930
-195,1931
-195,1932
-195,1933
-195,1934
-195,1935
-195,1936
-195,1937
-195,1938
-195,1939
-195,1940
-195,1941
-195,1942
-195,1943
-195,1944
-195,1945
-195,1946
-195,1947
-195,1948
-195,1949
-195,1950
-195,1951
-195,1952
-195,1953
-195,1954
-195,1955
-195,1956
-195,1957
-195,1958
-195,1959
-195,1960
-195,1961
-195,1962
-195,1963
-195,1964
-195,1965
-195,1966
-195,1967
-195,1968
-195,1969
-195,1970
-195,1971
-195,1972
-195,1973
-195,1974
-195,1975
-195,1976
-195,1977
-195,1978
-195,1979
-195,1980
-195,1981
-195,1982
-195,1983
-195,1984
-195,1985
-195,1986
-195,1987
-195,1988
-195,1989
-195,1990
-195,1991
-195,1992
-195,1993
-195,1994
-195,1995
-195,1996
-195,1997
-195,1998
-195,1999
-195,2000
