-254,1
-254,2
-254,3
-254,4
-254,5
-254,6
-254,7
-254,8
-254,9
-254,10
-254,11
-254,12
-254,13
-254,14
-254,15
-254,16
-254,17
-254,18
-254,19
-254,20
-254,21
-254,22
-254,23
-254,24
-254,25
-254,26
-254,27
-254,28
-254,29
-254,30
-254,31
-254,32
-254,33
-254,34
-254,35
-254,36
-254,37
-254,38
-254,39
-254,40
-254,41
-254,42
-254,43
-254,44
-254,45
-254,46
-254,47
-254,48
-254,49
-254,50
-254,51
-254,52
-254,53
-254,54
-254,55
-254,56
-254,57
-254,58
-254,59
-254,60
-254,61
-254,62
-254,63
-254,64
-254,65
-254,66
-254,67
-254,68
-254,69
-254,70
-254,71
-254,72
-254,73
-254,74
-254,75
-254,76
-254,77
-254,78
-254,79
-254,80
-254,81
-254,82
-254,83
-254,84
-254,85
-254,86
-254,87
-254,88
-254,89
-254,90
-254,91
-254,92
-254,93
-254,94
:177_3,95
:177_3,96
:177_3,97
:177_3,98
255,99
255,100
255,101
255,102
255,103
255,104
255,105
255,106
255,107
255,108
255,109
255,110
255,111
255,112
255,113
255,114
255,115
255,116
255,117
255,118
255,119
255,120
255,121
255,122
255,123
255,124
255,125
255,126
255,127
255,128
255,129
255,130
255,131
255,132
255,133
255,134
255,135
255,136
255,137
255,138
255,139
255,140
255,141
255,142
255,143
255,144
255,145
255,146
255,147
255,148
255,149
255,150
255,151
255,152
255,153
255,154
255,155
255,156
255,157
255,158
255,159
255,160
255,161
255,162
255,163
255,164
255,165
255,166
255,167
255,168
255,169
255,170
255,171
255,172
255,173
255,174
255,175
255,176
255,177
255,178
255,179
255,180
255,181
255,182
255,183
255,184
255,185
255,186
255,187
255,188
255,189
255,190
255,191
255,192
255,193
255,194
255,195
255,196
255,197
255,198
255,199
255,200
:223_7,201
:223_7,202
:223_10,203
:223_10,204
:223_10,205
:223_10,206
559,207
559,208
559,209
559,210
559,211
559,212
559,213
559,214
559,215
559,216
559,217
559,218
559,219
559,220
559,221
559,222
559,223
559,224
559,225
559,226
559,227
559,228
559,229
559,230
559,231
559,232
559,233
559,234
559,235
559,236
559,237
559,238
559,239
559,240
559,241
559,242
559,243
559,244
559,245
559,246
559,247
559,248
559,249
559,250
559,251
559,252
559,253
559,254
559,255
559,256
559,257
559,258
559,259
559,260
559,261
:432_4,262
:432_4,263
:432_10,264
:432_10,265
:432_10,266
-518,267
-518,268
-518,269
-518,270
-518,271
-518,272
-518,273
-518,274
-518,275
-518,276
-518,277
-518,278
-518,279
-518,280
-518,281
-518,282
-518,283
-518,284
-518,285
-518,286
-518,287
-518,288
-518,289
-518,290
-518,291
-518,292
-518,293
-518,294
-518,295
-518,296
-518,297
-518,298
-518,299
-518,300
-518,301
-518,302
-518,303
-518,304
-518,305
-518,306
-518,307
-518,308
-518,309
-518,310
-518,311
-518,312
-518,313
-518,314
-518,315
-518,316
-518,317
-518,318
-518,319
-518,320
-518,321
-518,322
-518,323
-518,324
-518,325
-518,326
-518,327
-518,328
-518,329
-518,330
-518,331
-518,332
-518,333
-518,334
-518,335
-518,336
-518,337
-518,338
-518,339
-518,340
-518,341
-518,342
-518,343
-518,344
-518,345
-518,346
-518,347
-518,348
-518,349
-518,350
-518,351
-518,352
-518,353
-518,354
-518,355
-518,356
-518,357
-518,358
-518,359
-518,360
-518,361
-518,362
-518,363
-518,364
-518,365
-518,366
-518,367
-518,368
-518,369
-518,370
-518,371
-518,372
-518,373
-518,374
-518,375
-518,376
-518,377
-518,378
-518,379
-518,380
-518,381
-518,382
-518,383
-518,384
-518,385
-518,386
-518,387
-518,388
-518,389
:430_3,390
:430_6,391
-683,392
-683,393
-683,394
-683,395
-683,396
-683,397
-683,398
-683,399
-683,400
-683,401
-683,402
-683,403
-683,404
-683,405
-683,406
-683,407
-683,408
-683,409
-683,410
-683,411
-683,412
-683,413
-683,414
-683,415
:176_4,416
:176_4,417
510,418
510,419
510,420
510,421
510,422
510,423
510,424
510,425
510,426
510,427
510,428
510,429
510,430
510,431
510,432
510,433
510,434
510,435
510,436
510,437
510,438
510,439
510,440
510,441
510,442
510,443
510,444
510,445
510,446
510,447
510,448
510,449
510,450
510,451
510,452
510,453
510,454
510,455
510,456
510,457
510,458
510,459
510,460
510,461
510,462
510,463
510,464
510,465
510,466
510,467
510,468
510,469
510,470
510,471
510,472
510,473
510,474
510,475
510,476
510,477
510,478
510,479
510,480
510,481
510,482
510,483
510,484
510,485
510,486
510,487
510,488
510,489
510,490
510,491
510,492
510,493
510,494
510,495
510,496
510,497
510,498
510,499
510,500
510,501
510,502
510,503
510,504
510,505
510,506
510,507
510,508
510,509
510,510
510,511
510,512
510,513
510,514
510,515
510,516
510,517
510,518
510,519
510,520
510,521
510,522
510,523
510,524
510,525
510,526
510,527
510,528
510,529
510,530
510,531
510,532
510,533
510,534
510,535
510,536
510,537
510,538
510,539
510,540
510,541
510,542
510,543
510,544
510,545
682,546
682,547
682,548
682,549
682,550
682,551
682,552
682,553
682,554
682,555
682,556
682,557
682,558
682,559
:5_10,560
:5_10,561
:5_10,562
-4,563
-4,564
-4,565
-4,566
-4,567
-4,568
-4,569
-4,570
-4,571
-4,572
-4,573
-4,574
-4,575
-4,576
-4,577
-4,578
-4,579
-4,580
-4,581
-4,582
-4,583
-4,584
-4,585
-4,586
-4,587
-4,588
-4,589
-4,590
-4,591
-4,592
-4,593
-4,594
-4,595
-4,596
-4,597
-4,598
-4,599
-4,600
-4,601
-4,602
-4,603
-4,604
-4,605
-4,606
-4,607
-4,608
-4,609
-4,610
-4,611
-4,612
-4,613
-4,614
-4,615
-4,616
-4,617
-4,618
-4,619
-4,620
-4,621
-4,622
-4,623
-4,624
-4,625
-4,626
-4,627
-4,628
-4,629
-4,630
-4,631
-4,632
-4,633
-4,634
-4,635
-4,636
-4,637
-4,638
-4,639
-4,640
-4,641
-4,642
-4,643
-4,644
-4,645
-4,646
-4,647
-4,648
-4,649
-4,650
-4,651
-4,652
-4,653
-4,654
-4,655
-4,656
-4,657
-4,658
-4,659
-4,660
-4,661
-4,662
-4,663
-4,664
-4,665
-4,666
-4,667
-4,668
-4,669
-4,670
-4,671
-4,672
-4,673
-4,674
-4,675
-4,676
-4,677
-4,678
-4,679
-4,680
-4,681
-4,682
-4,683
-4,684
-4,685
-4,686
-4,687
-4,688
-4,689
-4,690
-4,691
-4,692
-4,693
-4,694
-4,695
-4,696
-4,697
-4,698
-4,699
-4,700
-4,701
-4,702
-4,703
-4,704
-4,705
-4,706
-4,707
-4,708
-4,709
-4,710
-4,711
-4,712
-4,713
-4,714
-4,715
-4,716
-4,717
-4,718
-4,719
-4,720
-4,721
-4,722
-4,723
-4,724
-4,725
-4,726
-4,727
-4,728
-4,729
-4,730
-4,731
-4,732
-4,733
-4,734
-4,735
-4,736
-4,737
-4,738
-4,739
-4,740
-4,741
-4,742
-4,743
-4,744
-4,745
-4,746
-4,747
-4,748
-4,749
-4,750
-4,751
-4,752
-4,753
-4,754
-4,755
-4,756
-4,757
-4,758
-4,759
-4,760
-4,761
-4,762
-4,763
-4,764
-4,765
-4,766
-4,767
-4,768
-4,769
-4,770
-4,771
-4,772
-4,773
-4,774
-4,775
-4,776
-4,777
-4,778
-4,779
-4,780
-4,781
-4,782
-4,783
-4,784
-4,785
-4,786
-4,787
-4,788
-4,789
-4,790
-4,791
-4,792
-4,793
-4,794
-4,795
-4,796
-4,797
-4,798
-4,799
-4,800
-4,801
-4,802
-4,803
-4,804
-4,805
-4,806
-4,807
-4,808
-4,809
-4,810
-4,811
-4,812
-4,813
-4,814
-4,815
-4,816
-4,817
-4,818
-4,819
-4,820
-4,821
-4,822
-4,823
-4,824
-4,825
-4,826
-4,827
-4,828
-4,829
-4,830
-4,831
-4,832
-4,833
-4,834
-4,835
-4,836
-4,837
-4,838
-4,839
-4,840
-4,841
-4,842
-4,843
-4,844
-4,845
-4,846
-4,847
-4,848
-4,849
-4,850
-4,851
-4,852
-4,853
-4,854
-4,855
-4,856
-4,857
-4,858
-4,859
-4,860
-4,861
-4,862
-4,863
-4,864
-4,865
-4,866
-4,867
-4,868
-4,869
-4,870
-4,871
-4,872
-4,873
-4,874
-4,875
-4,876
-4,877
-4,878
-4,879
-4,880
-4,881
-4,882
-4,883
-4,884
-4,885
-4,886
-4,887
-4,888
-4,889
-4,890
-4,891
-4,892
-4,893
-4,894
-4,895
-4,896
-4,897
-4,898
-4,899
-4,900
-4,901
-4,902
-4,903
-4,904
-4,905
-4,906
-4,907
-4,908
-4,909
-4,910
-4,911
-4,912
-4,913
-4,914
-4,915
-4,916
-4,917
-4,918
-4,919
-4,920
-4,921
-4,922
-4,923
-4,924
-4,925
-4,926
-4,927
-4,928
-4,929
-4,930
-4,931
-4,932
-4,933
-4,934
-4,935
-4,936
-4,937
-4,938
-4,939
-4,940
-4,941
-4,942
-4,943
-4,944
-4,945
-4,946
-4,947
-4,948
-4,949
-4,950
-4,951
-4,952
-4,953
-4,954
-4,955
-4,956
-4,957
-4,958
-4,959
-4,960
-4,961
-4,962
-4,963
-4,964
-4,965
-4,966
-4,967
-4,968
-4,969
-4,970
:0_10,971
:0_10,972
:0_10,973
:0_10,974
:0_10,975
:0_10,976
:0_10,977
:0_10,978
:0_10,979
:0_10,980
3,981
3,982
3,983
3,984
3,985
3,986
3,987
3,988
3,989
3,990
3,991
3,992
3,993
3,994
3,995
3,996
3,997
3,998
3,999
3,1000
3,1001
3,1002
3,1003
3,1004
3,1005
3,1006
3,1007
3,1008
3,1009
3,1010
3,1011
3,1012
3,1013
3,1014
3,1015
3,1016
3,1017
3,1018
3,1019
3,1020
3,1021
3,1022
3,1023
3,1024
3,1025
3,1026
3,1027
3,1028
3,1029
3,1030
3,1031
3,1032
3,1033
3,1034
3,1035
3,1036
3,1037
3,1038
3,1039
3,1040
3,1041
3,1042
3,1043
3,1044
3,1045
3,1046
3,1047
3,1048
3,1049
3,1050
3,1051
3,1052
3,1053
3,1054
3,1055
3,1056
3,1057
3,1058
3,1059
3,1060
3,1061
3,1062
3,1063
3,1064
3,1065
3,1066
3,1067
3,1068
3,1069
3,1070
3,1071
3,1072
3,1073
3,1074
3,1075
3,1076
3,1077
3,1078
3,1079
3,1080
3,1081
3,1082
3,1083
3,1084
3,1085
3,1086
3,1087
3,1088
3,1089
3,1090
3,1091
3,1092
3,1093
3,1094
3,1095
3,1096
3,1097
3,1098
3,1099
3,1100
3,1101
3,1102
3,1103
3,1104
3,1105
3,1106
3,1107
3,1108
3,1109
3,1110
3,1111
3,1112
3,1113
3,1114
3,1115
3,1116
3,1117
3,1118
3,1119
3,1120
3,1121
3,1122
3,1123
3,1124
3,1125
3,1126
3,1127
3,1128
3,1129
3,1130
3,1131
3,1132
3,1133
3,1134
3,1135
3,1136
3,1137
3,1138
3,1139
3,1140
3,1141
3,1142
3,1143
3,1144
3,1145
3,1146
3,1147
3,1148
3,1149
3,1150
3,1151
3,1152
3,1153
3,1154
3,1155
3,1156
3,1157
3,1158
3,1159
3,1160
3,1161
3,1162
3,1163
3,1164
3,1165
3,1166
3,1167
3,1168
3,1169
3,1170
3,1171
3,1172
3,1173
3,1174
3,1175
3,1176
3,1177
3,1178
3,1179
3,1180
3,1181
3,1182
3,1183
3,1184
3,1185
3,1186
3,1187
3,1188
3,1189
3,1190
3,1191
3,1192
3,1193
3,1194
3,1195
3,1196
3,1197
3,1198
3,1199
3,1200
3,1201
3,1202
3,1203
3,1204
3,1205
3,1206
3,1207
3,1208
3,1209
3,1210
3,1211
3,1212
3,1213
3,1214
3,1215
3,1216
3,1217
3,1218
3,1219
3,1220
3,1221
3,1222
3,1223
3,1224
3,1225
3,1226
3,1227
3,1228
3,1229
3,1230
3,1231
3,1232
3,1233
3,1234
3,1235
3,1236
3,1237
3,1238
3,1239
3,1240
3,1241
3,1242
3,1243
3,1244
3,1245
3,1246
3,1247
3,1248
3,1249
3,1250
3,1251
3,1252
3,1253
3,1254
3,1255
3,1256
3,1257
3,1258
3,1259
3,1260
3,1261
3,1262
3,1263
3,1264
3,1265
3,1266
3,1267
3,1268
3,1269
3,1270
3,1271
3,1272
3,1273
3,1274
3,1275
3,1276
3,1277
3,1278
3,1279
:4_4,1280
:4_4,1281
:4_4,1282
:4_4,1283
-11,1284
-11,1285
-11,1286
-11,1287
-11,1288
-11,1289
-11,1290
-11,1291
-11,1292
-11,1293
-11,1294
-11,1295
-11,1296
-11,1297
-11,1298
-11,1299
-11,1300
-11,1301
-11,1302
-11,1303
-11,1304
-11,1305
-11,1306
-11,1307
-11,1308
-11,1309
-11,1310
-11,1311
-11,1312
-11,1313
-11,1314
-11,1315
-11,1316
-11,1317
-11,1318
-11,1319
-11,1320
-11,1321
-11,1322
-11,1323
-11,1324
-11,1325
-11,1326
-11,1327
-11,1328
-11,1329
-11,1330
-11,1331
-11,1332
-11,1333
-11,1334
-11,1335
-11,1336
-11,1337
-11,1338
-11,1339
-11,1340
-11,1341
-11,1342
-11,1343
-11,1344
-11,1345
-11,1346
-11,1347
-11,1348
-11,1349
-11,1350
-11,1351
-11,1352
-11,1353
-11,1354
-11,1355
-11,1356
-11,1357
-11,1358
-11,1359
-11,1360
-11,1361
-11,1362
-11,1363
-11,1364
-11,1365
-11,1366
-11,1367
-11,1368
-11,1369
-11,1370
-11,1371
-11,1372
-11,1373
-11,1374
-11,1375
-11,1376
-11,1377
-11,1378
-11,1379
-11,1380
-11,1381
-11,1382
-11,1383
-11,1384
-11,1385
-11,1386
-11,1387
-11,1388
-11,1389
-11,1390
-11,1391
-11,1392
-11,1393
-11,1394
-11,1395
-11,1396
-11,1397
-11,1398
-11,1399
-11,1400
-11,1401
-11,1402
-11,1403
-11,1404
-11,1405
-11,1406
-11,1407
-11,1408
-11,1409
-11,1410
-11,1411
-11,1412
-11,1413
-11,1414
-11,1415
-10,1416
-10,1417
-10,1418
-10,1419
-10,1420
-10,1421
-10,1422
-10,1423
-10,1424
-10,1425
-10,1426
-10,1427
-10,1428
-10,1429
-10,1430
-10,1431
-10,1432
-10,1433
-10,1434
-10,1435
-10,1436
-10,1437
-10,1438
-10,1439
-10,1440
-10,1441
-10,1442
-10,1443
-10,1444
-10,1445
-10,1446
-10,1447
-10,1448
-10,1449
-10,1450
-10,1451
-10,1452
-10,1453
-10,1454
-10,1455
-10,1456
-10,1457
-10,1458
-10,1459
-10,1460
-10,1461
-10,1462
-10,1463
-10,1464
-10,1465
-10,1466
-10,1467
-10,1468
-10,1469
-10,1470
-10,1471
-10,1472
-10,1473
-10,1474
-10,1475
-10,1476
-10,1477
-10,1478
-10,1479
-10,1480
-9,1481
-9,1482
-9,1483
-9,1484
-9,1485
-9,1486
-9,1487
-9,1488
-9,1489
-9,1490
-9,1491
-9,1492
-9,1493
-9,1494
-9,1495
-9,1496
-9,1497
-9,1498
-9,1499
-9,1500
-9,1501
-9,1502
-9,1503
-9,1504
-9,1505
-9,1506
-9,1507
-9,1508
-9,1509
-9,1510
-9,1511
-9,1512
-9,1513
-9,1514
-9,1515
-9,1516
-9,1517
-9,1518
-9,1519
-9,1520
-9,1521
-9,1522
-9,1523
-9,1524
-9,1525
-9,1526
-9,1527
-9,1528
-9,1529
-9,1530
-9,1531
-9,1532
-9,1533
-9,1534
-9,1535
-9,1536
-9,1537
-9,1538
-9,1539
-9,1540
-9,1541
-9,1542
-9,1543
-9,1544
-9,1545
-8,1546
-8,1547
-8,1548
-8,1549
-8,1550
-8,1551
-8,1552
-8,1553
-8,1554
-8,1555
-8,1556
-8,1557
-8,1558
-8,1559
-8,1560
-8,1561
-8,1562
-8,1563
-8,1564
-8,1565
-8,1566
-8,1567
-8,1568
-8,1569
-8,1570
-8,1571
-8,1572
-8,1573
-8,1574
-8,1575
-8,1576
-8,1577
-8,1578
-8,1579
-8,1580
-8,1581
-8,1582
-8,1583
-8,1584
-8,1585
-8,1586
-8,1587
-8,1588
-8,1589
-8,1590
-8,1591
-8,1592
-8,1593
-8,1594
-8,1595
-8,1596
-8,1597
-8,1598
-8,1599
-8,1600
-8,1601
-8,1602
-8,1603
-8,1604
-8,1605
-8,1606
-8,1607
-8,1608
-8,1609
-8,1610
-8,1611
-8,1612
-8,1613
-7,1614
-7,1615
-7,1616
-7,1617
-7,1618
-7,1619
-7,1620
-7,1621
-7,1622
-7,1623
-7,1624
-7,1625
-7,1626
-7,1627
-7,1628
-7,1629
-7,1630
-7,1631
-7,1632
-7,1633
-7,1634
-7,1635
-7,1636
-7,1637
-7,1638
-7,1639
-7,1640
-7,1641
-7,1642
-7,1643
-7,1644
-7,1645
-7,1646
-7,1647
-7,1648
-7,1649
-7,1650
-7,1651
-7,1652
-7,1653
-7,1654
-7,1655
-7,1656
-7,1657
-7,1658
-7,1659
-7,1660
-7,1661
-7,1662
-7,1663
-7,1664
-7,1665
-7,1666
-7,1667
-7,1668
-7,1669
-7,1670
-7,1671
-7,1672
-7,1673
-7,1674
-7,1675
-7,1676
-7,1677
-7,1678
-7,1679
-7,1680
-7,1681
-7,1682
-7,1683
-7,1684
-7,1685
-7,1686
-7,1687
-7,1688
-7,1689
-7,1690
:8_0,1691
-6,1692
-6,1693
-6,1694
-6,1695
-6,1696
-6,1697
-6,1698
-6,1699
-6,1700
-6,1701
-6,1702
-6,1703
-6,1704
-6,1705
-6,1706
-6,1707
-6,1708
-6,1709
-6,1710
-6,1711
-6,1712
-6,1713
-6,1714
-6,1715
-6,1716
-6,1717
-6,1718
-6,1719
-6,1720
-6,1721
-6,1722
-6,1723
-6,1724
-6,1725
-6,1726
-6,1727
-6,1728
-6,1729
-6,1730
-6,1731
-6,1732
-6,1733
-6,1734
-6,1735
-6,1736
-6,1737
-6,1738
-6,1739
-6,1740
-6,1741
-6,1742
-6,1743
-6,1744
-6,1745
-6,1746
-6,1747
-6,1748
-6,1749
-6,1750
-6,1751
-6,1752
-6,1753
-6,1754
-6,1755
-6,1756
-6,1757
-6,1758
-6,1759
-6,1760
-6,1761
-6,1762
-6,1763
-6,1764
-6,1765
-6,1766
-6,1767
-6,1768
-6,1769
-6,1770
-6,1771
-6,1772
-6,1773
-6,1774
-6,1775
-6,1776
-6,1777
-6,1778
-6,1779
-6,1780
-6,1781
-6,1782
-6,1783
-6,1784
-6,1785
-6,1786
-6,1787
-6,1788
-6,1789
-6,1790
-6,1791
-6,1792
-6,1793
-6,1794
-6,1795
-6,1796
-6,1797
-6,1798
-6,1799
-6,1800
-6,1801
-6,1802
-6,1803
-6,1804
-6,1805
-6,1806
-6,1807
-6,1808
-6,1809
-6,1810
-6,1811
-6,1812
-6,1813
-6,1814
-6,1815
-6,1816
-6,1817
-6,1818
-6,1819
-6,1820
-6,1821
-6,1822
-6,1823
-6,1824
-6,1825
-6,1826
-6,1827
-6,1828
-6,1829
-6,1830
-6,1831
-6,1832
-6,1833
-6,1834
-6,1835
-6,1836
-6,1837
-6,1838
-6,1839
-6,1840
-6,1841
-6,1842
-6,1843
-6,1844
-6,1845
-6,1846
-6,1847
-6,1848
-6,1849
-6,1850
-6,1851
-6,1852
-6,1853
-6,1854
-6,1855
-6,1856
-6,1857
-6,1858
-6,1859
-6,1860
-6,1861
-6,1862
-6,1863
-6,1864
-6,1865
-6,1866
-6,1867
-6,1868
-6,1869
-6,1870
-6,1871
-6,1872
-6,1873
-6,1874
-6,1875
-6,1876
-6,1877
-6,1878
-6,1879
-6,1880
-6,1881
-6,1882
-6,1883
-6,1884
-6,1885
-6,1886
-6,1887
-6,1888
-6,1889
-6,1890
-6,1891
-6,1892
-6,1893
-6,1894
-6,1895
-6,1896
-6,1897
-6,1898
-6,1899
-6,1900
-6,1901
-6,1902
-6,1903
-6,1904
-6,1905
-6,1906
-6,1907
-6,1908
-6,1909
-6,1910
-6,1911
-6,1912
-6,1913
-6,1914
-6,1915
-6,1916
-6,1917
-6,1918
-6,1919
