-604,1
-604,2
-604,3
-604,4
-604,5
-604,6
-604,7
-604,8
-604,9
-604,10
-604,11
-604,12
-604,13
-604,14
-604,15
-604,16
-604,17
-604,18
-604,19
-604,20
-604,21
-604,22
-604,23
-604,24
-604,25
-604,26
-604,27
-604,28
-604,29
-604,30
-604,31
-604,32
-604,33
-604,34
-604,35
-604,36
-604,37
-604,38
-604,39
-604,40
-604,41
-604,42
-604,43
-604,44
-604,45
-604,46
-604,47
-604,48
-604,49
-604,50
-604,51
-604,52
-604,53
-604,54
-604,55
-604,56
-604,57
-604,58
-603,59
-603,60
-603,61
-603,62
-603,63
-603,64
-603,65
-603,66
-603,67
-603,68
-603,69
-603,70
-603,71
-603,72
-603,73
-603,74
-603,75
-603,76
-603,77
-603,78
-603,79
-603,80
-603,81
-603,82
-603,83
-603,84
-603,85
-603,86
-603,87
-603,88
-603,89
-603,90
-603,91
-603,92
-603,93
-603,94
-603,95
-603,96
-603,97
-603,98
-603,99
-603,100
-603,101
-603,102
-603,103
-603,104
-603,105
-603,106
-603,107
-603,108
-603,109
-603,110
-603,111
-603,112
-603,113
-603,114
-603,115
-603,116
-603,117
-603,118
-603,119
-603,120
-603,121
-603,122
-602,123
-602,124
-602,125
-602,126
-602,127
-602,128
-602,129
-602,130
-602,131
-602,132
-602,133
-602,134
-602,135
-602,136
-602,137
-602,138
-602,139
-602,140
-602,141
-602,142
-602,143
-602,144
-602,145
-602,146
-602,147
-602,148
-602,149
-602,150
-602,151
-602,152
-602,153
-602,154
-602,155
-602,156
-602,157
-602,158
-602,159
-602,160
-602,161
-602,162
-602,163
-602,164
-602,165
-602,166
-602,167
-602,168
-602,169
-602,170
-602,171
-602,172
-602,173
-602,174
-602,175
-602,176
-602,177
-602,178
-602,179
-602,180
-602,181
-602,182
-602,183
-602,184
-602,185
-602,186
-602,187
-602,188
-602,189
-602,190
-602,191
-602,192
-602,193
-602,194
-602,195
-602,196
:461_1,197
-601,198
-601,199
-601,200
-601,201
-601,202
-601,203
-601,204
-601,205
-601,206
-601,207
-601,208
-601,209
-601,210
-601,211
-601,212
-601,213
-601,214
-601,215
-601,216
-601,217
-601,218
-601,219
-601,220
-601,221
-601,222
-601,223
-601,224
-601,225
-601,226
-601,227
-601,228
-601,229
-601,230
-601,231
-601,232
-601,233
-601,234
-601,235
-601,236
-601,237
-601,238
-601,239
-601,240
-601,241
-601,242
-601,243
-601,244
-601,245
-601,246
-601,247
-601,248
-601,249
-601,250
-601,251
-601,252
-601,253
-601,254
-601,255
-601,256
-601,257
-601,258
-601,259
-601,260
-601,261
-601,262
-601,263
-601,264
-601,265
-601,266
-601,267
:436_3,268
:436_3,269
:436_3,270
:436_3,271
:436_3,272
:436_3,273
600,274
600,275
600,276
600,277
600,278
600,279
600,280
600,281
600,282
600,283
600,284
600,285
600,286
600,287
600,288
600,289
600,290
600,291
600,292
600,293
600,294
600,295
600,296
600,297
600,298
600,299
600,300
600,301
600,302
600,303
600,304
600,305
600,306
600,307
600,308
600,309
600,310
600,311
600,312
600,313
600,314
600,315
600,316
600,317
600,318
600,319
600,320
600,321
600,322
600,323
600,324
600,325
600,326
600,327
600,328
600,329
600,330
600,331
600,332
600,333
600,334
600,335
600,336
600,337
600,338
600,339
600,340
600,341
600,342
600,343
600,344
600,345
600,346
600,347
600,348
600,349
600,350
600,351
600,352
600,353
600,354
600,355
600,356
600,357
600,358
600,359
600,360
600,361
600,362
600,363
600,364
600,365
600,366
600,367
600,368
600,369
600,370
600,371
600,372
600,373
600,374
600,375
600,376
600,377
600,378
600,379
600,380
600,381
600,382
600,383
600,384
600,385
600,386
600,387
600,388
600,389
600,390
600,391
600,392
600,393
600,394
600,395
600,396
600,397
600,398
600,399
600,400
600,401
600,402
600,403
600,404
600,405
600,406
600,407
600,408
600,409
600,410
600,411
600,412
600,413
600,414
600,415
600,416
600,417
600,418
600,419
600,420
600,421
600,422
600,423
600,424
600,425
600,426
600,427
600,428
600,429
600,430
600,431
600,432
600,433
600,434
600,435
600,436
600,437
600,438
600,439
600,440
600,441
600,442
600,443
600,444
600,445
600,446
600,447
600,448
600,449
600,450
600,451
600,452
600,453
600,454
600,455
600,456
600,457
600,458
600,459
600,460
600,461
600,462
600,463
600,464
600,465
600,466
600,467
600,468
600,469
600,470
600,471
600,472
600,473
600,474
600,475
600,476
600,477
600,478
600,479
600,480
600,481
600,482
600,483
600,484
600,485
600,486
600,487
600,488
600,489
600,490
600,491
600,492
600,493
600,494
600,495
600,496
600,497
600,498
600,499
600,500
600,501
600,502
600,503
600,504
600,505
600,506
600,507
600,508
600,509
600,510
600,511
600,512
600,513
600,514
600,515
600,516
600,517
600,518
600,519
600,520
600,521
600,522
600,523
600,524
600,525
600,526
600,527
600,528
600,529
600,530
600,531
600,532
600,533
600,534
600,535
600,536
600,537
600,538
600,539
600,540
600,541
600,542
600,543
600,544
600,545
600,546
600,547
600,548
600,549
600,550
600,551
600,552
600,553
600,554
600,555
600,556
600,557
600,558
600,559
600,560
600,561
600,562
600,563
600,564
600,565
600,566
600,567
600,568
600,569
600,570
600,571
600,572
600,573
600,574
600,575
600,576
600,577
600,578
600,579
600,580
600,581
600,582
600,583
600,584
600,585
600,586
600,587
600,588
600,589
600,590
600,591
600,592
600,593
600,594
600,595
600,596
600,597
600,598
600,599
600,600
600,601
600,602
600,603
600,604
600,605
600,606
600,607
600,608
600,609
600,610
600,611
600,612
600,613
600,614
600,615
600,616
600,617
600,618
600,619
600,620
600,621
600,622
600,623
600,624
600,625
600,626
600,627
600,628
600,629
600,630
600,631
600,632
600,633
600,634
600,635
600,636
600,637
600,638
600,639
600,640
600,641
600,642
600,643
600,644
600,645
600,646
600,647
600,648
600,649
600,650
600,651
600,652
600,653
600,654
600,655
600,656
600,657
600,658
600,659
600,660
600,661
600,662
600,663
600,664
600,665
600,666
600,667
600,668
600,669
600,670
600,671
600,672
600,673
600,674
600,675
600,676
600,677
600,678
600,679
600,680
600,681
600,682
600,683
600,684
600,685
600,686
600,687
600,688
600,689
600,690
600,691
600,692
600,693
600,694
600,695
600,696
600,697
600,698
600,699
600,700
600,701
600,702
600,703
600,704
600,705
600,706
600,707
600,708
600,709
600,710
600,711
600,712
600,713
600,714
600,715
600,716
600,717
600,718
600,719
600,720
600,721
600,722
600,723
600,724
600,725
600,726
600,727
600,728
600,729
600,730
600,731
600,732
600,733
600,734
600,735
600,736
600,737
600,738
600,739
600,740
600,741
600,742
600,743
600,744
600,745
600,746
600,747
600,748
600,749
600,750
600,751
600,752
600,753
600,754
600,755
600,756
600,757
600,758
600,759
600,760
600,761
600,762
600,763
600,764
600,765
600,766
600,767
600,768
600,769
600,770
600,771
600,772
600,773
600,774
600,775
600,776
600,777
600,778
600,779
600,780
600,781
600,782
600,783
600,784
600,785
600,786
600,787
600,788
600,789
600,790
600,791
600,792
600,793
600,794
600,795
600,796
600,797
600,798
600,799
600,800
600,801
600,802
600,803
600,804
600,805
600,806
600,807
600,808
600,809
600,810
600,811
600,812
600,813
600,814
600,815
600,816
600,817
600,818
600,819
600,820
600,821
600,822
600,823
600,824
600,825
600,826
600,827
600,828
600,829
600,830
600,831
600,832
600,833
600,834
600,835
600,836
600,837
600,838
600,839
600,840
600,841
600,842
600,843
600,844
600,845
600,846
600,847
600,848
600,849
600,850
600,851
600,852
600,853
600,854
600,855
600,856
600,857
600,858
600,859
600,860
600,861
600,862
600,863
600,864
600,865
600,866
600,867
600,868
600,869
600,870
600,871
600,872
600,873
600,874
600,875
600,876
600,877
600,878
600,879
600,880
600,881
600,882
600,883
600,884
600,885
600,886
600,887
600,888
600,889
600,890
600,891
600,892
600,893
600,894
600,895
600,896
600,897
600,898
600,899
600,900
600,901
600,902
600,903
600,904
600,905
600,906
600,907
600,908
600,909
600,910
600,911
600,912
600,913
600,914
600,915
600,916
600,917
600,918
600,919
600,920
600,921
600,922
600,923
600,924
600,925
600,926
600,927
600,928
600,929
600,930
600,931
600,932
600,933
600,934
600,935
600,936
600,937
600,938
600,939
600,940
600,941
600,942
600,943
600,944
600,945
600,946
600,947
600,948
600,949
600,950
600,951
600,952
600,953
600,954
600,955
600,956
600,957
600,958
600,959
600,960
600,961
600,962
600,963
600,964
600,965
600,966
600,967
600,968
600,969
600,970
600,971
600,972
600,973
600,974
600,975
600,976
600,977
600,978
600,979
600,980
600,981
600,982
600,983
600,984
600,985
600,986
600,987
600,988
600,989
600,990
600,991
600,992
600,993
600,994
600,995
600,996
600,997
600,998
600,999
600,1000
600,1001
600,1002
600,1003
600,1004
600,1005
600,1006
600,1007
600,1008
600,1009
600,1010
600,1011
600,1012
600,1013
600,1014
600,1015
600,1016
600,1017
600,1018
600,1019
600,1020
600,1021
600,1022
600,1023
600,1024
600,1025
600,1026
600,1027
600,1028
600,1029
600,1030
600,1031
600,1032
600,1033
600,1034
600,1035
600,1036
600,1037
600,1038
600,1039
600,1040
600,1041
600,1042
600,1043
600,1044
600,1045
600,1046
600,1047
600,1048
600,1049
600,1050
600,1051
600,1052
600,1053
600,1054
600,1055
600,1056
600,1057
600,1058
600,1059
600,1060
600,1061
600,1062
600,1063
600,1064
600,1065
600,1066
600,1067
600,1068
600,1069
600,1070
600,1071
600,1072
600,1073
600,1074
600,1075
600,1076
600,1077
600,1078
600,1079
600,1080
600,1081
600,1082
600,1083
600,1084
600,1085
600,1086
600,1087
600,1088
600,1089
600,1090
600,1091
600,1092
600,1093
600,1094
600,1095
600,1096
600,1097
600,1098
600,1099
600,1100
600,1101
600,1102
600,1103
600,1104
600,1105
600,1106
600,1107
600,1108
600,1109
600,1110
600,1111
600,1112
600,1113
600,1114
600,1115
600,1116
600,1117
600,1118
600,1119
600,1120
600,1121
600,1122
600,1123
600,1124
600,1125
600,1126
600,1127
600,1128
600,1129
600,1130
600,1131
600,1132
600,1133
600,1134
600,1135
600,1136
600,1137
600,1138
600,1139
600,1140
600,1141
600,1142
600,1143
600,1144
600,1145
600,1146
600,1147
600,1148
600,1149
600,1150
600,1151
600,1152
600,1153
600,1154
600,1155
600,1156
600,1157
600,1158
600,1159
600,1160
600,1161
600,1162
600,1163
600,1164
600,1165
600,1166
600,1167
600,1168
600,1169
600,1170
600,1171
600,1172
600,1173
600,1174
600,1175
600,1176
600,1177
600,1178
600,1179
600,1180
600,1181
600,1182
600,1183
600,1184
600,1185
600,1186
600,1187
600,1188
600,1189
600,1190
600,1191
600,1192
600,1193
600,1194
600,1195
600,1196
600,1197
600,1198
600,1199
600,1200
600,1201
600,1202
600,1203
600,1204
600,1205
600,1206
600,1207
600,1208
600,1209
600,1210
600,1211
600,1212
600,1213
600,1214
600,1215
600,1216
600,1217
600,1218
600,1219
600,1220
600,1221
600,1222
600,1223
600,1224
600,1225
600,1226
600,1227
600,1228
600,1229
600,1230
600,1231
600,1232
600,1233
600,1234
600,1235
600,1236
600,1237
600,1238
600,1239
600,1240
600,1241
600,1242
600,1243
600,1244
600,1245
600,1246
600,1247
600,1248
600,1249
600,1250
600,1251
600,1252
600,1253
600,1254
600,1255
600,1256
600,1257
600,1258
600,1259
600,1260
600,1261
600,1262
600,1263
600,1264
600,1265
600,1266
600,1267
600,1268
600,1269
600,1270
600,1271
600,1272
600,1273
600,1274
600,1275
600,1276
600,1277
600,1278
600,1279
600,1280
600,1281
600,1282
600,1283
600,1284
600,1285
600,1286
600,1287
600,1288
600,1289
600,1290
600,1291
600,1292
600,1293
600,1294
600,1295
600,1296
600,1297
600,1298
600,1299
600,1300
600,1301
600,1302
600,1303
600,1304
600,1305
600,1306
600,1307
600,1308
600,1309
600,1310
600,1311
600,1312
600,1313
600,1314
600,1315
600,1316
600,1317
600,1318
600,1319
600,1320
600,1321
600,1322
600,1323
600,1324
600,1325
600,1326
600,1327
600,1328
600,1329
600,1330
600,1331
600,1332
600,1333
600,1334
600,1335
600,1336
600,1337
600,1338
600,1339
600,1340
600,1341
600,1342
600,1343
600,1344
600,1345
600,1346
600,1347
600,1348
600,1349
600,1350
600,1351
600,1352
600,1353
600,1354
600,1355
600,1356
600,1357
600,1358
600,1359
600,1360
600,1361
600,1362
600,1363
600,1364
600,1365
600,1366
600,1367
600,1368
600,1369
600,1370
600,1371
600,1372
600,1373
600,1374
600,1375
600,1376
600,1377
600,1378
600,1379
600,1380
600,1381
600,1382
600,1383
600,1384
600,1385
600,1386
600,1387
600,1388
600,1389
600,1390
600,1391
600,1392
600,1393
600,1394
600,1395
600,1396
600,1397
600,1398
600,1399
600,1400
600,1401
600,1402
600,1403
600,1404
600,1405
600,1406
600,1407
600,1408
600,1409
600,1410
600,1411
600,1412
600,1413
600,1414
600,1415
600,1416
600,1417
600,1418
600,1419
600,1420
600,1421
600,1422
600,1423
600,1424
600,1425
600,1426
600,1427
600,1428
600,1429
600,1430
600,1431
600,1432
600,1433
600,1434
600,1435
600,1436
600,1437
600,1438
600,1439
600,1440
600,1441
600,1442
600,1443
600,1444
600,1445
600,1446
600,1447
600,1448
600,1449
600,1450
600,1451
600,1452
600,1453
600,1454
600,1455
600,1456
600,1457
600,1458
600,1459
600,1460
600,1461
600,1462
600,1463
600,1464
600,1465
600,1466
600,1467
600,1468
600,1469
600,1470
600,1471
600,1472
600,1473
600,1474
600,1475
600,1476
600,1477
:252_4,1478
:252_4,1479
:252_4,1480
:252_4,1481
:252_4,1482
:252_4,1483
:252_4,1484
:252_4,1485
:252_10,1486
:252_10,1487
:252_10,1488
:252_10,1489
:252_10,1490
:252_10,1491
253,1492
253,1493
253,1494
253,1495
253,1496
253,1497
253,1498
253,1499
253,1500
253,1501
253,1502
253,1503
253,1504
253,1505
253,1506
253,1507
253,1508
253,1509
253,1510
253,1511
253,1512
253,1513
253,1514
253,1515
253,1516
253,1517
253,1518
253,1519
253,1520
253,1521
253,1522
253,1523
253,1524
253,1525
253,1526
253,1527
253,1528
253,1529
253,1530
253,1531
253,1532
253,1533
253,1534
253,1535
253,1536
253,1537
253,1538
253,1539
253,1540
253,1541
253,1542
253,1543
253,1544
253,1545
253,1546
:254_5,1547
:254_5,1548
:254_5,1549
:254_5,1550
:254_5,1551
-283,1552
-283,1553
-283,1554
-283,1555
-283,1556
-283,1557
-283,1558
-283,1559
-283,1560
-283,1561
-283,1562
-283,1563
-283,1564
-283,1565
-283,1566
-283,1567
-283,1568
-283,1569
-283,1570
-283,1571
-283,1572
-283,1573
-283,1574
-283,1575
-283,1576
-283,1577
-283,1578
-283,1579
-283,1580
-283,1581
-283,1582
-283,1583
-283,1584
-283,1585
-283,1586
-283,1587
-283,1588
-283,1589
-283,1590
-283,1591
-283,1592
-283,1593
-283,1594
-283,1595
-283,1596
-283,1597
-283,1598
-283,1599
-283,1600
-283,1601
:248_4,1602
:248_4,1603
:248_4,1604
:248_4,1605
284,1606
284,1607
284,1608
284,1609
284,1610
284,1611
284,1612
284,1613
284,1614
284,1615
284,1616
284,1617
284,1618
284,1619
284,1620
284,1621
284,1622
284,1623
284,1624
284,1625
284,1626
284,1627
284,1628
284,1629
284,1630
284,1631
284,1632
284,1633
284,1634
284,1635
284,1636
284,1637
284,1638
284,1639
284,1640
284,1641
284,1642
284,1643
284,1644
284,1645
284,1646
284,1647
284,1648
284,1649
284,1650
284,1651
284,1652
284,1653
284,1654
284,1655
284,1656
284,1657
284,1658
284,1659
284,1660
284,1661
284,1662
284,1663
284,1664
284,1665
284,1666
284,1667
284,1668
284,1669
284,1670
:274_1,1671
285,1672
285,1673
285,1674
285,1675
285,1676
285,1677
285,1678
285,1679
285,1680
285,1681
285,1682
285,1683
285,1684
285,1685
285,1686
285,1687
285,1688
285,1689
285,1690
285,1691
285,1692
285,1693
285,1694
285,1695
285,1696
285,1697
285,1698
285,1699
285,1700
285,1701
285,1702
285,1703
285,1704
285,1705
285,1706
285,1707
285,1708
285,1709
285,1710
285,1711
285,1712
285,1713
285,1714
285,1715
285,1716
285,1717
285,1718
285,1719
285,1720
285,1721
285,1722
285,1723
285,1724
285,1725
285,1726
285,1727
:275_1,1728
286,1729
286,1730
286,1731
286,1732
286,1733
286,1734
286,1735
286,1736
286,1737
286,1738
286,1739
286,1740
286,1741
286,1742
286,1743
286,1744
286,1745
286,1746
286,1747
286,1748
286,1749
286,1750
286,1751
286,1752
286,1753
286,1754
286,1755
286,1756
286,1757
286,1758
286,1759
286,1760
286,1761
286,1762
286,1763
286,1764
286,1765
286,1766
286,1767
286,1768
286,1769
286,1770
286,1771
286,1772
286,1773
286,1774
286,1775
286,1776
286,1777
286,1778
286,1779
286,1780
286,1781
286,1782
286,1783
286,1784
286,1785
286,1786
286,1787
286,1788
287,1789
287,1790
287,1791
287,1792
287,1793
287,1794
287,1795
287,1796
287,1797
287,1798
287,1799
287,1800
287,1801
287,1802
287,1803
287,1804
287,1805
287,1806
287,1807
287,1808
287,1809
287,1810
287,1811
287,1812
287,1813
287,1814
287,1815
287,1816
287,1817
287,1818
287,1819
287,1820
287,1821
287,1822
287,1823
287,1824
287,1825
287,1826
287,1827
287,1828
287,1829
287,1830
287,1831
287,1832
287,1833
287,1834
287,1835
287,1836
287,1837
287,1838
287,1839
287,1840
287,1841
287,1842
287,1843
287,1844
287,1845
287,1846
287,1847
287,1848
287,1849
287,1850
287,1851
287,1852
287,1853
287,1854
287,1855
287,1856
287,1857
288,1858
288,1859
288,1860
288,1861
288,1862
288,1863
288,1864
288,1865
288,1866
288,1867
288,1868
288,1869
288,1870
288,1871
288,1872
288,1873
288,1874
288,1875
288,1876
288,1877
288,1878
288,1879
288,1880
288,1881
288,1882
288,1883
288,1884
288,1885
288,1886
288,1887
288,1888
288,1889
288,1890
288,1891
288,1892
288,1893
288,1894
288,1895
288,1896
288,1897
288,1898
:278_0,1899
:278_0,1900
:278_0,1901
:278_0,1902
:278_0,1903
-453,1904
-453,1905
-453,1906
-453,1907
-453,1908
-453,1909
-453,1910
-453,1911
-453,1912
-453,1913
-453,1914
-453,1915
-453,1916
-453,1917
-453,1918
-453,1919
-453,1920
-453,1921
-453,1922
-453,1923
-453,1924
-453,1925
-453,1926
-453,1927
-453,1928
-453,1929
-453,1930
-453,1931
-453,1932
-453,1933
-453,1934
-453,1935
-453,1936
-453,1937
-453,1938
-453,1939
-453,1940
-453,1941
-453,1942
-453,1943
-453,1944
-453,1945
-453,1946
-453,1947
-453,1948
-453,1949
-453,1950
-453,1951
-453,1952
-453,1953
-453,1954
:25_3,1955
:25_3,1956
:25_3,1957
:25_3,1958
:25_3,1959
-21,1960
-21,1961
-21,1962
-21,1963
-21,1964
-21,1965
-21,1966
-21,1967
-21,1968
-21,1969
-21,1970
-21,1971
-21,1972
-21,1973
-21,1974
-21,1975
-21,1976
-21,1977
-21,1978
-21,1979
-21,1980
-21,1981
-21,1982
-21,1983
-21,1984
-21,1985
-21,1986
-21,1987
-21,1988
-21,1989
-21,1990
-21,1991
-21,1992
-21,1993
-21,1994
-21,1995
-21,1996
-21,1997
-21,1998
-21,1999
-21,2000
