324,21
324,22
324,23
324,24
324,25
324,26
324,27
324,28
324,29
324,30
324,31
324,32
324,33
324,34
324,35
324,36
324,37
324,38
324,39
324,40
324,41
324,42
324,43
324,44
324,45
324,46
324,47
324,48
324,49
324,50
324,51
324,52
324,53
324,54
324,55
324,56
324,57
324,58
324,59
324,60
324,61
324,62
324,63
324,64
324,65
324,66
324,67
324,68
324,69
324,70
324,71
324,72
324,73
324,74
324,75
324,76
324,77
324,78
324,79
324,80
324,81
324,82
324,83
324,84
324,85
324,86
324,87
324,88
324,89
324,90
324,91
324,92
324,93
324,94
324,95
324,96
324,97
324,98
324,99
324,100
324,101
324,102
324,103
324,104
324,105
324,106
324,107
324,108
324,109
324,110
324,111
324,112
324,113
324,114
324,115
324,116
324,117
324,118
324,119
324,120
324,121
324,122
324,123
324,124
324,125
324,126
324,127
324,128
324,129
324,130
324,131
324,132
324,133
324,134
324,135
324,136
324,137
324,138
324,139
324,140
324,141
324,142
324,143
324,144
324,145
324,146
324,147
324,148
324,149
324,150
324,151
324,152
324,153
324,154
324,155
324,156
324,157
324,158
324,159
324,160
324,161
324,162
324,163
324,164
324,165
324,166
324,167
324,168
324,169
324,170
324,171
324,172
324,173
324,174
324,175
324,176
324,177
324,178
324,179
324,180
324,181
324,182
324,183
324,184
324,185
324,186
324,187
324,188
324,189
324,190
324,191
324,192
324,193
324,194
324,195
324,196
324,197
324,198
324,199
324,200
324,201
324,202
324,203
324,204
324,205
324,206
324,207
324,208
324,209
324,210
324,211
324,212
324,213
324,214
324,215
324,216
324,217
324,218
324,219
324,220
324,221
324,222
324,223
324,224
324,225
324,226
324,227
324,228
324,229
324,230
324,231
324,232
324,233
324,234
324,235
324,236
324,237
324,238
324,239
324,240
324,241
324,242
324,243
324,244
324,245
324,246
324,247
324,248
324,249
324,250
324,251
324,252
324,253
324,254
324,255
324,256
324,257
324,258
324,259
324,260
324,261
324,262
324,263
324,264
324,265
324,266
324,267
324,268
324,269
324,270
324,271
324,272
324,273
324,274
324,275
324,276
324,277
324,278
324,279
324,280
324,281
324,282
324,283
324,284
324,285
324,286
324,287
324,288
324,289
324,290
324,291
324,292
324,293
324,294
324,295
324,296
324,297
324,298
324,299
324,300
324,301
324,302
324,303
324,304
324,305
324,306
324,307
324,308
324,309
324,310
324,311
324,312
324,313
324,314
324,315
324,316
324,317
324,318
324,319
324,320
324,321
324,322
324,323
324,324
324,325
324,326
324,327
324,328
324,329
324,330
324,331
324,332
324,333
324,334
324,335
324,336
324,337
324,338
324,339
324,340
:170_2,341
:170_2,342
:170_2,343
:170_2,344
:170_2,345
:170_2,346
:170_2,347
-154,348
-154,349
-154,350
-154,351
-154,352
-154,353
-154,354
-154,355
-154,356
-154,357
-154,358
-154,359
-154,360
-154,361
-154,362
-154,363
-154,364
-154,365
-154,366
-154,367
-154,368
-154,369
-154,370
-154,371
-154,372
-154,373
-154,374
-154,375
-154,376
-154,377
-154,378
-154,379
-154,380
-154,381
-154,382
-154,383
-154,384
-154,385
-154,386
-154,387
-154,388
-154,389
-154,390
-154,391
-154,392
-154,393
-154,394
-154,395
-154,396
-154,397
-154,398
-154,399
-154,400
-154,401
-154,402
-154,403
-154,404
-154,405
-154,406
-154,407
-154,408
-154,409
-154,410
-154,411
-154,412
-154,413
-154,414
-154,415
-154,416
-154,417
-154,418
-154,419
-154,420
-154,421
-154,422
-154,423
-154,424
-154,425
-154,426
-154,427
-154,428
-154,429
-154,430
-154,431
-154,432
-154,433
-154,434
-154,435
-154,436
-154,437
-154,438
-154,439
-154,440
-154,441
-154,442
-154,443
-154,444
-154,445
-154,446
-154,447
-154,448
-154,449
-154,450
-154,451
-154,452
-154,453
-154,454
-154,455
-154,456
-154,457
-154,458
-154,459
-154,460
-154,461
-154,462
-154,463
-154,464
-154,465
-154,466
-154,467
-154,468
-154,469
-154,470
-154,471
-154,472
-154,473
-154,474
-154,475
-154,476
-154,477
-154,478
-154,479
-154,480
-154,481
-154,482
-154,483
-154,484
-154,485
-154,486
-154,487
-154,488
-154,489
-154,490
-154,491
-154,492
-154,493
-154,494
-154,495
-154,496
-154,497
-154,498
-154,499
-154,500
-154,501
-154,502
-154,503
-154,504
-154,505
-154,506
-154,507
-154,508
-154,509
-154,510
-154,511
-154,512
-154,513
-154,514
-154,515
-154,516
-154,517
-154,518
-154,519
-154,520
-154,521
-154,522
-154,523
-154,524
-154,525
-154,526
-154,527
-154,528
-154,529
-154,530
-154,531
-154,532
-154,533
-154,534
-154,535
-154,536
-154,537
-154,538
-154,539
-154,540
-154,541
-154,542
-154,543
-154,544
-154,545
-154,546
-154,547
-154,548
-154,549
-154,550
-154,551
-154,552
-154,553
-154,554
-154,555
-154,556
-154,557
-154,558
-154,559
-154,560
-154,561
-154,562
-154,563
-154,564
-154,565
-154,566
-154,567
-154,568
-154,569
-154,570
-154,571
-154,572
-154,573
-154,574
-154,575
-154,576
-154,577
-154,578
-154,579
-154,580
-154,581
-154,582
-154,583
-154,584
-154,585
-154,586
-154,587
-154,588
-154,589
-154,590
-154,591
-154,592
-154,593
-154,594
:166_13,595
:166_13,596
:166_13,597
:166_13,598
:166_13,599
151,600
151,601
151,602
151,603
151,604
151,605
151,606
151,607
151,608
151,609
151,610
151,611
151,612
151,613
151,614
151,615
151,616
151,617
151,618
151,619
151,620
151,621
151,622
151,623
151,624
151,625
151,626
151,627
151,628
151,629
151,630
151,631
151,632
151,633
151,634
151,635
151,636
151,637
151,638
151,639
151,640
151,641
151,642
151,643
151,644
151,645
151,646
151,647
151,648
151,649
151,650
151,651
151,652
151,653
:167_6,654
:167_6,655
:167_6,656
:167_6,657
:167_6,658
-458,659
-458,660
-458,661
-458,662
-458,663
-458,664
-458,665
-458,666
-458,667
-458,668
-458,669
-458,670
-458,671
-458,672
-458,673
-458,674
-458,675
-458,676
-458,677
-458,678
-458,679
-458,680
-458,681
-458,682
-458,683
-458,684
-458,685
-458,686
-458,687
-458,688
-458,689
-458,690
-458,691
-458,692
-458,693
-458,694
-458,695
-458,696
-458,697
-458,698
-458,699
-458,700
-458,701
-458,702
-458,703
-458,704
-458,705
-458,706
-458,707
-458,708
-458,709
-458,710
-458,711
-458,712
-458,713
-458,714
-458,715
-458,716
-458,717
-458,718
-458,719
-458,720
-458,721
-458,722
-458,723
-458,724
-458,725
-458,726
-458,727
-458,728
-458,729
-458,730
-458,731
-458,732
-458,733
-458,734
-458,735
-458,736
-458,737
-458,738
-458,739
-458,740
-458,741
:391_0,742
:391_0,743
:391_0,744
:391_0,745
:391_0,746
:391_0,747
460,748
460,749
460,750
460,751
460,752
460,753
460,754
460,755
460,756
460,757
460,758
460,759
460,760
460,761
460,762
460,763
460,764
460,765
460,766
460,767
460,768
460,769
460,770
460,771
460,772
460,773
460,774
460,775
460,776
460,777
460,778
460,779
460,780
460,781
460,782
460,783
460,784
460,785
460,786
460,787
460,788
460,789
460,790
460,791
460,792
460,793
460,794
460,795
460,796
460,797
460,798
460,799
460,800
460,801
460,802
460,803
460,804
460,805
460,806
460,807
460,808
460,809
460,810
460,811
460,812
460,813
460,814
:76_1,815
:76_1,816
:76_1,817
:76_1,818
:76_1,819
:76_1,820
-66,821
-66,822
-66,823
-66,824
-66,825
-66,826
-66,827
-66,828
-66,829
-66,830
-66,831
-66,832
-66,833
-66,834
-66,835
-66,836
-66,837
-66,838
-66,839
-66,840
-66,841
-66,842
-66,843
-66,844
-66,845
-66,846
-66,847
-66,848
-66,849
-66,850
-66,851
-66,852
-66,853
-66,854
-66,855
-66,856
-66,857
-66,858
-66,859
-66,860
-66,861
-66,862
-66,863
-66,864
-66,865
-66,866
-66,867
-66,868
-66,869
-66,870
-66,871
-66,872
-66,873
-66,874
-66,875
-66,876
-66,877
-66,878
-66,879
-66,880
-66,881
-66,882
-66,883
-66,884
-66,885
-66,886
-66,887
-66,888
-66,889
-66,890
-66,891
-66,892
-66,893
-66,894
-66,895
-66,896
-66,897
-66,898
-66,899
-66,900
-66,901
-66,902
-66,903
-66,904
-66,905
-66,906
-66,907
-66,908
-66,909
-66,910
-66,911
-66,912
-66,913
-66,914
-66,915
-66,916
-66,917
-66,918
-66,919
-66,920
-66,921
-66,922
-66,923
-66,924
-66,925
-66,926
-66,927
-66,928
-66,929
-66,930
-66,931
:74_2,932
:74_2,933
:74_2,934
:74_2,935
:74_2,936
65,937
65,938
65,939
65,940
65,941
65,942
65,943
65,944
65,945
65,946
65,947
65,948
65,949
65,950
65,951
65,952
65,953
65,954
65,955
65,956
65,957
65,958
65,959
65,960
65,961
65,962
65,963
65,964
65,965
65,966
65,967
65,968
65,969
65,970
65,971
65,972
65,973
65,974
65,975
65,976
65,977
65,978
65,979
65,980
65,981
65,982
65,983
65,984
65,985
65,986
65,987
65,988
65,989
65,990
65,991
65,992
65,993
65,994
65,995
65,996
65,997
65,998
65,999
65,1000
65,1001
65,1002
65,1003
65,1004
65,1005
65,1006
65,1007
65,1008
65,1009
65,1010
65,1011
65,1012
65,1013
65,1014
65,1015
65,1016
65,1017
65,1018
65,1019
65,1020
65,1021
65,1022
65,1023
65,1024
65,1025
65,1026
65,1027
65,1028
65,1029
65,1030
65,1031
65,1032
65,1033
65,1034
65,1035
65,1036
65,1037
65,1038
65,1039
65,1040
65,1041
65,1042
65,1043
65,1044
65,1045
65,1046
65,1047
65,1048
65,1049
65,1050
65,1051
65,1052
65,1053
65,1054
65,1055
65,1056
:75_13,1057
:75_13,1058
:75_13,1059
:75_13,1060
:75_13,1061
-438,1062
-438,1063
-438,1064
-438,1065
-438,1066
-438,1067
-438,1068
-438,1069
-438,1070
-438,1071
-438,1072
-438,1073
-438,1074
-438,1075
-438,1076
-438,1077
-438,1078
-438,1079
-438,1080
-438,1081
-438,1082
-438,1083
-438,1084
-438,1085
-438,1086
-438,1087
-438,1088
-438,1089
-438,1090
-438,1091
-438,1092
-438,1093
-438,1094
-438,1095
-438,1096
-438,1097
-438,1098
-438,1099
-438,1100
-438,1101
-438,1102
-438,1103
-438,1104
-438,1105
-438,1106
-438,1107
-438,1108
-438,1109
-438,1110
-438,1111
-438,1112
-438,1113
-438,1114
-438,1115
-438,1116
-438,1117
-438,1118
-438,1119
-438,1120
-438,1121
-438,1122
-438,1123
-438,1124
-438,1125
-438,1126
-438,1127
-438,1128
-438,1129
-438,1130
-438,1131
-438,1132
-438,1133
-438,1134
-438,1135
-438,1136
-438,1137
-438,1138
-438,1139
-438,1140
-438,1141
-438,1142
-438,1143
-438,1144
-438,1145
-438,1146
-438,1147
-438,1148
-438,1149
-438,1150
-438,1151
-438,1152
-438,1153
-438,1154
-438,1155
-438,1156
-438,1157
-438,1158
-438,1159
-438,1160
-438,1161
-438,1162
-438,1163
-438,1164
-438,1165
-438,1166
-438,1167
-438,1168
-438,1169
-438,1170
-438,1171
-438,1172
-438,1173
-438,1174
-438,1175
-438,1176
-438,1177
-438,1178
-438,1179
-438,1180
-438,1181
-438,1182
-438,1183
-438,1184
:381_13,1185
:381_13,1186
:381_13,1187
:381_13,1188
:381_13,1189
-437,1190
-437,1191
-437,1192
-437,1193
-437,1194
-437,1195
-437,1196
-437,1197
-437,1198
-437,1199
-437,1200
-437,1201
-437,1202
-437,1203
-437,1204
-437,1205
-437,1206
-437,1207
-437,1208
-437,1209
-437,1210
-437,1211
-437,1212
-437,1213
-437,1214
-437,1215
-437,1216
-437,1217
-437,1218
-437,1219
-437,1220
-437,1221
-437,1222
-437,1223
-437,1224
-437,1225
-437,1226
-437,1227
-437,1228
-437,1229
-437,1230
-437,1231
-437,1232
-437,1233
-437,1234
-437,1235
-437,1236
-437,1237
-437,1238
-437,1239
-437,1240
-437,1241
-437,1242
-437,1243
-437,1244
-437,1245
-437,1246
-437,1247
-437,1248
-437,1249
-437,1250
-437,1251
-437,1252
-437,1253
-437,1254
-437,1255
-437,1256
-437,1257
-437,1258
-437,1259
-437,1260
-437,1261
-437,1262
-437,1263
-437,1264
-437,1265
-437,1266
-437,1267
-437,1268
-437,1269
-437,1270
-437,1271
-437,1272
-437,1273
-437,1274
-437,1275
-437,1276
-437,1277
-437,1278
-437,1279
-437,1280
-437,1281
-437,1282
-437,1283
-437,1284
-437,1285
-437,1286
-437,1287
-437,1288
-437,1289
-437,1290
-437,1291
-437,1292
-437,1293
-437,1294
-437,1295
-437,1296
-437,1297
-437,1298
-437,1299
-437,1300
-437,1301
-437,1302
-437,1303
-437,1304
-437,1305
-437,1306
-437,1307
-437,1308
-437,1309
-437,1310
-437,1311
-437,1312
-437,1313
-437,1314
-437,1315
-437,1316
-437,1317
-437,1318
-437,1319
-437,1320
-437,1321
-437,1322
-437,1323
-437,1324
-437,1325
-437,1326
-437,1327
-437,1328
-437,1329
-437,1330
-437,1331
-437,1332
-437,1333
-437,1334
-437,1335
-437,1336
-437,1337
-437,1338
-437,1339
-437,1340
-437,1341
-437,1342
-437,1343
-437,1344
-437,1345
-437,1346
-437,1347
-437,1348
-437,1349
-437,1350
-437,1351
-437,1352
-437,1353
-437,1354
-437,1355
-437,1356
-437,1357
-437,1358
-437,1359
-437,1360
-437,1361
-437,1362
-437,1363
-437,1364
-437,1365
-437,1366
-437,1367
-437,1368
-437,1369
-437,1370
-437,1371
-437,1372
-437,1373
-437,1374
-437,1375
-437,1376
-437,1377
-437,1378
-437,1379
-437,1380
-437,1381
-437,1382
-437,1383
-437,1384
-437,1385
-437,1386
-437,1387
-437,1388
-437,1389
-437,1390
-437,1391
-437,1392
-437,1393
-437,1394
-437,1395
-437,1396
-437,1397
-437,1398
-437,1399
-437,1400
-437,1401
-437,1402
-437,1403
-437,1404
-437,1405
-437,1406
-437,1407
-437,1408
-437,1409
-437,1410
-437,1411
-437,1412
-437,1413
-437,1414
-437,1415
-437,1416
-437,1417
-437,1418
-437,1419
-437,1420
-437,1421
-437,1422
-437,1423
-437,1424
-437,1425
-437,1426
-437,1427
:244_13,1428
:244_13,1429
:244_13,1430
:244_13,1431
:244_13,1432
:244_13,1433
242,1434
242,1435
242,1436
242,1437
242,1438
242,1439
242,1440
242,1441
242,1442
242,1443
242,1444
242,1445
242,1446
242,1447
242,1448
242,1449
242,1450
242,1451
242,1452
242,1453
242,1454
242,1455
242,1456
242,1457
242,1458
242,1459
242,1460
242,1461
242,1462
242,1463
242,1464
242,1465
242,1466
242,1467
242,1468
242,1469
242,1470
242,1471
242,1472
242,1473
242,1474
242,1475
242,1476
242,1477
242,1478
242,1479
242,1480
242,1481
242,1482
242,1483
242,1484
242,1485
242,1486
242,1487
242,1488
242,1489
242,1490
242,1491
242,1492
242,1493
242,1494
242,1495
242,1496
242,1497
242,1498
242,1499
242,1500
242,1501
242,1502
242,1503
242,1504
242,1505
242,1506
242,1507
242,1508
242,1509
242,1510
242,1511
242,1512
242,1513
242,1514
242,1515
242,1516
242,1517
242,1518
242,1519
242,1520
242,1521
242,1522
242,1523
242,1524
242,1525
242,1526
242,1527
242,1528
242,1529
242,1530
242,1531
242,1532
242,1533
242,1534
242,1535
242,1536
242,1537
:245_3,1538
:245_3,1539
:245_3,1540
:245_3,1541
:245_3,1542
243,1543
243,1544
243,1545
243,1546
243,1547
243,1548
243,1549
243,1550
243,1551
243,1552
243,1553
243,1554
243,1555
243,1556
243,1557
243,1558
243,1559
243,1560
243,1561
243,1562
243,1563
243,1564
243,1565
243,1566
243,1567
243,1568
243,1569
243,1570
243,1571
243,1572
243,1573
243,1574
243,1575
243,1576
243,1577
243,1578
243,1579
243,1580
243,1581
243,1582
243,1583
243,1584
243,1585
243,1586
243,1587
243,1588
243,1589
243,1590
243,1591
243,1592
243,1593
243,1594
243,1595
243,1596
243,1597
243,1598
243,1599
243,1600
243,1601
243,1602
243,1603
243,1604
243,1605
243,1606
243,1607
243,1608
243,1609
243,1610
243,1611
243,1612
243,1613
243,1614
243,1615
243,1616
243,1617
:179_13,1618
:179_13,1619
:179_13,1620
:179_13,1621
:179_13,1622
244,1623
244,1624
244,1625
244,1626
244,1627
244,1628
244,1629
244,1630
244,1631
244,1632
244,1633
244,1634
244,1635
244,1636
244,1637
244,1638
244,1639
244,1640
244,1641
244,1642
244,1643
244,1644
244,1645
244,1646
244,1647
244,1648
244,1649
244,1650
244,1651
244,1652
244,1653
244,1654
244,1655
244,1656
244,1657
244,1658
244,1659
244,1660
244,1661
244,1662
244,1663
244,1664
244,1665
244,1666
244,1667
244,1668
244,1669
244,1670
244,1671
244,1672
244,1673
244,1674
244,1675
244,1676
244,1677
244,1678
244,1679
244,1680
244,1681
244,1682
244,1683
244,1684
244,1685
244,1686
244,1687
244,1688
244,1689
244,1690
244,1691
244,1692
244,1693
244,1694
244,1695
244,1696
244,1697
244,1698
244,1699
244,1700
244,1701
244,1702
244,1703
244,1704
244,1705
244,1706
244,1707
244,1708
244,1709
244,1710
244,1711
244,1712
244,1713
244,1714
244,1715
244,1716
244,1717
244,1718
244,1719
244,1720
244,1721
244,1722
244,1723
244,1724
244,1725
244,1726
244,1727
244,1728
244,1729
244,1730
244,1731
244,1732
244,1733
244,1734
244,1735
244,1736
244,1737
244,1738
244,1739
244,1740
244,1741
244,1742
244,1743
244,1744
244,1745
244,1746
244,1747
244,1748
244,1749
244,1750
244,1751
244,1752
244,1753
244,1754
244,1755
244,1756
244,1757
244,1758
244,1759
244,1760
244,1761
244,1762
244,1763
244,1764
244,1765
244,1766
244,1767
244,1768
244,1769
244,1770
244,1771
244,1772
244,1773
244,1774
244,1775
244,1776
244,1777
244,1778
244,1779
244,1780
244,1781
244,1782
244,1783
244,1784
244,1785
244,1786
244,1787
244,1788
244,1789
244,1790
244,1791
244,1792
244,1793
244,1794
244,1795
244,1796
:215_13,1797
:215_13,1798
:215_13,1799
:215_13,1800
:215_13,1801
245,1802
245,1803
245,1804
245,1805
245,1806
245,1807
245,1808
245,1809
245,1810
245,1811
245,1812
245,1813
245,1814
245,1815
245,1816
245,1817
245,1818
245,1819
245,1820
245,1821
245,1822
245,1823
245,1824
245,1825
245,1826
245,1827
245,1828
245,1829
245,1830
245,1831
245,1832
245,1833
245,1834
245,1835
245,1836
245,1837
245,1838
245,1839
245,1840
245,1841
245,1842
245,1843
245,1844
245,1845
245,1846
245,1847
245,1848
245,1849
245,1850
245,1851
245,1852
245,1853
245,1854
:246_3,1855
:246_3,1856
:246_3,1857
:246_3,1858
:246_3,1859
:246_3,1860
325,1861
325,1862
325,1863
325,1864
325,1865
325,1866
325,1867
325,1868
325,1869
325,1870
325,1871
325,1872
325,1873
325,1874
325,1875
325,1876
325,1877
325,1878
325,1879
325,1880
325,1881
325,1882
325,1883
325,1884
325,1885
325,1886
325,1887
325,1888
325,1889
325,1890
325,1891
325,1892
325,1893
325,1894
325,1895
325,1896
325,1897
325,1898
325,1899
325,1900
325,1901
325,1902
325,1903
325,1904
325,1905
325,1906
325,1907
325,1908
325,1909
325,1910
325,1911
325,1912
325,1913
325,1914
325,1915
325,1916
325,1917
325,1918
325,1919
325,1920
325,1921
325,1922
325,1923
325,1924
325,1925
325,1926
325,1927
325,1928
325,1929
325,1930
325,1931
325,1932
325,1933
325,1934
325,1935
325,1936
325,1937
325,1938
325,1939
325,1940
325,1941
325,1942
325,1943
325,1944
325,1945
325,1946
325,1947
325,1948
325,1949
325,1950
325,1951
325,1952
325,1953
325,1954
325,1955
325,1956
325,1957
:106_7,1958
:106_7,1959
:106_7,1960
:106_7,1961
:106_7,1962
-90,1963
-90,1964
-90,1965
-90,1966
-90,1967
-90,1968
-90,1969
-90,1970
-90,1971
-90,1972
-90,1973
-90,1974
-90,1975
-90,1976
-90,1977
-90,1978
-90,1979
-90,1980
-90,1981
-90,1982
-90,1983
-90,1984
-90,1985
-90,1986
-90,1987
-90,1988
-90,1989
-90,1990
-90,1991
-90,1992
-90,1993
-90,1994
-90,1995
-90,1996
-90,1997
-90,1998
-90,1999
-90,2000
