256,21
256,22
256,23
256,24
256,25
256,26
256,27
256,28
256,29
256,30
256,31
256,32
256,33
256,34
256,35
256,36
256,37
256,38
256,39
256,40
256,41
256,42
256,43
256,44
256,45
256,46
256,47
256,48
256,49
256,50
256,51
256,52
256,53
256,54
256,55
256,56
256,57
256,58
256,59
256,60
256,61
256,62
256,63
256,64
256,65
256,66
256,67
256,68
256,69
256,70
256,71
256,72
256,73
256,74
256,75
256,76
256,77
256,78
256,79
256,80
256,81
256,82
256,83
256,84
256,85
256,86
256,87
256,88
256,89
256,90
256,91
256,92
256,93
256,94
256,95
256,96
256,97
256,98
256,99
256,100
256,101
256,102
256,103
256,104
256,105
256,106
256,107
256,108
256,109
256,110
256,111
256,112
256,113
256,114
256,115
256,116
256,117
256,118
256,119
256,120
256,121
256,122
256,123
256,124
256,125
256,126
256,127
256,128
256,129
256,130
256,131
256,132
256,133
256,134
256,135
256,136
256,137
256,138
256,139
256,140
256,141
256,142
256,143
256,144
256,145
256,146
256,147
256,148
256,149
256,150
256,151
256,152
256,153
256,154
256,155
256,156
256,157
256,158
256,159
256,160
256,161
256,162
256,163
256,164
256,165
256,166
256,167
256,168
256,169
256,170
256,171
256,172
256,173
256,174
256,175
256,176
256,177
256,178
256,179
256,180
256,181
256,182
256,183
256,184
256,185
256,186
256,187
256,188
256,189
256,190
256,191
256,192
256,193
256,194
256,195
256,196
256,197
256,198
:255_1,199
:255_1,200
:255_1,201
:255_1,202
:255_1,203
498,204
498,205
498,206
498,207
498,208
498,209
498,210
498,211
498,212
498,213
498,214
498,215
498,216
498,217
498,218
498,219
498,220
498,221
498,222
498,223
498,224
498,225
498,226
498,227
498,228
498,229
498,230
498,231
498,232
498,233
498,234
498,235
498,236
498,237
498,238
498,239
498,240
498,241
498,242
498,243
498,244
498,245
498,246
498,247
498,248
498,249
498,250
498,251
498,252
498,253
498,254
498,255
498,256
498,257
498,258
498,259
498,260
498,261
498,262
498,263
498,264
498,265
498,266
498,267
498,268
498,269
498,270
498,271
498,272
498,273
498,274
498,275
498,276
498,277
498,278
498,279
:171_0,280
:171_0,281
:171_0,282
155,283
155,284
155,285
155,286
155,287
155,288
155,289
155,290
155,291
155,292
155,293
155,294
155,295
155,296
155,297
155,298
155,299
155,300
155,301
155,302
155,303
155,304
155,305
155,306
155,307
155,308
155,309
155,310
155,311
155,312
155,313
155,314
155,315
155,316
155,317
155,318
155,319
155,320
155,321
155,322
155,323
155,324
155,325
155,326
155,327
155,328
155,329
155,330
155,331
155,332
155,333
155,334
155,335
155,336
155,337
155,338
155,339
155,340
155,341
155,342
155,343
155,344
155,345
155,346
155,347
155,348
155,349
155,350
155,351
155,352
155,353
155,354
155,355
155,356
155,357
155,358
155,359
155,360
155,361
155,362
155,363
155,364
155,365
:46_10,366
:46_10,367
:46_10,368
:46_10,369
-38,370
-38,371
-38,372
-38,373
-38,374
-38,375
-38,376
-38,377
-38,378
-38,379
-38,380
-38,381
-38,382
-38,383
-38,384
-38,385
-38,386
-38,387
-38,388
-38,389
-38,390
-38,391
-38,392
-38,393
-38,394
-38,395
-38,396
-38,397
-38,398
-38,399
-38,400
-38,401
-38,402
-38,403
-38,404
-38,405
-38,406
-38,407
-38,408
-38,409
-38,410
-38,411
-38,412
-38,413
-38,414
-38,415
-38,416
-38,417
-38,418
-38,419
-38,420
-38,421
-38,422
-38,423
-38,424
-38,425
-38,426
-38,427
-38,428
-38,429
-38,430
-38,431
-38,432
-38,433
-38,434
-38,435
-38,436
-38,437
-38,438
-38,439
-38,440
-38,441
-38,442
-38,443
-38,444
-38,445
-38,446
-38,447
-38,448
-38,449
-38,450
-38,451
-38,452
-38,453
-38,454
-38,455
-38,456
-38,457
-38,458
-38,459
-38,460
-38,461
-38,462
-38,463
-38,464
-38,465
-38,466
-38,467
-38,468
-38,469
-38,470
-38,471
-38,472
-38,473
-38,474
-38,475
-38,476
-38,477
-38,478
-38,479
-38,480
-38,481
-38,482
-38,483
-38,484
-38,485
-38,486
-38,487
-38,488
-38,489
-38,490
-38,491
-38,492
-38,493
-38,494
-38,495
-38,496
-38,497
-38,498
-38,499
-38,500
-38,501
-38,502
-38,503
-38,504
-38,505
-38,506
-38,507
-38,508
-38,509
-38,510
-38,511
-38,512
-38,513
-38,514
-38,515
-38,516
-38,517
-38,518
-38,519
-38,520
-38,521
-38,522
-38,523
-38,524
-38,525
-38,526
-38,527
-38,528
-38,529
-38,530
-38,531
-38,532
-38,533
-38,534
-38,535
-38,536
-38,537
-38,538
-38,539
-38,540
-38,541
-38,542
-38,543
-38,544
-38,545
-38,546
-38,547
-38,548
-38,549
-38,550
-38,551
-38,552
-38,553
-38,554
-38,555
-38,556
-38,557
-38,558
-38,559
-38,560
-38,561
-38,562
-38,563
-38,564
-38,565
-38,566
-38,567
-38,568
-38,569
-38,570
-38,571
-38,572
-38,573
-38,574
-38,575
-38,576
-38,577
-38,578
-38,579
-38,580
-38,581
-38,582
-38,583
-38,584
-38,585
-38,586
-38,587
-38,588
-38,589
-38,590
-38,591
-38,592
-38,593
-38,594
-38,595
-38,596
-38,597
-38,598
-38,599
-38,600
-38,601
-38,602
-38,603
-38,604
-38,605
-38,606
-38,607
-38,608
-38,609
-38,610
-38,611
-38,612
-38,613
-38,614
-38,615
-38,616
-38,617
-38,618
-38,619
-38,620
-38,621
-38,622
-38,623
-38,624
-38,625
-38,626
-38,627
-38,628
-38,629
-38,630
-38,631
-38,632
-38,633
-38,634
-38,635
-38,636
-38,637
-38,638
-38,639
-38,640
-38,641
:43_4,642
:43_4,643
:43_4,644
36,645
36,646
36,647
36,648
36,649
36,650
36,651
36,652
36,653
36,654
36,655
36,656
36,657
36,658
36,659
36,660
36,661
36,662
36,663
36,664
36,665
36,666
36,667
36,668
36,669
36,670
36,671
36,672
36,673
36,674
36,675
36,676
36,677
36,678
36,679
36,680
36,681
36,682
36,683
36,684
36,685
36,686
36,687
36,688
36,689
36,690
36,691
36,692
36,693
36,694
36,695
36,696
36,697
36,698
36,699
36,700
36,701
36,702
36,703
36,704
36,705
36,706
36,707
36,708
36,709
36,710
36,711
36,712
36,713
36,714
36,715
36,716
36,717
36,718
36,719
36,720
36,721
36,722
36,723
36,724
36,725
36,726
36,727
36,728
36,729
36,730
36,731
36,732
36,733
36,734
36,735
36,736
36,737
36,738
36,739
36,740
36,741
36,742
36,743
36,744
36,745
36,746
36,747
36,748
36,749
36,750
36,751
36,752
36,753
36,754
36,755
36,756
36,757
36,758
36,759
36,760
36,761
36,762
36,763
36,764
36,765
36,766
36,767
36,768
36,769
36,770
36,771
36,772
36,773
:44_3,774
:44_3,775
:44_3,776
:44_3,777
:44_3,778
-42,779
-42,780
-42,781
-42,782
-42,783
-42,784
-42,785
-42,786
-42,787
-42,788
-42,789
-42,790
-42,791
-42,792
-42,793
-42,794
-42,795
-42,796
-42,797
-42,798
-42,799
-42,800
-42,801
-42,802
-42,803
-42,804
-42,805
-42,806
-42,807
-42,808
-42,809
-42,810
-42,811
-42,812
-42,813
-42,814
-42,815
-42,816
-42,817
-42,818
-42,819
-42,820
-42,821
-42,822
-42,823
-42,824
-42,825
-42,826
-42,827
-42,828
-42,829
-42,830
-42,831
-42,832
-42,833
-42,834
-42,835
-42,836
-42,837
-42,838
-42,839
-42,840
-42,841
-42,842
-42,843
-42,844
-42,845
-42,846
-42,847
-42,848
-42,849
-42,850
-42,851
-42,852
-42,853
-42,854
-42,855
-42,856
-42,857
-42,858
-42,859
-42,860
-42,861
-42,862
-42,863
-42,864
-42,865
-42,866
-42,867
-42,868
-42,869
-42,870
-42,871
-42,872
-42,873
-42,874
-42,875
-42,876
-42,877
-42,878
-42,879
-42,880
-42,881
-42,882
-42,883
-42,884
-42,885
-42,886
-42,887
-42,888
-42,889
-42,890
-42,891
