-43,21
-43,22
-43,23
-43,24
-43,25
-43,26
-43,27
-43,28
-43,29
-43,30
-43,31
-43,32
-43,33
-43,34
-43,35
-43,36
-43,37
-43,38
-43,39
-43,40
-43,41
-43,42
-43,43
-43,44
-43,45
-43,46
-43,47
-43,48
-43,49
-43,50
-43,51
-43,52
-43,53
-43,54
-43,55
-43,56
-43,57
-43,58
-43,59
-43,60
-43,61
-43,62
-43,63
-43,64
-43,65
-43,66
-43,67
-43,68
-43,69
-43,70
-43,71
-43,72
-43,73
-43,74
-43,75
-43,76
-43,77
-43,78
-43,79
-43,80
-43,81
-43,82
-43,83
-43,84
-43,85
-43,86
-43,87
-43,88
-43,89
-43,90
-43,91
-43,92
-43,93
-43,94
-43,95
-43,96
-43,97
-43,98
-43,99
-43,100
-43,101
-43,102
-43,103
-43,104
-43,105
-43,106
-43,107
-43,108
-43,109
-43,110
-43,111
-43,112
-43,113
-43,114
-43,115
-43,116
-43,117
-43,118
-43,119
-43,120
-43,121
-43,122
-43,123
-43,124
-43,125
-43,126
-43,127
-43,128
-43,129
-43,130
-43,131
-43,132
-43,133
-43,134
-43,135
-43,136
-43,137
-43,138
-43,139
-43,140
-43,141
-43,142
-43,143
-43,144
-43,145
-43,146
-43,147
-43,148
-43,149
-43,150
-43,151
-43,152
-43,153
-43,154
-43,155
-43,156
-43,157
-43,158
-43,159
-43,160
-43,161
-43,162
-43,163
-43,164
-43,165
-43,166
-43,167
-43,168
-43,169
-43,170
-43,171
-43,172
-43,173
-43,174
-43,175
-43,176
-43,177
-43,178
-43,179
-43,180
-43,181
-43,182
-43,183
-43,184
-43,185
-43,186
-43,187
-43,188
-43,189
-43,190
-43,191
-43,192
-43,193
-43,194
-43,195
-43,196
-43,197
-43,198
-43,199
-43,200
-43,201
-43,202
-43,203
-43,204
-43,205
-43,206
-43,207
-43,208
:48_14,209
:48_14,210
:48_14,211
:48_18,212
:48_18,213
:48_18,214
41,215
41,216
41,217
41,218
41,219
41,220
41,221
41,222
41,223
41,224
41,225
41,226
41,227
41,228
41,229
41,230
41,231
41,232
41,233
41,234
41,235
41,236
41,237
41,238
41,239
41,240
41,241
41,242
41,243
41,244
41,245
41,246
41,247
41,248
41,249
41,250
41,251
41,252
41,253
41,254
41,255
41,256
41,257
41,258
41,259
41,260
41,261
41,262
41,263
41,264
41,265
41,266
41,267
41,268
41,269
41,270
41,271
41,272
41,273
41,274
41,275
41,276
41,277
41,278
41,279
41,280
41,281
41,282
41,283
41,284
41,285
41,286
41,287
41,288
41,289
41,290
41,291
41,292
41,293
41,294
41,295
41,296
41,297
41,298
41,299
41,300
41,301
41,302
41,303
41,304
41,305
41,306
41,307
41,308
41,309
41,310
41,311
41,312
41,313
41,314
41,315
41,316
41,317
41,318
41,319
41,320
41,321
41,322
41,323
41,324
41,325
41,326
41,327
41,328
41,329
41,330
41,331
41,332
41,333
41,334
41,335
41,336
41,337
41,338
41,339
41,340
41,341
41,342
41,343
41,344
41,345
41,346
41,347
41,348
41,349
41,350
41,351
41,352
41,353
41,354
41,355
41,356
41,357
41,358
41,359
41,360
41,361
41,362
41,363
41,364
41,365
41,366
41,367
41,368
41,369
41,370
41,371
41,372
41,373
41,374
41,375
41,376
41,377
41,378
41,379
41,380
41,381
41,382
41,383
41,384
41,385
41,386
41,387
41,388
41,389
41,390
41,391
41,392
41,393
41,394
41,395
41,396
41,397
41,398
41,399
41,400
41,401
41,402
41,403
41,404
41,405
41,406
41,407
41,408
41,409
41,410
41,411
41,412
41,413
41,414
41,415
41,416
41,417
41,418
41,419
41,420
41,421
41,422
41,423
41,424
41,425
41,426
41,427
41,428
41,429
41,430
41,431
41,432
41,433
41,434
41,435
41,436
41,437
41,438
41,439
41,440
41,441
41,442
41,443
41,444
41,445
41,446
41,447
41,448
41,449
41,450
41,451
41,452
41,453
41,454
41,455
41,456
41,457
41,458
41,459
41,460
41,461
41,462
41,463
41,464
41,465
41,466
41,467
41,468
41,469
41,470
41,471
41,472
41,473
41,474
41,475
41,476
41,477
41,478
41,479
41,480
41,481
41,482
41,483
41,484
41,485
41,486
41,487
41,488
41,489
41,490
41,491
41,492
41,493
41,494
41,495
41,496
41,497
41,498
41,499
41,500
41,501
41,502
41,503
41,504
41,505
41,506
41,507
41,508
41,509
41,510
41,511
41,512
41,513
41,514
41,515
41,516
41,517
41,518
41,519
41,520
41,521
41,522
41,523
41,524
41,525
41,526
41,527
41,528
41,529
41,530
41,531
41,532
41,533
41,534
41,535
41,536
41,537
41,538
41,539
41,540
41,541
41,542
41,543
41,544
41,545
41,546
41,547
41,548
41,549
41,550
41,551
41,552
41,553
41,554
41,555
41,556
41,557
41,558
41,559
41,560
41,561
41,562
41,563
41,564
41,565
41,566
41,567
41,568
41,569
41,570
41,571
41,572
41,573
41,574
41,575
41,576
41,577
41,578
41,579
41,580
41,581
41,582
41,583
41,584
41,585
41,586
41,587
41,588
41,589
41,590
41,591
41,592
41,593
41,594
41,595
41,596
41,597
41,598
41,599
41,600
41,601
41,602
41,603
41,604
41,605
41,606
41,607
41,608
41,609
41,610
41,611
41,612
41,613
41,614
41,615
41,616
41,617
41,618
41,619
41,620
41,621
41,622
41,623
41,624
41,625
41,626
41,627
41,628
41,629
41,630
41,631
41,632
41,633
41,634
41,635
41,636
41,637
41,638
41,639
41,640
41,641
41,642
41,643
41,644
41,645
41,646
41,647
41,648
41,649
41,650
41,651
41,652
41,653
41,654
41,655
41,656
41,657
41,658
41,659
41,660
41,661
41,662
41,663
41,664
41,665
41,666
41,667
41,668
41,669
41,670
41,671
41,672
41,673
41,674
41,675
41,676
41,677
41,678
41,679
41,680
41,681
41,682
41,683
41,684
41,685
41,686
41,687
41,688
41,689
41,690
41,691
41,692
41,693
41,694
41,695
41,696
41,697
41,698
41,699
41,700
41,701
41,702
41,703
41,704
41,705
41,706
41,707
:6_5,708
:6_5,709
:6_5,710
:6_5,711
:6_5,712
:6_5,713
5,714
5,715
5,716
5,717
5,718
5,719
5,720
5,721
5,722
5,723
5,724
5,725
5,726
5,727
5,728
5,729
5,730
5,731
5,732
5,733
5,734
5,735
5,736
5,737
5,738
5,739
5,740
5,741
5,742
5,743
5,744
5,745
5,746
5,747
5,748
5,749
5,750
5,751
5,752
5,753
5,754
5,755
5,756
5,757
5,758
5,759
5,760
5,761
5,762
5,763
5,764
5,765
5,766
5,767
5,768
5,769
5,770
5,771
5,772
5,773
5,774
5,775
5,776
5,777
5,778
5,779
5,780
5,781
5,782
5,783
5,784
5,785
5,786
5,787
5,788
5,789
:7_6,790
:7_6,791
:7_6,792
:7_6,793
:7_6,794
:7_6,795
:7_6,796
425,797
425,798
425,799
425,800
425,801
425,802
425,803
425,804
425,805
425,806
425,807
425,808
425,809
425,810
425,811
425,812
425,813
425,814
425,815
425,816
425,817
425,818
425,819
425,820
425,821
425,822
425,823
425,824
425,825
425,826
425,827
425,828
425,829
425,830
425,831
425,832
425,833
425,834
425,835
425,836
425,837
425,838
425,839
425,840
425,841
425,842
425,843
425,844
425,845
425,846
425,847
425,848
425,849
425,850
425,851
425,852
425,853
425,854
425,855
425,856
425,857
425,858
425,859
425,860
425,861
425,862
425,863
425,864
425,865
425,866
425,867
425,868
425,869
425,870
425,871
425,872
425,873
425,874
425,875
425,876
425,877
425,878
425,879
425,880
425,881
425,882
425,883
425,884
425,885
425,886
425,887
425,888
425,889
425,890
425,891
425,892
425,893
425,894
425,895
425,896
425,897
425,898
425,899
425,900
425,901
425,902
425,903
425,904
425,905
425,906
425,907
425,908
425,909
425,910
425,911
425,912
425,913
425,914
425,915
425,916
425,917
425,918
425,919
425,920
425,921
425,922
425,923
425,924
:373_0,925
:373_0,926
:373_0,927
-685,928
-685,929
-685,930
-685,931
-685,932
-685,933
-685,934
-685,935
-685,936
-685,937
-685,938
-685,939
-685,940
-685,941
-685,942
-685,943
-685,944
-685,945
-685,946
-685,947
-685,948
:13_1,949
:13_1,950
:13_1,951
:13_1,952
:13_1,953
177,954
177,955
177,956
177,957
177,958
177,959
177,960
177,961
177,962
177,963
177,964
177,965
177,966
177,967
177,968
177,969
177,970
177,971
177,972
177,973
177,974
177,975
177,976
177,977
177,978
177,979
177,980
177,981
177,982
177,983
177,984
177,985
177,986
177,987
177,988
177,989
177,990
177,991
177,992
177,993
177,994
177,995
177,996
177,997
177,998
177,999
177,1000
177,1001
177,1002
177,1003
177,1004
177,1005
177,1006
177,1007
177,1008
177,1009
177,1010
177,1011
177,1012
177,1013
177,1014
177,1015
177,1016
177,1017
177,1018
177,1019
177,1020
177,1021
177,1022
177,1023
177,1024
177,1025
177,1026
177,1027
177,1028
177,1029
177,1030
177,1031
177,1032
177,1033
177,1034
177,1035
177,1036
177,1037
177,1038
177,1039
177,1040
177,1041
177,1042
177,1043
177,1044
177,1045
177,1046
177,1047
177,1048
177,1049
177,1050
177,1051
177,1052
177,1053
177,1054
177,1055
177,1056
177,1057
177,1058
177,1059
177,1060
177,1061
177,1062
177,1063
177,1064
177,1065
177,1066
177,1067
177,1068
177,1069
177,1070
177,1071
177,1072
177,1073
177,1074
177,1075
177,1076
177,1077
177,1078
177,1079
177,1080
177,1081
177,1082
177,1083
177,1084
177,1085
177,1086
177,1087
177,1088
177,1089
177,1090
177,1091
177,1092
177,1093
177,1094
177,1095
177,1096
177,1097
177,1098
177,1099
177,1100
177,1101
177,1102
177,1103
177,1104
177,1105
177,1106
177,1107
177,1108
177,1109
:190_1,1110
:190_1,1111
:190_1,1112
:190_1,1113
:190_1,1114
:190_1,1115
178,1116
178,1117
178,1118
178,1119
178,1120
178,1121
178,1122
178,1123
178,1124
178,1125
178,1126
178,1127
178,1128
178,1129
178,1130
178,1131
178,1132
178,1133
178,1134
178,1135
178,1136
178,1137
178,1138
178,1139
178,1140
178,1141
178,1142
178,1143
178,1144
178,1145
178,1146
178,1147
178,1148
178,1149
178,1150
178,1151
178,1152
178,1153
178,1154
178,1155
178,1156
178,1157
178,1158
178,1159
178,1160
178,1161
178,1162
178,1163
178,1164
178,1165
178,1166
178,1167
178,1168
178,1169
178,1170
178,1171
178,1172
178,1173
178,1174
178,1175
178,1176
178,1177
178,1178
178,1179
178,1180
178,1181
178,1182
178,1183
178,1184
178,1185
178,1186
178,1187
178,1188
178,1189
178,1190
178,1191
178,1192
178,1193
178,1194
178,1195
178,1196
178,1197
178,1198
178,1199
178,1200
178,1201
178,1202
178,1203
178,1204
178,1205
178,1206
178,1207
178,1208
178,1209
178,1210
178,1211
178,1212
178,1213
178,1214
178,1215
178,1216
178,1217
178,1218
178,1219
178,1220
178,1221
178,1222
178,1223
178,1224
178,1225
178,1226
178,1227
178,1228
178,1229
178,1230
178,1231
178,1232
178,1233
178,1234
178,1235
178,1236
178,1237
178,1238
178,1239
178,1240
178,1241
178,1242
178,1243
178,1244
178,1245
178,1246
178,1247
178,1248
178,1249
178,1250
178,1251
178,1252
178,1253
178,1254
178,1255
178,1256
178,1257
178,1258
178,1259
178,1260
178,1261
178,1262
178,1263
178,1264
178,1265
178,1266
178,1267
178,1268
178,1269
178,1270
178,1271
178,1272
178,1273
178,1274
178,1275
178,1276
178,1277
178,1278
178,1279
178,1280
178,1281
178,1282
178,1283
178,1284
178,1285
178,1286
178,1287
178,1288
178,1289
178,1290
178,1291
178,1292
178,1293
178,1294
178,1295
178,1296
178,1297
178,1298
178,1299
178,1300
178,1301
178,1302
178,1303
178,1304
178,1305
178,1306
178,1307
178,1308
178,1309
178,1310
178,1311
178,1312
:191_5,1313
:191_5,1314
:191_5,1315
:191_5,1316
:191_5,1317
:191_5,1318
:191_5,1319
-195,1320
-195,1321
-195,1322
-195,1323
-195,1324
-195,1325
-195,1326
-195,1327
-195,1328
-195,1329
-195,1330
-195,1331
-195,1332
-195,1333
-195,1334
-195,1335
-195,1336
-195,1337
-195,1338
-195,1339
-195,1340
-195,1341
-195,1342
-195,1343
-195,1344
-195,1345
-195,1346
-195,1347
-195,1348
-195,1349
-195,1350
-195,1351
-195,1352
-195,1353
-195,1354
-195,1355
-195,1356
-195,1357
-195,1358
-195,1359
-195,1360
-195,1361
-195,1362
-195,1363
-195,1364
-195,1365
-195,1366
-195,1367
-195,1368
-195,1369
-195,1370
-195,1371
-195,1372
-195,1373
-195,1374
-195,1375
-195,1376
-195,1377
-195,1378
-195,1379
-195,1380
-195,1381
-195,1382
-195,1383
-195,1384
-195,1385
-195,1386
-195,1387
-195,1388
-195,1389
-195,1390
-195,1391
-195,1392
-195,1393
-195,1394
-195,1395
-195,1396
-195,1397
-195,1398
-195,1399
-195,1400
-195,1401
-195,1402
-195,1403
-195,1404
-195,1405
-195,1406
-195,1407
-195,1408
-195,1409
-195,1410
-195,1411
-195,1412
-195,1413
-195,1414
-195,1415
-195,1416
-195,1417
-195,1418
-195,1419
-195,1420
-195,1421
-195,1422
-195,1423
-195,1424
-195,1425
-195,1426
-195,1427
-195,1428
-195,1429
-195,1430
-195,1431
-195,1432
-195,1433
-195,1434
-195,1435
-195,1436
-195,1437
-195,1438
-195,1439
-195,1440
-195,1441
-195,1442
-195,1443
-195,1444
-195,1445
-195,1446
-195,1447
-195,1448
-195,1449
-195,1450
-195,1451
-195,1452
-195,1453
-195,1454
-195,1455
-195,1456
-195,1457
-195,1458
-195,1459
-195,1460
-195,1461
-195,1462
-195,1463
-195,1464
-195,1465
-195,1466
-195,1467
-195,1468
-195,1469
-195,1470
-195,1471
-195,1472
-195,1473
-195,1474
-195,1475
-195,1476
-195,1477
-195,1478
-195,1479
-195,1480
-195,1481
-195,1482
-195,1483
-195,1484
-195,1485
-195,1486
-195,1487
-195,1488
-195,1489
-195,1490
-195,1491
-195,1492
-195,1493
-195,1494
-195,1495
-195,1496
-195,1497
-195,1498
-195,1499
-195,1500
-195,1501
-195,1502
-195,1503
-195,1504
-195,1505
-195,1506
-195,1507
-195,1508
-195,1509
-195,1510
-195,1511
-195,1512
-195,1513
-195,1514
-195,1515
-195,1516
-195,1517
-195,1518
-195,1519
-195,1520
-195,1521
-195,1522
-195,1523
-195,1524
-195,1525
-195,1526
-195,1527
-195,1528
-195,1529
-195,1530
-195,1531
-195,1532
-195,1533
-195,1534
-195,1535
-195,1536
-195,1537
:204_1,1538
:204_1,1539
:204_1,1540
:204_1,1541
:204_1,1542
:204_1,1543
-194,1544
-194,1545
-194,1546
-194,1547
-194,1548
-194,1549
-194,1550
-194,1551
-194,1552
-194,1553
-194,1554
-194,1555
-194,1556
-194,1557
-194,1558
-194,1559
-194,1560
-194,1561
-194,1562
-194,1563
-194,1564
-194,1565
-194,1566
-194,1567
-194,1568
-194,1569
-194,1570
-194,1571
-194,1572
-194,1573
-194,1574
-194,1575
-194,1576
-194,1577
-194,1578
-194,1579
-194,1580
-194,1581
-194,1582
-194,1583
-194,1584
-194,1585
-194,1586
-194,1587
-194,1588
-194,1589
-194,1590
-194,1591
-194,1592
-194,1593
-194,1594
-194,1595
-194,1596
-194,1597
-194,1598
-194,1599
-194,1600
-194,1601
-194,1602
-194,1603
-194,1604
-194,1605
-194,1606
-194,1607
-194,1608
-194,1609
-194,1610
-194,1611
-194,1612
-194,1613
-194,1614
-194,1615
-194,1616
-194,1617
-194,1618
-194,1619
-194,1620
-194,1621
-194,1622
-194,1623
-194,1624
-194,1625
-194,1626
-194,1627
-194,1628
-194,1629
-194,1630
-194,1631
-194,1632
-194,1633
-194,1634
-194,1635
-194,1636
-194,1637
-194,1638
-194,1639
-194,1640
-194,1641
-194,1642
-194,1643
-194,1644
-194,1645
-194,1646
-194,1647
-194,1648
-194,1649
-194,1650
-194,1651
-194,1652
-194,1653
-194,1654
-194,1655
-194,1656
-194,1657
-194,1658
-194,1659
-194,1660
-194,1661
-194,1662
-194,1663
-194,1664
-194,1665
-194,1666
-194,1667
-194,1668
-194,1669
-194,1670
-194,1671
-194,1672
-194,1673
-194,1674
-194,1675
-194,1676
-194,1677
-194,1678
-194,1679
-194,1680
-194,1681
-194,1682
-194,1683
-194,1684
-194,1685
-194,1686
-194,1687
-194,1688
-194,1689
-194,1690
-194,1691
-194,1692
-194,1693
-194,1694
-194,1695
-194,1696
-194,1697
-194,1698
-194,1699
-194,1700
-194,1701
-194,1702
-194,1703
-194,1704
-194,1705
-194,1706
-194,1707
-194,1708
-194,1709
-194,1710
-194,1711
-194,1712
-194,1713
-194,1714
-194,1715
-194,1716
-194,1717
-194,1718
-194,1719
-194,1720
-194,1721
-194,1722
-194,1723
-194,1724
-194,1725
-194,1726
-194,1727
-194,1728
-194,1729
-194,1730
-194,1731
-194,1732
-194,1733
:203_1,1734
:203_1,1735
:203_1,1736
:203_1,1737
:203_1,1738
-193,1739
-193,1740
-193,1741
-193,1742
-193,1743
-193,1744
-193,1745
-193,1746
-193,1747
-193,1748
-193,1749
-193,1750
-193,1751
-193,1752
-193,1753
-193,1754
-193,1755
-193,1756
-193,1757
-193,1758
-193,1759
-193,1760
-193,1761
-193,1762
-193,1763
-193,1764
-193,1765
-193,1766
-193,1767
-193,1768
-193,1769
-193,1770
-193,1771
-193,1772
-193,1773
-193,1774
-193,1775
-193,1776
-193,1777
-193,1778
-193,1779
-193,1780
-193,1781
-193,1782
-193,1783
-193,1784
-193,1785
-193,1786
-193,1787
-193,1788
-193,1789
-193,1790
-193,1791
-193,1792
-193,1793
-193,1794
-193,1795
-193,1796
-193,1797
-193,1798
-193,1799
-193,1800
-193,1801
-193,1802
-193,1803
-193,1804
-193,1805
-193,1806
-193,1807
-193,1808
-193,1809
-193,1810
-193,1811
-193,1812
-193,1813
-193,1814
-193,1815
-193,1816
-193,1817
-193,1818
-193,1819
-193,1820
-193,1821
-193,1822
-193,1823
-193,1824
-193,1825
-193,1826
-193,1827
-193,1828
-193,1829
-193,1830
-193,1831
-193,1832
-193,1833
-193,1834
-193,1835
-193,1836
-193,1837
-193,1838
-193,1839
-193,1840
-193,1841
-193,1842
-193,1843
-193,1844
-193,1845
-193,1846
-193,1847
-193,1848
-193,1849
-193,1850
-193,1851
-193,1852
-193,1853
-193,1854
-193,1855
-193,1856
-193,1857
-193,1858
-193,1859
-193,1860
-193,1861
-193,1862
-193,1863
-193,1864
-193,1865
-193,1866
-193,1867
-193,1868
-193,1869
-193,1870
-193,1871
-193,1872
-193,1873
-193,1874
-193,1875
-193,1876
-193,1877
-193,1878
-193,1879
-193,1880
-193,1881
-193,1882
-193,1883
-193,1884
-193,1885
-193,1886
-193,1887
-193,1888
-193,1889
-193,1890
-193,1891
-193,1892
-193,1893
-193,1894
-193,1895
-193,1896
-193,1897
-193,1898
-193,1899
-193,1900
-193,1901
-193,1902
-193,1903
-193,1904
-193,1905
-193,1906
-193,1907
-193,1908
-193,1909
-193,1910
-193,1911
-193,1912
-193,1913
-193,1914
-193,1915
-193,1916
:35_1,1917
:35_1,1918
:35_1,1919
:35_1,1920
:35_1,1921
:35_1,1922
197,1923
197,1924
197,1925
197,1926
197,1927
197,1928
197,1929
197,1930
197,1931
197,1932
197,1933
197,1934
197,1935
197,1936
197,1937
197,1938
197,1939
197,1940
197,1941
197,1942
197,1943
197,1944
197,1945
197,1946
197,1947
197,1948
197,1949
197,1950
197,1951
197,1952
197,1953
197,1954
197,1955
197,1956
197,1957
197,1958
197,1959
197,1960
197,1961
197,1962
197,1963
197,1964
197,1965
197,1966
197,1967
197,1968
197,1969
197,1970
197,1971
197,1972
197,1973
197,1974
197,1975
197,1976
197,1977
197,1978
197,1979
197,1980
197,1981
197,1982
197,1983
197,1984
197,1985
197,1986
197,1987
197,1988
197,1989
197,1990
197,1991
197,1992
197,1993
197,1994
197,1995
197,1996
197,1997
197,1998
197,1999
197,2000
