372,1
372,2
372,3
372,4
372,5
372,6
372,7
372,8
372,9
372,10
372,11
372,12
372,13
372,14
372,15
372,16
372,17
372,18
372,19
372,20
372,21
372,22
372,23
372,24
372,25
372,26
372,27
372,28
372,29
372,30
372,31
372,32
372,33
372,34
372,35
372,36
372,37
372,38
372,39
372,40
372,41
372,42
372,43
372,44
372,45
372,46
372,47
372,48
372,49
372,50
372,51
372,52
372,53
372,54
372,55
372,56
372,57
372,58
372,59
372,60
372,61
372,62
372,63
372,64
372,65
372,66
372,67
372,68
372,69
372,70
372,71
372,72
372,73
372,74
372,75
372,76
372,77
372,78
372,79
372,80
372,81
372,82
372,83
372,84
372,85
372,86
372,87
372,88
372,89
372,90
372,91
372,92
372,93
372,94
372,95
372,96
372,97
372,98
372,99
372,100
372,101
372,102
372,103
372,104
372,105
372,106
372,107
372,108
372,109
372,110
372,111
372,112
372,113
372,114
372,115
372,116
372,117
372,118
372,119
372,120
372,121
372,122
372,123
372,124
372,125
372,126
372,127
372,128
372,129
372,130
372,131
372,132
372,133
372,134
372,135
372,136
372,137
372,138
372,139
372,140
372,141
372,142
372,143
372,144
372,145
372,146
372,147
372,148
372,149
372,150
372,151
372,152
372,153
372,154
372,155
372,156
372,157
372,158
372,159
372,160
372,161
372,162
372,163
372,164
372,165
372,166
372,167
372,168
372,169
372,170
372,171
372,172
372,173
372,174
372,175
372,176
372,177
372,178
372,179
372,180
372,181
372,182
372,183
372,184
:155_5,185
:155_5,186
:155_5,187
:155_5,188
:155_5,189
:155_5,190
:155_5,191
:155_5,192
:155_5,193
:155_5,194
:155_5,195
:155_5,196
:155_5,197
-139,198
-139,199
-139,200
-139,201
-139,202
-139,203
-139,204
-139,205
-139,206
-139,207
-139,208
-139,209
-139,210
-139,211
-139,212
-139,213
-139,214
-139,215
-139,216
-139,217
-139,218
-139,219
-139,220
-139,221
-139,222
-139,223
-139,224
-139,225
-139,226
-139,227
-139,228
-139,229
-139,230
-139,231
-139,232
-139,233
-139,234
-139,235
-139,236
-139,237
-139,238
-139,239
-139,240
-139,241
-139,242
-139,243
-139,244
-139,245
-139,246
-139,247
-139,248
-139,249
-139,250
-139,251
-139,252
-139,253
-139,254
-139,255
-139,256
-139,257
-139,258
-139,259
-139,260
-139,261
-139,262
-139,263
-139,264
-139,265
-139,266
-139,267
-139,268
-139,269
-139,270
-139,271
-139,272
-139,273
-139,274
-139,275
-139,276
-139,277
-139,278
-139,279
-139,280
-139,281
-139,282
-139,283
-139,284
-139,285
-139,286
-139,287
-139,288
-139,289
-139,290
:153_6,291
:153_6,292
:153_6,293
:153_6,294
:153_6,295
:153_6,296
142,297
142,298
142,299
142,300
142,301
142,302
142,303
142,304
142,305
142,306
142,307
142,308
142,309
142,310
142,311
142,312
142,313
142,314
142,315
142,316
142,317
142,318
142,319
142,320
142,321
142,322
142,323
142,324
142,325
142,326
142,327
142,328
142,329
142,330
142,331
142,332
142,333
142,334
142,335
142,336
142,337
142,338
142,339
142,340
142,341
142,342
142,343
142,344
142,345
142,346
142,347
142,348
142,349
142,350
142,351
142,352
142,353
142,354
142,355
142,356
142,357
142,358
142,359
142,360
142,361
142,362
142,363
142,364
142,365
142,366
142,367
142,368
142,369
142,370
142,371
142,372
142,373
142,374
142,375
142,376
142,377
142,378
142,379
142,380
142,381
142,382
142,383
142,384
142,385
142,386
142,387
142,388
142,389
142,390
142,391
142,392
142,393
142,394
142,395
142,396
142,397
142,398
142,399
142,400
142,401
142,402
142,403
142,404
:157_13,405
:157_13,406
:157_13,407
:157_13,408
:157_13,409
:157_13,410
-259,411
-259,412
-259,413
-259,414
-259,415
-259,416
-259,417
-259,418
-259,419
-259,420
-259,421
-259,422
-259,423
-259,424
-259,425
-259,426
-259,427
-259,428
-259,429
-259,430
-259,431
-259,432
-259,433
-259,434
-259,435
-259,436
-259,437
-259,438
-259,439
:256_1,440
:256_1,441
:256_1,442
:256_1,443
:256_1,444
:256_1,445
-258,446
-258,447
-258,448
-258,449
-258,450
-258,451
-258,452
-258,453
-258,454
-258,455
-258,456
-258,457
-258,458
-258,459
-258,460
-258,461
-258,462
-258,463
-258,464
-258,465
-258,466
-258,467
-258,468
-258,469
-258,470
-258,471
-258,472
-258,473
-258,474
-258,475
-258,476
-258,477
-258,478
-258,479
-258,480
-258,481
-258,482
-258,483
-258,484
-258,485
-258,486
-258,487
-258,488
-258,489
-258,490
-258,491
-258,492
-258,493
-258,494
-258,495
-258,496
-258,497
-258,498
-258,499
-258,500
-258,501
-258,502
-258,503
-258,504
-258,505
-258,506
-258,507
-258,508
-258,509
-258,510
-258,511
-258,512
-258,513
-258,514
-258,515
-258,516
-258,517
-258,518
-258,519
-258,520
-258,521
-258,522
-258,523
-258,524
-258,525
-258,526
-258,527
:21_0,528
:21_0,529
:21_0,530
:21_0,531
257,532
257,533
257,534
257,535
257,536
257,537
257,538
257,539
257,540
257,541
257,542
257,543
257,544
257,545
257,546
257,547
257,548
257,549
257,550
257,551
257,552
257,553
257,554
257,555
257,556
257,557
257,558
257,559
257,560
257,561
257,562
257,563
257,564
257,565
257,566
257,567
257,568
257,569
257,570
257,571
257,572
257,573
257,574
257,575
257,576
257,577
257,578
257,579
257,580
257,581
257,582
257,583
257,584
257,585
257,586
257,587
257,588
257,589
257,590
257,591
257,592
257,593
257,594
257,595
257,596
257,597
257,598
257,599
257,600
257,601
257,602
257,603
257,604
257,605
257,606
257,607
257,608
257,609
257,610
257,611
257,612
257,613
257,614
257,615
257,616
257,617
257,618
257,619
257,620
257,621
257,622
257,623
257,624
257,625
257,626
257,627
257,628
257,629
257,630
257,631
257,632
257,633
257,634
257,635
257,636
257,637
257,638
257,639
257,640
257,641
257,642
257,643
257,644
257,645
257,646
257,647
257,648
257,649
257,650
257,651
257,652
257,653
257,654
257,655
257,656
257,657
257,658
257,659
257,660
257,661
257,662
257,663
257,664
257,665
257,666
257,667
257,668
257,669
257,670
257,671
257,672
257,673
257,674
257,675
257,676
257,677
257,678
257,679
257,680
257,681
257,682
257,683
257,684
257,685
257,686
257,687
257,688
257,689
257,690
257,691
257,692
257,693
257,694
257,695
257,696
257,697
257,698
257,699
257,700
257,701
257,702
257,703
257,704
257,705
257,706
257,707
257,708
257,709
257,710
257,711
257,712
257,713
257,714
257,715
257,716
257,717
257,718
257,719
257,720
257,721
257,722
:231_4,723
:231_4,724
:231_4,725
:231_4,726
:231_4,727
:231_4,728
-225,729
-225,730
-225,731
-225,732
-225,733
-225,734
-225,735
-225,736
-225,737
-225,738
-225,739
-225,740
-225,741
-225,742
-225,743
-225,744
-225,745
-225,746
-225,747
-225,748
-225,749
-225,750
-225,751
-225,752
-225,753
-225,754
-225,755
-225,756
-225,757
-225,758
-225,759
-225,760
-225,761
-225,762
-225,763
-225,764
-225,765
-225,766
-225,767
-225,768
-225,769
-225,770
-225,771
-225,772
-225,773
-225,774
-225,775
-225,776
-225,777
-225,778
-225,779
-225,780
-225,781
-225,782
-225,783
-225,784
-225,785
-225,786
-225,787
-225,788
-225,789
-225,790
-225,791
-225,792
-225,793
-225,794
-225,795
-225,796
-225,797
-225,798
-225,799
-225,800
-225,801
-225,802
-225,803
-225,804
-225,805
-225,806
-225,807
-225,808
-225,809
-225,810
-225,811
-225,812
-225,813
-225,814
-225,815
-225,816
-225,817
-225,818
-225,819
-225,820
-225,821
-225,822
-225,823
-225,824
-225,825
-225,826
-225,827
-225,828
-225,829
-225,830
-225,831
-225,832
-225,833
-225,834
-225,835
-225,836
-225,837
-225,838
-225,839
-225,840
-225,841
-225,842
-225,843
-225,844
-225,845
-225,846
-225,847
-225,848
-225,849
-225,850
-225,851
-225,852
-225,853
-225,854
-225,855
-225,856
-225,857
-225,858
-225,859
-225,860
-225,861
-225,862
-225,863
-225,864
-225,865
-225,866
-225,867
-225,868
-225,869
-225,870
-225,871
-225,872
-225,873
-225,874
-225,875
-225,876
-225,877
-225,878
-225,879
-225,880
-225,881
-225,882
-225,883
-225,884
-225,885
-225,886
-225,887
-225,888
-225,889
-225,890
-225,891
:227_1,892
:227_1,893
:227_1,894
:227_1,895
:227_1,896
:227_1,897
222,898
222,899
222,900
222,901
222,902
222,903
222,904
222,905
222,906
222,907
222,908
222,909
222,910
222,911
222,912
222,913
222,914
222,915
222,916
222,917
222,918
222,919
222,920
222,921
222,922
222,923
222,924
222,925
222,926
222,927
222,928
222,929
222,930
222,931
222,932
222,933
222,934
222,935
222,936
222,937
222,938
222,939
222,940
222,941
222,942
222,943
222,944
222,945
222,946
222,947
222,948
222,949
222,950
222,951
222,952
222,953
222,954
222,955
222,956
222,957
222,958
222,959
222,960
222,961
222,962
222,963
222,964
222,965
222,966
222,967
222,968
222,969
222,970
222,971
222,972
222,973
222,974
222,975
222,976
222,977
222,978
222,979
222,980
222,981
222,982
222,983
222,984
222,985
222,986
222,987
222,988
222,989
222,990
222,991
222,992
222,993
222,994
222,995
222,996
222,997
222,998
222,999
222,1000
222,1001
222,1002
222,1003
222,1004
222,1005
222,1006
222,1007
222,1008
222,1009
222,1010
222,1011
222,1012
222,1013
222,1014
222,1015
222,1016
222,1017
222,1018
222,1019
222,1020
222,1021
222,1022
222,1023
222,1024
222,1025
222,1026
222,1027
222,1028
222,1029
222,1030
222,1031
222,1032
222,1033
222,1034
222,1035
222,1036
222,1037
222,1038
222,1039
222,1040
222,1041
222,1042
222,1043
222,1044
222,1045
222,1046
222,1047
222,1048
222,1049
222,1050
222,1051
222,1052
222,1053
222,1054
222,1055
222,1056
222,1057
222,1058
222,1059
222,1060
222,1061
222,1062
222,1063
222,1064
222,1065
222,1066
222,1067
222,1068
222,1069
222,1070
222,1071
222,1072
222,1073
222,1074
222,1075
222,1076
222,1077
222,1078
222,1079
222,1080
222,1081
222,1082
222,1083
222,1084
222,1085
222,1086
222,1087
222,1088
222,1089
222,1090
222,1091
222,1092
222,1093
222,1094
222,1095
222,1096
:228_4,1097
:228_4,1098
:228_4,1099
:228_4,1100
:228_4,1101
:228_4,1102
:228_4,1103
223,1104
223,1105
223,1106
223,1107
223,1108
223,1109
223,1110
223,1111
223,1112
223,1113
223,1114
223,1115
223,1116
223,1117
223,1118
223,1119
223,1120
223,1121
223,1122
223,1123
223,1124
223,1125
223,1126
223,1127
223,1128
223,1129
223,1130
223,1131
223,1132
223,1133
223,1134
223,1135
223,1136
223,1137
223,1138
223,1139
223,1140
223,1141
223,1142
223,1143
223,1144
223,1145
223,1146
223,1147
223,1148
223,1149
223,1150
223,1151
223,1152
223,1153
223,1154
223,1155
223,1156
223,1157
223,1158
223,1159
223,1160
223,1161
223,1162
223,1163
223,1164
223,1165
223,1166
223,1167
223,1168
223,1169
223,1170
223,1171
223,1172
223,1173
223,1174
223,1175
223,1176
223,1177
223,1178
223,1179
223,1180
223,1181
223,1182
223,1183
223,1184
223,1185
223,1186
223,1187
223,1188
223,1189
223,1190
223,1191
223,1192
223,1193
223,1194
223,1195
223,1196
223,1197
223,1198
223,1199
223,1200
223,1201
223,1202
223,1203
223,1204
223,1205
223,1206
223,1207
223,1208
:229_4,1209
:229_4,1210
:229_4,1211
:229_4,1212
:229_4,1213
:229_4,1214
224,1215
224,1216
224,1217
224,1218
224,1219
224,1220
224,1221
224,1222
224,1223
224,1224
224,1225
224,1226
224,1227
224,1228
224,1229
224,1230
224,1231
224,1232
224,1233
224,1234
224,1235
224,1236
224,1237
224,1238
224,1239
224,1240
224,1241
224,1242
224,1243
224,1244
224,1245
224,1246
224,1247
224,1248
224,1249
224,1250
224,1251
224,1252
224,1253
224,1254
224,1255
224,1256
224,1257
224,1258
224,1259
224,1260
224,1261
224,1262
224,1263
224,1264
224,1265
224,1266
224,1267
224,1268
224,1269
224,1270
224,1271
224,1272
224,1273
224,1274
224,1275
224,1276
224,1277
224,1278
224,1279
224,1280
224,1281
224,1282
224,1283
224,1284
224,1285
224,1286
224,1287
224,1288
224,1289
224,1290
224,1291
224,1292
224,1293
224,1294
224,1295
224,1296
224,1297
224,1298
224,1299
224,1300
224,1301
224,1302
224,1303
224,1304
224,1305
224,1306
224,1307
224,1308
224,1309
224,1310
224,1311
224,1312
:230_1,1313
:230_1,1314
:230_1,1315
:230_1,1316
:230_1,1317
:230_1,1318
:230_1,1319
374,1320
374,1321
374,1322
374,1323
374,1324
374,1325
374,1326
374,1327
374,1328
374,1329
374,1330
374,1331
374,1332
374,1333
374,1334
374,1335
374,1336
374,1337
374,1338
374,1339
374,1340
374,1341
374,1342
374,1343
374,1344
374,1345
374,1346
374,1347
374,1348
374,1349
374,1350
374,1351
374,1352
374,1353
374,1354
374,1355
374,1356
374,1357
374,1358
374,1359
374,1360
374,1361
374,1362
374,1363
374,1364
374,1365
374,1366
374,1367
374,1368
374,1369
374,1370
374,1371
374,1372
374,1373
374,1374
374,1375
374,1376
374,1377
374,1378
374,1379
374,1380
374,1381
374,1382
374,1383
374,1384
374,1385
374,1386
374,1387
374,1388
374,1389
374,1390
374,1391
374,1392
374,1393
374,1394
374,1395
374,1396
374,1397
374,1398
374,1399
374,1400
374,1401
374,1402
374,1403
374,1404
:340_0,1405
:340_0,1406
375,1407
375,1408
375,1409
375,1410
375,1411
375,1412
375,1413
375,1414
375,1415
375,1416
375,1417
375,1418
375,1419
375,1420
375,1421
375,1422
375,1423
375,1424
375,1425
375,1426
375,1427
375,1428
375,1429
375,1430
375,1431
375,1432
375,1433
375,1434
375,1435
375,1436
375,1437
375,1438
375,1439
375,1440
375,1441
375,1442
375,1443
375,1444
375,1445
375,1446
375,1447
375,1448
375,1449
375,1450
375,1451
375,1452
375,1453
375,1454
375,1455
375,1456
375,1457
375,1458
375,1459
375,1460
375,1461
375,1462
375,1463
375,1464
375,1465
375,1466
375,1467
375,1468
375,1469
375,1470
375,1471
375,1472
375,1473
375,1474
375,1475
375,1476
375,1477
375,1478
375,1479
375,1480
375,1481
375,1482
375,1483
375,1484
375,1485
375,1486
375,1487
375,1488
375,1489
375,1490
375,1491
375,1492
375,1493
375,1494
375,1495
375,1496
375,1497
375,1498
375,1499
375,1500
375,1501
375,1502
375,1503
375,1504
375,1505
375,1506
375,1507
375,1508
375,1509
375,1510
375,1511
375,1512
375,1513
375,1514
375,1515
375,1516
375,1517
375,1518
375,1519
375,1520
375,1521
375,1522
375,1523
375,1524
375,1525
375,1526
:15_1,1527
:15_1,1528
:15_1,1529
:15_1,1530
:15_1,1531
:15_1,1532
-13,1533
-13,1534
-13,1535
-13,1536
-13,1537
-13,1538
-13,1539
-13,1540
-13,1541
-13,1542
-13,1543
-13,1544
-13,1545
-13,1546
-13,1547
-13,1548
-13,1549
-13,1550
-13,1551
-13,1552
-13,1553
-13,1554
-13,1555
-13,1556
-13,1557
-13,1558
-13,1559
-13,1560
-13,1561
-13,1562
-13,1563
-13,1564
-13,1565
-13,1566
-13,1567
-13,1568
-13,1569
-13,1570
-13,1571
-13,1572
-13,1573
-13,1574
-13,1575
-13,1576
-13,1577
-13,1578
-13,1579
-13,1580
-13,1581
-13,1582
-13,1583
-13,1584
-13,1585
-13,1586
-13,1587
-13,1588
-13,1589
-13,1590
-13,1591
-13,1592
-13,1593
-13,1594
-13,1595
-13,1596
-13,1597
-13,1598
-13,1599
-13,1600
-13,1601
-13,1602
-13,1603
-13,1604
-13,1605
-13,1606
-13,1607
-13,1608
-13,1609
-13,1610
-13,1611
-13,1612
-13,1613
-13,1614
-13,1615
-13,1616
-13,1617
-13,1618
-13,1619
-13,1620
-13,1621
-13,1622
-13,1623
-13,1624
-13,1625
-13,1626
-13,1627
-13,1628
-13,1629
-13,1630
-13,1631
-13,1632
-13,1633
-13,1634
-13,1635
-13,1636
-13,1637
-13,1638
-13,1639
-13,1640
-13,1641
-13,1642
-13,1643
-13,1644
:14_0,1645
14,1646
14,1647
14,1648
14,1649
14,1650
14,1651
14,1652
14,1653
14,1654
14,1655
14,1656
14,1657
14,1658
14,1659
14,1660
14,1661
14,1662
14,1663
14,1664
14,1665
14,1666
14,1667
14,1668
14,1669
14,1670
14,1671
14,1672
14,1673
14,1674
14,1675
14,1676
14,1677
14,1678
14,1679
14,1680
14,1681
14,1682
14,1683
14,1684
14,1685
14,1686
14,1687
14,1688
14,1689
14,1690
14,1691
14,1692
14,1693
14,1694
14,1695
14,1696
14,1697
14,1698
14,1699
14,1700
14,1701
14,1702
14,1703
14,1704
14,1705
14,1706
14,1707
14,1708
14,1709
14,1710
14,1711
14,1712
14,1713
14,1714
14,1715
14,1716
14,1717
14,1718
14,1719
14,1720
14,1721
14,1722
14,1723
14,1724
14,1725
14,1726
14,1727
14,1728
14,1729
14,1730
14,1731
14,1732
14,1733
14,1734
14,1735
14,1736
14,1737
14,1738
14,1739
14,1740
14,1741
14,1742
14,1743
14,1744
14,1745
14,1746
14,1747
14,1748
14,1749
14,1750
14,1751
14,1752
14,1753
14,1754
14,1755
14,1756
14,1757
14,1758
14,1759
14,1760
14,1761
14,1762
14,1763
14,1764
14,1765
14,1766
14,1767
14,1768
14,1769
14,1770
:16_4,1771
:16_4,1772
:16_4,1773
:16_4,1774
:16_4,1775
:16_4,1776
:16_4,1777
-210,1778
-210,1779
-210,1780
-210,1781
-210,1782
-210,1783
-210,1784
-210,1785
-210,1786
-210,1787
-210,1788
-210,1789
-210,1790
-210,1791
-210,1792
-210,1793
-210,1794
-210,1795
-210,1796
-210,1797
-210,1798
-210,1799
-210,1800
-210,1801
-210,1802
-210,1803
-210,1804
-210,1805
-210,1806
-210,1807
-210,1808
-210,1809
-210,1810
-210,1811
-210,1812
-210,1813
-210,1814
-210,1815
-210,1816
-210,1817
-210,1818
-210,1819
-210,1820
-210,1821
-210,1822
-210,1823
-210,1824
-210,1825
-210,1826
-210,1827
-210,1828
-210,1829
-210,1830
-210,1831
-210,1832
-210,1833
-210,1834
-210,1835
-210,1836
-210,1837
-210,1838
-210,1839
-210,1840
-210,1841
-210,1842
-210,1843
-210,1844
-210,1845
-210,1846
-210,1847
-210,1848
-210,1849
-210,1850
-210,1851
-210,1852
-210,1853
-210,1854
-210,1855
-210,1856
-210,1857
-210,1858
-210,1859
-210,1860
-210,1861
-210,1862
-210,1863
-210,1864
-210,1865
-210,1866
-210,1867
-210,1868
-210,1869
-210,1870
-210,1871
-210,1872
-210,1873
-210,1874
-210,1875
-210,1876
-210,1877
-210,1878
-210,1879
-210,1880
-210,1881
-210,1882
-210,1883
-210,1884
-210,1885
-210,1886
-210,1887
:29_5,1888
:29_5,1889
:29_5,1890
:29_5,1891
:29_5,1892
:29_5,1893
:29_5,1894
-25,1895
-25,1896
-25,1897
-25,1898
-25,1899
-25,1900
-25,1901
-25,1902
-25,1903
-25,1904
-25,1905
-25,1906
-25,1907
-25,1908
-25,1909
-25,1910
-25,1911
-25,1912
-25,1913
-25,1914
-25,1915
-25,1916
-25,1917
-25,1918
-25,1919
-25,1920
-25,1921
-25,1922
-25,1923
-25,1924
-25,1925
-25,1926
-25,1927
-25,1928
-25,1929
-25,1930
-25,1931
-25,1932
-25,1933
-25,1934
-25,1935
-25,1936
-25,1937
-25,1938
-25,1939
-25,1940
-25,1941
-25,1942
-25,1943
-25,1944
-25,1945
-25,1946
-25,1947
-25,1948
-25,1949
-25,1950
-25,1951
-25,1952
-25,1953
-25,1954
-25,1955
-25,1956
-25,1957
-25,1958
-25,1959
-25,1960
-25,1961
-25,1962
-25,1963
-25,1964
-25,1965
-25,1966
-25,1967
-25,1968
-25,1969
-25,1970
-25,1971
-25,1972
-25,1973
-25,1974
-25,1975
-25,1976
-25,1977
-25,1978
-25,1979
-25,1980
-25,1981
-25,1982
-25,1983
-25,1984
-25,1985
-25,1986
-25,1987
-25,1988
-25,1989
-25,1990
-25,1991
-25,1992
-25,1993
-25,1994
-25,1995
-25,1996
-25,1997
-25,1998
-25,1999
-25,2000
