121,1
121,2
121,3
121,4
121,5
121,6
121,7
121,8
121,9
121,10
121,11
121,12
121,13
121,14
121,15
121,16
121,17
121,18
121,19
121,20
121,21
121,22
121,23
121,24
121,25
121,26
121,27
121,28
121,29
121,30
121,31
121,32
121,33
121,34
121,35
121,36
121,37
121,38
121,39
121,40
121,41
121,42
121,43
121,44
121,45
121,46
121,47
121,48
121,49
121,50
121,51
121,52
121,53
121,54
121,55
121,56
121,57
121,58
121,59
121,60
121,61
121,62
121,63
121,64
121,65
121,66
121,67
121,68
121,69
121,70
121,71
121,72
:77_4,73
:77_4,74
:77_4,75
:77_4,76
:77_4,77
:77_4,78
-67,79
-67,80
-67,81
-67,82
-67,83
-67,84
-67,85
-67,86
-67,87
-67,88
-67,89
-67,90
-67,91
-67,92
-67,93
-67,94
-67,95
-67,96
-67,97
-67,98
-67,99
-67,100
-67,101
-67,102
-67,103
-67,104
-67,105
-67,106
-67,107
-67,108
-67,109
-67,110
-67,111
-67,112
-67,113
-67,114
-67,115
-67,116
-67,117
-67,118
-67,119
-67,120
-67,121
-67,122
-67,123
-67,124
-67,125
-67,126
-67,127
-67,128
-67,129
-67,130
-67,131
-67,132
-67,133
-67,134
-67,135
-67,136
-67,137
-67,138
-67,139
-67,140
-67,141
-67,142
-67,143
-67,144
-67,145
-67,146
-67,147
-67,148
-67,149
-67,150
-67,151
-67,152
-67,153
-67,154
-67,155
-67,156
-67,157
-67,158
-67,159
-67,160
-67,161
-67,162
-67,163
-67,164
-67,165
-67,166
-67,167
-67,168
-67,169
-67,170
-67,171
-67,172
-67,173
-67,174
-67,175
-67,176
-67,177
-67,178
-67,179
-67,180
-67,181
-67,182
-67,183
-67,184
-67,185
-67,186
-67,187
-67,188
-67,189
-67,190
-67,191
-67,192
-67,193
-67,194
-67,195
-67,196
-67,197
-67,198
-67,199
-67,200
-67,201
:74_8,202
:74_8,203
:74_8,204
65,205
65,206
65,207
65,208
65,209
65,210
65,211
65,212
65,213
65,214
65,215
65,216
65,217
65,218
65,219
65,220
65,221
65,222
65,223
65,224
65,225
65,226
65,227
65,228
65,229
65,230
65,231
65,232
65,233
65,234
65,235
65,236
65,237
65,238
65,239
65,240
65,241
65,242
65,243
65,244
65,245
65,246
65,247
65,248
65,249
65,250
65,251
65,252
65,253
65,254
65,255
65,256
65,257
65,258
65,259
65,260
65,261
65,262
65,263
65,264
65,265
65,266
65,267
65,268
65,269
65,270
65,271
65,272
65,273
65,274
65,275
65,276
65,277
65,278
65,279
65,280
65,281
65,282
65,283
65,284
65,285
65,286
65,287
65,288
65,289
65,290
65,291
65,292
65,293
65,294
65,295
65,296
65,297
65,298
65,299
65,300
65,301
65,302
65,303
65,304
65,305
65,306
65,307
65,308
65,309
65,310
65,311
65,312
65,313
65,314
65,315
65,316
65,317
65,318
65,319
65,320
65,321
65,322
65,323
65,324
65,325
65,326
:75_14,327
:75_14,328
:75_14,329
:75_14,330
:75_14,331
-659,332
-659,333
-659,334
-659,335
-659,336
-659,337
-659,338
-659,339
-659,340
-659,341
-659,342
-659,343
-659,344
-659,345
-659,346
-659,347
-659,348
-659,349
-659,350
-659,351
-659,352
-659,353
-659,354
-659,355
-659,356
-659,357
-659,358
-659,359
-659,360
-659,361
-659,362
-659,363
-659,364
-659,365
-659,366
-659,367
-659,368
-659,369
-659,370
-659,371
-659,372
-659,373
-659,374
-659,375
-659,376
-659,377
-659,378
-659,379
-659,380
-659,381
-659,382
-659,383
-659,384
-659,385
-659,386
-659,387
-659,388
-659,389
-659,390
-659,391
-659,392
-659,393
-659,394
-659,395
-659,396
-659,397
-659,398
-659,399
-659,400
-659,401
-659,402
-659,403
-659,404
-659,405
-659,406
-659,407
-659,408
-659,409
-659,410
-659,411
-659,412
-659,413
-659,414
-659,415
-659,416
-659,417
-659,418
-659,419
-659,420
-659,421
-659,422
-659,423
-659,424
-659,425
-659,426
-659,427
-659,428
-659,429
-659,430
-659,431
-659,432
-659,433
-659,434
-659,435
:440_6,436
:440_6,437
:440_16,438
:440_16,439
:440_16,440
661,441
661,442
661,443
661,444
661,445
661,446
661,447
661,448
661,449
661,450
661,451
661,452
661,453
661,454
661,455
661,456
661,457
661,458
661,459
661,460
661,461
661,462
661,463
661,464
661,465
661,466
661,467
661,468
661,469
661,470
661,471
:484_0,472
:484_0,473
:484_0,474
:484_0,475
:484_0,476
-654,477
-654,478
-654,479
-654,480
-654,481
-654,482
-654,483
-654,484
-654,485
-654,486
-654,487
-654,488
-654,489
-654,490
-654,491
-654,492
-654,493
-654,494
-654,495
-654,496
-654,497
-654,498
-654,499
-654,500
-654,501
-654,502
-654,503
-654,504
-654,505
-654,506
-654,507
-654,508
-654,509
-654,510
-654,511
-654,512
-654,513
-654,514
-654,515
-654,516
-654,517
-654,518
-654,519
-654,520
-654,521
-654,522
-654,523
-654,524
-654,525
-654,526
-654,527
-654,528
-654,529
-654,530
-654,531
-654,532
-654,533
-654,534
-654,535
-654,536
-654,537
-654,538
-654,539
-654,540
-654,541
-654,542
-654,543
-654,544
-654,545
-654,546
-654,547
-654,548
-654,549
-654,550
-654,551
-654,552
-654,553
-654,554
-654,555
-654,556
-654,557
-654,558
-654,559
-654,560
-654,561
-654,562
:76_6,563
:76_6,564
:76_6,565
:76_6,566
:76_6,567
-66,568
-66,569
-66,570
-66,571
-66,572
-66,573
-66,574
-66,575
-66,576
-66,577
-66,578
-66,579
-66,580
-66,581
-66,582
-66,583
-66,584
-66,585
-66,586
-66,587
-66,588
-66,589
-66,590
-66,591
-66,592
-66,593
-66,594
-66,595
-66,596
-66,597
-66,598
-66,599
-66,600
-66,601
-66,602
-66,603
-66,604
-66,605
-66,606
-66,607
-66,608
-66,609
-66,610
-66,611
-66,612
-66,613
-66,614
-66,615
-66,616
-66,617
-66,618
-66,619
-66,620
-66,621
-66,622
-66,623
-66,624
-66,625
-66,626
-66,627
-66,628
-66,629
-66,630
-66,631
-66,632
-66,633
-66,634
-66,635
-66,636
-66,637
-66,638
-66,639
-66,640
-66,641
-66,642
-66,643
-66,644
-66,645
-66,646
-66,647
-66,648
-66,649
-66,650
-66,651
-66,652
-66,653
-66,654
-66,655
-66,656
-66,657
-66,658
-66,659
-66,660
-66,661
-66,662
-66,663
-66,664
-66,665
-66,666
-66,667
-66,668
-66,669
-66,670
-66,671
-66,672
-66,673
-66,674
-66,675
-66,676
-66,677
:74_1,678
:74_1,679
:74_1,680
:74_1,681
:74_1,682
:74_1,683
67,684
67,685
67,686
67,687
67,688
67,689
67,690
67,691
67,692
67,693
67,694
67,695
67,696
67,697
67,698
67,699
67,700
67,701
67,702
67,703
67,704
67,705
67,706
67,707
67,708
67,709
67,710
67,711
67,712
67,713
67,714
67,715
67,716
67,717
67,718
67,719
67,720
67,721
67,722
67,723
67,724
67,725
67,726
67,727
67,728
67,729
67,730
67,731
67,732
67,733
67,734
67,735
67,736
67,737
67,738
67,739
67,740
67,741
67,742
67,743
67,744
67,745
67,746
67,747
67,748
67,749
67,750
67,751
67,752
67,753
67,754
67,755
67,756
67,757
67,758
67,759
67,760
67,761
67,762
67,763
67,764
67,765
67,766
67,767
67,768
67,769
67,770
67,771
67,772
67,773
67,774
67,775
67,776
67,777
67,778
67,779
67,780
67,781
67,782
67,783
67,784
67,785
67,786
67,787
67,788
67,789
67,790
67,791
67,792
67,793
67,794
67,795
67,796
67,797
67,798
67,799
67,800
67,801
67,802
67,803
67,804
67,805
67,806
:77_6,807
:77_6,808
:77_6,809
:77_6,810
:77_6,811
-121,812
-121,813
-121,814
-121,815
-121,816
-121,817
-121,818
-121,819
-121,820
-121,821
-121,822
-121,823
-121,824
-121,825
-121,826
-121,827
-121,828
-121,829
-121,830
-121,831
-121,832
-121,833
-121,834
-121,835
-121,836
-121,837
-121,838
-121,839
-121,840
-121,841
-121,842
-121,843
-121,844
-121,845
-121,846
-121,847
-121,848
-121,849
-121,850
-121,851
-121,852
-121,853
-121,854
-121,855
-121,856
-121,857
-121,858
-121,859
-121,860
-121,861
-121,862
-121,863
-121,864
-121,865
-121,866
-121,867
-121,868
-121,869
-121,870
-121,871
-121,872
-121,873
-121,874
-121,875
-121,876
-121,877
-121,878
-121,879
-121,880
-121,881
-121,882
-121,883
-121,884
-121,885
:137_0,886
:137_0,887
:137_0,888
:137_0,889
:137_0,890
:137_0,891
122,892
122,893
122,894
122,895
122,896
122,897
122,898
122,899
122,900
122,901
122,902
122,903
122,904
122,905
122,906
122,907
122,908
122,909
122,910
122,911
122,912
122,913
122,914
122,915
122,916
122,917
122,918
122,919
122,920
122,921
122,922
122,923
122,924
122,925
122,926
122,927
122,928
122,929
122,930
122,931
122,932
122,933
122,934
122,935
122,936
122,937
122,938
122,939
122,940
122,941
122,942
122,943
122,944
122,945
122,946
122,947
122,948
122,949
122,950
122,951
122,952
122,953
122,954
122,955
122,956
122,957
122,958
122,959
122,960
122,961
122,962
122,963
122,964
122,965
122,966
122,967
122,968
122,969
122,970
122,971
122,972
122,973
122,974
:60_6,975
:60_6,976
:60_6,977
:60_6,978
:60_6,979
-52,980
-52,981
-52,982
-52,983
-52,984
-52,985
-52,986
-52,987
-52,988
-52,989
-52,990
-52,991
-52,992
-52,993
-52,994
-52,995
-52,996
-52,997
-52,998
-52,999
-52,1000
-52,1001
-52,1002
-52,1003
-52,1004
-52,1005
-52,1006
-52,1007
-52,1008
-52,1009
-52,1010
-52,1011
-52,1012
-52,1013
-52,1014
-52,1015
-52,1016
-52,1017
-52,1018
-52,1019
-52,1020
-52,1021
-52,1022
-52,1023
-52,1024
-52,1025
-52,1026
-52,1027
-52,1028
-52,1029
-52,1030
-52,1031
-52,1032
-52,1033
-52,1034
-52,1035
-52,1036
-52,1037
-52,1038
-52,1039
-52,1040
-52,1041
-52,1042
-52,1043
-52,1044
-52,1045
-52,1046
-52,1047
-52,1048
-52,1049
-52,1050
-52,1051
-52,1052
-52,1053
-52,1054
-52,1055
-52,1056
-52,1057
-52,1058
-52,1059
-52,1060
-52,1061
-52,1062
-52,1063
-52,1064
-52,1065
-52,1066
-52,1067
-52,1068
-52,1069
-52,1070
-52,1071
-52,1072
-52,1073
-52,1074
-52,1075
-52,1076
-52,1077
-52,1078
-52,1079
-52,1080
-52,1081
-52,1082
-52,1083
-52,1084
-52,1085
-52,1086
-52,1087
-52,1088
-52,1089
-52,1090
-52,1091
-52,1092
-52,1093
-52,1094
-52,1095
-52,1096
-52,1097
-52,1098
-52,1099
-52,1100
-52,1101
-52,1102
-52,1103
-52,1104
-52,1105
-52,1106
-52,1107
-52,1108
-52,1109
-52,1110
-52,1111
-52,1112
-52,1113
-52,1114
-52,1115
-52,1116
-52,1117
-52,1118
-52,1119
-52,1120
-52,1121
-52,1122
-52,1123
-52,1124
-52,1125
-52,1126
-52,1127
-52,1128
:58_0,1129
:58_0,1130
:58_0,1131
56,1132
56,1133
56,1134
56,1135
56,1136
56,1137
56,1138
56,1139
56,1140
56,1141
56,1142
56,1143
56,1144
56,1145
56,1146
56,1147
56,1148
56,1149
56,1150
56,1151
56,1152
56,1153
56,1154
56,1155
56,1156
56,1157
56,1158
56,1159
56,1160
56,1161
56,1162
56,1163
56,1164
56,1165
56,1166
56,1167
56,1168
56,1169
56,1170
56,1171
56,1172
56,1173
56,1174
56,1175
56,1176
56,1177
56,1178
56,1179
56,1180
56,1181
56,1182
56,1183
56,1184
56,1185
56,1186
56,1187
56,1188
56,1189
56,1190
56,1191
56,1192
56,1193
56,1194
56,1195
56,1196
56,1197
56,1198
56,1199
56,1200
56,1201
56,1202
56,1203
56,1204
56,1205
56,1206
56,1207
56,1208
56,1209
56,1210
56,1211
56,1212
56,1213
56,1214
56,1215
56,1216
56,1217
56,1218
56,1219
56,1220
56,1221
56,1222
56,1223
56,1224
56,1225
56,1226
56,1227
56,1228
56,1229
56,1230
56,1231
56,1232
56,1233
56,1234
56,1235
56,1236
56,1237
56,1238
56,1239
56,1240
56,1241
56,1242
56,1243
56,1244
56,1245
56,1246
56,1247
56,1248
56,1249
56,1250
56,1251
56,1252
56,1253
56,1254
56,1255
56,1256
56,1257
56,1258
56,1259
56,1260
56,1261
56,1262
56,1263
56,1264
56,1265
56,1266
56,1267
56,1268
56,1269
:64_1,1270
:64_1,1271
:64_1,1272
:64_1,1273
:64_1,1274
569,1275
569,1276
569,1277
569,1278
569,1279
569,1280
569,1281
569,1282
569,1283
569,1284
569,1285
569,1286
569,1287
569,1288
569,1289
569,1290
569,1291
569,1292
569,1293
569,1294
569,1295
569,1296
569,1297
569,1298
569,1299
569,1300
569,1301
569,1302
569,1303
569,1304
569,1305
569,1306
569,1307
569,1308
569,1309
569,1310
569,1311
569,1312
569,1313
569,1314
569,1315
569,1316
569,1317
569,1318
569,1319
569,1320
569,1321
569,1322
569,1323
569,1324
569,1325
569,1326
569,1327
569,1328
569,1329
569,1330
569,1331
569,1332
569,1333
569,1334
569,1335
569,1336
569,1337
569,1338
569,1339
569,1340
569,1341
569,1342
569,1343
569,1344
569,1345
569,1346
569,1347
569,1348
569,1349
569,1350
569,1351
569,1352
569,1353
569,1354
569,1355
569,1356
569,1357
569,1358
569,1359
569,1360
569,1361
569,1362
569,1363
569,1364
569,1365
569,1366
569,1367
569,1368
569,1369
569,1370
569,1371
569,1372
569,1373
569,1374
:151_0,1375
:151_0,1376
:151_0,1377
:151_0,1378
:151_0,1379
:151_0,1380
570,1381
570,1382
570,1383
570,1384
570,1385
570,1386
570,1387
570,1388
570,1389
570,1390
570,1391
570,1392
570,1393
570,1394
570,1395
570,1396
570,1397
570,1398
570,1399
570,1400
570,1401
570,1402
570,1403
570,1404
570,1405
570,1406
570,1407
570,1408
570,1409
570,1410
570,1411
570,1412
570,1413
570,1414
570,1415
570,1416
570,1417
570,1418
570,1419
570,1420
570,1421
570,1422
570,1423
570,1424
570,1425
570,1426
570,1427
570,1428
570,1429
570,1430
570,1431
570,1432
570,1433
570,1434
570,1435
570,1436
570,1437
570,1438
570,1439
570,1440
570,1441
570,1442
570,1443
570,1444
570,1445
570,1446
570,1447
570,1448
570,1449
570,1450
570,1451
570,1452
570,1453
570,1454
570,1455
570,1456
570,1457
570,1458
570,1459
570,1460
570,1461
570,1462
570,1463
570,1464
570,1465
570,1466
570,1467
570,1468
570,1469
570,1470
570,1471
570,1472
570,1473
570,1474
570,1475
570,1476
570,1477
570,1478
570,1479
570,1480
570,1481
570,1482
570,1483
570,1484
570,1485
570,1486
570,1487
570,1488
570,1489
570,1490
570,1491
570,1492
570,1493
570,1494
570,1495
570,1496
570,1497
570,1498
570,1499
570,1500
570,1501
570,1502
570,1503
570,1504
570,1505
570,1506
570,1507
570,1508
570,1509
570,1510
570,1511
570,1512
570,1513
570,1514
570,1515
570,1516
570,1517
570,1518
570,1519
570,1520
570,1521
570,1522
570,1523
570,1524
570,1525
570,1526
570,1527
570,1528
570,1529
570,1530
570,1531
570,1532
570,1533
570,1534
570,1535
570,1536
570,1537
570,1538
:99_0,1539
:99_0,1540
:99_0,1541
:99_0,1542
571,1543
571,1544
571,1545
571,1546
571,1547
571,1548
571,1549
571,1550
571,1551
571,1552
571,1553
571,1554
571,1555
571,1556
571,1557
571,1558
571,1559
571,1560
571,1561
571,1562
571,1563
571,1564
571,1565
571,1566
571,1567
571,1568
571,1569
571,1570
571,1571
571,1572
571,1573
571,1574
571,1575
571,1576
571,1577
571,1578
571,1579
571,1580
571,1581
571,1582
571,1583
571,1584
571,1585
571,1586
571,1587
571,1588
571,1589
571,1590
571,1591
571,1592
571,1593
571,1594
571,1595
571,1596
571,1597
571,1598
571,1599
571,1600
571,1601
571,1602
571,1603
571,1604
571,1605
571,1606
571,1607
571,1608
571,1609
571,1610
571,1611
571,1612
571,1613
571,1614
571,1615
571,1616
571,1617
571,1618
571,1619
571,1620
571,1621
571,1622
571,1623
571,1624
571,1625
571,1626
571,1627
571,1628
571,1629
571,1630
571,1631
571,1632
571,1633
571,1634
571,1635
571,1636
571,1637
571,1638
571,1639
571,1640
571,1641
571,1642
571,1643
571,1644
571,1645
571,1646
571,1647
571,1648
571,1649
571,1650
571,1651
571,1652
571,1653
571,1654
571,1655
571,1656
571,1657
571,1658
571,1659
571,1660
571,1661
571,1662
571,1663
571,1664
571,1665
571,1666
571,1667
571,1668
571,1669
571,1670
571,1671
571,1672
571,1673
571,1674
571,1675
571,1676
571,1677
571,1678
571,1679
571,1680
571,1681
571,1682
571,1683
571,1684
571,1685
571,1686
571,1687
571,1688
571,1689
571,1690
571,1691
571,1692
571,1693
571,1694
571,1695
571,1696
571,1697
571,1698
571,1699
571,1700
571,1701
571,1702
571,1703
571,1704
571,1705
571,1706
571,1707
571,1708
571,1709
571,1710
571,1711
571,1712
571,1713
571,1714
571,1715
571,1716
571,1717
571,1718
571,1719
571,1720
571,1721
571,1722
571,1723
571,1724
571,1725
571,1726
571,1727
571,1728
571,1729
571,1730
571,1731
571,1732
571,1733
571,1734
571,1735
571,1736
571,1737
571,1738
571,1739
571,1740
:92_1,1741
:92_1,1742
:92_1,1743
:92_1,1744
:92_1,1745
:92_1,1746
-79,1747
-79,1748
-79,1749
-79,1750
-79,1751
-79,1752
-79,1753
-79,1754
-79,1755
-79,1756
-79,1757
-79,1758
-79,1759
-79,1760
-79,1761
-79,1762
-79,1763
-79,1764
-79,1765
-79,1766
-79,1767
-79,1768
-79,1769
-79,1770
-79,1771
-79,1772
-79,1773
-79,1774
-79,1775
-79,1776
-79,1777
-79,1778
-79,1779
-79,1780
-79,1781
-79,1782
-79,1783
-79,1784
-79,1785
-79,1786
-79,1787
-79,1788
-79,1789
-79,1790
-79,1791
-79,1792
-79,1793
-79,1794
-79,1795
-79,1796
-79,1797
-79,1798
-79,1799
-79,1800
-79,1801
-79,1802
-79,1803
-79,1804
-79,1805
-79,1806
-79,1807
-79,1808
-79,1809
-79,1810
-79,1811
-79,1812
-79,1813
-79,1814
-79,1815
-79,1816
-79,1817
-79,1818
-79,1819
-79,1820
-79,1821
-79,1822
-79,1823
-79,1824
-79,1825
-79,1826
-79,1827
-79,1828
-79,1829
-79,1830
-79,1831
-79,1832
-79,1833
-79,1834
-79,1835
-79,1836
-79,1837
-79,1838
-79,1839
-79,1840
-79,1841
-79,1842
-79,1843
-79,1844
-79,1845
-79,1846
-79,1847
-79,1848
