148,1
148,2
148,3
148,4
148,5
148,6
148,7
148,8
148,9
148,10
148,11
148,12
148,13
148,14
148,15
148,16
148,17
148,18
148,19
148,20
148,21
148,22
148,23
148,24
148,25
148,26
148,27
148,28
148,29
148,30
148,31
148,32
148,33
148,34
148,35
148,36
148,37
148,38
148,39
148,40
148,41
148,42
148,43
148,44
148,45
148,46
148,47
148,48
148,49
148,50
148,51
148,52
148,53
148,54
148,55
148,56
148,57
148,58
148,59
148,60
148,61
148,62
148,63
148,64
148,65
148,66
148,67
148,68
148,69
148,70
148,71
148,72
148,73
148,74
148,75
148,76
148,77
148,78
148,79
148,80
148,81
148,82
:163_6,83
:163_6,84
:163_6,85
:163_6,86
:163_6,87
180,88
180,89
180,90
180,91
180,92
180,93
180,94
180,95
180,96
180,97
180,98
180,99
180,100
180,101
180,102
180,103
180,104
180,105
180,106
180,107
180,108
180,109
180,110
180,111
180,112
180,113
180,114
180,115
180,116
180,117
180,118
180,119
180,120
180,121
180,122
180,123
180,124
180,125
180,126
180,127
180,128
180,129
180,130
180,131
180,132
180,133
180,134
180,135
180,136
180,137
180,138
180,139
180,140
180,141
180,142
180,143
180,144
180,145
180,146
180,147
180,148
180,149
180,150
180,151
180,152
180,153
180,154
180,155
180,156
:193_1,157
:193_1,158
:193_1,159
:193_1,160
:193_1,161
:193_1,162
-412,163
-412,164
-412,165
-412,166
-412,167
-412,168
-412,169
-412,170
-412,171
-412,172
-412,173
-412,174
-412,175
-412,176
-412,177
-412,178
-412,179
-412,180
-412,181
-412,182
-412,183
-412,184
-412,185
-412,186
-412,187
-412,188
-412,189
-412,190
-412,191
-412,192
-412,193
-412,194
-412,195
-412,196
-412,197
-412,198
-412,199
-412,200
-412,201
-412,202
-412,203
-412,204
-412,205
-412,206
-412,207
-412,208
-412,209
-412,210
-412,211
-412,212
-412,213
-412,214
-412,215
-412,216
-412,217
-412,218
-412,219
-412,220
-412,221
-412,222
-412,223
-412,224
-412,225
-412,226
-412,227
-412,228
-412,229
-412,230
-412,231
-412,232
-412,233
-412,234
-412,235
-412,236
-412,237
-412,238
-412,239
-412,240
-412,241
-412,242
-412,243
-412,244
-412,245
-412,246
-412,247
-412,248
-412,249
-412,250
-412,251
-412,252
-412,253
-412,254
-412,255
:365_1,256
:365_1,257
:365_1,258
:365_1,259
:365_1,260
414,261
414,262
414,263
414,264
414,265
414,266
414,267
414,268
414,269
414,270
414,271
414,272
414,273
414,274
414,275
414,276
414,277
414,278
414,279
414,280
414,281
414,282
414,283
414,284
414,285
414,286
414,287
414,288
414,289
414,290
414,291
414,292
414,293
414,294
414,295
414,296
414,297
414,298
414,299
414,300
414,301
414,302
414,303
414,304
414,305
414,306
414,307
414,308
414,309
414,310
414,311
414,312
414,313
414,314
414,315
414,316
414,317
414,318
414,319
414,320
414,321
414,322
414,323
414,324
414,325
414,326
414,327
414,328
414,329
414,330
414,331
414,332
414,333
414,334
414,335
414,336
414,337
414,338
414,339
414,340
414,341
414,342
414,343
414,344
414,345
414,346
414,347
414,348
414,349
414,350
414,351
414,352
414,353
414,354
414,355
414,356
414,357
414,358
414,359
414,360
414,361
414,362
414,363
414,364
414,365
414,366
414,367
414,368
414,369
414,370
414,371
414,372
414,373
414,374
414,375
414,376
414,377
414,378
414,379
414,380
414,381
414,382
414,383
414,384
414,385
414,386
414,387
414,388
414,389
414,390
414,391
414,392
414,393
414,394
414,395
:336_1,396
:336_1,397
:336_1,398
:336_1,399
:336_1,400
-367,401
-367,402
-367,403
-367,404
-367,405
-367,406
-367,407
-367,408
-367,409
-367,410
-367,411
-367,412
-367,413
-367,414
-367,415
-367,416
-367,417
-367,418
-367,419
-367,420
-367,421
-367,422
-367,423
-367,424
-367,425
-367,426
-367,427
-367,428
-367,429
-367,430
-367,431
-367,432
-367,433
-367,434
-367,435
-367,436
-367,437
-367,438
-367,439
-367,440
-367,441
-367,442
-367,443
-367,444
-367,445
-367,446
-367,447
-367,448
-367,449
-367,450
-367,451
-367,452
-367,453
-367,454
-367,455
-367,456
-367,457
-367,458
-367,459
-367,460
:138_1,461
:138_1,462
:138_1,463
:138_1,464
:138_1,465
:138_1,466
-120,467
-120,468
-120,469
-120,470
-120,471
-120,472
-120,473
-120,474
-120,475
-120,476
-120,477
-120,478
-120,479
-120,480
-120,481
-120,482
-120,483
-120,484
-120,485
-120,486
-120,487
-120,488
-120,489
-120,490
-120,491
-120,492
-120,493
-120,494
-120,495
-120,496
-120,497
-120,498
-120,499
-120,500
-120,501
-120,502
-120,503
-120,504
-120,505
-120,506
-120,507
-120,508
-120,509
-120,510
-120,511
-120,512
-120,513
-120,514
-120,515
-120,516
-120,517
-120,518
-120,519
-120,520
-120,521
-120,522
-120,523
-120,524
-120,525
-120,526
-120,527
-120,528
-120,529
-120,530
-120,531
-120,532
-120,533
-120,534
-120,535
-120,536
-120,537
-120,538
-120,539
-120,540
-120,541
-120,542
-120,543
-120,544
-120,545
-120,546
-120,547
-120,548
-120,549
-120,550
-120,551
-120,552
-120,553
-120,554
-120,555
-120,556
-120,557
-120,558
-120,559
-120,560
-120,561
-120,562
-120,563
-120,564
-120,565
-120,566
-120,567
-120,568
-120,569
-120,570
-120,571
-120,572
-120,573
-120,574
-120,575
-120,576
-120,577
-120,578
-120,579
-120,580
-120,581
-120,582
-120,583
-120,584
-120,585
:137_4,586
:137_4,587
:137_4,588
:137_4,589
:137_4,590
122,591
122,592
122,593
122,594
122,595
122,596
122,597
122,598
122,599
122,600
122,601
122,602
122,603
122,604
122,605
122,606
122,607
122,608
122,609
122,610
122,611
122,612
122,613
122,614
122,615
122,616
122,617
122,618
122,619
122,620
122,621
122,622
122,623
122,624
122,625
122,626
122,627
122,628
122,629
122,630
122,631
122,632
122,633
122,634
122,635
122,636
122,637
122,638
122,639
122,640
122,641
122,642
122,643
122,644
122,645
122,646
122,647
122,648
122,649
122,650
122,651
122,652
122,653
122,654
122,655
122,656
122,657
122,658
122,659
122,660
122,661
122,662
122,663
122,664
122,665
122,666
122,667
122,668
122,669
122,670
122,671
122,672
122,673
:60_6,674
:60_6,675
:60_6,676
:60_6,677
:60_6,678
:60_6,679
-52,680
-52,681
-52,682
-52,683
-52,684
-52,685
-52,686
-52,687
-52,688
-52,689
-52,690
-52,691
-52,692
-52,693
-52,694
-52,695
-52,696
-52,697
-52,698
-52,699
-52,700
-52,701
-52,702
-52,703
-52,704
-52,705
-52,706
-52,707
-52,708
-52,709
-52,710
-52,711
-52,712
-52,713
-52,714
-52,715
-52,716
-52,717
-52,718
-52,719
-52,720
-52,721
-52,722
-52,723
-52,724
-52,725
-52,726
-52,727
-52,728
-52,729
-52,730
-52,731
-52,732
-52,733
-52,734
-52,735
-52,736
-52,737
-52,738
-52,739
-52,740
-52,741
-52,742
-52,743
-52,744
-52,745
-52,746
-52,747
-52,748
-52,749
-52,750
-52,751
-52,752
-52,753
-52,754
-52,755
-52,756
-52,757
-52,758
-52,759
-52,760
-52,761
-52,762
-52,763
-52,764
-52,765
-52,766
-52,767
-52,768
-52,769
-52,770
-52,771
-52,772
-52,773
-52,774
-52,775
-52,776
-52,777
-52,778
-52,779
-52,780
-52,781
-52,782
-52,783
-52,784
-52,785
-52,786
-52,787
-52,788
-52,789
-52,790
-52,791
-52,792
-52,793
-52,794
-52,795
-52,796
-52,797
-52,798
-52,799
-52,800
-52,801
-52,802
-52,803
-52,804
-52,805
-52,806
-52,807
-52,808
-52,809
-52,810
-52,811
-52,812
-52,813
-52,814
-52,815
-52,816
-52,817
-52,818
-52,819
-52,820
-52,821
-52,822
-52,823
-52,824
-52,825
-52,826
:58_1,827
:58_1,828
:58_1,829
:58_1,830
:58_1,831
51,832
51,833
51,834
51,835
51,836
51,837
51,838
51,839
51,840
51,841
51,842
51,843
51,844
51,845
51,846
51,847
51,848
51,849
51,850
51,851
51,852
51,853
51,854
51,855
51,856
51,857
51,858
51,859
51,860
51,861
51,862
51,863
51,864
51,865
51,866
51,867
51,868
51,869
51,870
51,871
51,872
51,873
51,874
51,875
51,876
51,877
51,878
51,879
51,880
51,881
51,882
51,883
51,884
51,885
51,886
51,887
51,888
51,889
51,890
51,891
51,892
51,893
51,894
51,895
51,896
51,897
51,898
51,899
51,900
51,901
51,902
51,903
51,904
51,905
51,906
51,907
51,908
51,909
51,910
51,911
51,912
51,913
51,914
51,915
51,916
51,917
51,918
51,919
51,920
51,921
51,922
51,923
51,924
51,925
51,926
51,927
51,928
51,929
51,930
51,931
51,932
51,933
51,934
51,935
51,936
51,937
51,938
51,939
51,940
51,941
51,942
51,943
51,944
51,945
51,946
51,947
51,948
51,949
51,950
51,951
51,952
51,953
51,954
51,955
51,956
51,957
51,958
51,959
51,960
51,961
51,962
51,963
51,964
51,965
51,966
51,967
51,968
:59_6,969
:59_6,970
:59_6,971
:59_6,972
402,973
402,974
402,975
402,976
402,977
402,978
402,979
402,980
402,981
402,982
402,983
402,984
402,985
402,986
402,987
402,988
402,989
402,990
402,991
402,992
402,993
402,994
402,995
402,996
402,997
402,998
402,999
402,1000
402,1001
402,1002
402,1003
402,1004
402,1005
402,1006
402,1007
402,1008
402,1009
402,1010
402,1011
402,1012
402,1013
402,1014
402,1015
402,1016
402,1017
402,1018
402,1019
402,1020
402,1021
402,1022
402,1023
402,1024
402,1025
402,1026
402,1027
402,1028
402,1029
402,1030
402,1031
402,1032
402,1033
402,1034
402,1035
402,1036
402,1037
402,1038
402,1039
402,1040
402,1041
402,1042
402,1043
402,1044
402,1045
402,1046
402,1047
402,1048
402,1049
402,1050
402,1051
402,1052
402,1053
402,1054
402,1055
402,1056
402,1057
402,1058
402,1059
402,1060
402,1061
402,1062
402,1063
402,1064
402,1065
402,1066
402,1067
402,1068
402,1069
402,1070
402,1071
402,1072
402,1073
402,1074
402,1075
402,1076
402,1077
402,1078
402,1079
402,1080
402,1081
402,1082
402,1083
402,1084
402,1085
402,1086
402,1087
402,1088
402,1089
402,1090
402,1091
402,1092
402,1093
402,1094
402,1095
402,1096
402,1097
402,1098
402,1099
402,1100
402,1101
402,1102
402,1103
402,1104
402,1105
402,1106
402,1107
402,1108
402,1109
402,1110
402,1111
402,1112
