374,21
374,22
374,23
374,24
374,25
374,26
374,27
374,28
374,29
374,30
374,31
374,32
374,33
374,34
374,35
374,36
374,37
374,38
374,39
374,40
374,41
374,42
374,43
374,44
374,45
374,46
374,47
374,48
374,49
374,50
374,51
374,52
374,53
374,54
374,55
374,56
374,57
374,58
374,59
374,60
374,61
374,62
374,63
374,64
374,65
374,66
374,67
374,68
374,69
374,70
374,71
374,72
374,73
374,74
374,75
374,76
374,77
374,78
374,79
374,80
374,81
374,82
374,83
374,84
374,85
374,86
374,87
374,88
374,89
374,90
374,91
374,92
374,93
374,94
374,95
374,96
374,97
374,98
374,99
374,100
374,101
374,102
374,103
374,104
:340_0,105
:340_0,106
375,107
375,108
375,109
375,110
375,111
375,112
375,113
375,114
375,115
375,116
375,117
375,118
375,119
375,120
375,121
375,122
375,123
375,124
375,125
375,126
375,127
375,128
375,129
375,130
375,131
375,132
375,133
375,134
375,135
375,136
375,137
375,138
375,139
375,140
375,141
375,142
375,143
375,144
375,145
375,146
375,147
375,148
375,149
375,150
375,151
375,152
375,153
375,154
375,155
375,156
375,157
375,158
375,159
375,160
375,161
375,162
375,163
375,164
375,165
375,166
375,167
375,168
375,169
375,170
375,171
375,172
375,173
375,174
375,175
375,176
375,177
375,178
375,179
375,180
375,181
375,182
375,183
375,184
375,185
375,186
375,187
375,188
375,189
375,190
375,191
375,192
375,193
375,194
375,195
375,196
375,197
375,198
375,199
375,200
375,201
375,202
375,203
375,204
375,205
375,206
375,207
375,208
375,209
375,210
375,211
375,212
375,213
375,214
375,215
375,216
375,217
375,218
375,219
375,220
375,221
375,222
375,223
375,224
375,225
:15_1,226
:15_1,227
:15_1,228
:15_1,229
:15_1,230
:15_1,231
-13,232
-13,233
-13,234
-13,235
-13,236
-13,237
-13,238
-13,239
-13,240
-13,241
-13,242
-13,243
-13,244
-13,245
-13,246
-13,247
-13,248
-13,249
-13,250
-13,251
-13,252
-13,253
-13,254
-13,255
-13,256
-13,257
-13,258
-13,259
-13,260
-13,261
-13,262
-13,263
-13,264
-13,265
-13,266
-13,267
-13,268
-13,269
-13,270
-13,271
-13,272
-13,273
-13,274
-13,275
-13,276
-13,277
-13,278
-13,279
-13,280
-13,281
-13,282
-13,283
-13,284
-13,285
-13,286
-13,287
-13,288
-13,289
-13,290
-13,291
-13,292
-13,293
-13,294
-13,295
-13,296
-13,297
-13,298
-13,299
-13,300
-13,301
-13,302
-13,303
-13,304
-13,305
-13,306
-13,307
-13,308
-13,309
-13,310
-13,311
-13,312
-13,313
-13,314
-13,315
-13,316
-13,317
-13,318
-13,319
-13,320
-13,321
-13,322
-13,323
-13,324
-13,325
-13,326
-13,327
-13,328
-13,329
-13,330
-13,331
-13,332
-13,333
-13,334
-13,335
-13,336
-13,337
-13,338
-13,339
-13,340
-13,341
-13,342
-13,343
:14_0,344
14,345
14,346
14,347
14,348
14,349
14,350
14,351
14,352
14,353
14,354
14,355
14,356
14,357
14,358
14,359
14,360
14,361
14,362
14,363
14,364
14,365
14,366
14,367
14,368
14,369
14,370
14,371
14,372
14,373
14,374
14,375
14,376
14,377
14,378
14,379
14,380
14,381
14,382
14,383
14,384
14,385
14,386
14,387
14,388
14,389
14,390
14,391
14,392
14,393
14,394
14,395
14,396
14,397
14,398
14,399
14,400
14,401
14,402
14,403
14,404
14,405
14,406
14,407
14,408
14,409
14,410
14,411
14,412
14,413
14,414
14,415
14,416
14,417
14,418
14,419
14,420
14,421
14,422
14,423
14,424
14,425
14,426
14,427
14,428
14,429
14,430
14,431
14,432
14,433
14,434
14,435
14,436
14,437
14,438
14,439
14,440
14,441
14,442
14,443
14,444
14,445
14,446
14,447
14,448
14,449
14,450
14,451
14,452
14,453
14,454
14,455
14,456
14,457
14,458
14,459
14,460
14,461
14,462
14,463
14,464
14,465
14,466
14,467
14,468
:16_4,469
:16_4,470
:16_4,471
:16_4,472
:16_4,473
:16_4,474
:16_4,475
-210,476
-210,477
-210,478
-210,479
-210,480
-210,481
-210,482
-210,483
-210,484
-210,485
-210,486
-210,487
-210,488
-210,489
-210,490
-210,491
-210,492
-210,493
-210,494
-210,495
-210,496
-210,497
-210,498
-210,499
-210,500
-210,501
-210,502
-210,503
-210,504
-210,505
-210,506
-210,507
-210,508
-210,509
-210,510
-210,511
-210,512
-210,513
-210,514
-210,515
-210,516
-210,517
-210,518
-210,519
-210,520
-210,521
-210,522
-210,523
-210,524
-210,525
-210,526
-210,527
-210,528
-210,529
-210,530
-210,531
-210,532
-210,533
-210,534
-210,535
-210,536
-210,537
-210,538
-210,539
-210,540
-210,541
-210,542
-210,543
-210,544
-210,545
-210,546
-210,547
-210,548
-210,549
-210,550
-210,551
-210,552
-210,553
-210,554
-210,555
-210,556
-210,557
-210,558
-210,559
-210,560
-210,561
-210,562
-210,563
-210,564
-210,565
-210,566
-210,567
-210,568
-210,569
-210,570
-210,571
-210,572
-210,573
-210,574
-210,575
-210,576
-210,577
-210,578
-210,579
-210,580
-210,581
-210,582
-210,583
-210,584
-210,585
:29_5,586
:29_5,587
:29_5,588
:29_5,589
:29_5,590
:29_5,591
-25,592
-25,593
-25,594
-25,595
-25,596
-25,597
-25,598
-25,599
-25,600
-25,601
-25,602
-25,603
-25,604
-25,605
-25,606
-25,607
-25,608
-25,609
-25,610
-25,611
-25,612
-25,613
-25,614
-25,615
-25,616
-25,617
-25,618
-25,619
-25,620
-25,621
-25,622
-25,623
-25,624
-25,625
-25,626
-25,627
-25,628
-25,629
-25,630
-25,631
-25,632
-25,633
-25,634
-25,635
-25,636
-25,637
-25,638
-25,639
-25,640
-25,641
-25,642
-25,643
-25,644
-25,645
-25,646
-25,647
-25,648
-25,649
-25,650
-25,651
-25,652
-25,653
-25,654
-25,655
-25,656
-25,657
-25,658
-25,659
-25,660
-25,661
-25,662
-25,663
-25,664
-25,665
-25,666
-25,667
-25,668
-25,669
-25,670
-25,671
-25,672
-25,673
-25,674
-25,675
-25,676
-25,677
-25,678
-25,679
-25,680
-25,681
-25,682
-25,683
-25,684
-25,685
-25,686
-25,687
-25,688
-25,689
-25,690
-25,691
-25,692
-25,693
-25,694
-25,695
-25,696
-25,697
-25,698
-25,699
-25,700
-25,701
-25,702
-25,703
-25,704
-25,705
-25,706
-25,707
-25,708
-25,709
-25,710
-25,711
-25,712
-25,713
-25,714
-25,715
-25,716
-25,717
-25,718
-25,719
-25,720
-25,721
-25,722
-25,723
-25,724
-25,725
-25,726
-25,727
-25,728
-25,729
-25,730
-25,731
-25,732
-25,733
-25,734
-25,735
-25,736
-25,737
-25,738
-25,739
-25,740
-25,741
-25,742
-25,743
-25,744
-25,745
-25,746
-25,747
-25,748
-25,749
-25,750
-25,751
:24_4,752
:24_4,753
:24_4,754
24,755
24,756
24,757
24,758
24,759
24,760
24,761
24,762
24,763
24,764
24,765
24,766
24,767
24,768
24,769
24,770
24,771
24,772
24,773
24,774
24,775
24,776
24,777
24,778
24,779
24,780
24,781
24,782
24,783
24,784
24,785
24,786
24,787
24,788
24,789
24,790
24,791
24,792
24,793
24,794
24,795
24,796
24,797
24,798
24,799
24,800
24,801
24,802
24,803
24,804
24,805
24,806
24,807
24,808
24,809
24,810
24,811
24,812
24,813
24,814
24,815
24,816
24,817
24,818
24,819
24,820
24,821
24,822
24,823
24,824
24,825
24,826
24,827
24,828
24,829
24,830
24,831
24,832
24,833
24,834
24,835
24,836
24,837
24,838
24,839
24,840
24,841
24,842
24,843
24,844
24,845
24,846
24,847
24,848
24,849
24,850
24,851
24,852
24,853
24,854
24,855
24,856
:28_0,857
:28_0,858
:28_0,859
:28_0,860
:28_0,861
:28_0,862
:28_0,863
:28_0,864
-406,865
-406,866
-406,867
-406,868
-406,869
-406,870
-406,871
-406,872
-406,873
-406,874
-406,875
-406,876
-406,877
-406,878
-406,879
-406,880
-406,881
-406,882
-406,883
-406,884
-406,885
-406,886
-406,887
-406,888
-406,889
-406,890
-406,891
-406,892
-406,893
-406,894
-406,895
-406,896
-406,897
-406,898
-406,899
-406,900
-406,901
-406,902
-406,903
-406,904
-406,905
-406,906
-406,907
-406,908
-406,909
-406,910
-406,911
-406,912
-406,913
-406,914
-406,915
-406,916
-406,917
-406,918
-406,919
-406,920
-406,921
-406,922
-406,923
-406,924
-406,925
-406,926
-406,927
-406,928
-406,929
-406,930
-406,931
-406,932
-406,933
-406,934
-406,935
-406,936
-406,937
-406,938
-406,939
-406,940
-406,941
-406,942
-406,943
-406,944
-406,945
-406,946
-406,947
-406,948
-406,949
-406,950
-406,951
-406,952
-406,953
-406,954
-406,955
-406,956
-406,957
-406,958
-406,959
-406,960
-406,961
-406,962
-406,963
-406,964
-406,965
-406,966
-406,967
-406,968
-406,969
-406,970
-406,971
-406,972
-406,973
-406,974
-406,975
-406,976
-406,977
-406,978
-406,979
-406,980
-406,981
-406,982
-406,983
-406,984
-406,985
-406,986
-406,987
-406,988
-406,989
-406,990
-406,991
-406,992
-406,993
-406,994
-406,995
-406,996
-406,997
-406,998
-406,999
-406,1000
-406,1001
-406,1002
-406,1003
-406,1004
-406,1005
-406,1006
-406,1007
-406,1008
-406,1009
-406,1010
-406,1011
-406,1012
-406,1013
-406,1014
-406,1015
-406,1016
-406,1017
-406,1018
-406,1019
-406,1020
-406,1021
-406,1022
-406,1023
-406,1024
-406,1025
-406,1026
-406,1027
-406,1028
-406,1029
-406,1030
-406,1031
-406,1032
-406,1033
-406,1034
-406,1035
-406,1036
-406,1037
-406,1038
-406,1039
-406,1040
-406,1041
-406,1042
-406,1043
-406,1044
-406,1045
-406,1046
-406,1047
-406,1048
-406,1049
-406,1050
-406,1051
-406,1052
-406,1053
-406,1054
-406,1055
-406,1056
-406,1057
-406,1058
-406,1059
-406,1060
-406,1061
-406,1062
-406,1063
-406,1064
-406,1065
-406,1066
-406,1067
-406,1068
-406,1069
-406,1070
-406,1071
-406,1072
-406,1073
-406,1074
:143_5,1075
:143_5,1076
:143_5,1077
:143_5,1078
:143_5,1079
:143_5,1080
-401,1081
-401,1082
-401,1083
-401,1084
-401,1085
-401,1086
-401,1087
-401,1088
-401,1089
-401,1090
-401,1091
-401,1092
-401,1093
-401,1094
-401,1095
-401,1096
-401,1097
-401,1098
-401,1099
-401,1100
-401,1101
-401,1102
-401,1103
-401,1104
-401,1105
-401,1106
-401,1107
-401,1108
-401,1109
-401,1110
-401,1111
-401,1112
-401,1113
-401,1114
-401,1115
-401,1116
-401,1117
-401,1118
-401,1119
-401,1120
-401,1121
-401,1122
-401,1123
-401,1124
-401,1125
-401,1126
-401,1127
-401,1128
-401,1129
-401,1130
-401,1131
-401,1132
-401,1133
-401,1134
-401,1135
-401,1136
-401,1137
-401,1138
-401,1139
-401,1140
-401,1141
-401,1142
-401,1143
-401,1144
-401,1145
-401,1146
-401,1147
-401,1148
-401,1149
-401,1150
-401,1151
-401,1152
-401,1153
-401,1154
-401,1155
-401,1156
-401,1157
-401,1158
-401,1159
-401,1160
-401,1161
-401,1162
-401,1163
-401,1164
-401,1165
-401,1166
-401,1167
-401,1168
-401,1169
-401,1170
-401,1171
-401,1172
-401,1173
-401,1174
-401,1175
-401,1176
-401,1177
-401,1178
-401,1179
-401,1180
-401,1181
-401,1182
-401,1183
-401,1184
-401,1185
-401,1186
-401,1187
-401,1188
-401,1189
-401,1190
-401,1191
-401,1192
-401,1193
-401,1194
-401,1195
-401,1196
-401,1197
-401,1198
-401,1199
-401,1200
-401,1201
-401,1202
-401,1203
-401,1204
-401,1205
-401,1206
-401,1207
-401,1208
-401,1209
-401,1210
-401,1211
-401,1212
-401,1213
-401,1214
-401,1215
-401,1216
-401,1217
-401,1218
-401,1219
-401,1220
-401,1221
-401,1222
-401,1223
-401,1224
-401,1225
-401,1226
-401,1227
-401,1228
-401,1229
-401,1230
-401,1231
-401,1232
-401,1233
-401,1234
-401,1235
-401,1236
-401,1237
-401,1238
-401,1239
-401,1240
-401,1241
-401,1242
-401,1243
-401,1244
-401,1245
-401,1246
-401,1247
-401,1248
-401,1249
-401,1250
-401,1251
-401,1252
-401,1253
-401,1254
-401,1255
-401,1256
-401,1257
-401,1258
-401,1259
-401,1260
-401,1261
-401,1262
-401,1263
-401,1264
-401,1265
-401,1266
-401,1267
-401,1268
-401,1269
-401,1270
-401,1271
-401,1272
-401,1273
-401,1274
-401,1275
-401,1276
-401,1277
-401,1278
-401,1279
-401,1280
-401,1281
-401,1282
-401,1283
-401,1284
-401,1285
-401,1286
:215_8,1287
:215_8,1288
:215_8,1289
:215_8,1290
245,1291
245,1292
245,1293
245,1294
245,1295
245,1296
245,1297
245,1298
245,1299
245,1300
245,1301
245,1302
245,1303
245,1304
245,1305
245,1306
245,1307
245,1308
245,1309
245,1310
245,1311
245,1312
245,1313
245,1314
245,1315
245,1316
245,1317
245,1318
245,1319
245,1320
245,1321
245,1322
245,1323
245,1324
245,1325
245,1326
245,1327
245,1328
245,1329
245,1330
245,1331
245,1332
245,1333
245,1334
245,1335
245,1336
245,1337
245,1338
245,1339
245,1340
245,1341
245,1342
245,1343
245,1344
245,1345
245,1346
245,1347
245,1348
245,1349
245,1350
245,1351
:246_4,1352
:246_4,1353
:246_4,1354
:246_10,1355
:246_10,1356
:246_10,1357
:246_10,1358
326,1359
326,1360
326,1361
326,1362
326,1363
326,1364
326,1365
326,1366
326,1367
326,1368
326,1369
326,1370
326,1371
326,1372
326,1373
326,1374
326,1375
326,1376
326,1377
326,1378
326,1379
326,1380
326,1381
326,1382
326,1383
326,1384
326,1385
326,1386
326,1387
326,1388
326,1389
326,1390
326,1391
326,1392
326,1393
326,1394
326,1395
326,1396
326,1397
326,1398
326,1399
326,1400
326,1401
326,1402
326,1403
326,1404
326,1405
326,1406
326,1407
326,1408
326,1409
326,1410
326,1411
326,1412
326,1413
326,1414
326,1415
326,1416
326,1417
326,1418
326,1419
326,1420
326,1421
326,1422
326,1423
326,1424
326,1425
326,1426
326,1427
326,1428
326,1429
326,1430
326,1431
326,1432
326,1433
326,1434
326,1435
326,1436
326,1437
326,1438
326,1439
326,1440
326,1441
326,1442
326,1443
326,1444
326,1445
326,1446
326,1447
326,1448
326,1449
326,1450
326,1451
326,1452
326,1453
326,1454
326,1455
326,1456
326,1457
326,1458
326,1459
326,1460
326,1461
326,1462
326,1463
326,1464
326,1465
326,1466
326,1467
326,1468
326,1469
326,1470
326,1471
326,1472
326,1473
326,1474
326,1475
326,1476
326,1477
326,1478
326,1479
326,1480
326,1481
326,1482
326,1483
326,1484
326,1485
326,1486
326,1487
326,1488
326,1489
326,1490
326,1491
326,1492
326,1493
326,1494
326,1495
326,1496
326,1497
326,1498
326,1499
326,1500
326,1501
326,1502
326,1503
326,1504
326,1505
326,1506
326,1507
326,1508
326,1509
326,1510
326,1511
326,1512
326,1513
326,1514
326,1515
326,1516
326,1517
326,1518
326,1519
326,1520
326,1521
326,1522
326,1523
326,1524
326,1525
326,1526
326,1527
326,1528
326,1529
326,1530
326,1531
326,1532
326,1533
326,1534
326,1535
326,1536
326,1537
326,1538
326,1539
326,1540
326,1541
326,1542
326,1543
326,1544
326,1545
326,1546
326,1547
326,1548
326,1549
326,1550
326,1551
326,1552
326,1553
326,1554
326,1555
326,1556
326,1557
326,1558
326,1559
326,1560
326,1561
326,1562
326,1563
326,1564
326,1565
326,1566
326,1567
326,1568
326,1569
326,1570
326,1571
326,1572
326,1573
326,1574
326,1575
326,1576
326,1577
326,1578
:45_6,1579
:45_6,1580
:45_6,1581
:45_6,1582
:45_6,1583
:45_6,1584
:45_6,1585
:45_6,1586
:45_6,1587
:45_6,1588
:45_6,1589
:45_6,1590
:45_6,1591
:45_6,1592
-37,1593
-37,1594
-37,1595
-37,1596
-37,1597
-37,1598
-37,1599
-37,1600
-37,1601
-37,1602
-37,1603
-37,1604
-37,1605
-37,1606
-37,1607
-37,1608
-37,1609
-37,1610
-37,1611
-37,1612
-37,1613
-37,1614
-37,1615
-37,1616
-37,1617
-37,1618
-37,1619
-37,1620
-37,1621
-37,1622
-37,1623
-37,1624
-37,1625
-37,1626
-37,1627
-37,1628
-37,1629
-37,1630
-37,1631
-37,1632
-37,1633
-37,1634
-37,1635
-37,1636
-37,1637
-37,1638
-37,1639
-37,1640
-37,1641
-37,1642
-37,1643
-37,1644
-37,1645
-37,1646
-37,1647
-37,1648
-37,1649
-37,1650
-37,1651
-37,1652
-37,1653
-37,1654
-37,1655
-37,1656
-37,1657
-37,1658
-37,1659
-37,1660
-37,1661
-37,1662
-37,1663
-37,1664
-37,1665
-37,1666
-37,1667
-37,1668
-37,1669
-37,1670
-37,1671
-37,1672
-37,1673
-37,1674
-37,1675
-37,1676
-37,1677
-37,1678
-37,1679
-37,1680
-37,1681
-37,1682
-37,1683
-37,1684
-37,1685
-37,1686
-37,1687
-37,1688
-37,1689
-37,1690
-37,1691
-37,1692
-37,1693
-37,1694
-37,1695
-37,1696
-37,1697
-37,1698
-37,1699
-37,1700
-37,1701
-37,1702
-37,1703
-37,1704
-37,1705
-37,1706
-37,1707
-37,1708
-37,1709
-37,1710
-37,1711
-37,1712
-37,1713
-37,1714
-37,1715
-37,1716
-37,1717
-37,1718
-37,1719
-37,1720
-37,1721
-37,1722
-37,1723
-37,1724
-37,1725
-37,1726
-37,1727
-37,1728
-37,1729
-37,1730
-37,1731
-37,1732
-37,1733
-37,1734
-37,1735
-37,1736
-37,1737
-37,1738
-37,1739
-37,1740
-37,1741
-37,1742
:43_9,1743
:43_9,1744
:43_9,1745
:43_9,1746
:43_9,1747
:43_9,1748
36,1749
36,1750
36,1751
36,1752
36,1753
36,1754
36,1755
36,1756
36,1757
36,1758
36,1759
36,1760
36,1761
36,1762
36,1763
36,1764
36,1765
36,1766
36,1767
36,1768
36,1769
36,1770
36,1771
36,1772
36,1773
36,1774
36,1775
36,1776
36,1777
36,1778
36,1779
36,1780
36,1781
36,1782
36,1783
36,1784
36,1785
36,1786
36,1787
36,1788
36,1789
36,1790
36,1791
36,1792
36,1793
36,1794
36,1795
36,1796
36,1797
36,1798
36,1799
36,1800
36,1801
36,1802
36,1803
36,1804
36,1805
36,1806
36,1807
36,1808
36,1809
36,1810
36,1811
36,1812
36,1813
36,1814
36,1815
36,1816
36,1817
36,1818
36,1819
36,1820
36,1821
36,1822
36,1823
36,1824
36,1825
36,1826
36,1827
36,1828
36,1829
36,1830
36,1831
36,1832
36,1833
36,1834
36,1835
36,1836
36,1837
36,1838
36,1839
36,1840
36,1841
36,1842
36,1843
36,1844
36,1845
36,1846
36,1847
36,1848
36,1849
36,1850
36,1851
36,1852
36,1853
36,1854
36,1855
36,1856
36,1857
36,1858
36,1859
36,1860
36,1861
36,1862
36,1863
36,1864
36,1865
36,1866
36,1867
36,1868
36,1869
36,1870
36,1871
36,1872
36,1873
36,1874
36,1875
36,1876
36,1877
36,1878
36,1879
36,1880
36,1881
36,1882
36,1883
36,1884
36,1885
36,1886
36,1887
36,1888
36,1889
36,1890
36,1891
36,1892
36,1893
36,1894
36,1895
36,1896
36,1897
36,1898
36,1899
36,1900
36,1901
36,1902
36,1903
36,1904
36,1905
36,1906
36,1907
36,1908
36,1909
36,1910
36,1911
36,1912
36,1913
36,1914
36,1915
36,1916
36,1917
36,1918
:44_3,1919
:44_3,1920
:44_3,1921
:44_3,1922
:44_3,1923
:44_3,1924
-42,1925
-42,1926
-42,1927
-42,1928
-42,1929
-42,1930
-42,1931
-42,1932
-42,1933
-42,1934
-42,1935
-42,1936
-42,1937
-42,1938
-42,1939
-42,1940
-42,1941
-42,1942
-42,1943
-42,1944
-42,1945
-42,1946
-42,1947
-42,1948
-42,1949
-42,1950
-42,1951
-42,1952
-42,1953
-42,1954
-42,1955
-42,1956
-42,1957
-42,1958
-42,1959
-42,1960
-42,1961
-42,1962
-42,1963
-42,1964
-42,1965
-42,1966
-42,1967
-42,1968
-42,1969
-42,1970
-42,1971
-42,1972
-42,1973
-42,1974
-42,1975
-42,1976
-42,1977
-42,1978
-42,1979
-42,1980
-42,1981
-42,1982
-42,1983
-42,1984
-42,1985
-42,1986
-42,1987
-42,1988
-42,1989
-42,1990
-42,1991
-42,1992
-42,1993
-42,1994
-42,1995
-42,1996
-42,1997
-42,1998
-42,1999
-42,2000
