-205,1
-205,2
-205,3
-205,4
-205,5
-205,6
-205,7
-205,8
-205,9
-205,10
-205,11
-205,12
-205,13
-205,14
-205,15
-205,16
-205,17
-205,18
-205,19
-205,20
-205,21
-205,22
-205,23
-205,24
-205,25
-205,26
-205,27
-205,28
-205,29
-205,30
-205,31
-205,32
-205,33
-205,34
-205,35
-205,36
-205,37
-205,38
-205,39
-205,40
-205,41
-205,42
-205,43
-205,44
-205,45
-205,46
-205,47
-205,48
-205,49
-205,50
-205,51
-205,52
-205,53
-205,54
-205,55
-205,56
-205,57
-205,58
-205,59
-205,60
-205,61
-205,62
-205,63
-205,64
-205,65
-205,66
-205,67
-205,68
-205,69
-205,70
-205,71
-205,72
-205,73
-205,74
-205,75
-205,76
-205,77
-205,78
-205,79
-205,80
-205,81
-205,82
-205,83
-205,84
-205,85
-205,86
-205,87
-205,88
-205,89
-205,90
-205,91
-205,92
-205,93
-205,94
-205,95
-205,96
-205,97
-205,98
-205,99
-205,100
-205,101
-205,102
-205,103
-205,104
-205,105
-205,106
-205,107
-205,108
-205,109
-205,110
-205,111
-205,112
-205,113
-205,114
-205,115
-205,116
-205,117
-205,118
-205,119
-205,120
-205,121
-205,122
-205,123
-205,124
-205,125
-205,126
-205,127
-205,128
-205,129
-205,130
-205,131
-205,132
-205,133
-205,134
-205,135
-205,136
-205,137
-205,138
-205,139
-205,140
-205,141
:212_1,142
-241,143
-241,144
-241,145
-241,146
-241,147
-241,148
-241,149
-241,150
-241,151
-241,152
-241,153
-241,154
-241,155
-241,156
-241,157
-241,158
-241,159
-241,160
-241,161
-241,162
-241,163
-241,164
-241,165
-241,166
-241,167
-241,168
-241,169
-241,170
-241,171
-241,172
-241,173
-241,174
-241,175
-241,176
-241,177
-241,178
-241,179
-241,180
-241,181
-241,182
-241,183
-241,184
-241,185
-241,186
-241,187
-241,188
-241,189
-241,190
-241,191
-241,192
-241,193
-241,194
-241,195
-241,196
-241,197
-241,198
-241,199
-241,200
-241,201
-241,202
-241,203
-241,204
-241,205
-241,206
-241,207
-241,208
-241,209
-241,210
-241,211
-241,212
-241,213
-241,214
-241,215
-241,216
-241,217
-241,218
-241,219
-241,220
-241,221
-241,222
-241,223
-241,224
-241,225
-241,226
-241,227
-241,228
-241,229
-241,230
-241,231
-241,232
-241,233
-241,234
-241,235
-241,236
-241,237
-241,238
-241,239
-241,240
-241,241
-241,242
-241,243
-241,244
-241,245
-241,246
-241,247
-241,248
-241,249
-241,250
-241,251
-241,252
-241,253
-241,254
-241,255
-241,256
-241,257
-241,258
-241,259
-241,260
-241,261
-241,262
-241,263
-241,264
-241,265
-241,266
-241,267
-241,268
-241,269
-241,270
-241,271
-241,272
-241,273
-241,274
-241,275
-241,276
-241,277
-241,278
-241,279
-241,280
-241,281
-241,282
-241,283
-241,284
-241,285
-241,286
-241,287
-241,288
-241,289
-241,290
-241,291
-241,292
-241,293
-241,294
-241,295
-241,296
-241,297
-241,298
-241,299
-241,300
-241,301
-241,302
-241,303
-241,304
-241,305
-241,306
-241,307
-241,308
-241,309
-241,310
-241,311
-241,312
-241,313
-241,314
-241,315
-241,316
-241,317
-241,318
-241,319
-241,320
-241,321
-241,322
-241,323
-241,324
-241,325
-241,326
-241,327
-241,328
-241,329
-241,330
-241,331
-241,332
-241,333
-241,334
-241,335
-241,336
-241,337
-241,338
-241,339
:243_7,340
:243_7,341
:243_7,342
:243_7,343
:243_7,344
:243_7,345
:243_7,346
-240,347
-240,348
-240,349
-240,350
-240,351
-240,352
-240,353
-240,354
-240,355
-240,356
-240,357
-240,358
-240,359
-240,360
-240,361
-240,362
-240,363
-240,364
-240,365
-240,366
-240,367
-240,368
-240,369
-240,370
-240,371
-240,372
-240,373
-240,374
-240,375
-240,376
-240,377
-240,378
-240,379
-240,380
-240,381
-240,382
-240,383
-240,384
-240,385
-240,386
-240,387
-240,388
-240,389
-240,390
-240,391
-240,392
-240,393
-240,394
-240,395
-240,396
-240,397
-240,398
-240,399
-240,400
-240,401
-240,402
-240,403
-240,404
-240,405
-240,406
-240,407
-240,408
-240,409
-240,410
-240,411
-240,412
-240,413
-240,414
-240,415
-240,416
-240,417
-240,418
-240,419
-240,420
-240,421
-240,422
-240,423
-240,424
-240,425
-240,426
-240,427
-240,428
-240,429
-240,430
-240,431
-240,432
-240,433
-240,434
-240,435
-240,436
-240,437
-240,438
-240,439
-240,440
-240,441
-240,442
-240,443
-240,444
-240,445
-240,446
-240,447
-240,448
-240,449
-240,450
-240,451
-240,452
-240,453
-240,454
-240,455
-240,456
-240,457
-240,458
-240,459
-240,460
-240,461
-240,462
-240,463
-240,464
-240,465
-240,466
-240,467
-240,468
-240,469
-240,470
-240,471
-240,472
-240,473
-240,474
-240,475
-240,476
-240,477
-240,478
-240,479
-240,480
-240,481
-240,482
-240,483
-240,484
-240,485
-240,486
-240,487
-240,488
-240,489
-240,490
-240,491
-240,492
-240,493
-240,494
-240,495
-240,496
-240,497
-240,498
-240,499
-240,500
-240,501
-240,502
-240,503
-240,504
-240,505
-240,506
-240,507
-240,508
-240,509
-240,510
-240,511
-240,512
-240,513
-240,514
-240,515
-240,516
-240,517
-240,518
-240,519
-240,520
-240,521
-240,522
-240,523
-240,524
-240,525
-240,526
-240,527
-240,528
-240,529
-240,530
-240,531
-240,532
-240,533
-240,534
-240,535
-240,536
-240,537
-240,538
-240,539
-240,540
-240,541
-240,542
-240,543
-240,544
-240,545
-240,546
-240,547
-240,548
-240,549
-240,550
-240,551
-240,552
-240,553
-240,554
-240,555
-240,556
-240,557
-240,558
-240,559
-240,560
-240,561
-240,562
-240,563
-240,564
-240,565
-240,566
-240,567
-240,568
-240,569
-240,570
-240,571
-240,572
-240,573
-240,574
-240,575
:242_3,576
:242_3,577
:242_3,578
:242_3,579
:242_3,580
:242_3,581
:242_3,582
-239,583
-239,584
-239,585
-239,586
-239,587
-239,588
-239,589
-239,590
-239,591
-239,592
-239,593
-239,594
-239,595
-239,596
-239,597
-239,598
-239,599
-239,600
-239,601
-239,602
-239,603
-239,604
-239,605
-239,606
-239,607
-239,608
-239,609
-239,610
-239,611
-239,612
-239,613
-239,614
-239,615
-239,616
-239,617
-239,618
-239,619
-239,620
-239,621
-239,622
-239,623
-239,624
-239,625
-239,626
-239,627
-239,628
-239,629
-239,630
-239,631
-239,632
-239,633
-239,634
-239,635
-239,636
-239,637
-239,638
-239,639
-239,640
-239,641
-239,642
-239,643
-239,644
-239,645
-239,646
-239,647
-239,648
-239,649
-239,650
-239,651
-239,652
-239,653
-239,654
-239,655
-239,656
-239,657
-239,658
-239,659
-239,660
-239,661
-239,662
-239,663
-239,664
-239,665
-239,666
-239,667
-239,668
-239,669
-239,670
-239,671
-239,672
-239,673
-239,674
-239,675
-239,676
-239,677
-239,678
-239,679
-239,680
-239,681
-239,682
-239,683
-239,684
-239,685
-239,686
-239,687
-239,688
-239,689
-239,690
-239,691
-239,692
-239,693
-239,694
-239,695
-239,696
-239,697
-239,698
-239,699
-239,700
-239,701
-239,702
-239,703
-239,704
-239,705
-239,706
-239,707
-239,708
-239,709
-239,710
-239,711
-239,712
-239,713
-239,714
-239,715
-239,716
-239,717
-239,718
-239,719
-239,720
-239,721
-239,722
-239,723
-239,724
-239,725
-239,726
-239,727
-239,728
-239,729
-239,730
-239,731
-239,732
-239,733
-239,734
-239,735
-239,736
-239,737
-239,738
-239,739
-239,740
-239,741
-239,742
-239,743
-239,744
-239,745
-239,746
-239,747
-239,748
-239,749
:239_4,750
:239_4,751
:239_4,752
:239_10,753
:239_10,754
:239_10,755
238,756
238,757
238,758
238,759
238,760
238,761
238,762
238,763
238,764
238,765
238,766
238,767
238,768
238,769
238,770
238,771
238,772
238,773
238,774
238,775
238,776
238,777
238,778
238,779
238,780
238,781
238,782
238,783
238,784
238,785
238,786
238,787
238,788
238,789
238,790
238,791
238,792
238,793
238,794
238,795
238,796
238,797
238,798
238,799
238,800
238,801
238,802
238,803
238,804
238,805
238,806
238,807
238,808
238,809
238,810
238,811
238,812
238,813
238,814
238,815
238,816
238,817
238,818
238,819
238,820
238,821
238,822
238,823
238,824
238,825
238,826
238,827
238,828
238,829
238,830
238,831
238,832
238,833
238,834
238,835
238,836
238,837
238,838
238,839
238,840
238,841
238,842
238,843
238,844
238,845
238,846
238,847
238,848
238,849
238,850
238,851
238,852
:241_3,853
:241_3,854
:241_3,855
:241_3,856
380,857
380,858
380,859
380,860
380,861
380,862
380,863
380,864
380,865
380,866
380,867
380,868
380,869
380,870
380,871
380,872
380,873
380,874
380,875
380,876
380,877
380,878
380,879
380,880
380,881
380,882
380,883
380,884
380,885
380,886
380,887
380,888
380,889
380,890
380,891
380,892
380,893
380,894
380,895
380,896
380,897
380,898
380,899
380,900
380,901
380,902
380,903
380,904
380,905
380,906
380,907
380,908
380,909
380,910
380,911
380,912
380,913
380,914
380,915
380,916
380,917
380,918
380,919
380,920
380,921
380,922
380,923
380,924
380,925
380,926
380,927
380,928
380,929
380,930
380,931
380,932
380,933
380,934
380,935
380,936
380,937
380,938
380,939
380,940
380,941
380,942
380,943
380,944
380,945
380,946
380,947
380,948
380,949
380,950
380,951
380,952
380,953
380,954
380,955
380,956
380,957
380,958
380,959
380,960
380,961
380,962
380,963
380,964
380,965
380,966
380,967
380,968
380,969
380,970
380,971
380,972
380,973
380,974
380,975
380,976
380,977
380,978
380,979
380,980
380,981
380,982
380,983
380,984
380,985
380,986
380,987
380,988
380,989
380,990
380,991
380,992
380,993
380,994
380,995
380,996
380,997
380,998
380,999
380,1000
380,1001
380,1002
380,1003
380,1004
380,1005
380,1006
380,1007
380,1008
380,1009
380,1010
380,1011
380,1012
380,1013
380,1014
380,1015
380,1016
380,1017
380,1018
380,1019
380,1020
380,1021
380,1022
380,1023
380,1024
380,1025
380,1026
380,1027
380,1028
380,1029
380,1030
380,1031
380,1032
380,1033
380,1034
380,1035
380,1036
:344_9,1037
:344_9,1038
:344_9,1039
:344_9,1040
:344_9,1041
:344_9,1042
:344_9,1043
:344_9,1044
381,1045
381,1046
381,1047
381,1048
381,1049
:208_5,1050
:208_5,1051
:208_5,1052
686,1053
686,1054
686,1055
686,1056
686,1057
686,1058
686,1059
686,1060
686,1061
686,1062
686,1063
686,1064
686,1065
686,1066
686,1067
686,1068
686,1069
686,1070
686,1071
686,1072
686,1073
686,1074
686,1075
686,1076
686,1077
686,1078
686,1079
686,1080
686,1081
686,1082
686,1083
686,1084
686,1085
686,1086
686,1087
686,1088
686,1089
686,1090
686,1091
686,1092
686,1093
686,1094
686,1095
686,1096
686,1097
686,1098
686,1099
686,1100
686,1101
686,1102
686,1103
686,1104
686,1105
686,1106
686,1107
686,1108
686,1109
686,1110
:76_12,1111
:76_12,1112
-66,1113
-66,1114
-66,1115
-66,1116
-66,1117
-66,1118
-66,1119
-66,1120
-66,1121
-66,1122
-66,1123
-66,1124
-66,1125
-66,1126
-66,1127
-66,1128
-66,1129
-66,1130
-66,1131
-66,1132
-66,1133
-66,1134
-66,1135
-66,1136
-66,1137
-66,1138
-66,1139
-66,1140
-66,1141
-66,1142
-66,1143
-66,1144
-66,1145
-66,1146
-66,1147
-66,1148
-66,1149
-66,1150
-66,1151
-66,1152
-66,1153
-66,1154
-66,1155
-66,1156
-66,1157
-66,1158
-66,1159
-66,1160
-66,1161
-66,1162
-66,1163
-66,1164
-66,1165
-66,1166
-66,1167
-66,1168
-66,1169
-66,1170
-66,1171
-66,1172
-66,1173
-66,1174
-66,1175
-66,1176
-66,1177
-66,1178
-66,1179
-66,1180
-66,1181
-66,1182
-66,1183
-66,1184
-66,1185
-66,1186
-66,1187
-66,1188
-66,1189
-66,1190
-66,1191
-66,1192
-66,1193
-66,1194
-66,1195
-66,1196
-66,1197
-66,1198
-66,1199
-66,1200
-66,1201
-66,1202
-66,1203
-66,1204
-66,1205
-66,1206
-66,1207
-66,1208
-66,1209
-66,1210
-66,1211
-66,1212
-66,1213
-66,1214
-66,1215
-66,1216
-66,1217
-66,1218
-66,1219
-66,1220
-66,1221
-66,1222
-66,1223
-66,1224
-66,1225
-66,1226
-66,1227
-66,1228
-66,1229
-66,1230
-66,1231
-66,1232
-66,1233
-66,1234
-66,1235
-66,1236
-66,1237
-66,1238
-66,1239
-66,1240
-66,1241
-66,1242
-66,1243
-66,1244
-66,1245
-66,1246
-66,1247
-66,1248
-66,1249
-66,1250
-66,1251
-66,1252
-66,1253
:74_2,1254
:74_2,1255
:74_2,1256
:74_2,1257
:74_2,1258
:74_2,1259
:74_2,1260
65,1261
65,1262
65,1263
65,1264
65,1265
65,1266
65,1267
65,1268
65,1269
65,1270
65,1271
65,1272
65,1273
65,1274
65,1275
65,1276
65,1277
65,1278
65,1279
65,1280
65,1281
65,1282
65,1283
65,1284
65,1285
65,1286
65,1287
65,1288
65,1289
65,1290
65,1291
65,1292
65,1293
65,1294
65,1295
65,1296
65,1297
65,1298
65,1299
65,1300
65,1301
65,1302
65,1303
65,1304
65,1305
65,1306
65,1307
65,1308
65,1309
65,1310
65,1311
65,1312
65,1313
65,1314
65,1315
65,1316
65,1317
65,1318
65,1319
65,1320
65,1321
65,1322
65,1323
65,1324
65,1325
65,1326
65,1327
65,1328
65,1329
65,1330
65,1331
65,1332
65,1333
65,1334
65,1335
65,1336
65,1337
65,1338
65,1339
65,1340
65,1341
65,1342
65,1343
65,1344
65,1345
65,1346
65,1347
65,1348
65,1349
65,1350
65,1351
65,1352
65,1353
65,1354
65,1355
65,1356
65,1357
65,1358
65,1359
65,1360
65,1361
65,1362
65,1363
65,1364
65,1365
65,1366
65,1367
65,1368
65,1369
65,1370
65,1371
65,1372
65,1373
65,1374
65,1375
65,1376
65,1377
65,1378
65,1379
65,1380
65,1381
65,1382
65,1383
65,1384
65,1385
65,1386
65,1387
65,1388
65,1389
65,1390
65,1391
65,1392
65,1393
65,1394
65,1395
65,1396
65,1397
65,1398
65,1399
65,1400
65,1401
65,1402
65,1403
65,1404
65,1405
65,1406
65,1407
65,1408
65,1409
65,1410
65,1411
65,1412
65,1413
65,1414
65,1415
:75_13,1416
:75_13,1417
:75_13,1418
:75_13,1419
:75_13,1420
:75_13,1421
-438,1422
-438,1423
-438,1424
-438,1425
-438,1426
-438,1427
-438,1428
-438,1429
-438,1430
-438,1431
-438,1432
-438,1433
-438,1434
-438,1435
-438,1436
-438,1437
-438,1438
-438,1439
-438,1440
-438,1441
-438,1442
-438,1443
-438,1444
-438,1445
-438,1446
-438,1447
-438,1448
-438,1449
-438,1450
-438,1451
-438,1452
-438,1453
-438,1454
-438,1455
-438,1456
-438,1457
-438,1458
-438,1459
-438,1460
-438,1461
-438,1462
-438,1463
-438,1464
-438,1465
-438,1466
-438,1467
-438,1468
-438,1469
-438,1470
-438,1471
-438,1472
-438,1473
-438,1474
-438,1475
-438,1476
-438,1477
-438,1478
-438,1479
-438,1480
-438,1481
-438,1482
-438,1483
-438,1484
-438,1485
-438,1486
-438,1487
-438,1488
-438,1489
-438,1490
-438,1491
-438,1492
-438,1493
-438,1494
-438,1495
-438,1496
-438,1497
-438,1498
-438,1499
-438,1500
-438,1501
-438,1502
-438,1503
-438,1504
-438,1505
-438,1506
-438,1507
-438,1508
-438,1509
-438,1510
-438,1511
-438,1512
-438,1513
-438,1514
-438,1515
-438,1516
-438,1517
-438,1518
-438,1519
-438,1520
-438,1521
-438,1522
-438,1523
-438,1524
-438,1525
-438,1526
-438,1527
-438,1528
-438,1529
-438,1530
-438,1531
-438,1532
-438,1533
-438,1534
-438,1535
-438,1536
-438,1537
-438,1538
-438,1539
-438,1540
-438,1541
-438,1542
-438,1543
-438,1544
-438,1545
-438,1546
-438,1547
-438,1548
-438,1549
-438,1550
-438,1551
-438,1552
-438,1553
-438,1554
-438,1555
-438,1556
-438,1557
-438,1558
-438,1559
-438,1560
-438,1561
-438,1562
-438,1563
-438,1564
-438,1565
-438,1566
-438,1567
-438,1568
-438,1569
-438,1570
-438,1571
-438,1572
-438,1573
-438,1574
-438,1575
-438,1576
-438,1577
-438,1578
-438,1579
-438,1580
:381_13,1581
:381_13,1582
:381_13,1583
:381_13,1584
:381_13,1585
:381_13,1586
:381_13,1587
-437,1588
-437,1589
-437,1590
-437,1591
-437,1592
-437,1593
-437,1594
-437,1595
-437,1596
-437,1597
-437,1598
-437,1599
-437,1600
-437,1601
-437,1602
-437,1603
-437,1604
-437,1605
-437,1606
-437,1607
-437,1608
-437,1609
-437,1610
-437,1611
-437,1612
-437,1613
-437,1614
-437,1615
-437,1616
-437,1617
-437,1618
-437,1619
-437,1620
-437,1621
-437,1622
-437,1623
-437,1624
-437,1625
-437,1626
-437,1627
-437,1628
-437,1629
-437,1630
-437,1631
-437,1632
-437,1633
-437,1634
-437,1635
-437,1636
-437,1637
-437,1638
-437,1639
-437,1640
-437,1641
-437,1642
-437,1643
-437,1644
-437,1645
-437,1646
-437,1647
-437,1648
-437,1649
-437,1650
-437,1651
-437,1652
-437,1653
-437,1654
-437,1655
-437,1656
-437,1657
-437,1658
-437,1659
-437,1660
-437,1661
-437,1662
-437,1663
-437,1664
-437,1665
-437,1666
-437,1667
-437,1668
-437,1669
-437,1670
-437,1671
-437,1672
-437,1673
-437,1674
-437,1675
-437,1676
-437,1677
-437,1678
-437,1679
-437,1680
-437,1681
-437,1682
-437,1683
-437,1684
-437,1685
-437,1686
-437,1687
-437,1688
-437,1689
-437,1690
-437,1691
-437,1692
-437,1693
-437,1694
-437,1695
-437,1696
-437,1697
-437,1698
-437,1699
-437,1700
-437,1701
-437,1702
-437,1703
-437,1704
-437,1705
-437,1706
-437,1707
-437,1708
-437,1709
-437,1710
-437,1711
-437,1712
-437,1713
-437,1714
-437,1715
-437,1716
-437,1717
-437,1718
-437,1719
-437,1720
-437,1721
-437,1722
-437,1723
-437,1724
-437,1725
-437,1726
-437,1727
-437,1728
-437,1729
-437,1730
-437,1731
-437,1732
-437,1733
-437,1734
-437,1735
-437,1736
-437,1737
-437,1738
-437,1739
-437,1740
-437,1741
-437,1742
-437,1743
-437,1744
-437,1745
-437,1746
-437,1747
-437,1748
-437,1749
-437,1750
-437,1751
-437,1752
-437,1753
-437,1754
-437,1755
-437,1756
-437,1757
-437,1758
-437,1759
-437,1760
-437,1761
-437,1762
-437,1763
-437,1764
-437,1765
-437,1766
-437,1767
-437,1768
-437,1769
-437,1770
-437,1771
-437,1772
-437,1773
-437,1774
-437,1775
-437,1776
-437,1777
-437,1778
-437,1779
-437,1780
-437,1781
-437,1782
-437,1783
-437,1784
-437,1785
-437,1786
-437,1787
-437,1788
-437,1789
-437,1790
-437,1791
-437,1792
-437,1793
-437,1794
-437,1795
-437,1796
-437,1797
-437,1798
-437,1799
-437,1800
-437,1801
-437,1802
-437,1803
-437,1804
-437,1805
-437,1806
-437,1807
-437,1808
-437,1809
-437,1810
-437,1811
-437,1812
-437,1813
-437,1814
-437,1815
-437,1816
-437,1817
-437,1818
-437,1819
-437,1820
-437,1821
-437,1822
-437,1823
-437,1824
-437,1825
-437,1826
-437,1827
-437,1828
-437,1829
-437,1830
-437,1831
-437,1832
-437,1833
-437,1834
-437,1835
-437,1836
-437,1837
-437,1838
-437,1839
-437,1840
-437,1841
-437,1842
-437,1843
-437,1844
-437,1845
-437,1846
-437,1847
-437,1848
-437,1849
-437,1850
-437,1851
-437,1852
-437,1853
-437,1854
-437,1855
-437,1856
-437,1857
-437,1858
-437,1859
-437,1860
-437,1861
-437,1862
-437,1863
-437,1864
-437,1865
-437,1866
-437,1867
-437,1868
-437,1869
-437,1870
-437,1871
-437,1872
-437,1873
-437,1874
-437,1875
-437,1876
-437,1877
-437,1878
-437,1879
-437,1880
-437,1881
-437,1882
-437,1883
-437,1884
-437,1885
-437,1886
-437,1887
-437,1888
-437,1889
-437,1890
-437,1891
-437,1892
-437,1893
-437,1894
:244_13,1895
:244_13,1896
:244_13,1897
:244_13,1898
:244_13,1899
:244_13,1900
:244_13,1901
242,1902
242,1903
242,1904
242,1905
242,1906
242,1907
242,1908
242,1909
242,1910
242,1911
242,1912
242,1913
242,1914
242,1915
242,1916
242,1917
242,1918
242,1919
242,1920
242,1921
242,1922
242,1923
242,1924
242,1925
242,1926
242,1927
242,1928
242,1929
242,1930
242,1931
242,1932
242,1933
242,1934
242,1935
242,1936
242,1937
242,1938
242,1939
242,1940
242,1941
242,1942
242,1943
242,1944
242,1945
242,1946
242,1947
242,1948
242,1949
242,1950
242,1951
242,1952
242,1953
242,1954
242,1955
242,1956
242,1957
242,1958
242,1959
242,1960
242,1961
242,1962
242,1963
242,1964
242,1965
242,1966
242,1967
242,1968
242,1969
242,1970
242,1971
242,1972
242,1973
242,1974
242,1975
242,1976
242,1977
242,1978
242,1979
242,1980
242,1981
242,1982
242,1983
242,1984
242,1985
242,1986
242,1987
242,1988
242,1989
242,1990
242,1991
242,1992
242,1993
242,1994
242,1995
242,1996
242,1997
242,1998
242,1999
242,2000
