-275,1
-275,2
-275,3
-275,4
-275,5
-275,6
-275,7
-275,8
-275,9
-275,10
-275,11
-275,12
-275,13
-275,14
-275,15
-275,16
-275,17
-275,18
-275,19
-275,20
-275,21
-275,22
-275,23
-275,24
-275,25
-275,26
-275,27
-275,28
-275,29
-275,30
-275,31
-275,32
-275,33
-275,34
-275,35
-275,36
-275,37
-275,38
-275,39
-275,40
-275,41
-275,42
-275,43
-275,44
-275,45
-275,46
-275,47
-275,48
-275,49
-275,50
-275,51
-275,52
-275,53
-275,54
-275,55
-275,56
-275,57
-275,58
-275,59
-275,60
-275,61
-275,62
-275,63
-275,64
-275,65
-275,66
-275,67
-275,68
-275,69
-275,70
-275,71
-275,72
-275,73
-275,74
-275,75
-275,76
-275,77
-275,78
-275,79
-275,80
-275,81
-275,82
-275,83
-275,84
-275,85
-275,86
-275,87
-275,88
-275,89
-275,90
-275,91
-275,92
-275,93
-275,94
-275,95
-275,96
-275,97
-275,98
-275,99
-275,100
-275,101
-275,102
-275,103
-275,104
-275,105
-275,106
-275,107
-275,108
-275,109
-275,110
-275,111
-275,112
-275,113
-275,114
-275,115
-275,116
-275,117
-275,118
-275,119
-275,120
-275,121
-275,122
-275,123
:265_13,124
:265_13,125
:265_13,126
:265_13,127
:265_13,128
273,129
273,130
273,131
273,132
273,133
273,134
273,135
273,136
273,137
273,138
273,139
273,140
273,141
273,142
273,143
273,144
273,145
273,146
273,147
273,148
273,149
273,150
273,151
273,152
273,153
273,154
273,155
273,156
273,157
273,158
273,159
273,160
273,161
273,162
273,163
273,164
273,165
273,166
273,167
273,168
273,169
273,170
273,171
273,172
273,173
273,174
273,175
273,176
273,177
273,178
273,179
273,180
273,181
273,182
273,183
273,184
273,185
:266_7,186
:266_7,187
:266_7,188
:266_7,189
:266_7,190
:266_7,191
373,192
373,193
373,194
373,195
373,196
373,197
373,198
373,199
373,200
373,201
373,202
373,203
373,204
373,205
373,206
373,207
373,208
373,209
373,210
373,211
373,212
373,213
373,214
373,215
373,216
373,217
373,218
373,219
373,220
373,221
373,222
373,223
373,224
373,225
373,226
373,227
373,228
373,229
373,230
373,231
373,232
373,233
373,234
373,235
:90_7,236
:90_7,237
:90_7,238
:90_7,239
:90_7,240
:90_7,241
-78,242
-78,243
-78,244
-78,245
-78,246
-78,247
-78,248
-78,249
-78,250
-78,251
-78,252
-78,253
-78,254
-78,255
-78,256
-78,257
-78,258
-78,259
-78,260
-78,261
-78,262
-78,263
-78,264
-78,265
-78,266
-78,267
-78,268
-78,269
-78,270
-78,271
-78,272
-78,273
-78,274
-78,275
-78,276
-78,277
-78,278
-78,279
-78,280
-78,281
-78,282
-78,283
-78,284
-78,285
-78,286
-78,287
-78,288
-78,289
-78,290
-78,291
-78,292
-78,293
-78,294
-78,295
-78,296
-78,297
-78,298
-78,299
-78,300
-78,301
-78,302
-78,303
-78,304
-78,305
-78,306
-78,307
-78,308
-78,309
-78,310
-78,311
-78,312
-78,313
-78,314
-78,315
-78,316
-78,317
-78,318
-78,319
-78,320
-78,321
-78,322
-78,323
-78,324
-78,325
-78,326
-78,327
-78,328
-78,329
-78,330
:19_13,331
:19_13,332
:19_13,333
:19_13,334
:19_13,335
-16,336
-16,337
-16,338
-16,339
-16,340
-16,341
-16,342
-16,343
-16,344
-16,345
-16,346
-16,347
-16,348
-16,349
-16,350
-16,351
-16,352
-16,353
-16,354
-16,355
-16,356
-16,357
-16,358
-16,359
-16,360
-16,361
-16,362
-16,363
-16,364
-16,365
-16,366
-16,367
-16,368
-16,369
-16,370
-16,371
-16,372
-16,373
-16,374
-16,375
-16,376
-16,377
-16,378
-16,379
-16,380
-16,381
-16,382
-16,383
-16,384
-16,385
-16,386
-16,387
-16,388
-16,389
-16,390
-16,391
-16,392
:18_1,393
-15,394
-15,395
-15,396
-15,397
-15,398
-15,399
-15,400
-15,401
-15,402
-15,403
-15,404
-15,405
-15,406
-15,407
-15,408
-15,409
-15,410
-15,411
-15,412
-15,413
-15,414
-15,415
-15,416
-15,417
-15,418
-15,419
-15,420
-15,421
-15,422
-15,423
-15,424
-15,425
-15,426
-15,427
-15,428
-15,429
-15,430
-15,431
-15,432
-15,433
-15,434
-15,435
-15,436
-15,437
-15,438
-15,439
-15,440
-15,441
-15,442
-15,443
-15,444
-15,445
-15,446
-15,447
-15,448
-15,449
-15,450
-15,451
-15,452
-15,453
-15,454
-15,455
-15,456
-15,457
-15,458
-15,459
-15,460
-15,461
-15,462
-15,463
-15,464
-15,465
-15,466
-15,467
-15,468
-15,469
-15,470
-15,471
-15,472
-15,473
-15,474
-15,475
-15,476
-15,477
-15,478
-15,479
-15,480
-15,481
-15,482
-15,483
-15,484
-15,485
-15,486
-15,487
-15,488
-15,489
-15,490
-15,491
-15,492
-15,493
-15,494
-15,495
-15,496
-15,497
-15,498
17,499
17,500
17,501
17,502
17,503
17,504
17,505
17,506
17,507
17,508
17,509
17,510
17,511
17,512
17,513
17,514
17,515
17,516
17,517
17,518
17,519
17,520
17,521
17,522
17,523
17,524
17,525
17,526
17,527
17,528
17,529
17,530
17,531
17,532
17,533
17,534
17,535
17,536
17,537
17,538
17,539
17,540
17,541
17,542
17,543
17,544
17,545
17,546
17,547
17,548
17,549
17,550
17,551
17,552
17,553
17,554
17,555
17,556
17,557
17,558
17,559
17,560
17,561
17,562
17,563
17,564
17,565
17,566
17,567
17,568
17,569
17,570
17,571
17,572
17,573
17,574
17,575
17,576
17,577
17,578
17,579
17,580
17,581
17,582
17,583
17,584
17,585
17,586
17,587
17,588
17,589
17,590
17,591
17,592
17,593
17,594
17,595
17,596
17,597
17,598
:20_4,599
:20_4,600
:20_4,601
:20_4,602
:20_4,603
18,604
18,605
18,606
18,607
18,608
18,609
18,610
18,611
18,612
18,613
18,614
18,615
18,616
18,617
18,618
18,619
18,620
18,621
18,622
18,623
18,624
18,625
18,626
18,627
18,628
18,629
18,630
18,631
18,632
18,633
18,634
18,635
18,636
18,637
18,638
18,639
18,640
18,641
18,642
18,643
18,644
18,645
18,646
18,647
18,648
18,649
18,650
18,651
18,652
18,653
18,654
18,655
18,656
18,657
18,658
18,659
18,660
18,661
18,662
18,663
18,664
18,665
18,666
18,667
18,668
18,669
18,670
18,671
18,672
18,673
18,674
18,675
18,676
18,677
18,678
18,679
18,680
18,681
18,682
18,683
18,684
18,685
18,686
18,687
18,688
18,689
18,690
18,691
18,692
18,693
18,694
18,695
18,696
18,697
18,698
18,699
18,700
18,701
18,702
18,703
18,704
:21_4,705
:21_4,706
:21_4,707
:21_4,708
:21_4,709
:21_4,710
257,711
257,712
257,713
257,714
257,715
257,716
257,717
257,718
257,719
257,720
257,721
257,722
257,723
257,724
257,725
257,726
257,727
257,728
257,729
257,730
257,731
257,732
257,733
257,734
257,735
257,736
257,737
257,738
257,739
257,740
257,741
257,742
257,743
257,744
257,745
257,746
257,747
257,748
257,749
257,750
257,751
257,752
257,753
257,754
257,755
257,756
257,757
257,758
257,759
257,760
257,761
257,762
257,763
257,764
257,765
257,766
257,767
257,768
257,769
257,770
257,771
257,772
257,773
257,774
257,775
257,776
257,777
257,778
257,779
257,780
257,781
257,782
257,783
257,784
257,785
257,786
257,787
257,788
257,789
257,790
257,791
257,792
257,793
257,794
257,795
257,796
257,797
257,798
257,799
257,800
257,801
257,802
257,803
257,804
257,805
257,806
257,807
257,808
257,809
257,810
257,811
257,812
257,813
257,814
257,815
257,816
257,817
257,818
257,819
257,820
257,821
257,822
257,823
257,824
257,825
257,826
257,827
257,828
257,829
257,830
257,831
257,832
257,833
257,834
257,835
257,836
257,837
257,838
257,839
257,840
257,841
257,842
257,843
257,844
257,845
257,846
257,847
257,848
257,849
257,850
257,851
257,852
257,853
257,854
257,855
257,856
257,857
257,858
257,859
257,860
257,861
257,862
257,863
257,864
257,865
257,866
257,867
257,868
257,869
257,870
257,871
257,872
257,873
257,874
257,875
:231_4,876
:231_4,877
:231_4,878
:231_4,879
:231_4,880
-225,881
-225,882
-225,883
-225,884
-225,885
-225,886
-225,887
-225,888
-225,889
-225,890
-225,891
-225,892
-225,893
-225,894
-225,895
-225,896
-225,897
-225,898
-225,899
-225,900
-225,901
-225,902
-225,903
-225,904
-225,905
-225,906
-225,907
-225,908
-225,909
-225,910
-225,911
-225,912
-225,913
-225,914
-225,915
-225,916
-225,917
-225,918
-225,919
-225,920
-225,921
-225,922
-225,923
-225,924
-225,925
-225,926
-225,927
-225,928
-225,929
-225,930
-225,931
-225,932
-225,933
-225,934
-225,935
-225,936
-225,937
-225,938
-225,939
-225,940
-225,941
-225,942
-225,943
-225,944
-225,945
-225,946
-225,947
-225,948
-225,949
-225,950
-225,951
-225,952
-225,953
-225,954
-225,955
-225,956
-225,957
-225,958
-225,959
-225,960
-225,961
-225,962
-225,963
-225,964
-225,965
-225,966
-225,967
-225,968
-225,969
-225,970
-225,971
-225,972
-225,973
-225,974
-225,975
-225,976
-225,977
-225,978
-225,979
-225,980
-225,981
-225,982
-225,983
-225,984
-225,985
-225,986
-225,987
-225,988
-225,989
-225,990
-225,991
-225,992
-225,993
-225,994
-225,995
-225,996
-225,997
-225,998
-225,999
-225,1000
-225,1001
-225,1002
-225,1003
-225,1004
-225,1005
-225,1006
-225,1007
-225,1008
-225,1009
-225,1010
-225,1011
-225,1012
-225,1013
-225,1014
-225,1015
-225,1016
-225,1017
-225,1018
-225,1019
-225,1020
-225,1021
:227_1,1022
:227_1,1023
:227_1,1024
:227_1,1025
:227_1,1026
222,1027
222,1028
222,1029
222,1030
222,1031
222,1032
222,1033
222,1034
222,1035
222,1036
222,1037
222,1038
222,1039
222,1040
222,1041
222,1042
222,1043
222,1044
222,1045
222,1046
222,1047
222,1048
222,1049
222,1050
222,1051
222,1052
222,1053
222,1054
222,1055
222,1056
222,1057
222,1058
222,1059
222,1060
222,1061
222,1062
222,1063
222,1064
222,1065
222,1066
222,1067
222,1068
222,1069
222,1070
222,1071
222,1072
222,1073
222,1074
222,1075
222,1076
222,1077
222,1078
222,1079
222,1080
222,1081
222,1082
222,1083
222,1084
222,1085
222,1086
222,1087
222,1088
222,1089
222,1090
222,1091
222,1092
222,1093
222,1094
222,1095
222,1096
222,1097
222,1098
222,1099
222,1100
222,1101
222,1102
222,1103
222,1104
222,1105
222,1106
222,1107
222,1108
222,1109
222,1110
222,1111
222,1112
222,1113
222,1114
222,1115
222,1116
222,1117
222,1118
222,1119
222,1120
222,1121
222,1122
222,1123
222,1124
222,1125
222,1126
222,1127
222,1128
222,1129
222,1130
222,1131
222,1132
222,1133
222,1134
222,1135
222,1136
222,1137
222,1138
222,1139
222,1140
222,1141
222,1142
222,1143
222,1144
222,1145
222,1146
222,1147
222,1148
222,1149
222,1150
222,1151
222,1152
222,1153
222,1154
222,1155
222,1156
222,1157
222,1158
222,1159
222,1160
222,1161
222,1162
222,1163
222,1164
222,1165
222,1166
222,1167
222,1168
222,1169
222,1170
222,1171
222,1172
222,1173
222,1174
222,1175
222,1176
222,1177
222,1178
222,1179
222,1180
222,1181
222,1182
222,1183
222,1184
222,1185
222,1186
222,1187
222,1188
222,1189
222,1190
222,1191
222,1192
222,1193
222,1194
222,1195
222,1196
222,1197
:228_4,1198
:228_4,1199
:228_4,1200
:228_4,1201
:228_4,1202
:228_4,1203
223,1204
223,1205
223,1206
223,1207
223,1208
223,1209
223,1210
223,1211
223,1212
223,1213
223,1214
223,1215
223,1216
223,1217
223,1218
223,1219
223,1220
223,1221
223,1222
223,1223
223,1224
223,1225
223,1226
223,1227
223,1228
223,1229
223,1230
223,1231
223,1232
223,1233
223,1234
223,1235
223,1236
223,1237
223,1238
223,1239
223,1240
223,1241
223,1242
223,1243
223,1244
223,1245
223,1246
223,1247
223,1248
223,1249
223,1250
223,1251
223,1252
223,1253
223,1254
223,1255
223,1256
223,1257
223,1258
223,1259
223,1260
223,1261
223,1262
223,1263
223,1264
223,1265
223,1266
223,1267
223,1268
223,1269
223,1270
223,1271
223,1272
223,1273
223,1274
223,1275
223,1276
223,1277
223,1278
223,1279
223,1280
223,1281
223,1282
223,1283
223,1284
223,1285
223,1286
223,1287
223,1288
223,1289
223,1290
223,1291
223,1292
223,1293
223,1294
:229_4,1295
:229_4,1296
:229_4,1297
:229_4,1298
:229_4,1299
224,1300
224,1301
224,1302
224,1303
224,1304
224,1305
224,1306
224,1307
224,1308
224,1309
224,1310
224,1311
224,1312
224,1313
224,1314
224,1315
224,1316
224,1317
224,1318
224,1319
224,1320
224,1321
224,1322
224,1323
224,1324
224,1325
224,1326
224,1327
224,1328
224,1329
224,1330
224,1331
224,1332
224,1333
224,1334
224,1335
224,1336
224,1337
224,1338
224,1339
224,1340
224,1341
224,1342
224,1343
224,1344
224,1345
224,1346
224,1347
224,1348
224,1349
224,1350
224,1351
224,1352
224,1353
224,1354
224,1355
224,1356
224,1357
224,1358
224,1359
224,1360
224,1361
224,1362
224,1363
224,1364
224,1365
224,1366
224,1367
224,1368
224,1369
224,1370
224,1371
224,1372
224,1373
224,1374
224,1375
224,1376
224,1377
224,1378
224,1379
224,1380
224,1381
224,1382
224,1383
:230_1,1384
:230_1,1385
:230_1,1386
:230_1,1387
:230_1,1388
:230_1,1389
374,1390
374,1391
374,1392
374,1393
374,1394
374,1395
374,1396
374,1397
374,1398
374,1399
374,1400
374,1401
374,1402
374,1403
374,1404
374,1405
374,1406
374,1407
374,1408
374,1409
374,1410
374,1411
374,1412
374,1413
374,1414
374,1415
374,1416
374,1417
374,1418
374,1419
374,1420
374,1421
374,1422
374,1423
374,1424
374,1425
374,1426
374,1427
374,1428
374,1429
374,1430
374,1431
374,1432
374,1433
374,1434
374,1435
374,1436
374,1437
374,1438
374,1439
374,1440
374,1441
374,1442
374,1443
374,1444
374,1445
374,1446
374,1447
374,1448
374,1449
374,1450
374,1451
374,1452
374,1453
374,1454
374,1455
374,1456
374,1457
374,1458
374,1459
374,1460
374,1461
374,1462
374,1463
:340_0,1464
375,1465
375,1466
375,1467
375,1468
375,1469
375,1470
375,1471
375,1472
375,1473
375,1474
375,1475
375,1476
375,1477
375,1478
375,1479
375,1480
375,1481
375,1482
375,1483
375,1484
375,1485
375,1486
375,1487
375,1488
375,1489
375,1490
375,1491
375,1492
375,1493
375,1494
375,1495
375,1496
375,1497
375,1498
375,1499
375,1500
375,1501
375,1502
375,1503
375,1504
375,1505
375,1506
375,1507
375,1508
375,1509
375,1510
375,1511
375,1512
375,1513
375,1514
375,1515
375,1516
375,1517
375,1518
375,1519
375,1520
375,1521
375,1522
375,1523
375,1524
375,1525
375,1526
375,1527
375,1528
375,1529
375,1530
375,1531
375,1532
375,1533
375,1534
375,1535
375,1536
375,1537
375,1538
375,1539
375,1540
375,1541
375,1542
375,1543
375,1544
375,1545
375,1546
375,1547
375,1548
375,1549
375,1550
375,1551
375,1552
375,1553
375,1554
375,1555
375,1556
375,1557
375,1558
375,1559
375,1560
375,1561
375,1562
375,1563
375,1564
375,1565
375,1566
375,1567
375,1568
:15_1,1569
:15_1,1570
:15_1,1571
:15_1,1572
:15_1,1573
-13,1574
-13,1575
-13,1576
-13,1577
-13,1578
-13,1579
-13,1580
-13,1581
-13,1582
-13,1583
-13,1584
-13,1585
-13,1586
-13,1587
-13,1588
-13,1589
-13,1590
-13,1591
-13,1592
-13,1593
-13,1594
-13,1595
-13,1596
-13,1597
-13,1598
-13,1599
-13,1600
-13,1601
-13,1602
-13,1603
-13,1604
-13,1605
-13,1606
-13,1607
-13,1608
-13,1609
-13,1610
-13,1611
-13,1612
-13,1613
-13,1614
-13,1615
-13,1616
-13,1617
-13,1618
-13,1619
-13,1620
-13,1621
-13,1622
-13,1623
-13,1624
-13,1625
-13,1626
-13,1627
-13,1628
-13,1629
-13,1630
-13,1631
-13,1632
-13,1633
-13,1634
-13,1635
-13,1636
-13,1637
-13,1638
-13,1639
-13,1640
-13,1641
-13,1642
-13,1643
-13,1644
-13,1645
-13,1646
-13,1647
-13,1648
-13,1649
-13,1650
-13,1651
-13,1652
-13,1653
-13,1654
-13,1655
-13,1656
-13,1657
-13,1658
-13,1659
-13,1660
-13,1661
-13,1662
-13,1663
-13,1664
-13,1665
-13,1666
-13,1667
-13,1668
-13,1669
-13,1670
:14_0,1671
14,1672
14,1673
14,1674
14,1675
14,1676
14,1677
14,1678
14,1679
14,1680
14,1681
14,1682
14,1683
14,1684
14,1685
14,1686
14,1687
14,1688
14,1689
14,1690
14,1691
14,1692
14,1693
14,1694
14,1695
14,1696
14,1697
14,1698
14,1699
14,1700
14,1701
14,1702
14,1703
14,1704
14,1705
14,1706
14,1707
14,1708
14,1709
14,1710
14,1711
14,1712
14,1713
14,1714
14,1715
14,1716
14,1717
14,1718
14,1719
14,1720
14,1721
14,1722
14,1723
14,1724
14,1725
14,1726
14,1727
14,1728
14,1729
14,1730
14,1731
14,1732
14,1733
14,1734
14,1735
14,1736
14,1737
14,1738
14,1739
14,1740
14,1741
14,1742
14,1743
14,1744
14,1745
14,1746
14,1747
14,1748
14,1749
14,1750
14,1751
14,1752
14,1753
14,1754
14,1755
14,1756
14,1757
14,1758
14,1759
14,1760
14,1761
14,1762
14,1763
14,1764
14,1765
14,1766
14,1767
14,1768
14,1769
14,1770
14,1771
14,1772
14,1773
14,1774
14,1775
14,1776
14,1777
14,1778
14,1779
14,1780
14,1781
14,1782
14,1783
14,1784
14,1785
14,1786
14,1787
:16_4,1788
:16_4,1789
:16_4,1790
:16_4,1791
:16_4,1792
:16_4,1793
-210,1794
-210,1795
-210,1796
-210,1797
-210,1798
-210,1799
-210,1800
-210,1801
-210,1802
-210,1803
-210,1804
-210,1805
-210,1806
-210,1807
-210,1808
-210,1809
-210,1810
-210,1811
-210,1812
-210,1813
-210,1814
-210,1815
-210,1816
-210,1817
-210,1818
-210,1819
-210,1820
-210,1821
-210,1822
-210,1823
-210,1824
-210,1825
-210,1826
-210,1827
-210,1828
-210,1829
-210,1830
-210,1831
-210,1832
-210,1833
-210,1834
-210,1835
-210,1836
-210,1837
-210,1838
-210,1839
-210,1840
-210,1841
-210,1842
-210,1843
-210,1844
-210,1845
-210,1846
-210,1847
-210,1848
-210,1849
-210,1850
-210,1851
-210,1852
-210,1853
-210,1854
-210,1855
-210,1856
-210,1857
-210,1858
-210,1859
-210,1860
-210,1861
-210,1862
-210,1863
-210,1864
-210,1865
-210,1866
-210,1867
-210,1868
-210,1869
-210,1870
-210,1871
-210,1872
-210,1873
-210,1874
-210,1875
-210,1876
-210,1877
-210,1878
-210,1879
-210,1880
-210,1881
-210,1882
-210,1883
-210,1884
-210,1885
-210,1886
-210,1887
-210,1888
-210,1889
-210,1890
-210,1891
-210,1892
-210,1893
-210,1894
-210,1895
-210,1896
-210,1897
-210,1898
-210,1899
-210,1900
-210,1901
-210,1902
-210,1903
-210,1904
:29_5,1905
:29_5,1906
:29_5,1907
:29_5,1908
:29_5,1909
:29_5,1910
:29_5,1911
-25,1912
-25,1913
-25,1914
-25,1915
-25,1916
-25,1917
-25,1918
-25,1919
-25,1920
-25,1921
-25,1922
-25,1923
-25,1924
-25,1925
-25,1926
-25,1927
-25,1928
-25,1929
-25,1930
-25,1931
-25,1932
-25,1933
-25,1934
-25,1935
-25,1936
-25,1937
-25,1938
-25,1939
-25,1940
-25,1941
-25,1942
-25,1943
-25,1944
-25,1945
-25,1946
-25,1947
-25,1948
-25,1949
-25,1950
-25,1951
-25,1952
-25,1953
-25,1954
-25,1955
-25,1956
-25,1957
-25,1958
-25,1959
-25,1960
-25,1961
-25,1962
-25,1963
-25,1964
-25,1965
-25,1966
-25,1967
-25,1968
-25,1969
-25,1970
-25,1971
-25,1972
-25,1973
-25,1974
-25,1975
-25,1976
-25,1977
-25,1978
-25,1979
-25,1980
-25,1981
-25,1982
-25,1983
-25,1984
-25,1985
-25,1986
-25,1987
-25,1988
-25,1989
-25,1990
-25,1991
-25,1992
-25,1993
-25,1994
-25,1995
-25,1996
-25,1997
-25,1998
-25,1999
-25,2000
