105,1
105,2
105,3
105,4
105,5
105,6
105,7
105,8
105,9
105,10
105,11
105,12
105,13
105,14
105,15
105,16
105,17
105,18
105,19
105,20
105,21
105,22
105,23
105,24
105,25
105,26
105,27
105,28
105,29
105,30
105,31
105,32
105,33
105,34
105,35
105,36
105,37
105,38
105,39
105,40
105,41
105,42
105,43
105,44
105,45
105,46
105,47
105,48
105,49
105,50
105,51
105,52
105,53
105,54
105,55
105,56
105,57
105,58
105,59
105,60
105,61
105,62
105,63
105,64
105,65
105,66
105,67
105,68
105,69
105,70
105,71
105,72
105,73
105,74
105,75
105,76
:121_3,77
:121_3,78
:121_3,79
:121_3,80
:121_3,81
432,82
432,83
432,84
432,85
432,86
432,87
432,88
432,89
432,90
432,91
432,92
432,93
432,94
432,95
432,96
432,97
432,98
432,99
432,100
432,101
432,102
432,103
432,104
432,105
432,106
432,107
432,108
432,109
432,110
432,111
432,112
432,113
432,114
432,115
432,116
432,117
432,118
432,119
432,120
432,121
432,122
432,123
432,124
432,125
432,126
432,127
432,128
432,129
432,130
432,131
432,132
432,133
432,134
432,135
432,136
432,137
432,138
432,139
432,140
432,141
432,142
432,143
432,144
432,145
432,146
432,147
432,148
432,149
432,150
432,151
:376_3,152
:376_3,153
:376_3,154
:376_3,155
:376_3,156
:376_3,157
587,158
587,159
587,160
587,161
587,162
587,163
587,164
587,165
587,166
587,167
587,168
587,169
587,170
587,171
587,172
587,173
587,174
587,175
587,176
587,177
587,178
587,179
587,180
587,181
587,182
587,183
587,184
587,185
587,186
587,187
587,188
587,189
587,190
587,191
587,192
587,193
587,194
587,195
587,196
587,197
587,198
587,199
587,200
587,201
587,202
587,203
587,204
587,205
587,206
587,207
587,208
587,209
587,210
587,211
587,212
587,213
587,214
587,215
587,216
587,217
587,218
587,219
587,220
587,221
587,222
587,223
587,224
587,225
587,226
587,227
587,228
587,229
587,230
587,231
587,232
587,233
587,234
587,235
587,236
:225_3,237
:225_3,238
:225_3,239
:225_3,240
:225_3,241
:225_3,242
-219,243
-219,244
-219,245
-219,246
-219,247
-219,248
-219,249
-219,250
-219,251
-219,252
-219,253
-219,254
-219,255
-219,256
-219,257
-219,258
-219,259
-219,260
-219,261
-219,262
-219,263
-219,264
-219,265
-219,266
-219,267
-219,268
-219,269
-219,270
-219,271
-219,272
-219,273
-219,274
-219,275
-219,276
-219,277
-219,278
-219,279
-219,280
-219,281
-219,282
-219,283
-219,284
-219,285
-219,286
-219,287
-219,288
-219,289
-219,290
-219,291
-219,292
-219,293
-219,294
-219,295
-219,296
-219,297
-219,298
-219,299
-219,300
-219,301
-219,302
-219,303
-219,304
-219,305
-219,306
-219,307
-219,308
-219,309
-219,310
-219,311
-219,312
-219,313
-219,314
-219,315
-219,316
-219,317
-219,318
-219,319
-219,320
-219,321
-219,322
-219,323
-219,324
-219,325
-219,326
-219,327
-219,328
-219,329
-219,330
:221_9,331
:221_9,332
:221_9,333
:221_9,334
:221_9,335
221,336
221,337
221,338
221,339
221,340
221,341
221,342
221,343
221,344
221,345
221,346
221,347
221,348
221,349
221,350
221,351
221,352
221,353
221,354
221,355
221,356
221,357
221,358
221,359
221,360
221,361
221,362
221,363
221,364
221,365
221,366
221,367
221,368
221,369
221,370
221,371
221,372
221,373
221,374
221,375
221,376
221,377
221,378
221,379
221,380
221,381
221,382
221,383
221,384
221,385
221,386
221,387
221,388
221,389
221,390
221,391
221,392
221,393
221,394
221,395
221,396
221,397
221,398
221,399
221,400
221,401
221,402
221,403
221,404
221,405
221,406
221,407
221,408
221,409
221,410
221,411
221,412
221,413
221,414
221,415
221,416
221,417
221,418
221,419
221,420
221,421
221,422
:226_7,423
:226_7,424
:226_7,425
:226_7,426
:226_7,427
316,428
316,429
316,430
316,431
316,432
316,433
316,434
316,435
316,436
316,437
316,438
316,439
316,440
316,441
316,442
316,443
316,444
316,445
316,446
316,447
316,448
316,449
316,450
316,451
316,452
316,453
316,454
316,455
316,456
316,457
316,458
316,459
316,460
316,461
316,462
316,463
316,464
316,465
316,466
316,467
316,468
316,469
316,470
316,471
316,472
316,473
316,474
316,475
316,476
316,477
316,478
316,479
316,480
316,481
316,482
316,483
316,484
316,485
316,486
316,487
316,488
316,489
316,490
316,491
316,492
316,493
316,494
316,495
316,496
316,497
316,498
316,499
316,500
316,501
316,502
316,503
316,504
316,505
316,506
316,507
316,508
316,509
316,510
316,511
316,512
316,513
316,514
316,515
-47,516
-47,517
-47,518
-47,519
-47,520
-47,521
-47,522
-47,523
-47,524
-47,525
-47,526
-47,527
-47,528
-47,529
-47,530
-47,531
-47,532
-47,533
-47,534
-47,535
-47,536
-47,537
-47,538
-47,539
-47,540
-47,541
-47,542
-47,543
-47,544
-47,545
-47,546
-47,547
-47,548
-47,549
-47,550
-47,551
-47,552
-47,553
-47,554
-47,555
-47,556
-47,557
-47,558
-47,559
-47,560
-47,561
-47,562
-47,563
-47,564
-47,565
-47,566
-47,567
-47,568
-47,569
-47,570
-47,571
-47,572
-47,573
-47,574
-47,575
-47,576
-47,577
-47,578
-47,579
-47,580
-47,581
-47,582
-47,583
-47,584
-47,585
-47,586
-47,587
-47,588
-47,589
-47,590
-47,591
-47,592
-47,593
-47,594
-47,595
-47,596
:52_5,597
:52_5,598
:52_5,599
:52_5,600
:52_5,601
:52_5,602
46,603
46,604
46,605
46,606
46,607
46,608
46,609
46,610
46,611
46,612
46,613
46,614
46,615
46,616
46,617
46,618
46,619
46,620
46,621
46,622
46,623
46,624
46,625
46,626
46,627
46,628
46,629
46,630
46,631
46,632
46,633
46,634
46,635
46,636
46,637
46,638
46,639
46,640
46,641
46,642
46,643
46,644
46,645
46,646
46,647
46,648
46,649
46,650
46,651
46,652
46,653
46,654
46,655
46,656
46,657
46,658
46,659
46,660
46,661
46,662
46,663
46,664
46,665
46,666
46,667
46,668
46,669
46,670
46,671
46,672
46,673
46,674
46,675
46,676
46,677
46,678
46,679
46,680
46,681
46,682
46,683
46,684
46,685
46,686
46,687
46,688
46,689
46,690
46,691
46,692
46,693
46,694
46,695
46,696
46,697
46,698
46,699
46,700
46,701
46,702
46,703
46,704
46,705
46,706
46,707
46,708
46,709
46,710
46,711
:54_4,712
:54_4,713
:54_4,714
:54_4,715
:54_4,716
:54_4,717
310,718
310,719
310,720
310,721
310,722
310,723
310,724
310,725
310,726
310,727
310,728
310,729
310,730
310,731
310,732
310,733
310,734
310,735
310,736
310,737
310,738
310,739
310,740
310,741
310,742
310,743
310,744
310,745
310,746
310,747
310,748
310,749
310,750
310,751
310,752
310,753
310,754
310,755
310,756
310,757
310,758
310,759
310,760
310,761
310,762
310,763
310,764
310,765
310,766
310,767
310,768
310,769
310,770
310,771
310,772
310,773
310,774
310,775
310,776
310,777
310,778
310,779
310,780
310,781
310,782
310,783
310,784
310,785
310,786
310,787
310,788
310,789
310,790
310,791
310,792
310,793
310,794
310,795
310,796
310,797
310,798
310,799
310,800
310,801
310,802
310,803
310,804
310,805
310,806
310,807
310,808
310,809
310,810
310,811
310,812
310,813
310,814
310,815
310,816
310,817
310,818
310,819
310,820
310,821
310,822
310,823
310,824
310,825
310,826
310,827
310,828
310,829
310,830
310,831
310,832
310,833
310,834
310,835
310,836
310,837
310,838
310,839
310,840
310,841
310,842
310,843
310,844
310,845
310,846
310,847
310,848
310,849
310,850
310,851
310,852
310,853
310,854
310,855
310,856
310,857
310,858
310,859
310,860
310,861
310,862
310,863
310,864
310,865
310,866
310,867
310,868
310,869
310,870
310,871
310,872
310,873
310,874
310,875
310,876
310,877
310,878
310,879
310,880
310,881
310,882
310,883
310,884
310,885
310,886
310,887
310,888
310,889
310,890
310,891
310,892
310,893
310,894
310,895
310,896
310,897
310,898
310,899
310,900
310,901
310,902
310,903
310,904
310,905
310,906
310,907
310,908
310,909
310,910
310,911
310,912
310,913
310,914
310,915
310,916
310,917
310,918
310,919
310,920
310,921
310,922
310,923
310,924
310,925
310,926
310,927
310,928
310,929
310,930
310,931
310,932
310,933
310,934
310,935
310,936
310,937
310,938
310,939
310,940
310,941
310,942
310,943
310,944
310,945
310,946
:0_5,947
:0_5,948
:0_5,949
:0_5,950
:0_5,951
:0_5,952
3,953
3,954
3,955
3,956
3,957
3,958
3,959
3,960
3,961
3,962
3,963
3,964
3,965
3,966
3,967
3,968
3,969
3,970
3,971
3,972
3,973
3,974
3,975
3,976
3,977
3,978
3,979
3,980
3,981
3,982
3,983
3,984
3,985
3,986
3,987
3,988
3,989
3,990
3,991
3,992
3,993
3,994
3,995
3,996
3,997
3,998
3,999
3,1000
3,1001
3,1002
3,1003
3,1004
3,1005
3,1006
3,1007
3,1008
3,1009
3,1010
3,1011
3,1012
3,1013
3,1014
3,1015
3,1016
3,1017
3,1018
3,1019
3,1020
3,1021
3,1022
3,1023
3,1024
3,1025
3,1026
3,1027
3,1028
3,1029
3,1030
3,1031
3,1032
3,1033
3,1034
3,1035
3,1036
3,1037
3,1038
3,1039
3,1040
3,1041
3,1042
3,1043
3,1044
3,1045
3,1046
3,1047
3,1048
3,1049
3,1050
3,1051
3,1052
3,1053
3,1054
3,1055
3,1056
3,1057
3,1058
3,1059
3,1060
3,1061
3,1062
3,1063
3,1064
3,1065
3,1066
3,1067
3,1068
3,1069
3,1070
3,1071
3,1072
3,1073
3,1074
3,1075
3,1076
3,1077
3,1078
3,1079
3,1080
3,1081
3,1082
3,1083
3,1084
3,1085
3,1086
3,1087
3,1088
3,1089
3,1090
3,1091
3,1092
3,1093
3,1094
3,1095
3,1096
3,1097
3,1098
3,1099
3,1100
3,1101
3,1102
3,1103
3,1104
3,1105
3,1106
3,1107
3,1108
3,1109
3,1110
3,1111
3,1112
3,1113
3,1114
3,1115
3,1116
3,1117
3,1118
3,1119
3,1120
3,1121
3,1122
3,1123
3,1124
3,1125
3,1126
3,1127
3,1128
3,1129
3,1130
3,1131
3,1132
3,1133
3,1134
3,1135
3,1136
3,1137
3,1138
3,1139
3,1140
3,1141
3,1142
3,1143
3,1144
3,1145
3,1146
3,1147
3,1148
3,1149
3,1150
3,1151
3,1152
3,1153
3,1154
3,1155
3,1156
3,1157
3,1158
3,1159
3,1160
3,1161
3,1162
3,1163
3,1164
3,1165
3,1166
3,1167
3,1168
3,1169
3,1170
3,1171
3,1172
3,1173
3,1174
3,1175
3,1176
3,1177
3,1178
3,1179
3,1180
3,1181
3,1182
3,1183
3,1184
3,1185
3,1186
3,1187
3,1188
3,1189
3,1190
3,1191
3,1192
3,1193
3,1194
3,1195
3,1196
3,1197
3,1198
3,1199
3,1200
3,1201
3,1202
3,1203
3,1204
3,1205
3,1206
3,1207
3,1208
3,1209
3,1210
3,1211
3,1212
3,1213
3,1214
3,1215
3,1216
3,1217
3,1218
3,1219
3,1220
3,1221
3,1222
3,1223
3,1224
3,1225
3,1226
3,1227
3,1228
3,1229
3,1230
:4_3,1231
:4_3,1232
:4_3,1233
-390,1234
-390,1235
-390,1236
-390,1237
-390,1238
-390,1239
-390,1240
-390,1241
-390,1242
-390,1243
-390,1244
-390,1245
-390,1246
-390,1247
-390,1248
-390,1249
-390,1250
-390,1251
-390,1252
-390,1253
-390,1254
-390,1255
-390,1256
-390,1257
-390,1258
-390,1259
-390,1260
-390,1261
-390,1262
-390,1263
-390,1264
-390,1265
-390,1266
-390,1267
-390,1268
-390,1269
-390,1270
-390,1271
-390,1272
-390,1273
-390,1274
-390,1275
-390,1276
-390,1277
-390,1278
384,1279
384,1280
384,1281
384,1282
384,1283
384,1284
384,1285
384,1286
384,1287
384,1288
384,1289
384,1290
384,1291
384,1292
384,1293
384,1294
384,1295
384,1296
384,1297
384,1298
384,1299
384,1300
384,1301
384,1302
384,1303
384,1304
384,1305
384,1306
384,1307
384,1308
384,1309
384,1310
384,1311
384,1312
384,1313
384,1314
384,1315
384,1316
384,1317
384,1318
384,1319
384,1320
384,1321
384,1322
384,1323
384,1324
384,1325
384,1326
384,1327
384,1328
384,1329
384,1330
384,1331
384,1332
384,1333
384,1334
384,1335
384,1336
384,1337
384,1338
384,1339
384,1340
384,1341
384,1342
384,1343
385,1344
385,1345
385,1346
385,1347
385,1348
385,1349
385,1350
385,1351
385,1352
385,1353
385,1354
385,1355
385,1356
385,1357
385,1358
385,1359
385,1360
385,1361
385,1362
385,1363
385,1364
385,1365
385,1366
385,1367
385,1368
385,1369
385,1370
385,1371
385,1372
385,1373
385,1374
385,1375
385,1376
385,1377
385,1378
385,1379
385,1380
385,1381
385,1382
385,1383
385,1384
385,1385
385,1386
385,1387
385,1388
385,1389
385,1390
385,1391
385,1392
385,1393
385,1394
385,1395
385,1396
385,1397
385,1398
385,1399
385,1400
385,1401
385,1402
385,1403
385,1404
385,1405
385,1406
385,1407
385,1408
385,1409
385,1410
386,1411
386,1412
386,1413
386,1414
386,1415
386,1416
386,1417
386,1418
386,1419
386,1420
386,1421
386,1422
386,1423
386,1424
386,1425
386,1426
386,1427
386,1428
386,1429
386,1430
386,1431
386,1432
386,1433
386,1434
386,1435
386,1436
386,1437
386,1438
386,1439
386,1440
386,1441
386,1442
386,1443
386,1444
386,1445
386,1446
386,1447
386,1448
386,1449
386,1450
386,1451
386,1452
386,1453
386,1454
386,1455
386,1456
386,1457
386,1458
386,1459
386,1460
386,1461
386,1462
386,1463
386,1464
386,1465
386,1466
386,1467
386,1468
386,1469
386,1470
386,1471
386,1472
386,1473
386,1474
386,1475
386,1476
386,1477
:349_1,1478
387,1479
387,1480
387,1481
387,1482
387,1483
387,1484
387,1485
387,1486
387,1487
387,1488
387,1489
387,1490
387,1491
387,1492
387,1493
387,1494
387,1495
387,1496
387,1497
387,1498
387,1499
387,1500
387,1501
387,1502
387,1503
387,1504
387,1505
387,1506
387,1507
387,1508
387,1509
387,1510
387,1511
387,1512
387,1513
387,1514
387,1515
387,1516
387,1517
387,1518
387,1519
387,1520
387,1521
387,1522
387,1523
387,1524
387,1525
387,1526
387,1527
387,1528
387,1529
387,1530
387,1531
387,1532
387,1533
387,1534
387,1535
387,1536
387,1537
387,1538
387,1539
387,1540
387,1541
387,1542
387,1543
387,1544
387,1545
387,1546
387,1547
387,1548
387,1549
387,1550
:350_1,1551
388,1552
388,1553
388,1554
388,1555
388,1556
388,1557
388,1558
388,1559
388,1560
388,1561
388,1562
388,1563
388,1564
388,1565
388,1566
388,1567
388,1568
388,1569
388,1570
388,1571
388,1572
388,1573
388,1574
388,1575
388,1576
388,1577
388,1578
388,1579
388,1580
388,1581
388,1582
388,1583
388,1584
388,1585
388,1586
388,1587
388,1588
388,1589
388,1590
388,1591
388,1592
388,1593
388,1594
388,1595
388,1596
388,1597
388,1598
388,1599
388,1600
388,1601
388,1602
388,1603
388,1604
388,1605
388,1606
388,1607
388,1608
388,1609
388,1610
388,1611
388,1612
388,1613
388,1614
388,1615
389,1616
389,1617
389,1618
389,1619
389,1620
389,1621
389,1622
389,1623
389,1624
389,1625
389,1626
389,1627
389,1628
389,1629
389,1630
389,1631
389,1632
389,1633
389,1634
389,1635
389,1636
389,1637
389,1638
389,1639
389,1640
389,1641
389,1642
389,1643
389,1644
389,1645
389,1646
389,1647
389,1648
389,1649
389,1650
:352_6,1651
:352_6,1652
:352_6,1653
-631,1654
-631,1655
-631,1656
-631,1657
-631,1658
-631,1659
-631,1660
-631,1661
-631,1662
-631,1663
-631,1664
-631,1665
-631,1666
-631,1667
-631,1668
-631,1669
-631,1670
-631,1671
-631,1672
-631,1673
-631,1674
-631,1675
-631,1676
-631,1677
-631,1678
-631,1679
-631,1680
-631,1681
-631,1682
-631,1683
-631,1684
-631,1685
-631,1686
-631,1687
-631,1688
-631,1689
-631,1690
-631,1691
-631,1692
-631,1693
-631,1694
-631,1695
-631,1696
-631,1697
-631,1698
-631,1699
-631,1700
-631,1701
-631,1702
-631,1703
-631,1704
-631,1705
-631,1706
-631,1707
-631,1708
-631,1709
-631,1710
-631,1711
-631,1712
-631,1713
-631,1714
-631,1715
-631,1716
-631,1717
-631,1718
-631,1719
:448_1,1720
-566,1721
-566,1722
-566,1723
-566,1724
-566,1725
-566,1726
-566,1727
-566,1728
-566,1729
-566,1730
-566,1731
-566,1732
-566,1733
-566,1734
-566,1735
-566,1736
-566,1737
-566,1738
-566,1739
-566,1740
-566,1741
-566,1742
-566,1743
-566,1744
-566,1745
-566,1746
-566,1747
-566,1748
-566,1749
-566,1750
-566,1751
-566,1752
-566,1753
-566,1754
-566,1755
-566,1756
-566,1757
-566,1758
-566,1759
-566,1760
-566,1761
-566,1762
-566,1763
-566,1764
-566,1765
-566,1766
-566,1767
-566,1768
-566,1769
-566,1770
-566,1771
-566,1772
-566,1773
-566,1774
-566,1775
-566,1776
-566,1777
-566,1778
-566,1779
-566,1780
-566,1781
-566,1782
-566,1783
-566,1784
-566,1785
-566,1786
-566,1787
-566,1788
-566,1789
-566,1790
-566,1791
-566,1792
-566,1793
-566,1794
-566,1795
-566,1796
-566,1797
-566,1798
-566,1799
-566,1800
-566,1801
-566,1802
-566,1803
-566,1804
-566,1805
:447_0,1806
:447_0,1807
:447_0,1808
565,1809
565,1810
565,1811
565,1812
565,1813
565,1814
565,1815
565,1816
565,1817
565,1818
565,1819
565,1820
565,1821
565,1822
565,1823
565,1824
565,1825
565,1826
565,1827
565,1828
565,1829
565,1830
565,1831
565,1832
565,1833
565,1834
565,1835
565,1836
565,1837
565,1838
565,1839
565,1840
565,1841
565,1842
565,1843
565,1844
565,1845
565,1846
565,1847
565,1848
565,1849
565,1850
565,1851
565,1852
565,1853
565,1854
565,1855
565,1856
565,1857
565,1858
565,1859
565,1860
565,1861
565,1862
565,1863
565,1864
565,1865
565,1866
565,1867
565,1868
565,1869
565,1870
565,1871
565,1872
565,1873
565,1874
565,1875
565,1876
565,1877
565,1878
565,1879
565,1880
565,1881
565,1882
565,1883
565,1884
565,1885
565,1886
565,1887
565,1888
565,1889
565,1890
565,1891
565,1892
565,1893
565,1894
565,1895
565,1896
565,1897
565,1898
565,1899
565,1900
565,1901
565,1902
565,1903
565,1904
565,1905
565,1906
565,1907
565,1908
565,1909
565,1910
565,1911
565,1912
565,1913
565,1914
565,1915
:2_6,1916
:2_6,1917
:2_6,1918
:2_6,1919
-1,1920
-1,1921
-1,1922
-1,1923
-1,1924
-1,1925
-1,1926
-1,1927
-1,1928
-1,1929
-1,1930
-1,1931
-1,1932
-1,1933
-1,1934
-1,1935
-1,1936
-1,1937
-1,1938
-1,1939
-1,1940
-1,1941
-1,1942
-1,1943
-1,1944
-1,1945
-1,1946
-1,1947
-1,1948
-1,1949
-1,1950
-1,1951
-1,1952
-1,1953
:1_0,1954
:1_0,1955
:1_0,1956
:1_0,1957
:1_0,1958
-0,1959
-0,1960
-0,1961
-0,1962
-0,1963
-0,1964
-0,1965
-0,1966
-0,1967
-0,1968
-0,1969
-0,1970
-0,1971
-0,1972
-0,1973
-0,1974
-0,1975
-0,1976
-0,1977
-0,1978
-0,1979
-0,1980
-0,1981
-0,1982
-0,1983
-0,1984
-0,1985
-0,1986
-0,1987
-0,1988
-0,1989
-0,1990
-0,1991
-0,1992
-0,1993
-0,1994
-0,1995
-0,1996
-0,1997
-0,1998
-0,1999
-0,2000
