-454,1
-454,2
-454,3
-454,4
-454,5
-454,6
-454,7
-454,8
-454,9
-454,10
-454,11
-454,12
-454,13
-454,14
-454,15
-454,16
-454,17
-454,18
-454,19
-454,20
-454,21
-454,22
-454,23
-454,24
-454,25
-454,26
-454,27
-454,28
-454,29
-454,30
-454,31
-454,32
-454,33
-454,34
-454,35
-454,36
-454,37
-454,38
-454,39
-454,40
-454,41
-454,42
-454,43
-454,44
-454,45
-454,46
-454,47
-454,48
-454,49
-454,50
-454,51
-454,52
-454,53
-454,54
-454,55
-454,56
-454,57
-454,58
-454,59
-454,60
-454,61
-454,62
-454,63
-454,64
-454,65
-454,66
-454,67
-454,68
-454,69
-454,70
-454,71
-454,72
-454,73
-454,74
-454,75
-454,76
-454,77
-454,78
-454,79
-454,80
-454,81
-454,82
-454,83
-454,84
-454,85
-454,86
-454,87
-454,88
-454,89
-454,90
-454,91
-454,92
-454,93
-454,94
-454,95
-454,96
-454,97
:279_4,98
:279_4,99
:279_10,100
:279_10,101
:279_10,102
:279_10,103
-550,104
-550,105
-550,106
-550,107
-550,108
-550,109
-550,110
-550,111
-550,112
-550,113
-550,114
-550,115
-550,116
-550,117
-550,118
-550,119
-550,120
-550,121
-550,122
-550,123
-550,124
-550,125
-550,126
-550,127
-550,128
-550,129
-550,130
-550,131
-550,132
-550,133
-550,134
-550,135
-550,136
-550,137
-550,138
-550,139
-550,140
-550,141
-550,142
-550,143
-550,144
-550,145
-550,146
-550,147
-550,148
-550,149
-550,150
-550,151
-550,152
-550,153
-550,154
-550,155
-550,156
-550,157
-550,158
-550,159
-550,160
-550,161
-550,162
-550,163
-550,164
-550,165
-550,166
-550,167
-550,168
-550,169
-550,170
-550,171
-550,172
-550,173
-550,174
-550,175
-550,176
-550,177
-550,178
-550,179
-550,180
-550,181
-550,182
-550,183
-550,184
-550,185
-550,186
-550,187
-550,188
-550,189
-550,190
-550,191
-550,192
-550,193
-550,194
-550,195
-550,196
-550,197
-550,198
-550,199
-550,200
-550,201
-550,202
-550,203
-550,204
-550,205
-550,206
-550,207
-550,208
-550,209
-550,210
-550,211
-550,212
-550,213
-550,214
-550,215
-550,216
-550,217
-550,218
-550,219
-550,220
-550,221
-550,222
-550,223
-550,224
-550,225
-550,226
-550,227
-550,228
-550,229
-550,230
-550,231
-550,232
-550,233
-550,234
-550,235
-550,236
-550,237
-550,238
-550,239
-550,240
-550,241
-550,242
-550,243
-550,244
-550,245
-550,246
-550,247
-550,248
-550,249
-550,250
-550,251
-550,252
-550,253
-550,254
:247_3,255
:247_3,256
:247_3,257
-246,258
-246,259
-246,260
-246,261
-246,262
-246,263
-246,264
-246,265
-246,266
-246,267
-246,268
-246,269
-246,270
-246,271
-246,272
-246,273
-246,274
-246,275
-246,276
-246,277
-246,278
-246,279
-246,280
-246,281
-246,282
-246,283
-246,284
-246,285
-246,286
-246,287
-246,288
-246,289
-246,290
-246,291
-246,292
-246,293
-246,294
-246,295
-246,296
-246,297
-246,298
-246,299
-246,300
-246,301
-246,302
-246,303
-246,304
-246,305
-246,306
-246,307
-246,308
-246,309
-246,310
-246,311
-246,312
-246,313
-246,314
-246,315
-246,316
-246,317
-246,318
-246,319
-246,320
:197_4,321
:197_4,322
:197_4,323
:197_4,324
:197_4,325
:197_4,326
-183,327
-183,328
-183,329
-183,330
-183,331
-183,332
-183,333
-183,334
-183,335
-183,336
-183,337
-183,338
-183,339
-183,340
-183,341
-183,342
-183,343
-183,344
-183,345
-183,346
-183,347
-183,348
-183,349
-183,350
-183,351
-183,352
-183,353
-183,354
-183,355
-183,356
-183,357
-183,358
-183,359
-183,360
-183,361
-183,362
-183,363
-183,364
-183,365
-183,366
-183,367
-183,368
-183,369
-183,370
-183,371
-183,372
-183,373
-183,374
-183,375
-183,376
-183,377
-183,378
-183,379
-183,380
-183,381
-183,382
-183,383
-183,384
-183,385
-183,386
-183,387
-183,388
-183,389
-183,390
-183,391
-183,392
-183,393
-183,394
-183,395
-183,396
-183,397
-183,398
-183,399
-183,400
-183,401
-183,402
-183,403
-183,404
-183,405
-183,406
-183,407
-183,408
-183,409
-183,410
-183,411
-183,412
-183,413
-183,414
-183,415
-183,416
-183,417
-183,418
-183,419
-183,420
-183,421
-183,422
-183,423
-183,424
-183,425
-183,426
:194_0,427
:194_0,428
:194_0,429
:194_0,430
:194_0,431
182,432
182,433
182,434
182,435
182,436
182,437
182,438
182,439
182,440
182,441
182,442
182,443
182,444
182,445
182,446
182,447
182,448
182,449
182,450
182,451
182,452
182,453
182,454
182,455
182,456
182,457
182,458
182,459
182,460
182,461
182,462
182,463
182,464
182,465
182,466
182,467
182,468
182,469
182,470
182,471
182,472
182,473
182,474
182,475
182,476
182,477
182,478
182,479
182,480
182,481
182,482
182,483
182,484
182,485
182,486
182,487
182,488
182,489
182,490
182,491
182,492
182,493
182,494
182,495
182,496
182,497
182,498
182,499
182,500
:196_5,501
:196_5,502
:196_5,503
:196_5,504
:196_5,505
:196_5,506
206,507
206,508
206,509
206,510
206,511
206,512
206,513
206,514
206,515
206,516
206,517
206,518
206,519
206,520
206,521
206,522
206,523
206,524
206,525
206,526
206,527
206,528
206,529
206,530
206,531
206,532
206,533
206,534
206,535
206,536
206,537
206,538
206,539
206,540
206,541
206,542
206,543
206,544
206,545
206,546
206,547
206,548
206,549
206,550
206,551
206,552
206,553
206,554
206,555
206,556
206,557
206,558
206,559
206,560
206,561
206,562
206,563
206,564
206,565
206,566
206,567
206,568
206,569
:103_4,570
:103_4,571
:103_4,572
:103_4,573
:103_4,574
:103_4,575
-88,576
-88,577
-88,578
-88,579
-88,580
-88,581
-88,582
-88,583
-88,584
-88,585
-88,586
-88,587
-88,588
-88,589
-88,590
-88,591
-88,592
-88,593
-88,594
-88,595
-88,596
-88,597
-88,598
-88,599
-88,600
-88,601
-88,602
-88,603
-88,604
-88,605
-88,606
-88,607
-88,608
-88,609
-88,610
-88,611
-88,612
-88,613
-88,614
-88,615
-88,616
-88,617
-88,618
-88,619
-88,620
-88,621
-88,622
-88,623
-88,624
-88,625
-88,626
-88,627
-88,628
-88,629
-88,630
-88,631
-88,632
-88,633
-88,634
-88,635
-88,636
-88,637
-88,638
-88,639
-88,640
-88,641
-88,642
-88,643
-88,644
-88,645
-88,646
-88,647
-88,648
-88,649
-88,650
-88,651
-88,652
-88,653
-88,654
-88,655
-88,656
-88,657
-88,658
-88,659
-88,660
-88,661
-88,662
-88,663
-88,664
-88,665
-88,666
:27_5,667
:27_5,668
:27_5,669
:27_5,670
:27_5,671
:27_5,672
:27_5,673
86,674
86,675
86,676
86,677
86,678
86,679
86,680
86,681
86,682
86,683
86,684
86,685
86,686
86,687
86,688
86,689
86,690
86,691
86,692
86,693
86,694
86,695
86,696
86,697
86,698
86,699
86,700
86,701
86,702
86,703
86,704
86,705
86,706
86,707
86,708
86,709
86,710
86,711
86,712
86,713
86,714
86,715
86,716
86,717
86,718
86,719
86,720
86,721
86,722
86,723
86,724
86,725
86,726
86,727
86,728
86,729
86,730
86,731
86,732
86,733
86,734
86,735
86,736
86,737
86,738
86,739
86,740
86,741
86,742
86,743
86,744
86,745
86,746
86,747
86,748
86,749
86,750
86,751
86,752
86,753
86,754
86,755
86,756
86,757
86,758
86,759
86,760
86,761
86,762
86,763
86,764
86,765
86,766
86,767
86,768
:101_4,769
:101_4,770
:101_4,771
:101_4,772
:101_4,773
:101_4,774
-147,775
-147,776
-147,777
-147,778
-147,779
-147,780
-147,781
-147,782
-147,783
-147,784
-147,785
-147,786
-147,787
-147,788
-147,789
-147,790
-147,791
-147,792
-147,793
-147,794
-147,795
-147,796
-147,797
-147,798
-147,799
-147,800
-147,801
-147,802
-147,803
-147,804
-147,805
-147,806
-147,807
-147,808
-147,809
-147,810
-147,811
-147,812
-147,813
-147,814
-147,815
-147,816
-147,817
-147,818
-147,819
-147,820
-147,821
-147,822
-147,823
-147,824
-147,825
-147,826
-147,827
-147,828
-147,829
-147,830
-147,831
-147,832
-147,833
-147,834
-147,835
-147,836
-147,837
-147,838
-147,839
-147,840
-147,841
:160_5,842
:160_5,843
:160_5,844
:160_5,845
:160_5,846
148,847
148,848
148,849
148,850
148,851
148,852
148,853
148,854
148,855
148,856
148,857
148,858
148,859
148,860
148,861
148,862
148,863
148,864
148,865
148,866
148,867
148,868
148,869
148,870
148,871
148,872
148,873
148,874
148,875
148,876
148,877
148,878
148,879
148,880
148,881
148,882
148,883
148,884
148,885
148,886
148,887
148,888
148,889
148,890
148,891
148,892
148,893
148,894
148,895
148,896
148,897
148,898
148,899
148,900
148,901
148,902
148,903
148,904
148,905
148,906
148,907
148,908
148,909
148,910
148,911
148,912
148,913
148,914
148,915
148,916
148,917
148,918
148,919
148,920
148,921
148,922
148,923
148,924
148,925
148,926
148,927
148,928
148,929
148,930
148,931
148,932
148,933
148,934
148,935
148,936
:163_4,937
:163_4,938
:163_4,939
:163_4,940
-165,941
-165,942
-165,943
-165,944
-165,945
-165,946
-165,947
-165,948
-165,949
-165,950
-165,951
-165,952
-165,953
-165,954
-165,955
-165,956
-165,957
-165,958
-165,959
-165,960
-165,961
-165,962
-165,963
-165,964
-165,965
-165,966
-165,967
-165,968
-165,969
-165,970
-165,971
-165,972
-165,973
-165,974
-165,975
-165,976
-165,977
-165,978
-165,979
-165,980
-165,981
-165,982
-165,983
-165,984
-165,985
-165,986
-165,987
-165,988
-165,989
-165,990
-165,991
-165,992
-165,993
-165,994
-165,995
-165,996
-165,997
-165,998
-165,999
-165,1000
-165,1001
-165,1002
-165,1003
-165,1004
-165,1005
-165,1006
-165,1007
-165,1008
-165,1009
-165,1010
-165,1011
-165,1012
-165,1013
-165,1014
-165,1015
-165,1016
-165,1017
-165,1018
-165,1019
-165,1020
-165,1021
-165,1022
-165,1023
-165,1024
-165,1025
-165,1026
-165,1027
-165,1028
-165,1029
-165,1030
-165,1031
-165,1032
-165,1033
-165,1034
-165,1035
-165,1036
-165,1037
-165,1038
-165,1039
-165,1040
-165,1041
-165,1042
-165,1043
-165,1044
-165,1045
-165,1046
-165,1047
-165,1048
-165,1049
-165,1050
-165,1051
-165,1052
-165,1053
-165,1054
-165,1055
-165,1056
-165,1057
-165,1058
-165,1059
-165,1060
-165,1061
-165,1062
-165,1063
-165,1064
-165,1065
-165,1066
-165,1067
-165,1068
-165,1069
-165,1070
-165,1071
-165,1072
-165,1073
-165,1074
-165,1075
-165,1076
-165,1077
-165,1078
-165,1079
-165,1080
-165,1081
-165,1082
-165,1083
-165,1084
-165,1085
-165,1086
-165,1087
-165,1088
-165,1089
-165,1090
-165,1091
-165,1092
-165,1093
-165,1094
-165,1095
-165,1096
-165,1097
-165,1098
-165,1099
-165,1100
-165,1101
-165,1102
-165,1103
-165,1104
-165,1105
-165,1106
-165,1107
-165,1108
-165,1109
-165,1110
-165,1111
-165,1112
-165,1113
-165,1114
-165,1115
-165,1116
-165,1117
-165,1118
-165,1119
-165,1120
-165,1121
-165,1122
-165,1123
-165,1124
-165,1125
-165,1126
-165,1127
-165,1128
-165,1129
-165,1130
-165,1131
-165,1132
-165,1133
-165,1134
-165,1135
-165,1136
-165,1137
-165,1138
-165,1139
