-212,21
-212,22
-212,23
-212,24
-212,25
-212,26
-212,27
-212,28
-212,29
-212,30
-212,31
-212,32
-212,33
-212,34
-212,35
-212,36
-212,37
-212,38
-212,39
-212,40
-212,41
-212,42
-212,43
-212,44
-212,45
-212,46
-212,47
-212,48
-212,49
-212,50
-212,51
-212,52
-212,53
-212,54
-212,55
-212,56
-212,57
-212,58
-212,59
-212,60
-212,61
-212,62
-212,63
-212,64
-212,65
-212,66
:189_1,67
:189_1,68
:189_1,69
:189_1,70
:189_1,71
:189_1,72
-176,73
-176,74
-176,75
-176,76
-176,77
-176,78
-176,79
-176,80
-176,81
-176,82
-176,83
-176,84
-176,85
-176,86
-176,87
-176,88
-176,89
-176,90
-176,91
-176,92
-176,93
-176,94
-176,95
-176,96
-176,97
-176,98
-176,99
-176,100
-176,101
-176,102
-176,103
-176,104
-176,105
-176,106
-176,107
-176,108
-176,109
-176,110
-176,111
-176,112
-176,113
-176,114
-176,115
-176,116
-176,117
-176,118
-176,119
-176,120
-176,121
-176,122
-176,123
-176,124
-176,125
-176,126
-176,127
-176,128
-176,129
-176,130
-176,131
-176,132
-176,133
-176,134
-176,135
-176,136
-176,137
-176,138
-176,139
-176,140
-176,141
-176,142
-176,143
-176,144
-176,145
-176,146
-176,147
-176,148
-176,149
-176,150
-176,151
-176,152
-176,153
-176,154
-176,155
-176,156
-176,157
-176,158
-176,159
-176,160
-176,161
-176,162
-176,163
-176,164
-176,165
-176,166
-176,167
-176,168
-176,169
-176,170
-176,171
-176,172
-176,173
-176,174
-176,175
-176,176
-176,177
-176,178
-176,179
-176,180
-176,181
-176,182
-176,183
-176,184
:13_11,185
:13_11,186
:13_11,187
:13_11,188
177,189
177,190
177,191
177,192
177,193
177,194
177,195
177,196
177,197
177,198
177,199
177,200
177,201
177,202
177,203
177,204
177,205
177,206
177,207
177,208
177,209
177,210
177,211
177,212
177,213
177,214
177,215
177,216
177,217
177,218
177,219
177,220
177,221
177,222
177,223
177,224
177,225
177,226
177,227
177,228
177,229
177,230
177,231
177,232
177,233
177,234
177,235
177,236
177,237
177,238
177,239
177,240
177,241
177,242
177,243
177,244
177,245
177,246
177,247
177,248
177,249
177,250
177,251
177,252
177,253
177,254
177,255
177,256
177,257
177,258
177,259
177,260
177,261
177,262
177,263
177,264
177,265
177,266
177,267
177,268
177,269
177,270
177,271
177,272
177,273
177,274
177,275
177,276
177,277
177,278
177,279
177,280
177,281
177,282
177,283
177,284
177,285
177,286
177,287
177,288
177,289
177,290
177,291
177,292
177,293
177,294
177,295
177,296
177,297
177,298
177,299
177,300
177,301
177,302
177,303
177,304
177,305
177,306
177,307
177,308
177,309
177,310
177,311
177,312
177,313
177,314
177,315
177,316
177,317
177,318
177,319
177,320
177,321
177,322
177,323
177,324
177,325
177,326
177,327
177,328
177,329
177,330
:190_1,331
:190_1,332
:190_1,333
:190_1,334
:190_1,335
178,336
178,337
178,338
178,339
178,340
178,341
178,342
178,343
178,344
178,345
178,346
178,347
178,348
178,349
178,350
178,351
178,352
178,353
178,354
178,355
178,356
178,357
178,358
178,359
178,360
178,361
178,362
178,363
178,364
178,365
178,366
178,367
178,368
178,369
178,370
178,371
178,372
178,373
178,374
178,375
178,376
178,377
178,378
178,379
178,380
178,381
178,382
178,383
178,384
178,385
178,386
178,387
178,388
178,389
178,390
178,391
178,392
178,393
178,394
178,395
178,396
178,397
178,398
178,399
178,400
178,401
178,402
178,403
178,404
178,405
178,406
178,407
178,408
178,409
178,410
178,411
178,412
178,413
178,414
178,415
178,416
178,417
178,418
178,419
178,420
178,421
178,422
178,423
178,424
178,425
178,426
178,427
178,428
178,429
178,430
178,431
178,432
178,433
178,434
178,435
178,436
178,437
178,438
178,439
178,440
178,441
178,442
178,443
178,444
178,445
178,446
178,447
178,448
178,449
178,450
178,451
178,452
178,453
178,454
178,455
178,456
178,457
178,458
178,459
178,460
178,461
178,462
178,463
178,464
178,465
178,466
178,467
178,468
178,469
178,470
178,471
178,472
178,473
178,474
178,475
178,476
178,477
178,478
178,479
178,480
178,481
178,482
178,483
178,484
178,485
178,486
178,487
178,488
178,489
178,490
178,491
178,492
178,493
178,494
178,495
178,496
178,497
178,498
178,499
178,500
178,501
178,502
178,503
178,504
178,505
178,506
178,507
178,508
178,509
178,510
178,511
178,512
178,513
178,514
178,515
:191_5,516
:191_5,517
:191_5,518
:191_5,519
:191_5,520
-195,521
-195,522
-195,523
-195,524
-195,525
-195,526
-195,527
-195,528
-195,529
-195,530
-195,531
-195,532
-195,533
-195,534
-195,535
-195,536
-195,537
-195,538
-195,539
-195,540
-195,541
-195,542
-195,543
-195,544
-195,545
-195,546
-195,547
-195,548
-195,549
-195,550
-195,551
-195,552
-195,553
-195,554
-195,555
-195,556
-195,557
-195,558
-195,559
-195,560
-195,561
-195,562
-195,563
-195,564
-195,565
-195,566
-195,567
-195,568
-195,569
-195,570
-195,571
-195,572
-195,573
-195,574
-195,575
-195,576
-195,577
-195,578
-195,579
-195,580
-195,581
-195,582
-195,583
-195,584
-195,585
-195,586
-195,587
-195,588
-195,589
-195,590
-195,591
-195,592
-195,593
-195,594
-195,595
-195,596
-195,597
-195,598
-195,599
-195,600
-195,601
-195,602
-195,603
-195,604
-195,605
-195,606
-195,607
-195,608
-195,609
-195,610
-195,611
-195,612
-195,613
-195,614
-195,615
-195,616
-195,617
-195,618
-195,619
-195,620
-195,621
-195,622
-195,623
-195,624
-195,625
-195,626
-195,627
-195,628
-195,629
-195,630
-195,631
-195,632
-195,633
-195,634
-195,635
-195,636
-195,637
-195,638
-195,639
-195,640
-195,641
-195,642
-195,643
-195,644
-195,645
-195,646
-195,647
-195,648
-195,649
-195,650
-195,651
-195,652
-195,653
-195,654
-195,655
-195,656
-195,657
-195,658
-195,659
-195,660
-195,661
-195,662
-195,663
-195,664
-195,665
-195,666
-195,667
-195,668
-195,669
-195,670
-195,671
-195,672
-195,673
-195,674
-195,675
-195,676
-195,677
-195,678
-195,679
-195,680
-195,681
-195,682
-195,683
-195,684
-195,685
-195,686
-195,687
-195,688
-195,689
-195,690
-195,691
-195,692
-195,693
-195,694
-195,695
-195,696
-195,697
-195,698
-195,699
-195,700
-195,701
-195,702
-195,703
-195,704
-195,705
-195,706
-195,707
-195,708
-195,709
-195,710
-195,711
-195,712
-195,713
-195,714
-195,715
-195,716
-195,717
-195,718
-195,719
:204_0,720
:204_0,721
:204_0,722
-235,723
-235,724
-235,725
-235,726
-235,727
-235,728
-235,729
-235,730
-235,731
-235,732
-235,733
-235,734
-235,735
-235,736
-235,737
-235,738
-235,739
-235,740
-235,741
-235,742
-235,743
-235,744
-235,745
-235,746
-235,747
-235,748
-235,749
-235,750
-235,751
-235,752
-235,753
-235,754
-235,755
-235,756
-235,757
-235,758
-235,759
-235,760
-235,761
-235,762
-235,763
-235,764
-235,765
-235,766
-235,767
-235,768
-235,769
-235,770
-235,771
-235,772
-235,773
-235,774
-235,775
-235,776
-235,777
-235,778
-235,779
-235,780
-235,781
-235,782
-235,783
-235,784
-235,785
-235,786
-235,787
-235,788
-235,789
-235,790
-235,791
-235,792
-235,793
-235,794
-235,795
-235,796
-235,797
-235,798
-235,799
:182_4,800
:182_4,801
:182_4,802
-184,803
-184,804
-184,805
-184,806
-184,807
-184,808
-184,809
-184,810
-184,811
-184,812
-184,813
-184,814
-184,815
-184,816
-184,817
-184,818
-184,819
-184,820
-184,821
-184,822
-184,823
-184,824
-184,825
-184,826
-184,827
-184,828
-184,829
-184,830
-184,831
-184,832
-184,833
-184,834
-184,835
-184,836
-184,837
-184,838
-184,839
-184,840
-184,841
-184,842
-184,843
-184,844
-184,845
-184,846
-184,847
-184,848
-184,849
-184,850
-184,851
-184,852
-184,853
-184,854
-184,855
-184,856
-184,857
-184,858
-184,859
-184,860
-184,861
-184,862
-184,863
-184,864
-184,865
-184,866
-184,867
-184,868
-184,869
-184,870
-184,871
-184,872
-184,873
-184,874
-184,875
-184,876
-184,877
-184,878
-184,879
-184,880
-184,881
-184,882
-184,883
-184,884
-184,885
-184,886
-184,887
-184,888
-184,889
-184,890
-184,891
-184,892
-184,893
-184,894
-184,895
-184,896
-184,897
-184,898
-184,899
-184,900
-184,901
-184,902
-184,903
-184,904
-184,905
-184,906
-184,907
-184,908
-184,909
-184,910
-184,911
-184,912
-184,913
-184,914
-184,915
-184,916
-184,917
-184,918
-184,919
-184,920
-184,921
-184,922
-184,923
-184,924
-184,925
-184,926
-184,927
-184,928
-184,929
-184,930
-184,931
-184,932
-184,933
-184,934
-184,935
-184,936
-184,937
-184,938
-184,939
-184,940
-184,941
-184,942
-184,943
-184,944
-184,945
-184,946
-184,947
-184,948
-184,949
-184,950
-184,951
-184,952
-184,953
-184,954
-184,955
-184,956
-184,957
-184,958
-184,959
-184,960
-184,961
-184,962
-184,963
-184,964
-184,965
-184,966
-184,967
-184,968
-184,969
-184,970
-184,971
-184,972
-184,973
-184,974
-184,975
-184,976
-184,977
-184,978
-184,979
-184,980
-184,981
-184,982
-184,983
-184,984
-184,985
-184,986
-184,987
-184,988
-184,989
-184,990
-184,991
-184,992
-184,993
-184,994
-184,995
-184,996
-184,997
-184,998
-184,999
-184,1000
-184,1001
:187_9,1002
:187_9,1003
:187_9,1004
:187_9,1005
:187_9,1006
:187_9,1007
186,1008
186,1009
186,1010
186,1011
186,1012
186,1013
186,1014
186,1015
186,1016
186,1017
186,1018
186,1019
186,1020
186,1021
186,1022
186,1023
186,1024
186,1025
186,1026
186,1027
186,1028
186,1029
186,1030
186,1031
186,1032
186,1033
186,1034
186,1035
186,1036
186,1037
186,1038
186,1039
186,1040
186,1041
186,1042
186,1043
186,1044
186,1045
186,1046
186,1047
186,1048
186,1049
186,1050
186,1051
186,1052
186,1053
186,1054
186,1055
186,1056
186,1057
186,1058
186,1059
186,1060
186,1061
186,1062
186,1063
186,1064
186,1065
186,1066
186,1067
186,1068
186,1069
186,1070
186,1071
186,1072
186,1073
186,1074
186,1075
186,1076
186,1077
186,1078
186,1079
186,1080
186,1081
186,1082
186,1083
186,1084
186,1085
186,1086
186,1087
186,1088
186,1089
186,1090
186,1091
186,1092
186,1093
186,1094
186,1095
186,1096
186,1097
186,1098
186,1099
186,1100
186,1101
186,1102
186,1103
186,1104
186,1105
186,1106
186,1107
186,1108
186,1109
186,1110
186,1111
186,1112
186,1113
186,1114
186,1115
186,1116
186,1117
186,1118
186,1119
186,1120
186,1121
186,1122
186,1123
186,1124
186,1125
186,1126
186,1127
186,1128
186,1129
186,1130
186,1131
186,1132
186,1133
186,1134
186,1135
186,1136
186,1137
186,1138
186,1139
186,1140
186,1141
186,1142
186,1143
186,1144
186,1145
186,1146
186,1147
186,1148
186,1149
186,1150
186,1151
186,1152
186,1153
186,1154
186,1155
186,1156
186,1157
186,1158
186,1159
186,1160
186,1161
186,1162
186,1163
186,1164
186,1165
186,1166
186,1167
186,1168
186,1169
186,1170
186,1171
186,1172
186,1173
186,1174
186,1175
186,1176
186,1177
186,1178
186,1179
186,1180
186,1181
186,1182
186,1183
186,1184
186,1185
186,1186
186,1187
186,1188
186,1189
186,1190
:198_4,1191
:198_4,1192
:198_4,1193
:198_4,1194
:198_4,1195
:198_4,1196
-228,1197
-228,1198
-228,1199
-228,1200
-228,1201
-228,1202
-228,1203
-228,1204
-228,1205
-228,1206
-228,1207
-228,1208
-228,1209
-228,1210
-228,1211
-228,1212
-228,1213
-228,1214
-228,1215
-228,1216
-228,1217
-228,1218
-228,1219
-228,1220
-228,1221
-228,1222
-228,1223
-228,1224
-228,1225
-228,1226
-228,1227
-228,1228
-228,1229
-228,1230
-228,1231
-228,1232
-228,1233
-228,1234
-228,1235
-228,1236
-228,1237
-228,1238
-228,1239
-228,1240
-228,1241
-228,1242
-228,1243
-228,1244
-228,1245
-228,1246
-228,1247
-228,1248
-228,1249
-228,1250
-228,1251
-228,1252
-228,1253
-228,1254
-228,1255
-228,1256
-228,1257
-228,1258
:186_8,1259
:186_8,1260
:186_8,1261
227,1262
227,1263
227,1264
227,1265
227,1266
227,1267
227,1268
227,1269
227,1270
227,1271
227,1272
227,1273
227,1274
227,1275
227,1276
227,1277
227,1278
227,1279
227,1280
227,1281
227,1282
227,1283
227,1284
227,1285
227,1286
227,1287
227,1288
227,1289
227,1290
227,1291
227,1292
227,1293
227,1294
227,1295
227,1296
227,1297
227,1298
227,1299
227,1300
227,1301
227,1302
227,1303
227,1304
227,1305
227,1306
227,1307
227,1308
227,1309
227,1310
227,1311
227,1312
227,1313
227,1314
227,1315
227,1316
227,1317
227,1318
227,1319
227,1320
227,1321
227,1322
227,1323
-211,1324
-211,1325
-211,1326
-211,1327
-211,1328
-211,1329
-211,1330
-211,1331
-211,1332
-211,1333
-211,1334
-211,1335
-211,1336
-211,1337
-211,1338
-211,1339
-211,1340
-211,1341
-211,1342
-211,1343
-211,1344
-211,1345
-211,1346
-211,1347
-211,1348
-211,1349
-211,1350
-211,1351
-211,1352
-211,1353
-211,1354
-211,1355
-211,1356
-211,1357
-211,1358
-211,1359
-211,1360
-211,1361
-211,1362
-211,1363
-211,1364
-211,1365
-211,1366
-211,1367
-211,1368
-211,1369
-211,1370
:189_12,1371
:189_12,1372
:189_12,1373
:189_12,1374
-176,1375
-176,1376
-176,1377
-176,1378
-176,1379
-176,1380
-176,1381
-176,1382
-176,1383
-176,1384
-176,1385
-176,1386
-176,1387
-176,1388
-176,1389
-176,1390
-176,1391
-176,1392
-176,1393
-176,1394
-176,1395
-176,1396
-176,1397
-176,1398
-176,1399
-176,1400
-176,1401
-176,1402
-176,1403
-176,1404
-176,1405
-176,1406
-176,1407
-176,1408
-176,1409
-176,1410
-176,1411
-176,1412
-176,1413
-176,1414
-176,1415
-176,1416
-176,1417
-176,1418
-176,1419
-176,1420
-176,1421
-176,1422
-176,1423
-176,1424
-176,1425
-176,1426
-176,1427
-176,1428
-176,1429
-176,1430
-176,1431
-176,1432
-176,1433
-176,1434
-176,1435
-176,1436
-176,1437
-176,1438
-176,1439
-176,1440
-176,1441
-176,1442
-176,1443
-176,1444
-176,1445
-176,1446
-176,1447
-176,1448
-176,1449
-176,1450
-176,1451
-176,1452
-176,1453
-176,1454
-176,1455
-176,1456
-176,1457
-176,1458
-176,1459
-176,1460
-176,1461
-176,1462
-176,1463
-176,1464
-176,1465
-176,1466
-176,1467
-176,1468
-176,1469
-176,1470
-176,1471
-176,1472
-176,1473
-176,1474
-176,1475
-176,1476
-176,1477
-176,1478
-176,1479
-176,1480
-176,1481
-176,1482
-176,1483
-176,1484
-176,1485
:13_12,1486
:13_12,1487
:13_12,1488
:13_12,1489
:13_12,1490
175,1491
175,1492
175,1493
175,1494
175,1495
175,1496
175,1497
175,1498
175,1499
175,1500
175,1501
175,1502
175,1503
175,1504
175,1505
175,1506
175,1507
175,1508
175,1509
175,1510
175,1511
175,1512
175,1513
175,1514
175,1515
175,1516
175,1517
175,1518
175,1519
175,1520
175,1521
175,1522
175,1523
175,1524
175,1525
175,1526
175,1527
175,1528
175,1529
175,1530
175,1531
175,1532
175,1533
175,1534
175,1535
175,1536
175,1537
175,1538
175,1539
175,1540
175,1541
175,1542
175,1543
175,1544
175,1545
175,1546
175,1547
175,1548
175,1549
175,1550
175,1551
175,1552
175,1553
175,1554
175,1555
175,1556
175,1557
464,1558
464,1559
464,1560
464,1561
464,1562
464,1563
464,1564
464,1565
464,1566
464,1567
464,1568
464,1569
464,1570
464,1571
464,1572
464,1573
464,1574
464,1575
464,1576
464,1577
464,1578
464,1579
464,1580
464,1581
464,1582
464,1583
464,1584
464,1585
464,1586
464,1587
464,1588
464,1589
464,1590
464,1591
464,1592
464,1593
464,1594
464,1595
464,1596
464,1597
464,1598
464,1599
464,1600
464,1601
464,1602
464,1603
464,1604
464,1605
464,1606
464,1607
464,1608
464,1609
464,1610
464,1611
464,1612
464,1613
464,1614
464,1615
464,1616
464,1617
464,1618
464,1619
464,1620
464,1621
464,1622
464,1623
464,1624
464,1625
464,1626
464,1627
464,1628
464,1629
464,1630
464,1631
464,1632
464,1633
464,1634
464,1635
464,1636
464,1637
464,1638
464,1639
464,1640
464,1641
464,1642
464,1643
464,1644
464,1645
464,1646
464,1647
464,1648
464,1649
464,1650
464,1651
464,1652
:396_0,1653
:396_0,1654
:396_0,1655
:396_0,1656
:396_0,1657
679,1658
679,1659
679,1660
679,1661
679,1662
679,1663
679,1664
679,1665
679,1666
679,1667
679,1668
679,1669
679,1670
679,1671
679,1672
679,1673
679,1674
679,1675
679,1676
679,1677
679,1678
679,1679
679,1680
679,1681
679,1682
679,1683
679,1684
679,1685
679,1686
679,1687
679,1688
679,1689
679,1690
679,1691
679,1692
679,1693
679,1694
679,1695
679,1696
679,1697
679,1698
679,1699
679,1700
679,1701
679,1702
679,1703
679,1704
679,1705
679,1706
679,1707
679,1708
679,1709
679,1710
679,1711
679,1712
679,1713
679,1714
679,1715
679,1716
679,1717
679,1718
679,1719
679,1720
679,1721
679,1722
679,1723
679,1724
:375_1,1725
:375_1,1726
:375_1,1727
:375_1,1728
:375_1,1729
430,1730
430,1731
430,1732
430,1733
430,1734
430,1735
430,1736
430,1737
430,1738
430,1739
430,1740
430,1741
430,1742
430,1743
430,1744
430,1745
430,1746
430,1747
430,1748
430,1749
430,1750
430,1751
430,1752
430,1753
430,1754
430,1755
430,1756
430,1757
430,1758
430,1759
430,1760
430,1761
430,1762
430,1763
430,1764
430,1765
430,1766
430,1767
430,1768
430,1769
430,1770
430,1771
430,1772
430,1773
430,1774
430,1775
430,1776
430,1777
430,1778
430,1779
430,1780
430,1781
430,1782
430,1783
430,1784
430,1785
430,1786
430,1787
430,1788
430,1789
430,1790
430,1791
430,1792
430,1793
430,1794
430,1795
430,1796
430,1797
430,1798
430,1799
430,1800
430,1801
430,1802
430,1803
430,1804
430,1805
430,1806
430,1807
430,1808
430,1809
430,1810
430,1811
430,1812
430,1813
430,1814
430,1815
430,1816
430,1817
430,1818
430,1819
430,1820
430,1821
430,1822
430,1823
430,1824
430,1825
430,1826
430,1827
430,1828
430,1829
430,1830
430,1831
430,1832
430,1833
430,1834
430,1835
430,1836
430,1837
430,1838
430,1839
430,1840
430,1841
430,1842
430,1843
430,1844
430,1845
430,1846
430,1847
430,1848
430,1849
430,1850
430,1851
430,1852
430,1853
430,1854
430,1855
430,1856
430,1857
430,1858
430,1859
430,1860
430,1861
430,1862
430,1863
430,1864
430,1865
430,1866
430,1867
430,1868
430,1869
430,1870
430,1871
430,1872
430,1873
430,1874
430,1875
430,1876
430,1877
430,1878
430,1879
430,1880
430,1881
430,1882
430,1883
430,1884
430,1885
430,1886
430,1887
430,1888
430,1889
430,1890
430,1891
430,1892
430,1893
430,1894
430,1895
430,1896
430,1897
430,1898
430,1899
430,1900
430,1901
430,1902
430,1903
430,1904
430,1905
430,1906
430,1907
430,1908
430,1909
430,1910
430,1911
430,1912
430,1913
430,1914
430,1915
430,1916
430,1917
430,1918
430,1919
:50_13,1920
:50_13,1921
:50_13,1922
:50_13,1923
:50_13,1924
:50_13,1925
:50_13,1926
:50_13,1927
322,1928
322,1929
322,1930
322,1931
322,1932
322,1933
322,1934
322,1935
322,1936
322,1937
322,1938
322,1939
322,1940
322,1941
322,1942
322,1943
322,1944
322,1945
322,1946
322,1947
322,1948
322,1949
322,1950
322,1951
322,1952
322,1953
322,1954
322,1955
322,1956
322,1957
322,1958
322,1959
322,1960
322,1961
322,1962
322,1963
322,1964
322,1965
322,1966
322,1967
322,1968
322,1969
322,1970
322,1971
322,1972
322,1973
322,1974
322,1975
322,1976
322,1977
322,1978
322,1979
322,1980
322,1981
322,1982
322,1983
322,1984
322,1985
322,1986
322,1987
322,1988
322,1989
322,1990
322,1991
322,1992
322,1993
322,1994
322,1995
322,1996
322,1997
322,1998
322,1999
322,2000
