106,21
106,22
106,23
106,24
106,25
106,26
106,27
106,28
106,29
106,30
106,31
106,32
106,33
106,34
106,35
106,36
106,37
106,38
106,39
106,40
106,41
106,42
106,43
106,44
106,45
106,46
106,47
106,48
106,49
106,50
106,51
106,52
106,53
106,54
106,55
106,56
106,57
106,58
106,59
106,60
106,61
106,62
106,63
106,64
106,65
106,66
106,67
106,68
106,69
106,70
106,71
106,72
106,73
106,74
106,75
106,76
106,77
106,78
106,79
106,80
106,81
106,82
:122_13,83
:122_13,84
:122_13,85
:122_13,86
:122_13,87
292,88
292,89
292,90
292,91
292,92
292,93
292,94
292,95
292,96
292,97
292,98
292,99
292,100
292,101
292,102
292,103
292,104
292,105
292,106
292,107
292,108
292,109
292,110
292,111
292,112
292,113
292,114
292,115
292,116
292,117
292,118
292,119
292,120
292,121
292,122
292,123
292,124
292,125
292,126
292,127
292,128
292,129
292,130
292,131
292,132
292,133
292,134
292,135
292,136
292,137
:232_7,138
:232_7,139
:232_10,140
:232_10,141
-524,142
-524,143
-524,144
-524,145
-524,146
-524,147
-524,148
-524,149
-524,150
-524,151
-524,152
-524,153
-524,154
-524,155
-524,156
-524,157
-524,158
-524,159
-524,160
-524,161
-524,162
-524,163
-524,164
-524,165
-524,166
-524,167
-524,168
-524,169
-524,170
-524,171
-524,172
-524,173
-524,174
-524,175
-524,176
-524,177
-524,178
-524,179
-524,180
-524,181
-524,182
-524,183
-524,184
-524,185
-524,186
-524,187
-524,188
-524,189
-524,190
-524,191
-524,192
-524,193
-524,194
-524,195
-524,196
-524,197
-524,198
-524,199
-524,200
-524,201
-524,202
-524,203
-524,204
-524,205
-524,206
-524,207
-524,208
-524,209
-524,210
-524,211
-524,212
-524,213
-524,214
-524,215
-524,216
-524,217
-524,218
-524,219
-524,220
-524,221
-524,222
-524,223
-524,224
-524,225
-524,226
-524,227
-524,228
-524,229
-524,230
-524,231
-524,232
-524,233
-524,234
-524,235
-524,236
-524,237
-524,238
-524,239
-524,240
-524,241
-524,242
-524,243
-524,244
-524,245
-524,246
-524,247
-524,248
-524,249
-524,250
-524,251
-524,252
-524,253
-524,254
-524,255
-524,256
-524,257
-524,258
-524,259
-524,260
-524,261
-524,262
-524,263
-524,264
-524,265
-524,266
-524,267
-524,268
-524,269
-524,270
-524,271
:399_13,272
:399_13,273
:399_13,274
:399_13,275
:399_13,276
-503,277
-503,278
-503,279
-503,280
-503,281
-503,282
-503,283
-503,284
-503,285
-503,286
-503,287
-503,288
-503,289
-503,290
-503,291
-503,292
-503,293
-503,294
-503,295
-503,296
-503,297
-503,298
-503,299
-503,300
-503,301
-503,302
-503,303
-503,304
-503,305
-503,306
-503,307
-503,308
-503,309
-503,310
-503,311
-503,312
-503,313
-503,314
-503,315
-503,316
-503,317
-503,318
-503,319
-503,320
-503,321
-503,322
-503,323
-503,324
-503,325
-503,326
-503,327
-503,328
-503,329
-503,330
:421_7,331
:421_7,332
:421_10,333
:421_10,334
:421_10,335
504,336
504,337
504,338
504,339
504,340
504,341
504,342
504,343
504,344
504,345
504,346
504,347
504,348
504,349
504,350
504,351
504,352
504,353
504,354
504,355
504,356
504,357
504,358
504,359
504,360
504,361
:258_3,362
:258_3,363
:258_3,364
-261,365
-261,366
-261,367
-261,368
-261,369
-261,370
-261,371
-261,372
-261,373
-261,374
-261,375
-261,376
-261,377
-261,378
-261,379
-261,380
-261,381
-261,382
-261,383
-261,384
-261,385
-261,386
-261,387
-261,388
-261,389
-261,390
-261,391
-261,392
-261,393
-261,394
-261,395
-261,396
-261,397
-261,398
-261,399
-261,400
-261,401
-261,402
-261,403
-261,404
-261,405
-261,406
-261,407
-261,408
-261,409
-261,410
-261,411
-261,412
-261,413
-261,414
-261,415
-261,416
-261,417
-261,418
-261,419
-261,420
-261,421
-261,422
-261,423
-261,424
-261,425
-261,426
-261,427
-261,428
-261,429
-261,430
-261,431
-261,432
-261,433
-261,434
-261,435
-261,436
-261,437
-261,438
-261,439
-261,440
-261,441
-261,442
-261,443
-261,444
-261,445
-261,446
-261,447
-261,448
-261,449
:157_9,450
:157_9,451
:157_9,452
:157_9,453
:157_9,454
260,455
260,456
260,457
260,458
260,459
260,460
260,461
260,462
260,463
260,464
260,465
260,466
260,467
260,468
260,469
260,470
260,471
260,472
260,473
260,474
260,475
260,476
260,477
260,478
260,479
260,480
260,481
260,482
260,483
260,484
260,485
260,486
260,487
260,488
260,489
260,490
260,491
260,492
260,493
260,494
260,495
260,496
260,497
260,498
260,499
260,500
260,501
260,502
260,503
260,504
260,505
260,506
260,507
260,508
260,509
260,510
260,511
260,512
260,513
260,514
260,515
260,516
260,517
260,518
260,519
260,520
260,521
260,522
260,523
260,524
260,525
260,526
260,527
260,528
260,529
260,530
260,531
260,532
260,533
260,534
:257_0,535
:257_0,536
-500,537
-500,538
-500,539
-500,540
-500,541
-500,542
-500,543
-500,544
-500,545
-500,546
-500,547
-500,548
-500,549
-500,550
-500,551
-500,552
-500,553
-500,554
-500,555
-500,556
-500,557
-500,558
-500,559
-500,560
-500,561
-500,562
-500,563
-500,564
-500,565
-500,566
-500,567
-500,568
-500,569
-500,570
-500,571
-500,572
-500,573
-500,574
-500,575
-500,576
-500,577
-500,578
-500,579
-500,580
-500,581
-500,582
-500,583
-500,584
:353_3,585
:353_3,586
:353_3,587
-593,588
-593,589
-593,590
-593,591
-593,592
-593,593
-593,594
-593,595
-593,596
-593,597
-593,598
-593,599
-593,600
-593,601
-593,602
-593,603
-593,604
-593,605
-593,606
-593,607
-593,608
-593,609
-593,610
-593,611
-593,612
-593,613
-593,614
-593,615
-593,616
-593,617
-593,618
-593,619
-593,620
-593,621
-593,622
-593,623
-593,624
-593,625
-593,626
-593,627
-593,628
-593,629
-593,630
-593,631
-593,632
-593,633
-593,634
-593,635
-593,636
-593,637
-593,638
-593,639
-593,640
-593,641
-593,642
-593,643
-593,644
-593,645
-593,646
-593,647
-593,648
-593,649
-593,650
-593,651
-593,652
-593,653
-593,654
-593,655
-593,656
-593,657
-593,658
-593,659
-593,660
-593,661
-593,662
-593,663
-593,664
-593,665
-593,666
-593,667
-593,668
-593,669
-593,670
-593,671
-593,672
-593,673
-593,674
-593,675
-593,676
-593,677
-593,678
-593,679
-593,680
-593,681
-593,682
-593,683
-593,684
