-425,1
-425,2
-425,3
-425,4
-425,5
-425,6
-425,7
-425,8
-425,9
-425,10
-425,11
-425,12
-425,13
-425,14
-425,15
-425,16
-425,17
-425,18
-425,19
-425,20
-425,21
-425,22
-425,23
-425,24
-425,25
-425,26
-425,27
-425,28
-425,29
-425,30
-425,31
-425,32
-425,33
-425,34
-425,35
-425,36
-425,37
-425,38
-425,39
-425,40
-425,41
-425,42
-425,43
-425,44
-425,45
-425,46
-425,47
-425,48
-425,49
-425,50
-425,51
-425,52
-425,53
-425,54
-425,55
-425,56
-425,57
-425,58
-425,59
-425,60
-425,61
-425,62
-425,63
-425,64
-425,65
-425,66
-425,67
-425,68
-425,69
-425,70
-425,71
-425,72
-425,73
-425,74
-425,75
-425,76
-425,77
-425,78
-425,79
-425,80
-425,81
-425,82
-425,83
-425,84
-425,85
-425,86
-425,87
-425,88
-425,89
-425,90
-425,91
-425,92
-425,93
-425,94
-425,95
-425,96
-425,97
-425,98
-425,99
-425,100
-425,101
-425,102
-425,103
-425,104
:7_8,105
:7_8,106
:7_8,107
:7_8,108
-5,109
-5,110
-5,111
-5,112
-5,113
-5,114
-5,115
-5,116
-5,117
-5,118
-5,119
-5,120
-5,121
-5,122
-5,123
-5,124
-5,125
-5,126
-5,127
-5,128
-5,129
-5,130
-5,131
-5,132
-5,133
-5,134
-5,135
-5,136
-5,137
-5,138
-5,139
-5,140
-5,141
-5,142
-5,143
-5,144
-5,145
-5,146
-5,147
-5,148
-5,149
-5,150
-5,151
-5,152
-5,153
-5,154
-5,155
-5,156
-5,157
-5,158
-5,159
-5,160
-5,161
-5,162
-5,163
-5,164
-5,165
-5,166
-5,167
-5,168
-5,169
-5,170
:6_12,171
:6_12,172
:6_12,173
:6_12,174
:6_12,175
-41,176
-41,177
-41,178
-41,179
-41,180
-41,181
-41,182
-41,183
-41,184
-41,185
-41,186
-41,187
-41,188
-41,189
-41,190
-41,191
-41,192
-41,193
-41,194
-41,195
-41,196
-41,197
-41,198
-41,199
-41,200
-41,201
-41,202
-41,203
-41,204
-41,205
-41,206
-41,207
-41,208
-41,209
-41,210
-41,211
-41,212
-41,213
-41,214
-41,215
-41,216
-41,217
-41,218
-41,219
-41,220
-41,221
-41,222
-41,223
-41,224
-41,225
-41,226
-41,227
-41,228
-41,229
-41,230
-41,231
-41,232
-41,233
-41,234
-41,235
-41,236
-41,237
-41,238
-41,239
-41,240
-41,241
-41,242
-41,243
-41,244
-41,245
-41,246
-41,247
-41,248
-41,249
-41,250
-41,251
-41,252
-41,253
-41,254
-41,255
-41,256
-41,257
-41,258
-41,259
-41,260
-41,261
-41,262
-41,263
-41,264
-41,265
-41,266
-41,267
-41,268
-41,269
-41,270
-41,271
-41,272
-41,273
-41,274
-41,275
-41,276
-41,277
-41,278
-41,279
-41,280
-41,281
-41,282
-41,283
-41,284
-41,285
-41,286
-41,287
-41,288
-41,289
-41,290
-41,291
-41,292
-41,293
-41,294
-41,295
-41,296
-41,297
-41,298
-41,299
-41,300
-41,301
-41,302
-41,303
-41,304
-41,305
-41,306
-41,307
-41,308
-41,309
-41,310
-41,311
-41,312
-41,313
-41,314
-41,315
-41,316
-41,317
-41,318
-41,319
-41,320
-41,321
-41,322
-41,323
-41,324
-41,325
-41,326
-41,327
-41,328
-41,329
-41,330
-41,331
-41,332
-41,333
-41,334
-41,335
-41,336
-41,337
-41,338
-41,339
-41,340
-41,341
-41,342
-41,343
-41,344
-41,345
-41,346
-41,347
-41,348
-41,349
-41,350
-41,351
-41,352
-41,353
-41,354
-41,355
-41,356
-41,357
-41,358
-41,359
-41,360
-41,361
-41,362
-41,363
-41,364
-41,365
-41,366
-41,367
-41,368
-41,369
-41,370
-41,371
-41,372
-41,373
-41,374
-41,375
-41,376
-41,377
-41,378
-41,379
-41,380
-41,381
-41,382
-41,383
-41,384
-41,385
-41,386
-41,387
-41,388
-41,389
-41,390
-41,391
-41,392
-41,393
-41,394
-41,395
-41,396
-41,397
-41,398
-41,399
-41,400
-41,401
-41,402
-41,403
-41,404
-41,405
-41,406
-41,407
-41,408
-41,409
-41,410
-41,411
-41,412
-41,413
-41,414
-41,415
-41,416
-41,417
-41,418
-41,419
-41,420
-41,421
-41,422
-41,423
-41,424
-41,425
-41,426
-41,427
-41,428
-41,429
-41,430
-41,431
-41,432
-41,433
-41,434
-41,435
-41,436
-41,437
-41,438
-41,439
-41,440
-41,441
-41,442
-41,443
-41,444
-41,445
-41,446
-41,447
-41,448
-41,449
-41,450
-41,451
-41,452
-41,453
-41,454
-41,455
-41,456
-41,457
-41,458
-41,459
-41,460
-41,461
-41,462
-41,463
-41,464
-41,465
-41,466
-41,467
-41,468
-41,469
-41,470
-41,471
-41,472
-41,473
-41,474
-41,475
-41,476
-41,477
-41,478
-41,479
-41,480
-41,481
-41,482
-41,483
-41,484
-41,485
-41,486
-41,487
-41,488
-41,489
-41,490
-41,491
-41,492
-41,493
-41,494
-41,495
-41,496
-41,497
-41,498
-41,499
-41,500
-41,501
-41,502
-41,503
-41,504
-41,505
-41,506
-41,507
-41,508
-41,509
-41,510
-41,511
-41,512
-41,513
-41,514
-41,515
-41,516
-41,517
-41,518
-41,519
-41,520
-41,521
-41,522
-41,523
-41,524
-41,525
-41,526
-41,527
-41,528
-41,529
-41,530
-41,531
-41,532
-41,533
-41,534
-41,535
-41,536
-41,537
-41,538
-41,539
-41,540
-41,541
-41,542
-41,543
-41,544
-41,545
-41,546
-41,547
-41,548
-41,549
-41,550
-41,551
-41,552
-41,553
-41,554
-41,555
-41,556
-41,557
-41,558
-41,559
-41,560
-41,561
-41,562
-41,563
-41,564
-41,565
-41,566
-41,567
-41,568
-41,569
-41,570
-41,571
-41,572
-41,573
-41,574
-41,575
-41,576
-41,577
-41,578
-41,579
-41,580
:48_1,581
:48_1,582
:48_1,583
:48_1,584
:48_1,585
42,586
42,587
42,588
42,589
42,590
42,591
42,592
42,593
42,594
42,595
42,596
42,597
42,598
42,599
42,600
42,601
42,602
42,603
42,604
42,605
42,606
42,607
42,608
42,609
42,610
42,611
42,612
42,613
42,614
42,615
42,616
42,617
42,618
42,619
42,620
42,621
42,622
42,623
42,624
42,625
42,626
42,627
42,628
42,629
42,630
42,631
42,632
42,633
42,634
42,635
42,636
42,637
42,638
42,639
42,640
42,641
42,642
42,643
42,644
42,645
42,646
42,647
42,648
42,649
42,650
42,651
42,652
42,653
42,654
42,655
42,656
42,657
42,658
42,659
42,660
42,661
42,662
42,663
42,664
42,665
42,666
42,667
42,668
42,669
42,670
42,671
42,672
42,673
42,674
42,675
42,676
42,677
42,678
42,679
42,680
42,681
42,682
42,683
42,684
42,685
42,686
42,687
42,688
42,689
42,690
42,691
42,692
42,693
42,694
42,695
42,696
42,697
42,698
42,699
42,700
42,701
:44_1,702
:44_1,703
:44_1,704
:44_1,705
:44_1,706
-36,707
-36,708
-36,709
-36,710
-36,711
-36,712
-36,713
-36,714
-36,715
-36,716
-36,717
-36,718
-36,719
-36,720
-36,721
-36,722
-36,723
-36,724
-36,725
-36,726
-36,727
-36,728
-36,729
-36,730
-36,731
-36,732
-36,733
-36,734
-36,735
-36,736
-36,737
-36,738
-36,739
-36,740
-36,741
-36,742
-36,743
-36,744
-36,745
-36,746
-36,747
-36,748
-36,749
-36,750
-36,751
-36,752
-36,753
-36,754
-36,755
-36,756
-36,757
-36,758
-36,759
-36,760
-36,761
-36,762
-36,763
-36,764
-36,765
-36,766
-36,767
-36,768
-36,769
-36,770
-36,771
-36,772
-36,773
-36,774
-36,775
-36,776
-36,777
-36,778
-36,779
-36,780
-36,781
-36,782
-36,783
-36,784
-36,785
-36,786
-36,787
-36,788
-36,789
-36,790
-36,791
-36,792
-36,793
-36,794
-36,795
-36,796
-36,797
-36,798
-36,799
-36,800
-36,801
-36,802
-36,803
-36,804
-36,805
-36,806
-36,807
-36,808
-36,809
-36,810
-36,811
-36,812
-36,813
-36,814
-36,815
-36,816
-36,817
-36,818
-36,819
-36,820
-36,821
-36,822
-36,823
-36,824
-36,825
-36,826
-36,827
-36,828
-36,829
-36,830
-36,831
-36,832
-36,833
-36,834
-36,835
-36,836
-36,837
-36,838
-36,839
:43_2,840
:43_2,841
:43_16,842
:43_16,843
38,844
38,845
38,846
38,847
38,848
38,849
38,850
38,851
38,852
38,853
38,854
38,855
38,856
38,857
38,858
38,859
38,860
38,861
38,862
38,863
38,864
38,865
38,866
38,867
38,868
38,869
38,870
38,871
38,872
38,873
38,874
38,875
38,876
38,877
38,878
38,879
38,880
38,881
38,882
38,883
38,884
38,885
38,886
38,887
38,888
38,889
38,890
38,891
38,892
38,893
38,894
38,895
38,896
38,897
38,898
38,899
38,900
38,901
38,902
38,903
38,904
38,905
38,906
38,907
38,908
38,909
38,910
38,911
38,912
38,913
38,914
38,915
38,916
38,917
38,918
38,919
38,920
38,921
38,922
38,923
38,924
38,925
38,926
38,927
38,928
38,929
38,930
38,931
38,932
38,933
38,934
38,935
38,936
38,937
38,938
38,939
38,940
38,941
38,942
38,943
38,944
38,945
38,946
38,947
38,948
38,949
38,950
38,951
38,952
38,953
38,954
38,955
38,956
38,957
38,958
38,959
38,960
38,961
38,962
38,963
38,964
38,965
38,966
38,967
38,968
38,969
38,970
38,971
38,972
38,973
38,974
38,975
38,976
38,977
38,978
38,979
38,980
38,981
38,982
38,983
38,984
38,985
38,986
38,987
38,988
38,989
38,990
38,991
38,992
38,993
38,994
38,995
38,996
38,997
38,998
38,999
38,1000
38,1001
38,1002
38,1003
38,1004
38,1005
38,1006
38,1007
38,1008
38,1009
38,1010
38,1011
38,1012
38,1013
38,1014
38,1015
38,1016
38,1017
38,1018
38,1019
38,1020
38,1021
38,1022
38,1023
38,1024
38,1025
38,1026
38,1027
38,1028
38,1029
38,1030
38,1031
38,1032
38,1033
38,1034
38,1035
38,1036
38,1037
38,1038
38,1039
38,1040
38,1041
38,1042
38,1043
38,1044
38,1045
38,1046
38,1047
38,1048
38,1049
38,1050
38,1051
38,1052
38,1053
38,1054
38,1055
38,1056
38,1057
38,1058
38,1059
38,1060
38,1061
38,1062
38,1063
38,1064
38,1065
38,1066
38,1067
38,1068
38,1069
38,1070
38,1071
38,1072
38,1073
38,1074
38,1075
38,1076
38,1077
38,1078
38,1079
38,1080
38,1081
38,1082
38,1083
38,1084
38,1085
38,1086
38,1087
38,1088
38,1089
38,1090
38,1091
38,1092
38,1093
38,1094
38,1095
38,1096
38,1097
38,1098
38,1099
38,1100
38,1101
38,1102
38,1103
38,1104
38,1105
38,1106
38,1107
38,1108
38,1109
38,1110
38,1111
38,1112
38,1113
38,1114
38,1115
38,1116
38,1117
38,1118
38,1119
38,1120
38,1121
