615,1
615,2
615,3
615,4
615,5
615,6
615,7
615,8
615,9
615,10
615,11
615,12
615,13
615,14
615,15
615,16
615,17
615,18
615,19
615,20
615,21
615,22
615,23
615,24
615,25
615,26
615,27
615,28
615,29
615,30
615,31
615,32
615,33
615,34
615,35
615,36
615,37
615,38
615,39
615,40
615,41
615,42
615,43
615,44
615,45
615,46
615,47
615,48
615,49
615,50
615,51
615,52
615,53
615,54
615,55
615,56
615,57
615,58
615,59
615,60
615,61
615,62
615,63
615,64
615,65
615,66
615,67
615,68
615,69
615,70
615,71
615,72
615,73
615,74
615,75
615,76
615,77
615,78
615,79
615,80
615,81
615,82
615,83
615,84
615,85
615,86
615,87
615,88
615,89
615,90
615,91
615,92
615,93
615,94
615,95
615,96
615,97
615,98
615,99
615,100
615,101
615,102
615,103
:104_8,104
:104_8,105
89,106
89,107
89,108
89,109
89,110
89,111
89,112
89,113
89,114
89,115
89,116
89,117
89,118
89,119
89,120
89,121
89,122
89,123
89,124
89,125
89,126
89,127
89,128
89,129
89,130
89,131
89,132
89,133
89,134
89,135
89,136
89,137
89,138
89,139
89,140
89,141
89,142
89,143
89,144
89,145
89,146
89,147
89,148
89,149
89,150
89,151
89,152
89,153
89,154
89,155
89,156
89,157
89,158
89,159
89,160
89,161
89,162
89,163
89,164
89,165
89,166
89,167
89,168
89,169
89,170
89,171
89,172
89,173
89,174
89,175
89,176
89,177
89,178
89,179
89,180
89,181
89,182
:105_6,183
:105_6,184
:105_6,185
92,186
92,187
92,188
92,189
92,190
92,191
92,192
92,193
92,194
92,195
92,196
92,197
92,198
92,199
92,200
92,201
92,202
92,203
92,204
92,205
92,206
92,207
92,208
92,209
92,210
92,211
92,212
92,213
92,214
92,215
92,216
92,217
92,218
92,219
92,220
92,221
92,222
92,223
92,224
92,225
92,226
92,227
92,228
92,229
92,230
92,231
92,232
92,233
92,234
92,235
92,236
92,237
92,238
92,239
92,240
92,241
92,242
92,243
92,244
92,245
92,246
92,247
92,248
92,249
92,250
92,251
92,252
92,253
92,254
92,255
92,256
92,257
92,258
92,259
92,260
92,261
92,262
92,263
92,264
92,265
92,266
92,267
92,268
92,269
92,270
:108_6,271
:108_6,272
:108_6,273
-427,274
-427,275
-427,276
-427,277
-427,278
-427,279
-427,280
-427,281
-427,282
-427,283
-427,284
-427,285
-427,286
-427,287
-427,288
-427,289
-427,290
-427,291
-427,292
-427,293
-427,294
-427,295
-427,296
-427,297
-427,298
-427,299
-427,300
-427,301
-427,302
-427,303
-427,304
-427,305
-427,306
-427,307
-427,308
-427,309
-427,310
-427,311
:80_1,312
:80_9,313
:80_9,314
:80_9,315
-69,316
-69,317
-69,318
-69,319
-69,320
-69,321
-69,322
-69,323
-69,324
-69,325
-69,326
-69,327
-69,328
-69,329
-69,330
-69,331
-69,332
-69,333
-69,334
-69,335
-69,336
-69,337
-69,338
-69,339
-69,340
-69,341
-69,342
-69,343
-69,344
-69,345
-69,346
-69,347
-69,348
-69,349
-69,350
-69,351
-69,352
-69,353
-69,354
-69,355
-69,356
-69,357
-69,358
-69,359
-69,360
-69,361
-69,362
