626,1
626,2
626,3
626,4
626,5
626,6
626,7
626,8
626,9
626,10
626,11
626,12
626,13
626,14
626,15
626,16
626,17
626,18
626,19
626,20
626,21
626,22
626,23
626,24
626,25
626,26
626,27
626,28
626,29
626,30
626,31
626,32
626,33
626,34
626,35
626,36
626,37
626,38
626,39
626,40
626,41
626,42
626,43
626,44
626,45
626,46
626,47
626,48
626,49
626,50
626,51
626,52
626,53
626,54
626,55
626,56
626,57
626,58
626,59
626,60
626,61
626,62
626,63
626,64
626,65
626,66
626,67
626,68
626,69
626,70
626,71
626,72
626,73
626,74
626,75
626,76
626,77
626,78
626,79
626,80
:101_1,81
:101_1,82
:101_1,83
:101_1,84
:101_1,85
-86,86
-86,87
-86,88
-86,89
-86,90
-86,91
-86,92
-86,93
-86,94
-86,95
-86,96
-86,97
-86,98
-86,99
-86,100
-86,101
-86,102
-86,103
-86,104
-86,105
-86,106
-86,107
-86,108
-86,109
-86,110
-86,111
-86,112
-86,113
-86,114
-86,115
-86,116
-86,117
-86,118
-86,119
-86,120
-86,121
-86,122
-86,123
-86,124
-86,125
-86,126
-86,127
-86,128
-86,129
-86,130
-86,131
-86,132
-86,133
-86,134
-86,135
-86,136
-86,137
-86,138
-86,139
-86,140
-86,141
-86,142
-86,143
-86,144
-86,145
-86,146
-86,147
-86,148
-86,149
-86,150
-86,151
-86,152
-86,153
-86,154
-86,155
-86,156
-86,157
-86,158
-86,159
-86,160
-86,161
-86,162
-86,163
-86,164
-86,165
-86,166
-86,167
-86,168
-86,169
-86,170
:27_14,171
:27_14,172
:27_14,173
:27_14,174
:27_14,175
-23,176
-23,177
-23,178
-23,179
-23,180
-23,181
-23,182
-23,183
-23,184
-23,185
-23,186
-23,187
-23,188
-23,189
-23,190
-23,191
-23,192
-23,193
-23,194
-23,195
-23,196
-23,197
-23,198
-23,199
-23,200
-23,201
-23,202
-23,203
-23,204
-23,205
-23,206
-23,207
-23,208
-23,209
-23,210
-23,211
-23,212
-23,213
-23,214
-23,215
-23,216
-23,217
-23,218
-23,219
-23,220
-23,221
-23,222
-23,223
-23,224
-23,225
-23,226
-23,227
-23,228
-23,229
-23,230
-23,231
-23,232
-23,233
-23,234
-23,235
-23,236
-23,237
-23,238
-23,239
-23,240
-23,241
-23,242
-23,243
-23,244
-23,245
-23,246
-23,247
-23,248
-23,249
-23,250
-23,251
-23,252
-23,253
-23,254
-23,255
-23,256
-23,257
-23,258
-23,259
-23,260
-23,261
-23,262
-23,263
-23,264
-23,265
-23,266
-23,267
-23,268
-23,269
-23,270
-23,271
-23,272
-23,273
-23,274
-23,275
-23,276
-23,277
-23,278
-23,279
-23,280
-23,281
-23,282
-23,283
-23,284
-23,285
-23,286
-23,287
-23,288
-23,289
-23,290
-23,291
-23,292
-23,293
-23,294
-23,295
-23,296
-23,297
-23,298
-23,299
-23,300
-23,301
-23,302
-23,303
-23,304
-23,305
-23,306
-23,307
-23,308
-23,309
-23,310
-23,311
-23,312
-23,313
-23,314
-23,315
-23,316
-23,317
-23,318
-23,319
-23,320
-23,321
-23,322
-23,323
-23,324
-23,325
-23,326
-23,327
-23,328
-23,329
-23,330
-23,331
-23,332
-23,333
-23,334
-23,335
-23,336
-23,337
-23,338
-23,339
-23,340
-23,341
-23,342
-23,343
-23,344
-23,345
:22_9,346
:22_9,347
:22_9,348
:22_9,349
:22_9,350
19,351
19,352
19,353
19,354
19,355
19,356
19,357
19,358
19,359
19,360
19,361
19,362
19,363
19,364
19,365
19,366
19,367
19,368
19,369
19,370
19,371
19,372
19,373
19,374
19,375
19,376
19,377
19,378
19,379
19,380
19,381
19,382
19,383
19,384
19,385
19,386
19,387
19,388
19,389
19,390
19,391
19,392
19,393
19,394
19,395
19,396
19,397
19,398
19,399
19,400
19,401
19,402
19,403
19,404
19,405
19,406
19,407
19,408
19,409
19,410
19,411
19,412
19,413
19,414
19,415
19,416
19,417
19,418
19,419
19,420
19,421
19,422
19,423
19,424
19,425
19,426
19,427
19,428
19,429
19,430
19,431
19,432
19,433
19,434
19,435
19,436
19,437
19,438
19,439
19,440
19,441
:23_6,442
:23_6,443
:23_6,444
:23_6,445
:23_6,446
:23_6,447
20,448
20,449
20,450
20,451
20,452
20,453
20,454
20,455
20,456
20,457
20,458
20,459
20,460
20,461
20,462
20,463
20,464
20,465
20,466
20,467
20,468
20,469
20,470
20,471
20,472
20,473
20,474
20,475
20,476
20,477
20,478
20,479
20,480
20,481
20,482
20,483
20,484
20,485
20,486
20,487
20,488
20,489
20,490
20,491
20,492
20,493
20,494
20,495
20,496
20,497
20,498
20,499
20,500
20,501
20,502
20,503
20,504
20,505
20,506
20,507
20,508
20,509
20,510
20,511
20,512
20,513
20,514
20,515
20,516
20,517
20,518
20,519
20,520
20,521
20,522
20,523
20,524
20,525
20,526
20,527
20,528
20,529
20,530
20,531
20,532
20,533
20,534
:24_13,535
:24_13,536
:24_13,537
:24_13,538
:24_13,539
25,540
25,541
25,542
25,543
25,544
25,545
25,546
25,547
25,548
25,549
25,550
25,551
25,552
25,553
25,554
25,555
25,556
25,557
25,558
25,559
25,560
25,561
25,562
25,563
25,564
25,565
25,566
25,567
25,568
25,569
25,570
25,571
25,572
25,573
25,574
25,575
25,576
25,577
25,578
25,579
25,580
25,581
25,582
25,583
25,584
25,585
25,586
25,587
25,588
25,589
25,590
25,591
25,592
25,593
25,594
25,595
25,596
25,597
25,598
25,599
25,600
25,601
25,602
25,603
25,604
25,605
25,606
25,607
25,608
25,609
25,610
25,611
25,612
25,613
25,614
25,615
25,616
25,617
25,618
25,619
25,620
25,621
25,622
25,623
25,624
25,625
25,626
25,627
25,628
25,629
25,630
25,631
25,632
25,633
25,634
25,635
25,636
25,637
25,638
25,639
25,640
25,641
25,642
25,643
25,644
25,645
25,646
25,647
25,648
25,649
25,650
25,651
25,652
25,653
25,654
25,655
25,656
25,657
25,658
25,659
25,660
25,661
25,662
25,663
25,664
25,665
25,666
25,667
25,668
25,669
25,670
25,671
:29_13,672
:29_13,673
:29_13,674
:29_13,675
:29_13,676
210,677
210,678
210,679
210,680
210,681
210,682
210,683
210,684
210,685
210,686
210,687
210,688
210,689
210,690
210,691
210,692
210,693
210,694
210,695
210,696
210,697
210,698
210,699
210,700
210,701
210,702
210,703
210,704
210,705
210,706
210,707
210,708
210,709
210,710
210,711
210,712
210,713
210,714
210,715
210,716
210,717
210,718
210,719
210,720
210,721
210,722
210,723
210,724
210,725
210,726
210,727
210,728
210,729
210,730
210,731
210,732
210,733
210,734
210,735
210,736
210,737
210,738
210,739
210,740
210,741
210,742
210,743
210,744
210,745
210,746
210,747
210,748
210,749
210,750
210,751
210,752
210,753
210,754
210,755
210,756
210,757
210,758
210,759
210,760
210,761
210,762
210,763
210,764
210,765
210,766
210,767
210,768
:16_6,769
:16_6,770
:16_6,771
:16_6,772
:16_6,773
-14,774
-14,775
-14,776
-14,777
-14,778
-14,779
-14,780
-14,781
-14,782
-14,783
-14,784
-14,785
-14,786
-14,787
-14,788
-14,789
-14,790
-14,791
-14,792
-14,793
-14,794
-14,795
-14,796
-14,797
-14,798
-14,799
-14,800
-14,801
-14,802
-14,803
-14,804
-14,805
-14,806
-14,807
-14,808
-14,809
-14,810
-14,811
-14,812
-14,813
-14,814
-14,815
-14,816
-14,817
-14,818
-14,819
-14,820
-14,821
-14,822
-14,823
-14,824
-14,825
-14,826
-14,827
-14,828
-14,829
-14,830
-14,831
-14,832
-14,833
-14,834
-14,835
-14,836
-14,837
-14,838
-14,839
-14,840
-14,841
-14,842
-14,843
-14,844
-14,845
-14,846
-14,847
-14,848
-14,849
-14,850
-14,851
-14,852
-14,853
-14,854
-14,855
-14,856
-14,857
-14,858
-14,859
-14,860
-14,861
-14,862
-14,863
-14,864
-14,865
-14,866
-14,867
-14,868
-14,869
-14,870
-14,871
-14,872
-14,873
-14,874
-14,875
-14,876
-14,877
:14_1,878
:14_1,879
13,880
13,881
13,882
13,883
13,884
13,885
13,886
13,887
13,888
13,889
13,890
13,891
13,892
13,893
13,894
13,895
13,896
13,897
13,898
13,899
13,900
13,901
13,902
13,903
13,904
13,905
13,906
13,907
13,908
13,909
13,910
13,911
13,912
13,913
13,914
13,915
13,916
13,917
13,918
13,919
13,920
13,921
13,922
13,923
13,924
13,925
13,926
13,927
13,928
13,929
13,930
13,931
13,932
13,933
13,934
13,935
13,936
13,937
13,938
13,939
13,940
13,941
13,942
13,943
13,944
13,945
13,946
13,947
13,948
13,949
13,950
13,951
13,952
13,953
13,954
13,955
13,956
13,957
13,958
13,959
13,960
13,961
13,962
13,963
13,964
13,965
13,966
13,967
13,968
13,969
13,970
13,971
13,972
13,973
13,974
13,975
13,976
13,977
13,978
13,979
13,980
13,981
13,982
:15_3,983
:15_3,984
:15_3,985
:15_3,986
:15_3,987
:15_3,988
-375,989
-375,990
-375,991
-375,992
-375,993
-375,994
-375,995
-375,996
-375,997
-375,998
-375,999
-375,1000
-375,1001
-375,1002
-375,1003
-375,1004
-375,1005
-375,1006
-375,1007
-375,1008
-375,1009
-375,1010
-375,1011
-375,1012
-375,1013
-375,1014
-375,1015
-375,1016
-375,1017
-375,1018
-375,1019
-375,1020
-375,1021
-375,1022
-375,1023
-375,1024
-375,1025
-375,1026
-375,1027
-375,1028
-375,1029
-375,1030
-375,1031
-375,1032
-375,1033
-375,1034
-375,1035
-375,1036
-375,1037
-375,1038
-375,1039
-375,1040
-375,1041
-375,1042
-375,1043
-375,1044
-375,1045
-375,1046
-375,1047
-375,1048
-375,1049
-375,1050
-375,1051
-375,1052
-375,1053
-375,1054
-375,1055
-375,1056
-375,1057
-375,1058
-375,1059
-375,1060
-375,1061
-375,1062
-375,1063
-375,1064
-375,1065
-375,1066
-375,1067
-375,1068
-375,1069
-375,1070
-375,1071
-375,1072
-375,1073
-375,1074
-375,1075
-375,1076
-375,1077
-375,1078
-375,1079
-375,1080
-375,1081
-375,1082
-375,1083
-375,1084
-375,1085
-375,1086
-375,1087
-375,1088
-375,1089
-375,1090
-375,1091
-375,1092
-375,1093
-375,1094
-375,1095
-375,1096
-375,1097
-375,1098
-375,1099
-375,1100
-375,1101
-375,1102
-375,1103
-375,1104
-375,1105
-375,1106
-375,1107
-375,1108
-375,1109
-375,1110
-374,1111
-374,1112
-374,1113
-374,1114
-374,1115
-374,1116
-374,1117
-374,1118
-374,1119
-374,1120
-374,1121
-374,1122
-374,1123
-374,1124
-374,1125
-374,1126
-374,1127
-374,1128
-374,1129
-374,1130
-374,1131
-374,1132
-374,1133
-374,1134
-374,1135
-374,1136
-374,1137
-374,1138
-374,1139
-374,1140
-374,1141
-374,1142
-374,1143
-374,1144
-374,1145
-374,1146
-374,1147
-374,1148
-374,1149
-374,1150
-374,1151
-374,1152
-374,1153
-374,1154
-374,1155
-374,1156
-374,1157
-374,1158
-374,1159
-374,1160
-374,1161
-374,1162
-374,1163
-374,1164
-374,1165
-374,1166
-374,1167
-374,1168
-374,1169
-374,1170
-374,1171
-374,1172
-374,1173
-374,1174
-374,1175
-374,1176
-374,1177
-374,1178
-374,1179
-374,1180
-374,1181
-374,1182
-374,1183
-374,1184
-374,1185
-374,1186
-374,1187
-374,1188
-374,1189
-374,1190
-374,1191
-374,1192
-374,1193
-374,1194
-374,1195
-374,1196
:230_9,1197
:230_9,1198
:230_9,1199
:230_9,1200
:230_9,1201
-224,1202
-224,1203
-224,1204
-224,1205
-224,1206
-224,1207
-224,1208
-224,1209
-224,1210
-224,1211
-224,1212
-224,1213
-224,1214
-224,1215
-224,1216
-224,1217
-224,1218
-224,1219
-224,1220
-224,1221
-224,1222
-224,1223
-224,1224
-224,1225
-224,1226
-224,1227
-224,1228
-224,1229
-224,1230
-224,1231
-224,1232
-224,1233
-224,1234
-224,1235
-224,1236
-224,1237
-224,1238
-224,1239
-224,1240
-224,1241
-224,1242
-224,1243
-224,1244
-224,1245
-224,1246
-224,1247
-224,1248
-224,1249
-224,1250
-224,1251
-224,1252
-224,1253
-224,1254
-224,1255
-224,1256
-224,1257
-224,1258
-224,1259
-224,1260
-224,1261
-224,1262
-224,1263
-224,1264
-224,1265
-224,1266
-224,1267
-224,1268
-224,1269
-224,1270
-224,1271
-224,1272
-224,1273
-224,1274
-224,1275
-224,1276
-224,1277
-224,1278
-224,1279
-224,1280
-224,1281
-224,1282
:229_6,1283
:229_6,1284
:229_6,1285
:229_6,1286
:229_6,1287
-223,1288
-223,1289
-223,1290
-223,1291
-223,1292
-223,1293
-223,1294
-223,1295
-223,1296
-223,1297
-223,1298
-223,1299
-223,1300
-223,1301
-223,1302
-223,1303
-223,1304
-223,1305
-223,1306
-223,1307
-223,1308
-223,1309
-223,1310
-223,1311
-223,1312
-223,1313
-223,1314
-223,1315
-223,1316
-223,1317
-223,1318
-223,1319
-223,1320
-223,1321
-223,1322
-223,1323
-223,1324
-223,1325
-223,1326
-223,1327
-223,1328
-223,1329
-223,1330
-223,1331
-223,1332
-223,1333
-223,1334
-223,1335
-223,1336
-223,1337
-223,1338
-223,1339
-223,1340
-223,1341
-223,1342
-223,1343
-223,1344
-223,1345
-223,1346
-223,1347
-223,1348
-223,1349
-223,1350
-223,1351
-223,1352
-223,1353
-223,1354
-223,1355
-223,1356
-223,1357
-223,1358
-223,1359
-223,1360
-223,1361
-223,1362
-223,1363
-223,1364
-223,1365
-223,1366
-223,1367
-223,1368
-223,1369
-223,1370
-223,1371
-223,1372
-223,1373
-223,1374
:228_6,1375
:228_6,1376
:228_6,1377
:228_6,1378
:228_6,1379
:228_6,1380
-222,1381
-222,1382
-222,1383
-222,1384
-222,1385
-222,1386
-222,1387
-222,1388
-222,1389
-222,1390
-222,1391
-222,1392
-222,1393
-222,1394
-222,1395
-222,1396
-222,1397
-222,1398
-222,1399
-222,1400
-222,1401
-222,1402
-222,1403
-222,1404
-222,1405
-222,1406
-222,1407
-222,1408
-222,1409
-222,1410
-222,1411
-222,1412
-222,1413
-222,1414
-222,1415
-222,1416
-222,1417
-222,1418
-222,1419
-222,1420
-222,1421
-222,1422
-222,1423
-222,1424
-222,1425
-222,1426
-222,1427
-222,1428
-222,1429
-222,1430
-222,1431
-222,1432
-222,1433
-222,1434
-222,1435
-222,1436
-222,1437
-222,1438
-222,1439
-222,1440
-222,1441
-222,1442
-222,1443
-222,1444
-222,1445
-222,1446
-222,1447
-222,1448
-222,1449
-222,1450
-222,1451
-222,1452
-222,1453
-222,1454
-222,1455
-222,1456
-222,1457
-222,1458
-222,1459
-222,1460
-222,1461
-222,1462
-222,1463
-222,1464
-222,1465
-222,1466
-222,1467
-222,1468
-222,1469
-222,1470
-222,1471
-222,1472
-222,1473
-222,1474
-222,1475
-222,1476
-222,1477
-222,1478
-222,1479
-222,1480
-222,1481
-222,1482
-222,1483
-222,1484
-222,1485
-222,1486
-222,1487
-222,1488
-222,1489
-222,1490
-222,1491
-222,1492
-222,1493
-222,1494
-222,1495
-222,1496
-222,1497
-222,1498
-222,1499
-222,1500
-222,1501
-222,1502
-222,1503
-222,1504
-222,1505
-222,1506
-222,1507
-222,1508
-222,1509
-222,1510
-222,1511
-222,1512
-222,1513
-222,1514
-222,1515
-222,1516
-222,1517
-222,1518
-222,1519
-222,1520
-222,1521
-222,1522
-222,1523
-222,1524
-222,1525
-222,1526
-222,1527
-222,1528
-222,1529
-222,1530
-222,1531
-222,1532
-222,1533
-222,1534
-222,1535
-222,1536
-222,1537
-222,1538
-222,1539
-222,1540
-222,1541
-222,1542
-222,1543
-222,1544
-222,1545
-222,1546
-222,1547
-222,1548
-222,1549
-222,1550
-222,1551
-222,1552
-222,1553
-222,1554
-222,1555
-222,1556
-222,1557
-222,1558
-222,1559
-222,1560
-222,1561
-222,1562
-222,1563
-222,1564
-222,1565
-222,1566
-222,1567
-222,1568
-222,1569
-222,1570
-222,1571
-222,1572
-222,1573
-222,1574
-222,1575
-222,1576
-222,1577
-222,1578
-222,1579
-222,1580
-222,1581
-222,1582
-222,1583
-222,1584
-222,1585
-222,1586
-222,1587
-222,1588
-222,1589
-222,1590
-222,1591
-222,1592
-222,1593
:227_3,1594
:227_3,1595
:227_3,1596
:227_3,1597
:227_3,1598
:227_3,1599
:227_3,1600
225,1601
225,1602
225,1603
225,1604
225,1605
225,1606
225,1607
225,1608
225,1609
225,1610
225,1611
225,1612
225,1613
225,1614
225,1615
225,1616
225,1617
225,1618
225,1619
225,1620
225,1621
225,1622
225,1623
225,1624
225,1625
225,1626
225,1627
225,1628
225,1629
225,1630
225,1631
225,1632
225,1633
225,1634
225,1635
225,1636
225,1637
225,1638
225,1639
225,1640
225,1641
225,1642
225,1643
225,1644
225,1645
225,1646
225,1647
225,1648
225,1649
225,1650
225,1651
225,1652
225,1653
225,1654
225,1655
225,1656
225,1657
225,1658
225,1659
225,1660
225,1661
225,1662
225,1663
225,1664
225,1665
225,1666
225,1667
225,1668
225,1669
225,1670
225,1671
225,1672
225,1673
225,1674
225,1675
225,1676
225,1677
225,1678
225,1679
225,1680
225,1681
225,1682
225,1683
225,1684
225,1685
225,1686
225,1687
225,1688
225,1689
225,1690
225,1691
225,1692
225,1693
225,1694
225,1695
225,1696
225,1697
225,1698
225,1699
225,1700
225,1701
225,1702
225,1703
225,1704
225,1705
225,1706
225,1707
225,1708
225,1709
225,1710
225,1711
225,1712
225,1713
225,1714
225,1715
225,1716
225,1717
225,1718
225,1719
225,1720
225,1721
225,1722
225,1723
225,1724
225,1725
225,1726
225,1727
225,1728
225,1729
225,1730
225,1731
225,1732
225,1733
225,1734
225,1735
225,1736
225,1737
225,1738
225,1739
225,1740
225,1741
225,1742
225,1743
225,1744
225,1745
225,1746
225,1747
225,1748
225,1749
225,1750
225,1751
225,1752
225,1753
225,1754
225,1755
225,1756
225,1757
225,1758
225,1759
225,1760
225,1761
225,1762
225,1763
225,1764
225,1765
225,1766
225,1767
225,1768
225,1769
225,1770
225,1771
225,1772
225,1773
225,1774
225,1775
:231_6,1776
:231_6,1777
:231_6,1778
:231_6,1779
:231_6,1780
:231_6,1781
:231_6,1782
-257,1783
-257,1784
-257,1785
-257,1786
-257,1787
-257,1788
-257,1789
-257,1790
-257,1791
-257,1792
-257,1793
-257,1794
-257,1795
-257,1796
-257,1797
-257,1798
-257,1799
-257,1800
-257,1801
-257,1802
-257,1803
-257,1804
-257,1805
-257,1806
-257,1807
-257,1808
-257,1809
-257,1810
-257,1811
-257,1812
-257,1813
-257,1814
-257,1815
-257,1816
-257,1817
-257,1818
-257,1819
-257,1820
-257,1821
-257,1822
-257,1823
-257,1824
-257,1825
-257,1826
-257,1827
-257,1828
-257,1829
-257,1830
-257,1831
-257,1832
-257,1833
-257,1834
-257,1835
-257,1836
-257,1837
-257,1838
-257,1839
-257,1840
-257,1841
-257,1842
-257,1843
-257,1844
-257,1845
-257,1846
-257,1847
-257,1848
-257,1849
-257,1850
-257,1851
-257,1852
-257,1853
-257,1854
-257,1855
-257,1856
-257,1857
-257,1858
-257,1859
-257,1860
-257,1861
-257,1862
-257,1863
-257,1864
-257,1865
-257,1866
-257,1867
-257,1868
-257,1869
-257,1870
-257,1871
-257,1872
-257,1873
-257,1874
-257,1875
-257,1876
-257,1877
-257,1878
-257,1879
-257,1880
-257,1881
-257,1882
-257,1883
-257,1884
-257,1885
-257,1886
-257,1887
-257,1888
-257,1889
-257,1890
-257,1891
-257,1892
-257,1893
-257,1894
-257,1895
-257,1896
-257,1897
-257,1898
-257,1899
-257,1900
-257,1901
-257,1902
-257,1903
-257,1904
-257,1905
-257,1906
-257,1907
-257,1908
-257,1909
-257,1910
-257,1911
-257,1912
-257,1913
-257,1914
-257,1915
-257,1916
-257,1917
-257,1918
-257,1919
-257,1920
-257,1921
-257,1922
-257,1923
-257,1924
-257,1925
-257,1926
-257,1927
-257,1928
-257,1929
-257,1930
-257,1931
-257,1932
-257,1933
-257,1934
-257,1935
-257,1936
-257,1937
-257,1938
-257,1939
-257,1940
-257,1941
-257,1942
-257,1943
-257,1944
-257,1945
-257,1946
-257,1947
-257,1948
-257,1949
-257,1950
-257,1951
-257,1952
-257,1953
-257,1954
-257,1955
-257,1956
-257,1957
-257,1958
-257,1959
-257,1960
-257,1961
-257,1962
-257,1963
-257,1964
-257,1965
-257,1966
-257,1967
-257,1968
-257,1969
-257,1970
-257,1971
-257,1972
-257,1973
-257,1974
-257,1975
-257,1976
-257,1977
-257,1978
-257,1979
-257,1980
-257,1981
-257,1982
-257,1983
-257,1984
-257,1985
-257,1986
-257,1987
:21_6,1988
:21_6,1989
:21_6,1990
:21_6,1991
:21_6,1992
:21_6,1993
:21_6,1994
-18,1995
-18,1996
-18,1997
-18,1998
-18,1999
-18,2000
