-235,1
-235,2
-235,3
-235,4
-235,5
-235,6
-235,7
-235,8
-235,9
-235,10
-235,11
-235,12
-235,13
-235,14
-235,15
-235,16
-235,17
-235,18
-235,19
-235,20
-235,21
-235,22
-235,23
-235,24
-235,25
-235,26
-235,27
-235,28
-235,29
-235,30
-235,31
-235,32
-235,33
-235,34
-235,35
-235,36
-235,37
-235,38
-235,39
-235,40
-235,41
-235,42
-235,43
-235,44
-235,45
-235,46
-235,47
-235,48
-235,49
-235,50
-235,51
-235,52
-235,53
-235,54
-235,55
-235,56
-235,57
-235,58
-235,59
-235,60
-235,61
-235,62
-235,63
-235,64
-235,65
-235,66
-235,67
-235,68
-235,69
-235,70
-235,71
-235,72
-235,73
-235,74
-235,75
-235,76
-235,77
-235,78
-235,79
-235,80
-235,81
-235,82
-235,83
-235,84
-235,85
-235,86
-235,87
-235,88
-235,89
-235,90
-235,91
:182_5,92
:182_5,93
:182_5,94
:182_5,95
:182_5,96
:182_5,97
:182_5,98
-169,99
-169,100
-169,101
-169,102
-169,103
-169,104
-169,105
-169,106
-169,107
-169,108
-169,109
-169,110
-169,111
-169,112
-169,113
-169,114
-169,115
-169,116
-169,117
-169,118
-169,119
-169,120
-169,121
-169,122
-169,123
-169,124
-169,125
-169,126
-169,127
-169,128
-169,129
-169,130
-169,131
-169,132
-169,133
-169,134
-169,135
-169,136
-169,137
-169,138
-169,139
-169,140
-169,141
-169,142
-169,143
-169,144
-169,145
-169,146
-169,147
-169,148
-169,149
-169,150
-169,151
-169,152
-169,153
-169,154
-169,155
-169,156
-169,157
-169,158
-169,159
-169,160
-169,161
-169,162
-169,163
-169,164
-169,165
-169,166
-169,167
-169,168
-169,169
-169,170
-169,171
-169,172
-169,173
-169,174
-169,175
-169,176
-169,177
-169,178
-169,179
-169,180
-169,181
-169,182
-169,183
-169,184
-169,185
-169,186
-169,187
-169,188
-169,189
-169,190
-169,191
-169,192
-169,193
-169,194
-169,195
-169,196
-169,197
-169,198
-169,199
-169,200
-169,201
-169,202
-169,203
-169,204
-169,205
-169,206
-169,207
-169,208
-169,209
-169,210
-169,211
-169,212
-169,213
-169,214
-169,215
-169,216
-169,217
-169,218
-169,219
-169,220
-169,221
-169,222
-169,223
-169,224
-169,225
-169,226
-169,227
-169,228
-169,229
-169,230
-169,231
-169,232
-169,233
-169,234
-169,235
-169,236
-169,237
-169,238
-169,239
-169,240
-169,241
-169,242
-169,243
:180_3,244
:180_3,245
:180_3,246
:180_3,247
168,248
168,249
168,250
168,251
168,252
168,253
168,254
168,255
168,256
168,257
168,258
168,259
168,260
168,261
168,262
168,263
168,264
168,265
168,266
168,267
168,268
168,269
168,270
168,271
168,272
168,273
168,274
168,275
168,276
168,277
168,278
168,279
168,280
168,281
168,282
168,283
168,284
168,285
168,286
168,287
168,288
168,289
168,290
168,291
168,292
168,293
168,294
168,295
168,296
168,297
168,298
168,299
168,300
168,301
168,302
168,303
168,304
168,305
168,306
168,307
168,308
168,309
168,310
168,311
168,312
168,313
168,314
168,315
168,316
168,317
168,318
168,319
168,320
168,321
168,322
168,323
168,324
168,325
168,326
168,327
168,328
168,329
168,330
168,331
168,332
168,333
168,334
168,335
168,336
168,337
168,338
168,339
168,340
168,341
168,342
168,343
168,344
168,345
168,346
168,347
168,348
168,349
168,350
168,351
168,352
168,353
168,354
168,355
168,356
168,357
168,358
168,359
168,360
168,361
168,362
168,363
168,364
168,365
168,366
168,367
168,368
168,369
168,370
168,371
168,372
168,373
168,374
168,375
168,376
168,377
168,378
168,379
168,380
168,381
168,382
168,383
168,384
168,385
168,386
168,387
168,388
168,389
168,390
168,391
168,392
168,393
168,394
168,395
168,396
168,397
168,398
168,399
168,400
168,401
168,402
168,403
168,404
168,405
168,406
168,407
168,408
168,409
168,410
168,411
168,412
168,413
168,414
168,415
168,416
168,417
168,418
168,419
168,420
168,421
168,422
168,423
168,424
168,425
168,426
168,427
168,428
168,429
168,430
168,431
168,432
168,433
168,434
168,435
168,436
168,437
168,438
168,439
168,440
168,441
168,442
168,443
168,444
168,445
168,446
168,447
168,448
168,449
168,450
168,451
168,452
:181_13,453
:181_13,454
:181_13,455
:181_13,456
:181_13,457
:181_13,458
173,459
173,460
173,461
173,462
173,463
173,464
173,465
173,466
173,467
173,468
173,469
173,470
173,471
173,472
173,473
173,474
173,475
173,476
173,477
173,478
173,479
173,480
173,481
173,482
173,483
173,484
173,485
173,486
173,487
173,488
173,489
173,490
173,491
173,492
173,493
173,494
173,495
173,496
173,497
173,498
173,499
173,500
173,501
173,502
173,503
173,504
173,505
173,506
173,507
173,508
173,509
173,510
173,511
173,512
173,513
173,514
173,515
173,516
173,517
173,518
173,519
173,520
173,521
173,522
173,523
173,524
173,525
173,526
173,527
173,528
173,529
173,530
173,531
173,532
173,533
173,534
173,535
173,536
173,537
173,538
173,539
173,540
173,541
173,542
173,543
173,544
173,545
173,546
173,547
173,548
173,549
173,550
173,551
173,552
173,553
173,554
173,555
173,556
173,557
173,558
173,559
173,560
173,561
173,562
173,563
173,564
173,565
173,566
173,567
173,568
173,569
173,570
173,571
173,572
173,573
173,574
173,575
173,576
173,577
173,578
173,579
173,580
173,581
173,582
173,583
173,584
173,585
173,586
173,587
173,588
173,589
173,590
173,591
173,592
173,593
173,594
173,595
173,596
173,597
173,598
173,599
173,600
173,601
173,602
173,603
173,604
173,605
173,606
173,607
173,608
173,609
173,610
173,611
173,612
173,613
173,614
173,615
173,616
173,617
173,618
173,619
173,620
173,621
173,622
:186_13,623
:186_13,624
:186_13,625
:186_13,626
:186_13,627
227,628
227,629
227,630
227,631
227,632
227,633
227,634
227,635
227,636
227,637
227,638
227,639
227,640
227,641
227,642
227,643
227,644
227,645
227,646
227,647
227,648
227,649
227,650
227,651
227,652
227,653
227,654
227,655
227,656
227,657
227,658
227,659
227,660
227,661
227,662
227,663
227,664
227,665
227,666
227,667
227,668
227,669
227,670
227,671
227,672
227,673
227,674
227,675
227,676
227,677
227,678
227,679
227,680
227,681
227,682
227,683
227,684
227,685
227,686
227,687
227,688
227,689
227,690
-211,691
-211,692
-211,693
-211,694
-211,695
-211,696
-211,697
-211,698
-211,699
-211,700
-211,701
-211,702
-211,703
-211,704
-211,705
-211,706
-211,707
-211,708
-211,709
-211,710
-211,711
-211,712
-211,713
-211,714
-211,715
-211,716
-211,717
-211,718
-211,719
-211,720
-211,721
-211,722
-211,723
-211,724
-211,725
-211,726
-211,727
-211,728
-211,729
-211,730
-211,731
-211,732
-211,733
-211,734
-211,735
-211,736
-211,737
-211,738
:189_12,739
:189_12,740
:189_12,741
:189_12,742
-176,743
-176,744
-176,745
-176,746
-176,747
-176,748
-176,749
-176,750
-176,751
-176,752
-176,753
-176,754
-176,755
-176,756
-176,757
-176,758
-176,759
-176,760
-176,761
-176,762
-176,763
-176,764
-176,765
-176,766
-176,767
-176,768
-176,769
-176,770
-176,771
-176,772
-176,773
-176,774
-176,775
-176,776
-176,777
-176,778
-176,779
-176,780
-176,781
-176,782
-176,783
-176,784
-176,785
-176,786
-176,787
-176,788
-176,789
-176,790
-176,791
-176,792
-176,793
-176,794
-176,795
-176,796
-176,797
-176,798
-176,799
-176,800
-176,801
-176,802
-176,803
-176,804
-176,805
-176,806
-176,807
-176,808
-176,809
-176,810
-176,811
-176,812
-176,813
-176,814
-176,815
-176,816
-176,817
-176,818
-176,819
-176,820
-176,821
-176,822
-176,823
-176,824
-176,825
-176,826
-176,827
-176,828
-176,829
-176,830
-176,831
-176,832
-176,833
-176,834
-176,835
-176,836
-176,837
-176,838
-176,839
-176,840
-176,841
-176,842
-176,843
-176,844
-176,845
-176,846
-176,847
-176,848
-176,849
:13_12,850
:13_12,851
:13_12,852
:13_12,853
:13_12,854
:13_12,855
175,856
175,857
175,858
175,859
175,860
175,861
175,862
175,863
175,864
175,865
175,866
175,867
175,868
175,869
175,870
175,871
175,872
175,873
175,874
175,875
175,876
175,877
175,878
175,879
175,880
175,881
175,882
175,883
175,884
175,885
175,886
175,887
175,888
175,889
175,890
175,891
175,892
175,893
175,894
175,895
175,896
175,897
175,898
175,899
175,900
175,901
175,902
175,903
175,904
175,905
175,906
175,907
175,908
175,909
175,910
175,911
175,912
175,913
175,914
175,915
175,916
175,917
175,918
175,919
464,920
464,921
464,922
464,923
464,924
464,925
464,926
464,927
464,928
464,929
464,930
464,931
464,932
464,933
464,934
464,935
464,936
464,937
464,938
464,939
464,940
464,941
464,942
464,943
464,944
464,945
464,946
464,947
464,948
464,949
464,950
464,951
464,952
464,953
464,954
464,955
464,956
464,957
464,958
464,959
464,960
464,961
464,962
464,963
464,964
464,965
464,966
464,967
464,968
464,969
464,970
464,971
464,972
464,973
464,974
464,975
464,976
464,977
464,978
464,979
464,980
464,981
464,982
464,983
464,984
464,985
464,986
464,987
464,988
464,989
464,990
464,991
464,992
464,993
464,994
464,995
464,996
464,997
464,998
464,999
464,1000
464,1001
464,1002
464,1003
464,1004
464,1005
464,1006
464,1007
464,1008
464,1009
464,1010
464,1011
:396_0,1012
:396_0,1013
:396_0,1014
:396_0,1015
:396_0,1016
:396_0,1017
679,1018
679,1019
679,1020
679,1021
679,1022
679,1023
679,1024
679,1025
679,1026
679,1027
679,1028
679,1029
679,1030
679,1031
679,1032
679,1033
679,1034
679,1035
679,1036
679,1037
679,1038
679,1039
679,1040
679,1041
679,1042
679,1043
679,1044
679,1045
679,1046
679,1047
679,1048
679,1049
679,1050
679,1051
679,1052
679,1053
679,1054
679,1055
679,1056
679,1057
679,1058
679,1059
679,1060
679,1061
679,1062
679,1063
679,1064
679,1065
679,1066
679,1067
679,1068
679,1069
679,1070
679,1071
679,1072
679,1073
679,1074
679,1075
679,1076
679,1077
679,1078
679,1079
679,1080
679,1081
679,1082
:375_1,1083
:375_1,1084
:375_1,1085
:375_1,1086
:375_1,1087
430,1088
430,1089
430,1090
430,1091
430,1092
430,1093
430,1094
430,1095
430,1096
430,1097
430,1098
430,1099
430,1100
430,1101
430,1102
430,1103
430,1104
430,1105
430,1106
430,1107
430,1108
430,1109
430,1110
430,1111
430,1112
430,1113
430,1114
430,1115
430,1116
430,1117
430,1118
430,1119
430,1120
430,1121
430,1122
430,1123
430,1124
430,1125
430,1126
430,1127
430,1128
430,1129
430,1130
430,1131
430,1132
430,1133
430,1134
430,1135
430,1136
430,1137
430,1138
430,1139
430,1140
430,1141
430,1142
430,1143
430,1144
430,1145
430,1146
430,1147
430,1148
430,1149
430,1150
430,1151
430,1152
430,1153
430,1154
430,1155
430,1156
430,1157
430,1158
430,1159
430,1160
430,1161
430,1162
430,1163
430,1164
430,1165
430,1166
430,1167
430,1168
430,1169
430,1170
430,1171
430,1172
430,1173
430,1174
430,1175
430,1176
430,1177
430,1178
430,1179
430,1180
430,1181
430,1182
430,1183
430,1184
430,1185
430,1186
430,1187
430,1188
430,1189
430,1190
430,1191
430,1192
430,1193
430,1194
430,1195
430,1196
430,1197
430,1198
430,1199
430,1200
430,1201
430,1202
430,1203
430,1204
430,1205
430,1206
430,1207
430,1208
430,1209
430,1210
430,1211
430,1212
430,1213
430,1214
430,1215
430,1216
430,1217
430,1218
430,1219
430,1220
430,1221
430,1222
430,1223
430,1224
430,1225
430,1226
430,1227
430,1228
430,1229
430,1230
430,1231
430,1232
430,1233
430,1234
430,1235
430,1236
430,1237
430,1238
430,1239
430,1240
430,1241
430,1242
430,1243
430,1244
430,1245
430,1246
430,1247
430,1248
430,1249
430,1250
430,1251
430,1252
430,1253
430,1254
430,1255
430,1256
430,1257
430,1258
430,1259
430,1260
430,1261
430,1262
430,1263
430,1264
430,1265
430,1266
430,1267
430,1268
430,1269
430,1270
430,1271
430,1272
:50_13,1273
:50_13,1274
:50_13,1275
:50_13,1276
:50_13,1277
:50_13,1278
:50_13,1279
322,1280
322,1281
322,1282
322,1283
322,1284
322,1285
322,1286
322,1287
322,1288
322,1289
322,1290
322,1291
322,1292
322,1293
322,1294
322,1295
322,1296
322,1297
322,1298
322,1299
322,1300
322,1301
322,1302
322,1303
322,1304
322,1305
322,1306
322,1307
322,1308
322,1309
322,1310
322,1311
322,1312
322,1313
322,1314
322,1315
322,1316
322,1317
322,1318
322,1319
322,1320
322,1321
322,1322
322,1323
322,1324
322,1325
322,1326
322,1327
322,1328
322,1329
322,1330
322,1331
322,1332
322,1333
322,1334
322,1335
322,1336
322,1337
322,1338
322,1339
322,1340
322,1341
322,1342
322,1343
322,1344
322,1345
322,1346
322,1347
322,1348
322,1349
322,1350
322,1351
322,1352
322,1353
322,1354
322,1355
322,1356
322,1357
322,1358
322,1359
322,1360
322,1361
322,1362
322,1363
322,1364
322,1365
322,1366
322,1367
322,1368
322,1369
322,1370
322,1371
322,1372
322,1373
322,1374
322,1375
322,1376
322,1377
322,1378
322,1379
322,1380
322,1381
322,1382
322,1383
322,1384
322,1385
322,1386
322,1387
322,1388
322,1389
322,1390
322,1391
322,1392
322,1393
322,1394
322,1395
322,1396
322,1397
322,1398
322,1399
:134_0,1400
:134_0,1401
:134_0,1402
:134_0,1403
:134_0,1404
:134_0,1405
-117,1406
-117,1407
-117,1408
-117,1409
-117,1410
-117,1411
-117,1412
-117,1413
-117,1414
-117,1415
-117,1416
-117,1417
-117,1418
-117,1419
-117,1420
-117,1421
-117,1422
-117,1423
-117,1424
-117,1425
-117,1426
-117,1427
-117,1428
-117,1429
-117,1430
-117,1431
-117,1432
-117,1433
-117,1434
-117,1435
-117,1436
-117,1437
-117,1438
-117,1439
-117,1440
-117,1441
-117,1442
-117,1443
-117,1444
-117,1445
-117,1446
-117,1447
-117,1448
-117,1449
-117,1450
-117,1451
-117,1452
-117,1453
-117,1454
-117,1455
-117,1456
-117,1457
-117,1458
-117,1459
-117,1460
-117,1461
-117,1462
-117,1463
-117,1464
-117,1465
-117,1466
-117,1467
-117,1468
-117,1469
-117,1470
-117,1471
-117,1472
-117,1473
-117,1474
-117,1475
-117,1476
-117,1477
-117,1478
-117,1479
-117,1480
-117,1481
-117,1482
-117,1483
-117,1484
-117,1485
-117,1486
-117,1487
-117,1488
-117,1489
-117,1490
-117,1491
-117,1492
-117,1493
-117,1494
-117,1495
-117,1496
-117,1497
-117,1498
-117,1499
-117,1500
-117,1501
-117,1502
-117,1503
-117,1504
-117,1505
-117,1506
-117,1507
-117,1508
-117,1509
-117,1510
-117,1511
-117,1512
-117,1513
-117,1514
-117,1515
-117,1516
-117,1517
-117,1518
:47_0,1519
:47_0,1520
:47_0,1521
118,1522
118,1523
118,1524
118,1525
118,1526
118,1527
118,1528
118,1529
118,1530
118,1531
118,1532
118,1533
118,1534
118,1535
118,1536
118,1537
118,1538
118,1539
118,1540
118,1541
118,1542
118,1543
118,1544
118,1545
118,1546
118,1547
118,1548
118,1549
118,1550
118,1551
118,1552
118,1553
118,1554
118,1555
118,1556
118,1557
118,1558
118,1559
118,1560
118,1561
118,1562
118,1563
118,1564
118,1565
118,1566
118,1567
118,1568
118,1569
118,1570
118,1571
118,1572
118,1573
118,1574
118,1575
118,1576
118,1577
118,1578
118,1579
118,1580
118,1581
118,1582
118,1583
118,1584
118,1585
118,1586
118,1587
118,1588
118,1589
118,1590
118,1591
118,1592
118,1593
118,1594
118,1595
118,1596
118,1597
118,1598
118,1599
118,1600
118,1601
118,1602
118,1603
118,1604
118,1605
118,1606
118,1607
118,1608
118,1609
118,1610
118,1611
118,1612
118,1613
118,1614
118,1615
118,1616
118,1617
118,1618
118,1619
118,1620
118,1621
118,1622
118,1623
118,1624
118,1625
118,1626
118,1627
118,1628
118,1629
118,1630
118,1631
118,1632
118,1633
118,1634
118,1635
118,1636
118,1637
118,1638
118,1639
118,1640
118,1641
118,1642
118,1643
118,1644
118,1645
118,1646
118,1647
118,1648
118,1649
118,1650
118,1651
118,1652
118,1653
118,1654
118,1655
118,1656
118,1657
118,1658
118,1659
118,1660
118,1661
118,1662
118,1663
118,1664
118,1665
118,1666
118,1667
118,1668
118,1669
118,1670
118,1671
118,1672
118,1673
118,1674
118,1675
118,1676
118,1677
118,1678
118,1679
118,1680
118,1681
118,1682
118,1683
118,1684
118,1685
118,1686
118,1687
118,1688
118,1689
118,1690
118,1691
118,1692
118,1693
118,1694
118,1695
118,1696
