444,1
444,2
444,3
444,4
444,5
444,6
444,7
444,8
444,9
444,10
444,11
444,12
444,13
444,14
444,15
444,16
444,17
444,18
444,19
444,20
444,21
444,22
444,23
444,24
444,25
444,26
444,27
444,28
444,29
444,30
444,31
444,32
444,33
444,34
444,35
444,36
444,37
444,38
444,39
444,40
444,41
444,42
444,43
444,44
444,45
444,46
444,47
444,48
444,49
444,50
444,51
444,52
444,53
444,54
444,55
444,56
444,57
444,58
444,59
444,60
444,61
444,62
444,63
444,64
444,65
444,66
444,67
444,68
444,69
444,70
444,71
444,72
444,73
444,74
444,75
444,76
444,77
444,78
444,79
444,80
444,81
444,82
444,83
444,84
444,85
444,86
444,87
444,88
444,89
444,90
444,91
444,92
444,93
444,94
444,95
444,96
444,97
444,98
444,99
444,100
444,101
444,102
444,103
444,104
444,105
444,106
444,107
444,108
444,109
444,110
444,111
444,112
444,113
:384_1,114
:384_1,115
:384_1,116
:384_1,117
:384_1,118
:384_1,119
:384_1,120
:384_1,121
:384_1,122
449,123
449,124
449,125
449,126
449,127
449,128
449,129
449,130
449,131
449,132
449,133
449,134
449,135
449,136
449,137
449,138
449,139
449,140
449,141
449,142
449,143
449,144
449,145
449,146
449,147
449,148
449,149
449,150
449,151
449,152
449,153
449,154
449,155
449,156
449,157
449,158
449,159
449,160
449,161
449,162
449,163
449,164
449,165
449,166
449,167
449,168
449,169
449,170
449,171
449,172
449,173
449,174
449,175
449,176
449,177
449,178
449,179
449,180
449,181
449,182
449,183
449,184
449,185
449,186
449,187
449,188
449,189
449,190
449,191
449,192
449,193
449,194
449,195
449,196
449,197
449,198
449,199
449,200
449,201
449,202
449,203
449,204
449,205
449,206
449,207
449,208
449,209
449,210
449,211
449,212
449,213
449,214
449,215
449,216
449,217
:16_0,218
:16_0,219
:16_0,220
:16_0,221
:16_0,222
-210,223
-210,224
-210,225
-210,226
-210,227
-210,228
-210,229
-210,230
-210,231
-210,232
-210,233
-210,234
-210,235
-210,236
-210,237
-210,238
-210,239
-210,240
-210,241
-210,242
-210,243
-210,244
-210,245
-210,246
-210,247
-210,248
-210,249
-210,250
-210,251
-210,252
-210,253
-210,254
-210,255
-210,256
-210,257
-210,258
-210,259
-210,260
-210,261
-210,262
-210,263
-210,264
-210,265
-210,266
-210,267
-210,268
-210,269
-210,270
-210,271
-210,272
-210,273
-210,274
-210,275
-210,276
-210,277
-210,278
-210,279
-210,280
-210,281
-210,282
-210,283
-210,284
-210,285
-210,286
-210,287
-210,288
-210,289
-210,290
-210,291
-210,292
-210,293
-210,294
-210,295
-210,296
-210,297
-210,298
-210,299
-210,300
-210,301
-210,302
-210,303
-210,304
-210,305
-210,306
-210,307
-210,308
-210,309
-210,310
-210,311
-210,312
-210,313
-210,314
-210,315
-210,316
-210,317
-210,318
-210,319
-210,320
-210,321
-210,322
-210,323
-210,324
-210,325
-210,326
:29_5,327
:29_5,328
:29_5,329
:29_5,330
:29_5,331
:29_5,332
-25,333
-25,334
-25,335
-25,336
-25,337
-25,338
-25,339
-25,340
-25,341
-25,342
-25,343
-25,344
-25,345
-25,346
-25,347
-25,348
-25,349
-25,350
-25,351
-25,352
-25,353
-25,354
-25,355
-25,356
-25,357
-25,358
-25,359
-25,360
-25,361
-25,362
-25,363
-25,364
-25,365
-25,366
-25,367
-25,368
-25,369
-25,370
-25,371
-25,372
-25,373
-25,374
-25,375
-25,376
-25,377
-25,378
-25,379
-25,380
-25,381
-25,382
-25,383
-25,384
-25,385
-25,386
-25,387
-25,388
-25,389
-25,390
-25,391
-25,392
-25,393
-25,394
-25,395
-25,396
-25,397
-25,398
-25,399
-25,400
-25,401
-25,402
-25,403
-25,404
-25,405
-25,406
-25,407
-25,408
-25,409
-25,410
-25,411
-25,412
-25,413
-25,414
-25,415
-25,416
-25,417
-25,418
-25,419
-25,420
-25,421
-25,422
-25,423
-25,424
-25,425
-25,426
-25,427
-25,428
-25,429
-25,430
-25,431
-25,432
-25,433
-25,434
-25,435
-25,436
-25,437
-25,438
-25,439
-25,440
-25,441
-25,442
-25,443
-25,444
-25,445
-25,446
-25,447
-25,448
-25,449
-25,450
-25,451
-25,452
-25,453
-25,454
-25,455
-25,456
-25,457
-25,458
-25,459
-25,460
-25,461
-25,462
-25,463
-25,464
-25,465
-25,466
-25,467
-25,468
-25,469
-25,470
-25,471
-25,472
-25,473
-25,474
-25,475
-25,476
-25,477
-25,478
-25,479
-25,480
-25,481
-25,482
:24_5,483
:24_5,484
:24_5,485
:24_5,486
:24_5,487
:24_5,488
-20,489
-20,490
-20,491
-20,492
-20,493
-20,494
-20,495
-20,496
-20,497
-20,498
-20,499
-20,500
-20,501
-20,502
-20,503
-20,504
-20,505
-20,506
-20,507
-20,508
-20,509
-20,510
-20,511
-20,512
-20,513
-20,514
-20,515
-20,516
-20,517
-20,518
-20,519
-20,520
-20,521
-20,522
-20,523
-20,524
-20,525
-20,526
-20,527
-20,528
-20,529
-20,530
-20,531
-20,532
-20,533
-20,534
-20,535
-20,536
-20,537
-20,538
-20,539
-20,540
-20,541
-20,542
-20,543
-20,544
-20,545
-20,546
-20,547
-20,548
-20,549
-20,550
-20,551
-20,552
-20,553
-20,554
-20,555
-20,556
-20,557
-20,558
-20,559
-20,560
-20,561
-20,562
-20,563
-20,564
-20,565
-20,566
-20,567
-20,568
-20,569
-20,570
-20,571
-20,572
-20,573
-20,574
-20,575
-20,576
-20,577
-20,578
-20,579
-20,580
-20,581
-20,582
-20,583
-20,584
-20,585
-20,586
:23_3,587
:23_3,588
:23_3,589
:23_3,590
-429,591
-429,592
-429,593
-429,594
-429,595
-429,596
-429,597
-429,598
-429,599
-429,600
-429,601
-429,602
-429,603
-429,604
-429,605
-429,606
-429,607
-429,608
-429,609
-429,610
-429,611
-429,612
-429,613
-429,614
-429,615
-429,616
-429,617
-429,618
-429,619
-429,620
-429,621
-429,622
-429,623
-429,624
-429,625
-429,626
-429,627
-429,628
-429,629
-429,630
-429,631
-429,632
-429,633
-429,634
-429,635
-429,636
-429,637
-429,638
-429,639
-429,640
-429,641
-429,642
-429,643
-429,644
-429,645
-429,646
-429,647
-429,648
-429,649
-429,650
-429,651
-429,652
-429,653
-429,654
-429,655
-429,656
-429,657
-429,658
-429,659
-429,660
-429,661
-429,662
-429,663
-429,664
-429,665
-429,666
-429,667
-429,668
-429,669
-429,670
-429,671
-429,672
-429,673
-429,674
-429,675
-429,676
-429,677
-429,678
-429,679
-429,680
-429,681
-429,682
-429,683
-429,684
-429,685
-429,686
-429,687
-429,688
-429,689
-429,690
-429,691
-429,692
-429,693
-429,694
-429,695
-429,696
-429,697
-429,698
-429,699
-429,700
-429,701
-429,702
-429,703
-429,704
-429,705
-429,706
-429,707
-429,708
-429,709
-429,710
-429,711
-429,712
-429,713
-429,714
-429,715
-429,716
-429,717
-429,718
-429,719
-429,720
-429,721
-429,722
-429,723
-429,724
-429,725
-429,726
-429,727
-429,728
-429,729
-429,730
-429,731
-429,732
-429,733
:28_3,734
:28_3,735
:28_3,736
:28_3,737
-24,738
-24,739
-24,740
-24,741
-24,742
-24,743
-24,744
-24,745
-24,746
-24,747
-24,748
-24,749
-24,750
-24,751
-24,752
-24,753
-24,754
-24,755
-24,756
-24,757
-24,758
-24,759
-24,760
-24,761
-24,762
-24,763
-24,764
-24,765
-24,766
-24,767
-24,768
-24,769
-24,770
-24,771
-24,772
-24,773
-24,774
-24,775
-24,776
-24,777
-24,778
-24,779
-24,780
-24,781
-24,782
-24,783
-24,784
-24,785
-24,786
-24,787
-24,788
-24,789
-24,790
-24,791
-24,792
-24,793
-24,794
-24,795
-24,796
-24,797
-24,798
-24,799
-24,800
-24,801
-24,802
-24,803
-24,804
-24,805
-24,806
-24,807
-24,808
-24,809
-24,810
-24,811
-24,812
-24,813
-24,814
-24,815
-24,816
-24,817
-24,818
-24,819
-24,820
-24,821
-24,822
-24,823
-24,824
-24,825
-24,826
-24,827
-24,828
-24,829
-24,830
-24,831
-24,832
-24,833
:24_1,834
:24_1,835
:24_1,836
:24_1,837
:24_1,838
:24_1,839
-114,840
-114,841
-114,842
-114,843
-114,844
-114,845
-114,846
-114,847
-114,848
-114,849
-114,850
-114,851
-114,852
-114,853
-114,854
-114,855
-114,856
-114,857
-114,858
-114,859
-114,860
-114,861
-114,862
-114,863
-114,864
-114,865
-114,866
-114,867
-114,868
-114,869
-114,870
-114,871
-114,872
-114,873
-114,874
-114,875
-114,876
-114,877
-114,878
-114,879
-114,880
-114,881
-114,882
-114,883
-114,884
-114,885
-114,886
-114,887
-114,888
-114,889
-114,890
-114,891
-114,892
-114,893
-114,894
-114,895
-114,896
-114,897
-114,898
-114,899
-114,900
-114,901
-114,902
-114,903
-114,904
-114,905
-114,906
-114,907
-114,908
-114,909
-114,910
-113,911
-113,912
-113,913
-113,914
-113,915
-113,916
-113,917
-113,918
-113,919
-113,920
-113,921
-113,922
-113,923
-113,924
-113,925
-113,926
-113,927
-113,928
-113,929
-113,930
-113,931
-113,932
-113,933
-113,934
-113,935
-113,936
-113,937
-113,938
-113,939
-113,940
-113,941
-113,942
-113,943
-113,944
-113,945
-113,946
-113,947
-113,948
-113,949
-113,950
-113,951
-113,952
-113,953
-113,954
-113,955
-113,956
-112,957
-112,958
-112,959
-112,960
-112,961
-112,962
-112,963
-112,964
-112,965
-112,966
-112,967
-112,968
-112,969
-112,970
-112,971
-112,972
-112,973
-112,974
-112,975
-112,976
-112,977
-112,978
-112,979
-112,980
-112,981
-112,982
-112,983
-112,984
-112,985
-112,986
-112,987
-112,988
-112,989
-112,990
-112,991
-112,992
-112,993
-112,994
-112,995
-112,996
-112,997
-112,998
-112,999
-112,1000
-112,1001
-111,1002
-111,1003
-111,1004
-111,1005
-111,1006
-111,1007
-111,1008
-111,1009
-111,1010
-111,1011
-111,1012
-111,1013
-111,1014
-111,1015
-111,1016
-111,1017
-111,1018
-111,1019
-111,1020
-111,1021
-111,1022
-111,1023
-111,1024
-111,1025
-111,1026
-111,1027
-111,1028
-111,1029
-111,1030
-111,1031
-111,1032
-111,1033
-111,1034
-111,1035
-111,1036
-111,1037
-111,1038
-111,1039
-111,1040
-111,1041
-111,1042
-111,1043
-111,1044
-111,1045
-111,1046
-111,1047
:127_0,1048
:127_0,1049
:127_0,1050
:127_0,1051
-110,1052
-110,1053
-110,1054
-110,1055
-110,1056
-110,1057
-110,1058
-110,1059
-110,1060
-110,1061
-110,1062
-110,1063
-110,1064
-110,1065
-110,1066
-110,1067
-110,1068
-110,1069
-110,1070
-110,1071
-110,1072
-110,1073
-110,1074
-110,1075
-110,1076
-110,1077
-110,1078
-110,1079
-110,1080
-110,1081
-110,1082
-110,1083
-110,1084
-110,1085
-110,1086
-110,1087
-110,1088
-110,1089
-110,1090
-110,1091
-110,1092
-110,1093
-110,1094
-110,1095
-110,1096
-110,1097
-110,1098
-110,1099
-110,1100
-110,1101
-110,1102
-110,1103
-110,1104
-110,1105
-110,1106
-110,1107
-110,1108
-110,1109
-110,1110
-110,1111
-110,1112
-110,1113
-110,1114
-110,1115
-110,1116
-110,1117
-110,1118
-110,1119
-110,1120
-110,1121
-110,1122
-110,1123
-110,1124
-110,1125
-110,1126
-110,1127
-110,1128
-110,1129
-110,1130
-110,1131
-110,1132
-110,1133
-110,1134
-110,1135
-110,1136
-110,1137
-110,1138
-110,1139
-110,1140
:126_0,1141
:126_0,1142
:126_0,1143
:126_0,1144
:126_0,1145
-109,1146
-109,1147
-109,1148
-109,1149
-109,1150
-109,1151
-109,1152
-109,1153
-109,1154
-109,1155
-109,1156
-109,1157
-109,1158
-109,1159
-109,1160
-109,1161
-109,1162
-109,1163
-109,1164
-109,1165
-109,1166
-109,1167
-109,1168
-109,1169
-109,1170
-109,1171
-109,1172
-109,1173
-109,1174
-109,1175
-109,1176
-109,1177
-109,1178
-109,1179
-109,1180
-109,1181
-109,1182
-109,1183
-109,1184
-109,1185
-109,1186
-109,1187
-109,1188
-109,1189
-109,1190
-109,1191
-109,1192
-109,1193
:125_0,1194
:125_0,1195
:125_0,1196
:125_0,1197
:125_0,1198
:125_0,1199
-108,1200
-108,1201
-108,1202
-108,1203
-108,1204
-108,1205
-108,1206
-108,1207
-108,1208
-108,1209
-108,1210
-108,1211
-108,1212
-108,1213
-108,1214
-108,1215
-108,1216
-108,1217
-108,1218
-108,1219
-108,1220
-108,1221
-108,1222
-108,1223
-108,1224
-108,1225
-108,1226
-108,1227
-108,1228
-108,1229
-108,1230
-108,1231
-108,1232
-108,1233
-108,1234
-108,1235
-108,1236
-108,1237
-108,1238
-108,1239
-108,1240
-108,1241
-108,1242
-108,1243
-108,1244
-108,1245
-108,1246
-108,1247
-108,1248
-108,1249
-108,1250
-108,1251
-108,1252
-108,1253
-108,1254
-108,1255
-108,1256
-108,1257
-108,1258
:123_0,1259
:123_0,1260
:123_0,1261
:123_0,1262
107,1263
107,1264
107,1265
107,1266
107,1267
107,1268
107,1269
107,1270
107,1271
107,1272
107,1273
107,1274
107,1275
107,1276
107,1277
107,1278
107,1279
107,1280
107,1281
107,1282
107,1283
107,1284
107,1285
107,1286
107,1287
107,1288
107,1289
107,1290
107,1291
107,1292
107,1293
107,1294
107,1295
107,1296
107,1297
107,1298
107,1299
107,1300
107,1301
107,1302
107,1303
107,1304
107,1305
107,1306
107,1307
107,1308
107,1309
107,1310
107,1311
107,1312
107,1313
107,1314
107,1315
107,1316
107,1317
107,1318
107,1319
107,1320
107,1321
107,1322
107,1323
107,1324
107,1325
107,1326
107,1327
107,1328
107,1329
107,1330
107,1331
107,1332
107,1333
107,1334
107,1335
107,1336
107,1337
107,1338
107,1339
107,1340
107,1341
107,1342
107,1343
107,1344
107,1345
107,1346
107,1347
107,1348
107,1349
107,1350
107,1351
107,1352
107,1353
107,1354
107,1355
107,1356
107,1357
107,1358
107,1359
107,1360
107,1361
107,1362
107,1363
107,1364
107,1365
107,1366
107,1367
107,1368
107,1369
107,1370
107,1371
107,1372
107,1373
107,1374
107,1375
107,1376
107,1377
107,1378
107,1379
107,1380
107,1381
107,1382
107,1383
107,1384
107,1385
107,1386
107,1387
107,1388
107,1389
107,1390
107,1391
:124_1,1392
:124_1,1393
-513,1394
-513,1395
-513,1396
-513,1397
-513,1398
-513,1399
-513,1400
-513,1401
-513,1402
-513,1403
-513,1404
-513,1405
-513,1406
-513,1407
-513,1408
-513,1409
-513,1410
-513,1411
-513,1412
-513,1413
-513,1414
-513,1415
-513,1416
-513,1417
-513,1418
-513,1419
-513,1420
-513,1421
-513,1422
-513,1423
-513,1424
-513,1425
-513,1426
-513,1427
-513,1428
-513,1429
-513,1430
-513,1431
-513,1432
-513,1433
-513,1434
-513,1435
-513,1436
-513,1437
-513,1438
-513,1439
-513,1440
-513,1441
-513,1442
-513,1443
-513,1444
-513,1445
-513,1446
-513,1447
-513,1448
-513,1449
-513,1450
-513,1451
-513,1452
-513,1453
-513,1454
-513,1455
-513,1456
-513,1457
-513,1458
-513,1459
-513,1460
-513,1461
-513,1462
-513,1463
-513,1464
-513,1465
-513,1466
-513,1467
:426_1,1468
:426_1,1469
:426_1,1470
:426_1,1471
:426_1,1472
:426_1,1473
-546,1474
-546,1475
-546,1476
-546,1477
-546,1478
-546,1479
-546,1480
-546,1481
-546,1482
-546,1483
-546,1484
-546,1485
-546,1486
-546,1487
-546,1488
-546,1489
-546,1490
-546,1491
-546,1492
-546,1493
-546,1494
-546,1495
-546,1496
-546,1497
-546,1498
-546,1499
-546,1500
-546,1501
-546,1502
-546,1503
-546,1504
-546,1505
-546,1506
-546,1507
-546,1508
-546,1509
-546,1510
-546,1511
-546,1512
-546,1513
-546,1514
-546,1515
-546,1516
-546,1517
-546,1518
-546,1519
-546,1520
-546,1521
:253_0,1522
-252,1523
-252,1524
-252,1525
-252,1526
-252,1527
-252,1528
-252,1529
-252,1530
-252,1531
-252,1532
-252,1533
-252,1534
-252,1535
-252,1536
-252,1537
-252,1538
-252,1539
-252,1540
-252,1541
-252,1542
-252,1543
-252,1544
-252,1545
-252,1546
-252,1547
-252,1548
-252,1549
-252,1550
-252,1551
-252,1552
-252,1553
-252,1554
-252,1555
-252,1556
-252,1557
-252,1558
-252,1559
-252,1560
-252,1561
-252,1562
-252,1563
-252,1564
-252,1565
-252,1566
-252,1567
-252,1568
-252,1569
-252,1570
-252,1571
-252,1572
-252,1573
-252,1574
-252,1575
-252,1576
-252,1577
-252,1578
-252,1579
-252,1580
-252,1581
-252,1582
-252,1583
-252,1584
-252,1585
-252,1586
-252,1587
-252,1588
-252,1589
-252,1590
-252,1591
-252,1592
-252,1593
-252,1594
-252,1595
-252,1596
-252,1597
-252,1598
-252,1599
-252,1600
-252,1601
-252,1602
-252,1603
-252,1604
-252,1605
-252,1606
-252,1607
-252,1608
-252,1609
-252,1610
-252,1611
-252,1612
-252,1613
-252,1614
-252,1615
-252,1616
-252,1617
-252,1618
-252,1619
-252,1620
-252,1621
-252,1622
-252,1623
-252,1624
-252,1625
-252,1626
-252,1627
-252,1628
-252,1629
-252,1630
-252,1631
-252,1632
-252,1633
-252,1634
-252,1635
-252,1636
-252,1637
-252,1638
-252,1639
-252,1640
-252,1641
-252,1642
-252,1643
-252,1644
-252,1645
-252,1646
-252,1647
-252,1648
-252,1649
-252,1650
-252,1651
-252,1652
-252,1653
-252,1654
-252,1655
-252,1656
-252,1657
-252,1658
-252,1659
-252,1660
-252,1661
-252,1662
-252,1663
-252,1664
-252,1665
-252,1666
-252,1667
-252,1668
-252,1669
-252,1670
-252,1671
-252,1672
-252,1673
-252,1674
-252,1675
-252,1676
-252,1677
-252,1678
-252,1679
-252,1680
:252_0,1681
:252_0,1682
:252_0,1683
:252_0,1684
:252_0,1685
253,1686
253,1687
253,1688
253,1689
253,1690
253,1691
253,1692
253,1693
253,1694
253,1695
253,1696
253,1697
253,1698
253,1699
253,1700
253,1701
253,1702
253,1703
253,1704
253,1705
253,1706
253,1707
253,1708
253,1709
253,1710
253,1711
253,1712
253,1713
253,1714
253,1715
253,1716
253,1717
253,1718
253,1719
253,1720
253,1721
253,1722
253,1723
253,1724
253,1725
253,1726
253,1727
253,1728
253,1729
253,1730
253,1731
253,1732
253,1733
253,1734
253,1735
253,1736
253,1737
253,1738
253,1739
253,1740
253,1741
253,1742
253,1743
253,1744
253,1745
253,1746
253,1747
:254_6,1748
:254_6,1749
:254_16,1750
:254_16,1751
:254_16,1752
327,1753
327,1754
327,1755
327,1756
327,1757
327,1758
327,1759
327,1760
327,1761
327,1762
327,1763
327,1764
327,1765
327,1766
327,1767
327,1768
327,1769
327,1770
327,1771
327,1772
327,1773
327,1774
327,1775
327,1776
327,1777
327,1778
327,1779
327,1780
327,1781
327,1782
327,1783
327,1784
327,1785
327,1786
327,1787
327,1788
327,1789
327,1790
327,1791
327,1792
327,1793
327,1794
327,1795
327,1796
327,1797
327,1798
327,1799
327,1800
327,1801
327,1802
327,1803
327,1804
327,1805
327,1806
327,1807
327,1808
327,1809
327,1810
327,1811
327,1812
327,1813
327,1814
327,1815
327,1816
327,1817
327,1818
328,1819
328,1820
328,1821
328,1822
328,1823
328,1824
328,1825
328,1826
328,1827
328,1828
328,1829
328,1830
328,1831
328,1832
328,1833
328,1834
328,1835
328,1836
328,1837
328,1838
328,1839
328,1840
328,1841
328,1842
328,1843
328,1844
328,1845
328,1846
328,1847
328,1848
328,1849
328,1850
328,1851
328,1852
328,1853
328,1854
328,1855
328,1856
328,1857
328,1858
328,1859
328,1860
328,1861
328,1862
328,1863
328,1864
328,1865
328,1866
328,1867
328,1868
328,1869
328,1870
328,1871
328,1872
328,1873
328,1874
328,1875
328,1876
328,1877
328,1878
328,1879
328,1880
328,1881
328,1882
328,1883
328,1884
328,1885
328,1886
328,1887
328,1888
328,1889
328,1890
328,1891
328,1892
328,1893
328,1894
:304_0,1895
329,1896
329,1897
329,1898
329,1899
329,1900
329,1901
329,1902
329,1903
329,1904
329,1905
329,1906
329,1907
329,1908
329,1909
329,1910
329,1911
329,1912
329,1913
329,1914
329,1915
329,1916
329,1917
329,1918
329,1919
329,1920
329,1921
329,1922
329,1923
329,1924
329,1925
329,1926
329,1927
329,1928
329,1929
329,1930
329,1931
329,1932
329,1933
329,1934
329,1935
329,1936
329,1937
329,1938
329,1939
329,1940
329,1941
329,1942
329,1943
329,1944
329,1945
329,1946
329,1947
329,1948
329,1949
329,1950
329,1951
329,1952
329,1953
329,1954
329,1955
329,1956
329,1957
329,1958
329,1959
329,1960
329,1961
329,1962
329,1963
329,1964
329,1965
329,1966
329,1967
329,1968
329,1969
329,1970
329,1971
329,1972
329,1973
329,1974
330,1975
330,1976
330,1977
330,1978
330,1979
330,1980
330,1981
330,1982
330,1983
330,1984
330,1985
330,1986
330,1987
330,1988
330,1989
330,1990
330,1991
330,1992
330,1993
330,1994
330,1995
330,1996
330,1997
330,1998
330,1999
330,2000
