-139,21
-139,22
-139,23
-139,24
-139,25
-139,26
-139,27
-139,28
-139,29
-139,30
-139,31
-139,32
-139,33
-139,34
-139,35
-139,36
-139,37
-139,38
-139,39
-139,40
-139,41
-139,42
-139,43
-139,44
-139,45
-139,46
-139,47
-139,48
-139,49
-139,50
-139,51
-139,52
-139,53
-139,54
-139,55
-139,56
-139,57
-139,58
-139,59
-139,60
-139,61
-139,62
-139,63
-139,64
-139,65
-139,66
-139,67
-139,68
-139,69
-139,70
-139,71
-139,72
-139,73
-139,74
-139,75
-139,76
-139,77
-139,78
-139,79
-139,80
-139,81
-139,82
-139,83
-139,84
-139,85
-139,86
-139,87
-139,88
-139,89
-139,90
-139,91
-139,92
-139,93
-139,94
-139,95
-139,96
-139,97
-139,98
-139,99
-139,100
-139,101
-139,102
-139,103
:153_6,104
:153_6,105
:153_6,106
:153_6,107
:153_6,108
142,109
142,110
142,111
142,112
142,113
142,114
142,115
142,116
142,117
142,118
142,119
142,120
142,121
142,122
142,123
142,124
142,125
142,126
142,127
142,128
142,129
142,130
142,131
142,132
142,133
142,134
142,135
142,136
142,137
142,138
142,139
142,140
142,141
142,142
142,143
142,144
142,145
142,146
142,147
142,148
142,149
142,150
142,151
142,152
142,153
142,154
142,155
142,156
142,157
142,158
142,159
142,160
142,161
142,162
142,163
142,164
142,165
142,166
142,167
142,168
142,169
142,170
142,171
142,172
142,173
142,174
142,175
142,176
142,177
142,178
142,179
142,180
142,181
142,182
142,183
142,184
142,185
142,186
142,187
142,188
142,189
142,190
142,191
142,192
142,193
142,194
142,195
142,196
142,197
142,198
142,199
142,200
142,201
142,202
142,203
142,204
142,205
142,206
:157_13,207
:157_13,208
:157_13,209
:157_13,210
:157_13,211
:157_13,212
-259,213
-259,214
-259,215
-259,216
-259,217
-259,218
-259,219
-259,220
-259,221
-259,222
-259,223
-259,224
-259,225
-259,226
-259,227
-259,228
-259,229
-259,230
-259,231
-259,232
-259,233
-259,234
-259,235
-259,236
-259,237
-259,238
:256_1,239
:256_1,240
:256_1,241
:256_1,242
:256_1,243
:256_1,244
-258,245
-258,246
-258,247
-258,248
-258,249
-258,250
-258,251
-258,252
-258,253
-258,254
-258,255
-258,256
-258,257
-258,258
-258,259
-258,260
-258,261
-258,262
-258,263
-258,264
-258,265
-258,266
-258,267
-258,268
-258,269
-258,270
-258,271
-258,272
-258,273
-258,274
-258,275
-258,276
-258,277
-258,278
-258,279
-258,280
-258,281
-258,282
-258,283
-258,284
-258,285
-258,286
-258,287
-258,288
-258,289
-258,290
-258,291
-258,292
-258,293
-258,294
-258,295
-258,296
-258,297
-258,298
-258,299
-258,300
-258,301
-258,302
-258,303
-258,304
-258,305
-258,306
-258,307
-258,308
-258,309
-258,310
-258,311
-258,312
-258,313
-258,314
-258,315
-258,316
-258,317
-258,318
-258,319
-258,320
-258,321
-258,322
-258,323
-258,324
:21_0,325
:21_0,326
:21_0,327
:21_0,328
257,329
257,330
257,331
257,332
257,333
257,334
257,335
257,336
257,337
257,338
257,339
257,340
257,341
257,342
257,343
257,344
257,345
257,346
257,347
257,348
257,349
257,350
257,351
257,352
257,353
257,354
257,355
257,356
257,357
257,358
257,359
257,360
257,361
257,362
257,363
257,364
257,365
257,366
257,367
257,368
257,369
257,370
257,371
257,372
257,373
257,374
257,375
257,376
257,377
257,378
257,379
257,380
257,381
257,382
257,383
257,384
257,385
257,386
257,387
257,388
257,389
257,390
257,391
257,392
257,393
257,394
257,395
257,396
257,397
257,398
257,399
257,400
257,401
257,402
257,403
257,404
257,405
257,406
257,407
257,408
257,409
257,410
257,411
257,412
257,413
257,414
257,415
257,416
257,417
257,418
257,419
257,420
257,421
257,422
257,423
257,424
257,425
257,426
257,427
257,428
257,429
257,430
257,431
257,432
257,433
257,434
257,435
257,436
257,437
257,438
257,439
257,440
257,441
257,442
257,443
257,444
257,445
257,446
257,447
257,448
257,449
257,450
257,451
257,452
257,453
257,454
257,455
257,456
257,457
257,458
257,459
257,460
257,461
257,462
257,463
257,464
257,465
257,466
257,467
257,468
257,469
257,470
257,471
257,472
257,473
257,474
257,475
257,476
257,477
257,478
257,479
257,480
257,481
257,482
257,483
257,484
257,485
257,486
257,487
257,488
257,489
257,490
257,491
257,492
257,493
257,494
257,495
257,496
257,497
257,498
257,499
257,500
257,501
257,502
:231_4,503
:231_4,504
:231_4,505
:231_4,506
:231_4,507
:231_4,508
-225,509
-225,510
-225,511
-225,512
-225,513
-225,514
-225,515
-225,516
-225,517
-225,518
-225,519
-225,520
-225,521
-225,522
-225,523
-225,524
-225,525
-225,526
-225,527
-225,528
-225,529
-225,530
-225,531
-225,532
-225,533
-225,534
-225,535
-225,536
-225,537
-225,538
-225,539
-225,540
-225,541
-225,542
-225,543
-225,544
-225,545
-225,546
-225,547
-225,548
-225,549
-225,550
-225,551
-225,552
-225,553
-225,554
-225,555
-225,556
-225,557
-225,558
-225,559
-225,560
-225,561
-225,562
-225,563
-225,564
-225,565
-225,566
-225,567
-225,568
-225,569
-225,570
-225,571
-225,572
-225,573
-225,574
-225,575
-225,576
-225,577
-225,578
-225,579
-225,580
-225,581
-225,582
-225,583
-225,584
-225,585
-225,586
-225,587
-225,588
-225,589
-225,590
-225,591
-225,592
-225,593
-225,594
-225,595
-225,596
-225,597
-225,598
-225,599
-225,600
-225,601
-225,602
-225,603
-225,604
-225,605
-225,606
-225,607
-225,608
-225,609
-225,610
-225,611
-225,612
-225,613
-225,614
-225,615
-225,616
-225,617
-225,618
-225,619
-225,620
-225,621
-225,622
-225,623
-225,624
-225,625
-225,626
-225,627
-225,628
-225,629
-225,630
-225,631
-225,632
-225,633
-225,634
-225,635
-225,636
-225,637
-225,638
-225,639
-225,640
-225,641
-225,642
-225,643
-225,644
-225,645
-225,646
-225,647
-225,648
-225,649
-225,650
-225,651
-225,652
-225,653
-225,654
-225,655
-225,656
:227_1,657
:227_1,658
:227_1,659
:227_1,660
:227_1,661
:227_1,662
222,663
222,664
222,665
222,666
222,667
222,668
222,669
222,670
222,671
222,672
222,673
222,674
222,675
222,676
222,677
222,678
222,679
222,680
222,681
222,682
222,683
222,684
222,685
222,686
222,687
222,688
222,689
222,690
222,691
222,692
222,693
222,694
222,695
222,696
222,697
222,698
222,699
222,700
222,701
222,702
222,703
222,704
222,705
222,706
222,707
222,708
222,709
222,710
222,711
222,712
222,713
222,714
222,715
222,716
222,717
222,718
222,719
222,720
222,721
222,722
222,723
222,724
222,725
222,726
222,727
222,728
222,729
222,730
222,731
222,732
222,733
222,734
222,735
222,736
222,737
222,738
222,739
222,740
222,741
222,742
222,743
222,744
222,745
222,746
222,747
222,748
222,749
222,750
222,751
222,752
222,753
222,754
222,755
222,756
222,757
222,758
222,759
222,760
222,761
222,762
222,763
222,764
222,765
222,766
222,767
222,768
222,769
222,770
222,771
222,772
222,773
222,774
222,775
222,776
222,777
222,778
222,779
222,780
222,781
222,782
222,783
222,784
222,785
222,786
222,787
222,788
222,789
222,790
222,791
222,792
222,793
222,794
222,795
222,796
222,797
222,798
222,799
222,800
222,801
222,802
222,803
222,804
222,805
222,806
222,807
222,808
222,809
222,810
222,811
222,812
222,813
222,814
222,815
222,816
222,817
222,818
222,819
222,820
222,821
222,822
222,823
222,824
222,825
222,826
222,827
222,828
222,829
222,830
222,831
222,832
222,833
222,834
222,835
222,836
222,837
222,838
222,839
222,840
222,841
222,842
222,843
:228_4,844
:228_4,845
:228_4,846
:228_4,847
:228_4,848
:228_4,849
223,850
223,851
223,852
223,853
223,854
223,855
223,856
223,857
223,858
223,859
223,860
223,861
223,862
223,863
223,864
223,865
223,866
223,867
223,868
223,869
223,870
223,871
223,872
223,873
223,874
223,875
223,876
223,877
223,878
223,879
223,880
223,881
223,882
223,883
223,884
223,885
223,886
223,887
223,888
223,889
223,890
223,891
223,892
223,893
223,894
223,895
223,896
223,897
223,898
223,899
223,900
223,901
223,902
223,903
223,904
223,905
223,906
223,907
223,908
223,909
223,910
223,911
223,912
223,913
223,914
223,915
223,916
223,917
223,918
223,919
223,920
223,921
223,922
223,923
223,924
223,925
223,926
223,927
223,928
223,929
223,930
223,931
223,932
223,933
223,934
223,935
223,936
223,937
223,938
223,939
223,940
223,941
223,942
223,943
223,944
223,945
:229_4,946
:229_4,947
:229_4,948
:229_4,949
:229_4,950
224,951
224,952
224,953
224,954
224,955
224,956
224,957
224,958
224,959
224,960
224,961
224,962
224,963
224,964
224,965
224,966
224,967
224,968
224,969
224,970
224,971
224,972
224,973
224,974
224,975
224,976
224,977
224,978
224,979
224,980
224,981
224,982
224,983
224,984
224,985
224,986
224,987
224,988
224,989
224,990
224,991
224,992
224,993
224,994
224,995
224,996
224,997
224,998
224,999
224,1000
224,1001
224,1002
224,1003
224,1004
224,1005
224,1006
224,1007
224,1008
224,1009
224,1010
224,1011
224,1012
224,1013
224,1014
224,1015
224,1016
224,1017
224,1018
224,1019
224,1020
224,1021
224,1022
224,1023
224,1024
224,1025
224,1026
224,1027
224,1028
224,1029
224,1030
224,1031
224,1032
224,1033
224,1034
224,1035
224,1036
224,1037
224,1038
224,1039
:230_1,1040
:230_1,1041
:230_1,1042
:230_1,1043
:230_1,1044
:230_1,1045
374,1046
374,1047
374,1048
374,1049
374,1050
374,1051
374,1052
374,1053
374,1054
374,1055
374,1056
374,1057
374,1058
374,1059
374,1060
374,1061
374,1062
374,1063
374,1064
374,1065
374,1066
374,1067
374,1068
374,1069
374,1070
374,1071
374,1072
374,1073
374,1074
374,1075
374,1076
374,1077
374,1078
374,1079
374,1080
374,1081
374,1082
374,1083
374,1084
374,1085
374,1086
374,1087
374,1088
374,1089
374,1090
374,1091
374,1092
374,1093
374,1094
374,1095
374,1096
374,1097
374,1098
374,1099
374,1100
374,1101
374,1102
374,1103
374,1104
374,1105
374,1106
374,1107
374,1108
374,1109
374,1110
374,1111
374,1112
374,1113
374,1114
374,1115
374,1116
374,1117
374,1118
374,1119
374,1120
374,1121
374,1122
374,1123
:340_0,1124
:340_0,1125
375,1126
375,1127
375,1128
375,1129
375,1130
375,1131
375,1132
375,1133
375,1134
375,1135
375,1136
375,1137
375,1138
375,1139
375,1140
375,1141
375,1142
375,1143
375,1144
375,1145
375,1146
375,1147
375,1148
375,1149
375,1150
375,1151
375,1152
375,1153
375,1154
375,1155
375,1156
375,1157
375,1158
375,1159
375,1160
375,1161
375,1162
375,1163
375,1164
375,1165
375,1166
375,1167
375,1168
375,1169
375,1170
375,1171
375,1172
375,1173
375,1174
375,1175
375,1176
375,1177
375,1178
375,1179
375,1180
375,1181
375,1182
375,1183
375,1184
375,1185
375,1186
375,1187
375,1188
375,1189
375,1190
375,1191
375,1192
375,1193
375,1194
375,1195
375,1196
375,1197
375,1198
375,1199
375,1200
375,1201
375,1202
375,1203
375,1204
375,1205
375,1206
375,1207
375,1208
375,1209
375,1210
375,1211
375,1212
375,1213
375,1214
375,1215
375,1216
375,1217
375,1218
375,1219
375,1220
375,1221
375,1222
375,1223
375,1224
375,1225
375,1226
375,1227
375,1228
375,1229
375,1230
375,1231
375,1232
375,1233
375,1234
:15_1,1235
:15_1,1236
:15_1,1237
:15_1,1238
:15_1,1239
:15_1,1240
-13,1241
-13,1242
-13,1243
-13,1244
-13,1245
-13,1246
-13,1247
-13,1248
-13,1249
-13,1250
-13,1251
-13,1252
-13,1253
-13,1254
-13,1255
-13,1256
-13,1257
-13,1258
-13,1259
-13,1260
-13,1261
-13,1262
-13,1263
-13,1264
-13,1265
-13,1266
-13,1267
-13,1268
-13,1269
-13,1270
-13,1271
-13,1272
-13,1273
-13,1274
-13,1275
-13,1276
-13,1277
-13,1278
-13,1279
-13,1280
-13,1281
-13,1282
-13,1283
-13,1284
-13,1285
-13,1286
-13,1287
-13,1288
-13,1289
-13,1290
-13,1291
-13,1292
-13,1293
-13,1294
-13,1295
-13,1296
-13,1297
-13,1298
-13,1299
-13,1300
-13,1301
-13,1302
-13,1303
-13,1304
-13,1305
-13,1306
-13,1307
-13,1308
-13,1309
-13,1310
-13,1311
-13,1312
-13,1313
-13,1314
-13,1315
-13,1316
-13,1317
-13,1318
-13,1319
-13,1320
-13,1321
-13,1322
-13,1323
-13,1324
-13,1325
-13,1326
-13,1327
-13,1328
-13,1329
-13,1330
-13,1331
-13,1332
-13,1333
-13,1334
-13,1335
-13,1336
-13,1337
-13,1338
-13,1339
-13,1340
-13,1341
-13,1342
:14_0,1343
14,1344
14,1345
14,1346
14,1347
14,1348
14,1349
14,1350
14,1351
14,1352
14,1353
14,1354
14,1355
14,1356
14,1357
14,1358
14,1359
14,1360
14,1361
14,1362
14,1363
14,1364
14,1365
14,1366
14,1367
14,1368
14,1369
14,1370
14,1371
14,1372
14,1373
14,1374
14,1375
14,1376
14,1377
14,1378
14,1379
14,1380
14,1381
14,1382
14,1383
14,1384
14,1385
14,1386
14,1387
14,1388
14,1389
14,1390
14,1391
14,1392
14,1393
14,1394
14,1395
14,1396
14,1397
14,1398
14,1399
14,1400
14,1401
14,1402
14,1403
14,1404
14,1405
14,1406
14,1407
14,1408
14,1409
14,1410
14,1411
14,1412
14,1413
14,1414
14,1415
14,1416
14,1417
14,1418
14,1419
14,1420
14,1421
14,1422
14,1423
14,1424
14,1425
14,1426
14,1427
14,1428
14,1429
14,1430
14,1431
14,1432
14,1433
14,1434
14,1435
14,1436
14,1437
14,1438
14,1439
14,1440
14,1441
14,1442
14,1443
14,1444
14,1445
14,1446
14,1447
14,1448
14,1449
14,1450
14,1451
14,1452
14,1453
14,1454
14,1455
14,1456
:16_4,1457
:16_4,1458
:16_4,1459
:16_4,1460
:16_4,1461
:16_4,1462
-210,1463
-210,1464
-210,1465
-210,1466
-210,1467
-210,1468
-210,1469
-210,1470
-210,1471
-210,1472
-210,1473
-210,1474
-210,1475
-210,1476
-210,1477
-210,1478
-210,1479
-210,1480
-210,1481
-210,1482
-210,1483
-210,1484
-210,1485
-210,1486
-210,1487
-210,1488
-210,1489
-210,1490
-210,1491
-210,1492
-210,1493
-210,1494
-210,1495
-210,1496
-210,1497
-210,1498
-210,1499
-210,1500
-210,1501
-210,1502
-210,1503
-210,1504
-210,1505
-210,1506
-210,1507
-210,1508
-210,1509
-210,1510
-210,1511
-210,1512
-210,1513
-210,1514
-210,1515
-210,1516
-210,1517
-210,1518
-210,1519
-210,1520
-210,1521
-210,1522
-210,1523
-210,1524
-210,1525
-210,1526
-210,1527
-210,1528
-210,1529
-210,1530
-210,1531
-210,1532
-210,1533
-210,1534
-210,1535
-210,1536
-210,1537
-210,1538
-210,1539
-210,1540
-210,1541
-210,1542
-210,1543
-210,1544
-210,1545
-210,1546
-210,1547
-210,1548
-210,1549
-210,1550
-210,1551
-210,1552
-210,1553
-210,1554
-210,1555
-210,1556
-210,1557
-210,1558
-210,1559
-210,1560
-210,1561
-210,1562
-210,1563
:29_5,1564
:29_5,1565
:29_5,1566
:29_5,1567
:29_5,1568
:29_5,1569
-25,1570
-25,1571
-25,1572
-25,1573
-25,1574
-25,1575
-25,1576
-25,1577
-25,1578
-25,1579
-25,1580
-25,1581
-25,1582
-25,1583
-25,1584
-25,1585
-25,1586
-25,1587
-25,1588
-25,1589
-25,1590
-25,1591
-25,1592
-25,1593
-25,1594
-25,1595
-25,1596
-25,1597
-25,1598
-25,1599
-25,1600
-25,1601
-25,1602
-25,1603
-25,1604
-25,1605
-25,1606
-25,1607
-25,1608
-25,1609
-25,1610
-25,1611
-25,1612
-25,1613
-25,1614
-25,1615
-25,1616
-25,1617
-25,1618
-25,1619
-25,1620
-25,1621
-25,1622
-25,1623
-25,1624
-25,1625
-25,1626
-25,1627
-25,1628
-25,1629
-25,1630
-25,1631
-25,1632
-25,1633
-25,1634
-25,1635
-25,1636
-25,1637
-25,1638
-25,1639
-25,1640
-25,1641
-25,1642
-25,1643
-25,1644
-25,1645
-25,1646
-25,1647
-25,1648
-25,1649
-25,1650
-25,1651
-25,1652
-25,1653
-25,1654
-25,1655
-25,1656
-25,1657
-25,1658
-25,1659
-25,1660
-25,1661
-25,1662
-25,1663
-25,1664
-25,1665
-25,1666
-25,1667
-25,1668
-25,1669
-25,1670
-25,1671
-25,1672
-25,1673
-25,1674
-25,1675
-25,1676
-25,1677
-25,1678
-25,1679
-25,1680
-25,1681
-25,1682
-25,1683
-25,1684
-25,1685
-25,1686
-25,1687
-25,1688
-25,1689
-25,1690
-25,1691
-25,1692
-25,1693
-25,1694
-25,1695
-25,1696
-25,1697
-25,1698
-25,1699
-25,1700
-25,1701
-25,1702
-25,1703
-25,1704
-25,1705
-25,1706
-25,1707
-25,1708
-25,1709
-25,1710
-25,1711
-25,1712
-25,1713
-25,1714
-25,1715
:24_5,1716
:24_5,1717
:24_5,1718
:24_5,1719
:24_5,1720
-20,1721
-20,1722
-20,1723
-20,1724
-20,1725
-20,1726
-20,1727
-20,1728
-20,1729
-20,1730
-20,1731
-20,1732
-20,1733
-20,1734
-20,1735
-20,1736
-20,1737
-20,1738
-20,1739
-20,1740
-20,1741
-20,1742
-20,1743
-20,1744
-20,1745
-20,1746
-20,1747
-20,1748
-20,1749
-20,1750
-20,1751
-20,1752
-20,1753
-20,1754
-20,1755
-20,1756
-20,1757
-20,1758
-20,1759
-20,1760
-20,1761
-20,1762
-20,1763
-20,1764
-20,1765
-20,1766
-20,1767
-20,1768
-20,1769
-20,1770
-20,1771
-20,1772
-20,1773
-20,1774
-20,1775
-20,1776
-20,1777
-20,1778
-20,1779
-20,1780
-20,1781
-20,1782
-20,1783
-20,1784
-20,1785
-20,1786
-20,1787
-20,1788
-20,1789
-20,1790
-20,1791
-20,1792
-20,1793
-20,1794
-20,1795
-20,1796
-20,1797
-20,1798
-20,1799
-20,1800
-20,1801
-20,1802
-20,1803
-20,1804
-20,1805
-20,1806
-20,1807
-20,1808
-20,1809
-20,1810
-20,1811
-20,1812
-20,1813
-20,1814
-20,1815
-20,1816
:23_4,1817
:23_4,1818
:23_4,1819
:23_4,1820
:23_4,1821
:23_4,1822
:23_4,1823
-19,1824
-19,1825
-19,1826
-19,1827
-19,1828
-19,1829
-19,1830
-19,1831
-19,1832
-19,1833
-19,1834
-19,1835
-19,1836
-19,1837
-19,1838
-19,1839
-19,1840
-19,1841
-19,1842
-19,1843
-19,1844
-19,1845
-19,1846
-19,1847
-19,1848
-19,1849
-19,1850
-19,1851
-19,1852
-19,1853
-19,1854
-19,1855
-19,1856
-19,1857
-19,1858
-19,1859
-19,1860
-19,1861
-19,1862
-19,1863
-19,1864
-19,1865
-19,1866
-19,1867
-19,1868
-19,1869
-19,1870
-19,1871
-19,1872
-19,1873
-19,1874
-19,1875
-19,1876
-19,1877
-19,1878
-19,1879
-19,1880
-19,1881
-19,1882
-19,1883
-19,1884
-19,1885
-19,1886
-19,1887
-19,1888
-19,1889
-19,1890
-19,1891
-19,1892
-19,1893
-19,1894
-19,1895
-19,1896
-19,1897
-19,1898
-19,1899
-19,1900
-19,1901
-19,1902
-19,1903
-19,1904
-19,1905
-19,1906
-19,1907
-19,1908
-19,1909
-19,1910
-19,1911
-19,1912
-19,1913
-19,1914
-19,1915
-19,1916
-19,1917
-19,1918
-19,1919
-19,1920
-19,1921
-19,1922
:22_1,1923
:22_1,1924
:22_1,1925
:22_1,1926
:22_1,1927
:22_1,1928
23,1929
23,1930
23,1931
23,1932
23,1933
23,1934
23,1935
23,1936
23,1937
23,1938
23,1939
23,1940
23,1941
23,1942
23,1943
23,1944
23,1945
23,1946
23,1947
23,1948
23,1949
23,1950
23,1951
23,1952
23,1953
23,1954
23,1955
23,1956
23,1957
23,1958
23,1959
23,1960
23,1961
23,1962
23,1963
23,1964
23,1965
23,1966
23,1967
23,1968
23,1969
23,1970
23,1971
23,1972
23,1973
23,1974
23,1975
23,1976
23,1977
23,1978
23,1979
23,1980
23,1981
23,1982
23,1983
23,1984
23,1985
23,1986
23,1987
23,1988
23,1989
23,1990
23,1991
23,1992
23,1993
23,1994
23,1995
23,1996
23,1997
23,1998
23,1999
23,2000
