-51,1
-51,2
-51,3
-51,4
-51,5
-51,6
-51,7
-51,8
-51,9
-51,10
-51,11
-51,12
-51,13
-51,14
-51,15
-51,16
-51,17
-51,18
-51,19
-51,20
-51,21
-51,22
-51,23
-51,24
-51,25
-51,26
-51,27
-51,28
-51,29
-51,30
-51,31
-51,32
-51,33
-51,34
-51,35
-51,36
-51,37
-51,38
-51,39
-51,40
-51,41
-51,42
-51,43
-51,44
-51,45
-51,46
-51,47
-51,48
-51,49
-51,50
-51,51
-51,52
-51,53
-51,54
-51,55
-51,56
-51,57
-51,58
-51,59
-51,60
-51,61
-51,62
-51,63
-51,64
-51,65
-51,66
-51,67
-51,68
-51,69
-51,70
-51,71
-51,72
-51,73
-51,74
-51,75
-51,76
-51,77
-51,78
-51,79
-51,80
-51,81
-51,82
-51,83
-51,84
-51,85
-51,86
-51,87
-51,88
-51,89
-51,90
-51,91
-51,92
-51,93
-51,94
-51,95
-51,96
-51,97
-51,98
-51,99
-51,100
-51,101
-51,102
-51,103
-51,104
-51,105
-51,106
-51,107
-51,108
-51,109
-51,110
-51,111
-51,112
-51,113
-51,114
-51,115
-51,116
-51,117
-51,118
-51,119
-51,120
-51,121
-51,122
-51,123
-51,124
-51,125
-51,126
-51,127
-51,128
-51,129
-51,130
-51,131
-51,132
-51,133
-51,134
-51,135
-51,136
-51,137
-51,138
-51,139
-51,140
-51,141
-51,142
-51,143
-51,144
-51,145
-51,146
-51,147
-51,148
-51,149
-51,150
-51,151
-51,152
:58_9,153
:58_9,154
:58_9,155
:58_9,156
:58_9,157
:58_9,158
52,159
52,160
52,161
52,162
52,163
52,164
52,165
52,166
52,167
52,168
52,169
52,170
52,171
52,172
52,173
52,174
52,175
52,176
52,177
52,178
52,179
52,180
52,181
52,182
52,183
52,184
52,185
52,186
52,187
52,188
52,189
52,190
52,191
52,192
52,193
52,194
52,195
52,196
52,197
52,198
52,199
52,200
52,201
52,202
52,203
52,204
52,205
52,206
52,207
52,208
52,209
52,210
52,211
52,212
52,213
52,214
52,215
52,216
52,217
52,218
52,219
52,220
52,221
52,222
52,223
52,224
52,225
52,226
52,227
52,228
52,229
52,230
52,231
52,232
52,233
52,234
52,235
52,236
52,237
52,238
52,239
52,240
52,241
52,242
52,243
52,244
52,245
52,246
52,247
52,248
52,249
52,250
52,251
52,252
52,253
52,254
52,255
52,256
52,257
52,258
52,259
52,260
52,261
52,262
52,263
52,264
52,265
52,266
52,267
52,268
52,269
52,270
52,271
52,272
52,273
52,274
52,275
52,276
52,277
52,278
52,279
52,280
52,281
52,282
52,283
52,284
52,285
52,286
52,287
52,288
52,289
52,290
52,291
52,292
52,293
52,294
52,295
52,296
52,297
52,298
52,299
52,300
52,301
52,302
52,303
52,304
52,305
52,306
52,307
52,308
52,309
52,310
52,311
52,312
52,313
52,314
52,315
52,316
52,317
52,318
52,319
52,320
52,321
52,322
52,323
:60_4,324
:60_4,325
:60_4,326
:60_4,327
:60_4,328
-122,329
-122,330
-122,331
-122,332
-122,333
-122,334
-122,335
-122,336
-122,337
-122,338
-122,339
-122,340
-122,341
-122,342
-122,343
-122,344
-122,345
-122,346
-122,347
-122,348
-122,349
-122,350
-122,351
-122,352
-122,353
-122,354
-122,355
-122,356
-122,357
-122,358
-122,359
-122,360
-122,361
-122,362
-122,363
-122,364
-122,365
-122,366
-122,367
-122,368
-122,369
-122,370
-122,371
-122,372
-122,373
-122,374
-122,375
-122,376
-122,377
-122,378
-122,379
-122,380
-122,381
-122,382
-122,383
-122,384
-122,385
-122,386
-122,387
-122,388
-122,389
-122,390
-122,391
-122,392
-122,393
-122,394
-122,395
-122,396
-122,397
-122,398
-122,399
-122,400
-122,401
-122,402
-122,403
-122,404
-122,405
-122,406
-122,407
-122,408
-122,409
-122,410
-122,411
-122,412
-122,413
-122,414
-122,415
-122,416
-122,417
-122,418
-122,419
-122,420
-122,421
-122,422
:137_7,423
:137_7,424
:137_7,425
:137_7,426
:137_7,427
121,428
121,429
121,430
121,431
121,432
121,433
121,434
121,435
121,436
121,437
121,438
121,439
121,440
121,441
121,442
121,443
121,444
121,445
121,446
121,447
121,448
121,449
121,450
121,451
121,452
121,453
121,454
121,455
121,456
121,457
121,458
121,459
121,460
121,461
121,462
121,463
121,464
121,465
121,466
121,467
121,468
121,469
121,470
121,471
121,472
121,473
121,474
121,475
121,476
121,477
121,478
121,479
121,480
121,481
121,482
121,483
121,484
121,485
121,486
121,487
121,488
121,489
121,490
121,491
121,492
121,493
121,494
121,495
121,496
121,497
121,498
121,499
121,500
121,501
121,502
121,503
121,504
121,505
121,506
121,507
121,508
121,509
121,510
:77_4,511
:77_4,512
:77_4,513
:77_4,514
:77_4,515
:77_4,516
-67,517
-67,518
-67,519
-67,520
-67,521
-67,522
-67,523
-67,524
-67,525
-67,526
-67,527
-67,528
-67,529
-67,530
-67,531
-67,532
-67,533
-67,534
-67,535
-67,536
-67,537
-67,538
-67,539
-67,540
-67,541
-67,542
-67,543
-67,544
-67,545
-67,546
-67,547
-67,548
-67,549
-67,550
-67,551
-67,552
-67,553
-67,554
-67,555
-67,556
-67,557
-67,558
-67,559
-67,560
-67,561
-67,562
-67,563
-67,564
-67,565
-67,566
-67,567
-67,568
-67,569
-67,570
-67,571
-67,572
-67,573
-67,574
-67,575
-67,576
-67,577
-67,578
-67,579
-67,580
-67,581
-67,582
-67,583
-67,584
-67,585
-67,586
-67,587
-67,588
-67,589
-67,590
-67,591
-67,592
-67,593
-67,594
-67,595
-67,596
-67,597
-67,598
-67,599
-67,600
-67,601
-67,602
-67,603
-67,604
-67,605
-67,606
-67,607
-67,608
-67,609
-67,610
-67,611
-67,612
-67,613
-67,614
-67,615
-67,616
-67,617
-67,618
-67,619
-67,620
-67,621
-67,622
-67,623
-67,624
-67,625
-67,626
-67,627
-67,628
-67,629
-67,630
-67,631
-67,632
-67,633
-67,634
-67,635
-67,636
-67,637
-67,638
-67,639
-67,640
-67,641
-67,642
-67,643
-67,644
-67,645
-67,646
-67,647
-67,648
-67,649
-67,650
-67,651
-67,652
-67,653
:74_9,654
:74_9,655
:74_9,656
:74_9,657
:74_9,658
:74_9,659
66,660
66,661
66,662
66,663
66,664
66,665
66,666
66,667
66,668
66,669
66,670
66,671
66,672
66,673
66,674
66,675
66,676
66,677
66,678
66,679
66,680
66,681
66,682
66,683
66,684
66,685
66,686
66,687
66,688
66,689
66,690
66,691
66,692
66,693
66,694
66,695
66,696
66,697
66,698
66,699
66,700
66,701
66,702
66,703
66,704
66,705
66,706
66,707
66,708
66,709
66,710
66,711
66,712
66,713
66,714
66,715
66,716
66,717
66,718
66,719
66,720
66,721
66,722
66,723
66,724
66,725
66,726
66,727
66,728
66,729
66,730
66,731
66,732
66,733
66,734
66,735
66,736
66,737
66,738
66,739
66,740
66,741
66,742
66,743
66,744
66,745
66,746
66,747
66,748
66,749
66,750
66,751
66,752
66,753
66,754
66,755
66,756
66,757
66,758
66,759
66,760
66,761
66,762
66,763
66,764
66,765
66,766
66,767
66,768
66,769
66,770
66,771
66,772
66,773
66,774
66,775
66,776
66,777
66,778
66,779
66,780
66,781
:76_9,782
:76_9,783
:76_9,784
:76_9,785
:76_9,786
:76_9,787
-460,788
-460,789
-460,790
-460,791
-460,792
-460,793
-460,794
-460,795
-460,796
-460,797
-460,798
-460,799
-460,800
-460,801
-460,802
-460,803
-460,804
-460,805
-460,806
-460,807
-460,808
-460,809
-460,810
-460,811
-460,812
-460,813
-460,814
-460,815
-460,816
-460,817
-460,818
-460,819
-460,820
-460,821
-460,822
-460,823
-460,824
-460,825
-460,826
-460,827
-460,828
-460,829
-460,830
-460,831
-460,832
-460,833
-460,834
-460,835
-460,836
-460,837
-460,838
-460,839
-460,840
-460,841
-460,842
-460,843
-460,844
-460,845
-460,846
-460,847
-460,848
-460,849
-460,850
-460,851
-460,852
-460,853
-460,854
-460,855
-460,856
-460,857
-460,858
-460,859
-460,860
-460,861
-460,862
:391_7,863
:391_7,864
:391_7,865
:391_7,866
:391_7,867
:391_7,868
458,869
458,870
458,871
458,872
458,873
458,874
458,875
458,876
458,877
458,878
458,879
458,880
458,881
458,882
458,883
458,884
458,885
458,886
458,887
458,888
458,889
458,890
458,891
458,892
458,893
458,894
458,895
458,896
458,897
458,898
458,899
458,900
458,901
458,902
458,903
458,904
458,905
458,906
458,907
458,908
458,909
458,910
458,911
458,912
458,913
458,914
458,915
458,916
458,917
458,918
458,919
458,920
458,921
458,922
458,923
458,924
458,925
458,926
458,927
458,928
458,929
458,930
458,931
458,932
458,933
458,934
458,935
458,936
458,937
458,938
458,939
458,940
458,941
458,942
458,943
458,944
458,945
458,946
458,947
458,948
458,949
458,950
458,951
458,952
458,953
458,954
458,955
458,956
458,957
458,958
458,959
458,960
:167_4,961
:167_4,962
:167_4,963
:167_4,964
:167_4,965
:167_4,966
-151,967
-151,968
-151,969
-151,970
-151,971
-151,972
-151,973
-151,974
-151,975
-151,976
-151,977
-151,978
-151,979
-151,980
-151,981
-151,982
-151,983
-151,984
-151,985
-151,986
-151,987
-151,988
-151,989
-151,990
-151,991
-151,992
-151,993
-151,994
-151,995
-151,996
-151,997
-151,998
-151,999
-151,1000
-151,1001
-151,1002
-151,1003
-151,1004
-151,1005
-151,1006
-151,1007
-151,1008
-151,1009
-151,1010
-151,1011
-151,1012
-151,1013
-151,1014
-151,1015
-151,1016
-151,1017
-151,1018
-151,1019
-151,1020
-151,1021
-151,1022
-151,1023
-151,1024
-151,1025
-151,1026
:166_5,1027
:166_5,1028
:166_5,1029
:166_5,1030
:166_5,1031
:166_5,1032
154,1033
154,1034
154,1035
154,1036
154,1037
154,1038
154,1039
154,1040
154,1041
154,1042
154,1043
154,1044
154,1045
154,1046
154,1047
154,1048
154,1049
154,1050
154,1051
154,1052
154,1053
154,1054
154,1055
154,1056
154,1057
154,1058
154,1059
154,1060
154,1061
154,1062
154,1063
154,1064
154,1065
154,1066
154,1067
154,1068
154,1069
154,1070
154,1071
154,1072
154,1073
154,1074
154,1075
154,1076
154,1077
154,1078
154,1079
154,1080
154,1081
154,1082
154,1083
154,1084
154,1085
154,1086
154,1087
154,1088
154,1089
154,1090
154,1091
154,1092
154,1093
154,1094
154,1095
154,1096
154,1097
154,1098
154,1099
154,1100
154,1101
154,1102
154,1103
154,1104
154,1105
154,1106
154,1107
154,1108
154,1109
154,1110
154,1111
154,1112
154,1113
154,1114
154,1115
154,1116
154,1117
154,1118
154,1119
154,1120
154,1121
154,1122
154,1123
154,1124
154,1125
154,1126
154,1127
154,1128
154,1129
154,1130
154,1131
154,1132
154,1133
154,1134
154,1135
154,1136
154,1137
154,1138
154,1139
154,1140
154,1141
154,1142
154,1143
154,1144
154,1145
154,1146
154,1147
154,1148
154,1149
154,1150
154,1151
154,1152
154,1153
154,1154
154,1155
154,1156
154,1157
154,1158
154,1159
154,1160
154,1161
154,1162
154,1163
154,1164
154,1165
154,1166
154,1167
154,1168
154,1169
154,1170
154,1171
154,1172
154,1173
154,1174
154,1175
154,1176
154,1177
154,1178
154,1179
154,1180
154,1181
154,1182
154,1183
154,1184
154,1185
154,1186
154,1187
154,1188
154,1189
154,1190
154,1191
154,1192
154,1193
154,1194
154,1195
154,1196
154,1197
154,1198
154,1199
154,1200
154,1201
154,1202
154,1203
154,1204
154,1205
154,1206
154,1207
154,1208
154,1209
154,1210
154,1211
154,1212
154,1213
154,1214
154,1215
154,1216
154,1217
154,1218
154,1219
154,1220
154,1221
154,1222
154,1223
154,1224
154,1225
154,1226
154,1227
154,1228
154,1229
154,1230
154,1231
154,1232
154,1233
154,1234
154,1235
154,1236
154,1237
154,1238
154,1239
154,1240
154,1241
154,1242
154,1243
154,1244
154,1245
154,1246
154,1247
154,1248
154,1249
154,1250
154,1251
154,1252
154,1253
154,1254
154,1255
154,1256
154,1257
154,1258
154,1259
154,1260
154,1261
154,1262
154,1263
154,1264
154,1265
154,1266
154,1267
154,1268
154,1269
154,1270
154,1271
154,1272
154,1273
154,1274
154,1275
154,1276
154,1277
154,1278
154,1279
154,1280
154,1281
154,1282
154,1283
154,1284
154,1285
154,1286
154,1287
154,1288
154,1289
154,1290
154,1291
154,1292
154,1293
154,1294
154,1295
154,1296
154,1297
154,1298
154,1299
154,1300
154,1301
154,1302
154,1303
154,1304
:170_4,1305
:170_4,1306
:170_4,1307
:170_4,1308
:170_4,1309
:170_4,1310
-324,1311
-324,1312
-324,1313
-324,1314
-324,1315
-324,1316
-324,1317
-324,1318
-324,1319
-324,1320
-324,1321
-324,1322
-324,1323
-324,1324
-324,1325
-324,1326
-324,1327
-324,1328
-324,1329
-324,1330
-324,1331
-324,1332
-324,1333
-324,1334
-324,1335
-324,1336
-324,1337
-324,1338
-324,1339
-324,1340
-324,1341
-324,1342
-324,1343
-324,1344
-324,1345
-324,1346
-324,1347
-324,1348
-324,1349
-324,1350
-324,1351
-324,1352
-324,1353
-324,1354
-324,1355
-324,1356
-324,1357
-324,1358
-324,1359
-324,1360
-324,1361
-324,1362
-324,1363
-324,1364
-324,1365
-324,1366
-324,1367
-324,1368
-324,1369
-324,1370
-324,1371
-324,1372
-324,1373
-324,1374
-324,1375
-324,1376
-324,1377
-324,1378
-324,1379
-324,1380
-324,1381
-324,1382
-324,1383
-324,1384
-324,1385
-324,1386
-324,1387
-324,1388
-324,1389
-324,1390
-324,1391
-324,1392
-324,1393
-324,1394
-324,1395
-324,1396
-324,1397
-324,1398
-324,1399
-324,1400
-324,1401
-324,1402
-324,1403
-324,1404
-324,1405
-324,1406
-324,1407
-324,1408
-324,1409
-324,1410
-324,1411
-324,1412
-324,1413
-324,1414
-324,1415
-324,1416
-324,1417
-324,1418
-324,1419
-324,1420
-324,1421
-324,1422
-324,1423
-324,1424
-324,1425
-324,1426
-324,1427
-324,1428
-324,1429
-324,1430
-324,1431
-324,1432
-324,1433
-324,1434
-324,1435
-324,1436
-324,1437
-324,1438
-324,1439
-324,1440
-324,1441
-324,1442
-324,1443
-324,1444
-324,1445
-324,1446
-324,1447
-324,1448
-324,1449
-324,1450
-324,1451
-324,1452
-324,1453
-324,1454
-324,1455
-324,1456
-324,1457
-324,1458
-324,1459
-324,1460
-324,1461
-324,1462
-324,1463
-324,1464
-324,1465
-324,1466
-324,1467
-324,1468
-324,1469
-324,1470
-324,1471
-324,1472
-324,1473
-324,1474
-324,1475
-324,1476
-324,1477
-324,1478
-324,1479
-324,1480
-324,1481
-324,1482
-324,1483
-324,1484
-324,1485
-324,1486
-324,1487
-324,1488
-324,1489
-324,1490
-324,1491
-324,1492
-324,1493
-324,1494
-324,1495
-324,1496
-324,1497
-324,1498
-324,1499
-324,1500
-324,1501
-324,1502
-324,1503
-324,1504
-324,1505
-324,1506
-324,1507
-324,1508
-324,1509
-324,1510
-324,1511
-324,1512
-324,1513
-324,1514
-324,1515
-324,1516
-324,1517
-324,1518
-324,1519
-324,1520
-324,1521
-324,1522
-324,1523
-324,1524
-324,1525
-324,1526
-324,1527
-324,1528
-324,1529
-324,1530
-324,1531
-324,1532
-324,1533
-324,1534
-324,1535
-324,1536
-324,1537
-324,1538
-324,1539
-324,1540
-324,1541
-324,1542
-324,1543
-324,1544
-324,1545
-324,1546
-324,1547
-324,1548
-324,1549
-324,1550
-324,1551
-324,1552
-324,1553
-324,1554
-324,1555
-324,1556
-324,1557
-324,1558
-324,1559
-324,1560
-324,1561
-324,1562
-324,1563
-324,1564
-324,1565
-324,1566
-324,1567
-324,1568
-324,1569
-324,1570
-324,1571
-324,1572
-324,1573
-324,1574
-324,1575
-324,1576
-324,1577
-324,1578
-324,1579
-324,1580
-324,1581
-324,1582
-324,1583
-324,1584
-324,1585
-324,1586
-324,1587
-324,1588
-324,1589
-324,1590
-324,1591
-324,1592
-324,1593
-324,1594
-324,1595
-324,1596
-324,1597
-324,1598
-324,1599
-324,1600
-324,1601
-324,1602
-324,1603
-324,1604
-324,1605
-324,1606
-324,1607
-324,1608
-324,1609
-324,1610
-324,1611
-324,1612
-324,1613
-324,1614
-324,1615
-324,1616
-324,1617
-324,1618
-324,1619
-324,1620
-324,1621
-324,1622
-324,1623
-324,1624
-324,1625
-324,1626
-324,1627
-324,1628
-324,1629
-324,1630
-324,1631
-324,1632
-324,1633
-324,1634
-324,1635
-324,1636
-324,1637
-324,1638
-324,1639
-324,1640
-324,1641
-324,1642
-324,1643
-324,1644
-324,1645
-324,1646
-324,1647
-324,1648
-324,1649
-324,1650
-324,1651
-324,1652
-324,1653
-324,1654
-324,1655
-324,1656
:302_3,1657
:302_3,1658
:302_3,1659
:302_3,1660
-520,1661
-520,1662
-520,1663
-520,1664
-520,1665
-520,1666
-520,1667
-520,1668
-520,1669
-520,1670
-520,1671
-520,1672
-520,1673
-520,1674
-520,1675
-520,1676
-520,1677
-520,1678
-520,1679
-520,1680
-520,1681
-520,1682
-520,1683
-520,1684
-520,1685
-520,1686
-520,1687
-520,1688
-520,1689
-520,1690
-520,1691
-520,1692
-520,1693
-520,1694
-520,1695
-520,1696
-520,1697
-520,1698
-520,1699
-520,1700
-520,1701
-520,1702
-520,1703
-520,1704
-520,1705
-520,1706
-520,1707
-520,1708
-520,1709
-520,1710
-520,1711
-520,1712
-520,1713
-520,1714
-520,1715
-520,1716
-520,1717
-520,1718
-520,1719
-520,1720
-520,1721
-520,1722
-520,1723
-520,1724
-520,1725
-520,1726
-520,1727
-520,1728
-520,1729
-520,1730
-520,1731
-520,1732
-520,1733
-520,1734
-520,1735
-520,1736
-520,1737
-520,1738
-520,1739
-520,1740
-520,1741
-520,1742
-520,1743
-520,1744
-520,1745
-520,1746
-520,1747
-520,1748
-520,1749
-520,1750
-520,1751
-520,1752
-520,1753
-520,1754
-520,1755
-520,1756
-520,1757
-520,1758
-520,1759
-520,1760
-520,1761
-520,1762
-520,1763
-520,1764
-520,1765
-520,1766
-520,1767
-520,1768
-520,1769
-520,1770
-520,1771
-520,1772
-520,1773
-520,1774
-520,1775
-520,1776
-520,1777
-520,1778
-520,1779
-520,1780
-520,1781
-520,1782
-520,1783
-520,1784
-520,1785
-520,1786
-520,1787
-520,1788
-520,1789
-520,1790
-520,1791
-520,1792
-520,1793
-520,1794
-520,1795
-520,1796
-520,1797
-520,1798
-520,1799
-520,1800
-520,1801
-520,1802
-520,1803
-520,1804
-520,1805
-520,1806
-520,1807
-520,1808
-520,1809
-520,1810
-520,1811
-520,1812
-520,1813
-520,1814
-520,1815
-520,1816
-520,1817
-520,1818
-520,1819
-520,1820
-520,1821
-520,1822
-520,1823
-520,1824
-520,1825
-520,1826
-520,1827
-520,1828
-520,1829
-520,1830
-520,1831
-520,1832
-520,1833
-520,1834
-520,1835
-520,1836
-520,1837
-520,1838
-520,1839
-520,1840
-520,1841
-520,1842
-520,1843
:110_3,1844
:110_3,1845
:110_3,1846
:110_3,1847
:110_3,1848
:110_3,1849
-94,1850
-94,1851
-94,1852
-94,1853
-94,1854
-94,1855
-94,1856
-94,1857
-94,1858
-94,1859
-94,1860
-94,1861
-94,1862
-94,1863
-94,1864
-94,1865
-94,1866
-94,1867
-94,1868
-94,1869
-94,1870
-94,1871
-94,1872
-94,1873
-94,1874
-94,1875
-94,1876
-94,1877
-94,1878
-94,1879
-94,1880
-94,1881
-94,1882
-94,1883
-94,1884
-94,1885
-94,1886
-94,1887
-94,1888
-94,1889
-94,1890
-94,1891
-94,1892
-94,1893
-94,1894
-94,1895
-94,1896
-94,1897
-94,1898
-94,1899
-94,1900
-94,1901
-94,1902
-94,1903
-94,1904
-94,1905
-94,1906
-94,1907
-94,1908
-94,1909
-94,1910
-94,1911
-94,1912
-94,1913
-94,1914
-94,1915
-94,1916
-94,1917
-94,1918
-94,1919
-94,1920
-94,1921
-94,1922
-94,1923
-94,1924
-94,1925
-94,1926
-94,1927
-94,1928
-94,1929
-94,1930
-94,1931
-94,1932
-94,1933
-94,1934
-94,1935
-94,1936
-94,1937
-94,1938
-94,1939
-94,1940
-94,1941
-94,1942
-94,1943
-94,1944
-94,1945
-94,1946
-94,1947
-94,1948
-94,1949
-94,1950
-94,1951
-94,1952
-94,1953
-94,1954
-94,1955
-94,1956
-94,1957
-94,1958
-94,1959
-94,1960
-94,1961
-94,1962
-94,1963
-94,1964
-94,1965
-94,1966
-94,1967
-94,1968
-94,1969
-94,1970
-94,1971
-94,1972
-94,1973
-94,1974
-94,1975
-94,1976
-94,1977
-94,1978
-94,1979
-94,1980
-94,1981
-94,1982
-94,1983
-94,1984
-94,1985
-94,1986
:51_6,1987
:51_6,1988
:51_6,1989
:51_6,1990
:51_6,1991
:51_6,1992
-44,1993
-44,1994
-44,1995
-44,1996
-44,1997
-44,1998
-44,1999
-44,2000
