-171,1
-171,2
-171,3
-171,4
-171,5
-171,6
-171,7
-171,8
-171,9
-171,10
-171,11
-171,12
-171,13
-171,14
-171,15
-171,16
-171,17
-171,18
-171,19
-171,20
-171,21
-171,22
-171,23
-171,24
-171,25
-171,26
-171,27
-171,28
-171,29
-171,30
-171,31
-171,32
-171,33
-171,34
-171,35
-171,36
-171,37
-171,38
-171,39
-171,40
-171,41
-171,42
-171,43
-171,44
-171,45
-171,46
-171,47
-171,48
-171,49
-171,50
-171,51
-171,52
-171,53
-171,54
-171,55
-171,56
-171,57
-171,58
-171,59
-171,60
-171,61
-171,62
-171,63
-171,64
-171,65
-171,66
-171,67
-171,68
-171,69
-171,70
-171,71
-171,72
-171,73
-171,74
-171,75
-171,76
-171,77
-171,78
-171,79
-171,80
-171,81
-171,82
-171,83
-171,84
-171,85
-171,86
-171,87
-171,88
-171,89
-171,90
-171,91
-171,92
-171,93
-171,94
-171,95
-171,96
-171,97
-171,98
-171,99
-171,100
-171,101
-171,102
-171,103
-171,104
-171,105
-171,106
-171,107
-171,108
-171,109
-171,110
-170,111
-170,112
-170,113
-170,114
-170,115
-170,116
-170,117
-170,118
-170,119
-170,120
-170,121
-170,122
-170,123
-170,124
-170,125
-170,126
-170,127
-170,128
-170,129
-170,130
-170,131
-170,132
-170,133
-170,134
-170,135
-170,136
-170,137
-170,138
-170,139
-170,140
-170,141
-170,142
-170,143
-170,144
-170,145
-170,146
-170,147
-170,148
-170,149
-170,150
-170,151
-170,152
-170,153
-170,154
-170,155
-170,156
-170,157
-170,158
-170,159
-170,160
-170,161
-170,162
-170,163
-170,164
-170,165
-170,166
-170,167
-170,168
-170,169
-170,170
-170,171
-170,172
-170,173
-170,174
-170,175
-170,176
-170,177
-170,178
-170,179
-170,180
-170,181
-170,182
-170,183
-170,184
-170,185
-170,186
-170,187
-170,188
-170,189
-170,190
-170,191
-170,192
-170,193
-170,194
-170,195
-170,196
-170,197
-170,198
-170,199
-170,200
-170,201
-170,202
-170,203
-170,204
-170,205
-170,206
-170,207
-170,208
-170,209
-170,210
-170,211
-170,212
-170,213
-170,214
-170,215
-170,216
-170,217
-170,218
-170,219
-170,220
-170,221
-170,222
-170,223
-170,224
-170,225
-170,226
-170,227
-170,228
-170,229
-170,230
-170,231
-170,232
-170,233
-170,234
-170,235
-170,236
-170,237
-170,238
:180_7,239
:180_7,240
:180_7,241
:180_7,242
:180_7,243
168,244
168,245
168,246
168,247
168,248
168,249
168,250
168,251
168,252
168,253
168,254
168,255
168,256
168,257
168,258
168,259
168,260
168,261
168,262
168,263
168,264
168,265
168,266
168,267
168,268
168,269
168,270
168,271
168,272
168,273
168,274
168,275
168,276
168,277
168,278
168,279
168,280
168,281
168,282
168,283
168,284
168,285
168,286
168,287
168,288
168,289
168,290
168,291
168,292
168,293
168,294
168,295
168,296
168,297
168,298
168,299
168,300
168,301
168,302
168,303
168,304
168,305
168,306
168,307
168,308
168,309
168,310
168,311
168,312
168,313
168,314
168,315
168,316
168,317
168,318
168,319
168,320
168,321
168,322
168,323
168,324
168,325
168,326
168,327
168,328
168,329
168,330
168,331
168,332
168,333
168,334
168,335
168,336
168,337
168,338
168,339
168,340
168,341
168,342
168,343
168,344
168,345
168,346
168,347
168,348
168,349
168,350
168,351
168,352
168,353
168,354
168,355
168,356
168,357
168,358
168,359
168,360
168,361
168,362
168,363
168,364
168,365
168,366
168,367
168,368
168,369
168,370
168,371
168,372
168,373
168,374
168,375
168,376
168,377
168,378
168,379
168,380
168,381
168,382
168,383
168,384
168,385
168,386
168,387
168,388
168,389
168,390
168,391
168,392
168,393
168,394
168,395
168,396
168,397
168,398
168,399
168,400
168,401
168,402
168,403
168,404
168,405
168,406
168,407
168,408
168,409
168,410
168,411
168,412
168,413
168,414
168,415
168,416
168,417
168,418
168,419
168,420
168,421
168,422
168,423
168,424
168,425
168,426
168,427
168,428
168,429
168,430
168,431
168,432
168,433
168,434
168,435
168,436
168,437
168,438
168,439
168,440
168,441
168,442
168,443
168,444
168,445
168,446
168,447
168,448
168,449
:181_13,450
:181_13,451
:181_13,452
:181_13,453
:181_13,454
173,455
173,456
173,457
173,458
173,459
173,460
173,461
173,462
173,463
173,464
173,465
173,466
173,467
173,468
173,469
173,470
173,471
173,472
173,473
173,474
173,475
173,476
173,477
173,478
173,479
173,480
173,481
173,482
173,483
173,484
173,485
173,486
173,487
173,488
173,489
173,490
173,491
173,492
173,493
173,494
173,495
173,496
173,497
173,498
173,499
173,500
173,501
173,502
173,503
173,504
173,505
173,506
173,507
173,508
173,509
173,510
173,511
173,512
173,513
173,514
173,515
173,516
173,517
173,518
173,519
173,520
173,521
173,522
173,523
173,524
173,525
173,526
173,527
173,528
173,529
173,530
173,531
173,532
173,533
173,534
173,535
173,536
173,537
173,538
173,539
173,540
173,541
173,542
173,543
173,544
173,545
173,546
173,547
173,548
173,549
173,550
173,551
173,552
173,553
173,554
173,555
173,556
173,557
173,558
173,559
173,560
173,561
173,562
173,563
173,564
173,565
173,566
173,567
173,568
173,569
173,570
173,571
173,572
173,573
173,574
173,575
173,576
173,577
173,578
173,579
173,580
173,581
173,582
173,583
173,584
173,585
173,586
173,587
173,588
173,589
173,590
173,591
173,592
173,593
173,594
173,595
173,596
173,597
173,598
173,599
173,600
173,601
173,602
173,603
173,604
173,605
173,606
173,607
173,608
173,609
173,610
173,611
173,612
173,613
173,614
173,615
173,616
173,617
173,618
:186_13,619
:186_13,620
:186_13,621
:186_13,622
:186_13,623
:186_13,624
227,625
227,626
227,627
227,628
227,629
227,630
227,631
227,632
227,633
227,634
227,635
227,636
227,637
227,638
227,639
227,640
227,641
227,642
227,643
227,644
227,645
227,646
227,647
227,648
227,649
227,650
227,651
227,652
227,653
227,654
227,655
227,656
227,657
227,658
227,659
227,660
227,661
227,662
227,663
227,664
227,665
227,666
227,667
227,668
227,669
227,670
227,671
227,672
227,673
227,674
227,675
227,676
227,677
227,678
227,679
227,680
227,681
227,682
227,683
227,684
227,685
227,686
-211,687
-211,688
-211,689
-211,690
-211,691
-211,692
-211,693
-211,694
-211,695
-211,696
-211,697
-211,698
-211,699
-211,700
-211,701
-211,702
-211,703
-211,704
-211,705
-211,706
-211,707
-211,708
-211,709
-211,710
-211,711
-211,712
-211,713
-211,714
-211,715
-211,716
-211,717
-211,718
-211,719
-211,720
-211,721
-211,722
-211,723
-211,724
-211,725
-211,726
-211,727
-211,728
-211,729
-211,730
-211,731
-211,732
-211,733
-211,734
:189_14,735
:189_14,736
:189_18,737
:189_18,738
:189_18,739
212,740
212,741
212,742
212,743
212,744
212,745
212,746
212,747
212,748
212,749
212,750
212,751
212,752
212,753
212,754
212,755
212,756
212,757
212,758
212,759
212,760
212,761
212,762
212,763
212,764
212,765
212,766
212,767
212,768
212,769
212,770
212,771
212,772
212,773
212,774
212,775
212,776
212,777
212,778
212,779
212,780
212,781
212,782
212,783
212,784
212,785
212,786
212,787
212,788
:218_3,789
:218_3,790
:218_3,791
580,792
580,793
580,794
580,795
580,796
580,797
580,798
580,799
580,800
580,801
580,802
580,803
580,804
580,805
580,806
580,807
580,808
580,809
580,810
580,811
580,812
580,813
580,814
580,815
580,816
580,817
580,818
580,819
580,820
580,821
580,822
580,823
580,824
580,825
580,826
580,827
580,828
580,829
580,830
580,831
580,832
580,833
580,834
580,835
580,836
580,837
580,838
580,839
580,840
580,841
580,842
580,843
580,844
580,845
580,846
580,847
580,848
580,849
580,850
580,851
580,852
580,853
580,854
580,855
580,856
580,857
580,858
580,859
580,860
580,861
580,862
580,863
580,864
580,865
580,866
580,867
580,868
580,869
580,870
580,871
580,872
580,873
580,874
:456_14,875
:456_14,876
:456_14,877
:456_14,878
:456_14,879
-584,880
-584,881
-584,882
-584,883
-584,884
-584,885
-584,886
-584,887
-584,888
-584,889
-584,890
-584,891
-584,892
-584,893
-584,894
-584,895
-584,896
-584,897
-584,898
-584,899
-584,900
-584,901
-584,902
-584,903
-584,904
-584,905
-584,906
-584,907
-584,908
-584,909
-584,910
-584,911
-584,912
-584,913
-584,914
-584,915
-584,916
-584,917
-584,918
-584,919
-584,920
-584,921
-584,922
-584,923
-584,924
-584,925
:458_4,926
:458_4,927
:458_4,928
:458_4,929
582,930
582,931
582,932
582,933
582,934
582,935
582,936
582,937
582,938
582,939
582,940
582,941
582,942
582,943
582,944
582,945
582,946
582,947
582,948
582,949
582,950
582,951
582,952
582,953
582,954
582,955
582,956
582,957
582,958
582,959
582,960
582,961
582,962
582,963
582,964
582,965
582,966
582,967
582,968
582,969
582,970
582,971
582,972
582,973
582,974
582,975
582,976
582,977
582,978
582,979
582,980
582,981
582,982
582,983
582,984
582,985
582,986
582,987
582,988
582,989
582,990
582,991
582,992
582,993
582,994
582,995
582,996
582,997
582,998
582,999
582,1000
582,1001
582,1002
582,1003
582,1004
582,1005
582,1006
582,1007
582,1008
582,1009
582,1010
582,1011
582,1012
582,1013
582,1014
582,1015
582,1016
582,1017
582,1018
582,1019
582,1020
582,1021
