-186,21
-186,22
-186,23
-186,24
-186,25
-186,26
-186,27
-186,28
-186,29
-186,30
-186,31
-186,32
-186,33
-186,34
-186,35
-186,36
-186,37
-186,38
-186,39
-186,40
-186,41
-186,42
-186,43
-186,44
-186,45
-186,46
-186,47
-186,48
-186,49
-186,50
-186,51
-186,52
-186,53
-186,54
-186,55
-186,56
-186,57
-186,58
-186,59
-186,60
-186,61
-186,62
-186,63
-186,64
-186,65
-186,66
-186,67
-186,68
-186,69
-186,70
-186,71
-186,72
-186,73
-186,74
-186,75
-186,76
-186,77
-186,78
-186,79
-186,80
-186,81
-186,82
-186,83
-186,84
-186,85
-186,86
-186,87
-186,88
-186,89
-186,90
-186,91
-186,92
-186,93
-186,94
-186,95
-186,96
-186,97
-186,98
-186,99
-186,100
-186,101
-186,102
-186,103
-186,104
-186,105
-186,106
-186,107
-186,108
-186,109
-186,110
-186,111
-186,112
-186,113
-186,114
-186,115
-186,116
-186,117
-186,118
-186,119
-186,120
-186,121
-186,122
-186,123
-186,124
-186,125
-186,126
-186,127
-186,128
-186,129
-186,130
-186,131
-186,132
-186,133
-186,134
-186,135
-186,136
-186,137
-186,138
-186,139
-186,140
-186,141
-186,142
-186,143
-186,144
-186,145
-186,146
-186,147
-186,148
-186,149
-186,150
-186,151
-186,152
-186,153
-186,154
-186,155
-186,156
-186,157
-186,158
-186,159
-186,160
-186,161
-186,162
-186,163
-186,164
-186,165
-186,166
-186,167
-186,168
-186,169
-186,170
-186,171
-186,172
-186,173
-186,174
-186,175
-186,176
-186,177
-186,178
-186,179
-186,180
-186,181
-186,182
-186,183
-186,184
-186,185
-186,186
-186,187
-186,188
-186,189
-186,190
-186,191
-186,192
-186,193
-186,194
-186,195
-186,196
-186,197
-186,198
-186,199
-186,200
-186,201
-186,202
-186,203
-186,204
-186,205
-186,206
-186,207
-186,208
-186,209
-186,210
-186,211
-186,212
-186,213
-186,214
-186,215
-186,216
-186,217
:187_0,218
:187_0,219
:187_0,220
-174,221
-174,222
-174,223
-174,224
-174,225
-174,226
-174,227
-174,228
-174,229
-174,230
-174,231
-174,232
-174,233
-174,234
-174,235
-174,236
-174,237
-174,238
-174,239
-174,240
-174,241
-174,242
-174,243
-174,244
-174,245
-174,246
-174,247
-174,248
-174,249
-174,250
-174,251
-174,252
-174,253
-174,254
-174,255
-174,256
-174,257
-174,258
-174,259
-174,260
-174,261
-174,262
-174,263
-174,264
-174,265
-174,266
-174,267
-174,268
-174,269
-174,270
-174,271
-174,272
-174,273
-174,274
-174,275
-174,276
-174,277
-174,278
-174,279
-174,280
-174,281
-174,282
-174,283
-174,284
-174,285
-174,286
-174,287
-174,288
-174,289
-174,290
-174,291
-174,292
-174,293
-174,294
-174,295
-174,296
-174,297
-174,298
-174,299
-174,300
-174,301
-174,302
-174,303
-174,304
-174,305
-174,306
-174,307
-174,308
-174,309
-174,310
-174,311
-174,312
-174,313
-174,314
-174,315
-174,316
-174,317
-174,318
-174,319
-174,320
-174,321
-174,322
-174,323
-174,324
-174,325
-174,326
-174,327
-174,328
-174,329
-174,330
-174,331
-174,332
-174,333
-174,334
-174,335
-174,336
-174,337
-174,338
-174,339
-174,340
-174,341
-174,342
-174,343
-174,344
-174,345
-174,346
-174,347
-174,348
-174,349
-174,350
-174,351
-174,352
-174,353
-174,354
-174,355
-174,356
-174,357
-174,358
-174,359
-174,360
-174,361
-174,362
-174,363
-174,364
-174,365
-174,366
-174,367
-174,368
-174,369
-174,370
-174,371
-174,372
-174,373
-174,374
-174,375
-174,376
-174,377
-174,378
-174,379
-174,380
-174,381
-174,382
-174,383
-174,384
-174,385
-174,386
:181_8,387
:181_8,388
:181_8,389
173,390
173,391
173,392
173,393
173,394
173,395
173,396
173,397
173,398
173,399
173,400
173,401
173,402
173,403
173,404
173,405
173,406
173,407
173,408
173,409
173,410
173,411
173,412
173,413
173,414
173,415
173,416
173,417
173,418
173,419
173,420
173,421
173,422
173,423
173,424
173,425
173,426
173,427
173,428
173,429
173,430
173,431
173,432
173,433
173,434
173,435
173,436
173,437
173,438
173,439
173,440
173,441
173,442
173,443
173,444
173,445
173,446
173,447
173,448
173,449
173,450
173,451
173,452
173,453
173,454
173,455
173,456
173,457
173,458
173,459
173,460
173,461
173,462
173,463
173,464
173,465
173,466
173,467
173,468
173,469
173,470
173,471
173,472
173,473
173,474
173,475
173,476
173,477
173,478
173,479
173,480
173,481
173,482
173,483
173,484
173,485
173,486
173,487
173,488
173,489
173,490
173,491
173,492
173,493
173,494
173,495
173,496
173,497
173,498
173,499
173,500
173,501
173,502
173,503
173,504
173,505
173,506
173,507
173,508
173,509
173,510
173,511
173,512
173,513
173,514
173,515
173,516
173,517
173,518
173,519
173,520
173,521
173,522
173,523
173,524
173,525
173,526
173,527
173,528
173,529
173,530
173,531
173,532
173,533
173,534
173,535
173,536
173,537
173,538
173,539
173,540
173,541
173,542
173,543
173,544
173,545
173,546
173,547
173,548
173,549
173,550
173,551
173,552
173,553
173,554
173,555
173,556
173,557
173,558
173,559
173,560
173,561
173,562
173,563
173,564
173,565
:186_13,566
:186_13,567
:186_13,568
:186_13,569
:186_13,570
:186_13,571
227,572
227,573
227,574
227,575
227,576
227,577
227,578
227,579
227,580
227,581
227,582
227,583
227,584
227,585
227,586
227,587
227,588
227,589
227,590
227,591
227,592
227,593
227,594
227,595
227,596
227,597
227,598
227,599
227,600
227,601
227,602
227,603
227,604
227,605
227,606
227,607
227,608
227,609
227,610
227,611
227,612
227,613
227,614
227,615
227,616
227,617
227,618
227,619
227,620
227,621
227,622
227,623
227,624
227,625
227,626
227,627
227,628
227,629
227,630
227,631
227,632
227,633
227,634
227,635
227,636
227,637
227,638
-211,639
-211,640
-211,641
-211,642
-211,643
-211,644
-211,645
-211,646
-211,647
-211,648
-211,649
-211,650
-211,651
-211,652
-211,653
-211,654
-211,655
-211,656
-211,657
-211,658
-211,659
-211,660
-211,661
-211,662
-211,663
-211,664
-211,665
-211,666
-211,667
-211,668
-211,669
-211,670
-211,671
-211,672
-211,673
-211,674
-211,675
-211,676
-211,677
-211,678
-211,679
-211,680
-211,681
-211,682
-211,683
-211,684
-211,685
-211,686
-211,687
-211,688
-211,689
-211,690
:189_12,691
:189_12,692
:189_12,693
:189_12,694
-176,695
-176,696
-176,697
-176,698
-176,699
-176,700
-176,701
-176,702
-176,703
-176,704
-176,705
-176,706
-176,707
-176,708
-176,709
-176,710
-176,711
-176,712
-176,713
-176,714
-176,715
-176,716
-176,717
-176,718
-176,719
-176,720
-176,721
-176,722
-176,723
-176,724
-176,725
-176,726
-176,727
-176,728
-176,729
-176,730
-176,731
-176,732
-176,733
-176,734
-176,735
-176,736
-176,737
-176,738
-176,739
-176,740
-176,741
-176,742
-176,743
-176,744
-176,745
-176,746
-176,747
-176,748
-176,749
-176,750
-176,751
-176,752
-176,753
-176,754
-176,755
-176,756
-176,757
-176,758
-176,759
-176,760
-176,761
-176,762
-176,763
-176,764
-176,765
-176,766
-176,767
-176,768
-176,769
-176,770
-176,771
-176,772
-176,773
-176,774
-176,775
-176,776
-176,777
-176,778
-176,779
-176,780
-176,781
-176,782
-176,783
-176,784
-176,785
-176,786
-176,787
-176,788
-176,789
-176,790
-176,791
-176,792
-176,793
-176,794
-176,795
-176,796
-176,797
-176,798
-176,799
-176,800
-176,801
-176,802
-176,803
-176,804
-176,805
-176,806
-176,807
-176,808
-176,809
-176,810
-176,811
-176,812
-176,813
-176,814
:13_13,815
:13_13,816
:13_17,817
685,818
685,819
685,820
685,821
685,822
685,823
685,824
685,825
685,826
685,827
685,828
685,829
685,830
685,831
685,832
685,833
685,834
685,835
685,836
685,837
685,838
:373_5,839
:373_5,840
684,841
684,842
684,843
684,844
684,845
684,846
684,847
684,848
684,849
684,850
684,851
684,852
684,853
684,854
684,855
684,856
684,857
684,858
684,859
684,860
684,861
:6_9,862
:6_9,863
:6_9,864
6,865
6,866
6,867
6,868
6,869
6,870
6,871
6,872
6,873
6,874
6,875
6,876
6,877
6,878
6,879
6,880
6,881
6,882
6,883
6,884
6,885
6,886
6,887
6,888
6,889
6,890
6,891
6,892
6,893
6,894
6,895
6,896
6,897
6,898
6,899
6,900
6,901
6,902
6,903
6,904
6,905
6,906
6,907
6,908
6,909
6,910
6,911
6,912
6,913
6,914
6,915
6,916
6,917
6,918
6,919
6,920
6,921
6,922
6,923
6,924
6,925
6,926
6,927
6,928
6,929
6,930
6,931
6,932
6,933
6,934
6,935
6,936
6,937
6,938
6,939
6,940
6,941
6,942
6,943
6,944
6,945
6,946
6,947
6,948
6,949
6,950
6,951
6,952
6,953
6,954
6,955
6,956
6,957
6,958
6,959
6,960
6,961
6,962
6,963
6,964
6,965
6,966
6,967
6,968
6,969
6,970
6,971
6,972
6,973
6,974
6,975
6,976
6,977
6,978
6,979
6,980
6,981
6,982
6,983
6,984
6,985
6,986
6,987
6,988
6,989
6,990
6,991
6,992
6,993
6,994
6,995
6,996
6,997
6,998
6,999
6,1000
6,1001
6,1002
6,1003
6,1004
6,1005
6,1006
6,1007
6,1008
6,1009
6,1010
6,1011
6,1012
6,1013
6,1014
6,1015
6,1016
6,1017
6,1018
6,1019
6,1020
6,1021
6,1022
6,1023
6,1024
6,1025
6,1026
6,1027
6,1028
6,1029
6,1030
6,1031
6,1032
6,1033
6,1034
6,1035
6,1036
6,1037
6,1038
6,1039
6,1040
6,1041
6,1042
6,1043
6,1044
6,1045
6,1046
6,1047
6,1048
6,1049
6,1050
6,1051
6,1052
6,1053
6,1054
6,1055
6,1056
6,1057
6,1058
6,1059
6,1060
6,1061
6,1062
6,1063
6,1064
6,1065
6,1066
6,1067
6,1068
6,1069
6,1070
6,1071
6,1072
6,1073
6,1074
6,1075
6,1076
6,1077
6,1078
6,1079
6,1080
6,1081
6,1082
6,1083
6,1084
6,1085
6,1086
6,1087
6,1088
6,1089
6,1090
6,1091
6,1092
6,1093
6,1094
6,1095
6,1096
6,1097
6,1098
7,1099
7,1100
7,1101
7,1102
7,1103
7,1104
7,1105
7,1106
7,1107
7,1108
7,1109
7,1110
7,1111
7,1112
7,1113
7,1114
7,1115
7,1116
7,1117
7,1118
7,1119
7,1120
7,1121
7,1122
7,1123
7,1124
7,1125
7,1126
7,1127
7,1128
7,1129
7,1130
7,1131
7,1132
7,1133
7,1134
7,1135
7,1136
7,1137
7,1138
7,1139
7,1140
7,1141
7,1142
7,1143
7,1144
7,1145
7,1146
7,1147
7,1148
7,1149
7,1150
7,1151
7,1152
7,1153
7,1154
7,1155
7,1156
7,1157
7,1158
7,1159
7,1160
7,1161
7,1162
7,1163
7,1164
7,1165
7,1166
7,1167
7,1168
7,1169
7,1170
7,1171
7,1172
7,1173
7,1174
7,1175
7,1176
7,1177
8,1178
8,1179
8,1180
8,1181
8,1182
8,1183
8,1184
8,1185
8,1186
8,1187
8,1188
8,1189
8,1190
8,1191
8,1192
8,1193
8,1194
8,1195
8,1196
8,1197
8,1198
8,1199
8,1200
8,1201
8,1202
8,1203
8,1204
8,1205
8,1206
8,1207
8,1208
8,1209
8,1210
8,1211
8,1212
8,1213
8,1214
8,1215
8,1216
8,1217
8,1218
8,1219
8,1220
8,1221
8,1222
8,1223
8,1224
8,1225
8,1226
8,1227
8,1228
8,1229
8,1230
8,1231
8,1232
8,1233
8,1234
8,1235
8,1236
8,1237
8,1238
8,1239
8,1240
8,1241
8,1242
8,1243
8,1244
8,1245
8,1246
8,1247
9,1248
9,1249
9,1250
9,1251
9,1252
9,1253
9,1254
9,1255
9,1256
9,1257
9,1258
9,1259
9,1260
9,1261
9,1262
9,1263
9,1264
9,1265
9,1266
9,1267
9,1268
9,1269
9,1270
9,1271
9,1272
9,1273
9,1274
9,1275
9,1276
9,1277
9,1278
9,1279
9,1280
9,1281
9,1282
9,1283
9,1284
9,1285
9,1286
9,1287
9,1288
9,1289
9,1290
9,1291
9,1292
9,1293
9,1294
9,1295
9,1296
9,1297
9,1298
9,1299
9,1300
9,1301
9,1302
9,1303
9,1304
9,1305
9,1306
9,1307
9,1308
9,1309
9,1310
9,1311
9,1312
9,1313
10,1314
10,1315
10,1316
10,1317
10,1318
10,1319
10,1320
10,1321
10,1322
10,1323
10,1324
10,1325
10,1326
10,1327
10,1328
10,1329
10,1330
10,1331
10,1332
10,1333
10,1334
10,1335
10,1336
10,1337
10,1338
10,1339
10,1340
10,1341
10,1342
10,1343
10,1344
10,1345
10,1346
10,1347
10,1348
10,1349
10,1350
10,1351
10,1352
10,1353
10,1354
10,1355
10,1356
10,1357
10,1358
10,1359
10,1360
10,1361
10,1362
10,1363
10,1364
10,1365
10,1366
10,1367
10,1368
10,1369
10,1370
10,1371
10,1372
10,1373
10,1374
10,1375
10,1376
10,1377
10,1378
10,1379
10,1380
11,1381
11,1382
11,1383
11,1384
11,1385
11,1386
11,1387
11,1388
11,1389
11,1390
11,1391
11,1392
11,1393
11,1394
11,1395
11,1396
11,1397
11,1398
11,1399
11,1400
11,1401
11,1402
11,1403
11,1404
11,1405
11,1406
11,1407
11,1408
11,1409
11,1410
11,1411
11,1412
11,1413
11,1414
11,1415
11,1416
11,1417
11,1418
11,1419
11,1420
11,1421
11,1422
11,1423
11,1424
11,1425
11,1426
11,1427
11,1428
11,1429
11,1430
11,1431
11,1432
11,1433
11,1434
11,1435
11,1436
11,1437
11,1438
11,1439
11,1440
11,1441
11,1442
11,1443
11,1444
11,1445
11,1446
11,1447
11,1448
11,1449
11,1450
11,1451
11,1452
11,1453
11,1454
11,1455
11,1456
11,1457
11,1458
11,1459
11,1460
11,1461
11,1462
11,1463
11,1464
11,1465
11,1466
11,1467
11,1468
11,1469
11,1470
11,1471
11,1472
11,1473
11,1474
11,1475
11,1476
11,1477
11,1478
11,1479
11,1480
11,1481
11,1482
11,1483
11,1484
11,1485
11,1486
11,1487
11,1488
11,1489
11,1490
11,1491
11,1492
11,1493
11,1494
11,1495
11,1496
11,1497
11,1498
11,1499
11,1500
11,1501
11,1502
11,1503
11,1504
11,1505
11,1506
11,1507
11,1508
11,1509
11,1510
11,1511
11,1512
11,1513
11,1514
:4_6,1515
:4_6,1516
:4_6,1517
-3,1518
-3,1519
-3,1520
-3,1521
-3,1522
-3,1523
-3,1524
-3,1525
-3,1526
-3,1527
-3,1528
-3,1529
-3,1530
-3,1531
-3,1532
-3,1533
-3,1534
-3,1535
-3,1536
-3,1537
-3,1538
-3,1539
-3,1540
-3,1541
-3,1542
-3,1543
-3,1544
-3,1545
-3,1546
-3,1547
-3,1548
-3,1549
-3,1550
-3,1551
-3,1552
-3,1553
-3,1554
-3,1555
-3,1556
-3,1557
-3,1558
-3,1559
-3,1560
-3,1561
-3,1562
-3,1563
-3,1564
-3,1565
-3,1566
-3,1567
-3,1568
-3,1569
-3,1570
-3,1571
-3,1572
-3,1573
-3,1574
-3,1575
-3,1576
-3,1577
-3,1578
-3,1579
-3,1580
-3,1581
-3,1582
-3,1583
-3,1584
-3,1585
-3,1586
-3,1587
-3,1588
-3,1589
-3,1590
-3,1591
-3,1592
-3,1593
-3,1594
-3,1595
-3,1596
-3,1597
-3,1598
-3,1599
-3,1600
-3,1601
-3,1602
-3,1603
-3,1604
-3,1605
-3,1606
-3,1607
-3,1608
-3,1609
-3,1610
-3,1611
-3,1612
-3,1613
-3,1614
-3,1615
-3,1616
-3,1617
-3,1618
-3,1619
-3,1620
-3,1621
-3,1622
-3,1623
-3,1624
-3,1625
-3,1626
-3,1627
-3,1628
-3,1629
-3,1630
-3,1631
-3,1632
-3,1633
-3,1634
-3,1635
-3,1636
-3,1637
-3,1638
-3,1639
-3,1640
-3,1641
-3,1642
-3,1643
-3,1644
-3,1645
-3,1646
-3,1647
-3,1648
-3,1649
-3,1650
-3,1651
-3,1652
-3,1653
-3,1654
-3,1655
-3,1656
-3,1657
-3,1658
-3,1659
-3,1660
-3,1661
-3,1662
-3,1663
-3,1664
-3,1665
-3,1666
-3,1667
-3,1668
-3,1669
-3,1670
-3,1671
-3,1672
-3,1673
-3,1674
-3,1675
-3,1676
-3,1677
-3,1678
-3,1679
-3,1680
-3,1681
-3,1682
-3,1683
-3,1684
-3,1685
-3,1686
-3,1687
-3,1688
-3,1689
-3,1690
-3,1691
-3,1692
-3,1693
-3,1694
-3,1695
-3,1696
-3,1697
-3,1698
-3,1699
-3,1700
-3,1701
-3,1702
-3,1703
-3,1704
-3,1705
-3,1706
-3,1707
-3,1708
-3,1709
-3,1710
-3,1711
-3,1712
-3,1713
-3,1714
-3,1715
-3,1716
-3,1717
-3,1718
-3,1719
-3,1720
-3,1721
-3,1722
-3,1723
-3,1724
-3,1725
-3,1726
-3,1727
-3,1728
-3,1729
-3,1730
-3,1731
-3,1732
-3,1733
-3,1734
-3,1735
-3,1736
-3,1737
-3,1738
-3,1739
-3,1740
-3,1741
-3,1742
-3,1743
-3,1744
-3,1745
-3,1746
-3,1747
-3,1748
-3,1749
-3,1750
-3,1751
-3,1752
-3,1753
-3,1754
-3,1755
-3,1756
-3,1757
-3,1758
-3,1759
-3,1760
-3,1761
-3,1762
-3,1763
-3,1764
-3,1765
-3,1766
-3,1767
-3,1768
-3,1769
-3,1770
-3,1771
-3,1772
-3,1773
-3,1774
-3,1775
-3,1776
-3,1777
-3,1778
-3,1779
-3,1780
-3,1781
-3,1782
-3,1783
-3,1784
-3,1785
-3,1786
-3,1787
-3,1788
-3,1789
-3,1790
-3,1791
-3,1792
-3,1793
-3,1794
-3,1795
-3,1796
-3,1797
-3,1798
-3,1799
-3,1800
-3,1801
-3,1802
-3,1803
-3,1804
-3,1805
-3,1806
-3,1807
-3,1808
-3,1809
-3,1810
-3,1811
-3,1812
-3,1813
-3,1814
-3,1815
-3,1816
-3,1817
-3,1818
-3,1819
-3,1820
-3,1821
-3,1822
-3,1823
-3,1824
:0_12,1825
:0_12,1826
:0_12,1827
:0_12,1828
:0_12,1829
4,1830
4,1831
4,1832
4,1833
4,1834
4,1835
4,1836
4,1837
4,1838
4,1839
4,1840
4,1841
4,1842
4,1843
4,1844
4,1845
4,1846
4,1847
4,1848
4,1849
4,1850
4,1851
4,1852
4,1853
4,1854
4,1855
4,1856
4,1857
4,1858
4,1859
4,1860
4,1861
4,1862
4,1863
4,1864
4,1865
4,1866
4,1867
4,1868
4,1869
4,1870
4,1871
4,1872
4,1873
4,1874
4,1875
4,1876
4,1877
4,1878
4,1879
4,1880
4,1881
4,1882
4,1883
4,1884
4,1885
4,1886
4,1887
4,1888
4,1889
4,1890
4,1891
4,1892
4,1893
4,1894
4,1895
4,1896
4,1897
4,1898
4,1899
4,1900
4,1901
4,1902
4,1903
4,1904
4,1905
4,1906
4,1907
4,1908
4,1909
4,1910
4,1911
4,1912
4,1913
4,1914
4,1915
4,1916
4,1917
4,1918
4,1919
4,1920
4,1921
4,1922
4,1923
4,1924
4,1925
4,1926
4,1927
4,1928
4,1929
4,1930
4,1931
4,1932
4,1933
4,1934
4,1935
4,1936
4,1937
4,1938
4,1939
4,1940
4,1941
4,1942
4,1943
4,1944
4,1945
4,1946
4,1947
4,1948
4,1949
4,1950
4,1951
4,1952
4,1953
4,1954
4,1955
4,1956
4,1957
4,1958
4,1959
4,1960
4,1961
4,1962
4,1963
4,1964
4,1965
4,1966
4,1967
4,1968
4,1969
4,1970
4,1971
4,1972
4,1973
4,1974
4,1975
4,1976
4,1977
4,1978
4,1979
4,1980
4,1981
4,1982
4,1983
4,1984
4,1985
4,1986
4,1987
4,1988
4,1989
4,1990
4,1991
4,1992
4,1993
4,1994
4,1995
4,1996
4,1997
4,1998
4,1999
4,2000
