120,21
120,22
120,23
120,24
120,25
120,26
120,27
120,28
120,29
120,30
120,31
120,32
120,33
120,34
120,35
120,36
120,37
120,38
120,39
120,40
120,41
120,42
120,43
120,44
120,45
120,46
120,47
120,48
120,49
120,50
120,51
120,52
120,53
120,54
120,55
120,56
120,57
120,58
120,59
120,60
120,61
120,62
120,63
120,64
120,65
120,66
120,67
120,68
120,69
120,70
120,71
120,72
120,73
120,74
120,75
120,76
120,77
120,78
120,79
120,80
120,81
120,82
120,83
120,84
120,85
120,86
120,87
120,88
120,89
120,90
120,91
120,92
120,93
120,94
120,95
120,96
120,97
120,98
120,99
120,100
120,101
120,102
120,103
120,104
120,105
120,106
120,107
120,108
120,109
120,110
120,111
120,112
120,113
120,114
120,115
120,116
120,117
120,118
120,119
120,120
120,121
120,122
120,123
120,124
120,125
120,126
120,127
120,128
120,129
120,130
120,131
120,132
120,133
120,134
120,135
120,136
120,137
120,138
120,139
120,140
120,141
120,142
120,143
120,144
120,145
120,146
120,147
120,148
120,149
120,150
120,151
120,152
120,153
120,154
120,155
120,156
120,157
120,158
120,159
120,160
120,161
120,162
120,163
120,164
120,165
120,166
120,167
120,168
120,169
120,170
120,171
120,172
120,173
120,174
120,175
120,176
:138_10,177
:138_10,178
:138_10,179
:138_18,180
:138_18,181
:138_18,182
:138_18,183
366,184
366,185
366,186
366,187
366,188
366,189
366,190
366,191
366,192
366,193
366,194
366,195
366,196
366,197
366,198
366,199
366,200
366,201
366,202
366,203
366,204
366,205
366,206
366,207
366,208
366,209
366,210
366,211
366,212
366,213
366,214
366,215
366,216
366,217
366,218
366,219
366,220
366,221
366,222
366,223
366,224
366,225
366,226
366,227
366,228
366,229
366,230
366,231
366,232
366,233
366,234
366,235
366,236
366,237
366,238
366,239
366,240
366,241
366,242
366,243
366,244
366,245
366,246
366,247
366,248
366,249
366,250
366,251
366,252
366,253
366,254
366,255
366,256
366,257
366,258
366,259
366,260
366,261
366,262
366,263
366,264
366,265
366,266
366,267
366,268
366,269
366,270
366,271
:334_4,272
:334_4,273
:334_4,274
:334_4,275
-614,276
-614,277
-614,278
-614,279
-614,280
-614,281
-614,282
-614,283
-614,284
-614,285
-614,286
-614,287
-614,288
-614,289
-614,290
-614,291
-614,292
-614,293
-614,294
-614,295
-614,296
-614,297
-614,298
-614,299
-614,300
-614,301
-614,302
-614,303
-614,304
-614,305
-614,306
-614,307
-614,308
-614,309
-614,310
-614,311
-614,312
-614,313
-614,314
-614,315
-614,316
-614,317
-614,318
-614,319
-614,320
-614,321
-614,322
-614,323
-614,324
-614,325
-614,326
-614,327
-614,328
-614,329
-614,330
-614,331
-614,332
-614,333
-614,334
-614,335
-614,336
-614,337
-614,338
-614,339
:467_9,340
:467_9,341
:467_9,342
:467_9,343
:467_9,344
:467_9,345
:467_9,346
-612,347
-612,348
-612,349
-612,350
-612,351
-612,352
-612,353
-612,354
-612,355
-612,356
-612,357
-612,358
-612,359
-612,360
-612,361
-612,362
-612,363
-612,364
-612,365
-612,366
-612,367
-612,368
-612,369
-612,370
-612,371
-612,372
-612,373
-612,374
-612,375
-612,376
-612,377
-612,378
-612,379
-612,380
-612,381
-612,382
-612,383
-612,384
-612,385
-612,386
-612,387
-612,388
-612,389
-612,390
-612,391
-612,392
-612,393
-612,394
-612,395
-612,396
-612,397
-612,398
-612,399
-612,400
-612,401
-612,402
-612,403
-612,404
-612,405
-612,406
-612,407
-612,408
-612,409
-612,410
-612,411
-612,412
-612,413
:402_3,414
:402_3,415
:402_3,416
:402_3,417
:402_3,418
:402_3,419
611,420
611,421
611,422
611,423
611,424
611,425
611,426
611,427
611,428
611,429
611,430
611,431
611,432
611,433
611,434
611,435
611,436
611,437
611,438
611,439
611,440
611,441
611,442
611,443
611,444
611,445
611,446
611,447
611,448
611,449
611,450
611,451
611,452
611,453
611,454
611,455
611,456
611,457
611,458
611,459
611,460
611,461
611,462
611,463
611,464
611,465
611,466
611,467
611,468
611,469
611,470
611,471
-494,472
-494,473
-494,474
-494,475
-494,476
-494,477
-494,478
-494,479
-494,480
-494,481
-494,482
-494,483
-494,484
-494,485
-494,486
-494,487
-494,488
-494,489
-494,490
-494,491
-494,492
-494,493
-494,494
-494,495
-494,496
-494,497
-494,498
-494,499
-494,500
-494,501
:366_6,502
:366_6,503
:366_6,504
:366_6,505
-411,506
-411,507
-411,508
-411,509
-411,510
-411,511
-411,512
-411,513
-411,514
-411,515
-411,516
-411,517
-411,518
-411,519
-411,520
-411,521
-411,522
-411,523
-411,524
-411,525
-411,526
-411,527
-411,528
-411,529
-411,530
-411,531
-411,532
-411,533
-411,534
-411,535
-411,536
-411,537
-411,538
-411,539
-411,540
-411,541
-411,542
-411,543
-411,544
-411,545
-411,546
-411,547
-411,548
-411,549
-411,550
-411,551
-411,552
-411,553
-411,554
-411,555
-411,556
-411,557
-411,558
-411,559
-411,560
-411,561
-411,562
-411,563
-411,564
-411,565
-411,566
-411,567
-411,568
-411,569
-411,570
-411,571
-411,572
-411,573
-411,574
-411,575
-411,576
-411,577
-411,578
-411,579
-411,580
-411,581
-411,582
-411,583
-411,584
-411,585
-411,586
-411,587
-411,588
-411,589
-411,590
-411,591
-411,592
-411,593
-411,594
:365_13,595
:365_13,596
:365_13,597
:365_13,598
:365_13,599
:365_13,600
413,601
413,602
413,603
413,604
413,605
413,606
413,607
413,608
413,609
413,610
413,611
413,612
413,613
413,614
413,615
413,616
413,617
413,618
413,619
413,620
413,621
413,622
413,623
413,624
413,625
413,626
413,627
413,628
413,629
413,630
413,631
413,632
413,633
413,634
413,635
413,636
413,637
413,638
413,639
413,640
413,641
413,642
413,643
413,644
413,645
413,646
413,647
413,648
413,649
413,650
413,651
413,652
413,653
413,654
413,655
413,656
413,657
413,658
413,659
413,660
413,661
413,662
413,663
413,664
413,665
413,666
413,667
413,668
413,669
413,670
413,671
413,672
413,673
413,674
413,675
413,676
413,677
413,678
413,679
413,680
413,681
413,682
413,683
413,684
413,685
413,686
413,687
413,688
:165_6,689
:165_6,690
:165_6,691
:165_6,692
-150,693
-150,694
-150,695
-150,696
-150,697
-150,698
-150,699
-150,700
-150,701
-150,702
-150,703
-150,704
-150,705
-150,706
-150,707
-150,708
-150,709
-150,710
-150,711
-150,712
-150,713
-150,714
-150,715
-150,716
-150,717
-150,718
-150,719
-150,720
-150,721
-150,722
-150,723
-150,724
-150,725
-150,726
-150,727
-150,728
-150,729
-150,730
-150,731
-150,732
-150,733
-150,734
-150,735
-150,736
-150,737
-150,738
-150,739
-150,740
-150,741
-150,742
-150,743
-150,744
-150,745
-150,746
-150,747
-150,748
-150,749
-150,750
-150,751
-150,752
-150,753
-150,754
-150,755
-150,756
-150,757
-150,758
-150,759
-150,760
-150,761
-150,762
-150,763
-150,764
-150,765
-150,766
-150,767
-150,768
-150,769
-150,770
-150,771
-150,772
-150,773
-150,774
-150,775
-150,776
-150,777
-150,778
:164_1,779
:164_1,780
:164_9,781
:164_9,782
:164_9,783
:164_9,784
149,785
149,786
149,787
149,788
149,789
149,790
149,791
149,792
149,793
149,794
149,795
149,796
149,797
149,798
149,799
149,800
149,801
149,802
149,803
149,804
149,805
149,806
149,807
149,808
149,809
149,810
149,811
149,812
149,813
149,814
149,815
149,816
149,817
149,818
149,819
149,820
149,821
149,822
149,823
149,824
149,825
149,826
149,827
149,828
149,829
149,830
149,831
149,832
149,833
149,834
149,835
149,836
149,837
149,838
149,839
149,840
149,841
149,842
149,843
149,844
149,845
149,846
149,847
149,848
149,849
149,850
149,851
149,852
149,853
149,854
149,855
149,856
149,857
149,858
149,859
149,860
149,861
149,862
149,863
149,864
149,865
149,866
149,867
149,868
149,869
149,870
149,871
149,872
149,873
149,874
149,875
149,876
149,877
149,878
149,879
149,880
149,881
149,882
149,883
149,884
149,885
149,886
149,887
149,888
149,889
149,890
149,891
149,892
149,893
149,894
149,895
149,896
149,897
149,898
149,899
149,900
149,901
149,902
149,903
149,904
149,905
149,906
149,907
149,908
149,909
149,910
149,911
149,912
149,913
149,914
149,915
149,916
149,917
149,918
149,919
149,920
149,921
149,922
149,923
149,924
149,925
149,926
149,927
149,928
149,929
149,930
149,931
149,932
149,933
149,934
149,935
149,936
149,937
149,938
149,939
149,940
149,941
149,942
149,943
149,944
149,945
149,946
149,947
149,948
149,949
149,950
149,951
:63_1,952
:63_1,953
:63_1,954
:63_1,955
:63_1,956
:63_1,957
160,958
160,959
160,960
160,961
160,962
160,963
160,964
160,965
160,966
160,967
160,968
160,969
160,970
160,971
160,972
160,973
160,974
160,975
160,976
160,977
160,978
160,979
160,980
160,981
160,982
160,983
160,984
160,985
160,986
160,987
160,988
160,989
160,990
160,991
160,992
160,993
160,994
160,995
160,996
160,997
160,998
160,999
160,1000
160,1001
160,1002
160,1003
160,1004
160,1005
160,1006
160,1007
160,1008
160,1009
160,1010
160,1011
160,1012
160,1013
160,1014
160,1015
160,1016
160,1017
160,1018
160,1019
160,1020
160,1021
160,1022
160,1023
160,1024
160,1025
160,1026
160,1027
160,1028
160,1029
160,1030
160,1031
160,1032
160,1033
160,1034
160,1035
160,1036
160,1037
160,1038
160,1039
160,1040
160,1041
160,1042
160,1043
160,1044
160,1045
160,1046
160,1047
160,1048
160,1049
160,1050
160,1051
160,1052
160,1053
160,1054
160,1055
160,1056
160,1057
160,1058
160,1059
160,1060
160,1061
160,1062
160,1063
160,1064
160,1065
160,1066
160,1067
160,1068
160,1069
160,1070
160,1071
160,1072
160,1073
160,1074
160,1075
160,1076
160,1077
160,1078
160,1079
160,1080
160,1081
160,1082
160,1083
160,1084
160,1085
160,1086
160,1087
160,1088
160,1089
160,1090
160,1091
160,1092
160,1093
160,1094
160,1095
160,1096
160,1097
160,1098
160,1099
160,1100
160,1101
160,1102
160,1103
160,1104
160,1105
160,1106
160,1107
160,1108
160,1109
160,1110
160,1111
160,1112
160,1113
160,1114
160,1115
160,1116
160,1117
160,1118
160,1119
160,1120
160,1121
160,1122
:174_7,1123
:174_7,1124
:174_7,1125
:174_7,1126
:174_7,1127
:174_7,1128
-281,1129
-281,1130
-281,1131
-281,1132
-281,1133
-281,1134
-281,1135
-281,1136
-281,1137
-281,1138
-281,1139
-281,1140
-281,1141
-281,1142
-281,1143
-281,1144
-281,1145
-281,1146
-281,1147
-281,1148
-281,1149
-281,1150
-281,1151
-281,1152
-281,1153
-281,1154
-281,1155
-281,1156
-281,1157
-281,1158
-281,1159
-281,1160
-281,1161
-281,1162
-281,1163
-281,1164
-281,1165
-281,1166
-281,1167
-281,1168
-281,1169
-281,1170
-281,1171
-281,1172
-281,1173
-281,1174
-281,1175
-281,1176
-281,1177
-281,1178
-281,1179
-281,1180
-281,1181
-281,1182
-281,1183
-281,1184
-281,1185
-281,1186
-281,1187
-281,1188
-281,1189
-281,1190
-281,1191
-281,1192
-281,1193
-281,1194
-281,1195
-281,1196
-281,1197
-281,1198
-281,1199
-281,1200
-281,1201
-281,1202
-281,1203
-281,1204
-281,1205
-281,1206
-281,1207
-281,1208
-281,1209
