-454,21
-454,22
-454,23
-454,24
-454,25
-454,26
-454,27
-454,28
-454,29
-454,30
-454,31
-454,32
-454,33
-454,34
-454,35
-454,36
-454,37
-454,38
-454,39
-454,40
-454,41
-454,42
-454,43
-454,44
-454,45
-454,46
-454,47
-454,48
-454,49
-454,50
-454,51
-454,52
-454,53
-454,54
-454,55
-454,56
-454,57
-454,58
-454,59
-454,60
-454,61
-454,62
-454,63
-454,64
-454,65
-454,66
-454,67
-454,68
-454,69
-454,70
-454,71
-454,72
-454,73
-454,74
-454,75
-454,76
-454,77
-454,78
-454,79
-454,80
-454,81
-454,82
-454,83
-454,84
-454,85
-454,86
-454,87
-454,88
-454,89
-454,90
-454,91
-454,92
-454,93
-454,94
-454,95
-454,96
-454,97
-454,98
-454,99
-454,100
-454,101
:279_4,102
:279_4,103
:279_10,104
:279_10,105
:279_10,106
:279_10,107
-550,108
-550,109
-550,110
-550,111
-550,112
-550,113
-550,114
-550,115
-550,116
-550,117
-550,118
-550,119
-550,120
-550,121
-550,122
-550,123
-550,124
-550,125
-550,126
-550,127
-550,128
-550,129
-550,130
-550,131
-550,132
-550,133
-550,134
-550,135
-550,136
-550,137
-550,138
-550,139
-550,140
-550,141
-550,142
-550,143
-550,144
-550,145
-550,146
-550,147
-550,148
-550,149
-550,150
-550,151
-550,152
-550,153
-550,154
-550,155
-550,156
-550,157
-550,158
-550,159
-550,160
-550,161
-550,162
-550,163
-550,164
-550,165
-550,166
-550,167
-550,168
-550,169
-550,170
-550,171
-550,172
-550,173
-550,174
-550,175
-550,176
-550,177
-550,178
-550,179
-550,180
-550,181
-550,182
-550,183
-550,184
-550,185
-550,186
-550,187
-550,188
-550,189
-550,190
-550,191
-550,192
-550,193
-550,194
-550,195
-550,196
-550,197
-550,198
-550,199
-550,200
-550,201
-550,202
-550,203
-550,204
-550,205
-550,206
-550,207
-550,208
-550,209
-550,210
-550,211
-550,212
-550,213
-550,214
-550,215
-550,216
-550,217
-550,218
-550,219
-550,220
-550,221
-550,222
-550,223
-550,224
-550,225
-550,226
-550,227
-550,228
-550,229
-550,230
-550,231
-550,232
-550,233
-550,234
-550,235
-550,236
-550,237
-550,238
-550,239
-550,240
-550,241
-550,242
-550,243
-550,244
-550,245
-550,246
-550,247
-550,248
-550,249
-550,250
-550,251
-550,252
-550,253
-550,254
-550,255
-550,256
-550,257
-550,258
:247_3,259
:247_3,260
:247_3,261
-246,262
-246,263
-246,264
-246,265
-246,266
-246,267
-246,268
-246,269
-246,270
-246,271
-246,272
-246,273
-246,274
-246,275
-246,276
-246,277
-246,278
-246,279
-246,280
-246,281
-246,282
-246,283
-246,284
-246,285
-246,286
-246,287
-246,288
-246,289
-246,290
-246,291
-246,292
-246,293
-246,294
-246,295
-246,296
-246,297
-246,298
-246,299
-246,300
-246,301
-246,302
-246,303
-246,304
-246,305
-246,306
-246,307
-246,308
-246,309
-246,310
-246,311
-246,312
-246,313
-246,314
-246,315
-246,316
-246,317
-246,318
-246,319
-246,320
-246,321
-246,322
-246,323
-246,324
:197_3,325
:197_3,326
:197_3,327
247,328
247,329
247,330
247,331
247,332
247,333
247,334
247,335
247,336
247,337
247,338
247,339
247,340
247,341
247,342
247,343
247,344
247,345
247,346
247,347
247,348
247,349
247,350
247,351
247,352
247,353
247,354
247,355
247,356
247,357
247,358
247,359
247,360
247,361
247,362
247,363
247,364
247,365
247,366
247,367
247,368
247,369
247,370
247,371
247,372
247,373
247,374
247,375
247,376
247,377
247,378
247,379
247,380
247,381
247,382
247,383
247,384
247,385
247,386
247,387
247,388
247,389
247,390
247,391
247,392
247,393
247,394
247,395
247,396
247,397
247,398
247,399
247,400
247,401
247,402
247,403
247,404
247,405
247,406
247,407
247,408
247,409
247,410
247,411
247,412
247,413
247,414
:248_14,415
:248_14,416
:248_14,417
:248_14,418
:248_14,419
:248_14,420
284,421
284,422
284,423
284,424
284,425
284,426
284,427
284,428
284,429
284,430
284,431
284,432
284,433
284,434
284,435
284,436
284,437
284,438
284,439
284,440
284,441
284,442
284,443
284,444
284,445
284,446
284,447
284,448
284,449
284,450
284,451
284,452
284,453
284,454
284,455
284,456
284,457
284,458
284,459
284,460
284,461
284,462
284,463
284,464
284,465
284,466
284,467
284,468
284,469
284,470
284,471
284,472
284,473
284,474
284,475
284,476
284,477
:274_1,478
285,479
285,480
285,481
285,482
285,483
285,484
285,485
285,486
285,487
285,488
285,489
285,490
285,491
285,492
285,493
285,494
285,495
285,496
285,497
285,498
285,499
285,500
285,501
285,502
285,503
285,504
285,505
285,506
285,507
285,508
285,509
285,510
285,511
285,512
285,513
285,514
285,515
285,516
285,517
285,518
285,519
285,520
285,521
285,522
285,523
285,524
285,525
285,526
285,527
:275_1,528
286,529
286,530
286,531
286,532
286,533
286,534
286,535
286,536
286,537
286,538
286,539
286,540
286,541
286,542
286,543
286,544
286,545
286,546
286,547
286,548
286,549
286,550
286,551
286,552
286,553
286,554
286,555
286,556
286,557
286,558
286,559
286,560
286,561
286,562
286,563
286,564
286,565
286,566
286,567
286,568
286,569
286,570
286,571
286,572
286,573
286,574
286,575
286,576
286,577
286,578
286,579
286,580
286,581
287,582
287,583
287,584
287,585
287,586
287,587
287,588
287,589
287,590
287,591
287,592
287,593
287,594
287,595
287,596
287,597
287,598
287,599
287,600
287,601
287,602
287,603
287,604
287,605
287,606
287,607
287,608
287,609
287,610
287,611
287,612
287,613
287,614
287,615
287,616
287,617
287,618
287,619
287,620
287,621
287,622
287,623
287,624
287,625
287,626
287,627
287,628
287,629
287,630
287,631
287,632
287,633
287,634
287,635
287,636
287,637
287,638
287,639
287,640
287,641
288,642
288,643
288,644
288,645
288,646
288,647
288,648
288,649
288,650
288,651
288,652
288,653
288,654
288,655
288,656
288,657
288,658
288,659
288,660
288,661
288,662
288,663
288,664
288,665
288,666
288,667
288,668
288,669
288,670
288,671
288,672
288,673
288,674
288,675
288,676
288,677
:278_0,678
:278_0,679
:278_0,680
:278_0,681
:278_0,682
-453,683
-453,684
-453,685
-453,686
-453,687
-453,688
-453,689
-453,690
-453,691
-453,692
-453,693
-453,694
-453,695
-453,696
-453,697
-453,698
-453,699
-453,700
-453,701
-453,702
-453,703
-453,704
-453,705
-453,706
-453,707
-453,708
-453,709
-453,710
-453,711
-453,712
-453,713
-453,714
-453,715
-453,716
-453,717
-453,718
-453,719
-453,720
-453,721
-453,722
-453,723
-453,724
-453,725
-453,726
-453,727
:25_3,728
:25_3,729
:25_3,730
:25_3,731
:25_3,732
-21,733
-21,734
-21,735
-21,736
-21,737
-21,738
-21,739
-21,740
-21,741
-21,742
-21,743
-21,744
-21,745
-21,746
-21,747
-21,748
-21,749
-21,750
-21,751
-21,752
-21,753
-21,754
-21,755
-21,756
-21,757
-21,758
-21,759
-21,760
-21,761
-21,762
-21,763
-21,764
-21,765
-21,766
-21,767
-21,768
-21,769
-21,770
-21,771
-21,772
-21,773
-21,774
-21,775
-21,776
-21,777
-21,778
-21,779
-21,780
-21,781
-21,782
-21,783
-21,784
-21,785
-21,786
-21,787
-21,788
-21,789
-21,790
-21,791
-21,792
-21,793
-21,794
-21,795
-21,796
-21,797
-21,798
-21,799
-21,800
-21,801
-21,802
-21,803
-21,804
-21,805
-21,806
-21,807
-21,808
-21,809
-21,810
-21,811
-21,812
-21,813
-21,814
-21,815
-21,816
:22_4,817
:22_4,818
:22_4,819
:22_4,820
19,821
19,822
19,823
19,824
19,825
19,826
19,827
19,828
19,829
19,830
19,831
19,832
19,833
19,834
19,835
19,836
19,837
19,838
19,839
19,840
19,841
19,842
19,843
19,844
19,845
19,846
19,847
19,848
19,849
19,850
19,851
19,852
19,853
19,854
19,855
19,856
19,857
19,858
19,859
19,860
19,861
19,862
19,863
19,864
19,865
19,866
19,867
19,868
19,869
19,870
19,871
19,872
19,873
19,874
19,875
19,876
19,877
19,878
19,879
19,880
19,881
19,882
19,883
19,884
19,885
19,886
19,887
19,888
19,889
19,890
19,891
19,892
19,893
19,894
19,895
19,896
19,897
19,898
19,899
19,900
19,901
19,902
19,903
19,904
19,905
19,906
19,907
19,908
19,909
19,910
19,911
19,912
19,913
19,914
19,915
19,916
:23_6,917
:23_6,918
:23_6,919
:23_6,920
:23_6,921
:23_6,922
:23_6,923
20,924
20,925
20,926
20,927
20,928
20,929
20,930
20,931
20,932
20,933
20,934
20,935
20,936
20,937
20,938
20,939
20,940
20,941
20,942
20,943
20,944
20,945
20,946
20,947
20,948
20,949
20,950
20,951
20,952
20,953
20,954
20,955
20,956
20,957
20,958
20,959
20,960
20,961
20,962
20,963
20,964
20,965
20,966
20,967
20,968
20,969
20,970
20,971
20,972
20,973
20,974
20,975
20,976
20,977
20,978
20,979
20,980
20,981
20,982
20,983
20,984
20,985
20,986
20,987
20,988
20,989
20,990
20,991
20,992
20,993
20,994
20,995
20,996
20,997
20,998
20,999
20,1000
20,1001
20,1002
20,1003
20,1004
20,1005
20,1006
20,1007
20,1008
20,1009
20,1010
20,1011
20,1012
20,1013
20,1014
20,1015
20,1016
:24_12,1017
:24_12,1018
:24_12,1019
-114,1020
-114,1021
-114,1022
-114,1023
-114,1024
-114,1025
-114,1026
-114,1027
-114,1028
-114,1029
-114,1030
-114,1031
-114,1032
-114,1033
-114,1034
-114,1035
-114,1036
-114,1037
-114,1038
-114,1039
-114,1040
-114,1041
-114,1042
-114,1043
-114,1044
-114,1045
-114,1046
-114,1047
-114,1048
-114,1049
-114,1050
-114,1051
-114,1052
-114,1053
-114,1054
-114,1055
-114,1056
-114,1057
-114,1058
-114,1059
-114,1060
-114,1061
-114,1062
-114,1063
-114,1064
-114,1065
-114,1066
-114,1067
-114,1068
-114,1069
-114,1070
-114,1071
-114,1072
-114,1073
-114,1074
-114,1075
-113,1076
-113,1077
-113,1078
-113,1079
-113,1080
-113,1081
-113,1082
-113,1083
-113,1084
-113,1085
-113,1086
-113,1087
-113,1088
-113,1089
-113,1090
-113,1091
-113,1092
-113,1093
-113,1094
-113,1095
-113,1096
-113,1097
-113,1098
-113,1099
-113,1100
-113,1101
-113,1102
-113,1103
-113,1104
-113,1105
-113,1106
-113,1107
-113,1108
-113,1109
-113,1110
-112,1111
-112,1112
-112,1113
-112,1114
-112,1115
-112,1116
-112,1117
-112,1118
-112,1119
-112,1120
-112,1121
-112,1122
-112,1123
-112,1124
-112,1125
-112,1126
-112,1127
-112,1128
-112,1129
-112,1130
-112,1131
-112,1132
-112,1133
-112,1134
-112,1135
-112,1136
-112,1137
-112,1138
-112,1139
-112,1140
-112,1141
-112,1142
-112,1143
-112,1144
-112,1145
-112,1146
-111,1147
-111,1148
-111,1149
-111,1150
-111,1151
-111,1152
-111,1153
-111,1154
-111,1155
-111,1156
-111,1157
-111,1158
-111,1159
-111,1160
-111,1161
-111,1162
-111,1163
-111,1164
-111,1165
-111,1166
-111,1167
-111,1168
-111,1169
-111,1170
-111,1171
-111,1172
-111,1173
-111,1174
-111,1175
-111,1176
-111,1177
-111,1178
-111,1179
-111,1180
-111,1181
:127_0,1182
:127_0,1183
:127_0,1184
:127_0,1185
-110,1186
-110,1187
-110,1188
-110,1189
-110,1190
-110,1191
-110,1192
-110,1193
-110,1194
-110,1195
-110,1196
-110,1197
-110,1198
-110,1199
-110,1200
-110,1201
-110,1202
-110,1203
-110,1204
-110,1205
-110,1206
-110,1207
-110,1208
-110,1209
-110,1210
-110,1211
-110,1212
-110,1213
-110,1214
-110,1215
-110,1216
-110,1217
-110,1218
-110,1219
-110,1220
-110,1221
-110,1222
-110,1223
-110,1224
-110,1225
-110,1226
-110,1227
-110,1228
-110,1229
-110,1230
-110,1231
-110,1232
-110,1233
-110,1234
-110,1235
-110,1236
-110,1237
-110,1238
-110,1239
-110,1240
-110,1241
-110,1242
-110,1243
-110,1244
-110,1245
-110,1246
-110,1247
-110,1248
-110,1249
-110,1250
-110,1251
-110,1252
-110,1253
:126_0,1254
:126_0,1255
:126_0,1256
:126_0,1257
:126_0,1258
-109,1259
-109,1260
-109,1261
-109,1262
-109,1263
-109,1264
-109,1265
-109,1266
-109,1267
-109,1268
-109,1269
-109,1270
-109,1271
-109,1272
-109,1273
-109,1274
-109,1275
-109,1276
-109,1277
-109,1278
-109,1279
-109,1280
-109,1281
-109,1282
-109,1283
-109,1284
-109,1285
-109,1286
-109,1287
-109,1288
-109,1289
-109,1290
-109,1291
-109,1292
-109,1293
-109,1294
-109,1295
:125_1,1296
:125_1,1297
:125_9,1298
:125_9,1299
:125_9,1300
218,1301
218,1302
218,1303
218,1304
218,1305
218,1306
218,1307
218,1308
218,1309
218,1310
218,1311
218,1312
218,1313
218,1314
218,1315
218,1316
218,1317
218,1318
218,1319
218,1320
218,1321
218,1322
218,1323
218,1324
218,1325
218,1326
218,1327
218,1328
218,1329
218,1330
218,1331
218,1332
218,1333
218,1334
218,1335
218,1336
218,1337
218,1338
218,1339
218,1340
218,1341
218,1342
218,1343
218,1344
218,1345
218,1346
218,1347
218,1348
218,1349
218,1350
218,1351
218,1352
218,1353
218,1354
218,1355
218,1356
218,1357
218,1358
218,1359
218,1360
218,1361
218,1362
218,1363
218,1364
218,1365
218,1366
218,1367
218,1368
218,1369
218,1370
218,1371
218,1372
218,1373
218,1374
218,1375
218,1376
218,1377
218,1378
218,1379
218,1380
218,1381
218,1382
218,1383
218,1384
218,1385
218,1386
218,1387
218,1388
218,1389
218,1390
218,1391
218,1392
218,1393
218,1394
218,1395
218,1396
218,1397
218,1398
218,1399
218,1400
218,1401
218,1402
218,1403
218,1404
218,1405
218,1406
218,1407
218,1408
218,1409
:224_1,1410
:224_1,1411
:224_1,1412
588,1413
588,1414
588,1415
588,1416
588,1417
588,1418
588,1419
588,1420
588,1421
588,1422
588,1423
588,1424
588,1425
588,1426
588,1427
588,1428
588,1429
588,1430
588,1431
:414_4,1432
:414_4,1433
:414_4,1434
:414_4,1435
589,1436
589,1437
589,1438
589,1439
589,1440
589,1441
589,1442
589,1443
589,1444
589,1445
589,1446
589,1447
589,1448
589,1449
589,1450
589,1451
589,1452
589,1453
589,1454
589,1455
589,1456
589,1457
589,1458
589,1459
589,1460
589,1461
589,1462
589,1463
589,1464
589,1465
589,1466
589,1467
589,1468
589,1469
589,1470
589,1471
589,1472
589,1473
589,1474
589,1475
589,1476
589,1477
589,1478
589,1479
589,1480
589,1481
589,1482
589,1483
589,1484
589,1485
589,1486
589,1487
589,1488
589,1489
589,1490
589,1491
589,1492
589,1493
589,1494
589,1495
589,1496
589,1497
589,1498
589,1499
589,1500
589,1501
589,1502
589,1503
589,1504
589,1505
589,1506
589,1507
589,1508
589,1509
589,1510
589,1511
589,1512
589,1513
589,1514
589,1515
589,1516
589,1517
589,1518
589,1519
589,1520
589,1521
589,1522
589,1523
589,1524
589,1525
589,1526
589,1527
589,1528
589,1529
589,1530
589,1531
589,1532
589,1533
:126_3,1534
:126_3,1535
:126_3,1536
110,1537
110,1538
110,1539
110,1540
110,1541
110,1542
110,1543
110,1544
110,1545
110,1546
110,1547
110,1548
110,1549
110,1550
110,1551
110,1552
110,1553
110,1554
110,1555
110,1556
110,1557
110,1558
110,1559
110,1560
110,1561
110,1562
110,1563
110,1564
110,1565
110,1566
110,1567
110,1568
110,1569
110,1570
110,1571
110,1572
110,1573
110,1574
110,1575
110,1576
110,1577
110,1578
110,1579
110,1580
110,1581
110,1582
110,1583
110,1584
110,1585
110,1586
110,1587
110,1588
110,1589
110,1590
110,1591
110,1592
110,1593
110,1594
110,1595
110,1596
110,1597
110,1598
110,1599
110,1600
110,1601
110,1602
110,1603
110,1604
:127_7,1605
:127_7,1606
:127_7,1607
:127_7,1608
111,1609
111,1610
111,1611
111,1612
111,1613
111,1614
111,1615
111,1616
111,1617
111,1618
111,1619
111,1620
111,1621
111,1622
111,1623
111,1624
111,1625
111,1626
111,1627
111,1628
111,1629
111,1630
111,1631
111,1632
111,1633
111,1634
111,1635
111,1636
111,1637
111,1638
111,1639
111,1640
111,1641
111,1642
111,1643
111,1644
112,1645
112,1646
112,1647
112,1648
112,1649
112,1650
112,1651
112,1652
112,1653
112,1654
112,1655
112,1656
112,1657
112,1658
112,1659
112,1660
112,1661
112,1662
112,1663
112,1664
112,1665
112,1666
112,1667
112,1668
112,1669
112,1670
112,1671
112,1672
112,1673
112,1674
112,1675
112,1676
112,1677
112,1678
112,1679
:129_1,1680
113,1681
113,1682
113,1683
113,1684
113,1685
113,1686
113,1687
113,1688
113,1689
113,1690
113,1691
113,1692
113,1693
113,1694
113,1695
113,1696
113,1697
113,1698
113,1699
113,1700
113,1701
113,1702
113,1703
113,1704
113,1705
113,1706
113,1707
113,1708
113,1709
113,1710
113,1711
113,1712
113,1713
113,1714
113,1715
114,1716
114,1717
114,1718
114,1719
114,1720
114,1721
114,1722
114,1723
114,1724
114,1725
114,1726
114,1727
114,1728
114,1729
114,1730
114,1731
114,1732
114,1733
114,1734
114,1735
114,1736
114,1737
114,1738
114,1739
114,1740
114,1741
114,1742
114,1743
114,1744
114,1745
114,1746
114,1747
114,1748
114,1749
114,1750
114,1751
114,1752
114,1753
114,1754
114,1755
114,1756
114,1757
114,1758
114,1759
114,1760
114,1761
114,1762
114,1763
114,1764
114,1765
114,1766
114,1767
114,1768
114,1769
114,1770
114,1771
:24_9,1772
:24_9,1773
:24_9,1774
:24_9,1775
24,1776
24,1777
24,1778
24,1779
24,1780
24,1781
24,1782
24,1783
24,1784
24,1785
24,1786
24,1787
24,1788
24,1789
24,1790
24,1791
24,1792
24,1793
24,1794
24,1795
24,1796
24,1797
24,1798
24,1799
24,1800
24,1801
24,1802
24,1803
24,1804
24,1805
24,1806
24,1807
24,1808
24,1809
24,1810
24,1811
24,1812
24,1813
24,1814
24,1815
24,1816
24,1817
24,1818
24,1819
24,1820
24,1821
24,1822
24,1823
24,1824
24,1825
24,1826
24,1827
24,1828
24,1829
24,1830
24,1831
24,1832
24,1833
24,1834
24,1835
24,1836
24,1837
24,1838
24,1839
24,1840
24,1841
24,1842
24,1843
24,1844
24,1845
24,1846
24,1847
24,1848
24,1849
24,1850
:28_0,1851
:28_0,1852
:28_0,1853
:28_0,1854
:28_0,1855
:28_0,1856
-406,1857
-406,1858
-406,1859
-406,1860
-406,1861
-406,1862
-406,1863
-406,1864
-406,1865
-406,1866
-406,1867
-406,1868
-406,1869
-406,1870
-406,1871
-406,1872
-406,1873
-406,1874
-406,1875
-406,1876
-406,1877
-406,1878
-406,1879
-406,1880
-406,1881
-406,1882
-406,1883
-406,1884
-406,1885
-406,1886
-406,1887
-406,1888
-406,1889
-406,1890
-406,1891
-406,1892
-406,1893
-406,1894
-406,1895
-406,1896
-406,1897
-406,1898
-406,1899
-406,1900
-406,1901
-406,1902
-406,1903
-406,1904
-406,1905
-406,1906
-406,1907
-406,1908
-406,1909
-406,1910
-406,1911
-406,1912
-406,1913
-406,1914
-406,1915
-406,1916
-406,1917
-406,1918
-406,1919
-406,1920
-406,1921
-406,1922
-406,1923
-406,1924
-406,1925
-406,1926
-406,1927
-406,1928
-406,1929
-406,1930
-406,1931
-406,1932
-406,1933
-406,1934
-406,1935
-406,1936
-406,1937
-406,1938
-406,1939
-406,1940
-406,1941
-406,1942
-406,1943
-406,1944
-406,1945
-406,1946
-406,1947
-406,1948
-406,1949
-406,1950
-406,1951
-406,1952
-406,1953
-406,1954
-406,1955
-406,1956
-406,1957
-406,1958
-406,1959
-406,1960
-406,1961
-406,1962
-406,1963
-406,1964
-406,1965
-406,1966
-406,1967
-406,1968
-406,1969
-406,1970
-406,1971
-406,1972
-406,1973
-406,1974
-406,1975
-406,1976
-406,1977
-406,1978
-406,1979
-406,1980
-406,1981
-406,1982
-406,1983
-406,1984
-406,1985
-406,1986
-406,1987
-406,1988
-406,1989
-406,1990
-406,1991
-406,1992
-406,1993
-406,1994
-406,1995
-406,1996
-406,1997
-406,1998
-406,1999
-406,2000
