33,1
33,2
33,3
33,4
33,5
33,6
33,7
33,8
33,9
33,10
33,11
33,12
33,13
33,14
33,15
33,16
33,17
33,18
33,19
33,20
33,21
33,22
33,23
33,24
33,25
33,26
33,27
33,28
33,29
33,30
33,31
33,32
33,33
33,34
33,35
33,36
33,37
33,38
33,39
33,40
33,41
33,42
33,43
33,44
33,45
33,46
33,47
33,48
33,49
33,50
33,51
33,52
33,53
33,54
33,55
33,56
33,57
33,58
33,59
33,60
33,61
33,62
33,63
33,64
33,65
33,66
33,67
33,68
33,69
33,70
33,71
33,72
33,73
33,74
33,75
33,76
33,77
33,78
33,79
33,80
33,81
33,82
33,83
33,84
33,85
33,86
33,87
33,88
33,89
33,90
33,91
33,92
33,93
33,94
33,95
33,96
33,97
33,98
33,99
33,100
33,101
33,102
33,103
33,104
33,105
33,106
33,107
33,108
33,109
33,110
33,111
33,112
33,113
33,114
33,115
33,116
33,117
33,118
33,119
33,120
33,121
33,122
33,123
33,124
33,125
33,126
33,127
33,128
33,129
33,130
33,131
33,132
33,133
33,134
33,135
33,136
33,137
33,138
33,139
33,140
33,141
33,142
33,143
33,144
33,145
33,146
33,147
33,148
33,149
33,150
33,151
33,152
33,153
33,154
33,155
33,156
33,157
33,158
33,159
33,160
33,161
33,162
33,163
33,164
33,165
33,166
:40_6,167
:40_6,168
:40_6,169
:40_6,170
:40_6,171
450,172
450,173
450,174
450,175
450,176
450,177
450,178
450,179
450,180
450,181
450,182
450,183
450,184
450,185
450,186
450,187
450,188
450,189
450,190
450,191
450,192
450,193
450,194
450,195
450,196
450,197
450,198
450,199
450,200
450,201
450,202
450,203
450,204
450,205
450,206
450,207
450,208
450,209
:154_0,210
:154_0,211
:154_0,212
:154_0,213
:154_0,214
-138,215
-138,216
-138,217
-138,218
-138,219
-138,220
-138,221
-138,222
-138,223
-138,224
-138,225
-138,226
-138,227
-138,228
-138,229
-138,230
-138,231
-138,232
-138,233
-138,234
-138,235
-138,236
-138,237
-138,238
-138,239
-138,240
-138,241
-138,242
-138,243
-138,244
-138,245
-138,246
-138,247
-138,248
-138,249
-138,250
-138,251
-138,252
-138,253
-138,254
-138,255
-138,256
-138,257
-138,258
-138,259
-138,260
-138,261
-138,262
-138,263
-138,264
-138,265
-138,266
-138,267
-138,268
-138,269
-138,270
-138,271
-138,272
-138,273
-138,274
-138,275
-138,276
-138,277
-138,278
-138,279
-138,280
-138,281
-138,282
-138,283
-138,284
-138,285
-138,286
-138,287
-138,288
-138,289
-138,290
-138,291
-138,292
-138,293
-138,294
-138,295
-138,296
-138,297
-138,298
-138,299
-138,300
-138,301
-138,302
-138,303
-138,304
-138,305
-138,306
-138,307
-138,308
-138,309
-138,310
-138,311
-138,312
-138,313
-138,314
:153_2,315
:153_2,316
:153_16,317
:153_16,318
:153_16,319
139,320
139,321
139,322
139,323
139,324
139,325
139,326
139,327
139,328
139,329
139,330
139,331
139,332
139,333
139,334
139,335
139,336
139,337
139,338
139,339
139,340
139,341
139,342
139,343
139,344
139,345
139,346
139,347
139,348
139,349
139,350
139,351
139,352
139,353
139,354
139,355
139,356
139,357
139,358
139,359
139,360
139,361
139,362
139,363
139,364
139,365
139,366
139,367
139,368
139,369
139,370
139,371
139,372
139,373
139,374
139,375
139,376
139,377
139,378
139,379
139,380
139,381
139,382
139,383
139,384
139,385
139,386
139,387
139,388
139,389
139,390
139,391
139,392
139,393
139,394
:155_14,395
:155_14,396
:155_14,397
:155_18,398
:155_18,399
:155_18,400
:155_18,401
:155_18,402
:155_18,403
:155_18,404
-272,405
-272,406
-272,407
-272,408
-272,409
-272,410
-272,411
-272,412
-272,413
-272,414
-272,415
-272,416
-272,417
-272,418
-272,419
-272,420
-272,421
-272,422
-272,423
-272,424
-272,425
-272,426
-272,427
-272,428
-272,429
-272,430
-272,431
-272,432
-272,433
-272,434
-272,435
-272,436
-272,437
-272,438
-272,439
-272,440
-272,441
-272,442
-272,443
-272,444
-272,445
-272,446
-272,447
-272,448
-272,449
-272,450
-272,451
-272,452
-272,453
-272,454
-272,455
-272,456
-272,457
-272,458
-272,459
-272,460
-272,461
-272,462
-272,463
-272,464
-272,465
-272,466
-272,467
-272,468
-272,469
-272,470
-272,471
-272,472
-272,473
-272,474
-272,475
-272,476
-272,477
-272,478
-272,479
-272,480
-272,481
-272,482
-272,483
-272,484
-272,485
-272,486
-272,487
-272,488
-272,489
-272,490
-272,491
-272,492
-272,493
-272,494
-272,495
-272,496
-272,497
-272,498
-272,499
-272,500
-272,501
-272,502
-272,503
-272,504
-272,505
-272,506
-272,507
-272,508
-272,509
-272,510
-272,511
-272,512
-272,513
-272,514
-272,515
-272,516
-272,517
-272,518
-272,519
-272,520
-272,521
-272,522
-272,523
-272,524
-272,525
-272,526
-272,527
-272,528
-272,529
-272,530
-272,531
-272,532
-272,533
-272,534
-272,535
-272,536
-272,537
-272,538
-272,539
-272,540
-272,541
-272,542
-272,543
-272,544
-272,545
-272,546
-272,547
-272,548
-272,549
-272,550
-272,551
-272,552
-272,553
-272,554
-272,555
-272,556
-272,557
-272,558
-272,559
-272,560
-272,561
-272,562
-272,563
-272,564
-272,565
-272,566
-272,567
-272,568
-272,569
-272,570
-272,571
-272,572
-272,573
-272,574
:265_10,575
:265_10,576
:265_18,577
:265_18,578
:265_18,579
275,580
275,581
275,582
275,583
275,584
275,585
275,586
275,587
275,588
275,589
275,590
275,591
275,592
275,593
275,594
275,595
275,596
275,597
275,598
275,599
275,600
275,601
275,602
275,603
275,604
275,605
275,606
275,607
275,608
275,609
275,610
275,611
275,612
275,613
275,614
275,615
275,616
275,617
275,618
275,619
275,620
275,621
275,622
275,623
275,624
275,625
275,626
275,627
275,628
275,629
275,630
275,631
275,632
275,633
275,634
275,635
275,636
275,637
275,638
275,639
275,640
275,641
275,642
275,643
275,644
275,645
275,646
275,647
275,648
275,649
275,650
275,651
275,652
275,653
275,654
275,655
275,656
275,657
275,658
275,659
275,660
275,661
275,662
275,663
275,664
275,665
275,666
275,667
275,668
275,669
275,670
275,671
275,672
275,673
275,674
275,675
275,676
275,677
275,678
275,679
275,680
275,681
275,682
275,683
275,684
275,685
275,686
275,687
275,688
275,689
275,690
275,691
275,692
275,693
275,694
275,695
