-216,21
-216,22
-216,23
-216,24
-216,25
-216,26
-216,27
-216,28
-216,29
-216,30
-216,31
-216,32
-216,33
-216,34
-216,35
-216,36
-216,37
-216,38
-216,39
-216,40
-216,41
-216,42
-216,43
-216,44
-216,45
-216,46
-216,47
-216,48
-216,49
-216,50
-216,51
-216,52
-216,53
-216,54
-216,55
-216,56
-216,57
-216,58
-216,59
-216,60
-216,61
-216,62
-216,63
-216,64
-216,65
-216,66
-216,67
-216,68
-216,69
-216,70
-216,71
-216,72
-216,73
-216,74
-216,75
-216,76
-216,77
-216,78
-216,79
-216,80
-216,81
-216,82
-216,83
-216,84
-216,85
-216,86
-216,87
-216,88
-216,89
-216,90
-216,91
-216,92
-216,93
-216,94
-216,95
-216,96
-216,97
-216,98
-216,99
-216,100
-216,101
-216,102
-216,103
-216,104
-216,105
-216,106
:220_4,107
:220_4,108
:220_4,109
:220_4,110
:220_4,111
217,112
217,113
217,114
217,115
217,116
217,117
217,118
217,119
217,120
217,121
217,122
217,123
217,124
217,125
217,126
217,127
217,128
217,129
217,130
217,131
217,132
217,133
217,134
217,135
217,136
217,137
217,138
217,139
217,140
217,141
217,142
217,143
217,144
:223_4,145
:223_4,146
:223_4,147
:223_4,148
-255,149
-255,150
-255,151
-255,152
-255,153
-255,154
-255,155
-255,156
-255,157
-255,158
-255,159
-255,160
-255,161
-255,162
-255,163
-255,164
-255,165
-255,166
-255,167
-255,168
-255,169
-255,170
-255,171
-255,172
-255,173
-255,174
-255,175
-255,176
-255,177
-255,178
-255,179
-255,180
-255,181
-255,182
-255,183
-255,184
-255,185
-255,186
-255,187
-255,188
-255,189
-255,190
-255,191
-255,192
-255,193
-255,194
-255,195
-255,196
-255,197
-255,198
-255,199
-255,200
-255,201
-255,202
-255,203
-255,204
-255,205
-255,206
-255,207
-255,208
-255,209
-255,210
-255,211
-255,212
-255,213
-255,214
-255,215
-255,216
-255,217
-255,218
-255,219
-255,220
-255,221
-255,222
-255,223
-255,224
-255,225
-255,226
-255,227
-255,228
-255,229
-255,230
-255,231
-255,232
-255,233
-255,234
-255,235
:177_0,236
:177_0,237
:177_0,238
:177_0,239
:177_0,240
-163,241
-163,242
-163,243
-163,244
-163,245
-163,246
-163,247
-163,248
-163,249
-163,250
-163,251
-163,252
-163,253
-163,254
-163,255
-163,256
-163,257
-163,258
-163,259
-163,260
-163,261
-163,262
-163,263
-163,264
-163,265
-163,266
-163,267
-163,268
-163,269
-163,270
-163,271
-163,272
-163,273
-163,274
-163,275
-163,276
-163,277
-163,278
-163,279
-163,280
-163,281
-163,282
-163,283
-163,284
-163,285
-163,286
-163,287
-163,288
-163,289
-163,290
-163,291
-163,292
-163,293
-163,294
-163,295
-163,296
-163,297
-163,298
-163,299
-163,300
-163,301
-163,302
-163,303
-163,304
-163,305
-163,306
-163,307
-163,308
-163,309
-163,310
-163,311
-163,312
-163,313
-163,314
-163,315
-163,316
:175_3,317
:175_3,318
:175_3,319
161,320
161,321
161,322
161,323
161,324
161,325
161,326
161,327
161,328
161,329
161,330
161,331
161,332
161,333
161,334
161,335
161,336
161,337
161,338
161,339
161,340
161,341
161,342
161,343
161,344
161,345
161,346
161,347
161,348
161,349
161,350
161,351
161,352
161,353
161,354
161,355
161,356
161,357
161,358
161,359
161,360
161,361
161,362
161,363
161,364
161,365
161,366
161,367
161,368
161,369
161,370
161,371
161,372
161,373
161,374
161,375
161,376
161,377
161,378
161,379
161,380
161,381
161,382
161,383
161,384
161,385
161,386
161,387
161,388
161,389
161,390
161,391
161,392
161,393
161,394
161,395
161,396
161,397
:176_8,398
:176_8,399
:176_8,400
:176_8,401
:176_8,402
510,403
510,404
510,405
510,406
510,407
510,408
510,409
510,410
510,411
510,412
510,413
510,414
510,415
510,416
510,417
510,418
510,419
510,420
510,421
510,422
510,423
510,424
510,425
510,426
510,427
510,428
510,429
510,430
510,431
510,432
510,433
510,434
510,435
510,436
510,437
510,438
510,439
510,440
510,441
510,442
510,443
510,444
510,445
510,446
510,447
510,448
510,449
510,450
510,451
510,452
510,453
510,454
510,455
510,456
510,457
510,458
510,459
510,460
510,461
510,462
510,463
510,464
510,465
510,466
510,467
510,468
510,469
510,470
510,471
510,472
510,473
510,474
510,475
510,476
510,477
510,478
510,479
510,480
510,481
510,482
510,483
510,484
510,485
510,486
510,487
510,488
510,489
510,490
510,491
510,492
510,493
510,494
510,495
510,496
510,497
510,498
510,499
510,500
510,501
510,502
510,503
510,504
510,505
510,506
510,507
510,508
510,509
510,510
510,511
682,512
682,513
682,514
682,515
682,516
682,517
682,518
682,519
682,520
682,521
682,522
682,523
682,524
:5_10,525
:5_10,526
:5_10,527
-4,528
-4,529
-4,530
-4,531
-4,532
-4,533
-4,534
-4,535
-4,536
-4,537
-4,538
-4,539
-4,540
-4,541
-4,542
-4,543
-4,544
-4,545
-4,546
-4,547
-4,548
-4,549
-4,550
-4,551
-4,552
-4,553
-4,554
-4,555
-4,556
-4,557
-4,558
-4,559
-4,560
-4,561
-4,562
-4,563
-4,564
-4,565
-4,566
-4,567
-4,568
-4,569
-4,570
-4,571
-4,572
-4,573
-4,574
-4,575
-4,576
-4,577
-4,578
-4,579
-4,580
-4,581
-4,582
-4,583
-4,584
-4,585
-4,586
-4,587
-4,588
-4,589
-4,590
-4,591
-4,592
-4,593
-4,594
-4,595
-4,596
-4,597
-4,598
-4,599
-4,600
-4,601
-4,602
-4,603
-4,604
-4,605
-4,606
-4,607
-4,608
-4,609
-4,610
-4,611
-4,612
-4,613
-4,614
-4,615
-4,616
-4,617
-4,618
-4,619
-4,620
-4,621
-4,622
-4,623
-4,624
-4,625
-4,626
-4,627
-4,628
-4,629
-4,630
-4,631
-4,632
-4,633
-4,634
-4,635
-4,636
-4,637
-4,638
-4,639
-4,640
-4,641
-4,642
-4,643
-4,644
-4,645
-4,646
-4,647
-4,648
-4,649
-4,650
-4,651
-4,652
-4,653
-4,654
-4,655
-4,656
-4,657
-4,658
-4,659
-4,660
-4,661
-4,662
-4,663
-4,664
-4,665
-4,666
-4,667
-4,668
-4,669
-4,670
-4,671
-4,672
-4,673
-4,674
-4,675
-4,676
-4,677
-4,678
-4,679
-4,680
-4,681
-4,682
-4,683
-4,684
-4,685
-4,686
-4,687
-4,688
-4,689
-4,690
-4,691
-4,692
-4,693
-4,694
-4,695
-4,696
-4,697
-4,698
-4,699
-4,700
-4,701
-4,702
-4,703
-4,704
-4,705
-4,706
-4,707
-4,708
-4,709
-4,710
-4,711
-4,712
-4,713
-4,714
-4,715
-4,716
-4,717
-4,718
-4,719
-4,720
-4,721
-4,722
-4,723
-4,724
-4,725
-4,726
-4,727
-4,728
-4,729
-4,730
-4,731
-4,732
-4,733
-4,734
-4,735
-4,736
-4,737
-4,738
-4,739
-4,740
-4,741
-4,742
-4,743
-4,744
-4,745
-4,746
-4,747
-4,748
-4,749
-4,750
-4,751
-4,752
-4,753
-4,754
-4,755
-4,756
-4,757
-4,758
-4,759
-4,760
-4,761
-4,762
-4,763
-4,764
-4,765
-4,766
-4,767
-4,768
-4,769
-4,770
-4,771
-4,772
-4,773
-4,774
-4,775
-4,776
-4,777
-4,778
-4,779
-4,780
-4,781
-4,782
-4,783
-4,784
-4,785
-4,786
-4,787
-4,788
-4,789
-4,790
-4,791
-4,792
-4,793
-4,794
-4,795
-4,796
-4,797
-4,798
-4,799
-4,800
-4,801
-4,802
-4,803
-4,804
-4,805
-4,806
-4,807
-4,808
-4,809
-4,810
-4,811
-4,812
-4,813
-4,814
-4,815
-4,816
-4,817
-4,818
-4,819
-4,820
-4,821
-4,822
-4,823
-4,824
-4,825
-4,826
-4,827
-4,828
-4,829
-4,830
-4,831
-4,832
-4,833
-4,834
-4,835
-4,836
-4,837
-4,838
-4,839
-4,840
-4,841
-4,842
-4,843
-4,844
-4,845
-4,846
-4,847
-4,848
-4,849
-4,850
-4,851
-4,852
-4,853
-4,854
-4,855
-4,856
-4,857
-4,858
-4,859
-4,860
-4,861
-4,862
-4,863
-4,864
-4,865
-4,866
:0_10,867
:0_10,868
:0_10,869
:0_10,870
:0_10,871
:0_10,872
3,873
3,874
3,875
3,876
3,877
3,878
3,879
3,880
3,881
3,882
3,883
3,884
3,885
3,886
3,887
3,888
3,889
3,890
3,891
3,892
3,893
3,894
3,895
3,896
3,897
3,898
3,899
3,900
3,901
3,902
3,903
3,904
3,905
3,906
3,907
3,908
3,909
3,910
3,911
3,912
3,913
3,914
3,915
3,916
3,917
3,918
3,919
3,920
3,921
3,922
3,923
3,924
3,925
3,926
3,927
3,928
3,929
3,930
3,931
3,932
3,933
3,934
3,935
3,936
3,937
3,938
3,939
3,940
3,941
3,942
3,943
3,944
3,945
3,946
3,947
3,948
3,949
3,950
3,951
3,952
3,953
3,954
3,955
3,956
3,957
3,958
3,959
3,960
3,961
3,962
3,963
3,964
3,965
3,966
3,967
3,968
3,969
3,970
3,971
3,972
3,973
3,974
3,975
3,976
3,977
3,978
3,979
3,980
3,981
3,982
3,983
3,984
3,985
3,986
3,987
3,988
3,989
3,990
3,991
3,992
3,993
3,994
3,995
3,996
3,997
3,998
3,999
3,1000
3,1001
3,1002
3,1003
3,1004
3,1005
3,1006
3,1007
3,1008
3,1009
3,1010
3,1011
3,1012
3,1013
3,1014
3,1015
3,1016
3,1017
3,1018
3,1019
3,1020
3,1021
3,1022
3,1023
3,1024
3,1025
3,1026
3,1027
3,1028
3,1029
3,1030
3,1031
3,1032
3,1033
3,1034
3,1035
3,1036
3,1037
3,1038
3,1039
3,1040
3,1041
3,1042
3,1043
3,1044
3,1045
3,1046
3,1047
3,1048
3,1049
3,1050
3,1051
3,1052
3,1053
3,1054
3,1055
3,1056
3,1057
3,1058
3,1059
3,1060
3,1061
3,1062
3,1063
3,1064
3,1065
3,1066
3,1067
3,1068
3,1069
3,1070
3,1071
3,1072
3,1073
3,1074
3,1075
3,1076
3,1077
3,1078
3,1079
3,1080
3,1081
3,1082
3,1083
3,1084
3,1085
3,1086
3,1087
3,1088
3,1089
3,1090
3,1091
3,1092
3,1093
3,1094
3,1095
3,1096
3,1097
3,1098
3,1099
3,1100
3,1101
3,1102
3,1103
3,1104
3,1105
3,1106
3,1107
3,1108
3,1109
3,1110
3,1111
3,1112
3,1113
3,1114
3,1115
3,1116
3,1117
3,1118
3,1119
3,1120
3,1121
3,1122
3,1123
3,1124
3,1125
3,1126
:4_4,1127
:4_4,1128
:4_4,1129
:4_4,1130
-11,1131
-11,1132
-11,1133
-11,1134
-11,1135
-11,1136
-11,1137
-11,1138
-11,1139
-11,1140
-11,1141
-11,1142
-11,1143
-11,1144
-11,1145
-11,1146
-11,1147
-11,1148
-11,1149
-11,1150
-11,1151
-11,1152
-11,1153
-11,1154
-11,1155
-11,1156
-11,1157
-11,1158
-11,1159
-11,1160
-11,1161
-11,1162
-11,1163
-11,1164
-11,1165
-11,1166
-11,1167
-11,1168
-11,1169
-11,1170
-11,1171
-11,1172
-11,1173
-11,1174
-11,1175
-11,1176
-11,1177
-11,1178
-11,1179
-11,1180
-11,1181
-11,1182
-11,1183
-11,1184
-11,1185
-11,1186
-11,1187
-11,1188
-11,1189
-11,1190
-11,1191
-11,1192
-11,1193
-11,1194
-11,1195
-11,1196
-11,1197
-11,1198
-11,1199
-11,1200
-11,1201
-11,1202
-11,1203
-11,1204
-11,1205
-11,1206
-11,1207
-11,1208
-11,1209
-11,1210
-11,1211
-11,1212
-11,1213
-11,1214
-11,1215
-11,1216
-11,1217
-11,1218
-11,1219
-11,1220
-11,1221
-11,1222
-11,1223
-11,1224
-11,1225
-11,1226
-11,1227
-11,1228
-11,1229
-11,1230
-11,1231
-11,1232
-11,1233
-11,1234
-11,1235
-11,1236
-11,1237
-11,1238
-11,1239
-11,1240
-11,1241
-10,1242
-10,1243
-10,1244
-10,1245
-10,1246
-10,1247
-10,1248
-10,1249
-10,1250
-10,1251
-10,1252
-10,1253
-10,1254
-10,1255
-10,1256
-10,1257
-10,1258
-10,1259
-10,1260
-10,1261
-10,1262
-10,1263
-10,1264
-10,1265
-10,1266
-10,1267
-10,1268
-10,1269
-10,1270
-10,1271
-10,1272
-10,1273
-10,1274
-10,1275
-10,1276
-10,1277
-10,1278
-10,1279
-10,1280
-10,1281
-10,1282
-10,1283
-10,1284
-10,1285
-10,1286
-10,1287
-10,1288
-10,1289
-10,1290
-10,1291
-10,1292
-10,1293
-10,1294
-10,1295
-10,1296
-10,1297
-9,1298
-9,1299
-9,1300
-9,1301
-9,1302
-9,1303
-9,1304
-9,1305
-9,1306
-9,1307
-9,1308
-9,1309
-9,1310
-9,1311
-9,1312
-9,1313
-9,1314
-9,1315
-9,1316
-9,1317
-9,1318
-9,1319
-9,1320
-9,1321
-9,1322
-9,1323
-9,1324
-9,1325
-9,1326
-9,1327
-9,1328
-9,1329
-9,1330
-9,1331
-9,1332
-9,1333
-9,1334
-9,1335
-9,1336
-9,1337
-9,1338
-9,1339
-9,1340
-9,1341
-9,1342
-9,1343
-9,1344
-9,1345
-9,1346
-9,1347
-9,1348
-9,1349
-9,1350
-9,1351
-9,1352
-9,1353
-9,1354
-8,1355
-8,1356
-8,1357
-8,1358
-8,1359
-8,1360
-8,1361
-8,1362
-8,1363
-8,1364
-8,1365
-8,1366
-8,1367
-8,1368
-8,1369
-8,1370
-8,1371
-8,1372
-8,1373
-8,1374
-8,1375
-8,1376
-8,1377
-8,1378
-8,1379
-8,1380
-8,1381
-8,1382
-8,1383
-8,1384
-8,1385
-8,1386
-8,1387
-8,1388
-8,1389
-8,1390
-8,1391
-8,1392
-8,1393
-8,1394
-8,1395
-8,1396
-8,1397
-8,1398
-8,1399
-8,1400
-8,1401
-8,1402
-8,1403
-8,1404
-8,1405
-8,1406
-8,1407
-8,1408
-8,1409
-8,1410
-8,1411
-8,1412
-8,1413
-8,1414
-8,1415
-8,1416
-8,1417
-7,1418
-7,1419
-7,1420
-7,1421
-7,1422
-7,1423
-7,1424
-7,1425
-7,1426
-7,1427
-7,1428
-7,1429
-7,1430
-7,1431
-7,1432
-7,1433
-7,1434
-7,1435
-7,1436
-7,1437
-7,1438
-7,1439
-7,1440
-7,1441
-7,1442
-7,1443
-7,1444
-7,1445
-7,1446
-7,1447
-7,1448
-7,1449
-7,1450
-7,1451
-7,1452
-7,1453
-7,1454
-7,1455
-7,1456
-7,1457
-7,1458
-7,1459
-7,1460
-7,1461
-7,1462
-7,1463
-7,1464
-7,1465
-7,1466
-7,1467
-7,1468
-7,1469
-7,1470
-7,1471
-7,1472
-7,1473
-7,1474
-7,1475
-7,1476
-7,1477
-7,1478
-7,1479
-7,1480
-7,1481
-7,1482
-7,1483
-7,1484
-7,1485
-7,1486
-7,1487
-7,1488
-6,1489
-6,1490
-6,1491
-6,1492
-6,1493
-6,1494
-6,1495
-6,1496
-6,1497
-6,1498
-6,1499
-6,1500
-6,1501
-6,1502
-6,1503
-6,1504
-6,1505
-6,1506
-6,1507
-6,1508
-6,1509
-6,1510
-6,1511
-6,1512
-6,1513
-6,1514
-6,1515
-6,1516
-6,1517
-6,1518
-6,1519
-6,1520
-6,1521
-6,1522
-6,1523
-6,1524
-6,1525
-6,1526
-6,1527
-6,1528
-6,1529
-6,1530
-6,1531
-6,1532
-6,1533
-6,1534
-6,1535
-6,1536
-6,1537
-6,1538
-6,1539
-6,1540
-6,1541
-6,1542
-6,1543
-6,1544
-6,1545
-6,1546
-6,1547
-6,1548
-6,1549
-6,1550
-6,1551
-6,1552
-6,1553
-6,1554
-6,1555
-6,1556
-6,1557
-6,1558
-6,1559
-6,1560
-6,1561
-6,1562
-6,1563
-6,1564
-6,1565
-6,1566
-6,1567
-6,1568
-6,1569
-6,1570
-6,1571
-6,1572
-6,1573
-6,1574
-6,1575
-6,1576
-6,1577
-6,1578
-6,1579
-6,1580
-6,1581
-6,1582
-6,1583
-6,1584
-6,1585
-6,1586
-6,1587
-6,1588
-6,1589
-6,1590
-6,1591
-6,1592
-6,1593
-6,1594
-6,1595
-6,1596
-6,1597
-6,1598
-6,1599
-6,1600
-6,1601
-6,1602
-6,1603
-6,1604
-6,1605
-6,1606
-6,1607
-6,1608
-6,1609
-6,1610
-6,1611
-6,1612
-6,1613
-6,1614
-6,1615
-6,1616
-6,1617
-6,1618
-6,1619
-6,1620
-6,1621
-6,1622
-6,1623
-6,1624
-6,1625
-6,1626
-6,1627
-6,1628
-6,1629
-6,1630
-6,1631
-6,1632
-6,1633
-6,1634
-6,1635
-6,1636
-6,1637
-6,1638
-6,1639
-6,1640
-6,1641
-6,1642
-6,1643
-6,1644
-6,1645
-6,1646
-6,1647
-6,1648
-6,1649
-6,1650
-6,1651
-6,1652
-6,1653
-6,1654
-6,1655
-6,1656
-6,1657
-6,1658
-6,1659
-6,1660
-6,1661
-6,1662
-6,1663
-6,1664
-6,1665
-6,1666
-6,1667
-6,1668
-6,1669
-6,1670
-6,1671
-6,1672
-6,1673
-6,1674
-6,1675
-6,1676
-6,1677
-6,1678
-6,1679
-6,1680
-6,1681
-6,1682
-6,1683
-6,1684
-6,1685
-6,1686
-6,1687
-6,1688
-6,1689
-6,1690
-6,1691
-6,1692
-6,1693
-6,1694
-6,1695
-6,1696
-6,1697
:6_1,1698
:6_1,1699
:6_1,1700
-684,1701
-684,1702
-684,1703
-684,1704
-684,1705
-684,1706
-684,1707
-684,1708
-684,1709
-684,1710
-684,1711
-684,1712
-684,1713
-684,1714
-684,1715
-684,1716
-684,1717
-684,1718
-684,1719
:373_4,1720
-685,1721
-685,1722
-685,1723
-685,1724
-685,1725
-685,1726
-685,1727
-685,1728
-685,1729
-685,1730
-685,1731
-685,1732
-685,1733
-685,1734
-685,1735
-685,1736
-685,1737
-685,1738
-685,1739
:13_1,1740
:13_1,1741
177,1742
177,1743
177,1744
177,1745
177,1746
177,1747
177,1748
177,1749
177,1750
177,1751
177,1752
177,1753
177,1754
177,1755
177,1756
177,1757
177,1758
177,1759
177,1760
177,1761
177,1762
177,1763
177,1764
177,1765
177,1766
177,1767
177,1768
177,1769
177,1770
177,1771
177,1772
177,1773
177,1774
177,1775
177,1776
177,1777
177,1778
177,1779
177,1780
177,1781
177,1782
177,1783
177,1784
177,1785
177,1786
177,1787
177,1788
177,1789
177,1790
177,1791
177,1792
177,1793
177,1794
177,1795
177,1796
177,1797
177,1798
177,1799
177,1800
177,1801
177,1802
177,1803
177,1804
177,1805
177,1806
177,1807
177,1808
177,1809
177,1810
177,1811
177,1812
177,1813
177,1814
177,1815
177,1816
177,1817
177,1818
177,1819
177,1820
177,1821
177,1822
177,1823
177,1824
177,1825
177,1826
177,1827
177,1828
177,1829
177,1830
177,1831
177,1832
177,1833
177,1834
177,1835
177,1836
177,1837
177,1838
177,1839
177,1840
177,1841
177,1842
177,1843
177,1844
177,1845
177,1846
177,1847
177,1848
177,1849
177,1850
177,1851
177,1852
177,1853
177,1854
177,1855
177,1856
177,1857
177,1858
177,1859
177,1860
177,1861
177,1862
177,1863
177,1864
177,1865
177,1866
177,1867
177,1868
177,1869
:190_1,1870
:190_1,1871
:190_1,1872
:190_1,1873
:190_1,1874
178,1875
178,1876
178,1877
178,1878
178,1879
178,1880
178,1881
178,1882
178,1883
178,1884
178,1885
178,1886
178,1887
178,1888
178,1889
178,1890
178,1891
178,1892
178,1893
178,1894
178,1895
178,1896
178,1897
178,1898
178,1899
178,1900
178,1901
178,1902
178,1903
178,1904
178,1905
178,1906
178,1907
178,1908
178,1909
178,1910
178,1911
178,1912
178,1913
178,1914
178,1915
178,1916
178,1917
178,1918
178,1919
178,1920
178,1921
178,1922
178,1923
178,1924
178,1925
178,1926
178,1927
178,1928
178,1929
178,1930
178,1931
178,1932
178,1933
178,1934
178,1935
178,1936
178,1937
178,1938
178,1939
178,1940
178,1941
178,1942
178,1943
178,1944
178,1945
178,1946
178,1947
178,1948
178,1949
178,1950
178,1951
178,1952
178,1953
178,1954
178,1955
178,1956
178,1957
178,1958
178,1959
178,1960
178,1961
178,1962
178,1963
178,1964
178,1965
178,1966
178,1967
178,1968
178,1969
178,1970
178,1971
178,1972
178,1973
178,1974
178,1975
178,1976
178,1977
178,1978
178,1979
178,1980
178,1981
178,1982
178,1983
178,1984
178,1985
178,1986
178,1987
178,1988
178,1989
178,1990
178,1991
178,1992
178,1993
178,1994
178,1995
178,1996
178,1997
178,1998
178,1999
178,2000
