-28,1
-28,2
-28,3
-28,4
-28,5
-28,6
-28,7
-28,8
-28,9
-28,10
-28,11
-28,12
-28,13
-28,14
-28,15
-28,16
-28,17
-28,18
-28,19
-28,20
-28,21
-28,22
-28,23
-28,24
-28,25
-28,26
-28,27
-28,28
-28,29
-28,30
-28,31
-28,32
-28,33
-28,34
-28,35
-28,36
-28,37
-28,38
-28,39
-28,40
-28,41
-28,42
-28,43
-28,44
-28,45
-28,46
-28,47
-28,48
-28,49
-28,50
-28,51
-28,52
-28,53
-28,54
-28,55
-28,56
-28,57
-28,58
-28,59
-28,60
-28,61
-28,62
-28,63
-28,64
-28,65
-28,66
-28,67
-28,68
-28,69
-28,70
-28,71
-28,72
-28,73
-28,74
-28,75
-28,76
-28,77
-28,78
-28,79
-28,80
-28,81
-28,82
-28,83
-28,84
-28,85
:30_3,86
:30_3,87
:30_3,88
:30_3,89
26,90
26,91
26,92
26,93
26,94
26,95
26,96
26,97
26,98
26,99
26,100
26,101
26,102
26,103
26,104
26,105
26,106
26,107
26,108
26,109
26,110
26,111
26,112
26,113
26,114
26,115
26,116
26,117
26,118
26,119
26,120
26,121
26,122
26,123
26,124
26,125
26,126
26,127
26,128
26,129
26,130
26,131
26,132
26,133
26,134
26,135
26,136
26,137
26,138
26,139
26,140
26,141
26,142
26,143
26,144
26,145
26,146
26,147
26,148
26,149
26,150
26,151
26,152
26,153
26,154
26,155
26,156
26,157
26,158
26,159
26,160
26,161
26,162
26,163
26,164
26,165
26,166
26,167
26,168
26,169
26,170
26,171
26,172
26,173
26,174
26,175
26,176
26,177
26,178
26,179
26,180
26,181
26,182
26,183
26,184
26,185
26,186
26,187
26,188
26,189
:31_8,190
:31_8,191
:31_8,192
319,193
319,194
319,195
319,196
319,197
319,198
319,199
319,200
319,201
319,202
319,203
319,204
319,205
319,206
319,207
319,208
319,209
319,210
319,211
319,212
319,213
319,214
319,215
319,216
319,217
319,218
319,219
319,220
319,221
319,222
319,223
319,224
319,225
319,226
319,227
319,228
319,229
319,230
319,231
319,232
319,233
319,234
319,235
319,236
319,237
319,238
319,239
319,240
319,241
319,242
319,243
319,244
319,245
319,246
319,247
319,248
319,249
319,250
319,251
319,252
319,253
319,254
319,255
319,256
319,257
319,258
319,259
319,260
319,261
319,262
319,263
319,264
319,265
319,266
319,267
319,268
319,269
319,270
319,271
319,272
319,273
319,274
319,275
319,276
319,277
319,278
319,279
319,280
319,281
319,282
319,283
319,284
319,285
319,286
319,287
319,288
319,289
319,290
319,291
319,292
319,293
319,294
319,295
319,296
319,297
319,298
319,299
319,300
319,301
319,302
:37_1,303
:37_1,304
-31,305
-31,306
-31,307
-31,308
-31,309
-31,310
-31,311
-31,312
-31,313
-31,314
-31,315
-31,316
-31,317
-31,318
-31,319
-31,320
-31,321
-31,322
-31,323
-31,324
-31,325
-31,326
-31,327
-31,328
-31,329
-31,330
-31,331
-31,332
-31,333
-31,334
-31,335
-31,336
-31,337
-31,338
-31,339
-31,340
-31,341
-31,342
-31,343
-31,344
-31,345
-31,346
-31,347
-31,348
-31,349
-31,350
-31,351
-31,352
-31,353
-31,354
-31,355
-31,356
-31,357
-31,358
-31,359
-31,360
-31,361
-31,362
-31,363
-31,364
-31,365
-31,366
-31,367
-31,368
-31,369
-31,370
-31,371
-31,372
-31,373
-31,374
-31,375
-31,376
-31,377
-31,378
-31,379
-31,380
-31,381
-31,382
-31,383
-31,384
-31,385
-31,386
-31,387
-31,388
-31,389
-31,390
-31,391
-31,392
-31,393
-31,394
-31,395
:34_6,396
:34_6,397
:34_6,398
:34_6,399
29,400
29,401
29,402
29,403
29,404
29,405
29,406
29,407
29,408
29,409
29,410
29,411
29,412
29,413
29,414
29,415
29,416
29,417
29,418
29,419
29,420
29,421
29,422
29,423
29,424
29,425
29,426
29,427
29,428
29,429
29,430
29,431
29,432
29,433
29,434
29,435
29,436
29,437
29,438
29,439
29,440
29,441
29,442
29,443
29,444
29,445
29,446
29,447
29,448
29,449
29,450
29,451
29,452
29,453
29,454
29,455
29,456
29,457
29,458
29,459
29,460
29,461
29,462
29,463
29,464
29,465
29,466
29,467
29,468
29,469
29,470
29,471
29,472
29,473
29,474
29,475
29,476
29,477
29,478
29,479
29,480
29,481
29,482
29,483
29,484
29,485
29,486
29,487
29,488
29,489
29,490
29,491
29,492
29,493
29,494
29,495
29,496
29,497
29,498
29,499
29,500
29,501
29,502
29,503
29,504
29,505
29,506
29,507
29,508
29,509
29,510
29,511
29,512
:35_14,513
:35_14,514
:35_14,515
:35_18,516
:35_18,517
:35_18,518
193,519
193,520
193,521
193,522
193,523
193,524
193,525
193,526
193,527
193,528
193,529
193,530
193,531
193,532
193,533
193,534
193,535
193,536
193,537
193,538
193,539
193,540
193,541
193,542
193,543
193,544
193,545
193,546
193,547
193,548
193,549
193,550
193,551
193,552
193,553
193,554
193,555
193,556
193,557
193,558
193,559
193,560
193,561
193,562
193,563
193,564
193,565
193,566
193,567
193,568
193,569
193,570
193,571
193,572
193,573
193,574
193,575
193,576
193,577
193,578
193,579
193,580
193,581
193,582
193,583
193,584
193,585
193,586
193,587
193,588
193,589
193,590
193,591
193,592
193,593
193,594
193,595
193,596
193,597
193,598
193,599
193,600
193,601
193,602
193,603
193,604
193,605
193,606
193,607
193,608
193,609
193,610
193,611
193,612
193,613
193,614
193,615
193,616
193,617
193,618
193,619
193,620
193,621
193,622
193,623
193,624
193,625
193,626
193,627
193,628
193,629
193,630
193,631
193,632
193,633
193,634
193,635
193,636
193,637
193,638
193,639
193,640
193,641
193,642
193,643
193,644
193,645
193,646
193,647
193,648
193,649
193,650
193,651
193,652
193,653
193,654
193,655
193,656
193,657
193,658
193,659
193,660
193,661
193,662
193,663
193,664
193,665
193,666
193,667
193,668
193,669
193,670
193,671
193,672
193,673
193,674
193,675
193,676
193,677
193,678
193,679
193,680
193,681
193,682
193,683
193,684
193,685
193,686
193,687
193,688
193,689
193,690
193,691
193,692
193,693
193,694
193,695
193,696
:203_3,697
:203_3,698
:203_3,699
:203_3,700
:203_3,701
194,702
194,703
194,704
194,705
194,706
194,707
194,708
194,709
194,710
194,711
194,712
194,713
194,714
194,715
194,716
194,717
194,718
194,719
194,720
194,721
194,722
194,723
194,724
194,725
194,726
194,727
194,728
194,729
194,730
194,731
194,732
194,733
194,734
194,735
194,736
194,737
194,738
194,739
194,740
194,741
194,742
194,743
194,744
194,745
194,746
194,747
194,748
194,749
194,750
194,751
194,752
194,753
194,754
194,755
194,756
194,757
194,758
194,759
194,760
194,761
194,762
194,763
194,764
194,765
194,766
194,767
194,768
194,769
194,770
194,771
194,772
194,773
194,774
194,775
194,776
194,777
194,778
194,779
194,780
194,781
194,782
194,783
194,784
194,785
194,786
194,787
194,788
194,789
194,790
194,791
194,792
194,793
194,794
194,795
194,796
194,797
194,798
194,799
194,800
194,801
194,802
194,803
194,804
194,805
194,806
194,807
194,808
194,809
194,810
194,811
194,812
194,813
194,814
194,815
194,816
194,817
194,818
194,819
194,820
194,821
194,822
194,823
194,824
194,825
194,826
194,827
194,828
194,829
194,830
194,831
194,832
194,833
194,834
194,835
194,836
194,837
194,838
194,839
194,840
194,841
194,842
194,843
194,844
194,845
194,846
194,847
194,848
194,849
194,850
194,851
194,852
194,853
194,854
194,855
194,856
194,857
194,858
194,859
194,860
194,861
194,862
194,863
194,864
194,865
194,866
194,867
194,868
194,869
194,870
194,871
194,872
194,873
194,874
194,875
194,876
194,877
194,878
194,879
194,880
194,881
194,882
194,883
194,884
194,885
194,886
194,887
194,888
194,889
:204_9,890
:204_9,891
:204_9,892
:204_9,893
:204_9,894
:204_9,895
195,896
195,897
195,898
195,899
195,900
195,901
195,902
195,903
195,904
195,905
195,906
195,907
195,908
195,909
195,910
195,911
195,912
195,913
195,914
195,915
195,916
195,917
195,918
195,919
195,920
195,921
195,922
195,923
195,924
195,925
195,926
195,927
195,928
195,929
195,930
195,931
195,932
195,933
195,934
195,935
195,936
195,937
195,938
195,939
195,940
195,941
195,942
195,943
195,944
195,945
195,946
195,947
195,948
195,949
195,950
195,951
195,952
195,953
195,954
195,955
195,956
195,957
195,958
195,959
195,960
195,961
195,962
195,963
195,964
195,965
195,966
195,967
195,968
195,969
195,970
195,971
195,972
195,973
195,974
195,975
195,976
195,977
195,978
195,979
195,980
195,981
195,982
195,983
195,984
195,985
195,986
195,987
195,988
195,989
195,990
195,991
195,992
195,993
195,994
195,995
195,996
195,997
195,998
195,999
195,1000
195,1001
195,1002
195,1003
195,1004
195,1005
195,1006
195,1007
195,1008
195,1009
195,1010
195,1011
195,1012
195,1013
195,1014
195,1015
195,1016
195,1017
195,1018
195,1019
195,1020
195,1021
195,1022
195,1023
195,1024
195,1025
195,1026
195,1027
195,1028
195,1029
195,1030
195,1031
195,1032
195,1033
195,1034
195,1035
195,1036
195,1037
195,1038
195,1039
195,1040
195,1041
195,1042
195,1043
195,1044
195,1045
195,1046
195,1047
195,1048
195,1049
195,1050
195,1051
195,1052
195,1053
195,1054
195,1055
195,1056
195,1057
195,1058
195,1059
195,1060
195,1061
195,1062
195,1063
195,1064
195,1065
195,1066
195,1067
195,1068
195,1069
195,1070
195,1071
195,1072
195,1073
195,1074
195,1075
195,1076
195,1077
195,1078
195,1079
195,1080
195,1081
195,1082
195,1083
195,1084
195,1085
195,1086
195,1087
195,1088
195,1089
195,1090
195,1091
195,1092
195,1093
195,1094
195,1095
195,1096
195,1097
195,1098
195,1099
195,1100
195,1101
195,1102
195,1103
195,1104
195,1105
195,1106
195,1107
195,1108
195,1109
195,1110
195,1111
195,1112
195,1113
:191_12,1114
:191_12,1115
:191_12,1116
:191_12,1117
519,1118
519,1119
519,1120
519,1121
519,1122
519,1123
519,1124
519,1125
519,1126
519,1127
519,1128
519,1129
519,1130
519,1131
519,1132
519,1133
519,1134
519,1135
519,1136
519,1137
519,1138
519,1139
519,1140
519,1141
519,1142
519,1143
519,1144
519,1145
519,1146
519,1147
519,1148
519,1149
519,1150
519,1151
519,1152
519,1153
519,1154
519,1155
519,1156
519,1157
519,1158
519,1159
519,1160
519,1161
519,1162
519,1163
519,1164
519,1165
519,1166
519,1167
519,1168
519,1169
519,1170
519,1171
519,1172
519,1173
519,1174
519,1175
519,1176
519,1177
519,1178
519,1179
519,1180
519,1181
519,1182
519,1183
519,1184
519,1185
519,1186
519,1187
519,1188
519,1189
519,1190
519,1191
519,1192
519,1193
519,1194
519,1195
519,1196
519,1197
519,1198
519,1199
519,1200
519,1201
519,1202
519,1203
519,1204
519,1205
519,1206
519,1207
519,1208
519,1209
519,1210
519,1211
519,1212
519,1213
519,1214
519,1215
519,1216
519,1217
519,1218
519,1219
519,1220
519,1221
519,1222
519,1223
519,1224
519,1225
519,1226
519,1227
519,1228
519,1229
519,1230
519,1231
519,1232
519,1233
519,1234
519,1235
:110_7,1236
:110_7,1237
:110_7,1238
:110_7,1239
:110_7,1240
:110_7,1241
-94,1242
-94,1243
-94,1244
-94,1245
-94,1246
-94,1247
-94,1248
-94,1249
-94,1250
-94,1251
-94,1252
-94,1253
-94,1254
-94,1255
-94,1256
-94,1257
-94,1258
-94,1259
-94,1260
-94,1261
-94,1262
-94,1263
-94,1264
-94,1265
-94,1266
-94,1267
-94,1268
-94,1269
-94,1270
-94,1271
-94,1272
-94,1273
-94,1274
-94,1275
-94,1276
-94,1277
-94,1278
-94,1279
-94,1280
-94,1281
-94,1282
-94,1283
-94,1284
-94,1285
-94,1286
-94,1287
-94,1288
-94,1289
-94,1290
-94,1291
-94,1292
-94,1293
-94,1294
-94,1295
-94,1296
-94,1297
-94,1298
-94,1299
-94,1300
-94,1301
-94,1302
-94,1303
-94,1304
-94,1305
-94,1306
-94,1307
-94,1308
-94,1309
-94,1310
-94,1311
-94,1312
-94,1313
-94,1314
-94,1315
-94,1316
-94,1317
-94,1318
-94,1319
-94,1320
-94,1321
-94,1322
-94,1323
-94,1324
-94,1325
-94,1326
-94,1327
-94,1328
-94,1329
-94,1330
-94,1331
-94,1332
-94,1333
-94,1334
-94,1335
-94,1336
-94,1337
-94,1338
-94,1339
-94,1340
-94,1341
-94,1342
-94,1343
-94,1344
-94,1345
-94,1346
-94,1347
-94,1348
-94,1349
-94,1350
-94,1351
-94,1352
-94,1353
-94,1354
-94,1355
-94,1356
-94,1357
-94,1358
-94,1359
-94,1360
-94,1361
-94,1362
-94,1363
-94,1364
-94,1365
-94,1366
-94,1367
-94,1368
-94,1369
-94,1370
-94,1371
-94,1372
-94,1373
-94,1374
-94,1375
:51_6,1376
:51_6,1377
:51_6,1378
:51_6,1379
:51_6,1380
:51_6,1381
-44,1382
-44,1383
-44,1384
-44,1385
-44,1386
-44,1387
-44,1388
-44,1389
-44,1390
-44,1391
-44,1392
-44,1393
-44,1394
-44,1395
-44,1396
-44,1397
-44,1398
-44,1399
-44,1400
-44,1401
-44,1402
-44,1403
-44,1404
-44,1405
-44,1406
-44,1407
-44,1408
-44,1409
-44,1410
-44,1411
-44,1412
-44,1413
-44,1414
-44,1415
-44,1416
-44,1417
-44,1418
-44,1419
-44,1420
-44,1421
-44,1422
-44,1423
-44,1424
-44,1425
-44,1426
-44,1427
-44,1428
-44,1429
-44,1430
-44,1431
-44,1432
-44,1433
-44,1434
-44,1435
-44,1436
-44,1437
-44,1438
-44,1439
-44,1440
-44,1441
-44,1442
-44,1443
-44,1444
-44,1445
-44,1446
-44,1447
-44,1448
-44,1449
-44,1450
-44,1451
-44,1452
-44,1453
-44,1454
-44,1455
-44,1456
-44,1457
-44,1458
-44,1459
-44,1460
-44,1461
-44,1462
-44,1463
-44,1464
-44,1465
-44,1466
-44,1467
-44,1468
-44,1469
-44,1470
-44,1471
-44,1472
-44,1473
-44,1474
-44,1475
-44,1476
-44,1477
-44,1478
-44,1479
-44,1480
-44,1481
-44,1482
-44,1483
-44,1484
-44,1485
-44,1486
-44,1487
-44,1488
-44,1489
-44,1490
-44,1491
-44,1492
-44,1493
-44,1494
-44,1495
-44,1496
-44,1497
-44,1498
-44,1499
-44,1500
-44,1501
-44,1502
-44,1503
-44,1504
-44,1505
-44,1506
-44,1507
-44,1508
-44,1509
-44,1510
-44,1511
-44,1512
-44,1513
-44,1514
-44,1515
-44,1516
-44,1517
-44,1518
-44,1519
-44,1520
-44,1521
-44,1522
-44,1523
-44,1524
-44,1525
-44,1526
-44,1527
-44,1528
-44,1529
-44,1530
-44,1531
-44,1532
-44,1533
-44,1534
-44,1535
-44,1536
-44,1537
-44,1538
-44,1539
-44,1540
-44,1541
-44,1542
-44,1543
-44,1544
-44,1545
-44,1546
-44,1547
-44,1548
-44,1549
-44,1550
-44,1551
-44,1552
-44,1553
-44,1554
-44,1555
-44,1556
-44,1557
-44,1558
-44,1559
-44,1560
-44,1561
-44,1562
-44,1563
-44,1564
-44,1565
-44,1566
-44,1567
-44,1568
-44,1569
-44,1570
-44,1571
-44,1572
-44,1573
-44,1574
-44,1575
-44,1576
-44,1577
-44,1578
-44,1579
-44,1580
-44,1581
-44,1582
-44,1583
-44,1584
-44,1585
-44,1586
-44,1587
-44,1588
-44,1589
-44,1590
-44,1591
-44,1592
-44,1593
-44,1594
-44,1595
-44,1596
-44,1597
-44,1598
-44,1599
-44,1600
-44,1601
-44,1602
-44,1603
-44,1604
-44,1605
-44,1606
-44,1607
-44,1608
-44,1609
-44,1610
-44,1611
-44,1612
-44,1613
-44,1614
-44,1615
-44,1616
-44,1617
-44,1618
-44,1619
-44,1620
-44,1621
-44,1622
-44,1623
-44,1624
-44,1625
-44,1626
-44,1627
-44,1628
-44,1629
-44,1630
-44,1631
-44,1632
-44,1633
-44,1634
-44,1635
-44,1636
-44,1637
-44,1638
-44,1639
-44,1640
-44,1641
-44,1642
-44,1643
-44,1644
-44,1645
-44,1646
-44,1647
-44,1648
-44,1649
-44,1650
-44,1651
-44,1652
-44,1653
-44,1654
-44,1655
-44,1656
-44,1657
-44,1658
-44,1659
-44,1660
-44,1661
-44,1662
-44,1663
-44,1664
-44,1665
-44,1666
-44,1667
-44,1668
-44,1669
-44,1670
-44,1671
-44,1672
-44,1673
:50_9,1674
:50_9,1675
:50_9,1676
:50_9,1677
:50_9,1678
:50_9,1679
:50_9,1680
:50_9,1681
-43,1682
-43,1683
-43,1684
-43,1685
-43,1686
-43,1687
-43,1688
-43,1689
-43,1690
-43,1691
-43,1692
-43,1693
-43,1694
-43,1695
-43,1696
-43,1697
-43,1698
-43,1699
-43,1700
-43,1701
-43,1702
-43,1703
-43,1704
-43,1705
-43,1706
-43,1707
-43,1708
-43,1709
-43,1710
-43,1711
-43,1712
-43,1713
-43,1714
-43,1715
-43,1716
-43,1717
-43,1718
-43,1719
-43,1720
-43,1721
-43,1722
-43,1723
-43,1724
-43,1725
-43,1726
-43,1727
-43,1728
-43,1729
-43,1730
-43,1731
-43,1732
-43,1733
-43,1734
-43,1735
-43,1736
-43,1737
-43,1738
-43,1739
-43,1740
-43,1741
-43,1742
-43,1743
-43,1744
-43,1745
-43,1746
-43,1747
-43,1748
-43,1749
-43,1750
-43,1751
-43,1752
-43,1753
-43,1754
-43,1755
-43,1756
-43,1757
-43,1758
-43,1759
-43,1760
-43,1761
-43,1762
-43,1763
-43,1764
-43,1765
-43,1766
-43,1767
-43,1768
-43,1769
-43,1770
-43,1771
-43,1772
-43,1773
-43,1774
-43,1775
-43,1776
-43,1777
-43,1778
-43,1779
-43,1780
-43,1781
-43,1782
-43,1783
-43,1784
-43,1785
-43,1786
-43,1787
-43,1788
-43,1789
-43,1790
-43,1791
-43,1792
-43,1793
-43,1794
-43,1795
-43,1796
-43,1797
-43,1798
-43,1799
-43,1800
-43,1801
-43,1802
-43,1803
-43,1804
-43,1805
-43,1806
-43,1807
-43,1808
-43,1809
-43,1810
-43,1811
-43,1812
-43,1813
-43,1814
-43,1815
-43,1816
-43,1817
-43,1818
-43,1819
-43,1820
-43,1821
-43,1822
-43,1823
-43,1824
-43,1825
-43,1826
-43,1827
-43,1828
-43,1829
-43,1830
-43,1831
-43,1832
-43,1833
-43,1834
-43,1835
-43,1836
-43,1837
-43,1838
-43,1839
-43,1840
-43,1841
-43,1842
-43,1843
-43,1844
-43,1845
-43,1846
-43,1847
-43,1848
-43,1849
-43,1850
-43,1851
-43,1852
-43,1853
-43,1854
-43,1855
-43,1856
-43,1857
-43,1858
-43,1859
-43,1860
-43,1861
-43,1862
-43,1863
-43,1864
-43,1865
-43,1866
-43,1867
-43,1868
-43,1869
-43,1870
-43,1871
-43,1872
-43,1873
-43,1874
-43,1875
-43,1876
-43,1877
-43,1878
-43,1879
-43,1880
-43,1881
-43,1882
-43,1883
-43,1884
-43,1885
-43,1886
-43,1887
:48_13,1888
:48_13,1889
:48_13,1890
:48_13,1891
:48_13,1892
:48_13,1893
40,1894
40,1895
40,1896
40,1897
40,1898
40,1899
40,1900
40,1901
40,1902
40,1903
40,1904
40,1905
40,1906
40,1907
40,1908
40,1909
40,1910
40,1911
40,1912
40,1913
40,1914
40,1915
40,1916
40,1917
40,1918
40,1919
40,1920
40,1921
40,1922
40,1923
40,1924
40,1925
40,1926
40,1927
40,1928
40,1929
40,1930
40,1931
40,1932
40,1933
40,1934
40,1935
40,1936
40,1937
40,1938
40,1939
40,1940
40,1941
40,1942
40,1943
40,1944
40,1945
40,1946
40,1947
40,1948
40,1949
40,1950
40,1951
40,1952
40,1953
40,1954
40,1955
40,1956
40,1957
40,1958
40,1959
40,1960
40,1961
40,1962
40,1963
40,1964
40,1965
40,1966
40,1967
40,1968
40,1969
40,1970
40,1971
40,1972
40,1973
40,1974
40,1975
40,1976
40,1977
40,1978
40,1979
40,1980
40,1981
40,1982
40,1983
40,1984
40,1985
40,1986
40,1987
40,1988
40,1989
40,1990
40,1991
40,1992
40,1993
40,1994
40,1995
40,1996
40,1997
40,1998
40,1999
40,2000
