-76,21
-76,22
-76,23
-76,24
-76,25
-76,26
-76,27
-76,28
-76,29
-76,30
-76,31
-76,32
-76,33
-76,34
-76,35
-76,36
-76,37
-76,38
-76,39
-76,40
-76,41
-76,42
-76,43
-76,44
-76,45
-76,46
-76,47
-76,48
-76,49
-76,50
-76,51
-76,52
-76,53
-76,54
-76,55
-76,56
-76,57
-76,58
-76,59
-76,60
-76,61
-76,62
-76,63
-76,64
-76,65
-76,66
-76,67
-76,68
-76,69
-76,70
-76,71
-76,72
-76,73
-76,74
-76,75
-76,76
-76,77
-76,78
-76,79
-76,80
-76,81
-76,82
-76,83
-76,84
-76,85
-76,86
-76,87
-76,88
-76,89
-76,90
-76,91
-76,92
-76,93
-76,94
-76,95
-76,96
-76,97
-76,98
-76,99
-76,100
-76,101
-76,102
-76,103
-76,104
-76,105
-76,106
-76,107
-76,108
-76,109
-76,110
-76,111
-76,112
-76,113
-76,114
-76,115
-76,116
-76,117
-76,118
-76,119
-76,120
-76,121
-76,122
-76,123
-76,124
-76,125
-76,126
-76,127
-76,128
-76,129
-76,130
-76,131
-76,132
-76,133
-76,134
-76,135
:19_2,136
:19_2,137
:19_2,138
:19_2,139
:19_2,140
:19_2,141
-16,142
-16,143
-16,144
-16,145
-16,146
-16,147
-16,148
-16,149
-16,150
-16,151
-16,152
-16,153
-16,154
-16,155
-16,156
-16,157
-16,158
-16,159
-16,160
-16,161
-16,162
-16,163
-16,164
-16,165
-16,166
-16,167
-16,168
-16,169
-16,170
-16,171
-16,172
-16,173
-16,174
-16,175
-16,176
-16,177
-16,178
-16,179
-16,180
-16,181
-16,182
-16,183
-16,184
-16,185
-16,186
-16,187
-16,188
-16,189
-16,190
-16,191
-16,192
-16,193
-16,194
-16,195
-16,196
-16,197
-16,198
-16,199
:18_1,200
-15,201
-15,202
-15,203
-15,204
-15,205
-15,206
-15,207
-15,208
-15,209
-15,210
-15,211
-15,212
-15,213
-15,214
-15,215
-15,216
-15,217
-15,218
-15,219
-15,220
-15,221
-15,222
-15,223
-15,224
-15,225
-15,226
-15,227
-15,228
-15,229
-15,230
-15,231
-15,232
-15,233
-15,234
-15,235
-15,236
-15,237
-15,238
-15,239
-15,240
-15,241
-15,242
-15,243
-15,244
-15,245
-15,246
-15,247
-15,248
-15,249
-15,250
-15,251
-15,252
-15,253
-15,254
-15,255
-15,256
-15,257
-15,258
-15,259
-15,260
-15,261
-15,262
-15,263
-15,264
-15,265
-15,266
-15,267
-15,268
-15,269
-15,270
-15,271
-15,272
-15,273
-15,274
-15,275
-15,276
-15,277
-15,278
-15,279
-15,280
-15,281
-15,282
-15,283
-15,284
-15,285
-15,286
-15,287
-15,288
-15,289
-15,290
-15,291
-15,292
-15,293
-15,294
-15,295
-15,296
-15,297
-15,298
-15,299
-15,300
-15,301
-15,302
-15,303
-15,304
-15,305
-15,306
:17_0,307
17,308
17,309
17,310
17,311
17,312
17,313
17,314
17,315
17,316
17,317
17,318
17,319
17,320
17,321
17,322
17,323
17,324
17,325
17,326
17,327
17,328
17,329
17,330
17,331
17,332
17,333
17,334
17,335
17,336
17,337
17,338
17,339
17,340
17,341
17,342
17,343
17,344
17,345
17,346
17,347
17,348
17,349
17,350
17,351
17,352
17,353
17,354
17,355
17,356
17,357
17,358
17,359
17,360
17,361
17,362
17,363
17,364
17,365
17,366
17,367
17,368
17,369
17,370
17,371
17,372
17,373
17,374
17,375
17,376
17,377
17,378
17,379
17,380
17,381
17,382
17,383
17,384
17,385
17,386
17,387
17,388
17,389
17,390
17,391
17,392
17,393
17,394
17,395
17,396
17,397
17,398
17,399
17,400
17,401
17,402
17,403
17,404
17,405
17,406
17,407
17,408
17,409
:20_4,410
:20_4,411
:20_4,412
:20_4,413
:20_4,414
18,415
18,416
18,417
18,418
18,419
18,420
18,421
18,422
18,423
18,424
18,425
18,426
18,427
18,428
18,429
18,430
18,431
18,432
18,433
18,434
18,435
18,436
18,437
18,438
18,439
18,440
18,441
18,442
18,443
18,444
18,445
18,446
18,447
18,448
18,449
18,450
18,451
18,452
18,453
18,454
18,455
18,456
18,457
18,458
18,459
18,460
18,461
18,462
18,463
18,464
18,465
18,466
18,467
18,468
18,469
18,470
18,471
18,472
18,473
18,474
18,475
18,476
18,477
18,478
18,479
18,480
18,481
18,482
18,483
18,484
18,485
18,486
18,487
18,488
18,489
18,490
18,491
18,492
18,493
18,494
18,495
18,496
18,497
18,498
18,499
18,500
18,501
18,502
18,503
18,504
18,505
18,506
18,507
18,508
18,509
18,510
18,511
18,512
18,513
18,514
18,515
18,516
18,517
:21_4,518
:21_4,519
:21_4,520
:21_4,521
:21_4,522
257,523
257,524
257,525
257,526
257,527
257,528
257,529
257,530
257,531
257,532
257,533
257,534
257,535
257,536
257,537
257,538
257,539
257,540
257,541
257,542
257,543
257,544
257,545
257,546
257,547
257,548
257,549
257,550
257,551
257,552
257,553
257,554
257,555
257,556
257,557
257,558
257,559
257,560
257,561
257,562
257,563
257,564
257,565
257,566
257,567
257,568
257,569
257,570
257,571
257,572
257,573
257,574
257,575
257,576
257,577
257,578
257,579
257,580
257,581
257,582
257,583
257,584
257,585
257,586
257,587
257,588
257,589
257,590
257,591
257,592
257,593
257,594
257,595
257,596
257,597
257,598
257,599
257,600
257,601
257,602
257,603
257,604
257,605
257,606
257,607
257,608
257,609
257,610
257,611
257,612
257,613
257,614
257,615
257,616
257,617
257,618
257,619
257,620
257,621
257,622
257,623
257,624
257,625
257,626
257,627
257,628
257,629
257,630
257,631
257,632
257,633
257,634
257,635
257,636
257,637
257,638
257,639
257,640
257,641
257,642
257,643
257,644
257,645
257,646
257,647
257,648
257,649
257,650
257,651
257,652
257,653
257,654
257,655
257,656
257,657
257,658
257,659
257,660
257,661
257,662
257,663
257,664
257,665
257,666
257,667
257,668
257,669
257,670
257,671
257,672
257,673
257,674
257,675
257,676
257,677
257,678
257,679
257,680
257,681
257,682
257,683
257,684
257,685
257,686
257,687
257,688
257,689
257,690
:231_4,691
:231_4,692
:231_4,693
:231_4,694
:231_4,695
:231_4,696
-225,697
-225,698
-225,699
-225,700
-225,701
-225,702
-225,703
-225,704
-225,705
-225,706
-225,707
-225,708
-225,709
-225,710
-225,711
-225,712
-225,713
-225,714
-225,715
-225,716
-225,717
-225,718
-225,719
-225,720
-225,721
-225,722
-225,723
-225,724
-225,725
-225,726
-225,727
-225,728
-225,729
-225,730
-225,731
-225,732
-225,733
-225,734
-225,735
-225,736
-225,737
-225,738
-225,739
-225,740
-225,741
-225,742
-225,743
-225,744
-225,745
-225,746
-225,747
-225,748
-225,749
-225,750
-225,751
-225,752
-225,753
-225,754
-225,755
-225,756
-225,757
-225,758
-225,759
-225,760
-225,761
-225,762
-225,763
-225,764
-225,765
-225,766
-225,767
-225,768
-225,769
-225,770
-225,771
-225,772
-225,773
-225,774
-225,775
-225,776
-225,777
-225,778
-225,779
-225,780
-225,781
-225,782
-225,783
-225,784
-225,785
-225,786
-225,787
-225,788
-225,789
-225,790
-225,791
-225,792
-225,793
-225,794
-225,795
-225,796
-225,797
-225,798
-225,799
-225,800
-225,801
-225,802
-225,803
-225,804
-225,805
-225,806
-225,807
-225,808
-225,809
-225,810
-225,811
-225,812
-225,813
-225,814
-225,815
-225,816
-225,817
-225,818
-225,819
-225,820
-225,821
-225,822
-225,823
-225,824
-225,825
-225,826
-225,827
-225,828
-225,829
-225,830
-225,831
-225,832
-225,833
-225,834
-225,835
-225,836
-225,837
-225,838
-225,839
:227_1,840
:227_1,841
:227_1,842
:227_1,843
:227_1,844
222,845
222,846
222,847
222,848
222,849
222,850
222,851
222,852
222,853
222,854
222,855
222,856
222,857
222,858
222,859
222,860
222,861
222,862
222,863
222,864
222,865
222,866
222,867
222,868
222,869
222,870
222,871
222,872
222,873
222,874
222,875
222,876
222,877
222,878
222,879
222,880
222,881
222,882
222,883
222,884
222,885
222,886
222,887
222,888
222,889
222,890
222,891
222,892
222,893
222,894
222,895
222,896
222,897
222,898
222,899
222,900
222,901
222,902
222,903
222,904
222,905
222,906
222,907
222,908
222,909
222,910
222,911
222,912
222,913
222,914
222,915
222,916
222,917
222,918
222,919
222,920
222,921
222,922
222,923
222,924
222,925
222,926
222,927
222,928
222,929
222,930
222,931
222,932
222,933
222,934
222,935
222,936
222,937
222,938
222,939
222,940
222,941
222,942
222,943
222,944
222,945
222,946
222,947
222,948
222,949
222,950
222,951
222,952
222,953
222,954
222,955
222,956
222,957
222,958
222,959
222,960
222,961
222,962
222,963
222,964
222,965
222,966
222,967
222,968
222,969
222,970
222,971
222,972
222,973
222,974
222,975
222,976
222,977
222,978
222,979
222,980
222,981
222,982
222,983
222,984
222,985
222,986
222,987
222,988
222,989
222,990
222,991
222,992
222,993
222,994
222,995
222,996
222,997
222,998
222,999
222,1000
222,1001
222,1002
222,1003
222,1004
222,1005
222,1006
222,1007
222,1008
222,1009
222,1010
222,1011
222,1012
222,1013
222,1014
222,1015
222,1016
222,1017
222,1018
222,1019
:228_4,1020
:228_4,1021
:228_4,1022
:228_4,1023
:228_4,1024
:228_4,1025
223,1026
223,1027
223,1028
223,1029
223,1030
223,1031
223,1032
223,1033
223,1034
223,1035
223,1036
223,1037
223,1038
223,1039
223,1040
223,1041
223,1042
223,1043
223,1044
223,1045
223,1046
223,1047
223,1048
223,1049
223,1050
223,1051
223,1052
223,1053
223,1054
223,1055
223,1056
223,1057
223,1058
223,1059
223,1060
223,1061
223,1062
223,1063
223,1064
223,1065
223,1066
223,1067
223,1068
223,1069
223,1070
223,1071
223,1072
223,1073
223,1074
223,1075
223,1076
223,1077
223,1078
223,1079
223,1080
223,1081
223,1082
223,1083
223,1084
223,1085
223,1086
223,1087
223,1088
223,1089
223,1090
223,1091
223,1092
223,1093
223,1094
223,1095
223,1096
223,1097
223,1098
223,1099
223,1100
223,1101
223,1102
223,1103
223,1104
223,1105
223,1106
223,1107
223,1108
223,1109
223,1110
223,1111
223,1112
223,1113
223,1114
223,1115
223,1116
223,1117
:229_4,1118
:229_4,1119
:229_4,1120
:229_4,1121
:229_4,1122
:229_4,1123
224,1124
224,1125
224,1126
224,1127
224,1128
224,1129
224,1130
224,1131
224,1132
224,1133
224,1134
224,1135
224,1136
224,1137
224,1138
224,1139
224,1140
224,1141
224,1142
224,1143
224,1144
224,1145
224,1146
224,1147
224,1148
224,1149
224,1150
224,1151
224,1152
224,1153
224,1154
224,1155
224,1156
224,1157
224,1158
224,1159
224,1160
224,1161
224,1162
224,1163
224,1164
224,1165
224,1166
224,1167
224,1168
224,1169
224,1170
224,1171
224,1172
224,1173
224,1174
224,1175
224,1176
224,1177
224,1178
224,1179
224,1180
224,1181
224,1182
224,1183
224,1184
224,1185
224,1186
224,1187
224,1188
224,1189
224,1190
224,1191
224,1192
224,1193
224,1194
224,1195
224,1196
224,1197
224,1198
224,1199
224,1200
224,1201
224,1202
224,1203
224,1204
224,1205
224,1206
224,1207
224,1208
:230_1,1209
:230_1,1210
:230_1,1211
:230_1,1212
:230_1,1213
:230_1,1214
374,1215
374,1216
374,1217
374,1218
374,1219
374,1220
374,1221
374,1222
374,1223
374,1224
374,1225
374,1226
374,1227
374,1228
374,1229
374,1230
374,1231
374,1232
374,1233
374,1234
374,1235
374,1236
374,1237
374,1238
374,1239
374,1240
374,1241
374,1242
374,1243
374,1244
374,1245
374,1246
374,1247
374,1248
374,1249
374,1250
374,1251
374,1252
374,1253
374,1254
374,1255
374,1256
374,1257
374,1258
374,1259
374,1260
374,1261
374,1262
374,1263
374,1264
374,1265
374,1266
374,1267
374,1268
374,1269
374,1270
374,1271
374,1272
374,1273
374,1274
374,1275
374,1276
374,1277
374,1278
374,1279
374,1280
374,1281
374,1282
374,1283
374,1284
374,1285
374,1286
374,1287
374,1288
374,1289
:340_0,1290
:340_0,1291
375,1292
375,1293
375,1294
375,1295
375,1296
375,1297
375,1298
375,1299
375,1300
375,1301
375,1302
375,1303
375,1304
375,1305
375,1306
375,1307
375,1308
375,1309
375,1310
375,1311
375,1312
375,1313
375,1314
375,1315
375,1316
375,1317
375,1318
375,1319
375,1320
375,1321
375,1322
375,1323
375,1324
375,1325
375,1326
375,1327
375,1328
375,1329
375,1330
375,1331
375,1332
375,1333
375,1334
375,1335
375,1336
375,1337
375,1338
375,1339
375,1340
375,1341
375,1342
375,1343
375,1344
375,1345
375,1346
375,1347
375,1348
375,1349
375,1350
375,1351
375,1352
375,1353
375,1354
375,1355
375,1356
375,1357
375,1358
375,1359
375,1360
375,1361
375,1362
375,1363
375,1364
375,1365
375,1366
375,1367
375,1368
375,1369
375,1370
375,1371
375,1372
375,1373
375,1374
375,1375
375,1376
375,1377
375,1378
375,1379
375,1380
375,1381
375,1382
375,1383
375,1384
375,1385
375,1386
375,1387
375,1388
375,1389
375,1390
375,1391
375,1392
375,1393
375,1394
375,1395
375,1396
:15_1,1397
:15_1,1398
:15_1,1399
:15_1,1400
:15_1,1401
:15_1,1402
-13,1403
-13,1404
-13,1405
-13,1406
-13,1407
-13,1408
-13,1409
-13,1410
-13,1411
-13,1412
-13,1413
-13,1414
-13,1415
-13,1416
-13,1417
-13,1418
-13,1419
-13,1420
-13,1421
-13,1422
-13,1423
-13,1424
-13,1425
-13,1426
-13,1427
-13,1428
-13,1429
-13,1430
-13,1431
-13,1432
-13,1433
-13,1434
-13,1435
-13,1436
-13,1437
-13,1438
-13,1439
-13,1440
-13,1441
-13,1442
-13,1443
-13,1444
-13,1445
-13,1446
-13,1447
-13,1448
-13,1449
-13,1450
-13,1451
-13,1452
-13,1453
-13,1454
-13,1455
-13,1456
-13,1457
-13,1458
-13,1459
-13,1460
-13,1461
-13,1462
-13,1463
-13,1464
-13,1465
-13,1466
-13,1467
-13,1468
-13,1469
-13,1470
-13,1471
-13,1472
-13,1473
-13,1474
-13,1475
-13,1476
-13,1477
-13,1478
-13,1479
-13,1480
-13,1481
-13,1482
-13,1483
-13,1484
-13,1485
-13,1486
-13,1487
-13,1488
-13,1489
-13,1490
-13,1491
-13,1492
-13,1493
-13,1494
-13,1495
-13,1496
-13,1497
-13,1498
-13,1499
-13,1500
:14_0,1501
14,1502
14,1503
14,1504
14,1505
14,1506
14,1507
14,1508
14,1509
14,1510
14,1511
14,1512
14,1513
14,1514
14,1515
14,1516
14,1517
14,1518
14,1519
14,1520
14,1521
14,1522
14,1523
14,1524
14,1525
14,1526
14,1527
14,1528
14,1529
14,1530
14,1531
14,1532
14,1533
14,1534
14,1535
14,1536
14,1537
14,1538
14,1539
14,1540
14,1541
14,1542
14,1543
14,1544
14,1545
14,1546
14,1547
14,1548
14,1549
14,1550
14,1551
14,1552
14,1553
14,1554
14,1555
14,1556
14,1557
14,1558
14,1559
14,1560
14,1561
14,1562
14,1563
14,1564
14,1565
14,1566
14,1567
14,1568
14,1569
14,1570
14,1571
14,1572
14,1573
14,1574
14,1575
14,1576
14,1577
14,1578
14,1579
14,1580
14,1581
14,1582
14,1583
14,1584
14,1585
14,1586
14,1587
14,1588
14,1589
14,1590
14,1591
14,1592
14,1593
14,1594
14,1595
14,1596
14,1597
14,1598
14,1599
14,1600
14,1601
14,1602
14,1603
14,1604
14,1605
14,1606
14,1607
14,1608
14,1609
14,1610
14,1611
:16_4,1612
:16_4,1613
:16_4,1614
:16_4,1615
:16_4,1616
-210,1617
-210,1618
-210,1619
-210,1620
-210,1621
-210,1622
-210,1623
-210,1624
-210,1625
-210,1626
-210,1627
-210,1628
-210,1629
-210,1630
-210,1631
-210,1632
-210,1633
-210,1634
-210,1635
-210,1636
-210,1637
-210,1638
-210,1639
-210,1640
-210,1641
-210,1642
-210,1643
-210,1644
-210,1645
-210,1646
-210,1647
-210,1648
-210,1649
-210,1650
-210,1651
-210,1652
-210,1653
-210,1654
-210,1655
-210,1656
-210,1657
-210,1658
-210,1659
-210,1660
-210,1661
-210,1662
-210,1663
-210,1664
-210,1665
-210,1666
-210,1667
-210,1668
-210,1669
-210,1670
-210,1671
-210,1672
-210,1673
-210,1674
-210,1675
-210,1676
-210,1677
-210,1678
-210,1679
-210,1680
-210,1681
-210,1682
-210,1683
-210,1684
-210,1685
-210,1686
-210,1687
-210,1688
-210,1689
-210,1690
-210,1691
-210,1692
-210,1693
-210,1694
-210,1695
-210,1696
-210,1697
-210,1698
-210,1699
-210,1700
-210,1701
-210,1702
-210,1703
-210,1704
-210,1705
-210,1706
-210,1707
-210,1708
-210,1709
-210,1710
-210,1711
-210,1712
-210,1713
-210,1714
:29_5,1715
:29_5,1716
:29_5,1717
:29_5,1718
:29_5,1719
-25,1720
-25,1721
-25,1722
-25,1723
-25,1724
-25,1725
-25,1726
-25,1727
-25,1728
-25,1729
-25,1730
-25,1731
-25,1732
-25,1733
-25,1734
-25,1735
-25,1736
-25,1737
-25,1738
-25,1739
-25,1740
-25,1741
-25,1742
-25,1743
-25,1744
-25,1745
-25,1746
-25,1747
-25,1748
-25,1749
-25,1750
-25,1751
-25,1752
-25,1753
-25,1754
-25,1755
-25,1756
-25,1757
-25,1758
-25,1759
-25,1760
-25,1761
-25,1762
-25,1763
-25,1764
-25,1765
-25,1766
-25,1767
-25,1768
-25,1769
-25,1770
-25,1771
-25,1772
-25,1773
-25,1774
-25,1775
-25,1776
-25,1777
-25,1778
-25,1779
-25,1780
-25,1781
-25,1782
-25,1783
-25,1784
-25,1785
-25,1786
-25,1787
-25,1788
-25,1789
-25,1790
-25,1791
-25,1792
-25,1793
-25,1794
-25,1795
-25,1796
-25,1797
-25,1798
-25,1799
-25,1800
-25,1801
-25,1802
-25,1803
-25,1804
-25,1805
-25,1806
-25,1807
-25,1808
-25,1809
-25,1810
-25,1811
-25,1812
-25,1813
-25,1814
-25,1815
-25,1816
-25,1817
-25,1818
-25,1819
-25,1820
-25,1821
-25,1822
-25,1823
-25,1824
-25,1825
-25,1826
-25,1827
-25,1828
-25,1829
-25,1830
-25,1831
-25,1832
-25,1833
-25,1834
-25,1835
-25,1836
-25,1837
-25,1838
-25,1839
-25,1840
-25,1841
-25,1842
-25,1843
-25,1844
-25,1845
-25,1846
-25,1847
-25,1848
-25,1849
-25,1850
-25,1851
-25,1852
-25,1853
-25,1854
-25,1855
-25,1856
-25,1857
-25,1858
-25,1859
-25,1860
:24_5,1861
:24_5,1862
:24_5,1863
:24_5,1864
:24_5,1865
-20,1866
-20,1867
-20,1868
-20,1869
-20,1870
-20,1871
-20,1872
-20,1873
-20,1874
-20,1875
-20,1876
-20,1877
-20,1878
-20,1879
-20,1880
-20,1881
-20,1882
-20,1883
-20,1884
-20,1885
-20,1886
-20,1887
-20,1888
-20,1889
-20,1890
-20,1891
-20,1892
-20,1893
-20,1894
-20,1895
-20,1896
-20,1897
-20,1898
-20,1899
-20,1900
-20,1901
-20,1902
-20,1903
-20,1904
-20,1905
-20,1906
-20,1907
-20,1908
-20,1909
-20,1910
-20,1911
-20,1912
-20,1913
-20,1914
-20,1915
-20,1916
-20,1917
-20,1918
-20,1919
-20,1920
-20,1921
-20,1922
-20,1923
-20,1924
-20,1925
-20,1926
-20,1927
-20,1928
-20,1929
-20,1930
-20,1931
-20,1932
-20,1933
-20,1934
-20,1935
-20,1936
-20,1937
-20,1938
-20,1939
-20,1940
-20,1941
-20,1942
-20,1943
-20,1944
-20,1945
-20,1946
-20,1947
-20,1948
-20,1949
-20,1950
-20,1951
-20,1952
-20,1953
-20,1954
-20,1955
-20,1956
-20,1957
-20,1958
:23_4,1959
:23_4,1960
:23_4,1961
:23_4,1962
:23_4,1963
:23_4,1964
-19,1965
-19,1966
-19,1967
-19,1968
-19,1969
-19,1970
-19,1971
-19,1972
-19,1973
-19,1974
-19,1975
-19,1976
-19,1977
-19,1978
-19,1979
-19,1980
-19,1981
-19,1982
-19,1983
-19,1984
-19,1985
-19,1986
-19,1987
-19,1988
-19,1989
-19,1990
-19,1991
-19,1992
-19,1993
-19,1994
-19,1995
-19,1996
-19,1997
-19,1998
-19,1999
-19,2000
