607,1
607,2
607,3
607,4
607,5
607,6
607,7
607,8
607,9
607,10
607,11
607,12
607,13
607,14
607,15
607,16
607,17
607,18
607,19
607,20
607,21
607,22
607,23
607,24
607,25
607,26
607,27
607,28
607,29
607,30
607,31
607,32
607,33
607,34
607,35
607,36
607,37
607,38
607,39
607,40
607,41
607,42
607,43
607,44
607,45
607,46
607,47
607,48
607,49
607,50
607,51
607,52
607,53
607,54
607,55
607,56
607,57
607,58
607,59
607,60
607,61
607,62
607,63
607,64
607,65
607,66
607,67
607,68
607,69
607,70
607,71
607,72
607,73
607,74
607,75
607,76
607,77
607,78
607,79
607,80
607,81
607,82
607,83
607,84
607,85
607,86
607,87
607,88
607,89
607,90
607,91
607,92
607,93
607,94
607,95
607,96
607,97
607,98
607,99
607,100
607,101
607,102
607,103
607,104
607,105
607,106
607,107
607,108
607,109
607,110
607,111
607,112
607,113
607,114
607,115
607,116
607,117
607,118
607,119
607,120
607,121
607,122
607,123
607,124
607,125
607,126
607,127
607,128
607,129
607,130
607,131
607,132
607,133
607,134
607,135
607,136
607,137
607,138
607,139
607,140
607,141
607,142
607,143
607,144
607,145
607,146
607,147
607,148
607,149
607,150
607,151
607,152
607,153
607,154
607,155
607,156
607,157
607,158
607,159
607,160
607,161
607,162
607,163
607,164
607,165
607,166
607,167
607,168
607,169
607,170
607,171
607,172
607,173
607,174
607,175
607,176
607,177
607,178
607,179
607,180
607,181
607,182
607,183
607,184
607,185
:339_4,186
:339_4,187
:339_4,188
:339_4,189
:339_4,190
-371,191
-371,192
-371,193
-371,194
-371,195
-371,196
-371,197
-371,198
-371,199
-371,200
-371,201
-371,202
-371,203
-371,204
-371,205
-371,206
-371,207
-371,208
-371,209
-371,210
-371,211
-371,212
-371,213
-371,214
-371,215
-371,216
-371,217
-371,218
-371,219
-371,220
-371,221
-371,222
-371,223
-371,224
-371,225
-371,226
-371,227
-371,228
-371,229
-371,230
-371,231
-371,232
-371,233
-371,234
-371,235
-371,236
-371,237
-371,238
-371,239
-371,240
-371,241
-371,242
-371,243
-371,244
-371,245
-371,246
-371,247
-371,248
-371,249
-371,250
-371,251
-371,252
-371,253
-371,254
-371,255
-371,256
-371,257
-371,258
-371,259
-371,260
-371,261
-371,262
-371,263
-371,264
-371,265
-371,266
-371,267
-371,268
-371,269
-371,270
-371,271
-371,272
-371,273
-371,274
-371,275
-371,276
-371,277
-371,278
-371,279
-371,280
-371,281
-371,282
-371,283
-371,284
-371,285
-371,286
-371,287
-371,288
-371,289
-371,290
-371,291
-371,292
-371,293
-371,294
-371,295
-371,296
-371,297
-371,298
-371,299
-371,300
-371,301
-371,302
-371,303
-371,304
-371,305
-371,306
-371,307
-371,308
-371,309
-371,310
-371,311
:170_10,312
:170_10,313
:170_10,314
:170_10,315
:170_10,316
:170_10,317
-196,318
-196,319
-196,320
-196,321
-196,322
-196,323
-196,324
-196,325
-196,326
-196,327
-196,328
-196,329
-196,330
-196,331
-196,332
-196,333
-196,334
-196,335
-196,336
-196,337
-196,338
-196,339
-196,340
-196,341
-196,342
-196,343
-196,344
-196,345
-196,346
-196,347
-196,348
-196,349
-196,350
-196,351
-196,352
-196,353
-196,354
-196,355
-196,356
-196,357
-196,358
-196,359
-196,360
-196,361
-196,362
-196,363
-196,364
-196,365
-196,366
-196,367
-196,368
-196,369
-196,370
-196,371
-196,372
-196,373
-196,374
-196,375
-196,376
-196,377
-196,378
-196,379
-196,380
-196,381
-196,382
-196,383
-196,384
-196,385
-196,386
-196,387
-196,388
-196,389
-196,390
-196,391
-196,392
-196,393
-196,394
-196,395
-196,396
-196,397
-196,398
-196,399
-196,400
-196,401
-196,402
-196,403
-196,404
-196,405
-196,406
-196,407
-196,408
-196,409
-196,410
-196,411
-196,412
-196,413
-196,414
-196,415
-196,416
-196,417
-196,418
-196,419
-196,420
-196,421
-196,422
-196,423
-196,424
-196,425
-196,426
-196,427
-196,428
-196,429
-196,430
-196,431
-196,432
-196,433
-196,434
-196,435
-196,436
-196,437
-196,438
-196,439
-196,440
-196,441
-196,442
-196,443
-196,444
-196,445
-196,446
-196,447
-196,448
-196,449
-196,450
-196,451
-196,452
-196,453
-196,454
-196,455
-196,456
-196,457
-196,458
-196,459
-196,460
-196,461
-196,462
-196,463
-196,464
-196,465
-196,466
-196,467
-196,468
-196,469
-196,470
-196,471
-196,472
-196,473
-196,474
-196,475
-196,476
-196,477
-196,478
-196,479
-196,480
-196,481
-196,482
-196,483
-196,484
-196,485
-196,486
-196,487
-196,488
-196,489
-196,490
-196,491
-196,492
-196,493
-196,494
-196,495
-196,496
-196,497
-196,498
-196,499
-196,500
-196,501
-196,502
-196,503
-196,504
-196,505
-196,506
-196,507
-196,508
-196,509
-196,510
-196,511
-196,512
-196,513
-196,514
-196,515
-196,516
-196,517
-196,518
-196,519
-196,520
-196,521
-196,522
-196,523
-196,524
-196,525
-196,526
-196,527
-196,528
-196,529
-196,530
-196,531
-196,532
-196,533
-196,534
-196,535
-196,536
-196,537
-196,538
-196,539
-196,540
-196,541
-196,542
-196,543
-196,544
-196,545
-196,546
-196,547
-196,548
-196,549
-196,550
-196,551
-196,552
-196,553
-196,554
-196,555
-196,556
-196,557
-196,558
-196,559
-196,560
-196,561
-196,562
-196,563
-196,564
-196,565
-196,566
-196,567
-196,568
-196,569
-196,570
-196,571
-196,572
-196,573
-196,574
-196,575
-196,576
-196,577
-196,578
-196,579
-196,580
-196,581
-196,582
-196,583
-196,584
-196,585
-196,586
-196,587
-196,588
-196,589
-196,590
-196,591
-196,592
-196,593
-196,594
-196,595
-196,596
-196,597
-196,598
-196,599
-196,600
-196,601
-196,602
-196,603
-196,604
-196,605
-196,606
-196,607
-196,608
-196,609
-196,610
-196,611
-196,612
-196,613
-196,614
-196,615
-196,616
-196,617
-196,618
-196,619
-196,620
-196,621
-196,622
-196,623
-196,624
-196,625
-196,626
-196,627
-196,628
-196,629
:35_6,630
:35_6,631
:35_6,632
:35_16,633
:35_16,634
:35_16,635
197,636
197,637
197,638
197,639
197,640
197,641
197,642
197,643
197,644
197,645
197,646
197,647
197,648
197,649
197,650
197,651
197,652
197,653
197,654
197,655
197,656
197,657
197,658
197,659
197,660
197,661
197,662
197,663
197,664
197,665
197,666
197,667
197,668
197,669
197,670
197,671
197,672
197,673
197,674
197,675
197,676
197,677
197,678
197,679
197,680
197,681
197,682
197,683
197,684
197,685
197,686
197,687
197,688
197,689
197,690
197,691
197,692
197,693
197,694
197,695
197,696
197,697
197,698
197,699
197,700
197,701
197,702
197,703
197,704
197,705
197,706
197,707
197,708
197,709
197,710
197,711
197,712
197,713
197,714
197,715
197,716
197,717
197,718
197,719
197,720
197,721
197,722
197,723
197,724
197,725
197,726
197,727
197,728
197,729
197,730
197,731
197,732
197,733
197,734
197,735
197,736
197,737
197,738
197,739
197,740
197,741
197,742
197,743
197,744
197,745
197,746
197,747
197,748
197,749
197,750
197,751
197,752
197,753
197,754
197,755
197,756
197,757
197,758
197,759
197,760
197,761
197,762
197,763
197,764
197,765
197,766
197,767
197,768
197,769
197,770
197,771
197,772
197,773
197,774
197,775
197,776
197,777
197,778
197,779
197,780
197,781
197,782
197,783
197,784
197,785
197,786
197,787
197,788
197,789
197,790
197,791
197,792
197,793
197,794
197,795
197,796
197,797
197,798
197,799
197,800
197,801
197,802
197,803
197,804
197,805
197,806
197,807
197,808
197,809
197,810
197,811
197,812
197,813
197,814
197,815
197,816
197,817
197,818
197,819
197,820
197,821
197,822
197,823
197,824
197,825
197,826
197,827
197,828
197,829
197,830
197,831
197,832
197,833
197,834
197,835
197,836
197,837
197,838
197,839
197,840
197,841
197,842
197,843
197,844
197,845
197,846
197,847
197,848
197,849
197,850
197,851
197,852
197,853
197,854
197,855
197,856
197,857
197,858
197,859
197,860
197,861
197,862
197,863
197,864
197,865
197,866
197,867
197,868
197,869
197,870
197,871
197,872
197,873
197,874
197,875
197,876
197,877
197,878
197,879
197,880
197,881
197,882
197,883
197,884
197,885
197,886
197,887
197,888
197,889
197,890
197,891
197,892
197,893
197,894
197,895
197,896
197,897
197,898
197,899
197,900
197,901
197,902
197,903
197,904
197,905
197,906
197,907
197,908
197,909
197,910
197,911
197,912
197,913
197,914
197,915
197,916
197,917
197,918
197,919
197,920
197,921
197,922
:205_0,923
:205_0,924
:205_0,925
:205_0,926
:205_0,927
198,928
198,929
198,930
198,931
198,932
198,933
198,934
198,935
198,936
198,937
198,938
198,939
198,940
198,941
198,942
198,943
198,944
198,945
198,946
198,947
198,948
198,949
198,950
198,951
198,952
198,953
198,954
198,955
198,956
198,957
198,958
198,959
198,960
198,961
198,962
198,963
198,964
198,965
198,966
198,967
198,968
198,969
198,970
198,971
198,972
198,973
198,974
198,975
198,976
198,977
198,978
198,979
198,980
198,981
198,982
198,983
198,984
198,985
198,986
198,987
198,988
198,989
198,990
198,991
198,992
198,993
198,994
198,995
198,996
198,997
198,998
198,999
198,1000
198,1001
198,1002
198,1003
198,1004
198,1005
198,1006
198,1007
198,1008
198,1009
198,1010
198,1011
198,1012
198,1013
198,1014
198,1015
198,1016
198,1017
198,1018
198,1019
198,1020
198,1021
198,1022
198,1023
198,1024
198,1025
198,1026
198,1027
198,1028
198,1029
198,1030
198,1031
198,1032
198,1033
198,1034
198,1035
198,1036
198,1037
198,1038
198,1039
198,1040
198,1041
198,1042
198,1043
198,1044
198,1045
198,1046
198,1047
198,1048
198,1049
198,1050
198,1051
198,1052
198,1053
198,1054
198,1055
198,1056
198,1057
198,1058
198,1059
198,1060
198,1061
198,1062
198,1063
198,1064
198,1065
198,1066
198,1067
198,1068
198,1069
198,1070
198,1071
198,1072
198,1073
198,1074
198,1075
198,1076
198,1077
198,1078
198,1079
198,1080
198,1081
198,1082
198,1083
198,1084
198,1085
198,1086
198,1087
198,1088
198,1089
198,1090
198,1091
198,1092
198,1093
198,1094
198,1095
198,1096
198,1097
198,1098
198,1099
198,1100
198,1101
198,1102
198,1103
198,1104
198,1105
198,1106
198,1107
198,1108
198,1109
198,1110
198,1111
198,1112
198,1113
198,1114
198,1115
198,1116
198,1117
198,1118
198,1119
198,1120
198,1121
198,1122
198,1123
198,1124
198,1125
198,1126
198,1127
198,1128
198,1129
198,1130
198,1131
198,1132
198,1133
198,1134
198,1135
198,1136
198,1137
198,1138
198,1139
198,1140
198,1141
198,1142
198,1143
198,1144
198,1145
198,1146
198,1147
198,1148
198,1149
198,1150
198,1151
198,1152
198,1153
198,1154
198,1155
198,1156
198,1157
198,1158
:206_1,1159
:206_1,1160
:206_1,1161
:206_1,1162
:206_1,1163
:206_1,1164
199,1165
199,1166
199,1167
199,1168
199,1169
199,1170
199,1171
199,1172
199,1173
199,1174
199,1175
199,1176
199,1177
199,1178
199,1179
199,1180
199,1181
199,1182
199,1183
199,1184
199,1185
199,1186
199,1187
199,1188
199,1189
199,1190
199,1191
199,1192
199,1193
199,1194
199,1195
199,1196
199,1197
199,1198
199,1199
199,1200
199,1201
199,1202
199,1203
199,1204
199,1205
199,1206
199,1207
199,1208
199,1209
199,1210
199,1211
199,1212
199,1213
199,1214
199,1215
199,1216
199,1217
199,1218
199,1219
199,1220
199,1221
199,1222
199,1223
199,1224
199,1225
199,1226
199,1227
199,1228
199,1229
199,1230
199,1231
199,1232
199,1233
199,1234
199,1235
199,1236
199,1237
199,1238
199,1239
199,1240
199,1241
199,1242
199,1243
199,1244
199,1245
199,1246
199,1247
199,1248
199,1249
199,1250
199,1251
:207_0,1252
:207_0,1253
:207_0,1254
:207_0,1255
:207_0,1256
-418,1257
-418,1258
-418,1259
-418,1260
-418,1261
-418,1262
-418,1263
-418,1264
-418,1265
-418,1266
-418,1267
-418,1268
-418,1269
-418,1270
-418,1271
-418,1272
-418,1273
-418,1274
-418,1275
-418,1276
-418,1277
-418,1278
-418,1279
-418,1280
-418,1281
-418,1282
-418,1283
-418,1284
-418,1285
-418,1286
-418,1287
-418,1288
-418,1289
-418,1290
-418,1291
-418,1292
-418,1293
-418,1294
-418,1295
-418,1296
-418,1297
-418,1298
-418,1299
-418,1300
-418,1301
-418,1302
-418,1303
-418,1304
-418,1305
-418,1306
-418,1307
-418,1308
-418,1309
-418,1310
-418,1311
-418,1312
-418,1313
-418,1314
-418,1315
-418,1316
-418,1317
-418,1318
-418,1319
-418,1320
-418,1321
-418,1322
-418,1323
-418,1324
-418,1325
-418,1326
-418,1327
-418,1328
-418,1329
-418,1330
-418,1331
-418,1332
-418,1333
-418,1334
-418,1335
-418,1336
-418,1337
-418,1338
-418,1339
-418,1340
-418,1341
-418,1342
-418,1343
-418,1344
-418,1345
-418,1346
-418,1347
-418,1348
-418,1349
