498,21
498,22
498,23
498,24
498,25
498,26
498,27
498,28
498,29
498,30
498,31
498,32
498,33
498,34
498,35
498,36
498,37
498,38
498,39
498,40
498,41
498,42
498,43
498,44
498,45
498,46
498,47
498,48
498,49
498,50
498,51
498,52
498,53
498,54
498,55
498,56
498,57
498,58
498,59
498,60
498,61
498,62
498,63
498,64
498,65
498,66
498,67
498,68
498,69
498,70
498,71
498,72
498,73
498,74
498,75
498,76
498,77
498,78
498,79
498,80
498,81
498,82
498,83
498,84
498,85
498,86
498,87
498,88
498,89
498,90
498,91
498,92
498,93
498,94
498,95
498,96
498,97
498,98
498,99
498,100
498,101
498,102
498,103
498,104
498,105
498,106
498,107
498,108
498,109
498,110
498,111
498,112
498,113
498,114
498,115
498,116
:171_1,117
:171_1,118
:171_1,119
:171_1,120
:171_1,121
:171_1,122
156,123
156,124
156,125
156,126
156,127
156,128
156,129
156,130
156,131
156,132
156,133
156,134
156,135
156,136
156,137
156,138
156,139
156,140
156,141
156,142
156,143
156,144
156,145
156,146
156,147
156,148
156,149
156,150
156,151
156,152
156,153
156,154
156,155
156,156
156,157
156,158
156,159
156,160
156,161
156,162
156,163
156,164
156,165
156,166
156,167
156,168
156,169
156,170
156,171
156,172
156,173
156,174
156,175
156,176
156,177
156,178
156,179
156,180
156,181
156,182
156,183
156,184
156,185
156,186
156,187
156,188
156,189
156,190
156,191
156,192
156,193
156,194
156,195
156,196
156,197
156,198
156,199
156,200
156,201
156,202
156,203
156,204
156,205
156,206
156,207
156,208
156,209
:172_1,210
:172_1,211
:172_1,212
:172_1,213
:172_1,214
:172_1,215
:172_1,216
297,217
297,218
297,219
297,220
297,221
297,222
297,223
297,224
297,225
297,226
297,227
297,228
297,229
297,230
297,231
297,232
297,233
297,234
297,235
297,236
297,237
297,238
297,239
297,240
297,241
297,242
297,243
297,244
297,245
297,246
297,247
297,248
297,249
297,250
297,251
297,252
297,253
297,254
297,255
297,256
297,257
297,258
297,259
297,260
297,261
297,262
297,263
297,264
297,265
297,266
297,267
297,268
297,269
297,270
297,271
297,272
297,273
297,274
297,275
297,276
297,277
297,278
297,279
297,280
297,281
297,282
297,283
297,284
297,285
297,286
297,287
297,288
297,289
297,290
297,291
:107_6,292
:107_6,293
:107_6,294
:107_6,295
:107_6,296
:107_6,297
-91,298
-91,299
-91,300
-91,301
-91,302
-91,303
-91,304
-91,305
-91,306
-91,307
-91,308
-91,309
-91,310
-91,311
-91,312
-91,313
-91,314
-91,315
-91,316
-91,317
-91,318
-91,319
-91,320
-91,321
-91,322
-91,323
-91,324
-91,325
-91,326
-91,327
-91,328
-91,329
-91,330
-91,331
-91,332
-91,333
-91,334
-91,335
-91,336
-91,337
-91,338
-91,339
-91,340
-91,341
-91,342
-91,343
-91,344
-91,345
-91,346
-91,347
-91,348
-91,349
-91,350
-91,351
-91,352
-91,353
-91,354
-91,355
-91,356
-91,357
-91,358
-91,359
-91,360
-91,361
-91,362
-91,363
-91,364
-91,365
-91,366
-91,367
-91,368
-91,369
-91,370
-91,371
-91,372
-91,373
-91,374
-91,375
-91,376
-91,377
-91,378
-91,379
-91,380
-91,381
-91,382
-91,383
-91,384
-91,385
-91,386
-91,387
-91,388
:104_2,389
:104_2,390
:104_16,391
:104_16,392
:104_16,393
:104_16,394
89,395
89,396
89,397
89,398
89,399
89,400
89,401
89,402
89,403
89,404
89,405
89,406
89,407
89,408
89,409
89,410
89,411
89,412
89,413
89,414
89,415
89,416
89,417
89,418
89,419
89,420
89,421
89,422
89,423
89,424
89,425
89,426
89,427
89,428
89,429
89,430
89,431
89,432
89,433
89,434
89,435
89,436
89,437
89,438
89,439
89,440
89,441
89,442
89,443
89,444
89,445
89,446
89,447
89,448
89,449
89,450
89,451
89,452
89,453
89,454
89,455
89,456
89,457
89,458
89,459
89,460
89,461
89,462
89,463
89,464
89,465
89,466
89,467
89,468
89,469
89,470
89,471
89,472
89,473
89,474
89,475
89,476
89,477
89,478
89,479
89,480
89,481
89,482
89,483
89,484
89,485
89,486
89,487
89,488
89,489
89,490
89,491
89,492
89,493
89,494
89,495
:105_6,496
:105_6,497
:105_6,498
:105_6,499
92,500
92,501
92,502
92,503
92,504
92,505
92,506
92,507
92,508
92,509
92,510
92,511
92,512
92,513
92,514
92,515
92,516
92,517
92,518
92,519
92,520
92,521
92,522
92,523
92,524
92,525
92,526
92,527
92,528
92,529
92,530
92,531
92,532
92,533
92,534
92,535
92,536
92,537
92,538
92,539
92,540
92,541
92,542
92,543
92,544
92,545
92,546
92,547
92,548
92,549
92,550
92,551
92,552
92,553
92,554
92,555
92,556
92,557
92,558
92,559
92,560
92,561
92,562
92,563
92,564
92,565
92,566
92,567
92,568
92,569
92,570
92,571
92,572
92,573
92,574
92,575
92,576
92,577
92,578
92,579
92,580
92,581
92,582
92,583
92,584
92,585
92,586
92,587
92,588
92,589
92,590
92,591
92,592
92,593
92,594
92,595
92,596
92,597
92,598
92,599
92,600
92,601
92,602
92,603
92,604
92,605
92,606
92,607
92,608
92,609
92,610
92,611
:108_7,612
:108_7,613
:108_7,614
:108_7,615
:108_7,616
:108_7,617
-359,618
-359,619
-359,620
-359,621
-359,622
-359,623
-359,624
-359,625
-359,626
-359,627
-359,628
-359,629
-359,630
-359,631
-359,632
-359,633
-359,634
-359,635
-359,636
-359,637
-359,638
-359,639
-359,640
-359,641
-359,642
-359,643
-359,644
-359,645
-359,646
-359,647
-359,648
-359,649
-359,650
-359,651
-359,652
-359,653
-359,654
-359,655
-359,656
-359,657
-359,658
-359,659
-359,660
-359,661
-359,662
-359,663
-359,664
-359,665
-359,666
-359,667
-359,668
-359,669
-359,670
-359,671
-359,672
-359,673
-359,674
-359,675
-359,676
-359,677
-359,678
-359,679
-359,680
-359,681
-359,682
-359,683
-359,684
-359,685
-359,686
-359,687
-359,688
-359,689
-359,690
-359,691
-359,692
-359,693
-359,694
-359,695
-359,696
-359,697
-359,698
-359,699
-359,700
-359,701
-359,702
-359,703
-359,704
-359,705
-359,706
-359,707
-359,708
-359,709
-359,710
-359,711
-359,712
-359,713
-359,714
-359,715
-359,716
-359,717
-359,718
-359,719
-359,720
-359,721
-359,722
-359,723
-359,724
-359,725
-359,726
-359,727
-359,728
-359,729
-359,730
-359,731
-359,732
-359,733
-359,734
-359,735
-359,736
-359,737
:145_8,738
:145_8,739
:145_8,740
357,741
357,742
357,743
357,744
357,745
357,746
357,747
357,748
357,749
357,750
357,751
357,752
357,753
357,754
357,755
357,756
357,757
357,758
357,759
357,760
357,761
357,762
357,763
357,764
357,765
357,766
357,767
357,768
357,769
357,770
357,771
357,772
357,773
357,774
357,775
357,776
357,777
357,778
357,779
357,780
357,781
357,782
357,783
357,784
357,785
357,786
357,787
357,788
357,789
357,790
357,791
357,792
357,793
357,794
357,795
357,796
357,797
357,798
357,799
357,800
357,801
357,802
357,803
357,804
357,805
357,806
357,807
357,808
357,809
357,810
357,811
357,812
357,813
357,814
:79_7,815
:79_7,816
:79_7,817
:79_7,818
:79_7,819
:79_7,820
358,821
358,822
358,823
358,824
358,825
358,826
358,827
358,828
358,829
358,830
358,831
358,832
358,833
358,834
358,835
358,836
358,837
358,838
358,839
358,840
358,841
358,842
358,843
358,844
358,845
358,846
358,847
358,848
358,849
358,850
358,851
358,852
358,853
358,854
358,855
358,856
358,857
358,858
358,859
358,860
358,861
358,862
358,863
358,864
358,865
358,866
358,867
358,868
358,869
358,870
358,871
358,872
358,873
358,874
358,875
358,876
358,877
358,878
358,879
358,880
358,881
358,882
358,883
358,884
358,885
358,886
358,887
358,888
358,889
:230_12,890
:230_12,891
:230_12,892
:230_12,893
374,894
374,895
374,896
374,897
374,898
374,899
374,900
374,901
374,902
374,903
374,904
374,905
374,906
374,907
374,908
374,909
374,910
374,911
374,912
374,913
374,914
374,915
374,916
374,917
374,918
374,919
374,920
374,921
374,922
374,923
374,924
374,925
374,926
374,927
374,928
374,929
374,930
374,931
374,932
374,933
374,934
374,935
374,936
374,937
374,938
374,939
374,940
374,941
374,942
374,943
374,944
374,945
374,946
374,947
374,948
374,949
374,950
374,951
374,952
374,953
374,954
374,955
374,956
374,957
374,958
374,959
374,960
374,961
374,962
374,963
374,964
374,965
374,966
374,967
374,968
374,969
374,970
374,971
374,972
374,973
374,974
374,975
374,976
374,977
:340_0,978
:340_0,979
375,980
375,981
375,982
375,983
375,984
375,985
375,986
375,987
375,988
375,989
375,990
375,991
375,992
375,993
375,994
375,995
375,996
375,997
375,998
375,999
375,1000
375,1001
375,1002
375,1003
375,1004
375,1005
375,1006
375,1007
375,1008
375,1009
375,1010
375,1011
375,1012
375,1013
375,1014
375,1015
375,1016
375,1017
375,1018
375,1019
375,1020
375,1021
375,1022
375,1023
375,1024
375,1025
375,1026
375,1027
375,1028
375,1029
375,1030
375,1031
375,1032
375,1033
375,1034
375,1035
375,1036
375,1037
375,1038
375,1039
375,1040
375,1041
375,1042
375,1043
375,1044
375,1045
375,1046
375,1047
375,1048
375,1049
375,1050
375,1051
375,1052
375,1053
375,1054
375,1055
375,1056
375,1057
375,1058
375,1059
375,1060
375,1061
375,1062
375,1063
375,1064
375,1065
375,1066
375,1067
375,1068
375,1069
375,1070
375,1071
375,1072
375,1073
375,1074
375,1075
375,1076
375,1077
375,1078
375,1079
375,1080
375,1081
375,1082
375,1083
375,1084
375,1085
375,1086
375,1087
375,1088
375,1089
375,1090
375,1091
375,1092
375,1093
375,1094
375,1095
375,1096
375,1097
:15_1,1098
:15_1,1099
:15_1,1100
:15_1,1101
:15_1,1102
:15_1,1103
-13,1104
-13,1105
-13,1106
-13,1107
-13,1108
-13,1109
-13,1110
-13,1111
-13,1112
-13,1113
-13,1114
-13,1115
-13,1116
-13,1117
-13,1118
-13,1119
-13,1120
-13,1121
-13,1122
-13,1123
-13,1124
-13,1125
-13,1126
-13,1127
-13,1128
-13,1129
-13,1130
-13,1131
-13,1132
-13,1133
-13,1134
-13,1135
-13,1136
-13,1137
-13,1138
-13,1139
-13,1140
-13,1141
-13,1142
-13,1143
-13,1144
-13,1145
-13,1146
-13,1147
-13,1148
-13,1149
-13,1150
-13,1151
-13,1152
-13,1153
-13,1154
-13,1155
-13,1156
-13,1157
-13,1158
-13,1159
-13,1160
-13,1161
-13,1162
-13,1163
-13,1164
-13,1165
-13,1166
-13,1167
-13,1168
-13,1169
-13,1170
-13,1171
-13,1172
-13,1173
-13,1174
-13,1175
-13,1176
-13,1177
-13,1178
-13,1179
-13,1180
-13,1181
-13,1182
-13,1183
-13,1184
-13,1185
-13,1186
-13,1187
-13,1188
-13,1189
-13,1190
-13,1191
-13,1192
-13,1193
-13,1194
-13,1195
-13,1196
-13,1197
-13,1198
-13,1199
-13,1200
-13,1201
-13,1202
-13,1203
-13,1204
-13,1205
-13,1206
-13,1207
-13,1208
-13,1209
-13,1210
-13,1211
-13,1212
-13,1213
:14_0,1214
14,1215
14,1216
14,1217
14,1218
14,1219
14,1220
14,1221
14,1222
14,1223
14,1224
14,1225
14,1226
14,1227
14,1228
14,1229
14,1230
14,1231
14,1232
14,1233
14,1234
14,1235
14,1236
14,1237
14,1238
14,1239
14,1240
14,1241
14,1242
14,1243
14,1244
14,1245
14,1246
14,1247
14,1248
14,1249
14,1250
14,1251
14,1252
14,1253
14,1254
14,1255
14,1256
14,1257
14,1258
14,1259
14,1260
14,1261
14,1262
14,1263
14,1264
14,1265
14,1266
14,1267
14,1268
14,1269
14,1270
14,1271
14,1272
14,1273
14,1274
14,1275
14,1276
14,1277
14,1278
14,1279
14,1280
14,1281
14,1282
14,1283
14,1284
14,1285
14,1286
14,1287
14,1288
14,1289
14,1290
14,1291
14,1292
14,1293
14,1294
14,1295
14,1296
14,1297
14,1298
14,1299
14,1300
14,1301
14,1302
14,1303
14,1304
14,1305
14,1306
14,1307
14,1308
14,1309
14,1310
14,1311
14,1312
14,1313
14,1314
14,1315
14,1316
14,1317
14,1318
14,1319
14,1320
14,1321
14,1322
14,1323
14,1324
14,1325
14,1326
14,1327
14,1328
14,1329
14,1330
14,1331
14,1332
14,1333
14,1334
14,1335
14,1336
14,1337
:16_4,1338
:16_4,1339
:16_4,1340
:16_4,1341
:16_4,1342
:16_4,1343
-210,1344
-210,1345
-210,1346
-210,1347
-210,1348
-210,1349
-210,1350
-210,1351
-210,1352
-210,1353
-210,1354
-210,1355
-210,1356
-210,1357
-210,1358
-210,1359
-210,1360
-210,1361
-210,1362
-210,1363
-210,1364
-210,1365
-210,1366
-210,1367
-210,1368
-210,1369
-210,1370
-210,1371
-210,1372
-210,1373
-210,1374
-210,1375
-210,1376
-210,1377
-210,1378
-210,1379
-210,1380
-210,1381
-210,1382
-210,1383
-210,1384
-210,1385
-210,1386
-210,1387
-210,1388
-210,1389
-210,1390
-210,1391
-210,1392
-210,1393
-210,1394
-210,1395
-210,1396
-210,1397
-210,1398
-210,1399
-210,1400
-210,1401
-210,1402
-210,1403
-210,1404
-210,1405
-210,1406
-210,1407
-210,1408
-210,1409
-210,1410
-210,1411
-210,1412
-210,1413
-210,1414
-210,1415
-210,1416
-210,1417
-210,1418
-210,1419
-210,1420
-210,1421
-210,1422
-210,1423
-210,1424
-210,1425
-210,1426
-210,1427
-210,1428
-210,1429
-210,1430
-210,1431
-210,1432
-210,1433
-210,1434
-210,1435
-210,1436
-210,1437
-210,1438
-210,1439
-210,1440
-210,1441
-210,1442
-210,1443
-210,1444
-210,1445
-210,1446
-210,1447
-210,1448
-210,1449
-210,1450
-210,1451
-210,1452
:29_5,1453
:29_5,1454
:29_5,1455
:29_5,1456
:29_5,1457
:29_5,1458
-25,1459
-25,1460
-25,1461
-25,1462
-25,1463
-25,1464
-25,1465
-25,1466
-25,1467
-25,1468
-25,1469
-25,1470
-25,1471
-25,1472
-25,1473
-25,1474
-25,1475
-25,1476
-25,1477
-25,1478
-25,1479
-25,1480
-25,1481
-25,1482
-25,1483
-25,1484
-25,1485
-25,1486
-25,1487
-25,1488
-25,1489
-25,1490
-25,1491
-25,1492
-25,1493
-25,1494
-25,1495
-25,1496
-25,1497
-25,1498
-25,1499
-25,1500
-25,1501
-25,1502
-25,1503
-25,1504
-25,1505
-25,1506
-25,1507
-25,1508
-25,1509
-25,1510
-25,1511
-25,1512
-25,1513
-25,1514
-25,1515
-25,1516
-25,1517
-25,1518
-25,1519
-25,1520
-25,1521
-25,1522
-25,1523
-25,1524
-25,1525
-25,1526
-25,1527
-25,1528
-25,1529
-25,1530
-25,1531
-25,1532
-25,1533
-25,1534
-25,1535
-25,1536
-25,1537
-25,1538
-25,1539
-25,1540
-25,1541
-25,1542
-25,1543
-25,1544
-25,1545
-25,1546
-25,1547
-25,1548
-25,1549
-25,1550
-25,1551
-25,1552
-25,1553
-25,1554
-25,1555
-25,1556
-25,1557
-25,1558
-25,1559
-25,1560
-25,1561
-25,1562
-25,1563
-25,1564
-25,1565
-25,1566
-25,1567
-25,1568
-25,1569
-25,1570
-25,1571
-25,1572
-25,1573
-25,1574
-25,1575
-25,1576
-25,1577
-25,1578
-25,1579
-25,1580
-25,1581
-25,1582
-25,1583
-25,1584
-25,1585
-25,1586
-25,1587
-25,1588
-25,1589
-25,1590
-25,1591
-25,1592
-25,1593
-25,1594
-25,1595
-25,1596
-25,1597
-25,1598
-25,1599
-25,1600
-25,1601
-25,1602
-25,1603
-25,1604
-25,1605
-25,1606
-25,1607
-25,1608
-25,1609
-25,1610
-25,1611
-25,1612
-25,1613
-25,1614
-25,1615
:24_5,1616
:24_5,1617
:24_5,1618
:24_5,1619
:24_5,1620
:24_5,1621
-20,1622
-20,1623
-20,1624
-20,1625
-20,1626
-20,1627
-20,1628
-20,1629
-20,1630
-20,1631
-20,1632
-20,1633
-20,1634
-20,1635
-20,1636
-20,1637
-20,1638
-20,1639
-20,1640
-20,1641
-20,1642
-20,1643
-20,1644
-20,1645
-20,1646
-20,1647
-20,1648
-20,1649
-20,1650
-20,1651
-20,1652
-20,1653
-20,1654
-20,1655
-20,1656
-20,1657
-20,1658
-20,1659
-20,1660
-20,1661
-20,1662
-20,1663
-20,1664
-20,1665
-20,1666
-20,1667
-20,1668
-20,1669
-20,1670
-20,1671
-20,1672
-20,1673
-20,1674
-20,1675
-20,1676
-20,1677
-20,1678
-20,1679
-20,1680
-20,1681
-20,1682
-20,1683
-20,1684
-20,1685
-20,1686
-20,1687
-20,1688
-20,1689
-20,1690
-20,1691
-20,1692
-20,1693
-20,1694
-20,1695
-20,1696
-20,1697
-20,1698
-20,1699
-20,1700
-20,1701
-20,1702
-20,1703
-20,1704
-20,1705
-20,1706
-20,1707
-20,1708
-20,1709
-20,1710
-20,1711
-20,1712
-20,1713
-20,1714
-20,1715
-20,1716
-20,1717
-20,1718
-20,1719
-20,1720
-20,1721
-20,1722
-20,1723
-20,1724
-20,1725
:23_4,1726
:23_4,1727
:23_4,1728
:23_4,1729
:23_4,1730
:23_4,1731
:23_4,1732
-19,1733
-19,1734
-19,1735
-19,1736
-19,1737
-19,1738
-19,1739
-19,1740
-19,1741
-19,1742
-19,1743
-19,1744
-19,1745
-19,1746
-19,1747
-19,1748
-19,1749
-19,1750
-19,1751
-19,1752
-19,1753
-19,1754
-19,1755
-19,1756
-19,1757
-19,1758
-19,1759
-19,1760
-19,1761
-19,1762
-19,1763
-19,1764
-19,1765
-19,1766
-19,1767
-19,1768
-19,1769
-19,1770
-19,1771
-19,1772
-19,1773
-19,1774
-19,1775
-19,1776
-19,1777
-19,1778
-19,1779
-19,1780
-19,1781
-19,1782
-19,1783
-19,1784
-19,1785
-19,1786
-19,1787
-19,1788
-19,1789
-19,1790
-19,1791
-19,1792
-19,1793
-19,1794
-19,1795
-19,1796
-19,1797
-19,1798
-19,1799
-19,1800
-19,1801
-19,1802
-19,1803
-19,1804
-19,1805
-19,1806
-19,1807
-19,1808
-19,1809
-19,1810
-19,1811
-19,1812
-19,1813
-19,1814
-19,1815
-19,1816
-19,1817
-19,1818
-19,1819
-19,1820
-19,1821
-19,1822
-19,1823
-19,1824
-19,1825
-19,1826
-19,1827
-19,1828
-19,1829
-19,1830
-19,1831
-19,1832
-19,1833
-19,1834
-19,1835
-19,1836
-19,1837
-19,1838
-19,1839
-19,1840
:22_1,1841
:22_1,1842
:22_1,1843
:22_1,1844
:22_1,1845
:22_1,1846
23,1847
23,1848
23,1849
23,1850
23,1851
23,1852
23,1853
23,1854
23,1855
23,1856
23,1857
23,1858
23,1859
23,1860
23,1861
23,1862
23,1863
23,1864
23,1865
23,1866
23,1867
23,1868
23,1869
23,1870
23,1871
23,1872
23,1873
23,1874
23,1875
23,1876
23,1877
23,1878
23,1879
23,1880
23,1881
23,1882
23,1883
23,1884
23,1885
23,1886
23,1887
23,1888
23,1889
23,1890
23,1891
23,1892
23,1893
23,1894
23,1895
23,1896
23,1897
23,1898
23,1899
23,1900
23,1901
23,1902
23,1903
23,1904
23,1905
23,1906
23,1907
23,1908
23,1909
23,1910
23,1911
23,1912
23,1913
23,1914
23,1915
23,1916
23,1917
23,1918
23,1919
23,1920
23,1921
23,1922
23,1923
23,1924
23,1925
23,1926
23,1927
23,1928
23,1929
23,1930
23,1931
23,1932
23,1933
23,1934
23,1935
23,1936
23,1937
23,1938
23,1939
23,1940
23,1941
23,1942
23,1943
23,1944
23,1945
23,1946
23,1947
23,1948
23,1949
23,1950
23,1951
23,1952
23,1953
23,1954
23,1955
23,1956
23,1957
23,1958
23,1959
23,1960
23,1961
23,1962
23,1963
23,1964
23,1965
23,1966
23,1967
23,1968
23,1969
23,1970
23,1971
23,1972
23,1973
23,1974
23,1975
23,1976
23,1977
23,1978
23,1979
23,1980
23,1981
23,1982
23,1983
23,1984
23,1985
23,1986
23,1987
23,1988
23,1989
23,1990
23,1991
23,1992
23,1993
23,1994
23,1995
23,1996
23,1997
23,1998
23,1999
23,2000
