-638,1
-638,2
-638,3
-638,4
-638,5
-638,6
-638,7
-638,8
-638,9
-638,10
-638,11
-638,12
-638,13
-638,14
-638,15
-638,16
-638,17
-638,18
-638,19
-638,20
-638,21
-638,22
-638,23
-638,24
-638,25
-638,26
-638,27
-638,28
-638,29
-638,30
-638,31
-638,32
-638,33
-638,34
-638,35
-638,36
-638,37
-638,38
-638,39
-638,40
-638,41
-638,42
-638,43
-638,44
-638,45
-638,46
-638,47
-638,48
-638,49
-638,50
-638,51
-638,52
-638,53
-638,54
-638,55
-638,56
-638,57
-638,58
-638,59
-638,60
-638,61
-638,62
-638,63
-638,64
-638,65
-638,66
-638,67
-638,68
-638,69
-638,70
-638,71
-638,72
-638,73
-638,74
-638,75
-638,76
-638,77
-638,78
-638,79
-638,80
-638,81
-638,82
-638,83
-638,84
-638,85
-638,86
-638,87
-638,88
-638,89
-638,90
-638,91
-638,92
-638,93
-638,94
-638,95
-638,96
-638,97
-638,98
-638,99
-638,100
-638,101
-638,102
-638,103
-638,104
-638,105
-638,106
-638,107
-638,108
-638,109
-638,110
-638,111
-638,112
-638,113
-638,114
-638,115
-638,116
-638,117
-638,118
-638,119
-638,120
-638,121
-638,122
-638,123
-638,124
-638,125
-638,126
-638,127
-638,128
-638,129
-638,130
-638,131
-638,132
-638,133
-638,134
-638,135
-638,136
-638,137
-638,138
-638,139
-638,140
-638,141
-638,142
-638,143
-638,144
-638,145
-638,146
-638,147
-638,148
-638,149
-638,150
-638,151
-638,152
-638,153
-638,154
-638,155
-638,156
-638,157
-638,158
-638,159
-638,160
-638,161
-638,162
-638,163
-638,164
-638,165
-638,166
-638,167
-638,168
-638,169
-638,170
-638,171
-638,172
-638,173
-638,174
-638,175
-638,176
-638,177
-638,178
-638,179
-638,180
-638,181
-638,182
-638,183
-638,184
-638,185
-638,186
-638,187
-638,188
-638,189
-638,190
-638,191
-638,192
-638,193
-638,194
-638,195
-638,196
-638,197
-638,198
-638,199
-638,200
-638,201
-638,202
-638,203
-638,204
-638,205
-638,206
-638,207
-638,208
-638,209
-638,210
-638,211
-638,212
-638,213
-638,214
-638,215
-638,216
-638,217
-638,218
-638,219
-638,220
-638,221
-638,222
-638,223
-638,224
-638,225
-638,226
-638,227
-638,228
-638,229
-638,230
-638,231
-638,232
-638,233
-638,234
-638,235
-638,236
-638,237
-638,238
-638,239
-638,240
-638,241
-638,242
-638,243
-638,244
-638,245
-638,246
-638,247
-638,248
-638,249
-638,250
-638,251
-638,252
-638,253
-638,254
-638,255
-638,256
:158_12,257
:158_12,258
:158_12,259
-477,260
-477,261
-477,262
-477,263
-477,264
-477,265
-477,266
-477,267
-477,268
-477,269
-477,270
-477,271
-477,272
-477,273
-477,274
-477,275
-477,276
-477,277
-477,278
-477,279
-477,280
-477,281
-477,282
-477,283
-477,284
-477,285
-477,286
-477,287
-477,288
-477,289
-477,290
-477,291
-477,292
-477,293
-477,294
-477,295
-477,296
-477,297
-477,298
-477,299
-477,300
-477,301
-477,302
-477,303
-477,304
-477,305
-477,306
-477,307
-477,308
-477,309
-477,310
-477,311
-477,312
-477,313
-477,314
-477,315
-477,316
-477,317
-477,318
-477,319
-477,320
-477,321
-477,322
-477,323
-477,324
-477,325
-477,326
-477,327
-477,328
-477,329
-477,330
-477,331
-477,332
-477,333
-477,334
-477,335
-477,336
-477,337
-477,338
-477,339
-477,340
-477,341
-477,342
:286_1,343
:286_1,344
:286_1,345
:286_1,346
:286_1,347
:286_1,348
-298,349
-298,350
-298,351
-298,352
-298,353
-298,354
-298,355
-298,356
-298,357
-298,358
-298,359
-298,360
-298,361
-298,362
-298,363
-298,364
-298,365
-298,366
-298,367
-298,368
-298,369
-298,370
-298,371
-298,372
-298,373
-298,374
-298,375
-298,376
-298,377
-298,378
-298,379
-298,380
-298,381
-298,382
-298,383
-298,384
-298,385
-298,386
-298,387
-298,388
-298,389
-298,390
-298,391
-298,392
-298,393
-298,394
-298,395
-298,396
-298,397
-298,398
-298,399
-298,400
-298,401
-298,402
-298,403
-298,404
-298,405
-298,406
-298,407
-298,408
-298,409
-298,410
-298,411
-298,412
-298,413
-298,414
-298,415
-298,416
-298,417
:285_13,418
:285_13,419
:285_13,420
:285_13,421
:285_13,422
300,423
300,424
300,425
300,426
300,427
300,428
300,429
300,430
300,431
300,432
300,433
300,434
300,435
300,436
300,437
300,438
300,439
300,440
300,441
300,442
300,443
300,444
300,445
300,446
300,447
300,448
300,449
300,450
300,451
300,452
300,453
300,454
300,455
300,456
300,457
300,458
300,459
300,460
300,461
300,462
300,463
300,464
300,465
300,466
300,467
300,468
300,469
300,470
300,471
300,472
300,473
300,474
300,475
300,476
300,477
300,478
300,479
300,480
300,481
300,482
300,483
300,484
300,485
300,486
300,487
300,488
300,489
300,490
300,491
300,492
300,493
300,494
300,495
300,496
300,497
300,498
300,499
300,500
300,501
300,502
300,503
300,504
300,505
300,506
300,507
300,508
300,509
300,510
300,511
300,512
300,513
300,514
300,515
300,516
300,517
300,518
300,519
300,520
300,521
300,522
300,523
300,524
300,525
300,526
300,527
300,528
300,529
300,530
300,531
300,532
300,533
300,534
300,535
300,536
300,537
300,538
300,539
300,540
300,541
300,542
300,543
:244_0,544
:244_0,545
:244_0,546
437,547
437,548
437,549
437,550
437,551
437,552
437,553
437,554
437,555
437,556
437,557
437,558
437,559
437,560
437,561
437,562
437,563
437,564
437,565
437,566
437,567
437,568
437,569
437,570
437,571
437,572
437,573
437,574
437,575
437,576
437,577
437,578
437,579
437,580
437,581
437,582
437,583
437,584
437,585
437,586
437,587
437,588
437,589
437,590
437,591
437,592
437,593
437,594
437,595
437,596
437,597
437,598
437,599
437,600
437,601
437,602
437,603
437,604
437,605
437,606
437,607
437,608
437,609
437,610
437,611
437,612
437,613
437,614
437,615
437,616
437,617
437,618
437,619
437,620
437,621
437,622
437,623
437,624
437,625
437,626
437,627
437,628
437,629
437,630
437,631
437,632
437,633
437,634
437,635
437,636
437,637
437,638
437,639
437,640
437,641
437,642
437,643
437,644
437,645
437,646
437,647
437,648
437,649
437,650
437,651
437,652
437,653
437,654
437,655
437,656
437,657
437,658
437,659
437,660
437,661
437,662
437,663
437,664
437,665
437,666
437,667
437,668
437,669
437,670
437,671
437,672
437,673
437,674
437,675
437,676
437,677
437,678
437,679
437,680
437,681
437,682
437,683
437,684
437,685
437,686
437,687
437,688
437,689
437,690
437,691
437,692
437,693
437,694
437,695
437,696
437,697
437,698
437,699
437,700
437,701
437,702
437,703
437,704
437,705
437,706
437,707
437,708
437,709
437,710
437,711
437,712
437,713
437,714
437,715
437,716
437,717
437,718
437,719
437,720
437,721
437,722
437,723
437,724
437,725
437,726
437,727
437,728
437,729
437,730
437,731
437,732
437,733
437,734
437,735
437,736
437,737
437,738
437,739
437,740
437,741
437,742
437,743
437,744
437,745
437,746
437,747
437,748
437,749
437,750
437,751
437,752
437,753
437,754
437,755
437,756
437,757
437,758
437,759
437,760
437,761
437,762
437,763
437,764
437,765
437,766
437,767
437,768
437,769
437,770
437,771
437,772
437,773
437,774
437,775
437,776
437,777
437,778
437,779
437,780
437,781
437,782
437,783
437,784
437,785
437,786
437,787
437,788
437,789
437,790
437,791
437,792
437,793
437,794
:381_5,795
:381_5,796
:381_5,797
:381_5,798
:381_5,799
438,800
438,801
438,802
438,803
438,804
438,805
438,806
438,807
438,808
438,809
438,810
438,811
438,812
438,813
438,814
438,815
438,816
438,817
438,818
438,819
438,820
438,821
438,822
438,823
438,824
438,825
438,826
438,827
438,828
438,829
438,830
438,831
438,832
438,833
438,834
438,835
438,836
438,837
438,838
438,839
438,840
438,841
438,842
438,843
438,844
438,845
438,846
438,847
438,848
438,849
438,850
438,851
438,852
438,853
438,854
438,855
438,856
438,857
438,858
438,859
438,860
438,861
438,862
438,863
438,864
438,865
438,866
438,867
438,868
438,869
438,870
438,871
438,872
438,873
438,874
438,875
438,876
438,877
438,878
438,879
438,880
438,881
438,882
438,883
438,884
438,885
438,886
438,887
438,888
438,889
438,890
438,891
438,892
438,893
438,894
438,895
438,896
438,897
438,898
438,899
438,900
438,901
438,902
438,903
438,904
438,905
438,906
438,907
438,908
438,909
438,910
438,911
438,912
438,913
438,914
438,915
438,916
438,917
438,918
438,919
438,920
438,921
438,922
438,923
438,924
438,925
438,926
438,927
:75_5,928
:75_5,929
:75_5,930
:75_5,931
:75_5,932
:75_5,933
-65,934
-65,935
-65,936
-65,937
-65,938
-65,939
-65,940
-65,941
-65,942
-65,943
-65,944
-65,945
-65,946
-65,947
-65,948
-65,949
-65,950
-65,951
-65,952
-65,953
-65,954
-65,955
-65,956
-65,957
-65,958
-65,959
-65,960
-65,961
-65,962
-65,963
-65,964
-65,965
-65,966
-65,967
-65,968
-65,969
-65,970
-65,971
-65,972
-65,973
-65,974
-65,975
-65,976
-65,977
-65,978
-65,979
-65,980
-65,981
-65,982
-65,983
-65,984
-65,985
-65,986
-65,987
-65,988
-65,989
-65,990
-65,991
-65,992
-65,993
-65,994
-65,995
-65,996
-65,997
-65,998
-65,999
-65,1000
-65,1001
-65,1002
-65,1003
-65,1004
-65,1005
-65,1006
-65,1007
-65,1008
-65,1009
-65,1010
-65,1011
-65,1012
-65,1013
-65,1014
-65,1015
-65,1016
-65,1017
-65,1018
-65,1019
-65,1020
-65,1021
-65,1022
-65,1023
-65,1024
-65,1025
-65,1026
-65,1027
-65,1028
-65,1029
-65,1030
-65,1031
-65,1032
-65,1033
-65,1034
-65,1035
-65,1036
-65,1037
-65,1038
-65,1039
-65,1040
-65,1041
-65,1042
-65,1043
-65,1044
-65,1045
-65,1046
-65,1047
-65,1048
-65,1049
-65,1050
-65,1051
-65,1052
-65,1053
-65,1054
-65,1055
-65,1056
-65,1057
-65,1058
:74_6,1059
:74_6,1060
:74_16,1061
:74_16,1062
:74_16,1063
67,1064
67,1065
67,1066
67,1067
67,1068
67,1069
67,1070
67,1071
67,1072
67,1073
67,1074
67,1075
67,1076
67,1077
67,1078
67,1079
67,1080
67,1081
67,1082
67,1083
67,1084
67,1085
67,1086
67,1087
67,1088
67,1089
67,1090
67,1091
67,1092
67,1093
67,1094
67,1095
67,1096
67,1097
67,1098
67,1099
67,1100
67,1101
67,1102
67,1103
67,1104
67,1105
67,1106
67,1107
67,1108
67,1109
67,1110
67,1111
67,1112
67,1113
67,1114
67,1115
67,1116
67,1117
67,1118
67,1119
67,1120
67,1121
67,1122
67,1123
67,1124
67,1125
67,1126
67,1127
67,1128
67,1129
67,1130
67,1131
67,1132
67,1133
67,1134
67,1135
67,1136
67,1137
67,1138
67,1139
67,1140
67,1141
67,1142
67,1143
67,1144
67,1145
67,1146
67,1147
67,1148
67,1149
67,1150
67,1151
67,1152
67,1153
67,1154
67,1155
67,1156
67,1157
67,1158
67,1159
67,1160
67,1161
67,1162
67,1163
67,1164
67,1165
67,1166
67,1167
67,1168
67,1169
67,1170
67,1171
67,1172
67,1173
67,1174
67,1175
67,1176
67,1177
67,1178
67,1179
67,1180
67,1181
67,1182
67,1183
67,1184
67,1185
67,1186
67,1187
67,1188
67,1189
67,1190
:77_6,1191
:77_6,1192
:77_6,1193
:77_6,1194
:77_6,1195
-121,1196
-121,1197
-121,1198
-121,1199
-121,1200
-121,1201
-121,1202
-121,1203
-121,1204
-121,1205
-121,1206
-121,1207
-121,1208
-121,1209
-121,1210
-121,1211
-121,1212
-121,1213
-121,1214
-121,1215
-121,1216
-121,1217
-121,1218
-121,1219
-121,1220
-121,1221
-121,1222
-121,1223
-121,1224
-121,1225
-121,1226
-121,1227
-121,1228
-121,1229
-121,1230
-121,1231
-121,1232
-121,1233
-121,1234
-121,1235
-121,1236
-121,1237
-121,1238
-121,1239
-121,1240
-121,1241
-121,1242
-121,1243
-121,1244
-121,1245
-121,1246
-121,1247
-121,1248
-121,1249
-121,1250
-121,1251
-121,1252
-121,1253
-121,1254
-121,1255
-121,1256
-121,1257
-121,1258
-121,1259
-121,1260
-121,1261
-121,1262
-121,1263
-121,1264
-121,1265
-121,1266
-121,1267
-121,1268
-121,1269
-121,1270
-121,1271
:137_0,1272
:137_0,1273
:137_0,1274
:137_0,1275
:137_0,1276
:137_0,1277
122,1278
122,1279
122,1280
122,1281
122,1282
122,1283
122,1284
122,1285
122,1286
122,1287
122,1288
122,1289
122,1290
122,1291
122,1292
122,1293
122,1294
122,1295
122,1296
122,1297
122,1298
122,1299
122,1300
122,1301
122,1302
122,1303
122,1304
122,1305
122,1306
122,1307
122,1308
122,1309
122,1310
122,1311
122,1312
122,1313
122,1314
122,1315
122,1316
122,1317
122,1318
122,1319
122,1320
122,1321
122,1322
122,1323
122,1324
122,1325
122,1326
122,1327
122,1328
122,1329
122,1330
122,1331
122,1332
122,1333
122,1334
122,1335
122,1336
122,1337
122,1338
122,1339
122,1340
122,1341
122,1342
122,1343
122,1344
122,1345
122,1346
122,1347
122,1348
122,1349
122,1350
122,1351
122,1352
122,1353
122,1354
122,1355
122,1356
122,1357
122,1358
122,1359
122,1360
122,1361
122,1362
122,1363
:60_6,1364
:60_6,1365
:60_6,1366
:60_6,1367
:60_6,1368
-52,1369
-52,1370
-52,1371
-52,1372
-52,1373
-52,1374
-52,1375
-52,1376
-52,1377
-52,1378
-52,1379
-52,1380
-52,1381
-52,1382
-52,1383
-52,1384
-52,1385
-52,1386
-52,1387
-52,1388
-52,1389
-52,1390
-52,1391
-52,1392
-52,1393
-52,1394
-52,1395
-52,1396
-52,1397
-52,1398
-52,1399
-52,1400
-52,1401
-52,1402
-52,1403
-52,1404
-52,1405
-52,1406
-52,1407
-52,1408
-52,1409
-52,1410
-52,1411
-52,1412
-52,1413
-52,1414
-52,1415
-52,1416
-52,1417
-52,1418
-52,1419
-52,1420
-52,1421
-52,1422
-52,1423
-52,1424
-52,1425
-52,1426
-52,1427
-52,1428
-52,1429
-52,1430
-52,1431
-52,1432
-52,1433
-52,1434
-52,1435
-52,1436
-52,1437
-52,1438
-52,1439
-52,1440
-52,1441
-52,1442
-52,1443
-52,1444
-52,1445
-52,1446
-52,1447
-52,1448
-52,1449
-52,1450
-52,1451
-52,1452
-52,1453
-52,1454
-52,1455
-52,1456
-52,1457
-52,1458
-52,1459
-52,1460
-52,1461
-52,1462
-52,1463
-52,1464
-52,1465
-52,1466
-52,1467
-52,1468
-52,1469
-52,1470
-52,1471
-52,1472
-52,1473
-52,1474
-52,1475
-52,1476
-52,1477
-52,1478
-52,1479
-52,1480
-52,1481
-52,1482
-52,1483
-52,1484
-52,1485
-52,1486
-52,1487
-52,1488
-52,1489
-52,1490
-52,1491
-52,1492
-52,1493
-52,1494
-52,1495
-52,1496
-52,1497
-52,1498
-52,1499
-52,1500
-52,1501
-52,1502
-52,1503
-52,1504
-52,1505
-52,1506
-52,1507
-52,1508
-52,1509
-52,1510
-52,1511
-52,1512
-52,1513
-52,1514
-52,1515
-52,1516
-52,1517
-52,1518
-52,1519
-52,1520
-52,1521
:58_1,1522
:58_1,1523
:58_1,1524
:58_1,1525
:58_1,1526
51,1527
51,1528
51,1529
51,1530
51,1531
51,1532
51,1533
51,1534
51,1535
51,1536
51,1537
51,1538
51,1539
51,1540
51,1541
51,1542
51,1543
51,1544
51,1545
51,1546
51,1547
51,1548
51,1549
51,1550
51,1551
51,1552
51,1553
51,1554
51,1555
51,1556
51,1557
51,1558
51,1559
51,1560
51,1561
51,1562
51,1563
51,1564
51,1565
51,1566
51,1567
51,1568
51,1569
51,1570
51,1571
51,1572
51,1573
51,1574
51,1575
51,1576
51,1577
51,1578
51,1579
51,1580
51,1581
51,1582
51,1583
51,1584
51,1585
51,1586
51,1587
51,1588
51,1589
51,1590
51,1591
51,1592
51,1593
51,1594
51,1595
51,1596
51,1597
51,1598
51,1599
51,1600
51,1601
51,1602
51,1603
51,1604
51,1605
51,1606
51,1607
51,1608
51,1609
51,1610
51,1611
51,1612
51,1613
51,1614
51,1615
51,1616
51,1617
51,1618
51,1619
51,1620
51,1621
51,1622
51,1623
51,1624
51,1625
51,1626
51,1627
51,1628
51,1629
51,1630
51,1631
51,1632
51,1633
51,1634
51,1635
51,1636
51,1637
51,1638
51,1639
51,1640
51,1641
51,1642
51,1643
51,1644
51,1645
51,1646
51,1647
51,1648
51,1649
51,1650
51,1651
51,1652
51,1653
51,1654
51,1655
51,1656
51,1657
51,1658
51,1659
51,1660
51,1661
51,1662
51,1663
51,1664
51,1665
51,1666
51,1667
:59_7,1668
:59_7,1669
:59_7,1670
:59_7,1671
:59_7,1672
:59_7,1673
-304,1674
-304,1675
-304,1676
-304,1677
-304,1678
-304,1679
-304,1680
-304,1681
-304,1682
-304,1683
-304,1684
-304,1685
-304,1686
-304,1687
-304,1688
-304,1689
-304,1690
-304,1691
-304,1692
-304,1693
-304,1694
-304,1695
-304,1696
-304,1697
-304,1698
-304,1699
-304,1700
-304,1701
-304,1702
-304,1703
-304,1704
-304,1705
-304,1706
-304,1707
-304,1708
-304,1709
-304,1710
-304,1711
-304,1712
-304,1713
-304,1714
-304,1715
-304,1716
-304,1717
-304,1718
-304,1719
-304,1720
-304,1721
-304,1722
-304,1723
-304,1724
-304,1725
-304,1726
-304,1727
-304,1728
-304,1729
-304,1730
-304,1731
-304,1732
-304,1733
-304,1734
-304,1735
-304,1736
-304,1737
-304,1738
-304,1739
-304,1740
-304,1741
-304,1742
-304,1743
-304,1744
-304,1745
-304,1746
-304,1747
-304,1748
-304,1749
-304,1750
-304,1751
-304,1752
-304,1753
-304,1754
-304,1755
-304,1756
-304,1757
-304,1758
-304,1759
-304,1760
-304,1761
-304,1762
:289_0,1763
:289_0,1764
:289_0,1765
:289_0,1766
:289_0,1767
302,1768
302,1769
302,1770
302,1771
302,1772
302,1773
302,1774
302,1775
302,1776
302,1777
302,1778
302,1779
302,1780
302,1781
302,1782
302,1783
302,1784
302,1785
302,1786
302,1787
302,1788
302,1789
302,1790
302,1791
302,1792
302,1793
302,1794
302,1795
302,1796
302,1797
302,1798
302,1799
302,1800
302,1801
302,1802
302,1803
302,1804
302,1805
-192,1806
-192,1807
-192,1808
-192,1809
-192,1810
-192,1811
-192,1812
-192,1813
-192,1814
-192,1815
-192,1816
-192,1817
-192,1818
-192,1819
-192,1820
-192,1821
-192,1822
-192,1823
-192,1824
-192,1825
-192,1826
-192,1827
-192,1828
-192,1829
-192,1830
-192,1831
-192,1832
-192,1833
-192,1834
-192,1835
-192,1836
-192,1837
-192,1838
-192,1839
-192,1840
-192,1841
-192,1842
-192,1843
-192,1844
-192,1845
-192,1846
-192,1847
-192,1848
-192,1849
-192,1850
-192,1851
-192,1852
-192,1853
-192,1854
-192,1855
-192,1856
-192,1857
-192,1858
-192,1859
-192,1860
-192,1861
-192,1862
-192,1863
-192,1864
-192,1865
-192,1866
-192,1867
-192,1868
-192,1869
-192,1870
-192,1871
-192,1872
-192,1873
-192,1874
-192,1875
-192,1876
-192,1877
-192,1878
-192,1879
-192,1880
-192,1881
-192,1882
-192,1883
-192,1884
-192,1885
-192,1886
-192,1887
-192,1888
-192,1889
-192,1890
-192,1891
-192,1892
-192,1893
-192,1894
-192,1895
-192,1896
-192,1897
-192,1898
-192,1899
-192,1900
-192,1901
:68_1,1902
:68_1,1903
:68_1,1904
:68_1,1905
:68_1,1906
-59,1907
-59,1908
-59,1909
-59,1910
-59,1911
-59,1912
-59,1913
-59,1914
-59,1915
-59,1916
-59,1917
-59,1918
-59,1919
-59,1920
-59,1921
-59,1922
-59,1923
-59,1924
-59,1925
-59,1926
-59,1927
-59,1928
-59,1929
-59,1930
-59,1931
-59,1932
-59,1933
-59,1934
-59,1935
-59,1936
-59,1937
-59,1938
-59,1939
-59,1940
-59,1941
-59,1942
-59,1943
-59,1944
-59,1945
-59,1946
-59,1947
-59,1948
-59,1949
-59,1950
-59,1951
-59,1952
-59,1953
-59,1954
-59,1955
-59,1956
-59,1957
-59,1958
-59,1959
-59,1960
-59,1961
-59,1962
-59,1963
-59,1964
-59,1965
-59,1966
-59,1967
-59,1968
-59,1969
-59,1970
-59,1971
-59,1972
-59,1973
-59,1974
-59,1975
-59,1976
