-137,1
-137,2
-137,3
-137,4
-137,5
-137,6
-137,7
-137,8
-137,9
-137,10
-137,11
-137,12
-137,13
-137,14
-137,15
-137,16
-137,17
-137,18
-137,19
-137,20
-137,21
-137,22
-137,23
-137,24
-137,25
-137,26
-137,27
-137,28
-137,29
-137,30
-137,31
-137,32
-137,33
-137,34
-137,35
-137,36
-137,37
-137,38
-137,39
-137,40
-137,41
-137,42
-137,43
-137,44
-137,45
-137,46
-137,47
-137,48
-137,49
-137,50
-137,51
-137,52
-137,53
-137,54
-137,55
-137,56
-137,57
-137,58
-137,59
-137,60
-137,61
-137,62
-137,63
-137,64
-137,65
-137,66
-137,67
-137,68
-137,69
-137,70
-137,71
-137,72
-137,73
-137,74
-137,75
-137,76
-137,77
-137,78
-137,79
-137,80
-137,81
-137,82
-137,83
-137,84
-137,85
-137,86
-137,87
-137,88
-137,89
-137,90
-137,91
-137,92
-137,93
-137,94
-137,95
-137,96
-137,97
-137,98
-137,99
-137,100
-137,101
-137,102
:151_3,103
:151_3,104
:151_3,105
-569,106
-569,107
-569,108
-569,109
-569,110
-569,111
-569,112
-569,113
-569,114
-569,115
-569,116
-569,117
-569,118
-569,119
-569,120
-569,121
-569,122
-569,123
-569,124
-569,125
-569,126
-569,127
-569,128
-569,129
-569,130
-569,131
-569,132
-569,133
-569,134
-569,135
-569,136
-569,137
-569,138
-569,139
-569,140
-569,141
-569,142
-569,143
-569,144
-569,145
-569,146
-569,147
-569,148
-569,149
-569,150
-569,151
-569,152
-569,153
-569,154
-569,155
-569,156
-569,157
-569,158
-569,159
-569,160
-569,161
-569,162
-569,163
-569,164
-569,165
-569,166
-569,167
-569,168
-569,169
-569,170
-569,171
-569,172
-569,173
-569,174
-569,175
-569,176
-569,177
-569,178
-569,179
-569,180
-569,181
-569,182
-569,183
-569,184
-569,185
-569,186
-569,187
-569,188
-569,189
-569,190
-569,191
-569,192
-569,193
-569,194
:64_3,195
:64_3,196
:64_3,197
:64_3,198
:64_3,199
-56,200
-56,201
-56,202
-56,203
-56,204
-56,205
-56,206
-56,207
-56,208
-56,209
-56,210
-56,211
-56,212
-56,213
-56,214
-56,215
-56,216
-56,217
-56,218
-56,219
-56,220
-56,221
-56,222
-56,223
-56,224
-56,225
-56,226
-56,227
-56,228
-56,229
-56,230
-56,231
-56,232
-56,233
-56,234
-56,235
-56,236
-56,237
-56,238
-56,239
-56,240
-56,241
-56,242
-56,243
-56,244
-56,245
-56,246
-56,247
-56,248
-56,249
-56,250
-56,251
-56,252
-56,253
-56,254
-56,255
-56,256
-56,257
-56,258
-56,259
-56,260
-56,261
-56,262
-56,263
-56,264
-56,265
-56,266
-56,267
-56,268
-56,269
-56,270
-56,271
-56,272
-56,273
-56,274
-56,275
-56,276
-56,277
-56,278
-56,279
-56,280
-56,281
-56,282
-56,283
-56,284
-56,285
-56,286
-56,287
-56,288
-56,289
-56,290
-56,291
-56,292
-56,293
-56,294
-56,295
-56,296
-56,297
-56,298
-56,299
-56,300
-56,301
-56,302
-56,303
-56,304
-56,305
-56,306
-56,307
-56,308
-56,309
-56,310
-56,311
-56,312
-56,313
-56,314
-56,315
-56,316
-56,317
-56,318
-56,319
-56,320
-56,321
-56,322
-56,323
-56,324
-56,325
-56,326
-56,327
-56,328
-56,329
-56,330
-56,331
-56,332
-56,333
-56,334
-56,335
-56,336
-56,337
-56,338
-56,339
-56,340
-56,341
-56,342
-56,343
-56,344
-56,345
-56,346
-56,347
-56,348
-56,349
-56,350
-56,351
-56,352
-56,353
-56,354
-56,355
-56,356
:58_14,357
:58_14,358
:58_14,359
:58_14,360
:58_14,361
52,362
52,363
52,364
52,365
52,366
52,367
52,368
52,369
52,370
52,371
52,372
52,373
52,374
52,375
52,376
52,377
52,378
52,379
52,380
52,381
52,382
52,383
52,384
52,385
52,386
52,387
52,388
52,389
52,390
52,391
52,392
52,393
52,394
52,395
52,396
52,397
52,398
52,399
52,400
52,401
52,402
52,403
52,404
52,405
52,406
52,407
52,408
52,409
52,410
52,411
52,412
52,413
52,414
52,415
52,416
52,417
52,418
52,419
52,420
52,421
52,422
52,423
52,424
52,425
52,426
52,427
52,428
52,429
52,430
52,431
52,432
52,433
52,434
52,435
52,436
52,437
52,438
52,439
52,440
52,441
52,442
52,443
52,444
52,445
52,446
52,447
52,448
52,449
52,450
52,451
52,452
52,453
52,454
52,455
52,456
52,457
52,458
52,459
52,460
52,461
52,462
52,463
52,464
52,465
52,466
52,467
52,468
52,469
52,470
52,471
52,472
52,473
52,474
52,475
52,476
52,477
52,478
52,479
52,480
52,481
52,482
52,483
52,484
52,485
52,486
52,487
52,488
52,489
52,490
52,491
52,492
52,493
52,494
:60_4,495
:60_4,496
:60_4,497
:60_4,498
-122,499
-122,500
-122,501
-122,502
-122,503
-122,504
-122,505
-122,506
-122,507
-122,508
-122,509
-122,510
-122,511
-122,512
-122,513
-122,514
-122,515
-122,516
-122,517
-122,518
-122,519
-122,520
-122,521
-122,522
-122,523
-122,524
-122,525
-122,526
-122,527
-122,528
-122,529
-122,530
-122,531
-122,532
-122,533
-122,534
-122,535
-122,536
-122,537
-122,538
-122,539
-122,540
-122,541
-122,542
-122,543
-122,544
-122,545
-122,546
-122,547
-122,548
-122,549
-122,550
-122,551
-122,552
-122,553
-122,554
-122,555
-122,556
-122,557
-122,558
-122,559
-122,560
-122,561
-122,562
-122,563
-122,564
-122,565
-122,566
-122,567
-122,568
-122,569
-122,570
-122,571
-122,572
-122,573
:137_7,574
:137_7,575
:137_7,576
:137_7,577
:137_7,578
121,579
121,580
121,581
121,582
121,583
121,584
121,585
121,586
121,587
121,588
121,589
121,590
121,591
121,592
121,593
121,594
121,595
121,596
121,597
121,598
121,599
121,600
121,601
121,602
121,603
121,604
121,605
121,606
121,607
121,608
121,609
121,610
121,611
121,612
121,613
121,614
121,615
121,616
121,617
121,618
121,619
121,620
121,621
121,622
121,623
121,624
121,625
121,626
121,627
121,628
121,629
121,630
121,631
121,632
121,633
121,634
121,635
121,636
121,637
121,638
121,639
121,640
121,641
121,642
121,643
121,644
:77_4,645
:77_4,646
:77_4,647
:77_4,648
:77_4,649
-67,650
-67,651
-67,652
-67,653
-67,654
-67,655
-67,656
-67,657
-67,658
-67,659
-67,660
-67,661
-67,662
-67,663
-67,664
-67,665
-67,666
-67,667
-67,668
-67,669
-67,670
-67,671
-67,672
-67,673
-67,674
-67,675
-67,676
-67,677
-67,678
-67,679
-67,680
-67,681
-67,682
-67,683
-67,684
-67,685
-67,686
-67,687
-67,688
-67,689
-67,690
-67,691
-67,692
-67,693
-67,694
-67,695
-67,696
-67,697
-67,698
-67,699
-67,700
-67,701
-67,702
-67,703
-67,704
-67,705
-67,706
-67,707
-67,708
-67,709
-67,710
-67,711
-67,712
-67,713
-67,714
-67,715
-67,716
-67,717
-67,718
-67,719
-67,720
-67,721
-67,722
-67,723
-67,724
-67,725
-67,726
-67,727
-67,728
-67,729
-67,730
-67,731
-67,732
-67,733
-67,734
-67,735
-67,736
-67,737
-67,738
-67,739
-67,740
-67,741
-67,742
-67,743
-67,744
-67,745
-67,746
-67,747
-67,748
-67,749
-67,750
-67,751
-67,752
-67,753
-67,754
-67,755
-67,756
-67,757
-67,758
-67,759
:74_9,760
:74_9,761
:74_9,762
:74_9,763
:74_9,764
66,765
66,766
66,767
66,768
66,769
66,770
66,771
66,772
66,773
66,774
66,775
66,776
66,777
66,778
66,779
66,780
66,781
66,782
66,783
66,784
66,785
66,786
66,787
66,788
66,789
66,790
66,791
66,792
66,793
66,794
66,795
66,796
66,797
66,798
66,799
66,800
66,801
66,802
66,803
66,804
66,805
66,806
66,807
66,808
66,809
66,810
66,811
66,812
66,813
66,814
66,815
66,816
66,817
66,818
66,819
66,820
66,821
66,822
66,823
66,824
66,825
66,826
66,827
66,828
66,829
66,830
66,831
66,832
66,833
66,834
66,835
66,836
66,837
66,838
66,839
66,840
66,841
66,842
66,843
66,844
66,845
66,846
66,847
66,848
66,849
66,850
66,851
66,852
66,853
66,854
66,855
66,856
66,857
66,858
66,859
66,860
66,861
66,862
66,863
:76_9,864
:76_9,865
:76_9,866
:76_9,867
:76_9,868
-460,869
-460,870
-460,871
-460,872
-460,873
-460,874
-460,875
-460,876
-460,877
-460,878
-460,879
-460,880
-460,881
-460,882
-460,883
-460,884
-460,885
-460,886
-460,887
-460,888
-460,889
-460,890
-460,891
-460,892
-460,893
-460,894
-460,895
-460,896
-460,897
-460,898
-460,899
-460,900
-460,901
-460,902
-460,903
-460,904
-460,905
-460,906
-460,907
-460,908
-460,909
-460,910
-460,911
-460,912
-460,913
-460,914
-460,915
-460,916
-460,917
-460,918
-460,919
-460,920
-460,921
-460,922
-460,923
-460,924
-460,925
-460,926
-460,927
-460,928
:391_7,929
:391_7,930
:391_7,931
:391_7,932
458,933
458,934
458,935
458,936
458,937
458,938
458,939
458,940
458,941
458,942
458,943
458,944
458,945
458,946
458,947
458,948
458,949
458,950
458,951
458,952
458,953
458,954
458,955
458,956
458,957
458,958
458,959
458,960
458,961
458,962
458,963
458,964
458,965
458,966
458,967
458,968
458,969
458,970
458,971
458,972
458,973
458,974
458,975
458,976
458,977
458,978
458,979
458,980
458,981
458,982
458,983
458,984
458,985
458,986
458,987
458,988
458,989
458,990
458,991
458,992
458,993
458,994
458,995
458,996
458,997
458,998
458,999
458,1000
458,1001
458,1002
458,1003
458,1004
458,1005
458,1006
:167_3,1007
:167_3,1008
:167_3,1009
398,1010
398,1011
398,1012
398,1013
398,1014
398,1015
398,1016
398,1017
398,1018
398,1019
398,1020
398,1021
398,1022
398,1023
398,1024
398,1025
398,1026
398,1027
398,1028
398,1029
398,1030
398,1031
398,1032
398,1033
398,1034
398,1035
398,1036
398,1037
398,1038
398,1039
398,1040
398,1041
398,1042
398,1043
398,1044
398,1045
398,1046
398,1047
398,1048
398,1049
398,1050
398,1051
398,1052
398,1053
398,1054
398,1055
398,1056
398,1057
398,1058
398,1059
398,1060
398,1061
398,1062
398,1063
398,1064
398,1065
398,1066
398,1067
398,1068
398,1069
398,1070
398,1071
398,1072
398,1073
398,1074
398,1075
398,1076
398,1077
398,1078
398,1079
398,1080
398,1081
398,1082
398,1083
398,1084
398,1085
398,1086
398,1087
398,1088
398,1089
398,1090
398,1091
398,1092
398,1093
398,1094
398,1095
398,1096
398,1097
398,1098
398,1099
398,1100
398,1101
398,1102
398,1103
398,1104
398,1105
398,1106
398,1107
398,1108
398,1109
398,1110
398,1111
398,1112
398,1113
398,1114
:359_9,1115
:359_9,1116
:359_9,1117
:359_9,1118
:359_9,1119
658,1120
658,1121
658,1122
658,1123
658,1124
658,1125
658,1126
658,1127
658,1128
658,1129
658,1130
658,1131
658,1132
658,1133
658,1134
658,1135
658,1136
658,1137
658,1138
658,1139
658,1140
658,1141
658,1142
658,1143
658,1144
658,1145
658,1146
658,1147
658,1148
658,1149
658,1150
658,1151
658,1152
658,1153
658,1154
658,1155
658,1156
658,1157
658,1158
658,1159
658,1160
658,1161
658,1162
658,1163
658,1164
658,1165
658,1166
658,1167
658,1168
658,1169
658,1170
658,1171
658,1172
658,1173
658,1174
658,1175
658,1176
658,1177
658,1178
658,1179
658,1180
658,1181
658,1182
658,1183
658,1184
658,1185
658,1186
658,1187
658,1188
658,1189
658,1190
658,1191
658,1192
658,1193
658,1194
658,1195
658,1196
658,1197
658,1198
658,1199
658,1200
658,1201
658,1202
658,1203
658,1204
658,1205
658,1206
658,1207
658,1208
658,1209
658,1210
658,1211
658,1212
658,1213
658,1214
658,1215
658,1216
658,1217
658,1218
658,1219
658,1220
658,1221
658,1222
658,1223
658,1224
658,1225
658,1226
658,1227
658,1228
:360_10,1229
:360_10,1230
:360_18,1231
:360_18,1232
-400,1233
-400,1234
-400,1235
-400,1236
-400,1237
-400,1238
-400,1239
-400,1240
-400,1241
-400,1242
-400,1243
-400,1244
-400,1245
-400,1246
-400,1247
-400,1248
-400,1249
-400,1250
-400,1251
-400,1252
-400,1253
-400,1254
-400,1255
-400,1256
-400,1257
-400,1258
-400,1259
-400,1260
-400,1261
-400,1262
-400,1263
-400,1264
-400,1265
-400,1266
-400,1267
-400,1268
-400,1269
-400,1270
-400,1271
-400,1272
-400,1273
-400,1274
-400,1275
-400,1276
-400,1277
-400,1278
-400,1279
-400,1280
-400,1281
-400,1282
-400,1283
-400,1284
-400,1285
-400,1286
-400,1287
-400,1288
-400,1289
-400,1290
-400,1291
-400,1292
-400,1293
:159_3,1294
:159_3,1295
:159_3,1296
-144,1297
-144,1298
-144,1299
-144,1300
-144,1301
-144,1302
-144,1303
-144,1304
-144,1305
-144,1306
-144,1307
-144,1308
-144,1309
-144,1310
-144,1311
-144,1312
-144,1313
-144,1314
-144,1315
-144,1316
-144,1317
-144,1318
-144,1319
-144,1320
-144,1321
-144,1322
-144,1323
-144,1324
-144,1325
-144,1326
-144,1327
-144,1328
-144,1329
-144,1330
-144,1331
-144,1332
-144,1333
-144,1334
-144,1335
-144,1336
-144,1337
-144,1338
-144,1339
-144,1340
-144,1341
-144,1342
-144,1343
-144,1344
-144,1345
-144,1346
-144,1347
-144,1348
-144,1349
-144,1350
-144,1351
-144,1352
-144,1353
-144,1354
-144,1355
-144,1356
-144,1357
-144,1358
-144,1359
-144,1360
-144,1361
-144,1362
-144,1363
-144,1364
-144,1365
-144,1366
-144,1367
-144,1368
-144,1369
-144,1370
-144,1371
-144,1372
-144,1373
-144,1374
-144,1375
-144,1376
-144,1377
-144,1378
-144,1379
-144,1380
-144,1381
-144,1382
-144,1383
-144,1384
-144,1385
-144,1386
-144,1387
-144,1388
-144,1389
-144,1390
-144,1391
-144,1392
-144,1393
-144,1394
-144,1395
-144,1396
-144,1397
-144,1398
-144,1399
-144,1400
-144,1401
-144,1402
-144,1403
-144,1404
-144,1405
-144,1406
-144,1407
-144,1408
-144,1409
-144,1410
-144,1411
-144,1412
-144,1413
-144,1414
-144,1415
-144,1416
-144,1417
-144,1418
-144,1419
-144,1420
-144,1421
-144,1422
-144,1423
-144,1424
-144,1425
-144,1426
-144,1427
-144,1428
-144,1429
-144,1430
-144,1431
-144,1432
-144,1433
-144,1434
-144,1435
-144,1436
-144,1437
-144,1438
-144,1439
-144,1440
-144,1441
-144,1442
-144,1443
-144,1444
-144,1445
-144,1446
-144,1447
-144,1448
-144,1449
-144,1450
-144,1451
-144,1452
-144,1453
-144,1454
-144,1455
-144,1456
-144,1457
-144,1458
-144,1459
-144,1460
-144,1461
-144,1462
-144,1463
-144,1464
-144,1465
-144,1466
-144,1467
-144,1468
-144,1469
-144,1470
-144,1471
-144,1472
-144,1473
-144,1474
-144,1475
-144,1476
-144,1477
-144,1478
-144,1479
-144,1480
-144,1481
-144,1482
-144,1483
-144,1484
-144,1485
-144,1486
-144,1487
-144,1488
-144,1489
-144,1490
-144,1491
-144,1492
-144,1493
-144,1494
-144,1495
-144,1496
-144,1497
-144,1498
-144,1499
-144,1500
-144,1501
-144,1502
-144,1503
-144,1504
-144,1505
-144,1506
-144,1507
-144,1508
-144,1509
-144,1510
-144,1511
-144,1512
-144,1513
-144,1514
-144,1515
-144,1516
-144,1517
-144,1518
-144,1519
-144,1520
-144,1521
-144,1522
-144,1523
:135_7,1524
:135_7,1525
:135_7,1526
:135_7,1527
-118,1528
-118,1529
-118,1530
-118,1531
-118,1532
-118,1533
-118,1534
-118,1535
-118,1536
-118,1537
-118,1538
-118,1539
-118,1540
-118,1541
-118,1542
-118,1543
-118,1544
-118,1545
-118,1546
-118,1547
-118,1548
-118,1549
-118,1550
-118,1551
-118,1552
-118,1553
-118,1554
-118,1555
-118,1556
-118,1557
-118,1558
-118,1559
-118,1560
-118,1561
-118,1562
-118,1563
-118,1564
-118,1565
-118,1566
-118,1567
-118,1568
-118,1569
-118,1570
-118,1571
-118,1572
-118,1573
-118,1574
-118,1575
-118,1576
-118,1577
-118,1578
-118,1579
-118,1580
-118,1581
-118,1582
-118,1583
-118,1584
-118,1585
-118,1586
-118,1587
-118,1588
-118,1589
-118,1590
-118,1591
-118,1592
-118,1593
-118,1594
-118,1595
-118,1596
-118,1597
-118,1598
-118,1599
-118,1600
-118,1601
-118,1602
-118,1603
-118,1604
-118,1605
-118,1606
-118,1607
-118,1608
-118,1609
-118,1610
-118,1611
-118,1612
-118,1613
-118,1614
-118,1615
-118,1616
-118,1617
-118,1618
-118,1619
-118,1620
-118,1621
-118,1622
-118,1623
-118,1624
-118,1625
-118,1626
-118,1627
-118,1628
-118,1629
-118,1630
-118,1631
-118,1632
-118,1633
-118,1634
-118,1635
-118,1636
-118,1637
-118,1638
-118,1639
-118,1640
-118,1641
-118,1642
-118,1643
-118,1644
-118,1645
-118,1646
-118,1647
-118,1648
-118,1649
-118,1650
-118,1651
-118,1652
-118,1653
-118,1654
-118,1655
-118,1656
-118,1657
-118,1658
-118,1659
-118,1660
-118,1661
-118,1662
-118,1663
-118,1664
-118,1665
-118,1666
-118,1667
-118,1668
-118,1669
-118,1670
-118,1671
-118,1672
-118,1673
-118,1674
-118,1675
-118,1676
-118,1677
-118,1678
-118,1679
-118,1680
-118,1681
-118,1682
-118,1683
-118,1684
-118,1685
-118,1686
-118,1687
-118,1688
-118,1689
