307,21
307,22
307,23
307,24
307,25
307,26
307,27
307,28
307,29
307,30
307,31
307,32
307,33
307,34
307,35
307,36
307,37
307,38
307,39
307,40
307,41
307,42
307,43
307,44
307,45
307,46
307,47
307,48
307,49
307,50
307,51
307,52
307,53
307,54
307,55
307,56
307,57
307,58
307,59
307,60
307,61
307,62
307,63
307,64
307,65
307,66
307,67
307,68
307,69
307,70
307,71
307,72
307,73
307,74
307,75
307,76
307,77
307,78
307,79
307,80
307,81
307,82
307,83
307,84
307,85
307,86
307,87
307,88
307,89
307,90
307,91
307,92
307,93
307,94
307,95
307,96
307,97
307,98
307,99
307,100
307,101
307,102
307,103
307,104
307,105
307,106
307,107
307,108
307,109
307,110
307,111
307,112
307,113
307,114
307,115
307,116
307,117
307,118
307,119
307,120
307,121
307,122
307,123
307,124
307,125
307,126
307,127
307,128
307,129
307,130
307,131
307,132
307,133
307,134
307,135
307,136
307,137
307,138
307,139
307,140
307,141
307,142
307,143
307,144
307,145
307,146
307,147
307,148
307,149
307,150
307,151
307,152
:293_5,153
:293_5,154
:293_5,155
:293_5,156
:293_5,157
:293_5,158
395,159
395,160
395,161
395,162
395,163
395,164
395,165
395,166
395,167
395,168
395,169
395,170
395,171
395,172
395,173
395,174
395,175
395,176
395,177
395,178
395,179
395,180
395,181
395,182
395,183
395,184
395,185
395,186
395,187
395,188
395,189
395,190
395,191
395,192
395,193
395,194
395,195
395,196
395,197
395,198
395,199
395,200
395,201
395,202
395,203
395,204
395,205
395,206
395,207
395,208
395,209
395,210
395,211
395,212
395,213
395,214
395,215
395,216
395,217
395,218
395,219
395,220
395,221
395,222
395,223
395,224
395,225
:356_1,226
:356_1,227
:356_1,228
:356_9,229
:356_9,230
:356_9,231
586,232
586,233
586,234
586,235
586,236
586,237
586,238
586,239
586,240
586,241
586,242
586,243
586,244
586,245
586,246
586,247
586,248
586,249
586,250
586,251
586,252
586,253
586,254
586,255
586,256
586,257
586,258
586,259
586,260
586,261
586,262
586,263
586,264
586,265
586,266
586,267
586,268
586,269
586,270
586,271
586,272
586,273
586,274
586,275
586,276
586,277
586,278
586,279
586,280
586,281
586,282
586,283
586,284
586,285
586,286
586,287
586,288
586,289
586,290
586,291
586,292
586,293
586,294
586,295
586,296
586,297
586,298
586,299
586,300
586,301
586,302
586,303
586,304
586,305
586,306
586,307
586,308
586,309
586,310
586,311
586,312
586,313
586,314
586,315
586,316
586,317
586,318
586,319
586,320
586,321
586,322
586,323
586,324
586,325
586,326
586,327
586,328
586,329
586,330
586,331
586,332
586,333
586,334
586,335
586,336
586,337
586,338
586,339
586,340
586,341
586,342
586,343
586,344
586,345
586,346
586,347
586,348
586,349
586,350
586,351
586,352
586,353
586,354
586,355
586,356
586,357
586,358
586,359
586,360
586,361
586,362
586,363
586,364
586,365
586,366
586,367
586,368
586,369
586,370
586,371
586,372
586,373
586,374
586,375
586,376
586,377
586,378
586,379
586,380
586,381
586,382
586,383
586,384
586,385
:420_1,386
:420_1,387
:420_1,388
:420_1,389
:420_1,390
-509,391
-509,392
-509,393
-509,394
-509,395
-509,396
-509,397
-509,398
-509,399
-509,400
-509,401
-509,402
-509,403
-509,404
-509,405
-509,406
-509,407
-509,408
-509,409
-509,410
-509,411
-509,412
-509,413
-509,414
-509,415
-509,416
-509,417
-509,418
-509,419
-509,420
-509,421
-509,422
-509,423
-509,424
-509,425
-509,426
-509,427
-509,428
-509,429
-509,430
-509,431
-509,432
-509,433
-509,434
-509,435
-509,436
-509,437
-509,438
-509,439
-509,440
-509,441
-509,442
-509,443
-509,444
-509,445
-509,446
-509,447
-509,448
-509,449
-509,450
-509,451
-509,452
-509,453
-509,454
-509,455
-509,456
-509,457
-509,458
-509,459
-509,460
-509,461
-509,462
-509,463
-509,464
-509,465
-509,466
-509,467
-509,468
-509,469
-509,470
-509,471
-509,472
-509,473
-509,474
-509,475
-509,476
-509,477
-509,478
-509,479
-509,480
-509,481
-509,482
-509,483
-509,484
-509,485
-509,486
-509,487
-509,488
-509,489
-509,490
-509,491
-509,492
-509,493
-509,494
-509,495
-509,496
-509,497
-509,498
-509,499
-509,500
-509,501
-509,502
-509,503
-509,504
-509,505
-509,506
-509,507
-509,508
-509,509
-509,510
-509,511
-509,512
-509,513
-509,514
-509,515
-509,516
-509,517
-509,518
-509,519
-509,520
-509,521
-509,522
-509,523
-509,524
-509,525
-509,526
-509,527
-509,528
-509,529
-509,530
-509,531
-509,532
-509,533
-509,534
-509,535
-509,536
-509,537
-509,538
-509,539
-509,540
-509,541
-509,542
-509,543
-509,544
-509,545
-509,546
-509,547
-509,548
-509,549
-509,550
-509,551
-509,552
-509,553
-509,554
-509,555
-509,556
-509,557
-509,558
-509,559
-509,560
-509,561
-509,562
-509,563
-509,564
-509,565
-509,566
-509,567
-509,568
-509,569
-509,570
-509,571
-509,572
-509,573
-509,574
-509,575
-509,576
-509,577
-509,578
-509,579
-509,580
-509,581
-509,582
-509,583
-509,584
-509,585
-509,586
-509,587
-509,588
-509,589
-509,590
-509,591
-509,592
-509,593
-509,594
-509,595
-509,596
-509,597
-509,598
-509,599
:294_6,600
:294_6,601
:294_6,602
:294_6,603
:294_6,604
-309,605
-309,606
-309,607
-309,608
-309,609
-309,610
-309,611
-309,612
-309,613
-309,614
-309,615
-309,616
-309,617
-309,618
-309,619
-309,620
-309,621
-309,622
-309,623
-309,624
-309,625
-309,626
-309,627
-309,628
-309,629
-309,630
-309,631
-309,632
-309,633
-309,634
-309,635
-309,636
-309,637
-309,638
-309,639
-309,640
-309,641
-309,642
-309,643
-309,644
-309,645
:54_0,646
:54_0,647
:54_0,648
:54_0,649
310,650
310,651
310,652
310,653
310,654
310,655
310,656
310,657
310,658
310,659
310,660
310,661
310,662
310,663
310,664
310,665
310,666
310,667
310,668
310,669
310,670
310,671
310,672
310,673
310,674
310,675
310,676
310,677
310,678
310,679
310,680
310,681
310,682
310,683
310,684
310,685
310,686
310,687
310,688
310,689
310,690
310,691
310,692
310,693
310,694
310,695
310,696
310,697
310,698
310,699
310,700
310,701
310,702
310,703
310,704
310,705
310,706
310,707
310,708
310,709
310,710
310,711
310,712
310,713
310,714
310,715
310,716
310,717
310,718
310,719
310,720
310,721
310,722
310,723
310,724
310,725
310,726
310,727
310,728
310,729
310,730
310,731
310,732
310,733
310,734
310,735
310,736
310,737
310,738
310,739
310,740
310,741
310,742
310,743
310,744
310,745
310,746
310,747
310,748
310,749
310,750
310,751
310,752
310,753
310,754
310,755
310,756
310,757
310,758
310,759
310,760
310,761
310,762
310,763
310,764
310,765
310,766
310,767
310,768
310,769
310,770
310,771
310,772
310,773
310,774
310,775
310,776
310,777
310,778
310,779
310,780
310,781
310,782
310,783
310,784
310,785
310,786
310,787
310,788
310,789
310,790
310,791
310,792
310,793
310,794
310,795
310,796
310,797
310,798
310,799
310,800
310,801
310,802
310,803
310,804
310,805
310,806
310,807
310,808
310,809
310,810
310,811
310,812
310,813
310,814
310,815
310,816
310,817
310,818
310,819
310,820
310,821
310,822
310,823
310,824
310,825
310,826
310,827
310,828
310,829
310,830
310,831
310,832
310,833
310,834
310,835
310,836
310,837
310,838
310,839
310,840
310,841
310,842
310,843
310,844
310,845
310,846
310,847
310,848
310,849
310,850
310,851
310,852
310,853
310,854
310,855
310,856
310,857
310,858
310,859
310,860
310,861
310,862
310,863
310,864
310,865
310,866
310,867
310,868
310,869
310,870
310,871
310,872
310,873
310,874
310,875
310,876
310,877
310,878
310,879
310,880
310,881
310,882
310,883
310,884
310,885
310,886
310,887
310,888
310,889
310,890
310,891
310,892
310,893
310,894
310,895
310,896
310,897
310,898
310,899
310,900
310,901
310,902
310,903
310,904
310,905
:0_5,906
:0_5,907
:0_5,908
:0_5,909
:0_5,910
:0_5,911
:0_5,912
3,913
3,914
3,915
3,916
3,917
3,918
3,919
3,920
3,921
3,922
3,923
3,924
3,925
3,926
3,927
3,928
3,929
3,930
3,931
3,932
3,933
3,934
3,935
3,936
3,937
3,938
3,939
3,940
3,941
3,942
3,943
3,944
3,945
3,946
3,947
3,948
3,949
3,950
3,951
3,952
3,953
3,954
3,955
3,956
3,957
3,958
3,959
3,960
3,961
3,962
3,963
3,964
3,965
3,966
3,967
3,968
3,969
3,970
3,971
3,972
3,973
3,974
3,975
3,976
3,977
3,978
3,979
3,980
3,981
3,982
3,983
3,984
3,985
3,986
3,987
3,988
3,989
3,990
3,991
3,992
3,993
3,994
3,995
3,996
3,997
3,998
3,999
3,1000
3,1001
3,1002
3,1003
3,1004
3,1005
3,1006
3,1007
3,1008
3,1009
3,1010
3,1011
3,1012
3,1013
3,1014
3,1015
3,1016
3,1017
3,1018
3,1019
3,1020
3,1021
3,1022
3,1023
3,1024
3,1025
3,1026
3,1027
3,1028
3,1029
3,1030
3,1031
3,1032
3,1033
3,1034
3,1035
3,1036
3,1037
3,1038
3,1039
3,1040
3,1041
3,1042
3,1043
3,1044
3,1045
3,1046
3,1047
3,1048
3,1049
3,1050
3,1051
3,1052
3,1053
3,1054
3,1055
3,1056
3,1057
3,1058
3,1059
3,1060
3,1061
3,1062
3,1063
3,1064
3,1065
3,1066
3,1067
3,1068
3,1069
3,1070
3,1071
3,1072
3,1073
3,1074
3,1075
3,1076
3,1077
3,1078
3,1079
3,1080
3,1081
3,1082
3,1083
3,1084
3,1085
3,1086
3,1087
3,1088
3,1089
3,1090
3,1091
3,1092
3,1093
3,1094
3,1095
3,1096
3,1097
3,1098
3,1099
3,1100
3,1101
3,1102
3,1103
3,1104
3,1105
3,1106
3,1107
3,1108
3,1109
3,1110
3,1111
3,1112
3,1113
3,1114
3,1115
3,1116
3,1117
3,1118
3,1119
3,1120
3,1121
3,1122
3,1123
3,1124
3,1125
3,1126
3,1127
3,1128
3,1129
3,1130
3,1131
3,1132
3,1133
3,1134
3,1135
3,1136
3,1137
3,1138
3,1139
3,1140
3,1141
3,1142
3,1143
3,1144
3,1145
3,1146
3,1147
3,1148
3,1149
3,1150
3,1151
3,1152
3,1153
3,1154
3,1155
3,1156
3,1157
3,1158
3,1159
3,1160
3,1161
3,1162
3,1163
3,1164
3,1165
3,1166
3,1167
3,1168
3,1169
3,1170
3,1171
3,1172
3,1173
3,1174
3,1175
3,1176
3,1177
3,1178
3,1179
3,1180
3,1181
3,1182
3,1183
3,1184
3,1185
3,1186
3,1187
3,1188
3,1189
3,1190
3,1191
3,1192
3,1193
3,1194
3,1195
3,1196
3,1197
3,1198
3,1199
3,1200
3,1201
3,1202
3,1203
3,1204
3,1205
3,1206
3,1207
3,1208
3,1209
3,1210
3,1211
3,1212
3,1213
3,1214
3,1215
3,1216
3,1217
3,1218
3,1219
3,1220
3,1221
3,1222
:4_4,1223
:4_4,1224
:4_4,1225
:4_4,1226
-11,1227
-11,1228
-11,1229
-11,1230
-11,1231
-11,1232
-11,1233
-11,1234
-11,1235
-11,1236
-11,1237
-11,1238
-11,1239
-11,1240
-11,1241
-11,1242
-11,1243
-11,1244
-11,1245
-11,1246
-11,1247
-11,1248
-11,1249
-11,1250
-11,1251
-11,1252
-11,1253
-11,1254
-11,1255
-11,1256
-11,1257
-11,1258
-11,1259
-11,1260
-11,1261
-11,1262
-11,1263
-11,1264
-11,1265
-11,1266
-11,1267
-11,1268
-11,1269
-11,1270
-11,1271
-11,1272
-11,1273
-11,1274
-11,1275
-11,1276
-11,1277
-11,1278
-11,1279
-11,1280
-11,1281
-11,1282
-11,1283
-11,1284
-11,1285
-11,1286
-11,1287
-11,1288
-11,1289
-11,1290
-11,1291
-11,1292
-11,1293
-11,1294
-11,1295
-11,1296
-11,1297
-11,1298
-11,1299
-11,1300
-11,1301
-11,1302
-11,1303
-11,1304
-11,1305
-11,1306
-11,1307
-11,1308
-11,1309
-11,1310
-11,1311
-11,1312
-11,1313
-11,1314
-11,1315
-11,1316
-11,1317
-11,1318
-11,1319
-11,1320
-11,1321
-11,1322
-11,1323
-11,1324
-11,1325
-11,1326
-11,1327
-11,1328
-11,1329
-11,1330
-11,1331
-11,1332
-11,1333
-11,1334
-11,1335
-11,1336
-11,1337
-11,1338
-11,1339
-11,1340
-11,1341
-11,1342
-11,1343
-11,1344
-11,1345
-11,1346
-11,1347
-11,1348
-11,1349
-11,1350
-11,1351
-11,1352
-11,1353
-11,1354
-11,1355
-11,1356
-11,1357
-11,1358
-11,1359
-11,1360
-11,1361
:12_0,1362
-10,1363
-10,1364
-10,1365
-10,1366
-10,1367
-10,1368
-10,1369
-10,1370
-10,1371
-10,1372
-10,1373
-10,1374
-10,1375
-10,1376
-10,1377
-10,1378
-10,1379
-10,1380
-10,1381
-10,1382
-10,1383
-10,1384
-10,1385
-10,1386
-10,1387
-10,1388
-10,1389
-10,1390
-10,1391
-10,1392
-10,1393
-10,1394
-10,1395
-10,1396
-10,1397
-10,1398
-10,1399
-10,1400
-10,1401
-10,1402
-10,1403
-10,1404
-10,1405
-10,1406
-10,1407
-10,1408
-10,1409
-10,1410
-10,1411
-10,1412
-10,1413
-10,1414
-10,1415
-10,1416
-10,1417
-10,1418
-10,1419
-10,1420
-10,1421
-10,1422
-10,1423
-10,1424
-10,1425
-10,1426
-10,1427
-10,1428
-10,1429
:11_0,1430
-9,1431
-9,1432
-9,1433
-9,1434
-9,1435
-9,1436
-9,1437
-9,1438
-9,1439
-9,1440
-9,1441
-9,1442
-9,1443
-9,1444
-9,1445
-9,1446
-9,1447
-9,1448
-9,1449
-9,1450
-9,1451
-9,1452
-9,1453
-9,1454
-9,1455
-9,1456
-9,1457
-9,1458
-9,1459
-9,1460
-9,1461
-9,1462
-9,1463
-9,1464
-9,1465
-9,1466
-9,1467
-9,1468
-9,1469
-9,1470
-9,1471
-9,1472
-9,1473
-9,1474
-9,1475
-9,1476
-9,1477
-9,1478
-9,1479
-9,1480
-9,1481
-9,1482
-9,1483
-9,1484
-9,1485
-9,1486
-9,1487
-9,1488
-9,1489
-9,1490
-9,1491
-9,1492
-9,1493
-9,1494
-9,1495
-9,1496
:10_0,1497
-8,1498
-8,1499
-8,1500
-8,1501
-8,1502
-8,1503
-8,1504
-8,1505
-8,1506
-8,1507
-8,1508
-8,1509
-8,1510
-8,1511
-8,1512
-8,1513
-8,1514
-8,1515
-8,1516
-8,1517
-8,1518
-8,1519
-8,1520
-8,1521
-8,1522
-8,1523
-8,1524
-8,1525
-8,1526
-8,1527
-8,1528
-8,1529
-8,1530
-8,1531
-8,1532
-8,1533
-8,1534
-8,1535
-8,1536
-8,1537
-8,1538
-8,1539
-8,1540
-8,1541
-8,1542
-8,1543
-8,1544
-8,1545
-8,1546
-8,1547
-8,1548
-8,1549
-8,1550
-8,1551
-8,1552
-8,1553
-8,1554
-8,1555
-8,1556
-8,1557
-8,1558
-8,1559
-8,1560
-8,1561
-8,1562
-8,1563
-8,1564
-8,1565
-8,1566
-8,1567
-7,1568
-7,1569
-7,1570
-7,1571
-7,1572
-7,1573
-7,1574
-7,1575
-7,1576
-7,1577
-7,1578
-7,1579
-7,1580
-7,1581
-7,1582
-7,1583
-7,1584
-7,1585
-7,1586
-7,1587
-7,1588
-7,1589
-7,1590
-7,1591
-7,1592
-7,1593
-7,1594
-7,1595
-7,1596
-7,1597
-7,1598
-7,1599
-7,1600
-7,1601
-7,1602
-7,1603
-7,1604
-7,1605
-7,1606
-7,1607
-7,1608
-7,1609
-7,1610
-7,1611
-7,1612
-7,1613
-7,1614
-7,1615
-7,1616
-7,1617
-7,1618
-7,1619
-7,1620
-7,1621
-7,1622
-7,1623
-7,1624
-7,1625
-7,1626
-7,1627
-7,1628
-7,1629
-7,1630
-7,1631
-7,1632
-7,1633
-7,1634
-7,1635
-7,1636
-7,1637
-7,1638
-7,1639
-7,1640
-7,1641
-7,1642
-7,1643
-7,1644
-7,1645
-7,1646
-7,1647
-6,1648
-6,1649
-6,1650
-6,1651
-6,1652
-6,1653
-6,1654
-6,1655
-6,1656
-6,1657
-6,1658
-6,1659
-6,1660
-6,1661
-6,1662
-6,1663
-6,1664
-6,1665
-6,1666
-6,1667
-6,1668
-6,1669
-6,1670
-6,1671
-6,1672
-6,1673
-6,1674
-6,1675
-6,1676
-6,1677
-6,1678
-6,1679
-6,1680
-6,1681
-6,1682
-6,1683
-6,1684
-6,1685
-6,1686
-6,1687
-6,1688
-6,1689
-6,1690
-6,1691
-6,1692
-6,1693
-6,1694
-6,1695
-6,1696
-6,1697
-6,1698
-6,1699
-6,1700
-6,1701
-6,1702
-6,1703
-6,1704
-6,1705
-6,1706
-6,1707
-6,1708
-6,1709
-6,1710
-6,1711
-6,1712
-6,1713
-6,1714
-6,1715
-6,1716
-6,1717
-6,1718
-6,1719
-6,1720
-6,1721
-6,1722
-6,1723
-6,1724
-6,1725
-6,1726
-6,1727
-6,1728
-6,1729
-6,1730
-6,1731
-6,1732
-6,1733
-6,1734
-6,1735
-6,1736
-6,1737
-6,1738
-6,1739
-6,1740
-6,1741
-6,1742
-6,1743
-6,1744
-6,1745
-6,1746
-6,1747
-6,1748
-6,1749
-6,1750
-6,1751
-6,1752
-6,1753
-6,1754
-6,1755
-6,1756
-6,1757
-6,1758
-6,1759
-6,1760
-6,1761
-6,1762
-6,1763
-6,1764
-6,1765
-6,1766
-6,1767
-6,1768
-6,1769
-6,1770
-6,1771
-6,1772
-6,1773
-6,1774
-6,1775
-6,1776
-6,1777
-6,1778
-6,1779
-6,1780
-6,1781
-6,1782
-6,1783
-6,1784
-6,1785
-6,1786
-6,1787
-6,1788
-6,1789
-6,1790
-6,1791
-6,1792
-6,1793
-6,1794
-6,1795
-6,1796
-6,1797
-6,1798
-6,1799
-6,1800
-6,1801
-6,1802
-6,1803
-6,1804
-6,1805
-6,1806
-6,1807
-6,1808
-6,1809
-6,1810
-6,1811
-6,1812
-6,1813
-6,1814
-6,1815
-6,1816
-6,1817
-6,1818
-6,1819
-6,1820
-6,1821
-6,1822
-6,1823
-6,1824
-6,1825
-6,1826
-6,1827
-6,1828
-6,1829
-6,1830
-6,1831
-6,1832
-6,1833
-6,1834
-6,1835
-6,1836
-6,1837
-6,1838
-6,1839
-6,1840
-6,1841
-6,1842
-6,1843
-6,1844
-6,1845
-6,1846
-6,1847
-6,1848
-6,1849
-6,1850
-6,1851
-6,1852
-6,1853
-6,1854
-6,1855
-6,1856
-6,1857
-6,1858
-6,1859
-6,1860
-6,1861
-6,1862
-6,1863
-6,1864
-6,1865
-6,1866
-6,1867
-6,1868
-6,1869
-6,1870
-6,1871
-6,1872
-6,1873
-6,1874
-6,1875
-6,1876
-6,1877
-6,1878
-6,1879
-6,1880
-6,1881
-6,1882
-6,1883
