-205,21
-205,22
-205,23
-205,24
-205,25
-205,26
-205,27
-205,28
-205,29
-205,30
-205,31
-205,32
-205,33
-205,34
-205,35
-205,36
-205,37
-205,38
-205,39
-205,40
-205,41
-205,42
-205,43
-205,44
-205,45
-205,46
-205,47
-205,48
-205,49
-205,50
-205,51
-205,52
-205,53
-205,54
-205,55
-205,56
-205,57
-205,58
-205,59
-205,60
-205,61
-205,62
-205,63
-205,64
-205,65
-205,66
-205,67
-205,68
-205,69
-205,70
-205,71
-205,72
-205,73
-205,74
-205,75
-205,76
-205,77
-205,78
-205,79
-205,80
-205,81
-205,82
-205,83
-205,84
-205,85
-205,86
-205,87
-205,88
-205,89
-205,90
-205,91
-205,92
-205,93
-205,94
-205,95
-205,96
-205,97
-205,98
-205,99
-205,100
-205,101
-205,102
-205,103
-205,104
-205,105
-205,106
-205,107
-205,108
-205,109
-205,110
-205,111
-205,112
-205,113
-205,114
-205,115
-205,116
-205,117
-205,118
-205,119
-205,120
-205,121
-205,122
-205,123
-205,124
-205,125
-205,126
-205,127
-205,128
-205,129
-205,130
-205,131
-205,132
-205,133
-205,134
-205,135
-205,136
-205,137
-205,138
-205,139
-205,140
-205,141
-205,142
-205,143
-205,144
-205,145
:212_1,146
-241,147
-241,148
-241,149
-241,150
-241,151
-241,152
-241,153
-241,154
-241,155
-241,156
-241,157
-241,158
-241,159
-241,160
-241,161
-241,162
-241,163
-241,164
-241,165
-241,166
-241,167
-241,168
-241,169
-241,170
-241,171
-241,172
-241,173
-241,174
-241,175
-241,176
-241,177
-241,178
-241,179
-241,180
-241,181
-241,182
-241,183
-241,184
-241,185
-241,186
-241,187
-241,188
-241,189
-241,190
-241,191
-241,192
-241,193
-241,194
-241,195
-241,196
-241,197
-241,198
-241,199
-241,200
-241,201
-241,202
-241,203
-241,204
-241,205
-241,206
-241,207
-241,208
-241,209
-241,210
-241,211
-241,212
-241,213
-241,214
-241,215
-241,216
-241,217
-241,218
-241,219
-241,220
-241,221
-241,222
-241,223
-241,224
-241,225
-241,226
-241,227
-241,228
-241,229
-241,230
-241,231
-241,232
-241,233
-241,234
-241,235
-241,236
-241,237
-241,238
-241,239
-241,240
-241,241
-241,242
-241,243
-241,244
-241,245
-241,246
-241,247
-241,248
-241,249
-241,250
-241,251
-241,252
-241,253
-241,254
-241,255
-241,256
-241,257
-241,258
-241,259
-241,260
-241,261
-241,262
-241,263
-241,264
-241,265
-241,266
-241,267
-241,268
-241,269
-241,270
-241,271
-241,272
-241,273
-241,274
-241,275
-241,276
-241,277
-241,278
-241,279
-241,280
-241,281
-241,282
-241,283
-241,284
-241,285
-241,286
-241,287
-241,288
-241,289
-241,290
-241,291
-241,292
-241,293
-241,294
-241,295
-241,296
-241,297
-241,298
-241,299
-241,300
-241,301
-241,302
-241,303
-241,304
-241,305
-241,306
-241,307
-241,308
-241,309
-241,310
-241,311
-241,312
-241,313
-241,314
-241,315
-241,316
-241,317
-241,318
-241,319
-241,320
-241,321
-241,322
-241,323
-241,324
-241,325
-241,326
-241,327
-241,328
-241,329
-241,330
-241,331
-241,332
-241,333
-241,334
-241,335
-241,336
-241,337
-241,338
-241,339
-241,340
-241,341
-241,342
-241,343
:243_7,344
:243_7,345
:243_7,346
:243_7,347
:243_7,348
:243_7,349
:243_7,350
-240,351
-240,352
-240,353
-240,354
-240,355
-240,356
-240,357
-240,358
-240,359
-240,360
-240,361
-240,362
-240,363
-240,364
-240,365
-240,366
-240,367
-240,368
-240,369
-240,370
-240,371
-240,372
-240,373
-240,374
-240,375
-240,376
-240,377
-240,378
-240,379
-240,380
-240,381
-240,382
-240,383
-240,384
-240,385
-240,386
-240,387
-240,388
-240,389
-240,390
-240,391
-240,392
-240,393
-240,394
-240,395
-240,396
-240,397
-240,398
-240,399
-240,400
-240,401
-240,402
-240,403
-240,404
-240,405
-240,406
-240,407
-240,408
-240,409
-240,410
-240,411
-240,412
-240,413
-240,414
-240,415
-240,416
-240,417
-240,418
-240,419
-240,420
-240,421
-240,422
-240,423
-240,424
-240,425
-240,426
-240,427
-240,428
-240,429
-240,430
-240,431
-240,432
-240,433
-240,434
-240,435
-240,436
-240,437
-240,438
-240,439
-240,440
-240,441
-240,442
-240,443
-240,444
-240,445
-240,446
-240,447
-240,448
-240,449
-240,450
-240,451
-240,452
-240,453
-240,454
-240,455
-240,456
-240,457
-240,458
-240,459
-240,460
-240,461
-240,462
-240,463
-240,464
-240,465
-240,466
-240,467
-240,468
-240,469
-240,470
-240,471
-240,472
-240,473
-240,474
-240,475
-240,476
-240,477
-240,478
-240,479
-240,480
-240,481
-240,482
-240,483
-240,484
-240,485
-240,486
-240,487
-240,488
-240,489
-240,490
-240,491
-240,492
-240,493
-240,494
-240,495
-240,496
-240,497
-240,498
-240,499
-240,500
-240,501
-240,502
-240,503
-240,504
-240,505
-240,506
-240,507
-240,508
-240,509
-240,510
-240,511
-240,512
-240,513
-240,514
-240,515
-240,516
-240,517
-240,518
-240,519
-240,520
-240,521
-240,522
-240,523
-240,524
-240,525
-240,526
-240,527
-240,528
-240,529
-240,530
-240,531
-240,532
-240,533
-240,534
-240,535
-240,536
-240,537
-240,538
-240,539
-240,540
-240,541
-240,542
-240,543
-240,544
-240,545
-240,546
-240,547
-240,548
-240,549
-240,550
-240,551
-240,552
-240,553
-240,554
-240,555
-240,556
-240,557
-240,558
-240,559
-240,560
-240,561
-240,562
-240,563
-240,564
-240,565
-240,566
-240,567
-240,568
-240,569
-240,570
-240,571
-240,572
-240,573
-240,574
-240,575
-240,576
-240,577
-240,578
-240,579
:242_3,580
:242_3,581
:242_3,582
:242_3,583
:242_3,584
:242_3,585
:242_3,586
-239,587
-239,588
-239,589
-239,590
-239,591
-239,592
-239,593
-239,594
-239,595
-239,596
-239,597
-239,598
-239,599
-239,600
-239,601
-239,602
-239,603
-239,604
-239,605
-239,606
-239,607
-239,608
-239,609
-239,610
-239,611
-239,612
-239,613
-239,614
-239,615
-239,616
-239,617
-239,618
-239,619
-239,620
-239,621
-239,622
-239,623
-239,624
-239,625
-239,626
-239,627
-239,628
-239,629
-239,630
-239,631
-239,632
-239,633
-239,634
-239,635
-239,636
-239,637
-239,638
-239,639
-239,640
-239,641
-239,642
-239,643
-239,644
-239,645
-239,646
-239,647
-239,648
-239,649
-239,650
-239,651
-239,652
-239,653
-239,654
-239,655
-239,656
-239,657
-239,658
-239,659
-239,660
-239,661
-239,662
-239,663
-239,664
-239,665
-239,666
-239,667
-239,668
-239,669
-239,670
-239,671
-239,672
-239,673
-239,674
-239,675
-239,676
-239,677
-239,678
-239,679
-239,680
-239,681
-239,682
-239,683
-239,684
-239,685
-239,686
-239,687
-239,688
-239,689
-239,690
-239,691
-239,692
-239,693
-239,694
-239,695
-239,696
-239,697
-239,698
-239,699
-239,700
-239,701
-239,702
-239,703
-239,704
-239,705
-239,706
-239,707
-239,708
-239,709
-239,710
-239,711
-239,712
-239,713
-239,714
-239,715
-239,716
-239,717
-239,718
-239,719
-239,720
-239,721
-239,722
-239,723
-239,724
-239,725
-239,726
-239,727
-239,728
-239,729
-239,730
-239,731
-239,732
-239,733
-239,734
-239,735
-239,736
-239,737
-239,738
-239,739
-239,740
-239,741
-239,742
-239,743
-239,744
-239,745
-239,746
-239,747
-239,748
-239,749
-239,750
-239,751
-239,752
-239,753
:239_3,754
:239_3,755
:239_3,756
:239_3,757
:239_3,758
236,759
236,760
236,761
236,762
236,763
236,764
236,765
236,766
236,767
236,768
236,769
236,770
236,771
236,772
236,773
236,774
236,775
236,776
236,777
236,778
236,779
236,780
236,781
236,782
236,783
236,784
236,785
236,786
236,787
236,788
236,789
236,790
236,791
236,792
236,793
236,794
236,795
236,796
236,797
236,798
236,799
236,800
236,801
236,802
236,803
236,804
236,805
236,806
236,807
236,808
236,809
236,810
236,811
236,812
236,813
236,814
236,815
236,816
236,817
236,818
236,819
236,820
236,821
236,822
236,823
236,824
236,825
236,826
236,827
236,828
236,829
236,830
236,831
236,832
236,833
236,834
236,835
236,836
236,837
236,838
236,839
236,840
236,841
236,842
236,843
236,844
236,845
236,846
236,847
236,848
236,849
236,850
236,851
236,852
236,853
236,854
236,855
236,856
236,857
236,858
236,859
236,860
236,861
236,862
236,863
236,864
236,865
236,866
236,867
236,868
236,869
236,870
:240_3,871
:240_3,872
:240_3,873
:240_3,874
:240_3,875
237,876
237,877
237,878
237,879
237,880
237,881
237,882
237,883
237,884
237,885
237,886
237,887
237,888
237,889
237,890
237,891
237,892
237,893
237,894
237,895
237,896
237,897
237,898
237,899
237,900
237,901
237,902
237,903
237,904
237,905
237,906
237,907
237,908
237,909
237,910
237,911
237,912
237,913
237,914
237,915
237,916
237,917
237,918
237,919
237,920
237,921
237,922
237,923
237,924
237,925
237,926
237,927
237,928
237,929
237,930
237,931
237,932
237,933
237,934
237,935
237,936
237,937
237,938
237,939
237,940
237,941
237,942
237,943
237,944
237,945
237,946
237,947
237,948
237,949
237,950
237,951
237,952
237,953
237,954
237,955
237,956
237,957
237,958
237,959
237,960
237,961
237,962
237,963
237,964
237,965
237,966
237,967
237,968
237,969
237,970
237,971
237,972
237,973
237,974
237,975
237,976
237,977
237,978
237,979
237,980
237,981
237,982
237,983
237,984
237,985
237,986
237,987
237,988
237,989
237,990
237,991
237,992
237,993
237,994
237,995
237,996
237,997
237,998
237,999
237,1000
237,1001
237,1002
237,1003
237,1004
237,1005
237,1006
237,1007
237,1008
237,1009
237,1010
237,1011
237,1012
237,1013
237,1014
237,1015
237,1016
237,1017
237,1018
237,1019
237,1020
237,1021
237,1022
237,1023
237,1024
237,1025
237,1026
237,1027
237,1028
237,1029
237,1030
237,1031
237,1032
237,1033
237,1034
237,1035
237,1036
237,1037
237,1038
237,1039
237,1040
:74_13,1041
:74_13,1042
:74_13,1043
:74_13,1044
:74_13,1045
65,1046
65,1047
65,1048
65,1049
65,1050
65,1051
65,1052
65,1053
65,1054
65,1055
65,1056
65,1057
65,1058
65,1059
65,1060
65,1061
65,1062
65,1063
65,1064
65,1065
65,1066
65,1067
65,1068
65,1069
65,1070
65,1071
65,1072
65,1073
65,1074
65,1075
65,1076
65,1077
65,1078
65,1079
65,1080
65,1081
65,1082
65,1083
65,1084
65,1085
65,1086
65,1087
65,1088
65,1089
65,1090
65,1091
65,1092
65,1093
65,1094
65,1095
65,1096
65,1097
65,1098
65,1099
65,1100
65,1101
65,1102
65,1103
65,1104
65,1105
65,1106
65,1107
65,1108
65,1109
65,1110
65,1111
65,1112
65,1113
65,1114
65,1115
65,1116
65,1117
65,1118
65,1119
65,1120
65,1121
65,1122
65,1123
65,1124
65,1125
65,1126
65,1127
65,1128
65,1129
65,1130
65,1131
65,1132
65,1133
65,1134
65,1135
65,1136
65,1137
65,1138
65,1139
65,1140
65,1141
65,1142
65,1143
65,1144
65,1145
65,1146
65,1147
65,1148
65,1149
65,1150
65,1151
65,1152
:75_13,1153
:75_13,1154
:75_13,1155
:75_13,1156
-438,1157
-438,1158
-438,1159
-438,1160
-438,1161
-438,1162
-438,1163
-438,1164
-438,1165
-438,1166
-438,1167
-438,1168
-438,1169
-438,1170
-438,1171
-438,1172
-438,1173
-438,1174
-438,1175
-438,1176
-438,1177
-438,1178
-438,1179
-438,1180
-438,1181
-438,1182
-438,1183
-438,1184
-438,1185
-438,1186
-438,1187
-438,1188
-438,1189
-438,1190
-438,1191
-438,1192
-438,1193
-438,1194
-438,1195
-438,1196
-438,1197
-438,1198
-438,1199
-438,1200
-438,1201
-438,1202
-438,1203
-438,1204
-438,1205
-438,1206
-438,1207
-438,1208
-438,1209
-438,1210
-438,1211
-438,1212
-438,1213
-438,1214
-438,1215
-438,1216
-438,1217
-438,1218
-438,1219
-438,1220
-438,1221
-438,1222
-438,1223
-438,1224
-438,1225
-438,1226
-438,1227
-438,1228
-438,1229
-438,1230
-438,1231
-438,1232
-438,1233
-438,1234
-438,1235
-438,1236
-438,1237
-438,1238
-438,1239
-438,1240
-438,1241
-438,1242
-438,1243
-438,1244
-438,1245
-438,1246
-438,1247
-438,1248
-438,1249
-438,1250
-438,1251
-438,1252
-438,1253
-438,1254
-438,1255
-438,1256
-438,1257
-438,1258
-438,1259
-438,1260
-438,1261
-438,1262
-438,1263
-438,1264
-438,1265
-438,1266
:381_13,1267
:381_13,1268
:381_13,1269
:381_13,1270
-437,1271
-437,1272
-437,1273
-437,1274
-437,1275
-437,1276
-437,1277
-437,1278
-437,1279
-437,1280
-437,1281
-437,1282
-437,1283
-437,1284
-437,1285
-437,1286
-437,1287
-437,1288
-437,1289
-437,1290
-437,1291
-437,1292
-437,1293
-437,1294
-437,1295
-437,1296
-437,1297
-437,1298
-437,1299
-437,1300
-437,1301
-437,1302
-437,1303
-437,1304
-437,1305
-437,1306
-437,1307
-437,1308
-437,1309
-437,1310
-437,1311
-437,1312
-437,1313
-437,1314
-437,1315
-437,1316
-437,1317
-437,1318
-437,1319
-437,1320
-437,1321
-437,1322
-437,1323
-437,1324
-437,1325
-437,1326
-437,1327
-437,1328
-437,1329
-437,1330
-437,1331
-437,1332
-437,1333
-437,1334
-437,1335
-437,1336
-437,1337
-437,1338
-437,1339
-437,1340
-437,1341
-437,1342
-437,1343
-437,1344
-437,1345
-437,1346
-437,1347
-437,1348
-437,1349
-437,1350
-437,1351
-437,1352
-437,1353
-437,1354
-437,1355
-437,1356
-437,1357
-437,1358
-437,1359
-437,1360
-437,1361
-437,1362
-437,1363
-437,1364
-437,1365
-437,1366
-437,1367
-437,1368
-437,1369
-437,1370
-437,1371
-437,1372
-437,1373
-437,1374
-437,1375
-437,1376
-437,1377
-437,1378
-437,1379
-437,1380
-437,1381
-437,1382
-437,1383
-437,1384
-437,1385
-437,1386
-437,1387
-437,1388
-437,1389
-437,1390
-437,1391
-437,1392
-437,1393
-437,1394
-437,1395
-437,1396
-437,1397
-437,1398
-437,1399
-437,1400
-437,1401
-437,1402
-437,1403
-437,1404
-437,1405
-437,1406
-437,1407
-437,1408
-437,1409
-437,1410
-437,1411
-437,1412
-437,1413
-437,1414
-437,1415
-437,1416
-437,1417
-437,1418
-437,1419
-437,1420
-437,1421
-437,1422
-437,1423
-437,1424
-437,1425
-437,1426
-437,1427
-437,1428
-437,1429
-437,1430
-437,1431
-437,1432
-437,1433
-437,1434
-437,1435
-437,1436
-437,1437
-437,1438
-437,1439
-437,1440
-437,1441
-437,1442
-437,1443
-437,1444
-437,1445
-437,1446
-437,1447
-437,1448
-437,1449
-437,1450
-437,1451
-437,1452
-437,1453
-437,1454
-437,1455
-437,1456
-437,1457
-437,1458
-437,1459
-437,1460
-437,1461
-437,1462
-437,1463
-437,1464
-437,1465
-437,1466
-437,1467
-437,1468
-437,1469
-437,1470
-437,1471
-437,1472
-437,1473
-437,1474
-437,1475
-437,1476
-437,1477
-437,1478
-437,1479
-437,1480
-437,1481
-437,1482
:244_13,1483
:244_13,1484
:244_13,1485
:244_13,1486
:244_13,1487
242,1488
242,1489
242,1490
242,1491
242,1492
242,1493
242,1494
242,1495
242,1496
242,1497
242,1498
242,1499
242,1500
242,1501
242,1502
242,1503
242,1504
242,1505
242,1506
242,1507
242,1508
242,1509
242,1510
242,1511
242,1512
242,1513
242,1514
242,1515
242,1516
242,1517
242,1518
242,1519
242,1520
242,1521
242,1522
242,1523
242,1524
242,1525
242,1526
242,1527
242,1528
242,1529
242,1530
242,1531
242,1532
242,1533
242,1534
242,1535
242,1536
242,1537
242,1538
242,1539
242,1540
242,1541
242,1542
242,1543
242,1544
242,1545
242,1546
242,1547
242,1548
242,1549
242,1550
242,1551
242,1552
242,1553
242,1554
242,1555
242,1556
242,1557
242,1558
242,1559
242,1560
242,1561
242,1562
242,1563
242,1564
242,1565
242,1566
242,1567
242,1568
242,1569
242,1570
242,1571
242,1572
242,1573
242,1574
242,1575
242,1576
242,1577
242,1578
242,1579
242,1580
:245_3,1581
:245_3,1582
:245_3,1583
:245_3,1584
:245_3,1585
243,1586
243,1587
243,1588
243,1589
243,1590
243,1591
243,1592
243,1593
243,1594
243,1595
243,1596
243,1597
243,1598
243,1599
243,1600
243,1601
243,1602
243,1603
243,1604
243,1605
243,1606
243,1607
243,1608
243,1609
243,1610
243,1611
243,1612
243,1613
243,1614
243,1615
243,1616
243,1617
243,1618
243,1619
243,1620
243,1621
243,1622
243,1623
243,1624
243,1625
243,1626
243,1627
243,1628
243,1629
243,1630
243,1631
243,1632
243,1633
243,1634
243,1635
243,1636
243,1637
243,1638
243,1639
243,1640
243,1641
243,1642
243,1643
243,1644
243,1645
243,1646
243,1647
243,1648
243,1649
243,1650
243,1651
:179_13,1652
:179_13,1653
:179_13,1654
:179_13,1655
:179_13,1656
244,1657
244,1658
244,1659
244,1660
244,1661
244,1662
244,1663
244,1664
244,1665
244,1666
244,1667
244,1668
244,1669
244,1670
244,1671
244,1672
244,1673
244,1674
244,1675
244,1676
244,1677
244,1678
244,1679
244,1680
244,1681
244,1682
244,1683
244,1684
244,1685
244,1686
244,1687
244,1688
244,1689
244,1690
244,1691
244,1692
244,1693
244,1694
244,1695
244,1696
244,1697
244,1698
244,1699
244,1700
244,1701
244,1702
244,1703
244,1704
244,1705
244,1706
244,1707
244,1708
244,1709
244,1710
244,1711
244,1712
244,1713
244,1714
244,1715
244,1716
244,1717
244,1718
244,1719
244,1720
244,1721
244,1722
244,1723
244,1724
244,1725
244,1726
244,1727
244,1728
244,1729
244,1730
244,1731
244,1732
244,1733
244,1734
244,1735
244,1736
244,1737
244,1738
244,1739
244,1740
244,1741
244,1742
244,1743
244,1744
244,1745
244,1746
244,1747
244,1748
244,1749
244,1750
244,1751
244,1752
244,1753
244,1754
244,1755
244,1756
244,1757
244,1758
244,1759
244,1760
244,1761
244,1762
244,1763
244,1764
244,1765
244,1766
244,1767
244,1768
244,1769
244,1770
244,1771
244,1772
244,1773
244,1774
244,1775
244,1776
244,1777
244,1778
244,1779
244,1780
244,1781
244,1782
244,1783
244,1784
244,1785
244,1786
244,1787
244,1788
244,1789
244,1790
244,1791
244,1792
244,1793
244,1794
244,1795
244,1796
244,1797
244,1798
244,1799
244,1800
244,1801
244,1802
244,1803
244,1804
244,1805
244,1806
244,1807
244,1808
244,1809
244,1810
244,1811
:215_13,1812
:215_13,1813
:215_13,1814
:215_13,1815
:215_13,1816
245,1817
245,1818
245,1819
245,1820
245,1821
245,1822
245,1823
245,1824
245,1825
245,1826
245,1827
245,1828
245,1829
245,1830
245,1831
245,1832
245,1833
245,1834
245,1835
245,1836
245,1837
245,1838
245,1839
245,1840
245,1841
245,1842
245,1843
245,1844
245,1845
245,1846
245,1847
245,1848
245,1849
245,1850
245,1851
245,1852
245,1853
245,1854
245,1855
245,1856
245,1857
245,1858
245,1859
245,1860
245,1861
245,1862
:246_3,1863
:246_3,1864
:246_3,1865
:246_3,1866
:246_3,1867
:246_3,1868
325,1869
325,1870
325,1871
325,1872
325,1873
325,1874
325,1875
325,1876
325,1877
325,1878
325,1879
325,1880
325,1881
325,1882
325,1883
325,1884
325,1885
325,1886
325,1887
325,1888
325,1889
325,1890
325,1891
325,1892
325,1893
325,1894
325,1895
325,1896
325,1897
325,1898
325,1899
325,1900
325,1901
325,1902
325,1903
325,1904
325,1905
325,1906
325,1907
325,1908
325,1909
325,1910
325,1911
325,1912
325,1913
325,1914
325,1915
325,1916
325,1917
325,1918
325,1919
325,1920
325,1921
325,1922
325,1923
325,1924
325,1925
325,1926
325,1927
325,1928
325,1929
325,1930
325,1931
325,1932
325,1933
325,1934
325,1935
325,1936
325,1937
325,1938
325,1939
325,1940
325,1941
325,1942
325,1943
325,1944
325,1945
325,1946
325,1947
325,1948
325,1949
325,1950
325,1951
325,1952
325,1953
325,1954
325,1955
325,1956
325,1957
325,1958
325,1959
325,1960
325,1961
:106_7,1962
:106_7,1963
:106_7,1964
:106_7,1965
:106_7,1966
-90,1967
-90,1968
-90,1969
-90,1970
-90,1971
-90,1972
-90,1973
-90,1974
-90,1975
-90,1976
-90,1977
-90,1978
-90,1979
-90,1980
-90,1981
-90,1982
-90,1983
-90,1984
-90,1985
-90,1986
-90,1987
-90,1988
-90,1989
-90,1990
-90,1991
-90,1992
-90,1993
-90,1994
-90,1995
-90,1996
-90,1997
-90,1998
-90,1999
-90,2000
