487,21
487,22
487,23
487,24
487,25
487,26
487,27
487,28
487,29
487,30
487,31
487,32
487,33
487,34
487,35
487,36
487,37
487,38
487,39
487,40
487,41
487,42
487,43
487,44
487,45
487,46
487,47
487,48
487,49
487,50
487,51
487,52
487,53
487,54
487,55
487,56
487,57
487,58
487,59
487,60
487,61
487,62
487,63
487,64
487,65
487,66
487,67
487,68
487,69
487,70
487,71
487,72
487,73
487,74
487,75
487,76
487,77
487,78
487,79
487,80
487,81
487,82
487,83
487,84
487,85
487,86
487,87
487,88
487,89
487,90
487,91
487,92
487,93
487,94
487,95
487,96
487,97
487,98
487,99
487,100
487,101
487,102
487,103
487,104
487,105
487,106
487,107
487,108
487,109
487,110
487,111
487,112
487,113
487,114
487,115
487,116
487,117
487,118
487,119
487,120
487,121
487,122
487,123
487,124
487,125
487,126
487,127
487,128
487,129
487,130
487,131
487,132
487,133
487,134
487,135
487,136
487,137
487,138
487,139
487,140
487,141
487,142
487,143
487,144
487,145
487,146
487,147
487,148
487,149
487,150
487,151
487,152
487,153
487,154
487,155
487,156
487,157
487,158
487,159
487,160
487,161
487,162
487,163
487,164
487,165
487,166
487,167
487,168
487,169
487,170
487,171
487,172
487,173
487,174
487,175
487,176
487,177
487,178
487,179
487,180
:409_6,181
:409_6,182
:409_6,183
:409_6,184
:409_6,185
:409_6,186
-606,187
-606,188
-606,189
-606,190
-606,191
-606,192
-606,193
-606,194
-606,195
-606,196
-606,197
-606,198
-606,199
-606,200
-606,201
-606,202
-606,203
-606,204
-606,205
-606,206
-606,207
-606,208
-606,209
-606,210
-606,211
-606,212
-606,213
-606,214
-606,215
-606,216
-606,217
-606,218
-606,219
-606,220
-606,221
-606,222
-606,223
-606,224
-606,225
-606,226
-606,227
-606,228
-606,229
-606,230
-606,231
-606,232
-606,233
-606,234
-606,235
-606,236
-606,237
-606,238
-606,239
-606,240
-606,241
-606,242
-606,243
-606,244
-606,245
-606,246
-606,247
-606,248
-606,249
-606,250
-606,251
-606,252
-606,253
-606,254
-606,255
-606,256
-606,257
-606,258
-606,259
-606,260
-606,261
-606,262
-606,263
-606,264
-606,265
-606,266
-606,267
-606,268
-606,269
-606,270
-606,271
-606,272
-606,273
-606,274
-606,275
-606,276
-605,277
-605,278
-605,279
-605,280
-605,281
-605,282
-605,283
-605,284
-605,285
-605,286
-605,287
-605,288
-605,289
-605,290
-605,291
-605,292
-605,293
-605,294
-605,295
-605,296
-605,297
-605,298
-605,299
-605,300
-605,301
-605,302
-605,303
-605,304
-605,305
-605,306
-605,307
-605,308
-605,309
-605,310
-605,311
-605,312
-605,313
-605,314
-605,315
-605,316
-605,317
-605,318
-605,319
-605,320
-605,321
-605,322
-605,323
-605,324
-605,325
-605,326
-605,327
-605,328
-605,329
-605,330
-605,331
-605,332
-605,333
-605,334
-605,335
-605,336
-605,337
-605,338
-605,339
-605,340
-605,341
-605,342
-605,343
-605,344
-605,345
:464_1,346
-604,347
-604,348
-604,349
-604,350
-604,351
-604,352
-604,353
-604,354
-604,355
-604,356
-604,357
-604,358
-604,359
-604,360
-604,361
-604,362
-604,363
-604,364
-604,365
-604,366
-604,367
-604,368
-604,369
-604,370
-604,371
-604,372
-604,373
-604,374
-604,375
-604,376
-604,377
-604,378
-604,379
-604,380
-604,381
-604,382
-604,383
-604,384
-604,385
-604,386
-604,387
-604,388
-604,389
-604,390
-604,391
-604,392
-604,393
-604,394
-604,395
-604,396
-604,397
-604,398
-604,399
-604,400
-604,401
-604,402
-604,403
-604,404
-604,405
-604,406
-604,407
-604,408
-604,409
-604,410
-604,411
-603,412
-603,413
-603,414
-603,415
-603,416
-603,417
-603,418
-603,419
-603,420
-603,421
-603,422
-603,423
-603,424
-603,425
-603,426
-603,427
-603,428
-603,429
-603,430
-603,431
-603,432
-603,433
-603,434
-603,435
-603,436
-603,437
-603,438
-603,439
-603,440
-603,441
-603,442
-603,443
-603,444
-603,445
-603,446
-603,447
-603,448
-603,449
-603,450
-603,451
-603,452
-603,453
-603,454
-603,455
-603,456
-603,457
-603,458
-603,459
-603,460
-603,461
-603,462
-603,463
-603,464
-603,465
-603,466
-603,467
-603,468
-603,469
-603,470
-603,471
-603,472
-603,473
-603,474
-603,475
-603,476
-603,477
-603,478
-603,479
-602,480
-602,481
-602,482
-602,483
-602,484
-602,485
-602,486
-602,487
-602,488
-602,489
-602,490
-602,491
-602,492
-602,493
-602,494
-602,495
-602,496
-602,497
-602,498
-602,499
-602,500
-602,501
-602,502
-602,503
-602,504
-602,505
-602,506
-602,507
-602,508
-602,509
-602,510
-602,511
-602,512
-602,513
-602,514
-602,515
-602,516
-602,517
-602,518
-602,519
-602,520
-602,521
-602,522
-602,523
-602,524
-602,525
-602,526
-602,527
-602,528
-602,529
-602,530
-602,531
-602,532
-602,533
-602,534
-602,535
-602,536
-602,537
-602,538
-602,539
-602,540
-602,541
-602,542
-602,543
-602,544
-602,545
-602,546
-602,547
-602,548
-602,549
-602,550
-602,551
-602,552
-602,553
-602,554
-602,555
-602,556
-602,557
-602,558
-602,559
-602,560
-601,561
-601,562
-601,563
-601,564
-601,565
-601,566
-601,567
-601,568
-601,569
-601,570
-601,571
-601,572
-601,573
-601,574
-601,575
-601,576
-601,577
-601,578
-601,579
-601,580
-601,581
-601,582
-601,583
-601,584
-601,585
-601,586
-601,587
-601,588
-601,589
-601,590
-601,591
-601,592
-601,593
-601,594
-601,595
-601,596
-601,597
-601,598
-601,599
-601,600
-601,601
-601,602
-601,603
-601,604
-601,605
-601,606
-601,607
-601,608
-601,609
-601,610
-601,611
-601,612
-601,613
-601,614
-601,615
-601,616
-601,617
-601,618
-601,619
-601,620
-601,621
-601,622
:436_3,623
:436_3,624
:436_3,625
:436_3,626
:436_3,627
:436_3,628
600,629
600,630
600,631
600,632
600,633
600,634
600,635
600,636
600,637
600,638
600,639
600,640
600,641
600,642
600,643
600,644
600,645
600,646
600,647
600,648
600,649
600,650
600,651
600,652
600,653
600,654
600,655
600,656
600,657
600,658
600,659
600,660
600,661
600,662
600,663
600,664
600,665
600,666
600,667
600,668
600,669
600,670
600,671
600,672
600,673
600,674
600,675
600,676
600,677
600,678
600,679
600,680
600,681
600,682
600,683
600,684
600,685
600,686
600,687
600,688
600,689
600,690
600,691
600,692
600,693
600,694
600,695
600,696
600,697
600,698
600,699
600,700
600,701
600,702
600,703
600,704
600,705
600,706
600,707
600,708
600,709
600,710
600,711
600,712
600,713
600,714
600,715
600,716
600,717
600,718
600,719
600,720
600,721
600,722
600,723
600,724
600,725
600,726
600,727
600,728
600,729
600,730
600,731
600,732
600,733
600,734
600,735
600,736
600,737
600,738
600,739
600,740
600,741
600,742
600,743
600,744
600,745
600,746
600,747
600,748
600,749
600,750
600,751
600,752
600,753
600,754
600,755
600,756
600,757
600,758
600,759
600,760
600,761
600,762
600,763
600,764
600,765
600,766
600,767
600,768
600,769
600,770
600,771
600,772
600,773
600,774
600,775
600,776
600,777
600,778
600,779
600,780
600,781
600,782
600,783
600,784
600,785
600,786
600,787
600,788
600,789
600,790
600,791
600,792
600,793
600,794
600,795
600,796
600,797
600,798
600,799
600,800
600,801
600,802
600,803
600,804
600,805
600,806
600,807
600,808
600,809
600,810
600,811
600,812
600,813
600,814
600,815
600,816
600,817
600,818
600,819
600,820
600,821
600,822
600,823
600,824
600,825
600,826
600,827
600,828
600,829
600,830
600,831
600,832
600,833
600,834
600,835
600,836
600,837
600,838
600,839
600,840
600,841
600,842
600,843
600,844
600,845
600,846
600,847
600,848
600,849
600,850
600,851
600,852
600,853
600,854
600,855
600,856
600,857
600,858
600,859
600,860
600,861
600,862
600,863
600,864
600,865
600,866
600,867
600,868
600,869
600,870
600,871
600,872
600,873
600,874
600,875
600,876
600,877
600,878
600,879
600,880
600,881
600,882
600,883
600,884
600,885
600,886
600,887
600,888
600,889
600,890
600,891
600,892
600,893
600,894
600,895
600,896
600,897
600,898
600,899
600,900
600,901
600,902
600,903
600,904
600,905
600,906
600,907
600,908
600,909
600,910
600,911
600,912
600,913
600,914
600,915
600,916
600,917
600,918
600,919
600,920
600,921
600,922
600,923
600,924
600,925
600,926
600,927
600,928
600,929
600,930
600,931
600,932
600,933
600,934
600,935
600,936
600,937
600,938
600,939
600,940
600,941
600,942
600,943
600,944
600,945
600,946
600,947
600,948
600,949
600,950
600,951
600,952
600,953
600,954
600,955
600,956
600,957
600,958
600,959
600,960
600,961
600,962
600,963
600,964
600,965
600,966
600,967
600,968
600,969
600,970
600,971
600,972
600,973
600,974
600,975
600,976
600,977
600,978
600,979
600,980
600,981
600,982
600,983
600,984
600,985
600,986
600,987
600,988
600,989
600,990
600,991
600,992
600,993
600,994
600,995
600,996
600,997
600,998
600,999
600,1000
600,1001
600,1002
600,1003
600,1004
600,1005
600,1006
600,1007
600,1008
600,1009
600,1010
600,1011
600,1012
600,1013
600,1014
600,1015
600,1016
600,1017
600,1018
600,1019
600,1020
600,1021
600,1022
600,1023
600,1024
600,1025
600,1026
600,1027
600,1028
600,1029
600,1030
600,1031
600,1032
600,1033
600,1034
600,1035
600,1036
600,1037
600,1038
600,1039
600,1040
600,1041
600,1042
600,1043
600,1044
600,1045
600,1046
600,1047
600,1048
600,1049
600,1050
600,1051
600,1052
600,1053
600,1054
600,1055
600,1056
600,1057
600,1058
600,1059
600,1060
600,1061
600,1062
600,1063
600,1064
600,1065
600,1066
600,1067
600,1068
600,1069
600,1070
600,1071
600,1072
600,1073
600,1074
600,1075
600,1076
600,1077
600,1078
600,1079
600,1080
600,1081
600,1082
600,1083
600,1084
600,1085
600,1086
600,1087
600,1088
600,1089
600,1090
600,1091
600,1092
600,1093
600,1094
600,1095
600,1096
600,1097
600,1098
600,1099
600,1100
600,1101
600,1102
600,1103
600,1104
600,1105
600,1106
600,1107
600,1108
600,1109
600,1110
600,1111
600,1112
600,1113
600,1114
600,1115
600,1116
600,1117
600,1118
600,1119
600,1120
600,1121
600,1122
600,1123
600,1124
600,1125
600,1126
600,1127
600,1128
600,1129
600,1130
600,1131
600,1132
600,1133
600,1134
600,1135
600,1136
600,1137
600,1138
600,1139
600,1140
600,1141
600,1142
600,1143
600,1144
600,1145
600,1146
600,1147
600,1148
600,1149
600,1150
600,1151
600,1152
600,1153
600,1154
600,1155
600,1156
600,1157
600,1158
600,1159
600,1160
600,1161
600,1162
600,1163
600,1164
600,1165
600,1166
600,1167
600,1168
600,1169
600,1170
600,1171
600,1172
600,1173
600,1174
600,1175
600,1176
600,1177
600,1178
600,1179
600,1180
600,1181
600,1182
600,1183
600,1184
600,1185
600,1186
600,1187
600,1188
600,1189
600,1190
600,1191
600,1192
600,1193
600,1194
600,1195
600,1196
600,1197
600,1198
600,1199
600,1200
600,1201
600,1202
600,1203
600,1204
600,1205
600,1206
600,1207
600,1208
600,1209
600,1210
600,1211
600,1212
600,1213
600,1214
600,1215
600,1216
600,1217
600,1218
600,1219
600,1220
600,1221
600,1222
600,1223
600,1224
600,1225
600,1226
600,1227
600,1228
600,1229
600,1230
600,1231
600,1232
600,1233
600,1234
600,1235
600,1236
600,1237
600,1238
600,1239
600,1240
600,1241
600,1242
600,1243
600,1244
600,1245
600,1246
600,1247
600,1248
600,1249
600,1250
600,1251
600,1252
600,1253
600,1254
600,1255
600,1256
600,1257
600,1258
600,1259
600,1260
600,1261
600,1262
600,1263
600,1264
600,1265
600,1266
600,1267
600,1268
600,1269
600,1270
600,1271
600,1272
600,1273
600,1274
600,1275
600,1276
600,1277
600,1278
600,1279
600,1280
600,1281
600,1282
600,1283
600,1284
600,1285
600,1286
600,1287
600,1288
600,1289
600,1290
600,1291
600,1292
600,1293
600,1294
600,1295
600,1296
600,1297
600,1298
600,1299
600,1300
600,1301
600,1302
600,1303
600,1304
600,1305
600,1306
600,1307
600,1308
600,1309
600,1310
600,1311
600,1312
600,1313
600,1314
600,1315
600,1316
600,1317
600,1318
600,1319
600,1320
600,1321
600,1322
600,1323
600,1324
600,1325
600,1326
600,1327
600,1328
600,1329
600,1330
600,1331
600,1332
600,1333
600,1334
600,1335
600,1336
600,1337
600,1338
600,1339
600,1340
600,1341
600,1342
600,1343
600,1344
600,1345
600,1346
600,1347
600,1348
600,1349
600,1350
600,1351
600,1352
600,1353
600,1354
600,1355
600,1356
600,1357
600,1358
600,1359
600,1360
600,1361
600,1362
600,1363
600,1364
600,1365
600,1366
600,1367
600,1368
600,1369
600,1370
600,1371
600,1372
600,1373
600,1374
600,1375
600,1376
600,1377
600,1378
600,1379
600,1380
600,1381
600,1382
600,1383
600,1384
600,1385
600,1386
600,1387
600,1388
600,1389
600,1390
600,1391
600,1392
600,1393
600,1394
600,1395
600,1396
600,1397
600,1398
600,1399
600,1400
600,1401
600,1402
600,1403
600,1404
600,1405
600,1406
600,1407
600,1408
600,1409
600,1410
600,1411
600,1412
600,1413
600,1414
600,1415
600,1416
600,1417
600,1418
600,1419
600,1420
600,1421
600,1422
600,1423
600,1424
600,1425
600,1426
600,1427
600,1428
600,1429
600,1430
600,1431
600,1432
600,1433
600,1434
600,1435
600,1436
600,1437
600,1438
600,1439
600,1440
600,1441
600,1442
600,1443
600,1444
600,1445
600,1446
600,1447
600,1448
600,1449
600,1450
600,1451
600,1452
600,1453
600,1454
600,1455
600,1456
600,1457
600,1458
600,1459
600,1460
600,1461
600,1462
600,1463
600,1464
600,1465
600,1466
600,1467
600,1468
600,1469
600,1470
600,1471
600,1472
600,1473
600,1474
600,1475
600,1476
600,1477
600,1478
600,1479
600,1480
600,1481
600,1482
600,1483
600,1484
600,1485
600,1486
