-167,21
-167,22
-167,23
-167,24
-167,25
-167,26
-167,27
-167,28
-167,29
-167,30
-167,31
-167,32
-167,33
-167,34
-167,35
-167,36
-167,37
-167,38
-167,39
-167,40
-167,41
-167,42
-167,43
-167,44
-167,45
-167,46
-167,47
-167,48
-167,49
-167,50
-167,51
-167,52
-167,53
-167,54
-167,55
-167,56
-167,57
-167,58
-167,59
-167,60
-167,61
-167,62
-167,63
-167,64
-167,65
-167,66
-167,67
-167,68
-167,69
-167,70
-167,71
-167,72
-167,73
-167,74
-167,75
-167,76
-167,77
-167,78
-167,79
-167,80
-167,81
-167,82
-167,83
-167,84
-167,85
-167,86
-167,87
-167,88
-167,89
-167,90
-167,91
-167,92
-167,93
-167,94
-167,95
-167,96
-167,97
-167,98
-167,99
:178_5,100
:178_5,101
:178_5,102
:178_5,103
:178_5,104
:178_5,105
:178_5,106
164,107
164,108
164,109
164,110
164,111
164,112
164,113
164,114
164,115
164,116
164,117
164,118
164,119
164,120
164,121
164,122
164,123
164,124
164,125
164,126
164,127
164,128
164,129
164,130
164,131
164,132
164,133
164,134
164,135
164,136
164,137
164,138
164,139
164,140
164,141
164,142
164,143
164,144
164,145
164,146
164,147
164,148
164,149
164,150
164,151
164,152
164,153
164,154
164,155
164,156
164,157
164,158
164,159
164,160
164,161
164,162
164,163
164,164
164,165
164,166
164,167
164,168
164,169
164,170
164,171
164,172
164,173
164,174
164,175
164,176
164,177
164,178
164,179
164,180
164,181
164,182
164,183
164,184
164,185
164,186
164,187
164,188
164,189
164,190
164,191
164,192
164,193
164,194
164,195
164,196
164,197
164,198
164,199
164,200
164,201
164,202
164,203
164,204
164,205
164,206
164,207
164,208
164,209
164,210
164,211
164,212
164,213
164,214
164,215
164,216
164,217
164,218
164,219
164,220
164,221
164,222
164,223
164,224
164,225
164,226
164,227
164,228
164,229
164,230
164,231
164,232
164,233
164,234
164,235
164,236
164,237
164,238
164,239
164,240
164,241
164,242
164,243
164,244
164,245
164,246
164,247
164,248
164,249
164,250
164,251
164,252
164,253
164,254
164,255
164,256
164,257
164,258
164,259
164,260
164,261
164,262
164,263
164,264
164,265
164,266
164,267
164,268
164,269
164,270
164,271
164,272
164,273
164,274
164,275
164,276
164,277
164,278
164,279
164,280
164,281
164,282
164,283
164,284
164,285
164,286
164,287
164,288
164,289
164,290
164,291
164,292
164,293
164,294
164,295
164,296
164,297
164,298
164,299
164,300
164,301
164,302
164,303
164,304
164,305
164,306
164,307
164,308
164,309
164,310
164,311
164,312
164,313
164,314
164,315
164,316
164,317
164,318
164,319
164,320
164,321
164,322
164,323
164,324
164,325
164,326
164,327
164,328
164,329
164,330
164,331
164,332
164,333
164,334
164,335
164,336
164,337
164,338
164,339
164,340
164,341
164,342
164,343
:179_9,344
:179_9,345
:179_9,346
:179_9,347
:179_9,348
:179_9,349
-646,350
-646,351
-646,352
-646,353
-646,354
-646,355
-646,356
-646,357
-646,358
-646,359
-646,360
-646,361
-646,362
-646,363
-646,364
-646,365
-646,366
-646,367
-646,368
-646,369
-646,370
-646,371
-646,372
-646,373
-646,374
-646,375
-646,376
-646,377
-646,378
-646,379
-646,380
-646,381
-646,382
-646,383
-646,384
-646,385
-646,386
-646,387
-646,388
-646,389
-646,390
-646,391
-646,392
-646,393
-646,394
-646,395
-646,396
-646,397
-646,398
-646,399
-646,400
-646,401
-646,402
-646,403
-646,404
-646,405
-646,406
-646,407
-646,408
-646,409
-646,410
-646,411
-646,412
-646,413
-646,414
-646,415
-646,416
-646,417
-646,418
-646,419
-646,420
-646,421
-646,422
-646,423
-646,424
-646,425
-646,426
-646,427
-646,428
-646,429
-646,430
-646,431
-646,432
-646,433
-646,434
-646,435
-646,436
-646,437
-646,438
-646,439
-646,440
-646,441
-646,442
-646,443
-646,444
-646,445
-646,446
-646,447
-646,448
-646,449
-646,450
-646,451
-646,452
-646,453
-646,454
-646,455
-646,456
-646,457
-646,458
-646,459
-646,460
-646,461
-646,462
-646,463
-646,464
-646,465
-646,466
-646,467
-646,468
:211_3,469
:211_3,470
:211_3,471
:211_3,472
:211_3,473
:211_3,474
-204,475
-204,476
-204,477
-204,478
-204,479
-204,480
-204,481
-204,482
-204,483
-204,484
-204,485
-204,486
-204,487
-204,488
-204,489
-204,490
-204,491
-204,492
-204,493
-204,494
-204,495
-204,496
-204,497
-204,498
-204,499
-204,500
-204,501
-204,502
-204,503
-204,504
-204,505
-204,506
-204,507
-204,508
-204,509
-204,510
-204,511
-204,512
-204,513
-204,514
-204,515
-204,516
-204,517
-204,518
-204,519
-204,520
-204,521
-204,522
-204,523
-204,524
-204,525
-204,526
-204,527
-204,528
-204,529
-204,530
-204,531
-204,532
-204,533
-204,534
-204,535
-204,536
-204,537
-204,538
-204,539
-204,540
-204,541
-204,542
-204,543
-204,544
-204,545
-204,546
-204,547
-204,548
-204,549
-204,550
-204,551
-204,552
-204,553
:136_4,554
:136_4,555
:136_4,556
:136_4,557
203,558
203,559
203,560
203,561
203,562
203,563
203,564
203,565
203,566
203,567
203,568
203,569
203,570
203,571
203,572
203,573
203,574
203,575
203,576
203,577
203,578
203,579
203,580
203,581
203,582
203,583
203,584
203,585
203,586
203,587
203,588
203,589
203,590
203,591
203,592
203,593
203,594
203,595
203,596
203,597
203,598
203,599
203,600
203,601
203,602
203,603
203,604
203,605
203,606
203,607
203,608
203,609
203,610
203,611
203,612
203,613
203,614
203,615
203,616
203,617
203,618
203,619
203,620
203,621
203,622
203,623
203,624
203,625
203,626
203,627
203,628
203,629
203,630
203,631
203,632
203,633
203,634
203,635
203,636
203,637
203,638
203,639
203,640
203,641
203,642
203,643
203,644
203,645
203,646
203,647
203,648
203,649
203,650
203,651
203,652
203,653
203,654
203,655
203,656
203,657
203,658
203,659
203,660
203,661
203,662
203,663
203,664
203,665
203,666
203,667
203,668
203,669
203,670
203,671
203,672
203,673
203,674
203,675
203,676
203,677
203,678
203,679
203,680
203,681
203,682
203,683
203,684
203,685
203,686
203,687
203,688
203,689
203,690
203,691
203,692
203,693
203,694
203,695
203,696
203,697
203,698
203,699
203,700
203,701
203,702
203,703
203,704
203,705
203,706
203,707
203,708
203,709
203,710
203,711
203,712
203,713
203,714
203,715
203,716
203,717
203,718
203,719
203,720
203,721
203,722
203,723
203,724
203,725
203,726
203,727
203,728
203,729
203,730
203,731
203,732
203,733
203,734
203,735
203,736
203,737
203,738
203,739
203,740
203,741
203,742
203,743
203,744
203,745
203,746
203,747
203,748
203,749
203,750
203,751
203,752
203,753
203,754
203,755
203,756
203,757
203,758
203,759
203,760
203,761
203,762
203,763
203,764
203,765
203,766
203,767
:45_17,768
:45_17,769
:45_17,770
:45_17,771
:45_17,772
:45_17,773
209,774
209,775
209,776
209,777
209,778
209,779
209,780
209,781
209,782
209,783
209,784
209,785
209,786
209,787
209,788
209,789
209,790
209,791
209,792
209,793
209,794
209,795
209,796
209,797
209,798
209,799
209,800
209,801
209,802
209,803
209,804
209,805
209,806
209,807
209,808
209,809
209,810
209,811
209,812
209,813
209,814
209,815
209,816
209,817
209,818
209,819
209,820
209,821
209,822
209,823
209,824
209,825
209,826
209,827
209,828
209,829
209,830
209,831
209,832
209,833
209,834
209,835
209,836
209,837
209,838
209,839
209,840
209,841
209,842
209,843
209,844
:216_7,845
:216_7,846
:216_7,847
:216_7,848
:216_7,849
:216_7,850
-295,851
-295,852
-295,853
-295,854
-295,855
-295,856
-295,857
-295,858
-295,859
-295,860
-295,861
-295,862
-295,863
-295,864
-295,865
-295,866
-295,867
-295,868
-295,869
-295,870
-295,871
-295,872
-295,873
-295,874
-295,875
-295,876
-295,877
-295,878
-295,879
-295,880
-295,881
-295,882
-295,883
-295,884
-295,885
-295,886
-295,887
-295,888
-295,889
-295,890
-295,891
-295,892
-295,893
-295,894
-295,895
-295,896
-295,897
-295,898
-295,899
-295,900
-295,901
-295,902
-295,903
-295,904
-295,905
-295,906
-295,907
-295,908
-295,909
-295,910
-295,911
-295,912
-295,913
-295,914
-295,915
-295,916
-295,917
-295,918
-295,919
-295,920
-295,921
-295,922
-295,923
-295,924
-295,925
-295,926
-295,927
-295,928
-295,929
-295,930
-295,931
-295,932
-295,933
-295,934
-295,935
-295,936
-295,937
-295,938
-295,939
-295,940
-295,941
-295,942
-295,943
-295,944
-295,945
-295,946
-295,947
-295,948
-295,949
-295,950
-295,951
-295,952
-295,953
-295,954
-295,955
-295,956
-295,957
-295,958
-295,959
-295,960
-295,961
-295,962
-295,963
-295,964
-295,965
-295,966
-295,967
-295,968
-295,969
-295,970
-295,971
-295,972
-295,973
-295,974
-295,975
-295,976
-295,977
-295,978
-295,979
-295,980
-295,981
-295,982
-295,983
-295,984
-295,985
-295,986
-295,987
-295,988
-295,989
-295,990
-295,991
-295,992
-295,993
-295,994
-295,995
-295,996
-295,997
-295,998
-295,999
-295,1000
-295,1001
-295,1002
-295,1003
-295,1004
-295,1005
-295,1006
-295,1007
-295,1008
-295,1009
-295,1010
-295,1011
-295,1012
-295,1013
-295,1014
-295,1015
-295,1016
-295,1017
-295,1018
-295,1019
-295,1020
-295,1021
-295,1022
-295,1023
-295,1024
-295,1025
-295,1026
-295,1027
-295,1028
-295,1029
-295,1030
-295,1031
-295,1032
-295,1033
-295,1034
-295,1035
-295,1036
-295,1037
-295,1038
-295,1039
-295,1040
-295,1041
-295,1042
-295,1043
-295,1044
-295,1045
-295,1046
-295,1047
-295,1048
-295,1049
-295,1050
-295,1051
-295,1052
-295,1053
-295,1054
-295,1055
-295,1056
-295,1057
-295,1058
-295,1059
-295,1060
-295,1061
-295,1062
-295,1063
-295,1064
-295,1065
-295,1066
-295,1067
-295,1068
-295,1069
-295,1070
-295,1071
-295,1072
-295,1073
-295,1074
-295,1075
-295,1076
-295,1077
-295,1078
-295,1079
-295,1080
-295,1081
-295,1082
-295,1083
-295,1084
-295,1085
-295,1086
-295,1087
-295,1088
-295,1089
-295,1090
-295,1091
-295,1092
-295,1093
-295,1094
-295,1095
-295,1096
-295,1097
-295,1098
-295,1099
-295,1100
-295,1101
-295,1102
-295,1103
-295,1104
-295,1105
-295,1106
-295,1107
-295,1108
-295,1109
-295,1110
-295,1111
-295,1112
-295,1113
-295,1114
-295,1115
-295,1116
:172_13,1117
:172_13,1118
:172_13,1119
:172_13,1120
:172_13,1121
:172_13,1122
296,1123
296,1124
296,1125
296,1126
296,1127
296,1128
296,1129
296,1130
296,1131
296,1132
296,1133
296,1134
296,1135
296,1136
296,1137
296,1138
296,1139
296,1140
296,1141
296,1142
296,1143
296,1144
296,1145
296,1146
296,1147
296,1148
296,1149
296,1150
296,1151
296,1152
296,1153
296,1154
296,1155
296,1156
296,1157
296,1158
296,1159
296,1160
296,1161
296,1162
296,1163
296,1164
296,1165
296,1166
296,1167
296,1168
296,1169
296,1170
296,1171
296,1172
296,1173
296,1174
296,1175
296,1176
296,1177
296,1178
296,1179
296,1180
296,1181
296,1182
296,1183
296,1184
296,1185
296,1186
296,1187
296,1188
296,1189
296,1190
296,1191
296,1192
296,1193
296,1194
296,1195
296,1196
296,1197
296,1198
296,1199
296,1200
296,1201
296,1202
296,1203
296,1204
296,1205
296,1206
296,1207
296,1208
296,1209
296,1210
296,1211
296,1212
296,1213
296,1214
296,1215
296,1216
296,1217
296,1218
296,1219
296,1220
296,1221
296,1222
296,1223
296,1224
296,1225
296,1226
296,1227
:284_3,1228
:284_3,1229
:284_3,1230
:284_3,1231
:284_3,1232
:284_3,1233
499,1234
499,1235
499,1236
499,1237
499,1238
499,1239
499,1240
499,1241
499,1242
499,1243
499,1244
499,1245
499,1246
499,1247
499,1248
499,1249
499,1250
499,1251
499,1252
499,1253
499,1254
:418_7,1255
:418_7,1256
:418_7,1257
:418_7,1258
:418_7,1259
675,1260
675,1261
675,1262
675,1263
675,1264
675,1265
675,1266
675,1267
675,1268
675,1269
675,1270
675,1271
675,1272
675,1273
675,1274
675,1275
675,1276
675,1277
675,1278
675,1279
675,1280
675,1281
675,1282
675,1283
675,1284
675,1285
675,1286
675,1287
675,1288
675,1289
675,1290
675,1291
675,1292
675,1293
675,1294
675,1295
675,1296
675,1297
675,1298
675,1299
675,1300
:493_1,1301
673,1302
673,1303
673,1304
673,1305
673,1306
673,1307
673,1308
673,1309
673,1310
673,1311
673,1312
673,1313
673,1314
673,1315
673,1316
673,1317
673,1318
673,1319
673,1320
673,1321
673,1322
673,1323
673,1324
673,1325
673,1326
673,1327
673,1328
673,1329
673,1330
673,1331
673,1332
673,1333
673,1334
673,1335
673,1336
673,1337
673,1338
673,1339
673,1340
673,1341
673,1342
673,1343
673,1344
673,1345
673,1346
673,1347
673,1348
673,1349
673,1350
673,1351
673,1352
673,1353
673,1354
673,1355
673,1356
673,1357
673,1358
673,1359
673,1360
673,1361
673,1362
673,1363
673,1364
673,1365
673,1366
673,1367
673,1368
673,1369
673,1370
673,1371
673,1372
:455_7,1373
:455_7,1374
:455_7,1375
:455_7,1376
:455_7,1377
:455_7,1378
578,1379
578,1380
578,1381
578,1382
578,1383
578,1384
578,1385
578,1386
578,1387
578,1388
578,1389
578,1390
578,1391
578,1392
578,1393
578,1394
578,1395
578,1396
578,1397
578,1398
578,1399
578,1400
578,1401
578,1402
578,1403
578,1404
578,1405
578,1406
578,1407
578,1408
578,1409
578,1410
578,1411
578,1412
578,1413
578,1414
578,1415
578,1416
578,1417
578,1418
578,1419
578,1420
578,1421
578,1422
578,1423
578,1424
578,1425
578,1426
578,1427
578,1428
578,1429
578,1430
578,1431
578,1432
578,1433
578,1434
578,1435
578,1436
578,1437
578,1438
578,1439
578,1440
578,1441
578,1442
578,1443
578,1444
578,1445
578,1446
578,1447
578,1448
578,1449
578,1450
578,1451
578,1452
578,1453
578,1454
578,1455
578,1456
578,1457
578,1458
578,1459
578,1460
578,1461
578,1462
578,1463
578,1464
578,1465
578,1466
578,1467
578,1468
578,1469
578,1470
578,1471
578,1472
578,1473
578,1474
578,1475
578,1476
578,1477
578,1478
578,1479
578,1480
578,1481
578,1482
578,1483
578,1484
578,1485
578,1486
578,1487
578,1488
578,1489
578,1490
578,1491
578,1492
578,1493
578,1494
578,1495
578,1496
578,1497
578,1498
578,1499
578,1500
578,1501
578,1502
578,1503
578,1504
578,1505
578,1506
578,1507
578,1508
578,1509
578,1510
578,1511
578,1512
578,1513
578,1514
578,1515
578,1516
578,1517
578,1518
578,1519
578,1520
578,1521
:82_10,1522
:82_10,1523
:82_10,1524
:82_10,1525
:82_10,1526
:82_10,1527
-70,1528
-70,1529
-70,1530
-70,1531
-70,1532
-70,1533
-70,1534
-70,1535
-70,1536
-70,1537
-70,1538
-70,1539
-70,1540
-70,1541
-70,1542
-70,1543
-70,1544
-70,1545
-70,1546
-70,1547
-70,1548
-70,1549
-70,1550
-70,1551
-70,1552
-70,1553
-70,1554
-70,1555
-70,1556
-70,1557
-70,1558
-70,1559
-70,1560
-70,1561
-70,1562
-70,1563
-70,1564
-70,1565
-70,1566
-70,1567
-70,1568
-70,1569
-70,1570
-70,1571
-70,1572
-70,1573
-70,1574
-70,1575
-70,1576
-70,1577
-70,1578
-70,1579
-70,1580
-70,1581
-70,1582
-70,1583
-70,1584
-70,1585
-70,1586
-70,1587
-70,1588
-70,1589
-70,1590
-70,1591
:81_6,1592
:81_6,1593
:81_6,1594
:81_6,1595
72,1596
72,1597
72,1598
72,1599
72,1600
72,1601
72,1602
72,1603
72,1604
72,1605
72,1606
72,1607
72,1608
72,1609
72,1610
72,1611
72,1612
72,1613
72,1614
72,1615
72,1616
72,1617
72,1618
72,1619
72,1620
72,1621
72,1622
72,1623
72,1624
72,1625
72,1626
72,1627
72,1628
72,1629
72,1630
72,1631
72,1632
72,1633
72,1634
72,1635
72,1636
72,1637
72,1638
72,1639
72,1640
72,1641
72,1642
72,1643
72,1644
72,1645
72,1646
72,1647
72,1648
72,1649
72,1650
72,1651
72,1652
72,1653
72,1654
72,1655
72,1656
72,1657
72,1658
72,1659
72,1660
72,1661
72,1662
72,1663
72,1664
72,1665
72,1666
72,1667
72,1668
72,1669
72,1670
72,1671
72,1672
72,1673
72,1674
72,1675
72,1676
72,1677
72,1678
72,1679
72,1680
72,1681
72,1682
72,1683
72,1684
72,1685
72,1686
72,1687
72,1688
72,1689
72,1690
72,1691
72,1692
72,1693
72,1694
72,1695
72,1696
72,1697
72,1698
72,1699
72,1700
72,1701
72,1702
72,1703
72,1704
72,1705
72,1706
72,1707
72,1708
72,1709
72,1710
72,1711
72,1712
72,1713
72,1714
72,1715
72,1716
72,1717
72,1718
72,1719
72,1720
72,1721
72,1722
72,1723
72,1724
72,1725
72,1726
72,1727
72,1728
72,1729
72,1730
72,1731
72,1732
72,1733
72,1734
72,1735
72,1736
72,1737
72,1738
72,1739
72,1740
72,1741
72,1742
72,1743
72,1744
72,1745
72,1746
72,1747
72,1748
72,1749
72,1750
72,1751
:84_13,1752
:84_13,1753
:84_13,1754
:84_13,1755
:84_13,1756
:84_13,1757
534,1758
534,1759
534,1760
534,1761
534,1762
534,1763
534,1764
534,1765
534,1766
534,1767
534,1768
534,1769
534,1770
534,1771
534,1772
534,1773
534,1774
534,1775
534,1776
534,1777
534,1778
534,1779
534,1780
534,1781
534,1782
534,1783
534,1784
534,1785
534,1786
534,1787
534,1788
534,1789
534,1790
534,1791
534,1792
534,1793
534,1794
534,1795
534,1796
534,1797
534,1798
534,1799
534,1800
534,1801
534,1802
534,1803
534,1804
534,1805
534,1806
534,1807
534,1808
534,1809
534,1810
534,1811
534,1812
534,1813
534,1814
534,1815
534,1816
534,1817
534,1818
534,1819
534,1820
534,1821
534,1822
534,1823
534,1824
534,1825
534,1826
534,1827
534,1828
534,1829
534,1830
534,1831
534,1832
534,1833
534,1834
534,1835
534,1836
534,1837
534,1838
534,1839
534,1840
534,1841
534,1842
534,1843
534,1844
534,1845
534,1846
534,1847
534,1848
534,1849
534,1850
534,1851
534,1852
534,1853
534,1854
534,1855
534,1856
534,1857
534,1858
534,1859
534,1860
534,1861
534,1862
534,1863
534,1864
534,1865
534,1866
534,1867
534,1868
534,1869
534,1870
534,1871
534,1872
534,1873
534,1874
534,1875
534,1876
534,1877
534,1878
534,1879
534,1880
534,1881
534,1882
534,1883
534,1884
534,1885
534,1886
534,1887
:376_6,1888
:376_6,1889
:376_6,1890
:376_6,1891
-432,1892
-432,1893
-432,1894
-432,1895
-432,1896
-432,1897
-432,1898
-432,1899
-432,1900
-432,1901
-432,1902
-432,1903
-432,1904
-432,1905
-432,1906
-432,1907
-432,1908
-432,1909
-432,1910
-432,1911
-432,1912
-432,1913
-432,1914
-432,1915
-432,1916
-432,1917
-432,1918
-432,1919
-432,1920
-432,1921
-432,1922
-432,1923
-432,1924
-432,1925
-432,1926
-432,1927
-432,1928
-432,1929
-432,1930
-432,1931
-432,1932
-432,1933
-432,1934
-432,1935
-432,1936
-432,1937
-432,1938
-432,1939
-432,1940
-432,1941
-432,1942
-432,1943
-432,1944
-432,1945
-432,1946
-432,1947
-432,1948
-432,1949
-432,1950
-432,1951
-432,1952
-432,1953
-432,1954
-432,1955
-432,1956
-432,1957
-432,1958
-432,1959
-432,1960
-432,1961
-432,1962
-432,1963
-432,1964
-432,1965
-432,1966
-432,1967
-432,1968
-432,1969
-432,1970
-432,1971
:121_1,1972
:121_1,1973
:121_1,1974
:121_1,1975
:121_1,1976
:121_1,1977
-105,1978
-105,1979
-105,1980
-105,1981
-105,1982
-105,1983
-105,1984
-105,1985
-105,1986
-105,1987
-105,1988
-105,1989
-105,1990
-105,1991
-105,1992
-105,1993
-105,1994
-105,1995
-105,1996
-105,1997
-105,1998
-105,1999
-105,2000
