-54,1
-54,2
-54,3
-54,4
-54,5
-54,6
-54,7
-54,8
-54,9
-54,10
-54,11
-54,12
-54,13
-54,14
-54,15
-54,16
-54,17
-54,18
-54,19
-54,20
-54,21
-54,22
-54,23
-54,24
-54,25
-54,26
-54,27
-54,28
-54,29
-54,30
-54,31
-54,32
-54,33
-54,34
-54,35
-54,36
-54,37
-54,38
-54,39
-54,40
-54,41
-54,42
-54,43
-54,44
-54,45
-54,46
-54,47
:61_0,48
:61_0,49
:61_0,50
:61_0,51
:61_0,52
-53,53
-53,54
-53,55
-53,56
-53,57
-53,58
-53,59
-53,60
-53,61
-53,62
-53,63
-53,64
-53,65
-53,66
-53,67
-53,68
-53,69
-53,70
-53,71
-53,72
-53,73
-53,74
-53,75
-53,76
-53,77
-53,78
-53,79
-53,80
-53,81
-53,82
-53,83
-53,84
-53,85
-53,86
-53,87
-53,88
-53,89
-53,90
-53,91
-53,92
-53,93
-53,94
-53,95
-53,96
-53,97
-53,98
-53,99
-53,100
-53,101
-53,102
-53,103
-53,104
-53,105
-53,106
-53,107
-53,108
-53,109
-53,110
-53,111
-53,112
-53,113
-53,114
-53,115
-53,116
-53,117
-53,118
-53,119
-53,120
-53,121
-53,122
-53,123
-53,124
-53,125
-53,126
-53,127
-53,128
-53,129
-53,130
-53,131
-53,132
-53,133
-53,134
-53,135
-53,136
:58_5,137
:58_5,138
:58_5,139
:58_5,140
:58_5,141
:58_5,142
56,143
56,144
56,145
56,146
56,147
56,148
56,149
56,150
56,151
56,152
56,153
56,154
56,155
56,156
56,157
56,158
56,159
56,160
56,161
56,162
56,163
56,164
56,165
56,166
56,167
56,168
56,169
56,170
56,171
56,172
56,173
56,174
56,175
56,176
56,177
56,178
56,179
56,180
56,181
56,182
56,183
56,184
56,185
56,186
56,187
56,188
56,189
56,190
56,191
56,192
56,193
56,194
56,195
56,196
56,197
56,198
56,199
56,200
56,201
56,202
56,203
56,204
56,205
56,206
56,207
56,208
56,209
56,210
56,211
56,212
56,213
56,214
56,215
56,216
56,217
56,218
56,219
56,220
56,221
56,222
56,223
56,224
56,225
56,226
56,227
56,228
56,229
56,230
56,231
56,232
56,233
56,234
56,235
56,236
56,237
56,238
56,239
56,240
56,241
56,242
56,243
56,244
56,245
56,246
56,247
56,248
56,249
56,250
56,251
56,252
56,253
56,254
56,255
56,256
56,257
56,258
56,259
56,260
56,261
56,262
56,263
56,264
56,265
56,266
56,267
56,268
56,269
56,270
56,271
56,272
56,273
56,274
56,275
56,276
56,277
56,278
56,279
56,280
56,281
56,282
56,283
56,284
56,285
56,286
:64_1,287
:64_1,288
:64_1,289
:64_1,290
:64_1,291
:64_1,292
569,293
569,294
569,295
569,296
569,297
569,298
569,299
569,300
569,301
569,302
569,303
569,304
569,305
569,306
569,307
569,308
569,309
569,310
569,311
569,312
569,313
569,314
569,315
569,316
569,317
569,318
569,319
569,320
569,321
569,322
569,323
569,324
569,325
569,326
569,327
569,328
569,329
569,330
569,331
569,332
569,333
569,334
569,335
569,336
569,337
569,338
569,339
569,340
569,341
569,342
569,343
569,344
569,345
569,346
569,347
569,348
569,349
569,350
569,351
569,352
569,353
569,354
569,355
569,356
569,357
569,358
569,359
569,360
569,361
569,362
569,363
569,364
569,365
569,366
569,367
569,368
569,369
569,370
569,371
569,372
569,373
569,374
569,375
569,376
569,377
569,378
569,379
569,380
569,381
569,382
569,383
569,384
569,385
569,386
569,387
569,388
569,389
569,390
569,391
569,392
569,393
569,394
569,395
569,396
569,397
:151_0,398
:151_0,399
:151_0,400
:151_0,401
:151_0,402
570,403
570,404
570,405
570,406
570,407
570,408
570,409
570,410
570,411
570,412
570,413
570,414
570,415
570,416
570,417
570,418
570,419
570,420
570,421
570,422
570,423
570,424
570,425
570,426
570,427
570,428
570,429
570,430
570,431
570,432
570,433
570,434
570,435
570,436
570,437
570,438
570,439
570,440
570,441
570,442
570,443
570,444
570,445
570,446
570,447
570,448
570,449
570,450
570,451
570,452
570,453
570,454
570,455
570,456
570,457
570,458
570,459
570,460
570,461
570,462
570,463
570,464
570,465
570,466
570,467
570,468
570,469
570,470
570,471
570,472
570,473
570,474
570,475
570,476
570,477
570,478
570,479
570,480
570,481
570,482
570,483
570,484
570,485
570,486
570,487
570,488
570,489
570,490
570,491
570,492
570,493
570,494
570,495
570,496
570,497
570,498
570,499
570,500
570,501
570,502
570,503
570,504
570,505
570,506
570,507
570,508
570,509
570,510
570,511
570,512
570,513
570,514
570,515
570,516
570,517
570,518
570,519
570,520
570,521
570,522
570,523
570,524
570,525
570,526
570,527
570,528
570,529
570,530
570,531
570,532
570,533
570,534
570,535
570,536
570,537
570,538
570,539
570,540
570,541
570,542
570,543
570,544
570,545
570,546
570,547
570,548
570,549
570,550
570,551
570,552
570,553
570,554
570,555
570,556
570,557
570,558
570,559
570,560
570,561
570,562
570,563
570,564
570,565
570,566
570,567
570,568
:99_0,569
:99_0,570
:99_0,571
:99_0,572
:99_0,573
571,574
571,575
571,576
571,577
571,578
571,579
571,580
571,581
571,582
571,583
571,584
571,585
571,586
571,587
571,588
571,589
571,590
571,591
571,592
571,593
571,594
571,595
571,596
571,597
571,598
571,599
571,600
571,601
571,602
571,603
571,604
571,605
571,606
571,607
571,608
571,609
571,610
571,611
571,612
571,613
571,614
571,615
571,616
571,617
571,618
571,619
571,620
571,621
571,622
571,623
571,624
571,625
571,626
571,627
571,628
571,629
571,630
571,631
571,632
571,633
571,634
571,635
571,636
571,637
571,638
571,639
571,640
571,641
571,642
571,643
571,644
571,645
571,646
571,647
571,648
571,649
571,650
571,651
571,652
571,653
571,654
571,655
571,656
571,657
571,658
571,659
571,660
571,661
571,662
571,663
571,664
571,665
571,666
571,667
571,668
571,669
571,670
571,671
571,672
571,673
571,674
571,675
571,676
571,677
571,678
571,679
571,680
571,681
571,682
571,683
571,684
571,685
571,686
571,687
571,688
571,689
571,690
571,691
571,692
571,693
571,694
571,695
571,696
571,697
571,698
571,699
571,700
571,701
571,702
571,703
571,704
571,705
571,706
571,707
571,708
571,709
571,710
571,711
571,712
571,713
571,714
571,715
571,716
571,717
571,718
571,719
571,720
571,721
571,722
571,723
571,724
571,725
571,726
571,727
571,728
571,729
571,730
571,731
571,732
571,733
571,734
571,735
571,736
571,737
571,738
571,739
571,740
571,741
571,742
571,743
571,744
571,745
571,746
571,747
571,748
571,749
571,750
571,751
571,752
571,753
571,754
571,755
571,756
571,757
571,758
571,759
571,760
571,761
571,762
571,763
571,764
571,765
571,766
571,767
571,768
571,769
571,770
571,771
571,772
571,773
571,774
571,775
571,776
571,777
571,778
571,779
571,780
:92_1,781
:92_1,782
:92_1,783
:92_1,784
:92_1,785
:92_1,786
-79,787
-79,788
-79,789
-79,790
-79,791
-79,792
-79,793
-79,794
-79,795
-79,796
-79,797
-79,798
-79,799
-79,800
-79,801
-79,802
-79,803
-79,804
-79,805
-79,806
-79,807
-79,808
-79,809
-79,810
-79,811
-79,812
-79,813
-79,814
-79,815
-79,816
-79,817
-79,818
-79,819
-79,820
-79,821
-79,822
-79,823
-79,824
-79,825
-79,826
-79,827
-79,828
-79,829
-79,830
-79,831
-79,832
-79,833
-79,834
-79,835
-79,836
-79,837
-79,838
-79,839
-79,840
-79,841
-79,842
-79,843
-79,844
-79,845
-79,846
-79,847
-79,848
-79,849
-79,850
-79,851
-79,852
-79,853
-79,854
-79,855
-79,856
-79,857
-79,858
-79,859
-79,860
-79,861
-79,862
-79,863
-79,864
-79,865
-79,866
-79,867
-79,868
-79,869
-79,870
-79,871
-79,872
-79,873
-79,874
-79,875
-79,876
-79,877
-79,878
-79,879
-79,880
-79,881
-79,882
-79,883
-79,884
-79,885
-79,886
-79,887
-79,888
-79,889
-79,890
-79,891
-79,892
-79,893
-79,894
:91_0,895
:91_0,896
:91_0,897
:91_0,898
:91_0,899
:91_0,900
:91_0,901
80,902
80,903
80,904
80,905
80,906
80,907
80,908
80,909
80,910
80,911
80,912
80,913
80,914
80,915
80,916
80,917
80,918
80,919
80,920
80,921
80,922
80,923
80,924
80,925
80,926
80,927
80,928
80,929
80,930
80,931
80,932
80,933
80,934
80,935
80,936
80,937
80,938
80,939
80,940
80,941
80,942
80,943
80,944
80,945
80,946
80,947
80,948
80,949
80,950
80,951
80,952
80,953
80,954
80,955
80,956
80,957
80,958
80,959
80,960
80,961
80,962
80,963
80,964
80,965
80,966
80,967
80,968
80,969
80,970
80,971
80,972
80,973
80,974
80,975
80,976
80,977
80,978
80,979
80,980
80,981
80,982
80,983
80,984
80,985
80,986
80,987
80,988
80,989
80,990
80,991
80,992
80,993
80,994
80,995
80,996
80,997
80,998
80,999
80,1000
80,1001
80,1002
80,1003
80,1004
80,1005
80,1006
80,1007
80,1008
80,1009
80,1010
80,1011
80,1012
80,1013
80,1014
80,1015
80,1016
80,1017
80,1018
:93_4,1019
:93_4,1020
:93_4,1021
:93_4,1022
:93_4,1023
:93_4,1024
630,1025
630,1026
630,1027
630,1028
630,1029
630,1030
630,1031
630,1032
630,1033
630,1034
630,1035
630,1036
630,1037
630,1038
630,1039
630,1040
630,1041
630,1042
630,1043
630,1044
630,1045
630,1046
630,1047
630,1048
630,1049
630,1050
630,1051
630,1052
630,1053
630,1054
630,1055
630,1056
630,1057
630,1058
630,1059
630,1060
630,1061
630,1062
630,1063
630,1064
630,1065
630,1066
630,1067
630,1068
630,1069
630,1070
630,1071
630,1072
630,1073
630,1074
630,1075
630,1076
630,1077
630,1078
630,1079
630,1080
630,1081
630,1082
630,1083
630,1084
630,1085
630,1086
630,1087
630,1088
630,1089
630,1090
630,1091
630,1092
630,1093
630,1094
630,1095
630,1096
630,1097
630,1098
630,1099
630,1100
630,1101
630,1102
630,1103
630,1104
630,1105
630,1106
630,1107
630,1108
630,1109
630,1110
630,1111
630,1112
630,1113
630,1114
630,1115
630,1116
630,1117
630,1118
630,1119
630,1120
630,1121
630,1122
630,1123
630,1124
630,1125
630,1126
630,1127
630,1128
630,1129
630,1130
630,1131
630,1132
630,1133
630,1134
630,1135
630,1136
630,1137
630,1138
630,1139
630,1140
630,1141
630,1142
:213_4,1143
:213_4,1144
:213_4,1145
:213_4,1146
:213_4,1147
-205,1148
-205,1149
-205,1150
-205,1151
-205,1152
-205,1153
-205,1154
-205,1155
-205,1156
-205,1157
-205,1158
-205,1159
-205,1160
-205,1161
-205,1162
-205,1163
-205,1164
-205,1165
-205,1166
-205,1167
-205,1168
-205,1169
-205,1170
-205,1171
-205,1172
-205,1173
-205,1174
-205,1175
-205,1176
-205,1177
-205,1178
-205,1179
-205,1180
-205,1181
-205,1182
-205,1183
-205,1184
-205,1185
-205,1186
-205,1187
-205,1188
-205,1189
-205,1190
-205,1191
-205,1192
-205,1193
-205,1194
-205,1195
-205,1196
-205,1197
-205,1198
-205,1199
-205,1200
-205,1201
-205,1202
-205,1203
-205,1204
-205,1205
-205,1206
-205,1207
-205,1208
-205,1209
-205,1210
-205,1211
-205,1212
-205,1213
-205,1214
-205,1215
-205,1216
-205,1217
-205,1218
-205,1219
-205,1220
-205,1221
-205,1222
-205,1223
-205,1224
-205,1225
-205,1226
-205,1227
-205,1228
-205,1229
-205,1230
-205,1231
-205,1232
-205,1233
-205,1234
-205,1235
-205,1236
-205,1237
-205,1238
-205,1239
-205,1240
-205,1241
-205,1242
-205,1243
-205,1244
-205,1245
-205,1246
-205,1247
-205,1248
-205,1249
-205,1250
-205,1251
-205,1252
-205,1253
-205,1254
-205,1255
-205,1256
-205,1257
-205,1258
-205,1259
-205,1260
-205,1261
-205,1262
-205,1263
-205,1264
-205,1265
