279,21
279,22
279,23
279,24
279,25
279,26
279,27
279,28
279,29
279,30
279,31
279,32
279,33
279,34
279,35
279,36
279,37
279,38
279,39
279,40
279,41
279,42
279,43
279,44
279,45
279,46
279,47
279,48
279,49
279,50
279,51
279,52
279,53
279,54
279,55
279,56
279,57
279,58
279,59
279,60
279,61
279,62
279,63
279,64
279,65
279,66
279,67
279,68
279,69
279,70
279,71
279,72
279,73
279,74
279,75
279,76
279,77
279,78
279,79
279,80
279,81
279,82
279,83
279,84
279,85
:271_4,86
:271_4,87
:271_4,88
:271_4,89
:271_4,90
-407,91
-407,92
-407,93
-407,94
-407,95
-407,96
-407,97
-407,98
-407,99
-407,100
-407,101
-407,102
-407,103
-407,104
-407,105
-407,106
-407,107
-407,108
-407,109
-407,110
-407,111
-407,112
-407,113
-407,114
-407,115
-407,116
-407,117
-407,118
-407,119
-407,120
-407,121
-407,122
-407,123
-407,124
-407,125
-407,126
-407,127
-407,128
-407,129
-407,130
-407,131
:363_0,132
:363_0,133
:363_0,134
:363_0,135
:363_0,136
409,137
409,138
409,139
409,140
409,141
409,142
409,143
409,144
409,145
409,146
409,147
409,148
409,149
409,150
409,151
409,152
409,153
409,154
409,155
409,156
409,157
409,158
409,159
409,160
409,161
409,162
409,163
409,164
409,165
409,166
409,167
409,168
409,169
409,170
409,171
409,172
409,173
409,174
409,175
409,176
409,177
409,178
409,179
409,180
409,181
409,182
409,183
409,184
409,185
409,186
409,187
409,188
409,189
409,190
409,191
409,192
409,193
:290_4,194
:290_4,195
:290_4,196
:290_4,197
:290_4,198
-303,199
-303,200
-303,201
-303,202
-303,203
-303,204
-303,205
-303,206
-303,207
-303,208
-303,209
-303,210
-303,211
-303,212
-303,213
-303,214
-303,215
-303,216
-303,217
-303,218
-303,219
-303,220
-303,221
-303,222
-303,223
-303,224
-303,225
-303,226
-303,227
-303,228
-303,229
-303,230
-303,231
-303,232
-303,233
-303,234
-303,235
-303,236
-303,237
-303,238
-303,239
-303,240
-303,241
-303,242
-303,243
-303,244
-303,245
-303,246
-303,247
-303,248
-303,249
-303,250
-303,251
-303,252
-303,253
-303,254
-303,255
-303,256
-303,257
-303,258
-303,259
-303,260
-303,261
-303,262
-303,263
-303,264
-303,265
-303,266
-303,267
-303,268
-303,269
-303,270
-303,271
-303,272
-303,273
-303,274
-303,275
-303,276
-303,277
-303,278
-303,279
-303,280
-303,281
-303,282
-303,283
:289_3,284
:289_3,285
:289_3,286
:289_3,287
304,288
304,289
304,290
304,291
304,292
304,293
304,294
304,295
304,296
304,297
304,298
304,299
304,300
304,301
304,302
304,303
304,304
304,305
304,306
304,307
304,308
304,309
304,310
304,311
304,312
304,313
304,314
304,315
304,316
304,317
304,318
304,319
304,320
304,321
304,322
304,323
304,324
304,325
304,326
304,327
304,328
304,329
304,330
304,331
304,332
304,333
304,334
304,335
304,336
304,337
304,338
304,339
304,340
304,341
304,342
304,343
304,344
304,345
304,346
304,347
304,348
304,349
304,350
304,351
304,352
304,353
304,354
304,355
304,356
304,357
304,358
304,359
304,360
304,361
304,362
304,363
304,364
304,365
304,366
304,367
304,368
304,369
304,370
304,371
304,372
304,373
304,374
304,375
:59_0,376
:59_0,377
:59_0,378
:59_0,379
:59_0,380
:59_0,381
-51,382
-51,383
-51,384
-51,385
-51,386
-51,387
-51,388
-51,389
-51,390
-51,391
-51,392
-51,393
-51,394
-51,395
-51,396
-51,397
-51,398
-51,399
-51,400
-51,401
-51,402
-51,403
-51,404
-51,405
-51,406
-51,407
-51,408
-51,409
-51,410
-51,411
-51,412
-51,413
-51,414
-51,415
-51,416
-51,417
-51,418
-51,419
-51,420
-51,421
-51,422
-51,423
-51,424
-51,425
-51,426
-51,427
-51,428
-51,429
-51,430
-51,431
-51,432
-51,433
-51,434
-51,435
-51,436
-51,437
-51,438
-51,439
-51,440
-51,441
-51,442
-51,443
-51,444
-51,445
-51,446
-51,447
-51,448
-51,449
-51,450
-51,451
-51,452
-51,453
-51,454
-51,455
-51,456
-51,457
-51,458
-51,459
-51,460
-51,461
-51,462
-51,463
-51,464
-51,465
-51,466
-51,467
-51,468
-51,469
-51,470
-51,471
-51,472
-51,473
-51,474
-51,475
-51,476
-51,477
-51,478
-51,479
-51,480
-51,481
-51,482
-51,483
-51,484
-51,485
-51,486
-51,487
-51,488
-51,489
-51,490
-51,491
-51,492
-51,493
-51,494
-51,495
-51,496
-51,497
-51,498
-51,499
-51,500
-51,501
-51,502
-51,503
-51,504
-51,505
-51,506
-51,507
-51,508
-51,509
-51,510
-51,511
-51,512
-51,513
-51,514
-51,515
-51,516
-51,517
-51,518
-51,519
-51,520
-51,521
-51,522
-51,523
-51,524
-51,525
-51,526
-51,527
-51,528
-51,529
-51,530
-51,531
-51,532
-51,533
-51,534
-51,535
-51,536
-51,537
-51,538
-51,539
-51,540
-51,541
-51,542
-51,543
-51,544
-51,545
-51,546
-51,547
:58_8,548
:58_8,549
:58_8,550
:58_8,551
53,552
53,553
53,554
53,555
53,556
53,557
53,558
53,559
53,560
53,561
53,562
53,563
53,564
53,565
53,566
53,567
53,568
53,569
53,570
53,571
53,572
53,573
53,574
53,575
53,576
53,577
53,578
53,579
53,580
53,581
53,582
53,583
53,584
53,585
53,586
53,587
53,588
53,589
53,590
53,591
53,592
53,593
53,594
53,595
53,596
53,597
53,598
53,599
53,600
53,601
53,602
53,603
53,604
53,605
53,606
53,607
53,608
53,609
53,610
53,611
53,612
53,613
53,614
53,615
53,616
53,617
53,618
53,619
53,620
53,621
53,622
53,623
53,624
53,625
:61_7,626
:61_7,627
:61_7,628
:61_7,629
:61_7,630
54,631
54,632
54,633
54,634
54,635
54,636
54,637
54,638
54,639
54,640
54,641
54,642
54,643
54,644
54,645
54,646
54,647
54,648
54,649
54,650
54,651
54,652
54,653
54,654
54,655
54,656
54,657
54,658
54,659
54,660
54,661
54,662
54,663
54,664
54,665
54,666
54,667
54,668
54,669
54,670
54,671
54,672
54,673
54,674
54,675
54,676
54,677
54,678
:62_3,679
:62_3,680
:62_3,681
:62_3,682
:62_3,683
55,684
55,685
55,686
55,687
55,688
55,689
55,690
55,691
55,692
55,693
55,694
55,695
55,696
55,697
55,698
55,699
55,700
55,701
55,702
55,703
55,704
55,705
55,706
55,707
55,708
55,709
55,710
55,711
55,712
55,713
55,714
55,715
55,716
55,717
55,718
55,719
55,720
55,721
55,722
55,723
55,724
55,725
55,726
55,727
55,728
55,729
55,730
55,731
55,732
55,733
55,734
55,735
55,736
55,737
55,738
55,739
55,740
55,741
55,742
55,743
55,744
55,745
55,746
55,747
55,748
55,749
55,750
55,751
55,752
55,753
55,754
55,755
55,756
55,757
55,758
55,759
55,760
55,761
55,762
55,763
55,764
55,765
55,766
55,767
55,768
55,769
55,770
55,771
55,772
55,773
55,774
55,775
55,776
55,777
55,778
55,779
55,780
55,781
55,782
55,783
55,784
55,785
55,786
55,787
55,788
55,789
55,790
55,791
55,792
55,793
55,794
55,795
55,796
55,797
55,798
55,799
:63_13,800
:63_13,801
:63_13,802
:63_13,803
:63_13,804
159,805
159,806
159,807
159,808
159,809
159,810
159,811
159,812
159,813
159,814
159,815
159,816
159,817
159,818
159,819
159,820
159,821
159,822
159,823
159,824
159,825
159,826
159,827
159,828
159,829
159,830
159,831
159,832
159,833
159,834
159,835
159,836
159,837
159,838
159,839
159,840
159,841
159,842
159,843
159,844
159,845
159,846
159,847
159,848
159,849
159,850
159,851
159,852
159,853
159,854
159,855
159,856
159,857
159,858
159,859
159,860
159,861
159,862
159,863
159,864
159,865
159,866
159,867
159,868
159,869
159,870
159,871
159,872
159,873
159,874
159,875
159,876
159,877
159,878
159,879
159,880
159,881
159,882
159,883
159,884
159,885
159,886
159,887
159,888
159,889
159,890
159,891
159,892
159,893
159,894
159,895
159,896
159,897
159,898
159,899
159,900
159,901
159,902
159,903
:102_7,904
:102_7,905
:102_7,906
:102_7,907
:102_7,908
-87,909
-87,910
-87,911
-87,912
-87,913
-87,914
-87,915
-87,916
-87,917
-87,918
-87,919
-87,920
-87,921
-87,922
-87,923
-87,924
-87,925
-87,926
-87,927
-87,928
-87,929
-87,930
-87,931
-87,932
-87,933
-87,934
-87,935
-87,936
-87,937
-87,938
-87,939
-87,940
-87,941
-87,942
-87,943
-87,944
-87,945
-87,946
-87,947
-87,948
-87,949
-87,950
-87,951
-87,952
-87,953
-87,954
-87,955
-87,956
-87,957
-87,958
-87,959
-87,960
-87,961
-87,962
-87,963
-87,964
-87,965
-87,966
-87,967
-87,968
-87,969
-87,970
-87,971
-87,972
-87,973
-87,974
-87,975
-87,976
-87,977
-87,978
-87,979
-87,980
-87,981
-87,982
-87,983
-87,984
-87,985
-87,986
-87,987
-87,988
-87,989
-87,990
-87,991
-87,992
-87,993
-87,994
-87,995
-87,996
-87,997
-87,998
-87,999
-87,1000
-87,1001
-87,1002
-87,1003
-87,1004
-87,1005
-87,1006
-87,1007
-87,1008
-87,1009
-87,1010
-87,1011
-87,1012
-87,1013
-87,1014
-87,1015
-87,1016
-87,1017
-87,1018
-87,1019
-87,1020
-87,1021
-87,1022
-87,1023
-87,1024
-87,1025
-87,1026
-87,1027
-87,1028
-87,1029
-87,1030
-87,1031
-87,1032
-87,1033
-87,1034
-87,1035
-87,1036
-87,1037
-87,1038
-87,1039
-87,1040
-87,1041
-87,1042
-87,1043
-87,1044
-87,1045
-87,1046
-87,1047
-87,1048
-87,1049
-87,1050
-87,1051
-87,1052
-87,1053
-87,1054
-87,1055
-87,1056
-87,1057
-87,1058
-87,1059
-87,1060
-87,1061
-87,1062
-87,1063
-87,1064
-87,1065
-87,1066
-87,1067
-87,1068
-87,1069
-87,1070
-87,1071
-87,1072
-87,1073
:27_9,1074
:27_9,1075
:27_9,1076
:27_9,1077
:27_9,1078
:27_9,1079
-23,1080
-23,1081
-23,1082
-23,1083
-23,1084
-23,1085
-23,1086
-23,1087
-23,1088
-23,1089
-23,1090
-23,1091
-23,1092
-23,1093
-23,1094
-23,1095
-23,1096
-23,1097
-23,1098
-23,1099
-23,1100
-23,1101
-23,1102
-23,1103
-23,1104
-23,1105
-23,1106
-23,1107
-23,1108
-23,1109
-23,1110
-23,1111
-23,1112
-23,1113
-23,1114
-23,1115
-23,1116
-23,1117
-23,1118
-23,1119
-23,1120
-23,1121
-23,1122
-23,1123
-23,1124
-23,1125
-23,1126
-23,1127
-23,1128
-23,1129
-23,1130
-23,1131
-23,1132
-23,1133
-23,1134
-23,1135
-23,1136
-23,1137
-23,1138
-23,1139
-23,1140
-23,1141
-23,1142
-23,1143
-23,1144
-23,1145
-23,1146
-23,1147
-23,1148
-23,1149
-23,1150
-23,1151
-23,1152
-23,1153
-23,1154
-23,1155
-23,1156
-23,1157
-23,1158
-23,1159
-23,1160
-23,1161
-23,1162
-23,1163
-23,1164
-23,1165
-23,1166
-23,1167
-23,1168
-23,1169
-23,1170
-23,1171
-23,1172
-23,1173
-23,1174
-23,1175
-23,1176
-23,1177
-23,1178
-23,1179
-23,1180
-23,1181
-23,1182
-23,1183
-23,1184
-23,1185
-23,1186
-23,1187
-23,1188
-23,1189
-23,1190
-23,1191
-23,1192
-23,1193
-23,1194
-23,1195
-23,1196
-23,1197
-23,1198
-23,1199
-23,1200
-23,1201
-23,1202
-23,1203
-23,1204
-23,1205
-23,1206
-23,1207
-23,1208
-23,1209
-23,1210
-23,1211
-23,1212
-23,1213
-23,1214
-23,1215
-23,1216
-23,1217
-23,1218
-23,1219
-23,1220
-23,1221
-23,1222
-23,1223
-23,1224
-23,1225
-23,1226
-23,1227
-23,1228
-23,1229
-23,1230
-23,1231
-23,1232
-23,1233
-23,1234
-23,1235
-23,1236
-23,1237
-23,1238
-23,1239
-23,1240
-23,1241
-23,1242
-23,1243
-23,1244
-23,1245
-23,1246
-23,1247
-23,1248
-23,1249
-23,1250
-23,1251
-23,1252
-23,1253
-23,1254
-23,1255
-23,1256
-23,1257
-23,1258
-23,1259
-23,1260
:22_9,1261
:22_9,1262
:22_9,1263
:22_9,1264
:22_9,1265
:22_9,1266
19,1267
19,1268
19,1269
19,1270
19,1271
19,1272
19,1273
19,1274
19,1275
19,1276
19,1277
19,1278
19,1279
19,1280
19,1281
19,1282
19,1283
19,1284
19,1285
19,1286
19,1287
19,1288
19,1289
19,1290
19,1291
19,1292
19,1293
19,1294
19,1295
19,1296
19,1297
19,1298
19,1299
19,1300
19,1301
19,1302
19,1303
19,1304
19,1305
19,1306
19,1307
19,1308
19,1309
19,1310
19,1311
19,1312
19,1313
19,1314
19,1315
19,1316
19,1317
19,1318
19,1319
19,1320
19,1321
19,1322
19,1323
19,1324
19,1325
19,1326
19,1327
19,1328
19,1329
19,1330
19,1331
19,1332
19,1333
19,1334
19,1335
19,1336
19,1337
19,1338
19,1339
19,1340
19,1341
19,1342
19,1343
19,1344
19,1345
19,1346
19,1347
19,1348
19,1349
19,1350
19,1351
19,1352
19,1353
19,1354
19,1355
19,1356
19,1357
19,1358
19,1359
19,1360
19,1361
19,1362
:23_6,1363
:23_6,1364
:23_6,1365
:23_6,1366
:23_6,1367
:23_6,1368
:23_6,1369
20,1370
20,1371
20,1372
20,1373
20,1374
20,1375
20,1376
20,1377
20,1378
20,1379
20,1380
20,1381
20,1382
20,1383
20,1384
20,1385
20,1386
20,1387
20,1388
20,1389
20,1390
20,1391
20,1392
20,1393
20,1394
20,1395
20,1396
20,1397
20,1398
20,1399
20,1400
20,1401
20,1402
20,1403
20,1404
20,1405
20,1406
20,1407
20,1408
20,1409
20,1410
20,1411
20,1412
20,1413
20,1414
20,1415
20,1416
20,1417
20,1418
20,1419
20,1420
20,1421
20,1422
20,1423
20,1424
20,1425
20,1426
20,1427
20,1428
20,1429
20,1430
20,1431
20,1432
20,1433
20,1434
20,1435
20,1436
20,1437
20,1438
20,1439
20,1440
20,1441
20,1442
20,1443
20,1444
20,1445
20,1446
20,1447
20,1448
20,1449
20,1450
20,1451
20,1452
20,1453
20,1454
20,1455
20,1456
20,1457
20,1458
20,1459
20,1460
20,1461
20,1462
:24_14,1463
:24_14,1464
:24_18,1465
:24_18,1466
:24_18,1467
24,1468
24,1469
24,1470
24,1471
24,1472
24,1473
24,1474
24,1475
24,1476
24,1477
24,1478
24,1479
24,1480
24,1481
24,1482
24,1483
24,1484
24,1485
24,1486
24,1487
24,1488
24,1489
24,1490
24,1491
24,1492
24,1493
24,1494
24,1495
24,1496
24,1497
24,1498
24,1499
24,1500
24,1501
24,1502
24,1503
24,1504
24,1505
24,1506
24,1507
24,1508
24,1509
24,1510
24,1511
24,1512
24,1513
24,1514
24,1515
24,1516
24,1517
24,1518
24,1519
24,1520
24,1521
24,1522
24,1523
24,1524
24,1525
24,1526
24,1527
24,1528
24,1529
24,1530
24,1531
24,1532
24,1533
24,1534
24,1535
24,1536
24,1537
24,1538
24,1539
24,1540
24,1541
24,1542
24,1543
24,1544
24,1545
24,1546
24,1547
24,1548
24,1549
24,1550
24,1551
24,1552
24,1553
24,1554
24,1555
24,1556
24,1557
:28_0,1558
:28_0,1559
:28_0,1560
:28_0,1561
:28_0,1562
:28_0,1563
:28_0,1564
-406,1565
-406,1566
-406,1567
-406,1568
-406,1569
-406,1570
-406,1571
-406,1572
-406,1573
-406,1574
-406,1575
-406,1576
-406,1577
-406,1578
-406,1579
-406,1580
-406,1581
-406,1582
-406,1583
-406,1584
-406,1585
-406,1586
-406,1587
-406,1588
-406,1589
-406,1590
-406,1591
-406,1592
-406,1593
-406,1594
-406,1595
-406,1596
-406,1597
-406,1598
-406,1599
-406,1600
-406,1601
-406,1602
-406,1603
-406,1604
-406,1605
-406,1606
-406,1607
-406,1608
-406,1609
-406,1610
-406,1611
-406,1612
-406,1613
-406,1614
-406,1615
-406,1616
-406,1617
-406,1618
-406,1619
-406,1620
-406,1621
-406,1622
-406,1623
-406,1624
-406,1625
-406,1626
-406,1627
-406,1628
-406,1629
-406,1630
-406,1631
-406,1632
-406,1633
-406,1634
-406,1635
-406,1636
-406,1637
-406,1638
-406,1639
-406,1640
-406,1641
-406,1642
-406,1643
-406,1644
-406,1645
-406,1646
-406,1647
-406,1648
-406,1649
-406,1650
-406,1651
-406,1652
-406,1653
-406,1654
-406,1655
-406,1656
-406,1657
-406,1658
-406,1659
-406,1660
-406,1661
-406,1662
-406,1663
-406,1664
-406,1665
-406,1666
-406,1667
-406,1668
-406,1669
-406,1670
-406,1671
-406,1672
-406,1673
-406,1674
-406,1675
-406,1676
-406,1677
-406,1678
-406,1679
-406,1680
-406,1681
-406,1682
-406,1683
-406,1684
-406,1685
-406,1686
-406,1687
-406,1688
-406,1689
-406,1690
-406,1691
-406,1692
-406,1693
-406,1694
-406,1695
-406,1696
-406,1697
-406,1698
-406,1699
-406,1700
-406,1701
-406,1702
-406,1703
-406,1704
-406,1705
-406,1706
-406,1707
-406,1708
-406,1709
-406,1710
-406,1711
-406,1712
-406,1713
-406,1714
-406,1715
-406,1716
-406,1717
-406,1718
-406,1719
-406,1720
-406,1721
-406,1722
-406,1723
-406,1724
-406,1725
-406,1726
-406,1727
-406,1728
-406,1729
-406,1730
-406,1731
-406,1732
-406,1733
-406,1734
-406,1735
-406,1736
-406,1737
-406,1738
-406,1739
-406,1740
-406,1741
-406,1742
-406,1743
-406,1744
-406,1745
-406,1746
-406,1747
-406,1748
-406,1749
-406,1750
:143_5,1751
:143_5,1752
:143_5,1753
:143_5,1754
:143_5,1755
:143_5,1756
-401,1757
-401,1758
-401,1759
-401,1760
-401,1761
-401,1762
-401,1763
-401,1764
-401,1765
-401,1766
-401,1767
-401,1768
-401,1769
-401,1770
-401,1771
-401,1772
-401,1773
-401,1774
-401,1775
-401,1776
-401,1777
-401,1778
-401,1779
-401,1780
-401,1781
-401,1782
-401,1783
-401,1784
-401,1785
-401,1786
-401,1787
-401,1788
-401,1789
-401,1790
-401,1791
-401,1792
-401,1793
-401,1794
-401,1795
-401,1796
-401,1797
-401,1798
-401,1799
-401,1800
-401,1801
-401,1802
-401,1803
-401,1804
-401,1805
-401,1806
-401,1807
-401,1808
-401,1809
-401,1810
-401,1811
-401,1812
-401,1813
-401,1814
-401,1815
-401,1816
-401,1817
-401,1818
-401,1819
-401,1820
-401,1821
-401,1822
-401,1823
-401,1824
-401,1825
-401,1826
-401,1827
-401,1828
-401,1829
-401,1830
-401,1831
-401,1832
-401,1833
-401,1834
-401,1835
-401,1836
-401,1837
-401,1838
-401,1839
-401,1840
-401,1841
-401,1842
-401,1843
-401,1844
-401,1845
-401,1846
-401,1847
-401,1848
-401,1849
-401,1850
-401,1851
-401,1852
-401,1853
-401,1854
-401,1855
-401,1856
-401,1857
-401,1858
-401,1859
-401,1860
-401,1861
-401,1862
-401,1863
-401,1864
-401,1865
-401,1866
-401,1867
-401,1868
-401,1869
-401,1870
-401,1871
-401,1872
-401,1873
-401,1874
-401,1875
-401,1876
-401,1877
-401,1878
-401,1879
-401,1880
-401,1881
-401,1882
-401,1883
-401,1884
-401,1885
-401,1886
-401,1887
-401,1888
-401,1889
-401,1890
-401,1891
-401,1892
-401,1893
-401,1894
-401,1895
-401,1896
-401,1897
-401,1898
-401,1899
-401,1900
-401,1901
-401,1902
-401,1903
-401,1904
-401,1905
-401,1906
-401,1907
-401,1908
-401,1909
-401,1910
-401,1911
-401,1912
-401,1913
-401,1914
-401,1915
-401,1916
-401,1917
-401,1918
-401,1919
-401,1920
-401,1921
-401,1922
-401,1923
-401,1924
-401,1925
-401,1926
-401,1927
-401,1928
-401,1929
-401,1930
-401,1931
-401,1932
-401,1933
-401,1934
-401,1935
-401,1936
-401,1937
-401,1938
:215_8,1939
:215_8,1940
:215_8,1941
:215_8,1942
245,1943
245,1944
245,1945
245,1946
245,1947
245,1948
245,1949
245,1950
245,1951
245,1952
245,1953
245,1954
245,1955
245,1956
245,1957
245,1958
245,1959
245,1960
245,1961
245,1962
245,1963
245,1964
245,1965
245,1966
245,1967
245,1968
245,1969
245,1970
245,1971
245,1972
245,1973
245,1974
245,1975
245,1976
245,1977
245,1978
245,1979
245,1980
245,1981
245,1982
245,1983
245,1984
245,1985
245,1986
245,1987
245,1988
245,1989
245,1990
245,1991
245,1992
245,1993
245,1994
245,1995
245,1996
:246_4,1997
:246_4,1998
:246_4,1999
:246_10,2000
