-293,1
-293,2
-293,3
-293,4
-293,5
-293,6
-293,7
-293,8
-293,9
-293,10
-293,11
-293,12
-293,13
-293,14
-293,15
-293,16
-293,17
-293,18
-293,19
-293,20
-293,21
-293,22
-293,23
-293,24
-293,25
-293,26
-293,27
-293,28
-293,29
-293,30
-293,31
-293,32
-293,33
-293,34
-293,35
-293,36
-293,37
-293,38
-293,39
-293,40
-293,41
-293,42
-293,43
-293,44
-293,45
-293,46
-293,47
-293,48
-293,49
-293,50
-293,51
-293,52
-293,53
-293,54
-293,55
-293,56
-293,57
-293,58
-293,59
-293,60
-293,61
-293,62
-293,63
-293,64
-293,65
-293,66
-293,67
-293,68
-293,69
-293,70
-293,71
-293,72
-293,73
-293,74
-293,75
-293,76
-293,77
-293,78
-293,79
-293,80
-293,81
-293,82
-293,83
-293,84
-293,85
-293,86
-293,87
-293,88
-293,89
-293,90
-293,91
-293,92
-293,93
-293,94
-293,95
-293,96
-293,97
-293,98
-293,99
-293,100
-293,101
-293,102
-293,103
-293,104
-293,105
-293,106
-293,107
-293,108
-293,109
-293,110
-293,111
-293,112
-293,113
-293,114
-293,115
-293,116
-293,117
-293,118
-293,119
-293,120
-293,121
-293,122
-293,123
-293,124
-293,125
-293,126
-293,127
-293,128
-293,129
-293,130
-293,131
-293,132
:122_2,133
:122_2,134
:122_2,135
:122_2,136
:122_2,137
292,138
292,139
292,140
292,141
292,142
292,143
292,144
292,145
292,146
292,147
292,148
292,149
292,150
292,151
292,152
292,153
292,154
292,155
292,156
292,157
292,158
292,159
292,160
292,161
292,162
292,163
292,164
292,165
292,166
292,167
292,168
292,169
292,170
292,171
292,172
292,173
292,174
292,175
292,176
292,177
292,178
292,179
292,180
292,181
292,182
292,183
292,184
292,185
292,186
292,187
292,188
:232_6,189
:232_6,190
:232_6,191
:232_6,192
:232_6,193
-226,194
-226,195
-226,196
-226,197
-226,198
-226,199
-226,200
-226,201
-226,202
-226,203
-226,204
-226,205
-226,206
-226,207
-226,208
-226,209
-226,210
-226,211
-226,212
-226,213
-226,214
-226,215
-226,216
-226,217
-226,218
-226,219
-226,220
-226,221
-226,222
-226,223
-226,224
-226,225
-226,226
-226,227
-226,228
-226,229
-226,230
-226,231
-226,232
-226,233
-226,234
-226,235
-226,236
-226,237
-226,238
-226,239
-226,240
-226,241
-226,242
-226,243
-226,244
-226,245
-226,246
-226,247
-226,248
-226,249
-226,250
-226,251
-226,252
-226,253
-226,254
:227_6,255
:227_6,256
:227_6,257
222,258
222,259
222,260
222,261
222,262
222,263
222,264
222,265
222,266
222,267
222,268
222,269
222,270
222,271
222,272
222,273
222,274
222,275
222,276
222,277
222,278
222,279
222,280
222,281
222,282
222,283
222,284
222,285
222,286
222,287
222,288
222,289
222,290
222,291
222,292
222,293
222,294
222,295
222,296
222,297
222,298
222,299
222,300
222,301
222,302
222,303
222,304
222,305
222,306
222,307
222,308
222,309
222,310
222,311
222,312
222,313
222,314
222,315
222,316
222,317
222,318
222,319
222,320
222,321
222,322
222,323
222,324
222,325
222,326
222,327
222,328
222,329
222,330
222,331
222,332
222,333
222,334
222,335
222,336
222,337
222,338
222,339
222,340
222,341
222,342
222,343
222,344
222,345
222,346
222,347
222,348
222,349
222,350
222,351
222,352
222,353
222,354
222,355
222,356
222,357
222,358
222,359
222,360
222,361
222,362
222,363
222,364
222,365
222,366
222,367
222,368
222,369
222,370
222,371
222,372
222,373
222,374
222,375
222,376
222,377
222,378
222,379
222,380
222,381
222,382
222,383
222,384
222,385
222,386
222,387
222,388
222,389
222,390
222,391
222,392
222,393
222,394
222,395
222,396
222,397
222,398
222,399
222,400
222,401
222,402
222,403
222,404
222,405
222,406
222,407
222,408
222,409
222,410
222,411
222,412
222,413
222,414
222,415
222,416
:228_4,417
:228_4,418
:228_4,419
:228_4,420
:228_4,421
223,422
223,423
223,424
223,425
223,426
223,427
223,428
223,429
223,430
223,431
223,432
223,433
223,434
223,435
223,436
223,437
223,438
223,439
223,440
223,441
223,442
223,443
223,444
223,445
223,446
223,447
223,448
223,449
223,450
223,451
223,452
223,453
223,454
223,455
223,456
223,457
223,458
223,459
223,460
223,461
223,462
223,463
223,464
223,465
223,466
223,467
223,468
223,469
223,470
223,471
223,472
223,473
223,474
223,475
223,476
223,477
223,478
223,479
223,480
223,481
223,482
223,483
223,484
223,485
223,486
223,487
223,488
223,489
223,490
223,491
223,492
223,493
223,494
223,495
223,496
223,497
223,498
223,499
223,500
223,501
223,502
223,503
223,504
223,505
:229_4,506
:229_4,507
:229_4,508
:229_4,509
:229_4,510
224,511
224,512
224,513
224,514
224,515
224,516
224,517
224,518
224,519
224,520
224,521
224,522
224,523
224,524
224,525
224,526
224,527
224,528
224,529
224,530
224,531
224,532
224,533
224,534
224,535
224,536
224,537
224,538
224,539
224,540
224,541
224,542
224,543
224,544
224,545
224,546
224,547
224,548
224,549
224,550
224,551
224,552
224,553
224,554
224,555
224,556
224,557
224,558
224,559
224,560
224,561
224,562
224,563
224,564
224,565
224,566
224,567
224,568
224,569
224,570
224,571
224,572
224,573
224,574
224,575
224,576
224,577
224,578
224,579
224,580
224,581
224,582
224,583
224,584
224,585
224,586
224,587
224,588
224,589
:230_1,590
:230_1,591
:230_1,592
:230_1,593
:230_1,594
:230_1,595
374,596
374,597
374,598
374,599
374,600
374,601
374,602
374,603
374,604
374,605
374,606
374,607
374,608
374,609
374,610
374,611
374,612
374,613
374,614
374,615
374,616
374,617
374,618
374,619
374,620
374,621
374,622
374,623
374,624
374,625
374,626
374,627
374,628
374,629
374,630
374,631
374,632
374,633
374,634
374,635
374,636
374,637
374,638
374,639
374,640
374,641
374,642
374,643
374,644
374,645
374,646
374,647
374,648
374,649
374,650
374,651
374,652
374,653
374,654
374,655
374,656
374,657
374,658
374,659
374,660
374,661
374,662
374,663
374,664
374,665
374,666
374,667
374,668
374,669
374,670
374,671
374,672
374,673
374,674
374,675
374,676
374,677
374,678
:340_0,679
:340_0,680
375,681
375,682
375,683
375,684
375,685
375,686
375,687
375,688
375,689
375,690
375,691
375,692
375,693
375,694
375,695
375,696
375,697
375,698
375,699
375,700
375,701
375,702
375,703
375,704
375,705
375,706
375,707
375,708
375,709
375,710
375,711
375,712
375,713
375,714
375,715
375,716
375,717
375,718
375,719
375,720
375,721
375,722
375,723
375,724
375,725
375,726
375,727
375,728
375,729
375,730
375,731
375,732
375,733
375,734
375,735
375,736
375,737
375,738
375,739
375,740
375,741
375,742
375,743
375,744
375,745
375,746
375,747
375,748
375,749
375,750
375,751
375,752
375,753
375,754
375,755
375,756
375,757
375,758
375,759
375,760
375,761
375,762
375,763
375,764
375,765
375,766
375,767
375,768
375,769
375,770
375,771
375,772
375,773
375,774
375,775
375,776
375,777
375,778
375,779
375,780
375,781
375,782
375,783
375,784
375,785
375,786
375,787
375,788
375,789
375,790
375,791
375,792
375,793
375,794
375,795
375,796
375,797
:15_1,798
:15_1,799
:15_1,800
:15_1,801
:15_1,802
-13,803
-13,804
-13,805
-13,806
-13,807
-13,808
-13,809
-13,810
-13,811
-13,812
-13,813
-13,814
-13,815
-13,816
-13,817
-13,818
-13,819
-13,820
-13,821
-13,822
-13,823
-13,824
-13,825
-13,826
-13,827
-13,828
-13,829
-13,830
-13,831
-13,832
-13,833
-13,834
-13,835
-13,836
-13,837
-13,838
-13,839
-13,840
-13,841
-13,842
-13,843
-13,844
-13,845
-13,846
-13,847
-13,848
-13,849
-13,850
-13,851
-13,852
-13,853
-13,854
-13,855
-13,856
-13,857
-13,858
-13,859
-13,860
-13,861
-13,862
-13,863
-13,864
-13,865
-13,866
-13,867
-13,868
-13,869
-13,870
-13,871
-13,872
-13,873
-13,874
-13,875
-13,876
-13,877
-13,878
-13,879
-13,880
-13,881
-13,882
-13,883
-13,884
-13,885
-13,886
-13,887
-13,888
-13,889
-13,890
-13,891
-13,892
-13,893
-13,894
-13,895
-13,896
-13,897
-13,898
-13,899
-13,900
-13,901
-13,902
-13,903
-13,904
-13,905
-13,906
-13,907
-13,908
-13,909
-13,910
-13,911
-13,912
14,913
14,914
14,915
14,916
14,917
14,918
14,919
14,920
14,921
14,922
14,923
14,924
14,925
14,926
14,927
14,928
14,929
14,930
14,931
14,932
14,933
14,934
14,935
14,936
14,937
14,938
14,939
14,940
14,941
14,942
14,943
14,944
14,945
14,946
14,947
14,948
14,949
14,950
14,951
14,952
14,953
14,954
14,955
14,956
14,957
14,958
14,959
14,960
14,961
14,962
14,963
14,964
14,965
14,966
14,967
14,968
14,969
14,970
14,971
14,972
14,973
14,974
14,975
14,976
14,977
14,978
14,979
14,980
14,981
14,982
14,983
14,984
14,985
14,986
14,987
14,988
14,989
14,990
14,991
14,992
14,993
14,994
14,995
14,996
14,997
14,998
14,999
14,1000
14,1001
14,1002
14,1003
14,1004
14,1005
14,1006
14,1007
14,1008
14,1009
14,1010
14,1011
14,1012
14,1013
14,1014
14,1015
14,1016
14,1017
14,1018
14,1019
14,1020
14,1021
14,1022
14,1023
14,1024
14,1025
14,1026
14,1027
14,1028
14,1029
14,1030
14,1031
14,1032
14,1033
14,1034
:16_4,1035
:16_4,1036
:16_4,1037
:16_4,1038
:16_4,1039
:16_4,1040
-210,1041
-210,1042
-210,1043
-210,1044
-210,1045
-210,1046
-210,1047
-210,1048
-210,1049
-210,1050
-210,1051
-210,1052
-210,1053
-210,1054
-210,1055
-210,1056
-210,1057
-210,1058
-210,1059
-210,1060
-210,1061
-210,1062
-210,1063
-210,1064
-210,1065
-210,1066
-210,1067
-210,1068
-210,1069
-210,1070
-210,1071
-210,1072
-210,1073
-210,1074
-210,1075
-210,1076
-210,1077
-210,1078
-210,1079
-210,1080
-210,1081
-210,1082
-210,1083
-210,1084
-210,1085
-210,1086
-210,1087
-210,1088
-210,1089
-210,1090
-210,1091
-210,1092
-210,1093
-210,1094
-210,1095
-210,1096
-210,1097
-210,1098
-210,1099
-210,1100
-210,1101
-210,1102
-210,1103
-210,1104
-210,1105
-210,1106
-210,1107
-210,1108
-210,1109
-210,1110
-210,1111
-210,1112
-210,1113
-210,1114
-210,1115
-210,1116
-210,1117
-210,1118
-210,1119
-210,1120
-210,1121
-210,1122
-210,1123
-210,1124
-210,1125
-210,1126
-210,1127
-210,1128
-210,1129
-210,1130
-210,1131
-210,1132
-210,1133
-210,1134
-210,1135
-210,1136
-210,1137
-210,1138
-210,1139
-210,1140
-210,1141
-210,1142
-210,1143
-210,1144
-210,1145
-210,1146
-210,1147
:29_5,1148
:29_5,1149
:29_5,1150
:29_5,1151
:29_5,1152
:29_5,1153
:29_5,1154
-25,1155
-25,1156
-25,1157
-25,1158
-25,1159
-25,1160
-25,1161
-25,1162
-25,1163
-25,1164
-25,1165
-25,1166
-25,1167
-25,1168
-25,1169
-25,1170
-25,1171
-25,1172
-25,1173
-25,1174
-25,1175
-25,1176
-25,1177
-25,1178
-25,1179
-25,1180
-25,1181
-25,1182
-25,1183
-25,1184
-25,1185
-25,1186
-25,1187
-25,1188
-25,1189
-25,1190
-25,1191
-25,1192
-25,1193
-25,1194
-25,1195
-25,1196
-25,1197
-25,1198
-25,1199
-25,1200
-25,1201
-25,1202
-25,1203
-25,1204
-25,1205
-25,1206
-25,1207
-25,1208
-25,1209
-25,1210
-25,1211
-25,1212
-25,1213
-25,1214
-25,1215
-25,1216
-25,1217
-25,1218
-25,1219
-25,1220
-25,1221
-25,1222
-25,1223
-25,1224
-25,1225
-25,1226
-25,1227
-25,1228
-25,1229
-25,1230
-25,1231
-25,1232
-25,1233
-25,1234
-25,1235
-25,1236
-25,1237
-25,1238
-25,1239
-25,1240
-25,1241
-25,1242
-25,1243
-25,1244
-25,1245
-25,1246
-25,1247
-25,1248
-25,1249
-25,1250
-25,1251
-25,1252
-25,1253
-25,1254
-25,1255
-25,1256
-25,1257
-25,1258
-25,1259
-25,1260
-25,1261
-25,1262
-25,1263
-25,1264
-25,1265
-25,1266
-25,1267
-25,1268
-25,1269
-25,1270
-25,1271
-25,1272
-25,1273
-25,1274
-25,1275
-25,1276
-25,1277
-25,1278
-25,1279
-25,1280
-25,1281
-25,1282
-25,1283
-25,1284
-25,1285
-25,1286
-25,1287
-25,1288
-25,1289
-25,1290
-25,1291
-25,1292
-25,1293
-25,1294
-25,1295
-25,1296
-25,1297
-25,1298
-25,1299
-25,1300
-25,1301
-25,1302
-25,1303
-25,1304
-25,1305
-25,1306
-25,1307
-25,1308
-25,1309
:24_5,1310
:24_5,1311
:24_5,1312
:24_5,1313
:24_5,1314
:24_5,1315
-20,1316
-20,1317
-20,1318
-20,1319
-20,1320
-20,1321
-20,1322
-20,1323
-20,1324
-20,1325
-20,1326
-20,1327
-20,1328
-20,1329
-20,1330
-20,1331
-20,1332
-20,1333
-20,1334
-20,1335
-20,1336
-20,1337
-20,1338
-20,1339
-20,1340
-20,1341
-20,1342
-20,1343
-20,1344
-20,1345
-20,1346
-20,1347
-20,1348
-20,1349
-20,1350
-20,1351
-20,1352
-20,1353
-20,1354
-20,1355
-20,1356
-20,1357
-20,1358
-20,1359
-20,1360
-20,1361
-20,1362
-20,1363
-20,1364
-20,1365
-20,1366
-20,1367
-20,1368
-20,1369
-20,1370
-20,1371
-20,1372
-20,1373
-20,1374
-20,1375
-20,1376
-20,1377
-20,1378
-20,1379
-20,1380
-20,1381
-20,1382
-20,1383
-20,1384
-20,1385
-20,1386
-20,1387
-20,1388
-20,1389
-20,1390
-20,1391
-20,1392
-20,1393
-20,1394
-20,1395
-20,1396
-20,1397
-20,1398
-20,1399
-20,1400
-20,1401
-20,1402
-20,1403
-20,1404
-20,1405
-20,1406
-20,1407
-20,1408
-20,1409
-20,1410
-20,1411
-20,1412
-20,1413
-20,1414
-20,1415
-20,1416
-20,1417
:23_4,1418
:23_4,1419
:23_4,1420
:23_4,1421
:23_4,1422
:23_4,1423
:23_4,1424
-19,1425
-19,1426
-19,1427
-19,1428
-19,1429
-19,1430
-19,1431
-19,1432
-19,1433
-19,1434
-19,1435
-19,1436
-19,1437
-19,1438
-19,1439
-19,1440
-19,1441
-19,1442
-19,1443
-19,1444
-19,1445
-19,1446
-19,1447
-19,1448
-19,1449
-19,1450
-19,1451
-19,1452
-19,1453
-19,1454
-19,1455
-19,1456
-19,1457
-19,1458
-19,1459
-19,1460
-19,1461
-19,1462
-19,1463
-19,1464
-19,1465
-19,1466
-19,1467
-19,1468
-19,1469
-19,1470
-19,1471
-19,1472
-19,1473
-19,1474
-19,1475
-19,1476
-19,1477
-19,1478
-19,1479
-19,1480
-19,1481
-19,1482
-19,1483
-19,1484
-19,1485
-19,1486
-19,1487
-19,1488
-19,1489
-19,1490
-19,1491
-19,1492
-19,1493
-19,1494
-19,1495
-19,1496
-19,1497
-19,1498
-19,1499
-19,1500
-19,1501
-19,1502
-19,1503
-19,1504
-19,1505
-19,1506
-19,1507
-19,1508
-19,1509
-19,1510
-19,1511
-19,1512
-19,1513
-19,1514
-19,1515
-19,1516
-19,1517
-19,1518
-19,1519
-19,1520
-19,1521
-19,1522
-19,1523
-19,1524
-19,1525
-19,1526
-19,1527
-19,1528
-19,1529
-19,1530
:22_2,1531
:22_2,1532
:22_16,1533
:22_16,1534
:22_16,1535
21,1536
21,1537
21,1538
21,1539
21,1540
21,1541
21,1542
21,1543
21,1544
21,1545
21,1546
21,1547
21,1548
21,1549
21,1550
21,1551
21,1552
21,1553
21,1554
21,1555
21,1556
21,1557
21,1558
21,1559
21,1560
21,1561
21,1562
21,1563
21,1564
21,1565
21,1566
21,1567
21,1568
21,1569
21,1570
21,1571
21,1572
21,1573
21,1574
21,1575
21,1576
21,1577
21,1578
21,1579
21,1580
21,1581
21,1582
21,1583
21,1584
21,1585
21,1586
21,1587
21,1588
21,1589
21,1590
21,1591
21,1592
21,1593
21,1594
21,1595
21,1596
21,1597
21,1598
21,1599
21,1600
21,1601
21,1602
21,1603
21,1604
21,1605
21,1606
21,1607
21,1608
21,1609
21,1610
21,1611
:25_1,1612
:25_1,1613
:25_1,1614
:25_1,1615
:25_1,1616
453,1617
453,1618
453,1619
453,1620
453,1621
453,1622
453,1623
453,1624
453,1625
453,1626
453,1627
453,1628
453,1629
453,1630
453,1631
453,1632
453,1633
453,1634
453,1635
453,1636
453,1637
453,1638
453,1639
453,1640
453,1641
453,1642
453,1643
453,1644
453,1645
453,1646
453,1647
453,1648
453,1649
453,1650
453,1651
453,1652
453,1653
453,1654
453,1655
453,1656
453,1657
453,1658
453,1659
453,1660
453,1661
453,1662
453,1663
453,1664
453,1665
:278_6,1666
:278_6,1667
:278_6,1668
526,1669
526,1670
526,1671
526,1672
526,1673
526,1674
526,1675
526,1676
526,1677
526,1678
526,1679
526,1680
526,1681
526,1682
526,1683
526,1684
526,1685
526,1686
526,1687
526,1688
526,1689
526,1690
526,1691
526,1692
526,1693
526,1694
526,1695
526,1696
526,1697
526,1698
526,1699
526,1700
526,1701
526,1702
508,1703
508,1704
508,1705
508,1706
508,1707
508,1708
508,1709
508,1710
508,1711
508,1712
508,1713
508,1714
508,1715
508,1716
508,1717
508,1718
508,1719
508,1720
508,1721
508,1722
508,1723
508,1724
508,1725
508,1726
508,1727
508,1728
508,1729
508,1730
508,1731
508,1732
508,1733
508,1734
508,1735
508,1736
508,1737
508,1738
508,1739
508,1740
508,1741
508,1742
508,1743
508,1744
508,1745
508,1746
508,1747
508,1748
508,1749
508,1750
508,1751
508,1752
508,1753
508,1754
508,1755
508,1756
508,1757
508,1758
508,1759
508,1760
508,1761
508,1762
508,1763
508,1764
508,1765
508,1766
508,1767
508,1768
508,1769
508,1770
508,1771
508,1772
508,1773
508,1774
508,1775
508,1776
508,1777
508,1778
508,1779
508,1780
508,1781
508,1782
508,1783
508,1784
508,1785
508,1786
508,1787
508,1788
508,1789
508,1790
508,1791
508,1792
508,1793
508,1794
508,1795
508,1796
508,1797
508,1798
:196_0,1799
:196_0,1800
:196_0,1801
:196_0,1802
206,1803
206,1804
206,1805
206,1806
206,1807
206,1808
206,1809
206,1810
206,1811
206,1812
206,1813
206,1814
206,1815
206,1816
206,1817
206,1818
206,1819
206,1820
206,1821
206,1822
206,1823
206,1824
206,1825
206,1826
206,1827
206,1828
206,1829
206,1830
206,1831
206,1832
206,1833
206,1834
206,1835
206,1836
206,1837
206,1838
206,1839
206,1840
206,1841
206,1842
206,1843
206,1844
206,1845
206,1846
206,1847
206,1848
206,1849
206,1850
206,1851
206,1852
206,1853
206,1854
206,1855
206,1856
:103_3,1857
:103_3,1858
:103_3,1859
:103_3,1860
-452,1861
-452,1862
-452,1863
-452,1864
-452,1865
-452,1866
-452,1867
-452,1868
-452,1869
-452,1870
-452,1871
-452,1872
-452,1873
-452,1874
-452,1875
-452,1876
-452,1877
-452,1878
-452,1879
-452,1880
-452,1881
-452,1882
-452,1883
-452,1884
-452,1885
-452,1886
-452,1887
-452,1888
-452,1889
-452,1890
-452,1891
-452,1892
-452,1893
-452,1894
-452,1895
-452,1896
-452,1897
-452,1898
-452,1899
-452,1900
-452,1901
-452,1902
-452,1903
-452,1904
-452,1905
-452,1906
-452,1907
-452,1908
-452,1909
-452,1910
-452,1911
-452,1912
-452,1913
-452,1914
-452,1915
-452,1916
-452,1917
-452,1918
-452,1919
-452,1920
-452,1921
-452,1922
-452,1923
-452,1924
-452,1925
-452,1926
-452,1927
-452,1928
-452,1929
-452,1930
-452,1931
-452,1932
-452,1933
-452,1934
-452,1935
-452,1936
-452,1937
-452,1938
-452,1939
-452,1940
-452,1941
-452,1942
-452,1943
-452,1944
-452,1945
-452,1946
-452,1947
-452,1948
-452,1949
-452,1950
-452,1951
-452,1952
-452,1953
-452,1954
-452,1955
-452,1956
-452,1957
-452,1958
-452,1959
-452,1960
-452,1961
-452,1962
-452,1963
-452,1964
-452,1965
-452,1966
-452,1967
-452,1968
-452,1969
-452,1970
-452,1971
-452,1972
-452,1973
-452,1974
-452,1975
-452,1976
-452,1977
-452,1978
-452,1979
-452,1980
-452,1981
-452,1982
-452,1983
-452,1984
-452,1985
-452,1986
-452,1987
-452,1988
-452,1989
-452,1990
-452,1991
-452,1992
-452,1993
-452,1994
-452,1995
-452,1996
-452,1997
-452,1998
-452,1999
-452,2000
