-96,21
-96,22
-96,23
-96,24
-96,25
-96,26
-96,27
-96,28
-96,29
-96,30
-96,31
-96,32
-96,33
-96,34
-96,35
-96,36
-96,37
-96,38
-96,39
-96,40
-96,41
-96,42
-96,43
-96,44
-96,45
-96,46
-96,47
-96,48
-96,49
-96,50
-96,51
-96,52
-96,53
-96,54
-96,55
-96,56
-96,57
-96,58
-96,59
-96,60
-96,61
-96,62
-96,63
-96,64
-96,65
-96,66
-96,67
-96,68
-96,69
-96,70
-96,71
-96,72
-96,73
-96,74
:112_1,75
:112_1,76
:112_1,77
:112_1,78
:112_1,79
-95,80
-95,81
-95,82
-95,83
-95,84
-95,85
-95,86
-95,87
-95,88
-95,89
-95,90
-95,91
-95,92
-95,93
-95,94
-95,95
-95,96
-95,97
-95,98
-95,99
-95,100
-95,101
-95,102
-95,103
-95,104
-95,105
-95,106
-95,107
-95,108
-95,109
-95,110
-95,111
-95,112
-95,113
-95,114
-95,115
-95,116
-95,117
-95,118
-95,119
-95,120
:111_0,121
:111_0,122
:111_0,123
98,124
98,125
98,126
98,127
98,128
98,129
98,130
98,131
98,132
98,133
98,134
98,135
98,136
98,137
98,138
98,139
98,140
98,141
98,142
98,143
98,144
98,145
98,146
98,147
98,148
98,149
98,150
98,151
98,152
98,153
98,154
98,155
98,156
98,157
98,158
98,159
98,160
98,161
98,162
98,163
98,164
98,165
98,166
98,167
98,168
98,169
98,170
98,171
98,172
98,173
98,174
98,175
98,176
98,177
98,178
98,179
98,180
98,181
98,182
98,183
98,184
98,185
98,186
98,187
98,188
98,189
98,190
98,191
98,192
98,193
98,194
98,195
98,196
98,197
98,198
98,199
98,200
98,201
98,202
98,203
98,204
98,205
98,206
98,207
98,208
98,209
98,210
98,211
98,212
98,213
98,214
98,215
98,216
98,217
98,218
98,219
98,220
98,221
98,222
98,223
98,224
98,225
98,226
98,227
98,228
98,229
98,230
98,231
98,232
98,233
98,234
98,235
98,236
98,237
98,238
98,239
98,240
98,241
98,242
98,243
98,244
98,245
98,246
98,247
98,248
98,249
98,250
98,251
98,252
98,253
98,254
98,255
98,256
98,257
98,258
98,259
98,260
98,261
98,262
98,263
98,264
98,265
98,266
98,267
98,268
98,269
98,270
98,271
98,272
:56_5,273
:56_5,274
:56_5,275
:56_5,276
:56_5,277
-48,278
-48,279
-48,280
-48,281
-48,282
-48,283
-48,284
-48,285
-48,286
-48,287
-48,288
-48,289
-48,290
-48,291
-48,292
-48,293
-48,294
-48,295
-48,296
-48,297
-48,298
-48,299
-48,300
-48,301
-48,302
-48,303
-48,304
-48,305
-48,306
-48,307
-48,308
-48,309
-48,310
-48,311
-48,312
-48,313
-48,314
-48,315
-48,316
-48,317
-48,318
-48,319
-48,320
-48,321
-48,322
-48,323
-48,324
-48,325
-48,326
-48,327
-48,328
-48,329
-48,330
-48,331
-48,332
-48,333
-48,334
-48,335
-48,336
-48,337
-48,338
-48,339
-48,340
-48,341
-48,342
-48,343
-48,344
-48,345
-48,346
-48,347
-48,348
-48,349
-48,350
-48,351
-48,352
-48,353
-48,354
-48,355
-48,356
-48,357
-48,358
-48,359
-48,360
-48,361
-48,362
-48,363
-48,364
-48,365
-48,366
-48,367
-48,368
-48,369
-48,370
-48,371
-48,372
-48,373
-48,374
-48,375
-48,376
-48,377
-48,378
-48,379
-48,380
-48,381
-48,382
-48,383
-48,384
-48,385
-48,386
-48,387
-48,388
-48,389
-48,390
-48,391
-48,392
-48,393
-48,394
-48,395
-48,396
:52_1,397
:52_1,398
:52_1,399
:52_1,400
:52_1,401
45,402
45,403
45,404
45,405
45,406
45,407
45,408
45,409
45,410
45,411
45,412
45,413
45,414
45,415
45,416
45,417
45,418
45,419
45,420
45,421
45,422
45,423
45,424
45,425
45,426
45,427
45,428
45,429
45,430
45,431
45,432
45,433
45,434
45,435
45,436
45,437
45,438
45,439
45,440
45,441
45,442
45,443
45,444
45,445
45,446
45,447
45,448
45,449
45,450
45,451
45,452
45,453
45,454
45,455
45,456
45,457
45,458
45,459
45,460
45,461
45,462
45,463
45,464
45,465
45,466
45,467
45,468
45,469
45,470
45,471
45,472
45,473
45,474
45,475
45,476
45,477
45,478
45,479
45,480
45,481
45,482
45,483
45,484
45,485
45,486
45,487
45,488
45,489
45,490
45,491
45,492
45,493
45,494
45,495
45,496
45,497
45,498
45,499
45,500
45,501
45,502
45,503
45,504
45,505
45,506
45,507
45,508
45,509
45,510
45,511
45,512
45,513
45,514
45,515
45,516
45,517
45,518
45,519
45,520
45,521
45,522
45,523
45,524
45,525
45,526
45,527
45,528
45,529
45,530
45,531
45,532
45,533
45,534
45,535
45,536
45,537
45,538
45,539
45,540
45,541
45,542
45,543
45,544
45,545
45,546
45,547
:53_0,548
:53_0,549
:53_0,550
-680,551
-680,552
-680,553
-680,554
-680,555
-680,556
-680,557
-680,558
-680,559
-680,560
-680,561
-680,562
-680,563
-680,564
-680,565
-680,566
-680,567
-680,568
-680,569
-680,570
-680,571
-680,572
-680,573
-680,574
-680,575
-680,576
-680,577
-680,578
-680,579
-680,580
-680,581
-680,582
-680,583
:5_7,584
:5_7,585
:5_7,586
49,587
49,588
49,589
49,590
49,591
49,592
49,593
49,594
49,595
49,596
49,597
49,598
49,599
49,600
49,601
49,602
49,603
49,604
49,605
49,606
49,607
49,608
49,609
49,610
49,611
49,612
49,613
49,614
49,615
49,616
49,617
49,618
49,619
49,620
49,621
49,622
49,623
49,624
49,625
49,626
49,627
49,628
49,629
49,630
49,631
49,632
49,633
49,634
49,635
49,636
49,637
49,638
49,639
49,640
49,641
49,642
49,643
49,644
49,645
49,646
49,647
49,648
49,649
49,650
49,651
49,652
49,653
49,654
49,655
49,656
49,657
49,658
49,659
49,660
49,661
49,662
49,663
49,664
49,665
49,666
49,667
49,668
49,669
49,670
49,671
49,672
49,673
49,674
49,675
49,676
49,677
49,678
49,679
49,680
49,681
49,682
49,683
49,684
49,685
49,686
49,687
49,688
49,689
49,690
49,691
49,692
49,693
49,694
49,695
49,696
49,697
49,698
49,699
49,700
49,701
49,702
49,703
49,704
49,705
49,706
49,707
49,708
49,709
49,710
49,711
49,712
49,713
49,714
49,715
49,716
49,717
49,718
49,719
49,720
49,721
49,722
49,723
49,724
49,725
49,726
49,727
49,728
49,729
49,730
49,731
49,732
49,733
49,734
49,735
49,736
49,737
49,738
49,739
49,740
49,741
49,742
49,743
49,744
49,745
49,746
49,747
49,748
49,749
49,750
49,751
49,752
49,753
49,754
49,755
49,756
49,757
49,758
49,759
49,760
49,761
49,762
49,763
49,764
49,765
49,766
49,767
49,768
49,769
49,770
49,771
49,772
49,773
49,774
49,775
49,776
49,777
49,778
49,779
49,780
49,781
49,782
49,783
49,784
49,785
:57_0,786
:57_0,787
:57_0,788
:57_0,789
:57_0,790
:57_0,791
-158,792
-158,793
-158,794
-158,795
-158,796
-158,797
-158,798
-158,799
-158,800
-158,801
-158,802
-158,803
-158,804
-158,805
-158,806
-158,807
-158,808
-158,809
-158,810
-158,811
-158,812
-158,813
-158,814
-158,815
-158,816
-158,817
-158,818
-158,819
-158,820
-158,821
-158,822
-158,823
-158,824
-158,825
-158,826
-158,827
-158,828
-158,829
-158,830
-158,831
-158,832
-158,833
-158,834
-158,835
-158,836
-158,837
-158,838
-158,839
-158,840
-158,841
-158,842
-158,843
-158,844
-158,845
-158,846
-158,847
-158,848
-158,849
-158,850
-158,851
-158,852
-158,853
-158,854
-158,855
-158,856
-158,857
-158,858
-158,859
-158,860
-158,861
-158,862
-158,863
-158,864
-158,865
-158,866
-158,867
-158,868
-158,869
-158,870
-158,871
-158,872
-158,873
-158,874
-158,875
-158,876
-158,877
-158,878
-158,879
-158,880
-158,881
-158,882
-158,883
-158,884
-158,885
-158,886
-158,887
-158,888
-158,889
-158,890
-158,891
-158,892
-158,893
