20,1
20,2
20,3
20,4
20,5
20,6
20,7
20,8
20,9
20,10
20,11
20,12
20,13
20,14
20,15
20,16
20,17
20,18
20,19
20,20
20,21
20,22
20,23
20,24
20,25
20,26
20,27
20,28
20,29
20,30
20,31
20,32
20,33
20,34
20,35
20,36
20,37
20,38
20,39
20,40
20,41
20,42
20,43
20,44
20,45
20,46
20,47
20,48
20,49
20,50
20,51
20,52
20,53
20,54
20,55
20,56
20,57
20,58
20,59
20,60
20,61
20,62
20,63
20,64
20,65
20,66
20,67
20,68
20,69
20,70
20,71
20,72
20,73
20,74
20,75
20,76
20,77
20,78
20,79
20,80
20,81
20,82
20,83
20,84
20,85
20,86
20,87
20,88
20,89
20,90
:24_12,91
:24_12,92
:24_12,93
-114,94
-114,95
-114,96
-114,97
-114,98
-114,99
-114,100
-114,101
-114,102
-114,103
-114,104
-114,105
-114,106
-114,107
-114,108
-114,109
-114,110
-114,111
-114,112
-114,113
-114,114
-114,115
-114,116
-114,117
-114,118
-114,119
-114,120
-114,121
-114,122
-114,123
-114,124
-114,125
-114,126
-114,127
-114,128
-114,129
-114,130
-114,131
-114,132
-114,133
-114,134
-114,135
-114,136
-114,137
-114,138
-114,139
-114,140
-114,141
-114,142
-114,143
-114,144
-114,145
-114,146
-114,147
-114,148
-114,149
-114,150
-114,151
-114,152
-114,153
-114,154
-114,155
-114,156
-114,157
-114,158
-114,159
-114,160
-113,161
-113,162
-113,163
-113,164
-113,165
-113,166
-113,167
-113,168
-113,169
-113,170
-113,171
-113,172
-113,173
-113,174
-113,175
-113,176
-113,177
-113,178
-113,179
-113,180
-113,181
-113,182
-113,183
-113,184
-113,185
-113,186
-113,187
-113,188
-113,189
-113,190
-113,191
-113,192
-113,193
-113,194
-113,195
-113,196
-113,197
-113,198
-113,199
-113,200
-113,201
-113,202
-112,203
-112,204
-112,205
-112,206
-112,207
-112,208
-112,209
-112,210
-112,211
-112,212
-112,213
-112,214
-112,215
-112,216
-112,217
-112,218
-112,219
-112,220
-112,221
-112,222
-112,223
-112,224
-112,225
-112,226
-112,227
-112,228
-112,229
-112,230
-112,231
-112,232
-112,233
-112,234
-112,235
-112,236
-112,237
-112,238
-112,239
-112,240
-112,241
-112,242
-112,243
-112,244
-111,245
-111,246
-111,247
-111,248
-111,249
-111,250
-111,251
-111,252
-111,253
-111,254
-111,255
-111,256
-111,257
-111,258
-111,259
-111,260
-111,261
-111,262
-111,263
-111,264
-111,265
-111,266
-111,267
-111,268
-111,269
-111,270
-111,271
-111,272
-111,273
-111,274
-111,275
-111,276
-111,277
-111,278
-111,279
-111,280
-111,281
-111,282
-111,283
-111,284
-111,285
-111,286
:127_0,287
:127_0,288
:127_0,289
:127_0,290
:127_0,291
-110,292
-110,293
-110,294
-110,295
-110,296
-110,297
-110,298
-110,299
-110,300
-110,301
-110,302
-110,303
-110,304
-110,305
-110,306
-110,307
-110,308
-110,309
-110,310
-110,311
-110,312
-110,313
-110,314
-110,315
-110,316
-110,317
-110,318
-110,319
-110,320
-110,321
-110,322
-110,323
-110,324
-110,325
-110,326
-110,327
-110,328
-110,329
-110,330
-110,331
-110,332
-110,333
-110,334
-110,335
-110,336
-110,337
-110,338
-110,339
-110,340
-110,341
-110,342
-110,343
-110,344
-110,345
-110,346
-110,347
-110,348
-110,349
-110,350
-110,351
-110,352
-110,353
-110,354
-110,355
-110,356
-110,357
-110,358
-110,359
-110,360
-110,361
-110,362
-110,363
-110,364
-110,365
-110,366
-110,367
-110,368
-110,369
-110,370
-110,371
-110,372
-110,373
:126_0,374
:126_0,375
:126_0,376
:126_0,377
:126_0,378
-109,379
-109,380
-109,381
-109,382
-109,383
-109,384
-109,385
-109,386
-109,387
-109,388
-109,389
-109,390
-109,391
-109,392
-109,393
-109,394
-109,395
-109,396
-109,397
-109,398
-109,399
-109,400
-109,401
-109,402
-109,403
-109,404
-109,405
-109,406
-109,407
-109,408
-109,409
-109,410
-109,411
-109,412
-109,413
-109,414
-109,415
-109,416
-109,417
-109,418
-109,419
-109,420
-109,421
-109,422
:125_1,423
:125_1,424
:125_1,425
:125_9,426
:125_9,427
:125_9,428
218,429
218,430
218,431
218,432
218,433
218,434
218,435
218,436
218,437
218,438
218,439
218,440
218,441
218,442
218,443
218,444
218,445
218,446
218,447
218,448
218,449
218,450
218,451
218,452
218,453
218,454
218,455
218,456
218,457
218,458
218,459
218,460
218,461
218,462
218,463
218,464
218,465
218,466
218,467
218,468
218,469
218,470
218,471
218,472
218,473
218,474
218,475
218,476
218,477
218,478
218,479
218,480
218,481
218,482
218,483
218,484
218,485
218,486
218,487
218,488
218,489
218,490
218,491
218,492
218,493
218,494
218,495
218,496
218,497
218,498
218,499
218,500
218,501
218,502
218,503
218,504
218,505
218,506
218,507
218,508
218,509
218,510
218,511
218,512
218,513
218,514
218,515
218,516
218,517
218,518
218,519
218,520
218,521
218,522
218,523
218,524
218,525
218,526
218,527
218,528
218,529
218,530
218,531
218,532
218,533
218,534
218,535
218,536
218,537
218,538
218,539
218,540
218,541
218,542
218,543
218,544
218,545
218,546
218,547
218,548
218,549
218,550
218,551
218,552
218,553
218,554
218,555
218,556
218,557
218,558
:224_1,559
:224_1,560
:224_1,561
588,562
588,563
588,564
588,565
588,566
588,567
588,568
588,569
588,570
588,571
588,572
588,573
588,574
588,575
588,576
588,577
588,578
588,579
588,580
588,581
588,582
588,583
588,584
588,585
:414_4,586
:414_4,587
:414_4,588
:414_4,589
589,590
589,591
589,592
589,593
589,594
589,595
589,596
589,597
589,598
589,599
589,600
589,601
589,602
589,603
589,604
589,605
589,606
589,607
589,608
589,609
589,610
589,611
589,612
589,613
589,614
589,615
589,616
589,617
589,618
589,619
589,620
589,621
589,622
589,623
589,624
589,625
589,626
589,627
589,628
589,629
589,630
589,631
589,632
589,633
589,634
589,635
589,636
589,637
589,638
589,639
589,640
589,641
589,642
589,643
589,644
589,645
589,646
589,647
589,648
589,649
589,650
589,651
589,652
589,653
589,654
589,655
589,656
589,657
589,658
589,659
589,660
589,661
589,662
589,663
589,664
589,665
589,666
589,667
589,668
589,669
589,670
589,671
589,672
589,673
589,674
589,675
589,676
589,677
589,678
589,679
589,680
589,681
589,682
589,683
589,684
589,685
589,686
589,687
589,688
589,689
589,690
589,691
589,692
589,693
589,694
589,695
589,696
589,697
589,698
589,699
589,700
589,701
589,702
589,703
589,704
589,705
589,706
:126_3,707
:126_3,708
:126_3,709
110,710
110,711
110,712
110,713
110,714
110,715
110,716
110,717
110,718
110,719
110,720
110,721
110,722
110,723
110,724
110,725
110,726
110,727
110,728
110,729
110,730
110,731
110,732
110,733
110,734
110,735
110,736
110,737
110,738
110,739
110,740
110,741
110,742
110,743
110,744
110,745
110,746
110,747
110,748
110,749
110,750
110,751
110,752
110,753
110,754
110,755
110,756
110,757
110,758
110,759
110,760
110,761
110,762
110,763
110,764
110,765
110,766
110,767
110,768
110,769
110,770
110,771
110,772
110,773
110,774
110,775
110,776
110,777
110,778
110,779
110,780
110,781
110,782
110,783
110,784
110,785
110,786
110,787
110,788
110,789
110,790
110,791
:127_7,792
:127_7,793
:127_7,794
:127_7,795
:127_7,796
111,797
111,798
111,799
111,800
111,801
111,802
111,803
111,804
111,805
111,806
111,807
111,808
111,809
111,810
111,811
111,812
111,813
111,814
111,815
111,816
111,817
111,818
111,819
111,820
111,821
111,822
111,823
111,824
111,825
111,826
111,827
111,828
111,829
111,830
111,831
111,832
111,833
111,834
111,835
111,836
111,837
111,838
112,839
112,840
112,841
112,842
112,843
112,844
112,845
112,846
112,847
112,848
112,849
112,850
112,851
112,852
112,853
112,854
112,855
112,856
112,857
112,858
112,859
112,860
112,861
112,862
112,863
112,864
112,865
112,866
112,867
112,868
112,869
112,870
112,871
112,872
112,873
112,874
112,875
112,876
112,877
112,878
112,879
112,880
:129_1,881
113,882
113,883
113,884
113,885
113,886
113,887
113,888
113,889
113,890
113,891
113,892
113,893
113,894
113,895
113,896
113,897
113,898
113,899
113,900
113,901
113,902
113,903
113,904
113,905
113,906
113,907
113,908
113,909
113,910
113,911
113,912
113,913
113,914
113,915
113,916
113,917
113,918
113,919
113,920
113,921
113,922
113,923
114,924
114,925
114,926
114,927
114,928
114,929
114,930
114,931
114,932
114,933
114,934
114,935
114,936
114,937
114,938
114,939
114,940
114,941
114,942
114,943
114,944
114,945
114,946
114,947
114,948
114,949
114,950
114,951
114,952
114,953
114,954
114,955
114,956
114,957
114,958
114,959
114,960
114,961
114,962
114,963
114,964
114,965
114,966
114,967
114,968
114,969
114,970
114,971
114,972
114,973
114,974
114,975
114,976
114,977
114,978
114,979
114,980
114,981
114,982
114,983
114,984
114,985
114,986
114,987
114,988
114,989
:24_9,990
:24_9,991
:24_9,992
:24_9,993
:24_9,994
:24_9,995
24,996
24,997
24,998
24,999
24,1000
24,1001
24,1002
24,1003
24,1004
24,1005
24,1006
24,1007
24,1008
24,1009
24,1010
24,1011
24,1012
24,1013
24,1014
24,1015
24,1016
24,1017
24,1018
24,1019
24,1020
24,1021
24,1022
24,1023
24,1024
24,1025
24,1026
24,1027
24,1028
24,1029
24,1030
24,1031
24,1032
24,1033
24,1034
24,1035
24,1036
24,1037
24,1038
24,1039
24,1040
24,1041
24,1042
24,1043
24,1044
24,1045
24,1046
24,1047
24,1048
24,1049
24,1050
24,1051
24,1052
24,1053
24,1054
24,1055
24,1056
24,1057
24,1058
24,1059
24,1060
24,1061
24,1062
24,1063
24,1064
24,1065
24,1066
24,1067
24,1068
24,1069
24,1070
24,1071
24,1072
24,1073
24,1074
24,1075
24,1076
24,1077
24,1078
24,1079
24,1080
24,1081
24,1082
24,1083
24,1084
:28_0,1085
:28_0,1086
:28_0,1087
:28_0,1088
:28_0,1089
:28_0,1090
-406,1091
-406,1092
-406,1093
-406,1094
-406,1095
-406,1096
-406,1097
-406,1098
-406,1099
-406,1100
-406,1101
-406,1102
-406,1103
-406,1104
-406,1105
-406,1106
-406,1107
-406,1108
-406,1109
-406,1110
-406,1111
-406,1112
-406,1113
-406,1114
-406,1115
-406,1116
-406,1117
-406,1118
-406,1119
-406,1120
-406,1121
-406,1122
-406,1123
-406,1124
-406,1125
-406,1126
-406,1127
-406,1128
-406,1129
-406,1130
-406,1131
-406,1132
-406,1133
-406,1134
-406,1135
-406,1136
-406,1137
-406,1138
-406,1139
-406,1140
-406,1141
-406,1142
-406,1143
-406,1144
-406,1145
-406,1146
-406,1147
-406,1148
-406,1149
-406,1150
-406,1151
-406,1152
-406,1153
-406,1154
-406,1155
-406,1156
-406,1157
-406,1158
-406,1159
-406,1160
-406,1161
-406,1162
-406,1163
-406,1164
-406,1165
-406,1166
-406,1167
-406,1168
-406,1169
-406,1170
-406,1171
-406,1172
-406,1173
-406,1174
-406,1175
-406,1176
-406,1177
-406,1178
-406,1179
-406,1180
-406,1181
-406,1182
-406,1183
-406,1184
-406,1185
-406,1186
-406,1187
-406,1188
-406,1189
-406,1190
-406,1191
-406,1192
-406,1193
-406,1194
-406,1195
-406,1196
-406,1197
-406,1198
-406,1199
-406,1200
-406,1201
-406,1202
-406,1203
-406,1204
-406,1205
-406,1206
-406,1207
-406,1208
-406,1209
-406,1210
-406,1211
-406,1212
-406,1213
-406,1214
-406,1215
-406,1216
-406,1217
-406,1218
-406,1219
-406,1220
-406,1221
-406,1222
-406,1223
-406,1224
-406,1225
-406,1226
-406,1227
-406,1228
-406,1229
-406,1230
-406,1231
-406,1232
-406,1233
-406,1234
-406,1235
-406,1236
-406,1237
-406,1238
-406,1239
-406,1240
-406,1241
-406,1242
-406,1243
-406,1244
-406,1245
-406,1246
-406,1247
-406,1248
-406,1249
-406,1250
-406,1251
-406,1252
-406,1253
-406,1254
-406,1255
-406,1256
-406,1257
-406,1258
-406,1259
-406,1260
-406,1261
-406,1262
-406,1263
-406,1264
-406,1265
-406,1266
-406,1267
-406,1268
-406,1269
-406,1270
-406,1271
-406,1272
-406,1273
-406,1274
:143_5,1275
:143_5,1276
:143_5,1277
:143_5,1278
:143_5,1279
-401,1280
-401,1281
-401,1282
-401,1283
-401,1284
-401,1285
-401,1286
-401,1287
-401,1288
-401,1289
-401,1290
-401,1291
-401,1292
-401,1293
-401,1294
-401,1295
-401,1296
-401,1297
-401,1298
-401,1299
-401,1300
-401,1301
-401,1302
-401,1303
-401,1304
-401,1305
-401,1306
-401,1307
-401,1308
-401,1309
-401,1310
-401,1311
-401,1312
-401,1313
-401,1314
-401,1315
-401,1316
-401,1317
-401,1318
-401,1319
-401,1320
-401,1321
-401,1322
-401,1323
-401,1324
-401,1325
-401,1326
-401,1327
-401,1328
-401,1329
-401,1330
-401,1331
-401,1332
-401,1333
-401,1334
-401,1335
-401,1336
-401,1337
-401,1338
-401,1339
-401,1340
-401,1341
-401,1342
-401,1343
-401,1344
-401,1345
-401,1346
-401,1347
-401,1348
-401,1349
-401,1350
-401,1351
-401,1352
-401,1353
-401,1354
-401,1355
-401,1356
-401,1357
-401,1358
-401,1359
-401,1360
-401,1361
-401,1362
-401,1363
-401,1364
-401,1365
-401,1366
-401,1367
-401,1368
-401,1369
-401,1370
-401,1371
-401,1372
-401,1373
-401,1374
-401,1375
-401,1376
-401,1377
-401,1378
-401,1379
-401,1380
-401,1381
-401,1382
-401,1383
-401,1384
-401,1385
-401,1386
-401,1387
-401,1388
-401,1389
-401,1390
-401,1391
-401,1392
-401,1393
-401,1394
-401,1395
-401,1396
-401,1397
-401,1398
-401,1399
-401,1400
-401,1401
-401,1402
-401,1403
-401,1404
-401,1405
-401,1406
-401,1407
-401,1408
-401,1409
-401,1410
-401,1411
-401,1412
-401,1413
-401,1414
-401,1415
-401,1416
-401,1417
-401,1418
-401,1419
-401,1420
-401,1421
-401,1422
-401,1423
-401,1424
-401,1425
-401,1426
-401,1427
-401,1428
-401,1429
-401,1430
-401,1431
-401,1432
-401,1433
-401,1434
-401,1435
-401,1436
-401,1437
-401,1438
-401,1439
-401,1440
-401,1441
-401,1442
-401,1443
-401,1444
-401,1445
-401,1446
-401,1447
-401,1448
-401,1449
-401,1450
-401,1451
-401,1452
-401,1453
-401,1454
-401,1455
-401,1456
-401,1457
-401,1458
-401,1459
:215_8,1460
:215_8,1461
:215_8,1462
:215_8,1463
245,1464
245,1465
245,1466
245,1467
245,1468
245,1469
245,1470
245,1471
245,1472
245,1473
245,1474
245,1475
245,1476
245,1477
245,1478
245,1479
245,1480
245,1481
245,1482
245,1483
245,1484
245,1485
245,1486
245,1487
245,1488
245,1489
245,1490
245,1491
245,1492
245,1493
245,1494
245,1495
245,1496
245,1497
245,1498
245,1499
245,1500
245,1501
245,1502
245,1503
245,1504
245,1505
245,1506
245,1507
245,1508
245,1509
245,1510
245,1511
245,1512
245,1513
245,1514
245,1515
245,1516
245,1517
:246_4,1518
:246_4,1519
:246_10,1520
:246_10,1521
:246_10,1522
:246_10,1523
326,1524
326,1525
326,1526
326,1527
326,1528
326,1529
326,1530
326,1531
326,1532
326,1533
326,1534
326,1535
326,1536
326,1537
326,1538
326,1539
326,1540
326,1541
326,1542
326,1543
326,1544
326,1545
326,1546
326,1547
326,1548
326,1549
326,1550
326,1551
326,1552
326,1553
326,1554
326,1555
326,1556
326,1557
326,1558
326,1559
326,1560
326,1561
326,1562
326,1563
326,1564
326,1565
326,1566
326,1567
326,1568
326,1569
326,1570
326,1571
326,1572
326,1573
326,1574
326,1575
326,1576
326,1577
326,1578
326,1579
326,1580
326,1581
326,1582
326,1583
326,1584
326,1585
326,1586
326,1587
326,1588
326,1589
326,1590
326,1591
326,1592
326,1593
326,1594
326,1595
326,1596
326,1597
326,1598
326,1599
326,1600
326,1601
326,1602
326,1603
326,1604
326,1605
326,1606
326,1607
326,1608
326,1609
326,1610
326,1611
326,1612
326,1613
326,1614
326,1615
326,1616
326,1617
326,1618
326,1619
326,1620
326,1621
326,1622
326,1623
326,1624
326,1625
326,1626
326,1627
326,1628
326,1629
326,1630
326,1631
326,1632
326,1633
326,1634
326,1635
326,1636
326,1637
326,1638
326,1639
326,1640
326,1641
326,1642
326,1643
326,1644
326,1645
326,1646
326,1647
326,1648
326,1649
326,1650
326,1651
326,1652
326,1653
326,1654
326,1655
326,1656
326,1657
326,1658
326,1659
326,1660
326,1661
326,1662
326,1663
326,1664
326,1665
326,1666
326,1667
326,1668
326,1669
326,1670
326,1671
326,1672
326,1673
326,1674
326,1675
326,1676
326,1677
326,1678
326,1679
326,1680
326,1681
326,1682
326,1683
326,1684
326,1685
326,1686
326,1687
326,1688
326,1689
326,1690
326,1691
326,1692
326,1693
326,1694
326,1695
326,1696
326,1697
326,1698
326,1699
326,1700
326,1701
326,1702
326,1703
326,1704
326,1705
326,1706
326,1707
326,1708
326,1709
326,1710
326,1711
326,1712
326,1713
326,1714
326,1715
326,1716
326,1717
326,1718
326,1719
326,1720
326,1721
326,1722
326,1723
