17,21
17,22
17,23
17,24
17,25
17,26
17,27
17,28
17,29
17,30
17,31
17,32
17,33
17,34
17,35
17,36
17,37
17,38
17,39
17,40
17,41
17,42
17,43
17,44
17,45
17,46
17,47
17,48
17,49
17,50
17,51
17,52
17,53
17,54
17,55
17,56
17,57
17,58
17,59
17,60
17,61
17,62
17,63
17,64
17,65
17,66
17,67
17,68
17,69
17,70
17,71
17,72
17,73
17,74
17,75
17,76
17,77
17,78
17,79
17,80
17,81
17,82
17,83
17,84
17,85
17,86
17,87
17,88
17,89
17,90
17,91
17,92
17,93
17,94
17,95
17,96
17,97
17,98
17,99
17,100
17,101
17,102
17,103
17,104
17,105
17,106
17,107
17,108
17,109
17,110
17,111
17,112
17,113
17,114
17,115
17,116
17,117
17,118
17,119
17,120
17,121
17,122
:20_4,123
:20_4,124
:20_4,125
:20_4,126
:20_4,127
18,128
18,129
18,130
18,131
18,132
18,133
18,134
18,135
18,136
18,137
18,138
18,139
18,140
18,141
18,142
18,143
18,144
18,145
18,146
18,147
18,148
18,149
18,150
18,151
18,152
18,153
18,154
18,155
18,156
18,157
18,158
18,159
18,160
18,161
18,162
18,163
18,164
18,165
18,166
18,167
18,168
18,169
18,170
18,171
18,172
18,173
18,174
18,175
18,176
18,177
18,178
18,179
18,180
18,181
18,182
18,183
18,184
18,185
18,186
18,187
18,188
18,189
18,190
18,191
18,192
18,193
18,194
18,195
18,196
18,197
18,198
18,199
18,200
18,201
18,202
18,203
18,204
18,205
18,206
18,207
18,208
18,209
18,210
18,211
18,212
18,213
18,214
18,215
18,216
18,217
18,218
18,219
18,220
18,221
18,222
18,223
18,224
18,225
18,226
18,227
18,228
18,229
18,230
18,231
18,232
18,233
:21_4,234
:21_4,235
:21_4,236
:21_4,237
:21_4,238
:21_4,239
257,240
257,241
257,242
257,243
257,244
257,245
257,246
257,247
257,248
257,249
257,250
257,251
257,252
257,253
257,254
257,255
257,256
257,257
257,258
257,259
257,260
257,261
257,262
257,263
257,264
257,265
257,266
257,267
257,268
257,269
257,270
257,271
257,272
257,273
257,274
257,275
257,276
257,277
257,278
257,279
257,280
257,281
257,282
257,283
257,284
257,285
257,286
257,287
257,288
257,289
257,290
257,291
257,292
257,293
257,294
257,295
257,296
257,297
257,298
257,299
257,300
257,301
257,302
257,303
257,304
257,305
257,306
257,307
257,308
257,309
257,310
257,311
257,312
257,313
257,314
257,315
257,316
257,317
257,318
257,319
257,320
257,321
257,322
257,323
257,324
257,325
257,326
257,327
257,328
257,329
257,330
257,331
257,332
257,333
257,334
257,335
257,336
257,337
257,338
257,339
257,340
257,341
257,342
257,343
257,344
257,345
257,346
257,347
257,348
257,349
257,350
257,351
257,352
257,353
257,354
257,355
257,356
257,357
257,358
257,359
257,360
257,361
257,362
257,363
257,364
257,365
257,366
257,367
257,368
257,369
257,370
257,371
257,372
257,373
257,374
257,375
257,376
257,377
257,378
257,379
257,380
257,381
257,382
257,383
257,384
257,385
257,386
257,387
257,388
257,389
257,390
257,391
257,392
257,393
257,394
257,395
257,396
257,397
257,398
257,399
257,400
257,401
257,402
257,403
257,404
257,405
257,406
257,407
257,408
257,409
257,410
257,411
:231_4,412
:231_4,413
:231_4,414
:231_4,415
:231_4,416
:231_4,417
-225,418
-225,419
-225,420
-225,421
-225,422
-225,423
-225,424
-225,425
-225,426
-225,427
-225,428
-225,429
-225,430
-225,431
-225,432
-225,433
-225,434
-225,435
-225,436
-225,437
-225,438
-225,439
-225,440
-225,441
-225,442
-225,443
-225,444
-225,445
-225,446
-225,447
-225,448
-225,449
-225,450
-225,451
-225,452
-225,453
-225,454
-225,455
-225,456
-225,457
-225,458
-225,459
-225,460
-225,461
-225,462
-225,463
-225,464
-225,465
-225,466
-225,467
-225,468
-225,469
-225,470
-225,471
-225,472
-225,473
-225,474
-225,475
-225,476
-225,477
-225,478
-225,479
-225,480
-225,481
-225,482
-225,483
-225,484
-225,485
-225,486
-225,487
-225,488
-225,489
-225,490
-225,491
-225,492
-225,493
-225,494
-225,495
-225,496
-225,497
-225,498
-225,499
-225,500
-225,501
-225,502
-225,503
-225,504
-225,505
-225,506
-225,507
-225,508
-225,509
-225,510
-225,511
-225,512
-225,513
-225,514
-225,515
-225,516
-225,517
-225,518
-225,519
-225,520
-225,521
-225,522
-225,523
-225,524
-225,525
-225,526
-225,527
-225,528
-225,529
-225,530
-225,531
-225,532
-225,533
-225,534
-225,535
-225,536
-225,537
-225,538
-225,539
-225,540
-225,541
-225,542
-225,543
-225,544
-225,545
-225,546
-225,547
-225,548
-225,549
-225,550
-225,551
-225,552
-225,553
-225,554
-225,555
-225,556
-225,557
-225,558
-225,559
-225,560
-225,561
-225,562
-225,563
-225,564
:227_1,565
:227_1,566
:227_1,567
:227_1,568
:227_1,569
222,570
222,571
222,572
222,573
222,574
222,575
222,576
222,577
222,578
222,579
222,580
222,581
222,582
222,583
222,584
222,585
222,586
222,587
222,588
222,589
222,590
222,591
222,592
222,593
222,594
222,595
222,596
222,597
222,598
222,599
222,600
222,601
222,602
222,603
222,604
222,605
222,606
222,607
222,608
222,609
222,610
222,611
222,612
222,613
222,614
222,615
222,616
222,617
222,618
222,619
222,620
222,621
222,622
222,623
222,624
222,625
222,626
222,627
222,628
222,629
222,630
222,631
222,632
222,633
222,634
222,635
222,636
222,637
222,638
222,639
222,640
222,641
222,642
222,643
222,644
222,645
222,646
222,647
222,648
222,649
222,650
222,651
222,652
222,653
222,654
222,655
222,656
222,657
222,658
222,659
222,660
222,661
222,662
222,663
222,664
222,665
222,666
222,667
222,668
222,669
222,670
222,671
222,672
222,673
222,674
222,675
222,676
222,677
222,678
222,679
222,680
222,681
222,682
222,683
222,684
222,685
222,686
222,687
222,688
222,689
222,690
222,691
222,692
222,693
222,694
222,695
222,696
222,697
222,698
222,699
222,700
222,701
222,702
222,703
222,704
222,705
222,706
222,707
222,708
222,709
222,710
222,711
222,712
222,713
222,714
222,715
222,716
222,717
222,718
222,719
222,720
222,721
222,722
222,723
222,724
222,725
222,726
222,727
222,728
222,729
222,730
222,731
222,732
222,733
222,734
222,735
222,736
222,737
222,738
222,739
222,740
222,741
222,742
222,743
222,744
222,745
222,746
222,747
222,748
222,749
:228_4,750
:228_4,751
:228_4,752
:228_4,753
:228_4,754
223,755
223,756
223,757
223,758
223,759
223,760
223,761
223,762
223,763
223,764
223,765
223,766
223,767
223,768
223,769
223,770
223,771
223,772
223,773
223,774
223,775
223,776
223,777
223,778
223,779
223,780
223,781
223,782
223,783
223,784
223,785
223,786
223,787
223,788
223,789
223,790
223,791
223,792
223,793
223,794
223,795
223,796
223,797
223,798
223,799
223,800
223,801
223,802
223,803
223,804
223,805
223,806
223,807
223,808
223,809
223,810
223,811
223,812
223,813
223,814
223,815
223,816
223,817
223,818
223,819
223,820
223,821
223,822
223,823
223,824
223,825
223,826
223,827
223,828
223,829
223,830
223,831
223,832
223,833
223,834
223,835
223,836
223,837
223,838
223,839
223,840
223,841
223,842
223,843
223,844
223,845
223,846
223,847
223,848
223,849
:229_4,850
:229_4,851
:229_4,852
:229_4,853
:229_4,854
:229_4,855
224,856
224,857
224,858
224,859
224,860
224,861
224,862
224,863
224,864
224,865
224,866
224,867
224,868
224,869
224,870
224,871
224,872
224,873
224,874
224,875
224,876
224,877
224,878
224,879
224,880
224,881
224,882
224,883
224,884
224,885
224,886
224,887
224,888
224,889
224,890
224,891
224,892
224,893
224,894
224,895
224,896
224,897
224,898
224,899
224,900
224,901
224,902
224,903
224,904
224,905
224,906
224,907
224,908
224,909
224,910
224,911
224,912
224,913
224,914
224,915
224,916
224,917
224,918
224,919
224,920
224,921
224,922
224,923
224,924
224,925
224,926
224,927
224,928
224,929
224,930
224,931
224,932
224,933
224,934
224,935
224,936
224,937
224,938
224,939
224,940
224,941
224,942
224,943
:230_1,944
:230_1,945
:230_1,946
:230_1,947
:230_1,948
:230_1,949
374,950
374,951
374,952
374,953
374,954
374,955
374,956
374,957
374,958
374,959
374,960
374,961
374,962
374,963
374,964
374,965
374,966
374,967
374,968
374,969
374,970
374,971
374,972
374,973
374,974
374,975
374,976
374,977
374,978
374,979
374,980
374,981
374,982
374,983
374,984
374,985
374,986
374,987
374,988
374,989
374,990
374,991
374,992
374,993
374,994
374,995
374,996
374,997
374,998
374,999
374,1000
374,1001
374,1002
374,1003
374,1004
374,1005
374,1006
374,1007
374,1008
374,1009
374,1010
374,1011
374,1012
374,1013
374,1014
374,1015
374,1016
374,1017
374,1018
374,1019
374,1020
374,1021
374,1022
374,1023
374,1024
374,1025
374,1026
:340_0,1027
375,1028
375,1029
375,1030
375,1031
375,1032
375,1033
375,1034
375,1035
375,1036
375,1037
375,1038
375,1039
375,1040
375,1041
375,1042
375,1043
375,1044
375,1045
375,1046
375,1047
375,1048
375,1049
375,1050
375,1051
375,1052
375,1053
375,1054
375,1055
375,1056
375,1057
375,1058
375,1059
375,1060
375,1061
375,1062
375,1063
375,1064
375,1065
375,1066
375,1067
375,1068
375,1069
375,1070
375,1071
375,1072
375,1073
375,1074
375,1075
375,1076
375,1077
375,1078
375,1079
375,1080
375,1081
375,1082
375,1083
375,1084
375,1085
375,1086
375,1087
375,1088
375,1089
375,1090
375,1091
375,1092
375,1093
375,1094
375,1095
375,1096
375,1097
375,1098
375,1099
375,1100
375,1101
375,1102
375,1103
375,1104
375,1105
375,1106
375,1107
375,1108
375,1109
375,1110
375,1111
375,1112
375,1113
375,1114
375,1115
375,1116
375,1117
375,1118
375,1119
375,1120
375,1121
375,1122
375,1123
375,1124
375,1125
375,1126
375,1127
375,1128
375,1129
375,1130
375,1131
375,1132
375,1133
375,1134
375,1135
375,1136
:15_1,1137
:15_1,1138
:15_1,1139
:15_1,1140
:15_1,1141
-13,1142
-13,1143
-13,1144
-13,1145
-13,1146
-13,1147
-13,1148
-13,1149
-13,1150
-13,1151
-13,1152
-13,1153
-13,1154
-13,1155
-13,1156
-13,1157
-13,1158
-13,1159
-13,1160
-13,1161
-13,1162
-13,1163
-13,1164
-13,1165
-13,1166
-13,1167
-13,1168
-13,1169
-13,1170
-13,1171
-13,1172
-13,1173
-13,1174
-13,1175
-13,1176
-13,1177
-13,1178
-13,1179
-13,1180
-13,1181
-13,1182
-13,1183
-13,1184
-13,1185
-13,1186
-13,1187
-13,1188
-13,1189
-13,1190
-13,1191
-13,1192
-13,1193
-13,1194
-13,1195
-13,1196
-13,1197
-13,1198
-13,1199
-13,1200
-13,1201
-13,1202
-13,1203
-13,1204
-13,1205
-13,1206
-13,1207
-13,1208
-13,1209
-13,1210
-13,1211
-13,1212
-13,1213
-13,1214
-13,1215
-13,1216
-13,1217
-13,1218
-13,1219
-13,1220
-13,1221
-13,1222
-13,1223
-13,1224
-13,1225
-13,1226
-13,1227
-13,1228
-13,1229
-13,1230
-13,1231
-13,1232
-13,1233
-13,1234
-13,1235
-13,1236
-13,1237
-13,1238
-13,1239
-13,1240
-13,1241
-13,1242
:14_0,1243
14,1244
14,1245
14,1246
14,1247
14,1248
14,1249
14,1250
14,1251
14,1252
14,1253
14,1254
14,1255
14,1256
14,1257
14,1258
14,1259
14,1260
14,1261
14,1262
14,1263
14,1264
14,1265
14,1266
14,1267
14,1268
14,1269
14,1270
14,1271
14,1272
14,1273
14,1274
14,1275
14,1276
14,1277
14,1278
14,1279
14,1280
14,1281
14,1282
14,1283
14,1284
14,1285
14,1286
14,1287
14,1288
14,1289
14,1290
14,1291
14,1292
14,1293
14,1294
14,1295
14,1296
14,1297
14,1298
14,1299
14,1300
14,1301
14,1302
14,1303
14,1304
14,1305
14,1306
14,1307
14,1308
14,1309
14,1310
14,1311
14,1312
14,1313
14,1314
14,1315
14,1316
14,1317
14,1318
14,1319
14,1320
14,1321
14,1322
14,1323
14,1324
14,1325
14,1326
14,1327
14,1328
14,1329
14,1330
14,1331
14,1332
14,1333
14,1334
14,1335
14,1336
14,1337
14,1338
14,1339
14,1340
14,1341
14,1342
14,1343
14,1344
14,1345
14,1346
14,1347
14,1348
14,1349
14,1350
14,1351
14,1352
14,1353
14,1354
14,1355
14,1356
:16_4,1357
:16_4,1358
:16_4,1359
:16_4,1360
:16_4,1361
:16_4,1362
-210,1363
-210,1364
-210,1365
-210,1366
-210,1367
-210,1368
-210,1369
-210,1370
-210,1371
-210,1372
-210,1373
-210,1374
-210,1375
-210,1376
-210,1377
-210,1378
-210,1379
-210,1380
-210,1381
-210,1382
-210,1383
-210,1384
-210,1385
-210,1386
-210,1387
-210,1388
-210,1389
-210,1390
-210,1391
-210,1392
-210,1393
-210,1394
-210,1395
-210,1396
-210,1397
-210,1398
-210,1399
-210,1400
-210,1401
-210,1402
-210,1403
-210,1404
-210,1405
-210,1406
-210,1407
-210,1408
-210,1409
-210,1410
-210,1411
-210,1412
-210,1413
-210,1414
-210,1415
-210,1416
-210,1417
-210,1418
-210,1419
-210,1420
-210,1421
-210,1422
-210,1423
-210,1424
-210,1425
-210,1426
-210,1427
-210,1428
-210,1429
-210,1430
-210,1431
-210,1432
-210,1433
-210,1434
-210,1435
-210,1436
-210,1437
-210,1438
-210,1439
-210,1440
-210,1441
-210,1442
-210,1443
-210,1444
-210,1445
-210,1446
-210,1447
-210,1448
-210,1449
-210,1450
-210,1451
-210,1452
-210,1453
-210,1454
-210,1455
-210,1456
-210,1457
-210,1458
-210,1459
-210,1460
-210,1461
:29_5,1462
:29_5,1463
:29_5,1464
:29_5,1465
:29_5,1466
:29_5,1467
-25,1468
-25,1469
-25,1470
-25,1471
-25,1472
-25,1473
-25,1474
-25,1475
-25,1476
-25,1477
-25,1478
-25,1479
-25,1480
-25,1481
-25,1482
-25,1483
-25,1484
-25,1485
-25,1486
-25,1487
-25,1488
-25,1489
-25,1490
-25,1491
-25,1492
-25,1493
-25,1494
-25,1495
-25,1496
-25,1497
-25,1498
-25,1499
-25,1500
-25,1501
-25,1502
-25,1503
-25,1504
-25,1505
-25,1506
-25,1507
-25,1508
-25,1509
-25,1510
-25,1511
-25,1512
-25,1513
-25,1514
-25,1515
-25,1516
-25,1517
-25,1518
-25,1519
-25,1520
-25,1521
-25,1522
-25,1523
-25,1524
-25,1525
-25,1526
-25,1527
-25,1528
-25,1529
-25,1530
-25,1531
-25,1532
-25,1533
-25,1534
-25,1535
-25,1536
-25,1537
-25,1538
-25,1539
-25,1540
-25,1541
-25,1542
-25,1543
-25,1544
-25,1545
-25,1546
-25,1547
-25,1548
-25,1549
-25,1550
-25,1551
-25,1552
-25,1553
-25,1554
-25,1555
-25,1556
-25,1557
-25,1558
-25,1559
-25,1560
-25,1561
-25,1562
-25,1563
-25,1564
-25,1565
-25,1566
-25,1567
-25,1568
-25,1569
-25,1570
-25,1571
-25,1572
-25,1573
-25,1574
-25,1575
-25,1576
-25,1577
-25,1578
-25,1579
-25,1580
-25,1581
-25,1582
-25,1583
-25,1584
-25,1585
-25,1586
-25,1587
-25,1588
-25,1589
-25,1590
-25,1591
-25,1592
-25,1593
-25,1594
-25,1595
-25,1596
-25,1597
-25,1598
-25,1599
-25,1600
-25,1601
-25,1602
-25,1603
-25,1604
-25,1605
-25,1606
-25,1607
-25,1608
-25,1609
-25,1610
-25,1611
-25,1612
-25,1613
-25,1614
-25,1615
-25,1616
-25,1617
-25,1618
-25,1619
:24_6,1620
:24_6,1621
:24_6,1622
:24_16,1623
:24_16,1624
:24_16,1625
-114,1626
-114,1627
-114,1628
-114,1629
-114,1630
-114,1631
-114,1632
-114,1633
-114,1634
-114,1635
-114,1636
-114,1637
-114,1638
-114,1639
-114,1640
-114,1641
-114,1642
-114,1643
-114,1644
-114,1645
-114,1646
-114,1647
-114,1648
-114,1649
-114,1650
-114,1651
-114,1652
-114,1653
-114,1654
-114,1655
-114,1656
-114,1657
-114,1658
-114,1659
-114,1660
-114,1661
-114,1662
-114,1663
-114,1664
-114,1665
-114,1666
-114,1667
-114,1668
-114,1669
-114,1670
-114,1671
-114,1672
-114,1673
-114,1674
-114,1675
-114,1676
-114,1677
-114,1678
-114,1679
-114,1680
-114,1681
-114,1682
-114,1683
-114,1684
-114,1685
-114,1686
-114,1687
-114,1688
-114,1689
-114,1690
-114,1691
-114,1692
-114,1693
-114,1694
-113,1695
-113,1696
-113,1697
-113,1698
-113,1699
-113,1700
-113,1701
-113,1702
-113,1703
-113,1704
-113,1705
-113,1706
-113,1707
-113,1708
-113,1709
-113,1710
-113,1711
-113,1712
-113,1713
-113,1714
-113,1715
-113,1716
-113,1717
-113,1718
-113,1719
-113,1720
-113,1721
-113,1722
-113,1723
-113,1724
-113,1725
-113,1726
-113,1727
-113,1728
-113,1729
-113,1730
-113,1731
-113,1732
-113,1733
-113,1734
-113,1735
-113,1736
-113,1737
-112,1738
-112,1739
-112,1740
-112,1741
-112,1742
-112,1743
-112,1744
-112,1745
-112,1746
-112,1747
-112,1748
-112,1749
-112,1750
-112,1751
-112,1752
-112,1753
-112,1754
-112,1755
-112,1756
-112,1757
-112,1758
-112,1759
-112,1760
-112,1761
-112,1762
-112,1763
-112,1764
-112,1765
-112,1766
-112,1767
-112,1768
-112,1769
-112,1770
-112,1771
-112,1772
-112,1773
-112,1774
-112,1775
-112,1776
-112,1777
-112,1778
-112,1779
-112,1780
-112,1781
-111,1782
-111,1783
-111,1784
-111,1785
-111,1786
-111,1787
-111,1788
-111,1789
-111,1790
-111,1791
-111,1792
-111,1793
-111,1794
-111,1795
-111,1796
-111,1797
-111,1798
-111,1799
-111,1800
-111,1801
-111,1802
-111,1803
-111,1804
-111,1805
-111,1806
-111,1807
-111,1808
-111,1809
-111,1810
-111,1811
-111,1812
-111,1813
-111,1814
-111,1815
-111,1816
-111,1817
-111,1818
-111,1819
-111,1820
-111,1821
-111,1822
-111,1823
-111,1824
-111,1825
:127_0,1826
:127_0,1827
:127_0,1828
:127_0,1829
:127_0,1830
-110,1831
-110,1832
-110,1833
-110,1834
-110,1835
-110,1836
-110,1837
-110,1838
-110,1839
-110,1840
-110,1841
-110,1842
-110,1843
-110,1844
-110,1845
-110,1846
-110,1847
-110,1848
-110,1849
-110,1850
-110,1851
-110,1852
-110,1853
-110,1854
-110,1855
-110,1856
-110,1857
-110,1858
-110,1859
-110,1860
-110,1861
-110,1862
-110,1863
-110,1864
-110,1865
-110,1866
-110,1867
-110,1868
-110,1869
-110,1870
-110,1871
-110,1872
-110,1873
-110,1874
-110,1875
-110,1876
-110,1877
-110,1878
-110,1879
-110,1880
-110,1881
-110,1882
-110,1883
-110,1884
-110,1885
-110,1886
-110,1887
-110,1888
-110,1889
-110,1890
-110,1891
-110,1892
-110,1893
-110,1894
-110,1895
-110,1896
-110,1897
-110,1898
-110,1899
-110,1900
-110,1901
-110,1902
-110,1903
-110,1904
-110,1905
-110,1906
-110,1907
-110,1908
-110,1909
-110,1910
-110,1911
-110,1912
-110,1913
-110,1914
:126_0,1915
:126_0,1916
:126_0,1917
:126_0,1918
:126_0,1919
:126_0,1920
-109,1921
-109,1922
-109,1923
-109,1924
-109,1925
-109,1926
-109,1927
-109,1928
-109,1929
-109,1930
-109,1931
-109,1932
-109,1933
-109,1934
-109,1935
-109,1936
-109,1937
-109,1938
-109,1939
-109,1940
-109,1941
-109,1942
-109,1943
-109,1944
-109,1945
-109,1946
-109,1947
-109,1948
-109,1949
-109,1950
-109,1951
-109,1952
-109,1953
-109,1954
-109,1955
-109,1956
-109,1957
-109,1958
-109,1959
-109,1960
-109,1961
-109,1962
-109,1963
-109,1964
-109,1965
-109,1966
:125_0,1967
:125_0,1968
:125_0,1969
:125_0,1970
:125_0,1971
-108,1972
-108,1973
-108,1974
-108,1975
-108,1976
-108,1977
-108,1978
-108,1979
-108,1980
-108,1981
-108,1982
-108,1983
-108,1984
-108,1985
-108,1986
-108,1987
-108,1988
-108,1989
-108,1990
-108,1991
-108,1992
-108,1993
-108,1994
-108,1995
-108,1996
-108,1997
-108,1998
-108,1999
-108,2000
