33,21
33,22
33,23
33,24
33,25
33,26
33,27
33,28
33,29
33,30
33,31
33,32
33,33
33,34
33,35
33,36
33,37
33,38
33,39
33,40
33,41
33,42
33,43
33,44
33,45
33,46
33,47
33,48
33,49
33,50
33,51
33,52
33,53
33,54
33,55
33,56
33,57
33,58
33,59
33,60
33,61
33,62
33,63
33,64
33,65
33,66
33,67
33,68
33,69
33,70
33,71
33,72
33,73
33,74
33,75
33,76
33,77
33,78
33,79
33,80
33,81
33,82
33,83
33,84
33,85
33,86
33,87
33,88
33,89
33,90
33,91
33,92
33,93
33,94
33,95
33,96
33,97
33,98
33,99
33,100
33,101
33,102
33,103
33,104
33,105
33,106
33,107
33,108
33,109
33,110
33,111
33,112
33,113
33,114
33,115
33,116
33,117
33,118
33,119
33,120
33,121
33,122
33,123
33,124
33,125
33,126
33,127
33,128
33,129
33,130
33,131
33,132
33,133
33,134
33,135
33,136
33,137
33,138
33,139
33,140
33,141
33,142
33,143
33,144
33,145
33,146
33,147
33,148
33,149
33,150
33,151
33,152
33,153
33,154
33,155
33,156
33,157
33,158
33,159
33,160
33,161
33,162
33,163
33,164
33,165
33,166
33,167
33,168
33,169
33,170
33,171
33,172
33,173
33,174
33,175
33,176
33,177
33,178
33,179
33,180
33,181
33,182
33,183
33,184
33,185
33,186
33,187
33,188
33,189
33,190
33,191
33,192
33,193
33,194
33,195
33,196
33,197
33,198
33,199
33,200
33,201
33,202
33,203
33,204
33,205
33,206
33,207
33,208
33,209
33,210
33,211
:40_6,212
:40_6,213
:40_6,214
:40_6,215
:40_6,216
450,217
450,218
450,219
450,220
450,221
450,222
450,223
450,224
450,225
450,226
450,227
450,228
450,229
450,230
450,231
450,232
450,233
450,234
450,235
450,236
450,237
450,238
450,239
450,240
450,241
450,242
450,243
450,244
450,245
450,246
450,247
450,248
450,249
450,250
450,251
450,252
450,253
450,254
450,255
450,256
450,257
450,258
450,259
450,260
:154_0,261
:154_0,262
:154_0,263
:154_0,264
:154_0,265
:154_0,266
-138,267
-138,268
-138,269
-138,270
-138,271
-138,272
-138,273
-138,274
-138,275
-138,276
-138,277
-138,278
-138,279
-138,280
-138,281
-138,282
-138,283
-138,284
-138,285
-138,286
-138,287
-138,288
-138,289
-138,290
-138,291
-138,292
-138,293
-138,294
-138,295
-138,296
-138,297
-138,298
-138,299
-138,300
-138,301
-138,302
-138,303
-138,304
-138,305
-138,306
-138,307
-138,308
-138,309
-138,310
-138,311
-138,312
-138,313
-138,314
-138,315
-138,316
-138,317
-138,318
-138,319
-138,320
-138,321
-138,322
-138,323
-138,324
-138,325
-138,326
-138,327
-138,328
-138,329
-138,330
-138,331
-138,332
-138,333
-138,334
-138,335
-138,336
-138,337
-138,338
-138,339
-138,340
-138,341
-138,342
-138,343
-138,344
-138,345
-138,346
-138,347
-138,348
-138,349
-138,350
-138,351
-138,352
-138,353
-138,354
-138,355
-138,356
-138,357
-138,358
-138,359
-138,360
-138,361
-138,362
-138,363
-138,364
-138,365
-138,366
-138,367
-138,368
-138,369
-138,370
-138,371
-138,372
-138,373
-138,374
-138,375
-138,376
-138,377
-138,378
-138,379
-138,380
-138,381
:153_1,382
:153_1,383
:153_1,384
:153_1,385
:153_1,386
:153_1,387
142,388
142,389
142,390
142,391
142,392
142,393
142,394
142,395
142,396
142,397
142,398
142,399
142,400
142,401
142,402
142,403
142,404
142,405
142,406
142,407
142,408
142,409
142,410
142,411
142,412
142,413
142,414
142,415
142,416
142,417
142,418
142,419
142,420
142,421
142,422
142,423
142,424
142,425
142,426
142,427
142,428
142,429
142,430
142,431
142,432
142,433
142,434
142,435
142,436
142,437
142,438
142,439
142,440
142,441
142,442
142,443
142,444
142,445
142,446
142,447
142,448
142,449
142,450
142,451
142,452
142,453
142,454
142,455
142,456
142,457
142,458
142,459
142,460
142,461
142,462
142,463
142,464
142,465
142,466
142,467
142,468
142,469
142,470
142,471
142,472
142,473
142,474
142,475
142,476
142,477
142,478
142,479
142,480
142,481
142,482
142,483
142,484
142,485
142,486
:157_12,487
:157_12,488
:157_12,489
:157_12,490
261,491
261,492
261,493
261,494
261,495
261,496
261,497
261,498
261,499
261,500
261,501
261,502
261,503
261,504
261,505
261,506
261,507
261,508
261,509
261,510
261,511
261,512
261,513
261,514
261,515
261,516
261,517
261,518
261,519
261,520
261,521
261,522
261,523
261,524
261,525
261,526
261,527
261,528
261,529
261,530
261,531
261,532
261,533
261,534
261,535
261,536
261,537
261,538
261,539
261,540
261,541
261,542
261,543
261,544
261,545
261,546
261,547
261,548
261,549
261,550
261,551
261,552
261,553
261,554
261,555
261,556
261,557
261,558
261,559
261,560
261,561
261,562
261,563
261,564
261,565
261,566
261,567
261,568
261,569
261,570
261,571
261,572
261,573
261,574
261,575
261,576
261,577
261,578
261,579
261,580
261,581
261,582
261,583
261,584
261,585
261,586
261,587
261,588
261,589
261,590
261,591
:258_1,592
:258_1,593
:258_1,594
:258_1,595
:258_1,596
-504,597
-504,598
-504,599
-504,600
-504,601
-504,602
-504,603
-504,604
-504,605
-504,606
-504,607
-504,608
-504,609
-504,610
-504,611
-504,612
-504,613
-504,614
-504,615
-504,616
-504,617
-504,618
-504,619
-504,620
-504,621
-504,622
-504,623
-504,624
-504,625
-504,626
-504,627
:421_0,628
:421_0,629
:421_0,630
:421_0,631
503,632
503,633
503,634
503,635
503,636
503,637
503,638
503,639
503,640
503,641
503,642
503,643
503,644
503,645
503,646
503,647
503,648
503,649
503,650
503,651
503,652
503,653
503,654
503,655
503,656
503,657
503,658
503,659
503,660
503,661
503,662
503,663
503,664
503,665
503,666
503,667
503,668
503,669
503,670
503,671
503,672
503,673
503,674
503,675
503,676
503,677
503,678
503,679
503,680
503,681
503,682
503,683
503,684
503,685
503,686
503,687
503,688
503,689
503,690
503,691
503,692
503,693
503,694
:399_4,695
:399_4,696
:399_4,697
:399_4,698
523,699
523,700
523,701
523,702
523,703
523,704
523,705
523,706
523,707
523,708
523,709
523,710
523,711
523,712
523,713
523,714
523,715
523,716
523,717
523,718
523,719
523,720
523,721
523,722
523,723
523,724
523,725
523,726
523,727
523,728
523,729
523,730
523,731
523,732
523,733
523,734
523,735
523,736
523,737
523,738
523,739
523,740
523,741
523,742
523,743
523,744
523,745
523,746
523,747
523,748
523,749
:282_3,750
:282_3,751
:282_3,752
:282_3,753
:282_3,754
:282_3,755
-416,756
-416,757
-416,758
-416,759
-416,760
-416,761
-416,762
-416,763
-416,764
-416,765
-416,766
-416,767
-416,768
-416,769
-416,770
-416,771
-416,772
-416,773
-416,774
-416,775
-416,776
-416,777
-416,778
-416,779
-416,780
-416,781
-416,782
-416,783
-416,784
-416,785
-416,786
-416,787
-416,788
-416,789
-416,790
-416,791
-416,792
-416,793
-416,794
-416,795
-416,796
-416,797
-416,798
-416,799
-416,800
-416,801
-416,802
-416,803
-416,804
-416,805
-416,806
-416,807
-416,808
-416,809
-416,810
-416,811
-416,812
-416,813
-416,814
-416,815
-416,816
-416,817
-416,818
-416,819
-416,820
-416,821
-416,822
-416,823
-416,824
-416,825
-416,826
-416,827
-416,828
-416,829
-416,830
-416,831
:120_8,832
:120_8,833
:120_8,834
-141,835
-141,836
-141,837
-141,838
-141,839
-141,840
-141,841
-141,842
-141,843
-141,844
-141,845
-141,846
-141,847
-141,848
-141,849
-141,850
-141,851
-141,852
-141,853
-141,854
-141,855
-141,856
-141,857
-141,858
-141,859
-141,860
-141,861
-141,862
-141,863
-141,864
-141,865
-141,866
-141,867
-141,868
-141,869
-141,870
-141,871
-141,872
-141,873
-141,874
-141,875
-141,876
-141,877
-141,878
-141,879
-141,880
-141,881
-141,882
-141,883
-141,884
-141,885
-141,886
-141,887
-141,888
-141,889
-141,890
-141,891
-141,892
-141,893
-141,894
-141,895
-141,896
-141,897
-141,898
-141,899
-141,900
:156_7,901
:156_7,902
:156_7,903
:156_7,904
:156_7,905
:156_7,906
-140,907
-140,908
-140,909
-140,910
-140,911
-140,912
-140,913
-140,914
-140,915
-140,916
-140,917
-140,918
-140,919
-140,920
-140,921
-140,922
-140,923
-140,924
-140,925
-140,926
-140,927
-140,928
-140,929
-140,930
-140,931
-140,932
-140,933
-140,934
-140,935
-140,936
-140,937
-140,938
-140,939
-140,940
-140,941
-140,942
-140,943
-140,944
-140,945
-140,946
-140,947
-140,948
-140,949
-140,950
-140,951
-140,952
-140,953
-140,954
-140,955
-140,956
-140,957
-140,958
-140,959
-140,960
-140,961
-140,962
-140,963
-140,964
-140,965
-140,966
-140,967
-140,968
-140,969
-140,970
-140,971
-140,972
-140,973
-140,974
-140,975
-140,976
-140,977
-140,978
-140,979
-140,980
-140,981
-140,982
-140,983
-140,984
-140,985
-140,986
-140,987
-140,988
-140,989
-140,990
-140,991
-140,992
-140,993
-140,994
-140,995
-140,996
-140,997
-140,998
-140,999
-140,1000
-140,1001
-140,1002
-140,1003
-140,1004
-140,1005
-140,1006
:153_13,1007
:153_13,1008
:153_13,1009
:153_13,1010
:153_13,1011
:153_13,1012
139,1013
139,1014
139,1015
139,1016
139,1017
139,1018
139,1019
139,1020
139,1021
139,1022
139,1023
139,1024
139,1025
139,1026
139,1027
139,1028
139,1029
139,1030
139,1031
139,1032
139,1033
139,1034
139,1035
139,1036
139,1037
139,1038
139,1039
139,1040
139,1041
139,1042
139,1043
139,1044
139,1045
139,1046
139,1047
139,1048
139,1049
139,1050
139,1051
139,1052
139,1053
139,1054
139,1055
139,1056
139,1057
139,1058
139,1059
139,1060
139,1061
139,1062
139,1063
139,1064
139,1065
139,1066
139,1067
139,1068
139,1069
139,1070
139,1071
139,1072
139,1073
139,1074
139,1075
139,1076
139,1077
139,1078
139,1079
139,1080
139,1081
139,1082
139,1083
139,1084
139,1085
139,1086
139,1087
139,1088
139,1089
139,1090
139,1091
139,1092
139,1093
139,1094
139,1095
139,1096
139,1097
139,1098
:155_13,1099
:155_13,1100
:155_13,1101
:155_13,1102
:155_13,1103
:155_13,1104
:155_13,1105
:155_13,1106
:155_13,1107
:155_13,1108
:155_13,1109
:155_13,1110
-372,1111
-372,1112
-372,1113
-372,1114
-372,1115
-372,1116
-372,1117
-372,1118
-372,1119
-372,1120
-372,1121
-372,1122
-372,1123
-372,1124
-372,1125
-372,1126
-372,1127
-372,1128
-372,1129
-372,1130
-372,1131
-372,1132
-372,1133
-372,1134
-372,1135
-372,1136
-372,1137
-372,1138
-372,1139
-372,1140
-372,1141
-372,1142
-372,1143
-372,1144
-372,1145
-372,1146
-372,1147
-372,1148
-372,1149
-372,1150
-372,1151
-372,1152
-372,1153
-372,1154
-372,1155
-372,1156
-372,1157
-372,1158
-372,1159
-372,1160
-372,1161
-372,1162
-372,1163
-372,1164
-372,1165
-372,1166
-372,1167
-372,1168
-372,1169
-372,1170
-372,1171
-372,1172
-372,1173
-372,1174
-372,1175
-372,1176
-372,1177
-372,1178
-372,1179
-372,1180
-372,1181
-372,1182
-372,1183
-372,1184
-372,1185
-372,1186
-372,1187
-372,1188
-372,1189
-372,1190
-372,1191
-372,1192
-372,1193
-372,1194
-372,1195
-372,1196
-372,1197
-372,1198
-372,1199
-372,1200
-372,1201
-372,1202
-372,1203
-372,1204
-372,1205
-372,1206
-372,1207
-372,1208
-372,1209
-372,1210
-372,1211
-372,1212
-372,1213
-372,1214
-372,1215
-372,1216
-372,1217
-372,1218
-372,1219
-372,1220
-372,1221
-372,1222
-372,1223
-372,1224
-372,1225
-372,1226
-372,1227
-372,1228
-372,1229
-372,1230
-372,1231
-372,1232
-372,1233
-372,1234
-372,1235
-372,1236
-372,1237
-372,1238
-372,1239
-372,1240
-372,1241
-372,1242
-372,1243
-372,1244
-372,1245
-372,1246
-372,1247
-372,1248
-372,1249
-372,1250
-372,1251
-372,1252
-372,1253
-372,1254
-372,1255
-372,1256
-372,1257
-372,1258
-372,1259
-372,1260
-372,1261
-372,1262
-372,1263
-372,1264
-372,1265
-372,1266
-372,1267
-372,1268
-372,1269
-372,1270
-372,1271
-372,1272
-372,1273
-372,1274
-372,1275
-372,1276
-372,1277
-372,1278
-372,1279
-372,1280
-372,1281
-372,1282
:266_4,1283
:266_4,1284
:266_4,1285
:266_4,1286
:266_4,1287
:266_4,1288
-273,1289
-273,1290
-273,1291
-273,1292
-273,1293
-273,1294
-273,1295
-273,1296
-273,1297
-273,1298
-273,1299
-273,1300
-273,1301
-273,1302
-273,1303
-273,1304
-273,1305
-273,1306
-273,1307
-273,1308
-273,1309
-273,1310
-273,1311
-273,1312
-273,1313
-273,1314
-273,1315
-273,1316
-273,1317
-273,1318
-273,1319
-273,1320
-273,1321
-273,1322
-273,1323
-273,1324
-273,1325
-273,1326
-273,1327
-273,1328
-273,1329
-273,1330
-273,1331
-273,1332
-273,1333
-273,1334
-273,1335
-273,1336
-273,1337
-273,1338
-273,1339
-273,1340
-273,1341
-273,1342
-273,1343
-273,1344
-273,1345
-273,1346
-273,1347
-273,1348
-273,1349
