302,1
302,2
302,3
302,4
302,5
302,6
302,7
302,8
302,9
302,10
302,11
302,12
302,13
302,14
302,15
302,16
302,17
302,18
302,19
302,20
302,21
302,22
302,23
302,24
302,25
302,26
302,27
302,28
302,29
302,30
302,31
302,32
-192,33
-192,34
-192,35
-192,36
-192,37
-192,38
-192,39
-192,40
-192,41
-192,42
-192,43
-192,44
-192,45
-192,46
-192,47
-192,48
-192,49
-192,50
-192,51
-192,52
-192,53
-192,54
-192,55
-192,56
-192,57
-192,58
-192,59
-192,60
-192,61
-192,62
-192,63
-192,64
-192,65
-192,66
-192,67
-192,68
-192,69
-192,70
-192,71
-192,72
-192,73
-192,74
-192,75
-192,76
-192,77
-192,78
-192,79
-192,80
-192,81
-192,82
-192,83
-192,84
-192,85
-192,86
-192,87
-192,88
-192,89
-192,90
-192,91
-192,92
-192,93
-192,94
-192,95
-192,96
-192,97
-192,98
-192,99
-192,100
-192,101
-192,102
-192,103
-192,104
-192,105
-192,106
-192,107
-192,108
-192,109
-192,110
-192,111
-192,112
-192,113
-192,114
-192,115
-192,116
-192,117
-192,118
:68_1,119
:68_1,120
:68_1,121
:68_1,122
:68_1,123
-59,124
-59,125
-59,126
-59,127
-59,128
-59,129
-59,130
-59,131
-59,132
-59,133
-59,134
-59,135
-59,136
-59,137
-59,138
-59,139
-59,140
-59,141
-59,142
-59,143
-59,144
-59,145
-59,146
-59,147
-59,148
-59,149
-59,150
-59,151
-59,152
-59,153
-59,154
-59,155
-59,156
-59,157
-59,158
-59,159
-59,160
-59,161
-59,162
-59,163
-59,164
-59,165
-59,166
-59,167
-59,168
-59,169
-59,170
-59,171
-59,172
-59,173
-59,174
-59,175
-59,176
-59,177
-59,178
-59,179
-59,180
-59,181
-59,182
-59,183
-59,184
-59,185
:65_2,186
:65_2,187
:65_2,188
:65_2,189
:65_2,190
60,191
60,192
60,193
60,194
60,195
60,196
60,197
60,198
60,199
60,200
60,201
60,202
60,203
60,204
60,205
60,206
60,207
60,208
60,209
60,210
60,211
60,212
60,213
60,214
60,215
60,216
60,217
60,218
60,219
60,220
60,221
60,222
60,223
60,224
60,225
60,226
60,227
60,228
60,229
60,230
60,231
60,232
60,233
60,234
60,235
60,236
60,237
60,238
60,239
60,240
60,241
60,242
60,243
60,244
60,245
60,246
60,247
60,248
60,249
60,250
61,251
61,252
61,253
61,254
61,255
61,256
61,257
61,258
61,259
61,260
61,261
61,262
61,263
61,264
61,265
61,266
61,267
61,268
61,269
61,270
61,271
61,272
61,273
61,274
61,275
61,276
61,277
61,278
61,279
61,280
61,281
61,282
61,283
61,284
61,285
61,286
61,287
61,288
61,289
61,290
61,291
61,292
61,293
61,294
61,295
61,296
61,297
61,298
61,299
61,300
61,301
61,302
61,303
61,304
61,305
61,306
61,307
61,308
61,309
61,310
61,311
61,312
61,313
61,314
61,315
61,316
61,317
62,318
62,319
62,320
62,321
62,322
62,323
62,324
62,325
62,326
62,327
62,328
62,329
62,330
62,331
62,332
62,333
62,334
62,335
62,336
62,337
62,338
62,339
62,340
62,341
62,342
62,343
62,344
62,345
62,346
62,347
62,348
62,349
62,350
62,351
62,352
62,353
62,354
62,355
62,356
62,357
62,358
62,359
62,360
62,361
62,362
62,363
62,364
62,365
62,366
62,367
62,368
62,369
62,370
62,371
62,372
62,373
62,374
62,375
62,376
62,377
62,378
62,379
62,380
62,381
62,382
62,383
62,384
62,385
63,386
63,387
63,388
63,389
63,390
63,391
63,392
63,393
63,394
63,395
63,396
63,397
63,398
63,399
63,400
63,401
63,402
63,403
63,404
63,405
63,406
63,407
63,408
63,409
63,410
63,411
63,412
63,413
63,414
63,415
63,416
63,417
63,418
63,419
63,420
63,421
63,422
63,423
63,424
63,425
63,426
63,427
63,428
63,429
63,430
63,431
63,432
63,433
63,434
63,435
63,436
63,437
63,438
63,439
63,440
63,441
63,442
63,443
63,444
63,445
:72_3,446
:72_3,447
:72_3,448
:72_3,449
:72_3,450
64,451
64,452
64,453
64,454
64,455
64,456
64,457
64,458
64,459
64,460
64,461
64,462
64,463
64,464
64,465
64,466
64,467
64,468
64,469
64,470
64,471
64,472
64,473
64,474
64,475
64,476
64,477
64,478
64,479
64,480
64,481
64,482
64,483
64,484
64,485
64,486
64,487
64,488
64,489
64,490
64,491
64,492
64,493
64,494
64,495
64,496
64,497
64,498
64,499
64,500
64,501
64,502
64,503
64,504
64,505
64,506
64,507
64,508
64,509
64,510
64,511
64,512
64,513
64,514
64,515
64,516
64,517
64,518
64,519
64,520
64,521
64,522
:73_13,523
:73_13,524
:73_13,525
:73_13,526
:73_13,527
369,528
369,529
369,530
369,531
369,532
369,533
369,534
369,535
369,536
369,537
369,538
369,539
369,540
369,541
369,542
369,543
369,544
369,545
369,546
369,547
369,548
369,549
369,550
369,551
369,552
369,553
369,554
369,555
369,556
369,557
369,558
369,559
369,560
369,561
369,562
369,563
369,564
369,565
369,566
369,567
369,568
369,569
369,570
369,571
369,572
369,573
369,574
369,575
369,576
369,577
369,578
369,579
369,580
369,581
369,582
369,583
369,584
369,585
369,586
369,587
369,588
369,589
369,590
369,591
369,592
369,593
369,594
369,595
369,596
369,597
369,598
369,599
369,600
369,601
369,602
369,603
369,604
369,605
369,606
369,607
369,608
369,609
369,610
369,611
369,612
369,613
369,614
369,615
369,616
369,617
369,618
369,619
369,620
369,621
369,622
369,623
369,624
369,625
369,626
369,627
369,628
369,629
369,630
369,631
369,632
369,633
369,634
369,635
369,636
369,637
369,638
369,639
369,640
369,641
369,642
369,643
369,644
369,645
369,646
369,647
369,648
369,649
369,650
369,651
369,652
369,653
369,654
369,655
369,656
369,657
369,658
369,659
369,660
369,661
369,662
369,663
369,664
369,665
369,666
369,667
369,668
369,669
369,670
369,671
369,672
369,673
369,674
369,675
369,676
369,677
369,678
369,679
369,680
369,681
369,682
369,683
369,684
369,685
369,686
369,687
369,688
369,689
369,690
369,691
369,692
369,693
369,694
369,695
369,696
369,697
369,698
369,699
369,700
369,701
369,702
369,703
369,704
369,705
369,706
369,707
369,708
369,709
369,710
369,711
369,712
369,713
369,714
369,715
369,716
369,717
369,718
369,719
369,720
369,721
369,722
369,723
:338_3,724
:338_3,725
:338_3,726
:338_3,727
:338_3,728
:338_3,729
-454,730
-454,731
-454,732
-454,733
-454,734
-454,735
-454,736
-454,737
-454,738
-454,739
-454,740
-454,741
-454,742
-454,743
-454,744
-454,745
-454,746
-454,747
-454,748
-454,749
-454,750
-454,751
-454,752
-454,753
-454,754
-454,755
-454,756
-454,757
-454,758
-454,759
-454,760
-454,761
-454,762
-454,763
-454,764
-454,765
-454,766
-454,767
-454,768
-454,769
-454,770
-454,771
-454,772
-454,773
-454,774
-454,775
-454,776
-454,777
-454,778
-454,779
-454,780
-454,781
-454,782
-454,783
-454,784
-454,785
-454,786
-454,787
-454,788
-454,789
-454,790
-454,791
-454,792
-454,793
-454,794
-454,795
-454,796
-454,797
-454,798
-454,799
-454,800
-454,801
-454,802
-454,803
-454,804
-454,805
-454,806
-454,807
-454,808
-454,809
-454,810
-454,811
-454,812
-454,813
:279_3,814
:279_3,815
:279_3,816
:279_3,817
:279_3,818
-289,819
-289,820
-289,821
-289,822
-289,823
-289,824
-289,825
-289,826
-289,827
-289,828
-289,829
-289,830
-289,831
-289,832
-289,833
-289,834
-289,835
-289,836
-289,837
-289,838
-289,839
-289,840
-289,841
-289,842
-289,843
-289,844
-289,845
-289,846
-289,847
-289,848
-289,849
-289,850
-289,851
-289,852
-289,853
-289,854
-289,855
-289,856
-289,857
-289,858
-289,859
-289,860
-289,861
-289,862
-289,863
-289,864
-289,865
-289,866
-289,867
-289,868
-289,869
-289,870
-289,871
-289,872
-289,873
-289,874
-289,875
-289,876
-289,877
-289,878
-289,879
-289,880
-289,881
-289,882
-289,883
-289,884
-289,885
-289,886
-289,887
-289,888
-289,889
-289,890
-289,891
-289,892
-289,893
-289,894
-289,895
:248_9,896
:248_9,897
:248_9,898
:248_9,899
:248_9,900
:248_9,901
284,902
284,903
284,904
284,905
284,906
284,907
284,908
284,909
284,910
284,911
284,912
284,913
284,914
284,915
284,916
284,917
284,918
284,919
284,920
284,921
284,922
284,923
284,924
284,925
284,926
284,927
284,928
284,929
284,930
284,931
284,932
284,933
284,934
284,935
284,936
284,937
284,938
284,939
284,940
284,941
284,942
284,943
284,944
284,945
284,946
284,947
284,948
284,949
284,950
284,951
284,952
284,953
284,954
284,955
284,956
284,957
284,958
284,959
284,960
284,961
284,962
284,963
285,964
285,965
285,966
285,967
285,968
285,969
285,970
285,971
285,972
285,973
285,974
285,975
285,976
285,977
285,978
285,979
285,980
285,981
285,982
285,983
285,984
285,985
285,986
285,987
285,988
285,989
285,990
285,991
285,992
285,993
285,994
285,995
285,996
285,997
285,998
285,999
285,1000
285,1001
285,1002
285,1003
285,1004
285,1005
285,1006
285,1007
285,1008
285,1009
285,1010
285,1011
285,1012
285,1013
285,1014
285,1015
285,1016
285,1017
:275_1,1018
286,1019
286,1020
286,1021
286,1022
286,1023
286,1024
286,1025
286,1026
286,1027
286,1028
286,1029
286,1030
286,1031
286,1032
286,1033
286,1034
286,1035
286,1036
286,1037
286,1038
286,1039
286,1040
286,1041
286,1042
286,1043
286,1044
286,1045
286,1046
286,1047
286,1048
286,1049
286,1050
286,1051
286,1052
286,1053
286,1054
286,1055
286,1056
286,1057
286,1058
286,1059
286,1060
286,1061
286,1062
286,1063
286,1064
286,1065
286,1066
286,1067
286,1068
286,1069
286,1070
286,1071
286,1072
286,1073
286,1074
286,1075
287,1076
287,1077
287,1078
287,1079
287,1080
287,1081
287,1082
287,1083
287,1084
287,1085
287,1086
287,1087
287,1088
287,1089
287,1090
287,1091
287,1092
287,1093
287,1094
287,1095
287,1096
287,1097
287,1098
287,1099
287,1100
287,1101
287,1102
287,1103
287,1104
287,1105
287,1106
287,1107
287,1108
287,1109
287,1110
287,1111
287,1112
287,1113
287,1114
287,1115
287,1116
287,1117
287,1118
287,1119
287,1120
287,1121
287,1122
287,1123
287,1124
287,1125
287,1126
287,1127
287,1128
287,1129
287,1130
287,1131
287,1132
287,1133
287,1134
287,1135
287,1136
287,1137
287,1138
287,1139
287,1140
287,1141
288,1142
288,1143
288,1144
288,1145
288,1146
288,1147
288,1148
288,1149
288,1150
288,1151
288,1152
288,1153
288,1154
288,1155
288,1156
288,1157
288,1158
288,1159
288,1160
288,1161
288,1162
288,1163
288,1164
288,1165
288,1166
288,1167
288,1168
288,1169
288,1170
288,1171
288,1172
288,1173
288,1174
288,1175
288,1176
288,1177
288,1178
288,1179
288,1180
:278_0,1181
:278_0,1182
:278_0,1183
:278_0,1184
:278_0,1185
-453,1186
-453,1187
-453,1188
-453,1189
-453,1190
-453,1191
-453,1192
-453,1193
-453,1194
-453,1195
-453,1196
-453,1197
-453,1198
-453,1199
-453,1200
-453,1201
-453,1202
-453,1203
-453,1204
-453,1205
-453,1206
-453,1207
-453,1208
-453,1209
-453,1210
-453,1211
-453,1212
-453,1213
-453,1214
-453,1215
-453,1216
-453,1217
-453,1218
-453,1219
-453,1220
-453,1221
-453,1222
-453,1223
-453,1224
-453,1225
-453,1226
-453,1227
-453,1228
-453,1229
-453,1230
-453,1231
-453,1232
-453,1233
:25_3,1234
:25_3,1235
:25_3,1236
:25_3,1237
-21,1238
-21,1239
-21,1240
-21,1241
-21,1242
-21,1243
-21,1244
-21,1245
-21,1246
-21,1247
-21,1248
-21,1249
-21,1250
-21,1251
-21,1252
-21,1253
-21,1254
-21,1255
-21,1256
-21,1257
-21,1258
-21,1259
-21,1260
-21,1261
-21,1262
-21,1263
-21,1264
-21,1265
-21,1266
-21,1267
-21,1268
-21,1269
-21,1270
-21,1271
-21,1272
-21,1273
-21,1274
-21,1275
-21,1276
-21,1277
-21,1278
-21,1279
-21,1280
-21,1281
-21,1282
-21,1283
-21,1284
-21,1285
-21,1286
-21,1287
-21,1288
-21,1289
-21,1290
-21,1291
-21,1292
-21,1293
-21,1294
-21,1295
-21,1296
-21,1297
-21,1298
-21,1299
-21,1300
-21,1301
-21,1302
-21,1303
-21,1304
-21,1305
-21,1306
-21,1307
-21,1308
-21,1309
-21,1310
-21,1311
-21,1312
-21,1313
:22_4,1314
:22_4,1315
:22_4,1316
19,1317
19,1318
19,1319
19,1320
19,1321
19,1322
19,1323
19,1324
19,1325
19,1326
19,1327
19,1328
19,1329
19,1330
19,1331
19,1332
19,1333
19,1334
19,1335
19,1336
19,1337
19,1338
19,1339
19,1340
19,1341
19,1342
19,1343
19,1344
19,1345
19,1346
19,1347
19,1348
19,1349
19,1350
19,1351
19,1352
19,1353
19,1354
19,1355
19,1356
19,1357
19,1358
19,1359
19,1360
19,1361
19,1362
19,1363
19,1364
19,1365
19,1366
19,1367
19,1368
19,1369
19,1370
19,1371
19,1372
19,1373
19,1374
19,1375
19,1376
19,1377
19,1378
19,1379
19,1380
19,1381
19,1382
19,1383
19,1384
19,1385
19,1386
19,1387
19,1388
19,1389
19,1390
19,1391
19,1392
19,1393
19,1394
19,1395
19,1396
19,1397
19,1398
19,1399
19,1400
19,1401
19,1402
19,1403
:23_6,1404
:23_6,1405
:23_6,1406
:23_6,1407
:23_6,1408
:23_6,1409
20,1410
20,1411
20,1412
20,1413
20,1414
20,1415
20,1416
20,1417
20,1418
20,1419
20,1420
20,1421
20,1422
20,1423
20,1424
20,1425
20,1426
20,1427
20,1428
20,1429
20,1430
20,1431
20,1432
20,1433
20,1434
20,1435
20,1436
20,1437
20,1438
20,1439
20,1440
20,1441
20,1442
20,1443
20,1444
20,1445
20,1446
20,1447
20,1448
20,1449
20,1450
20,1451
20,1452
20,1453
20,1454
20,1455
20,1456
20,1457
20,1458
20,1459
20,1460
20,1461
20,1462
20,1463
20,1464
20,1465
20,1466
20,1467
20,1468
20,1469
20,1470
20,1471
20,1472
20,1473
20,1474
20,1475
20,1476
20,1477
20,1478
20,1479
20,1480
20,1481
20,1482
20,1483
20,1484
20,1485
20,1486
20,1487
20,1488
20,1489
20,1490
20,1491
20,1492
:24_12,1493
:24_12,1494
:24_12,1495
-114,1496
-114,1497
-114,1498
-114,1499
-114,1500
-114,1501
-114,1502
-114,1503
-114,1504
-114,1505
-114,1506
-114,1507
-114,1508
-114,1509
-114,1510
-114,1511
-114,1512
-114,1513
-114,1514
-114,1515
-114,1516
-114,1517
-114,1518
-114,1519
-114,1520
-114,1521
-114,1522
-114,1523
-114,1524
-114,1525
-114,1526
-114,1527
-114,1528
-114,1529
-114,1530
-114,1531
-114,1532
-114,1533
-114,1534
-114,1535
-114,1536
-114,1537
-114,1538
-114,1539
-114,1540
-114,1541
-114,1542
-114,1543
-114,1544
-114,1545
-114,1546
-114,1547
-114,1548
-114,1549
-114,1550
-114,1551
-114,1552
-114,1553
-114,1554
-114,1555
-113,1556
-113,1557
-113,1558
-113,1559
-113,1560
-113,1561
-113,1562
-113,1563
-113,1564
-113,1565
-113,1566
-113,1567
-113,1568
-113,1569
-113,1570
-113,1571
-113,1572
-113,1573
-113,1574
-113,1575
-113,1576
-113,1577
-113,1578
-113,1579
-113,1580
-113,1581
-113,1582
-113,1583
-113,1584
-113,1585
-113,1586
-113,1587
-113,1588
-113,1589
-113,1590
-113,1591
-113,1592
-113,1593
-113,1594
-112,1595
-112,1596
-112,1597
-112,1598
-112,1599
-112,1600
-112,1601
-112,1602
-112,1603
-112,1604
-112,1605
-112,1606
-112,1607
-112,1608
-112,1609
-112,1610
-112,1611
-112,1612
-112,1613
-112,1614
-112,1615
-112,1616
-112,1617
-112,1618
-112,1619
-112,1620
-112,1621
-112,1622
-112,1623
-112,1624
-112,1625
-112,1626
-112,1627
-112,1628
-112,1629
-112,1630
-112,1631
-112,1632
-111,1633
-111,1634
-111,1635
-111,1636
-111,1637
-111,1638
-111,1639
-111,1640
-111,1641
-111,1642
-111,1643
-111,1644
-111,1645
-111,1646
-111,1647
-111,1648
-111,1649
-111,1650
-111,1651
-111,1652
-111,1653
-111,1654
-111,1655
-111,1656
-111,1657
-111,1658
-111,1659
-111,1660
-111,1661
-111,1662
-111,1663
-111,1664
-111,1665
-111,1666
-111,1667
-111,1668
-111,1669
-111,1670
:127_0,1671
:127_0,1672
:127_0,1673
:127_0,1674
:127_0,1675
-110,1676
-110,1677
-110,1678
-110,1679
-110,1680
-110,1681
-110,1682
-110,1683
-110,1684
-110,1685
-110,1686
-110,1687
-110,1688
-110,1689
-110,1690
-110,1691
-110,1692
-110,1693
-110,1694
-110,1695
-110,1696
-110,1697
-110,1698
-110,1699
-110,1700
-110,1701
-110,1702
-110,1703
-110,1704
-110,1705
-110,1706
-110,1707
-110,1708
-110,1709
-110,1710
-110,1711
-110,1712
-110,1713
-110,1714
-110,1715
-110,1716
-110,1717
-110,1718
-110,1719
-110,1720
-110,1721
-110,1722
-110,1723
-110,1724
-110,1725
-110,1726
-110,1727
-110,1728
-110,1729
-110,1730
-110,1731
-110,1732
-110,1733
-110,1734
-110,1735
-110,1736
-110,1737
-110,1738
-110,1739
-110,1740
-110,1741
-110,1742
-110,1743
-110,1744
-110,1745
-110,1746
-110,1747
-110,1748
-110,1749
:126_0,1750
:126_0,1751
:126_0,1752
:126_0,1753
:126_0,1754
-109,1755
-109,1756
-109,1757
-109,1758
-109,1759
-109,1760
-109,1761
-109,1762
-109,1763
-109,1764
-109,1765
-109,1766
-109,1767
-109,1768
-109,1769
-109,1770
-109,1771
-109,1772
-109,1773
-109,1774
-109,1775
-109,1776
-109,1777
-109,1778
-109,1779
-109,1780
-109,1781
-109,1782
-109,1783
-109,1784
-109,1785
-109,1786
-109,1787
-109,1788
-109,1789
-109,1790
-109,1791
-109,1792
-109,1793
-109,1794
:125_1,1795
:125_1,1796
:125_9,1797
:125_9,1798
:125_9,1799
218,1800
218,1801
218,1802
218,1803
218,1804
218,1805
218,1806
218,1807
218,1808
218,1809
218,1810
218,1811
218,1812
218,1813
218,1814
218,1815
218,1816
218,1817
218,1818
218,1819
218,1820
218,1821
218,1822
218,1823
218,1824
218,1825
218,1826
218,1827
218,1828
218,1829
218,1830
218,1831
218,1832
218,1833
218,1834
218,1835
218,1836
218,1837
218,1838
218,1839
218,1840
218,1841
218,1842
218,1843
218,1844
218,1845
218,1846
218,1847
218,1848
218,1849
218,1850
218,1851
218,1852
218,1853
218,1854
218,1855
218,1856
218,1857
218,1858
218,1859
218,1860
218,1861
218,1862
218,1863
218,1864
218,1865
218,1866
218,1867
218,1868
218,1869
218,1870
218,1871
218,1872
218,1873
218,1874
218,1875
218,1876
218,1877
218,1878
218,1879
218,1880
218,1881
218,1882
218,1883
218,1884
218,1885
218,1886
218,1887
218,1888
218,1889
218,1890
218,1891
218,1892
218,1893
218,1894
218,1895
218,1896
218,1897
218,1898
218,1899
218,1900
218,1901
218,1902
218,1903
218,1904
218,1905
218,1906
218,1907
218,1908
218,1909
218,1910
218,1911
218,1912
218,1913
218,1914
218,1915
218,1916
218,1917
218,1918
218,1919
218,1920
218,1921
218,1922
218,1923
218,1924
218,1925
218,1926
218,1927
218,1928
218,1929
218,1930
218,1931
:224_1,1932
:224_1,1933
:224_1,1934
588,1935
588,1936
588,1937
588,1938
588,1939
588,1940
588,1941
588,1942
588,1943
588,1944
588,1945
588,1946
588,1947
588,1948
588,1949
588,1950
588,1951
588,1952
588,1953
588,1954
588,1955
588,1956
588,1957
588,1958
588,1959
588,1960
:414_3,1961
:414_3,1962
:414_3,1963
-492,1964
-492,1965
-492,1966
-492,1967
-492,1968
-492,1969
-492,1970
-492,1971
-492,1972
-492,1973
-492,1974
-492,1975
-492,1976
-492,1977
-492,1978
-492,1979
-492,1980
-492,1981
-492,1982
-492,1983
-492,1984
-492,1985
-492,1986
-492,1987
