304,21
304,22
304,23
304,24
304,25
304,26
304,27
304,28
304,29
304,30
304,31
304,32
304,33
304,34
304,35
304,36
304,37
304,38
304,39
304,40
304,41
304,42
304,43
304,44
304,45
304,46
304,47
304,48
304,49
304,50
304,51
304,52
304,53
304,54
304,55
304,56
304,57
304,58
304,59
304,60
304,61
304,62
304,63
304,64
304,65
304,66
304,67
304,68
304,69
304,70
304,71
304,72
304,73
304,74
304,75
304,76
304,77
304,78
304,79
304,80
304,81
304,82
304,83
304,84
304,85
304,86
304,87
304,88
304,89
304,90
304,91
304,92
304,93
304,94
304,95
304,96
304,97
304,98
304,99
304,100
304,101
304,102
:59_0,103
:59_0,104
:59_0,105
:59_0,106
:59_0,107
:59_0,108
-51,109
-51,110
-51,111
-51,112
-51,113
-51,114
-51,115
-51,116
-51,117
-51,118
-51,119
-51,120
-51,121
-51,122
-51,123
-51,124
-51,125
-51,126
-51,127
-51,128
-51,129
-51,130
-51,131
-51,132
-51,133
-51,134
-51,135
-51,136
-51,137
-51,138
-51,139
-51,140
-51,141
-51,142
-51,143
-51,144
-51,145
-51,146
-51,147
-51,148
-51,149
-51,150
-51,151
-51,152
-51,153
-51,154
-51,155
-51,156
-51,157
-51,158
-51,159
-51,160
-51,161
-51,162
-51,163
-51,164
-51,165
-51,166
-51,167
-51,168
-51,169
-51,170
-51,171
-51,172
-51,173
-51,174
-51,175
-51,176
-51,177
-51,178
-51,179
-51,180
-51,181
-51,182
-51,183
-51,184
-51,185
-51,186
-51,187
-51,188
-51,189
-51,190
-51,191
-51,192
-51,193
-51,194
-51,195
-51,196
-51,197
-51,198
-51,199
-51,200
-51,201
-51,202
-51,203
-51,204
-51,205
-51,206
-51,207
-51,208
-51,209
-51,210
-51,211
-51,212
-51,213
-51,214
-51,215
-51,216
-51,217
-51,218
-51,219
-51,220
-51,221
-51,222
-51,223
-51,224
-51,225
-51,226
-51,227
-51,228
-51,229
-51,230
-51,231
-51,232
-51,233
-51,234
-51,235
-51,236
-51,237
-51,238
-51,239
-51,240
-51,241
:58_8,242
:58_8,243
:58_8,244
53,245
53,246
53,247
53,248
53,249
53,250
53,251
53,252
53,253
53,254
53,255
53,256
53,257
53,258
53,259
53,260
53,261
53,262
53,263
53,264
53,265
53,266
53,267
53,268
53,269
53,270
53,271
53,272
53,273
53,274
53,275
53,276
53,277
53,278
53,279
53,280
53,281
53,282
53,283
53,284
53,285
53,286
53,287
53,288
53,289
53,290
53,291
53,292
53,293
53,294
53,295
53,296
53,297
53,298
53,299
53,300
53,301
53,302
53,303
53,304
53,305
53,306
53,307
53,308
53,309
53,310
53,311
53,312
53,313
53,314
:61_7,315
:61_7,316
:61_7,317
:61_7,318
:61_7,319
54,320
54,321
54,322
54,323
54,324
54,325
54,326
54,327
54,328
54,329
54,330
54,331
54,332
54,333
54,334
54,335
54,336
54,337
54,338
54,339
54,340
54,341
54,342
54,343
54,344
54,345
54,346
54,347
54,348
54,349
54,350
54,351
54,352
54,353
54,354
54,355
54,356
54,357
54,358
54,359
54,360
54,361
54,362
54,363
54,364
:62_3,365
:62_3,366
:62_3,367
:62_3,368
:62_3,369
55,370
55,371
55,372
55,373
55,374
55,375
55,376
55,377
55,378
55,379
55,380
55,381
55,382
55,383
55,384
55,385
55,386
55,387
55,388
55,389
55,390
55,391
55,392
55,393
55,394
55,395
55,396
55,397
55,398
55,399
55,400
55,401
55,402
55,403
55,404
55,405
55,406
55,407
55,408
55,409
55,410
55,411
55,412
55,413
55,414
55,415
55,416
55,417
55,418
55,419
55,420
55,421
55,422
55,423
55,424
55,425
55,426
55,427
55,428
55,429
55,430
55,431
55,432
55,433
55,434
55,435
55,436
55,437
55,438
55,439
55,440
55,441
55,442
55,443
55,444
55,445
55,446
55,447
55,448
55,449
55,450
55,451
55,452
55,453
55,454
55,455
55,456
55,457
55,458
55,459
55,460
55,461
55,462
55,463
55,464
55,465
55,466
55,467
55,468
55,469
55,470
55,471
55,472
55,473
55,474
55,475
55,476
55,477
55,478
:63_13,479
:63_13,480
:63_13,481
:63_13,482
:63_13,483
159,484
159,485
159,486
159,487
159,488
159,489
159,490
159,491
159,492
159,493
159,494
159,495
159,496
159,497
159,498
159,499
159,500
159,501
159,502
159,503
159,504
159,505
159,506
159,507
159,508
159,509
159,510
159,511
159,512
159,513
159,514
159,515
159,516
159,517
159,518
159,519
159,520
159,521
159,522
159,523
159,524
159,525
159,526
159,527
159,528
159,529
159,530
159,531
159,532
159,533
159,534
159,535
159,536
159,537
159,538
159,539
159,540
159,541
159,542
159,543
159,544
159,545
159,546
159,547
159,548
159,549
159,550
159,551
159,552
159,553
159,554
159,555
159,556
159,557
159,558
159,559
159,560
159,561
159,562
159,563
159,564
159,565
159,566
159,567
159,568
159,569
159,570
159,571
159,572
159,573
159,574
159,575
159,576
:102_7,577
:102_7,578
:102_7,579
:102_7,580
:102_7,581
-87,582
-87,583
-87,584
-87,585
-87,586
-87,587
-87,588
-87,589
-87,590
-87,591
-87,592
-87,593
-87,594
-87,595
-87,596
-87,597
-87,598
-87,599
-87,600
-87,601
-87,602
-87,603
-87,604
-87,605
-87,606
-87,607
-87,608
-87,609
-87,610
-87,611
-87,612
-87,613
-87,614
-87,615
-87,616
-87,617
-87,618
-87,619
-87,620
-87,621
-87,622
-87,623
-87,624
-87,625
-87,626
-87,627
-87,628
-87,629
-87,630
-87,631
-87,632
-87,633
-87,634
-87,635
-87,636
-87,637
-87,638
-87,639
-87,640
-87,641
-87,642
-87,643
-87,644
-87,645
-87,646
-87,647
-87,648
-87,649
-87,650
-87,651
-87,652
-87,653
-87,654
-87,655
-87,656
-87,657
-87,658
-87,659
-87,660
-87,661
-87,662
-87,663
-87,664
-87,665
-87,666
-87,667
-87,668
-87,669
-87,670
-87,671
-87,672
-87,673
-87,674
-87,675
-87,676
-87,677
-87,678
-87,679
-87,680
-87,681
-87,682
-87,683
-87,684
-87,685
-87,686
-87,687
-87,688
-87,689
-87,690
-87,691
-87,692
-87,693
-87,694
-87,695
-87,696
-87,697
-87,698
-87,699
-87,700
-87,701
-87,702
-87,703
-87,704
-87,705
-87,706
-87,707
-87,708
-87,709
-87,710
-87,711
-87,712
-87,713
-87,714
-87,715
-87,716
-87,717
-87,718
-87,719
-87,720
-87,721
-87,722
-87,723
-87,724
-87,725
-87,726
-87,727
-87,728
-87,729
-87,730
-87,731
-87,732
-87,733
-87,734
-87,735
-87,736
-87,737
-87,738
-87,739
-87,740
-87,741
-87,742
:27_9,743
:27_9,744
:27_9,745
:27_9,746
:27_9,747
:27_9,748
-23,749
-23,750
-23,751
-23,752
-23,753
-23,754
-23,755
-23,756
-23,757
-23,758
-23,759
-23,760
-23,761
-23,762
-23,763
-23,764
-23,765
-23,766
-23,767
-23,768
-23,769
-23,770
-23,771
-23,772
-23,773
-23,774
-23,775
-23,776
-23,777
-23,778
-23,779
-23,780
-23,781
-23,782
-23,783
-23,784
-23,785
-23,786
-23,787
-23,788
-23,789
-23,790
-23,791
-23,792
-23,793
-23,794
-23,795
-23,796
-23,797
-23,798
-23,799
-23,800
-23,801
-23,802
-23,803
-23,804
-23,805
-23,806
-23,807
-23,808
-23,809
-23,810
-23,811
-23,812
-23,813
-23,814
-23,815
-23,816
-23,817
-23,818
-23,819
-23,820
-23,821
-23,822
-23,823
-23,824
-23,825
-23,826
-23,827
-23,828
-23,829
-23,830
-23,831
-23,832
-23,833
-23,834
-23,835
-23,836
-23,837
-23,838
-23,839
-23,840
-23,841
-23,842
-23,843
-23,844
-23,845
-23,846
-23,847
-23,848
-23,849
-23,850
-23,851
-23,852
-23,853
-23,854
-23,855
-23,856
-23,857
-23,858
-23,859
-23,860
-23,861
-23,862
-23,863
-23,864
-23,865
-23,866
-23,867
-23,868
-23,869
-23,870
-23,871
-23,872
-23,873
-23,874
-23,875
-23,876
-23,877
-23,878
-23,879
-23,880
-23,881
-23,882
-23,883
-23,884
-23,885
-23,886
-23,887
-23,888
-23,889
-23,890
-23,891
-23,892
-23,893
-23,894
-23,895
-23,896
-23,897
-23,898
-23,899
-23,900
-23,901
-23,902
-23,903
-23,904
-23,905
-23,906
-23,907
-23,908
-23,909
-23,910
-23,911
-23,912
-23,913
-23,914
-23,915
-23,916
-23,917
-23,918
-23,919
-23,920
-23,921
-23,922
-23,923
-23,924
-23,925
-23,926
-23,927
-23,928
-23,929
-23,930
-23,931
-23,932
-23,933
-23,934
-23,935
-23,936
-23,937
-23,938
-23,939
-23,940
-23,941
-23,942
-23,943
-23,944
-23,945
-23,946
-23,947
-23,948
:22_9,949
:22_9,950
:22_9,951
:22_9,952
:22_9,953
:22_9,954
19,955
19,956
19,957
19,958
19,959
19,960
19,961
19,962
19,963
19,964
19,965
19,966
19,967
19,968
19,969
19,970
19,971
19,972
19,973
19,974
19,975
19,976
19,977
19,978
19,979
19,980
19,981
19,982
19,983
19,984
19,985
19,986
19,987
19,988
19,989
19,990
19,991
19,992
19,993
19,994
19,995
19,996
19,997
19,998
19,999
19,1000
19,1001
19,1002
19,1003
19,1004
19,1005
19,1006
19,1007
19,1008
19,1009
19,1010
19,1011
19,1012
19,1013
19,1014
19,1015
19,1016
19,1017
19,1018
19,1019
19,1020
19,1021
19,1022
19,1023
19,1024
19,1025
19,1026
19,1027
19,1028
19,1029
19,1030
19,1031
19,1032
19,1033
19,1034
19,1035
19,1036
19,1037
19,1038
19,1039
19,1040
19,1041
19,1042
19,1043
19,1044
19,1045
19,1046
19,1047
19,1048
19,1049
19,1050
19,1051
19,1052
19,1053
19,1054
19,1055
19,1056
19,1057
19,1058
19,1059
19,1060
19,1061
:23_6,1062
:23_6,1063
:23_6,1064
:23_6,1065
:23_6,1066
:23_6,1067
:23_6,1068
20,1069
20,1070
20,1071
20,1072
20,1073
20,1074
20,1075
20,1076
20,1077
20,1078
20,1079
20,1080
20,1081
20,1082
20,1083
20,1084
20,1085
20,1086
20,1087
20,1088
20,1089
20,1090
20,1091
20,1092
20,1093
20,1094
20,1095
20,1096
20,1097
20,1098
20,1099
20,1100
20,1101
20,1102
20,1103
20,1104
20,1105
20,1106
20,1107
20,1108
20,1109
20,1110
20,1111
20,1112
20,1113
20,1114
20,1115
20,1116
20,1117
20,1118
20,1119
20,1120
20,1121
20,1122
20,1123
20,1124
20,1125
20,1126
20,1127
20,1128
20,1129
20,1130
20,1131
20,1132
20,1133
20,1134
20,1135
20,1136
20,1137
20,1138
20,1139
20,1140
20,1141
20,1142
20,1143
20,1144
20,1145
20,1146
20,1147
20,1148
20,1149
20,1150
20,1151
20,1152
20,1153
20,1154
20,1155
20,1156
20,1157
20,1158
20,1159
20,1160
20,1161
20,1162
20,1163
20,1164
20,1165
20,1166
20,1167
20,1168
20,1169
20,1170
:24_13,1171
:24_13,1172
:24_13,1173
:24_13,1174
:24_13,1175
:24_13,1176
25,1177
25,1178
25,1179
25,1180
25,1181
25,1182
25,1183
25,1184
25,1185
25,1186
25,1187
25,1188
25,1189
25,1190
25,1191
25,1192
25,1193
25,1194
25,1195
25,1196
25,1197
25,1198
25,1199
25,1200
25,1201
25,1202
25,1203
25,1204
25,1205
25,1206
25,1207
25,1208
25,1209
25,1210
25,1211
25,1212
25,1213
25,1214
25,1215
25,1216
25,1217
25,1218
25,1219
25,1220
25,1221
25,1222
25,1223
25,1224
25,1225
25,1226
25,1227
25,1228
25,1229
25,1230
25,1231
25,1232
25,1233
25,1234
25,1235
25,1236
25,1237
25,1238
25,1239
25,1240
25,1241
25,1242
25,1243
25,1244
25,1245
25,1246
25,1247
25,1248
25,1249
25,1250
25,1251
25,1252
25,1253
25,1254
25,1255
25,1256
25,1257
25,1258
25,1259
25,1260
25,1261
25,1262
25,1263
25,1264
25,1265
25,1266
25,1267
25,1268
25,1269
25,1270
25,1271
25,1272
25,1273
25,1274
25,1275
25,1276
25,1277
25,1278
25,1279
25,1280
25,1281
25,1282
25,1283
25,1284
25,1285
25,1286
25,1287
25,1288
25,1289
25,1290
25,1291
25,1292
25,1293
25,1294
25,1295
25,1296
25,1297
25,1298
25,1299
25,1300
25,1301
25,1302
25,1303
25,1304
25,1305
25,1306
25,1307
25,1308
25,1309
25,1310
25,1311
25,1312
25,1313
25,1314
25,1315
25,1316
25,1317
25,1318
25,1319
25,1320
25,1321
25,1322
25,1323
25,1324
25,1325
25,1326
25,1327
25,1328
25,1329
25,1330
25,1331
25,1332
:29_13,1333
:29_13,1334
:29_13,1335
:29_13,1336
:29_13,1337
:29_13,1338
210,1339
210,1340
210,1341
210,1342
210,1343
210,1344
210,1345
210,1346
210,1347
210,1348
210,1349
210,1350
210,1351
210,1352
210,1353
210,1354
210,1355
210,1356
210,1357
210,1358
210,1359
210,1360
210,1361
210,1362
210,1363
210,1364
210,1365
210,1366
210,1367
210,1368
210,1369
210,1370
210,1371
210,1372
210,1373
210,1374
210,1375
210,1376
210,1377
210,1378
210,1379
210,1380
210,1381
210,1382
210,1383
210,1384
210,1385
210,1386
210,1387
210,1388
210,1389
210,1390
210,1391
210,1392
210,1393
210,1394
210,1395
210,1396
210,1397
210,1398
210,1399
210,1400
210,1401
210,1402
210,1403
210,1404
210,1405
210,1406
210,1407
210,1408
210,1409
210,1410
210,1411
210,1412
210,1413
210,1414
210,1415
210,1416
210,1417
210,1418
210,1419
210,1420
210,1421
210,1422
210,1423
210,1424
210,1425
210,1426
210,1427
210,1428
210,1429
210,1430
210,1431
210,1432
210,1433
210,1434
210,1435
210,1436
210,1437
210,1438
210,1439
210,1440
210,1441
210,1442
210,1443
210,1444
210,1445
210,1446
:16_6,1447
:16_6,1448
:16_6,1449
:16_6,1450
:16_6,1451
:16_6,1452
-14,1453
-14,1454
-14,1455
-14,1456
-14,1457
-14,1458
-14,1459
-14,1460
-14,1461
-14,1462
-14,1463
-14,1464
-14,1465
-14,1466
-14,1467
-14,1468
-14,1469
-14,1470
-14,1471
-14,1472
-14,1473
-14,1474
-14,1475
-14,1476
-14,1477
-14,1478
-14,1479
-14,1480
-14,1481
-14,1482
-14,1483
-14,1484
-14,1485
-14,1486
-14,1487
-14,1488
-14,1489
-14,1490
-14,1491
-14,1492
-14,1493
-14,1494
-14,1495
-14,1496
-14,1497
-14,1498
-14,1499
-14,1500
-14,1501
-14,1502
-14,1503
-14,1504
-14,1505
-14,1506
-14,1507
-14,1508
-14,1509
-14,1510
-14,1511
-14,1512
-14,1513
-14,1514
-14,1515
-14,1516
-14,1517
-14,1518
-14,1519
-14,1520
-14,1521
-14,1522
-14,1523
-14,1524
-14,1525
-14,1526
-14,1527
-14,1528
-14,1529
-14,1530
-14,1531
-14,1532
-14,1533
-14,1534
-14,1535
-14,1536
-14,1537
-14,1538
-14,1539
-14,1540
-14,1541
-14,1542
-14,1543
-14,1544
-14,1545
-14,1546
-14,1547
-14,1548
-14,1549
-14,1550
-14,1551
-14,1552
-14,1553
-14,1554
-14,1555
-14,1556
-14,1557
-14,1558
-14,1559
-14,1560
-14,1561
-14,1562
-14,1563
-14,1564
-14,1565
-14,1566
-14,1567
-14,1568
-14,1569
-14,1570
-14,1571
-14,1572
-14,1573
-14,1574
:14_1,1575
:14_1,1576
13,1577
13,1578
13,1579
13,1580
13,1581
13,1582
13,1583
13,1584
13,1585
13,1586
13,1587
13,1588
13,1589
13,1590
13,1591
13,1592
13,1593
13,1594
13,1595
13,1596
13,1597
13,1598
13,1599
13,1600
13,1601
13,1602
13,1603
13,1604
13,1605
13,1606
13,1607
13,1608
13,1609
13,1610
13,1611
13,1612
13,1613
13,1614
13,1615
13,1616
13,1617
13,1618
13,1619
13,1620
13,1621
13,1622
13,1623
13,1624
13,1625
13,1626
13,1627
13,1628
13,1629
13,1630
13,1631
13,1632
13,1633
13,1634
13,1635
13,1636
13,1637
13,1638
13,1639
13,1640
13,1641
13,1642
13,1643
13,1644
13,1645
13,1646
13,1647
13,1648
13,1649
13,1650
13,1651
13,1652
13,1653
13,1654
13,1655
13,1656
13,1657
13,1658
13,1659
13,1660
13,1661
13,1662
13,1663
13,1664
13,1665
13,1666
13,1667
13,1668
13,1669
13,1670
13,1671
13,1672
13,1673
13,1674
13,1675
13,1676
13,1677
13,1678
13,1679
13,1680
13,1681
13,1682
13,1683
13,1684
13,1685
:15_3,1686
:15_3,1687
:15_3,1688
:15_3,1689
:15_3,1690
:15_3,1691
-375,1692
-375,1693
-375,1694
-375,1695
-375,1696
-375,1697
-375,1698
-375,1699
-375,1700
-375,1701
-375,1702
-375,1703
-375,1704
-375,1705
-375,1706
-375,1707
-375,1708
-375,1709
-375,1710
-375,1711
-375,1712
-375,1713
-375,1714
-375,1715
-375,1716
-375,1717
-375,1718
-375,1719
-375,1720
-375,1721
-375,1722
-375,1723
-375,1724
-375,1725
-375,1726
-375,1727
-375,1728
-375,1729
-375,1730
-375,1731
-375,1732
-375,1733
-375,1734
-375,1735
-375,1736
-375,1737
-375,1738
-375,1739
-375,1740
-375,1741
-375,1742
-375,1743
-375,1744
-375,1745
-375,1746
-375,1747
-375,1748
-375,1749
-375,1750
-375,1751
-375,1752
-375,1753
-375,1754
-375,1755
-375,1756
-375,1757
-375,1758
-375,1759
-375,1760
-375,1761
-375,1762
-375,1763
-375,1764
-375,1765
-375,1766
-375,1767
-375,1768
-375,1769
-375,1770
-375,1771
-375,1772
-375,1773
-375,1774
-375,1775
-375,1776
-375,1777
-375,1778
-375,1779
-375,1780
-375,1781
-375,1782
-375,1783
-375,1784
-375,1785
-375,1786
-375,1787
-375,1788
-375,1789
-375,1790
-375,1791
-375,1792
-375,1793
-375,1794
-375,1795
-375,1796
-375,1797
-375,1798
-375,1799
-375,1800
-375,1801
-375,1802
-375,1803
-375,1804
-375,1805
-375,1806
-375,1807
-375,1808
:340_1,1809
-374,1810
-374,1811
-374,1812
-374,1813
-374,1814
-374,1815
-374,1816
-374,1817
-374,1818
-374,1819
-374,1820
-374,1821
-374,1822
-374,1823
-374,1824
-374,1825
-374,1826
-374,1827
-374,1828
-374,1829
-374,1830
-374,1831
-374,1832
-374,1833
-374,1834
-374,1835
-374,1836
-374,1837
-374,1838
-374,1839
-374,1840
-374,1841
-374,1842
-374,1843
-374,1844
-374,1845
-374,1846
-374,1847
-374,1848
-374,1849
-374,1850
-374,1851
-374,1852
-374,1853
-374,1854
-374,1855
-374,1856
-374,1857
-374,1858
-374,1859
-374,1860
-374,1861
-374,1862
-374,1863
-374,1864
-374,1865
-374,1866
-374,1867
-374,1868
-374,1869
-374,1870
-374,1871
-374,1872
-374,1873
-374,1874
-374,1875
-374,1876
-374,1877
-374,1878
-374,1879
-374,1880
-374,1881
-374,1882
-374,1883
-374,1884
-374,1885
-374,1886
-374,1887
-374,1888
-374,1889
-374,1890
-374,1891
-374,1892
:230_9,1893
:230_9,1894
:230_9,1895
:230_9,1896
:230_9,1897
:230_9,1898
-224,1899
-224,1900
-224,1901
-224,1902
-224,1903
-224,1904
-224,1905
-224,1906
-224,1907
-224,1908
-224,1909
-224,1910
-224,1911
-224,1912
-224,1913
-224,1914
-224,1915
-224,1916
-224,1917
-224,1918
-224,1919
-224,1920
-224,1921
-224,1922
-224,1923
-224,1924
-224,1925
-224,1926
-224,1927
-224,1928
-224,1929
-224,1930
-224,1931
-224,1932
-224,1933
-224,1934
-224,1935
-224,1936
-224,1937
-224,1938
-224,1939
-224,1940
-224,1941
-224,1942
-224,1943
-224,1944
-224,1945
-224,1946
-224,1947
-224,1948
-224,1949
-224,1950
-224,1951
-224,1952
-224,1953
-224,1954
-224,1955
-224,1956
-224,1957
-224,1958
-224,1959
-224,1960
-224,1961
-224,1962
-224,1963
-224,1964
-224,1965
-224,1966
-224,1967
-224,1968
-224,1969
-224,1970
-224,1971
-224,1972
-224,1973
-224,1974
-224,1975
-224,1976
-224,1977
-224,1978
-224,1979
-224,1980
-224,1981
-224,1982
-224,1983
-224,1984
-224,1985
-224,1986
-224,1987
-224,1988
-224,1989
-224,1990
-224,1991
-224,1992
-224,1993
:229_6,1994
:229_6,1995
:229_6,1996
:229_6,1997
:229_6,1998
:229_6,1999
-223,2000
