110,1
110,2
110,3
110,4
110,5
110,6
110,7
110,8
110,9
110,10
110,11
110,12
110,13
110,14
110,15
110,16
110,17
110,18
110,19
110,20
110,21
110,22
110,23
110,24
110,25
110,26
110,27
110,28
110,29
110,30
110,31
110,32
110,33
110,34
110,35
110,36
110,37
110,38
110,39
110,40
110,41
110,42
110,43
110,44
110,45
110,46
110,47
110,48
110,49
110,50
110,51
110,52
110,53
110,54
110,55
110,56
110,57
110,58
110,59
110,60
110,61
110,62
110,63
110,64
110,65
110,66
110,67
110,68
110,69
110,70
110,71
110,72
110,73
110,74
110,75
110,76
110,77
110,78
110,79
110,80
110,81
110,82
110,83
110,84
110,85
110,86
110,87
:127_7,88
:127_7,89
:127_7,90
:127_7,91
:127_7,92
111,93
111,94
111,95
111,96
111,97
111,98
111,99
111,100
111,101
111,102
111,103
111,104
111,105
111,106
111,107
111,108
111,109
111,110
111,111
111,112
111,113
111,114
111,115
111,116
111,117
111,118
111,119
111,120
111,121
111,122
111,123
111,124
111,125
111,126
111,127
111,128
111,129
111,130
111,131
111,132
111,133
111,134
111,135
111,136
111,137
111,138
112,139
112,140
112,141
112,142
112,143
112,144
112,145
112,146
112,147
112,148
112,149
112,150
112,151
112,152
112,153
112,154
112,155
112,156
112,157
112,158
112,159
112,160
112,161
112,162
112,163
112,164
112,165
112,166
112,167
112,168
112,169
112,170
112,171
112,172
112,173
112,174
112,175
112,176
112,177
112,178
112,179
112,180
112,181
112,182
112,183
112,184
112,185
113,186
113,187
113,188
113,189
113,190
113,191
113,192
113,193
113,194
113,195
113,196
113,197
113,198
113,199
113,200
113,201
113,202
113,203
113,204
113,205
113,206
113,207
113,208
113,209
113,210
113,211
113,212
113,213
113,214
113,215
113,216
113,217
113,218
113,219
113,220
113,221
113,222
113,223
113,224
113,225
113,226
113,227
113,228
113,229
113,230
113,231
114,232
114,233
114,234
114,235
114,236
114,237
114,238
114,239
114,240
114,241
114,242
114,243
114,244
114,245
114,246
114,247
114,248
114,249
114,250
114,251
114,252
114,253
114,254
114,255
114,256
114,257
114,258
114,259
114,260
114,261
114,262
114,263
114,264
114,265
114,266
114,267
114,268
114,269
114,270
114,271
114,272
114,273
114,274
114,275
114,276
114,277
114,278
114,279
114,280
114,281
114,282
114,283
114,284
114,285
114,286
114,287
114,288
114,289
114,290
114,291
114,292
114,293
114,294
114,295
114,296
114,297
114,298
114,299
114,300
114,301
114,302
114,303
:24_10,304
:24_10,305
:24_10,306
:24_10,307
:24_10,308
:24_10,309
:24_10,310
-20,311
-20,312
-20,313
-20,314
-20,315
-20,316
-20,317
-20,318
-20,319
-20,320
-20,321
-20,322
-20,323
-20,324
-20,325
-20,326
-20,327
-20,328
-20,329
-20,330
-20,331
-20,332
-20,333
-20,334
-20,335
-20,336
-20,337
-20,338
-20,339
-20,340
-20,341
-20,342
-20,343
-20,344
-20,345
-20,346
-20,347
-20,348
-20,349
-20,350
-20,351
-20,352
-20,353
-20,354
-20,355
-20,356
-20,357
-20,358
-20,359
-20,360
-20,361
-20,362
-20,363
-20,364
-20,365
-20,366
-20,367
-20,368
-20,369
-20,370
-20,371
-20,372
-20,373
-20,374
-20,375
-20,376
-20,377
-20,378
-20,379
-20,380
-20,381
-20,382
-20,383
-20,384
-20,385
-20,386
-20,387
-20,388
-20,389
-20,390
-20,391
-20,392
-20,393
-20,394
-20,395
-20,396
-20,397
-20,398
-20,399
-20,400
-20,401
-20,402
-20,403
-20,404
-20,405
-20,406
-20,407
-20,408
-20,409
:23_4,410
:23_4,411
:23_4,412
:23_4,413
:23_4,414
:23_4,415
:23_4,416
:23_4,417
-19,418
-19,419
-19,420
-19,421
-19,422
-19,423
-19,424
-19,425
-19,426
-19,427
-19,428
-19,429
-19,430
-19,431
-19,432
-19,433
-19,434
-19,435
-19,436
-19,437
-19,438
-19,439
-19,440
-19,441
-19,442
-19,443
-19,444
-19,445
-19,446
-19,447
-19,448
-19,449
-19,450
-19,451
-19,452
-19,453
-19,454
-19,455
-19,456
-19,457
-19,458
-19,459
-19,460
-19,461
-19,462
-19,463
-19,464
-19,465
-19,466
-19,467
-19,468
-19,469
-19,470
-19,471
-19,472
-19,473
-19,474
-19,475
-19,476
-19,477
-19,478
-19,479
-19,480
-19,481
-19,482
-19,483
-19,484
-19,485
-19,486
-19,487
-19,488
-19,489
-19,490
-19,491
-19,492
-19,493
-19,494
-19,495
-19,496
-19,497
-19,498
-19,499
-19,500
-19,501
-19,502
-19,503
-19,504
-19,505
-19,506
-19,507
-19,508
-19,509
-19,510
-19,511
-19,512
-19,513
-19,514
-19,515
-19,516
-19,517
-19,518
-19,519
-19,520
:22_1,521
:22_1,522
:22_1,523
:22_1,524
:22_1,525
:22_1,526
23,527
23,528
23,529
23,530
23,531
23,532
23,533
23,534
23,535
23,536
23,537
23,538
23,539
23,540
23,541
23,542
23,543
23,544
23,545
23,546
23,547
23,548
23,549
23,550
23,551
23,552
23,553
23,554
23,555
23,556
23,557
23,558
23,559
23,560
23,561
23,562
23,563
23,564
23,565
23,566
23,567
23,568
23,569
23,570
23,571
23,572
23,573
23,574
23,575
23,576
23,577
23,578
23,579
23,580
23,581
23,582
23,583
23,584
23,585
23,586
23,587
23,588
23,589
23,590
23,591
23,592
23,593
23,594
23,595
23,596
23,597
23,598
23,599
23,600
23,601
23,602
23,603
23,604
23,605
23,606
23,607
23,608
23,609
23,610
23,611
23,612
23,613
23,614
23,615
23,616
23,617
23,618
23,619
23,620
23,621
23,622
23,623
23,624
23,625
23,626
23,627
23,628
23,629
23,630
23,631
23,632
23,633
23,634
23,635
23,636
23,637
23,638
23,639
23,640
23,641
23,642
23,643
23,644
23,645
23,646
23,647
23,648
23,649
23,650
23,651
23,652
23,653
23,654
23,655
23,656
23,657
23,658
23,659
23,660
23,661
23,662
23,663
23,664
23,665
23,666
23,667
23,668
23,669
23,670
23,671
23,672
23,673
23,674
23,675
23,676
23,677
23,678
23,679
23,680
23,681
23,682
23,683
23,684
23,685
23,686
23,687
23,688
23,689
23,690
23,691
23,692
23,693
23,694
23,695
23,696
23,697
23,698
23,699
23,700
23,701
23,702
23,703
23,704
23,705
23,706
23,707
23,708
23,709
23,710
23,711
23,712
23,713
23,714
23,715
23,716
23,717
23,718
23,719
23,720
23,721
:27_1,722
:27_1,723
:27_1,724
:27_1,725
:27_1,726
:27_1,727
87,728
87,729
87,730
87,731
87,732
87,733
87,734
87,735
87,736
87,737
87,738
87,739
87,740
87,741
87,742
87,743
87,744
87,745
87,746
87,747
87,748
87,749
87,750
87,751
87,752
87,753
87,754
87,755
87,756
87,757
87,758
87,759
87,760
87,761
87,762
87,763
87,764
87,765
87,766
87,767
87,768
87,769
87,770
87,771
87,772
87,773
87,774
87,775
87,776
87,777
87,778
87,779
87,780
87,781
87,782
87,783
87,784
87,785
87,786
87,787
87,788
87,789
87,790
87,791
87,792
87,793
87,794
87,795
87,796
87,797
87,798
87,799
87,800
87,801
87,802
87,803
87,804
87,805
87,806
87,807
87,808
87,809
87,810
87,811
87,812
87,813
87,814
87,815
87,816
87,817
87,818
87,819
87,820
87,821
87,822
87,823
87,824
87,825
87,826
87,827
87,828
87,829
87,830
87,831
87,832
87,833
87,834
87,835
87,836
87,837
87,838
87,839
87,840
87,841
87,842
87,843
87,844
87,845
87,846
87,847
87,848
87,849
87,850
87,851
87,852
87,853
87,854
87,855
87,856
87,857
87,858
87,859
87,860
87,861
87,862
87,863
87,864
87,865
87,866
87,867
87,868
87,869
87,870
87,871
87,872
87,873
87,874
87,875
87,876
87,877
87,878
87,879
87,880
87,881
87,882
87,883
87,884
87,885
87,886
87,887
87,888
87,889
87,890
87,891
87,892
87,893
87,894
87,895
87,896
87,897
87,898
87,899
87,900
87,901
87,902
87,903
87,904
:102_0,905
:102_0,906
:102_0,907
:102_0,908
:102_0,909
:102_0,910
-159,911
-159,912
-159,913
-159,914
-159,915
-159,916
-159,917
-159,918
-159,919
-159,920
-159,921
-159,922
-159,923
-159,924
-159,925
-159,926
-159,927
-159,928
-159,929
-159,930
-159,931
-159,932
-159,933
-159,934
-159,935
-159,936
-159,937
-159,938
-159,939
-159,940
-159,941
-159,942
-159,943
-159,944
-159,945
-159,946
-159,947
-159,948
-159,949
-159,950
-159,951
-159,952
-159,953
-159,954
-159,955
-159,956
-159,957
-159,958
-159,959
-159,960
-159,961
-159,962
-159,963
-159,964
-159,965
-159,966
-159,967
-159,968
-159,969
-159,970
-159,971
-159,972
-159,973
-159,974
-159,975
-159,976
-159,977
-159,978
-159,979
-159,980
-159,981
-159,982
-159,983
-159,984
-159,985
-159,986
-159,987
-159,988
-159,989
-159,990
-159,991
-159,992
-159,993
-159,994
-159,995
-159,996
-159,997
-159,998
-159,999
-159,1000
-159,1001
-159,1002
-159,1003
-159,1004
-159,1005
-159,1006
-159,1007
-159,1008
-159,1009
-159,1010
-159,1011
-159,1012
-159,1013
-159,1014
-159,1015
:63_5,1016
:63_5,1017
:63_5,1018
:63_5,1019
:63_5,1020
:63_5,1021
-55,1022
-55,1023
-55,1024
-55,1025
-55,1026
-55,1027
-55,1028
-55,1029
-55,1030
-55,1031
-55,1032
-55,1033
-55,1034
-55,1035
-55,1036
-55,1037
-55,1038
-55,1039
-55,1040
-55,1041
-55,1042
-55,1043
-55,1044
-55,1045
-55,1046
-55,1047
-55,1048
-55,1049
-55,1050
-55,1051
-55,1052
-55,1053
-55,1054
-55,1055
-55,1056
-55,1057
-55,1058
-55,1059
-55,1060
-55,1061
-55,1062
-55,1063
-55,1064
-55,1065
-55,1066
-55,1067
-55,1068
-55,1069
-55,1070
-55,1071
-55,1072
-55,1073
-55,1074
-55,1075
-55,1076
-55,1077
-55,1078
-55,1079
-55,1080
-55,1081
-55,1082
-55,1083
-55,1084
-55,1085
-55,1086
-55,1087
-55,1088
-55,1089
-55,1090
-55,1091
-55,1092
-55,1093
-55,1094
-55,1095
-55,1096
-55,1097
-55,1098
-55,1099
-55,1100
-55,1101
-55,1102
-55,1103
-55,1104
-55,1105
-55,1106
-55,1107
-55,1108
-55,1109
-55,1110
-55,1111
-55,1112
-55,1113
-55,1114
-55,1115
-55,1116
-55,1117
-55,1118
-55,1119
-55,1120
-55,1121
-55,1122
-55,1123
-55,1124
-55,1125
-55,1126
-55,1127
-55,1128
-55,1129
-55,1130
-55,1131
-55,1132
-55,1133
-55,1134
-55,1135
-55,1136
-55,1137
-55,1138
-55,1139
-55,1140
-55,1141
-55,1142
-55,1143
-55,1144
-55,1145
-55,1146
:62_1,1147
:62_1,1148
:62_1,1149
:62_1,1150
:62_1,1151
:62_1,1152
-54,1153
-54,1154
-54,1155
-54,1156
-54,1157
-54,1158
-54,1159
-54,1160
-54,1161
-54,1162
-54,1163
-54,1164
-54,1165
-54,1166
-54,1167
-54,1168
-54,1169
-54,1170
-54,1171
-54,1172
-54,1173
-54,1174
-54,1175
-54,1176
-54,1177
-54,1178
-54,1179
-54,1180
-54,1181
-54,1182
-54,1183
-54,1184
-54,1185
-54,1186
-54,1187
-54,1188
-54,1189
-54,1190
-54,1191
-54,1192
-54,1193
-54,1194
-54,1195
-54,1196
-54,1197
-54,1198
-54,1199
-54,1200
-54,1201
-54,1202
-54,1203
:61_0,1204
:61_0,1205
:61_0,1206
:61_0,1207
:61_0,1208
:61_0,1209
-53,1210
-53,1211
-53,1212
-53,1213
-53,1214
-53,1215
-53,1216
-53,1217
-53,1218
-53,1219
-53,1220
-53,1221
-53,1222
-53,1223
-53,1224
-53,1225
-53,1226
-53,1227
-53,1228
-53,1229
-53,1230
-53,1231
-53,1232
-53,1233
-53,1234
-53,1235
-53,1236
-53,1237
-53,1238
-53,1239
-53,1240
-53,1241
-53,1242
-53,1243
-53,1244
-53,1245
-53,1246
-53,1247
-53,1248
-53,1249
-53,1250
-53,1251
-53,1252
-53,1253
-53,1254
-53,1255
-53,1256
-53,1257
-53,1258
-53,1259
-53,1260
-53,1261
-53,1262
-53,1263
-53,1264
-53,1265
-53,1266
-53,1267
-53,1268
-53,1269
-53,1270
-53,1271
-53,1272
-53,1273
-53,1274
-53,1275
-53,1276
-53,1277
-53,1278
-53,1279
-53,1280
-53,1281
-53,1282
-53,1283
-53,1284
-53,1285
-53,1286
-53,1287
-53,1288
-53,1289
-53,1290
-53,1291
-53,1292
-53,1293
-53,1294
-53,1295
-53,1296
-53,1297
:58_6,1298
:58_6,1299
:58_6,1300
:58_6,1301
:58_6,1302
:58_6,1303
:58_6,1304
:58_6,1305
51,1306
51,1307
51,1308
51,1309
51,1310
51,1311
51,1312
51,1313
51,1314
51,1315
51,1316
51,1317
51,1318
51,1319
51,1320
51,1321
51,1322
51,1323
51,1324
51,1325
51,1326
51,1327
51,1328
51,1329
51,1330
51,1331
51,1332
51,1333
51,1334
51,1335
51,1336
51,1337
51,1338
51,1339
51,1340
51,1341
51,1342
51,1343
51,1344
51,1345
51,1346
51,1347
51,1348
51,1349
51,1350
51,1351
51,1352
51,1353
51,1354
51,1355
51,1356
51,1357
51,1358
51,1359
51,1360
51,1361
51,1362
51,1363
51,1364
51,1365
51,1366
51,1367
51,1368
51,1369
51,1370
51,1371
51,1372
51,1373
51,1374
51,1375
51,1376
51,1377
51,1378
51,1379
51,1380
51,1381
51,1382
51,1383
51,1384
51,1385
51,1386
51,1387
51,1388
51,1389
51,1390
51,1391
51,1392
51,1393
51,1394
51,1395
51,1396
51,1397
51,1398
51,1399
51,1400
51,1401
51,1402
51,1403
51,1404
51,1405
51,1406
51,1407
51,1408
51,1409
51,1410
51,1411
51,1412
51,1413
51,1414
51,1415
51,1416
51,1417
51,1418
51,1419
51,1420
51,1421
51,1422
51,1423
51,1424
51,1425
51,1426
51,1427
51,1428
51,1429
51,1430
51,1431
51,1432
51,1433
51,1434
51,1435
51,1436
51,1437
51,1438
51,1439
51,1440
51,1441
51,1442
51,1443
51,1444
51,1445
51,1446
51,1447
51,1448
51,1449
51,1450
51,1451
51,1452
51,1453
51,1454
51,1455
51,1456
51,1457
:59_7,1458
:59_7,1459
:59_7,1460
:59_7,1461
:59_7,1462
:59_7,1463
-304,1464
-304,1465
-304,1466
-304,1467
-304,1468
-304,1469
-304,1470
-304,1471
-304,1472
-304,1473
-304,1474
-304,1475
-304,1476
-304,1477
-304,1478
-304,1479
-304,1480
-304,1481
-304,1482
-304,1483
-304,1484
-304,1485
-304,1486
-304,1487
-304,1488
-304,1489
-304,1490
-304,1491
-304,1492
-304,1493
-304,1494
-304,1495
-304,1496
-304,1497
-304,1498
-304,1499
-304,1500
-304,1501
-304,1502
-304,1503
-304,1504
-304,1505
-304,1506
-304,1507
-304,1508
-304,1509
-304,1510
-304,1511
-304,1512
-304,1513
-304,1514
-304,1515
-304,1516
-304,1517
-304,1518
-304,1519
-304,1520
-304,1521
-304,1522
-304,1523
-304,1524
-304,1525
-304,1526
-304,1527
-304,1528
-304,1529
-304,1530
-304,1531
-304,1532
-304,1533
-304,1534
-304,1535
-304,1536
-304,1537
-304,1538
-304,1539
-304,1540
-304,1541
-304,1542
-304,1543
-304,1544
-304,1545
-304,1546
-304,1547
-304,1548
-304,1549
-304,1550
-304,1551
-304,1552
-304,1553
-304,1554
-304,1555
-304,1556
-304,1557
-304,1558
:289_0,1559
:289_0,1560
:289_0,1561
:289_0,1562
:289_0,1563
302,1564
302,1565
302,1566
302,1567
302,1568
302,1569
302,1570
302,1571
302,1572
302,1573
302,1574
302,1575
302,1576
302,1577
302,1578
302,1579
302,1580
302,1581
302,1582
302,1583
302,1584
302,1585
302,1586
302,1587
302,1588
302,1589
302,1590
302,1591
302,1592
302,1593
302,1594
302,1595
302,1596
302,1597
302,1598
302,1599
302,1600
302,1601
302,1602
302,1603
302,1604
-192,1605
-192,1606
-192,1607
-192,1608
-192,1609
-192,1610
-192,1611
-192,1612
-192,1613
-192,1614
-192,1615
-192,1616
-192,1617
-192,1618
-192,1619
-192,1620
-192,1621
-192,1622
-192,1623
-192,1624
-192,1625
-192,1626
-192,1627
-192,1628
-192,1629
-192,1630
-192,1631
-192,1632
-192,1633
-192,1634
-192,1635
-192,1636
-192,1637
-192,1638
-192,1639
-192,1640
-192,1641
-192,1642
-192,1643
-192,1644
-192,1645
-192,1646
-192,1647
-192,1648
-192,1649
-192,1650
-192,1651
-192,1652
-192,1653
-192,1654
-192,1655
-192,1656
-192,1657
-192,1658
-192,1659
-192,1660
-192,1661
-192,1662
-192,1663
-192,1664
-192,1665
-192,1666
-192,1667
-192,1668
-192,1669
-192,1670
-192,1671
-192,1672
-192,1673
-192,1674
-192,1675
-192,1676
-192,1677
-192,1678
-192,1679
-192,1680
-192,1681
-192,1682
-192,1683
-192,1684
-192,1685
-192,1686
-192,1687
-192,1688
-192,1689
-192,1690
-192,1691
-192,1692
-192,1693
-192,1694
-192,1695
-192,1696
-192,1697
-192,1698
-192,1699
-192,1700
-192,1701
-192,1702
-192,1703
-192,1704
-192,1705
-192,1706
:68_1,1707
:68_1,1708
:68_1,1709
:68_1,1710
:68_1,1711
:68_1,1712
-59,1713
-59,1714
-59,1715
-59,1716
-59,1717
-59,1718
-59,1719
-59,1720
-59,1721
-59,1722
-59,1723
-59,1724
-59,1725
-59,1726
-59,1727
-59,1728
-59,1729
-59,1730
-59,1731
-59,1732
-59,1733
-59,1734
-59,1735
-59,1736
-59,1737
-59,1738
-59,1739
-59,1740
-59,1741
-59,1742
-59,1743
-59,1744
-59,1745
-59,1746
-59,1747
-59,1748
-59,1749
-59,1750
-59,1751
-59,1752
-59,1753
-59,1754
-59,1755
-59,1756
-59,1757
-59,1758
-59,1759
-59,1760
-59,1761
-59,1762
-59,1763
-59,1764
-59,1765
-59,1766
-59,1767
-59,1768
-59,1769
-59,1770
-59,1771
-59,1772
-59,1773
-59,1774
-59,1775
-59,1776
-59,1777
-59,1778
-59,1779
-59,1780
-59,1781
-59,1782
-59,1783
-59,1784
-59,1785
-59,1786
-59,1787
