-409,21
-409,22
-409,23
-409,24
-409,25
-409,26
-409,27
-409,28
-409,29
-409,30
-409,31
-409,32
-409,33
-409,34
-409,35
-409,36
-409,37
-409,38
-409,39
-409,40
-409,41
-409,42
-409,43
-409,44
-409,45
-409,46
-409,47
-409,48
-409,49
-409,50
-409,51
-409,52
-409,53
-409,54
-409,55
-409,56
-409,57
-409,58
-409,59
-409,60
-409,61
-409,62
-409,63
:363_6,64
:363_6,65
:363_6,66
408,67
408,68
408,69
408,70
408,71
408,72
408,73
408,74
408,75
408,76
408,77
408,78
408,79
408,80
408,81
408,82
408,83
408,84
408,85
408,86
408,87
408,88
408,89
408,90
408,91
408,92
408,93
408,94
408,95
408,96
408,97
408,98
408,99
408,100
408,101
408,102
408,103
408,104
408,105
408,106
408,107
408,108
408,109
408,110
408,111
408,112
408,113
408,114
408,115
408,116
408,117
408,118
408,119
408,120
408,121
408,122
408,123
408,124
408,125
408,126
408,127
408,128
408,129
408,130
408,131
408,132
408,133
408,134
408,135
408,136
408,137
408,138
408,139
408,140
408,141
408,142
408,143
408,144
408,145
408,146
408,147
408,148
408,149
408,150
408,151
408,152
408,153
408,154
408,155
408,156
408,157
408,158
408,159
408,160
408,161
408,162
408,163
408,164
408,165
408,166
408,167
408,168
408,169
408,170
408,171
408,172
408,173
408,174
408,175
408,176
408,177
408,178
408,179
408,180
408,181
408,182
408,183
408,184
408,185
408,186
408,187
408,188
408,189
408,190
408,191
408,192
408,193
408,194
408,195
408,196
408,197
408,198
408,199
408,200
408,201
408,202
408,203
408,204
408,205
408,206
408,207
408,208
408,209
408,210
408,211
408,212
:364_6,213
:364_6,214
:364_6,215
:364_6,216
:364_6,217
-591,218
-591,219
-591,220
-591,221
-591,222
-591,223
-591,224
-591,225
-591,226
-591,227
-591,228
-591,229
-591,230
-591,231
-591,232
-591,233
-591,234
-591,235
-591,236
-591,237
-591,238
-591,239
-591,240
-591,241
-591,242
-591,243
-591,244
-591,245
-591,246
-591,247
-591,248
-591,249
-591,250
-591,251
-591,252
-591,253
-591,254
-591,255
-591,256
-591,257
-591,258
-591,259
-591,260
-591,261
-591,262
-591,263
-591,264
-591,265
-591,266
-591,267
-591,268
-591,269
-591,270
-591,271
-591,272
-591,273
-591,274
-591,275
-591,276
-591,277
-591,278
-591,279
-591,280
-591,281
-591,282
-591,283
-591,284
-591,285
-591,286
-591,287
-591,288
-591,289
-591,290
-591,291
-591,292
-591,293
-591,294
-591,295
-591,296
-591,297
-591,298
-591,299
-591,300
-591,301
-591,302
-591,303
-591,304
-591,305
:72_6,306
:72_6,307
:72_6,308
-63,309
-63,310
-63,311
-63,312
-63,313
-63,314
-63,315
-63,316
-63,317
-63,318
-63,319
-63,320
-63,321
-63,322
-63,323
-63,324
-63,325
-63,326
-63,327
-63,328
-63,329
-63,330
-63,331
-63,332
-63,333
-63,334
-63,335
-63,336
-63,337
-63,338
-63,339
-63,340
-63,341
-63,342
-63,343
-63,344
-63,345
-63,346
-63,347
-63,348
-63,349
-63,350
-63,351
-63,352
-63,353
-63,354
-63,355
-63,356
-63,357
-63,358
-63,359
-63,360
-62,361
-62,362
-62,363
-62,364
-62,365
-62,366
-62,367
-62,368
-62,369
-62,370
-62,371
-62,372
-62,373
-62,374
-62,375
-62,376
-62,377
-62,378
-62,379
-62,380
-62,381
-62,382
-62,383
-62,384
-62,385
-62,386
-62,387
-62,388
-62,389
-62,390
-62,391
-62,392
-62,393
-62,394
-62,395
-62,396
-62,397
-62,398
-62,399
-62,400
-62,401
-62,402
-62,403
-62,404
-62,405
-62,406
-62,407
-62,408
-62,409
-62,410
-62,411
-62,412
-62,413
-62,414
-62,415
-62,416
-62,417
-62,418
-62,419
-62,420
-61,421
-61,422
-61,423
-61,424
-61,425
-61,426
-61,427
-61,428
-61,429
-61,430
-61,431
-61,432
-61,433
-61,434
-61,435
-61,436
-61,437
-61,438
-61,439
-61,440
-61,441
-61,442
-61,443
-61,444
-61,445
-61,446
-61,447
-61,448
-61,449
-61,450
-61,451
-61,452
-61,453
-61,454
-61,455
-61,456
-61,457
-61,458
-61,459
-61,460
-61,461
-61,462
-61,463
-61,464
-61,465
-61,466
-61,467
-61,468
-61,469
-61,470
-61,471
-61,472
-61,473
-61,474
-61,475
-61,476
-61,477
-61,478
