239,1
239,2
239,3
239,4
239,5
239,6
239,7
239,8
239,9
239,10
239,11
239,12
239,13
239,14
239,15
239,16
239,17
239,18
239,19
239,20
239,21
239,22
239,23
239,24
239,25
239,26
239,27
239,28
239,29
239,30
239,31
239,32
239,33
239,34
239,35
239,36
239,37
239,38
239,39
239,40
239,41
239,42
239,43
239,44
239,45
239,46
239,47
239,48
239,49
239,50
239,51
239,52
239,53
239,54
239,55
239,56
239,57
239,58
239,59
239,60
239,61
239,62
239,63
239,64
239,65
239,66
239,67
239,68
239,69
239,70
239,71
239,72
239,73
239,74
239,75
239,76
239,77
239,78
239,79
239,80
239,81
239,82
239,83
239,84
239,85
239,86
239,87
239,88
239,89
239,90
239,91
239,92
239,93
239,94
239,95
239,96
239,97
239,98
239,99
239,100
239,101
239,102
239,103
239,104
239,105
239,106
239,107
239,108
239,109
239,110
239,111
239,112
239,113
239,114
239,115
239,116
239,117
239,118
239,119
239,120
239,121
239,122
239,123
239,124
239,125
239,126
239,127
239,128
239,129
239,130
239,131
239,132
239,133
:242_1,134
:242_1,135
:242_1,136
:242_1,137
:242_1,138
:242_1,139
240,140
240,141
240,142
240,143
240,144
240,145
240,146
240,147
240,148
240,149
240,150
240,151
240,152
240,153
240,154
240,155
240,156
240,157
240,158
240,159
240,160
240,161
240,162
240,163
240,164
240,165
240,166
240,167
240,168
240,169
240,170
240,171
240,172
240,173
240,174
240,175
240,176
240,177
240,178
240,179
240,180
240,181
240,182
240,183
240,184
240,185
240,186
240,187
240,188
240,189
240,190
240,191
240,192
240,193
240,194
240,195
240,196
240,197
240,198
240,199
240,200
240,201
240,202
240,203
240,204
240,205
240,206
240,207
240,208
240,209
240,210
240,211
240,212
240,213
240,214
240,215
240,216
240,217
240,218
240,219
240,220
240,221
240,222
240,223
240,224
240,225
240,226
240,227
240,228
240,229
240,230
240,231
240,232
240,233
240,234
240,235
240,236
240,237
240,238
240,239
240,240
240,241
240,242
240,243
240,244
240,245
240,246
240,247
240,248
240,249
240,250
240,251
240,252
240,253
240,254
240,255
240,256
240,257
240,258
240,259
240,260
240,261
240,262
240,263
240,264
240,265
240,266
240,267
240,268
240,269
240,270
240,271
240,272
240,273
240,274
240,275
240,276
240,277
240,278
240,279
240,280
240,281
240,282
240,283
240,284
240,285
240,286
240,287
240,288
240,289
240,290
240,291
240,292
240,293
240,294
240,295
240,296
240,297
240,298
240,299
240,300
240,301
240,302
240,303
240,304
240,305
240,306
240,307
240,308
240,309
240,310
240,311
240,312
240,313
240,314
240,315
240,316
240,317
240,318
240,319
240,320
240,321
240,322
240,323
240,324
:243_0,325
:243_0,326
:243_0,327
:243_0,328
:243_0,329
241,330
241,331
241,332
241,333
241,334
241,335
241,336
241,337
241,338
241,339
241,340
241,341
241,342
241,343
241,344
241,345
241,346
241,347
241,348
241,349
241,350
241,351
241,352
241,353
241,354
241,355
241,356
241,357
241,358
241,359
241,360
241,361
241,362
241,363
241,364
241,365
241,366
241,367
241,368
241,369
241,370
241,371
241,372
241,373
241,374
241,375
241,376
241,377
241,378
241,379
241,380
241,381
241,382
241,383
241,384
241,385
241,386
241,387
241,388
241,389
241,390
241,391
241,392
241,393
241,394
241,395
241,396
241,397
241,398
241,399
241,400
241,401
241,402
241,403
241,404
241,405
241,406
241,407
241,408
241,409
241,410
241,411
241,412
241,413
241,414
241,415
241,416
241,417
241,418
241,419
241,420
241,421
241,422
241,423
241,424
241,425
241,426
241,427
241,428
241,429
241,430
241,431
241,432
241,433
241,434
241,435
241,436
241,437
241,438
241,439
241,440
241,441
241,442
241,443
241,444
241,445
241,446
241,447
241,448
241,449
241,450
241,451
241,452
241,453
241,454
241,455
241,456
241,457
241,458
241,459
241,460
241,461
241,462
241,463
241,464
241,465
241,466
241,467
241,468
241,469
241,470
241,471
241,472
241,473
241,474
241,475
241,476
241,477
241,478
241,479
241,480
241,481
241,482
241,483
241,484
241,485
241,486
241,487
241,488
:212_0,489
:212_0,490
:212_0,491
205,492
205,493
205,494
205,495
205,496
205,497
205,498
205,499
205,500
205,501
205,502
205,503
205,504
205,505
205,506
205,507
205,508
205,509
205,510
205,511
205,512
205,513
205,514
205,515
205,516
205,517
205,518
205,519
205,520
205,521
205,522
205,523
205,524
205,525
205,526
205,527
205,528
205,529
205,530
205,531
205,532
205,533
205,534
205,535
205,536
205,537
205,538
205,539
205,540
205,541
205,542
205,543
205,544
205,545
205,546
205,547
205,548
205,549
205,550
205,551
205,552
205,553
205,554
205,555
205,556
205,557
205,558
205,559
205,560
205,561
205,562
205,563
205,564
205,565
205,566
205,567
205,568
205,569
205,570
205,571
205,572
205,573
205,574
205,575
205,576
205,577
205,578
205,579
205,580
205,581
205,582
205,583
205,584
205,585
205,586
205,587
205,588
205,589
205,590
205,591
205,592
205,593
205,594
205,595
205,596
205,597
205,598
205,599
205,600
205,601
205,602
205,603
205,604
205,605
205,606
205,607
:213_6,608
:213_6,609
:213_6,610
:213_6,611
:213_6,612
-630,613
-630,614
-630,615
-630,616
-630,617
-630,618
-630,619
-630,620
-630,621
-630,622
-630,623
-630,624
-630,625
-630,626
-630,627
-630,628
-630,629
-630,630
-630,631
-630,632
-630,633
-630,634
-630,635
-630,636
-630,637
-630,638
-630,639
-630,640
-630,641
-630,642
-630,643
-630,644
-630,645
-630,646
-630,647
-630,648
-630,649
-630,650
-630,651
-630,652
-630,653
-630,654
-630,655
-630,656
-630,657
-630,658
-630,659
-630,660
-630,661
-630,662
-630,663
-630,664
-630,665
-630,666
-630,667
-630,668
-630,669
-630,670
-630,671
-630,672
-630,673
-630,674
-630,675
-630,676
-630,677
-630,678
-630,679
-630,680
-630,681
-630,682
-630,683
-630,684
-630,685
-630,686
-630,687
-630,688
-630,689
-630,690
-630,691
-630,692
-630,693
-630,694
-630,695
-630,696
-630,697
-630,698
-630,699
-630,700
-630,701
-630,702
-630,703
-630,704
-630,705
-630,706
-630,707
-630,708
-630,709
-630,710
-630,711
-630,712
-630,713
-630,714
-630,715
-630,716
-630,717
-630,718
-630,719
-630,720
-630,721
-630,722
-630,723
-630,724
-630,725
-630,726
-630,727
-630,728
:93_6,729
:93_6,730
:93_6,731
:93_6,732
:93_6,733
-80,734
-80,735
-80,736
-80,737
-80,738
-80,739
-80,740
-80,741
-80,742
-80,743
-80,744
-80,745
-80,746
-80,747
-80,748
-80,749
-80,750
-80,751
-80,752
-80,753
-80,754
-80,755
-80,756
-80,757
-80,758
-80,759
-80,760
-80,761
-80,762
-80,763
-80,764
-80,765
-80,766
-80,767
-80,768
-80,769
-80,770
-80,771
-80,772
-80,773
-80,774
-80,775
-80,776
-80,777
-80,778
-80,779
-80,780
-80,781
-80,782
-80,783
-80,784
-80,785
-80,786
-80,787
-80,788
-80,789
-80,790
-80,791
-80,792
-80,793
-80,794
-80,795
-80,796
-80,797
-80,798
-80,799
-80,800
-80,801
-80,802
-80,803
-80,804
-80,805
-80,806
-80,807
-80,808
-80,809
-80,810
-80,811
-80,812
-80,813
-80,814
-80,815
-80,816
-80,817
-80,818
-80,819
-80,820
-80,821
-80,822
-80,823
-80,824
-80,825
-80,826
-80,827
-80,828
-80,829
-80,830
-80,831
-80,832
-80,833
-80,834
-80,835
-80,836
-80,837
-80,838
-80,839
-80,840
-80,841
-80,842
-80,843
-80,844
-80,845
-80,846
-80,847
-80,848
:91_6,849
:91_6,850
:91_6,851
:91_6,852
:91_6,853
:91_6,854
:91_6,855
:91_6,856
:91_6,857
-277,858
-277,859
-277,860
-277,861
-277,862
-277,863
-277,864
-277,865
-277,866
-277,867
-277,868
-277,869
-277,870
-277,871
-277,872
-277,873
-277,874
-277,875
-277,876
-277,877
-277,878
-277,879
-277,880
-277,881
-277,882
-277,883
-277,884
-277,885
-277,886
-277,887
-277,888
-277,889
-277,890
-277,891
-277,892
-277,893
-277,894
-277,895
-277,896
-277,897
-277,898
-277,899
-277,900
-277,901
-277,902
-277,903
-277,904
-277,905
-277,906
-277,907
-277,908
-277,909
-277,910
-277,911
-277,912
-277,913
-277,914
-277,915
-277,916
-277,917
-277,918
-277,919
-277,920
-277,921
-277,922
-277,923
-277,924
-277,925
-277,926
-277,927
-277,928
-277,929
-277,930
-277,931
-277,932
-277,933
-277,934
-277,935
-277,936
-277,937
-277,938
-277,939
-277,940
-277,941
-277,942
-277,943
-277,944
-277,945
-277,946
-277,947
-277,948
-277,949
-277,950
-277,951
-277,952
-277,953
-277,954
-277,955
-277,956
-277,957
-277,958
-277,959
-277,960
-277,961
-277,962
-277,963
-277,964
-277,965
-277,966
-277,967
-277,968
-277,969
-277,970
-277,971
-277,972
-277,973
-277,974
-277,975
-277,976
-277,977
-277,978
-277,979
-277,980
-277,981
-277,982
-277,983
-277,984
-277,985
-277,986
-277,987
-277,988
-277,989
-277,990
-277,991
-277,992
-277,993
-277,994
-277,995
-277,996
-277,997
-277,998
-277,999
-277,1000
-277,1001
-277,1002
-277,1003
-277,1004
-277,1005
-277,1006
-277,1007
-277,1008
-277,1009
-277,1010
-277,1011
-277,1012
-277,1013
-277,1014
-277,1015
-277,1016
-277,1017
-277,1018
-277,1019
-277,1020
-277,1021
-277,1022
-277,1023
-277,1024
-277,1025
-277,1026
-277,1027
-277,1028
-277,1029
-277,1030
-277,1031
-277,1032
-277,1033
-277,1034
-277,1035
-277,1036
-277,1037
-277,1038
-277,1039
-277,1040
-277,1041
-277,1042
-277,1043
-277,1044
-277,1045
-277,1046
-277,1047
-277,1048
-277,1049
-277,1050
-277,1051
-277,1052
-277,1053
-277,1054
-277,1055
-277,1056
-277,1057
-277,1058
-277,1059
-277,1060
-277,1061
-277,1062
-277,1063
-277,1064
-277,1065
-277,1066
-277,1067
-277,1068
-277,1069
-277,1070
-277,1071
-277,1072
-277,1073
-277,1074
-277,1075
-277,1076
-277,1077
-277,1078
-277,1079
-277,1080
-277,1081
-277,1082
-277,1083
-277,1084
-277,1085
-277,1086
-277,1087
-277,1088
-277,1089
-277,1090
-277,1091
-277,1092
-277,1093
-277,1094
-277,1095
-277,1096
-277,1097
-277,1098
-277,1099
-277,1100
-277,1101
-277,1102
-277,1103
-277,1104
-277,1105
-277,1106
-277,1107
-277,1108
-277,1109
-277,1110
-277,1111
-277,1112
-277,1113
-277,1114
-277,1115
-277,1116
-277,1117
-277,1118
-277,1119
-277,1120
-277,1121
-277,1122
-277,1123
-277,1124
-277,1125
-277,1126
-277,1127
-277,1128
-277,1129
-277,1130
-277,1131
-277,1132
-277,1133
-277,1134
-277,1135
-277,1136
-277,1137
-277,1138
-277,1139
-277,1140
-277,1141
-277,1142
-277,1143
-277,1144
-277,1145
-277,1146
-277,1147
-277,1148
-277,1149
-277,1150
-277,1151
-277,1152
-277,1153
-277,1154
-277,1155
-277,1156
-277,1157
-277,1158
-277,1159
-277,1160
-277,1161
-277,1162
-277,1163
-277,1164
-277,1165
-277,1166
-277,1167
-277,1168
-277,1169
-277,1170
-277,1171
-277,1172
-277,1173
-277,1174
-277,1175
-277,1176
-277,1177
-277,1178
-277,1179
-277,1180
-277,1181
-277,1182
-277,1183
-277,1184
-277,1185
:261_12,1186
:261_12,1187
:261_12,1188
:261_12,1189
276,1190
276,1191
276,1192
276,1193
276,1194
276,1195
276,1196
276,1197
276,1198
276,1199
276,1200
276,1201
276,1202
276,1203
276,1204
276,1205
276,1206
276,1207
276,1208
276,1209
276,1210
276,1211
276,1212
276,1213
276,1214
276,1215
276,1216
276,1217
276,1218
276,1219
276,1220
276,1221
276,1222
276,1223
276,1224
276,1225
276,1226
276,1227
276,1228
276,1229
276,1230
276,1231
276,1232
276,1233
276,1234
276,1235
276,1236
276,1237
276,1238
276,1239
276,1240
276,1241
276,1242
276,1243
276,1244
276,1245
276,1246
276,1247
276,1248
276,1249
276,1250
276,1251
276,1252
276,1253
276,1254
276,1255
276,1256
276,1257
276,1258
276,1259
276,1260
276,1261
276,1262
276,1263
276,1264
276,1265
276,1266
276,1267
276,1268
276,1269
276,1270
276,1271
276,1272
276,1273
276,1274
276,1275
276,1276
276,1277
276,1278
276,1279
276,1280
276,1281
276,1282
276,1283
276,1284
276,1285
276,1286
276,1287
276,1288
276,1289
276,1290
276,1291
276,1292
276,1293
276,1294
276,1295
276,1296
276,1297
