-285,1
-285,2
-285,3
-285,4
-285,5
-285,6
-285,7
-285,8
-285,9
-285,10
-285,11
-285,12
-285,13
-285,14
-285,15
-285,16
-285,17
-285,18
-285,19
-285,20
-285,21
-285,22
-285,23
-285,24
-285,25
-285,26
-285,27
-285,28
-285,29
-285,30
-285,31
-285,32
-285,33
-285,34
-285,35
-285,36
-285,37
-285,38
-285,39
-285,40
-285,41
-285,42
-285,43
-285,44
-285,45
-285,46
-285,47
-285,48
-285,49
-285,50
-285,51
-285,52
-285,53
:274_0,54
-284,55
-284,56
-284,57
-284,58
-284,59
-284,60
-284,61
-284,62
-284,63
-284,64
-284,65
-284,66
-284,67
-284,68
-284,69
-284,70
-284,71
-284,72
-284,73
-284,74
-284,75
-284,76
-284,77
-284,78
-284,79
-284,80
-284,81
-284,82
-284,83
-284,84
-284,85
-284,86
-284,87
-284,88
-284,89
-284,90
-284,91
-284,92
-284,93
-284,94
-284,95
-284,96
-284,97
-284,98
-284,99
-284,100
-284,101
-284,102
-284,103
-284,104
-284,105
-284,106
-284,107
-284,108
-284,109
-284,110
-284,111
-284,112
-284,113
-284,114
-284,115
-284,116
-284,117
-284,118
-284,119
:248_0,120
:248_0,121
:248_0,122
-247,123
-247,124
-247,125
-247,126
-247,127
-247,128
-247,129
-247,130
-247,131
-247,132
-247,133
-247,134
-247,135
-247,136
-247,137
-247,138
-247,139
-247,140
-247,141
-247,142
-247,143
-247,144
-247,145
-247,146
-247,147
-247,148
-247,149
-247,150
-247,151
-247,152
-247,153
-247,154
-247,155
-247,156
-247,157
-247,158
-247,159
-247,160
-247,161
-247,162
-247,163
-247,164
-247,165
-247,166
-247,167
-247,168
-247,169
-247,170
-247,171
-247,172
-247,173
-247,174
-247,175
-247,176
-247,177
-247,178
-247,179
-247,180
-247,181
-247,182
-247,183
-247,184
-247,185
-247,186
-247,187
-247,188
-247,189
-247,190
-247,191
-247,192
-247,193
-247,194
-247,195
-247,196
-247,197
-247,198
-247,199
-247,200
-247,201
-247,202
-247,203
-247,204
-247,205
-247,206
-247,207
-247,208
-247,209
-247,210
-247,211
-247,212
-247,213
-247,214
-247,215
-247,216
-247,217
-247,218
:197_0,219
:197_0,220
:197_0,221
:197_0,222
:197_0,223
-183,224
-183,225
-183,226
-183,227
-183,228
-183,229
-183,230
-183,231
-183,232
-183,233
-183,234
-183,235
-183,236
-183,237
-183,238
-183,239
-183,240
-183,241
-183,242
-183,243
-183,244
-183,245
-183,246
-183,247
-183,248
-183,249
-183,250
-183,251
-183,252
-183,253
-183,254
-183,255
-183,256
-183,257
-183,258
-183,259
-183,260
-183,261
-183,262
-183,263
-183,264
-183,265
-183,266
-183,267
-183,268
-183,269
-183,270
-183,271
-183,272
-183,273
-183,274
-183,275
-183,276
-183,277
-183,278
-183,279
-183,280
-183,281
-183,282
-183,283
-183,284
-183,285
-183,286
-183,287
-183,288
-183,289
-183,290
-183,291
-183,292
-183,293
-183,294
-183,295
-183,296
-183,297
-183,298
-183,299
-183,300
-183,301
-183,302
-183,303
-183,304
-183,305
-183,306
-183,307
-183,308
-183,309
-183,310
-183,311
:194_1,312
:194_9,313
:194_9,314
:194_9,315
:194_9,316
181,317
181,318
181,319
181,320
181,321
181,322
181,323
181,324
181,325
181,326
181,327
181,328
181,329
181,330
181,331
181,332
181,333
181,334
181,335
181,336
181,337
181,338
181,339
181,340
181,341
181,342
181,343
181,344
181,345
181,346
181,347
181,348
181,349
181,350
181,351
181,352
181,353
181,354
181,355
181,356
181,357
-543,358
-543,359
-543,360
-543,361
-543,362
-543,363
-543,364
-543,365
-543,366
-543,367
-543,368
-543,369
-543,370
-543,371
-543,372
-543,373
-543,374
-543,375
-543,376
-543,377
-543,378
-543,379
-543,380
-543,381
-543,382
-543,383
-543,384
-543,385
-543,386
-543,387
-543,388
-543,389
-543,390
-543,391
-543,392
-543,393
-543,394
-543,395
-543,396
-543,397
-543,398
-543,399
-543,400
-543,401
-543,402
-543,403
-543,404
-543,405
-543,406
-543,407
-543,408
-543,409
-543,410
-543,411
-543,412
-543,413
-543,414
-543,415
-543,416
-543,417
-543,418
-543,419
-543,420
-543,421
-543,422
-543,423
-543,424
-543,425
-543,426
-543,427
-543,428
-543,429
-543,430
-543,431
-543,432
-543,433
-543,434
-543,435
-543,436
-543,437
-543,438
-543,439
-543,440
-543,441
-543,442
-543,443
-543,444
-543,445
-543,446
-543,447
-543,448
-543,449
-543,450
-543,451
-543,452
-543,453
-543,454
-543,455
-543,456
-543,457
-543,458
-543,459
-543,460
-543,461
-543,462
-543,463
-543,464
-543,465
-543,466
-543,467
-543,468
-543,469
-543,470
-543,471
-543,472
-543,473
-543,474
-543,475
-543,476
-543,477
-543,478
-543,479
-543,480
-543,481
-543,482
-543,483
-543,484
-543,485
-543,486
-543,487
-543,488
-543,489
-543,490
-543,491
-543,492
-543,493
-543,494
-543,495
-543,496
-543,497
-543,498
-543,499
-543,500
-543,501
-543,502
-543,503
-543,504
-543,505
-543,506
-543,507
-543,508
-543,509
-543,510
-543,511
-543,512
-543,513
-543,514
-543,515
-543,516
-543,517
-543,518
-543,519
-543,520
-543,521
-543,522
