174,21
174,22
174,23
174,24
174,25
174,26
174,27
174,28
174,29
174,30
174,31
174,32
174,33
174,34
174,35
174,36
174,37
174,38
174,39
174,40
174,41
174,42
174,43
174,44
174,45
174,46
174,47
174,48
174,49
174,50
174,51
174,52
174,53
174,54
174,55
174,56
174,57
174,58
174,59
174,60
174,61
174,62
174,63
174,64
174,65
174,66
174,67
174,68
174,69
174,70
174,71
174,72
174,73
174,74
174,75
174,76
174,77
174,78
174,79
174,80
174,81
174,82
174,83
174,84
174,85
174,86
174,87
174,88
174,89
174,90
174,91
174,92
174,93
174,94
174,95
174,96
174,97
174,98
174,99
174,100
174,101
174,102
174,103
174,104
174,105
174,106
174,107
174,108
174,109
174,110
174,111
174,112
174,113
174,114
174,115
174,116
174,117
174,118
174,119
174,120
174,121
174,122
174,123
174,124
174,125
174,126
174,127
174,128
174,129
174,130
174,131
174,132
174,133
174,134
174,135
174,136
174,137
174,138
174,139
174,140
174,141
174,142
174,143
174,144
174,145
174,146
174,147
174,148
174,149
174,150
174,151
174,152
174,153
174,154
174,155
174,156
174,157
174,158
174,159
174,160
174,161
:187_12,162
:187_12,163
:187_12,164
:187_12,165
184,166
184,167
184,168
184,169
184,170
184,171
184,172
184,173
184,174
184,175
184,176
184,177
184,178
184,179
184,180
184,181
184,182
184,183
184,184
184,185
184,186
184,187
184,188
184,189
184,190
184,191
184,192
184,193
184,194
184,195
184,196
184,197
184,198
184,199
184,200
184,201
184,202
184,203
184,204
184,205
184,206
184,207
184,208
184,209
184,210
184,211
184,212
184,213
184,214
184,215
184,216
184,217
184,218
184,219
184,220
184,221
184,222
184,223
184,224
184,225
184,226
184,227
184,228
184,229
184,230
184,231
184,232
184,233
184,234
184,235
184,236
184,237
184,238
184,239
184,240
184,241
184,242
184,243
184,244
184,245
184,246
184,247
184,248
184,249
184,250
184,251
184,252
184,253
184,254
184,255
184,256
184,257
184,258
184,259
184,260
184,261
184,262
184,263
184,264
184,265
184,266
184,267
184,268
184,269
184,270
184,271
184,272
184,273
184,274
184,275
184,276
184,277
184,278
184,279
184,280
184,281
184,282
184,283
184,284
184,285
184,286
184,287
184,288
184,289
184,290
184,291
184,292
184,293
184,294
184,295
184,296
184,297
184,298
184,299
184,300
184,301
184,302
184,303
184,304
184,305
184,306
184,307
184,308
184,309
184,310
184,311
184,312
184,313
184,314
184,315
184,316
184,317
184,318
184,319
184,320
184,321
184,322
184,323
184,324
184,325
184,326
184,327
184,328
184,329
184,330
184,331
184,332
184,333
184,334
184,335
184,336
184,337
184,338
184,339
184,340
184,341
184,342
184,343
184,344
184,345
184,346
184,347
184,348
184,349
184,350
184,351
:182_1,352
:182_1,353
:182_1,354
:182_1,355
:182_1,356
:182_1,357
234,358
234,359
234,360
234,361
234,362
234,363
234,364
234,365
234,366
234,367
234,368
234,369
234,370
234,371
234,372
234,373
234,374
234,375
234,376
234,377
234,378
234,379
234,380
234,381
234,382
234,383
234,384
234,385
234,386
234,387
234,388
234,389
234,390
234,391
234,392
234,393
234,394
234,395
234,396
234,397
234,398
234,399
234,400
234,401
234,402
234,403
234,404
234,405
234,406
234,407
234,408
234,409
234,410
234,411
234,412
234,413
234,414
234,415
234,416
234,417
234,418
234,419
234,420
234,421
234,422
234,423
234,424
234,425
234,426
234,427
234,428
234,429
234,430
234,431
234,432
234,433
234,434
234,435
234,436
234,437
234,438
234,439
234,440
234,441
234,442
234,443
234,444
234,445
234,446
234,447
234,448
234,449
234,450
234,451
234,452
234,453
234,454
234,455
234,456
234,457
234,458
234,459
234,460
234,461
234,462
234,463
234,464
234,465
234,466
234,467
234,468
234,469
234,470
234,471
234,472
234,473
234,474
234,475
234,476
234,477
234,478
234,479
234,480
234,481
234,482
234,483
234,484
234,485
234,486
234,487
234,488
234,489
234,490
234,491
234,492
234,493
234,494
234,495
234,496
234,497
234,498
234,499
234,500
234,501
234,502
234,503
234,504
234,505
234,506
234,507
234,508
234,509
234,510
234,511
234,512
234,513
234,514
234,515
234,516
234,517
234,518
234,519
234,520
234,521
234,522
234,523
234,524
234,525
234,526
234,527
234,528
234,529
234,530
234,531
234,532
234,533
234,534
234,535
234,536
234,537
234,538
234,539
234,540
234,541
234,542
234,543
234,544
234,545
234,546
234,547
234,548
:238_2,549
:238_2,550
:238_2,551
:238_2,552
:238_2,553
267,554
267,555
267,556
267,557
267,558
267,559
267,560
267,561
267,562
267,563
267,564
267,565
267,566
267,567
267,568
267,569
267,570
267,571
267,572
267,573
267,574
267,575
267,576
267,577
267,578
267,579
267,580
267,581
267,582
267,583
267,584
267,585
267,586
267,587
267,588
267,589
267,590
267,591
267,592
267,593
267,594
267,595
267,596
267,597
267,598
:262_7,599
:262_7,600
:262_7,601
:262_7,602
:262_7,603
-431,604
-431,605
-431,606
-431,607
-431,608
-431,609
-431,610
-431,611
-431,612
-431,613
-431,614
-431,615
-431,616
-431,617
-431,618
-431,619
-431,620
-431,621
-431,622
-431,623
-431,624
-431,625
-431,626
-431,627
-431,628
-431,629
-431,630
-431,631
-431,632
-431,633
-431,634
-431,635
-431,636
-431,637
-431,638
-431,639
-431,640
-431,641
-431,642
-431,643
-431,644
-431,645
-431,646
-431,647
:203_6,648
:203_6,649
:203_6,650
-193,651
-193,652
-193,653
-193,654
-193,655
-193,656
-193,657
-193,658
-193,659
-193,660
-193,661
-193,662
-193,663
-193,664
-193,665
-193,666
-193,667
-193,668
-193,669
-193,670
-193,671
-193,672
-193,673
-193,674
-193,675
-193,676
-193,677
-193,678
-193,679
-193,680
-193,681
-193,682
-193,683
-193,684
-193,685
-193,686
-193,687
-193,688
-193,689
-193,690
-193,691
-193,692
-193,693
-193,694
-193,695
-193,696
-193,697
-193,698
-193,699
-193,700
-193,701
-193,702
-193,703
-193,704
-193,705
-193,706
-193,707
-193,708
-193,709
-193,710
-193,711
-193,712
-193,713
-193,714
-193,715
-193,716
-193,717
-193,718
-193,719
-193,720
-193,721
-193,722
-193,723
-193,724
-193,725
-193,726
-193,727
-193,728
-193,729
-193,730
-193,731
-193,732
-193,733
-193,734
-193,735
-193,736
-193,737
-193,738
-193,739
-193,740
-193,741
-193,742
-193,743
-193,744
-193,745
-193,746
-193,747
-193,748
-193,749
-193,750
-193,751
-193,752
-193,753
-193,754
-193,755
-193,756
-193,757
-193,758
-193,759
-193,760
-193,761
-193,762
-193,763
-193,764
-193,765
-193,766
-193,767
-193,768
-193,769
-193,770
-193,771
-193,772
-193,773
-193,774
-193,775
-193,776
-193,777
-193,778
-193,779
-193,780
-193,781
-193,782
-193,783
-193,784
-193,785
-193,786
-193,787
-193,788
-193,789
-193,790
-193,791
-193,792
-193,793
-193,794
-193,795
-193,796
-193,797
-193,798
-193,799
-193,800
-193,801
-193,802
:35_2,803
:35_2,804
:35_2,805
:35_2,806
:35_2,807
196,808
196,809
196,810
196,811
196,812
196,813
196,814
196,815
196,816
196,817
196,818
196,819
196,820
196,821
196,822
196,823
196,824
196,825
196,826
196,827
196,828
196,829
196,830
196,831
196,832
196,833
196,834
196,835
196,836
196,837
196,838
196,839
196,840
196,841
196,842
196,843
196,844
196,845
196,846
196,847
196,848
196,849
196,850
196,851
196,852
196,853
196,854
196,855
196,856
196,857
196,858
196,859
196,860
196,861
196,862
196,863
196,864
196,865
196,866
196,867
196,868
196,869
196,870
196,871
196,872
196,873
196,874
196,875
196,876
196,877
196,878
196,879
196,880
196,881
196,882
196,883
196,884
196,885
196,886
196,887
196,888
196,889
196,890
196,891
196,892
196,893
196,894
196,895
196,896
196,897
196,898
196,899
196,900
196,901
196,902
196,903
196,904
196,905
196,906
196,907
196,908
196,909
196,910
196,911
196,912
196,913
196,914
196,915
196,916
196,917
196,918
196,919
196,920
196,921
196,922
196,923
196,924
196,925
196,926
196,927
196,928
196,929
196,930
196,931
196,932
196,933
196,934
196,935
196,936
196,937
196,938
196,939
196,940
196,941
196,942
196,943
196,944
196,945
196,946
196,947
196,948
196,949
196,950
196,951
196,952
196,953
196,954
196,955
196,956
196,957
196,958
196,959
196,960
196,961
196,962
196,963
196,964
196,965
196,966
196,967
196,968
196,969
196,970
196,971
196,972
196,973
196,974
196,975
196,976
196,977
196,978
196,979
196,980
196,981
196,982
196,983
196,984
196,985
196,986
196,987
196,988
196,989
196,990
196,991
196,992
196,993
196,994
196,995
196,996
196,997
196,998
196,999
196,1000
196,1001
196,1002
196,1003
196,1004
196,1005
196,1006
196,1007
196,1008
196,1009
196,1010
196,1011
196,1012
196,1013
196,1014
196,1015
196,1016
196,1017
196,1018
196,1019
196,1020
196,1021
196,1022
196,1023
196,1024
196,1025
196,1026
196,1027
196,1028
196,1029
196,1030
196,1031
196,1032
196,1033
196,1034
196,1035
196,1036
196,1037
196,1038
196,1039
196,1040
196,1041
196,1042
196,1043
196,1044
196,1045
196,1046
196,1047
196,1048
196,1049
196,1050
196,1051
196,1052
196,1053
196,1054
196,1055
196,1056
196,1057
196,1058
196,1059
196,1060
196,1061
196,1062
196,1063
196,1064
196,1065
196,1066
196,1067
196,1068
196,1069
196,1070
196,1071
196,1072
196,1073
196,1074
196,1075
196,1076
196,1077
196,1078
196,1079
196,1080
196,1081
196,1082
196,1083
196,1084
:170_13,1085
:170_13,1086
:170_13,1087
:170_13,1088
:170_13,1089
-154,1090
-154,1091
-154,1092
-154,1093
-154,1094
-154,1095
-154,1096
-154,1097
-154,1098
-154,1099
-154,1100
-154,1101
-154,1102
-154,1103
-154,1104
-154,1105
-154,1106
-154,1107
-154,1108
-154,1109
-154,1110
-154,1111
-154,1112
-154,1113
-154,1114
-154,1115
-154,1116
-154,1117
-154,1118
-154,1119
-154,1120
-154,1121
-154,1122
-154,1123
-154,1124
-154,1125
-154,1126
-154,1127
-154,1128
-154,1129
-154,1130
-154,1131
-154,1132
-154,1133
-154,1134
-154,1135
-154,1136
-154,1137
-154,1138
-154,1139
-154,1140
-154,1141
-154,1142
-154,1143
-154,1144
-154,1145
-154,1146
-154,1147
-154,1148
-154,1149
-154,1150
-154,1151
-154,1152
-154,1153
-154,1154
-154,1155
-154,1156
-154,1157
-154,1158
-154,1159
-154,1160
-154,1161
-154,1162
-154,1163
-154,1164
-154,1165
-154,1166
-154,1167
-154,1168
-154,1169
-154,1170
-154,1171
-154,1172
-154,1173
-154,1174
-154,1175
-154,1176
-154,1177
-154,1178
-154,1179
-154,1180
-154,1181
-154,1182
-154,1183
-154,1184
-154,1185
-154,1186
-154,1187
-154,1188
-154,1189
-154,1190
-154,1191
-154,1192
-154,1193
-154,1194
-154,1195
-154,1196
-154,1197
-154,1198
-154,1199
-154,1200
-154,1201
-154,1202
-154,1203
-154,1204
-154,1205
-154,1206
-154,1207
-154,1208
-154,1209
-154,1210
-154,1211
-154,1212
-154,1213
-154,1214
-154,1215
-154,1216
-154,1217
-154,1218
-154,1219
-154,1220
-154,1221
-154,1222
-154,1223
-154,1224
-154,1225
-154,1226
-154,1227
-154,1228
-154,1229
-154,1230
-154,1231
-154,1232
-154,1233
-154,1234
-154,1235
-154,1236
-154,1237
-154,1238
-154,1239
-154,1240
-154,1241
-154,1242
-154,1243
-154,1244
-154,1245
-154,1246
-154,1247
-154,1248
-154,1249
-154,1250
-154,1251
-154,1252
-154,1253
-154,1254
-154,1255
-154,1256
-154,1257
-154,1258
-154,1259
-154,1260
-154,1261
-154,1262
-154,1263
-154,1264
-154,1265
-154,1266
-154,1267
-154,1268
-154,1269
-154,1270
-154,1271
-154,1272
-154,1273
-154,1274
-154,1275
-154,1276
-154,1277
-154,1278
-154,1279
-154,1280
-154,1281
-154,1282
-154,1283
-154,1284
-154,1285
-154,1286
-154,1287
-154,1288
-154,1289
-154,1290
-154,1291
-154,1292
-154,1293
-154,1294
-154,1295
-154,1296
-154,1297
-154,1298
-154,1299
-154,1300
-154,1301
-154,1302
-154,1303
-154,1304
-154,1305
-154,1306
-154,1307
-154,1308
-154,1309
-154,1310
-154,1311
-154,1312
-154,1313
-154,1314
-154,1315
-154,1316
-154,1317
-154,1318
