151,21
151,22
151,23
151,24
151,25
151,26
151,27
151,28
151,29
151,30
151,31
151,32
151,33
151,34
151,35
151,36
151,37
151,38
151,39
151,40
151,41
151,42
151,43
151,44
151,45
151,46
151,47
151,48
151,49
151,50
151,51
151,52
151,53
151,54
151,55
151,56
151,57
151,58
151,59
151,60
151,61
151,62
151,63
151,64
151,65
151,66
151,67
151,68
151,69
151,70
151,71
151,72
151,73
:167_6,74
:167_6,75
:167_6,76
:167_6,77
:167_6,78
-458,79
-458,80
-458,81
-458,82
-458,83
-458,84
-458,85
-458,86
-458,87
-458,88
-458,89
-458,90
-458,91
-458,92
-458,93
-458,94
-458,95
-458,96
-458,97
-458,98
-458,99
-458,100
-458,101
-458,102
-458,103
-458,104
-458,105
-458,106
-458,107
-458,108
-458,109
-458,110
-458,111
-458,112
-458,113
-458,114
-458,115
-458,116
-458,117
-458,118
-458,119
-458,120
-458,121
-458,122
-458,123
-458,124
-458,125
-458,126
-458,127
-458,128
-458,129
-458,130
-458,131
-458,132
-458,133
-458,134
-458,135
-458,136
-458,137
-458,138
-458,139
-458,140
-458,141
-458,142
-458,143
-458,144
-458,145
-458,146
-458,147
-458,148
-458,149
-458,150
-458,151
-458,152
-458,153
-458,154
-458,155
-458,156
-458,157
-458,158
-458,159
-458,160
-458,161
-458,162
-458,163
:391_0,164
:391_0,165
:391_0,166
:391_0,167
:391_0,168
460,169
460,170
460,171
460,172
460,173
460,174
460,175
460,176
460,177
460,178
460,179
460,180
460,181
460,182
460,183
460,184
460,185
460,186
460,187
460,188
460,189
460,190
460,191
460,192
460,193
460,194
460,195
460,196
460,197
460,198
460,199
460,200
460,201
460,202
460,203
460,204
460,205
460,206
460,207
460,208
460,209
460,210
460,211
460,212
460,213
460,214
460,215
460,216
460,217
460,218
460,219
460,220
460,221
460,222
460,223
460,224
460,225
460,226
460,227
460,228
460,229
460,230
460,231
460,232
460,233
460,234
460,235
460,236
460,237
:76_1,238
:76_1,239
:76_1,240
:76_1,241
:76_1,242
:76_1,243
-66,244
-66,245
-66,246
-66,247
-66,248
-66,249
-66,250
-66,251
-66,252
-66,253
-66,254
-66,255
-66,256
-66,257
-66,258
-66,259
-66,260
-66,261
-66,262
-66,263
-66,264
-66,265
-66,266
-66,267
-66,268
-66,269
-66,270
-66,271
-66,272
-66,273
-66,274
-66,275
-66,276
-66,277
-66,278
-66,279
-66,280
-66,281
-66,282
-66,283
-66,284
-66,285
-66,286
-66,287
-66,288
-66,289
-66,290
-66,291
-66,292
-66,293
-66,294
-66,295
-66,296
-66,297
-66,298
-66,299
-66,300
-66,301
-66,302
-66,303
-66,304
-66,305
-66,306
-66,307
-66,308
-66,309
-66,310
-66,311
-66,312
-66,313
-66,314
-66,315
-66,316
-66,317
-66,318
-66,319
-66,320
-66,321
-66,322
-66,323
-66,324
-66,325
-66,326
-66,327
-66,328
-66,329
-66,330
-66,331
-66,332
-66,333
-66,334
-66,335
-66,336
-66,337
-66,338
-66,339
-66,340
-66,341
-66,342
-66,343
-66,344
-66,345
-66,346
-66,347
-66,348
-66,349
-66,350
-66,351
-66,352
-66,353
-66,354
-66,355
:74_1,356
:74_1,357
:74_1,358
:74_1,359
:74_1,360
:74_1,361
67,362
67,363
67,364
67,365
67,366
67,367
67,368
67,369
67,370
67,371
67,372
67,373
67,374
67,375
67,376
67,377
67,378
67,379
67,380
67,381
67,382
67,383
67,384
67,385
67,386
67,387
67,388
67,389
67,390
67,391
67,392
67,393
67,394
67,395
67,396
67,397
67,398
67,399
67,400
67,401
67,402
67,403
67,404
67,405
67,406
67,407
67,408
67,409
67,410
67,411
67,412
67,413
67,414
67,415
67,416
67,417
67,418
67,419
67,420
67,421
67,422
67,423
67,424
67,425
67,426
67,427
67,428
67,429
67,430
67,431
67,432
67,433
67,434
67,435
67,436
67,437
67,438
67,439
67,440
67,441
67,442
67,443
67,444
67,445
67,446
67,447
67,448
67,449
67,450
67,451
67,452
67,453
67,454
67,455
67,456
67,457
67,458
67,459
67,460
67,461
67,462
67,463
67,464
67,465
67,466
67,467
67,468
67,469
67,470
67,471
67,472
67,473
67,474
67,475
67,476
67,477
67,478
67,479
67,480
67,481
67,482
67,483
67,484
67,485
67,486
67,487
:77_6,488
:77_6,489
:77_6,490
:77_6,491
:77_6,492
-121,493
-121,494
-121,495
-121,496
-121,497
-121,498
-121,499
-121,500
-121,501
-121,502
-121,503
-121,504
-121,505
-121,506
-121,507
-121,508
-121,509
-121,510
-121,511
-121,512
-121,513
-121,514
-121,515
-121,516
-121,517
-121,518
-121,519
-121,520
-121,521
-121,522
-121,523
-121,524
-121,525
-121,526
-121,527
-121,528
-121,529
-121,530
-121,531
-121,532
-121,533
-121,534
-121,535
-121,536
-121,537
-121,538
-121,539
-121,540
-121,541
-121,542
-121,543
-121,544
-121,545
-121,546
-121,547
-121,548
-121,549
-121,550
-121,551
-121,552
-121,553
-121,554
-121,555
-121,556
-121,557
-121,558
-121,559
-121,560
-121,561
-121,562
-121,563
-121,564
-121,565
-121,566
-121,567
-121,568
:137_0,569
:137_0,570
:137_0,571
:137_0,572
:137_0,573
122,574
122,575
122,576
122,577
122,578
122,579
122,580
122,581
122,582
122,583
122,584
122,585
122,586
122,587
122,588
122,589
122,590
122,591
122,592
122,593
122,594
122,595
122,596
122,597
122,598
122,599
122,600
122,601
122,602
122,603
122,604
122,605
122,606
122,607
122,608
122,609
122,610
122,611
122,612
122,613
122,614
122,615
122,616
122,617
122,618
122,619
122,620
122,621
122,622
122,623
122,624
122,625
122,626
122,627
122,628
122,629
122,630
122,631
122,632
122,633
122,634
122,635
122,636
122,637
122,638
122,639
122,640
122,641
122,642
122,643
122,644
122,645
122,646
122,647
122,648
122,649
122,650
122,651
122,652
122,653
122,654
122,655
122,656
122,657
122,658
122,659
:60_6,660
:60_6,661
:60_6,662
:60_6,663
:60_6,664
-52,665
-52,666
-52,667
-52,668
-52,669
-52,670
-52,671
-52,672
-52,673
-52,674
-52,675
-52,676
-52,677
-52,678
-52,679
-52,680
-52,681
-52,682
-52,683
-52,684
-52,685
-52,686
-52,687
-52,688
-52,689
-52,690
-52,691
-52,692
-52,693
-52,694
-52,695
-52,696
-52,697
-52,698
-52,699
-52,700
-52,701
-52,702
-52,703
-52,704
-52,705
-52,706
-52,707
-52,708
-52,709
-52,710
-52,711
-52,712
-52,713
-52,714
-52,715
-52,716
-52,717
-52,718
-52,719
-52,720
-52,721
-52,722
-52,723
-52,724
-52,725
-52,726
-52,727
-52,728
-52,729
-52,730
-52,731
-52,732
-52,733
-52,734
-52,735
-52,736
-52,737
-52,738
-52,739
-52,740
-52,741
-52,742
-52,743
-52,744
-52,745
-52,746
-52,747
-52,748
-52,749
-52,750
-52,751
-52,752
-52,753
-52,754
-52,755
-52,756
-52,757
-52,758
-52,759
-52,760
-52,761
-52,762
-52,763
-52,764
-52,765
-52,766
-52,767
-52,768
-52,769
-52,770
-52,771
-52,772
-52,773
-52,774
-52,775
-52,776
-52,777
-52,778
-52,779
-52,780
-52,781
-52,782
-52,783
-52,784
-52,785
-52,786
-52,787
-52,788
-52,789
-52,790
-52,791
-52,792
-52,793
-52,794
-52,795
-52,796
-52,797
-52,798
-52,799
-52,800
-52,801
-52,802
-52,803
-52,804
-52,805
-52,806
-52,807
-52,808
-52,809
-52,810
-52,811
-52,812
-52,813
-52,814
-52,815
-52,816
:58_1,817
:58_1,818
:58_1,819
:58_1,820
:58_1,821
51,822
51,823
51,824
51,825
51,826
51,827
51,828
51,829
51,830
51,831
51,832
51,833
51,834
51,835
51,836
51,837
51,838
51,839
51,840
51,841
51,842
51,843
51,844
51,845
51,846
51,847
51,848
51,849
51,850
51,851
51,852
51,853
51,854
51,855
51,856
51,857
51,858
51,859
51,860
51,861
51,862
51,863
51,864
51,865
51,866
51,867
51,868
51,869
51,870
51,871
51,872
51,873
51,874
51,875
51,876
51,877
51,878
51,879
51,880
51,881
51,882
51,883
51,884
51,885
51,886
51,887
51,888
51,889
51,890
51,891
51,892
51,893
51,894
51,895
51,896
51,897
51,898
51,899
51,900
51,901
51,902
51,903
51,904
51,905
51,906
51,907
51,908
51,909
51,910
51,911
51,912
51,913
51,914
51,915
51,916
51,917
51,918
51,919
51,920
51,921
51,922
51,923
51,924
51,925
51,926
51,927
51,928
51,929
51,930
51,931
51,932
51,933
51,934
51,935
51,936
51,937
51,938
51,939
51,940
51,941
51,942
51,943
51,944
51,945
51,946
51,947
51,948
51,949
51,950
51,951
51,952
51,953
51,954
51,955
51,956
51,957
51,958
51,959
51,960
51,961
:59_7,962
:59_7,963
:59_7,964
:59_7,965
:59_7,966
:59_7,967
-304,968
-304,969
-304,970
-304,971
-304,972
-304,973
-304,974
-304,975
-304,976
-304,977
-304,978
-304,979
-304,980
-304,981
-304,982
-304,983
-304,984
-304,985
-304,986
-304,987
-304,988
-304,989
-304,990
-304,991
-304,992
-304,993
-304,994
-304,995
-304,996
-304,997
-304,998
-304,999
-304,1000
-304,1001
-304,1002
-304,1003
-304,1004
-304,1005
-304,1006
-304,1007
-304,1008
-304,1009
-304,1010
-304,1011
-304,1012
-304,1013
-304,1014
-304,1015
-304,1016
-304,1017
-304,1018
-304,1019
-304,1020
-304,1021
-304,1022
-304,1023
-304,1024
-304,1025
-304,1026
-304,1027
-304,1028
-304,1029
-304,1030
-304,1031
-304,1032
-304,1033
-304,1034
-304,1035
-304,1036
-304,1037
-304,1038
-304,1039
-304,1040
-304,1041
-304,1042
-304,1043
-304,1044
-304,1045
-304,1046
-304,1047
-304,1048
-304,1049
-304,1050
-304,1051
-304,1052
-304,1053
-304,1054
-304,1055
-304,1056
:289_0,1057
:289_0,1058
:289_0,1059
:289_0,1060
:289_0,1061
302,1062
302,1063
302,1064
302,1065
302,1066
302,1067
302,1068
302,1069
302,1070
302,1071
302,1072
302,1073
302,1074
302,1075
302,1076
302,1077
302,1078
302,1079
302,1080
302,1081
302,1082
302,1083
302,1084
302,1085
302,1086
302,1087
302,1088
302,1089
302,1090
302,1091
302,1092
302,1093
302,1094
302,1095
302,1096
302,1097
302,1098
-192,1099
-192,1100
-192,1101
-192,1102
-192,1103
-192,1104
-192,1105
-192,1106
-192,1107
-192,1108
-192,1109
-192,1110
-192,1111
-192,1112
-192,1113
-192,1114
-192,1115
-192,1116
-192,1117
-192,1118
-192,1119
-192,1120
-192,1121
-192,1122
-192,1123
-192,1124
-192,1125
-192,1126
-192,1127
-192,1128
-192,1129
-192,1130
-192,1131
-192,1132
-192,1133
-192,1134
-192,1135
-192,1136
-192,1137
-192,1138
-192,1139
-192,1140
-192,1141
-192,1142
-192,1143
-192,1144
-192,1145
-192,1146
-192,1147
-192,1148
-192,1149
-192,1150
-192,1151
-192,1152
-192,1153
-192,1154
-192,1155
-192,1156
-192,1157
-192,1158
-192,1159
-192,1160
-192,1161
-192,1162
-192,1163
-192,1164
-192,1165
-192,1166
-192,1167
-192,1168
-192,1169
-192,1170
-192,1171
-192,1172
-192,1173
-192,1174
-192,1175
-192,1176
-192,1177
-192,1178
-192,1179
-192,1180
-192,1181
-192,1182
-192,1183
-192,1184
-192,1185
-192,1186
-192,1187
-192,1188
-192,1189
-192,1190
-192,1191
-192,1192
-192,1193
:68_0,1194
:68_0,1195
:68_0,1196
:68_0,1197
190,1198
190,1199
190,1200
190,1201
190,1202
190,1203
190,1204
190,1205
190,1206
190,1207
190,1208
190,1209
190,1210
190,1211
190,1212
190,1213
190,1214
190,1215
190,1216
190,1217
190,1218
190,1219
190,1220
190,1221
190,1222
190,1223
190,1224
190,1225
190,1226
190,1227
190,1228
190,1229
190,1230
190,1231
190,1232
190,1233
190,1234
190,1235
190,1236
190,1237
190,1238
190,1239
190,1240
190,1241
190,1242
190,1243
190,1244
190,1245
190,1246
190,1247
190,1248
190,1249
190,1250
190,1251
190,1252
190,1253
190,1254
190,1255
190,1256
190,1257
190,1258
190,1259
190,1260
190,1261
190,1262
190,1263
190,1264
:200_4,1265
:200_4,1266
:200_4,1267
561,1268
561,1269
561,1270
561,1271
561,1272
561,1273
561,1274
561,1275
561,1276
561,1277
561,1278
561,1279
561,1280
561,1281
561,1282
561,1283
561,1284
561,1285
561,1286
561,1287
561,1288
561,1289
561,1290
561,1291
561,1292
561,1293
561,1294
561,1295
561,1296
561,1297
561,1298
561,1299
561,1300
561,1301
561,1302
561,1303
561,1304
561,1305
561,1306
561,1307
561,1308
561,1309
561,1310
561,1311
:405_0,1312
-478,1313
-478,1314
-478,1315
-478,1316
-478,1317
-478,1318
-478,1319
-478,1320
-478,1321
-478,1322
-478,1323
-478,1324
-478,1325
-478,1326
-478,1327
-478,1328
-478,1329
-478,1330
-478,1331
-478,1332
-478,1333
-478,1334
-478,1335
-478,1336
-478,1337
-478,1338
-478,1339
-478,1340
-478,1341
-478,1342
-478,1343
-478,1344
-478,1345
-478,1346
-478,1347
-478,1348
-478,1349
-478,1350
-478,1351
-478,1352
-478,1353
-478,1354
-478,1355
-478,1356
-478,1357
-478,1358
-478,1359
-478,1360
-478,1361
-478,1362
-478,1363
-478,1364
-478,1365
-478,1366
-478,1367
-478,1368
-478,1369
-478,1370
-478,1371
-478,1372
-478,1373
-478,1374
-478,1375
-478,1376
-478,1377
-478,1378
-478,1379
-478,1380
-478,1381
-478,1382
-478,1383
-478,1384
-478,1385
-478,1386
-478,1387
-478,1388
-478,1389
-478,1390
-478,1391
-478,1392
-478,1393
-478,1394
-478,1395
-478,1396
-478,1397
-478,1398
-478,1399
-478,1400
-478,1401
-478,1402
-478,1403
-478,1404
-478,1405
-478,1406
-478,1407
-478,1408
-478,1409
-478,1410
-478,1411
-478,1412
-478,1413
-478,1414
-478,1415
-478,1416
-478,1417
-478,1418
-478,1419
-478,1420
-478,1421
:361_4,1422
:361_4,1423
:361_4,1424
:361_4,1425
-442,1426
-442,1427
-442,1428
-442,1429
-442,1430
-442,1431
-442,1432
-442,1433
-442,1434
-442,1435
-442,1436
-442,1437
-442,1438
-442,1439
-442,1440
-442,1441
-442,1442
-442,1443
-442,1444
-442,1445
-442,1446
-442,1447
-442,1448
-442,1449
-442,1450
-442,1451
-442,1452
-442,1453
-442,1454
-442,1455
-442,1456
-442,1457
-442,1458
-442,1459
-442,1460
-442,1461
-442,1462
-442,1463
-442,1464
-442,1465
-442,1466
-442,1467
-442,1468
-442,1469
-442,1470
-442,1471
-442,1472
-442,1473
-442,1474
-442,1475
-442,1476
-442,1477
-442,1478
-442,1479
-442,1480
-442,1481
-442,1482
-442,1483
-442,1484
-442,1485
-442,1486
-442,1487
-442,1488
-442,1489
-442,1490
-442,1491
-442,1492
-442,1493
-442,1494
-442,1495
-442,1496
-442,1497
-442,1498
-442,1499
-442,1500
-442,1501
-442,1502
-442,1503
-442,1504
-442,1505
-442,1506
-442,1507
-442,1508
-442,1509
-442,1510
-442,1511
-442,1512
-442,1513
-442,1514
-442,1515
-442,1516
-442,1517
-442,1518
-442,1519
-442,1520
-442,1521
-442,1522
:152_0,1523
:152_0,1524
:152_0,1525
:152_0,1526
-137,1527
-137,1528
-137,1529
-137,1530
-137,1531
-137,1532
-137,1533
-137,1534
-137,1535
-137,1536
-137,1537
-137,1538
-137,1539
-137,1540
-137,1541
-137,1542
-137,1543
-137,1544
-137,1545
-137,1546
-137,1547
-137,1548
-137,1549
-137,1550
-137,1551
-137,1552
-137,1553
-137,1554
-137,1555
-137,1556
-137,1557
-137,1558
-137,1559
-137,1560
-137,1561
-137,1562
-137,1563
-137,1564
-137,1565
-137,1566
-137,1567
-137,1568
-137,1569
-137,1570
-137,1571
-137,1572
-137,1573
-137,1574
-137,1575
-137,1576
-137,1577
-137,1578
-137,1579
-137,1580
-137,1581
-137,1582
-137,1583
-137,1584
-137,1585
-137,1586
-137,1587
-137,1588
-137,1589
-137,1590
-137,1591
-137,1592
-137,1593
-137,1594
-137,1595
-137,1596
-137,1597
-137,1598
-137,1599
-137,1600
-137,1601
-137,1602
-137,1603
-137,1604
-137,1605
-137,1606
-137,1607
-137,1608
-137,1609
-137,1610
-137,1611
-137,1612
-137,1613
-137,1614
-137,1615
-137,1616
-137,1617
-137,1618
-137,1619
-137,1620
-137,1621
-137,1622
-137,1623
-137,1624
-137,1625
-137,1626
-137,1627
-137,1628
-137,1629
-137,1630
-137,1631
-137,1632
-137,1633
-137,1634
-137,1635
-137,1636
-137,1637
-137,1638
-137,1639
-137,1640
-137,1641
-137,1642
-137,1643
-137,1644
:151_3,1645
:151_3,1646
:151_3,1647
:151_3,1648
-569,1649
-569,1650
-569,1651
-569,1652
-569,1653
-569,1654
-569,1655
-569,1656
-569,1657
-569,1658
-569,1659
-569,1660
-569,1661
-569,1662
-569,1663
-569,1664
-569,1665
-569,1666
-569,1667
-569,1668
-569,1669
-569,1670
-569,1671
-569,1672
-569,1673
-569,1674
-569,1675
-569,1676
-569,1677
-569,1678
-569,1679
-569,1680
-569,1681
-569,1682
-569,1683
-569,1684
-569,1685
-569,1686
-569,1687
-569,1688
-569,1689
-569,1690
-569,1691
-569,1692
-569,1693
-569,1694
-569,1695
-569,1696
-569,1697
-569,1698
-569,1699
-569,1700
-569,1701
-569,1702
-569,1703
-569,1704
-569,1705
-569,1706
-569,1707
-569,1708
-569,1709
-569,1710
-569,1711
-569,1712
-569,1713
-569,1714
-569,1715
-569,1716
-569,1717
-569,1718
-569,1719
-569,1720
-569,1721
-569,1722
-569,1723
-569,1724
-569,1725
-569,1726
-569,1727
-569,1728
-569,1729
-569,1730
-569,1731
-569,1732
-569,1733
-569,1734
-569,1735
-569,1736
-569,1737
-569,1738
-569,1739
-569,1740
-569,1741
-569,1742
-569,1743
-569,1744
-569,1745
-569,1746
-569,1747
-569,1748
-569,1749
-569,1750
:64_3,1751
:64_3,1752
:64_3,1753
:64_3,1754
:64_3,1755
-56,1756
-56,1757
-56,1758
-56,1759
-56,1760
-56,1761
-56,1762
-56,1763
-56,1764
-56,1765
-56,1766
-56,1767
-56,1768
-56,1769
-56,1770
-56,1771
-56,1772
-56,1773
-56,1774
-56,1775
-56,1776
-56,1777
-56,1778
-56,1779
-56,1780
-56,1781
-56,1782
-56,1783
-56,1784
-56,1785
-56,1786
-56,1787
-56,1788
-56,1789
-56,1790
-56,1791
-56,1792
-56,1793
-56,1794
-56,1795
-56,1796
-56,1797
-56,1798
-56,1799
-56,1800
-56,1801
-56,1802
-56,1803
-56,1804
-56,1805
-56,1806
-56,1807
-56,1808
-56,1809
-56,1810
-56,1811
-56,1812
-56,1813
-56,1814
-56,1815
-56,1816
-56,1817
-56,1818
-56,1819
-56,1820
-56,1821
-56,1822
-56,1823
-56,1824
-56,1825
-56,1826
-56,1827
-56,1828
-56,1829
-56,1830
-56,1831
-56,1832
-56,1833
-56,1834
-56,1835
-56,1836
-56,1837
-56,1838
-56,1839
-56,1840
-56,1841
-56,1842
-56,1843
-56,1844
-56,1845
-56,1846
-56,1847
-56,1848
-56,1849
-56,1850
-56,1851
-56,1852
-56,1853
-56,1854
-56,1855
-56,1856
-56,1857
-56,1858
-56,1859
-56,1860
-56,1861
-56,1862
-56,1863
-56,1864
-56,1865
-56,1866
-56,1867
-56,1868
-56,1869
-56,1870
-56,1871
-56,1872
-56,1873
-56,1874
-56,1875
-56,1876
-56,1877
-56,1878
-56,1879
-56,1880
-56,1881
-56,1882
-56,1883
-56,1884
-56,1885
-56,1886
-56,1887
-56,1888
-56,1889
-56,1890
-56,1891
-56,1892
-56,1893
-56,1894
-56,1895
-56,1896
:58_13,1897
:58_13,1898
:58_13,1899
:58_13,1900
:58_13,1901
53,1902
53,1903
53,1904
53,1905
53,1906
53,1907
53,1908
53,1909
53,1910
53,1911
53,1912
53,1913
53,1914
53,1915
53,1916
53,1917
53,1918
53,1919
53,1920
53,1921
53,1922
53,1923
53,1924
53,1925
53,1926
53,1927
53,1928
53,1929
53,1930
53,1931
53,1932
53,1933
53,1934
53,1935
53,1936
53,1937
53,1938
53,1939
53,1940
53,1941
53,1942
53,1943
53,1944
53,1945
53,1946
53,1947
53,1948
53,1949
53,1950
53,1951
53,1952
53,1953
53,1954
53,1955
53,1956
53,1957
53,1958
53,1959
53,1960
53,1961
53,1962
53,1963
53,1964
53,1965
53,1966
53,1967
53,1968
53,1969
53,1970
53,1971
53,1972
53,1973
53,1974
53,1975
:61_7,1976
:61_7,1977
:61_7,1978
:61_7,1979
:61_7,1980
:61_7,1981
54,1982
54,1983
54,1984
54,1985
54,1986
54,1987
54,1988
54,1989
54,1990
54,1991
54,1992
54,1993
54,1994
54,1995
54,1996
54,1997
54,1998
54,1999
54,2000
