-383,1
-383,2
-383,3
-383,4
-383,5
-383,6
-383,7
-383,8
-383,9
-383,10
-383,11
-383,12
-383,13
-383,14
-383,15
-383,16
-383,17
-383,18
-383,19
-383,20
-383,21
-383,22
-383,23
-383,24
-383,25
-383,26
-383,27
-383,28
-383,29
-383,30
-383,31
-383,32
-383,33
-383,34
-383,35
-383,36
-383,37
-383,38
-383,39
-383,40
-383,41
-383,42
-383,43
-383,44
-383,45
-383,46
-383,47
-383,48
-383,49
-383,50
-383,51
-383,52
-383,53
-383,54
-383,55
-383,56
-383,57
-383,58
-383,59
-383,60
-383,61
-383,62
-383,63
-383,64
-383,65
-383,66
-383,67
-383,68
-383,69
-383,70
-383,71
-383,72
-383,73
-383,74
-383,75
-383,76
-383,77
-383,78
-383,79
-383,80
-383,81
-383,82
-383,83
-383,84
-383,85
-383,86
-383,87
-383,88
-383,89
-383,90
:268_0,91
-275,92
-275,93
-275,94
-275,95
-275,96
-275,97
-275,98
-275,99
-275,100
-275,101
-275,102
-275,103
-275,104
-275,105
-275,106
-275,107
-275,108
-275,109
-275,110
-275,111
-275,112
-275,113
-275,114
-275,115
-275,116
-275,117
-275,118
-275,119
-275,120
-275,121
-275,122
-275,123
-275,124
-275,125
-275,126
-275,127
-275,128
-275,129
-275,130
-275,131
-275,132
-275,133
-275,134
-275,135
-275,136
-275,137
-275,138
-275,139
-275,140
-275,141
-275,142
-275,143
-275,144
-275,145
-275,146
-275,147
-275,148
-275,149
-275,150
-275,151
-275,152
-275,153
-275,154
-275,155
-275,156
-275,157
-275,158
-275,159
-275,160
-275,161
-275,162
-275,163
-275,164
-275,165
-275,166
-275,167
-275,168
-275,169
-275,170
-275,171
-275,172
-275,173
-275,174
-275,175
-275,176
-275,177
-275,178
-275,179
-275,180
-275,181
-275,182
-275,183
-275,184
-275,185
-275,186
-275,187
-275,188
-275,189
-275,190
-275,191
-275,192
-275,193
-275,194
-275,195
-275,196
-275,197
-275,198
-275,199
-275,200
-275,201
-275,202
-275,203
-275,204
-275,205
-275,206
-275,207
-275,208
-275,209
-275,210
-275,211
-275,212
-275,213
-275,214
-275,215
-275,216
-275,217
:265_13,218
:265_13,219
:265_13,220
:265_13,221
:265_13,222
:265_13,223
273,224
273,225
273,226
273,227
273,228
273,229
273,230
273,231
273,232
273,233
273,234
273,235
273,236
273,237
273,238
273,239
273,240
273,241
273,242
273,243
273,244
273,245
273,246
273,247
273,248
273,249
273,250
273,251
273,252
273,253
273,254
273,255
273,256
273,257
273,258
273,259
273,260
273,261
273,262
273,263
273,264
273,265
273,266
273,267
273,268
273,269
273,270
273,271
273,272
273,273
273,274
273,275
273,276
273,277
273,278
273,279
273,280
273,281
:266_7,282
:266_7,283
:266_7,284
:266_7,285
:266_7,286
373,287
373,288
373,289
373,290
373,291
373,292
373,293
373,294
373,295
373,296
373,297
373,298
373,299
373,300
373,301
373,302
373,303
373,304
373,305
373,306
373,307
373,308
373,309
373,310
373,311
373,312
373,313
373,314
373,315
373,316
373,317
373,318
373,319
373,320
373,321
373,322
373,323
373,324
373,325
373,326
373,327
373,328
373,329
373,330
373,331
373,332
:90_6,333
:90_6,334
:90_6,335
501,336
501,337
501,338
501,339
501,340
501,341
501,342
501,343
501,344
501,345
501,346
501,347
501,348
501,349
501,350
501,351
501,352
501,353
501,354
501,355
501,356
501,357
501,358
501,359
501,360
501,361
501,362
501,363
501,364
501,365
501,366
501,367
501,368
501,369
501,370
501,371
501,372
501,373
501,374
501,375
501,376
501,377
501,378
501,379
501,380
501,381
501,382
501,383
501,384
501,385
501,386
501,387
501,388
501,389
501,390
501,391
501,392
501,393
501,394
501,395
:419_0,396
:419_0,397
:419_0,398
:419_0,399
:419_0,400
593,401
593,402
593,403
593,404
593,405
593,406
593,407
593,408
593,409
593,410
593,411
593,412
593,413
593,414
593,415
593,416
593,417
593,418
593,419
593,420
593,421
593,422
593,423
593,424
593,425
593,426
593,427
593,428
593,429
593,430
593,431
593,432
593,433
593,434
593,435
593,436
593,437
593,438
593,439
593,440
593,441
593,442
593,443
593,444
593,445
593,446
593,447
593,448
593,449
593,450
593,451
593,452
593,453
593,454
593,455
593,456
593,457
593,458
593,459
593,460
593,461
593,462
593,463
593,464
593,465
593,466
593,467
593,468
593,469
593,470
593,471
593,472
593,473
593,474
593,475
593,476
593,477
593,478
593,479
593,480
593,481
593,482
593,483
593,484
593,485
593,486
593,487
593,488
593,489
593,490
593,491
593,492
593,493
593,494
593,495
593,496
593,497
593,498
593,499
593,500
593,501
593,502
593,503
593,504
593,505
:353_0,506
:353_0,507
:353_0,508
-391,509
-391,510
-391,511
-391,512
-391,513
-391,514
-391,515
-391,516
-391,517
-391,518
-391,519
-391,520
-391,521
-391,522
-391,523
-391,524
-391,525
-391,526
-391,527
-391,528
-391,529
-391,530
-391,531
-391,532
-391,533
-391,534
-391,535
-391,536
-391,537
-391,538
-391,539
-391,540
-391,541
-391,542
-391,543
-391,544
-391,545
-391,546
-391,547
:155_10,548
:155_10,549
:155_10,550
:155_10,551
:155_10,552
-139,553
-139,554
-139,555
-139,556
-139,557
-139,558
-139,559
-139,560
-139,561
-139,562
-139,563
-139,564
-139,565
-139,566
-139,567
-139,568
-139,569
-139,570
-139,571
-139,572
-139,573
-139,574
-139,575
-139,576
-139,577
-139,578
-139,579
-139,580
-139,581
-139,582
-139,583
-139,584
-139,585
-139,586
-139,587
-139,588
-139,589
-139,590
-139,591
-139,592
-139,593
-139,594
-139,595
-139,596
-139,597
-139,598
-139,599
-139,600
-139,601
-139,602
-139,603
-139,604
-139,605
-139,606
-139,607
-139,608
-139,609
-139,610
-139,611
-139,612
-139,613
-139,614
-139,615
-139,616
-139,617
-139,618
-139,619
-139,620
-139,621
-139,622
-139,623
-139,624
-139,625
-139,626
-139,627
-139,628
-139,629
-139,630
-139,631
-139,632
-139,633
:153_4,634
:153_4,635
:153_4,636
:153_4,637
138,638
138,639
138,640
138,641
138,642
138,643
138,644
138,645
138,646
138,647
138,648
138,649
138,650
138,651
138,652
138,653
138,654
138,655
138,656
138,657
138,658
138,659
138,660
138,661
138,662
138,663
138,664
138,665
138,666
138,667
138,668
138,669
138,670
138,671
138,672
138,673
138,674
138,675
138,676
138,677
138,678
138,679
138,680
138,681
138,682
138,683
138,684
138,685
138,686
138,687
138,688
138,689
138,690
138,691
138,692
138,693
138,694
138,695
138,696
138,697
138,698
138,699
138,700
138,701
138,702
138,703
138,704
138,705
138,706
138,707
138,708
138,709
138,710
138,711
138,712
138,713
138,714
138,715
138,716
138,717
138,718
138,719
138,720
138,721
138,722
138,723
138,724
138,725
138,726
138,727
138,728
138,729
138,730
138,731
138,732
138,733
138,734
138,735
138,736
138,737
138,738
138,739
138,740
138,741
138,742
138,743
138,744
138,745
138,746
:154_7,747
:154_7,748
:154_7,749
:154_7,750
:154_7,751
-450,752
-450,753
-450,754
-450,755
-450,756
-450,757
-450,758
-450,759
-450,760
-450,761
-450,762
-450,763
-450,764
-450,765
-450,766
-450,767
-450,768
-450,769
-450,770
-450,771
-450,772
-450,773
-450,774
-450,775
-450,776
-450,777
-450,778
-450,779
-450,780
-450,781
-450,782
-450,783
-450,784
-450,785
-450,786
-450,787
-450,788
-450,789
-450,790
-450,791
-450,792
-450,793
:40_4,794
:40_4,795
:40_4,796
:40_4,797
:40_4,798
-33,799
-33,800
-33,801
-33,802
-33,803
-33,804
-33,805
-33,806
-33,807
-33,808
-33,809
-33,810
-33,811
-33,812
-33,813
-33,814
-33,815
-33,816
-33,817
-33,818
-33,819
-33,820
-33,821
-33,822
-33,823
-33,824
-33,825
-33,826
-33,827
-33,828
-33,829
-33,830
-33,831
-33,832
-33,833
-33,834
-33,835
-33,836
-33,837
-33,838
-33,839
-33,840
-33,841
-33,842
-33,843
-33,844
-33,845
-33,846
-33,847
-33,848
-33,849
-33,850
-33,851
-33,852
-33,853
-33,854
-33,855
-33,856
-33,857
-33,858
-33,859
-33,860
-33,861
-33,862
-33,863
-33,864
-33,865
-33,866
-33,867
-33,868
-33,869
-33,870
-33,871
-33,872
-33,873
-33,874
-33,875
-33,876
-33,877
-33,878
-33,879
-33,880
-33,881
-33,882
-33,883
-33,884
-33,885
-33,886
-33,887
-33,888
-33,889
-33,890
-33,891
-33,892
-33,893
-33,894
-33,895
-33,896
-33,897
-33,898
-33,899
-33,900
-33,901
-33,902
-33,903
-33,904
-33,905
-33,906
-33,907
-33,908
-33,909
-33,910
-33,911
-33,912
-33,913
-33,914
-33,915
-33,916
-33,917
-33,918
-33,919
-33,920
-33,921
-33,922
-33,923
-33,924
-33,925
-33,926
-33,927
-33,928
-33,929
-33,930
-33,931
-33,932
-33,933
-33,934
-33,935
-33,936
-33,937
-33,938
-33,939
-33,940
-33,941
-33,942
-33,943
-33,944
-33,945
-33,946
-33,947
-33,948
-33,949
-33,950
-33,951
-33,952
-33,953
-33,954
-33,955
-33,956
-33,957
-33,958
-33,959
-33,960
-33,961
-33,962
-33,963
-33,964
-33,965
-33,966
-33,967
-33,968
-33,969
-33,970
-33,971
-33,972
-33,973
-33,974
-33,975
-33,976
-33,977
-33,978
-33,979
-33,980
-33,981
:38_9,982
:38_9,983
:38_9,984
:38_9,985
:38_9,986
:38_9,987
34,988
34,989
34,990
34,991
34,992
34,993
34,994
34,995
34,996
34,997
34,998
34,999
34,1000
34,1001
34,1002
34,1003
34,1004
34,1005
34,1006
34,1007
34,1008
34,1009
34,1010
34,1011
34,1012
34,1013
34,1014
34,1015
34,1016
34,1017
34,1018
34,1019
34,1020
34,1021
34,1022
34,1023
34,1024
34,1025
34,1026
34,1027
34,1028
34,1029
34,1030
34,1031
34,1032
34,1033
34,1034
34,1035
34,1036
34,1037
34,1038
34,1039
34,1040
34,1041
34,1042
34,1043
34,1044
34,1045
34,1046
34,1047
34,1048
34,1049
34,1050
34,1051
34,1052
34,1053
34,1054
34,1055
34,1056
34,1057
34,1058
34,1059
34,1060
34,1061
34,1062
34,1063
34,1064
34,1065
34,1066
34,1067
34,1068
34,1069
34,1070
34,1071
34,1072
34,1073
34,1074
34,1075
34,1076
34,1077
34,1078
34,1079
34,1080
34,1081
34,1082
34,1083
34,1084
34,1085
34,1086
34,1087
34,1088
34,1089
34,1090
34,1091
34,1092
34,1093
34,1094
34,1095
34,1096
34,1097
34,1098
34,1099
34,1100
34,1101
34,1102
34,1103
34,1104
34,1105
34,1106
34,1107
34,1108
34,1109
34,1110
34,1111
34,1112
:41_3,1113
:41_3,1114
:41_3,1115
:41_3,1116
:41_3,1117
552,1118
552,1119
552,1120
552,1121
552,1122
552,1123
552,1124
552,1125
552,1126
552,1127
552,1128
552,1129
552,1130
552,1131
552,1132
552,1133
552,1134
552,1135
552,1136
552,1137
552,1138
552,1139
552,1140
552,1141
552,1142
552,1143
552,1144
552,1145
552,1146
552,1147
552,1148
552,1149
552,1150
552,1151
552,1152
552,1153
552,1154
552,1155
552,1156
552,1157
552,1158
552,1159
552,1160
552,1161
552,1162
552,1163
552,1164
552,1165
552,1166
552,1167
552,1168
552,1169
552,1170
552,1171
552,1172
552,1173
552,1174
552,1175
552,1176
552,1177
552,1178
552,1179
552,1180
552,1181
552,1182
552,1183
552,1184
552,1185
552,1186
552,1187
552,1188
552,1189
552,1190
552,1191
552,1192
552,1193
552,1194
552,1195
552,1196
552,1197
552,1198
552,1199
552,1200
552,1201
552,1202
552,1203
552,1204
552,1205
552,1206
552,1207
552,1208
552,1209
552,1210
552,1211
552,1212
552,1213
552,1214
552,1215
552,1216
552,1217
552,1218
552,1219
552,1220
552,1221
552,1222
552,1223
552,1224
552,1225
552,1226
552,1227
552,1228
552,1229
552,1230
552,1231
552,1232
552,1233
552,1234
552,1235
552,1236
552,1237
552,1238
552,1239
552,1240
552,1241
552,1242
552,1243
552,1244
552,1245
552,1246
552,1247
552,1248
552,1249
552,1250
552,1251
552,1252
552,1253
552,1254
552,1255
552,1256
552,1257
552,1258
552,1259
:111_8,1260
:111_8,1261
:111_8,1262
97,1263
97,1264
97,1265
97,1266
97,1267
97,1268
97,1269
97,1270
97,1271
97,1272
97,1273
97,1274
97,1275
97,1276
97,1277
97,1278
97,1279
97,1280
97,1281
97,1282
97,1283
97,1284
97,1285
97,1286
97,1287
97,1288
97,1289
97,1290
97,1291
97,1292
97,1293
97,1294
97,1295
97,1296
97,1297
97,1298
97,1299
97,1300
97,1301
97,1302
97,1303
97,1304
97,1305
97,1306
97,1307
97,1308
97,1309
97,1310
97,1311
97,1312
97,1313
97,1314
97,1315
97,1316
97,1317
97,1318
97,1319
97,1320
97,1321
97,1322
97,1323
97,1324
97,1325
97,1326
97,1327
97,1328
97,1329
97,1330
97,1331
97,1332
97,1333
97,1334
97,1335
97,1336
97,1337
97,1338
97,1339
97,1340
97,1341
-315,1342
-315,1343
-315,1344
-315,1345
-315,1346
-315,1347
-315,1348
-315,1349
-315,1350
-315,1351
-315,1352
-315,1353
-315,1354
-315,1355
-315,1356
-315,1357
-315,1358
-315,1359
-315,1360
-315,1361
-315,1362
-315,1363
-315,1364
-315,1365
-315,1366
-315,1367
-315,1368
-315,1369
-315,1370
-315,1371
-315,1372
-315,1373
-315,1374
-315,1375
-315,1376
-315,1377
-315,1378
-315,1379
-315,1380
-315,1381
-315,1382
-315,1383
-315,1384
-315,1385
-315,1386
-315,1387
-315,1388
-315,1389
-315,1390
-315,1391
-315,1392
-315,1393
-315,1394
-315,1395
-315,1396
-315,1397
-315,1398
-315,1399
-315,1400
-315,1401
-315,1402
-315,1403
-315,1404
-315,1405
-315,1406
-315,1407
-315,1408
-315,1409
-315,1410
-315,1411
-315,1412
-315,1413
-315,1414
-315,1415
-315,1416
-315,1417
-315,1418
-315,1419
-315,1420
-315,1421
-315,1422
-315,1423
-315,1424
-315,1425
-315,1426
-315,1427
-315,1428
-315,1429
-315,1430
-315,1431
-315,1432
-315,1433
-315,1434
-315,1435
-315,1436
-315,1437
:295_12,1438
:295_12,1439
:295_12,1440
311,1441
311,1442
311,1443
311,1444
311,1445
311,1446
311,1447
311,1448
311,1449
311,1450
311,1451
311,1452
311,1453
311,1454
311,1455
311,1456
311,1457
311,1458
311,1459
311,1460
311,1461
311,1462
311,1463
311,1464
311,1465
311,1466
311,1467
311,1468
311,1469
311,1470
311,1471
311,1472
311,1473
311,1474
311,1475
311,1476
311,1477
311,1478
311,1479
311,1480
311,1481
311,1482
311,1483
311,1484
311,1485
311,1486
311,1487
311,1488
311,1489
311,1490
311,1491
311,1492
311,1493
311,1494
311,1495
311,1496
311,1497
311,1498
311,1499
311,1500
311,1501
311,1502
311,1503
311,1504
311,1505
311,1506
311,1507
311,1508
311,1509
311,1510
311,1511
311,1512
311,1513
311,1514
311,1515
311,1516
311,1517
311,1518
311,1519
311,1520
311,1521
311,1522
311,1523
311,1524
311,1525
311,1526
311,1527
311,1528
311,1529
311,1530
311,1531
311,1532
311,1533
311,1534
311,1535
311,1536
311,1537
311,1538
311,1539
311,1540
311,1541
311,1542
311,1543
311,1544
311,1545
311,1546
311,1547
311,1548
311,1549
311,1550
311,1551
311,1552
311,1553
311,1554
311,1555
311,1556
311,1557
311,1558
311,1559
311,1560
311,1561
311,1562
311,1563
311,1564
311,1565
311,1566
311,1567
311,1568
311,1569
311,1570
311,1571
311,1572
311,1573
311,1574
311,1575
311,1576
311,1577
311,1578
311,1579
311,1580
311,1581
311,1582
311,1583
311,1584
311,1585
311,1586
311,1587
311,1588
311,1589
311,1590
311,1591
311,1592
311,1593
311,1594
311,1595
311,1596
311,1597
311,1598
311,1599
311,1600
311,1601
311,1602
311,1603
311,1604
311,1605
311,1606
311,1607
311,1608
311,1609
311,1610
311,1611
311,1612
311,1613
311,1614
311,1615
311,1616
311,1617
311,1618
311,1619
311,1620
311,1621
311,1622
311,1623
311,1624
311,1625
311,1626
311,1627
311,1628
311,1629
311,1630
311,1631
311,1632
311,1633
311,1634
311,1635
311,1636
311,1637
311,1638
311,1639
311,1640
311,1641
311,1642
311,1643
311,1644
311,1645
311,1646
311,1647
311,1648
311,1649
311,1650
311,1651
311,1652
311,1653
311,1654
311,1655
311,1656
311,1657
311,1658
311,1659
:42_1,1660
-35,1661
-35,1662
-35,1663
-35,1664
-35,1665
-35,1666
-35,1667
-35,1668
-35,1669
-35,1670
-35,1671
-35,1672
-35,1673
-35,1674
-35,1675
-35,1676
-35,1677
-35,1678
-35,1679
-35,1680
-35,1681
-35,1682
-35,1683
-35,1684
-35,1685
-35,1686
-35,1687
-35,1688
-35,1689
-35,1690
-35,1691
-35,1692
-35,1693
-35,1694
-35,1695
-35,1696
-35,1697
-35,1698
-35,1699
-35,1700
-35,1701
-35,1702
-35,1703
-35,1704
-35,1705
-35,1706
-35,1707
-35,1708
-35,1709
-35,1710
-35,1711
-35,1712
-35,1713
-35,1714
-35,1715
-35,1716
-35,1717
-35,1718
-35,1719
-35,1720
-35,1721
-35,1722
-35,1723
-35,1724
-35,1725
-35,1726
-35,1727
-35,1728
-35,1729
-35,1730
-35,1731
-35,1732
-35,1733
-35,1734
-35,1735
-35,1736
-35,1737
-35,1738
-35,1739
-35,1740
-35,1741
-35,1742
-35,1743
-35,1744
-35,1745
-35,1746
-35,1747
-35,1748
-35,1749
-35,1750
-35,1751
-35,1752
-35,1753
-35,1754
-35,1755
-35,1756
-35,1757
-35,1758
-35,1759
-35,1760
-35,1761
-35,1762
-35,1763
-35,1764
-35,1765
-35,1766
-35,1767
-35,1768
-35,1769
-35,1770
-35,1771
-35,1772
-35,1773
-35,1774
-35,1775
-35,1776
-35,1777
-35,1778
-35,1779
-35,1780
-35,1781
-35,1782
-35,1783
-35,1784
-35,1785
-35,1786
-35,1787
-35,1788
-35,1789
-35,1790
-35,1791
-35,1792
-35,1793
-35,1794
-35,1795
-35,1796
-35,1797
-35,1798
-35,1799
-35,1800
-35,1801
-35,1802
-35,1803
-35,1804
-35,1805
-35,1806
-35,1807
-35,1808
-35,1809
-35,1810
-35,1811
-35,1812
-35,1813
-35,1814
-35,1815
-35,1816
-35,1817
-35,1818
-35,1819
-35,1820
-35,1821
-35,1822
-35,1823
-35,1824
-35,1825
-35,1826
-35,1827
-35,1828
-35,1829
-35,1830
-35,1831
-35,1832
-35,1833
-35,1834
-35,1835
-35,1836
-35,1837
-35,1838
-35,1839
-35,1840
-35,1841
-35,1842
-35,1843
-35,1844
-35,1845
-35,1846
-35,1847
-35,1848
-35,1849
:38_6,1850
:38_6,1851
:38_6,1852
:38_6,1853
:38_6,1854
33,1855
33,1856
33,1857
33,1858
33,1859
33,1860
33,1861
33,1862
33,1863
33,1864
33,1865
33,1866
33,1867
33,1868
33,1869
33,1870
33,1871
33,1872
33,1873
33,1874
33,1875
33,1876
33,1877
33,1878
33,1879
33,1880
33,1881
33,1882
33,1883
33,1884
33,1885
33,1886
33,1887
33,1888
33,1889
33,1890
33,1891
33,1892
33,1893
33,1894
33,1895
33,1896
33,1897
33,1898
33,1899
33,1900
33,1901
33,1902
33,1903
33,1904
33,1905
33,1906
33,1907
33,1908
33,1909
33,1910
33,1911
33,1912
33,1913
33,1914
33,1915
33,1916
33,1917
33,1918
33,1919
33,1920
33,1921
33,1922
33,1923
33,1924
33,1925
33,1926
33,1927
33,1928
33,1929
33,1930
33,1931
33,1932
33,1933
33,1934
33,1935
33,1936
33,1937
33,1938
33,1939
33,1940
33,1941
33,1942
33,1943
33,1944
33,1945
33,1946
33,1947
33,1948
33,1949
33,1950
33,1951
33,1952
33,1953
33,1954
33,1955
33,1956
33,1957
33,1958
33,1959
33,1960
33,1961
33,1962
33,1963
33,1964
33,1965
33,1966
33,1967
33,1968
33,1969
33,1970
33,1971
33,1972
33,1973
33,1974
33,1975
33,1976
33,1977
33,1978
33,1979
33,1980
33,1981
33,1982
33,1983
33,1984
33,1985
33,1986
33,1987
33,1988
33,1989
33,1990
33,1991
33,1992
33,1993
33,1994
33,1995
33,1996
33,1997
33,1998
33,1999
33,2000
