-262,21
-262,22
-262,23
-262,24
-262,25
-262,26
-262,27
-262,28
-262,29
-262,30
-262,31
-262,32
-262,33
-262,34
-262,35
-262,36
-262,37
-262,38
-262,39
-262,40
-262,41
-262,42
-262,43
-262,44
-262,45
-262,46
-262,47
-262,48
-262,49
-262,50
-262,51
-262,52
-262,53
-262,54
-262,55
-262,56
-262,57
-262,58
-262,59
-262,60
-262,61
-262,62
-262,63
-262,64
-262,65
-262,66
-262,67
-262,68
-262,69
-262,70
-262,71
-262,72
-262,73
-262,74
-262,75
-262,76
-262,77
-262,78
-262,79
-262,80
-262,81
-262,82
-262,83
-262,84
-262,85
-262,86
-262,87
-262,88
-262,89
-262,90
-262,91
-262,92
-262,93
-262,94
-262,95
-262,96
-262,97
-262,98
-262,99
-262,100
-262,101
-262,102
-262,103
-262,104
-262,105
-262,106
-262,107
-262,108
-262,109
-262,110
-262,111
-262,112
-262,113
-262,114
-262,115
-262,116
-262,117
-262,118
-262,119
-262,120
-262,121
-262,122
-262,123
-262,124
-262,125
-262,126
-262,127
-262,128
-262,129
-262,130
-262,131
-262,132
-262,133
-262,134
-262,135
-262,136
-262,137
-262,138
-262,139
-262,140
-262,141
-262,142
-262,143
-262,144
-262,145
-262,146
-262,147
-262,148
-262,149
:259_8,150
:259_8,151
:259_8,152
:259_8,153
:259_8,154
:259_8,155
264,156
264,157
264,158
264,159
264,160
264,161
264,162
264,163
264,164
264,165
264,166
264,167
264,168
264,169
264,170
264,171
264,172
264,173
264,174
264,175
264,176
264,177
264,178
264,179
264,180
264,181
264,182
264,183
264,184
264,185
264,186
264,187
264,188
264,189
264,190
264,191
264,192
264,193
264,194
264,195
264,196
264,197
264,198
264,199
264,200
264,201
264,202
264,203
264,204
264,205
264,206
264,207
264,208
264,209
264,210
264,211
264,212
264,213
264,214
264,215
264,216
264,217
264,218
264,219
264,220
264,221
264,222
264,223
264,224
264,225
264,226
264,227
264,228
264,229
264,230
264,231
264,232
264,233
264,234
264,235
264,236
264,237
264,238
264,239
264,240
264,241
264,242
264,243
264,244
264,245
264,246
264,247
264,248
264,249
264,250
264,251
264,252
264,253
264,254
264,255
264,256
264,257
264,258
264,259
264,260
264,261
264,262
264,263
264,264
264,265
264,266
264,267
264,268
264,269
264,270
264,271
264,272
264,273
264,274
264,275
264,276
264,277
264,278
264,279
264,280
264,281
264,282
264,283
264,284
264,285
264,286
264,287
264,288
264,289
264,290
264,291
264,292
264,293
264,294
264,295
264,296
264,297
264,298
264,299
264,300
264,301
264,302
264,303
264,304
264,305
264,306
264,307
264,308
264,309
264,310
264,311
264,312
264,313
264,314
264,315
264,316
264,317
264,318
264,319
264,320
264,321
264,322
264,323
264,324
264,325
264,326
264,327
264,328
264,329
264,330
264,331
264,332
264,333
264,334
264,335
264,336
264,337
264,338
264,339
264,340
264,341
264,342
264,343
264,344
264,345
264,346
264,347
264,348
264,349
264,350
264,351
264,352
264,353
264,354
264,355
264,356
264,357
264,358
264,359
264,360
264,361
264,362
264,363
264,364
264,365
264,366
264,367
264,368
264,369
264,370
264,371
264,372
264,373
264,374
264,375
264,376
264,377
264,378
264,379
264,380
264,381
264,382
264,383
264,384
264,385
264,386
264,387
264,388
264,389
264,390
264,391
264,392
264,393
264,394
264,395
264,396
264,397
264,398
264,399
264,400
264,401
264,402
264,403
264,404
264,405
264,406
264,407
264,408
264,409
264,410
264,411
264,412
264,413
264,414
264,415
264,416
264,417
264,418
264,419
264,420
264,421
264,422
264,423
264,424
264,425
264,426
264,427
264,428
264,429
:66_6,430
:66_6,431
:66_6,432
:66_6,433
:66_6,434
-57,435
-57,436
-57,437
-57,438
-57,439
-57,440
-57,441
-57,442
-57,443
-57,444
-57,445
-57,446
-57,447
-57,448
-57,449
-57,450
-57,451
-57,452
-57,453
-57,454
-57,455
-57,456
-57,457
-57,458
-57,459
-57,460
-57,461
-57,462
-57,463
-57,464
-57,465
-57,466
-57,467
-57,468
-57,469
-57,470
-57,471
-57,472
-57,473
-57,474
-57,475
-57,476
-57,477
-57,478
-57,479
-57,480
-57,481
-57,482
-57,483
-57,484
-57,485
-57,486
-57,487
-57,488
-57,489
-57,490
-57,491
-57,492
-57,493
-57,494
-57,495
-57,496
-57,497
-57,498
-57,499
-57,500
-57,501
-57,502
:65_13,503
:65_13,504
:65_13,505
:65_13,506
:65_13,507
60,508
60,509
60,510
60,511
60,512
60,513
60,514
60,515
60,516
60,517
60,518
60,519
60,520
60,521
60,522
60,523
60,524
60,525
60,526
60,527
60,528
60,529
60,530
60,531
60,532
60,533
60,534
60,535
60,536
60,537
60,538
60,539
60,540
60,541
60,542
60,543
60,544
60,545
60,546
60,547
60,548
60,549
60,550
60,551
60,552
60,553
60,554
60,555
60,556
60,557
60,558
60,559
60,560
60,561
60,562
60,563
60,564
60,565
60,566
60,567
60,568
60,569
60,570
60,571
60,572
60,573
60,574
60,575
60,576
61,577
61,578
61,579
61,580
61,581
61,582
61,583
61,584
61,585
61,586
61,587
61,588
61,589
61,590
61,591
61,592
61,593
61,594
61,595
61,596
61,597
61,598
61,599
61,600
61,601
61,602
61,603
61,604
61,605
61,606
61,607
61,608
61,609
61,610
61,611
61,612
61,613
61,614
61,615
61,616
61,617
61,618
61,619
61,620
61,621
61,622
61,623
61,624
61,625
61,626
61,627
61,628
61,629
61,630
61,631
61,632
61,633
61,634
61,635
61,636
61,637
61,638
61,639
61,640
61,641
61,642
61,643
61,644
61,645
61,646
61,647
61,648
61,649
61,650
61,651
61,652
62,653
62,654
62,655
62,656
62,657
62,658
62,659
62,660
62,661
62,662
62,663
62,664
62,665
62,666
62,667
62,668
62,669
62,670
62,671
62,672
62,673
62,674
62,675
62,676
62,677
62,678
62,679
62,680
62,681
62,682
62,683
62,684
62,685
62,686
62,687
62,688
62,689
62,690
62,691
62,692
62,693
62,694
62,695
62,696
62,697
62,698
62,699
62,700
62,701
62,702
62,703
62,704
62,705
62,706
62,707
62,708
62,709
62,710
62,711
62,712
62,713
62,714
62,715
62,716
62,717
62,718
62,719
62,720
62,721
62,722
62,723
62,724
62,725
62,726
62,727
62,728
62,729
62,730
63,731
63,732
63,733
63,734
63,735
63,736
63,737
63,738
63,739
63,740
63,741
63,742
63,743
63,744
63,745
63,746
63,747
63,748
63,749
63,750
63,751
63,752
63,753
63,754
63,755
63,756
63,757
63,758
63,759
63,760
63,761
63,762
63,763
63,764
63,765
63,766
63,767
63,768
63,769
63,770
63,771
63,772
63,773
63,774
63,775
63,776
63,777
63,778
63,779
63,780
63,781
63,782
63,783
63,784
63,785
63,786
63,787
63,788
63,789
63,790
63,791
63,792
63,793
63,794
63,795
63,796
63,797
63,798
:72_3,799
:72_3,800
:72_3,801
:72_3,802
:72_3,803
:72_3,804
64,805
64,806
64,807
64,808
64,809
64,810
64,811
64,812
64,813
64,814
64,815
64,816
64,817
64,818
64,819
64,820
64,821
64,822
64,823
64,824
64,825
64,826
64,827
64,828
64,829
64,830
64,831
64,832
64,833
64,834
64,835
64,836
64,837
64,838
64,839
64,840
64,841
64,842
64,843
64,844
64,845
64,846
64,847
64,848
64,849
64,850
64,851
64,852
64,853
64,854
64,855
64,856
64,857
64,858
64,859
64,860
64,861
64,862
64,863
64,864
64,865
64,866
64,867
64,868
64,869
64,870
64,871
64,872
64,873
64,874
64,875
64,876
64,877
64,878
64,879
64,880
64,881
64,882
64,883
64,884
64,885
64,886
:73_13,887
:73_13,888
:73_13,889
:73_13,890
:73_13,891
:73_13,892
369,893
369,894
369,895
369,896
369,897
369,898
369,899
369,900
369,901
369,902
369,903
369,904
369,905
369,906
369,907
369,908
369,909
369,910
369,911
369,912
369,913
369,914
369,915
369,916
369,917
369,918
369,919
369,920
369,921
369,922
369,923
369,924
369,925
369,926
369,927
369,928
369,929
369,930
369,931
369,932
369,933
369,934
369,935
369,936
369,937
369,938
369,939
369,940
369,941
369,942
369,943
369,944
369,945
369,946
369,947
369,948
369,949
369,950
369,951
369,952
369,953
369,954
369,955
369,956
369,957
369,958
369,959
369,960
369,961
369,962
369,963
369,964
369,965
369,966
369,967
369,968
369,969
369,970
369,971
369,972
369,973
369,974
369,975
369,976
369,977
369,978
369,979
369,980
369,981
369,982
369,983
369,984
369,985
369,986
369,987
369,988
369,989
369,990
369,991
369,992
369,993
369,994
369,995
369,996
369,997
369,998
369,999
369,1000
369,1001
369,1002
369,1003
369,1004
369,1005
369,1006
369,1007
369,1008
369,1009
369,1010
369,1011
369,1012
369,1013
369,1014
369,1015
369,1016
369,1017
369,1018
369,1019
369,1020
369,1021
369,1022
369,1023
369,1024
369,1025
369,1026
369,1027
369,1028
369,1029
369,1030
369,1031
369,1032
369,1033
369,1034
369,1035
369,1036
369,1037
369,1038
369,1039
369,1040
369,1041
369,1042
369,1043
369,1044
369,1045
369,1046
369,1047
369,1048
369,1049
369,1050
369,1051
369,1052
369,1053
369,1054
369,1055
369,1056
369,1057
369,1058
369,1059
369,1060
369,1061
369,1062
369,1063
369,1064
369,1065
369,1066
369,1067
369,1068
369,1069
369,1070
369,1071
369,1072
369,1073
369,1074
369,1075
369,1076
369,1077
369,1078
369,1079
369,1080
369,1081
369,1082
369,1083
369,1084
369,1085
369,1086
369,1087
369,1088
369,1089
369,1090
369,1091
369,1092
369,1093
369,1094
369,1095
369,1096
369,1097
369,1098
369,1099
369,1100
369,1101
369,1102
369,1103
369,1104
369,1105
369,1106
369,1107
369,1108
369,1109
369,1110
369,1111
369,1112
369,1113
369,1114
369,1115
369,1116
369,1117
:338_3,1118
:338_3,1119
:338_3,1120
:338_3,1121
:338_3,1122
:338_3,1123
-454,1124
-454,1125
-454,1126
-454,1127
-454,1128
-454,1129
-454,1130
-454,1131
-454,1132
-454,1133
-454,1134
-454,1135
-454,1136
-454,1137
-454,1138
-454,1139
-454,1140
-454,1141
-454,1142
-454,1143
-454,1144
-454,1145
-454,1146
-454,1147
-454,1148
-454,1149
-454,1150
-454,1151
-454,1152
-454,1153
-454,1154
-454,1155
-454,1156
-454,1157
-454,1158
-454,1159
-454,1160
-454,1161
-454,1162
-454,1163
-454,1164
-454,1165
-454,1166
-454,1167
-454,1168
-454,1169
-454,1170
-454,1171
-454,1172
-454,1173
-454,1174
-454,1175
-454,1176
-454,1177
-454,1178
-454,1179
-454,1180
-454,1181
-454,1182
-454,1183
-454,1184
-454,1185
-454,1186
-454,1187
-454,1188
-454,1189
-454,1190
-454,1191
-454,1192
-454,1193
-454,1194
-454,1195
-454,1196
-454,1197
-454,1198
-454,1199
-454,1200
-454,1201
-454,1202
-454,1203
-454,1204
-454,1205
-454,1206
-454,1207
-454,1208
-454,1209
-454,1210
-454,1211
-454,1212
-454,1213
-454,1214
-454,1215
-454,1216
-454,1217
-454,1218
-454,1219
:279_3,1220
:279_3,1221
:279_3,1222
:279_3,1223
:279_3,1224
:279_3,1225
-289,1226
-289,1227
-289,1228
-289,1229
-289,1230
-289,1231
-289,1232
-289,1233
-289,1234
-289,1235
-289,1236
-289,1237
-289,1238
-289,1239
-289,1240
-289,1241
-289,1242
-289,1243
-289,1244
-289,1245
-289,1246
-289,1247
-289,1248
-289,1249
-289,1250
-289,1251
-289,1252
-289,1253
-289,1254
-289,1255
-289,1256
-289,1257
-289,1258
-289,1259
-289,1260
-289,1261
-289,1262
-289,1263
-289,1264
-289,1265
-289,1266
-289,1267
-289,1268
-289,1269
-289,1270
-289,1271
-289,1272
-289,1273
-289,1274
-289,1275
-289,1276
-289,1277
-289,1278
-289,1279
-289,1280
-289,1281
-289,1282
-289,1283
-289,1284
-289,1285
-289,1286
-289,1287
-289,1288
-289,1289
-289,1290
-289,1291
-289,1292
-289,1293
-289,1294
-289,1295
-289,1296
-289,1297
-289,1298
-289,1299
-289,1300
-289,1301
-289,1302
-289,1303
-289,1304
-289,1305
-289,1306
-289,1307
-289,1308
-289,1309
-289,1310
-289,1311
-289,1312
-289,1313
