144,21
144,22
144,23
144,24
144,25
144,26
144,27
144,28
144,29
144,30
144,31
144,32
144,33
144,34
144,35
144,36
144,37
144,38
144,39
144,40
144,41
144,42
144,43
144,44
144,45
144,46
144,47
144,48
144,49
144,50
144,51
144,52
144,53
144,54
144,55
144,56
144,57
144,58
144,59
144,60
144,61
144,62
144,63
144,64
144,65
144,66
144,67
144,68
144,69
144,70
144,71
144,72
144,73
144,74
144,75
144,76
144,77
144,78
144,79
144,80
144,81
144,82
144,83
144,84
144,85
144,86
144,87
144,88
144,89
144,90
144,91
144,92
144,93
144,94
144,95
144,96
144,97
144,98
144,99
144,100
144,101
144,102
144,103
144,104
144,105
144,106
144,107
144,108
144,109
144,110
144,111
144,112
144,113
144,114
144,115
144,116
144,117
144,118
144,119
144,120
144,121
144,122
144,123
144,124
144,125
144,126
144,127
144,128
144,129
144,130
144,131
144,132
144,133
144,134
144,135
144,136
144,137
144,138
144,139
144,140
144,141
144,142
144,143
144,144
144,145
144,146
144,147
144,148
144,149
144,150
144,151
144,152
144,153
144,154
144,155
144,156
144,157
144,158
144,159
144,160
144,161
144,162
144,163
144,164
144,165
144,166
144,167
144,168
144,169
144,170
144,171
144,172
144,173
144,174
144,175
144,176
144,177
144,178
144,179
144,180
144,181
144,182
144,183
144,184
144,185
144,186
144,187
144,188
144,189
144,190
144,191
144,192
144,193
144,194
144,195
144,196
144,197
144,198
144,199
144,200
144,201
144,202
144,203
144,204
144,205
144,206
144,207
144,208
144,209
144,210
144,211
144,212
144,213
144,214
144,215
144,216
144,217
144,218
144,219
144,220
144,221
144,222
144,223
144,224
144,225
144,226
144,227
144,228
144,229
144,230
144,231
144,232
144,233
144,234
144,235
144,236
144,237
144,238
144,239
144,240
144,241
144,242
144,243
144,244
144,245
144,246
144,247
144,248
144,249
144,250
144,251
144,252
144,253
144,254
144,255
144,256
144,257
144,258
144,259
144,260
144,261
144,262
144,263
144,264
144,265
144,266
144,267
144,268
144,269
144,270
144,271
144,272
144,273
144,274
144,275
144,276
144,277
144,278
144,279
144,280
144,281
144,282
144,283
144,284
144,285
144,286
144,287
144,288
144,289
144,290
144,291
144,292
144,293
144,294
144,295
144,296
144,297
144,298
144,299
144,300
:159_0,301
:159_0,302
:159_0,303
:159_0,304
:159_0,305
:159_0,306
399,307
399,308
399,309
399,310
399,311
399,312
399,313
399,314
399,315
399,316
399,317
399,318
399,319
399,320
399,321
399,322
399,323
399,324
399,325
399,326
399,327
399,328
399,329
399,330
399,331
399,332
399,333
399,334
399,335
399,336
399,337
399,338
399,339
399,340
399,341
399,342
399,343
399,344
399,345
399,346
399,347
399,348
399,349
399,350
399,351
399,352
399,353
399,354
399,355
399,356
399,357
399,358
399,359
399,360
399,361
399,362
399,363
399,364
399,365
399,366
399,367
399,368
399,369
399,370
399,371
399,372
399,373
399,374
399,375
399,376
399,377
399,378
399,379
399,380
399,381
399,382
399,383
399,384
399,385
399,386
399,387
399,388
399,389
399,390
399,391
399,392
399,393
399,394
399,395
399,396
399,397
399,398
399,399
399,400
399,401
399,402
399,403
399,404
399,405
399,406
399,407
399,408
399,409
399,410
399,411
399,412
399,413
399,414
399,415
399,416
399,417
399,418
399,419
399,420
399,421
399,422
399,423
399,424
399,425
399,426
399,427
399,428
399,429
399,430
399,431
399,432
399,433
399,434
399,435
399,436
399,437
399,438
399,439
399,440
399,441
399,442
:169_0,443
:169_0,444
:169_0,445
:169_0,446
:169_0,447
-153,448
-153,449
-153,450
-153,451
-153,452
-153,453
-153,454
-153,455
-153,456
-153,457
-153,458
-153,459
-153,460
-153,461
-153,462
-153,463
-153,464
-153,465
-153,466
-153,467
-153,468
-153,469
-153,470
-153,471
-153,472
-153,473
-153,474
-153,475
-153,476
-153,477
-153,478
-153,479
-153,480
-153,481
-153,482
-153,483
-153,484
-153,485
-153,486
-153,487
-153,488
-153,489
-153,490
-153,491
-153,492
-153,493
-153,494
-153,495
-153,496
-153,497
-153,498
-153,499
-153,500
-153,501
-153,502
-153,503
-153,504
-153,505
-153,506
-153,507
-153,508
-153,509
-153,510
-153,511
-153,512
-153,513
-153,514
-153,515
-153,516
-153,517
-153,518
-153,519
-153,520
-153,521
-153,522
-153,523
-153,524
-153,525
-153,526
-153,527
-153,528
-153,529
-153,530
-153,531
-153,532
-153,533
-153,534
-153,535
-153,536
-153,537
-153,538
-153,539
-153,540
-153,541
-153,542
-153,543
-153,544
-153,545
-153,546
-153,547
-153,548
-153,549
-153,550
-153,551
-153,552
-153,553
-153,554
-153,555
-153,556
-153,557
-153,558
-153,559
-153,560
-153,561
-153,562
-153,563
-153,564
-153,565
-153,566
-153,567
-153,568
-153,569
-153,570
-153,571
-153,572
-153,573
-153,574
-153,575
-153,576
-153,577
-153,578
-153,579
-153,580
-153,581
-153,582
-153,583
-153,584
:166_0,585
:166_0,586
:166_0,587
154,588
154,589
154,590
154,591
154,592
154,593
154,594
154,595
154,596
154,597
154,598
154,599
154,600
154,601
154,602
154,603
154,604
154,605
154,606
154,607
154,608
154,609
154,610
154,611
154,612
154,613
154,614
154,615
154,616
154,617
154,618
154,619
154,620
154,621
154,622
154,623
154,624
154,625
154,626
154,627
154,628
154,629
154,630
154,631
154,632
154,633
154,634
154,635
154,636
154,637
154,638
154,639
154,640
154,641
154,642
154,643
154,644
154,645
154,646
154,647
154,648
154,649
154,650
154,651
154,652
154,653
154,654
154,655
154,656
154,657
154,658
154,659
154,660
154,661
154,662
154,663
154,664
154,665
154,666
154,667
154,668
154,669
154,670
154,671
154,672
154,673
154,674
154,675
154,676
154,677
154,678
154,679
154,680
154,681
154,682
154,683
154,684
154,685
154,686
154,687
154,688
154,689
154,690
154,691
154,692
154,693
154,694
154,695
154,696
154,697
154,698
154,699
154,700
154,701
154,702
154,703
154,704
154,705
154,706
154,707
154,708
154,709
154,710
154,711
154,712
154,713
154,714
154,715
154,716
154,717
154,718
154,719
154,720
154,721
154,722
154,723
154,724
154,725
154,726
154,727
154,728
154,729
154,730
154,731
154,732
154,733
154,734
154,735
154,736
154,737
154,738
154,739
154,740
154,741
154,742
154,743
154,744
154,745
154,746
154,747
154,748
154,749
154,750
154,751
154,752
154,753
154,754
154,755
154,756
154,757
154,758
154,759
154,760
154,761
154,762
154,763
154,764
154,765
154,766
154,767
154,768
154,769
154,770
154,771
154,772
154,773
154,774
154,775
154,776
154,777
154,778
154,779
154,780
154,781
154,782
154,783
154,784
154,785
154,786
154,787
154,788
154,789
154,790
154,791
154,792
154,793
154,794
154,795
154,796
154,797
154,798
154,799
154,800
154,801
154,802
154,803
154,804
154,805
154,806
154,807
154,808
154,809
154,810
154,811
154,812
154,813
154,814
154,815
154,816
154,817
154,818
154,819
154,820
154,821
154,822
154,823
154,824
154,825
154,826
154,827
154,828
154,829
154,830
154,831
154,832
154,833
154,834
154,835
154,836
154,837
154,838
154,839
154,840
154,841
154,842
154,843
154,844
154,845
154,846
154,847
154,848
154,849
154,850
154,851
154,852
154,853
154,854
154,855
154,856
154,857
154,858
154,859
154,860
:170_4,861
:170_4,862
:170_4,863
:170_4,864
:170_4,865
:170_4,866
-324,867
-324,868
-324,869
-324,870
-324,871
-324,872
-324,873
-324,874
-324,875
-324,876
-324,877
-324,878
-324,879
-324,880
-324,881
-324,882
-324,883
-324,884
-324,885
-324,886
-324,887
-324,888
-324,889
-324,890
-324,891
-324,892
-324,893
-324,894
-324,895
-324,896
-324,897
-324,898
-324,899
-324,900
-324,901
-324,902
-324,903
-324,904
-324,905
-324,906
-324,907
-324,908
-324,909
-324,910
-324,911
-324,912
-324,913
-324,914
-324,915
-324,916
-324,917
-324,918
-324,919
-324,920
-324,921
-324,922
-324,923
-324,924
-324,925
-324,926
-324,927
-324,928
-324,929
-324,930
-324,931
-324,932
-324,933
-324,934
-324,935
-324,936
-324,937
-324,938
-324,939
-324,940
-324,941
-324,942
-324,943
-324,944
-324,945
-324,946
-324,947
-324,948
-324,949
-324,950
-324,951
-324,952
-324,953
-324,954
-324,955
-324,956
-324,957
-324,958
-324,959
-324,960
-324,961
-324,962
-324,963
-324,964
-324,965
-324,966
-324,967
-324,968
-324,969
-324,970
-324,971
-324,972
-324,973
-324,974
-324,975
-324,976
-324,977
-324,978
-324,979
-324,980
-324,981
-324,982
-324,983
-324,984
-324,985
-324,986
-324,987
-324,988
-324,989
-324,990
-324,991
-324,992
-324,993
-324,994
-324,995
-324,996
-324,997
-324,998
-324,999
-324,1000
-324,1001
-324,1002
-324,1003
-324,1004
-324,1005
-324,1006
-324,1007
-324,1008
-324,1009
-324,1010
-324,1011
-324,1012
-324,1013
-324,1014
-324,1015
-324,1016
-324,1017
-324,1018
-324,1019
-324,1020
-324,1021
-324,1022
-324,1023
-324,1024
-324,1025
-324,1026
-324,1027
-324,1028
-324,1029
-324,1030
-324,1031
-324,1032
-324,1033
-324,1034
-324,1035
-324,1036
-324,1037
-324,1038
-324,1039
-324,1040
-324,1041
-324,1042
-324,1043
-324,1044
-324,1045
-324,1046
-324,1047
-324,1048
-324,1049
-324,1050
-324,1051
-324,1052
-324,1053
-324,1054
-324,1055
-324,1056
-324,1057
-324,1058
-324,1059
-324,1060
-324,1061
-324,1062
-324,1063
-324,1064
-324,1065
-324,1066
-324,1067
-324,1068
-324,1069
-324,1070
-324,1071
-324,1072
-324,1073
-324,1074
-324,1075
-324,1076
-324,1077
-324,1078
-324,1079
-324,1080
-324,1081
-324,1082
-324,1083
-324,1084
-324,1085
-324,1086
-324,1087
-324,1088
-324,1089
-324,1090
-324,1091
-324,1092
-324,1093
-324,1094
-324,1095
-324,1096
-324,1097
-324,1098
-324,1099
-324,1100
-324,1101
-324,1102
-324,1103
-324,1104
-324,1105
-324,1106
-324,1107
-324,1108
-324,1109
-324,1110
-324,1111
-324,1112
-324,1113
-324,1114
-324,1115
-324,1116
-324,1117
-324,1118
-324,1119
-324,1120
-324,1121
-324,1122
-324,1123
-324,1124
-324,1125
-324,1126
-324,1127
-324,1128
-324,1129
-324,1130
-324,1131
-324,1132
-324,1133
-324,1134
-324,1135
-324,1136
-324,1137
-324,1138
-324,1139
-324,1140
-324,1141
-324,1142
-324,1143
-324,1144
-324,1145
-324,1146
-324,1147
-324,1148
-324,1149
-324,1150
-324,1151
-324,1152
-324,1153
-324,1154
-324,1155
-324,1156
-324,1157
-324,1158
-324,1159
-324,1160
-324,1161
-324,1162
-324,1163
-324,1164
-324,1165
-324,1166
-324,1167
-324,1168
-324,1169
-324,1170
-324,1171
-324,1172
-324,1173
-324,1174
-324,1175
-324,1176
-324,1177
-324,1178
-324,1179
-324,1180
-324,1181
-324,1182
-324,1183
-324,1184
-324,1185
-324,1186
-324,1187
-324,1188
-324,1189
-324,1190
-324,1191
-324,1192
-324,1193
-324,1194
-324,1195
-324,1196
-324,1197
-324,1198
-324,1199
-324,1200
-324,1201
-324,1202
-324,1203
-324,1204
-324,1205
-324,1206
-324,1207
-324,1208
-324,1209
-324,1210
-324,1211
-324,1212
-324,1213
