554,1
554,2
554,3
554,4
554,5
554,6
554,7
554,8
554,9
554,10
554,11
554,12
554,13
554,14
554,15
554,16
554,17
554,18
554,19
554,20
554,21
554,22
554,23
554,24
554,25
554,26
554,27
554,28
554,29
554,30
554,31
554,32
554,33
554,34
554,35
554,36
554,37
554,38
554,39
554,40
554,41
554,42
554,43
554,44
554,45
554,46
554,47
554,48
554,49
554,50
554,51
554,52
554,53
554,54
554,55
554,56
554,57
554,58
554,59
554,60
554,61
554,62
554,63
554,64
554,65
554,66
554,67
554,68
554,69
554,70
554,71
554,72
554,73
554,74
554,75
554,76
554,77
554,78
554,79
554,80
554,81
554,82
554,83
554,84
554,85
554,86
554,87
554,88
554,89
554,90
554,91
554,92
554,93
554,94
554,95
554,96
554,97
554,98
554,99
554,100
554,101
554,102
554,103
554,104
554,105
554,106
554,107
554,108
554,109
554,110
554,111
554,112
554,113
554,114
554,115
554,116
554,117
554,118
554,119
554,120
:164_6,121
:164_6,122
:164_6,123
149,124
149,125
149,126
149,127
149,128
149,129
149,130
149,131
149,132
149,133
149,134
149,135
149,136
149,137
149,138
149,139
149,140
149,141
149,142
149,143
149,144
149,145
149,146
149,147
149,148
149,149
149,150
149,151
149,152
149,153
149,154
149,155
149,156
149,157
149,158
149,159
149,160
149,161
149,162
149,163
149,164
149,165
149,166
149,167
149,168
149,169
149,170
149,171
149,172
149,173
149,174
149,175
149,176
149,177
149,178
149,179
149,180
149,181
149,182
149,183
149,184
149,185
149,186
149,187
149,188
149,189
149,190
149,191
149,192
149,193
149,194
149,195
149,196
149,197
149,198
149,199
149,200
149,201
149,202
149,203
149,204
149,205
149,206
149,207
149,208
149,209
149,210
149,211
149,212
149,213
149,214
149,215
149,216
149,217
149,218
149,219
149,220
149,221
149,222
149,223
149,224
149,225
149,226
149,227
149,228
149,229
149,230
149,231
149,232
149,233
149,234
149,235
149,236
149,237
149,238
149,239
149,240
149,241
149,242
149,243
149,244
149,245
149,246
149,247
149,248
149,249
149,250
149,251
149,252
149,253
149,254
149,255
149,256
149,257
149,258
149,259
149,260
149,261
149,262
149,263
149,264
149,265
149,266
149,267
149,268
:63_0,269
:63_0,270
:63_0,271
-55,272
-55,273
-55,274
-55,275
-55,276
-55,277
-55,278
-55,279
-55,280
-55,281
-55,282
-55,283
-55,284
-55,285
-55,286
-55,287
-55,288
-55,289
-55,290
-55,291
-55,292
-55,293
-55,294
-55,295
-55,296
-55,297
-55,298
-55,299
-55,300
-55,301
-55,302
-55,303
-55,304
-55,305
-55,306
-55,307
-55,308
-55,309
-55,310
-55,311
-55,312
-55,313
-55,314
-55,315
-55,316
-55,317
-55,318
-55,319
-55,320
-55,321
-55,322
-55,323
-55,324
-55,325
-55,326
-55,327
-55,328
-55,329
-55,330
-55,331
-55,332
-55,333
-55,334
-55,335
-55,336
-55,337
-55,338
-55,339
-55,340
-55,341
-55,342
-55,343
-55,344
-55,345
-55,346
-55,347
-55,348
-55,349
-55,350
-55,351
-55,352
-55,353
-55,354
-55,355
-55,356
-55,357
-55,358
-55,359
-55,360
-55,361
-55,362
-55,363
-55,364
-55,365
-55,366
-55,367
-55,368
-55,369
-55,370
-55,371
-55,372
-55,373
-55,374
-55,375
-55,376
-55,377
-55,378
-55,379
-55,380
-55,381
:62_1,382
:62_1,383
:62_1,384
:62_1,385
:62_1,386
-54,387
-54,388
-54,389
-54,390
-54,391
-54,392
-54,393
-54,394
-54,395
-54,396
-54,397
-54,398
-54,399
-54,400
-54,401
-54,402
-54,403
-54,404
-54,405
-54,406
-54,407
-54,408
-54,409
-54,410
-54,411
-54,412
-54,413
-54,414
-54,415
-54,416
-54,417
-54,418
-54,419
-54,420
-54,421
-54,422
-54,423
-54,424
-54,425
-54,426
-54,427
-54,428
-54,429
-54,430
-54,431
:61_0,432
:61_0,433
:61_0,434
:61_0,435
:61_0,436
-53,437
-53,438
-53,439
-53,440
-53,441
-53,442
-53,443
-53,444
-53,445
-53,446
-53,447
-53,448
-53,449
-53,450
-53,451
-53,452
-53,453
-53,454
-53,455
-53,456
-53,457
-53,458
-53,459
-53,460
-53,461
-53,462
-53,463
-53,464
-53,465
-53,466
-53,467
-53,468
-53,469
-53,470
-53,471
-53,472
-53,473
-53,474
-53,475
-53,476
-53,477
-53,478
-53,479
-53,480
-53,481
-53,482
-53,483
-53,484
-53,485
-53,486
-53,487
-53,488
-53,489
-53,490
-53,491
-53,492
-53,493
-53,494
-53,495
-53,496
-53,497
-53,498
-53,499
-53,500
-53,501
-53,502
-53,503
-53,504
-53,505
-53,506
-53,507
:58_5,508
:58_5,509
:58_5,510
:58_5,511
:58_5,512
56,513
56,514
56,515
56,516
56,517
56,518
56,519
56,520
56,521
56,522
56,523
56,524
56,525
56,526
56,527
56,528
56,529
56,530
56,531
56,532
56,533
56,534
56,535
56,536
56,537
56,538
56,539
56,540
56,541
56,542
56,543
56,544
56,545
56,546
56,547
56,548
56,549
56,550
56,551
56,552
56,553
56,554
56,555
56,556
56,557
56,558
56,559
56,560
56,561
56,562
56,563
56,564
56,565
56,566
56,567
56,568
56,569
56,570
56,571
56,572
56,573
56,574
56,575
56,576
56,577
56,578
56,579
56,580
56,581
56,582
56,583
56,584
56,585
56,586
56,587
56,588
56,589
56,590
56,591
56,592
56,593
56,594
56,595
56,596
56,597
56,598
56,599
56,600
56,601
56,602
56,603
56,604
56,605
56,606
56,607
56,608
56,609
56,610
56,611
56,612
56,613
56,614
56,615
56,616
56,617
56,618
56,619
56,620
56,621
56,622
56,623
56,624
56,625
56,626
56,627
56,628
56,629
56,630
56,631
56,632
56,633
56,634
56,635
56,636
56,637
56,638
56,639
56,640
56,641
56,642
56,643
56,644
56,645
56,646
:64_1,647
:64_1,648
:64_1,649
:64_1,650
:64_1,651
569,652
569,653
569,654
569,655
569,656
569,657
569,658
569,659
569,660
569,661
569,662
569,663
569,664
569,665
569,666
569,667
569,668
569,669
569,670
569,671
569,672
569,673
569,674
569,675
569,676
569,677
569,678
569,679
569,680
569,681
569,682
569,683
569,684
569,685
569,686
569,687
569,688
569,689
569,690
569,691
569,692
569,693
569,694
569,695
569,696
569,697
569,698
569,699
569,700
569,701
569,702
569,703
569,704
569,705
569,706
569,707
569,708
569,709
569,710
569,711
569,712
569,713
569,714
569,715
569,716
569,717
569,718
569,719
569,720
569,721
569,722
569,723
569,724
569,725
569,726
569,727
569,728
569,729
569,730
569,731
569,732
569,733
569,734
569,735
569,736
569,737
569,738
569,739
569,740
569,741
569,742
569,743
569,744
569,745
569,746
569,747
569,748
:151_0,749
:151_0,750
:151_0,751
:151_0,752
:151_0,753
570,754
570,755
570,756
570,757
570,758
570,759
570,760
570,761
570,762
570,763
570,764
570,765
570,766
570,767
570,768
570,769
570,770
570,771
570,772
570,773
570,774
570,775
570,776
570,777
570,778
570,779
570,780
570,781
570,782
570,783
570,784
570,785
570,786
570,787
570,788
570,789
570,790
570,791
570,792
570,793
570,794
570,795
570,796
570,797
570,798
570,799
570,800
570,801
570,802
570,803
570,804
570,805
570,806
570,807
570,808
570,809
570,810
570,811
570,812
570,813
570,814
570,815
570,816
570,817
570,818
570,819
570,820
570,821
570,822
570,823
570,824
570,825
570,826
570,827
570,828
570,829
570,830
570,831
570,832
570,833
570,834
570,835
570,836
570,837
570,838
570,839
570,840
570,841
570,842
570,843
570,844
570,845
570,846
570,847
570,848
570,849
570,850
570,851
570,852
570,853
570,854
570,855
570,856
570,857
570,858
570,859
570,860
570,861
570,862
570,863
570,864
570,865
570,866
570,867
570,868
570,869
570,870
570,871
570,872
570,873
570,874
570,875
570,876
570,877
570,878
570,879
570,880
570,881
570,882
570,883
570,884
570,885
570,886
570,887
570,888
570,889
570,890
570,891
570,892
570,893
570,894
570,895
570,896
570,897
570,898
570,899
570,900
570,901
570,902
570,903
570,904
570,905
570,906
570,907
:99_0,908
:99_0,909
:99_0,910
:99_0,911
:99_0,912
571,913
571,914
571,915
571,916
571,917
571,918
571,919
571,920
571,921
571,922
571,923
571,924
571,925
571,926
571,927
571,928
571,929
571,930
571,931
571,932
571,933
571,934
571,935
571,936
571,937
571,938
571,939
571,940
571,941
571,942
571,943
571,944
571,945
571,946
571,947
571,948
571,949
571,950
571,951
571,952
571,953
571,954
571,955
571,956
571,957
571,958
571,959
571,960
571,961
571,962
571,963
571,964
571,965
571,966
571,967
571,968
571,969
571,970
571,971
571,972
571,973
571,974
571,975
571,976
571,977
571,978
571,979
571,980
571,981
571,982
571,983
571,984
571,985
571,986
571,987
571,988
571,989
571,990
571,991
571,992
571,993
571,994
571,995
571,996
571,997
571,998
571,999
571,1000
571,1001
571,1002
571,1003
571,1004
571,1005
571,1006
571,1007
571,1008
571,1009
571,1010
571,1011
571,1012
571,1013
571,1014
571,1015
571,1016
571,1017
571,1018
571,1019
571,1020
571,1021
571,1022
571,1023
571,1024
571,1025
571,1026
571,1027
571,1028
571,1029
571,1030
571,1031
571,1032
571,1033
571,1034
571,1035
571,1036
571,1037
571,1038
571,1039
571,1040
571,1041
571,1042
571,1043
571,1044
571,1045
571,1046
571,1047
571,1048
571,1049
571,1050
571,1051
571,1052
571,1053
571,1054
571,1055
571,1056
571,1057
571,1058
571,1059
571,1060
571,1061
571,1062
571,1063
571,1064
571,1065
571,1066
571,1067
571,1068
571,1069
571,1070
571,1071
571,1072
571,1073
571,1074
571,1075
571,1076
571,1077
571,1078
571,1079
571,1080
571,1081
571,1082
571,1083
571,1084
571,1085
571,1086
571,1087
571,1088
571,1089
571,1090
571,1091
571,1092
571,1093
571,1094
571,1095
571,1096
571,1097
571,1098
571,1099
571,1100
571,1101
571,1102
571,1103
571,1104
:92_1,1105
:92_1,1106
:92_1,1107
:92_1,1108
:92_1,1109
-79,1110
-79,1111
-79,1112
-79,1113
-79,1114
-79,1115
-79,1116
-79,1117
-79,1118
-79,1119
-79,1120
-79,1121
-79,1122
-79,1123
-79,1124
-79,1125
-79,1126
-79,1127
-79,1128
-79,1129
-79,1130
-79,1131
-79,1132
-79,1133
-79,1134
-79,1135
-79,1136
-79,1137
-79,1138
-79,1139
-79,1140
-79,1141
-79,1142
-79,1143
-79,1144
-79,1145
-79,1146
-79,1147
-79,1148
-79,1149
-79,1150
-79,1151
-79,1152
-79,1153
-79,1154
-79,1155
-79,1156
-79,1157
-79,1158
-79,1159
-79,1160
-79,1161
-79,1162
-79,1163
-79,1164
-79,1165
-79,1166
-79,1167
-79,1168
-79,1169
-79,1170
-79,1171
-79,1172
-79,1173
-79,1174
-79,1175
-79,1176
-79,1177
-79,1178
-79,1179
-79,1180
-79,1181
-79,1182
-79,1183
-79,1184
-79,1185
-79,1186
-79,1187
-79,1188
-79,1189
-79,1190
-79,1191
-79,1192
-79,1193
-79,1194
-79,1195
-79,1196
-79,1197
-79,1198
-79,1199
-79,1200
-79,1201
-79,1202
-79,1203
-79,1204
-79,1205
-79,1206
-79,1207
-79,1208
-79,1209
:91_0,1210
:91_0,1211
:91_0,1212
:91_0,1213
:91_0,1214
:91_0,1215
:91_0,1216
80,1217
80,1218
80,1219
80,1220
80,1221
80,1222
80,1223
80,1224
80,1225
80,1226
80,1227
80,1228
80,1229
80,1230
80,1231
80,1232
80,1233
80,1234
80,1235
80,1236
80,1237
80,1238
80,1239
80,1240
80,1241
80,1242
80,1243
80,1244
80,1245
80,1246
80,1247
80,1248
80,1249
80,1250
80,1251
80,1252
80,1253
80,1254
80,1255
80,1256
80,1257
80,1258
80,1259
80,1260
80,1261
80,1262
80,1263
80,1264
80,1265
80,1266
80,1267
80,1268
80,1269
80,1270
80,1271
80,1272
80,1273
80,1274
80,1275
80,1276
80,1277
80,1278
80,1279
80,1280
80,1281
80,1282
80,1283
80,1284
80,1285
80,1286
80,1287
80,1288
80,1289
80,1290
80,1291
80,1292
80,1293
80,1294
80,1295
80,1296
80,1297
80,1298
80,1299
80,1300
80,1301
80,1302
80,1303
80,1304
80,1305
80,1306
80,1307
80,1308
80,1309
80,1310
80,1311
80,1312
80,1313
80,1314
80,1315
80,1316
80,1317
80,1318
80,1319
80,1320
80,1321
80,1322
80,1323
80,1324
:93_4,1325
:93_4,1326
:93_4,1327
:93_4,1328
:93_4,1329
630,1330
630,1331
630,1332
630,1333
630,1334
630,1335
630,1336
630,1337
630,1338
630,1339
630,1340
630,1341
630,1342
630,1343
630,1344
630,1345
630,1346
630,1347
630,1348
630,1349
630,1350
630,1351
630,1352
630,1353
630,1354
630,1355
630,1356
630,1357
630,1358
630,1359
630,1360
630,1361
630,1362
630,1363
630,1364
630,1365
630,1366
630,1367
630,1368
630,1369
630,1370
630,1371
630,1372
630,1373
630,1374
630,1375
630,1376
630,1377
630,1378
630,1379
630,1380
630,1381
630,1382
630,1383
630,1384
630,1385
630,1386
630,1387
630,1388
630,1389
630,1390
630,1391
630,1392
630,1393
630,1394
630,1395
630,1396
630,1397
630,1398
630,1399
630,1400
630,1401
630,1402
630,1403
630,1404
630,1405
630,1406
630,1407
630,1408
630,1409
630,1410
630,1411
630,1412
630,1413
630,1414
630,1415
630,1416
630,1417
630,1418
630,1419
630,1420
630,1421
630,1422
630,1423
630,1424
630,1425
630,1426
630,1427
630,1428
630,1429
630,1430
630,1431
630,1432
630,1433
630,1434
630,1435
630,1436
630,1437
630,1438
630,1439
:213_4,1440
:213_4,1441
:213_4,1442
:213_4,1443
:213_4,1444
-205,1445
-205,1446
-205,1447
-205,1448
-205,1449
-205,1450
-205,1451
-205,1452
-205,1453
-205,1454
-205,1455
-205,1456
-205,1457
-205,1458
-205,1459
-205,1460
-205,1461
-205,1462
-205,1463
-205,1464
-205,1465
-205,1466
-205,1467
-205,1468
-205,1469
-205,1470
-205,1471
-205,1472
-205,1473
-205,1474
-205,1475
-205,1476
-205,1477
-205,1478
-205,1479
-205,1480
-205,1481
-205,1482
-205,1483
-205,1484
-205,1485
-205,1486
-205,1487
-205,1488
-205,1489
-205,1490
-205,1491
-205,1492
-205,1493
-205,1494
-205,1495
-205,1496
-205,1497
-205,1498
-205,1499
-205,1500
-205,1501
-205,1502
-205,1503
-205,1504
-205,1505
-205,1506
-205,1507
-205,1508
-205,1509
-205,1510
-205,1511
-205,1512
-205,1513
-205,1514
-205,1515
-205,1516
-205,1517
-205,1518
-205,1519
-205,1520
-205,1521
-205,1522
-205,1523
-205,1524
-205,1525
-205,1526
-205,1527
-205,1528
-205,1529
-205,1530
-205,1531
-205,1532
-205,1533
-205,1534
-205,1535
-205,1536
-205,1537
-205,1538
-205,1539
-205,1540
-205,1541
-205,1542
-205,1543
-205,1544
-205,1545
-205,1546
-205,1547
-205,1548
-205,1549
-205,1550
-205,1551
-205,1552
-205,1553
