-172,21
-172,22
-172,23
-172,24
-172,25
-172,26
-172,27
-172,28
-172,29
-172,30
-172,31
-172,32
-172,33
-172,34
-172,35
-172,36
-172,37
-172,38
-172,39
-172,40
-172,41
-172,42
-172,43
-172,44
-172,45
-172,46
-172,47
-172,48
-172,49
-172,50
-172,51
-172,52
-172,53
-172,54
-172,55
-172,56
-172,57
-172,58
-172,59
-172,60
-172,61
-172,62
-172,63
-172,64
-172,65
-172,66
-172,67
-172,68
-172,69
-172,70
-172,71
-172,72
-172,73
-172,74
-172,75
-172,76
-172,77
-172,78
-172,79
-172,80
-172,81
-172,82
-172,83
-172,84
-172,85
-172,86
-172,87
-172,88
-172,89
-172,90
-172,91
-172,92
-172,93
-172,94
-172,95
-172,96
-172,97
-172,98
-172,99
-172,100
-172,101
-172,102
-172,103
-172,104
-172,105
-172,106
-172,107
-172,108
-172,109
-172,110
-172,111
-172,112
-172,113
-172,114
-172,115
-172,116
-172,117
-172,118
-172,119
-172,120
-172,121
-172,122
-172,123
-172,124
-172,125
-172,126
-172,127
-172,128
-172,129
-172,130
-172,131
-172,132
-172,133
-172,134
-172,135
-172,136
-172,137
-172,138
-172,139
-172,140
-172,141
-172,142
-172,143
-172,144
-172,145
-172,146
-172,147
-172,148
-172,149
-172,150
-172,151
-172,152
-172,153
-172,154
-172,155
-172,156
-172,157
-172,158
-172,159
-172,160
-172,161
-172,162
-172,163
-172,164
-172,165
:181_1,166
:181_1,167
:181_1,168
:181_1,169
:181_1,170
:181_1,171
174,172
174,173
174,174
174,175
174,176
174,177
174,178
174,179
174,180
174,181
174,182
174,183
174,184
174,185
174,186
174,187
174,188
174,189
174,190
174,191
174,192
174,193
174,194
174,195
174,196
174,197
174,198
174,199
174,200
174,201
174,202
174,203
174,204
174,205
174,206
174,207
174,208
174,209
174,210
174,211
174,212
174,213
174,214
174,215
174,216
174,217
174,218
174,219
174,220
174,221
174,222
174,223
174,224
174,225
174,226
174,227
174,228
174,229
174,230
174,231
174,232
174,233
174,234
174,235
174,236
174,237
174,238
174,239
174,240
174,241
174,242
174,243
174,244
174,245
174,246
174,247
174,248
174,249
174,250
174,251
174,252
174,253
174,254
174,255
174,256
174,257
174,258
174,259
174,260
174,261
174,262
174,263
174,264
174,265
174,266
174,267
174,268
174,269
174,270
174,271
174,272
174,273
174,274
174,275
174,276
174,277
174,278
174,279
174,280
174,281
174,282
174,283
174,284
174,285
174,286
174,287
174,288
174,289
174,290
174,291
174,292
174,293
174,294
174,295
174,296
174,297
174,298
174,299
174,300
174,301
174,302
174,303
174,304
174,305
174,306
174,307
174,308
174,309
174,310
174,311
174,312
174,313
174,314
174,315
174,316
174,317
174,318
174,319
174,320
174,321
174,322
174,323
174,324
174,325
174,326
174,327
174,328
174,329
174,330
174,331
174,332
174,333
174,334
174,335
174,336
174,337
174,338
174,339
174,340
:187_13,341
:187_13,342
:187_13,343
:187_13,344
:187_13,345
:187_13,346
185,347
185,348
185,349
185,350
185,351
185,352
185,353
185,354
185,355
185,356
185,357
185,358
185,359
185,360
185,361
185,362
185,363
185,364
185,365
185,366
185,367
185,368
185,369
185,370
185,371
185,372
185,373
185,374
185,375
185,376
185,377
185,378
185,379
185,380
185,381
185,382
185,383
185,384
185,385
185,386
185,387
185,388
185,389
185,390
185,391
185,392
185,393
185,394
185,395
185,396
185,397
185,398
185,399
185,400
185,401
185,402
185,403
185,404
185,405
185,406
185,407
185,408
185,409
185,410
185,411
185,412
185,413
185,414
185,415
185,416
185,417
185,418
185,419
185,420
185,421
185,422
185,423
185,424
185,425
185,426
185,427
185,428
185,429
185,430
185,431
185,432
185,433
185,434
:191_0,435
:191_0,436
:191_0,437
:191_0,438
-195,439
-195,440
-195,441
-195,442
-195,443
-195,444
-195,445
-195,446
-195,447
-195,448
-195,449
-195,450
-195,451
-195,452
-195,453
-195,454
-195,455
-195,456
-195,457
-195,458
-195,459
-195,460
-195,461
-195,462
-195,463
-195,464
-195,465
-195,466
-195,467
-195,468
-195,469
-195,470
-195,471
-195,472
-195,473
-195,474
-195,475
-195,476
-195,477
-195,478
-195,479
-195,480
-195,481
-195,482
-195,483
-195,484
-195,485
-195,486
-195,487
-195,488
-195,489
-195,490
-195,491
-195,492
-195,493
-195,494
-195,495
-195,496
-195,497
-195,498
-195,499
-195,500
-195,501
-195,502
-195,503
-195,504
-195,505
-195,506
-195,507
-195,508
-195,509
-195,510
-195,511
-195,512
-195,513
-195,514
-195,515
-195,516
-195,517
-195,518
-195,519
-195,520
-195,521
-195,522
-195,523
-195,524
-195,525
-195,526
-195,527
-195,528
-195,529
-195,530
-195,531
-195,532
-195,533
-195,534
-195,535
-195,536
-195,537
-195,538
-195,539
-195,540
-195,541
-195,542
-195,543
-195,544
-195,545
-195,546
-195,547
-195,548
-195,549
-195,550
-195,551
-195,552
-195,553
-195,554
-195,555
-195,556
-195,557
-195,558
-195,559
-195,560
-195,561
-195,562
-195,563
-195,564
-195,565
-195,566
-195,567
-195,568
-195,569
-195,570
-195,571
-195,572
-195,573
-195,574
-195,575
-195,576
-195,577
-195,578
-195,579
-195,580
-195,581
-195,582
-195,583
-195,584
-195,585
-195,586
-195,587
-195,588
-195,589
-195,590
-195,591
-195,592
-195,593
-195,594
-195,595
-195,596
-195,597
-195,598
-195,599
-195,600
-195,601
-195,602
-195,603
-195,604
-195,605
-195,606
-195,607
-195,608
-195,609
-195,610
-195,611
-195,612
-195,613
-195,614
-195,615
-195,616
-195,617
-195,618
-195,619
-195,620
-195,621
-195,622
-195,623
-195,624
-195,625
-195,626
-195,627
-195,628
-195,629
-195,630
-195,631
-195,632
-195,633
-195,634
-195,635
-195,636
-195,637
-195,638
-195,639
-195,640
-195,641
-195,642
-195,643
-195,644
-195,645
-195,646
-195,647
-195,648
-195,649
-195,650
-195,651
-195,652
-195,653
-195,654
-195,655
-195,656
-195,657
-195,658
:204_1,659
:204_1,660
:204_1,661
:204_1,662
:204_1,663
:204_1,664
:204_1,665
-194,666
-194,667
-194,668
-194,669
-194,670
-194,671
-194,672
-194,673
-194,674
-194,675
-194,676
-194,677
-194,678
-194,679
-194,680
-194,681
-194,682
-194,683
-194,684
-194,685
-194,686
-194,687
-194,688
-194,689
-194,690
-194,691
-194,692
-194,693
-194,694
-194,695
-194,696
-194,697
-194,698
-194,699
-194,700
-194,701
-194,702
-194,703
-194,704
-194,705
-194,706
-194,707
-194,708
-194,709
-194,710
-194,711
-194,712
-194,713
-194,714
-194,715
-194,716
-194,717
-194,718
-194,719
-194,720
-194,721
-194,722
-194,723
-194,724
-194,725
-194,726
-194,727
-194,728
-194,729
-194,730
-194,731
-194,732
-194,733
-194,734
-194,735
-194,736
-194,737
-194,738
-194,739
-194,740
-194,741
-194,742
-194,743
-194,744
-194,745
-194,746
-194,747
-194,748
-194,749
-194,750
-194,751
-194,752
-194,753
-194,754
-194,755
-194,756
-194,757
-194,758
-194,759
-194,760
-194,761
-194,762
-194,763
-194,764
-194,765
-194,766
-194,767
-194,768
-194,769
-194,770
-194,771
-194,772
-194,773
-194,774
-194,775
-194,776
-194,777
-194,778
-194,779
-194,780
-194,781
-194,782
-194,783
-194,784
-194,785
-194,786
-194,787
-194,788
-194,789
-194,790
-194,791
-194,792
-194,793
-194,794
-194,795
-194,796
-194,797
-194,798
-194,799
-194,800
-194,801
-194,802
-194,803
-194,804
-194,805
-194,806
-194,807
-194,808
-194,809
-194,810
-194,811
-194,812
-194,813
-194,814
-194,815
-194,816
-194,817
-194,818
-194,819
-194,820
-194,821
-194,822
-194,823
-194,824
-194,825
-194,826
-194,827
-194,828
-194,829
-194,830
-194,831
-194,832
-194,833
-194,834
-194,835
-194,836
-194,837
-194,838
-194,839
-194,840
-194,841
-194,842
-194,843
-194,844
-194,845
-194,846
-194,847
-194,848
-194,849
-194,850
-194,851
-194,852
-194,853
-194,854
-194,855
-194,856
:203_1,857
:203_1,858
:203_1,859
:203_1,860
:203_1,861
-193,862
-193,863
-193,864
-193,865
-193,866
-193,867
-193,868
-193,869
-193,870
-193,871
-193,872
-193,873
-193,874
-193,875
-193,876
-193,877
-193,878
-193,879
-193,880
-193,881
-193,882
-193,883
-193,884
-193,885
-193,886
-193,887
-193,888
-193,889
-193,890
-193,891
-193,892
-193,893
-193,894
-193,895
-193,896
-193,897
-193,898
-193,899
-193,900
-193,901
-193,902
-193,903
-193,904
-193,905
-193,906
-193,907
-193,908
-193,909
-193,910
-193,911
-193,912
-193,913
-193,914
-193,915
-193,916
-193,917
-193,918
-193,919
-193,920
-193,921
-193,922
-193,923
-193,924
-193,925
-193,926
-193,927
-193,928
-193,929
-193,930
-193,931
-193,932
-193,933
-193,934
-193,935
-193,936
-193,937
-193,938
-193,939
-193,940
-193,941
-193,942
-193,943
-193,944
-193,945
-193,946
-193,947
-193,948
-193,949
-193,950
-193,951
-193,952
-193,953
-193,954
-193,955
-193,956
-193,957
-193,958
-193,959
-193,960
-193,961
-193,962
-193,963
-193,964
-193,965
-193,966
-193,967
-193,968
-193,969
-193,970
-193,971
-193,972
-193,973
-193,974
-193,975
-193,976
-193,977
-193,978
-193,979
-193,980
-193,981
-193,982
-193,983
-193,984
-193,985
-193,986
-193,987
-193,988
-193,989
-193,990
-193,991
-193,992
-193,993
-193,994
-193,995
-193,996
-193,997
-193,998
-193,999
-193,1000
-193,1001
-193,1002
-193,1003
-193,1004
-193,1005
-193,1006
-193,1007
-193,1008
-193,1009
-193,1010
-193,1011
-193,1012
-193,1013
-193,1014
-193,1015
-193,1016
-193,1017
-193,1018
-193,1019
-193,1020
-193,1021
-193,1022
-193,1023
-193,1024
-193,1025
-193,1026
-193,1027
-193,1028
-193,1029
-193,1030
-193,1031
-193,1032
-193,1033
-193,1034
-193,1035
-193,1036
-193,1037
-193,1038
-193,1039
-193,1040
-193,1041
-193,1042
:35_1,1043
:35_1,1044
:35_1,1045
:35_1,1046
:35_1,1047
:35_1,1048
197,1049
197,1050
197,1051
197,1052
197,1053
197,1054
197,1055
197,1056
197,1057
197,1058
197,1059
197,1060
197,1061
197,1062
197,1063
197,1064
197,1065
197,1066
197,1067
197,1068
197,1069
197,1070
197,1071
197,1072
197,1073
197,1074
197,1075
197,1076
197,1077
197,1078
197,1079
197,1080
197,1081
197,1082
197,1083
197,1084
197,1085
197,1086
197,1087
197,1088
197,1089
197,1090
197,1091
197,1092
197,1093
197,1094
197,1095
197,1096
197,1097
197,1098
197,1099
197,1100
197,1101
197,1102
197,1103
197,1104
197,1105
197,1106
197,1107
197,1108
197,1109
197,1110
197,1111
197,1112
197,1113
197,1114
197,1115
197,1116
197,1117
197,1118
197,1119
197,1120
197,1121
197,1122
197,1123
197,1124
197,1125
197,1126
197,1127
197,1128
197,1129
197,1130
197,1131
197,1132
197,1133
197,1134
197,1135
197,1136
197,1137
197,1138
197,1139
197,1140
197,1141
197,1142
197,1143
197,1144
197,1145
197,1146
197,1147
197,1148
197,1149
197,1150
197,1151
197,1152
197,1153
197,1154
197,1155
197,1156
197,1157
197,1158
197,1159
197,1160
197,1161
197,1162
197,1163
197,1164
197,1165
197,1166
197,1167
197,1168
197,1169
197,1170
197,1171
197,1172
197,1173
197,1174
197,1175
197,1176
197,1177
197,1178
197,1179
197,1180
197,1181
197,1182
197,1183
197,1184
197,1185
197,1186
197,1187
197,1188
197,1189
197,1190
197,1191
197,1192
197,1193
197,1194
197,1195
197,1196
197,1197
197,1198
197,1199
197,1200
197,1201
197,1202
197,1203
197,1204
197,1205
197,1206
197,1207
197,1208
197,1209
197,1210
197,1211
197,1212
197,1213
197,1214
197,1215
197,1216
197,1217
197,1218
197,1219
197,1220
197,1221
197,1222
197,1223
197,1224
197,1225
197,1226
197,1227
197,1228
197,1229
197,1230
197,1231
197,1232
197,1233
197,1234
197,1235
197,1236
197,1237
197,1238
197,1239
197,1240
197,1241
197,1242
197,1243
197,1244
197,1245
197,1246
197,1247
197,1248
197,1249
197,1250
197,1251
197,1252
197,1253
197,1254
197,1255
197,1256
197,1257
197,1258
197,1259
197,1260
197,1261
197,1262
197,1263
197,1264
197,1265
197,1266
197,1267
197,1268
197,1269
197,1270
197,1271
197,1272
197,1273
197,1274
197,1275
197,1276
197,1277
197,1278
197,1279
197,1280
197,1281
197,1282
197,1283
197,1284
197,1285
197,1286
197,1287
197,1288
197,1289
197,1290
197,1291
197,1292
197,1293
197,1294
197,1295
197,1296
197,1297
197,1298
197,1299
197,1300
197,1301
197,1302
197,1303
197,1304
197,1305
197,1306
197,1307
197,1308
197,1309
197,1310
197,1311
197,1312
197,1313
197,1314
197,1315
197,1316
197,1317
197,1318
197,1319
197,1320
197,1321
197,1322
197,1323
197,1324
197,1325
197,1326
197,1327
197,1328
197,1329
197,1330
197,1331
197,1332
197,1333
197,1334
197,1335
197,1336
197,1337
197,1338
197,1339
197,1340
197,1341
197,1342
197,1343
197,1344
197,1345
197,1346
197,1347
197,1348
:205_0,1349
:205_0,1350
:205_0,1351
:205_0,1352
:205_0,1353
:205_0,1354
198,1355
198,1356
198,1357
198,1358
198,1359
198,1360
198,1361
198,1362
198,1363
198,1364
198,1365
198,1366
198,1367
198,1368
198,1369
198,1370
198,1371
198,1372
198,1373
198,1374
198,1375
198,1376
198,1377
198,1378
198,1379
198,1380
198,1381
198,1382
198,1383
198,1384
198,1385
198,1386
198,1387
198,1388
198,1389
198,1390
198,1391
198,1392
198,1393
198,1394
198,1395
198,1396
198,1397
198,1398
198,1399
198,1400
198,1401
198,1402
198,1403
198,1404
198,1405
198,1406
198,1407
198,1408
198,1409
198,1410
198,1411
198,1412
198,1413
198,1414
198,1415
198,1416
198,1417
198,1418
198,1419
198,1420
198,1421
198,1422
198,1423
198,1424
198,1425
198,1426
198,1427
198,1428
198,1429
198,1430
198,1431
198,1432
198,1433
198,1434
198,1435
198,1436
198,1437
198,1438
198,1439
198,1440
198,1441
198,1442
198,1443
198,1444
198,1445
198,1446
198,1447
198,1448
198,1449
198,1450
198,1451
198,1452
198,1453
198,1454
198,1455
198,1456
198,1457
198,1458
198,1459
198,1460
198,1461
198,1462
198,1463
198,1464
198,1465
198,1466
198,1467
198,1468
198,1469
198,1470
198,1471
198,1472
198,1473
198,1474
198,1475
198,1476
198,1477
198,1478
198,1479
198,1480
198,1481
198,1482
198,1483
198,1484
198,1485
198,1486
198,1487
198,1488
198,1489
198,1490
198,1491
198,1492
198,1493
198,1494
198,1495
198,1496
198,1497
198,1498
198,1499
198,1500
198,1501
198,1502
198,1503
198,1504
198,1505
198,1506
198,1507
198,1508
198,1509
198,1510
198,1511
198,1512
198,1513
198,1514
198,1515
198,1516
198,1517
198,1518
198,1519
198,1520
198,1521
198,1522
198,1523
198,1524
198,1525
198,1526
198,1527
198,1528
198,1529
198,1530
198,1531
198,1532
198,1533
198,1534
198,1535
198,1536
198,1537
198,1538
198,1539
198,1540
198,1541
198,1542
198,1543
198,1544
198,1545
198,1546
198,1547
198,1548
198,1549
198,1550
198,1551
198,1552
198,1553
198,1554
198,1555
198,1556
198,1557
198,1558
198,1559
198,1560
198,1561
198,1562
198,1563
198,1564
198,1565
198,1566
198,1567
198,1568
198,1569
198,1570
198,1571
198,1572
198,1573
198,1574
198,1575
198,1576
198,1577
198,1578
198,1579
198,1580
198,1581
198,1582
198,1583
198,1584
198,1585
198,1586
198,1587
198,1588
198,1589
198,1590
198,1591
198,1592
198,1593
198,1594
198,1595
198,1596
:206_1,1597
:206_1,1598
:206_1,1599
:206_1,1600
:206_1,1601
:206_1,1602
199,1603
199,1604
199,1605
199,1606
199,1607
199,1608
199,1609
199,1610
199,1611
199,1612
199,1613
199,1614
199,1615
199,1616
199,1617
199,1618
199,1619
199,1620
199,1621
199,1622
199,1623
199,1624
199,1625
199,1626
199,1627
199,1628
199,1629
199,1630
199,1631
199,1632
199,1633
199,1634
199,1635
199,1636
199,1637
199,1638
199,1639
199,1640
199,1641
199,1642
199,1643
199,1644
199,1645
199,1646
199,1647
199,1648
199,1649
199,1650
199,1651
199,1652
199,1653
199,1654
199,1655
199,1656
199,1657
199,1658
199,1659
199,1660
199,1661
199,1662
199,1663
199,1664
199,1665
199,1666
199,1667
199,1668
199,1669
199,1670
199,1671
199,1672
199,1673
199,1674
199,1675
199,1676
199,1677
199,1678
199,1679
199,1680
199,1681
199,1682
199,1683
199,1684
199,1685
199,1686
199,1687
199,1688
199,1689
199,1690
199,1691
199,1692
199,1693
199,1694
:207_0,1695
:207_0,1696
:207_0,1697
:207_0,1698
-418,1699
-418,1700
-418,1701
-418,1702
-418,1703
-418,1704
-418,1705
-418,1706
-418,1707
-418,1708
-418,1709
-418,1710
-418,1711
-418,1712
-418,1713
-418,1714
-418,1715
-418,1716
-418,1717
-418,1718
-418,1719
-418,1720
-418,1721
-418,1722
-418,1723
-418,1724
-418,1725
-418,1726
-418,1727
-418,1728
-418,1729
-418,1730
-418,1731
-418,1732
-418,1733
-418,1734
-418,1735
-418,1736
-418,1737
-418,1738
-418,1739
-418,1740
-418,1741
-418,1742
-418,1743
-418,1744
-418,1745
-418,1746
-418,1747
-418,1748
-418,1749
-418,1750
-418,1751
-418,1752
-418,1753
-418,1754
-418,1755
-418,1756
-418,1757
-418,1758
-418,1759
-418,1760
-418,1761
-418,1762
-418,1763
-418,1764
-418,1765
-418,1766
-418,1767
-418,1768
-418,1769
-418,1770
-418,1771
-418,1772
-418,1773
-418,1774
-418,1775
-418,1776
-418,1777
-418,1778
-418,1779
-418,1780
-418,1781
-418,1782
-418,1783
-418,1784
-418,1785
-418,1786
-418,1787
-418,1788
-418,1789
-418,1790
-418,1791
-418,1792
-418,1793
-418,1794
-418,1795
-418,1796
