45,21
45,22
45,23
45,24
45,25
45,26
45,27
45,28
45,29
45,30
45,31
45,32
45,33
45,34
45,35
45,36
45,37
45,38
45,39
45,40
45,41
45,42
45,43
45,44
45,45
45,46
45,47
45,48
45,49
45,50
45,51
45,52
45,53
45,54
45,55
45,56
45,57
45,58
45,59
45,60
45,61
45,62
45,63
45,64
45,65
45,66
45,67
45,68
45,69
45,70
45,71
45,72
45,73
45,74
45,75
45,76
45,77
45,78
45,79
45,80
45,81
45,82
45,83
45,84
45,85
45,86
45,87
45,88
45,89
45,90
45,91
45,92
45,93
45,94
45,95
45,96
45,97
45,98
45,99
45,100
45,101
45,102
45,103
45,104
45,105
45,106
45,107
45,108
45,109
45,110
45,111
45,112
45,113
45,114
45,115
45,116
45,117
45,118
45,119
45,120
45,121
45,122
45,123
45,124
45,125
45,126
45,127
45,128
45,129
45,130
45,131
45,132
45,133
45,134
45,135
45,136
45,137
45,138
45,139
45,140
45,141
45,142
45,143
45,144
45,145
45,146
45,147
45,148
45,149
45,150
45,151
45,152
45,153
45,154
45,155
45,156
45,157
45,158
45,159
45,160
45,161
45,162
45,163
45,164
45,165
45,166
45,167
45,168
45,169
45,170
45,171
45,172
45,173
45,174
45,175
45,176
45,177
45,178
45,179
45,180
45,181
45,182
45,183
45,184
45,185
45,186
45,187
45,188
45,189
45,190
45,191
45,192
45,193
45,194
45,195
45,196
45,197
45,198
45,199
:53_0,200
:53_0,201
:53_0,202
:53_0,203
:53_0,204
:53_0,205
-680,206
-680,207
-680,208
-680,209
-680,210
-680,211
-680,212
-680,213
-680,214
-680,215
-680,216
-680,217
-680,218
-680,219
-680,220
-680,221
-680,222
-680,223
-680,224
-680,225
-680,226
-680,227
-680,228
-680,229
-680,230
-680,231
-680,232
-680,233
-680,234
-680,235
-680,236
-680,237
-680,238
-680,239
-680,240
-680,241
-680,242
-680,243
-680,244
-680,245
-680,246
-680,247
:5_5,248
:5_5,249
-4,250
-4,251
-4,252
-4,253
-4,254
-4,255
-4,256
-4,257
-4,258
-4,259
-4,260
-4,261
-4,262
-4,263
-4,264
-4,265
-4,266
-4,267
-4,268
-4,269
-4,270
-4,271
-4,272
-4,273
-4,274
-4,275
-4,276
-4,277
-4,278
-4,279
-4,280
-4,281
-4,282
-4,283
-4,284
-4,285
-4,286
-4,287
-4,288
-4,289
-4,290
-4,291
-4,292
-4,293
-4,294
-4,295
-4,296
-4,297
-4,298
-4,299
-4,300
-4,301
-4,302
-4,303
-4,304
-4,305
-4,306
-4,307
-4,308
-4,309
-4,310
-4,311
-4,312
-4,313
-4,314
-4,315
-4,316
-4,317
-4,318
-4,319
-4,320
-4,321
-4,322
-4,323
-4,324
-4,325
-4,326
-4,327
-4,328
-4,329
-4,330
-4,331
-4,332
-4,333
-4,334
-4,335
-4,336
-4,337
-4,338
-4,339
-4,340
-4,341
-4,342
-4,343
-4,344
-4,345
-4,346
-4,347
-4,348
-4,349
-4,350
-4,351
-4,352
-4,353
-4,354
-4,355
-4,356
-4,357
-4,358
-4,359
-4,360
-4,361
-4,362
-4,363
-4,364
-4,365
-4,366
-4,367
-4,368
-4,369
-4,370
-4,371
-4,372
-4,373
-4,374
-4,375
-4,376
-4,377
-4,378
-4,379
-4,380
-4,381
-4,382
-4,383
-4,384
-4,385
-4,386
-4,387
-4,388
-4,389
-4,390
-4,391
-4,392
-4,393
-4,394
-4,395
-4,396
-4,397
-4,398
-4,399
-4,400
-4,401
-4,402
-4,403
-4,404
-4,405
-4,406
-4,407
-4,408
-4,409
-4,410
-4,411
-4,412
-4,413
-4,414
-4,415
-4,416
-4,417
-4,418
-4,419
-4,420
-4,421
-4,422
-4,423
-4,424
-4,425
-4,426
-4,427
-4,428
-4,429
-4,430
-4,431
-4,432
-4,433
-4,434
-4,435
-4,436
-4,437
-4,438
-4,439
-4,440
-4,441
-4,442
-4,443
-4,444
-4,445
-4,446
-4,447
-4,448
-4,449
-4,450
-4,451
-4,452
-4,453
-4,454
-4,455
-4,456
-4,457
-4,458
-4,459
-4,460
-4,461
-4,462
-4,463
-4,464
-4,465
-4,466
-4,467
-4,468
-4,469
-4,470
-4,471
-4,472
-4,473
-4,474
-4,475
-4,476
-4,477
-4,478
-4,479
-4,480
-4,481
-4,482
-4,483
-4,484
-4,485
-4,486
-4,487
-4,488
-4,489
-4,490
-4,491
-4,492
-4,493
-4,494
-4,495
-4,496
-4,497
-4,498
-4,499
-4,500
-4,501
-4,502
-4,503
-4,504
-4,505
-4,506
-4,507
-4,508
-4,509
-4,510
-4,511
-4,512
-4,513
-4,514
-4,515
-4,516
-4,517
-4,518
-4,519
-4,520
-4,521
-4,522
-4,523
-4,524
-4,525
-4,526
-4,527
-4,528
-4,529
-4,530
-4,531
-4,532
-4,533
-4,534
-4,535
-4,536
-4,537
-4,538
-4,539
-4,540
-4,541
-4,542
-4,543
-4,544
-4,545
-4,546
-4,547
-4,548
-4,549
-4,550
-4,551
-4,552
-4,553
-4,554
-4,555
-4,556
-4,557
-4,558
-4,559
-4,560
-4,561
-4,562
-4,563
-4,564
-4,565
-4,566
-4,567
-4,568
-4,569
-4,570
-4,571
-4,572
-4,573
-4,574
-4,575
-4,576
-4,577
-4,578
-4,579
-4,580
-4,581
-4,582
-4,583
-4,584
-4,585
-4,586
-4,587
-4,588
-4,589
-4,590
-4,591
-4,592
-4,593
-4,594
-4,595
-4,596
-4,597
-4,598
-4,599
-4,600
-4,601
-4,602
-4,603
-4,604
-4,605
-4,606
-4,607
-4,608
-4,609
-4,610
-4,611
-4,612
-4,613
-4,614
-4,615
-4,616
-4,617
-4,618
-4,619
-4,620
-4,621
-4,622
-4,623
-4,624
-4,625
-4,626
-4,627
-4,628
-4,629
-4,630
-4,631
-4,632
-4,633
-4,634
-4,635
-4,636
-4,637
-4,638
-4,639
-4,640
-4,641
-4,642
-4,643
-4,644
-4,645
-4,646
-4,647
-4,648
-4,649
-4,650
-4,651
-4,652
-4,653
-4,654
-4,655
-4,656
-4,657
:0_9,658
:0_9,659
:0_9,660
:0_9,661
:0_9,662
:0_9,663
:0_9,664
0,665
0,666
0,667
0,668
0,669
0,670
0,671
0,672
0,673
0,674
0,675
0,676
0,677
0,678
0,679
0,680
0,681
0,682
0,683
0,684
0,685
0,686
0,687
0,688
0,689
0,690
0,691
0,692
0,693
0,694
0,695
0,696
0,697
0,698
0,699
0,700
0,701
0,702
0,703
0,704
0,705
0,706
0,707
0,708
0,709
0,710
0,711
0,712
0,713
0,714
0,715
0,716
0,717
0,718
0,719
0,720
0,721
0,722
0,723
0,724
0,725
0,726
0,727
0,728
0,729
0,730
0,731
0,732
0,733
0,734
0,735
0,736
0,737
0,738
0,739
0,740
0,741
0,742
0,743
0,744
0,745
0,746
0,747
0,748
0,749
0,750
0,751
0,752
0,753
0,754
0,755
0,756
0,757
0,758
0,759
0,760
0,761
0,762
0,763
0,764
0,765
0,766
0,767
0,768
0,769
0,770
0,771
0,772
0,773
0,774
0,775
0,776
0,777
0,778
0,779
0,780
0,781
0,782
0,783
0,784
0,785
0,786
0,787
0,788
0,789
0,790
0,791
0,792
0,793
0,794
0,795
0,796
0,797
0,798
0,799
0,800
0,801
:1_7,802
:1_7,803
:1_7,804
:1_7,805
:1_7,806
1,807
1,808
1,809
1,810
1,811
1,812
1,813
1,814
1,815
1,816
1,817
1,818
1,819
1,820
1,821
1,822
1,823
1,824
1,825
1,826
1,827
1,828
1,829
1,830
1,831
1,832
1,833
1,834
1,835
1,836
1,837
1,838
1,839
1,840
1,841
1,842
1,843
1,844
1,845
:2_3,846
:2_3,847
:2_3,848
:2_3,849
:2_3,850
2,851
2,852
2,853
2,854
2,855
2,856
2,857
2,858
2,859
2,860
2,861
2,862
2,863
2,864
2,865
2,866
2,867
2,868
2,869
2,870
2,871
2,872
2,873
2,874
2,875
2,876
2,877
2,878
2,879
2,880
2,881
2,882
2,883
2,884
2,885
2,886
2,887
2,888
2,889
2,890
2,891
2,892
2,893
2,894
2,895
2,896
2,897
2,898
2,899
2,900
2,901
2,902
2,903
2,904
2,905
2,906
2,907
2,908
2,909
2,910
2,911
2,912
2,913
2,914
2,915
2,916
2,917
2,918
2,919
2,920
2,921
2,922
2,923
2,924
2,925
2,926
2,927
2,928
2,929
2,930
2,931
2,932
2,933
2,934
2,935
2,936
2,937
2,938
2,939
2,940
2,941
2,942
2,943
2,944
2,945
2,946
2,947
2,948
2,949
2,950
2,951
2,952
2,953
2,954
2,955
2,956
2,957
2,958
2,959
2,960
2,961
2,962
2,963
2,964
2,965
:3_7,966
:3_7,967
:3_7,968
:3_7,969
:3_7,970
:3_7,971
-102,972
-102,973
-102,974
-102,975
-102,976
-102,977
-102,978
-102,979
-102,980
-102,981
-102,982
-102,983
-102,984
-102,985
-102,986
-102,987
-102,988
-102,989
-102,990
-102,991
-102,992
-102,993
-102,994
-102,995
-102,996
-102,997
-102,998
-102,999
-102,1000
-102,1001
-102,1002
-102,1003
-102,1004
-102,1005
-102,1006
-102,1007
-102,1008
-102,1009
-102,1010
-102,1011
-102,1012
-102,1013
-102,1014
-102,1015
-102,1016
-102,1017
-102,1018
-102,1019
-102,1020
-102,1021
-102,1022
-102,1023
-102,1024
-102,1025
-102,1026
-102,1027
-102,1028
-102,1029
-102,1030
-102,1031
-102,1032
-102,1033
-102,1034
-102,1035
-102,1036
-102,1037
-102,1038
-102,1039
-102,1040
-102,1041
-102,1042
-102,1043
-102,1044
-102,1045
-102,1046
-102,1047
-102,1048
-102,1049
-102,1050
-102,1051
-102,1052
-102,1053
-102,1054
-102,1055
-102,1056
-102,1057
-102,1058
-102,1059
-102,1060
-102,1061
-102,1062
-102,1063
-102,1064
-102,1065
-102,1066
-102,1067
-102,1068
-102,1069
-102,1070
-102,1071
-102,1072
-102,1073
-102,1074
-102,1075
-102,1076
-102,1077
-102,1078
-102,1079
-102,1080
-102,1081
-102,1082
-102,1083
-102,1084
-102,1085
-102,1086
-102,1087
-102,1088
-102,1089
-102,1090
-102,1091
-102,1092
-102,1093
-102,1094
-102,1095
-102,1096
-102,1097
-102,1098
-102,1099
-102,1100
-102,1101
-102,1102
-102,1103
-102,1104
-102,1105
-102,1106
-102,1107
-102,1108
-102,1109
-102,1110
-102,1111
-102,1112
-102,1113
-102,1114
-102,1115
-102,1116
-102,1117
-102,1118
-102,1119
-102,1120
-102,1121
-102,1122
-102,1123
-102,1124
-102,1125
-102,1126
-102,1127
-102,1128
-102,1129
-102,1130
-102,1131
-102,1132
-102,1133
-102,1134
-102,1135
-102,1136
-102,1137
-102,1138
-102,1139
-102,1140
-102,1141
-102,1142
-102,1143
-102,1144
-102,1145
-102,1146
-102,1147
-102,1148
-102,1149
-102,1150
-102,1151
-102,1152
-102,1153
-102,1154
-102,1155
-102,1156
-102,1157
-102,1158
-102,1159
-102,1160
-102,1161
-102,1162
-102,1163
-102,1164
-102,1165
-102,1166
-102,1167
-102,1168
-102,1169
-102,1170
-102,1171
-102,1172
:115_7,1173
:115_7,1174
:115_7,1175
:115_7,1176
:115_7,1177
:115_7,1178
99,1179
99,1180
99,1181
99,1182
99,1183
99,1184
99,1185
99,1186
99,1187
99,1188
99,1189
99,1190
99,1191
99,1192
99,1193
99,1194
99,1195
99,1196
99,1197
99,1198
99,1199
99,1200
99,1201
99,1202
99,1203
99,1204
99,1205
99,1206
99,1207
99,1208
99,1209
99,1210
99,1211
99,1212
99,1213
99,1214
99,1215
99,1216
99,1217
99,1218
99,1219
99,1220
99,1221
99,1222
99,1223
99,1224
99,1225
99,1226
99,1227
99,1228
99,1229
99,1230
99,1231
99,1232
99,1233
99,1234
99,1235
99,1236
99,1237
99,1238
99,1239
99,1240
99,1241
99,1242
99,1243
99,1244
99,1245
99,1246
99,1247
99,1248
99,1249
99,1250
99,1251
99,1252
99,1253
99,1254
99,1255
99,1256
99,1257
99,1258
99,1259
99,1260
99,1261
99,1262
99,1263
99,1264
99,1265
99,1266
99,1267
99,1268
99,1269
99,1270
99,1271
99,1272
99,1273
99,1274
99,1275
99,1276
99,1277
99,1278
99,1279
99,1280
99,1281
99,1282
99,1283
99,1284
99,1285
99,1286
99,1287
99,1288
99,1289
99,1290
99,1291
99,1292
99,1293
99,1294
99,1295
99,1296
99,1297
99,1298
99,1299
99,1300
99,1301
99,1302
99,1303
99,1304
99,1305
99,1306
99,1307
99,1308
99,1309
99,1310
99,1311
99,1312
99,1313
99,1314
99,1315
99,1316
99,1317
99,1318
99,1319
99,1320
99,1321
99,1322
99,1323
99,1324
99,1325
99,1326
99,1327
99,1328
99,1329
99,1330
99,1331
99,1332
99,1333
99,1334
99,1335
99,1336
99,1337
99,1338
99,1339
:116_7,1340
:116_7,1341
:116_7,1342
:116_7,1343
:116_7,1344
:116_7,1345
100,1346
100,1347
100,1348
100,1349
100,1350
100,1351
100,1352
100,1353
100,1354
100,1355
100,1356
100,1357
100,1358
100,1359
100,1360
100,1361
100,1362
100,1363
100,1364
100,1365
100,1366
100,1367
100,1368
100,1369
100,1370
100,1371
100,1372
100,1373
100,1374
100,1375
100,1376
100,1377
100,1378
100,1379
100,1380
100,1381
100,1382
100,1383
100,1384
100,1385
100,1386
100,1387
100,1388
100,1389
100,1390
100,1391
100,1392
100,1393
100,1394
100,1395
100,1396
100,1397
100,1398
100,1399
100,1400
100,1401
100,1402
100,1403
100,1404
100,1405
100,1406
100,1407
100,1408
100,1409
100,1410
100,1411
100,1412
100,1413
100,1414
100,1415
100,1416
100,1417
100,1418
100,1419
100,1420
100,1421
100,1422
100,1423
100,1424
100,1425
100,1426
100,1427
100,1428
100,1429
100,1430
100,1431
100,1432
100,1433
100,1434
100,1435
100,1436
100,1437
100,1438
100,1439
100,1440
100,1441
100,1442
100,1443
100,1444
100,1445
100,1446
100,1447
100,1448
100,1449
100,1450
100,1451
100,1452
100,1453
100,1454
100,1455
100,1456
100,1457
100,1458
100,1459
100,1460
100,1461
100,1462
100,1463
100,1464
100,1465
100,1466
100,1467
100,1468
100,1469
100,1470
100,1471
100,1472
100,1473
100,1474
100,1475
100,1476
100,1477
100,1478
100,1479
100,1480
100,1481
100,1482
100,1483
100,1484
100,1485
100,1486
100,1487
100,1488
100,1489
100,1490
100,1491
100,1492
100,1493
100,1494
100,1495
100,1496
100,1497
100,1498
100,1499
100,1500
100,1501
100,1502
100,1503
100,1504
100,1505
100,1506
100,1507
100,1508
100,1509
100,1510
100,1511
100,1512
100,1513
100,1514
100,1515
100,1516
100,1517
100,1518
100,1519
100,1520
100,1521
100,1522
100,1523
100,1524
100,1525
100,1526
100,1527
100,1528
100,1529
100,1530
100,1531
100,1532
100,1533
100,1534
100,1535
100,1536
100,1537
100,1538
100,1539
100,1540
100,1541
100,1542
100,1543
100,1544
100,1545
100,1546
100,1547
100,1548
100,1549
100,1550
100,1551
100,1552
100,1553
100,1554
100,1555
100,1556
100,1557
