-117,1
-117,2
-117,3
-117,4
-117,5
-117,6
-117,7
-117,8
-117,9
-117,10
-117,11
-117,12
-117,13
-117,14
-117,15
-117,16
-117,17
-117,18
-117,19
-117,20
-117,21
-117,22
-117,23
-117,24
-117,25
-117,26
-117,27
-117,28
-117,29
-117,30
-117,31
-117,32
-117,33
-117,34
-117,35
-117,36
-117,37
-117,38
-117,39
-117,40
-117,41
-117,42
-117,43
-117,44
-117,45
-117,46
-117,47
-117,48
-117,49
-117,50
-117,51
-117,52
-117,53
-117,54
-117,55
-117,56
-117,57
-117,58
-117,59
-117,60
-117,61
-117,62
-117,63
-117,64
-117,65
-117,66
-117,67
-117,68
-117,69
-117,70
-117,71
-117,72
-117,73
-117,74
-117,75
-117,76
-117,77
-117,78
-117,79
-117,80
-117,81
-117,82
-117,83
-117,84
-117,85
-117,86
-117,87
-117,88
-117,89
-117,90
-117,91
-117,92
-117,93
-117,94
-117,95
-117,96
-117,97
-117,98
-117,99
-117,100
-117,101
-117,102
-117,103
-117,104
-117,105
-117,106
-117,107
-117,108
-117,109
-117,110
-117,111
-117,112
-117,113
-117,114
-117,115
-117,116
-117,117
-117,118
-117,119
-117,120
-117,121
-117,122
-117,123
-117,124
:47_1,125
:47_1,126
:47_1,127
:47_1,128
:47_1,129
:47_1,130
119,131
119,132
119,133
119,134
119,135
119,136
119,137
119,138
119,139
119,140
119,141
119,142
119,143
119,144
119,145
119,146
119,147
119,148
119,149
119,150
119,151
119,152
119,153
119,154
119,155
119,156
119,157
119,158
119,159
119,160
119,161
119,162
119,163
119,164
119,165
119,166
119,167
119,168
119,169
119,170
119,171
119,172
119,173
119,174
119,175
119,176
119,177
119,178
119,179
119,180
119,181
119,182
119,183
119,184
119,185
119,186
119,187
119,188
119,189
119,190
119,191
119,192
119,193
119,194
119,195
119,196
119,197
119,198
119,199
119,200
119,201
119,202
119,203
119,204
119,205
119,206
119,207
119,208
119,209
119,210
119,211
119,212
119,213
119,214
119,215
119,216
119,217
119,218
119,219
119,220
119,221
119,222
119,223
119,224
119,225
119,226
119,227
119,228
119,229
119,230
119,231
119,232
119,233
119,234
119,235
119,236
119,237
119,238
119,239
119,240
119,241
119,242
119,243
119,244
119,245
119,246
119,247
119,248
119,249
119,250
119,251
119,252
119,253
119,254
119,255
119,256
119,257
119,258
119,259
119,260
119,261
119,262
119,263
119,264
119,265
119,266
119,267
119,268
119,269
119,270
119,271
119,272
119,273
119,274
119,275
119,276
119,277
119,278
119,279
119,280
119,281
119,282
119,283
119,284
119,285
119,286
119,287
119,288
119,289
119,290
119,291
119,292
119,293
119,294
119,295
119,296
119,297
119,298
119,299
119,300
119,301
:136_13,302
:136_13,303
:136_13,304
:136_13,305
:136_13,306
:136_13,307
204,308
204,309
204,310
204,311
204,312
204,313
204,314
204,315
204,316
204,317
204,318
204,319
204,320
204,321
204,322
204,323
204,324
204,325
204,326
204,327
204,328
204,329
204,330
204,331
204,332
204,333
204,334
204,335
204,336
204,337
204,338
204,339
204,340
204,341
204,342
204,343
204,344
204,345
204,346
204,347
204,348
204,349
204,350
204,351
204,352
204,353
204,354
204,355
204,356
204,357
204,358
204,359
204,360
204,361
204,362
204,363
204,364
204,365
204,366
204,367
204,368
204,369
204,370
204,371
204,372
204,373
204,374
204,375
204,376
204,377
204,378
204,379
204,380
204,381
204,382
:211_1,383
:211_1,384
:211_1,385
:211_1,386
:211_1,387
:211_1,388
646,389
646,390
646,391
646,392
646,393
646,394
646,395
646,396
646,397
646,398
646,399
646,400
646,401
646,402
646,403
646,404
646,405
646,406
646,407
646,408
646,409
646,410
646,411
646,412
646,413
646,414
646,415
646,416
646,417
646,418
646,419
646,420
646,421
646,422
646,423
646,424
646,425
646,426
646,427
646,428
646,429
646,430
646,431
646,432
646,433
646,434
646,435
646,436
646,437
646,438
646,439
646,440
646,441
646,442
646,443
646,444
646,445
646,446
646,447
646,448
646,449
646,450
646,451
646,452
646,453
646,454
646,455
646,456
646,457
646,458
646,459
646,460
646,461
646,462
646,463
646,464
646,465
646,466
646,467
646,468
646,469
646,470
646,471
646,472
646,473
646,474
646,475
646,476
646,477
646,478
646,479
646,480
646,481
646,482
646,483
646,484
646,485
646,486
646,487
646,488
646,489
646,490
646,491
646,492
646,493
646,494
646,495
646,496
646,497
646,498
646,499
646,500
646,501
646,502
646,503
:179_1,504
:179_1,505
:179_1,506
:179_1,507
:179_1,508
:179_1,509
-164,510
-164,511
-164,512
-164,513
-164,514
-164,515
-164,516
-164,517
-164,518
-164,519
-164,520
-164,521
-164,522
-164,523
-164,524
-164,525
-164,526
-164,527
-164,528
-164,529
-164,530
-164,531
-164,532
-164,533
-164,534
-164,535
-164,536
-164,537
-164,538
-164,539
-164,540
-164,541
-164,542
-164,543
-164,544
-164,545
-164,546
-164,547
-164,548
-164,549
-164,550
-164,551
-164,552
-164,553
-164,554
-164,555
-164,556
-164,557
-164,558
-164,559
-164,560
-164,561
-164,562
-164,563
-164,564
-164,565
-164,566
-164,567
-164,568
-164,569
-164,570
-164,571
-164,572
-164,573
-164,574
-164,575
-164,576
-164,577
-164,578
-164,579
-164,580
-164,581
-164,582
-164,583
-164,584
-164,585
-164,586
-164,587
-164,588
-164,589
-164,590
-164,591
-164,592
-164,593
-164,594
-164,595
-164,596
-164,597
-164,598
-164,599
-164,600
-164,601
-164,602
-164,603
-164,604
-164,605
-164,606
-164,607
-164,608
-164,609
-164,610
-164,611
-164,612
-164,613
-164,614
-164,615
-164,616
-164,617
-164,618
-164,619
-164,620
-164,621
-164,622
-164,623
-164,624
-164,625
-164,626
-164,627
-164,628
-164,629
-164,630
-164,631
-164,632
-164,633
-164,634
-164,635
-164,636
-164,637
-164,638
-164,639
-164,640
-164,641
-164,642
-164,643
-164,644
-164,645
-164,646
-164,647
-164,648
-164,649
-164,650
-164,651
-164,652
-164,653
-164,654
-164,655
-164,656
-164,657
-164,658
-164,659
-164,660
-164,661
-164,662
-164,663
-164,664
-164,665
-164,666
-164,667
-164,668
-164,669
-164,670
-164,671
-164,672
-164,673
-164,674
-164,675
-164,676
-164,677
-164,678
-164,679
-164,680
-164,681
-164,682
-164,683
-164,684
-164,685
-164,686
-164,687
-164,688
-164,689
-164,690
-164,691
-164,692
-164,693
-164,694
-164,695
-164,696
-164,697
-164,698
-164,699
-164,700
-164,701
-164,702
-164,703
-164,704
-164,705
-164,706
-164,707
-164,708
-164,709
-164,710
-164,711
-164,712
-164,713
-164,714
-164,715
-164,716
-164,717
-164,718
-164,719
-164,720
-164,721
-164,722
-164,723
-164,724
-164,725
-164,726
-164,727
-164,728
-164,729
-164,730
-164,731
-164,732
-164,733
-164,734
-164,735
-164,736
:178_13,737
:178_13,738
:178_13,739
:178_13,740
:178_13,741
:178_13,742
167,743
167,744
167,745
167,746
167,747
167,748
167,749
167,750
167,751
167,752
167,753
167,754
167,755
167,756
167,757
167,758
167,759
167,760
167,761
167,762
167,763
167,764
167,765
167,766
167,767
167,768
167,769
167,770
167,771
167,772
167,773
167,774
167,775
167,776
167,777
167,778
167,779
167,780
167,781
167,782
167,783
167,784
167,785
167,786
167,787
167,788
167,789
167,790
167,791
167,792
167,793
167,794
167,795
167,796
167,797
167,798
167,799
167,800
167,801
167,802
167,803
167,804
167,805
167,806
167,807
167,808
167,809
167,810
167,811
167,812
167,813
167,814
167,815
167,816
167,817
167,818
167,819
:26_1,820
:26_1,821
:26_1,822
:26_1,823
:26_1,824
:26_1,825
-22,826
-22,827
-22,828
-22,829
-22,830
-22,831
-22,832
-22,833
-22,834
-22,835
-22,836
-22,837
-22,838
-22,839
-22,840
-22,841
-22,842
-22,843
-22,844
-22,845
-22,846
-22,847
-22,848
-22,849
-22,850
-22,851
-22,852
-22,853
-22,854
-22,855
-22,856
-22,857
-22,858
-22,859
-22,860
-22,861
-22,862
-22,863
-22,864
-22,865
-22,866
-22,867
-22,868
-22,869
-22,870
-22,871
-22,872
-22,873
-22,874
-22,875
-22,876
-22,877
-22,878
-22,879
-22,880
-22,881
-22,882
-22,883
-22,884
-22,885
-22,886
-22,887
-22,888
-22,889
-22,890
-22,891
-22,892
-22,893
-22,894
-22,895
-22,896
-22,897
-22,898
-22,899
-22,900
-22,901
-22,902
-22,903
-22,904
-22,905
-22,906
-22,907
-22,908
-22,909
-22,910
-22,911
-22,912
-22,913
-22,914
-22,915
-22,916
-22,917
-22,918
-22,919
-22,920
-22,921
-22,922
-22,923
-22,924
-22,925
-22,926
-22,927
-22,928
-22,929
-22,930
-22,931
-22,932
-22,933
-22,934
-22,935
-22,936
-22,937
-22,938
-22,939
-22,940
-22,941
-22,942
-22,943
-22,944
-22,945
-22,946
-22,947
-22,948
-22,949
-22,950
-22,951
-22,952
-22,953
-22,954
-22,955
-22,956
-22,957
-22,958
-22,959
-22,960
-22,961
-22,962
-22,963
-22,964
-22,965
-22,966
-22,967
-22,968
-22,969
-22,970
-22,971
-22,972
-22,973
-22,974
-22,975
-22,976
-22,977
-22,978
-22,979
-22,980
-22,981
-22,982
-22,983
-22,984
-22,985
-22,986
-22,987
-22,988
-22,989
-22,990
-22,991
-22,992
-22,993
-22,994
-22,995
-22,996
-22,997
-22,998
:22_13,999
:22_13,1000
:22_13,1001
:22_13,1002
:22_13,1003
:22_13,1004
21,1005
21,1006
21,1007
21,1008
21,1009
21,1010
21,1011
21,1012
21,1013
21,1014
21,1015
21,1016
21,1017
21,1018
21,1019
21,1020
21,1021
21,1022
21,1023
21,1024
21,1025
21,1026
21,1027
21,1028
21,1029
21,1030
21,1031
21,1032
21,1033
21,1034
21,1035
21,1036
21,1037
21,1038
21,1039
21,1040
21,1041
21,1042
21,1043
21,1044
21,1045
21,1046
21,1047
21,1048
21,1049
21,1050
21,1051
21,1052
21,1053
21,1054
21,1055
21,1056
21,1057
21,1058
21,1059
21,1060
21,1061
21,1062
21,1063
21,1064
21,1065
21,1066
21,1067
21,1068
21,1069
21,1070
21,1071
21,1072
21,1073
21,1074
21,1075
21,1076
21,1077
21,1078
21,1079
21,1080
21,1081
21,1082
21,1083
21,1084
21,1085
21,1086
21,1087
21,1088
21,1089
21,1090
21,1091
21,1092
:25_1,1093
:25_1,1094
:25_1,1095
:25_1,1096
:25_1,1097
:25_1,1098
453,1099
453,1100
453,1101
453,1102
453,1103
453,1104
453,1105
453,1106
453,1107
453,1108
453,1109
453,1110
453,1111
453,1112
453,1113
453,1114
453,1115
453,1116
453,1117
453,1118
453,1119
453,1120
453,1121
453,1122
453,1123
453,1124
453,1125
453,1126
453,1127
453,1128
453,1129
453,1130
453,1131
453,1132
453,1133
453,1134
453,1135
453,1136
453,1137
453,1138
453,1139
453,1140
453,1141
453,1142
453,1143
453,1144
453,1145
453,1146
453,1147
453,1148
453,1149
453,1150
453,1151
453,1152
453,1153
453,1154
453,1155
:278_7,1156
:278_7,1157
:278_7,1158
:278_7,1159
:278_7,1160
-288,1161
-288,1162
-288,1163
-288,1164
-288,1165
-288,1166
-288,1167
-288,1168
-288,1169
-288,1170
-288,1171
-288,1172
-288,1173
-288,1174
-288,1175
-288,1176
-288,1177
-288,1178
-288,1179
-288,1180
-288,1181
-288,1182
-288,1183
-288,1184
-288,1185
-288,1186
-288,1187
-288,1188
-288,1189
-288,1190
-288,1191
-288,1192
-288,1193
-288,1194
-288,1195
-288,1196
-288,1197
-288,1198
-288,1199
-288,1200
-288,1201
-288,1202
-288,1203
-288,1204
-288,1205
-288,1206
-287,1207
-287,1208
-287,1209
-287,1210
-287,1211
-287,1212
-287,1213
-287,1214
-287,1215
-287,1216
-287,1217
-287,1218
-287,1219
-287,1220
-287,1221
-287,1222
-287,1223
-287,1224
-287,1225
-287,1226
-287,1227
-287,1228
-287,1229
-287,1230
-287,1231
-287,1232
-287,1233
-287,1234
-287,1235
-287,1236
-287,1237
-287,1238
-287,1239
-287,1240
-287,1241
-287,1242
-287,1243
-287,1244
-287,1245
-287,1246
-287,1247
-287,1248
-287,1249
-287,1250
-287,1251
-287,1252
-287,1253
-287,1254
-287,1255
-287,1256
-287,1257
-287,1258
-287,1259
-287,1260
-287,1261
-287,1262
-287,1263
-287,1264
-287,1265
-287,1266
-287,1267
-287,1268
-287,1269
-287,1270
-287,1271
-287,1272
-287,1273
-287,1274
-287,1275
-287,1276
-287,1277
-287,1278
-287,1279
-287,1280
-287,1281
-287,1282
-287,1283
-286,1284
-286,1285
-286,1286
-286,1287
-286,1288
-286,1289
-286,1290
-286,1291
-286,1292
-286,1293
-286,1294
-286,1295
-286,1296
-286,1297
-286,1298
-286,1299
-286,1300
-286,1301
-286,1302
-286,1303
-286,1304
-286,1305
-286,1306
-286,1307
-286,1308
-286,1309
-286,1310
-286,1311
-286,1312
-286,1313
-286,1314
-286,1315
-286,1316
-286,1317
-286,1318
-286,1319
-286,1320
-286,1321
-286,1322
-286,1323
-286,1324
-286,1325
-286,1326
-286,1327
-286,1328
-286,1329
-286,1330
-286,1331
-286,1332
-286,1333
-286,1334
-286,1335
-286,1336
-286,1337
-286,1338
-286,1339
-286,1340
-286,1341
-286,1342
-286,1343
-286,1344
-286,1345
-286,1346
-286,1347
-286,1348
-286,1349
-286,1350
-285,1351
-285,1352
-285,1353
-285,1354
-285,1355
-285,1356
-285,1357
-285,1358
-285,1359
-285,1360
-285,1361
-285,1362
-285,1363
-285,1364
-285,1365
-285,1366
-285,1367
-285,1368
-285,1369
-285,1370
-285,1371
-285,1372
-285,1373
-285,1374
-285,1375
-285,1376
-285,1377
-285,1378
-285,1379
-285,1380
-285,1381
-285,1382
-285,1383
-285,1384
-285,1385
-285,1386
-285,1387
-285,1388
-285,1389
-285,1390
-285,1391
-285,1392
-285,1393
-285,1394
-285,1395
-285,1396
-285,1397
-285,1398
-285,1399
-285,1400
-285,1401
-285,1402
-285,1403
-285,1404
-285,1405
-285,1406
-285,1407
-285,1408
-285,1409
-285,1410
-285,1411
-285,1412
-285,1413
:274_0,1414
-284,1415
-284,1416
-284,1417
-284,1418
-284,1419
-284,1420
-284,1421
-284,1422
-284,1423
-284,1424
-284,1425
-284,1426
-284,1427
-284,1428
-284,1429
-284,1430
-284,1431
-284,1432
-284,1433
-284,1434
-284,1435
-284,1436
-284,1437
-284,1438
-284,1439
-284,1440
-284,1441
-284,1442
-284,1443
-284,1444
-284,1445
-284,1446
-284,1447
-284,1448
-284,1449
-284,1450
-284,1451
-284,1452
-284,1453
-284,1454
-284,1455
-284,1456
-284,1457
-284,1458
-284,1459
-284,1460
-284,1461
-284,1462
-284,1463
-284,1464
-284,1465
-284,1466
-284,1467
-284,1468
-284,1469
-284,1470
-284,1471
-284,1472
-284,1473
-284,1474
-284,1475
-284,1476
-284,1477
-284,1478
-284,1479
-284,1480
-284,1481
-284,1482
-284,1483
-284,1484
-284,1485
-284,1486
-284,1487
:248_1,1488
:248_1,1489
:248_1,1490
:248_1,1491
:248_1,1492
:248_1,1493
289,1494
289,1495
289,1496
289,1497
289,1498
289,1499
289,1500
289,1501
289,1502
289,1503
289,1504
289,1505
289,1506
289,1507
289,1508
289,1509
289,1510
289,1511
289,1512
289,1513
289,1514
289,1515
289,1516
289,1517
289,1518
289,1519
289,1520
289,1521
289,1522
289,1523
289,1524
289,1525
289,1526
289,1527
289,1528
289,1529
289,1530
289,1531
289,1532
289,1533
289,1534
289,1535
289,1536
289,1537
289,1538
289,1539
289,1540
289,1541
289,1542
289,1543
289,1544
289,1545
289,1546
289,1547
289,1548
289,1549
289,1550
289,1551
289,1552
289,1553
289,1554
289,1555
289,1556
289,1557
289,1558
289,1559
289,1560
289,1561
289,1562
289,1563
289,1564
289,1565
289,1566
289,1567
289,1568
289,1569
289,1570
289,1571
289,1572
289,1573
289,1574
289,1575
289,1576
289,1577
289,1578
289,1579
289,1580
289,1581
289,1582
289,1583
:279_1,1584
:279_1,1585
:279_1,1586
:279_1,1587
:279_1,1588
:279_1,1589
454,1590
454,1591
454,1592
454,1593
454,1594
454,1595
454,1596
454,1597
454,1598
454,1599
454,1600
454,1601
454,1602
454,1603
454,1604
454,1605
454,1606
454,1607
454,1608
454,1609
454,1610
454,1611
454,1612
454,1613
454,1614
454,1615
454,1616
454,1617
454,1618
454,1619
454,1620
454,1621
454,1622
454,1623
454,1624
454,1625
454,1626
454,1627
454,1628
454,1629
454,1630
454,1631
454,1632
454,1633
454,1634
454,1635
454,1636
454,1637
454,1638
454,1639
454,1640
454,1641
454,1642
454,1643
454,1644
454,1645
454,1646
454,1647
454,1648
454,1649
454,1650
454,1651
454,1652
454,1653
454,1654
454,1655
454,1656
454,1657
454,1658
454,1659
454,1660
454,1661
454,1662
454,1663
454,1664
454,1665
454,1666
454,1667
454,1668
454,1669
454,1670
454,1671
454,1672
454,1673
454,1674
454,1675
454,1676
454,1677
454,1678
454,1679
454,1680
454,1681
454,1682
454,1683
454,1684
454,1685
454,1686
454,1687
454,1688
:338_1,1689
:338_1,1690
:338_1,1691
:338_1,1692
:338_1,1693
:338_1,1694
-369,1695
-369,1696
-369,1697
-369,1698
-369,1699
-369,1700
-369,1701
-369,1702
-369,1703
-369,1704
-369,1705
-369,1706
-369,1707
-369,1708
-369,1709
-369,1710
-369,1711
-369,1712
-369,1713
-369,1714
-369,1715
-369,1716
-369,1717
-369,1718
-369,1719
-369,1720
-369,1721
-369,1722
-369,1723
-369,1724
-369,1725
-369,1726
-369,1727
-369,1728
-369,1729
-369,1730
-369,1731
-369,1732
-369,1733
-369,1734
-369,1735
-369,1736
-369,1737
-369,1738
-369,1739
-369,1740
-369,1741
-369,1742
-369,1743
-369,1744
-369,1745
-369,1746
-369,1747
-369,1748
-369,1749
-369,1750
-369,1751
-369,1752
-369,1753
-369,1754
-369,1755
-369,1756
-369,1757
-369,1758
-369,1759
-369,1760
-369,1761
-369,1762
-369,1763
-369,1764
-369,1765
-369,1766
-369,1767
-369,1768
-369,1769
-369,1770
-369,1771
-369,1772
-369,1773
-369,1774
-369,1775
-369,1776
-369,1777
-369,1778
-369,1779
-369,1780
-369,1781
-369,1782
-369,1783
-369,1784
-369,1785
-369,1786
-369,1787
-369,1788
-369,1789
-369,1790
-369,1791
-369,1792
-369,1793
-369,1794
-369,1795
-369,1796
-369,1797
-369,1798
-369,1799
-369,1800
-369,1801
-369,1802
-369,1803
-369,1804
-369,1805
-369,1806
-369,1807
-369,1808
-369,1809
-369,1810
-369,1811
-369,1812
-369,1813
-369,1814
-369,1815
-369,1816
-369,1817
-369,1818
-369,1819
-369,1820
-369,1821
-369,1822
-369,1823
-369,1824
-369,1825
-369,1826
-369,1827
-369,1828
-369,1829
-369,1830
-369,1831
-369,1832
-369,1833
-369,1834
-369,1835
-369,1836
-369,1837
-369,1838
-369,1839
-369,1840
-369,1841
-369,1842
-369,1843
-369,1844
-369,1845
-369,1846
-369,1847
-369,1848
-369,1849
-369,1850
-369,1851
-369,1852
-369,1853
-369,1854
-369,1855
-369,1856
-369,1857
-369,1858
-369,1859
-369,1860
-369,1861
-369,1862
-369,1863
-369,1864
-369,1865
-369,1866
-369,1867
-369,1868
-369,1869
-369,1870
-369,1871
-369,1872
-369,1873
-369,1874
-369,1875
-369,1876
-369,1877
-369,1878
-369,1879
-369,1880
-369,1881
-369,1882
-369,1883
-369,1884
-369,1885
-369,1886
-369,1887
-369,1888
-369,1889
-369,1890
-369,1891
-369,1892
-369,1893
-369,1894
-369,1895
-369,1896
-369,1897
-369,1898
-369,1899
-369,1900
-369,1901
-369,1902
-369,1903
-369,1904
-369,1905
-369,1906
-369,1907
-369,1908
-369,1909
-369,1910
-369,1911
-369,1912
-369,1913
-369,1914
-369,1915
-369,1916
-369,1917
-369,1918
-369,1919
-369,1920
-369,1921
-369,1922
-369,1923
-369,1924
