-258,1
-258,2
-258,3
-258,4
-258,5
-258,6
-258,7
-258,8
-258,9
-258,10
-258,11
-258,12
-258,13
-258,14
-258,15
-258,16
-258,17
-258,18
-258,19
-258,20
-258,21
-258,22
-258,23
-258,24
-258,25
-258,26
-258,27
-258,28
-258,29
-258,30
-258,31
-258,32
-258,33
-258,34
-258,35
-258,36
-258,37
-258,38
-258,39
-258,40
-258,41
-258,42
-258,43
-258,44
-258,45
-258,46
-258,47
-258,48
-258,49
-258,50
-258,51
-258,52
-258,53
-258,54
-258,55
-258,56
-258,57
-258,58
-258,59
-258,60
-258,61
-258,62
-258,63
-258,64
-258,65
-258,66
-258,67
-258,68
-258,69
-258,70
-258,71
:21_0,72
:21_0,73
:21_0,74
257,75
257,76
257,77
257,78
257,79
257,80
257,81
257,82
257,83
257,84
257,85
257,86
257,87
257,88
257,89
257,90
257,91
257,92
257,93
257,94
257,95
257,96
257,97
257,98
257,99
257,100
257,101
257,102
257,103
257,104
257,105
257,106
257,107
257,108
257,109
257,110
257,111
257,112
257,113
257,114
257,115
257,116
257,117
257,118
257,119
257,120
257,121
257,122
257,123
257,124
257,125
257,126
257,127
257,128
257,129
257,130
257,131
257,132
257,133
257,134
257,135
257,136
257,137
257,138
257,139
257,140
257,141
257,142
257,143
257,144
257,145
257,146
257,147
257,148
257,149
257,150
257,151
257,152
257,153
257,154
257,155
257,156
257,157
257,158
257,159
257,160
257,161
257,162
257,163
257,164
257,165
257,166
257,167
257,168
257,169
257,170
257,171
257,172
257,173
257,174
257,175
257,176
257,177
257,178
257,179
257,180
257,181
257,182
257,183
257,184
257,185
257,186
257,187
257,188
257,189
257,190
257,191
257,192
257,193
257,194
257,195
257,196
257,197
257,198
257,199
257,200
257,201
257,202
257,203
257,204
257,205
257,206
257,207
257,208
257,209
257,210
257,211
257,212
257,213
257,214
257,215
257,216
257,217
257,218
257,219
257,220
257,221
257,222
257,223
257,224
257,225
257,226
257,227
257,228
257,229
257,230
257,231
257,232
257,233
257,234
257,235
257,236
257,237
257,238
257,239
257,240
257,241
257,242
257,243
257,244
:231_4,245
:231_4,246
:231_4,247
:231_4,248
:231_4,249
-225,250
-225,251
-225,252
-225,253
-225,254
-225,255
-225,256
-225,257
-225,258
-225,259
-225,260
-225,261
-225,262
-225,263
-225,264
-225,265
-225,266
-225,267
-225,268
-225,269
-225,270
-225,271
-225,272
-225,273
-225,274
-225,275
-225,276
-225,277
-225,278
-225,279
-225,280
-225,281
-225,282
-225,283
-225,284
-225,285
-225,286
-225,287
-225,288
-225,289
-225,290
-225,291
-225,292
-225,293
-225,294
-225,295
-225,296
-225,297
-225,298
-225,299
-225,300
-225,301
-225,302
-225,303
-225,304
-225,305
-225,306
-225,307
-225,308
-225,309
-225,310
-225,311
-225,312
-225,313
-225,314
-225,315
-225,316
-225,317
-225,318
-225,319
-225,320
-225,321
-225,322
-225,323
-225,324
-225,325
-225,326
-225,327
-225,328
-225,329
-225,330
-225,331
-225,332
-225,333
-225,334
-225,335
-225,336
-225,337
-225,338
-225,339
-225,340
-225,341
-225,342
-225,343
-225,344
-225,345
-225,346
-225,347
-225,348
-225,349
-225,350
-225,351
-225,352
-225,353
-225,354
-225,355
-225,356
-225,357
-225,358
-225,359
-225,360
-225,361
-225,362
-225,363
-225,364
-225,365
-225,366
-225,367
-225,368
-225,369
-225,370
-225,371
-225,372
-225,373
-225,374
-225,375
-225,376
-225,377
-225,378
-225,379
-225,380
-225,381
-225,382
-225,383
-225,384
-225,385
-225,386
-225,387
-225,388
-225,389
-225,390
-225,391
-225,392
-225,393
-225,394
-225,395
:227_1,396
:227_1,397
:227_1,398
:227_1,399
:227_1,400
222,401
222,402
222,403
222,404
222,405
222,406
222,407
222,408
222,409
222,410
222,411
222,412
222,413
222,414
222,415
222,416
222,417
222,418
222,419
222,420
222,421
222,422
222,423
222,424
222,425
222,426
222,427
222,428
222,429
222,430
222,431
222,432
222,433
222,434
222,435
222,436
222,437
222,438
222,439
222,440
222,441
222,442
222,443
222,444
222,445
222,446
222,447
222,448
222,449
222,450
222,451
222,452
222,453
222,454
222,455
222,456
222,457
222,458
222,459
222,460
222,461
222,462
222,463
222,464
222,465
222,466
222,467
222,468
222,469
222,470
222,471
222,472
222,473
222,474
222,475
222,476
222,477
222,478
222,479
222,480
222,481
222,482
222,483
222,484
222,485
222,486
222,487
222,488
222,489
222,490
222,491
222,492
222,493
222,494
222,495
222,496
222,497
222,498
222,499
222,500
222,501
222,502
222,503
222,504
222,505
222,506
222,507
222,508
222,509
222,510
222,511
222,512
222,513
222,514
222,515
222,516
222,517
222,518
222,519
222,520
222,521
222,522
222,523
222,524
222,525
222,526
222,527
222,528
222,529
222,530
222,531
222,532
222,533
222,534
222,535
222,536
222,537
222,538
222,539
222,540
222,541
222,542
222,543
222,544
222,545
222,546
222,547
222,548
222,549
222,550
222,551
222,552
222,553
222,554
222,555
222,556
222,557
222,558
222,559
222,560
222,561
222,562
222,563
222,564
222,565
222,566
222,567
222,568
222,569
222,570
222,571
222,572
222,573
222,574
222,575
222,576
222,577
:228_4,578
:228_4,579
:228_4,580
:228_4,581
:228_4,582
223,583
223,584
223,585
223,586
223,587
223,588
223,589
223,590
223,591
223,592
223,593
223,594
223,595
223,596
223,597
223,598
223,599
223,600
223,601
223,602
223,603
223,604
223,605
223,606
223,607
223,608
223,609
223,610
223,611
223,612
223,613
223,614
223,615
223,616
223,617
223,618
223,619
223,620
223,621
223,622
223,623
223,624
223,625
223,626
223,627
223,628
223,629
223,630
223,631
223,632
223,633
223,634
223,635
223,636
223,637
223,638
223,639
223,640
223,641
223,642
223,643
223,644
223,645
223,646
223,647
223,648
223,649
223,650
223,651
223,652
223,653
223,654
223,655
223,656
223,657
223,658
223,659
223,660
223,661
223,662
223,663
223,664
223,665
223,666
223,667
223,668
223,669
223,670
223,671
223,672
223,673
223,674
223,675
223,676
:229_4,677
:229_4,678
:229_4,679
:229_4,680
:229_4,681
224,682
224,683
224,684
224,685
224,686
224,687
224,688
224,689
224,690
224,691
224,692
224,693
224,694
224,695
224,696
224,697
224,698
224,699
224,700
224,701
224,702
224,703
224,704
224,705
224,706
224,707
224,708
224,709
224,710
224,711
224,712
224,713
224,714
224,715
224,716
224,717
224,718
224,719
224,720
224,721
224,722
224,723
224,724
224,725
224,726
224,727
224,728
224,729
224,730
224,731
224,732
224,733
224,734
224,735
224,736
224,737
224,738
224,739
224,740
224,741
224,742
224,743
224,744
224,745
224,746
224,747
224,748
224,749
224,750
224,751
224,752
224,753
224,754
224,755
224,756
224,757
224,758
224,759
224,760
224,761
224,762
224,763
224,764
224,765
224,766
224,767
224,768
:230_1,769
:230_1,770
:230_1,771
:230_1,772
:230_1,773
:230_1,774
374,775
374,776
374,777
374,778
374,779
374,780
374,781
374,782
374,783
374,784
374,785
374,786
374,787
374,788
374,789
374,790
374,791
374,792
374,793
374,794
374,795
374,796
374,797
374,798
374,799
374,800
374,801
374,802
374,803
374,804
374,805
374,806
374,807
374,808
374,809
374,810
374,811
374,812
374,813
374,814
374,815
374,816
374,817
374,818
374,819
374,820
374,821
374,822
374,823
374,824
374,825
374,826
374,827
374,828
374,829
374,830
374,831
374,832
374,833
374,834
374,835
374,836
374,837
374,838
374,839
374,840
374,841
374,842
374,843
374,844
374,845
374,846
374,847
374,848
374,849
374,850
:340_0,851
375,852
375,853
375,854
375,855
375,856
375,857
375,858
375,859
375,860
375,861
375,862
375,863
375,864
375,865
375,866
375,867
375,868
375,869
375,870
375,871
375,872
375,873
375,874
375,875
375,876
375,877
375,878
375,879
375,880
375,881
375,882
375,883
375,884
375,885
375,886
375,887
375,888
375,889
375,890
375,891
375,892
375,893
375,894
375,895
375,896
375,897
375,898
375,899
375,900
375,901
375,902
375,903
375,904
375,905
375,906
375,907
375,908
375,909
375,910
375,911
375,912
375,913
375,914
375,915
375,916
375,917
375,918
375,919
375,920
375,921
375,922
375,923
375,924
375,925
375,926
375,927
375,928
375,929
375,930
375,931
375,932
375,933
375,934
375,935
375,936
375,937
375,938
375,939
375,940
375,941
375,942
375,943
375,944
375,945
375,946
375,947
375,948
375,949
375,950
375,951
375,952
375,953
375,954
375,955
375,956
375,957
375,958
:15_1,959
:15_1,960
:15_1,961
:15_1,962
:15_1,963
-13,964
-13,965
-13,966
-13,967
-13,968
-13,969
-13,970
-13,971
-13,972
-13,973
-13,974
-13,975
-13,976
-13,977
-13,978
-13,979
-13,980
-13,981
-13,982
-13,983
-13,984
-13,985
-13,986
-13,987
-13,988
-13,989
-13,990
-13,991
-13,992
-13,993
-13,994
-13,995
-13,996
-13,997
-13,998
-13,999
-13,1000
-13,1001
-13,1002
-13,1003
-13,1004
-13,1005
-13,1006
-13,1007
-13,1008
-13,1009
-13,1010
-13,1011
-13,1012
-13,1013
-13,1014
-13,1015
-13,1016
-13,1017
-13,1018
-13,1019
-13,1020
-13,1021
-13,1022
-13,1023
-13,1024
-13,1025
-13,1026
-13,1027
-13,1028
-13,1029
-13,1030
-13,1031
-13,1032
-13,1033
-13,1034
-13,1035
-13,1036
-13,1037
-13,1038
-13,1039
-13,1040
-13,1041
-13,1042
-13,1043
-13,1044
-13,1045
-13,1046
-13,1047
-13,1048
-13,1049
-13,1050
-13,1051
-13,1052
-13,1053
-13,1054
-13,1055
-13,1056
-13,1057
-13,1058
-13,1059
-13,1060
-13,1061
-13,1062
-13,1063
:14_0,1064
14,1065
14,1066
14,1067
14,1068
14,1069
14,1070
14,1071
14,1072
14,1073
14,1074
14,1075
14,1076
14,1077
14,1078
14,1079
14,1080
14,1081
14,1082
14,1083
14,1084
14,1085
14,1086
14,1087
14,1088
14,1089
14,1090
14,1091
14,1092
14,1093
14,1094
14,1095
14,1096
14,1097
14,1098
14,1099
14,1100
14,1101
14,1102
14,1103
14,1104
14,1105
14,1106
14,1107
14,1108
14,1109
14,1110
14,1111
14,1112
14,1113
14,1114
14,1115
14,1116
14,1117
14,1118
14,1119
14,1120
14,1121
14,1122
14,1123
14,1124
14,1125
14,1126
14,1127
14,1128
14,1129
14,1130
14,1131
14,1132
14,1133
14,1134
14,1135
14,1136
14,1137
14,1138
14,1139
14,1140
14,1141
14,1142
14,1143
14,1144
14,1145
14,1146
14,1147
14,1148
14,1149
14,1150
14,1151
14,1152
14,1153
14,1154
14,1155
14,1156
14,1157
14,1158
14,1159
14,1160
14,1161
14,1162
14,1163
14,1164
14,1165
14,1166
14,1167
14,1168
14,1169
14,1170
14,1171
14,1172
14,1173
14,1174
14,1175
:16_4,1176
:16_4,1177
:16_4,1178
:16_4,1179
:16_4,1180
-210,1181
-210,1182
-210,1183
-210,1184
-210,1185
-210,1186
-210,1187
-210,1188
-210,1189
-210,1190
-210,1191
-210,1192
-210,1193
-210,1194
-210,1195
-210,1196
-210,1197
-210,1198
-210,1199
-210,1200
-210,1201
-210,1202
-210,1203
-210,1204
-210,1205
-210,1206
-210,1207
-210,1208
-210,1209
-210,1210
-210,1211
-210,1212
-210,1213
-210,1214
-210,1215
-210,1216
-210,1217
-210,1218
-210,1219
-210,1220
-210,1221
-210,1222
-210,1223
-210,1224
-210,1225
-210,1226
-210,1227
-210,1228
-210,1229
-210,1230
-210,1231
-210,1232
-210,1233
-210,1234
-210,1235
-210,1236
-210,1237
-210,1238
-210,1239
-210,1240
-210,1241
-210,1242
-210,1243
-210,1244
-210,1245
-210,1246
-210,1247
-210,1248
-210,1249
-210,1250
-210,1251
-210,1252
-210,1253
-210,1254
-210,1255
-210,1256
-210,1257
-210,1258
-210,1259
-210,1260
-210,1261
-210,1262
-210,1263
-210,1264
-210,1265
-210,1266
-210,1267
-210,1268
-210,1269
-210,1270
-210,1271
-210,1272
-210,1273
-210,1274
-210,1275
-210,1276
-210,1277
-210,1278
-210,1279
:29_5,1280
:29_5,1281
:29_5,1282
:29_5,1283
:29_5,1284
-25,1285
-25,1286
-25,1287
-25,1288
-25,1289
-25,1290
-25,1291
-25,1292
-25,1293
-25,1294
-25,1295
-25,1296
-25,1297
-25,1298
-25,1299
-25,1300
-25,1301
-25,1302
-25,1303
-25,1304
-25,1305
-25,1306
-25,1307
-25,1308
-25,1309
-25,1310
-25,1311
-25,1312
-25,1313
-25,1314
-25,1315
-25,1316
-25,1317
-25,1318
-25,1319
-25,1320
-25,1321
-25,1322
-25,1323
-25,1324
-25,1325
-25,1326
-25,1327
-25,1328
-25,1329
-25,1330
-25,1331
-25,1332
-25,1333
-25,1334
-25,1335
-25,1336
-25,1337
-25,1338
-25,1339
-25,1340
-25,1341
-25,1342
-25,1343
-25,1344
-25,1345
-25,1346
-25,1347
-25,1348
-25,1349
-25,1350
-25,1351
-25,1352
-25,1353
-25,1354
-25,1355
-25,1356
-25,1357
-25,1358
-25,1359
-25,1360
-25,1361
-25,1362
-25,1363
-25,1364
-25,1365
-25,1366
-25,1367
-25,1368
-25,1369
-25,1370
-25,1371
-25,1372
-25,1373
-25,1374
-25,1375
-25,1376
-25,1377
-25,1378
-25,1379
-25,1380
-25,1381
-25,1382
-25,1383
-25,1384
-25,1385
-25,1386
-25,1387
-25,1388
-25,1389
-25,1390
-25,1391
-25,1392
-25,1393
-25,1394
-25,1395
-25,1396
-25,1397
-25,1398
-25,1399
-25,1400
-25,1401
-25,1402
-25,1403
-25,1404
-25,1405
-25,1406
-25,1407
-25,1408
-25,1409
-25,1410
-25,1411
-25,1412
-25,1413
-25,1414
-25,1415
-25,1416
-25,1417
-25,1418
-25,1419
-25,1420
-25,1421
-25,1422
-25,1423
-25,1424
-25,1425
-25,1426
:24_5,1427
:24_5,1428
:24_5,1429
:24_5,1430
:24_5,1431
:24_5,1432
-20,1433
-20,1434
-20,1435
-20,1436
-20,1437
-20,1438
-20,1439
-20,1440
-20,1441
-20,1442
-20,1443
-20,1444
-20,1445
-20,1446
-20,1447
-20,1448
-20,1449
-20,1450
-20,1451
-20,1452
-20,1453
-20,1454
-20,1455
-20,1456
-20,1457
-20,1458
-20,1459
-20,1460
-20,1461
-20,1462
-20,1463
-20,1464
-20,1465
-20,1466
-20,1467
-20,1468
-20,1469
-20,1470
-20,1471
-20,1472
-20,1473
-20,1474
-20,1475
-20,1476
-20,1477
-20,1478
-20,1479
-20,1480
-20,1481
-20,1482
-20,1483
-20,1484
-20,1485
-20,1486
-20,1487
-20,1488
-20,1489
-20,1490
-20,1491
-20,1492
-20,1493
-20,1494
-20,1495
-20,1496
-20,1497
-20,1498
-20,1499
-20,1500
-20,1501
-20,1502
-20,1503
-20,1504
-20,1505
-20,1506
-20,1507
-20,1508
-20,1509
-20,1510
-20,1511
-20,1512
-20,1513
-20,1514
-20,1515
-20,1516
-20,1517
-20,1518
-20,1519
-20,1520
-20,1521
-20,1522
-20,1523
-20,1524
-20,1525
:23_4,1526
:23_4,1527
:23_4,1528
:23_4,1529
:23_4,1530
:23_4,1531
:23_4,1532
-19,1533
-19,1534
-19,1535
-19,1536
-19,1537
-19,1538
-19,1539
-19,1540
-19,1541
-19,1542
-19,1543
-19,1544
-19,1545
-19,1546
-19,1547
-19,1548
-19,1549
-19,1550
-19,1551
-19,1552
-19,1553
-19,1554
-19,1555
-19,1556
-19,1557
-19,1558
-19,1559
-19,1560
-19,1561
-19,1562
-19,1563
-19,1564
-19,1565
-19,1566
-19,1567
-19,1568
-19,1569
-19,1570
-19,1571
-19,1572
-19,1573
-19,1574
-19,1575
-19,1576
-19,1577
-19,1578
-19,1579
-19,1580
-19,1581
-19,1582
-19,1583
-19,1584
-19,1585
-19,1586
-19,1587
-19,1588
-19,1589
-19,1590
-19,1591
-19,1592
-19,1593
-19,1594
-19,1595
-19,1596
-19,1597
-19,1598
-19,1599
-19,1600
-19,1601
-19,1602
-19,1603
-19,1604
-19,1605
-19,1606
-19,1607
-19,1608
-19,1609
-19,1610
-19,1611
-19,1612
-19,1613
-19,1614
-19,1615
-19,1616
-19,1617
-19,1618
-19,1619
-19,1620
-19,1621
-19,1622
-19,1623
-19,1624
-19,1625
-19,1626
-19,1627
-19,1628
-19,1629
:22_1,1630
:22_1,1631
:22_1,1632
:22_1,1633
:22_1,1634
:22_1,1635
23,1636
23,1637
23,1638
23,1639
23,1640
23,1641
23,1642
23,1643
23,1644
23,1645
23,1646
23,1647
23,1648
23,1649
23,1650
23,1651
23,1652
23,1653
23,1654
23,1655
23,1656
23,1657
23,1658
23,1659
23,1660
23,1661
23,1662
23,1663
23,1664
23,1665
23,1666
23,1667
23,1668
23,1669
23,1670
23,1671
23,1672
23,1673
23,1674
23,1675
23,1676
23,1677
23,1678
23,1679
23,1680
23,1681
23,1682
23,1683
23,1684
23,1685
23,1686
23,1687
23,1688
23,1689
23,1690
23,1691
23,1692
23,1693
23,1694
23,1695
23,1696
23,1697
23,1698
23,1699
23,1700
23,1701
23,1702
23,1703
23,1704
23,1705
23,1706
23,1707
23,1708
23,1709
23,1710
23,1711
23,1712
23,1713
23,1714
23,1715
23,1716
23,1717
23,1718
23,1719
23,1720
23,1721
23,1722
23,1723
23,1724
23,1725
23,1726
23,1727
23,1728
23,1729
23,1730
23,1731
23,1732
23,1733
23,1734
23,1735
23,1736
23,1737
23,1738
23,1739
23,1740
23,1741
23,1742
23,1743
23,1744
23,1745
23,1746
23,1747
23,1748
23,1749
23,1750
23,1751
23,1752
23,1753
23,1754
23,1755
23,1756
23,1757
23,1758
23,1759
23,1760
23,1761
23,1762
23,1763
23,1764
23,1765
23,1766
23,1767
23,1768
23,1769
23,1770
23,1771
23,1772
23,1773
23,1774
23,1775
23,1776
23,1777
23,1778
23,1779
23,1780
23,1781
23,1782
23,1783
23,1784
23,1785
23,1786
23,1787
23,1788
23,1789
23,1790
23,1791
23,1792
23,1793
23,1794
23,1795
23,1796
23,1797
23,1798
23,1799
23,1800
23,1801
23,1802
23,1803
23,1804
23,1805
23,1806
23,1807
23,1808
23,1809
23,1810
23,1811
23,1812
23,1813
23,1814
23,1815
23,1816
23,1817
:27_1,1818
:27_1,1819
:27_1,1820
:27_1,1821
:27_1,1822
:27_1,1823
87,1824
87,1825
87,1826
87,1827
87,1828
87,1829
87,1830
87,1831
87,1832
87,1833
87,1834
87,1835
87,1836
87,1837
87,1838
87,1839
87,1840
87,1841
87,1842
87,1843
87,1844
87,1845
87,1846
87,1847
87,1848
87,1849
87,1850
87,1851
87,1852
87,1853
87,1854
87,1855
87,1856
87,1857
87,1858
87,1859
87,1860
87,1861
87,1862
87,1863
87,1864
87,1865
87,1866
87,1867
87,1868
87,1869
87,1870
87,1871
87,1872
87,1873
87,1874
87,1875
87,1876
87,1877
87,1878
87,1879
87,1880
87,1881
87,1882
87,1883
87,1884
87,1885
87,1886
87,1887
87,1888
87,1889
87,1890
87,1891
87,1892
87,1893
87,1894
87,1895
87,1896
87,1897
87,1898
87,1899
87,1900
87,1901
87,1902
87,1903
87,1904
87,1905
87,1906
87,1907
87,1908
87,1909
87,1910
87,1911
87,1912
87,1913
87,1914
87,1915
87,1916
87,1917
87,1918
87,1919
87,1920
87,1921
87,1922
87,1923
87,1924
87,1925
87,1926
87,1927
87,1928
87,1929
87,1930
87,1931
87,1932
87,1933
87,1934
87,1935
87,1936
87,1937
87,1938
87,1939
87,1940
87,1941
87,1942
87,1943
87,1944
87,1945
87,1946
87,1947
87,1948
87,1949
87,1950
87,1951
87,1952
87,1953
87,1954
87,1955
87,1956
87,1957
87,1958
87,1959
87,1960
87,1961
87,1962
87,1963
87,1964
87,1965
87,1966
87,1967
87,1968
87,1969
87,1970
87,1971
87,1972
87,1973
87,1974
87,1975
87,1976
87,1977
87,1978
87,1979
87,1980
87,1981
87,1982
87,1983
87,1984
87,1985
87,1986
87,1987
87,1988
:102_0,1989
:102_0,1990
:102_0,1991
:102_0,1992
:102_0,1993
:102_0,1994
-159,1995
-159,1996
-159,1997
-159,1998
-159,1999
-159,2000
