-384,1
-384,2
-384,3
-384,4
-384,5
-384,6
-384,7
-384,8
-384,9
-384,10
-384,11
-384,12
-384,13
-384,14
-384,15
-384,16
-384,17
-384,18
-384,19
-384,20
-384,21
-384,22
-384,23
-384,24
-384,25
-384,26
-384,27
-384,28
-384,29
-384,30
-384,31
-384,32
-384,33
-384,34
-384,35
-384,36
-384,37
-384,38
-384,39
-384,40
-384,41
-384,42
-384,43
-384,44
-384,45
-384,46
-384,47
-384,48
-384,49
-384,50
-384,51
-384,52
-384,53
-384,54
-384,55
-384,56
-384,57
-384,58
-384,59
-384,60
-384,61
-384,62
-384,63
:346_0,64
:346_0,65
:346_0,66
390,67
390,68
390,69
390,70
390,71
390,72
390,73
390,74
390,75
390,76
390,77
390,78
390,79
390,80
390,81
390,82
390,83
390,84
390,85
390,86
390,87
390,88
390,89
390,90
390,91
390,92
390,93
390,94
390,95
390,96
390,97
390,98
390,99
390,100
390,101
390,102
390,103
390,104
390,105
390,106
390,107
390,108
390,109
390,110
:4_0,111
:4_0,112
:4_0,113
-11,114
-11,115
-11,116
-11,117
-11,118
-11,119
-11,120
-11,121
-11,122
-11,123
-11,124
-11,125
-11,126
-11,127
-11,128
-11,129
-11,130
-11,131
-11,132
-11,133
-11,134
-11,135
-11,136
-11,137
-11,138
-11,139
-11,140
-11,141
-11,142
-11,143
-11,144
-11,145
-11,146
-11,147
-11,148
-11,149
-11,150
-11,151
-11,152
-11,153
-11,154
-11,155
-11,156
-11,157
-11,158
-11,159
-11,160
-11,161
-11,162
-11,163
-11,164
-11,165
-11,166
-11,167
-11,168
-11,169
-11,170
-11,171
-11,172
-11,173
-11,174
-11,175
-11,176
-11,177
-11,178
-11,179
-11,180
-11,181
-11,182
-11,183
-11,184
-11,185
-11,186
-11,187
-11,188
-11,189
-11,190
-11,191
-11,192
-11,193
-11,194
-11,195
-11,196
-11,197
-11,198
-11,199
-11,200
-11,201
-11,202
-11,203
-11,204
-11,205
-11,206
-11,207
-11,208
-11,209
-11,210
-11,211
-11,212
-11,213
-11,214
-11,215
-11,216
-11,217
-11,218
-11,219
-11,220
-11,221
-11,222
-11,223
-11,224
-11,225
-11,226
-11,227
-11,228
-11,229
-11,230
-11,231
-11,232
-11,233
-11,234
-10,235
-10,236
-10,237
-10,238
-10,239
-10,240
-10,241
-10,242
-10,243
-10,244
-10,245
-10,246
-10,247
-10,248
-10,249
-10,250
-10,251
-10,252
-10,253
-10,254
-10,255
-10,256
-10,257
-10,258
-10,259
-10,260
-10,261
-10,262
-10,263
-10,264
-10,265
-10,266
-10,267
-10,268
-10,269
-10,270
-10,271
-10,272
-10,273
-10,274
-10,275
-10,276
-10,277
-10,278
-10,279
-10,280
-10,281
-10,282
-10,283
-10,284
-10,285
-10,286
-10,287
-10,288
-10,289
-10,290
-10,291
-10,292
-10,293
-10,294
:11_0,295
-9,296
-9,297
-9,298
-9,299
-9,300
-9,301
-9,302
-9,303
-9,304
-9,305
-9,306
-9,307
-9,308
-9,309
-9,310
-9,311
-9,312
-9,313
-9,314
-9,315
-9,316
-9,317
-9,318
-9,319
-9,320
-9,321
-9,322
-9,323
-9,324
-9,325
-9,326
-9,327
-9,328
-9,329
-9,330
-9,331
-9,332
-9,333
-9,334
-9,335
-9,336
-9,337
-9,338
-9,339
-9,340
-9,341
-9,342
-9,343
-9,344
-9,345
-9,346
-9,347
-9,348
-9,349
-9,350
-9,351
-9,352
-9,353
-9,354
-9,355
-8,356
-8,357
-8,358
-8,359
-8,360
-8,361
-8,362
-8,363
-8,364
-8,365
-8,366
-8,367
-8,368
-8,369
-8,370
-8,371
-8,372
-8,373
-8,374
-8,375
-8,376
-8,377
-8,378
-8,379
-8,380
-8,381
-8,382
-8,383
-8,384
-8,385
-8,386
-8,387
-8,388
-8,389
-8,390
-8,391
-8,392
-8,393
-8,394
-8,395
-8,396
-8,397
-8,398
-8,399
-8,400
-8,401
-8,402
-8,403
-8,404
-8,405
-8,406
-8,407
-8,408
-8,409
-8,410
-8,411
-8,412
-8,413
-8,414
-8,415
-8,416
-8,417
-8,418
-7,419
-7,420
-7,421
-7,422
-7,423
-7,424
-7,425
-7,426
-7,427
-7,428
-7,429
-7,430
-7,431
-7,432
-7,433
-7,434
-7,435
-7,436
-7,437
-7,438
-7,439
-7,440
-7,441
-7,442
-7,443
-7,444
-7,445
-7,446
-7,447
-7,448
-7,449
-7,450
-7,451
-7,452
-7,453
-7,454
-7,455
-7,456
-7,457
-7,458
-7,459
-7,460
-7,461
-7,462
-7,463
-7,464
-7,465
-7,466
-7,467
-7,468
-7,469
-7,470
-7,471
-7,472
-7,473
-7,474
-7,475
-7,476
-7,477
-7,478
-7,479
-7,480
-7,481
-7,482
-7,483
-7,484
-7,485
-7,486
-7,487
-7,488
-7,489
-6,490
-6,491
-6,492
-6,493
-6,494
-6,495
-6,496
-6,497
-6,498
-6,499
-6,500
-6,501
-6,502
-6,503
-6,504
-6,505
-6,506
-6,507
-6,508
-6,509
-6,510
-6,511
-6,512
-6,513
-6,514
-6,515
-6,516
-6,517
-6,518
-6,519
-6,520
-6,521
-6,522
-6,523
-6,524
-6,525
-6,526
-6,527
-6,528
-6,529
-6,530
-6,531
-6,532
-6,533
-6,534
-6,535
-6,536
-6,537
-6,538
-6,539
-6,540
-6,541
-6,542
-6,543
-6,544
-6,545
-6,546
-6,547
-6,548
-6,549
-6,550
-6,551
-6,552
-6,553
-6,554
-6,555
-6,556
-6,557
-6,558
-6,559
-6,560
-6,561
-6,562
-6,563
-6,564
-6,565
-6,566
-6,567
-6,568
-6,569
-6,570
-6,571
-6,572
-6,573
-6,574
-6,575
-6,576
-6,577
-6,578
-6,579
-6,580
-6,581
-6,582
-6,583
-6,584
-6,585
-6,586
-6,587
-6,588
-6,589
-6,590
-6,591
-6,592
-6,593
-6,594
-6,595
-6,596
-6,597
-6,598
-6,599
-6,600
-6,601
-6,602
-6,603
-6,604
-6,605
-6,606
-6,607
-6,608
-6,609
-6,610
-6,611
-6,612
-6,613
-6,614
-6,615
-6,616
-6,617
-6,618
-6,619
-6,620
-6,621
-6,622
-6,623
-6,624
-6,625
-6,626
-6,627
-6,628
-6,629
-6,630
-6,631
-6,632
-6,633
-6,634
-6,635
-6,636
-6,637
-6,638
-6,639
-6,640
-6,641
-6,642
-6,643
-6,644
-6,645
-6,646
-6,647
-6,648
-6,649
-6,650
-6,651
-6,652
-6,653
-6,654
-6,655
-6,656
-6,657
-6,658
-6,659
-6,660
-6,661
-6,662
-6,663
-6,664
-6,665
-6,666
-6,667
-6,668
-6,669
-6,670
-6,671
-6,672
-6,673
-6,674
-6,675
-6,676
-6,677
-6,678
-6,679
-6,680
-6,681
-6,682
-6,683
-6,684
-6,685
-6,686
-6,687
-6,688
-6,689
-6,690
-6,691
-6,692
-6,693
-6,694
-6,695
-6,696
-6,697
-6,698
-6,699
-6,700
-6,701
-6,702
-6,703
-6,704
-6,705
-6,706
-6,707
-6,708
:6_1,709
:6_1,710
:6_1,711
:6_1,712
:6_1,713
:6_1,714
:6_1,715
:6_1,716
-684,717
-684,718
-684,719
-684,720
-684,721
-684,722
-684,723
-684,724
-684,725
-684,726
-684,727
-684,728
-684,729
-684,730
-684,731
-684,732
-684,733
-684,734
-684,735
-684,736
:373_4,737
:373_4,738
-685,739
-685,740
-685,741
-685,742
-685,743
-685,744
-685,745
-685,746
-685,747
-685,748
-685,749
-685,750
-685,751
-685,752
-685,753
-685,754
-685,755
-685,756
-685,757
-685,758
:13_1,759
:13_1,760
177,761
177,762
177,763
177,764
177,765
177,766
177,767
177,768
177,769
177,770
177,771
177,772
177,773
177,774
177,775
177,776
177,777
177,778
177,779
177,780
177,781
177,782
177,783
177,784
177,785
177,786
177,787
177,788
177,789
177,790
177,791
177,792
177,793
177,794
177,795
177,796
177,797
177,798
177,799
177,800
177,801
177,802
177,803
177,804
177,805
177,806
177,807
177,808
177,809
177,810
177,811
177,812
177,813
177,814
177,815
177,816
177,817
177,818
177,819
177,820
177,821
177,822
177,823
177,824
177,825
177,826
177,827
177,828
177,829
177,830
177,831
177,832
177,833
177,834
177,835
177,836
177,837
177,838
177,839
177,840
177,841
177,842
177,843
177,844
177,845
177,846
177,847
177,848
177,849
177,850
177,851
177,852
177,853
177,854
177,855
177,856
177,857
177,858
177,859
177,860
177,861
177,862
177,863
177,864
177,865
177,866
177,867
177,868
177,869
177,870
177,871
177,872
177,873
177,874
177,875
177,876
177,877
177,878
177,879
177,880
177,881
177,882
177,883
177,884
177,885
177,886
177,887
177,888
177,889
177,890
177,891
177,892
177,893
177,894
177,895
177,896
177,897
177,898
177,899
177,900
:190_1,901
:190_1,902
:190_1,903
:190_1,904
:190_1,905
178,906
178,907
178,908
178,909
178,910
178,911
178,912
178,913
178,914
178,915
178,916
178,917
178,918
178,919
178,920
178,921
178,922
178,923
178,924
178,925
178,926
178,927
178,928
178,929
178,930
178,931
178,932
178,933
178,934
178,935
178,936
178,937
178,938
178,939
178,940
178,941
178,942
178,943
178,944
178,945
178,946
178,947
178,948
178,949
178,950
178,951
178,952
178,953
178,954
178,955
178,956
178,957
178,958
178,959
178,960
178,961
178,962
178,963
178,964
178,965
178,966
178,967
178,968
178,969
178,970
178,971
178,972
178,973
178,974
178,975
178,976
178,977
178,978
178,979
178,980
178,981
178,982
178,983
178,984
178,985
178,986
178,987
178,988
178,989
178,990
178,991
178,992
178,993
178,994
178,995
178,996
178,997
178,998
178,999
178,1000
178,1001
178,1002
178,1003
178,1004
178,1005
178,1006
178,1007
178,1008
178,1009
178,1010
178,1011
178,1012
178,1013
178,1014
178,1015
178,1016
178,1017
178,1018
178,1019
178,1020
178,1021
178,1022
178,1023
178,1024
178,1025
178,1026
178,1027
178,1028
178,1029
178,1030
178,1031
178,1032
178,1033
178,1034
178,1035
178,1036
178,1037
178,1038
178,1039
178,1040
178,1041
178,1042
178,1043
178,1044
178,1045
178,1046
178,1047
178,1048
178,1049
178,1050
178,1051
178,1052
178,1053
178,1054
178,1055
178,1056
178,1057
178,1058
178,1059
178,1060
178,1061
178,1062
178,1063
178,1064
178,1065
178,1066
178,1067
178,1068
178,1069
178,1070
178,1071
178,1072
178,1073
178,1074
178,1075
178,1076
178,1077
178,1078
178,1079
178,1080
178,1081
:191_5,1082
:191_5,1083
:191_5,1084
:191_5,1085
:191_5,1086
:191_5,1087
-195,1088
-195,1089
-195,1090
-195,1091
-195,1092
-195,1093
-195,1094
-195,1095
-195,1096
-195,1097
-195,1098
-195,1099
-195,1100
-195,1101
-195,1102
-195,1103
-195,1104
-195,1105
-195,1106
-195,1107
-195,1108
-195,1109
-195,1110
-195,1111
-195,1112
-195,1113
-195,1114
-195,1115
-195,1116
-195,1117
-195,1118
-195,1119
-195,1120
-195,1121
-195,1122
-195,1123
-195,1124
-195,1125
-195,1126
-195,1127
-195,1128
-195,1129
-195,1130
-195,1131
-195,1132
-195,1133
-195,1134
-195,1135
-195,1136
-195,1137
-195,1138
-195,1139
-195,1140
-195,1141
-195,1142
-195,1143
-195,1144
-195,1145
-195,1146
-195,1147
-195,1148
-195,1149
-195,1150
-195,1151
-195,1152
-195,1153
-195,1154
-195,1155
-195,1156
-195,1157
-195,1158
-195,1159
-195,1160
-195,1161
-195,1162
-195,1163
-195,1164
-195,1165
-195,1166
-195,1167
-195,1168
-195,1169
-195,1170
-195,1171
-195,1172
-195,1173
-195,1174
-195,1175
-195,1176
-195,1177
-195,1178
-195,1179
-195,1180
-195,1181
-195,1182
-195,1183
-195,1184
-195,1185
-195,1186
-195,1187
-195,1188
-195,1189
-195,1190
-195,1191
-195,1192
-195,1193
-195,1194
-195,1195
-195,1196
-195,1197
-195,1198
-195,1199
-195,1200
-195,1201
-195,1202
-195,1203
-195,1204
-195,1205
-195,1206
-195,1207
-195,1208
-195,1209
-195,1210
-195,1211
-195,1212
-195,1213
-195,1214
-195,1215
-195,1216
-195,1217
-195,1218
-195,1219
-195,1220
-195,1221
-195,1222
-195,1223
-195,1224
-195,1225
-195,1226
-195,1227
-195,1228
-195,1229
-195,1230
-195,1231
-195,1232
-195,1233
-195,1234
-195,1235
-195,1236
-195,1237
-195,1238
-195,1239
-195,1240
-195,1241
-195,1242
-195,1243
-195,1244
-195,1245
-195,1246
-195,1247
-195,1248
-195,1249
-195,1250
-195,1251
-195,1252
-195,1253
-195,1254
-195,1255
-195,1256
-195,1257
-195,1258
-195,1259
-195,1260
-195,1261
-195,1262
-195,1263
-195,1264
-195,1265
-195,1266
-195,1267
-195,1268
-195,1269
-195,1270
-195,1271
-195,1272
-195,1273
-195,1274
-195,1275
-195,1276
-195,1277
-195,1278
-195,1279
-195,1280
-195,1281
:204_1,1282
:204_1,1283
:204_1,1284
:204_1,1285
:204_1,1286
:204_1,1287
-194,1288
-194,1289
-194,1290
-194,1291
-194,1292
-194,1293
-194,1294
-194,1295
-194,1296
-194,1297
-194,1298
-194,1299
-194,1300
-194,1301
-194,1302
-194,1303
-194,1304
-194,1305
-194,1306
-194,1307
-194,1308
-194,1309
-194,1310
-194,1311
-194,1312
-194,1313
-194,1314
-194,1315
-194,1316
-194,1317
-194,1318
-194,1319
-194,1320
-194,1321
-194,1322
-194,1323
-194,1324
-194,1325
-194,1326
-194,1327
-194,1328
-194,1329
-194,1330
-194,1331
-194,1332
-194,1333
-194,1334
-194,1335
-194,1336
-194,1337
-194,1338
-194,1339
-194,1340
-194,1341
-194,1342
-194,1343
-194,1344
-194,1345
-194,1346
-194,1347
-194,1348
-194,1349
-194,1350
-194,1351
-194,1352
-194,1353
-194,1354
-194,1355
-194,1356
-194,1357
-194,1358
-194,1359
-194,1360
-194,1361
-194,1362
-194,1363
-194,1364
-194,1365
-194,1366
-194,1367
-194,1368
-194,1369
-194,1370
-194,1371
-194,1372
-194,1373
-194,1374
-194,1375
-194,1376
-194,1377
-194,1378
-194,1379
-194,1380
-194,1381
-194,1382
-194,1383
-194,1384
-194,1385
-194,1386
-194,1387
-194,1388
-194,1389
-194,1390
-194,1391
-194,1392
-194,1393
-194,1394
-194,1395
-194,1396
-194,1397
-194,1398
-194,1399
-194,1400
-194,1401
-194,1402
-194,1403
-194,1404
-194,1405
-194,1406
-194,1407
-194,1408
-194,1409
-194,1410
-194,1411
-194,1412
-194,1413
-194,1414
-194,1415
-194,1416
-194,1417
-194,1418
-194,1419
-194,1420
-194,1421
-194,1422
-194,1423
-194,1424
-194,1425
-194,1426
-194,1427
-194,1428
-194,1429
-194,1430
-194,1431
-194,1432
-194,1433
-194,1434
-194,1435
-194,1436
-194,1437
-194,1438
-194,1439
-194,1440
-194,1441
-194,1442
-194,1443
-194,1444
-194,1445
-194,1446
-194,1447
-194,1448
-194,1449
-194,1450
-194,1451
-194,1452
-194,1453
-194,1454
-194,1455
:203_1,1456
:203_1,1457
:203_1,1458
:203_1,1459
:203_1,1460
-193,1461
-193,1462
-193,1463
-193,1464
-193,1465
-193,1466
-193,1467
-193,1468
-193,1469
-193,1470
-193,1471
-193,1472
-193,1473
-193,1474
-193,1475
-193,1476
-193,1477
-193,1478
-193,1479
-193,1480
-193,1481
-193,1482
-193,1483
-193,1484
-193,1485
-193,1486
-193,1487
-193,1488
-193,1489
-193,1490
-193,1491
-193,1492
-193,1493
-193,1494
-193,1495
-193,1496
-193,1497
-193,1498
-193,1499
-193,1500
-193,1501
-193,1502
-193,1503
-193,1504
-193,1505
-193,1506
-193,1507
-193,1508
-193,1509
-193,1510
-193,1511
-193,1512
-193,1513
-193,1514
-193,1515
-193,1516
-193,1517
-193,1518
-193,1519
-193,1520
-193,1521
-193,1522
-193,1523
-193,1524
-193,1525
-193,1526
-193,1527
-193,1528
-193,1529
-193,1530
-193,1531
-193,1532
-193,1533
-193,1534
-193,1535
-193,1536
-193,1537
-193,1538
-193,1539
-193,1540
-193,1541
-193,1542
-193,1543
-193,1544
-193,1545
-193,1546
-193,1547
-193,1548
-193,1549
-193,1550
-193,1551
-193,1552
-193,1553
-193,1554
-193,1555
-193,1556
-193,1557
-193,1558
-193,1559
-193,1560
-193,1561
-193,1562
-193,1563
-193,1564
-193,1565
-193,1566
-193,1567
-193,1568
-193,1569
-193,1570
-193,1571
-193,1572
-193,1573
-193,1574
-193,1575
-193,1576
-193,1577
-193,1578
-193,1579
-193,1580
-193,1581
-193,1582
-193,1583
-193,1584
-193,1585
-193,1586
-193,1587
-193,1588
-193,1589
-193,1590
-193,1591
-193,1592
-193,1593
-193,1594
-193,1595
-193,1596
-193,1597
-193,1598
-193,1599
-193,1600
-193,1601
-193,1602
-193,1603
-193,1604
-193,1605
-193,1606
-193,1607
-193,1608
-193,1609
-193,1610
-193,1611
-193,1612
-193,1613
-193,1614
-193,1615
-193,1616
-193,1617
-193,1618
-193,1619
:35_1,1620
:35_1,1621
:35_1,1622
:35_1,1623
:35_1,1624
:35_1,1625
197,1626
197,1627
197,1628
197,1629
197,1630
197,1631
197,1632
197,1633
197,1634
197,1635
197,1636
197,1637
197,1638
197,1639
197,1640
197,1641
197,1642
197,1643
197,1644
197,1645
197,1646
197,1647
197,1648
197,1649
197,1650
197,1651
197,1652
197,1653
197,1654
197,1655
197,1656
197,1657
197,1658
197,1659
197,1660
197,1661
197,1662
197,1663
197,1664
197,1665
197,1666
197,1667
197,1668
197,1669
197,1670
197,1671
197,1672
197,1673
197,1674
197,1675
197,1676
197,1677
197,1678
197,1679
197,1680
197,1681
197,1682
197,1683
197,1684
197,1685
197,1686
197,1687
197,1688
197,1689
197,1690
197,1691
197,1692
197,1693
197,1694
197,1695
197,1696
197,1697
197,1698
197,1699
197,1700
197,1701
197,1702
197,1703
197,1704
197,1705
197,1706
197,1707
197,1708
197,1709
197,1710
197,1711
197,1712
197,1713
197,1714
197,1715
197,1716
197,1717
197,1718
197,1719
197,1720
197,1721
197,1722
197,1723
197,1724
197,1725
197,1726
197,1727
197,1728
197,1729
197,1730
197,1731
197,1732
197,1733
197,1734
197,1735
197,1736
197,1737
197,1738
197,1739
197,1740
197,1741
197,1742
197,1743
197,1744
197,1745
197,1746
197,1747
197,1748
197,1749
197,1750
197,1751
197,1752
197,1753
197,1754
197,1755
197,1756
197,1757
197,1758
197,1759
197,1760
197,1761
197,1762
197,1763
197,1764
197,1765
197,1766
197,1767
197,1768
197,1769
197,1770
197,1771
197,1772
197,1773
197,1774
197,1775
197,1776
197,1777
197,1778
197,1779
197,1780
197,1781
197,1782
197,1783
197,1784
197,1785
197,1786
197,1787
197,1788
197,1789
197,1790
197,1791
197,1792
197,1793
197,1794
197,1795
197,1796
197,1797
197,1798
197,1799
197,1800
197,1801
197,1802
197,1803
197,1804
197,1805
197,1806
197,1807
197,1808
197,1809
197,1810
197,1811
197,1812
197,1813
197,1814
197,1815
197,1816
197,1817
197,1818
197,1819
197,1820
197,1821
197,1822
197,1823
197,1824
197,1825
197,1826
197,1827
197,1828
197,1829
197,1830
197,1831
197,1832
197,1833
197,1834
197,1835
197,1836
197,1837
197,1838
197,1839
197,1840
197,1841
197,1842
197,1843
197,1844
197,1845
197,1846
197,1847
197,1848
197,1849
197,1850
197,1851
197,1852
197,1853
197,1854
197,1855
197,1856
197,1857
197,1858
197,1859
197,1860
197,1861
197,1862
197,1863
197,1864
197,1865
197,1866
197,1867
197,1868
197,1869
197,1870
197,1871
197,1872
197,1873
197,1874
197,1875
197,1876
197,1877
197,1878
197,1879
197,1880
197,1881
197,1882
197,1883
197,1884
197,1885
197,1886
197,1887
197,1888
197,1889
197,1890
:205_0,1891
:205_0,1892
:205_0,1893
:205_0,1894
:205_0,1895
198,1896
198,1897
198,1898
198,1899
198,1900
198,1901
198,1902
198,1903
198,1904
198,1905
198,1906
198,1907
198,1908
198,1909
198,1910
198,1911
198,1912
198,1913
198,1914
198,1915
198,1916
198,1917
198,1918
198,1919
198,1920
198,1921
198,1922
198,1923
198,1924
198,1925
198,1926
198,1927
198,1928
198,1929
198,1930
198,1931
198,1932
198,1933
198,1934
198,1935
198,1936
198,1937
198,1938
198,1939
198,1940
198,1941
198,1942
198,1943
198,1944
198,1945
198,1946
198,1947
198,1948
198,1949
198,1950
198,1951
198,1952
198,1953
198,1954
198,1955
198,1956
198,1957
198,1958
198,1959
198,1960
198,1961
198,1962
198,1963
198,1964
198,1965
198,1966
198,1967
198,1968
198,1969
198,1970
198,1971
198,1972
198,1973
198,1974
198,1975
198,1976
198,1977
198,1978
198,1979
198,1980
198,1981
198,1982
198,1983
198,1984
198,1985
198,1986
198,1987
198,1988
198,1989
198,1990
198,1991
198,1992
198,1993
198,1994
198,1995
198,1996
198,1997
198,1998
198,1999
198,2000
