-567,21
-567,22
-567,23
-567,24
-567,25
-567,26
-567,27
-567,28
-567,29
-567,30
-567,31
-567,32
-567,33
-567,34
-567,35
-567,36
-567,37
-567,38
-567,39
-567,40
-567,41
-567,42
-567,43
-567,44
-567,45
-567,46
-567,47
-567,48
-567,49
-567,50
-567,51
-567,52
-567,53
-567,54
-567,55
-567,56
-567,57
-567,58
-567,59
-567,60
-567,61
-567,62
-567,63
-567,64
-567,65
-567,66
-567,67
-567,68
-567,69
-567,70
-567,71
-567,72
-567,73
-567,74
-567,75
-567,76
-567,77
-567,78
-567,79
-567,80
-567,81
-567,82
-567,83
-567,84
-567,85
-567,86
-567,87
-567,88
-567,89
-567,90
-567,91
-567,92
-567,93
-567,94
-567,95
-567,96
-567,97
-567,98
-567,99
-567,100
-567,101
-567,102
-567,103
-567,104
-567,105
-567,106
-567,107
-567,108
-567,109
-567,110
-567,111
-567,112
-567,113
-567,114
-567,115
-567,116
-567,117
-567,118
-567,119
-567,120
-567,121
-567,122
-567,123
-567,124
-567,125
-567,126
-567,127
-567,128
-567,129
-567,130
-567,131
-567,132
-567,133
-567,134
-567,135
-567,136
-567,137
-567,138
-567,139
-567,140
-567,141
-567,142
-567,143
-567,144
-567,145
-567,146
-567,147
-567,148
-567,149
-567,150
-567,151
-567,152
-567,153
-567,154
-567,155
-567,156
-567,157
-567,158
-567,159
-567,160
-567,161
-567,162
-567,163
-567,164
-567,165
-567,166
-567,167
-567,168
-567,169
-567,170
-567,171
-567,172
-567,173
-567,174
-567,175
-567,176
-567,177
-567,178
-567,179
-567,180
-567,181
-567,182
-567,183
-567,184
-567,185
-567,186
-567,187
-567,188
-567,189
-567,190
-567,191
-567,192
-567,193
-567,194
-567,195
-567,196
-567,197
-567,198
-567,199
-567,200
-567,201
-567,202
-567,203
-567,204
-567,205
-567,206
-567,207
-567,208
-567,209
-567,210
-567,211
-567,212
-567,213
-567,214
-567,215
-567,216
-567,217
-567,218
-567,219
-567,220
-567,221
-567,222
-567,223
-567,224
-567,225
-567,226
-567,227
-567,228
-567,229
-567,230
:352_0,231
:352_0,232
:352_0,233
:352_0,234
-389,235
-389,236
-389,237
-389,238
-389,239
-389,240
-389,241
-389,242
-389,243
-389,244
-389,245
-389,246
-389,247
-389,248
-389,249
-389,250
-389,251
-389,252
-389,253
-389,254
-389,255
-389,256
-389,257
-389,258
-389,259
-389,260
-389,261
-389,262
-389,263
-389,264
-389,265
-389,266
-389,267
-389,268
-389,269
-388,270
-388,271
-388,272
-388,273
-388,274
-388,275
-388,276
-388,277
-388,278
-388,279
-388,280
-388,281
-388,282
-388,283
-388,284
-388,285
-388,286
-388,287
-388,288
-388,289
-388,290
-388,291
-388,292
-388,293
-388,294
-388,295
-388,296
-388,297
-388,298
-388,299
-388,300
-388,301
-388,302
-388,303
-388,304
-388,305
-388,306
-388,307
-388,308
-388,309
-388,310
-388,311
-388,312
-388,313
-388,314
-388,315
-388,316
-388,317
-388,318
-388,319
-388,320
-388,321
-388,322
-388,323
-388,324
-388,325
-388,326
-388,327
-388,328
-388,329
-388,330
-388,331
-388,332
-388,333
-387,334
-387,335
-387,336
-387,337
-387,338
-387,339
-387,340
-387,341
-387,342
-387,343
-387,344
-387,345
-387,346
-387,347
-387,348
-387,349
-387,350
-387,351
-387,352
-387,353
-387,354
-387,355
-387,356
-387,357
-387,358
-387,359
-387,360
-387,361
-387,362
-387,363
-387,364
-387,365
-387,366
-387,367
-387,368
-387,369
-387,370
-387,371
-387,372
-387,373
-387,374
-387,375
-387,376
-387,377
-387,378
-387,379
-387,380
-387,381
-387,382
-387,383
-387,384
-387,385
-387,386
-387,387
-387,388
-387,389
-387,390
-387,391
-387,392
-387,393
-387,394
-387,395
-387,396
-387,397
-387,398
-387,399
-387,400
-387,401
-387,402
-387,403
-387,404
-387,405
-386,406
-386,407
-386,408
-386,409
-386,410
-386,411
-386,412
-386,413
-386,414
-386,415
-386,416
-386,417
-386,418
-386,419
-386,420
-386,421
-386,422
-386,423
-386,424
-386,425
-386,426
-386,427
-386,428
-386,429
-386,430
-386,431
-386,432
-386,433
-386,434
-386,435
-386,436
-386,437
-386,438
-386,439
-386,440
-386,441
-386,442
-386,443
-386,444
-386,445
-386,446
-386,447
-386,448
-386,449
-386,450
-386,451
-386,452
-386,453
-386,454
-386,455
-386,456
-386,457
-386,458
-386,459
-386,460
-386,461
-386,462
-386,463
-386,464
-386,465
-386,466
-386,467
-386,468
-386,469
-386,470
-386,471
-386,472
-385,473
-385,474
-385,475
-385,476
-385,477
-385,478
-385,479
-385,480
-385,481
-385,482
-385,483
-385,484
-385,485
-385,486
-385,487
-385,488
-385,489
-385,490
-385,491
-385,492
-385,493
-385,494
-385,495
-385,496
-385,497
-385,498
-385,499
-385,500
-385,501
-385,502
-385,503
-385,504
-385,505
-385,506
-385,507
-385,508
-385,509
-385,510
-385,511
-385,512
-385,513
-385,514
-385,515
-385,516
-385,517
-385,518
-385,519
-385,520
-385,521
-385,522
-385,523
-385,524
-385,525
-385,526
-385,527
-385,528
-385,529
-385,530
-385,531
-385,532
-385,533
-385,534
-385,535
-385,536
-385,537
-385,538
-384,539
-384,540
-384,541
-384,542
-384,543
-384,544
-384,545
-384,546
-384,547
-384,548
-384,549
-384,550
-384,551
-384,552
-384,553
-384,554
-384,555
-384,556
-384,557
-384,558
-384,559
-384,560
-384,561
-384,562
-384,563
-384,564
-384,565
-384,566
-384,567
-384,568
-384,569
-384,570
-384,571
-384,572
-384,573
-384,574
-384,575
-384,576
-384,577
-384,578
-384,579
-384,580
-384,581
-384,582
-384,583
-384,584
-384,585
-384,586
-384,587
-384,588
-384,589
-384,590
-384,591
-384,592
-384,593
-384,594
-384,595
-384,596
-384,597
-384,598
-384,599
-384,600
-384,601
-384,602
-384,603
:346_0,604
:346_0,605
390,606
390,607
390,608
390,609
390,610
390,611
390,612
390,613
390,614
390,615
390,616
390,617
390,618
390,619
390,620
390,621
390,622
390,623
390,624
390,625
390,626
390,627
390,628
390,629
390,630
390,631
390,632
390,633
390,634
390,635
390,636
390,637
390,638
390,639
390,640
390,641
390,642
390,643
390,644
390,645
390,646
390,647
390,648
390,649
390,650
390,651
390,652
390,653
390,654
390,655
390,656
390,657
390,658
390,659
:4_1,660
:4_1,661
:4_1,662
:4_1,663
:4_1,664
-3,665
-3,666
-3,667
-3,668
-3,669
-3,670
-3,671
-3,672
-3,673
-3,674
-3,675
-3,676
-3,677
-3,678
-3,679
-3,680
-3,681
-3,682
-3,683
-3,684
-3,685
-3,686
-3,687
-3,688
-3,689
-3,690
-3,691
-3,692
-3,693
-3,694
-3,695
-3,696
-3,697
-3,698
-3,699
-3,700
-3,701
-3,702
-3,703
-3,704
-3,705
-3,706
-3,707
-3,708
-3,709
-3,710
-3,711
-3,712
-3,713
-3,714
-3,715
-3,716
-3,717
-3,718
-3,719
-3,720
-3,721
-3,722
-3,723
-3,724
-3,725
-3,726
-3,727
-3,728
-3,729
-3,730
-3,731
-3,732
-3,733
-3,734
-3,735
-3,736
-3,737
-3,738
-3,739
-3,740
-3,741
-3,742
-3,743
-3,744
-3,745
-3,746
-3,747
-3,748
-3,749
-3,750
-3,751
-3,752
-3,753
-3,754
-3,755
-3,756
-3,757
-3,758
-3,759
-3,760
-3,761
-3,762
-3,763
-3,764
-3,765
-3,766
-3,767
-3,768
-3,769
-3,770
-3,771
-3,772
-3,773
-3,774
-3,775
-3,776
-3,777
-3,778
-3,779
-3,780
-3,781
-3,782
-3,783
-3,784
-3,785
-3,786
-3,787
-3,788
-3,789
-3,790
-3,791
-3,792
-3,793
-3,794
-3,795
-3,796
-3,797
-3,798
-3,799
-3,800
-3,801
-3,802
-3,803
-3,804
-3,805
-3,806
-3,807
-3,808
-3,809
-3,810
-3,811
-3,812
-3,813
-3,814
-3,815
-3,816
-3,817
-3,818
-3,819
-3,820
-3,821
-3,822
-3,823
-3,824
-3,825
-3,826
-3,827
-3,828
-3,829
-3,830
-3,831
-3,832
-3,833
-3,834
-3,835
-3,836
-3,837
-3,838
-3,839
-3,840
-3,841
-3,842
-3,843
-3,844
-3,845
-3,846
-3,847
-3,848
-3,849
-3,850
-3,851
-3,852
-3,853
-3,854
-3,855
-3,856
-3,857
-3,858
-3,859
-3,860
-3,861
-3,862
-3,863
-3,864
-3,865
-3,866
-3,867
-3,868
-3,869
-3,870
-3,871
-3,872
-3,873
-3,874
-3,875
-3,876
-3,877
-3,878
-3,879
-3,880
-3,881
-3,882
-3,883
-3,884
-3,885
-3,886
-3,887
-3,888
-3,889
-3,890
-3,891
-3,892
-3,893
-3,894
-3,895
-3,896
-3,897
-3,898
-3,899
-3,900
-3,901
-3,902
-3,903
-3,904
-3,905
-3,906
-3,907
-3,908
-3,909
-3,910
-3,911
-3,912
-3,913
-3,914
-3,915
-3,916
-3,917
-3,918
-3,919
-3,920
-3,921
-3,922
-3,923
-3,924
-3,925
-3,926
-3,927
-3,928
-3,929
-3,930
-3,931
-3,932
-3,933
-3,934
-3,935
-3,936
-3,937
-3,938
-3,939
-3,940
:0_12,941
:0_12,942
:0_12,943
:0_12,944
4,945
4,946
4,947
4,948
4,949
4,950
4,951
4,952
4,953
4,954
4,955
4,956
4,957
4,958
4,959
4,960
4,961
4,962
4,963
4,964
4,965
4,966
4,967
4,968
4,969
4,970
4,971
4,972
4,973
4,974
4,975
4,976
4,977
4,978
4,979
4,980
4,981
4,982
4,983
4,984
4,985
4,986
4,987
4,988
4,989
4,990
4,991
4,992
4,993
4,994
4,995
4,996
4,997
4,998
4,999
4,1000
4,1001
4,1002
4,1003
4,1004
4,1005
4,1006
4,1007
4,1008
4,1009
4,1010
4,1011
4,1012
4,1013
4,1014
4,1015
4,1016
4,1017
4,1018
4,1019
4,1020
4,1021
4,1022
4,1023
4,1024
4,1025
4,1026
4,1027
4,1028
4,1029
4,1030
4,1031
4,1032
4,1033
4,1034
4,1035
4,1036
4,1037
4,1038
4,1039
4,1040
4,1041
4,1042
4,1043
4,1044
4,1045
4,1046
4,1047
4,1048
4,1049
4,1050
4,1051
4,1052
4,1053
4,1054
4,1055
4,1056
4,1057
4,1058
4,1059
4,1060
4,1061
4,1062
4,1063
4,1064
4,1065
4,1066
4,1067
4,1068
4,1069
4,1070
4,1071
4,1072
4,1073
4,1074
4,1075
4,1076
4,1077
4,1078
4,1079
4,1080
4,1081
4,1082
4,1083
4,1084
4,1085
4,1086
4,1087
4,1088
4,1089
4,1090
4,1091
4,1092
4,1093
4,1094
4,1095
4,1096
4,1097
4,1098
4,1099
4,1100
4,1101
4,1102
4,1103
4,1104
4,1105
4,1106
4,1107
4,1108
4,1109
4,1110
4,1111
4,1112
4,1113
4,1114
4,1115
4,1116
4,1117
4,1118
4,1119
4,1120
4,1121
4,1122
4,1123
4,1124
4,1125
4,1126
4,1127
4,1128
4,1129
4,1130
4,1131
4,1132
4,1133
4,1134
4,1135
4,1136
4,1137
4,1138
4,1139
4,1140
4,1141
4,1142
4,1143
4,1144
4,1145
4,1146
4,1147
4,1148
4,1149
4,1150
4,1151
4,1152
4,1153
4,1154
4,1155
4,1156
4,1157
4,1158
4,1159
4,1160
4,1161
4,1162
4,1163
4,1164
4,1165
4,1166
4,1167
4,1168
4,1169
4,1170
4,1171
4,1172
4,1173
4,1174
4,1175
4,1176
4,1177
4,1178
4,1179
4,1180
4,1181
4,1182
4,1183
4,1184
4,1185
4,1186
4,1187
4,1188
4,1189
4,1190
4,1191
4,1192
4,1193
4,1194
4,1195
4,1196
4,1197
4,1198
4,1199
4,1200
4,1201
4,1202
4,1203
4,1204
4,1205
4,1206
4,1207
4,1208
4,1209
4,1210
4,1211
4,1212
4,1213
4,1214
4,1215
4,1216
4,1217
4,1218
4,1219
4,1220
4,1221
4,1222
4,1223
4,1224
4,1225
4,1226
4,1227
4,1228
4,1229
4,1230
4,1231
4,1232
4,1233
4,1234
4,1235
4,1236
4,1237
4,1238
4,1239
4,1240
4,1241
4,1242
4,1243
4,1244
4,1245
4,1246
4,1247
4,1248
4,1249
4,1250
4,1251
4,1252
4,1253
4,1254
4,1255
4,1256
4,1257
4,1258
4,1259
4,1260
4,1261
4,1262
4,1263
4,1264
4,1265
4,1266
4,1267
4,1268
4,1269
4,1270
4,1271
4,1272
4,1273
4,1274
4,1275
4,1276
4,1277
4,1278
4,1279
4,1280
4,1281
4,1282
4,1283
4,1284
4,1285
4,1286
4,1287
4,1288
4,1289
4,1290
4,1291
4,1292
4,1293
4,1294
4,1295
4,1296
4,1297
4,1298
4,1299
4,1300
4,1301
4,1302
4,1303
4,1304
4,1305
4,1306
4,1307
4,1308
4,1309
4,1310
4,1311
4,1312
:5_0,1313
:5_0,1314
:5_0,1315
:5_0,1316
:5_0,1317
:5_0,1318
50,1319
50,1320
50,1321
50,1322
50,1323
50,1324
50,1325
50,1326
50,1327
50,1328
50,1329
50,1330
50,1331
50,1332
50,1333
50,1334
50,1335
50,1336
50,1337
50,1338
50,1339
50,1340
50,1341
50,1342
50,1343
50,1344
50,1345
50,1346
50,1347
50,1348
50,1349
50,1350
50,1351
50,1352
50,1353
50,1354
50,1355
50,1356
50,1357
50,1358
50,1359
50,1360
50,1361
50,1362
50,1363
50,1364
50,1365
50,1366
50,1367
50,1368
50,1369
50,1370
50,1371
50,1372
50,1373
50,1374
50,1375
50,1376
50,1377
50,1378
50,1379
50,1380
50,1381
50,1382
50,1383
50,1384
50,1385
50,1386
50,1387
50,1388
50,1389
50,1390
50,1391
50,1392
50,1393
50,1394
50,1395
50,1396
50,1397
50,1398
50,1399
50,1400
50,1401
50,1402
50,1403
50,1404
50,1405
50,1406
50,1407
50,1408
50,1409
50,1410
50,1411
50,1412
50,1413
50,1414
50,1415
50,1416
50,1417
50,1418
50,1419
50,1420
50,1421
50,1422
50,1423
50,1424
50,1425
50,1426
50,1427
50,1428
50,1429
50,1430
50,1431
50,1432
50,1433
50,1434
50,1435
50,1436
50,1437
50,1438
50,1439
50,1440
50,1441
50,1442
:49_4,1443
:49_4,1444
:49_4,1445
:49_4,1446
:49_4,1447
:49_4,1448
-40,1449
-40,1450
-40,1451
-40,1452
-40,1453
-40,1454
-40,1455
-40,1456
-40,1457
-40,1458
-40,1459
-40,1460
-40,1461
-40,1462
-40,1463
-40,1464
-40,1465
-40,1466
-40,1467
-40,1468
-40,1469
-40,1470
-40,1471
-40,1472
-40,1473
-40,1474
-40,1475
-40,1476
-40,1477
-40,1478
-40,1479
-40,1480
-40,1481
-40,1482
-40,1483
-40,1484
-40,1485
-40,1486
-40,1487
-40,1488
-40,1489
-40,1490
-40,1491
-40,1492
-40,1493
-40,1494
-40,1495
-40,1496
-40,1497
-40,1498
-40,1499
-40,1500
-40,1501
-40,1502
-40,1503
-40,1504
-40,1505
-40,1506
-40,1507
-40,1508
-40,1509
-40,1510
-40,1511
-40,1512
-40,1513
-40,1514
-40,1515
-40,1516
-40,1517
-40,1518
-40,1519
-40,1520
-40,1521
-40,1522
-40,1523
-40,1524
-40,1525
-40,1526
-40,1527
-40,1528
-40,1529
-40,1530
-40,1531
-40,1532
-40,1533
-40,1534
-40,1535
-40,1536
-40,1537
-40,1538
-40,1539
-40,1540
-40,1541
-40,1542
-40,1543
-40,1544
-40,1545
-40,1546
-40,1547
-40,1548
-40,1549
-40,1550
-40,1551
-40,1552
-40,1553
-40,1554
-40,1555
-40,1556
-40,1557
-40,1558
-40,1559
-40,1560
-40,1561
-40,1562
-40,1563
-40,1564
-40,1565
-40,1566
-40,1567
-40,1568
-40,1569
-40,1570
-40,1571
-40,1572
-40,1573
-40,1574
-40,1575
-40,1576
-40,1577
-40,1578
-40,1579
-40,1580
-40,1581
-40,1582
-40,1583
-40,1584
-40,1585
-40,1586
-40,1587
-40,1588
-40,1589
-40,1590
-40,1591
-40,1592
-40,1593
-40,1594
-40,1595
-40,1596
-40,1597
-40,1598
-40,1599
-40,1600
-40,1601
-40,1602
-40,1603
-40,1604
-40,1605
-40,1606
-40,1607
-40,1608
-40,1609
-40,1610
-40,1611
-40,1612
-40,1613
-40,1614
-40,1615
-40,1616
-40,1617
-40,1618
-40,1619
-40,1620
-40,1621
-40,1622
-40,1623
-40,1624
-40,1625
-40,1626
-40,1627
-40,1628
-40,1629
-40,1630
-40,1631
-40,1632
-40,1633
-40,1634
-40,1635
-40,1636
-40,1637
-40,1638
-40,1639
-40,1640
-40,1641
-40,1642
-40,1643
-40,1644
-40,1645
-40,1646
-40,1647
-40,1648
-40,1649
-40,1650
-40,1651
-40,1652
-40,1653
-40,1654
-40,1655
-40,1656
-40,1657
-40,1658
-40,1659
-40,1660
-40,1661
-40,1662
-40,1663
-40,1664
-40,1665
-40,1666
-40,1667
-40,1668
-40,1669
-40,1670
-40,1671
-40,1672
-40,1673
-40,1674
-40,1675
-40,1676
-40,1677
-40,1678
-40,1679
-40,1680
-40,1681
-40,1682
-40,1683
-40,1684
-40,1685
-40,1686
-40,1687
-40,1688
-40,1689
-40,1690
-40,1691
-40,1692
-40,1693
-40,1694
-40,1695
-40,1696
-40,1697
-40,1698
-40,1699
-40,1700
-40,1701
-40,1702
-40,1703
-40,1704
-40,1705
-40,1706
-40,1707
-40,1708
-40,1709
-40,1710
-40,1711
-40,1712
-40,1713
-40,1714
-40,1715
-40,1716
-40,1717
-40,1718
-40,1719
-40,1720
-40,1721
-40,1722
-40,1723
-40,1724
-40,1725
-40,1726
-40,1727
-40,1728
-40,1729
-40,1730
-40,1731
-40,1732
-40,1733
-40,1734
-40,1735
-40,1736
-40,1737
-40,1738
-40,1739
-40,1740
-40,1741
-40,1742
-40,1743
-40,1744
-40,1745
-40,1746
-40,1747
-40,1748
-40,1749
-40,1750
-40,1751
-40,1752
-40,1753
-40,1754
-40,1755
-40,1756
-40,1757
-40,1758
-40,1759
-40,1760
-40,1761
-40,1762
-40,1763
-40,1764
-40,1765
-40,1766
-40,1767
-40,1768
-40,1769
-40,1770
-40,1771
-40,1772
-40,1773
-40,1774
-40,1775
-40,1776
-40,1777
-40,1778
-40,1779
-40,1780
-40,1781
-40,1782
-40,1783
-40,1784
-40,1785
-40,1786
-40,1787
-40,1788
-40,1789
-40,1790
-40,1791
-40,1792
-40,1793
-40,1794
-40,1795
-40,1796
-40,1797
-40,1798
-40,1799
-40,1800
-40,1801
-40,1802
-40,1803
-40,1804
-40,1805
-40,1806
-40,1807
-40,1808
-40,1809
-40,1810
-40,1811
-40,1812
-40,1813
-40,1814
-40,1815
-40,1816
-40,1817
-40,1818
:48_6,1819
:48_6,1820
:48_16,1821
:48_16,1822
:48_16,1823
42,1824
42,1825
42,1826
42,1827
42,1828
42,1829
42,1830
42,1831
42,1832
42,1833
42,1834
42,1835
42,1836
42,1837
42,1838
42,1839
42,1840
42,1841
42,1842
42,1843
42,1844
42,1845
42,1846
42,1847
42,1848
42,1849
42,1850
42,1851
42,1852
42,1853
42,1854
42,1855
42,1856
42,1857
42,1858
42,1859
42,1860
42,1861
42,1862
42,1863
42,1864
42,1865
42,1866
42,1867
42,1868
42,1869
42,1870
42,1871
42,1872
42,1873
42,1874
42,1875
42,1876
42,1877
42,1878
42,1879
42,1880
42,1881
42,1882
42,1883
42,1884
42,1885
42,1886
42,1887
42,1888
42,1889
42,1890
42,1891
42,1892
42,1893
42,1894
42,1895
42,1896
42,1897
42,1898
42,1899
42,1900
42,1901
42,1902
42,1903
42,1904
42,1905
42,1906
42,1907
42,1908
42,1909
42,1910
42,1911
42,1912
42,1913
42,1914
42,1915
42,1916
42,1917
42,1918
42,1919
42,1920
42,1921
42,1922
42,1923
42,1924
42,1925
42,1926
42,1927
42,1928
42,1929
42,1930
42,1931
42,1932
42,1933
42,1934
42,1935
42,1936
42,1937
42,1938
42,1939
42,1940
42,1941
42,1942
42,1943
42,1944
42,1945
42,1946
42,1947
42,1948
:44_1,1949
:44_1,1950
:44_1,1951
:44_1,1952
:44_1,1953
-36,1954
-36,1955
-36,1956
-36,1957
-36,1958
-36,1959
-36,1960
-36,1961
-36,1962
-36,1963
-36,1964
-36,1965
-36,1966
-36,1967
-36,1968
-36,1969
-36,1970
-36,1971
-36,1972
-36,1973
-36,1974
-36,1975
-36,1976
-36,1977
-36,1978
-36,1979
-36,1980
-36,1981
-36,1982
-36,1983
-36,1984
-36,1985
-36,1986
-36,1987
-36,1988
-36,1989
-36,1990
-36,1991
-36,1992
-36,1993
-36,1994
-36,1995
-36,1996
-36,1997
-36,1998
-36,1999
-36,2000
