-375,1
-375,2
-375,3
-375,4
-375,5
-375,6
-375,7
-375,8
-375,9
-375,10
-375,11
-375,12
-375,13
-375,14
-375,15
-375,16
-375,17
-375,18
-375,19
-375,20
-375,21
-375,22
-375,23
-375,24
-375,25
-375,26
-375,27
-375,28
-375,29
-375,30
-375,31
-375,32
-375,33
-375,34
-375,35
-375,36
-375,37
-375,38
-375,39
-375,40
-375,41
-375,42
-375,43
-375,44
-375,45
-375,46
-375,47
-375,48
-375,49
-375,50
-375,51
-375,52
-375,53
-375,54
-375,55
-375,56
-375,57
-375,58
-375,59
-375,60
-375,61
-375,62
-375,63
-375,64
-375,65
-375,66
-375,67
-375,68
-375,69
-375,70
-375,71
-375,72
-375,73
-375,74
-375,75
-375,76
-375,77
-375,78
-375,79
-375,80
-375,81
-375,82
-375,83
-375,84
-375,85
-375,86
-375,87
-375,88
-375,89
-375,90
-375,91
-375,92
-375,93
-375,94
-375,95
-375,96
-375,97
-375,98
-375,99
-375,100
-375,101
-375,102
-375,103
-375,104
-375,105
-375,106
-375,107
-375,108
-375,109
-375,110
-375,111
-375,112
-375,113
-375,114
-375,115
-375,116
-375,117
-375,118
-375,119
-375,120
-375,121
-374,122
-374,123
-374,124
-374,125
-374,126
-374,127
-374,128
-374,129
-374,130
-374,131
-374,132
-374,133
-374,134
-374,135
-374,136
-374,137
-374,138
-374,139
-374,140
-374,141
-374,142
-374,143
-374,144
-374,145
-374,146
-374,147
-374,148
-374,149
-374,150
-374,151
-374,152
-374,153
-374,154
-374,155
-374,156
-374,157
-374,158
-374,159
-374,160
-374,161
-374,162
-374,163
-374,164
-374,165
-374,166
-374,167
-374,168
-374,169
-374,170
-374,171
-374,172
-374,173
-374,174
-374,175
-374,176
-374,177
-374,178
-374,179
-374,180
-374,181
-374,182
-374,183
-374,184
-374,185
-374,186
-374,187
-374,188
-374,189
-374,190
-374,191
-374,192
-374,193
-374,194
-374,195
-374,196
-374,197
-374,198
-374,199
-374,200
-374,201
-374,202
-374,203
-374,204
-374,205
-374,206
-374,207
-374,208
-374,209
:230_9,210
:230_9,211
:230_9,212
:230_9,213
:230_9,214
:230_9,215
:230_9,216
-224,217
-224,218
-224,219
-224,220
-224,221
-224,222
-224,223
-224,224
-224,225
-224,226
-224,227
-224,228
-224,229
-224,230
-224,231
-224,232
-224,233
-224,234
-224,235
-224,236
-224,237
-224,238
-224,239
-224,240
-224,241
-224,242
-224,243
-224,244
-224,245
-224,246
-224,247
-224,248
-224,249
-224,250
-224,251
-224,252
-224,253
-224,254
-224,255
-224,256
-224,257
-224,258
-224,259
-224,260
-224,261
-224,262
-224,263
-224,264
-224,265
-224,266
-224,267
-224,268
-224,269
-224,270
-224,271
-224,272
-224,273
-224,274
-224,275
-224,276
-224,277
-224,278
-224,279
-224,280
-224,281
-224,282
-224,283
-224,284
-224,285
-224,286
-224,287
-224,288
-224,289
-224,290
-224,291
-224,292
-224,293
-224,294
-224,295
-224,296
-224,297
-224,298
-224,299
-224,300
-224,301
-224,302
-224,303
-224,304
-224,305
-224,306
-224,307
-224,308
-224,309
-224,310
-224,311
-224,312
-224,313
-224,314
-224,315
-224,316
:229_6,317
:229_6,318
:229_6,319
:229_6,320
:229_6,321
:229_6,322
-223,323
-223,324
-223,325
-223,326
-223,327
-223,328
-223,329
-223,330
-223,331
-223,332
-223,333
-223,334
-223,335
-223,336
-223,337
-223,338
-223,339
-223,340
-223,341
-223,342
-223,343
-223,344
-223,345
-223,346
-223,347
-223,348
-223,349
-223,350
-223,351
-223,352
-223,353
-223,354
-223,355
-223,356
-223,357
-223,358
-223,359
-223,360
-223,361
-223,362
-223,363
-223,364
-223,365
-223,366
-223,367
-223,368
-223,369
-223,370
-223,371
-223,372
-223,373
-223,374
-223,375
-223,376
-223,377
-223,378
-223,379
-223,380
-223,381
-223,382
-223,383
-223,384
-223,385
-223,386
-223,387
-223,388
-223,389
-223,390
-223,391
-223,392
-223,393
-223,394
-223,395
-223,396
-223,397
-223,398
-223,399
-223,400
-223,401
-223,402
-223,403
-223,404
-223,405
-223,406
-223,407
-223,408
-223,409
-223,410
-223,411
-223,412
-223,413
-223,414
-223,415
-223,416
-223,417
-223,418
-223,419
-223,420
-223,421
-223,422
-223,423
-223,424
-223,425
-223,426
-223,427
-223,428
-223,429
-223,430
:228_6,431
:228_6,432
:228_6,433
:228_6,434
:228_6,435
:228_6,436
-222,437
-222,438
-222,439
-222,440
-222,441
-222,442
-222,443
-222,444
-222,445
-222,446
-222,447
-222,448
-222,449
-222,450
-222,451
-222,452
-222,453
-222,454
-222,455
-222,456
-222,457
-222,458
-222,459
-222,460
-222,461
-222,462
-222,463
-222,464
-222,465
-222,466
-222,467
-222,468
-222,469
-222,470
-222,471
-222,472
-222,473
-222,474
-222,475
-222,476
-222,477
-222,478
-222,479
-222,480
-222,481
-222,482
-222,483
-222,484
-222,485
-222,486
-222,487
-222,488
-222,489
-222,490
-222,491
-222,492
-222,493
-222,494
-222,495
-222,496
-222,497
-222,498
-222,499
-222,500
-222,501
-222,502
-222,503
-222,504
-222,505
-222,506
-222,507
-222,508
-222,509
-222,510
-222,511
-222,512
-222,513
-222,514
-222,515
-222,516
-222,517
-222,518
-222,519
-222,520
-222,521
-222,522
-222,523
-222,524
-222,525
-222,526
-222,527
-222,528
-222,529
-222,530
-222,531
-222,532
-222,533
-222,534
-222,535
-222,536
-222,537
-222,538
-222,539
-222,540
-222,541
-222,542
-222,543
-222,544
-222,545
-222,546
-222,547
-222,548
-222,549
-222,550
-222,551
-222,552
-222,553
-222,554
-222,555
-222,556
-222,557
-222,558
-222,559
-222,560
-222,561
-222,562
-222,563
-222,564
-222,565
-222,566
-222,567
-222,568
-222,569
-222,570
-222,571
-222,572
-222,573
-222,574
-222,575
-222,576
-222,577
-222,578
-222,579
-222,580
-222,581
-222,582
-222,583
-222,584
-222,585
-222,586
-222,587
-222,588
-222,589
-222,590
-222,591
-222,592
-222,593
-222,594
-222,595
-222,596
-222,597
-222,598
-222,599
-222,600
-222,601
-222,602
-222,603
-222,604
-222,605
-222,606
-222,607
-222,608
-222,609
-222,610
-222,611
-222,612
-222,613
-222,614
-222,615
-222,616
-222,617
-222,618
-222,619
-222,620
-222,621
-222,622
-222,623
-222,624
-222,625
-222,626
-222,627
-222,628
-222,629
-222,630
-222,631
-222,632
-222,633
-222,634
-222,635
-222,636
-222,637
-222,638
-222,639
-222,640
:227_3,641
:227_3,642
:227_3,643
:227_3,644
:227_3,645
:227_3,646
225,647
225,648
225,649
225,650
225,651
225,652
225,653
225,654
225,655
225,656
225,657
225,658
225,659
225,660
225,661
225,662
225,663
225,664
225,665
225,666
225,667
225,668
225,669
225,670
225,671
225,672
225,673
225,674
225,675
225,676
225,677
225,678
225,679
225,680
225,681
225,682
225,683
225,684
225,685
225,686
225,687
225,688
225,689
225,690
225,691
225,692
225,693
225,694
225,695
225,696
225,697
225,698
225,699
225,700
225,701
225,702
225,703
225,704
225,705
225,706
225,707
225,708
225,709
225,710
225,711
225,712
225,713
225,714
225,715
225,716
225,717
225,718
225,719
225,720
225,721
225,722
225,723
225,724
225,725
225,726
225,727
225,728
225,729
225,730
225,731
225,732
225,733
225,734
225,735
225,736
225,737
225,738
225,739
225,740
225,741
225,742
225,743
225,744
225,745
225,746
225,747
225,748
225,749
225,750
225,751
225,752
225,753
225,754
225,755
225,756
225,757
225,758
225,759
225,760
225,761
225,762
225,763
225,764
225,765
225,766
225,767
225,768
225,769
225,770
225,771
225,772
225,773
225,774
225,775
225,776
225,777
225,778
225,779
225,780
225,781
225,782
225,783
225,784
225,785
225,786
225,787
225,788
225,789
225,790
225,791
225,792
225,793
225,794
225,795
225,796
225,797
225,798
225,799
225,800
225,801
225,802
225,803
225,804
225,805
225,806
225,807
225,808
225,809
225,810
225,811
225,812
225,813
:231_6,814
:231_6,815
:231_6,816
:231_6,817
:231_6,818
:231_6,819
:231_6,820
-257,821
-257,822
-257,823
-257,824
-257,825
-257,826
-257,827
-257,828
-257,829
-257,830
-257,831
-257,832
-257,833
-257,834
-257,835
-257,836
-257,837
-257,838
-257,839
-257,840
-257,841
-257,842
-257,843
-257,844
-257,845
-257,846
-257,847
-257,848
-257,849
-257,850
-257,851
-257,852
-257,853
-257,854
-257,855
-257,856
-257,857
-257,858
-257,859
-257,860
-257,861
-257,862
-257,863
-257,864
-257,865
-257,866
-257,867
-257,868
-257,869
-257,870
-257,871
-257,872
-257,873
-257,874
-257,875
-257,876
-257,877
-257,878
-257,879
-257,880
-257,881
-257,882
-257,883
-257,884
-257,885
-257,886
-257,887
-257,888
-257,889
-257,890
-257,891
-257,892
-257,893
-257,894
-257,895
-257,896
-257,897
-257,898
-257,899
-257,900
-257,901
-257,902
-257,903
-257,904
-257,905
-257,906
-257,907
-257,908
-257,909
-257,910
-257,911
-257,912
-257,913
-257,914
-257,915
-257,916
-257,917
-257,918
-257,919
-257,920
-257,921
-257,922
-257,923
-257,924
-257,925
-257,926
-257,927
-257,928
-257,929
-257,930
-257,931
-257,932
-257,933
-257,934
-257,935
-257,936
-257,937
-257,938
-257,939
-257,940
-257,941
-257,942
-257,943
-257,944
-257,945
-257,946
-257,947
-257,948
-257,949
-257,950
-257,951
-257,952
-257,953
-257,954
-257,955
-257,956
-257,957
-257,958
-257,959
-257,960
-257,961
-257,962
-257,963
-257,964
-257,965
-257,966
-257,967
-257,968
-257,969
-257,970
-257,971
-257,972
-257,973
-257,974
-257,975
-257,976
-257,977
-257,978
-257,979
-257,980
-257,981
-257,982
-257,983
-257,984
-257,985
-257,986
-257,987
-257,988
-257,989
-257,990
-257,991
-257,992
-257,993
-257,994
-257,995
-257,996
-257,997
-257,998
-257,999
-257,1000
-257,1001
-257,1002
-257,1003
-257,1004
-257,1005
-257,1006
-257,1007
-257,1008
-257,1009
-257,1010
-257,1011
-257,1012
-257,1013
-257,1014
-257,1015
:21_6,1016
:21_6,1017
:21_6,1018
:21_6,1019
:21_6,1020
:21_6,1021
:21_6,1022
-18,1023
-18,1024
-18,1025
-18,1026
-18,1027
-18,1028
-18,1029
-18,1030
-18,1031
-18,1032
-18,1033
-18,1034
-18,1035
-18,1036
-18,1037
-18,1038
-18,1039
-18,1040
-18,1041
-18,1042
-18,1043
-18,1044
-18,1045
-18,1046
-18,1047
-18,1048
-18,1049
-18,1050
-18,1051
-18,1052
-18,1053
-18,1054
-18,1055
-18,1056
-18,1057
-18,1058
-18,1059
-18,1060
-18,1061
-18,1062
-18,1063
-18,1064
-18,1065
-18,1066
-18,1067
-18,1068
-18,1069
-18,1070
-18,1071
-18,1072
-18,1073
-18,1074
-18,1075
-18,1076
-18,1077
-18,1078
-18,1079
-18,1080
-18,1081
-18,1082
-18,1083
-18,1084
-18,1085
-18,1086
-18,1087
-18,1088
-18,1089
-18,1090
-18,1091
-18,1092
-18,1093
-18,1094
-18,1095
-18,1096
-18,1097
-18,1098
-18,1099
-18,1100
-18,1101
-18,1102
-18,1103
-18,1104
-18,1105
-18,1106
-18,1107
-18,1108
-18,1109
-18,1110
-18,1111
-18,1112
-18,1113
-18,1114
-18,1115
-18,1116
-18,1117
-18,1118
-18,1119
-18,1120
-18,1121
-18,1122
-18,1123
-18,1124
-18,1125
-18,1126
-18,1127
-18,1128
-18,1129
-18,1130
-18,1131
-18,1132
-18,1133
-18,1134
-18,1135
-18,1136
-18,1137
-18,1138
-18,1139
-18,1140
-18,1141
-18,1142
:20_6,1143
:20_6,1144
:20_6,1145
:20_6,1146
:20_6,1147
:20_6,1148
-17,1149
-17,1150
-17,1151
-17,1152
-17,1153
-17,1154
-17,1155
-17,1156
-17,1157
-17,1158
-17,1159
-17,1160
-17,1161
-17,1162
-17,1163
-17,1164
-17,1165
-17,1166
-17,1167
-17,1168
-17,1169
-17,1170
-17,1171
-17,1172
-17,1173
-17,1174
-17,1175
-17,1176
-17,1177
-17,1178
-17,1179
-17,1180
-17,1181
-17,1182
-17,1183
-17,1184
-17,1185
-17,1186
-17,1187
-17,1188
-17,1189
-17,1190
-17,1191
-17,1192
-17,1193
-17,1194
-17,1195
-17,1196
-17,1197
-17,1198
-17,1199
-17,1200
-17,1201
-17,1202
-17,1203
-17,1204
-17,1205
-17,1206
-17,1207
-17,1208
-17,1209
-17,1210
-17,1211
-17,1212
-17,1213
-17,1214
-17,1215
-17,1216
-17,1217
-17,1218
-17,1219
-17,1220
-17,1221
-17,1222
-17,1223
-17,1224
-17,1225
-17,1226
-17,1227
-17,1228
-17,1229
-17,1230
-17,1231
-17,1232
-17,1233
-17,1234
-17,1235
-17,1236
-17,1237
-17,1238
-17,1239
-17,1240
-17,1241
-17,1242
-17,1243
-17,1244
-17,1245
-17,1246
-17,1247
-17,1248
-17,1249
-17,1250
-17,1251
-17,1252
-17,1253
-17,1254
-17,1255
-17,1256
-17,1257
-17,1258
-17,1259
-17,1260
-17,1261
-17,1262
-17,1263
-17,1264
-17,1265
-17,1266
