116,1
116,2
116,3
116,4
116,5
116,6
116,7
116,8
116,9
116,10
116,11
116,12
116,13
116,14
116,15
116,16
116,17
116,18
116,19
116,20
116,21
116,22
116,23
116,24
116,25
116,26
116,27
116,28
116,29
116,30
116,31
116,32
116,33
116,34
116,35
116,36
116,37
116,38
116,39
116,40
116,41
116,42
116,43
116,44
116,45
116,46
116,47
116,48
116,49
116,50
116,51
116,52
116,53
116,54
116,55
116,56
116,57
116,58
116,59
116,60
116,61
116,62
116,63
116,64
116,65
116,66
116,67
116,68
116,69
116,70
116,71
116,72
116,73
116,74
116,75
116,76
116,77
116,78
116,79
116,80
116,81
116,82
116,83
116,84
116,85
116,86
116,87
116,88
:133_6,89
:133_6,90
:133_6,91
:133_6,92
:133_6,93
:133_6,94
-135,95
-135,96
-135,97
-135,98
-135,99
-135,100
-135,101
-135,102
-135,103
-135,104
-135,105
-135,106
-135,107
-135,108
-135,109
-135,110
-135,111
-135,112
-135,113
-135,114
-135,115
-135,116
-135,117
-135,118
-135,119
-135,120
-135,121
-135,122
-135,123
-135,124
-135,125
-135,126
-135,127
-135,128
-135,129
-135,130
-135,131
-135,132
-135,133
-135,134
-135,135
-135,136
-135,137
-135,138
-135,139
-135,140
-135,141
-135,142
-135,143
-135,144
-135,145
-135,146
-135,147
-135,148
-135,149
-135,150
-135,151
-135,152
-135,153
-135,154
-135,155
-135,156
-135,157
-135,158
-135,159
-135,160
-135,161
-135,162
-135,163
-135,164
-135,165
-135,166
-135,167
-135,168
-135,169
-135,170
-135,171
-135,172
-135,173
-135,174
-135,175
-135,176
-135,177
-135,178
-135,179
-135,180
-135,181
-135,182
-135,183
-135,184
-135,185
-135,186
-135,187
-135,188
-135,189
-135,190
-135,191
-135,192
-135,193
-135,194
-135,195
-135,196
-135,197
-135,198
-135,199
-135,200
-135,201
-135,202
-135,203
-135,204
-135,205
-135,206
-135,207
-135,208
-135,209
-135,210
-135,211
-135,212
-135,213
-135,214
-135,215
-135,216
-135,217
-135,218
-135,219
-135,220
-135,221
-135,222
-135,223
-135,224
-135,225
-135,226
-135,227
-135,228
-135,229
-135,230
-135,231
-135,232
-135,233
-135,234
-135,235
-135,236
-135,237
-135,238
-135,239
-135,240
-135,241
-135,242
-135,243
-135,244
-135,245
-135,246
-135,247
-135,248
-135,249
-135,250
-135,251
-135,252
-135,253
-135,254
-135,255
-135,256
-135,257
-135,258
-135,259
-135,260
-135,261
-135,262
-135,263
-135,264
-135,265
-135,266
-135,267
-135,268
-135,269
-135,270
-135,271
-135,272
-135,273
-135,274
-135,275
-135,276
-135,277
-135,278
-135,279
-135,280
-135,281
-135,282
-135,283
-135,284
-135,285
-135,286
-135,287
-135,288
-135,289
-135,290
-135,291
-135,292
-135,293
-135,294
-135,295
-135,296
:150_6,297
:150_6,298
:150_6,299
:150_6,300
:150_6,301
:150_6,302
136,303
136,304
136,305
136,306
136,307
136,308
136,309
136,310
136,311
136,312
136,313
136,314
136,315
136,316
136,317
136,318
136,319
136,320
136,321
136,322
136,323
136,324
136,325
136,326
136,327
136,328
136,329
136,330
136,331
136,332
136,333
136,334
136,335
136,336
136,337
136,338
136,339
136,340
136,341
136,342
136,343
136,344
136,345
136,346
136,347
136,348
136,349
136,350
136,351
136,352
136,353
136,354
136,355
136,356
136,357
136,358
136,359
136,360
136,361
136,362
136,363
136,364
136,365
136,366
136,367
136,368
136,369
136,370
136,371
136,372
136,373
136,374
136,375
136,376
136,377
136,378
136,379
136,380
136,381
136,382
136,383
136,384
136,385
136,386
136,387
136,388
136,389
136,390
136,391
136,392
136,393
136,394
136,395
136,396
136,397
136,398
136,399
136,400
136,401
136,402
136,403
136,404
136,405
136,406
136,407
136,408
136,409
136,410
136,411
136,412
136,413
136,414
136,415
136,416
136,417
136,418
136,419
136,420
136,421
136,422
136,423
136,424
136,425
136,426
136,427
136,428
136,429
136,430
136,431
136,432
136,433
136,434
136,435
136,436
136,437
136,438
136,439
136,440
136,441
136,442
136,443
136,444
136,445
136,446
136,447
136,448
136,449
136,450
136,451
136,452
136,453
136,454
136,455
136,456
136,457
136,458
136,459
136,460
136,461
136,462
136,463
136,464
136,465
136,466
136,467
136,468
136,469
136,470
136,471
136,472
136,473
136,474
136,475
136,476
136,477
136,478
136,479
136,480
136,481
136,482
136,483
136,484
136,485
136,486
136,487
136,488
136,489
136,490
136,491
136,492
136,493
136,494
136,495
136,496
136,497
136,498
136,499
136,500
136,501
136,502
136,503
136,504
136,505
136,506
136,507
136,508
136,509
136,510
136,511
136,512
136,513
136,514
136,515
136,516
136,517
136,518
136,519
136,520
136,521
136,522
136,523
136,524
136,525
136,526
136,527
136,528
136,529
136,530
136,531
136,532
136,533
136,534
136,535
136,536
136,537
136,538
136,539
136,540
136,541
136,542
136,543
136,544
136,545
136,546
136,547
136,548
136,549
136,550
136,551
136,552
136,553
136,554
136,555
136,556
136,557
136,558
136,559
136,560
136,561
136,562
136,563
136,564
136,565
136,566
136,567
136,568
136,569
136,570
136,571
136,572
136,573
136,574
136,575
136,576
136,577
136,578
136,579
136,580
136,581
136,582
136,583
136,584
136,585
136,586
136,587
136,588
136,589
136,590
136,591
136,592
136,593
136,594
136,595
136,596
136,597
-81,598
-81,599
-81,600
-81,601
-81,602
-81,603
-81,604
-81,605
-81,606
-81,607
-81,608
-81,609
-81,610
-81,611
-81,612
-81,613
-81,614
-81,615
-81,616
-81,617
-81,618
-81,619
-81,620
-81,621
-81,622
-81,623
-81,624
-81,625
-81,626
-81,627
-81,628
-81,629
-81,630
-81,631
-81,632
-81,633
-81,634
-81,635
-81,636
-81,637
-81,638
-81,639
-81,640
-81,641
-81,642
-81,643
-81,644
-81,645
-81,646
-81,647
-81,648
-81,649
-81,650
-81,651
-81,652
-81,653
-81,654
-81,655
-81,656
-81,657
-81,658
-81,659
-81,660
-81,661
-81,662
-81,663
-81,664
-81,665
-81,666
-81,667
-81,668
-81,669
-81,670
-81,671
-81,672
-81,673
-81,674
-81,675
-81,676
-81,677
-81,678
-81,679
-81,680
-81,681
-81,682
-81,683
-81,684
-81,685
-81,686
-81,687
-81,688
-81,689
-81,690
-81,691
-81,692
-81,693
-81,694
-81,695
-81,696
-81,697
-81,698
-81,699
-81,700
-81,701
-81,702
-81,703
-81,704
-81,705
-81,706
-81,707
-81,708
-81,709
-81,710
-81,711
-81,712
-81,713
-81,714
-81,715
-81,716
-81,717
-81,718
-81,719
-81,720
-81,721
-81,722
-81,723
-81,724
-81,725
-81,726
-81,727
-81,728
-81,729
-81,730
-81,731
-81,732
-81,733
-81,734
-81,735
-81,736
-81,737
-81,738
-81,739
-81,740
-81,741
-81,742
-81,743
-81,744
-81,745
-81,746
-81,747
-81,748
-81,749
-81,750
-81,751
:94_6,752
:94_6,753
:94_6,754
:94_6,755
:94_6,756
:94_6,757
82,758
82,759
82,760
82,761
82,762
82,763
82,764
82,765
82,766
82,767
82,768
82,769
82,770
82,771
83,772
83,773
83,774
83,775
83,776
83,777
83,778
83,779
83,780
83,781
83,782
83,783
83,784
83,785
83,786
83,787
83,788
83,789
83,790
83,791
83,792
83,793
83,794
83,795
83,796
83,797
83,798
83,799
83,800
83,801
83,802
83,803
83,804
83,805
83,806
83,807
83,808
83,809
83,810
83,811
83,812
83,813
83,814
83,815
83,816
83,817
83,818
83,819
83,820
83,821
83,822
83,823
83,824
83,825
83,826
83,827
83,828
83,829
83,830
83,831
83,832
83,833
83,834
83,835
83,836
83,837
83,838
83,839
83,840
83,841
83,842
83,843
83,844
83,845
83,846
83,847
83,848
83,849
83,850
83,851
83,852
83,853
83,854
83,855
83,856
83,857
83,858
83,859
83,860
83,861
83,862
83,863
:97_6,864
:97_6,865
:97_6,866
:97_6,867
-489,868
-489,869
-489,870
-489,871
-489,872
-489,873
-489,874
-489,875
-489,876
-489,877
-489,878
-489,879
-489,880
-489,881
-489,882
-489,883
-489,884
-489,885
-489,886
-489,887
-489,888
-489,889
-489,890
-489,891
:315_1,892
:315_1,893
:315_1,894
:315_1,895
:315_1,896
:315_1,897
-488,898
-488,899
-488,900
-488,901
-488,902
-488,903
-488,904
-488,905
-488,906
-488,907
-488,908
-488,909
-488,910
-488,911
-488,912
-488,913
-488,914
-488,915
-488,916
-488,917
-488,918
-488,919
-488,920
-488,921
-488,922
-488,923
-488,924
-488,925
-488,926
-488,927
-488,928
-488,929
-488,930
-488,931
-488,932
-488,933
-488,934
-488,935
-488,936
:410_0,937
:410_0,938
:410_0,939
487,940
487,941
487,942
487,943
487,944
487,945
487,946
487,947
487,948
487,949
487,950
487,951
487,952
487,953
487,954
487,955
487,956
487,957
487,958
487,959
487,960
487,961
487,962
487,963
487,964
487,965
487,966
487,967
487,968
487,969
487,970
487,971
487,972
487,973
487,974
487,975
487,976
487,977
487,978
487,979
487,980
487,981
487,982
487,983
487,984
487,985
487,986
487,987
487,988
487,989
487,990
487,991
487,992
487,993
487,994
487,995
487,996
487,997
487,998
487,999
487,1000
487,1001
487,1002
487,1003
487,1004
487,1005
487,1006
487,1007
487,1008
487,1009
487,1010
487,1011
487,1012
487,1013
487,1014
487,1015
487,1016
487,1017
487,1018
487,1019
487,1020
487,1021
487,1022
487,1023
487,1024
487,1025
487,1026
487,1027
487,1028
487,1029
487,1030
487,1031
487,1032
487,1033
487,1034
487,1035
487,1036
487,1037
487,1038
487,1039
487,1040
487,1041
487,1042
487,1043
487,1044
487,1045
487,1046
487,1047
487,1048
487,1049
487,1050
487,1051
487,1052
487,1053
487,1054
487,1055
487,1056
487,1057
487,1058
487,1059
487,1060
487,1061
487,1062
487,1063
487,1064
487,1065
487,1066
487,1067
487,1068
487,1069
487,1070
487,1071
487,1072
487,1073
487,1074
487,1075
487,1076
487,1077
487,1078
487,1079
487,1080
487,1081
487,1082
487,1083
487,1084
487,1085
487,1086
487,1087
487,1088
487,1089
487,1090
487,1091
487,1092
487,1093
487,1094
487,1095
487,1096
487,1097
487,1098
487,1099
487,1100
487,1101
487,1102
487,1103
487,1104
487,1105
487,1106
487,1107
487,1108
487,1109
487,1110
487,1111
:409_6,1112
:409_6,1113
:409_6,1114
:409_6,1115
:409_6,1116
:409_6,1117
:409_6,1118
-606,1119
-606,1120
-606,1121
-606,1122
-606,1123
-606,1124
-606,1125
-606,1126
-606,1127
-606,1128
-606,1129
-606,1130
-606,1131
-606,1132
-606,1133
-606,1134
-606,1135
-606,1136
-606,1137
-606,1138
-606,1139
-606,1140
-606,1141
-606,1142
-606,1143
-606,1144
-606,1145
-606,1146
-606,1147
-606,1148
-606,1149
-606,1150
-606,1151
-606,1152
-606,1153
-606,1154
-606,1155
-606,1156
-606,1157
-606,1158
-606,1159
-606,1160
-606,1161
-606,1162
-606,1163
-606,1164
-606,1165
-606,1166
-606,1167
-606,1168
-606,1169
-606,1170
-606,1171
-606,1172
-606,1173
-606,1174
-606,1175
-606,1176
-606,1177
-606,1178
-606,1179
-606,1180
-606,1181
-606,1182
-606,1183
-606,1184
-606,1185
-606,1186
-606,1187
-606,1188
-606,1189
-606,1190
-606,1191
-606,1192
-606,1193
-606,1194
-606,1195
-606,1196
-606,1197
-606,1198
-606,1199
-606,1200
-606,1201
-606,1202
-606,1203
-606,1204
-606,1205
-606,1206
-606,1207
-606,1208
-606,1209
-606,1210
-606,1211
-606,1212
-606,1213
-605,1214
-605,1215
-605,1216
-605,1217
-605,1218
-605,1219
-605,1220
-605,1221
-605,1222
-605,1223
-605,1224
-605,1225
-605,1226
-605,1227
-605,1228
-605,1229
-605,1230
-605,1231
-605,1232
-605,1233
-605,1234
-605,1235
-605,1236
-605,1237
-605,1238
-605,1239
-605,1240
-605,1241
-605,1242
-605,1243
-605,1244
-605,1245
-605,1246
-605,1247
-605,1248
-605,1249
-605,1250
-605,1251
-605,1252
-605,1253
-605,1254
-605,1255
-605,1256
-605,1257
-605,1258
-605,1259
-605,1260
-605,1261
-605,1262
-605,1263
-605,1264
-605,1265
-605,1266
-605,1267
-605,1268
-605,1269
-605,1270
-605,1271
-605,1272
-605,1273
-605,1274
-605,1275
-605,1276
-605,1277
-605,1278
-605,1279
-605,1280
-605,1281
-605,1282
-605,1283
-605,1284
-605,1285
-605,1286
-605,1287
