-150,21
-150,22
-150,23
-150,24
-150,25
-150,26
-150,27
-150,28
-150,29
-150,30
-150,31
-150,32
-150,33
-150,34
-150,35
-150,36
-150,37
-150,38
-150,39
-150,40
-150,41
-150,42
-150,43
-150,44
-150,45
-150,46
-150,47
-150,48
-150,49
-150,50
-150,51
-150,52
-150,53
-150,54
-150,55
-150,56
-150,57
-150,58
-150,59
-150,60
-150,61
-150,62
-150,63
-150,64
-150,65
-150,66
-150,67
-150,68
-150,69
-150,70
-150,71
-150,72
-150,73
-150,74
-150,75
-150,76
-150,77
-150,78
-150,79
-150,80
-150,81
-150,82
-150,83
-150,84
-150,85
-150,86
-150,87
-150,88
-150,89
-150,90
-150,91
-150,92
-150,93
-150,94
-150,95
-150,96
-150,97
-150,98
:164_0,99
:164_0,100
:164_0,101
:164_0,102
:164_0,103
:164_0,104
-554,105
-554,106
-554,107
-554,108
-554,109
-554,110
-554,111
-554,112
-554,113
-554,114
-554,115
-554,116
-554,117
-554,118
-554,119
-554,120
-554,121
-554,122
-554,123
-554,124
-554,125
-554,126
-554,127
-554,128
-554,129
-554,130
-554,131
-554,132
-554,133
-554,134
-554,135
-554,136
-554,137
-554,138
-554,139
-554,140
-554,141
-554,142
-554,143
-554,144
-554,145
-554,146
-554,147
-554,148
-554,149
-554,150
-554,151
-554,152
-554,153
-554,154
-554,155
-554,156
-554,157
-554,158
-554,159
-554,160
-554,161
-554,162
-554,163
-554,164
-554,165
-554,166
-554,167
-554,168
-554,169
-554,170
-554,171
-554,172
-554,173
-554,174
-554,175
-554,176
-554,177
-554,178
-554,179
-554,180
-554,181
-554,182
-554,183
-554,184
-554,185
-554,186
-554,187
-554,188
-554,189
-554,190
-554,191
-554,192
-554,193
-554,194
-554,195
-554,196
-554,197
-554,198
-554,199
-554,200
-554,201
-554,202
-554,203
-554,204
-554,205
-554,206
-554,207
-554,208
-554,209
-554,210
-554,211
-554,212
-554,213
-554,214
-554,215
-554,216
-554,217
-554,218
-554,219
-554,220
-554,221
-554,222
-554,223
-554,224
-554,225
:335_1,226
:335_1,227
:335_1,228
:335_1,229
:335_1,230
:335_1,231
-410,232
-410,233
-410,234
-410,235
-410,236
-410,237
-410,238
-410,239
-410,240
-410,241
-410,242
-410,243
-410,244
-410,245
-410,246
-410,247
-410,248
-410,249
-410,250
-410,251
-410,252
-410,253
-410,254
-410,255
-410,256
-410,257
-410,258
-410,259
-410,260
-410,261
-410,262
-410,263
-410,264
-410,265
-410,266
-410,267
-410,268
-410,269
-410,270
-410,271
-410,272
-410,273
-410,274
-410,275
-410,276
-410,277
-410,278
-410,279
-410,280
-410,281
-410,282
-410,283
-410,284
-410,285
-410,286
-410,287
-410,288
-410,289
-410,290
-410,291
-410,292
-410,293
-410,294
-410,295
-410,296
-410,297
-410,298
-410,299
-410,300
-410,301
-410,302
-410,303
-410,304
-410,305
-410,306
-410,307
-410,308
-410,309
-410,310
-410,311
-410,312
-410,313
-410,314
-410,315
-410,316
-410,317
-410,318
-410,319
-410,320
-410,321
-410,322
-410,323
-410,324
-410,325
-410,326
-410,327
-410,328
-410,329
-410,330
-410,331
-410,332
-410,333
-410,334
-410,335
-410,336
-410,337
-410,338
-410,339
-410,340
-410,341
-410,342
-410,343
-410,344
-410,345
-410,346
-410,347
-410,348
-410,349
-410,350
-410,351
-410,352
-410,353
-410,354
:60_0,355
:60_0,356
:60_0,357
:60_0,358
-122,359
-122,360
-122,361
-122,362
-122,363
-122,364
-122,365
-122,366
-122,367
-122,368
-122,369
-122,370
-122,371
-122,372
-122,373
-122,374
-122,375
-122,376
-122,377
-122,378
-122,379
-122,380
-122,381
-122,382
-122,383
-122,384
-122,385
-122,386
-122,387
-122,388
-122,389
-122,390
-122,391
-122,392
-122,393
-122,394
-122,395
-122,396
-122,397
-122,398
-122,399
-122,400
-122,401
-122,402
-122,403
-122,404
-122,405
-122,406
-122,407
-122,408
-122,409
-122,410
-122,411
-122,412
-122,413
-122,414
-122,415
-122,416
-122,417
-122,418
-122,419
-122,420
-122,421
-122,422
-122,423
-122,424
-122,425
-122,426
-122,427
-122,428
-122,429
-122,430
-122,431
-122,432
-122,433
-122,434
-122,435
-122,436
-122,437
-122,438
-122,439
-122,440
-122,441
-122,442
-122,443
:137_7,444
:137_7,445
:137_7,446
:137_7,447
:137_7,448
:137_7,449
121,450
121,451
121,452
121,453
121,454
121,455
121,456
121,457
121,458
121,459
121,460
121,461
121,462
121,463
121,464
121,465
121,466
121,467
121,468
121,469
121,470
121,471
121,472
121,473
121,474
121,475
121,476
121,477
121,478
121,479
121,480
121,481
121,482
121,483
121,484
121,485
121,486
121,487
121,488
121,489
121,490
121,491
121,492
121,493
121,494
121,495
121,496
121,497
121,498
121,499
121,500
121,501
121,502
121,503
121,504
121,505
121,506
121,507
121,508
121,509
121,510
121,511
121,512
121,513
121,514
121,515
121,516
121,517
121,518
121,519
121,520
121,521
121,522
121,523
121,524
121,525
:77_4,526
:77_4,527
:77_4,528
:77_4,529
:77_4,530
-67,531
-67,532
-67,533
-67,534
-67,535
-67,536
-67,537
-67,538
-67,539
-67,540
-67,541
-67,542
-67,543
-67,544
-67,545
-67,546
-67,547
-67,548
-67,549
-67,550
-67,551
-67,552
-67,553
-67,554
-67,555
-67,556
-67,557
-67,558
-67,559
-67,560
-67,561
-67,562
-67,563
-67,564
-67,565
-67,566
-67,567
-67,568
-67,569
-67,570
-67,571
-67,572
-67,573
-67,574
-67,575
-67,576
-67,577
-67,578
-67,579
-67,580
-67,581
-67,582
-67,583
-67,584
-67,585
-67,586
-67,587
-67,588
-67,589
-67,590
-67,591
-67,592
-67,593
-67,594
-67,595
-67,596
-67,597
-67,598
-67,599
-67,600
-67,601
-67,602
-67,603
-67,604
-67,605
-67,606
-67,607
-67,608
-67,609
-67,610
-67,611
-67,612
-67,613
-67,614
-67,615
-67,616
-67,617
-67,618
-67,619
-67,620
-67,621
-67,622
-67,623
-67,624
-67,625
-67,626
-67,627
-67,628
-67,629
-67,630
-67,631
-67,632
-67,633
-67,634
-67,635
-67,636
-67,637
-67,638
-67,639
-67,640
-67,641
-67,642
-67,643
-67,644
-67,645
-67,646
-67,647
-67,648
-67,649
-67,650
-67,651
-67,652
-67,653
-67,654
-67,655
-67,656
-67,657
:74_9,658
:74_9,659
:74_9,660
:74_9,661
:74_9,662
:74_9,663
66,664
66,665
66,666
66,667
66,668
66,669
66,670
66,671
66,672
66,673
66,674
66,675
66,676
66,677
66,678
66,679
66,680
66,681
66,682
66,683
66,684
66,685
66,686
66,687
66,688
66,689
66,690
66,691
66,692
66,693
66,694
66,695
66,696
66,697
66,698
66,699
66,700
66,701
66,702
66,703
66,704
66,705
66,706
66,707
66,708
66,709
66,710
66,711
66,712
66,713
66,714
66,715
66,716
66,717
66,718
66,719
66,720
66,721
66,722
66,723
66,724
66,725
66,726
66,727
66,728
66,729
66,730
66,731
66,732
66,733
66,734
66,735
66,736
66,737
66,738
66,739
66,740
66,741
66,742
66,743
66,744
66,745
66,746
66,747
66,748
66,749
66,750
66,751
66,752
66,753
66,754
66,755
66,756
66,757
66,758
66,759
66,760
66,761
66,762
66,763
66,764
66,765
66,766
66,767
66,768
66,769
66,770
66,771
66,772
66,773
66,774
66,775
66,776
66,777
66,778
66,779
66,780
66,781
66,782
66,783
66,784
66,785
:76_9,786
:76_9,787
:76_9,788
:76_9,789
:76_9,790
:76_9,791
-460,792
-460,793
-460,794
-460,795
-460,796
-460,797
-460,798
-460,799
-460,800
-460,801
-460,802
-460,803
-460,804
-460,805
-460,806
-460,807
-460,808
-460,809
-460,810
-460,811
-460,812
-460,813
-460,814
-460,815
-460,816
-460,817
-460,818
-460,819
-460,820
-460,821
-460,822
-460,823
-460,824
-460,825
-460,826
-460,827
-460,828
-460,829
-460,830
-460,831
-460,832
-460,833
-460,834
-460,835
-460,836
-460,837
-460,838
-460,839
-460,840
-460,841
-460,842
-460,843
-460,844
-460,845
-460,846
-460,847
-460,848
-460,849
-460,850
-460,851
-460,852
-460,853
-460,854
-460,855
-460,856
-460,857
-460,858
-460,859
-460,860
-460,861
-460,862
-460,863
-460,864
-460,865
-460,866
:391_7,867
:391_7,868
:391_7,869
:391_7,870
:391_7,871
:391_7,872
458,873
458,874
458,875
458,876
458,877
458,878
458,879
458,880
458,881
458,882
458,883
458,884
458,885
458,886
458,887
458,888
458,889
458,890
458,891
458,892
458,893
458,894
458,895
458,896
458,897
458,898
458,899
458,900
458,901
458,902
458,903
458,904
458,905
458,906
458,907
458,908
458,909
458,910
458,911
458,912
458,913
458,914
458,915
458,916
458,917
458,918
458,919
458,920
458,921
458,922
458,923
458,924
458,925
458,926
458,927
458,928
458,929
458,930
458,931
458,932
458,933
458,934
458,935
458,936
458,937
458,938
458,939
458,940
458,941
458,942
458,943
458,944
458,945
458,946
458,947
458,948
458,949
458,950
458,951
458,952
458,953
458,954
458,955
458,956
458,957
458,958
458,959
458,960
458,961
458,962
458,963
458,964
:167_4,965
:167_4,966
:167_4,967
:167_4,968
:167_4,969
:167_4,970
-151,971
-151,972
-151,973
-151,974
-151,975
-151,976
-151,977
-151,978
-151,979
-151,980
-151,981
-151,982
-151,983
-151,984
-151,985
-151,986
-151,987
-151,988
-151,989
-151,990
-151,991
-151,992
-151,993
-151,994
-151,995
-151,996
-151,997
-151,998
-151,999
-151,1000
-151,1001
-151,1002
-151,1003
-151,1004
-151,1005
-151,1006
-151,1007
-151,1008
-151,1009
-151,1010
-151,1011
-151,1012
-151,1013
-151,1014
-151,1015
-151,1016
-151,1017
-151,1018
-151,1019
-151,1020
-151,1021
-151,1022
-151,1023
-151,1024
-151,1025
-151,1026
-151,1027
-151,1028
-151,1029
-151,1030
:166_5,1031
:166_5,1032
:166_5,1033
:166_5,1034
:166_5,1035
:166_5,1036
154,1037
154,1038
154,1039
154,1040
154,1041
154,1042
154,1043
154,1044
154,1045
154,1046
154,1047
154,1048
154,1049
154,1050
154,1051
154,1052
154,1053
154,1054
154,1055
154,1056
154,1057
154,1058
154,1059
154,1060
154,1061
154,1062
154,1063
154,1064
154,1065
154,1066
154,1067
154,1068
154,1069
154,1070
154,1071
154,1072
154,1073
154,1074
154,1075
154,1076
154,1077
154,1078
154,1079
154,1080
154,1081
154,1082
154,1083
154,1084
154,1085
154,1086
154,1087
154,1088
154,1089
154,1090
154,1091
154,1092
154,1093
154,1094
154,1095
154,1096
154,1097
154,1098
154,1099
154,1100
154,1101
154,1102
154,1103
154,1104
154,1105
154,1106
154,1107
154,1108
154,1109
154,1110
154,1111
154,1112
154,1113
154,1114
154,1115
154,1116
154,1117
154,1118
154,1119
154,1120
154,1121
154,1122
154,1123
154,1124
154,1125
154,1126
154,1127
154,1128
154,1129
154,1130
154,1131
154,1132
154,1133
154,1134
154,1135
154,1136
154,1137
154,1138
154,1139
154,1140
154,1141
154,1142
154,1143
154,1144
154,1145
154,1146
154,1147
154,1148
154,1149
154,1150
154,1151
154,1152
154,1153
154,1154
154,1155
154,1156
154,1157
154,1158
154,1159
154,1160
154,1161
154,1162
154,1163
154,1164
154,1165
154,1166
154,1167
154,1168
154,1169
154,1170
154,1171
154,1172
154,1173
154,1174
154,1175
154,1176
154,1177
154,1178
154,1179
154,1180
154,1181
154,1182
154,1183
154,1184
154,1185
154,1186
154,1187
154,1188
154,1189
154,1190
154,1191
154,1192
154,1193
154,1194
154,1195
154,1196
154,1197
154,1198
154,1199
154,1200
154,1201
154,1202
154,1203
154,1204
154,1205
154,1206
154,1207
154,1208
154,1209
154,1210
154,1211
154,1212
154,1213
154,1214
154,1215
154,1216
154,1217
154,1218
154,1219
154,1220
154,1221
154,1222
154,1223
154,1224
154,1225
154,1226
154,1227
154,1228
154,1229
154,1230
154,1231
154,1232
154,1233
154,1234
154,1235
154,1236
154,1237
154,1238
154,1239
154,1240
154,1241
154,1242
154,1243
154,1244
154,1245
154,1246
154,1247
154,1248
154,1249
154,1250
154,1251
154,1252
154,1253
154,1254
154,1255
154,1256
154,1257
154,1258
154,1259
154,1260
154,1261
154,1262
154,1263
154,1264
154,1265
154,1266
154,1267
154,1268
154,1269
154,1270
154,1271
154,1272
154,1273
154,1274
154,1275
154,1276
154,1277
154,1278
154,1279
154,1280
154,1281
154,1282
154,1283
154,1284
154,1285
154,1286
154,1287
154,1288
154,1289
154,1290
154,1291
154,1292
154,1293
154,1294
154,1295
154,1296
154,1297
154,1298
154,1299
154,1300
154,1301
154,1302
154,1303
154,1304
154,1305
154,1306
154,1307
154,1308
:170_6,1309
:170_6,1310
:170_6,1311
:170_16,1312
:170_16,1313
:170_16,1314
371,1315
371,1316
371,1317
371,1318
371,1319
371,1320
371,1321
371,1322
371,1323
371,1324
371,1325
371,1326
371,1327
371,1328
371,1329
371,1330
371,1331
371,1332
371,1333
371,1334
371,1335
371,1336
371,1337
371,1338
371,1339
371,1340
371,1341
371,1342
371,1343
371,1344
371,1345
371,1346
371,1347
371,1348
371,1349
371,1350
371,1351
371,1352
371,1353
371,1354
371,1355
371,1356
371,1357
371,1358
371,1359
371,1360
371,1361
371,1362
371,1363
371,1364
371,1365
371,1366
371,1367
371,1368
371,1369
371,1370
371,1371
371,1372
371,1373
371,1374
371,1375
371,1376
371,1377
371,1378
371,1379
371,1380
371,1381
371,1382
371,1383
371,1384
371,1385
371,1386
371,1387
371,1388
371,1389
371,1390
371,1391
371,1392
371,1393
371,1394
371,1395
371,1396
371,1397
371,1398
371,1399
371,1400
371,1401
371,1402
371,1403
371,1404
371,1405
371,1406
371,1407
371,1408
371,1409
371,1410
371,1411
371,1412
371,1413
371,1414
371,1415
371,1416
371,1417
371,1418
371,1419
371,1420
371,1421
371,1422
371,1423
371,1424
371,1425
371,1426
371,1427
371,1428
371,1429
371,1430
371,1431
:339_0,1432
:339_0,1433
:339_0,1434
:339_0,1435
:339_0,1436
422,1437
422,1438
422,1439
422,1440
422,1441
422,1442
422,1443
422,1444
422,1445
422,1446
422,1447
422,1448
422,1449
422,1450
422,1451
422,1452
422,1453
422,1454
422,1455
422,1456
422,1457
422,1458
422,1459
422,1460
422,1461
422,1462
422,1463
422,1464
422,1465
422,1466
422,1467
422,1468
422,1469
422,1470
422,1471
422,1472
422,1473
422,1474
422,1475
422,1476
422,1477
422,1478
422,1479
422,1480
422,1481
422,1482
422,1483
422,1484
422,1485
422,1486
422,1487
422,1488
422,1489
422,1490
422,1491
422,1492
422,1493
422,1494
422,1495
422,1496
422,1497
422,1498
422,1499
422,1500
422,1501
422,1502
422,1503
422,1504
422,1505
422,1506
422,1507
422,1508
422,1509
422,1510
422,1511
422,1512
422,1513
422,1514
422,1515
422,1516
422,1517
422,1518
422,1519
422,1520
422,1521
422,1522
422,1523
422,1524
422,1525
422,1526
422,1527
422,1528
422,1529
422,1530
422,1531
422,1532
422,1533
422,1534
422,1535
422,1536
422,1537
422,1538
422,1539
422,1540
422,1541
422,1542
422,1543
422,1544
422,1545
422,1546
422,1547
422,1548
422,1549
422,1550
422,1551
422,1552
422,1553
422,1554
422,1555
422,1556
422,1557
422,1558
422,1559
422,1560
422,1561
422,1562
422,1563
422,1564
422,1565
422,1566
422,1567
422,1568
422,1569
422,1570
422,1571
422,1572
422,1573
422,1574
422,1575
422,1576
422,1577
422,1578
422,1579
422,1580
