-179,1
-179,2
-179,3
-179,4
-179,5
-179,6
-179,7
-179,8
-179,9
-179,10
-179,11
-179,12
-179,13
-179,14
-179,15
-179,16
-179,17
-179,18
-179,19
-179,20
-179,21
-179,22
-179,23
-179,24
-179,25
-179,26
-179,27
-179,28
-179,29
-179,30
-179,31
-179,32
-179,33
-179,34
-179,35
-179,36
-179,37
-179,38
-179,39
-179,40
-179,41
-179,42
-179,43
-179,44
-179,45
-179,46
-179,47
-179,48
-179,49
-179,50
-179,51
-179,52
-179,53
-179,54
-179,55
-179,56
-179,57
-179,58
-179,59
-179,60
-179,61
-179,62
-179,63
-179,64
-179,65
-179,66
-179,67
-179,68
-179,69
-179,70
-179,71
-179,72
:163_12,73
:163_12,74
:163_12,75
180,76
180,77
180,78
180,79
180,80
180,81
180,82
180,83
180,84
180,85
180,86
180,87
180,88
180,89
180,90
180,91
180,92
180,93
180,94
180,95
180,96
180,97
180,98
180,99
180,100
180,101
180,102
180,103
180,104
180,105
180,106
180,107
180,108
180,109
180,110
180,111
180,112
180,113
180,114
180,115
180,116
180,117
180,118
180,119
180,120
180,121
180,122
180,123
180,124
180,125
180,126
180,127
180,128
180,129
180,130
180,131
180,132
180,133
180,134
180,135
180,136
180,137
180,138
:193_1,139
:193_1,140
:193_1,141
:193_1,142
:193_1,143
-412,144
-412,145
-412,146
-412,147
-412,148
-412,149
-412,150
-412,151
-412,152
-412,153
-412,154
-412,155
-412,156
-412,157
-412,158
-412,159
-412,160
-412,161
-412,162
-412,163
-412,164
-412,165
-412,166
-412,167
-412,168
-412,169
-412,170
-412,171
-412,172
-412,173
-412,174
-412,175
-412,176
-412,177
-412,178
-412,179
-412,180
-412,181
-412,182
-412,183
-412,184
-412,185
-412,186
-412,187
-412,188
-412,189
-412,190
-412,191
-412,192
-412,193
-412,194
-412,195
-412,196
-412,197
-412,198
-412,199
-412,200
-412,201
-412,202
-412,203
-412,204
-412,205
-412,206
-412,207
-412,208
-412,209
-412,210
-412,211
-412,212
-412,213
-412,214
-412,215
-412,216
-412,217
-412,218
-412,219
-412,220
-412,221
-412,222
-412,223
-412,224
-412,225
-412,226
-412,227
:365_1,228
:365_1,229
:365_1,230
:365_1,231
:365_1,232
414,233
414,234
414,235
414,236
414,237
414,238
414,239
414,240
414,241
414,242
414,243
414,244
414,245
414,246
414,247
414,248
414,249
414,250
414,251
414,252
414,253
414,254
414,255
414,256
414,257
414,258
414,259
414,260
414,261
414,262
414,263
414,264
414,265
414,266
414,267
414,268
414,269
414,270
414,271
414,272
414,273
414,274
414,275
414,276
414,277
414,278
414,279
414,280
414,281
414,282
414,283
414,284
414,285
414,286
414,287
414,288
414,289
414,290
414,291
414,292
414,293
414,294
414,295
414,296
414,297
414,298
414,299
414,300
414,301
414,302
414,303
414,304
414,305
414,306
414,307
414,308
414,309
414,310
414,311
414,312
414,313
414,314
414,315
414,316
414,317
414,318
414,319
414,320
414,321
414,322
414,323
414,324
414,325
414,326
414,327
414,328
414,329
414,330
414,331
414,332
414,333
414,334
414,335
414,336
414,337
414,338
414,339
414,340
414,341
414,342
414,343
414,344
414,345
414,346
414,347
414,348
414,349
414,350
414,351
414,352
414,353
414,354
