-295,1
-295,2
-295,3
-295,4
-295,5
-295,6
-295,7
-295,8
-295,9
-295,10
-295,11
-295,12
-295,13
-295,14
-295,15
-295,16
-295,17
-295,18
-295,19
-295,20
-295,21
-295,22
-295,23
-295,24
-295,25
-295,26
-295,27
-295,28
-295,29
-295,30
-295,31
-295,32
-295,33
-295,34
-295,35
-295,36
-295,37
-295,38
-295,39
-295,40
-295,41
-295,42
-295,43
-295,44
-295,45
-295,46
-295,47
-295,48
-295,49
-295,50
-295,51
-295,52
-295,53
-295,54
-295,55
-295,56
-295,57
-295,58
-295,59
-295,60
-295,61
-295,62
-295,63
-295,64
-295,65
-295,66
-295,67
-295,68
-295,69
-295,70
-295,71
-295,72
-295,73
-295,74
-295,75
-295,76
-295,77
-295,78
-295,79
-295,80
-295,81
-295,82
-295,83
-295,84
-295,85
-295,86
-295,87
-295,88
-295,89
-295,90
-295,91
-295,92
-295,93
-295,94
-295,95
-295,96
-295,97
-295,98
-295,99
-295,100
-295,101
-295,102
-295,103
-295,104
-295,105
-295,106
-295,107
-295,108
-295,109
-295,110
-295,111
-295,112
-295,113
-295,114
-295,115
-295,116
-295,117
-295,118
-295,119
-295,120
-295,121
-295,122
-295,123
-295,124
-295,125
-295,126
-295,127
-295,128
-295,129
-295,130
-295,131
-295,132
-295,133
-295,134
-295,135
-295,136
-295,137
-295,138
-295,139
-295,140
-295,141
-295,142
-295,143
-295,144
-295,145
-295,146
-295,147
-295,148
-295,149
-295,150
-295,151
-295,152
-295,153
-295,154
-295,155
-295,156
-295,157
-295,158
-295,159
-295,160
-295,161
-295,162
-295,163
-295,164
-295,165
-295,166
-295,167
-295,168
-295,169
-295,170
-295,171
-295,172
-295,173
-295,174
-295,175
-295,176
-295,177
-295,178
-295,179
-295,180
-295,181
-295,182
-295,183
-295,184
-295,185
-295,186
-295,187
-295,188
-295,189
-295,190
-295,191
-295,192
-295,193
-295,194
-295,195
-295,196
-295,197
-295,198
-295,199
-295,200
-295,201
-295,202
-295,203
-295,204
-295,205
-295,206
-295,207
-295,208
-295,209
-295,210
-295,211
-295,212
-295,213
-295,214
-295,215
-295,216
-295,217
-295,218
-295,219
-295,220
-295,221
-295,222
-295,223
-295,224
-295,225
-295,226
-295,227
-295,228
-295,229
-295,230
-295,231
-295,232
-295,233
-295,234
-295,235
-295,236
-295,237
-295,238
-295,239
-295,240
-295,241
-295,242
-295,243
-295,244
-295,245
-295,246
-295,247
-295,248
-295,249
-295,250
-295,251
-295,252
-295,253
-295,254
-295,255
-295,256
-295,257
-295,258
-295,259
-295,260
-295,261
-295,262
:172_14,263
:172_14,264
:172_14,265
:172_14,266
:172_14,267
:172_14,268
-156,269
-156,270
-156,271
-156,272
-156,273
-156,274
-156,275
-156,276
-156,277
-156,278
-156,279
-156,280
-156,281
-156,282
-156,283
-156,284
-156,285
-156,286
-156,287
-156,288
-156,289
-156,290
-156,291
-156,292
-156,293
-156,294
-156,295
-156,296
-156,297
-156,298
-156,299
-156,300
-156,301
-156,302
-156,303
-156,304
-156,305
-156,306
-156,307
-156,308
-156,309
-156,310
-156,311
-156,312
-156,313
-156,314
-156,315
-156,316
-156,317
-156,318
-156,319
-156,320
-156,321
-156,322
-156,323
-156,324
-156,325
-156,326
-156,327
-156,328
-156,329
-156,330
-156,331
-156,332
-156,333
-156,334
-156,335
-156,336
-156,337
-156,338
-156,339
-156,340
-156,341
-156,342
-156,343
-156,344
-156,345
-156,346
-156,347
-156,348
-156,349
-156,350
-156,351
-156,352
-156,353
-156,354
:171_4,355
:171_4,356
:171_4,357
:171_4,358
:171_4,359
:171_4,360
155,361
155,362
155,363
155,364
155,365
155,366
155,367
155,368
155,369
155,370
155,371
155,372
155,373
155,374
155,375
155,376
155,377
155,378
155,379
155,380
155,381
155,382
155,383
155,384
155,385
155,386
155,387
155,388
155,389
155,390
155,391
155,392
155,393
155,394
155,395
155,396
155,397
155,398
155,399
155,400
155,401
155,402
155,403
155,404
155,405
155,406
155,407
155,408
155,409
155,410
155,411
155,412
155,413
155,414
155,415
155,416
155,417
155,418
155,419
155,420
155,421
155,422
155,423
155,424
155,425
155,426
155,427
155,428
155,429
155,430
155,431
155,432
155,433
155,434
155,435
155,436
155,437
155,438
155,439
155,440
155,441
155,442
155,443
155,444
155,445
155,446
155,447
155,448
155,449
155,450
155,451
155,452
155,453
155,454
155,455
155,456
155,457
155,458
155,459
155,460
155,461
155,462
155,463
155,464
155,465
:46_9,466
:46_9,467
:46_9,468
:46_9,469
:46_9,470
:46_9,471
158,472
158,473
158,474
158,475
158,476
158,477
158,478
158,479
158,480
158,481
158,482
158,483
158,484
158,485
158,486
158,487
158,488
158,489
158,490
158,491
158,492
158,493
158,494
158,495
158,496
158,497
158,498
158,499
158,500
158,501
158,502
158,503
158,504
158,505
158,506
158,507
158,508
158,509
158,510
158,511
158,512
158,513
158,514
158,515
158,516
158,517
158,518
158,519
158,520
158,521
158,522
158,523
158,524
158,525
158,526
158,527
158,528
158,529
158,530
158,531
158,532
158,533
158,534
158,535
158,536
158,537
158,538
158,539
158,540
158,541
158,542
158,543
158,544
158,545
158,546
158,547
158,548
158,549
158,550
158,551
158,552
158,553
158,554
158,555
158,556
158,557
158,558
158,559
158,560
158,561
158,562
158,563
158,564
158,565
158,566
158,567
158,568
158,569
158,570
158,571
158,572
158,573
158,574
158,575
158,576
158,577
158,578
158,579
158,580
158,581
158,582
158,583
158,584
158,585
158,586
158,587
158,588
158,589
158,590
158,591
158,592
158,593
158,594
158,595
158,596
158,597
158,598
158,599
158,600
:57_7,601
:57_7,602
:57_7,603
:57_7,604
:57_7,605
:57_7,606
-49,607
-49,608
-49,609
-49,610
-49,611
-49,612
-49,613
-49,614
-49,615
-49,616
-49,617
-49,618
-49,619
-49,620
-49,621
-49,622
-49,623
-49,624
-49,625
-49,626
-49,627
-49,628
-49,629
-49,630
-49,631
-49,632
-49,633
-49,634
-49,635
-49,636
-49,637
-49,638
-49,639
-49,640
-49,641
-49,642
-49,643
-49,644
-49,645
-49,646
-49,647
-49,648
-49,649
-49,650
-49,651
-49,652
-49,653
-49,654
-49,655
-49,656
-49,657
-49,658
-49,659
-49,660
-49,661
-49,662
-49,663
-49,664
-49,665
-49,666
-49,667
-49,668
-49,669
-49,670
-49,671
-49,672
-49,673
-49,674
-49,675
-49,676
-49,677
-49,678
-49,679
-49,680
-49,681
-49,682
-49,683
-49,684
-49,685
-49,686
-49,687
-49,688
-49,689
-49,690
-49,691
-49,692
-49,693
-49,694
-49,695
-49,696
-49,697
-49,698
-49,699
-49,700
-49,701
-49,702
-49,703
-49,704
-49,705
-49,706
-49,707
-49,708
-49,709
-49,710
-49,711
-49,712
-49,713
-49,714
-49,715
-49,716
-49,717
-49,718
-49,719
-49,720
-49,721
-49,722
-49,723
-49,724
-49,725
-49,726
-49,727
-49,728
-49,729
-49,730
-49,731
-49,732
-49,733
-49,734
-49,735
-49,736
-49,737
-49,738
-49,739
-49,740
-49,741
-49,742
-49,743
-49,744
-49,745
-49,746
-49,747
-49,748
-49,749
-49,750
-49,751
-49,752
-49,753
-49,754
-49,755
-49,756
-49,757
-49,758
-49,759
-49,760
-49,761
-49,762
-49,763
-49,764
-49,765
-49,766
-49,767
-49,768
-49,769
-49,770
-49,771
-49,772
-49,773
-49,774
-49,775
-49,776
-49,777
-49,778
-49,779
-49,780
-49,781
-49,782
-49,783
-49,784
-49,785
-49,786
-49,787
-49,788
-49,789
-49,790
-49,791
-49,792
-49,793
-49,794
-49,795
-49,796
-49,797
-49,798
-49,799
-49,800
-49,801
-49,802
-49,803
-49,804
-49,805
-49,806
-49,807
-49,808
-49,809
-49,810
-49,811
-49,812
-49,813
-49,814
-49,815
-49,816
-49,817
-49,818
-49,819
-49,820
-49,821
-49,822
-49,823
-49,824
-49,825
-49,826
-49,827
-49,828
-49,829
-49,830
-49,831
-49,832
-49,833
-49,834
-49,835
-49,836
-49,837
-49,838
-49,839
-49,840
-49,841
-49,842
-49,843
-49,844
-49,845
-49,846
-49,847
-49,848
-49,849
-49,850
-49,851
-49,852
-49,853
-49,854
-49,855
-49,856
-49,857
:5_15,858
:5_15,859
:5_15,860
:5_15,861
:5_15,862
:5_15,863
:5_15,864
:5_15,865
:5_15,866
-4,867
-4,868
-4,869
-4,870
-4,871
-4,872
-4,873
-4,874
-4,875
-4,876
-4,877
-4,878
-4,879
-4,880
-4,881
-4,882
-4,883
-4,884
-4,885
-4,886
-4,887
-4,888
-4,889
-4,890
-4,891
-4,892
-4,893
-4,894
-4,895
-4,896
-4,897
-4,898
-4,899
-4,900
-4,901
-4,902
-4,903
-4,904
-4,905
-4,906
-4,907
-4,908
-4,909
-4,910
-4,911
-4,912
-4,913
-4,914
-4,915
-4,916
-4,917
-4,918
-4,919
-4,920
-4,921
-4,922
-4,923
-4,924
-4,925
-4,926
-4,927
-4,928
-4,929
-4,930
-4,931
-4,932
-4,933
-4,934
-4,935
-4,936
-4,937
-4,938
-4,939
-4,940
-4,941
-4,942
-4,943
-4,944
-4,945
-4,946
-4,947
-4,948
-4,949
-4,950
-4,951
-4,952
-4,953
-4,954
-4,955
-4,956
-4,957
-4,958
-4,959
-4,960
-4,961
-4,962
-4,963
-4,964
-4,965
-4,966
-4,967
-4,968
-4,969
-4,970
-4,971
-4,972
-4,973
-4,974
-4,975
-4,976
-4,977
-4,978
-4,979
-4,980
-4,981
-4,982
-4,983
-4,984
-4,985
-4,986
-4,987
-4,988
-4,989
-4,990
-4,991
-4,992
-4,993
-4,994
-4,995
-4,996
-4,997
-4,998
-4,999
-4,1000
-4,1001
-4,1002
-4,1003
-4,1004
-4,1005
-4,1006
-4,1007
-4,1008
-4,1009
-4,1010
-4,1011
-4,1012
-4,1013
-4,1014
-4,1015
-4,1016
-4,1017
-4,1018
-4,1019
-4,1020
-4,1021
-4,1022
-4,1023
-4,1024
-4,1025
-4,1026
-4,1027
-4,1028
-4,1029
-4,1030
-4,1031
-4,1032
-4,1033
-4,1034
-4,1035
-4,1036
-4,1037
-4,1038
-4,1039
-4,1040
-4,1041
-4,1042
-4,1043
-4,1044
-4,1045
-4,1046
-4,1047
-4,1048
-4,1049
-4,1050
-4,1051
-4,1052
-4,1053
-4,1054
-4,1055
-4,1056
-4,1057
-4,1058
-4,1059
-4,1060
-4,1061
-4,1062
-4,1063
-4,1064
-4,1065
-4,1066
-4,1067
-4,1068
-4,1069
-4,1070
-4,1071
-4,1072
-4,1073
-4,1074
-4,1075
-4,1076
-4,1077
-4,1078
-4,1079
-4,1080
-4,1081
-4,1082
-4,1083
-4,1084
-4,1085
-4,1086
-4,1087
-4,1088
-4,1089
-4,1090
-4,1091
-4,1092
-4,1093
-4,1094
-4,1095
-4,1096
-4,1097
-4,1098
-4,1099
-4,1100
-4,1101
-4,1102
-4,1103
-4,1104
-4,1105
-4,1106
-4,1107
-4,1108
-4,1109
-4,1110
-4,1111
-4,1112
-4,1113
-4,1114
-4,1115
-4,1116
-4,1117
-4,1118
-4,1119
-4,1120
-4,1121
-4,1122
-4,1123
-4,1124
-4,1125
-4,1126
-4,1127
-4,1128
-4,1129
-4,1130
-4,1131
-4,1132
-4,1133
-4,1134
-4,1135
-4,1136
-4,1137
-4,1138
-4,1139
-4,1140
-4,1141
-4,1142
-4,1143
-4,1144
-4,1145
-4,1146
-4,1147
-4,1148
-4,1149
-4,1150
-4,1151
-4,1152
-4,1153
-4,1154
-4,1155
-4,1156
-4,1157
-4,1158
-4,1159
-4,1160
-4,1161
-4,1162
-4,1163
-4,1164
-4,1165
-4,1166
-4,1167
-4,1168
-4,1169
-4,1170
-4,1171
-4,1172
-4,1173
-4,1174
-4,1175
-4,1176
-4,1177
-4,1178
-4,1179
-4,1180
-4,1181
-4,1182
-4,1183
-4,1184
-4,1185
-4,1186
-4,1187
-4,1188
-4,1189
-4,1190
-4,1191
-4,1192
-4,1193
-4,1194
-4,1195
-4,1196
-4,1197
-4,1198
-4,1199
-4,1200
-4,1201
-4,1202
-4,1203
-4,1204
-4,1205
-4,1206
-4,1207
-4,1208
-4,1209
-4,1210
-4,1211
-4,1212
-4,1213
-4,1214
-4,1215
-4,1216
-4,1217
-4,1218
-4,1219
-4,1220
-4,1221
-4,1222
-4,1223
-4,1224
-4,1225
-4,1226
-4,1227
-4,1228
-4,1229
-4,1230
-4,1231
-4,1232
-4,1233
-4,1234
-4,1235
-4,1236
-4,1237
-4,1238
-4,1239
-4,1240
-4,1241
-4,1242
-4,1243
-4,1244
-4,1245
-4,1246
-4,1247
-4,1248
-4,1249
-4,1250
-4,1251
-4,1252
-4,1253
-4,1254
-4,1255
-4,1256
-4,1257
-4,1258
-4,1259
-4,1260
-4,1261
-4,1262
-4,1263
-4,1264
-4,1265
-4,1266
-4,1267
-4,1268
-4,1269
-4,1270
-4,1271
-4,1272
-4,1273
-4,1274
-4,1275
-4,1276
-4,1277
-4,1278
-4,1279
-4,1280
-4,1281
-4,1282
-4,1283
-4,1284
-4,1285
-4,1286
-4,1287
-4,1288
-4,1289
:0_9,1290
:0_9,1291
:0_9,1292
:0_9,1293
:0_9,1294
:0_9,1295
0,1296
0,1297
0,1298
0,1299
0,1300
0,1301
0,1302
0,1303
0,1304
0,1305
0,1306
0,1307
0,1308
0,1309
0,1310
0,1311
0,1312
0,1313
0,1314
0,1315
0,1316
0,1317
0,1318
0,1319
0,1320
0,1321
0,1322
0,1323
0,1324
0,1325
0,1326
0,1327
0,1328
0,1329
0,1330
0,1331
0,1332
0,1333
0,1334
0,1335
0,1336
0,1337
0,1338
0,1339
0,1340
0,1341
0,1342
0,1343
0,1344
0,1345
0,1346
0,1347
0,1348
0,1349
0,1350
0,1351
0,1352
0,1353
0,1354
0,1355
0,1356
0,1357
0,1358
0,1359
0,1360
0,1361
0,1362
0,1363
0,1364
0,1365
0,1366
0,1367
0,1368
0,1369
0,1370
0,1371
0,1372
0,1373
0,1374
0,1375
0,1376
0,1377
0,1378
0,1379
0,1380
0,1381
0,1382
0,1383
0,1384
0,1385
0,1386
0,1387
0,1388
0,1389
0,1390
0,1391
0,1392
0,1393
0,1394
0,1395
0,1396
0,1397
0,1398
0,1399
0,1400
0,1401
0,1402
0,1403
0,1404
0,1405
0,1406
0,1407
0,1408
0,1409
0,1410
0,1411
0,1412
0,1413
0,1414
0,1415
0,1416
0,1417
0,1418
0,1419
0,1420
0,1421
0,1422
0,1423
0,1424
0,1425
0,1426
0,1427
0,1428
0,1429
0,1430
0,1431
0,1432
0,1433
0,1434
0,1435
0,1436
0,1437
:1_7,1438
:1_7,1439
:1_7,1440
:1_7,1441
:1_7,1442
:1_7,1443
1,1444
1,1445
1,1446
1,1447
1,1448
1,1449
1,1450
1,1451
1,1452
1,1453
1,1454
1,1455
1,1456
1,1457
1,1458
1,1459
1,1460
1,1461
1,1462
1,1463
1,1464
1,1465
1,1466
1,1467
1,1468
1,1469
1,1470
1,1471
1,1472
1,1473
1,1474
1,1475
1,1476
1,1477
1,1478
1,1479
1,1480
1,1481
1,1482
:2_3,1483
:2_3,1484
:2_3,1485
:2_3,1486
:2_3,1487
:2_3,1488
2,1489
2,1490
2,1491
2,1492
2,1493
2,1494
2,1495
2,1496
2,1497
2,1498
2,1499
2,1500
2,1501
2,1502
2,1503
2,1504
2,1505
2,1506
2,1507
2,1508
2,1509
2,1510
2,1511
2,1512
2,1513
2,1514
2,1515
2,1516
2,1517
2,1518
2,1519
2,1520
2,1521
2,1522
2,1523
2,1524
2,1525
2,1526
2,1527
2,1528
2,1529
2,1530
2,1531
2,1532
2,1533
2,1534
2,1535
2,1536
2,1537
2,1538
2,1539
2,1540
2,1541
2,1542
2,1543
2,1544
2,1545
2,1546
2,1547
2,1548
2,1549
2,1550
2,1551
2,1552
2,1553
2,1554
2,1555
2,1556
2,1557
2,1558
2,1559
2,1560
2,1561
2,1562
2,1563
2,1564
2,1565
2,1566
2,1567
2,1568
2,1569
2,1570
2,1571
2,1572
2,1573
2,1574
2,1575
2,1576
2,1577
2,1578
2,1579
2,1580
2,1581
2,1582
2,1583
2,1584
2,1585
2,1586
2,1587
2,1588
2,1589
2,1590
2,1591
2,1592
2,1593
2,1594
2,1595
2,1596
2,1597
2,1598
2,1599
2,1600
2,1601
2,1602
2,1603
2,1604
2,1605
2,1606
2,1607
:3_7,1608
:3_7,1609
:3_7,1610
:3_7,1611
:3_7,1612
:3_7,1613
-102,1614
-102,1615
-102,1616
-102,1617
-102,1618
-102,1619
-102,1620
-102,1621
-102,1622
-102,1623
-102,1624
-102,1625
-102,1626
-102,1627
-102,1628
-102,1629
-102,1630
-102,1631
-102,1632
-102,1633
-102,1634
-102,1635
-102,1636
-102,1637
-102,1638
-102,1639
-102,1640
-102,1641
-102,1642
-102,1643
-102,1644
-102,1645
-102,1646
-102,1647
-102,1648
-102,1649
-102,1650
-102,1651
-102,1652
-102,1653
-102,1654
-102,1655
-102,1656
-102,1657
-102,1658
-102,1659
-102,1660
-102,1661
-102,1662
-102,1663
-102,1664
-102,1665
-102,1666
-102,1667
-102,1668
-102,1669
-102,1670
-102,1671
-102,1672
-102,1673
-102,1674
-102,1675
-102,1676
-102,1677
-102,1678
-102,1679
-102,1680
-102,1681
-102,1682
-102,1683
-102,1684
-102,1685
-102,1686
-102,1687
-102,1688
-102,1689
-102,1690
-102,1691
-102,1692
-102,1693
-102,1694
-102,1695
-102,1696
-102,1697
-102,1698
-102,1699
-102,1700
-102,1701
-102,1702
-102,1703
-102,1704
-102,1705
-102,1706
-102,1707
-102,1708
-102,1709
-102,1710
-102,1711
-102,1712
-102,1713
-102,1714
-102,1715
-102,1716
-102,1717
-102,1718
-102,1719
-102,1720
-102,1721
-102,1722
-102,1723
-102,1724
-102,1725
-102,1726
-102,1727
-102,1728
-102,1729
-102,1730
-102,1731
-102,1732
-102,1733
-102,1734
-102,1735
-102,1736
-102,1737
-102,1738
-102,1739
-102,1740
-102,1741
-102,1742
-102,1743
-102,1744
-102,1745
-102,1746
-102,1747
-102,1748
-102,1749
-102,1750
-102,1751
-102,1752
-102,1753
-102,1754
-102,1755
-102,1756
-102,1757
-102,1758
-102,1759
-102,1760
-102,1761
-102,1762
-102,1763
-102,1764
-102,1765
-102,1766
-102,1767
-102,1768
-102,1769
-102,1770
-102,1771
-102,1772
-102,1773
-102,1774
-102,1775
-102,1776
-102,1777
-102,1778
-102,1779
-102,1780
-102,1781
-102,1782
-102,1783
-102,1784
-102,1785
-102,1786
-102,1787
-102,1788
-102,1789
-102,1790
-102,1791
-102,1792
-102,1793
-102,1794
-102,1795
-102,1796
-102,1797
-102,1798
-102,1799
-102,1800
-102,1801
-102,1802
-102,1803
-102,1804
-102,1805
-102,1806
-102,1807
-102,1808
-102,1809
-102,1810
-102,1811
-102,1812
-102,1813
-102,1814
-102,1815
-102,1816
-102,1817
-102,1818
-102,1819
-102,1820
-102,1821
:115_7,1822
:115_7,1823
:115_7,1824
:115_7,1825
:115_7,1826
:115_7,1827
99,1828
99,1829
99,1830
99,1831
99,1832
99,1833
99,1834
99,1835
99,1836
99,1837
99,1838
99,1839
99,1840
99,1841
99,1842
99,1843
99,1844
99,1845
99,1846
99,1847
99,1848
99,1849
99,1850
99,1851
99,1852
99,1853
99,1854
99,1855
99,1856
99,1857
99,1858
99,1859
99,1860
99,1861
99,1862
99,1863
99,1864
99,1865
99,1866
99,1867
99,1868
99,1869
99,1870
99,1871
99,1872
99,1873
99,1874
99,1875
99,1876
99,1877
99,1878
99,1879
99,1880
99,1881
99,1882
99,1883
99,1884
99,1885
99,1886
99,1887
99,1888
99,1889
99,1890
99,1891
99,1892
99,1893
99,1894
99,1895
99,1896
99,1897
99,1898
99,1899
99,1900
99,1901
99,1902
99,1903
99,1904
99,1905
99,1906
99,1907
99,1908
99,1909
99,1910
99,1911
99,1912
99,1913
99,1914
99,1915
99,1916
99,1917
99,1918
99,1919
99,1920
99,1921
99,1922
99,1923
99,1924
99,1925
99,1926
99,1927
99,1928
99,1929
99,1930
99,1931
99,1932
99,1933
99,1934
99,1935
99,1936
99,1937
99,1938
99,1939
99,1940
99,1941
99,1942
99,1943
99,1944
99,1945
99,1946
99,1947
99,1948
99,1949
99,1950
99,1951
99,1952
99,1953
99,1954
99,1955
99,1956
99,1957
99,1958
99,1959
99,1960
99,1961
99,1962
99,1963
99,1964
99,1965
99,1966
99,1967
99,1968
99,1969
99,1970
99,1971
99,1972
99,1973
99,1974
99,1975
99,1976
99,1977
99,1978
99,1979
99,1980
99,1981
99,1982
99,1983
99,1984
99,1985
99,1986
99,1987
99,1988
99,1989
99,1990
99,1991
99,1992
99,1993
:116_7,1994
:116_7,1995
:116_7,1996
:116_7,1997
:116_7,1998
:116_7,1999
100,2000
