300,1
300,2
300,3
300,4
300,5
300,6
300,7
300,8
300,9
300,10
300,11
300,12
300,13
300,14
300,15
300,16
300,17
300,18
300,19
300,20
300,21
300,22
300,23
300,24
300,25
300,26
300,27
300,28
300,29
300,30
300,31
300,32
300,33
300,34
300,35
300,36
300,37
300,38
300,39
300,40
300,41
300,42
300,43
300,44
300,45
300,46
300,47
300,48
300,49
300,50
300,51
300,52
300,53
300,54
300,55
300,56
300,57
300,58
300,59
300,60
300,61
300,62
300,63
300,64
300,65
300,66
300,67
300,68
300,69
300,70
300,71
300,72
300,73
300,74
300,75
300,76
300,77
300,78
300,79
300,80
300,81
300,82
300,83
300,84
300,85
300,86
300,87
300,88
300,89
300,90
300,91
300,92
300,93
300,94
300,95
300,96
300,97
300,98
300,99
300,100
300,101
300,102
300,103
300,104
300,105
300,106
300,107
300,108
300,109
300,110
300,111
300,112
300,113
:244_1,114
:244_1,115
:244_1,116
:244_1,117
:244_1,118
436,119
436,120
436,121
436,122
436,123
436,124
436,125
436,126
436,127
436,128
436,129
436,130
436,131
436,132
436,133
436,134
436,135
436,136
436,137
436,138
436,139
436,140
436,141
436,142
436,143
436,144
436,145
436,146
436,147
436,148
436,149
436,150
436,151
436,152
436,153
436,154
436,155
436,156
436,157
436,158
436,159
436,160
436,161
436,162
436,163
436,164
436,165
436,166
436,167
436,168
436,169
436,170
436,171
436,172
436,173
436,174
436,175
436,176
436,177
436,178
436,179
436,180
436,181
436,182
436,183
436,184
436,185
436,186
436,187
436,188
436,189
436,190
436,191
436,192
436,193
436,194
436,195
436,196
436,197
436,198
436,199
436,200
436,201
436,202
436,203
436,204
436,205
436,206
436,207
436,208
436,209
436,210
436,211
436,212
436,213
436,214
436,215
436,216
436,217
436,218
436,219
436,220
436,221
436,222
436,223
436,224
436,225
436,226
436,227
:192_7,228
:192_7,229
:192_7,230
:192_7,231
:192_7,232
-179,233
-179,234
-179,235
-179,236
-179,237
-179,238
-179,239
-179,240
-179,241
-179,242
-179,243
-179,244
-179,245
-179,246
-179,247
-179,248
-179,249
-179,250
-179,251
-179,252
-179,253
-179,254
-179,255
-179,256
-179,257
-179,258
-179,259
-179,260
-179,261
-179,262
-179,263
-179,264
-179,265
-179,266
-179,267
-179,268
-179,269
-179,270
-179,271
-179,272
-179,273
-179,274
-179,275
-179,276
-179,277
-179,278
-179,279
-179,280
-179,281
-179,282
-179,283
-179,284
-179,285
-179,286
-179,287
-179,288
-179,289
-179,290
-179,291
-179,292
-179,293
-179,294
-179,295
-179,296
-179,297
-179,298
-179,299
-179,300
-179,301
-179,302
-179,303
-179,304
-179,305
-179,306
-179,307
-179,308
-179,309
-179,310
-179,311
-179,312
:163_13,313
:163_13,314
:163_13,315
:163_13,316
:163_13,317
-148,318
-148,319
-148,320
-148,321
-148,322
-148,323
-148,324
-148,325
-148,326
-148,327
-148,328
-148,329
-148,330
-148,331
-148,332
-148,333
-148,334
-148,335
-148,336
-148,337
-148,338
-148,339
-148,340
-148,341
-148,342
-148,343
-148,344
-148,345
-148,346
-148,347
-148,348
-148,349
-148,350
-148,351
-148,352
-148,353
-148,354
-148,355
-148,356
-148,357
-148,358
-148,359
-148,360
-148,361
-148,362
-148,363
-148,364
-148,365
-148,366
-148,367
-148,368
-148,369
-148,370
-148,371
-148,372
-148,373
-148,374
-148,375
-148,376
-148,377
-148,378
-148,379
-148,380
-148,381
-148,382
-148,383
-148,384
-148,385
-148,386
-148,387
-148,388
-148,389
-148,390
-148,391
-148,392
-148,393
-148,394
-148,395
-148,396
-148,397
-148,398
-148,399
:160_14,400
:160_14,401
:160_18,402
:160_18,403
:160_18,404
146,405
146,406
146,407
146,408
146,409
146,410
146,411
146,412
146,413
146,414
146,415
146,416
146,417
146,418
146,419
146,420
146,421
146,422
146,423
146,424
146,425
146,426
146,427
146,428
146,429
146,430
146,431
146,432
146,433
146,434
146,435
146,436
146,437
146,438
146,439
146,440
146,441
146,442
146,443
146,444
-625,445
-625,446
-625,447
-625,448
-625,449
-625,450
-625,451
-625,452
-625,453
-625,454
-625,455
-625,456
-625,457
-625,458
-625,459
-625,460
-625,461
-625,462
-625,463
-625,464
-625,465
-625,466
-625,467
-625,468
-625,469
-625,470
-625,471
-625,472
-625,473
-625,474
-625,475
-625,476
-625,477
-625,478
-625,479
-625,480
-625,481
-625,482
-625,483
-625,484
-625,485
-625,486
-625,487
-625,488
-625,489
-625,490
:367_7,491
:367_7,492
:367_7,493
:367_7,494
:367_7,495
-415,496
-415,497
-415,498
-415,499
-415,500
-415,501
-415,502
-415,503
-415,504
-415,505
-415,506
-415,507
-415,508
-415,509
-415,510
-415,511
-415,512
-415,513
-415,514
-415,515
-415,516
-415,517
-415,518
-415,519
-415,520
-415,521
-415,522
-415,523
-415,524
-415,525
-415,526
-415,527
-415,528
-415,529
-415,530
-415,531
-415,532
-415,533
-415,534
-415,535
-415,536
-415,537
-415,538
-415,539
-415,540
-415,541
-415,542
-415,543
-415,544
-415,545
-415,546
-415,547
-415,548
-415,549
-415,550
-415,551
-415,552
-415,553
-415,554
-415,555
-415,556
-415,557
-415,558
-415,559
-415,560
-415,561
-415,562
-415,563
-415,564
-415,565
-415,566
-415,567
-415,568
-415,569
-415,570
-415,571
-415,572
-415,573
-415,574
-415,575
-415,576
-415,577
-415,578
-415,579
:26_7,580
:26_7,581
:26_7,582
:26_7,583
:26_7,584
-167,585
-167,586
-167,587
-167,588
-167,589
-167,590
-167,591
-167,592
-167,593
-167,594
-167,595
-167,596
-167,597
-167,598
-167,599
-167,600
-167,601
-167,602
-167,603
-167,604
-167,605
-167,606
-167,607
-167,608
-167,609
-167,610
-167,611
-167,612
-167,613
-167,614
-167,615
-167,616
-167,617
-167,618
-167,619
-167,620
-167,621
-167,622
-167,623
-167,624
-167,625
-167,626
-167,627
-167,628
-167,629
-167,630
-167,631
-167,632
-167,633
-167,634
-167,635
-167,636
-167,637
-167,638
-167,639
-167,640
-167,641
-167,642
-167,643
-167,644
-167,645
-167,646
-167,647
-167,648
-167,649
-167,650
-167,651
-167,652
-167,653
-167,654
-167,655
:178_5,656
:178_5,657
:178_5,658
:178_5,659
:178_5,660
164,661
164,662
164,663
164,664
164,665
164,666
164,667
164,668
164,669
164,670
164,671
164,672
164,673
164,674
164,675
164,676
164,677
164,678
164,679
164,680
164,681
164,682
164,683
164,684
164,685
164,686
164,687
164,688
164,689
164,690
164,691
164,692
164,693
164,694
164,695
164,696
164,697
164,698
164,699
164,700
164,701
164,702
164,703
164,704
164,705
164,706
164,707
164,708
164,709
164,710
164,711
164,712
164,713
164,714
164,715
164,716
164,717
164,718
164,719
164,720
164,721
164,722
164,723
164,724
164,725
164,726
164,727
164,728
164,729
164,730
164,731
164,732
164,733
164,734
164,735
164,736
164,737
164,738
164,739
164,740
164,741
164,742
164,743
164,744
164,745
164,746
164,747
164,748
164,749
164,750
164,751
164,752
164,753
164,754
164,755
164,756
164,757
164,758
164,759
164,760
164,761
164,762
164,763
164,764
164,765
164,766
164,767
164,768
164,769
164,770
164,771
164,772
164,773
164,774
164,775
164,776
164,777
164,778
164,779
164,780
164,781
164,782
164,783
164,784
164,785
164,786
164,787
164,788
164,789
164,790
164,791
164,792
164,793
164,794
164,795
164,796
164,797
164,798
164,799
164,800
164,801
164,802
164,803
164,804
164,805
164,806
164,807
164,808
164,809
164,810
164,811
164,812
164,813
164,814
164,815
164,816
164,817
164,818
164,819
164,820
164,821
164,822
164,823
164,824
164,825
164,826
164,827
164,828
164,829
164,830
164,831
164,832
164,833
164,834
164,835
164,836
164,837
164,838
164,839
164,840
164,841
164,842
164,843
164,844
164,845
164,846
164,847
164,848
164,849
164,850
164,851
164,852
164,853
164,854
164,855
164,856
164,857
164,858
164,859
164,860
164,861
164,862
164,863
164,864
164,865
164,866
164,867
164,868
164,869
164,870
164,871
164,872
164,873
164,874
:179_9,875
:179_9,876
:179_9,877
:179_9,878
:179_9,879
:179_9,880
:179_9,881
-646,882
-646,883
-646,884
-646,885
-646,886
-646,887
-646,888
-646,889
-646,890
-646,891
-646,892
-646,893
-646,894
-646,895
-646,896
-646,897
-646,898
-646,899
-646,900
-646,901
-646,902
-646,903
-646,904
-646,905
-646,906
-646,907
-646,908
-646,909
-646,910
-646,911
-646,912
-646,913
-646,914
-646,915
-646,916
-646,917
-646,918
-646,919
-646,920
-646,921
-646,922
-646,923
-646,924
-646,925
-646,926
-646,927
-646,928
-646,929
-646,930
-646,931
-646,932
-646,933
-646,934
-646,935
-646,936
-646,937
-646,938
-646,939
-646,940
-646,941
-646,942
-646,943
-646,944
-646,945
-646,946
-646,947
-646,948
-646,949
-646,950
-646,951
-646,952
-646,953
-646,954
-646,955
-646,956
-646,957
-646,958
-646,959
-646,960
-646,961
-646,962
-646,963
-646,964
-646,965
-646,966
-646,967
-646,968
-646,969
-646,970
-646,971
-646,972
-646,973
-646,974
-646,975
-646,976
-646,977
-646,978
-646,979
-646,980
-646,981
-646,982
-646,983
-646,984
-646,985
:211_3,986
:211_3,987
:211_3,988
:211_3,989
:211_3,990
-204,991
-204,992
-204,993
-204,994
-204,995
-204,996
-204,997
-204,998
-204,999
-204,1000
-204,1001
-204,1002
-204,1003
-204,1004
-204,1005
-204,1006
-204,1007
-204,1008
-204,1009
-204,1010
-204,1011
-204,1012
-204,1013
-204,1014
-204,1015
-204,1016
-204,1017
-204,1018
-204,1019
-204,1020
-204,1021
-204,1022
-204,1023
-204,1024
-204,1025
-204,1026
-204,1027
-204,1028
-204,1029
-204,1030
-204,1031
-204,1032
-204,1033
-204,1034
-204,1035
-204,1036
-204,1037
-204,1038
-204,1039
-204,1040
-204,1041
-204,1042
-204,1043
-204,1044
-204,1045
-204,1046
-204,1047
-204,1048
-204,1049
-204,1050
-204,1051
-204,1052
-204,1053
-204,1054
-204,1055
-204,1056
-204,1057
-204,1058
-204,1059
:136_5,1060
:136_5,1061
:136_5,1062
:136_5,1063
:136_5,1064
-119,1065
-119,1066
-119,1067
-119,1068
-119,1069
-119,1070
-119,1071
-119,1072
-119,1073
-119,1074
-119,1075
-119,1076
-119,1077
-119,1078
-119,1079
-119,1080
-119,1081
-119,1082
-119,1083
-119,1084
-119,1085
-119,1086
-119,1087
-119,1088
-119,1089
-119,1090
-119,1091
-119,1092
-119,1093
-119,1094
-119,1095
-119,1096
-119,1097
-119,1098
-119,1099
-119,1100
-119,1101
-119,1102
-119,1103
-119,1104
-119,1105
-119,1106
-119,1107
-119,1108
-119,1109
-119,1110
-119,1111
-119,1112
-119,1113
-119,1114
-119,1115
-119,1116
-119,1117
-119,1118
-119,1119
-119,1120
-119,1121
-119,1122
-119,1123
-119,1124
-119,1125
-119,1126
-119,1127
-119,1128
-119,1129
-119,1130
-119,1131
-119,1132
-119,1133
-119,1134
-119,1135
-119,1136
-119,1137
-119,1138
-119,1139
-119,1140
-119,1141
-119,1142
-119,1143
-119,1144
-119,1145
-119,1146
-119,1147
-119,1148
-119,1149
-119,1150
-119,1151
-119,1152
-119,1153
-119,1154
-119,1155
-119,1156
-119,1157
-119,1158
-119,1159
-119,1160
-119,1161
-119,1162
-119,1163
-119,1164
-119,1165
-119,1166
-119,1167
-119,1168
-119,1169
-119,1170
-119,1171
-119,1172
-119,1173
-119,1174
-119,1175
-119,1176
-119,1177
-119,1178
-119,1179
-119,1180
-119,1181
-119,1182
-119,1183
-119,1184
-119,1185
-119,1186
-119,1187
-119,1188
-119,1189
-119,1190
-119,1191
-119,1192
-119,1193
-119,1194
-119,1195
-119,1196
-119,1197
-119,1198
-119,1199
-119,1200
-119,1201
-119,1202
-119,1203
-119,1204
-119,1205
-119,1206
-119,1207
-119,1208
-119,1209
-119,1210
-119,1211
-119,1212
-119,1213
-119,1214
-119,1215
-119,1216
-119,1217
-119,1218
-119,1219
:47_9,1220
:47_9,1221
:47_9,1222
:47_9,1223
:47_9,1224
117,1225
117,1226
117,1227
117,1228
117,1229
117,1230
117,1231
117,1232
117,1233
117,1234
117,1235
117,1236
117,1237
117,1238
117,1239
117,1240
117,1241
117,1242
117,1243
117,1244
117,1245
117,1246
117,1247
117,1248
117,1249
117,1250
117,1251
117,1252
117,1253
117,1254
117,1255
117,1256
117,1257
117,1258
117,1259
117,1260
117,1261
117,1262
117,1263
117,1264
117,1265
117,1266
117,1267
117,1268
117,1269
117,1270
117,1271
117,1272
117,1273
117,1274
117,1275
117,1276
117,1277
117,1278
117,1279
117,1280
117,1281
117,1282
117,1283
117,1284
117,1285
117,1286
117,1287
117,1288
117,1289
117,1290
117,1291
117,1292
117,1293
117,1294
117,1295
117,1296
117,1297
117,1298
117,1299
117,1300
117,1301
117,1302
117,1303
117,1304
117,1305
117,1306
117,1307
117,1308
117,1309
117,1310
117,1311
117,1312
117,1313
117,1314
117,1315
117,1316
117,1317
117,1318
117,1319
117,1320
117,1321
117,1322
117,1323
117,1324
117,1325
117,1326
117,1327
117,1328
117,1329
117,1330
117,1331
117,1332
117,1333
117,1334
117,1335
117,1336
117,1337
117,1338
:134_7,1339
:134_7,1340
:134_7,1341
:134_7,1342
:134_7,1343
-322,1344
-322,1345
-322,1346
-322,1347
-322,1348
-322,1349
-322,1350
-322,1351
-322,1352
-322,1353
-322,1354
-322,1355
-322,1356
-322,1357
-322,1358
-322,1359
-322,1360
-322,1361
-322,1362
-322,1363
-322,1364
-322,1365
-322,1366
-322,1367
-322,1368
-322,1369
-322,1370
-322,1371
-322,1372
-322,1373
-322,1374
-322,1375
-322,1376
-322,1377
-322,1378
-322,1379
-322,1380
-322,1381
-322,1382
-322,1383
-322,1384
-322,1385
-322,1386
-322,1387
-322,1388
-322,1389
-322,1390
-322,1391
-322,1392
-322,1393
-322,1394
-322,1395
-322,1396
-322,1397
-322,1398
-322,1399
-322,1400
-322,1401
-322,1402
-322,1403
-322,1404
-322,1405
-322,1406
-322,1407
-322,1408
-322,1409
-322,1410
-322,1411
-322,1412
-322,1413
-322,1414
-322,1415
-322,1416
-322,1417
-322,1418
-322,1419
-322,1420
-322,1421
-322,1422
-322,1423
-322,1424
-322,1425
-322,1426
-322,1427
-322,1428
-322,1429
-322,1430
-322,1431
-322,1432
-322,1433
-322,1434
-322,1435
-322,1436
-322,1437
-322,1438
-322,1439
-322,1440
-322,1441
-322,1442
-322,1443
-322,1444
-322,1445
-322,1446
-322,1447
-322,1448
-322,1449
-322,1450
-322,1451
-322,1452
-322,1453
-322,1454
-322,1455
-322,1456
-322,1457
-322,1458
-322,1459
-322,1460
-322,1461
-322,1462
-322,1463
-322,1464
-322,1465
:50_5,1466
:50_5,1467
:50_5,1468
:50_5,1469
:50_5,1470
:50_5,1471
:50_5,1472
-430,1473
-430,1474
-430,1475
-430,1476
-430,1477
-430,1478
-430,1479
-430,1480
-430,1481
-430,1482
-430,1483
-430,1484
-430,1485
-430,1486
-430,1487
-430,1488
-430,1489
-430,1490
-430,1491
-430,1492
-430,1493
-430,1494
-430,1495
-430,1496
-430,1497
-430,1498
-430,1499
-430,1500
-430,1501
-430,1502
-430,1503
-430,1504
-430,1505
-430,1506
-430,1507
-430,1508
-430,1509
-430,1510
-430,1511
-430,1512
-430,1513
-430,1514
-430,1515
-430,1516
-430,1517
-430,1518
-430,1519
-430,1520
-430,1521
-430,1522
-430,1523
-430,1524
-430,1525
-430,1526
-430,1527
-430,1528
-430,1529
-430,1530
-430,1531
-430,1532
-430,1533
-430,1534
-430,1535
-430,1536
-430,1537
-430,1538
-430,1539
-430,1540
-430,1541
-430,1542
-430,1543
-430,1544
-430,1545
-430,1546
-430,1547
-430,1548
-430,1549
-430,1550
-430,1551
-430,1552
-430,1553
-430,1554
-430,1555
-430,1556
-430,1557
-430,1558
-430,1559
-430,1560
-430,1561
-430,1562
-430,1563
-430,1564
-430,1565
-430,1566
-430,1567
-430,1568
-430,1569
-430,1570
-430,1571
-430,1572
-430,1573
-430,1574
-430,1575
-430,1576
-430,1577
-430,1578
-430,1579
-430,1580
-430,1581
-430,1582
-430,1583
-430,1584
-430,1585
-430,1586
-430,1587
-430,1588
-430,1589
-430,1590
-430,1591
-430,1592
-430,1593
-430,1594
-430,1595
-430,1596
-430,1597
-430,1598
-430,1599
-430,1600
-430,1601
-430,1602
-430,1603
-430,1604
-430,1605
-430,1606
-430,1607
-430,1608
-430,1609
-430,1610
-430,1611
-430,1612
-430,1613
-430,1614
-430,1615
-430,1616
-430,1617
-430,1618
-430,1619
-430,1620
-430,1621
-430,1622
-430,1623
-430,1624
-430,1625
-430,1626
-430,1627
-430,1628
-430,1629
-430,1630
-430,1631
-430,1632
-430,1633
-430,1634
-430,1635
-430,1636
-430,1637
-430,1638
-430,1639
-430,1640
-430,1641
-430,1642
-430,1643
-430,1644
-430,1645
-430,1646
-430,1647
-430,1648
-430,1649
-430,1650
-430,1651
-430,1652
-430,1653
-430,1654
-430,1655
-430,1656
-430,1657
-430,1658
:375_3,1659
:375_3,1660
:375_3,1661
:375_3,1662
:375_3,1663
-679,1664
-679,1665
-679,1666
-679,1667
-679,1668
-679,1669
-679,1670
-679,1671
-679,1672
-679,1673
-679,1674
-679,1675
-679,1676
-679,1677
-679,1678
-679,1679
-679,1680
-679,1681
-679,1682
-679,1683
-679,1684
-679,1685
-679,1686
-679,1687
-679,1688
-679,1689
-679,1690
-679,1691
-679,1692
-679,1693
-679,1694
-679,1695
-679,1696
-679,1697
-679,1698
-679,1699
-679,1700
-679,1701
-679,1702
-679,1703
-679,1704
-679,1705
-679,1706
-679,1707
-679,1708
-679,1709
-679,1710
-679,1711
-679,1712
-679,1713
-679,1714
-679,1715
-679,1716
-679,1717
-679,1718
-679,1719
-679,1720
-679,1721
-679,1722
-679,1723
-679,1724
-679,1725
-679,1726
-679,1727
-679,1728
-679,1729
:396_7,1730
:396_7,1731
:396_7,1732
:396_7,1733
:396_7,1734
-464,1735
-464,1736
-464,1737
-464,1738
-464,1739
-464,1740
-464,1741
-464,1742
-464,1743
-464,1744
-464,1745
-464,1746
-464,1747
-464,1748
-464,1749
-464,1750
-464,1751
-464,1752
-464,1753
-464,1754
-464,1755
-464,1756
-464,1757
-464,1758
-464,1759
-464,1760
-464,1761
-464,1762
-464,1763
-464,1764
-464,1765
-464,1766
-464,1767
-464,1768
-464,1769
-464,1770
-464,1771
-464,1772
-464,1773
-464,1774
-464,1775
-464,1776
-464,1777
-464,1778
-464,1779
-464,1780
-464,1781
-464,1782
-464,1783
-464,1784
-464,1785
-464,1786
-464,1787
-464,1788
-464,1789
-464,1790
-464,1791
-464,1792
-464,1793
-464,1794
-464,1795
-464,1796
-464,1797
-464,1798
-464,1799
-464,1800
-464,1801
-464,1802
-464,1803
-464,1804
-464,1805
-464,1806
-464,1807
-464,1808
-464,1809
-464,1810
-464,1811
-464,1812
-464,1813
-464,1814
-464,1815
-464,1816
-464,1817
-464,1818
-464,1819
-464,1820
-464,1821
-464,1822
-464,1823
-464,1824
-464,1825
-464,1826
-464,1827
-175,1828
-175,1829
-175,1830
-175,1831
-175,1832
-175,1833
-175,1834
-175,1835
-175,1836
-175,1837
-175,1838
-175,1839
-175,1840
-175,1841
-175,1842
-175,1843
-175,1844
-175,1845
-175,1846
-175,1847
-175,1848
-175,1849
-175,1850
-175,1851
-175,1852
-175,1853
-175,1854
-175,1855
-175,1856
-175,1857
-175,1858
-175,1859
-175,1860
-175,1861
-175,1862
-175,1863
-175,1864
-175,1865
-175,1866
-175,1867
-175,1868
-175,1869
-175,1870
-175,1871
-175,1872
-175,1873
-175,1874
-175,1875
-175,1876
-175,1877
-175,1878
-175,1879
-175,1880
-175,1881
-175,1882
-175,1883
-175,1884
-175,1885
-175,1886
-175,1887
-175,1888
-175,1889
-175,1890
-175,1891
-175,1892
:13_4,1893
:13_4,1894
:13_4,1895
:13_4,1896
:13_4,1897
:13_4,1898
176,1899
176,1900
176,1901
176,1902
176,1903
176,1904
176,1905
176,1906
176,1907
176,1908
176,1909
176,1910
176,1911
176,1912
176,1913
176,1914
176,1915
176,1916
176,1917
176,1918
176,1919
176,1920
176,1921
176,1922
176,1923
176,1924
176,1925
176,1926
176,1927
176,1928
176,1929
176,1930
176,1931
176,1932
176,1933
176,1934
176,1935
176,1936
176,1937
176,1938
176,1939
176,1940
176,1941
176,1942
176,1943
176,1944
176,1945
176,1946
176,1947
176,1948
176,1949
176,1950
176,1951
176,1952
176,1953
176,1954
176,1955
176,1956
176,1957
176,1958
176,1959
176,1960
176,1961
176,1962
176,1963
176,1964
176,1965
176,1966
176,1967
176,1968
176,1969
176,1970
176,1971
176,1972
176,1973
176,1974
176,1975
176,1976
176,1977
176,1978
176,1979
176,1980
176,1981
176,1982
176,1983
176,1984
176,1985
176,1986
176,1987
176,1988
176,1989
176,1990
176,1991
176,1992
176,1993
176,1994
176,1995
176,1996
176,1997
176,1998
176,1999
176,2000
