369,21
369,22
369,23
369,24
369,25
369,26
369,27
369,28
369,29
369,30
369,31
369,32
369,33
369,34
369,35
369,36
369,37
369,38
369,39
369,40
369,41
369,42
369,43
369,44
369,45
369,46
369,47
369,48
369,49
369,50
369,51
369,52
369,53
369,54
369,55
369,56
369,57
369,58
369,59
369,60
369,61
369,62
369,63
369,64
369,65
369,66
369,67
369,68
369,69
369,70
369,71
369,72
369,73
369,74
369,75
369,76
369,77
369,78
369,79
369,80
369,81
369,82
369,83
369,84
369,85
369,86
369,87
369,88
369,89
369,90
369,91
369,92
369,93
369,94
369,95
369,96
369,97
369,98
369,99
369,100
369,101
369,102
369,103
369,104
369,105
369,106
369,107
369,108
369,109
369,110
369,111
369,112
369,113
369,114
369,115
369,116
369,117
369,118
369,119
369,120
369,121
369,122
369,123
369,124
369,125
369,126
369,127
369,128
369,129
369,130
369,131
369,132
369,133
369,134
369,135
369,136
369,137
369,138
369,139
369,140
369,141
369,142
369,143
369,144
369,145
369,146
369,147
369,148
369,149
369,150
369,151
369,152
369,153
369,154
369,155
369,156
369,157
369,158
369,159
369,160
369,161
369,162
369,163
369,164
369,165
369,166
369,167
369,168
369,169
369,170
369,171
369,172
369,173
369,174
369,175
369,176
369,177
369,178
369,179
369,180
369,181
369,182
369,183
369,184
369,185
369,186
369,187
369,188
369,189
369,190
369,191
369,192
369,193
369,194
369,195
369,196
369,197
369,198
369,199
369,200
369,201
369,202
369,203
369,204
369,205
369,206
369,207
369,208
369,209
369,210
369,211
369,212
369,213
369,214
369,215
369,216
369,217
369,218
369,219
369,220
369,221
369,222
369,223
369,224
369,225
369,226
369,227
369,228
369,229
369,230
369,231
369,232
369,233
369,234
369,235
369,236
369,237
369,238
369,239
369,240
369,241
369,242
369,243
369,244
369,245
369,246
369,247
369,248
369,249
369,250
369,251
369,252
369,253
369,254
369,255
369,256
369,257
369,258
369,259
369,260
369,261
369,262
369,263
369,264
369,265
369,266
369,267
369,268
369,269
369,270
369,271
369,272
369,273
369,274
369,275
369,276
369,277
369,278
369,279
369,280
369,281
369,282
369,283
369,284
369,285
369,286
369,287
369,288
369,289
369,290
369,291
:338_3,292
:338_3,293
:338_3,294
:338_3,295
:338_3,296
:338_3,297
:338_3,298
:338_3,299
-454,300
-454,301
-454,302
-454,303
-454,304
-454,305
-454,306
-454,307
-454,308
-454,309
-454,310
-454,311
-454,312
-454,313
-454,314
-454,315
-454,316
-454,317
-454,318
-454,319
-454,320
-454,321
-454,322
-454,323
-454,324
-454,325
-454,326
-454,327
-454,328
-454,329
-454,330
-454,331
-454,332
-454,333
-454,334
-454,335
-454,336
-454,337
-454,338
-454,339
-454,340
-454,341
-454,342
-454,343
-454,344
-454,345
-454,346
-454,347
-454,348
-454,349
-454,350
-454,351
-454,352
-454,353
-454,354
-454,355
-454,356
-454,357
-454,358
-454,359
-454,360
-454,361
-454,362
-454,363
-454,364
-454,365
-454,366
-454,367
-454,368
-454,369
-454,370
-454,371
-454,372
-454,373
-454,374
-454,375
-454,376
-454,377
-454,378
-454,379
-454,380
-454,381
-454,382
-454,383
-454,384
-454,385
-454,386
-454,387
-454,388
-454,389
-454,390
-454,391
-454,392
-454,393
-454,394
-454,395
-454,396
-454,397
-454,398
-454,399
-454,400
-454,401
-454,402
-454,403
-454,404
-454,405
-454,406
-454,407
-454,408
-454,409
-454,410
-454,411
-454,412
-454,413
-454,414
-454,415
-454,416
-454,417
-454,418
-454,419
-454,420
-454,421
-454,422
-454,423
:279_3,424
:279_3,425
:279_3,426
:279_3,427
:279_3,428
:279_3,429
:279_3,430
:279_3,431
-289,432
-289,433
-289,434
-289,435
-289,436
-289,437
-289,438
-289,439
-289,440
-289,441
-289,442
-289,443
-289,444
-289,445
-289,446
-289,447
-289,448
-289,449
-289,450
-289,451
-289,452
-289,453
-289,454
-289,455
-289,456
-289,457
-289,458
-289,459
-289,460
-289,461
-289,462
-289,463
-289,464
-289,465
-289,466
-289,467
-289,468
-289,469
-289,470
-289,471
-289,472
-289,473
-289,474
-289,475
-289,476
-289,477
-289,478
-289,479
-289,480
-289,481
-289,482
-289,483
-289,484
-289,485
-289,486
-289,487
-289,488
-289,489
-289,490
-289,491
-289,492
-289,493
-289,494
-289,495
-289,496
-289,497
-289,498
-289,499
-289,500
-289,501
-289,502
-289,503
-289,504
-289,505
-289,506
-289,507
-289,508
-289,509
-289,510
-289,511
-289,512
-289,513
-289,514
-289,515
-289,516
-289,517
-289,518
-289,519
-289,520
-289,521
-289,522
-289,523
-289,524
-289,525
-289,526
-289,527
-289,528
-289,529
-289,530
-289,531
-289,532
-289,533
-289,534
-289,535
-289,536
-289,537
-289,538
-289,539
-289,540
-289,541
-289,542
-289,543
-289,544
:248_8,545
:248_8,546
:248_8,547
:248_8,548
283,549
283,550
283,551
283,552
283,553
283,554
283,555
283,556
283,557
283,558
283,559
283,560
283,561
283,562
283,563
283,564
283,565
283,566
283,567
283,568
283,569
283,570
283,571
283,572
283,573
283,574
283,575
283,576
283,577
283,578
283,579
283,580
283,581
283,582
283,583
283,584
283,585
283,586
283,587
283,588
283,589
283,590
283,591
283,592
283,593
283,594
283,595
283,596
283,597
283,598
:254_12,599
:254_12,600
:254_12,601
327,602
327,603
327,604
327,605
327,606
327,607
327,608
327,609
327,610
327,611
327,612
327,613
327,614
327,615
327,616
327,617
327,618
327,619
327,620
327,621
327,622
327,623
327,624
327,625
327,626
327,627
327,628
327,629
327,630
327,631
327,632
327,633
327,634
327,635
327,636
327,637
327,638
327,639
327,640
327,641
327,642
327,643
327,644
327,645
327,646
327,647
327,648
327,649
327,650
327,651
327,652
327,653
327,654
327,655
327,656
327,657
327,658
327,659
327,660
327,661
328,662
328,663
328,664
328,665
328,666
328,667
328,668
328,669
328,670
328,671
328,672
328,673
328,674
328,675
328,676
328,677
328,678
328,679
328,680
328,681
328,682
328,683
328,684
328,685
328,686
328,687
328,688
328,689
328,690
328,691
328,692
328,693
328,694
328,695
328,696
328,697
328,698
328,699
328,700
328,701
328,702
328,703
328,704
328,705
328,706
328,707
328,708
328,709
328,710
328,711
328,712
328,713
328,714
328,715
328,716
328,717
328,718
328,719
328,720
328,721
328,722
328,723
328,724
328,725
328,726
328,727
328,728
328,729
328,730
329,731
329,732
329,733
329,734
329,735
329,736
329,737
329,738
329,739
329,740
329,741
329,742
329,743
329,744
329,745
329,746
329,747
329,748
329,749
329,750
329,751
329,752
329,753
329,754
329,755
329,756
329,757
329,758
329,759
329,760
329,761
329,762
329,763
329,764
329,765
329,766
329,767
329,768
329,769
329,770
329,771
329,772
329,773
329,774
329,775
329,776
329,777
329,778
329,779
329,780
329,781
329,782
329,783
329,784
329,785
329,786
329,787
329,788
329,789
329,790
329,791
329,792
329,793
329,794
329,795
329,796
329,797
329,798
329,799
329,800
329,801
329,802
330,803
330,804
330,805
330,806
330,807
330,808
330,809
330,810
330,811
330,812
330,813
330,814
330,815
330,816
330,817
330,818
330,819
330,820
330,821
330,822
330,823
330,824
330,825
330,826
330,827
330,828
330,829
330,830
330,831
330,832
330,833
330,834
330,835
330,836
330,837
330,838
330,839
330,840
330,841
330,842
330,843
330,844
330,845
330,846
330,847
330,848
330,849
330,850
330,851
330,852
330,853
330,854
330,855
330,856
330,857
330,858
330,859
330,860
330,861
330,862
:306_0,863
331,864
331,865
331,866
331,867
331,868
331,869
331,870
331,871
331,872
331,873
331,874
331,875
331,876
331,877
331,878
331,879
331,880
331,881
331,882
331,883
331,884
331,885
331,886
331,887
331,888
331,889
331,890
331,891
331,892
331,893
331,894
331,895
331,896
331,897
331,898
331,899
331,900
331,901
331,902
331,903
331,904
331,905
331,906
331,907
331,908
331,909
331,910
331,911
331,912
331,913
331,914
331,915
331,916
331,917
331,918
331,919
331,920
331,921
331,922
331,923
331,924
331,925
331,926
331,927
331,928
331,929
331,930
331,931
331,932
331,933
331,934
331,935
331,936
331,937
331,938
331,939
331,940
331,941
331,942
:307_0,943
:307_0,944
:307_0,945
-527,946
-527,947
-527,948
-527,949
-527,950
-527,951
-527,952
-527,953
-527,954
-527,955
-527,956
-527,957
-527,958
-527,959
-527,960
-527,961
-527,962
-527,963
:435_0,964
:435_0,965
:435_0,966
529,967
529,968
529,969
529,970
529,971
529,972
529,973
529,974
529,975
529,976
529,977
529,978
529,979
529,980
529,981
529,982
529,983
529,984
529,985
529,986
529,987
529,988
529,989
529,990
529,991
529,992
529,993
529,994
529,995
529,996
529,997
529,998
529,999
529,1000
529,1001
529,1002
529,1003
529,1004
529,1005
529,1006
529,1007
529,1008
529,1009
529,1010
529,1011
529,1012
529,1013
529,1014
529,1015
529,1016
529,1017
529,1018
529,1019
529,1020
529,1021
529,1022
529,1023
529,1024
529,1025
529,1026
529,1027
529,1028
529,1029
529,1030
529,1031
529,1032
529,1033
529,1034
529,1035
529,1036
529,1037
529,1038
529,1039
529,1040
529,1041
529,1042
529,1043
529,1044
529,1045
529,1046
529,1047
529,1048
529,1049
529,1050
529,1051
529,1052
529,1053
529,1054
529,1055
529,1056
529,1057
529,1058
529,1059
529,1060
529,1061
529,1062
529,1063
529,1064
529,1065
529,1066
529,1067
529,1068
529,1069
529,1070
529,1071
529,1072
529,1073
529,1074
529,1075
529,1076
529,1077
529,1078
529,1079
529,1080
529,1081
529,1082
529,1083
529,1084
529,1085
529,1086
529,1087
529,1088
529,1089
529,1090
529,1091
529,1092
529,1093
529,1094
529,1095
529,1096
529,1097
529,1098
529,1099
529,1100
529,1101
529,1102
529,1103
529,1104
-456,1105
-456,1106
-456,1107
-456,1108
-456,1109
-456,1110
-456,1111
-456,1112
-456,1113
-456,1114
-456,1115
-456,1116
-456,1117
-456,1118
-456,1119
-456,1120
-456,1121
-456,1122
-456,1123
-456,1124
-456,1125
-456,1126
-456,1127
-456,1128
:337_4,1129
:337_4,1130
:337_4,1131
:337_4,1132
:337_4,1133
455,1134
455,1135
455,1136
455,1137
455,1138
455,1139
455,1140
455,1141
455,1142
455,1143
455,1144
455,1145
455,1146
455,1147
455,1148
455,1149
455,1150
455,1151
455,1152
455,1153
455,1154
455,1155
455,1156
455,1157
455,1158
455,1159
455,1160
455,1161
455,1162
455,1163
455,1164
455,1165
455,1166
455,1167
455,1168
455,1169
455,1170
455,1171
455,1172
455,1173
455,1174
455,1175
455,1176
455,1177
455,1178
455,1179
455,1180
455,1181
455,1182
455,1183
455,1184
455,1185
455,1186
455,1187
455,1188
455,1189
455,1190
455,1191
455,1192
455,1193
455,1194
455,1195
455,1196
455,1197
455,1198
455,1199
455,1200
455,1201
455,1202
455,1203
455,1204
455,1205
455,1206
455,1207
455,1208
455,1209
455,1210
455,1211
455,1212
455,1213
455,1214
455,1215
455,1216
455,1217
455,1218
455,1219
455,1220
455,1221
455,1222
455,1223
455,1224
455,1225
455,1226
455,1227
455,1228
455,1229
455,1230
455,1231
455,1232
455,1233
455,1234
455,1235
455,1236
455,1237
455,1238
455,1239
455,1240
455,1241
455,1242
455,1243
455,1244
455,1245
455,1246
455,1247
455,1248
455,1249
455,1250
455,1251
455,1252
455,1253
455,1254
455,1255
455,1256
455,1257
455,1258
455,1259
455,1260
455,1261
455,1262
455,1263
455,1264
455,1265
455,1266
455,1267
455,1268
455,1269
455,1270
455,1271
455,1272
455,1273
455,1274
455,1275
455,1276
455,1277
455,1278
455,1279
455,1280
455,1281
455,1282
455,1283
455,1284
455,1285
455,1286
455,1287
455,1288
455,1289
455,1290
455,1291
455,1292
455,1293
455,1294
455,1295
455,1296
455,1297
455,1298
455,1299
455,1300
455,1301
455,1302
455,1303
455,1304
455,1305
455,1306
455,1307
455,1308
455,1309
455,1310
455,1311
455,1312
455,1313
455,1314
455,1315
455,1316
455,1317
455,1318
455,1319
455,1320
455,1321
455,1322
455,1323
455,1324
455,1325
455,1326
455,1327
455,1328
455,1329
455,1330
455,1331
455,1332
455,1333
455,1334
455,1335
455,1336
455,1337
455,1338
455,1339
455,1340
455,1341
455,1342
455,1343
:388_0,1344
:388_0,1345
:388_0,1346
:388_0,1347
484,1348
484,1349
484,1350
484,1351
484,1352
484,1353
484,1354
484,1355
484,1356
484,1357
484,1358
484,1359
484,1360
484,1361
484,1362
484,1363
484,1364
484,1365
484,1366
484,1367
484,1368
484,1369
484,1370
484,1371
484,1372
484,1373
484,1374
484,1375
484,1376
484,1377
484,1378
484,1379
484,1380
484,1381
484,1382
484,1383
484,1384
484,1385
484,1386
484,1387
484,1388
484,1389
484,1390
484,1391
484,1392
484,1393
484,1394
484,1395
484,1396
484,1397
484,1398
484,1399
484,1400
484,1401
484,1402
484,1403
484,1404
484,1405
484,1406
484,1407
484,1408
484,1409
484,1410
484,1411
484,1412
484,1413
484,1414
484,1415
484,1416
484,1417
484,1418
484,1419
484,1420
484,1421
484,1422
484,1423
484,1424
484,1425
484,1426
484,1427
484,1428
484,1429
484,1430
484,1431
484,1432
484,1433
484,1434
484,1435
484,1436
484,1437
484,1438
484,1439
484,1440
484,1441
484,1442
484,1443
484,1444
484,1445
484,1446
484,1447
484,1448
484,1449
484,1450
484,1451
484,1452
484,1453
484,1454
484,1455
484,1456
484,1457
484,1458
484,1459
484,1460
484,1461
484,1462
484,1463
484,1464
484,1465
484,1466
484,1467
484,1468
484,1469
484,1470
484,1471
484,1472
484,1473
484,1474
484,1475
484,1476
484,1477
484,1478
484,1479
484,1480
484,1481
484,1482
484,1483
484,1484
484,1485
484,1486
484,1487
484,1488
:97_0,1489
:97_0,1490
:97_0,1491
:97_0,1492
:97_0,1493
-83,1494
-83,1495
-83,1496
-83,1497
-83,1498
-83,1499
-83,1500
-83,1501
-83,1502
-83,1503
-83,1504
-83,1505
-83,1506
-83,1507
-83,1508
-83,1509
-83,1510
-83,1511
-83,1512
-83,1513
-83,1514
-83,1515
-83,1516
-83,1517
-83,1518
-83,1519
-83,1520
-83,1521
-83,1522
-83,1523
-83,1524
-83,1525
-83,1526
-83,1527
-83,1528
-83,1529
-83,1530
-83,1531
-83,1532
-83,1533
-83,1534
-83,1535
-83,1536
-83,1537
-83,1538
-83,1539
-83,1540
-83,1541
-83,1542
-83,1543
-83,1544
-83,1545
-83,1546
-83,1547
-83,1548
-83,1549
-83,1550
-83,1551
-83,1552
-83,1553
-83,1554
-83,1555
-83,1556
-83,1557
-83,1558
-83,1559
-83,1560
-83,1561
-83,1562
-83,1563
-83,1564
-83,1565
-83,1566
-83,1567
-83,1568
-83,1569
-83,1570
-83,1571
-83,1572
-83,1573
-83,1574
:96_0,1575
-82,1576
-82,1577
-82,1578
-82,1579
-82,1580
-82,1581
-82,1582
-82,1583
-82,1584
-82,1585
-82,1586
-82,1587
:94_4,1588
:94_4,1589
:94_4,1590
:94_4,1591
:94_4,1592
81,1593
81,1594
81,1595
81,1596
81,1597
81,1598
81,1599
81,1600
81,1601
81,1602
81,1603
81,1604
81,1605
81,1606
81,1607
81,1608
81,1609
81,1610
81,1611
81,1612
81,1613
81,1614
81,1615
81,1616
81,1617
81,1618
81,1619
81,1620
81,1621
81,1622
81,1623
81,1624
81,1625
81,1626
81,1627
81,1628
81,1629
81,1630
81,1631
81,1632
81,1633
81,1634
81,1635
81,1636
81,1637
81,1638
81,1639
81,1640
81,1641
81,1642
81,1643
81,1644
81,1645
81,1646
81,1647
81,1648
81,1649
81,1650
81,1651
81,1652
81,1653
81,1654
81,1655
81,1656
81,1657
81,1658
81,1659
81,1660
81,1661
81,1662
81,1663
81,1664
81,1665
81,1666
81,1667
81,1668
81,1669
81,1670
81,1671
81,1672
81,1673
81,1674
81,1675
81,1676
81,1677
81,1678
81,1679
81,1680
81,1681
81,1682
81,1683
81,1684
81,1685
81,1686
81,1687
81,1688
81,1689
81,1690
81,1691
81,1692
81,1693
81,1694
81,1695
81,1696
81,1697
81,1698
81,1699
81,1700
81,1701
81,1702
81,1703
81,1704
81,1705
81,1706
81,1707
81,1708
81,1709
81,1710
81,1711
81,1712
81,1713
81,1714
81,1715
81,1716
81,1717
81,1718
81,1719
81,1720
81,1721
81,1722
81,1723
81,1724
81,1725
81,1726
81,1727
81,1728
:95_0,1729
-136,1730
-136,1731
-136,1732
-136,1733
-136,1734
-136,1735
-136,1736
-136,1737
-136,1738
-136,1739
-136,1740
-136,1741
-136,1742
-136,1743
-136,1744
-136,1745
-136,1746
-136,1747
-136,1748
-136,1749
-136,1750
-136,1751
-136,1752
-136,1753
-136,1754
-136,1755
-136,1756
-136,1757
-136,1758
-136,1759
-136,1760
-136,1761
-136,1762
-136,1763
-136,1764
-136,1765
-136,1766
-136,1767
-136,1768
-136,1769
-136,1770
-136,1771
-136,1772
-136,1773
-136,1774
-136,1775
-136,1776
-136,1777
-136,1778
-136,1779
-136,1780
-136,1781
-136,1782
-136,1783
-136,1784
-136,1785
-136,1786
-136,1787
-136,1788
-136,1789
-136,1790
-136,1791
-136,1792
-136,1793
-136,1794
-136,1795
-136,1796
-136,1797
-136,1798
-136,1799
-136,1800
-136,1801
-136,1802
-136,1803
-136,1804
-136,1805
-136,1806
-136,1807
-136,1808
-136,1809
-136,1810
-136,1811
-136,1812
-136,1813
-136,1814
-136,1815
-136,1816
-136,1817
-136,1818
-136,1819
-136,1820
-136,1821
-136,1822
-136,1823
-136,1824
-136,1825
-136,1826
-136,1827
-136,1828
-136,1829
-136,1830
-136,1831
-136,1832
-136,1833
-136,1834
-136,1835
-136,1836
-136,1837
-136,1838
-136,1839
-136,1840
-136,1841
-136,1842
-136,1843
-136,1844
-136,1845
-136,1846
-136,1847
-136,1848
-136,1849
-136,1850
-136,1851
-136,1852
-136,1853
-136,1854
-136,1855
-136,1856
-136,1857
-136,1858
-136,1859
-136,1860
-136,1861
-136,1862
-136,1863
-136,1864
-136,1865
-136,1866
-136,1867
-136,1868
-136,1869
-136,1870
-136,1871
-136,1872
-136,1873
-136,1874
-136,1875
-136,1876
-136,1877
-136,1878
-136,1879
-136,1880
-136,1881
-136,1882
-136,1883
-136,1884
-136,1885
-136,1886
-136,1887
-136,1888
-136,1889
-136,1890
-136,1891
-136,1892
-136,1893
-136,1894
-136,1895
-136,1896
-136,1897
-136,1898
-136,1899
-136,1900
-136,1901
-136,1902
-136,1903
-136,1904
-136,1905
-136,1906
-136,1907
-136,1908
-136,1909
-136,1910
-136,1911
-136,1912
-136,1913
-136,1914
-136,1915
-136,1916
-136,1917
-136,1918
-136,1919
-136,1920
-136,1921
-136,1922
-136,1923
-136,1924
-136,1925
-136,1926
-136,1927
-136,1928
-136,1929
-136,1930
-136,1931
-136,1932
-136,1933
-136,1934
-136,1935
-136,1936
-136,1937
-136,1938
-136,1939
-136,1940
-136,1941
-136,1942
-136,1943
-136,1944
-136,1945
-136,1946
-136,1947
-136,1948
-136,1949
-136,1950
-136,1951
-136,1952
-136,1953
-136,1954
-136,1955
-136,1956
-136,1957
-136,1958
-136,1959
-136,1960
-136,1961
-136,1962
-136,1963
-136,1964
-136,1965
-136,1966
-136,1967
-136,1968
-136,1969
-136,1970
-136,1971
-136,1972
-136,1973
-136,1974
-136,1975
-136,1976
-136,1977
-136,1978
-136,1979
-136,1980
-136,1981
-136,1982
-136,1983
-136,1984
-136,1985
-136,1986
-136,1987
-136,1988
-136,1989
-136,1990
