659,1
659,2
659,3
659,4
659,5
659,6
659,7
659,8
659,9
659,10
659,11
659,12
659,13
659,14
659,15
659,16
659,17
659,18
659,19
659,20
659,21
659,22
659,23
659,24
659,25
659,26
659,27
659,28
659,29
659,30
659,31
659,32
659,33
659,34
659,35
659,36
659,37
659,38
659,39
659,40
659,41
659,42
659,43
659,44
659,45
659,46
659,47
659,48
659,49
659,50
659,51
659,52
659,53
659,54
659,55
659,56
659,57
659,58
659,59
659,60
659,61
659,62
659,63
659,64
659,65
659,66
659,67
659,68
659,69
659,70
659,71
659,72
659,73
659,74
659,75
659,76
659,77
659,78
659,79
659,80
659,81
659,82
659,83
659,84
659,85
659,86
659,87
659,88
659,89
659,90
659,91
:75_0,92
:75_0,93
:75_0,94
-65,95
-65,96
-65,97
-65,98
-65,99
-65,100
-65,101
-65,102
-65,103
-65,104
-65,105
-65,106
-65,107
-65,108
-65,109
-65,110
-65,111
-65,112
-65,113
-65,114
-65,115
-65,116
-65,117
-65,118
-65,119
-65,120
-65,121
-65,122
-65,123
-65,124
-65,125
-65,126
-65,127
-65,128
-65,129
-65,130
-65,131
-65,132
-65,133
-65,134
-65,135
-65,136
-65,137
-65,138
-65,139
-65,140
-65,141
-65,142
-65,143
-65,144
-65,145
-65,146
-65,147
-65,148
-65,149
-65,150
-65,151
-65,152
-65,153
-65,154
-65,155
-65,156
-65,157
-65,158
-65,159
-65,160
-65,161
-65,162
-65,163
-65,164
-65,165
-65,166
-65,167
-65,168
-65,169
-65,170
-65,171
-65,172
-65,173
-65,174
-65,175
-65,176
-65,177
-65,178
-65,179
-65,180
-65,181
-65,182
-65,183
-65,184
-65,185
-65,186
-65,187
-65,188
-65,189
-65,190
-65,191
-65,192
-65,193
-65,194
-65,195
-65,196
-65,197
-65,198
-65,199
-65,200
-65,201
:74_6,202
:74_6,203
:74_16,204
:74_16,205
:74_16,206
67,207
67,208
67,209
67,210
67,211
67,212
67,213
67,214
67,215
67,216
67,217
67,218
67,219
67,220
67,221
67,222
67,223
67,224
67,225
67,226
67,227
67,228
67,229
67,230
67,231
67,232
67,233
67,234
67,235
67,236
67,237
67,238
67,239
67,240
67,241
67,242
67,243
67,244
67,245
67,246
67,247
67,248
67,249
67,250
67,251
67,252
67,253
67,254
67,255
67,256
67,257
67,258
67,259
67,260
67,261
67,262
67,263
67,264
67,265
67,266
67,267
67,268
67,269
67,270
67,271
67,272
67,273
67,274
67,275
67,276
67,277
67,278
67,279
67,280
67,281
67,282
67,283
67,284
67,285
67,286
67,287
67,288
67,289
67,290
67,291
67,292
67,293
67,294
67,295
67,296
67,297
67,298
67,299
67,300
67,301
67,302
67,303
67,304
67,305
67,306
67,307
67,308
67,309
67,310
67,311
67,312
67,313
67,314
67,315
67,316
67,317
67,318
67,319
67,320
67,321
67,322
67,323
67,324
67,325
:77_6,326
:77_6,327
:77_6,328
:77_6,329
:77_6,330
-121,331
-121,332
-121,333
-121,334
-121,335
-121,336
-121,337
-121,338
-121,339
-121,340
-121,341
-121,342
-121,343
-121,344
-121,345
-121,346
-121,347
-121,348
-121,349
-121,350
-121,351
-121,352
-121,353
-121,354
-121,355
-121,356
-121,357
-121,358
-121,359
-121,360
-121,361
-121,362
-121,363
-121,364
-121,365
-121,366
-121,367
-121,368
-121,369
-121,370
-121,371
-121,372
-121,373
-121,374
-121,375
-121,376
-121,377
-121,378
-121,379
-121,380
-121,381
-121,382
-121,383
-121,384
-121,385
-121,386
-121,387
-121,388
-121,389
-121,390
-121,391
-121,392
-121,393
-121,394
-121,395
-121,396
-121,397
-121,398
-121,399
-121,400
-121,401
-121,402
-121,403
-121,404
-121,405
-121,406
-121,407
:137_0,408
:137_0,409
:137_0,410
:137_0,411
:137_0,412
122,413
122,414
122,415
122,416
122,417
122,418
122,419
122,420
122,421
122,422
122,423
122,424
122,425
122,426
122,427
122,428
122,429
122,430
122,431
122,432
122,433
122,434
122,435
122,436
122,437
122,438
122,439
122,440
122,441
122,442
122,443
122,444
122,445
122,446
122,447
122,448
122,449
122,450
122,451
122,452
122,453
122,454
122,455
122,456
122,457
122,458
122,459
122,460
122,461
122,462
122,463
122,464
122,465
122,466
122,467
122,468
122,469
122,470
122,471
122,472
122,473
122,474
122,475
122,476
122,477
122,478
122,479
122,480
122,481
122,482
122,483
122,484
122,485
122,486
122,487
122,488
122,489
122,490
122,491
122,492
122,493
122,494
122,495
122,496
122,497
122,498
:60_6,499
:60_6,500
:60_6,501
:60_6,502
:60_6,503
:60_6,504
-52,505
-52,506
-52,507
-52,508
-52,509
-52,510
-52,511
-52,512
-52,513
-52,514
-52,515
-52,516
-52,517
-52,518
-52,519
-52,520
-52,521
-52,522
-52,523
-52,524
-52,525
-52,526
-52,527
-52,528
-52,529
-52,530
-52,531
-52,532
-52,533
-52,534
-52,535
-52,536
-52,537
-52,538
-52,539
-52,540
-52,541
-52,542
-52,543
-52,544
-52,545
-52,546
-52,547
-52,548
-52,549
-52,550
-52,551
-52,552
-52,553
-52,554
-52,555
-52,556
-52,557
-52,558
-52,559
-52,560
-52,561
-52,562
-52,563
-52,564
-52,565
-52,566
-52,567
-52,568
-52,569
-52,570
-52,571
-52,572
-52,573
-52,574
-52,575
-52,576
-52,577
-52,578
-52,579
-52,580
-52,581
-52,582
-52,583
-52,584
-52,585
-52,586
-52,587
-52,588
-52,589
-52,590
-52,591
-52,592
-52,593
-52,594
-52,595
-52,596
-52,597
-52,598
-52,599
-52,600
-52,601
-52,602
-52,603
-52,604
-52,605
-52,606
-52,607
-52,608
-52,609
-52,610
-52,611
-52,612
-52,613
-52,614
-52,615
-52,616
-52,617
-52,618
-52,619
-52,620
-52,621
-52,622
-52,623
-52,624
-52,625
-52,626
-52,627
-52,628
-52,629
-52,630
-52,631
-52,632
-52,633
-52,634
-52,635
-52,636
-52,637
-52,638
-52,639
-52,640
-52,641
-52,642
-52,643
-52,644
-52,645
-52,646
-52,647
-52,648
-52,649
-52,650
-52,651
-52,652
-52,653
-52,654
-52,655
-52,656
:58_1,657
:58_1,658
:58_1,659
:58_1,660
:58_1,661
51,662
51,663
51,664
51,665
51,666
51,667
51,668
51,669
51,670
51,671
51,672
51,673
51,674
51,675
51,676
51,677
51,678
51,679
51,680
51,681
51,682
51,683
51,684
51,685
51,686
51,687
51,688
51,689
51,690
51,691
51,692
51,693
51,694
51,695
51,696
51,697
51,698
51,699
51,700
51,701
51,702
51,703
51,704
51,705
51,706
51,707
51,708
51,709
51,710
51,711
51,712
51,713
51,714
51,715
51,716
51,717
51,718
51,719
51,720
51,721
51,722
51,723
51,724
51,725
51,726
51,727
51,728
51,729
51,730
51,731
51,732
51,733
51,734
51,735
51,736
51,737
51,738
51,739
51,740
51,741
51,742
51,743
51,744
51,745
51,746
51,747
51,748
51,749
51,750
51,751
51,752
51,753
51,754
51,755
51,756
51,757
51,758
51,759
51,760
51,761
51,762
51,763
51,764
51,765
51,766
51,767
51,768
51,769
51,770
51,771
51,772
51,773
51,774
51,775
51,776
51,777
51,778
51,779
51,780
51,781
51,782
:59_6,783
:59_6,784
:59_6,785
:59_6,786
402,787
402,788
402,789
402,790
402,791
402,792
402,793
402,794
402,795
402,796
402,797
402,798
402,799
402,800
402,801
402,802
402,803
402,804
402,805
402,806
402,807
402,808
402,809
402,810
402,811
402,812
402,813
402,814
402,815
402,816
402,817
402,818
402,819
402,820
402,821
402,822
402,823
402,824
402,825
402,826
402,827
402,828
402,829
402,830
402,831
402,832
402,833
402,834
402,835
402,836
402,837
402,838
402,839
402,840
402,841
402,842
402,843
402,844
402,845
402,846
402,847
402,848
402,849
402,850
402,851
402,852
402,853
402,854
402,855
402,856
402,857
402,858
402,859
402,860
402,861
402,862
402,863
402,864
402,865
402,866
402,867
402,868
402,869
402,870
402,871
402,872
402,873
402,874
402,875
402,876
402,877
402,878
402,879
402,880
402,881
402,882
402,883
402,884
402,885
402,886
402,887
402,888
402,889
402,890
402,891
402,892
402,893
402,894
402,895
402,896
402,897
402,898
402,899
402,900
402,901
402,902
402,903
402,904
402,905
402,906
402,907
402,908
402,909
402,910
:361_0,911
:361_0,912
:361_0,913
:361_0,914
-442,915
-442,916
-442,917
-442,918
-442,919
-442,920
-442,921
-442,922
-442,923
-442,924
-442,925
-442,926
-442,927
-442,928
-442,929
-442,930
-442,931
-442,932
-442,933
-442,934
-442,935
-442,936
-442,937
-442,938
-442,939
-442,940
-442,941
-442,942
-442,943
-442,944
-442,945
-442,946
-442,947
-442,948
-442,949
-442,950
-442,951
-442,952
-442,953
-442,954
-442,955
-442,956
-442,957
-442,958
-442,959
-442,960
-442,961
-442,962
-442,963
-442,964
-442,965
-442,966
-442,967
-442,968
-442,969
-442,970
-442,971
-442,972
-442,973
-442,974
-442,975
-442,976
-442,977
-442,978
-442,979
-442,980
-442,981
-442,982
-442,983
-442,984
-442,985
-442,986
-442,987
-442,988
-442,989
-442,990
-442,991
-442,992
-442,993
-442,994
-442,995
-442,996
-442,997
:152_0,998
:152_0,999
:152_0,1000
:152_0,1001
-137,1002
-137,1003
-137,1004
-137,1005
-137,1006
-137,1007
-137,1008
-137,1009
-137,1010
-137,1011
-137,1012
-137,1013
-137,1014
-137,1015
-137,1016
-137,1017
-137,1018
-137,1019
-137,1020
-137,1021
-137,1022
-137,1023
-137,1024
-137,1025
-137,1026
-137,1027
-137,1028
-137,1029
-137,1030
-137,1031
-137,1032
-137,1033
-137,1034
-137,1035
-137,1036
-137,1037
-137,1038
-137,1039
-137,1040
-137,1041
-137,1042
-137,1043
-137,1044
-137,1045
-137,1046
-137,1047
-137,1048
-137,1049
-137,1050
-137,1051
-137,1052
-137,1053
-137,1054
-137,1055
-137,1056
-137,1057
-137,1058
-137,1059
-137,1060
-137,1061
-137,1062
-137,1063
-137,1064
-137,1065
-137,1066
-137,1067
-137,1068
-137,1069
-137,1070
-137,1071
-137,1072
-137,1073
-137,1074
-137,1075
-137,1076
-137,1077
-137,1078
-137,1079
-137,1080
-137,1081
-137,1082
-137,1083
-137,1084
-137,1085
-137,1086
-137,1087
-137,1088
-137,1089
-137,1090
-137,1091
-137,1092
-137,1093
-137,1094
-137,1095
-137,1096
-137,1097
-137,1098
-137,1099
-137,1100
-137,1101
-137,1102
-137,1103
:151_4,1104
:151_4,1105
:151_4,1106
:151_4,1107
:151_4,1108
570,1109
570,1110
570,1111
570,1112
570,1113
570,1114
570,1115
570,1116
570,1117
570,1118
570,1119
570,1120
570,1121
570,1122
570,1123
570,1124
570,1125
570,1126
570,1127
570,1128
570,1129
570,1130
570,1131
570,1132
570,1133
570,1134
570,1135
570,1136
570,1137
570,1138
570,1139
570,1140
570,1141
570,1142
570,1143
570,1144
570,1145
570,1146
570,1147
570,1148
570,1149
570,1150
570,1151
570,1152
570,1153
570,1154
570,1155
570,1156
570,1157
570,1158
570,1159
570,1160
570,1161
570,1162
570,1163
570,1164
570,1165
570,1166
570,1167
570,1168
570,1169
570,1170
570,1171
570,1172
570,1173
570,1174
570,1175
570,1176
570,1177
570,1178
570,1179
570,1180
570,1181
570,1182
570,1183
570,1184
570,1185
570,1186
570,1187
570,1188
570,1189
570,1190
570,1191
570,1192
570,1193
570,1194
570,1195
570,1196
570,1197
570,1198
570,1199
570,1200
570,1201
570,1202
570,1203
570,1204
570,1205
570,1206
570,1207
570,1208
570,1209
570,1210
570,1211
570,1212
570,1213
570,1214
570,1215
570,1216
570,1217
570,1218
570,1219
570,1220
570,1221
570,1222
570,1223
570,1224
570,1225
570,1226
570,1227
570,1228
570,1229
570,1230
570,1231
570,1232
570,1233
570,1234
570,1235
570,1236
570,1237
570,1238
570,1239
570,1240
570,1241
570,1242
570,1243
570,1244
570,1245
570,1246
570,1247
570,1248
:99_1,1249
:99_1,1250
:99_9,1251
:99_9,1252
85,1253
85,1254
85,1255
85,1256
85,1257
85,1258
85,1259
85,1260
85,1261
85,1262
85,1263
85,1264
85,1265
85,1266
85,1267
85,1268
85,1269
85,1270
85,1271
85,1272
85,1273
85,1274
85,1275
85,1276
85,1277
85,1278
85,1279
85,1280
85,1281
85,1282
85,1283
85,1284
85,1285
85,1286
85,1287
85,1288
85,1289
85,1290
85,1291
85,1292
85,1293
85,1294
85,1295
85,1296
85,1297
85,1298
85,1299
85,1300
85,1301
85,1302
85,1303
85,1304
85,1305
-278,1306
-278,1307
-278,1308
-278,1309
-278,1310
-278,1311
-278,1312
-278,1313
-278,1314
-278,1315
-278,1316
-278,1317
-278,1318
-278,1319
-278,1320
-278,1321
-278,1322
-278,1323
-278,1324
-278,1325
-278,1326
-278,1327
-278,1328
-278,1329
-278,1330
-278,1331
-278,1332
-278,1333
-278,1334
-278,1335
-278,1336
-278,1337
-278,1338
-278,1339
-278,1340
-278,1341
-278,1342
-278,1343
-278,1344
-278,1345
-278,1346
-278,1347
-278,1348
-278,1349
-278,1350
-278,1351
-278,1352
-278,1353
-278,1354
-278,1355
-278,1356
-278,1357
-278,1358
-278,1359
-278,1360
-278,1361
-278,1362
-278,1363
-278,1364
-278,1365
-278,1366
-278,1367
-278,1368
-278,1369
-278,1370
-278,1371
-278,1372
-278,1373
-278,1374
-278,1375
-278,1376
-278,1377
-278,1378
-278,1379
-278,1380
-278,1381
-278,1382
-278,1383
-278,1384
-278,1385
-278,1386
-278,1387
-278,1388
-278,1389
