477,1
477,2
477,3
477,4
477,5
477,6
477,7
477,8
477,9
477,10
477,11
477,12
477,13
477,14
477,15
477,16
477,17
477,18
477,19
477,20
477,21
477,22
477,23
477,24
477,25
477,26
477,27
477,28
477,29
477,30
477,31
477,32
477,33
477,34
477,35
477,36
477,37
477,38
477,39
477,40
477,41
477,42
477,43
477,44
477,45
477,46
477,47
477,48
477,49
477,50
477,51
477,52
477,53
477,54
477,55
477,56
477,57
477,58
477,59
477,60
477,61
477,62
477,63
477,64
477,65
477,66
477,67
477,68
477,69
477,70
477,71
477,72
:158_9,73
:158_9,74
:158_9,75
:158_9,76
:158_9,77
:158_9,78
-143,79
-143,80
-143,81
-143,82
-143,83
-143,84
-143,85
-143,86
-143,87
-143,88
-143,89
-143,90
-143,91
-143,92
-143,93
-143,94
-143,95
-143,96
-143,97
-143,98
-143,99
-143,100
-143,101
-143,102
-143,103
-143,104
-143,105
-143,106
-143,107
-143,108
-143,109
-143,110
-143,111
-143,112
-143,113
-143,114
-143,115
-143,116
-143,117
-143,118
-143,119
-143,120
-143,121
-143,122
-143,123
-143,124
-143,125
-143,126
-143,127
-143,128
-143,129
-143,130
-143,131
-143,132
-143,133
-143,134
-143,135
-143,136
-143,137
-143,138
:135_4,139
:135_4,140
:135_4,141
:135_4,142
144,143
144,144
144,145
144,146
144,147
144,148
144,149
144,150
144,151
144,152
144,153
144,154
144,155
144,156
144,157
144,158
144,159
144,160
144,161
144,162
144,163
144,164
144,165
144,166
144,167
144,168
144,169
144,170
144,171
144,172
144,173
144,174
144,175
144,176
144,177
144,178
144,179
144,180
144,181
144,182
144,183
144,184
144,185
144,186
144,187
144,188
144,189
144,190
144,191
144,192
144,193
144,194
144,195
144,196
144,197
144,198
144,199
144,200
144,201
144,202
144,203
144,204
144,205
144,206
144,207
144,208
144,209
144,210
144,211
144,212
144,213
144,214
144,215
144,216
144,217
144,218
144,219
144,220
144,221
144,222
144,223
144,224
144,225
144,226
144,227
144,228
144,229
144,230
144,231
144,232
144,233
144,234
144,235
144,236
144,237
144,238
144,239
144,240
144,241
144,242
144,243
144,244
144,245
144,246
144,247
144,248
144,249
144,250
144,251
144,252
144,253
144,254
144,255
144,256
144,257
144,258
144,259
144,260
144,261
144,262
144,263
144,264
144,265
144,266
144,267
144,268
144,269
144,270
144,271
144,272
144,273
144,274
144,275
144,276
144,277
144,278
144,279
144,280
144,281
144,282
144,283
144,284
144,285
144,286
144,287
144,288
144,289
144,290
144,291
144,292
144,293
144,294
144,295
144,296
144,297
144,298
144,299
144,300
144,301
144,302
144,303
144,304
144,305
144,306
144,307
144,308
144,309
144,310
144,311
144,312
144,313
144,314
144,315
144,316
144,317
144,318
144,319
144,320
144,321
144,322
144,323
144,324
144,325
144,326
144,327
144,328
144,329
144,330
144,331
144,332
144,333
144,334
144,335
144,336
144,337
144,338
144,339
144,340
144,341
144,342
144,343
144,344
144,345
144,346
144,347
144,348
144,349
144,350
144,351
144,352
144,353
144,354
144,355
144,356
144,357
144,358
144,359
144,360
144,361
144,362
144,363
144,364
144,365
144,366
144,367
144,368
144,369
144,370
144,371
:159_0,372
:159_0,373
:159_0,374
:159_0,375
:159_0,376
399,377
399,378
399,379
399,380
399,381
399,382
399,383
399,384
399,385
399,386
399,387
399,388
399,389
399,390
399,391
399,392
399,393
399,394
399,395
399,396
399,397
399,398
399,399
399,400
399,401
399,402
399,403
399,404
399,405
399,406
399,407
399,408
399,409
399,410
399,411
399,412
399,413
399,414
399,415
399,416
399,417
399,418
399,419
399,420
399,421
399,422
399,423
399,424
399,425
399,426
399,427
399,428
399,429
399,430
399,431
399,432
399,433
399,434
399,435
399,436
399,437
399,438
399,439
399,440
399,441
399,442
399,443
399,444
399,445
399,446
399,447
399,448
399,449
399,450
399,451
399,452
399,453
399,454
399,455
399,456
399,457
399,458
399,459
399,460
399,461
399,462
399,463
399,464
399,465
399,466
399,467
399,468
399,469
399,470
399,471
399,472
399,473
399,474
399,475
399,476
399,477
399,478
399,479
399,480
399,481
399,482
399,483
399,484
399,485
399,486
:169_0,487
:169_0,488
:169_0,489
:169_0,490
:169_0,491
-153,492
-153,493
-153,494
-153,495
-153,496
-153,497
-153,498
-153,499
-153,500
-153,501
-153,502
-153,503
-153,504
-153,505
-153,506
-153,507
-153,508
-153,509
-153,510
-153,511
-153,512
-153,513
-153,514
-153,515
-153,516
-153,517
-153,518
-153,519
-153,520
-153,521
-153,522
-153,523
-153,524
-153,525
-153,526
-153,527
-153,528
-153,529
-153,530
-153,531
-153,532
-153,533
-153,534
-153,535
-153,536
-153,537
-153,538
-153,539
-153,540
-153,541
-153,542
-153,543
-153,544
-153,545
-153,546
-153,547
-153,548
-153,549
-153,550
-153,551
-153,552
-153,553
-153,554
-153,555
-153,556
-153,557
-153,558
-153,559
-153,560
-153,561
-153,562
-153,563
-153,564
-153,565
-153,566
-153,567
-153,568
-153,569
-153,570
-153,571
-153,572
-153,573
-153,574
-153,575
-153,576
-153,577
-153,578
-153,579
-153,580
-153,581
-153,582
-153,583
-153,584
-153,585
-153,586
-153,587
-153,588
-153,589
-153,590
-153,591
-153,592
-153,593
-153,594
-153,595
-153,596
-153,597
-153,598
-153,599
-153,600
-153,601
:166_0,602
:166_0,603
:166_0,604
154,605
154,606
154,607
154,608
154,609
154,610
154,611
154,612
154,613
154,614
154,615
154,616
154,617
154,618
154,619
154,620
154,621
154,622
154,623
154,624
154,625
154,626
154,627
154,628
154,629
154,630
154,631
154,632
154,633
154,634
154,635
154,636
154,637
154,638
154,639
154,640
154,641
154,642
154,643
154,644
154,645
154,646
154,647
154,648
154,649
154,650
154,651
154,652
154,653
154,654
154,655
154,656
154,657
154,658
154,659
154,660
154,661
154,662
154,663
154,664
154,665
154,666
154,667
154,668
154,669
154,670
154,671
154,672
154,673
154,674
154,675
154,676
154,677
154,678
154,679
154,680
154,681
154,682
154,683
154,684
154,685
154,686
154,687
154,688
154,689
154,690
154,691
154,692
154,693
154,694
154,695
154,696
154,697
154,698
154,699
154,700
154,701
154,702
154,703
154,704
154,705
154,706
154,707
154,708
154,709
154,710
154,711
154,712
154,713
154,714
154,715
154,716
154,717
154,718
154,719
154,720
154,721
154,722
154,723
154,724
154,725
154,726
154,727
154,728
154,729
154,730
154,731
154,732
154,733
154,734
154,735
154,736
154,737
154,738
154,739
154,740
154,741
154,742
154,743
154,744
154,745
154,746
154,747
154,748
154,749
154,750
154,751
154,752
154,753
154,754
154,755
154,756
154,757
154,758
154,759
154,760
154,761
154,762
154,763
154,764
154,765
154,766
154,767
154,768
154,769
154,770
154,771
154,772
154,773
154,774
154,775
154,776
154,777
154,778
154,779
154,780
154,781
154,782
154,783
154,784
154,785
154,786
154,787
154,788
154,789
154,790
154,791
154,792
154,793
154,794
154,795
154,796
154,797
154,798
154,799
154,800
154,801
154,802
154,803
154,804
154,805
154,806
154,807
154,808
154,809
154,810
154,811
154,812
154,813
154,814
154,815
154,816
154,817
154,818
154,819
154,820
154,821
154,822
154,823
154,824
154,825
154,826
154,827
154,828
154,829
154,830
154,831
154,832
154,833
154,834
154,835
154,836
154,837
154,838
154,839
154,840
154,841
154,842
154,843
154,844
154,845
154,846
154,847
154,848
154,849
154,850
154,851
154,852
154,853
154,854
154,855
154,856
154,857
154,858
154,859
154,860
154,861
154,862
154,863
154,864
:170_5,865
:170_5,866
:170_5,867
:170_5,868
:170_5,869
:170_5,870
-196,871
-196,872
-196,873
-196,874
-196,875
-196,876
-196,877
-196,878
-196,879
-196,880
-196,881
-196,882
-196,883
-196,884
-196,885
-196,886
-196,887
-196,888
-196,889
-196,890
-196,891
-196,892
-196,893
-196,894
-196,895
-196,896
-196,897
-196,898
-196,899
-196,900
-196,901
-196,902
-196,903
-196,904
-196,905
-196,906
-196,907
-196,908
-196,909
-196,910
-196,911
-196,912
-196,913
-196,914
-196,915
-196,916
-196,917
-196,918
-196,919
-196,920
-196,921
-196,922
-196,923
-196,924
-196,925
-196,926
-196,927
-196,928
-196,929
-196,930
-196,931
-196,932
-196,933
-196,934
-196,935
-196,936
-196,937
-196,938
-196,939
-196,940
-196,941
-196,942
-196,943
-196,944
-196,945
-196,946
-196,947
-196,948
-196,949
-196,950
-196,951
-196,952
-196,953
-196,954
-196,955
-196,956
-196,957
-196,958
-196,959
-196,960
-196,961
-196,962
-196,963
-196,964
-196,965
-196,966
-196,967
-196,968
-196,969
-196,970
-196,971
-196,972
-196,973
-196,974
-196,975
-196,976
-196,977
-196,978
-196,979
-196,980
-196,981
-196,982
-196,983
-196,984
-196,985
-196,986
-196,987
-196,988
-196,989
-196,990
-196,991
-196,992
-196,993
-196,994
-196,995
-196,996
-196,997
-196,998
-196,999
-196,1000
-196,1001
-196,1002
-196,1003
-196,1004
-196,1005
-196,1006
-196,1007
-196,1008
-196,1009
-196,1010
-196,1011
-196,1012
-196,1013
-196,1014
-196,1015
-196,1016
-196,1017
-196,1018
-196,1019
-196,1020
-196,1021
-196,1022
-196,1023
-196,1024
-196,1025
-196,1026
-196,1027
-196,1028
-196,1029
-196,1030
-196,1031
-196,1032
-196,1033
-196,1034
-196,1035
-196,1036
-196,1037
-196,1038
-196,1039
-196,1040
-196,1041
-196,1042
-196,1043
-196,1044
-196,1045
-196,1046
-196,1047
-196,1048
-196,1049
-196,1050
-196,1051
-196,1052
-196,1053
-196,1054
-196,1055
-196,1056
-196,1057
-196,1058
-196,1059
-196,1060
-196,1061
-196,1062
-196,1063
-196,1064
-196,1065
-196,1066
-196,1067
-196,1068
-196,1069
-196,1070
-196,1071
-196,1072
-196,1073
-196,1074
-196,1075
-196,1076
-196,1077
-196,1078
-196,1079
-196,1080
-196,1081
-196,1082
-196,1083
-196,1084
-196,1085
-196,1086
-196,1087
-196,1088
-196,1089
-196,1090
-196,1091
-196,1092
-196,1093
-196,1094
-196,1095
-196,1096
-196,1097
-196,1098
-196,1099
-196,1100
-196,1101
-196,1102
-196,1103
-196,1104
-196,1105
-196,1106
-196,1107
-196,1108
-196,1109
-196,1110
-196,1111
-196,1112
-196,1113
-196,1114
-196,1115
-196,1116
-196,1117
-196,1118
-196,1119
-196,1120
-196,1121
-196,1122
-196,1123
-196,1124
-196,1125
-196,1126
-196,1127
-196,1128
-196,1129
-196,1130
-196,1131
-196,1132
-196,1133
-196,1134
-196,1135
-196,1136
-196,1137
:35_6,1138
:35_6,1139
:35_16,1140
:35_16,1141
:35_16,1142
197,1143
197,1144
197,1145
197,1146
197,1147
197,1148
197,1149
197,1150
197,1151
197,1152
197,1153
197,1154
197,1155
197,1156
197,1157
197,1158
197,1159
197,1160
197,1161
197,1162
197,1163
197,1164
197,1165
197,1166
197,1167
197,1168
197,1169
197,1170
197,1171
197,1172
197,1173
197,1174
197,1175
197,1176
197,1177
197,1178
197,1179
197,1180
197,1181
197,1182
197,1183
197,1184
197,1185
197,1186
197,1187
197,1188
197,1189
197,1190
197,1191
197,1192
197,1193
197,1194
197,1195
197,1196
197,1197
197,1198
197,1199
197,1200
197,1201
197,1202
197,1203
197,1204
197,1205
197,1206
197,1207
197,1208
197,1209
197,1210
197,1211
197,1212
197,1213
197,1214
197,1215
197,1216
197,1217
197,1218
197,1219
197,1220
197,1221
197,1222
197,1223
197,1224
197,1225
197,1226
197,1227
197,1228
197,1229
197,1230
197,1231
197,1232
197,1233
197,1234
197,1235
197,1236
197,1237
197,1238
197,1239
197,1240
197,1241
197,1242
197,1243
197,1244
197,1245
197,1246
197,1247
197,1248
197,1249
197,1250
197,1251
197,1252
197,1253
197,1254
197,1255
197,1256
197,1257
197,1258
197,1259
197,1260
197,1261
197,1262
197,1263
197,1264
197,1265
197,1266
197,1267
197,1268
197,1269
197,1270
197,1271
197,1272
197,1273
197,1274
197,1275
197,1276
197,1277
197,1278
197,1279
197,1280
197,1281
197,1282
197,1283
197,1284
197,1285
197,1286
197,1287
197,1288
197,1289
197,1290
197,1291
197,1292
197,1293
197,1294
197,1295
197,1296
197,1297
197,1298
197,1299
197,1300
197,1301
197,1302
197,1303
197,1304
197,1305
197,1306
197,1307
197,1308
197,1309
197,1310
197,1311
197,1312
197,1313
197,1314
197,1315
197,1316
197,1317
197,1318
197,1319
197,1320
197,1321
197,1322
197,1323
197,1324
197,1325
197,1326
197,1327
197,1328
197,1329
197,1330
197,1331
197,1332
197,1333
197,1334
197,1335
197,1336
197,1337
197,1338
197,1339
197,1340
197,1341
197,1342
197,1343
197,1344
197,1345
197,1346
197,1347
197,1348
197,1349
197,1350
197,1351
197,1352
197,1353
197,1354
197,1355
197,1356
197,1357
197,1358
197,1359
197,1360
197,1361
197,1362
197,1363
197,1364
197,1365
197,1366
197,1367
197,1368
197,1369
197,1370
197,1371
197,1372
197,1373
197,1374
197,1375
197,1376
197,1377
197,1378
197,1379
197,1380
197,1381
197,1382
197,1383
197,1384
197,1385
197,1386
:205_0,1387
:205_0,1388
:205_0,1389
:205_0,1390
:205_0,1391
198,1392
198,1393
198,1394
198,1395
198,1396
198,1397
198,1398
198,1399
198,1400
198,1401
198,1402
198,1403
198,1404
198,1405
198,1406
198,1407
198,1408
198,1409
198,1410
198,1411
198,1412
198,1413
198,1414
198,1415
198,1416
198,1417
198,1418
198,1419
198,1420
198,1421
198,1422
198,1423
198,1424
198,1425
198,1426
198,1427
198,1428
198,1429
198,1430
198,1431
198,1432
198,1433
198,1434
198,1435
198,1436
198,1437
198,1438
198,1439
198,1440
198,1441
198,1442
198,1443
198,1444
198,1445
198,1446
198,1447
198,1448
198,1449
198,1450
198,1451
198,1452
198,1453
198,1454
198,1455
198,1456
198,1457
198,1458
198,1459
198,1460
198,1461
198,1462
198,1463
198,1464
198,1465
198,1466
198,1467
198,1468
198,1469
198,1470
198,1471
198,1472
198,1473
198,1474
198,1475
198,1476
198,1477
198,1478
198,1479
198,1480
198,1481
198,1482
198,1483
198,1484
198,1485
198,1486
198,1487
198,1488
198,1489
198,1490
198,1491
198,1492
198,1493
198,1494
198,1495
198,1496
198,1497
198,1498
198,1499
198,1500
198,1501
198,1502
198,1503
198,1504
198,1505
198,1506
198,1507
198,1508
198,1509
198,1510
198,1511
198,1512
198,1513
198,1514
198,1515
198,1516
198,1517
198,1518
198,1519
198,1520
198,1521
198,1522
198,1523
198,1524
198,1525
198,1526
198,1527
198,1528
198,1529
198,1530
198,1531
198,1532
198,1533
198,1534
198,1535
198,1536
198,1537
198,1538
198,1539
198,1540
198,1541
198,1542
198,1543
198,1544
198,1545
198,1546
198,1547
198,1548
198,1549
198,1550
198,1551
198,1552
198,1553
198,1554
198,1555
198,1556
198,1557
198,1558
198,1559
198,1560
198,1561
198,1562
198,1563
198,1564
198,1565
198,1566
198,1567
198,1568
198,1569
198,1570
198,1571
198,1572
198,1573
198,1574
198,1575
198,1576
198,1577
198,1578
198,1579
198,1580
198,1581
198,1582
198,1583
198,1584
198,1585
198,1586
198,1587
198,1588
198,1589
198,1590
198,1591
198,1592
198,1593
198,1594
198,1595
198,1596
198,1597
198,1598
198,1599
198,1600
:206_0,1601
:206_0,1602
:206_0,1603
-483,1604
-483,1605
-483,1606
-483,1607
-483,1608
-483,1609
-483,1610
-483,1611
-483,1612
-483,1613
-483,1614
-483,1615
-483,1616
-483,1617
-483,1618
-483,1619
-483,1620
-483,1621
-483,1622
-483,1623
-483,1624
-483,1625
-483,1626
-483,1627
-483,1628
-483,1629
-483,1630
-483,1631
-483,1632
-483,1633
-483,1634
-483,1635
-483,1636
-483,1637
-483,1638
-483,1639
-483,1640
-483,1641
-483,1642
-483,1643
-483,1644
-483,1645
-483,1646
-483,1647
-483,1648
-483,1649
-483,1650
-483,1651
-483,1652
-483,1653
-483,1654
-483,1655
-483,1656
-483,1657
-483,1658
-483,1659
-483,1660
-483,1661
-483,1662
-483,1663
-483,1664
-483,1665
-483,1666
-483,1667
-483,1668
-483,1669
-483,1670
-483,1671
-483,1672
-483,1673
-483,1674
-483,1675
-483,1676
-483,1677
-483,1678
-483,1679
-483,1680
-483,1681
-483,1682
