-80,1
-80,2
-80,3
-80,4
-80,5
-80,6
-80,7
-80,8
-80,9
-80,10
-80,11
-80,12
-80,13
-80,14
-80,15
-80,16
-80,17
-80,18
-80,19
-80,20
-80,21
-80,22
-80,23
-80,24
-80,25
-80,26
-80,27
-80,28
-80,29
-80,30
-80,31
-80,32
-80,33
-80,34
-80,35
-80,36
-80,37
-80,38
-80,39
-80,40
-80,41
-80,42
-80,43
-80,44
-80,45
-80,46
-80,47
-80,48
-80,49
-80,50
-80,51
-80,52
-80,53
-80,54
-80,55
-80,56
-80,57
-80,58
-80,59
-80,60
-80,61
-80,62
-80,63
-80,64
-80,65
-80,66
-80,67
-80,68
-80,69
-80,70
-80,71
-80,72
-80,73
-80,74
-80,75
-80,76
-80,77
-80,78
-80,79
-80,80
-80,81
-80,82
-80,83
-80,84
-80,85
-80,86
-80,87
-80,88
-80,89
-80,90
-80,91
:91_7,92
:91_7,93
:91_7,94
:91_10,95
:91_10,96
:91_10,97
:91_10,98
79,99
79,100
79,101
79,102
79,103
79,104
79,105
79,106
79,107
79,108
79,109
79,110
79,111
79,112
79,113
79,114
79,115
79,116
79,117
79,118
79,119
79,120
79,121
79,122
79,123
79,124
79,125
79,126
79,127
79,128
79,129
79,130
79,131
79,132
79,133
79,134
79,135
79,136
79,137
79,138
79,139
79,140
79,141
79,142
79,143
79,144
79,145
79,146
79,147
79,148
79,149
79,150
79,151
79,152
79,153
79,154
79,155
79,156
79,157
79,158
79,159
79,160
79,161
79,162
79,163
79,164
79,165
79,166
79,167
79,168
79,169
79,170
79,171
79,172
79,173
79,174
79,175
79,176
79,177
79,178
79,179
79,180
79,181
79,182
79,183
:92_3,184
:92_3,185
:92_3,186
:92_3,187
:92_3,188
-571,189
-571,190
-571,191
-571,192
-571,193
-571,194
-571,195
-571,196
-571,197
-571,198
-571,199
-571,200
-571,201
-571,202
-571,203
-571,204
-571,205
-571,206
-571,207
-571,208
-571,209
-571,210
-571,211
-571,212
-571,213
-571,214
-571,215
-571,216
-571,217
-571,218
-571,219
-571,220
-571,221
-571,222
-571,223
-571,224
-571,225
-571,226
-571,227
-571,228
-571,229
-571,230
-571,231
-571,232
-571,233
-571,234
-571,235
-571,236
-571,237
-571,238
-571,239
-571,240
-571,241
-571,242
-571,243
-571,244
-571,245
-571,246
-571,247
-571,248
-571,249
-571,250
-571,251
-571,252
-571,253
-571,254
-571,255
-571,256
-571,257
-571,258
-571,259
-571,260
-571,261
-571,262
-571,263
-571,264
-571,265
-571,266
-571,267
-571,268
-571,269
-571,270
-571,271
-571,272
-571,273
-571,274
-571,275
-571,276
-571,277
-571,278
-571,279
-571,280
-571,281
-571,282
-571,283
-571,284
-571,285
-571,286
-571,287
-571,288
-571,289
-571,290
-571,291
-571,292
-571,293
-571,294
-571,295
-571,296
-571,297
-571,298
-571,299
-571,300
-571,301
-571,302
-571,303
-571,304
-571,305
-571,306
-571,307
-571,308
-571,309
-571,310
-571,311
-571,312
-571,313
-571,314
-571,315
-571,316
-571,317
-571,318
-571,319
-571,320
-571,321
-571,322
-571,323
-571,324
-571,325
-571,326
-571,327
-571,328
-571,329
-571,330
-571,331
-571,332
-571,333
-571,334
-571,335
-571,336
-571,337
-571,338
-571,339
-571,340
-571,341
-571,342
-571,343
-571,344
-571,345
-571,346
-571,347
-571,348
-571,349
-571,350
-571,351
-571,352
:99_7,353
:99_7,354
:99_7,355
:99_7,356
-570,357
-570,358
-570,359
-570,360
-570,361
-570,362
-570,363
-570,364
-570,365
-570,366
-570,367
-570,368
-570,369
-570,370
-570,371
-570,372
-570,373
-570,374
-570,375
-570,376
-570,377
-570,378
-570,379
-570,380
-570,381
-570,382
-570,383
-570,384
-570,385
-570,386
-570,387
-570,388
-570,389
-570,390
-570,391
-570,392
-570,393
-570,394
-570,395
-570,396
-570,397
-570,398
-570,399
-570,400
-570,401
-570,402
-570,403
-570,404
-570,405
-570,406
-570,407
-570,408
-570,409
-570,410
-570,411
-570,412
-570,413
-570,414
-570,415
-570,416
-570,417
-570,418
-570,419
-570,420
-570,421
-570,422
-570,423
-570,424
-570,425
-570,426
-570,427
-570,428
-570,429
-570,430
-570,431
-570,432
-570,433
-570,434
-570,435
-570,436
-570,437
-570,438
-570,439
-570,440
-570,441
-570,442
-570,443
-570,444
-570,445
-570,446
-570,447
-570,448
-570,449
-570,450
-570,451
-570,452
-570,453
-570,454
-570,455
-570,456
-570,457
-570,458
-570,459
-570,460
-570,461
-570,462
-570,463
-570,464
-570,465
-570,466
-570,467
-570,468
-570,469
-570,470
-570,471
-570,472
-570,473
-570,474
-570,475
-570,476
-570,477
-570,478
-570,479
-570,480
-570,481
-570,482
-570,483
-570,484
-570,485
-570,486
-570,487
-570,488
:151_7,489
:151_7,490
:151_7,491
:151_7,492
:151_7,493
:151_7,494
-569,495
-569,496
-569,497
-569,498
-569,499
-569,500
-569,501
-569,502
-569,503
-569,504
-569,505
-569,506
-569,507
-569,508
-569,509
-569,510
-569,511
-569,512
-569,513
-569,514
-569,515
-569,516
-569,517
-569,518
-569,519
-569,520
-569,521
-569,522
-569,523
-569,524
-569,525
-569,526
-569,527
-569,528
-569,529
-569,530
-569,531
-569,532
-569,533
-569,534
-569,535
-569,536
-569,537
-569,538
-569,539
-569,540
-569,541
-569,542
-569,543
-569,544
-569,545
-569,546
-569,547
-569,548
-569,549
-569,550
-569,551
-569,552
-569,553
-569,554
-569,555
-569,556
-569,557
-569,558
-569,559
-569,560
-569,561
-569,562
-569,563
-569,564
-569,565
-569,566
-569,567
-569,568
-569,569
-569,570
-569,571
-569,572
-569,573
-569,574
-569,575
-569,576
-569,577
-569,578
-569,579
-569,580
-569,581
-569,582
-569,583
-569,584
-569,585
-569,586
-569,587
-569,588
-569,589
-569,590
-569,591
-569,592
-569,593
-569,594
-569,595
-569,596
-569,597
:64_3,598
:64_3,599
:64_3,600
:64_3,601
:64_3,602
:64_3,603
-56,604
-56,605
-56,606
-56,607
-56,608
-56,609
-56,610
-56,611
-56,612
-56,613
-56,614
-56,615
-56,616
-56,617
-56,618
-56,619
-56,620
-56,621
-56,622
-56,623
-56,624
-56,625
-56,626
-56,627
-56,628
-56,629
-56,630
-56,631
-56,632
-56,633
-56,634
-56,635
-56,636
-56,637
-56,638
-56,639
-56,640
-56,641
-56,642
-56,643
-56,644
-56,645
-56,646
-56,647
-56,648
-56,649
-56,650
-56,651
-56,652
-56,653
-56,654
-56,655
-56,656
-56,657
-56,658
-56,659
-56,660
-56,661
-56,662
-56,663
-56,664
-56,665
-56,666
-56,667
-56,668
-56,669
-56,670
-56,671
-56,672
-56,673
-56,674
-56,675
-56,676
-56,677
-56,678
-56,679
-56,680
-56,681
-56,682
-56,683
-56,684
-56,685
-56,686
-56,687
-56,688
-56,689
-56,690
-56,691
-56,692
-56,693
-56,694
-56,695
-56,696
-56,697
-56,698
-56,699
-56,700
-56,701
-56,702
-56,703
-56,704
-56,705
-56,706
-56,707
-56,708
-56,709
-56,710
-56,711
-56,712
-56,713
-56,714
-56,715
-56,716
-56,717
-56,718
-56,719
-56,720
-56,721
-56,722
-56,723
-56,724
-56,725
-56,726
-56,727
-56,728
-56,729
-56,730
-56,731
-56,732
-56,733
-56,734
-56,735
-56,736
-56,737
-56,738
-56,739
-56,740
-56,741
-56,742
-56,743
-56,744
-56,745
:58_13,746
:58_13,747
:58_13,748
:58_13,749
:58_13,750
:58_13,751
53,752
53,753
53,754
53,755
53,756
53,757
53,758
53,759
53,760
53,761
53,762
53,763
53,764
53,765
53,766
53,767
53,768
53,769
53,770
53,771
53,772
53,773
53,774
53,775
53,776
53,777
53,778
53,779
53,780
53,781
53,782
53,783
53,784
53,785
53,786
53,787
53,788
53,789
53,790
53,791
53,792
53,793
53,794
53,795
53,796
53,797
53,798
53,799
53,800
53,801
53,802
53,803
53,804
53,805
53,806
53,807
53,808
53,809
53,810
53,811
53,812
53,813
53,814
53,815
53,816
53,817
53,818
53,819
53,820
53,821
53,822
53,823
53,824
53,825
53,826
:61_7,827
:61_7,828
:61_7,829
:61_7,830
:61_7,831
54,832
54,833
54,834
54,835
54,836
54,837
54,838
54,839
54,840
54,841
54,842
54,843
54,844
54,845
54,846
54,847
54,848
54,849
54,850
54,851
54,852
54,853
54,854
54,855
54,856
54,857
54,858
54,859
54,860
54,861
54,862
54,863
54,864
54,865
54,866
54,867
54,868
54,869
54,870
54,871
54,872
54,873
54,874
54,875
54,876
54,877
54,878
54,879
54,880
:62_3,881
:62_3,882
:62_3,883
:62_3,884
:62_3,885
55,886
55,887
55,888
55,889
55,890
55,891
55,892
55,893
55,894
55,895
55,896
55,897
55,898
55,899
55,900
55,901
55,902
55,903
55,904
55,905
55,906
55,907
55,908
55,909
55,910
55,911
55,912
55,913
55,914
55,915
55,916
55,917
55,918
55,919
55,920
55,921
55,922
55,923
55,924
55,925
55,926
55,927
55,928
55,929
55,930
55,931
55,932
55,933
55,934
55,935
55,936
55,937
55,938
55,939
55,940
55,941
55,942
55,943
55,944
55,945
55,946
55,947
55,948
55,949
55,950
55,951
55,952
55,953
55,954
55,955
55,956
55,957
55,958
55,959
55,960
55,961
55,962
55,963
55,964
55,965
55,966
55,967
55,968
55,969
55,970
55,971
55,972
55,973
55,974
55,975
55,976
55,977
55,978
55,979
55,980
55,981
55,982
55,983
55,984
55,985
55,986
55,987
55,988
55,989
55,990
55,991
55,992
55,993
55,994
55,995
55,996
55,997
55,998
55,999
55,1000
55,1001
55,1002
:63_14,1003
:63_14,1004
:63_14,1005
:63_14,1006
-149,1007
-149,1008
-149,1009
-149,1010
-149,1011
-149,1012
-149,1013
-149,1014
-149,1015
-149,1016
-149,1017
-149,1018
-149,1019
-149,1020
-149,1021
-149,1022
-149,1023
-149,1024
-149,1025
-149,1026
-149,1027
-149,1028
-149,1029
-149,1030
-149,1031
-149,1032
-149,1033
-149,1034
-149,1035
-149,1036
-149,1037
-149,1038
-149,1039
-149,1040
-149,1041
-149,1042
-149,1043
-149,1044
-149,1045
-149,1046
-149,1047
-149,1048
-149,1049
-149,1050
-149,1051
-149,1052
-149,1053
-149,1054
-149,1055
-149,1056
-149,1057
-149,1058
-149,1059
-149,1060
-149,1061
-149,1062
-149,1063
-149,1064
-149,1065
-149,1066
-149,1067
-149,1068
-149,1069
-149,1070
-149,1071
-149,1072
-149,1073
-149,1074
-149,1075
-149,1076
-149,1077
-149,1078
-149,1079
-149,1080
-149,1081
-149,1082
-149,1083
-149,1084
-149,1085
-149,1086
-149,1087
-149,1088
-149,1089
-149,1090
-149,1091
-149,1092
-149,1093
-149,1094
-149,1095
-149,1096
-149,1097
-149,1098
-149,1099
-149,1100
-149,1101
-149,1102
-149,1103
-149,1104
-149,1105
-149,1106
-149,1107
-149,1108
-149,1109
-149,1110
-149,1111
-149,1112
-149,1113
-149,1114
-149,1115
-149,1116
-149,1117
-149,1118
-149,1119
-149,1120
-149,1121
-149,1122
-149,1123
-149,1124
-149,1125
-149,1126
-149,1127
-149,1128
-149,1129
-149,1130
:164_3,1131
:164_3,1132
:164_3,1133
150,1134
150,1135
150,1136
150,1137
150,1138
150,1139
150,1140
150,1141
150,1142
150,1143
150,1144
150,1145
150,1146
150,1147
150,1148
150,1149
150,1150
150,1151
150,1152
150,1153
150,1154
150,1155
150,1156
150,1157
150,1158
150,1159
150,1160
150,1161
150,1162
150,1163
150,1164
150,1165
150,1166
150,1167
150,1168
150,1169
150,1170
150,1171
150,1172
150,1173
150,1174
150,1175
150,1176
150,1177
150,1178
150,1179
150,1180
150,1181
150,1182
150,1183
150,1184
150,1185
150,1186
150,1187
150,1188
150,1189
150,1190
150,1191
150,1192
150,1193
150,1194
150,1195
150,1196
150,1197
:165_4,1198
:165_4,1199
:165_10,1200
:165_10,1201
-413,1202
-413,1203
-413,1204
-413,1205
-413,1206
-413,1207
-413,1208
-413,1209
-413,1210
-413,1211
-413,1212
-413,1213
-413,1214
-413,1215
-413,1216
-413,1217
-413,1218
-413,1219
-413,1220
-413,1221
-413,1222
-413,1223
-413,1224
-413,1225
-413,1226
-413,1227
-413,1228
-413,1229
-413,1230
-413,1231
-413,1232
-413,1233
-413,1234
-413,1235
-413,1236
-413,1237
-413,1238
-413,1239
-413,1240
-413,1241
-413,1242
-413,1243
-413,1244
-413,1245
-413,1246
-413,1247
-413,1248
-413,1249
-413,1250
-413,1251
-413,1252
-413,1253
-413,1254
-413,1255
-413,1256
-413,1257
-413,1258
-413,1259
-413,1260
-413,1261
-413,1262
-413,1263
-413,1264
-413,1265
-413,1266
