-123,21
-123,22
-123,23
-123,24
-123,25
-123,26
-123,27
-123,28
-123,29
-123,30
-123,31
-123,32
-123,33
-123,34
-123,35
-123,36
-123,37
-123,38
-123,39
-123,40
-123,41
-123,42
-123,43
-123,44
-123,45
-123,46
-123,47
-123,48
-123,49
-123,50
-123,51
-123,52
-123,53
-123,54
-123,55
-123,56
-123,57
-123,58
-123,59
-123,60
-123,61
-123,62
-123,63
-123,64
-123,65
-123,66
-123,67
-123,68
-123,69
-123,70
-123,71
-123,72
-123,73
-123,74
-123,75
-123,76
-123,77
-123,78
-123,79
-123,80
-123,81
-123,82
-123,83
-123,84
-123,85
-123,86
-123,87
-123,88
-123,89
-123,90
-123,91
-123,92
-123,93
-123,94
-123,95
-123,96
-123,97
-123,98
-123,99
-123,100
-123,101
-123,102
-123,103
-123,104
-123,105
-123,106
-123,107
-123,108
-123,109
-123,110
-123,111
-123,112
-123,113
-123,114
-123,115
-123,116
-123,117
-123,118
-123,119
:139_4,120
:139_4,121
:139_4,122
:139_4,123
124,124
124,125
124,126
124,127
124,128
124,129
124,130
124,131
124,132
124,133
124,134
124,135
124,136
124,137
124,138
124,139
124,140
124,141
124,142
124,143
124,144
124,145
124,146
124,147
124,148
124,149
124,150
124,151
124,152
124,153
124,154
124,155
124,156
124,157
124,158
124,159
124,160
124,161
124,162
124,163
124,164
124,165
124,166
124,167
124,168
124,169
124,170
124,171
124,172
124,173
124,174
124,175
124,176
124,177
124,178
124,179
124,180
124,181
124,182
124,183
124,184
124,185
124,186
124,187
124,188
124,189
124,190
124,191
124,192
124,193
124,194
124,195
124,196
124,197
124,198
124,199
124,200
124,201
124,202
124,203
124,204
124,205
124,206
124,207
124,208
124,209
124,210
124,211
124,212
124,213
124,214
124,215
124,216
124,217
124,218
124,219
124,220
124,221
124,222
124,223
124,224
124,225
124,226
124,227
124,228
124,229
124,230
124,231
124,232
124,233
124,234
124,235
124,236
124,237
124,238
124,239
124,240
124,241
124,242
124,243
124,244
124,245
124,246
124,247
124,248
124,249
124,250
124,251
124,252
124,253
124,254
124,255
124,256
124,257
124,258
124,259
124,260
124,261
124,262
124,263
:141_1,264
125,265
125,266
125,267
125,268
125,269
125,270
125,271
125,272
125,273
125,274
125,275
125,276
125,277
125,278
125,279
125,280
125,281
125,282
125,283
:142_6,284
:142_6,285
:142_6,286
:142_6,287
:142_6,288
-428,289
-428,290
-428,291
-428,292
-428,293
-428,294
-428,295
-428,296
-428,297
-428,298
-428,299
-428,300
-428,301
-428,302
-428,303
-428,304
-428,305
-428,306
-428,307
-428,308
-428,309
-428,310
-428,311
-428,312
-428,313
-428,314
-428,315
-428,316
-428,317
-428,318
-428,319
-428,320
-428,321
-428,322
-428,323
-428,324
-428,325
-428,326
-428,327
-428,328
-428,329
-428,330
-428,331
-428,332
-428,333
-428,334
-428,335
-428,336
-428,337
:80_7,338
:80_7,339
:80_7,340
:80_7,341
:80_7,342
427,343
427,344
427,345
427,346
427,347
427,348
427,349
427,350
427,351
427,352
427,353
427,354
427,355
427,356
427,357
427,358
427,359
427,360
427,361
427,362
427,363
427,364
427,365
427,366
427,367
427,368
427,369
427,370
427,371
427,372
427,373
427,374
427,375
427,376
427,377
427,378
427,379
427,380
427,381
427,382
427,383
:108_3,384
:108_3,385
:108_3,386
:108_3,387
:108_3,388
-359,389
-359,390
-359,391
-359,392
-359,393
-359,394
-359,395
-359,396
-359,397
-359,398
-359,399
-359,400
-359,401
-359,402
-359,403
-359,404
-359,405
-359,406
-359,407
-359,408
-359,409
-359,410
-359,411
-359,412
-359,413
-359,414
-359,415
-359,416
-359,417
-359,418
-359,419
-359,420
-359,421
-359,422
-359,423
-359,424
-359,425
-359,426
-359,427
-359,428
-359,429
-359,430
-359,431
-359,432
-359,433
-359,434
-359,435
-359,436
-359,437
-359,438
-359,439
-359,440
-359,441
-359,442
-359,443
-359,444
-359,445
-359,446
-359,447
-359,448
-359,449
-359,450
-359,451
-359,452
-359,453
-359,454
-359,455
-359,456
-359,457
-359,458
-359,459
-359,460
-359,461
-359,462
-359,463
-359,464
-359,465
-359,466
-359,467
-359,468
-359,469
-359,470
-359,471
-359,472
-359,473
-359,474
-359,475
-359,476
-359,477
-359,478
-359,479
-359,480
-359,481
-359,482
-359,483
-359,484
-359,485
-359,486
-359,487
-359,488
:145_9,489
:145_9,490
:145_9,491
:145_9,492
:145_9,493
356,494
356,495
356,496
356,497
356,498
356,499
356,500
356,501
356,502
356,503
356,504
356,505
356,506
356,507
356,508
356,509
356,510
356,511
356,512
356,513
356,514
356,515
356,516
356,517
356,518
356,519
356,520
356,521
356,522
356,523
356,524
356,525
356,526
356,527
356,528
356,529
356,530
356,531
356,532
356,533
356,534
356,535
356,536
356,537
356,538
356,539
356,540
356,541
356,542
356,543
356,544
356,545
356,546
356,547
356,548
356,549
356,550
356,551
356,552
356,553
356,554
356,555
356,556
356,557
356,558
356,559
356,560
356,561
356,562
356,563
356,564
356,565
356,566
356,567
356,568
356,569
356,570
356,571
356,572
356,573
356,574
356,575
:332_13,576
:332_13,577
:332_13,578
:332_13,579
:332_13,580
549,581
549,582
549,583
549,584
549,585
549,586
549,587
549,588
549,589
549,590
549,591
549,592
549,593
549,594
549,595
549,596
549,597
549,598
549,599
549,600
549,601
549,602
549,603
549,604
549,605
549,606
549,607
549,608
549,609
549,610
549,611
549,612
549,613
549,614
549,615
549,616
549,617
549,618
549,619
549,620
549,621
549,622
549,623
549,624
549,625
549,626
549,627
549,628
549,629
549,630
549,631
549,632
549,633
549,634
549,635
549,636
549,637
549,638
549,639
549,640
549,641
549,642
549,643
549,644
549,645
549,646
549,647
549,648
549,649
549,650
549,651
549,652
549,653
549,654
549,655
549,656
549,657
549,658
549,659
549,660
549,661
549,662
549,663
549,664
549,665
549,666
549,667
:444_6,668
:444_6,669
:444_6,670
595,671
595,672
595,673
595,674
595,675
595,676
595,677
595,678
595,679
595,680
595,681
595,682
595,683
595,684
595,685
595,686
595,687
595,688
595,689
595,690
595,691
595,692
595,693
595,694
595,695
595,696
595,697
595,698
595,699
595,700
595,701
595,702
595,703
595,704
595,705
595,706
595,707
595,708
595,709
595,710
595,711
595,712
595,713
595,714
595,715
595,716
595,717
595,718
595,719
595,720
595,721
595,722
595,723
595,724
595,725
595,726
595,727
595,728
595,729
595,730
595,731
595,732
595,733
595,734
595,735
595,736
595,737
595,738
595,739
595,740
595,741
595,742
595,743
595,744
595,745
595,746
595,747
595,748
595,749
595,750
595,751
595,752
595,753
595,754
595,755
595,756
595,757
595,758
595,759
595,760
595,761
595,762
595,763
595,764
595,765
595,766
595,767
595,768
595,769
595,770
595,771
595,772
595,773
595,774
595,775
595,776
595,777
595,778
595,779
595,780
