223,1
223,2
223,3
223,4
223,5
223,6
223,7
223,8
223,9
223,10
223,11
223,12
223,13
223,14
223,15
223,16
223,17
223,18
223,19
223,20
223,21
223,22
223,23
223,24
223,25
223,26
223,27
223,28
223,29
223,30
223,31
223,32
223,33
223,34
223,35
223,36
223,37
223,38
223,39
223,40
223,41
223,42
223,43
223,44
223,45
223,46
223,47
223,48
223,49
223,50
223,51
223,52
223,53
223,54
223,55
223,56
223,57
223,58
223,59
223,60
223,61
223,62
223,63
223,64
223,65
223,66
223,67
223,68
223,69
223,70
223,71
223,72
223,73
223,74
223,75
223,76
223,77
223,78
:229_4,79
:229_4,80
:229_4,81
:229_4,82
224,83
224,84
224,85
224,86
224,87
224,88
224,89
224,90
224,91
224,92
224,93
224,94
224,95
224,96
224,97
224,98
224,99
224,100
224,101
224,102
224,103
224,104
224,105
224,106
224,107
224,108
224,109
224,110
224,111
224,112
224,113
224,114
224,115
224,116
224,117
224,118
224,119
224,120
224,121
224,122
224,123
224,124
224,125
224,126
224,127
224,128
224,129
224,130
224,131
224,132
224,133
224,134
224,135
224,136
224,137
224,138
224,139
224,140
224,141
224,142
224,143
224,144
224,145
224,146
224,147
224,148
224,149
224,150
224,151
224,152
224,153
224,154
224,155
224,156
:230_1,157
:230_1,158
:230_1,159
:230_1,160
:230_1,161
374,162
374,163
374,164
374,165
374,166
374,167
374,168
374,169
374,170
374,171
374,172
374,173
374,174
374,175
374,176
374,177
374,178
374,179
374,180
374,181
374,182
374,183
374,184
374,185
374,186
374,187
374,188
374,189
374,190
374,191
374,192
374,193
374,194
374,195
374,196
374,197
374,198
374,199
374,200
374,201
374,202
374,203
374,204
374,205
374,206
374,207
374,208
374,209
374,210
374,211
374,212
374,213
374,214
374,215
374,216
374,217
374,218
374,219
374,220
374,221
374,222
374,223
374,224
374,225
:340_0,226
375,227
375,228
375,229
375,230
375,231
375,232
375,233
375,234
375,235
375,236
375,237
375,238
375,239
375,240
375,241
375,242
375,243
375,244
375,245
375,246
375,247
375,248
375,249
375,250
375,251
375,252
375,253
375,254
375,255
375,256
375,257
375,258
375,259
375,260
375,261
375,262
375,263
375,264
375,265
375,266
375,267
375,268
375,269
375,270
375,271
375,272
375,273
375,274
375,275
375,276
375,277
375,278
375,279
375,280
375,281
375,282
375,283
375,284
375,285
375,286
375,287
375,288
375,289
375,290
375,291
375,292
375,293
375,294
375,295
375,296
375,297
375,298
375,299
375,300
375,301
375,302
375,303
375,304
375,305
375,306
375,307
375,308
375,309
375,310
375,311
375,312
375,313
375,314
375,315
375,316
:15_1,317
:15_1,318
:15_1,319
:15_1,320
:15_1,321
-13,322
-13,323
-13,324
-13,325
-13,326
-13,327
-13,328
-13,329
-13,330
-13,331
-13,332
-13,333
-13,334
-13,335
-13,336
-13,337
-13,338
-13,339
-13,340
-13,341
-13,342
-13,343
-13,344
-13,345
-13,346
-13,347
-13,348
-13,349
-13,350
-13,351
-13,352
-13,353
-13,354
-13,355
-13,356
-13,357
-13,358
-13,359
-13,360
-13,361
-13,362
-13,363
-13,364
-13,365
-13,366
-13,367
-13,368
-13,369
-13,370
-13,371
-13,372
-13,373
-13,374
-13,375
-13,376
-13,377
-13,378
-13,379
-13,380
-13,381
-13,382
-13,383
-13,384
-13,385
-13,386
-13,387
-13,388
-13,389
-13,390
-13,391
-13,392
-13,393
-13,394
-13,395
-13,396
-13,397
-13,398
-13,399
-13,400
-13,401
-13,402
-13,403
-13,404
-13,405
14,406
14,407
14,408
14,409
14,410
14,411
14,412
14,413
14,414
14,415
14,416
14,417
14,418
14,419
14,420
14,421
14,422
14,423
14,424
14,425
14,426
14,427
14,428
14,429
14,430
14,431
14,432
14,433
14,434
14,435
14,436
14,437
14,438
14,439
14,440
14,441
14,442
14,443
14,444
14,445
14,446
14,447
14,448
14,449
14,450
14,451
14,452
14,453
14,454
14,455
14,456
14,457
14,458
14,459
14,460
14,461
14,462
14,463
14,464
14,465
14,466
14,467
14,468
14,469
14,470
14,471
14,472
14,473
14,474
14,475
14,476
14,477
14,478
14,479
14,480
14,481
14,482
14,483
14,484
14,485
14,486
14,487
14,488
14,489
14,490
14,491
14,492
14,493
14,494
14,495
14,496
14,497
14,498
14,499
:16_4,500
:16_4,501
:16_4,502
:16_4,503
:16_4,504
-210,505
-210,506
-210,507
-210,508
-210,509
-210,510
-210,511
-210,512
-210,513
-210,514
-210,515
-210,516
-210,517
-210,518
-210,519
-210,520
-210,521
-210,522
-210,523
-210,524
-210,525
-210,526
-210,527
-210,528
-210,529
-210,530
-210,531
-210,532
-210,533
-210,534
-210,535
-210,536
-210,537
-210,538
-210,539
-210,540
-210,541
-210,542
-210,543
-210,544
-210,545
-210,546
-210,547
-210,548
-210,549
-210,550
-210,551
-210,552
-210,553
-210,554
-210,555
-210,556
-210,557
-210,558
-210,559
-210,560
-210,561
-210,562
-210,563
-210,564
-210,565
-210,566
-210,567
-210,568
-210,569
-210,570
-210,571
-210,572
-210,573
-210,574
-210,575
-210,576
-210,577
-210,578
-210,579
-210,580
-210,581
-210,582
-210,583
-210,584
-210,585
-210,586
-210,587
-210,588
-210,589
:29_5,590
:29_5,591
:29_5,592
:29_5,593
:29_5,594
:29_5,595
:29_5,596
-25,597
-25,598
-25,599
-25,600
-25,601
-25,602
-25,603
-25,604
-25,605
-25,606
-25,607
-25,608
-25,609
-25,610
-25,611
-25,612
-25,613
-25,614
-25,615
-25,616
-25,617
-25,618
-25,619
-25,620
-25,621
-25,622
-25,623
-25,624
-25,625
-25,626
-25,627
-25,628
-25,629
-25,630
-25,631
-25,632
-25,633
-25,634
-25,635
-25,636
-25,637
-25,638
-25,639
-25,640
-25,641
-25,642
-25,643
-25,644
-25,645
-25,646
-25,647
-25,648
-25,649
-25,650
-25,651
-25,652
-25,653
-25,654
-25,655
-25,656
-25,657
-25,658
-25,659
-25,660
-25,661
-25,662
-25,663
-25,664
-25,665
-25,666
-25,667
-25,668
-25,669
-25,670
-25,671
-25,672
-25,673
-25,674
-25,675
-25,676
-25,677
-25,678
-25,679
-25,680
-25,681
-25,682
-25,683
-25,684
-25,685
-25,686
-25,687
-25,688
-25,689
-25,690
-25,691
-25,692
-25,693
-25,694
-25,695
-25,696
-25,697
-25,698
-25,699
-25,700
-25,701
-25,702
-25,703
-25,704
-25,705
-25,706
-25,707
-25,708
-25,709
-25,710
-25,711
-25,712
-25,713
-25,714
-25,715
-25,716
-25,717
-25,718
-25,719
-25,720
-25,721
-25,722
-25,723
-25,724
-25,725
-25,726
-25,727
-25,728
-25,729
-25,730
-25,731
-25,732
-25,733
-25,734
-25,735
-25,736
-25,737
-25,738
-25,739
-25,740
-25,741
-25,742
-25,743
-25,744
-25,745
-25,746
-25,747
-25,748
-25,749
-25,750
-25,751
-25,752
-25,753
-25,754
-25,755
:24_5,756
:24_5,757
:24_5,758
:24_5,759
-20,760
-20,761
-20,762
-20,763
-20,764
-20,765
-20,766
-20,767
-20,768
-20,769
-20,770
-20,771
-20,772
-20,773
-20,774
-20,775
-20,776
-20,777
-20,778
-20,779
-20,780
-20,781
-20,782
-20,783
-20,784
-20,785
-20,786
-20,787
-20,788
-20,789
-20,790
-20,791
-20,792
-20,793
-20,794
-20,795
-20,796
-20,797
-20,798
-20,799
-20,800
-20,801
-20,802
-20,803
-20,804
-20,805
-20,806
-20,807
-20,808
-20,809
-20,810
-20,811
-20,812
-20,813
-20,814
-20,815
-20,816
-20,817
-20,818
-20,819
-20,820
-20,821
-20,822
-20,823
-20,824
-20,825
-20,826
-20,827
-20,828
-20,829
-20,830
-20,831
-20,832
-20,833
-20,834
-20,835
-20,836
-20,837
-20,838
:23_4,839
:23_4,840
:23_4,841
:23_4,842
:23_4,843
:23_4,844
-19,845
-19,846
-19,847
-19,848
-19,849
-19,850
-19,851
-19,852
-19,853
-19,854
-19,855
-19,856
-19,857
-19,858
-19,859
-19,860
-19,861
-19,862
-19,863
-19,864
-19,865
-19,866
-19,867
-19,868
-19,869
-19,870
-19,871
-19,872
-19,873
-19,874
-19,875
-19,876
-19,877
-19,878
-19,879
-19,880
-19,881
-19,882
-19,883
-19,884
-19,885
-19,886
-19,887
-19,888
-19,889
-19,890
-19,891
-19,892
-19,893
-19,894
-19,895
-19,896
-19,897
-19,898
-19,899
-19,900
-19,901
-19,902
-19,903
-19,904
-19,905
-19,906
-19,907
-19,908
-19,909
-19,910
-19,911
-19,912
-19,913
-19,914
-19,915
-19,916
-19,917
-19,918
-19,919
-19,920
-19,921
-19,922
-19,923
-19,924
-19,925
-19,926
:22_1,927
:22_1,928
:22_1,929
:22_1,930
:22_1,931
23,932
23,933
23,934
23,935
23,936
23,937
23,938
23,939
23,940
23,941
23,942
23,943
23,944
23,945
23,946
23,947
23,948
23,949
23,950
23,951
23,952
23,953
23,954
23,955
23,956
23,957
23,958
23,959
23,960
23,961
23,962
23,963
23,964
23,965
23,966
23,967
23,968
23,969
23,970
23,971
23,972
23,973
23,974
23,975
23,976
23,977
23,978
23,979
23,980
23,981
23,982
23,983
23,984
23,985
23,986
23,987
23,988
23,989
23,990
23,991
23,992
23,993
23,994
23,995
23,996
23,997
23,998
23,999
23,1000
23,1001
23,1002
23,1003
23,1004
23,1005
23,1006
23,1007
23,1008
23,1009
23,1010
23,1011
23,1012
23,1013
23,1014
23,1015
23,1016
23,1017
23,1018
23,1019
23,1020
23,1021
23,1022
23,1023
23,1024
23,1025
23,1026
23,1027
23,1028
23,1029
23,1030
23,1031
23,1032
23,1033
23,1034
23,1035
23,1036
23,1037
23,1038
23,1039
23,1040
23,1041
23,1042
23,1043
23,1044
23,1045
23,1046
23,1047
23,1048
23,1049
23,1050
23,1051
23,1052
23,1053
23,1054
23,1055
23,1056
23,1057
23,1058
23,1059
23,1060
23,1061
23,1062
23,1063
23,1064
23,1065
23,1066
23,1067
23,1068
23,1069
23,1070
23,1071
23,1072
23,1073
23,1074
23,1075
23,1076
23,1077
23,1078
23,1079
23,1080
23,1081
23,1082
23,1083
23,1084
23,1085
:27_1,1086
:27_1,1087
:27_1,1088
:27_1,1089
87,1090
87,1091
87,1092
87,1093
87,1094
87,1095
87,1096
87,1097
87,1098
87,1099
87,1100
87,1101
87,1102
87,1103
87,1104
87,1105
87,1106
87,1107
87,1108
87,1109
87,1110
87,1111
87,1112
87,1113
87,1114
87,1115
87,1116
87,1117
87,1118
87,1119
87,1120
87,1121
87,1122
87,1123
87,1124
87,1125
87,1126
87,1127
87,1128
87,1129
87,1130
87,1131
87,1132
87,1133
87,1134
87,1135
87,1136
87,1137
87,1138
87,1139
87,1140
87,1141
87,1142
87,1143
87,1144
87,1145
87,1146
87,1147
87,1148
87,1149
87,1150
87,1151
87,1152
87,1153
87,1154
87,1155
87,1156
87,1157
87,1158
87,1159
87,1160
87,1161
87,1162
87,1163
87,1164
87,1165
87,1166
87,1167
87,1168
87,1169
87,1170
87,1171
87,1172
87,1173
87,1174
87,1175
87,1176
87,1177
87,1178
87,1179
87,1180
87,1181
87,1182
87,1183
87,1184
87,1185
87,1186
87,1187
87,1188
87,1189
87,1190
87,1191
87,1192
87,1193
87,1194
87,1195
87,1196
87,1197
87,1198
87,1199
87,1200
87,1201
87,1202
87,1203
87,1204
87,1205
87,1206
87,1207
87,1208
87,1209
87,1210
87,1211
87,1212
87,1213
87,1214
87,1215
87,1216
87,1217
87,1218
87,1219
87,1220
87,1221
87,1222
87,1223
87,1224
87,1225
87,1226
87,1227
87,1228
87,1229
:102_0,1230
:102_0,1231
:102_0,1232
:102_0,1233
:102_0,1234
-159,1235
-159,1236
-159,1237
-159,1238
-159,1239
-159,1240
-159,1241
-159,1242
-159,1243
-159,1244
-159,1245
-159,1246
-159,1247
-159,1248
-159,1249
-159,1250
-159,1251
-159,1252
-159,1253
-159,1254
-159,1255
-159,1256
-159,1257
-159,1258
-159,1259
-159,1260
-159,1261
-159,1262
-159,1263
-159,1264
-159,1265
-159,1266
-159,1267
-159,1268
-159,1269
-159,1270
-159,1271
-159,1272
-159,1273
-159,1274
-159,1275
-159,1276
-159,1277
-159,1278
-159,1279
-159,1280
-159,1281
-159,1282
-159,1283
-159,1284
-159,1285
-159,1286
-159,1287
-159,1288
-159,1289
-159,1290
-159,1291
-159,1292
-159,1293
-159,1294
-159,1295
-159,1296
-159,1297
-159,1298
-159,1299
-159,1300
-159,1301
-159,1302
-159,1303
-159,1304
-159,1305
-159,1306
-159,1307
-159,1308
-159,1309
-159,1310
-159,1311
-159,1312
-159,1313
-159,1314
-159,1315
-159,1316
-159,1317
-159,1318
:63_5,1319
:63_5,1320
:63_5,1321
:63_5,1322
-55,1323
-55,1324
-55,1325
-55,1326
-55,1327
-55,1328
-55,1329
-55,1330
-55,1331
-55,1332
-55,1333
-55,1334
-55,1335
-55,1336
-55,1337
-55,1338
-55,1339
-55,1340
-55,1341
-55,1342
-55,1343
-55,1344
-55,1345
-55,1346
-55,1347
-55,1348
-55,1349
-55,1350
-55,1351
-55,1352
-55,1353
-55,1354
-55,1355
-55,1356
-55,1357
-55,1358
-55,1359
-55,1360
-55,1361
-55,1362
-55,1363
-55,1364
-55,1365
-55,1366
-55,1367
-55,1368
-55,1369
-55,1370
-55,1371
-55,1372
-55,1373
-55,1374
-55,1375
-55,1376
-55,1377
-55,1378
-55,1379
-55,1380
-55,1381
-55,1382
-55,1383
-55,1384
-55,1385
-55,1386
-55,1387
-55,1388
-55,1389
-55,1390
-55,1391
-55,1392
-55,1393
-55,1394
-55,1395
-55,1396
-55,1397
-55,1398
-55,1399
-55,1400
-55,1401
-55,1402
-55,1403
-55,1404
-55,1405
-55,1406
-55,1407
-55,1408
-55,1409
-55,1410
-55,1411
-55,1412
-55,1413
-55,1414
-55,1415
-55,1416
-55,1417
-55,1418
-55,1419
-55,1420
-55,1421
:62_1,1422
:62_1,1423
:62_1,1424
:62_1,1425
-54,1426
-54,1427
-54,1428
-54,1429
-54,1430
-54,1431
-54,1432
-54,1433
-54,1434
-54,1435
-54,1436
-54,1437
-54,1438
-54,1439
-54,1440
-54,1441
-54,1442
-54,1443
-54,1444
-54,1445
-54,1446
-54,1447
-54,1448
-54,1449
-54,1450
-54,1451
-54,1452
-54,1453
-54,1454
-54,1455
-54,1456
-54,1457
-54,1458
-54,1459
-54,1460
-54,1461
-54,1462
-54,1463
-54,1464
-54,1465
-54,1466
:61_0,1467
:61_0,1468
:61_0,1469
:61_0,1470
:61_0,1471
-53,1472
-53,1473
-53,1474
-53,1475
-53,1476
-53,1477
-53,1478
-53,1479
-53,1480
-53,1481
-53,1482
-53,1483
-53,1484
-53,1485
-53,1486
-53,1487
-53,1488
-53,1489
-53,1490
-53,1491
-53,1492
-53,1493
-53,1494
-53,1495
-53,1496
-53,1497
-53,1498
-53,1499
-53,1500
-53,1501
-53,1502
-53,1503
-53,1504
-53,1505
-53,1506
-53,1507
-53,1508
-53,1509
-53,1510
-53,1511
-53,1512
-53,1513
-53,1514
-53,1515
-53,1516
-53,1517
-53,1518
-53,1519
-53,1520
-53,1521
-53,1522
-53,1523
-53,1524
-53,1525
-53,1526
-53,1527
-53,1528
-53,1529
-53,1530
-53,1531
-53,1532
-53,1533
-53,1534
:58_5,1535
:58_5,1536
:58_5,1537
:58_5,1538
56,1539
56,1540
56,1541
56,1542
56,1543
56,1544
56,1545
56,1546
56,1547
56,1548
56,1549
56,1550
56,1551
56,1552
56,1553
56,1554
56,1555
56,1556
56,1557
56,1558
56,1559
56,1560
56,1561
56,1562
56,1563
56,1564
56,1565
56,1566
56,1567
56,1568
56,1569
56,1570
56,1571
56,1572
56,1573
56,1574
56,1575
56,1576
56,1577
56,1578
56,1579
56,1580
56,1581
56,1582
56,1583
56,1584
56,1585
56,1586
56,1587
56,1588
56,1589
56,1590
56,1591
56,1592
56,1593
56,1594
56,1595
56,1596
56,1597
56,1598
56,1599
56,1600
56,1601
56,1602
56,1603
56,1604
56,1605
56,1606
56,1607
56,1608
56,1609
56,1610
56,1611
56,1612
56,1613
56,1614
56,1615
56,1616
56,1617
56,1618
56,1619
56,1620
56,1621
56,1622
56,1623
56,1624
56,1625
56,1626
56,1627
56,1628
56,1629
56,1630
56,1631
56,1632
56,1633
56,1634
56,1635
56,1636
56,1637
56,1638
56,1639
56,1640
56,1641
56,1642
56,1643
56,1644
56,1645
56,1646
56,1647
56,1648
56,1649
56,1650
56,1651
56,1652
56,1653
56,1654
56,1655
56,1656
56,1657
56,1658
56,1659
56,1660
56,1661
56,1662
56,1663
56,1664
56,1665
:64_1,1666
:64_1,1667
:64_1,1668
:64_1,1669
:64_1,1670
569,1671
569,1672
569,1673
569,1674
569,1675
569,1676
569,1677
569,1678
569,1679
569,1680
569,1681
569,1682
569,1683
569,1684
569,1685
569,1686
569,1687
569,1688
569,1689
569,1690
569,1691
569,1692
569,1693
569,1694
569,1695
569,1696
569,1697
569,1698
569,1699
569,1700
569,1701
569,1702
569,1703
569,1704
569,1705
569,1706
569,1707
569,1708
569,1709
569,1710
569,1711
569,1712
569,1713
569,1714
569,1715
569,1716
569,1717
569,1718
569,1719
569,1720
569,1721
569,1722
569,1723
569,1724
569,1725
569,1726
569,1727
569,1728
569,1729
569,1730
569,1731
569,1732
569,1733
569,1734
569,1735
569,1736
569,1737
569,1738
569,1739
569,1740
569,1741
569,1742
569,1743
569,1744
569,1745
569,1746
569,1747
569,1748
569,1749
569,1750
569,1751
569,1752
569,1753
569,1754
569,1755
569,1756
569,1757
569,1758
569,1759
569,1760
569,1761
569,1762
569,1763
569,1764
569,1765
:151_0,1766
:151_0,1767
:151_0,1768
:151_0,1769
:151_0,1770
570,1771
570,1772
570,1773
570,1774
570,1775
570,1776
570,1777
570,1778
570,1779
570,1780
570,1781
570,1782
570,1783
570,1784
570,1785
570,1786
570,1787
570,1788
570,1789
570,1790
570,1791
570,1792
570,1793
570,1794
570,1795
570,1796
570,1797
570,1798
570,1799
570,1800
570,1801
570,1802
570,1803
570,1804
570,1805
570,1806
570,1807
570,1808
570,1809
570,1810
570,1811
570,1812
570,1813
570,1814
570,1815
570,1816
570,1817
570,1818
570,1819
570,1820
570,1821
570,1822
570,1823
570,1824
570,1825
570,1826
570,1827
570,1828
570,1829
570,1830
570,1831
570,1832
570,1833
570,1834
570,1835
570,1836
570,1837
570,1838
570,1839
570,1840
570,1841
570,1842
570,1843
570,1844
570,1845
570,1846
570,1847
570,1848
570,1849
570,1850
570,1851
570,1852
570,1853
570,1854
570,1855
570,1856
570,1857
570,1858
570,1859
570,1860
570,1861
570,1862
570,1863
570,1864
570,1865
570,1866
570,1867
570,1868
570,1869
570,1870
570,1871
570,1872
570,1873
570,1874
570,1875
570,1876
570,1877
570,1878
570,1879
570,1880
570,1881
570,1882
570,1883
570,1884
570,1885
570,1886
570,1887
570,1888
570,1889
570,1890
570,1891
570,1892
570,1893
570,1894
570,1895
570,1896
570,1897
570,1898
570,1899
570,1900
570,1901
570,1902
570,1903
570,1904
570,1905
570,1906
570,1907
570,1908
570,1909
570,1910
570,1911
570,1912
570,1913
570,1914
570,1915
570,1916
570,1917
570,1918
570,1919
570,1920
570,1921
:99_0,1922
:99_0,1923
:99_0,1924
:99_0,1925
:99_0,1926
571,1927
571,1928
571,1929
571,1930
571,1931
571,1932
571,1933
571,1934
571,1935
571,1936
571,1937
571,1938
571,1939
571,1940
571,1941
571,1942
571,1943
571,1944
571,1945
571,1946
571,1947
571,1948
571,1949
571,1950
571,1951
571,1952
571,1953
571,1954
571,1955
571,1956
571,1957
571,1958
571,1959
571,1960
571,1961
571,1962
571,1963
571,1964
571,1965
571,1966
571,1967
571,1968
571,1969
571,1970
571,1971
571,1972
571,1973
571,1974
571,1975
571,1976
571,1977
571,1978
571,1979
571,1980
571,1981
571,1982
571,1983
571,1984
571,1985
571,1986
571,1987
571,1988
571,1989
571,1990
571,1991
571,1992
571,1993
571,1994
571,1995
571,1996
571,1997
571,1998
571,1999
571,2000
