320,21
320,22
320,23
320,24
320,25
320,26
320,27
320,28
320,29
320,30
320,31
320,32
320,33
320,34
320,35
320,36
320,37
320,38
320,39
320,40
320,41
320,42
320,43
320,44
320,45
320,46
320,47
320,48
320,49
320,50
320,51
320,52
320,53
320,54
320,55
320,56
320,57
320,58
320,59
320,60
320,61
320,62
320,63
320,64
320,65
320,66
320,67
320,68
320,69
320,70
320,71
320,72
320,73
320,74
320,75
320,76
320,77
320,78
320,79
320,80
320,81
320,82
320,83
320,84
320,85
320,86
320,87
320,88
320,89
320,90
320,91
320,92
320,93
320,94
320,95
320,96
320,97
320,98
320,99
320,100
320,101
320,102
320,103
320,104
320,105
320,106
320,107
320,108
320,109
320,110
320,111
320,112
320,113
320,114
320,115
320,116
320,117
320,118
320,119
320,120
320,121
320,122
320,123
320,124
320,125
320,126
320,127
320,128
320,129
320,130
320,131
320,132
320,133
320,134
320,135
320,136
320,137
320,138
320,139
320,140
320,141
320,142
320,143
320,144
320,145
320,146
320,147
320,148
320,149
320,150
320,151
320,152
320,153
320,154
320,155
320,156
320,157
320,158
320,159
320,160
320,161
320,162
320,163
320,164
320,165
320,166
320,167
320,168
320,169
320,170
320,171
320,172
320,173
320,174
320,175
320,176
320,177
320,178
320,179
320,180
320,181
320,182
320,183
320,184
320,185
320,186
320,187
320,188
320,189
320,190
320,191
320,192
320,193
320,194
320,195
320,196
320,197
320,198
320,199
320,200
320,201
320,202
320,203
320,204
320,205
320,206
320,207
320,208
320,209
320,210
320,211
320,212
320,213
320,214
320,215
320,216
320,217
320,218
320,219
320,220
320,221
320,222
320,223
320,224
320,225
320,226
320,227
320,228
320,229
320,230
320,231
320,232
320,233
320,234
320,235
320,236
320,237
320,238
320,239
320,240
320,241
320,242
320,243
320,244
320,245
320,246
320,247
:300_7,248
:300_7,249
:300_7,250
:300_7,251
:300_7,252
:300_7,253
:300_7,254
556,255
556,256
556,257
556,258
556,259
556,260
556,261
556,262
556,263
556,264
556,265
556,266
556,267
556,268
556,269
556,270
556,271
556,272
556,273
556,274
556,275
556,276
556,277
556,278
556,279
556,280
556,281
556,282
556,283
556,284
556,285
556,286
556,287
556,288
556,289
556,290
556,291
556,292
556,293
556,294
556,295
556,296
556,297
556,298
556,299
556,300
556,301
556,302
556,303
556,304
556,305
556,306
556,307
556,308
556,309
556,310
556,311
556,312
556,313
556,314
556,315
556,316
556,317
556,318
556,319
556,320
556,321
556,322
556,323
556,324
556,325
556,326
556,327
556,328
556,329
556,330
556,331
556,332
556,333
556,334
556,335
556,336
556,337
556,338
556,339
556,340
556,341
556,342
556,343
556,344
556,345
556,346
556,347
556,348
556,349
556,350
556,351
556,352
:184_7,353
:184_7,354
:184_7,355
:184_7,356
:184_7,357
:184_7,358
-171,359
-171,360
-171,361
-171,362
-171,363
-171,364
-171,365
-171,366
-171,367
-171,368
-171,369
-171,370
-171,371
-171,372
-171,373
-171,374
-171,375
-171,376
-171,377
-171,378
-171,379
-171,380
-171,381
-171,382
-171,383
-171,384
-171,385
-171,386
-171,387
-171,388
-171,389
-171,390
-171,391
-171,392
-171,393
-171,394
-171,395
-171,396
-171,397
-171,398
-171,399
-171,400
-171,401
-171,402
-171,403
-171,404
-171,405
-171,406
-171,407
-171,408
-171,409
-171,410
-171,411
-171,412
-171,413
-171,414
-171,415
-171,416
-171,417
-171,418
-171,419
-171,420
-171,421
-171,422
-171,423
-171,424
-171,425
-171,426
-171,427
-171,428
-171,429
-171,430
-171,431
-171,432
-171,433
-171,434
-171,435
-171,436
-171,437
-171,438
-171,439
-171,440
-171,441
-171,442
-171,443
-171,444
-171,445
-171,446
-171,447
-171,448
-171,449
-171,450
-171,451
-171,452
-171,453
-171,454
-171,455
-171,456
-171,457
-171,458
-171,459
-171,460
-171,461
-171,462
-171,463
-171,464
-171,465
-171,466
-171,467
-171,468
-171,469
-171,470
-171,471
-171,472
-171,473
-171,474
-171,475
-171,476
-171,477
-171,478
-171,479
-171,480
-171,481
-171,482
-171,483
-171,484
-171,485
-171,486
-171,487
-171,488
-171,489
-171,490
:183_1,491
-170,492
-170,493
-170,494
-170,495
-170,496
-170,497
-170,498
-170,499
-170,500
-170,501
-170,502
-170,503
-170,504
-170,505
-170,506
-170,507
-170,508
-170,509
-170,510
-170,511
-170,512
-170,513
-170,514
-170,515
-170,516
-170,517
-170,518
-170,519
-170,520
-170,521
-170,522
-170,523
-170,524
-170,525
-170,526
-170,527
-170,528
-170,529
-170,530
-170,531
-170,532
-170,533
-170,534
-170,535
-170,536
-170,537
-170,538
-170,539
-170,540
-170,541
-170,542
-170,543
-170,544
-170,545
-170,546
-170,547
-170,548
-170,549
-170,550
-170,551
-170,552
-170,553
-170,554
-170,555
-170,556
-170,557
-170,558
-170,559
-170,560
-170,561
-170,562
-170,563
-170,564
-170,565
-170,566
-170,567
-170,568
-170,569
-170,570
-170,571
-170,572
-170,573
-170,574
-170,575
-170,576
-170,577
-170,578
-170,579
-170,580
-170,581
-170,582
-170,583
-170,584
-170,585
-170,586
-170,587
-170,588
-170,589
-170,590
-170,591
-170,592
-170,593
-170,594
-170,595
-170,596
-170,597
-170,598
-170,599
-170,600
-170,601
-170,602
-170,603
-170,604
-170,605
-170,606
-170,607
-170,608
-170,609
-170,610
-170,611
-170,612
-170,613
-170,614
-170,615
-170,616
-170,617
-170,618
-170,619
-170,620
-170,621
-170,622
-170,623
-170,624
-170,625
-170,626
-170,627
-170,628
-170,629
-170,630
-170,631
-170,632
-170,633
-170,634
-170,635
-170,636
-170,637
-170,638
-170,639
-170,640
-170,641
:180_7,642
:180_7,643
:180_7,644
:180_7,645
:180_7,646
:180_7,647
168,648
168,649
168,650
168,651
168,652
168,653
168,654
168,655
168,656
168,657
168,658
168,659
168,660
168,661
168,662
168,663
168,664
168,665
168,666
168,667
168,668
168,669
168,670
168,671
168,672
168,673
168,674
168,675
168,676
168,677
168,678
168,679
168,680
168,681
168,682
168,683
168,684
168,685
168,686
168,687
168,688
168,689
168,690
168,691
168,692
168,693
168,694
168,695
168,696
168,697
168,698
168,699
168,700
168,701
168,702
168,703
168,704
168,705
168,706
168,707
168,708
168,709
168,710
168,711
168,712
168,713
168,714
168,715
168,716
168,717
168,718
168,719
168,720
168,721
168,722
168,723
168,724
168,725
168,726
168,727
168,728
168,729
168,730
168,731
168,732
168,733
168,734
168,735
168,736
168,737
168,738
168,739
168,740
168,741
168,742
168,743
168,744
168,745
168,746
168,747
168,748
168,749
168,750
168,751
168,752
168,753
168,754
168,755
168,756
168,757
168,758
168,759
168,760
168,761
168,762
168,763
168,764
168,765
168,766
168,767
168,768
168,769
168,770
168,771
168,772
168,773
168,774
168,775
168,776
168,777
168,778
168,779
168,780
168,781
168,782
168,783
168,784
168,785
168,786
168,787
168,788
168,789
168,790
168,791
168,792
168,793
168,794
168,795
168,796
168,797
168,798
168,799
168,800
168,801
168,802
168,803
168,804
168,805
168,806
168,807
168,808
168,809
168,810
168,811
168,812
168,813
168,814
168,815
168,816
168,817
168,818
168,819
168,820
168,821
168,822
168,823
168,824
168,825
168,826
168,827
168,828
168,829
168,830
168,831
168,832
168,833
168,834
168,835
168,836
168,837
168,838
168,839
168,840
168,841
168,842
168,843
168,844
168,845
168,846
168,847
168,848
168,849
168,850
168,851
168,852
168,853
168,854
168,855
168,856
168,857
168,858
168,859
168,860
168,861
168,862
168,863
168,864
168,865
168,866
168,867
168,868
168,869
168,870
168,871
168,872
168,873
168,874
168,875
168,876
168,877
168,878
168,879
168,880
168,881
168,882
168,883
168,884
168,885
168,886
168,887
168,888
168,889
:181_13,890
:181_13,891
:181_13,892
:181_13,893
:181_13,894
:181_13,895
:181_13,896
173,897
173,898
173,899
173,900
173,901
173,902
173,903
173,904
173,905
173,906
173,907
173,908
173,909
173,910
173,911
173,912
173,913
173,914
173,915
173,916
173,917
173,918
173,919
173,920
173,921
173,922
173,923
173,924
173,925
173,926
173,927
173,928
173,929
173,930
173,931
173,932
173,933
173,934
173,935
173,936
173,937
173,938
173,939
173,940
173,941
173,942
173,943
173,944
173,945
173,946
173,947
173,948
173,949
173,950
173,951
173,952
173,953
173,954
173,955
173,956
173,957
173,958
173,959
173,960
173,961
173,962
173,963
173,964
173,965
173,966
173,967
173,968
173,969
173,970
173,971
173,972
173,973
173,974
173,975
173,976
173,977
173,978
173,979
173,980
173,981
173,982
173,983
173,984
173,985
173,986
173,987
173,988
173,989
173,990
173,991
173,992
173,993
173,994
173,995
173,996
173,997
173,998
173,999
173,1000
173,1001
173,1002
173,1003
173,1004
173,1005
173,1006
173,1007
173,1008
173,1009
173,1010
173,1011
173,1012
173,1013
173,1014
173,1015
173,1016
173,1017
173,1018
173,1019
173,1020
173,1021
173,1022
173,1023
173,1024
173,1025
173,1026
173,1027
173,1028
173,1029
173,1030
173,1031
173,1032
173,1033
173,1034
173,1035
173,1036
173,1037
173,1038
173,1039
173,1040
173,1041
173,1042
173,1043
173,1044
173,1045
173,1046
173,1047
173,1048
173,1049
173,1050
173,1051
173,1052
173,1053
173,1054
173,1055
173,1056
173,1057
173,1058
173,1059
173,1060
173,1061
173,1062
173,1063
173,1064
173,1065
173,1066
173,1067
173,1068
173,1069
173,1070
173,1071
173,1072
173,1073
173,1074
173,1075
173,1076
173,1077
173,1078
173,1079
173,1080
173,1081
173,1082
173,1083
173,1084
173,1085
173,1086
173,1087
173,1088
173,1089
:186_13,1090
:186_13,1091
:186_13,1092
:186_13,1093
:186_13,1094
:186_13,1095
:186_13,1096
227,1097
227,1098
227,1099
227,1100
227,1101
227,1102
227,1103
227,1104
227,1105
227,1106
227,1107
227,1108
227,1109
227,1110
227,1111
227,1112
227,1113
227,1114
227,1115
227,1116
227,1117
227,1118
227,1119
227,1120
227,1121
227,1122
227,1123
227,1124
227,1125
227,1126
227,1127
227,1128
227,1129
227,1130
227,1131
227,1132
227,1133
227,1134
227,1135
227,1136
227,1137
227,1138
227,1139
227,1140
227,1141
227,1142
227,1143
227,1144
227,1145
227,1146
227,1147
227,1148
227,1149
227,1150
227,1151
227,1152
227,1153
227,1154
227,1155
227,1156
227,1157
227,1158
227,1159
227,1160
227,1161
227,1162
227,1163
227,1164
227,1165
227,1166
227,1167
227,1168
227,1169
227,1170
-211,1171
-211,1172
-211,1173
-211,1174
-211,1175
-211,1176
-211,1177
-211,1178
-211,1179
-211,1180
-211,1181
-211,1182
-211,1183
-211,1184
-211,1185
-211,1186
-211,1187
-211,1188
-211,1189
-211,1190
-211,1191
-211,1192
-211,1193
-211,1194
-211,1195
-211,1196
-211,1197
-211,1198
-211,1199
-211,1200
-211,1201
-211,1202
-211,1203
-211,1204
-211,1205
-211,1206
-211,1207
-211,1208
-211,1209
-211,1210
-211,1211
-211,1212
-211,1213
-211,1214
-211,1215
-211,1216
-211,1217
-211,1218
-211,1219
-211,1220
-211,1221
-211,1222
-211,1223
-211,1224
-211,1225
-211,1226
:189_12,1227
:189_12,1228
:189_12,1229
:189_12,1230
:189_12,1231
-176,1232
-176,1233
-176,1234
-176,1235
-176,1236
-176,1237
-176,1238
-176,1239
-176,1240
-176,1241
-176,1242
-176,1243
-176,1244
-176,1245
-176,1246
-176,1247
-176,1248
-176,1249
-176,1250
-176,1251
-176,1252
-176,1253
-176,1254
-176,1255
-176,1256
-176,1257
-176,1258
-176,1259
-176,1260
-176,1261
-176,1262
-176,1263
-176,1264
-176,1265
-176,1266
-176,1267
-176,1268
-176,1269
-176,1270
-176,1271
-176,1272
-176,1273
-176,1274
-176,1275
-176,1276
-176,1277
-176,1278
-176,1279
-176,1280
-176,1281
-176,1282
-176,1283
-176,1284
-176,1285
-176,1286
-176,1287
-176,1288
-176,1289
-176,1290
-176,1291
-176,1292
-176,1293
-176,1294
-176,1295
-176,1296
-176,1297
-176,1298
-176,1299
-176,1300
-176,1301
-176,1302
-176,1303
-176,1304
-176,1305
-176,1306
-176,1307
-176,1308
-176,1309
-176,1310
-176,1311
-176,1312
-176,1313
-176,1314
-176,1315
-176,1316
-176,1317
-176,1318
-176,1319
-176,1320
-176,1321
-176,1322
-176,1323
-176,1324
-176,1325
-176,1326
-176,1327
-176,1328
-176,1329
-176,1330
-176,1331
-176,1332
-176,1333
-176,1334
-176,1335
-176,1336
-176,1337
-176,1338
-176,1339
-176,1340
-176,1341
-176,1342
-176,1343
-176,1344
-176,1345
-176,1346
-176,1347
-176,1348
-176,1349
-176,1350
-176,1351
-176,1352
-176,1353
-176,1354
-176,1355
-176,1356
-176,1357
-176,1358
-176,1359
-176,1360
-176,1361
-176,1362
-176,1363
-176,1364
:13_13,1365
:13_17,1366
685,1367
685,1368
685,1369
685,1370
685,1371
685,1372
685,1373
685,1374
685,1375
685,1376
685,1377
685,1378
685,1379
685,1380
685,1381
685,1382
685,1383
685,1384
685,1385
685,1386
685,1387
685,1388
685,1389
685,1390
:373_5,1391
684,1392
684,1393
684,1394
684,1395
684,1396
684,1397
684,1398
684,1399
684,1400
684,1401
684,1402
684,1403
684,1404
684,1405
684,1406
684,1407
684,1408
684,1409
684,1410
684,1411
684,1412
684,1413
684,1414
684,1415
:6_9,1416
:6_9,1417
:6_9,1418
6,1419
6,1420
6,1421
6,1422
6,1423
6,1424
6,1425
6,1426
6,1427
6,1428
6,1429
6,1430
6,1431
6,1432
6,1433
6,1434
6,1435
6,1436
6,1437
6,1438
6,1439
6,1440
6,1441
6,1442
6,1443
6,1444
6,1445
6,1446
6,1447
6,1448
6,1449
6,1450
6,1451
6,1452
6,1453
6,1454
6,1455
6,1456
6,1457
6,1458
6,1459
6,1460
6,1461
6,1462
6,1463
6,1464
6,1465
6,1466
6,1467
6,1468
6,1469
6,1470
6,1471
6,1472
6,1473
6,1474
6,1475
6,1476
6,1477
6,1478
6,1479
6,1480
6,1481
6,1482
6,1483
6,1484
6,1485
6,1486
6,1487
6,1488
6,1489
6,1490
6,1491
6,1492
6,1493
6,1494
6,1495
6,1496
6,1497
6,1498
6,1499
6,1500
6,1501
6,1502
6,1503
6,1504
6,1505
6,1506
6,1507
6,1508
6,1509
6,1510
6,1511
6,1512
6,1513
6,1514
6,1515
6,1516
6,1517
6,1518
6,1519
6,1520
6,1521
6,1522
6,1523
6,1524
6,1525
6,1526
6,1527
6,1528
6,1529
6,1530
6,1531
6,1532
6,1533
6,1534
6,1535
6,1536
6,1537
6,1538
6,1539
6,1540
6,1541
6,1542
6,1543
6,1544
6,1545
6,1546
6,1547
6,1548
6,1549
6,1550
6,1551
6,1552
6,1553
6,1554
6,1555
6,1556
6,1557
6,1558
6,1559
6,1560
6,1561
6,1562
6,1563
6,1564
6,1565
6,1566
6,1567
6,1568
6,1569
6,1570
6,1571
6,1572
6,1573
6,1574
6,1575
6,1576
6,1577
6,1578
6,1579
6,1580
6,1581
6,1582
6,1583
6,1584
6,1585
6,1586
6,1587
6,1588
6,1589
6,1590
6,1591
6,1592
6,1593
6,1594
6,1595
6,1596
6,1597
6,1598
6,1599
6,1600
6,1601
6,1602
6,1603
6,1604
6,1605
6,1606
6,1607
6,1608
6,1609
6,1610
6,1611
6,1612
6,1613
6,1614
6,1615
6,1616
6,1617
6,1618
6,1619
6,1620
6,1621
6,1622
6,1623
6,1624
6,1625
6,1626
6,1627
6,1628
6,1629
6,1630
6,1631
6,1632
6,1633
6,1634
6,1635
6,1636
6,1637
6,1638
6,1639
6,1640
6,1641
6,1642
6,1643
6,1644
6,1645
6,1646
6,1647
6,1648
6,1649
6,1650
6,1651
6,1652
6,1653
6,1654
6,1655
6,1656
6,1657
6,1658
6,1659
6,1660
6,1661
6,1662
6,1663
6,1664
6,1665
6,1666
6,1667
6,1668
6,1669
6,1670
6,1671
6,1672
6,1673
6,1674
6,1675
:8_1,1676
7,1677
7,1678
7,1679
7,1680
7,1681
7,1682
7,1683
7,1684
7,1685
7,1686
7,1687
7,1688
7,1689
7,1690
7,1691
7,1692
7,1693
7,1694
7,1695
7,1696
7,1697
7,1698
7,1699
7,1700
7,1701
7,1702
7,1703
7,1704
7,1705
7,1706
7,1707
7,1708
7,1709
7,1710
7,1711
7,1712
7,1713
7,1714
7,1715
7,1716
7,1717
7,1718
7,1719
7,1720
7,1721
7,1722
7,1723
7,1724
7,1725
7,1726
7,1727
7,1728
7,1729
7,1730
7,1731
7,1732
7,1733
7,1734
7,1735
7,1736
7,1737
7,1738
7,1739
7,1740
7,1741
7,1742
7,1743
7,1744
7,1745
7,1746
7,1747
7,1748
7,1749
7,1750
7,1751
7,1752
7,1753
7,1754
7,1755
7,1756
7,1757
7,1758
7,1759
7,1760
7,1761
7,1762
:9_1,1763
8,1764
8,1765
8,1766
8,1767
8,1768
8,1769
8,1770
8,1771
8,1772
8,1773
8,1774
8,1775
8,1776
8,1777
8,1778
8,1779
8,1780
8,1781
8,1782
8,1783
8,1784
8,1785
8,1786
8,1787
8,1788
8,1789
8,1790
8,1791
8,1792
8,1793
8,1794
8,1795
8,1796
8,1797
8,1798
8,1799
8,1800
8,1801
8,1802
8,1803
8,1804
8,1805
8,1806
8,1807
8,1808
8,1809
8,1810
8,1811
8,1812
8,1813
8,1814
8,1815
8,1816
8,1817
8,1818
8,1819
8,1820
8,1821
8,1822
8,1823
8,1824
8,1825
8,1826
8,1827
8,1828
8,1829
8,1830
8,1831
8,1832
8,1833
8,1834
8,1835
8,1836
8,1837
8,1838
8,1839
9,1840
9,1841
9,1842
9,1843
9,1844
9,1845
9,1846
9,1847
9,1848
9,1849
9,1850
9,1851
9,1852
9,1853
9,1854
9,1855
9,1856
9,1857
9,1858
9,1859
9,1860
9,1861
9,1862
9,1863
9,1864
9,1865
9,1866
9,1867
9,1868
9,1869
9,1870
9,1871
9,1872
9,1873
9,1874
9,1875
9,1876
9,1877
9,1878
9,1879
9,1880
9,1881
9,1882
9,1883
9,1884
9,1885
9,1886
9,1887
9,1888
9,1889
9,1890
9,1891
9,1892
9,1893
9,1894
9,1895
9,1896
9,1897
9,1898
9,1899
9,1900
9,1901
9,1902
9,1903
9,1904
9,1905
9,1906
9,1907
9,1908
9,1909
9,1910
9,1911
9,1912
10,1913
10,1914
10,1915
10,1916
10,1917
10,1918
10,1919
10,1920
10,1921
10,1922
10,1923
10,1924
10,1925
10,1926
10,1927
10,1928
10,1929
10,1930
10,1931
10,1932
10,1933
10,1934
10,1935
10,1936
10,1937
10,1938
10,1939
10,1940
10,1941
10,1942
10,1943
10,1944
10,1945
10,1946
10,1947
10,1948
10,1949
10,1950
10,1951
10,1952
10,1953
10,1954
10,1955
10,1956
10,1957
10,1958
10,1959
10,1960
10,1961
10,1962
10,1963
10,1964
10,1965
10,1966
10,1967
10,1968
10,1969
10,1970
10,1971
10,1972
10,1973
10,1974
10,1975
10,1976
10,1977
10,1978
10,1979
10,1980
10,1981
10,1982
10,1983
10,1984
10,1985
10,1986
11,1987
11,1988
11,1989
11,1990
11,1991
11,1992
11,1993
11,1994
11,1995
11,1996
11,1997
11,1998
11,1999
11,2000
