-248,1
-248,2
-248,3
-248,4
-248,5
-248,6
-248,7
-248,8
-248,9
-248,10
-248,11
-248,12
-248,13
-248,14
-248,15
-248,16
-248,17
-248,18
-248,19
-248,20
-248,21
-248,22
-248,23
-248,24
-248,25
-248,26
-248,27
-248,28
-248,29
-248,30
-248,31
-248,32
-248,33
-248,34
-248,35
-248,36
-248,37
-248,38
-248,39
-248,40
-248,41
-248,42
-248,43
-248,44
-248,45
-248,46
-248,47
-248,48
-248,49
-248,50
-248,51
-248,52
-248,53
-248,54
-248,55
-248,56
-248,57
-248,58
-248,59
-248,60
-248,61
-248,62
-248,63
-248,64
-248,65
-248,66
-248,67
-248,68
-248,69
-248,70
-248,71
-248,72
-248,73
-248,74
-248,75
-248,76
-248,77
-248,78
-248,79
-248,80
-248,81
-248,82
-248,83
-248,84
-248,85
-248,86
-248,87
-248,88
-248,89
-248,90
-248,91
-248,92
-248,93
-248,94
-248,95
-248,96
-248,97
-248,98
-248,99
-248,100
-248,101
-248,102
-248,103
-248,104
-248,105
-248,106
-248,107
:249_5,108
:249_5,109
:249_5,110
:249_5,111
:249_5,112
:249_5,113
249,114
249,115
249,116
249,117
249,118
249,119
249,120
249,121
249,122
249,123
249,124
249,125
249,126
249,127
249,128
249,129
249,130
249,131
249,132
249,133
249,134
249,135
249,136
249,137
249,138
249,139
249,140
249,141
249,142
249,143
249,144
249,145
249,146
249,147
249,148
249,149
249,150
249,151
249,152
249,153
249,154
249,155
249,156
249,157
249,158
249,159
249,160
249,161
249,162
249,163
249,164
249,165
249,166
249,167
249,168
249,169
249,170
249,171
249,172
249,173
249,174
249,175
249,176
249,177
249,178
249,179
249,180
249,181
249,182
249,183
249,184
249,185
249,186
249,187
249,188
249,189
249,190
249,191
249,192
249,193
249,194
249,195
249,196
249,197
249,198
249,199
249,200
249,201
249,202
249,203
249,204
249,205
249,206
249,207
249,208
249,209
249,210
249,211
249,212
249,213
249,214
249,215
249,216
249,217
249,218
249,219
249,220
249,221
249,222
249,223
249,224
249,225
249,226
249,227
249,228
249,229
249,230
249,231
249,232
249,233
249,234
249,235
249,236
249,237
249,238
249,239
249,240
:147_4,241
:147_4,242
:147_4,243
:147_4,244
:147_4,245
:147_4,246
:147_4,247
-132,248
-132,249
-132,250
-132,251
-132,252
-132,253
-132,254
-132,255
-132,256
-132,257
-132,258
-132,259
-132,260
-132,261
-132,262
-132,263
-132,264
-132,265
-132,266
-132,267
-132,268
-132,269
-132,270
-132,271
-132,272
-132,273
-132,274
-132,275
-132,276
-132,277
-132,278
-132,279
-132,280
-132,281
-132,282
-132,283
-132,284
-132,285
-132,286
-132,287
-132,288
-132,289
-132,290
-132,291
-132,292
-132,293
-132,294
-132,295
-132,296
-132,297
-132,298
-132,299
-132,300
-132,301
-132,302
-132,303
-132,304
-132,305
-132,306
-132,307
-132,308
-132,309
-132,310
-132,311
-132,312
-132,313
-132,314
-132,315
-132,316
-132,317
-132,318
-132,319
-132,320
-132,321
-132,322
-132,323
-132,324
-132,325
-132,326
-132,327
-132,328
-132,329
-132,330
-132,331
-132,332
-132,333
-132,334
-132,335
-132,336
-132,337
-132,338
-132,339
-132,340
-132,341
-132,342
-132,343
-132,344
-132,345
-132,346
-132,347
-132,348
-132,349
-132,350
-132,351
-132,352
-132,353
-132,354
-132,355
-132,356
-132,357
-132,358
-132,359
-132,360
-132,361
-132,362
-132,363
-132,364
-132,365
-132,366
-132,367
-132,368
-132,369
-132,370
-132,371
:146_4,372
:146_4,373
:146_4,374
:146_4,375
:146_4,376
:146_4,377
134,378
134,379
134,380
134,381
134,382
134,383
134,384
134,385
134,386
134,387
134,388
134,389
134,390
134,391
134,392
134,393
134,394
134,395
134,396
134,397
134,398
134,399
134,400
134,401
134,402
134,403
134,404
134,405
134,406
134,407
134,408
134,409
134,410
134,411
134,412
134,413
134,414
134,415
134,416
134,417
134,418
134,419
134,420
134,421
134,422
134,423
134,424
134,425
134,426
134,427
134,428
134,429
134,430
134,431
134,432
134,433
134,434
134,435
134,436
134,437
134,438
134,439
134,440
134,441
134,442
134,443
134,444
134,445
134,446
134,447
134,448
134,449
134,450
134,451
134,452
134,453
134,454
134,455
134,456
134,457
134,458
134,459
134,460
134,461
134,462
134,463
134,464
134,465
134,466
134,467
134,468
134,469
134,470
134,471
134,472
134,473
134,474
134,475
134,476
134,477
134,478
134,479
134,480
134,481
134,482
134,483
134,484
134,485
134,486
134,487
134,488
134,489
134,490
134,491
134,492
134,493
134,494
134,495
134,496
134,497
134,498
134,499
134,500
134,501
134,502
134,503
134,504
134,505
134,506
134,507
134,508
134,509
134,510
134,511
134,512
134,513
134,514
134,515
134,516
134,517
134,518
134,519
134,520
134,521
134,522
134,523
134,524
134,525
134,526
134,527
134,528
134,529
134,530
134,531
134,532
134,533
134,534
134,535
134,536
134,537
134,538
134,539
134,540
134,541
134,542
134,543
134,544
134,545
134,546
134,547
134,548
134,549
134,550
134,551
134,552
134,553
134,554
134,555
134,556
134,557
134,558
134,559
134,560
134,561
134,562
134,563
134,564
134,565
134,566
134,567
134,568
134,569
134,570
134,571
134,572
134,573
134,574
134,575
134,576
134,577
134,578
134,579
134,580
134,581
134,582
134,583
134,584
134,585
134,586
134,587
134,588
134,589
134,590
134,591
134,592
134,593
134,594
134,595
134,596
134,597
134,598
134,599
134,600
134,601
134,602
134,603
134,604
134,605
134,606
134,607
:149_5,608
:149_5,609
:149_5,610
:149_5,611
:149_5,612
:149_5,613
:149_5,614
:149_5,615
-419,616
-419,617
-419,618
-419,619
-419,620
-419,621
-419,622
-419,623
-419,624
-419,625
-419,626
-419,627
-419,628
-419,629
-419,630
-419,631
-419,632
-419,633
-419,634
-419,635
-419,636
-419,637
-419,638
-419,639
-419,640
-419,641
-419,642
-419,643
-419,644
-419,645
-419,646
-419,647
-419,648
-419,649
-419,650
-419,651
-419,652
-419,653
-419,654
-419,655
-419,656
-419,657
-419,658
-419,659
-419,660
-419,661
-419,662
-419,663
-419,664
-419,665
-419,666
-419,667
-419,668
-419,669
-419,670
-419,671
-419,672
-419,673
-419,674
-419,675
-419,676
-419,677
-419,678
-419,679
-419,680
-419,681
-419,682
-419,683
-419,684
-419,685
-419,686
-419,687
-419,688
-419,689
-419,690
-419,691
-419,692
-419,693
-419,694
-419,695
-419,696
-419,697
-419,698
-419,699
-419,700
-419,701
-419,702
-419,703
-419,704
-419,705
-419,706
-419,707
-419,708
-419,709
-419,710
-419,711
-419,712
-419,713
-419,714
-419,715
-419,716
-419,717
-419,718
-419,719
-419,720
-419,721
-419,722
-419,723
-419,724
-419,725
-419,726
-419,727
-419,728
-419,729
-419,730
-419,731
-419,732
-419,733
-419,734
-419,735
-419,736
-419,737
-419,738
-419,739
-419,740
-419,741
-419,742
-419,743
-419,744
-419,745
-419,746
-419,747
-419,748
-419,749
-419,750
-419,751
-419,752
-419,753
-419,754
-419,755
-419,756
-419,757
-419,758
-419,759
-419,760
-419,761
-419,762
-419,763
-419,764
-419,765
-419,766
-419,767
-419,768
-419,769
-419,770
-419,771
-419,772
-419,773
-419,774
-419,775
-419,776
-419,777
-419,778
-419,779
-419,780
-419,781
-419,782
-419,783
-419,784
-419,785
-419,786
-419,787
-419,788
-419,789
-419,790
-419,791
-419,792
-419,793
-419,794
-419,795
-419,796
-419,797
-419,798
-419,799
-419,800
-419,801
-419,802
-419,803
-419,804
-419,805
-419,806
-419,807
-419,808
-419,809
-419,810
-419,811
-419,812
-419,813
-419,814
-419,815
-419,816
-419,817
-419,818
-419,819
-419,820
-419,821
-419,822
-419,823
-419,824
-419,825
-419,826
-419,827
-419,828
-419,829
-419,830
-419,831
-419,832
-419,833
-419,834
-419,835
-419,836
-419,837
-419,838
-419,839
-419,840
-419,841
-419,842
-419,843
-419,844
-419,845
-419,846
-419,847
-419,848
-419,849
-419,850
-419,851
-419,852
-419,853
-419,854
-419,855
-419,856
-419,857
-419,858
-419,859
-419,860
-419,861
-419,862
-419,863
-419,864
-419,865
-419,866
-419,867
-419,868
-419,869
-419,870
:207_4,871
:207_4,872
:207_4,873
:207_4,874
:207_4,875
:207_4,876
:207_4,877
-418,878
-418,879
-418,880
-418,881
-418,882
-418,883
-418,884
-418,885
-418,886
-418,887
-418,888
-418,889
-418,890
-418,891
-418,892
-418,893
-418,894
-418,895
-418,896
-418,897
-418,898
-418,899
-418,900
-418,901
-418,902
-418,903
-418,904
-418,905
-418,906
-418,907
-418,908
-418,909
-418,910
-418,911
-418,912
-418,913
-418,914
-418,915
-418,916
-418,917
-418,918
-418,919
-418,920
-418,921
-418,922
-418,923
-418,924
-418,925
-418,926
-418,927
-418,928
-418,929
-418,930
-418,931
-418,932
-418,933
-418,934
-418,935
-418,936
-418,937
-418,938
-418,939
-418,940
-418,941
-418,942
-418,943
-418,944
-418,945
-418,946
-418,947
-418,948
-418,949
-418,950
-418,951
-418,952
-418,953
-418,954
-418,955
-418,956
-418,957
-418,958
-418,959
-418,960
-418,961
-418,962
-418,963
-418,964
-418,965
-418,966
-418,967
-418,968
-418,969
-418,970
-418,971
-418,972
-418,973
-418,974
-418,975
-418,976
-418,977
-418,978
-418,979
-418,980
-418,981
:369_1,982
420,983
420,984
420,985
420,986
420,987
420,988
420,989
420,990
420,991
420,992
420,993
420,994
420,995
420,996
420,997
420,998
420,999
420,1000
420,1001
420,1002
420,1003
420,1004
420,1005
420,1006
420,1007
420,1008
420,1009
420,1010
420,1011
420,1012
420,1013
420,1014
420,1015
420,1016
420,1017
420,1018
420,1019
420,1020
420,1021
420,1022
420,1023
420,1024
420,1025
420,1026
420,1027
420,1028
420,1029
420,1030
420,1031
420,1032
420,1033
420,1034
420,1035
420,1036
420,1037
420,1038
420,1039
420,1040
420,1041
420,1042
420,1043
420,1044
420,1045
420,1046
420,1047
420,1048
420,1049
420,1050
420,1051
420,1052
420,1053
420,1054
420,1055
420,1056
420,1057
420,1058
420,1059
420,1060
420,1061
420,1062
420,1063
420,1064
420,1065
420,1066
420,1067
420,1068
420,1069
420,1070
420,1071
420,1072
420,1073
420,1074
:343_7,1075
:343_7,1076
:343_7,1077
:343_7,1078
:343_7,1079
:343_7,1080
-379,1081
-379,1082
-379,1083
-379,1084
-379,1085
-379,1086
-379,1087
-379,1088
-379,1089
-379,1090
-379,1091
-379,1092
-379,1093
-379,1094
-379,1095
-379,1096
-379,1097
-379,1098
-379,1099
-379,1100
-379,1101
-379,1102
-379,1103
-379,1104
-379,1105
-379,1106
-379,1107
-379,1108
-379,1109
-379,1110
-379,1111
-379,1112
-379,1113
-379,1114
-379,1115
-379,1116
-379,1117
-379,1118
-379,1119
-379,1120
-379,1121
-379,1122
-379,1123
-379,1124
-379,1125
-379,1126
-379,1127
-379,1128
-379,1129
-379,1130
-379,1131
-379,1132
-379,1133
-379,1134
-379,1135
-379,1136
-379,1137
-379,1138
-379,1139
-379,1140
-379,1141
-379,1142
-379,1143
-379,1144
-379,1145
-379,1146
-379,1147
-379,1148
-379,1149
-379,1150
-379,1151
-379,1152
-379,1153
-379,1154
-379,1155
-379,1156
-379,1157
-379,1158
-379,1159
-379,1160
-379,1161
-379,1162
-379,1163
-379,1164
-379,1165
-379,1166
-379,1167
-379,1168
-379,1169
-379,1170
-379,1171
-379,1172
-379,1173
-379,1174
-379,1175
-379,1176
-379,1177
-379,1178
-379,1179
-379,1180
-379,1181
-379,1182
-379,1183
-379,1184
-379,1185
-379,1186
-379,1187
-379,1188
-379,1189
-379,1190
-379,1191
-379,1192
-379,1193
-379,1194
-379,1195
-379,1196
-379,1197
-379,1198
-379,1199
-379,1200
-379,1201
-379,1202
-379,1203
-379,1204
-379,1205
-379,1206
-379,1207
-379,1208
-379,1209
-379,1210
-379,1211
-379,1212
-379,1213
-379,1214
-379,1215
:237_3,1216
:237_3,1217
:237_3,1218
:237_3,1219
:237_3,1220
:237_3,1221
:237_3,1222
-233,1223
-233,1224
-233,1225
-233,1226
-233,1227
-233,1228
-233,1229
-233,1230
-233,1231
-233,1232
-233,1233
-233,1234
-233,1235
-233,1236
-233,1237
-233,1238
-233,1239
-233,1240
-233,1241
-233,1242
-233,1243
-233,1244
-233,1245
-233,1246
-233,1247
-233,1248
-233,1249
-233,1250
-233,1251
-233,1252
-233,1253
-233,1254
-233,1255
-233,1256
-233,1257
-233,1258
-233,1259
-233,1260
-233,1261
-233,1262
-233,1263
-233,1264
-233,1265
-233,1266
-233,1267
-233,1268
-233,1269
-233,1270
-233,1271
-233,1272
-233,1273
-233,1274
-233,1275
-233,1276
-233,1277
-233,1278
-233,1279
-233,1280
-233,1281
-233,1282
-233,1283
-233,1284
-233,1285
-233,1286
-233,1287
-233,1288
-233,1289
-233,1290
-233,1291
-233,1292
-233,1293
-233,1294
-233,1295
-233,1296
-233,1297
-233,1298
-233,1299
-233,1300
-233,1301
-233,1302
-233,1303
-233,1304
-233,1305
-233,1306
-233,1307
-233,1308
-233,1309
-233,1310
-233,1311
-233,1312
-233,1313
-233,1314
-233,1315
-233,1316
-233,1317
-233,1318
-233,1319
-233,1320
-233,1321
-233,1322
-233,1323
-233,1324
-233,1325
-233,1326
-233,1327
-233,1328
-233,1329
-233,1330
-233,1331
-233,1332
-233,1333
-233,1334
-233,1335
-233,1336
-233,1337
-233,1338
-233,1339
-233,1340
-233,1341
-233,1342
-233,1343
-233,1344
-233,1345
-233,1346
-233,1347
-233,1348
-233,1349
-233,1350
-233,1351
-233,1352
-233,1353
-233,1354
-233,1355
-233,1356
-233,1357
-233,1358
-233,1359
