222,21
222,22
222,23
222,24
222,25
222,26
222,27
222,28
222,29
222,30
222,31
222,32
222,33
222,34
222,35
222,36
222,37
222,38
222,39
222,40
222,41
222,42
222,43
222,44
222,45
222,46
222,47
222,48
222,49
222,50
222,51
222,52
222,53
222,54
222,55
222,56
222,57
222,58
222,59
222,60
222,61
222,62
222,63
222,64
222,65
222,66
222,67
222,68
222,69
222,70
222,71
222,72
222,73
222,74
222,75
222,76
222,77
222,78
222,79
222,80
222,81
222,82
222,83
222,84
222,85
222,86
222,87
222,88
222,89
222,90
222,91
222,92
222,93
222,94
222,95
222,96
222,97
222,98
222,99
222,100
222,101
222,102
222,103
222,104
222,105
222,106
222,107
222,108
222,109
222,110
222,111
222,112
222,113
222,114
222,115
222,116
222,117
222,118
222,119
222,120
222,121
222,122
222,123
222,124
222,125
222,126
222,127
222,128
222,129
222,130
222,131
222,132
222,133
222,134
222,135
222,136
222,137
222,138
222,139
222,140
222,141
222,142
222,143
222,144
222,145
222,146
222,147
222,148
222,149
222,150
222,151
222,152
222,153
222,154
222,155
222,156
222,157
222,158
222,159
222,160
222,161
222,162
222,163
222,164
222,165
222,166
222,167
222,168
222,169
222,170
222,171
222,172
222,173
222,174
222,175
222,176
222,177
222,178
222,179
222,180
222,181
222,182
222,183
222,184
222,185
:228_4,186
:228_4,187
:228_4,188
:228_4,189
:228_4,190
223,191
223,192
223,193
223,194
223,195
223,196
223,197
223,198
223,199
223,200
223,201
223,202
223,203
223,204
223,205
223,206
223,207
223,208
223,209
223,210
223,211
223,212
223,213
223,214
223,215
223,216
223,217
223,218
223,219
223,220
223,221
223,222
223,223
223,224
223,225
223,226
223,227
223,228
223,229
223,230
223,231
223,232
223,233
223,234
223,235
223,236
223,237
223,238
223,239
223,240
223,241
223,242
223,243
223,244
223,245
223,246
223,247
223,248
223,249
223,250
223,251
223,252
223,253
223,254
223,255
223,256
223,257
223,258
223,259
223,260
223,261
223,262
223,263
223,264
223,265
223,266
223,267
223,268
223,269
223,270
223,271
223,272
223,273
223,274
223,275
223,276
223,277
223,278
223,279
:229_4,280
:229_4,281
:229_4,282
:229_4,283
:229_4,284
224,285
224,286
224,287
224,288
224,289
224,290
224,291
224,292
224,293
224,294
224,295
224,296
224,297
224,298
224,299
224,300
224,301
224,302
224,303
224,304
224,305
224,306
224,307
224,308
224,309
224,310
224,311
224,312
224,313
224,314
224,315
224,316
224,317
224,318
224,319
224,320
224,321
224,322
224,323
224,324
224,325
224,326
224,327
224,328
224,329
224,330
224,331
224,332
224,333
224,334
224,335
224,336
224,337
224,338
224,339
224,340
224,341
224,342
224,343
224,344
224,345
224,346
224,347
224,348
224,349
224,350
224,351
224,352
224,353
224,354
224,355
224,356
224,357
224,358
224,359
224,360
224,361
224,362
224,363
224,364
224,365
224,366
:230_1,367
:230_1,368
:230_1,369
:230_1,370
:230_1,371
:230_1,372
374,373
374,374
374,375
374,376
374,377
374,378
374,379
374,380
374,381
374,382
374,383
374,384
374,385
374,386
374,387
374,388
374,389
374,390
374,391
374,392
374,393
374,394
374,395
374,396
374,397
374,398
374,399
374,400
374,401
374,402
374,403
374,404
374,405
374,406
374,407
374,408
374,409
374,410
374,411
374,412
374,413
374,414
374,415
374,416
374,417
374,418
374,419
374,420
374,421
374,422
374,423
374,424
374,425
374,426
374,427
374,428
374,429
374,430
374,431
374,432
374,433
374,434
374,435
374,436
374,437
374,438
374,439
374,440
374,441
374,442
374,443
374,444
374,445
:340_0,446
375,447
375,448
375,449
375,450
375,451
375,452
375,453
375,454
375,455
375,456
375,457
375,458
375,459
375,460
375,461
375,462
375,463
375,464
375,465
375,466
375,467
375,468
375,469
375,470
375,471
375,472
375,473
375,474
375,475
375,476
375,477
375,478
375,479
375,480
375,481
375,482
375,483
375,484
375,485
375,486
375,487
375,488
375,489
375,490
375,491
375,492
375,493
375,494
375,495
375,496
375,497
375,498
375,499
375,500
375,501
375,502
375,503
375,504
375,505
375,506
375,507
375,508
375,509
375,510
375,511
375,512
375,513
375,514
375,515
375,516
375,517
375,518
375,519
375,520
375,521
375,522
375,523
375,524
375,525
375,526
375,527
375,528
375,529
375,530
375,531
375,532
375,533
375,534
375,535
375,536
375,537
375,538
375,539
375,540
375,541
375,542
375,543
375,544
375,545
375,546
375,547
375,548
375,549
375,550
375,551
:15_1,552
:15_1,553
:15_1,554
:15_1,555
:15_1,556
:15_1,557
-13,558
-13,559
-13,560
-13,561
-13,562
-13,563
-13,564
-13,565
-13,566
-13,567
-13,568
-13,569
-13,570
-13,571
-13,572
-13,573
-13,574
-13,575
-13,576
-13,577
-13,578
-13,579
-13,580
-13,581
-13,582
-13,583
-13,584
-13,585
-13,586
-13,587
-13,588
-13,589
-13,590
-13,591
-13,592
-13,593
-13,594
-13,595
-13,596
-13,597
-13,598
-13,599
-13,600
-13,601
-13,602
-13,603
-13,604
-13,605
-13,606
-13,607
-13,608
-13,609
-13,610
-13,611
-13,612
-13,613
-13,614
-13,615
-13,616
-13,617
-13,618
-13,619
-13,620
-13,621
-13,622
-13,623
-13,624
-13,625
-13,626
-13,627
-13,628
-13,629
-13,630
-13,631
-13,632
-13,633
-13,634
-13,635
-13,636
-13,637
-13,638
-13,639
-13,640
-13,641
-13,642
-13,643
-13,644
-13,645
-13,646
-13,647
-13,648
-13,649
-13,650
-13,651
-13,652
-13,653
-13,654
-13,655
14,656
14,657
14,658
14,659
14,660
14,661
14,662
14,663
14,664
14,665
14,666
14,667
14,668
14,669
14,670
14,671
14,672
14,673
14,674
14,675
14,676
14,677
14,678
14,679
14,680
14,681
14,682
14,683
14,684
14,685
14,686
14,687
14,688
14,689
14,690
14,691
14,692
14,693
14,694
14,695
14,696
14,697
14,698
14,699
14,700
14,701
14,702
14,703
14,704
14,705
14,706
14,707
14,708
14,709
14,710
14,711
14,712
14,713
14,714
14,715
14,716
14,717
14,718
14,719
14,720
14,721
14,722
14,723
14,724
14,725
14,726
14,727
14,728
14,729
14,730
14,731
14,732
14,733
14,734
14,735
14,736
14,737
14,738
14,739
14,740
14,741
14,742
14,743
14,744
14,745
14,746
14,747
14,748
14,749
14,750
14,751
14,752
14,753
14,754
14,755
14,756
14,757
14,758
14,759
14,760
14,761
14,762
14,763
14,764
14,765
:16_4,766
:16_4,767
:16_4,768
:16_4,769
:16_4,770
-210,771
-210,772
-210,773
-210,774
-210,775
-210,776
-210,777
-210,778
-210,779
-210,780
-210,781
-210,782
-210,783
-210,784
-210,785
-210,786
-210,787
-210,788
-210,789
-210,790
-210,791
-210,792
-210,793
-210,794
-210,795
-210,796
-210,797
-210,798
-210,799
-210,800
-210,801
-210,802
-210,803
-210,804
-210,805
-210,806
-210,807
-210,808
-210,809
-210,810
-210,811
-210,812
-210,813
-210,814
-210,815
-210,816
-210,817
-210,818
-210,819
-210,820
-210,821
-210,822
-210,823
-210,824
-210,825
-210,826
-210,827
-210,828
-210,829
-210,830
-210,831
-210,832
-210,833
-210,834
-210,835
-210,836
-210,837
-210,838
-210,839
-210,840
-210,841
-210,842
-210,843
-210,844
-210,845
-210,846
-210,847
-210,848
-210,849
-210,850
-210,851
-210,852
-210,853
-210,854
-210,855
-210,856
-210,857
-210,858
-210,859
-210,860
-210,861
-210,862
-210,863
-210,864
-210,865
-210,866
-210,867
:29_5,868
:29_5,869
:29_5,870
:29_5,871
:29_5,872
:29_5,873
-25,874
-25,875
-25,876
-25,877
-25,878
-25,879
-25,880
-25,881
-25,882
-25,883
-25,884
-25,885
-25,886
-25,887
-25,888
-25,889
-25,890
-25,891
-25,892
-25,893
-25,894
-25,895
-25,896
-25,897
-25,898
-25,899
-25,900
-25,901
-25,902
-25,903
-25,904
-25,905
-25,906
-25,907
-25,908
-25,909
-25,910
-25,911
-25,912
-25,913
-25,914
-25,915
-25,916
-25,917
-25,918
-25,919
-25,920
-25,921
-25,922
-25,923
-25,924
-25,925
-25,926
-25,927
-25,928
-25,929
-25,930
-25,931
-25,932
-25,933
-25,934
-25,935
-25,936
-25,937
-25,938
-25,939
-25,940
-25,941
-25,942
-25,943
-25,944
-25,945
-25,946
-25,947
-25,948
-25,949
-25,950
-25,951
-25,952
-25,953
-25,954
-25,955
-25,956
-25,957
-25,958
-25,959
-25,960
-25,961
-25,962
-25,963
-25,964
-25,965
-25,966
-25,967
-25,968
-25,969
-25,970
-25,971
-25,972
-25,973
-25,974
-25,975
-25,976
-25,977
-25,978
-25,979
-25,980
-25,981
-25,982
-25,983
-25,984
-25,985
-25,986
-25,987
-25,988
-25,989
-25,990
-25,991
-25,992
-25,993
-25,994
-25,995
-25,996
-25,997
-25,998
-25,999
-25,1000
-25,1001
-25,1002
-25,1003
-25,1004
-25,1005
-25,1006
-25,1007
-25,1008
-25,1009
-25,1010
-25,1011
-25,1012
:24_5,1013
:24_5,1014
:24_5,1015
:24_5,1016
:24_5,1017
:24_5,1018
-20,1019
-20,1020
-20,1021
-20,1022
-20,1023
-20,1024
-20,1025
-20,1026
-20,1027
-20,1028
-20,1029
-20,1030
-20,1031
-20,1032
-20,1033
-20,1034
-20,1035
-20,1036
-20,1037
-20,1038
-20,1039
-20,1040
-20,1041
-20,1042
-20,1043
-20,1044
-20,1045
-20,1046
-20,1047
-20,1048
-20,1049
-20,1050
-20,1051
-20,1052
-20,1053
-20,1054
-20,1055
-20,1056
-20,1057
-20,1058
-20,1059
-20,1060
-20,1061
-20,1062
-20,1063
-20,1064
-20,1065
-20,1066
-20,1067
-20,1068
-20,1069
-20,1070
-20,1071
-20,1072
-20,1073
-20,1074
-20,1075
-20,1076
-20,1077
-20,1078
-20,1079
-20,1080
-20,1081
-20,1082
-20,1083
-20,1084
-20,1085
-20,1086
-20,1087
-20,1088
-20,1089
-20,1090
-20,1091
-20,1092
-20,1093
-20,1094
-20,1095
-20,1096
-20,1097
-20,1098
-20,1099
-20,1100
-20,1101
-20,1102
-20,1103
-20,1104
-20,1105
-20,1106
-20,1107
-20,1108
-20,1109
-20,1110
:23_4,1111
:23_4,1112
:23_4,1113
:23_4,1114
:23_4,1115
:23_4,1116
-19,1117
-19,1118
-19,1119
-19,1120
-19,1121
-19,1122
-19,1123
-19,1124
-19,1125
-19,1126
-19,1127
-19,1128
-19,1129
-19,1130
-19,1131
-19,1132
-19,1133
-19,1134
-19,1135
-19,1136
-19,1137
-19,1138
-19,1139
-19,1140
-19,1141
-19,1142
-19,1143
-19,1144
-19,1145
-19,1146
-19,1147
-19,1148
-19,1149
-19,1150
-19,1151
-19,1152
-19,1153
-19,1154
-19,1155
-19,1156
-19,1157
-19,1158
-19,1159
-19,1160
-19,1161
-19,1162
-19,1163
-19,1164
-19,1165
-19,1166
-19,1167
-19,1168
-19,1169
-19,1170
-19,1171
-19,1172
-19,1173
-19,1174
-19,1175
-19,1176
-19,1177
-19,1178
-19,1179
-19,1180
-19,1181
-19,1182
-19,1183
-19,1184
-19,1185
-19,1186
-19,1187
-19,1188
-19,1189
-19,1190
-19,1191
-19,1192
-19,1193
-19,1194
-19,1195
-19,1196
-19,1197
-19,1198
-19,1199
-19,1200
-19,1201
-19,1202
-19,1203
-19,1204
-19,1205
-19,1206
-19,1207
-19,1208
-19,1209
-19,1210
-19,1211
-19,1212
:22_1,1213
:22_1,1214
:22_1,1215
:22_1,1216
:22_1,1217
23,1218
23,1219
23,1220
23,1221
23,1222
23,1223
23,1224
23,1225
23,1226
23,1227
23,1228
23,1229
23,1230
23,1231
23,1232
23,1233
23,1234
23,1235
23,1236
23,1237
23,1238
23,1239
23,1240
23,1241
23,1242
23,1243
23,1244
23,1245
23,1246
23,1247
23,1248
23,1249
23,1250
23,1251
23,1252
23,1253
23,1254
23,1255
23,1256
23,1257
23,1258
23,1259
23,1260
23,1261
23,1262
23,1263
23,1264
23,1265
23,1266
23,1267
23,1268
23,1269
23,1270
23,1271
23,1272
23,1273
23,1274
23,1275
23,1276
23,1277
23,1278
23,1279
23,1280
23,1281
23,1282
23,1283
23,1284
23,1285
23,1286
23,1287
23,1288
23,1289
23,1290
23,1291
23,1292
23,1293
23,1294
23,1295
23,1296
23,1297
23,1298
23,1299
23,1300
23,1301
23,1302
23,1303
23,1304
23,1305
23,1306
23,1307
23,1308
23,1309
23,1310
23,1311
23,1312
23,1313
23,1314
23,1315
23,1316
23,1317
23,1318
23,1319
23,1320
23,1321
23,1322
23,1323
23,1324
23,1325
23,1326
23,1327
23,1328
23,1329
23,1330
23,1331
23,1332
23,1333
23,1334
23,1335
23,1336
23,1337
23,1338
23,1339
23,1340
23,1341
23,1342
23,1343
23,1344
23,1345
23,1346
23,1347
23,1348
23,1349
23,1350
23,1351
23,1352
23,1353
23,1354
23,1355
23,1356
23,1357
23,1358
23,1359
23,1360
23,1361
23,1362
23,1363
23,1364
23,1365
23,1366
23,1367
23,1368
23,1369
23,1370
23,1371
23,1372
23,1373
23,1374
23,1375
23,1376
23,1377
23,1378
23,1379
23,1380
23,1381
23,1382
23,1383
23,1384
23,1385
23,1386
23,1387
23,1388
23,1389
:27_1,1390
:27_1,1391
:27_1,1392
:27_1,1393
:27_1,1394
:27_1,1395
87,1396
87,1397
87,1398
87,1399
87,1400
87,1401
87,1402
87,1403
87,1404
87,1405
87,1406
87,1407
87,1408
87,1409
87,1410
87,1411
87,1412
87,1413
87,1414
87,1415
87,1416
87,1417
87,1418
87,1419
87,1420
87,1421
87,1422
87,1423
87,1424
87,1425
87,1426
87,1427
87,1428
87,1429
87,1430
87,1431
87,1432
87,1433
87,1434
87,1435
87,1436
87,1437
87,1438
87,1439
87,1440
87,1441
87,1442
87,1443
87,1444
87,1445
87,1446
87,1447
87,1448
87,1449
87,1450
87,1451
87,1452
87,1453
87,1454
87,1455
87,1456
87,1457
87,1458
87,1459
87,1460
87,1461
87,1462
87,1463
87,1464
87,1465
87,1466
87,1467
87,1468
87,1469
87,1470
87,1471
87,1472
87,1473
87,1474
87,1475
87,1476
87,1477
87,1478
87,1479
87,1480
87,1481
87,1482
87,1483
87,1484
87,1485
87,1486
87,1487
87,1488
87,1489
87,1490
87,1491
87,1492
87,1493
87,1494
87,1495
87,1496
87,1497
87,1498
87,1499
87,1500
87,1501
87,1502
87,1503
87,1504
87,1505
87,1506
87,1507
87,1508
87,1509
87,1510
87,1511
87,1512
87,1513
87,1514
87,1515
87,1516
87,1517
87,1518
87,1519
87,1520
87,1521
87,1522
87,1523
87,1524
87,1525
87,1526
87,1527
87,1528
87,1529
87,1530
87,1531
87,1532
87,1533
87,1534
87,1535
87,1536
87,1537
87,1538
87,1539
87,1540
87,1541
87,1542
87,1543
87,1544
87,1545
87,1546
87,1547
87,1548
87,1549
87,1550
87,1551
87,1552
87,1553
87,1554
87,1555
87,1556
87,1557
87,1558
87,1559
:102_0,1560
:102_0,1561
:102_0,1562
:102_0,1563
:102_0,1564
-159,1565
-159,1566
-159,1567
-159,1568
-159,1569
-159,1570
-159,1571
-159,1572
-159,1573
-159,1574
-159,1575
-159,1576
-159,1577
-159,1578
-159,1579
-159,1580
-159,1581
-159,1582
-159,1583
-159,1584
-159,1585
-159,1586
-159,1587
-159,1588
-159,1589
-159,1590
-159,1591
-159,1592
-159,1593
-159,1594
-159,1595
-159,1596
-159,1597
-159,1598
-159,1599
-159,1600
-159,1601
-159,1602
-159,1603
-159,1604
-159,1605
-159,1606
-159,1607
-159,1608
-159,1609
-159,1610
-159,1611
-159,1612
-159,1613
-159,1614
-159,1615
-159,1616
-159,1617
-159,1618
-159,1619
-159,1620
-159,1621
-159,1622
-159,1623
-159,1624
-159,1625
-159,1626
-159,1627
-159,1628
-159,1629
-159,1630
-159,1631
-159,1632
-159,1633
-159,1634
-159,1635
-159,1636
-159,1637
-159,1638
-159,1639
-159,1640
-159,1641
-159,1642
-159,1643
-159,1644
-159,1645
-159,1646
-159,1647
-159,1648
-159,1649
-159,1650
-159,1651
-159,1652
-159,1653
-159,1654
-159,1655
-159,1656
-159,1657
-159,1658
-159,1659
-159,1660
-159,1661
-159,1662
-159,1663
-159,1664
-159,1665
-159,1666
-159,1667
-159,1668
-159,1669
-159,1670
:63_5,1671
:63_5,1672
:63_5,1673
:63_5,1674
:63_5,1675
:63_5,1676
-55,1677
-55,1678
-55,1679
-55,1680
-55,1681
-55,1682
-55,1683
-55,1684
-55,1685
-55,1686
-55,1687
-55,1688
-55,1689
-55,1690
-55,1691
-55,1692
-55,1693
-55,1694
-55,1695
-55,1696
-55,1697
-55,1698
-55,1699
-55,1700
-55,1701
-55,1702
-55,1703
-55,1704
-55,1705
-55,1706
-55,1707
-55,1708
-55,1709
-55,1710
-55,1711
-55,1712
-55,1713
-55,1714
-55,1715
-55,1716
-55,1717
-55,1718
-55,1719
-55,1720
-55,1721
-55,1722
-55,1723
-55,1724
-55,1725
-55,1726
-55,1727
-55,1728
-55,1729
-55,1730
-55,1731
-55,1732
-55,1733
-55,1734
-55,1735
-55,1736
-55,1737
-55,1738
-55,1739
-55,1740
-55,1741
-55,1742
-55,1743
-55,1744
-55,1745
-55,1746
-55,1747
-55,1748
-55,1749
-55,1750
-55,1751
-55,1752
-55,1753
-55,1754
-55,1755
-55,1756
-55,1757
-55,1758
-55,1759
-55,1760
-55,1761
-55,1762
-55,1763
-55,1764
-55,1765
-55,1766
-55,1767
-55,1768
-55,1769
-55,1770
-55,1771
-55,1772
-55,1773
-55,1774
-55,1775
-55,1776
-55,1777
-55,1778
-55,1779
-55,1780
-55,1781
-55,1782
-55,1783
-55,1784
-55,1785
-55,1786
-55,1787
-55,1788
-55,1789
-55,1790
-55,1791
-55,1792
-55,1793
-55,1794
-55,1795
-55,1796
-55,1797
-55,1798
-55,1799
-55,1800
:62_1,1801
:62_1,1802
:62_1,1803
:62_1,1804
:62_1,1805
-54,1806
-54,1807
-54,1808
-54,1809
-54,1810
-54,1811
-54,1812
-54,1813
-54,1814
-54,1815
-54,1816
-54,1817
-54,1818
-54,1819
-54,1820
-54,1821
-54,1822
-54,1823
-54,1824
-54,1825
-54,1826
-54,1827
-54,1828
-54,1829
-54,1830
-54,1831
-54,1832
-54,1833
-54,1834
-54,1835
-54,1836
-54,1837
-54,1838
-54,1839
-54,1840
-54,1841
-54,1842
-54,1843
-54,1844
-54,1845
-54,1846
-54,1847
-54,1848
-54,1849
-54,1850
-54,1851
-54,1852
-54,1853
:61_0,1854
:61_0,1855
:61_0,1856
:61_0,1857
:61_0,1858
:61_0,1859
-53,1860
-53,1861
-53,1862
-53,1863
-53,1864
-53,1865
-53,1866
-53,1867
-53,1868
-53,1869
-53,1870
-53,1871
-53,1872
-53,1873
-53,1874
-53,1875
-53,1876
-53,1877
-53,1878
-53,1879
-53,1880
-53,1881
-53,1882
-53,1883
-53,1884
-53,1885
-53,1886
-53,1887
-53,1888
-53,1889
-53,1890
-53,1891
-53,1892
-53,1893
-53,1894
-53,1895
-53,1896
-53,1897
-53,1898
-53,1899
-53,1900
-53,1901
-53,1902
-53,1903
-53,1904
-53,1905
-53,1906
-53,1907
-53,1908
-53,1909
-53,1910
-53,1911
-53,1912
-53,1913
-53,1914
-53,1915
-53,1916
-53,1917
-53,1918
-53,1919
-53,1920
-53,1921
-53,1922
-53,1923
-53,1924
-53,1925
-53,1926
-53,1927
-53,1928
-53,1929
-53,1930
-53,1931
-53,1932
-53,1933
-53,1934
-53,1935
-53,1936
-53,1937
-53,1938
-53,1939
:58_5,1940
:58_5,1941
:58_5,1942
:58_5,1943
:58_5,1944
:58_5,1945
56,1946
56,1947
56,1948
56,1949
56,1950
56,1951
56,1952
56,1953
56,1954
56,1955
56,1956
56,1957
56,1958
56,1959
56,1960
56,1961
56,1962
56,1963
56,1964
56,1965
56,1966
56,1967
56,1968
56,1969
56,1970
56,1971
56,1972
56,1973
56,1974
56,1975
56,1976
56,1977
56,1978
56,1979
56,1980
56,1981
56,1982
56,1983
56,1984
56,1985
56,1986
56,1987
56,1988
56,1989
56,1990
56,1991
56,1992
56,1993
56,1994
56,1995
56,1996
56,1997
56,1998
56,1999
56,2000
