-291,21
-291,22
-291,23
-291,24
-291,25
-291,26
-291,27
-291,28
-291,29
-291,30
-291,31
-291,32
-291,33
-291,34
-291,35
-291,36
-291,37
-291,38
-291,39
-291,40
-291,41
-291,42
-291,43
-291,44
-291,45
-291,46
-291,47
-291,48
-291,49
-291,50
-291,51
-291,52
-291,53
-291,54
-291,55
-291,56
-291,57
-291,58
-291,59
-291,60
-291,61
-291,62
-291,63
-291,64
-291,65
-291,66
-291,67
-291,68
-291,69
-291,70
-291,71
-291,72
-291,73
-291,74
-291,75
-291,76
-291,77
-291,78
-291,79
-291,80
-291,81
-291,82
-291,83
-291,84
-291,85
-291,86
-291,87
-291,88
-291,89
-291,90
-291,91
-291,92
-291,93
-291,94
-291,95
-291,96
-291,97
-291,98
-291,99
-291,100
-291,101
-291,102
-291,103
-291,104
-291,105
-291,106
-291,107
-291,108
-291,109
-291,110
-291,111
-291,112
-291,113
-291,114
-291,115
-291,116
-291,117
-291,118
-291,119
-291,120
-291,121
-291,122
-291,123
-291,124
-291,125
-291,126
-291,127
-291,128
-291,129
-291,130
-291,131
-291,132
-291,133
-291,134
-291,135
-291,136
-291,137
-291,138
-291,139
-291,140
-291,141
-291,142
-291,143
-291,144
-291,145
-291,146
-291,147
-291,148
-291,149
-291,150
-291,151
-291,152
-291,153
-291,154
-291,155
-291,156
-291,157
-291,158
-291,159
-291,160
-291,161
-291,162
-291,163
-291,164
-291,165
-291,166
-291,167
-291,168
-291,169
-291,170
-291,171
-291,172
-291,173
-291,174
-291,175
-291,176
-291,177
-291,178
-291,179
-291,180
-291,181
-291,182
-291,183
-291,184
-291,185
-291,186
-291,187
-291,188
-291,189
-291,190
-291,191
-291,192
-291,193
-291,194
-291,195
-291,196
-291,197
-291,198
-291,199
-291,200
-291,201
-291,202
-291,203
-291,204
-291,205
-291,206
-291,207
-291,208
-291,209
-291,210
-291,211
-291,212
-291,213
-291,214
-291,215
-291,216
-291,217
-291,218
-291,219
-291,220
-291,221
-291,222
-291,223
-291,224
-291,225
-291,226
-291,227
-291,228
-291,229
-291,230
-291,231
-291,232
-291,233
-291,234
-291,235
-291,236
-291,237
-291,238
-291,239
-291,240
-291,241
-291,242
-291,243
-291,244
-291,245
-291,246
-291,247
-291,248
-291,249
-291,250
-291,251
:149_10,252
:149_10,253
:149_10,254
:149_10,255
:149_10,256
:149_10,257
:149_10,258
-419,259
-419,260
-419,261
-419,262
-419,263
-419,264
-419,265
-419,266
-419,267
-419,268
-419,269
-419,270
-419,271
-419,272
-419,273
-419,274
-419,275
-419,276
-419,277
-419,278
-419,279
-419,280
-419,281
-419,282
-419,283
-419,284
-419,285
-419,286
-419,287
-419,288
-419,289
-419,290
-419,291
-419,292
-419,293
-419,294
-419,295
-419,296
-419,297
-419,298
-419,299
-419,300
-419,301
-419,302
-419,303
-419,304
-419,305
-419,306
-419,307
-419,308
-419,309
-419,310
-419,311
-419,312
-419,313
-419,314
-419,315
-419,316
-419,317
-419,318
-419,319
-419,320
-419,321
-419,322
-419,323
-419,324
-419,325
-419,326
-419,327
-419,328
-419,329
-419,330
-419,331
-419,332
-419,333
-419,334
-419,335
-419,336
-419,337
-419,338
-419,339
-419,340
-419,341
-419,342
-419,343
-419,344
-419,345
-419,346
-419,347
-419,348
-419,349
-419,350
-419,351
-419,352
-419,353
-419,354
-419,355
-419,356
-419,357
-419,358
-419,359
-419,360
-419,361
-419,362
-419,363
-419,364
-419,365
-419,366
-419,367
-419,368
-419,369
-419,370
-419,371
-419,372
-419,373
-419,374
-419,375
-419,376
-419,377
-419,378
-419,379
-419,380
-419,381
-419,382
-419,383
-419,384
-419,385
-419,386
-419,387
-419,388
-419,389
-419,390
-419,391
-419,392
-419,393
-419,394
-419,395
-419,396
-419,397
-419,398
-419,399
-419,400
-419,401
-419,402
-419,403
-419,404
-419,405
-419,406
-419,407
-419,408
-419,409
-419,410
-419,411
-419,412
-419,413
-419,414
-419,415
-419,416
-419,417
-419,418
-419,419
-419,420
-419,421
-419,422
-419,423
-419,424
-419,425
-419,426
-419,427
-419,428
-419,429
-419,430
-419,431
-419,432
-419,433
-419,434
-419,435
-419,436
-419,437
-419,438
-419,439
-419,440
-419,441
-419,442
-419,443
-419,444
-419,445
-419,446
-419,447
-419,448
-419,449
-419,450
-419,451
-419,452
-419,453
-419,454
-419,455
-419,456
-419,457
-419,458
-419,459
-419,460
-419,461
-419,462
-419,463
-419,464
-419,465
-419,466
-419,467
-419,468
-419,469
-419,470
-419,471
-419,472
-419,473
-419,474
-419,475
-419,476
-419,477
-419,478
-419,479
-419,480
-419,481
-419,482
-419,483
-419,484
-419,485
-419,486
-419,487
-419,488
-419,489
-419,490
-419,491
-419,492
-419,493
:207_3,494
:207_3,495
:207_3,496
:207_3,497
-199,498
-199,499
-199,500
-199,501
-199,502
-199,503
-199,504
-199,505
-199,506
-199,507
-199,508
-199,509
-199,510
-199,511
-199,512
-199,513
-199,514
-199,515
-199,516
-199,517
-199,518
-199,519
-199,520
-199,521
-199,522
-199,523
-199,524
-199,525
-199,526
-199,527
-199,528
-199,529
-199,530
-199,531
-199,532
-199,533
-199,534
-199,535
-199,536
-199,537
-199,538
-199,539
-199,540
-199,541
-199,542
-199,543
-199,544
-199,545
-199,546
-199,547
-199,548
-199,549
-199,550
-199,551
-199,552
-199,553
-199,554
-199,555
-199,556
-199,557
-199,558
-199,559
-199,560
-199,561
-199,562
-199,563
-199,564
-199,565
-199,566
-199,567
-199,568
-199,569
-199,570
-199,571
-199,572
-199,573
-199,574
-199,575
-199,576
-199,577
-199,578
-199,579
-199,580
-199,581
-199,582
-199,583
-199,584
-199,585
-199,586
:206_3,587
:206_3,588
:206_3,589
:206_3,590
:206_3,591
:206_3,592
-198,593
-198,594
-198,595
-198,596
-198,597
-198,598
-198,599
-198,600
-198,601
-198,602
-198,603
-198,604
-198,605
-198,606
-198,607
-198,608
-198,609
-198,610
-198,611
-198,612
-198,613
-198,614
-198,615
-198,616
-198,617
-198,618
-198,619
-198,620
-198,621
-198,622
-198,623
-198,624
-198,625
-198,626
-198,627
-198,628
-198,629
-198,630
-198,631
-198,632
-198,633
-198,634
-198,635
-198,636
-198,637
-198,638
-198,639
-198,640
-198,641
-198,642
-198,643
-198,644
-198,645
-198,646
-198,647
-198,648
-198,649
-198,650
-198,651
-198,652
-198,653
-198,654
-198,655
-198,656
-198,657
-198,658
-198,659
-198,660
-198,661
-198,662
-198,663
-198,664
-198,665
-198,666
-198,667
-198,668
-198,669
-198,670
-198,671
-198,672
-198,673
-198,674
-198,675
-198,676
-198,677
-198,678
-198,679
-198,680
-198,681
-198,682
-198,683
-198,684
-198,685
-198,686
-198,687
-198,688
-198,689
-198,690
-198,691
-198,692
-198,693
-198,694
-198,695
-198,696
-198,697
-198,698
-198,699
-198,700
-198,701
-198,702
-198,703
-198,704
-198,705
-198,706
-198,707
-198,708
-198,709
-198,710
-198,711
-198,712
-198,713
-198,714
-198,715
-198,716
-198,717
-198,718
-198,719
-198,720
-198,721
-198,722
-198,723
-198,724
-198,725
-198,726
-198,727
-198,728
-198,729
-198,730
-198,731
-198,732
-198,733
-198,734
-198,735
-198,736
-198,737
-198,738
-198,739
-198,740
-198,741
-198,742
-198,743
-198,744
-198,745
-198,746
-198,747
-198,748
-198,749
-198,750
-198,751
-198,752
-198,753
-198,754
-198,755
-198,756
-198,757
-198,758
-198,759
-198,760
-198,761
-198,762
-198,763
-198,764
-198,765
-198,766
-198,767
-198,768
-198,769
-198,770
-198,771
-198,772
-198,773
-198,774
-198,775
-198,776
-198,777
-198,778
-198,779
-198,780
-198,781
-198,782
-198,783
-198,784
-198,785
-198,786
-198,787
-198,788
-198,789
-198,790
-198,791
-198,792
-198,793
-198,794
-198,795
-198,796
-198,797
-198,798
-198,799
-198,800
-198,801
-198,802
-198,803
-198,804
-198,805
-198,806
-198,807
-198,808
-198,809
-198,810
-198,811
-198,812
-198,813
-198,814
-198,815
-198,816
-198,817
-198,818
-198,819
-198,820
-198,821
-198,822
-198,823
-198,824
-198,825
-198,826
-198,827
-198,828
:205_7,829
:205_7,830
:205_7,831
:205_7,832
:205_7,833
:205_7,834
-197,835
-197,836
-197,837
-197,838
-197,839
-197,840
-197,841
-197,842
-197,843
-197,844
-197,845
-197,846
-197,847
-197,848
-197,849
-197,850
-197,851
-197,852
-197,853
-197,854
-197,855
-197,856
-197,857
-197,858
-197,859
-197,860
-197,861
-197,862
-197,863
-197,864
-197,865
-197,866
-197,867
-197,868
-197,869
-197,870
-197,871
-197,872
-197,873
-197,874
-197,875
-197,876
-197,877
-197,878
-197,879
-197,880
-197,881
-197,882
-197,883
-197,884
-197,885
-197,886
-197,887
-197,888
-197,889
-197,890
-197,891
-197,892
-197,893
-197,894
-197,895
-197,896
-197,897
-197,898
-197,899
-197,900
-197,901
-197,902
-197,903
-197,904
-197,905
-197,906
-197,907
-197,908
-197,909
-197,910
-197,911
-197,912
-197,913
-197,914
-197,915
-197,916
-197,917
-197,918
-197,919
-197,920
-197,921
-197,922
-197,923
-197,924
-197,925
-197,926
-197,927
-197,928
-197,929
-197,930
-197,931
-197,932
-197,933
-197,934
-197,935
-197,936
-197,937
-197,938
-197,939
-197,940
-197,941
-197,942
-197,943
-197,944
-197,945
-197,946
-197,947
-197,948
-197,949
-197,950
-197,951
-197,952
-197,953
-197,954
-197,955
-197,956
-197,957
-197,958
-197,959
-197,960
-197,961
-197,962
-197,963
-197,964
-197,965
-197,966
-197,967
-197,968
-197,969
-197,970
-197,971
-197,972
-197,973
-197,974
-197,975
-197,976
-197,977
-197,978
-197,979
-197,980
-197,981
-197,982
-197,983
-197,984
-197,985
-197,986
-197,987
-197,988
-197,989
-197,990
-197,991
-197,992
-197,993
-197,994
-197,995
-197,996
-197,997
-197,998
-197,999
-197,1000
-197,1001
-197,1002
-197,1003
-197,1004
-197,1005
-197,1006
-197,1007
-197,1008
-197,1009
-197,1010
-197,1011
-197,1012
-197,1013
-197,1014
-197,1015
-197,1016
-197,1017
-197,1018
-197,1019
-197,1020
-197,1021
-197,1022
-197,1023
-197,1024
-197,1025
-197,1026
-197,1027
-197,1028
-197,1029
-197,1030
-197,1031
-197,1032
-197,1033
-197,1034
-197,1035
-197,1036
-197,1037
-197,1038
-197,1039
-197,1040
-197,1041
-197,1042
-197,1043
-197,1044
-197,1045
-197,1046
-197,1047
-197,1048
-197,1049
-197,1050
-197,1051
-197,1052
-197,1053
-197,1054
-197,1055
-197,1056
-197,1057
-197,1058
-197,1059
-197,1060
-197,1061
-197,1062
-197,1063
-197,1064
-197,1065
-197,1066
-197,1067
-197,1068
-197,1069
-197,1070
-197,1071
-197,1072
-197,1073
-197,1074
-197,1075
-197,1076
-197,1077
-197,1078
-197,1079
-197,1080
-197,1081
-197,1082
-197,1083
-197,1084
-197,1085
-197,1086
-197,1087
-197,1088
-197,1089
-197,1090
-197,1091
-197,1092
-197,1093
-197,1094
-197,1095
-197,1096
-197,1097
-197,1098
-197,1099
-197,1100
-197,1101
-197,1102
-197,1103
-197,1104
-197,1105
-197,1106
-197,1107
-197,1108
-197,1109
-197,1110
-197,1111
-197,1112
-197,1113
-197,1114
-197,1115
-197,1116
-197,1117
-197,1118
-197,1119
-197,1120
-197,1121
-197,1122
-197,1123
-197,1124
-197,1125
-197,1126
:35_10,1127
:35_10,1128
:35_10,1129
:35_10,1130
:35_10,1131
:35_10,1132
-29,1133
-29,1134
-29,1135
-29,1136
-29,1137
-29,1138
-29,1139
-29,1140
-29,1141
-29,1142
-29,1143
-29,1144
-29,1145
-29,1146
-29,1147
-29,1148
-29,1149
-29,1150
-29,1151
-29,1152
-29,1153
-29,1154
-29,1155
-29,1156
-29,1157
-29,1158
-29,1159
-29,1160
-29,1161
-29,1162
-29,1163
-29,1164
-29,1165
-29,1166
-29,1167
-29,1168
-29,1169
-29,1170
-29,1171
-29,1172
-29,1173
-29,1174
-29,1175
-29,1176
-29,1177
-29,1178
-29,1179
-29,1180
-29,1181
-29,1182
-29,1183
-29,1184
-29,1185
-29,1186
-29,1187
-29,1188
-29,1189
-29,1190
-29,1191
-29,1192
-29,1193
-29,1194
-29,1195
-29,1196
-29,1197
-29,1198
-29,1199
-29,1200
-29,1201
-29,1202
-29,1203
-29,1204
-29,1205
-29,1206
-29,1207
-29,1208
-29,1209
-29,1210
-29,1211
-29,1212
-29,1213
-29,1214
-29,1215
-29,1216
-29,1217
-29,1218
-29,1219
-29,1220
-29,1221
-29,1222
-29,1223
-29,1224
-29,1225
-29,1226
-29,1227
-29,1228
-29,1229
-29,1230
-29,1231
-29,1232
-29,1233
-29,1234
-29,1235
-29,1236
-29,1237
-29,1238
-29,1239
-29,1240
-29,1241
-29,1242
-29,1243
-29,1244
:34_4,1245
:34_4,1246
:34_4,1247
:34_4,1248
:34_4,1249
:34_4,1250
31,1251
31,1252
31,1253
31,1254
31,1255
31,1256
31,1257
31,1258
31,1259
31,1260
31,1261
31,1262
31,1263
31,1264
31,1265
31,1266
31,1267
31,1268
31,1269
31,1270
31,1271
31,1272
31,1273
31,1274
31,1275
31,1276
31,1277
31,1278
31,1279
31,1280
31,1281
31,1282
31,1283
31,1284
31,1285
31,1286
31,1287
31,1288
31,1289
31,1290
31,1291
31,1292
31,1293
31,1294
31,1295
31,1296
31,1297
31,1298
31,1299
31,1300
31,1301
31,1302
31,1303
31,1304
31,1305
31,1306
31,1307
31,1308
31,1309
31,1310
31,1311
31,1312
31,1313
31,1314
31,1315
31,1316
31,1317
31,1318
31,1319
31,1320
31,1321
31,1322
31,1323
31,1324
31,1325
31,1326
31,1327
31,1328
31,1329
31,1330
31,1331
31,1332
31,1333
31,1334
31,1335
31,1336
31,1337
31,1338
31,1339
