-44,1
-44,2
-44,3
-44,4
-44,5
-44,6
-44,7
-44,8
-44,9
-44,10
-44,11
-44,12
-44,13
-44,14
-44,15
-44,16
-44,17
-44,18
-44,19
-44,20
-44,21
-44,22
-44,23
-44,24
-44,25
-44,26
-44,27
-44,28
-44,29
-44,30
-44,31
-44,32
-44,33
-44,34
-44,35
-44,36
-44,37
-44,38
-44,39
-44,40
-44,41
-44,42
-44,43
-44,44
-44,45
-44,46
-44,47
-44,48
-44,49
-44,50
-44,51
-44,52
-44,53
-44,54
-44,55
-44,56
-44,57
-44,58
-44,59
-44,60
-44,61
-44,62
-44,63
-44,64
-44,65
-44,66
-44,67
-44,68
-44,69
-44,70
-44,71
-44,72
-44,73
-44,74
-44,75
-44,76
-44,77
-44,78
-44,79
-44,80
-44,81
-44,82
-44,83
-44,84
-44,85
-44,86
-44,87
-44,88
-44,89
-44,90
-44,91
-44,92
-44,93
-44,94
-44,95
-44,96
-44,97
-44,98
-44,99
-44,100
-44,101
-44,102
-44,103
-44,104
-44,105
-44,106
-44,107
-44,108
-44,109
-44,110
-44,111
-44,112
-44,113
-44,114
-44,115
-44,116
-44,117
-44,118
-44,119
-44,120
-44,121
-44,122
-44,123
-44,124
-44,125
-44,126
-44,127
-44,128
-44,129
-44,130
-44,131
-44,132
-44,133
-44,134
-44,135
-44,136
-44,137
-44,138
-44,139
-44,140
-44,141
-44,142
-44,143
-44,144
-44,145
-44,146
-44,147
-44,148
-44,149
-44,150
-44,151
-44,152
-44,153
-44,154
-44,155
-44,156
-44,157
-44,158
-44,159
-44,160
-44,161
-44,162
-44,163
-44,164
-44,165
-44,166
-44,167
-44,168
-44,169
-44,170
-44,171
-44,172
-44,173
-44,174
-44,175
-44,176
-44,177
-44,178
-44,179
-44,180
-44,181
-44,182
-44,183
-44,184
-44,185
-44,186
-44,187
-44,188
-44,189
-44,190
-44,191
-44,192
-44,193
-44,194
-44,195
-44,196
-44,197
-44,198
-44,199
-44,200
-44,201
-44,202
-44,203
-44,204
-44,205
-44,206
-44,207
-44,208
-44,209
-44,210
-44,211
-44,212
-44,213
-44,214
-44,215
-44,216
-44,217
-44,218
-44,219
-44,220
-44,221
-44,222
-44,223
-44,224
-44,225
-44,226
-44,227
-44,228
-44,229
-44,230
-44,231
-44,232
-44,233
-44,234
-44,235
-44,236
-44,237
-44,238
-44,239
-44,240
-44,241
-44,242
-44,243
-44,244
-44,245
-44,246
-44,247
-44,248
-44,249
-44,250
-44,251
-44,252
-44,253
-44,254
-44,255
-44,256
-44,257
-44,258
-44,259
-44,260
-44,261
-44,262
-44,263
-44,264
-44,265
-44,266
-44,267
-44,268
-44,269
-44,270
-44,271
-44,272
-44,273
:50_8,274
:50_8,275
:50_8,276
:50_8,277
:50_8,278
:50_8,279
:50_8,280
322,281
322,282
322,283
322,284
322,285
322,286
322,287
322,288
322,289
322,290
322,291
322,292
322,293
322,294
322,295
322,296
322,297
322,298
322,299
322,300
322,301
322,302
322,303
322,304
322,305
322,306
322,307
322,308
322,309
322,310
322,311
322,312
322,313
322,314
322,315
322,316
322,317
322,318
322,319
322,320
322,321
322,322
322,323
322,324
322,325
322,326
322,327
322,328
322,329
322,330
322,331
322,332
322,333
322,334
322,335
322,336
322,337
322,338
322,339
322,340
322,341
322,342
322,343
322,344
322,345
322,346
322,347
322,348
322,349
322,350
322,351
322,352
322,353
322,354
322,355
322,356
322,357
322,358
322,359
322,360
322,361
322,362
322,363
322,364
322,365
322,366
322,367
322,368
322,369
322,370
322,371
322,372
322,373
322,374
322,375
322,376
322,377
322,378
322,379
322,380
322,381
322,382
322,383
322,384
322,385
322,386
322,387
322,388
322,389
322,390
322,391
322,392
322,393
322,394
322,395
322,396
322,397
322,398
322,399
322,400
322,401
322,402
322,403
322,404
322,405
322,406
322,407
322,408
:134_0,409
:134_0,410
:134_0,411
:134_0,412
:134_0,413
:134_0,414
-117,415
-117,416
-117,417
-117,418
-117,419
-117,420
-117,421
-117,422
-117,423
-117,424
-117,425
-117,426
-117,427
-117,428
-117,429
-117,430
-117,431
-117,432
-117,433
-117,434
-117,435
-117,436
-117,437
-117,438
-117,439
-117,440
-117,441
-117,442
-117,443
-117,444
-117,445
-117,446
-117,447
-117,448
-117,449
-117,450
-117,451
-117,452
-117,453
-117,454
-117,455
-117,456
-117,457
-117,458
-117,459
-117,460
-117,461
-117,462
-117,463
-117,464
-117,465
-117,466
-117,467
-117,468
-117,469
-117,470
-117,471
-117,472
-117,473
-117,474
-117,475
-117,476
-117,477
-117,478
-117,479
-117,480
-117,481
-117,482
-117,483
-117,484
-117,485
-117,486
-117,487
-117,488
-117,489
-117,490
-117,491
-117,492
-117,493
-117,494
-117,495
-117,496
-117,497
-117,498
-117,499
-117,500
-117,501
-117,502
-117,503
-117,504
-117,505
-117,506
-117,507
-117,508
-117,509
-117,510
-117,511
-117,512
-117,513
-117,514
-117,515
-117,516
-117,517
-117,518
-117,519
-117,520
-117,521
-117,522
-117,523
-117,524
-117,525
-117,526
-117,527
-117,528
-117,529
-117,530
-117,531
-117,532
-117,533
-117,534
:47_1,535
:47_1,536
:47_1,537
:47_1,538
:47_1,539
:47_1,540
119,541
119,542
119,543
119,544
119,545
119,546
119,547
119,548
119,549
119,550
119,551
119,552
119,553
119,554
119,555
119,556
119,557
119,558
119,559
119,560
119,561
119,562
119,563
119,564
119,565
119,566
119,567
119,568
119,569
119,570
119,571
119,572
119,573
119,574
119,575
119,576
119,577
119,578
119,579
119,580
119,581
119,582
119,583
119,584
119,585
119,586
119,587
119,588
119,589
119,590
119,591
119,592
119,593
119,594
119,595
119,596
119,597
119,598
119,599
119,600
119,601
119,602
119,603
119,604
119,605
119,606
119,607
119,608
119,609
119,610
119,611
119,612
119,613
119,614
119,615
119,616
119,617
119,618
119,619
119,620
119,621
119,622
119,623
119,624
119,625
119,626
119,627
119,628
119,629
119,630
119,631
119,632
119,633
119,634
119,635
119,636
119,637
119,638
119,639
119,640
119,641
119,642
119,643
119,644
119,645
119,646
119,647
119,648
119,649
119,650
119,651
119,652
119,653
119,654
119,655
119,656
119,657
119,658
119,659
119,660
119,661
119,662
119,663
119,664
119,665
119,666
119,667
119,668
119,669
119,670
119,671
119,672
119,673
119,674
119,675
119,676
119,677
119,678
119,679
119,680
119,681
119,682
119,683
119,684
119,685
119,686
119,687
119,688
119,689
119,690
119,691
119,692
119,693
119,694
119,695
119,696
119,697
119,698
119,699
119,700
119,701
119,702
119,703
:136_13,704
:136_13,705
:136_13,706
:136_13,707
:136_13,708
:136_13,709
204,710
204,711
204,712
204,713
204,714
204,715
204,716
204,717
204,718
204,719
204,720
204,721
204,722
204,723
204,724
204,725
204,726
204,727
204,728
204,729
204,730
204,731
204,732
204,733
204,734
204,735
204,736
204,737
204,738
204,739
204,740
204,741
204,742
204,743
204,744
204,745
204,746
204,747
204,748
204,749
204,750
204,751
204,752
204,753
204,754
204,755
204,756
204,757
204,758
204,759
204,760
204,761
204,762
204,763
204,764
204,765
204,766
204,767
204,768
204,769
204,770
204,771
204,772
204,773
204,774
204,775
204,776
204,777
204,778
204,779
204,780
204,781
:211_1,782
:211_1,783
:211_1,784
:211_1,785
:211_1,786
:211_1,787
646,788
646,789
646,790
646,791
646,792
646,793
646,794
646,795
646,796
646,797
646,798
646,799
646,800
646,801
646,802
646,803
646,804
646,805
646,806
646,807
646,808
646,809
646,810
646,811
646,812
646,813
646,814
646,815
646,816
646,817
646,818
646,819
646,820
646,821
646,822
646,823
646,824
646,825
646,826
646,827
646,828
646,829
646,830
646,831
646,832
646,833
646,834
646,835
646,836
646,837
646,838
646,839
646,840
646,841
646,842
646,843
646,844
646,845
646,846
646,847
646,848
646,849
646,850
646,851
646,852
646,853
646,854
646,855
646,856
646,857
646,858
646,859
646,860
646,861
646,862
646,863
646,864
646,865
646,866
646,867
646,868
646,869
646,870
646,871
646,872
646,873
646,874
646,875
646,876
646,877
646,878
646,879
646,880
646,881
646,882
646,883
646,884
646,885
646,886
646,887
646,888
646,889
646,890
646,891
646,892
646,893
646,894
646,895
646,896
:179_1,897
:179_1,898
:179_1,899
:179_1,900
:179_1,901
:179_1,902
-164,903
-164,904
-164,905
-164,906
-164,907
-164,908
-164,909
-164,910
-164,911
-164,912
-164,913
-164,914
-164,915
-164,916
-164,917
-164,918
-164,919
-164,920
-164,921
-164,922
-164,923
-164,924
-164,925
-164,926
-164,927
-164,928
-164,929
-164,930
-164,931
-164,932
-164,933
-164,934
-164,935
-164,936
-164,937
-164,938
-164,939
-164,940
-164,941
-164,942
-164,943
-164,944
-164,945
-164,946
-164,947
-164,948
-164,949
-164,950
-164,951
-164,952
-164,953
-164,954
-164,955
-164,956
-164,957
-164,958
-164,959
-164,960
-164,961
-164,962
-164,963
-164,964
-164,965
-164,966
-164,967
-164,968
-164,969
-164,970
-164,971
-164,972
-164,973
-164,974
-164,975
-164,976
-164,977
-164,978
-164,979
-164,980
-164,981
-164,982
-164,983
-164,984
-164,985
-164,986
-164,987
-164,988
-164,989
-164,990
-164,991
-164,992
-164,993
-164,994
-164,995
-164,996
-164,997
-164,998
-164,999
-164,1000
-164,1001
-164,1002
-164,1003
-164,1004
-164,1005
-164,1006
-164,1007
-164,1008
-164,1009
-164,1010
-164,1011
-164,1012
-164,1013
-164,1014
-164,1015
-164,1016
-164,1017
-164,1018
-164,1019
-164,1020
-164,1021
-164,1022
-164,1023
-164,1024
-164,1025
-164,1026
-164,1027
-164,1028
-164,1029
-164,1030
-164,1031
-164,1032
-164,1033
-164,1034
-164,1035
-164,1036
-164,1037
-164,1038
-164,1039
-164,1040
-164,1041
-164,1042
-164,1043
-164,1044
-164,1045
-164,1046
-164,1047
-164,1048
-164,1049
-164,1050
-164,1051
-164,1052
-164,1053
-164,1054
-164,1055
-164,1056
-164,1057
-164,1058
-164,1059
-164,1060
-164,1061
-164,1062
-164,1063
-164,1064
-164,1065
-164,1066
-164,1067
-164,1068
-164,1069
-164,1070
-164,1071
-164,1072
-164,1073
-164,1074
-164,1075
-164,1076
-164,1077
-164,1078
-164,1079
-164,1080
-164,1081
-164,1082
-164,1083
-164,1084
-164,1085
-164,1086
-164,1087
-164,1088
-164,1089
-164,1090
-164,1091
-164,1092
-164,1093
-164,1094
-164,1095
-164,1096
-164,1097
-164,1098
-164,1099
-164,1100
-164,1101
-164,1102
-164,1103
-164,1104
-164,1105
-164,1106
-164,1107
-164,1108
-164,1109
-164,1110
-164,1111
-164,1112
-164,1113
-164,1114
-164,1115
-164,1116
-164,1117
-164,1118
-164,1119
:178_13,1120
:178_13,1121
:178_13,1122
:178_13,1123
:178_13,1124
:178_13,1125
167,1126
167,1127
167,1128
167,1129
167,1130
167,1131
167,1132
167,1133
167,1134
167,1135
167,1136
167,1137
167,1138
167,1139
167,1140
167,1141
167,1142
167,1143
167,1144
167,1145
167,1146
167,1147
167,1148
167,1149
167,1150
167,1151
167,1152
167,1153
167,1154
167,1155
167,1156
167,1157
167,1158
167,1159
167,1160
167,1161
167,1162
167,1163
167,1164
167,1165
167,1166
167,1167
167,1168
167,1169
167,1170
167,1171
167,1172
167,1173
167,1174
167,1175
167,1176
167,1177
167,1178
167,1179
167,1180
167,1181
167,1182
167,1183
167,1184
167,1185
167,1186
167,1187
167,1188
167,1189
167,1190
167,1191
167,1192
167,1193
167,1194
167,1195
167,1196
167,1197
167,1198
167,1199
:26_0,1200
:26_0,1201
:26_0,1202
:26_0,1203
415,1204
415,1205
415,1206
415,1207
415,1208
415,1209
415,1210
415,1211
415,1212
415,1213
415,1214
415,1215
415,1216
415,1217
415,1218
415,1219
415,1220
415,1221
415,1222
415,1223
415,1224
415,1225
415,1226
415,1227
415,1228
415,1229
415,1230
415,1231
415,1232
415,1233
415,1234
415,1235
415,1236
415,1237
415,1238
415,1239
415,1240
415,1241
415,1242
415,1243
415,1244
415,1245
415,1246
415,1247
415,1248
415,1249
415,1250
415,1251
415,1252
415,1253
415,1254
415,1255
415,1256
415,1257
415,1258
415,1259
415,1260
415,1261
415,1262
415,1263
415,1264
415,1265
415,1266
415,1267
415,1268
415,1269
415,1270
415,1271
415,1272
415,1273
415,1274
415,1275
415,1276
415,1277
415,1278
415,1279
415,1280
415,1281
415,1282
415,1283
415,1284
415,1285
415,1286
415,1287
415,1288
415,1289
415,1290
415,1291
:367_1,1292
:367_1,1293
:367_9,1294
:367_9,1295
:367_9,1296
624,1297
624,1298
624,1299
624,1300
624,1301
624,1302
624,1303
624,1304
624,1305
624,1306
624,1307
624,1308
624,1309
624,1310
624,1311
624,1312
624,1313
624,1314
624,1315
624,1316
624,1317
624,1318
624,1319
624,1320
624,1321
624,1322
624,1323
624,1324
624,1325
624,1326
624,1327
624,1328
624,1329
624,1330
624,1331
624,1332
624,1333
624,1334
624,1335
624,1336
624,1337
624,1338
624,1339
624,1340
624,1341
624,1342
624,1343
624,1344
624,1345
624,1346
624,1347
624,1348
624,1349
624,1350
624,1351
624,1352
624,1353
624,1354
624,1355
624,1356
624,1357
624,1358
624,1359
624,1360
624,1361
624,1362
624,1363
624,1364
624,1365
624,1366
624,1367
624,1368
624,1369
624,1370
624,1371
:473_0,1372
626,1373
626,1374
626,1375
626,1376
626,1377
626,1378
626,1379
626,1380
626,1381
626,1382
626,1383
626,1384
626,1385
626,1386
626,1387
626,1388
626,1389
626,1390
626,1391
626,1392
626,1393
626,1394
626,1395
626,1396
626,1397
626,1398
626,1399
626,1400
626,1401
626,1402
626,1403
626,1404
626,1405
626,1406
626,1407
626,1408
626,1409
626,1410
626,1411
626,1412
626,1413
626,1414
626,1415
626,1416
626,1417
626,1418
626,1419
626,1420
626,1421
626,1422
626,1423
626,1424
626,1425
626,1426
626,1427
626,1428
626,1429
626,1430
626,1431
626,1432
626,1433
626,1434
626,1435
626,1436
626,1437
626,1438
626,1439
626,1440
626,1441
626,1442
626,1443
626,1444
626,1445
626,1446
626,1447
626,1448
626,1449
626,1450
626,1451
626,1452
626,1453
626,1454
626,1455
626,1456
626,1457
626,1458
626,1459
626,1460
