-353,1
-353,2
-353,3
-353,4
-353,5
-353,6
-353,7
-353,8
-353,9
-353,10
-353,11
-353,12
-353,13
-353,14
-353,15
-353,16
-353,17
-353,18
-353,19
-353,20
-353,21
-353,22
-353,23
-353,24
-353,25
-353,26
-353,27
-353,28
-353,29
-353,30
-353,31
-353,32
-353,33
-353,34
-353,35
-353,36
-353,37
-353,38
-353,39
-353,40
-353,41
-353,42
-353,43
-353,44
-353,45
-353,46
-353,47
-353,48
-353,49
-353,50
-353,51
-353,52
-353,53
-353,54
-353,55
-353,56
-353,57
-353,58
-353,59
-353,60
-353,61
-353,62
-353,63
-353,64
-353,65
-353,66
-353,67
-353,68
-353,69
-353,70
-353,71
-353,72
-353,73
-352,74
-352,75
-352,76
-352,77
-352,78
-352,79
-352,80
-352,81
-352,82
-352,83
-352,84
-352,85
-352,86
-352,87
-352,88
-352,89
-352,90
-352,91
-352,92
-352,93
-352,94
-352,95
-352,96
-352,97
-352,98
-352,99
-352,100
-352,101
-352,102
-352,103
-352,104
-352,105
-352,106
-352,107
-352,108
-352,109
-352,110
-352,111
-352,112
-352,113
-352,114
-352,115
-352,116
-352,117
-352,118
-352,119
-352,120
-352,121
-352,122
-352,123
-352,124
-352,125
-352,126
-352,127
-352,128
-352,129
-352,130
-352,131
-352,132
-352,133
-352,134
-352,135
-352,136
-352,137
-352,138
-352,139
-352,140
-352,141
-352,142
-352,143
-352,144
-352,145
-352,146
-352,147
-352,148
-352,149
-352,150
-351,151
-351,152
-351,153
-351,154
-351,155
-351,156
-351,157
-351,158
-351,159
-351,160
-351,161
-351,162
-351,163
-351,164
-351,165
-351,166
-351,167
-351,168
-351,169
-351,170
-351,171
-351,172
-351,173
-351,174
-351,175
-351,176
-351,177
-351,178
-351,179
-351,180
-351,181
-351,182
-351,183
-351,184
-351,185
-351,186
-351,187
-351,188
-351,189
-351,190
-351,191
-351,192
-351,193
-351,194
-351,195
-351,196
-351,197
-351,198
-351,199
-351,200
-351,201
-351,202
-351,203
-351,204
-351,205
-351,206
-351,207
-351,208
-351,209
-351,210
-351,211
-351,212
-351,213
-351,214
-351,215
-350,216
-350,217
-350,218
-350,219
-350,220
-350,221
-350,222
-350,223
-350,224
-350,225
-350,226
-350,227
-350,228
-350,229
-350,230
-350,231
-350,232
-350,233
-350,234
-350,235
-350,236
-350,237
-350,238
-350,239
-350,240
-350,241
-350,242
-350,243
-350,244
-350,245
-350,246
-350,247
-350,248
-350,249
-350,250
-350,251
-350,252
-350,253
-350,254
-350,255
-350,256
-350,257
-350,258
-350,259
-350,260
-350,261
-350,262
-350,263
-350,264
-350,265
-350,266
-350,267
-350,268
-350,269
-350,270
-350,271
-350,272
-350,273
-350,274
-350,275
-350,276
-350,277
-350,278
-350,279
-350,280
-350,281
-350,282
-350,283
-350,284
-350,285
-350,286
-350,287
-350,288
-350,289
:254_0,290
:254_0,291
:254_0,292
-283,293
-283,294
-283,295
-283,296
-283,297
-283,298
-283,299
-283,300
-283,301
-283,302
-283,303
-283,304
-283,305
-283,306
-283,307
-283,308
-283,309
-283,310
-283,311
-283,312
-283,313
-283,314
-283,315
-283,316
-283,317
-283,318
-283,319
-283,320
-283,321
-283,322
-283,323
-283,324
-283,325
-283,326
-283,327
-283,328
-283,329
-283,330
-283,331
-283,332
-283,333
-283,334
-283,335
-283,336
-283,337
-283,338
-283,339
-283,340
-283,341
-283,342
-283,343
-283,344
-283,345
-283,346
-283,347
:248_4,348
:248_4,349
:248_4,350
:248_4,351
284,352
284,353
284,354
284,355
284,356
284,357
284,358
284,359
284,360
284,361
284,362
284,363
284,364
284,365
284,366
284,367
284,368
284,369
284,370
284,371
284,372
284,373
284,374
284,375
284,376
284,377
284,378
284,379
284,380
284,381
284,382
284,383
284,384
284,385
284,386
284,387
284,388
284,389
284,390
284,391
284,392
284,393
284,394
284,395
284,396
284,397
284,398
284,399
284,400
284,401
284,402
284,403
284,404
284,405
284,406
284,407
284,408
284,409
284,410
284,411
284,412
284,413
284,414
284,415
284,416
284,417
284,418
284,419
284,420
284,421
285,422
285,423
285,424
285,425
285,426
285,427
285,428
285,429
285,430
285,431
285,432
285,433
285,434
285,435
285,436
285,437
285,438
285,439
285,440
285,441
285,442
285,443
285,444
285,445
285,446
285,447
285,448
285,449
285,450
285,451
285,452
285,453
285,454
285,455
285,456
285,457
285,458
285,459
285,460
285,461
285,462
285,463
285,464
285,465
285,466
285,467
285,468
285,469
285,470
285,471
285,472
285,473
285,474
285,475
285,476
285,477
285,478
285,479
285,480
285,481
285,482
286,483
286,484
286,485
286,486
286,487
286,488
286,489
286,490
286,491
286,492
286,493
286,494
286,495
286,496
286,497
286,498
286,499
286,500
286,501
286,502
286,503
286,504
286,505
286,506
286,507
286,508
286,509
286,510
286,511
286,512
286,513
286,514
286,515
286,516
286,517
286,518
286,519
286,520
286,521
286,522
286,523
286,524
286,525
286,526
286,527
286,528
286,529
286,530
286,531
286,532
286,533
286,534
286,535
286,536
286,537
286,538
286,539
286,540
286,541
286,542
286,543
286,544
286,545
286,546
286,547
287,548
287,549
287,550
287,551
287,552
287,553
287,554
287,555
287,556
287,557
287,558
287,559
287,560
287,561
287,562
287,563
287,564
287,565
287,566
287,567
287,568
287,569
287,570
287,571
287,572
287,573
287,574
287,575
287,576
287,577
287,578
287,579
287,580
287,581
287,582
287,583
287,584
287,585
287,586
287,587
287,588
287,589
287,590
287,591
287,592
287,593
287,594
287,595
287,596
287,597
287,598
287,599
287,600
287,601
287,602
287,603
287,604
287,605
287,606
287,607
287,608
287,609
287,610
287,611
287,612
287,613
287,614
287,615
287,616
287,617
287,618
287,619
287,620
288,621
288,622
288,623
288,624
288,625
288,626
288,627
288,628
288,629
288,630
288,631
288,632
288,633
288,634
288,635
288,636
288,637
288,638
288,639
288,640
288,641
288,642
288,643
288,644
288,645
288,646
288,647
288,648
288,649
288,650
288,651
288,652
288,653
288,654
288,655
288,656
288,657
288,658
288,659
288,660
288,661
288,662
288,663
:278_0,664
:278_0,665
:278_0,666
:278_0,667
:278_0,668
:278_0,669
-453,670
-453,671
-453,672
-453,673
-453,674
-453,675
-453,676
-453,677
-453,678
-453,679
-453,680
-453,681
-453,682
-453,683
-453,684
-453,685
-453,686
-453,687
-453,688
-453,689
-453,690
-453,691
-453,692
-453,693
-453,694
-453,695
-453,696
-453,697
-453,698
-453,699
-453,700
-453,701
-453,702
-453,703
-453,704
-453,705
-453,706
-453,707
-453,708
-453,709
-453,710
-453,711
-453,712
-453,713
-453,714
-453,715
-453,716
-453,717
-453,718
-453,719
-453,720
-453,721
-453,722
-453,723
:25_3,724
:25_3,725
:25_3,726
:25_3,727
:25_3,728
-21,729
-21,730
-21,731
-21,732
-21,733
-21,734
-21,735
-21,736
-21,737
-21,738
-21,739
-21,740
-21,741
-21,742
-21,743
-21,744
-21,745
-21,746
-21,747
-21,748
-21,749
-21,750
-21,751
-21,752
-21,753
-21,754
-21,755
-21,756
-21,757
-21,758
-21,759
-21,760
-21,761
-21,762
-21,763
-21,764
-21,765
-21,766
-21,767
-21,768
-21,769
-21,770
-21,771
-21,772
-21,773
-21,774
-21,775
-21,776
-21,777
-21,778
-21,779
-21,780
-21,781
-21,782
-21,783
-21,784
-21,785
-21,786
-21,787
-21,788
-21,789
-21,790
-21,791
-21,792
-21,793
-21,794
-21,795
-21,796
-21,797
-21,798
-21,799
-21,800
-21,801
-21,802
-21,803
-21,804
-21,805
-21,806
-21,807
-21,808
-21,809
-21,810
-21,811
-21,812
:22_4,813
:22_4,814
:22_4,815
:22_4,816
19,817
19,818
19,819
19,820
19,821
19,822
19,823
19,824
19,825
19,826
19,827
19,828
19,829
19,830
19,831
19,832
19,833
19,834
19,835
19,836
19,837
19,838
19,839
19,840
19,841
19,842
19,843
19,844
19,845
19,846
19,847
19,848
19,849
19,850
19,851
19,852
19,853
19,854
19,855
19,856
19,857
19,858
19,859
19,860
19,861
19,862
19,863
19,864
19,865
19,866
19,867
19,868
19,869
19,870
19,871
19,872
19,873
19,874
19,875
19,876
19,877
19,878
19,879
19,880
19,881
19,882
19,883
19,884
19,885
19,886
19,887
19,888
19,889
19,890
19,891
19,892
19,893
19,894
19,895
19,896
19,897
19,898
19,899
19,900
19,901
19,902
19,903
19,904
19,905
19,906
19,907
19,908
19,909
19,910
19,911
19,912
19,913
:23_6,914
:23_6,915
:23_6,916
:23_6,917
:23_6,918
:23_6,919
20,920
20,921
20,922
20,923
20,924
20,925
20,926
20,927
20,928
20,929
20,930
20,931
20,932
20,933
20,934
20,935
20,936
20,937
20,938
20,939
20,940
20,941
20,942
20,943
20,944
20,945
20,946
20,947
20,948
20,949
20,950
20,951
20,952
20,953
20,954
20,955
20,956
20,957
20,958
20,959
20,960
20,961
20,962
20,963
20,964
20,965
20,966
20,967
20,968
20,969
20,970
20,971
20,972
20,973
20,974
20,975
20,976
20,977
20,978
20,979
20,980
20,981
20,982
20,983
20,984
20,985
20,986
20,987
20,988
20,989
20,990
20,991
20,992
20,993
20,994
20,995
20,996
20,997
20,998
20,999
20,1000
20,1001
20,1002
20,1003
20,1004
20,1005
20,1006
20,1007
20,1008
20,1009
20,1010
20,1011
20,1012
:24_13,1013
:24_13,1014
:24_13,1015
:24_13,1016
:24_13,1017
:24_13,1018
25,1019
25,1020
25,1021
25,1022
25,1023
25,1024
25,1025
25,1026
25,1027
25,1028
25,1029
25,1030
25,1031
25,1032
25,1033
25,1034
25,1035
25,1036
25,1037
25,1038
25,1039
25,1040
25,1041
25,1042
25,1043
25,1044
25,1045
25,1046
25,1047
25,1048
25,1049
25,1050
25,1051
25,1052
25,1053
25,1054
25,1055
25,1056
25,1057
25,1058
25,1059
25,1060
25,1061
25,1062
25,1063
25,1064
25,1065
25,1066
25,1067
25,1068
25,1069
25,1070
25,1071
25,1072
25,1073
25,1074
25,1075
25,1076
25,1077
25,1078
25,1079
25,1080
25,1081
25,1082
25,1083
25,1084
25,1085
25,1086
25,1087
25,1088
25,1089
25,1090
25,1091
25,1092
25,1093
25,1094
25,1095
25,1096
25,1097
25,1098
25,1099
25,1100
25,1101
25,1102
25,1103
25,1104
25,1105
25,1106
25,1107
25,1108
25,1109
25,1110
25,1111
25,1112
25,1113
25,1114
25,1115
25,1116
25,1117
25,1118
25,1119
25,1120
25,1121
25,1122
25,1123
25,1124
25,1125
25,1126
25,1127
25,1128
25,1129
25,1130
25,1131
25,1132
25,1133
25,1134
25,1135
25,1136
25,1137
25,1138
25,1139
25,1140
25,1141
25,1142
25,1143
25,1144
25,1145
25,1146
25,1147
25,1148
25,1149
25,1150
25,1151
25,1152
25,1153
25,1154
25,1155
25,1156
25,1157
25,1158
25,1159
:29_13,1160
:29_13,1161
:29_13,1162
:29_13,1163
:29_13,1164
:29_13,1165
210,1166
210,1167
210,1168
210,1169
210,1170
210,1171
210,1172
210,1173
210,1174
210,1175
210,1176
210,1177
210,1178
210,1179
210,1180
210,1181
210,1182
210,1183
210,1184
210,1185
210,1186
210,1187
210,1188
210,1189
210,1190
210,1191
210,1192
210,1193
210,1194
210,1195
210,1196
210,1197
210,1198
210,1199
210,1200
210,1201
210,1202
210,1203
210,1204
210,1205
210,1206
210,1207
210,1208
210,1209
210,1210
210,1211
210,1212
210,1213
210,1214
210,1215
210,1216
210,1217
210,1218
210,1219
210,1220
210,1221
210,1222
210,1223
210,1224
210,1225
210,1226
210,1227
210,1228
210,1229
210,1230
210,1231
210,1232
210,1233
210,1234
210,1235
210,1236
210,1237
210,1238
210,1239
210,1240
210,1241
210,1242
210,1243
210,1244
210,1245
210,1246
210,1247
210,1248
210,1249
210,1250
210,1251
210,1252
210,1253
210,1254
210,1255
210,1256
210,1257
210,1258
210,1259
210,1260
210,1261
210,1262
210,1263
:16_6,1264
:16_6,1265
:16_6,1266
:16_6,1267
:16_6,1268
-14,1269
-14,1270
-14,1271
-14,1272
-14,1273
-14,1274
-14,1275
-14,1276
-14,1277
-14,1278
-14,1279
-14,1280
-14,1281
-14,1282
-14,1283
-14,1284
-14,1285
-14,1286
-14,1287
-14,1288
-14,1289
-14,1290
-14,1291
-14,1292
-14,1293
-14,1294
-14,1295
-14,1296
-14,1297
-14,1298
-14,1299
-14,1300
-14,1301
-14,1302
-14,1303
-14,1304
-14,1305
-14,1306
-14,1307
-14,1308
-14,1309
-14,1310
-14,1311
-14,1312
-14,1313
-14,1314
-14,1315
-14,1316
-14,1317
-14,1318
-14,1319
-14,1320
-14,1321
-14,1322
-14,1323
-14,1324
-14,1325
-14,1326
-14,1327
-14,1328
-14,1329
-14,1330
-14,1331
-14,1332
-14,1333
-14,1334
-14,1335
-14,1336
-14,1337
-14,1338
-14,1339
-14,1340
-14,1341
-14,1342
-14,1343
-14,1344
-14,1345
-14,1346
-14,1347
-14,1348
-14,1349
-14,1350
-14,1351
-14,1352
-14,1353
-14,1354
-14,1355
-14,1356
-14,1357
-14,1358
-14,1359
-14,1360
-14,1361
-14,1362
-14,1363
-14,1364
-14,1365
-14,1366
-14,1367
-14,1368
-14,1369
-14,1370
-14,1371
-14,1372
-14,1373
-14,1374
-14,1375
-14,1376
-14,1377
-14,1378
-14,1379
:14_1,1380
:14_1,1381
13,1382
13,1383
13,1384
13,1385
13,1386
13,1387
13,1388
13,1389
13,1390
13,1391
13,1392
13,1393
13,1394
13,1395
13,1396
13,1397
13,1398
13,1399
13,1400
13,1401
13,1402
13,1403
13,1404
13,1405
13,1406
13,1407
13,1408
13,1409
13,1410
13,1411
13,1412
13,1413
13,1414
13,1415
13,1416
13,1417
13,1418
13,1419
13,1420
13,1421
13,1422
13,1423
13,1424
13,1425
13,1426
13,1427
13,1428
13,1429
13,1430
13,1431
13,1432
13,1433
13,1434
13,1435
13,1436
13,1437
13,1438
13,1439
13,1440
13,1441
13,1442
13,1443
13,1444
13,1445
13,1446
13,1447
13,1448
13,1449
13,1450
13,1451
13,1452
13,1453
13,1454
13,1455
13,1456
13,1457
13,1458
13,1459
13,1460
13,1461
13,1462
13,1463
13,1464
13,1465
13,1466
13,1467
13,1468
13,1469
13,1470
13,1471
13,1472
13,1473
13,1474
13,1475
13,1476
13,1477
13,1478
13,1479
13,1480
:15_3,1481
:15_3,1482
:15_3,1483
:15_3,1484
:15_3,1485
:15_3,1486
-375,1487
-375,1488
-375,1489
-375,1490
-375,1491
-375,1492
-375,1493
-375,1494
-375,1495
-375,1496
-375,1497
-375,1498
-375,1499
-375,1500
-375,1501
-375,1502
-375,1503
-375,1504
-375,1505
-375,1506
-375,1507
-375,1508
-375,1509
-375,1510
-375,1511
-375,1512
-375,1513
-375,1514
-375,1515
-375,1516
-375,1517
-375,1518
-375,1519
-375,1520
-375,1521
-375,1522
-375,1523
-375,1524
-375,1525
-375,1526
-375,1527
-375,1528
-375,1529
-375,1530
-375,1531
-375,1532
-375,1533
-375,1534
-375,1535
-375,1536
-375,1537
-375,1538
-375,1539
-375,1540
-375,1541
-375,1542
-375,1543
-375,1544
-375,1545
-375,1546
-375,1547
-375,1548
-375,1549
-375,1550
-375,1551
-375,1552
-375,1553
-375,1554
-375,1555
-375,1556
-375,1557
-375,1558
-375,1559
-375,1560
-375,1561
-375,1562
-375,1563
-375,1564
-375,1565
-375,1566
-375,1567
-375,1568
-375,1569
-375,1570
-375,1571
-375,1572
-375,1573
-375,1574
-375,1575
-375,1576
-375,1577
-375,1578
-375,1579
-375,1580
-375,1581
-375,1582
-375,1583
-375,1584
-375,1585
-375,1586
-375,1587
-375,1588
-375,1589
-375,1590
-375,1591
-375,1592
-374,1593
-374,1594
-374,1595
-374,1596
-374,1597
-374,1598
-374,1599
-374,1600
-374,1601
-374,1602
-374,1603
-374,1604
-374,1605
-374,1606
-374,1607
-374,1608
-374,1609
-374,1610
-374,1611
-374,1612
-374,1613
-374,1614
-374,1615
-374,1616
-374,1617
-374,1618
-374,1619
-374,1620
-374,1621
-374,1622
-374,1623
-374,1624
-374,1625
-374,1626
-374,1627
-374,1628
-374,1629
-374,1630
-374,1631
-374,1632
-374,1633
-374,1634
-374,1635
-374,1636
-374,1637
-374,1638
-374,1639
-374,1640
-374,1641
-374,1642
-374,1643
-374,1644
-374,1645
-374,1646
-374,1647
-374,1648
-374,1649
-374,1650
-374,1651
-374,1652
-374,1653
-374,1654
-374,1655
-374,1656
-374,1657
-374,1658
-374,1659
-374,1660
-374,1661
-374,1662
-374,1663
-374,1664
-374,1665
-374,1666
-374,1667
-374,1668
:230_9,1669
:230_9,1670
:230_9,1671
:230_9,1672
:230_9,1673
:230_9,1674
-224,1675
-224,1676
-224,1677
-224,1678
-224,1679
-224,1680
-224,1681
-224,1682
-224,1683
-224,1684
-224,1685
-224,1686
-224,1687
-224,1688
-224,1689
-224,1690
-224,1691
-224,1692
-224,1693
-224,1694
-224,1695
-224,1696
-224,1697
-224,1698
-224,1699
-224,1700
-224,1701
-224,1702
-224,1703
-224,1704
-224,1705
-224,1706
-224,1707
-224,1708
-224,1709
-224,1710
-224,1711
-224,1712
-224,1713
-224,1714
-224,1715
-224,1716
-224,1717
-224,1718
-224,1719
-224,1720
-224,1721
-224,1722
-224,1723
-224,1724
-224,1725
-224,1726
-224,1727
-224,1728
-224,1729
-224,1730
-224,1731
-224,1732
-224,1733
-224,1734
-224,1735
-224,1736
-224,1737
-224,1738
-224,1739
-224,1740
-224,1741
-224,1742
-224,1743
-224,1744
-224,1745
-224,1746
-224,1747
-224,1748
-224,1749
-224,1750
-224,1751
-224,1752
-224,1753
-224,1754
-224,1755
-224,1756
-224,1757
-224,1758
-224,1759
-224,1760
:229_6,1761
:229_6,1762
:229_6,1763
:229_6,1764
:229_6,1765
:229_6,1766
-223,1767
-223,1768
-223,1769
-223,1770
-223,1771
-223,1772
-223,1773
-223,1774
-223,1775
-223,1776
-223,1777
-223,1778
-223,1779
-223,1780
-223,1781
-223,1782
-223,1783
-223,1784
-223,1785
-223,1786
-223,1787
-223,1788
-223,1789
-223,1790
-223,1791
-223,1792
-223,1793
-223,1794
-223,1795
-223,1796
-223,1797
-223,1798
-223,1799
-223,1800
-223,1801
-223,1802
-223,1803
-223,1804
-223,1805
-223,1806
-223,1807
-223,1808
-223,1809
-223,1810
-223,1811
-223,1812
-223,1813
-223,1814
-223,1815
-223,1816
-223,1817
-223,1818
-223,1819
-223,1820
-223,1821
-223,1822
-223,1823
-223,1824
-223,1825
-223,1826
-223,1827
-223,1828
-223,1829
-223,1830
-223,1831
-223,1832
-223,1833
-223,1834
-223,1835
-223,1836
-223,1837
-223,1838
-223,1839
-223,1840
-223,1841
-223,1842
-223,1843
-223,1844
-223,1845
-223,1846
-223,1847
-223,1848
-223,1849
-223,1850
-223,1851
-223,1852
-223,1853
-223,1854
-223,1855
-223,1856
-223,1857
-223,1858
-223,1859
:228_6,1860
:228_6,1861
:228_6,1862
:228_6,1863
:228_6,1864
-222,1865
-222,1866
-222,1867
-222,1868
-222,1869
-222,1870
-222,1871
-222,1872
-222,1873
-222,1874
-222,1875
-222,1876
-222,1877
-222,1878
-222,1879
-222,1880
-222,1881
-222,1882
-222,1883
-222,1884
-222,1885
-222,1886
-222,1887
-222,1888
-222,1889
-222,1890
-222,1891
-222,1892
-222,1893
-222,1894
-222,1895
-222,1896
-222,1897
-222,1898
-222,1899
-222,1900
-222,1901
-222,1902
-222,1903
-222,1904
-222,1905
-222,1906
-222,1907
-222,1908
-222,1909
-222,1910
-222,1911
-222,1912
-222,1913
-222,1914
-222,1915
-222,1916
-222,1917
-222,1918
-222,1919
-222,1920
-222,1921
-222,1922
-222,1923
-222,1924
-222,1925
-222,1926
-222,1927
-222,1928
-222,1929
-222,1930
-222,1931
-222,1932
-222,1933
-222,1934
-222,1935
-222,1936
-222,1937
-222,1938
-222,1939
-222,1940
-222,1941
-222,1942
-222,1943
-222,1944
-222,1945
-222,1946
-222,1947
-222,1948
-222,1949
-222,1950
-222,1951
-222,1952
-222,1953
-222,1954
-222,1955
-222,1956
-222,1957
-222,1958
-222,1959
-222,1960
-222,1961
-222,1962
-222,1963
-222,1964
-222,1965
-222,1966
-222,1967
-222,1968
-222,1969
-222,1970
-222,1971
-222,1972
-222,1973
-222,1974
-222,1975
-222,1976
-222,1977
-222,1978
-222,1979
-222,1980
-222,1981
-222,1982
-222,1983
-222,1984
-222,1985
-222,1986
-222,1987
-222,1988
-222,1989
-222,1990
-222,1991
-222,1992
-222,1993
-222,1994
-222,1995
-222,1996
-222,1997
-222,1998
-222,1999
-222,2000
