-264,21
-264,22
-264,23
-264,24
-264,25
-264,26
-264,27
-264,28
-264,29
-264,30
-264,31
-264,32
-264,33
-264,34
-264,35
-264,36
-264,37
-264,38
-264,39
-264,40
-264,41
-264,42
-264,43
-264,44
-264,45
-264,46
-264,47
-264,48
-264,49
-264,50
-264,51
-264,52
-264,53
-264,54
-264,55
-264,56
-264,57
-264,58
-264,59
-264,60
-264,61
-264,62
-264,63
-264,64
-264,65
-264,66
-264,67
-264,68
-264,69
-264,70
-264,71
-264,72
-264,73
-264,74
-264,75
-264,76
-264,77
-264,78
-264,79
-264,80
-264,81
-264,82
-264,83
-264,84
-264,85
-264,86
-264,87
-264,88
-264,89
-264,90
-264,91
-264,92
-264,93
-264,94
-264,95
-264,96
-264,97
-264,98
-264,99
-264,100
-264,101
-264,102
-264,103
-264,104
-264,105
-264,106
-264,107
-264,108
-264,109
-264,110
-264,111
-264,112
-264,113
-264,114
-264,115
-264,116
-264,117
-264,118
-264,119
-264,120
-264,121
-264,122
-264,123
-264,124
-264,125
-264,126
-264,127
-264,128
-264,129
-264,130
-264,131
-264,132
-264,133
-264,134
:259_5,135
:259_5,136
:259_5,137
:259_5,138
:259_5,139
:259_5,140
:259_5,141
265,142
265,143
265,144
265,145
265,146
265,147
265,148
265,149
265,150
265,151
265,152
265,153
265,154
265,155
265,156
265,157
265,158
265,159
265,160
265,161
265,162
265,163
265,164
265,165
265,166
265,167
265,168
265,169
265,170
265,171
265,172
265,173
265,174
265,175
265,176
265,177
265,178
265,179
265,180
265,181
265,182
265,183
265,184
265,185
265,186
265,187
265,188
265,189
265,190
265,191
265,192
265,193
265,194
265,195
265,196
265,197
265,198
265,199
265,200
265,201
265,202
265,203
265,204
265,205
265,206
265,207
265,208
265,209
265,210
265,211
265,212
265,213
265,214
265,215
265,216
265,217
265,218
265,219
265,220
265,221
265,222
265,223
265,224
265,225
265,226
265,227
265,228
265,229
265,230
265,231
265,232
265,233
265,234
265,235
265,236
265,237
265,238
265,239
265,240
265,241
265,242
265,243
265,244
265,245
265,246
265,247
265,248
265,249
265,250
265,251
265,252
265,253
265,254
265,255
265,256
265,257
265,258
265,259
265,260
265,261
265,262
265,263
265,264
265,265
265,266
265,267
265,268
265,269
265,270
265,271
265,272
265,273
265,274
265,275
265,276
265,277
265,278
265,279
265,280
265,281
265,282
265,283
265,284
265,285
265,286
265,287
265,288
265,289
265,290
265,291
265,292
265,293
265,294
265,295
265,296
265,297
265,298
265,299
265,300
265,301
265,302
265,303
265,304
265,305
265,306
265,307
265,308
265,309
265,310
265,311
265,312
265,313
265,314
265,315
265,316
265,317
265,318
265,319
265,320
265,321
265,322
265,323
265,324
265,325
265,326
265,327
265,328
265,329
265,330
265,331
265,332
265,333
265,334
265,335
265,336
265,337
265,338
265,339
265,340
265,341
265,342
265,343
265,344
265,345
265,346
265,347
265,348
265,349
:261_5,350
:261_5,351
:261_5,352
:261_5,353
:261_5,354
277,355
277,356
277,357
277,358
277,359
277,360
277,361
277,362
277,363
277,364
277,365
277,366
277,367
277,368
277,369
277,370
277,371
277,372
277,373
277,374
277,375
277,376
277,377
277,378
277,379
277,380
277,381
277,382
277,383
277,384
277,385
277,386
277,387
277,388
277,389
277,390
277,391
277,392
277,393
277,394
277,395
277,396
277,397
277,398
277,399
277,400
277,401
277,402
277,403
277,404
277,405
277,406
277,407
277,408
277,409
277,410
277,411
277,412
277,413
277,414
277,415
277,416
277,417
277,418
277,419
277,420
277,421
277,422
277,423
277,424
277,425
277,426
277,427
277,428
277,429
277,430
277,431
277,432
277,433
277,434
277,435
277,436
277,437
277,438
277,439
277,440
277,441
277,442
277,443
277,444
277,445
277,446
277,447
277,448
277,449
277,450
277,451
277,452
277,453
277,454
277,455
277,456
277,457
277,458
277,459
277,460
277,461
277,462
277,463
277,464
277,465
277,466
277,467
277,468
277,469
277,470
277,471
277,472
277,473
277,474
277,475
277,476
277,477
277,478
277,479
277,480
277,481
277,482
277,483
277,484
277,485
277,486
277,487
277,488
277,489
277,490
277,491
277,492
277,493
277,494
277,495
277,496
277,497
277,498
277,499
277,500
277,501
277,502
277,503
277,504
277,505
277,506
277,507
277,508
277,509
277,510
277,511
277,512
277,513
277,514
277,515
277,516
277,517
277,518
277,519
277,520
277,521
277,522
277,523
277,524
277,525
277,526
277,527
277,528
277,529
277,530
277,531
277,532
277,533
277,534
277,535
277,536
277,537
277,538
277,539
277,540
277,541
277,542
277,543
277,544
277,545
277,546
277,547
277,548
277,549
277,550
277,551
277,552
277,553
277,554
277,555
277,556
277,557
277,558
277,559
277,560
277,561
277,562
277,563
277,564
277,565
277,566
277,567
277,568
277,569
277,570
277,571
277,572
277,573
277,574
277,575
277,576
277,577
277,578
277,579
277,580
277,581
277,582
277,583
277,584
277,585
277,586
277,587
277,588
277,589
277,590
277,591
277,592
277,593
277,594
277,595
277,596
277,597
277,598
277,599
277,600
277,601
277,602
277,603
277,604
277,605
277,606
277,607
277,608
277,609
277,610
277,611
277,612
277,613
277,614
277,615
277,616
277,617
277,618
277,619
277,620
277,621
277,622
277,623
277,624
277,625
277,626
277,627
277,628
277,629
277,630
277,631
277,632
277,633
277,634
277,635
277,636
277,637
277,638
277,639
277,640
277,641
277,642
277,643
277,644
277,645
277,646
277,647
277,648
277,649
277,650
277,651
277,652
277,653
277,654
277,655
277,656
277,657
277,658
277,659
277,660
277,661
277,662
277,663
277,664
277,665
277,666
277,667
277,668
277,669
277,670
277,671
277,672
277,673
277,674
277,675
277,676
277,677
277,678
277,679
277,680
277,681
277,682
277,683
277,684
277,685
277,686
:91_4,687
:91_4,688
:91_4,689
:91_4,690
:91_4,691
:91_4,692
:91_4,693
:91_4,694
:91_4,695
80,696
80,697
80,698
80,699
80,700
80,701
80,702
80,703
80,704
80,705
80,706
80,707
80,708
80,709
80,710
80,711
80,712
80,713
80,714
80,715
80,716
80,717
80,718
80,719
80,720
80,721
80,722
80,723
80,724
80,725
80,726
80,727
80,728
80,729
80,730
80,731
80,732
80,733
80,734
80,735
80,736
80,737
80,738
80,739
80,740
80,741
80,742
80,743
80,744
80,745
80,746
80,747
80,748
80,749
80,750
80,751
80,752
80,753
80,754
80,755
80,756
80,757
80,758
80,759
80,760
80,761
80,762
80,763
80,764
80,765
80,766
80,767
80,768
80,769
80,770
80,771
80,772
80,773
80,774
80,775
80,776
80,777
80,778
80,779
80,780
80,781
80,782
80,783
80,784
80,785
80,786
80,787
80,788
80,789
80,790
80,791
80,792
80,793
80,794
80,795
80,796
80,797
80,798
80,799
80,800
80,801
80,802
80,803
80,804
80,805
80,806
80,807
80,808
80,809
80,810
80,811
80,812
80,813
80,814
80,815
80,816
80,817
80,818
80,819
80,820
80,821
80,822
80,823
:93_4,824
:93_4,825
:93_4,826
:93_4,827
:93_4,828
:93_4,829
630,830
630,831
630,832
630,833
630,834
630,835
630,836
630,837
630,838
630,839
630,840
630,841
630,842
630,843
630,844
630,845
630,846
630,847
630,848
630,849
630,850
630,851
630,852
630,853
630,854
630,855
630,856
630,857
630,858
630,859
630,860
630,861
630,862
630,863
630,864
630,865
630,866
630,867
630,868
630,869
630,870
630,871
630,872
630,873
630,874
630,875
630,876
630,877
630,878
630,879
630,880
630,881
630,882
630,883
630,884
630,885
630,886
630,887
630,888
630,889
630,890
630,891
630,892
630,893
630,894
630,895
630,896
630,897
630,898
630,899
630,900
630,901
630,902
630,903
630,904
630,905
630,906
630,907
630,908
630,909
630,910
630,911
630,912
630,913
630,914
630,915
630,916
630,917
630,918
630,919
630,920
630,921
630,922
630,923
630,924
630,925
630,926
630,927
630,928
630,929
630,930
630,931
630,932
630,933
630,934
630,935
630,936
630,937
630,938
630,939
:213_4,940
:213_4,941
:213_4,942
:213_4,943
:213_4,944
:213_4,945
-205,946
-205,947
-205,948
-205,949
-205,950
-205,951
-205,952
-205,953
-205,954
-205,955
-205,956
-205,957
-205,958
-205,959
-205,960
-205,961
-205,962
-205,963
-205,964
-205,965
-205,966
-205,967
-205,968
-205,969
-205,970
-205,971
-205,972
-205,973
-205,974
-205,975
-205,976
-205,977
-205,978
-205,979
-205,980
-205,981
-205,982
-205,983
-205,984
-205,985
-205,986
-205,987
-205,988
-205,989
-205,990
-205,991
-205,992
-205,993
-205,994
-205,995
-205,996
-205,997
-205,998
-205,999
-205,1000
-205,1001
-205,1002
-205,1003
-205,1004
-205,1005
-205,1006
-205,1007
-205,1008
-205,1009
-205,1010
-205,1011
-205,1012
-205,1013
-205,1014
-205,1015
-205,1016
-205,1017
-205,1018
-205,1019
-205,1020
-205,1021
-205,1022
-205,1023
-205,1024
-205,1025
-205,1026
-205,1027
-205,1028
-205,1029
-205,1030
-205,1031
-205,1032
-205,1033
-205,1034
-205,1035
-205,1036
-205,1037
-205,1038
-205,1039
-205,1040
-205,1041
-205,1042
-205,1043
-205,1044
-205,1045
-205,1046
-205,1047
-205,1048
-205,1049
-205,1050
-205,1051
-205,1052
-205,1053
-205,1054
-205,1055
