-137,21
-137,22
-137,23
-137,24
-137,25
-137,26
-137,27
-137,28
-137,29
-137,30
-137,31
-137,32
-137,33
-137,34
-137,35
-137,36
-137,37
-137,38
-137,39
-137,40
-137,41
-137,42
-137,43
-137,44
-137,45
-137,46
-137,47
-137,48
-137,49
-137,50
-137,51
-137,52
-137,53
-137,54
-137,55
-137,56
-137,57
-137,58
-137,59
-137,60
-137,61
-137,62
-137,63
-137,64
-137,65
-137,66
-137,67
-137,68
-137,69
-137,70
-137,71
-137,72
-137,73
-137,74
-137,75
-137,76
-137,77
-137,78
-137,79
-137,80
-137,81
-137,82
-137,83
-137,84
-137,85
-137,86
-137,87
-137,88
-137,89
-137,90
-137,91
-137,92
-137,93
-137,94
-137,95
-137,96
-137,97
-137,98
-137,99
-137,100
-137,101
-137,102
-137,103
-137,104
-137,105
-137,106
-137,107
-137,108
-137,109
-137,110
-137,111
-137,112
-137,113
-137,114
-137,115
-137,116
-137,117
-137,118
-137,119
-137,120
-137,121
-137,122
-137,123
-137,124
-137,125
-137,126
-137,127
-137,128
-137,129
-137,130
-137,131
-137,132
-137,133
:151_3,134
:151_3,135
:151_3,136
-569,137
-569,138
-569,139
-569,140
-569,141
-569,142
-569,143
-569,144
-569,145
-569,146
-569,147
-569,148
-569,149
-569,150
-569,151
-569,152
-569,153
-569,154
-569,155
-569,156
-569,157
-569,158
-569,159
-569,160
-569,161
-569,162
-569,163
-569,164
-569,165
-569,166
-569,167
-569,168
-569,169
-569,170
-569,171
-569,172
-569,173
-569,174
-569,175
-569,176
-569,177
-569,178
-569,179
-569,180
-569,181
-569,182
-569,183
-569,184
-569,185
-569,186
-569,187
-569,188
-569,189
-569,190
-569,191
-569,192
-569,193
-569,194
-569,195
-569,196
-569,197
-569,198
-569,199
-569,200
-569,201
-569,202
-569,203
-569,204
-569,205
-569,206
-569,207
-569,208
-569,209
-569,210
-569,211
-569,212
-569,213
-569,214
-569,215
-569,216
-569,217
-569,218
-569,219
-569,220
-569,221
-569,222
-569,223
-569,224
-569,225
-569,226
-569,227
-569,228
-569,229
-569,230
-569,231
-569,232
-569,233
-569,234
-569,235
:64_3,236
:64_3,237
:64_3,238
:64_3,239
:64_3,240
-56,241
-56,242
-56,243
-56,244
-56,245
-56,246
-56,247
-56,248
-56,249
-56,250
-56,251
-56,252
-56,253
-56,254
-56,255
-56,256
-56,257
-56,258
-56,259
-56,260
-56,261
-56,262
-56,263
-56,264
-56,265
-56,266
-56,267
-56,268
-56,269
-56,270
-56,271
-56,272
-56,273
-56,274
-56,275
-56,276
-56,277
-56,278
-56,279
-56,280
-56,281
-56,282
-56,283
-56,284
-56,285
-56,286
-56,287
-56,288
-56,289
-56,290
-56,291
-56,292
-56,293
-56,294
-56,295
-56,296
-56,297
-56,298
-56,299
-56,300
-56,301
-56,302
-56,303
-56,304
-56,305
-56,306
-56,307
-56,308
-56,309
-56,310
-56,311
-56,312
-56,313
-56,314
-56,315
-56,316
-56,317
-56,318
-56,319
-56,320
-56,321
-56,322
-56,323
-56,324
-56,325
-56,326
-56,327
-56,328
-56,329
-56,330
-56,331
-56,332
-56,333
-56,334
-56,335
-56,336
-56,337
-56,338
-56,339
-56,340
-56,341
-56,342
-56,343
-56,344
-56,345
-56,346
-56,347
-56,348
-56,349
-56,350
-56,351
-56,352
-56,353
-56,354
-56,355
-56,356
-56,357
-56,358
-56,359
-56,360
-56,361
-56,362
-56,363
-56,364
-56,365
-56,366
-56,367
-56,368
-56,369
-56,370
-56,371
-56,372
-56,373
-56,374
-56,375
-56,376
:58_13,377
:58_13,378
:58_13,379
:58_13,380
:58_13,381
53,382
53,383
53,384
53,385
53,386
53,387
53,388
53,389
53,390
53,391
53,392
53,393
53,394
53,395
53,396
53,397
53,398
53,399
53,400
53,401
53,402
53,403
53,404
53,405
53,406
53,407
53,408
53,409
53,410
53,411
53,412
53,413
53,414
53,415
53,416
53,417
53,418
53,419
53,420
53,421
53,422
53,423
53,424
53,425
53,426
53,427
53,428
53,429
53,430
53,431
53,432
53,433
53,434
53,435
53,436
53,437
53,438
53,439
53,440
53,441
53,442
53,443
53,444
53,445
53,446
53,447
53,448
53,449
53,450
53,451
53,452
:61_7,453
:61_7,454
:61_7,455
:61_7,456
:61_7,457
54,458
54,459
54,460
54,461
54,462
54,463
54,464
54,465
54,466
54,467
54,468
54,469
54,470
54,471
54,472
54,473
54,474
54,475
54,476
54,477
54,478
54,479
54,480
54,481
54,482
54,483
54,484
54,485
54,486
54,487
54,488
54,489
54,490
54,491
54,492
54,493
54,494
54,495
54,496
54,497
54,498
54,499
54,500
54,501
54,502
54,503
:62_3,504
:62_3,505
:62_3,506
:62_3,507
:62_3,508
55,509
55,510
55,511
55,512
55,513
55,514
55,515
55,516
55,517
55,518
55,519
55,520
55,521
55,522
55,523
55,524
55,525
55,526
55,527
55,528
55,529
55,530
55,531
55,532
55,533
55,534
55,535
55,536
55,537
55,538
55,539
55,540
55,541
55,542
55,543
55,544
55,545
55,546
55,547
55,548
55,549
55,550
55,551
55,552
55,553
55,554
55,555
55,556
55,557
55,558
55,559
55,560
55,561
55,562
55,563
55,564
55,565
55,566
55,567
55,568
55,569
55,570
55,571
55,572
55,573
55,574
55,575
55,576
55,577
55,578
55,579
55,580
55,581
55,582
55,583
55,584
55,585
55,586
55,587
55,588
55,589
55,590
55,591
55,592
55,593
55,594
55,595
55,596
55,597
55,598
55,599
55,600
55,601
55,602
55,603
55,604
55,605
55,606
55,607
55,608
55,609
55,610
55,611
55,612
55,613
55,614
55,615
55,616
55,617
55,618
55,619
55,620
:63_13,621
:63_13,622
:63_13,623
:63_13,624
:63_13,625
159,626
159,627
159,628
159,629
159,630
159,631
159,632
159,633
159,634
159,635
159,636
159,637
159,638
159,639
159,640
159,641
159,642
159,643
159,644
159,645
159,646
159,647
159,648
159,649
159,650
159,651
159,652
159,653
159,654
159,655
159,656
159,657
159,658
159,659
159,660
159,661
159,662
159,663
159,664
159,665
159,666
159,667
159,668
159,669
159,670
159,671
159,672
159,673
159,674
159,675
159,676
159,677
159,678
159,679
159,680
159,681
159,682
159,683
159,684
159,685
159,686
159,687
159,688
159,689
159,690
159,691
159,692
159,693
159,694
159,695
159,696
159,697
159,698
159,699
159,700
159,701
159,702
159,703
159,704
159,705
159,706
159,707
159,708
159,709
159,710
159,711
159,712
159,713
159,714
159,715
159,716
159,717
159,718
159,719
159,720
:102_7,721
:102_7,722
:102_7,723
:102_7,724
:102_7,725
-87,726
-87,727
-87,728
-87,729
-87,730
-87,731
-87,732
-87,733
-87,734
-87,735
-87,736
-87,737
-87,738
-87,739
-87,740
-87,741
-87,742
-87,743
-87,744
-87,745
-87,746
-87,747
-87,748
-87,749
-87,750
-87,751
-87,752
-87,753
-87,754
-87,755
-87,756
-87,757
-87,758
-87,759
-87,760
-87,761
-87,762
-87,763
-87,764
-87,765
-87,766
-87,767
-87,768
-87,769
-87,770
-87,771
-87,772
-87,773
-87,774
-87,775
-87,776
-87,777
-87,778
-87,779
-87,780
-87,781
-87,782
-87,783
-87,784
-87,785
-87,786
-87,787
-87,788
-87,789
-87,790
-87,791
-87,792
-87,793
-87,794
-87,795
-87,796
-87,797
-87,798
-87,799
-87,800
-87,801
-87,802
-87,803
-87,804
-87,805
-87,806
-87,807
-87,808
-87,809
-87,810
-87,811
-87,812
-87,813
-87,814
-87,815
-87,816
-87,817
-87,818
-87,819
-87,820
-87,821
-87,822
-87,823
-87,824
-87,825
-87,826
-87,827
-87,828
-87,829
-87,830
-87,831
-87,832
-87,833
-87,834
-87,835
-87,836
-87,837
-87,838
-87,839
-87,840
-87,841
-87,842
-87,843
-87,844
-87,845
-87,846
-87,847
-87,848
-87,849
-87,850
-87,851
-87,852
-87,853
-87,854
-87,855
-87,856
-87,857
-87,858
-87,859
-87,860
-87,861
-87,862
-87,863
-87,864
-87,865
-87,866
-87,867
-87,868
-87,869
-87,870
-87,871
-87,872
-87,873
-87,874
-87,875
-87,876
-87,877
-87,878
-87,879
-87,880
-87,881
-87,882
-87,883
-87,884
:27_9,885
:27_9,886
:27_9,887
:27_9,888
:27_9,889
-23,890
-23,891
-23,892
-23,893
-23,894
-23,895
-23,896
-23,897
-23,898
-23,899
-23,900
-23,901
-23,902
-23,903
-23,904
-23,905
-23,906
-23,907
-23,908
-23,909
-23,910
-23,911
-23,912
-23,913
-23,914
-23,915
-23,916
-23,917
-23,918
-23,919
-23,920
-23,921
-23,922
-23,923
-23,924
-23,925
-23,926
-23,927
-23,928
-23,929
-23,930
-23,931
-23,932
-23,933
-23,934
-23,935
-23,936
-23,937
-23,938
-23,939
-23,940
-23,941
-23,942
-23,943
-23,944
-23,945
-23,946
-23,947
-23,948
-23,949
-23,950
-23,951
-23,952
-23,953
-23,954
-23,955
-23,956
-23,957
-23,958
-23,959
-23,960
-23,961
-23,962
-23,963
-23,964
-23,965
-23,966
-23,967
-23,968
-23,969
-23,970
-23,971
-23,972
-23,973
-23,974
-23,975
-23,976
-23,977
-23,978
-23,979
-23,980
-23,981
-23,982
-23,983
-23,984
-23,985
-23,986
-23,987
-23,988
-23,989
-23,990
-23,991
-23,992
-23,993
-23,994
-23,995
-23,996
-23,997
-23,998
-23,999
-23,1000
-23,1001
-23,1002
-23,1003
-23,1004
-23,1005
-23,1006
-23,1007
-23,1008
-23,1009
-23,1010
-23,1011
-23,1012
-23,1013
-23,1014
-23,1015
-23,1016
-23,1017
-23,1018
-23,1019
-23,1020
-23,1021
-23,1022
-23,1023
-23,1024
-23,1025
-23,1026
-23,1027
-23,1028
-23,1029
-23,1030
-23,1031
-23,1032
-23,1033
-23,1034
-23,1035
-23,1036
-23,1037
-23,1038
-23,1039
-23,1040
-23,1041
-23,1042
-23,1043
-23,1044
-23,1045
-23,1046
-23,1047
-23,1048
-23,1049
-23,1050
-23,1051
-23,1052
-23,1053
-23,1054
-23,1055
-23,1056
-23,1057
-23,1058
-23,1059
-23,1060
-23,1061
-23,1062
-23,1063
:22_9,1064
:22_9,1065
:22_9,1066
:22_9,1067
:22_9,1068
:22_9,1069
19,1070
19,1071
19,1072
19,1073
19,1074
19,1075
19,1076
19,1077
19,1078
19,1079
19,1080
19,1081
19,1082
19,1083
19,1084
19,1085
19,1086
19,1087
19,1088
19,1089
19,1090
19,1091
19,1092
19,1093
19,1094
19,1095
19,1096
19,1097
19,1098
19,1099
19,1100
19,1101
19,1102
19,1103
19,1104
19,1105
19,1106
19,1107
19,1108
19,1109
19,1110
19,1111
19,1112
19,1113
19,1114
19,1115
19,1116
19,1117
19,1118
19,1119
19,1120
19,1121
19,1122
19,1123
19,1124
19,1125
19,1126
19,1127
19,1128
19,1129
19,1130
19,1131
19,1132
19,1133
19,1134
19,1135
19,1136
19,1137
19,1138
19,1139
19,1140
19,1141
19,1142
19,1143
19,1144
19,1145
19,1146
19,1147
19,1148
19,1149
19,1150
19,1151
19,1152
19,1153
19,1154
19,1155
19,1156
19,1157
19,1158
19,1159
19,1160
19,1161
19,1162
:23_6,1163
:23_6,1164
:23_6,1165
:23_6,1166
:23_6,1167
:23_6,1168
20,1169
20,1170
20,1171
20,1172
20,1173
20,1174
20,1175
20,1176
20,1177
20,1178
20,1179
20,1180
20,1181
20,1182
20,1183
20,1184
20,1185
20,1186
20,1187
20,1188
20,1189
20,1190
20,1191
20,1192
20,1193
20,1194
20,1195
20,1196
20,1197
20,1198
20,1199
20,1200
20,1201
20,1202
20,1203
20,1204
20,1205
20,1206
20,1207
20,1208
20,1209
20,1210
20,1211
20,1212
20,1213
20,1214
20,1215
20,1216
20,1217
20,1218
20,1219
20,1220
20,1221
20,1222
20,1223
20,1224
20,1225
20,1226
20,1227
20,1228
20,1229
20,1230
20,1231
20,1232
20,1233
20,1234
20,1235
20,1236
20,1237
20,1238
20,1239
20,1240
20,1241
20,1242
20,1243
20,1244
20,1245
20,1246
20,1247
20,1248
20,1249
20,1250
20,1251
20,1252
20,1253
20,1254
20,1255
20,1256
20,1257
:24_13,1258
:24_13,1259
:24_13,1260
:24_13,1261
:24_13,1262
25,1263
25,1264
25,1265
25,1266
25,1267
25,1268
25,1269
25,1270
25,1271
25,1272
25,1273
25,1274
25,1275
25,1276
25,1277
25,1278
25,1279
25,1280
25,1281
25,1282
25,1283
25,1284
25,1285
25,1286
25,1287
25,1288
25,1289
25,1290
25,1291
25,1292
25,1293
25,1294
25,1295
25,1296
25,1297
25,1298
25,1299
25,1300
25,1301
25,1302
25,1303
25,1304
25,1305
25,1306
25,1307
25,1308
25,1309
25,1310
25,1311
25,1312
25,1313
25,1314
25,1315
25,1316
25,1317
25,1318
25,1319
25,1320
25,1321
25,1322
25,1323
25,1324
25,1325
25,1326
25,1327
25,1328
25,1329
25,1330
25,1331
25,1332
25,1333
25,1334
25,1335
25,1336
25,1337
25,1338
25,1339
25,1340
25,1341
25,1342
25,1343
25,1344
25,1345
25,1346
25,1347
25,1348
25,1349
25,1350
25,1351
25,1352
25,1353
25,1354
25,1355
25,1356
25,1357
25,1358
25,1359
25,1360
25,1361
25,1362
25,1363
25,1364
25,1365
25,1366
25,1367
25,1368
25,1369
25,1370
25,1371
25,1372
25,1373
25,1374
25,1375
25,1376
25,1377
25,1378
25,1379
25,1380
25,1381
25,1382
25,1383
25,1384
25,1385
25,1386
25,1387
25,1388
25,1389
25,1390
25,1391
25,1392
25,1393
25,1394
25,1395
25,1396
25,1397
25,1398
:29_13,1399
:29_13,1400
:29_13,1401
:29_13,1402
:29_13,1403
:29_13,1404
210,1405
210,1406
210,1407
210,1408
210,1409
210,1410
210,1411
210,1412
210,1413
210,1414
210,1415
210,1416
210,1417
210,1418
210,1419
210,1420
210,1421
210,1422
210,1423
210,1424
210,1425
210,1426
210,1427
210,1428
210,1429
210,1430
210,1431
210,1432
210,1433
210,1434
210,1435
210,1436
210,1437
210,1438
210,1439
210,1440
210,1441
210,1442
210,1443
210,1444
210,1445
210,1446
210,1447
210,1448
210,1449
210,1450
210,1451
210,1452
210,1453
210,1454
210,1455
210,1456
210,1457
210,1458
210,1459
210,1460
210,1461
210,1462
210,1463
210,1464
210,1465
210,1466
210,1467
210,1468
210,1469
210,1470
210,1471
210,1472
210,1473
210,1474
210,1475
210,1476
210,1477
210,1478
210,1479
210,1480
210,1481
210,1482
210,1483
210,1484
210,1485
210,1486
210,1487
210,1488
210,1489
210,1490
210,1491
210,1492
210,1493
210,1494
210,1495
210,1496
210,1497
210,1498
:16_6,1499
:16_6,1500
:16_6,1501
:16_6,1502
:16_6,1503
-14,1504
-14,1505
-14,1506
-14,1507
-14,1508
-14,1509
-14,1510
-14,1511
-14,1512
-14,1513
-14,1514
-14,1515
-14,1516
-14,1517
-14,1518
-14,1519
-14,1520
-14,1521
-14,1522
-14,1523
-14,1524
-14,1525
-14,1526
-14,1527
-14,1528
-14,1529
-14,1530
-14,1531
-14,1532
-14,1533
-14,1534
-14,1535
-14,1536
-14,1537
-14,1538
-14,1539
-14,1540
-14,1541
-14,1542
-14,1543
-14,1544
-14,1545
-14,1546
-14,1547
-14,1548
-14,1549
-14,1550
-14,1551
-14,1552
-14,1553
-14,1554
-14,1555
-14,1556
-14,1557
-14,1558
-14,1559
-14,1560
-14,1561
-14,1562
-14,1563
-14,1564
-14,1565
-14,1566
-14,1567
-14,1568
-14,1569
-14,1570
-14,1571
-14,1572
-14,1573
-14,1574
-14,1575
-14,1576
-14,1577
-14,1578
-14,1579
-14,1580
-14,1581
-14,1582
-14,1583
-14,1584
-14,1585
-14,1586
-14,1587
-14,1588
-14,1589
-14,1590
-14,1591
-14,1592
-14,1593
-14,1594
-14,1595
-14,1596
-14,1597
-14,1598
-14,1599
-14,1600
-14,1601
-14,1602
-14,1603
-14,1604
-14,1605
-14,1606
-14,1607
-14,1608
-14,1609
:14_1,1610
:14_1,1611
13,1612
13,1613
13,1614
13,1615
13,1616
13,1617
13,1618
13,1619
13,1620
13,1621
13,1622
13,1623
13,1624
13,1625
13,1626
13,1627
13,1628
13,1629
13,1630
13,1631
13,1632
13,1633
13,1634
13,1635
13,1636
13,1637
13,1638
13,1639
13,1640
13,1641
13,1642
13,1643
13,1644
13,1645
13,1646
13,1647
13,1648
13,1649
13,1650
13,1651
13,1652
13,1653
13,1654
13,1655
13,1656
13,1657
13,1658
13,1659
13,1660
13,1661
13,1662
13,1663
13,1664
13,1665
13,1666
13,1667
13,1668
13,1669
13,1670
13,1671
13,1672
13,1673
13,1674
13,1675
13,1676
13,1677
13,1678
13,1679
13,1680
13,1681
13,1682
13,1683
13,1684
13,1685
13,1686
13,1687
13,1688
13,1689
13,1690
13,1691
13,1692
13,1693
13,1694
13,1695
13,1696
13,1697
13,1698
13,1699
13,1700
13,1701
13,1702
13,1703
13,1704
13,1705
13,1706
13,1707
:15_3,1708
:15_3,1709
:15_3,1710
:15_3,1711
:15_3,1712
-375,1713
-375,1714
-375,1715
-375,1716
-375,1717
-375,1718
-375,1719
-375,1720
-375,1721
-375,1722
-375,1723
-375,1724
-375,1725
-375,1726
-375,1727
-375,1728
-375,1729
-375,1730
-375,1731
-375,1732
-375,1733
-375,1734
-375,1735
-375,1736
-375,1737
-375,1738
-375,1739
-375,1740
-375,1741
-375,1742
-375,1743
-375,1744
-375,1745
-375,1746
-375,1747
-375,1748
-375,1749
-375,1750
-375,1751
-375,1752
-375,1753
-375,1754
-375,1755
-375,1756
-375,1757
-375,1758
-375,1759
-375,1760
-375,1761
-375,1762
-375,1763
-375,1764
-375,1765
-375,1766
-375,1767
-375,1768
-375,1769
-375,1770
-375,1771
-375,1772
-375,1773
-375,1774
-375,1775
-375,1776
-375,1777
-375,1778
-375,1779
-375,1780
-375,1781
-375,1782
-375,1783
-375,1784
-375,1785
-375,1786
-375,1787
-375,1788
-375,1789
-375,1790
-375,1791
-375,1792
-375,1793
-375,1794
-375,1795
-375,1796
-375,1797
-375,1798
-375,1799
-375,1800
-375,1801
-375,1802
-375,1803
-375,1804
-375,1805
-375,1806
-375,1807
-375,1808
-375,1809
-375,1810
-375,1811
-375,1812
-375,1813
-375,1814
-375,1815
-375,1816
:340_1,1817
-374,1818
-374,1819
-374,1820
-374,1821
-374,1822
-374,1823
-374,1824
-374,1825
-374,1826
-374,1827
-374,1828
-374,1829
-374,1830
-374,1831
-374,1832
-374,1833
-374,1834
-374,1835
-374,1836
-374,1837
-374,1838
-374,1839
-374,1840
-374,1841
-374,1842
-374,1843
-374,1844
-374,1845
-374,1846
-374,1847
-374,1848
-374,1849
-374,1850
-374,1851
-374,1852
-374,1853
-374,1854
-374,1855
-374,1856
-374,1857
-374,1858
-374,1859
-374,1860
-374,1861
-374,1862
-374,1863
-374,1864
-374,1865
-374,1866
-374,1867
-374,1868
-374,1869
-374,1870
-374,1871
-374,1872
-374,1873
-374,1874
-374,1875
-374,1876
-374,1877
-374,1878
-374,1879
-374,1880
-374,1881
-374,1882
-374,1883
-374,1884
-374,1885
-374,1886
-374,1887
-374,1888
-374,1889
-374,1890
-374,1891
-374,1892
-374,1893
-374,1894
-374,1895
-374,1896
-374,1897
-374,1898
-374,1899
-374,1900
:230_9,1901
:230_9,1902
:230_9,1903
:230_9,1904
:230_9,1905
:230_9,1906
-224,1907
-224,1908
-224,1909
-224,1910
-224,1911
-224,1912
-224,1913
-224,1914
-224,1915
-224,1916
-224,1917
-224,1918
-224,1919
-224,1920
-224,1921
-224,1922
-224,1923
-224,1924
-224,1925
-224,1926
-224,1927
-224,1928
-224,1929
-224,1930
-224,1931
-224,1932
-224,1933
-224,1934
-224,1935
-224,1936
-224,1937
-224,1938
-224,1939
-224,1940
-224,1941
-224,1942
-224,1943
-224,1944
-224,1945
-224,1946
-224,1947
-224,1948
-224,1949
-224,1950
-224,1951
-224,1952
-224,1953
-224,1954
-224,1955
-224,1956
-224,1957
-224,1958
-224,1959
-224,1960
-224,1961
-224,1962
-224,1963
-224,1964
-224,1965
-224,1966
-224,1967
-224,1968
-224,1969
-224,1970
-224,1971
-224,1972
-224,1973
-224,1974
-224,1975
-224,1976
-224,1977
-224,1978
-224,1979
-224,1980
-224,1981
-224,1982
-224,1983
-224,1984
-224,1985
-224,1986
-224,1987
-224,1988
-224,1989
-224,1990
-224,1991
-224,1992
-224,1993
-224,1994
-224,1995
-224,1996
-224,1997
-224,1998
-224,1999
-224,2000
