-299,1
-299,2
-299,3
-299,4
-299,5
-299,6
-299,7
-299,8
-299,9
-299,10
-299,11
-299,12
-299,13
-299,14
-299,15
-299,16
-299,17
-299,18
-299,19
-299,20
-299,21
-299,22
-299,23
-299,24
-299,25
-299,26
-299,27
-299,28
-299,29
-299,30
-299,31
-299,32
-299,33
-299,34
-299,35
-299,36
-299,37
-299,38
-299,39
-299,40
-299,41
-299,42
-299,43
-299,44
-299,45
-299,46
-299,47
-299,48
-299,49
-299,50
-299,51
-299,52
-299,53
-299,54
-299,55
-299,56
-299,57
-299,58
-299,59
-299,60
-299,61
-299,62
-299,63
-299,64
-299,65
-299,66
-299,67
-299,68
-299,69
-299,70
-299,71
-299,72
-299,73
-299,74
-299,75
-299,76
-299,77
-299,78
-299,79
-299,80
-299,81
-299,82
-299,83
-299,84
-299,85
-299,86
-299,87
-299,88
-299,89
-299,90
-299,91
-299,92
-299,93
-299,94
-299,95
-299,96
-299,97
-299,98
-299,99
-299,100
-299,101
-299,102
-299,103
-299,104
-299,105
-299,106
-299,107
-299,108
-299,109
-299,110
-299,111
-299,112
-299,113
-299,114
:285_0,115
:285_0,116
:285_0,117
:285_0,118
298,119
298,120
298,121
298,122
298,123
298,124
298,125
298,126
298,127
298,128
298,129
298,130
298,131
298,132
298,133
298,134
298,135
298,136
298,137
298,138
298,139
298,140
298,141
298,142
298,143
298,144
298,145
298,146
298,147
298,148
298,149
298,150
298,151
298,152
298,153
298,154
298,155
298,156
298,157
298,158
298,159
298,160
298,161
298,162
298,163
298,164
298,165
298,166
298,167
298,168
298,169
298,170
298,171
298,172
298,173
298,174
298,175
298,176
298,177
298,178
298,179
298,180
298,181
298,182
298,183
298,184
298,185
298,186
298,187
298,188
298,189
298,190
298,191
298,192
298,193
298,194
298,195
298,196
298,197
298,198
298,199
298,200
298,201
298,202
298,203
298,204
298,205
298,206
:286_9,207
:286_9,208
:286_9,209
:286_9,210
:286_9,211
:286_9,212
:286_9,213
477,214
477,215
477,216
477,217
477,218
477,219
477,220
477,221
477,222
477,223
477,224
477,225
477,226
477,227
477,228
477,229
477,230
477,231
477,232
477,233
477,234
477,235
477,236
477,237
477,238
477,239
477,240
477,241
477,242
477,243
477,244
477,245
477,246
477,247
477,248
477,249
477,250
477,251
477,252
477,253
477,254
477,255
477,256
477,257
477,258
477,259
477,260
477,261
477,262
477,263
477,264
477,265
477,266
477,267
477,268
477,269
477,270
477,271
477,272
477,273
477,274
477,275
477,276
477,277
477,278
477,279
477,280
477,281
477,282
477,283
477,284
477,285
477,286
477,287
477,288
477,289
477,290
477,291
477,292
477,293
477,294
477,295
477,296
477,297
477,298
477,299
477,300
477,301
477,302
477,303
477,304
477,305
477,306
477,307
477,308
477,309
477,310
477,311
477,312
477,313
477,314
477,315
477,316
477,317
477,318
477,319
:158_9,320
:158_9,321
:158_9,322
:158_9,323
:158_9,324
:158_9,325
:158_9,326
-143,327
-143,328
-143,329
-143,330
-143,331
-143,332
-143,333
-143,334
-143,335
-143,336
-143,337
-143,338
-143,339
-143,340
-143,341
-143,342
-143,343
-143,344
-143,345
-143,346
-143,347
-143,348
-143,349
-143,350
-143,351
-143,352
-143,353
-143,354
-143,355
-143,356
-143,357
-143,358
-143,359
-143,360
-143,361
-143,362
-143,363
-143,364
-143,365
-143,366
-143,367
-143,368
-143,369
-143,370
-143,371
-143,372
-143,373
-143,374
-143,375
-143,376
-143,377
-143,378
-143,379
-143,380
-143,381
-143,382
-143,383
-143,384
-143,385
-143,386
-143,387
-143,388
-143,389
-143,390
-143,391
-143,392
-143,393
-143,394
-143,395
-143,396
-143,397
-143,398
-143,399
-143,400
-143,401
-143,402
-143,403
-143,404
-143,405
-143,406
-143,407
-143,408
-143,409
-143,410
-143,411
-143,412
:135_3,413
:135_3,414
:135_3,415
:135_3,416
:135_3,417
-118,418
-118,419
-118,420
-118,421
-118,422
-118,423
-118,424
-118,425
-118,426
-118,427
-118,428
-118,429
-118,430
-118,431
-118,432
-118,433
-118,434
-118,435
-118,436
-118,437
-118,438
-118,439
-118,440
-118,441
-118,442
-118,443
-118,444
-118,445
-118,446
-118,447
-118,448
-118,449
-118,450
-118,451
-118,452
-118,453
-118,454
-118,455
-118,456
-118,457
-118,458
-118,459
-118,460
-118,461
-118,462
-118,463
-118,464
-118,465
-118,466
-118,467
-118,468
-118,469
-118,470
-118,471
-118,472
-118,473
-118,474
-118,475
-118,476
-118,477
-118,478
-118,479
-118,480
-118,481
-118,482
-118,483
-118,484
-118,485
-118,486
-118,487
-118,488
-118,489
-118,490
-118,491
-118,492
-118,493
-118,494
-118,495
-118,496
-118,497
-118,498
-118,499
-118,500
-118,501
-118,502
-118,503
-118,504
-118,505
-118,506
-118,507
-118,508
-118,509
-118,510
-118,511
-118,512
-118,513
-118,514
-118,515
-118,516
-118,517
-118,518
-118,519
-118,520
-118,521
-118,522
-118,523
-118,524
-118,525
-118,526
-118,527
-118,528
-118,529
-118,530
-118,531
-118,532
-118,533
-118,534
-118,535
-118,536
-118,537
-118,538
-118,539
-118,540
-118,541
-118,542
-118,543
-118,544
-118,545
-118,546
-118,547
-118,548
-118,549
-118,550
-118,551
-118,552
-118,553
-118,554
-118,555
-118,556
-118,557
-118,558
-118,559
-118,560
-118,561
-118,562
-118,563
-118,564
-118,565
-118,566
-118,567
-118,568
-118,569
-118,570
-118,571
-118,572
-118,573
-118,574
-118,575
-118,576
-118,577
-118,578
-118,579
-118,580
-118,581
-118,582
-118,583
-118,584
-118,585
-118,586
-118,587
-118,588
-118,589
-118,590
-118,591
-118,592
-118,593
-118,594
-118,595
-118,596
-118,597
-118,598
-118,599
-118,600
-118,601
-118,602
-118,603
-118,604
-118,605
-118,606
-118,607
-118,608
-118,609
-118,610
-118,611
-118,612
-118,613
-118,614
-118,615
-118,616
-118,617
-118,618
-118,619
-118,620
-118,621
-118,622
-118,623
-118,624
-118,625
-118,626
-118,627
-118,628
-118,629
-118,630
-118,631
-118,632
-118,633
-118,634
-118,635
-118,636
-118,637
-118,638
-118,639
-118,640
-118,641
-118,642
-118,643
-118,644
-118,645
-118,646
-118,647
-118,648
-118,649
-118,650
-118,651
-118,652
-118,653
-118,654
-118,655
-118,656
-118,657
-118,658
-118,659
-118,660
-118,661
:47_14,662
:47_14,663
:47_14,664
:47_14,665
:47_14,666
:47_14,667
:47_14,668
117,669
117,670
117,671
117,672
117,673
117,674
117,675
117,676
117,677
117,678
117,679
117,680
117,681
117,682
117,683
117,684
117,685
117,686
117,687
117,688
117,689
117,690
117,691
117,692
117,693
117,694
117,695
117,696
117,697
117,698
117,699
117,700
117,701
117,702
117,703
117,704
117,705
117,706
117,707
117,708
117,709
117,710
117,711
117,712
117,713
117,714
117,715
117,716
117,717
117,718
117,719
117,720
117,721
117,722
117,723
117,724
117,725
117,726
117,727
117,728
117,729
117,730
117,731
117,732
117,733
117,734
117,735
117,736
117,737
117,738
117,739
117,740
117,741
117,742
117,743
117,744
117,745
117,746
117,747
117,748
117,749
117,750
117,751
117,752
117,753
117,754
117,755
117,756
117,757
117,758
117,759
117,760
117,761
117,762
117,763
117,764
117,765
117,766
117,767
117,768
117,769
117,770
117,771
117,772
117,773
117,774
117,775
117,776
117,777
117,778
117,779
117,780
117,781
117,782
117,783
117,784
117,785
117,786
117,787
117,788
117,789
117,790
117,791
117,792
117,793
117,794
117,795
117,796
117,797
117,798
117,799
117,800
117,801
117,802
117,803
117,804
117,805
117,806
117,807
117,808
117,809
117,810
117,811
117,812
117,813
117,814
117,815
117,816
117,817
117,818
117,819
117,820
117,821
:134_7,822
:134_7,823
:134_7,824
:134_7,825
:134_7,826
:134_7,827
:134_7,828
-322,829
-322,830
-322,831
-322,832
-322,833
-322,834
-322,835
-322,836
-322,837
-322,838
-322,839
-322,840
-322,841
-322,842
-322,843
-322,844
-322,845
-322,846
-322,847
-322,848
-322,849
-322,850
-322,851
-322,852
-322,853
-322,854
-322,855
-322,856
-322,857
-322,858
-322,859
-322,860
-322,861
-322,862
-322,863
-322,864
-322,865
-322,866
-322,867
-322,868
-322,869
-322,870
-322,871
-322,872
-322,873
-322,874
-322,875
-322,876
-322,877
-322,878
-322,879
-322,880
-322,881
-322,882
-322,883
-322,884
-322,885
-322,886
-322,887
-322,888
-322,889
-322,890
-322,891
-322,892
-322,893
-322,894
-322,895
-322,896
-322,897
-322,898
-322,899
-322,900
-322,901
-322,902
-322,903
-322,904
-322,905
-322,906
-322,907
-322,908
-322,909
-322,910
-322,911
-322,912
-322,913
-322,914
-322,915
-322,916
-322,917
-322,918
-322,919
-322,920
-322,921
-322,922
-322,923
-322,924
-322,925
-322,926
-322,927
-322,928
-322,929
-322,930
-322,931
-322,932
-322,933
-322,934
-322,935
-322,936
-322,937
-322,938
-322,939
-322,940
-322,941
-322,942
-322,943
-322,944
-322,945
-322,946
-322,947
-322,948
-322,949
-322,950
-322,951
-322,952
-322,953
-322,954
-322,955
-322,956
-322,957
-322,958
-322,959
-322,960
-322,961
-322,962
-322,963
-322,964
-322,965
-322,966
-322,967
-322,968
-322,969
-322,970
-322,971
-322,972
-322,973
-322,974
-322,975
-322,976
-322,977
-322,978
-322,979
-322,980
-322,981
-322,982
-322,983
-322,984
-322,985
-322,986
-322,987
-322,988
-322,989
-322,990
-322,991
:50_5,992
:50_5,993
:50_5,994
:50_5,995
:50_5,996
:50_5,997
:50_5,998
:50_5,999
:50_5,1000
:50_5,1001
-430,1002
-430,1003
-430,1004
-430,1005
-430,1006
-430,1007
-430,1008
-430,1009
-430,1010
-430,1011
-430,1012
-430,1013
-430,1014
-430,1015
-430,1016
-430,1017
-430,1018
-430,1019
-430,1020
-430,1021
-430,1022
-430,1023
-430,1024
-430,1025
-430,1026
-430,1027
-430,1028
-430,1029
-430,1030
-430,1031
-430,1032
-430,1033
-430,1034
-430,1035
-430,1036
-430,1037
-430,1038
-430,1039
-430,1040
-430,1041
-430,1042
-430,1043
-430,1044
-430,1045
-430,1046
-430,1047
-430,1048
-430,1049
-430,1050
-430,1051
-430,1052
-430,1053
-430,1054
-430,1055
-430,1056
-430,1057
-430,1058
-430,1059
-430,1060
-430,1061
-430,1062
-430,1063
-430,1064
-430,1065
-430,1066
-430,1067
-430,1068
-430,1069
-430,1070
-430,1071
-430,1072
-430,1073
-430,1074
-430,1075
-430,1076
-430,1077
-430,1078
-430,1079
-430,1080
-430,1081
-430,1082
-430,1083
-430,1084
-430,1085
-430,1086
-430,1087
-430,1088
-430,1089
-430,1090
-430,1091
-430,1092
-430,1093
-430,1094
-430,1095
-430,1096
-430,1097
-430,1098
-430,1099
-430,1100
-430,1101
-430,1102
-430,1103
-430,1104
-430,1105
-430,1106
-430,1107
-430,1108
-430,1109
-430,1110
-430,1111
-430,1112
-430,1113
-430,1114
-430,1115
-430,1116
-430,1117
-430,1118
-430,1119
-430,1120
-430,1121
-430,1122
-430,1123
-430,1124
-430,1125
-430,1126
-430,1127
-430,1128
-430,1129
-430,1130
-430,1131
-430,1132
-430,1133
-430,1134
-430,1135
-430,1136
-430,1137
-430,1138
-430,1139
-430,1140
-430,1141
-430,1142
-430,1143
-430,1144
-430,1145
-430,1146
-430,1147
-430,1148
-430,1149
-430,1150
-430,1151
-430,1152
-430,1153
-430,1154
-430,1155
-430,1156
-430,1157
-430,1158
-430,1159
-430,1160
-430,1161
-430,1162
-430,1163
-430,1164
-430,1165
-430,1166
-430,1167
-430,1168
-430,1169
-430,1170
-430,1171
-430,1172
-430,1173
-430,1174
-430,1175
-430,1176
-430,1177
-430,1178
-430,1179
-430,1180
-430,1181
-430,1182
-430,1183
-430,1184
-430,1185
-430,1186
-430,1187
-430,1188
-430,1189
-430,1190
-430,1191
-430,1192
-430,1193
-430,1194
-430,1195
-430,1196
-430,1197
-430,1198
-430,1199
-430,1200
-430,1201
-430,1202
-430,1203
-430,1204
-430,1205
-430,1206
-430,1207
-430,1208
-430,1209
-430,1210
-430,1211
-430,1212
-430,1213
-430,1214
-430,1215
-430,1216
-430,1217
-430,1218
-430,1219
-430,1220
-430,1221
-430,1222
-430,1223
-430,1224
-430,1225
-430,1226
-430,1227
-430,1228
-430,1229
-430,1230
-430,1231
-430,1232
-430,1233
-430,1234
-430,1235
-430,1236
-430,1237
-430,1238
-430,1239
-430,1240
-430,1241
-430,1242
-430,1243
-430,1244
-430,1245
-430,1246
-430,1247
-430,1248
-430,1249
-430,1250
:375_3,1251
:375_3,1252
:375_3,1253
:375_3,1254
:375_3,1255
:375_3,1256
:375_3,1257
-679,1258
-679,1259
-679,1260
-679,1261
-679,1262
-679,1263
-679,1264
-679,1265
-679,1266
-679,1267
-679,1268
-679,1269
-679,1270
-679,1271
-679,1272
-679,1273
-679,1274
-679,1275
-679,1276
-679,1277
-679,1278
-679,1279
-679,1280
-679,1281
-679,1282
-679,1283
-679,1284
-679,1285
-679,1286
-679,1287
-679,1288
-679,1289
-679,1290
-679,1291
-679,1292
-679,1293
-679,1294
-679,1295
-679,1296
-679,1297
-679,1298
-679,1299
-679,1300
-679,1301
-679,1302
-679,1303
-679,1304
-679,1305
-679,1306
-679,1307
-679,1308
-679,1309
-679,1310
-679,1311
-679,1312
-679,1313
-679,1314
-679,1315
-679,1316
-679,1317
-679,1318
-679,1319
-679,1320
-679,1321
-679,1322
-679,1323
-679,1324
-679,1325
-679,1326
-679,1327
-679,1328
-679,1329
-679,1330
-679,1331
-679,1332
-679,1333
-679,1334
-679,1335
-679,1336
-679,1337
-679,1338
-679,1339
-679,1340
-679,1341
-679,1342
-679,1343
-679,1344
-679,1345
:396_7,1346
:396_7,1347
:396_7,1348
:396_7,1349
:396_7,1350
:396_7,1351
:396_7,1352
-464,1353
-464,1354
-464,1355
-464,1356
-464,1357
-464,1358
-464,1359
-464,1360
-464,1361
-464,1362
-464,1363
-464,1364
-464,1365
-464,1366
-464,1367
-464,1368
-464,1369
-464,1370
-464,1371
-464,1372
-464,1373
-464,1374
-464,1375
-464,1376
-464,1377
-464,1378
-464,1379
-464,1380
-464,1381
-464,1382
-464,1383
-464,1384
-464,1385
-464,1386
-464,1387
-464,1388
-464,1389
-464,1390
-464,1391
-464,1392
-464,1393
-464,1394
-464,1395
-464,1396
-464,1397
-464,1398
-464,1399
-464,1400
-464,1401
-464,1402
-464,1403
-464,1404
-464,1405
-464,1406
-464,1407
-464,1408
-464,1409
-464,1410
-464,1411
-464,1412
-464,1413
-464,1414
-464,1415
-464,1416
-464,1417
-464,1418
-464,1419
-464,1420
-464,1421
-464,1422
-464,1423
-464,1424
-464,1425
-464,1426
-464,1427
-464,1428
-464,1429
-464,1430
-464,1431
-464,1432
-464,1433
-464,1434
-464,1435
-464,1436
-464,1437
-464,1438
-464,1439
-464,1440
-464,1441
-464,1442
-464,1443
-464,1444
-464,1445
-464,1446
-464,1447
-464,1448
-464,1449
-464,1450
-464,1451
-464,1452
-464,1453
-464,1454
-464,1455
-464,1456
-464,1457
-464,1458
-464,1459
-464,1460
-464,1461
-464,1462
-464,1463
-464,1464
-464,1465
-464,1466
-464,1467
-464,1468
-464,1469
-464,1470
-464,1471
-464,1472
-464,1473
-464,1474
-464,1475
-464,1476
-175,1477
-175,1478
-175,1479
-175,1480
-175,1481
-175,1482
-175,1483
-175,1484
-175,1485
-175,1486
-175,1487
-175,1488
-175,1489
-175,1490
-175,1491
-175,1492
-175,1493
-175,1494
-175,1495
-175,1496
-175,1497
-175,1498
-175,1499
-175,1500
-175,1501
-175,1502
-175,1503
-175,1504
-175,1505
-175,1506
-175,1507
-175,1508
-175,1509
-175,1510
-175,1511
-175,1512
-175,1513
-175,1514
-175,1515
-175,1516
-175,1517
-175,1518
-175,1519
-175,1520
-175,1521
-175,1522
-175,1523
-175,1524
-175,1525
-175,1526
-175,1527
-175,1528
-175,1529
-175,1530
-175,1531
-175,1532
-175,1533
-175,1534
-175,1535
-175,1536
-175,1537
-175,1538
-175,1539
-175,1540
-175,1541
-175,1542
-175,1543
-175,1544
-175,1545
-175,1546
-175,1547
-175,1548
-175,1549
-175,1550
-175,1551
-175,1552
-175,1553
-175,1554
-175,1555
-175,1556
-175,1557
-175,1558
-175,1559
-175,1560
-175,1561
-175,1562
-175,1563
:13_4,1564
:13_4,1565
:13_4,1566
:13_4,1567
:13_4,1568
:13_4,1569
:13_4,1570
:13_4,1571
176,1572
176,1573
176,1574
176,1575
176,1576
176,1577
176,1578
176,1579
176,1580
176,1581
176,1582
176,1583
176,1584
176,1585
176,1586
176,1587
176,1588
176,1589
176,1590
176,1591
176,1592
176,1593
176,1594
176,1595
176,1596
176,1597
176,1598
176,1599
176,1600
176,1601
176,1602
176,1603
176,1604
176,1605
176,1606
176,1607
176,1608
176,1609
176,1610
176,1611
176,1612
176,1613
176,1614
176,1615
176,1616
176,1617
176,1618
176,1619
176,1620
176,1621
176,1622
176,1623
176,1624
176,1625
176,1626
176,1627
176,1628
176,1629
176,1630
176,1631
176,1632
176,1633
176,1634
176,1635
176,1636
176,1637
176,1638
176,1639
176,1640
176,1641
176,1642
176,1643
176,1644
176,1645
176,1646
176,1647
176,1648
176,1649
176,1650
176,1651
176,1652
176,1653
176,1654
176,1655
176,1656
176,1657
176,1658
176,1659
176,1660
176,1661
176,1662
176,1663
176,1664
176,1665
176,1666
176,1667
176,1668
176,1669
176,1670
176,1671
176,1672
176,1673
176,1674
176,1675
176,1676
176,1677
176,1678
176,1679
176,1680
176,1681
176,1682
176,1683
176,1684
176,1685
176,1686
176,1687
176,1688
176,1689
176,1690
176,1691
176,1692
176,1693
176,1694
176,1695
176,1696
176,1697
176,1698
176,1699
176,1700
176,1701
176,1702
176,1703
176,1704
176,1705
176,1706
176,1707
176,1708
176,1709
176,1710
176,1711
176,1712
176,1713
176,1714
176,1715
176,1716
:189_9,1717
:189_9,1718
:189_9,1719
:189_9,1720
:189_9,1721
:189_9,1722
:189_9,1723
212,1724
212,1725
212,1726
212,1727
212,1728
212,1729
212,1730
212,1731
212,1732
212,1733
212,1734
212,1735
212,1736
212,1737
212,1738
212,1739
212,1740
212,1741
212,1742
212,1743
212,1744
212,1745
212,1746
212,1747
212,1748
212,1749
212,1750
212,1751
212,1752
212,1753
212,1754
212,1755
212,1756
212,1757
212,1758
212,1759
212,1760
212,1761
212,1762
212,1763
212,1764
212,1765
212,1766
212,1767
212,1768
212,1769
212,1770
212,1771
212,1772
212,1773
212,1774
212,1775
212,1776
212,1777
212,1778
212,1779
212,1780
212,1781
212,1782
212,1783
212,1784
212,1785
212,1786
:218_4,1787
:218_4,1788
:218_4,1789
:218_4,1790
:218_4,1791
:218_4,1792
-558,1793
-558,1794
-558,1795
-558,1796
-558,1797
-558,1798
-558,1799
-558,1800
-558,1801
-558,1802
-558,1803
-558,1804
-558,1805
-558,1806
-558,1807
-558,1808
-558,1809
-558,1810
-558,1811
-558,1812
-558,1813
-558,1814
-558,1815
-558,1816
-558,1817
-558,1818
-558,1819
-558,1820
-558,1821
-558,1822
-558,1823
-558,1824
-558,1825
-558,1826
-558,1827
-558,1828
-558,1829
-558,1830
-558,1831
-558,1832
-558,1833
-558,1834
-558,1835
-558,1836
-558,1837
-558,1838
-558,1839
-558,1840
-558,1841
-558,1842
-558,1843
-558,1844
-558,1845
-558,1846
-558,1847
-558,1848
-558,1849
-558,1850
-558,1851
-558,1852
-558,1853
-558,1854
-558,1855
-558,1856
-558,1857
-558,1858
-558,1859
-558,1860
-558,1861
-558,1862
-558,1863
-558,1864
-558,1865
-558,1866
-558,1867
-558,1868
-558,1869
-558,1870
-558,1871
-558,1872
-558,1873
-558,1874
-558,1875
-558,1876
-558,1877
-558,1878
-558,1879
-558,1880
-558,1881
-558,1882
-558,1883
-558,1884
-558,1885
-558,1886
-558,1887
-558,1888
-558,1889
-558,1890
-558,1891
-558,1892
-558,1893
-558,1894
-558,1895
-558,1896
-558,1897
-558,1898
-558,1899
-558,1900
-558,1901
