241,21
241,22
241,23
241,24
241,25
241,26
241,27
241,28
241,29
241,30
241,31
241,32
241,33
241,34
241,35
241,36
241,37
241,38
241,39
241,40
241,41
241,42
241,43
241,44
241,45
241,46
241,47
241,48
241,49
241,50
241,51
241,52
241,53
241,54
241,55
241,56
241,57
241,58
241,59
241,60
241,61
241,62
241,63
241,64
241,65
241,66
241,67
241,68
241,69
241,70
241,71
241,72
241,73
241,74
241,75
241,76
241,77
241,78
241,79
241,80
241,81
241,82
241,83
241,84
241,85
241,86
241,87
241,88
241,89
241,90
241,91
241,92
241,93
241,94
241,95
241,96
241,97
241,98
241,99
241,100
241,101
241,102
241,103
241,104
241,105
241,106
241,107
241,108
241,109
241,110
241,111
241,112
241,113
241,114
241,115
241,116
241,117
241,118
241,119
241,120
241,121
241,122
241,123
241,124
241,125
241,126
241,127
241,128
241,129
241,130
241,131
241,132
241,133
241,134
241,135
241,136
241,137
241,138
241,139
241,140
241,141
241,142
241,143
241,144
241,145
241,146
241,147
241,148
241,149
241,150
241,151
:212_0,152
:212_0,153
205,154
205,155
205,156
205,157
205,158
205,159
205,160
205,161
205,162
205,163
205,164
205,165
205,166
205,167
205,168
205,169
205,170
205,171
205,172
205,173
205,174
205,175
205,176
205,177
205,178
205,179
205,180
205,181
205,182
205,183
205,184
205,185
205,186
205,187
205,188
205,189
205,190
205,191
205,192
205,193
205,194
205,195
205,196
205,197
205,198
205,199
205,200
205,201
205,202
205,203
205,204
205,205
205,206
205,207
205,208
205,209
205,210
205,211
205,212
205,213
205,214
205,215
205,216
205,217
205,218
205,219
205,220
205,221
205,222
205,223
205,224
205,225
205,226
205,227
205,228
205,229
205,230
205,231
205,232
205,233
205,234
205,235
205,236
205,237
205,238
205,239
205,240
205,241
205,242
205,243
205,244
205,245
205,246
205,247
205,248
205,249
205,250
:213_6,251
:213_6,252
:213_6,253
:213_6,254
-630,255
-630,256
-630,257
-630,258
-630,259
-630,260
-630,261
-630,262
-630,263
-630,264
-630,265
-630,266
-630,267
-630,268
-630,269
-630,270
-630,271
-630,272
-630,273
-630,274
-630,275
-630,276
-630,277
-630,278
-630,279
-630,280
-630,281
-630,282
-630,283
-630,284
-630,285
-630,286
-630,287
-630,288
-630,289
-630,290
-630,291
-630,292
-630,293
-630,294
-630,295
-630,296
-630,297
-630,298
-630,299
-630,300
-630,301
-630,302
-630,303
-630,304
-630,305
-630,306
-630,307
-630,308
-630,309
-630,310
-630,311
-630,312
-630,313
-630,314
-630,315
-630,316
-630,317
-630,318
-630,319
-630,320
-630,321
-630,322
-630,323
-630,324
-630,325
-630,326
-630,327
-630,328
-630,329
-630,330
-630,331
-630,332
-630,333
-630,334
-630,335
-630,336
-630,337
-630,338
-630,339
-630,340
-630,341
-630,342
-630,343
-630,344
-630,345
-630,346
-630,347
-630,348
-630,349
-630,350
-630,351
:93_6,352
:93_6,353
:93_6,354
:93_6,355
-80,356
-80,357
-80,358
-80,359
-80,360
-80,361
-80,362
-80,363
-80,364
-80,365
-80,366
-80,367
-80,368
-80,369
-80,370
-80,371
-80,372
-80,373
-80,374
-80,375
-80,376
-80,377
-80,378
-80,379
-80,380
-80,381
-80,382
-80,383
-80,384
-80,385
-80,386
-80,387
-80,388
-80,389
-80,390
-80,391
-80,392
-80,393
-80,394
-80,395
-80,396
-80,397
-80,398
-80,399
-80,400
-80,401
-80,402
-80,403
-80,404
-80,405
-80,406
-80,407
-80,408
-80,409
-80,410
-80,411
-80,412
-80,413
-80,414
-80,415
-80,416
-80,417
-80,418
-80,419
-80,420
-80,421
-80,422
-80,423
-80,424
-80,425
-80,426
-80,427
-80,428
-80,429
-80,430
-80,431
-80,432
-80,433
-80,434
-80,435
-80,436
-80,437
-80,438
-80,439
-80,440
-80,441
-80,442
-80,443
-80,444
-80,445
-80,446
-80,447
-80,448
-80,449
-80,450
-80,451
:91_7,452
:91_7,453
:91_7,454
:91_10,455
:91_10,456
:91_10,457
:91_10,458
79,459
79,460
79,461
79,462
79,463
79,464
79,465
79,466
79,467
79,468
79,469
79,470
79,471
79,472
79,473
79,474
79,475
79,476
79,477
79,478
79,479
79,480
79,481
79,482
79,483
79,484
79,485
79,486
79,487
79,488
79,489
79,490
79,491
79,492
79,493
79,494
79,495
79,496
79,497
79,498
79,499
79,500
79,501
79,502
79,503
79,504
79,505
79,506
79,507
79,508
79,509
79,510
79,511
79,512
79,513
79,514
79,515
79,516
79,517
79,518
79,519
79,520
79,521
79,522
79,523
79,524
79,525
79,526
79,527
79,528
79,529
79,530
79,531
79,532
79,533
79,534
79,535
79,536
79,537
79,538
79,539
79,540
79,541
79,542
79,543
79,544
79,545
79,546
:92_3,547
:92_3,548
:92_3,549
:92_3,550
:92_3,551
-571,552
-571,553
-571,554
-571,555
-571,556
-571,557
-571,558
-571,559
-571,560
-571,561
-571,562
-571,563
-571,564
-571,565
-571,566
-571,567
-571,568
-571,569
-571,570
-571,571
-571,572
-571,573
-571,574
-571,575
-571,576
-571,577
-571,578
-571,579
-571,580
-571,581
-571,582
-571,583
-571,584
-571,585
-571,586
-571,587
-571,588
-571,589
-571,590
-571,591
-571,592
-571,593
-571,594
-571,595
-571,596
-571,597
-571,598
-571,599
-571,600
-571,601
-571,602
-571,603
-571,604
-571,605
-571,606
-571,607
-571,608
-571,609
-571,610
-571,611
-571,612
-571,613
-571,614
-571,615
-571,616
-571,617
-571,618
-571,619
-571,620
-571,621
-571,622
-571,623
-571,624
-571,625
-571,626
-571,627
-571,628
-571,629
-571,630
-571,631
-571,632
-571,633
-571,634
-571,635
-571,636
-571,637
-571,638
-571,639
-571,640
-571,641
-571,642
-571,643
-571,644
-571,645
-571,646
-571,647
-571,648
-571,649
-571,650
-571,651
-571,652
-571,653
-571,654
-571,655
-571,656
-571,657
-571,658
-571,659
-571,660
-571,661
-571,662
-571,663
-571,664
-571,665
-571,666
-571,667
-571,668
-571,669
-571,670
-571,671
-571,672
-571,673
-571,674
-571,675
-571,676
-571,677
-571,678
-571,679
-571,680
-571,681
-571,682
-571,683
-571,684
-571,685
-571,686
-571,687
-571,688
-571,689
-571,690
-571,691
-571,692
-571,693
-571,694
-571,695
-571,696
-571,697
-571,698
-571,699
-571,700
-571,701
-571,702
-571,703
-571,704
-571,705
-571,706
-571,707
-571,708
-571,709
-571,710
-571,711
-571,712
-571,713
-571,714
-571,715
-571,716
-571,717
-571,718
-571,719
-571,720
:99_7,721
:99_7,722
:99_7,723
:99_7,724
-570,725
-570,726
-570,727
-570,728
-570,729
-570,730
-570,731
-570,732
-570,733
-570,734
-570,735
-570,736
-570,737
-570,738
-570,739
-570,740
-570,741
-570,742
-570,743
-570,744
-570,745
-570,746
-570,747
-570,748
-570,749
-570,750
-570,751
-570,752
-570,753
-570,754
-570,755
-570,756
-570,757
-570,758
-570,759
-570,760
-570,761
-570,762
-570,763
-570,764
-570,765
-570,766
-570,767
-570,768
-570,769
-570,770
-570,771
-570,772
-570,773
-570,774
-570,775
-570,776
-570,777
-570,778
-570,779
-570,780
-570,781
-570,782
-570,783
-570,784
-570,785
-570,786
-570,787
-570,788
-570,789
-570,790
-570,791
-570,792
-570,793
-570,794
-570,795
-570,796
-570,797
-570,798
-570,799
-570,800
-570,801
-570,802
-570,803
-570,804
-570,805
-570,806
-570,807
-570,808
-570,809
-570,810
-570,811
-570,812
-570,813
-570,814
-570,815
-570,816
-570,817
-570,818
-570,819
-570,820
-570,821
-570,822
-570,823
-570,824
-570,825
-570,826
-570,827
-570,828
-570,829
-570,830
-570,831
-570,832
-570,833
-570,834
-570,835
-570,836
-570,837
-570,838
-570,839
-570,840
-570,841
-570,842
-570,843
-570,844
-570,845
-570,846
-570,847
-570,848
-570,849
-570,850
-570,851
-570,852
-570,853
-570,854
-570,855
-570,856
-570,857
-570,858
-570,859
-570,860
:151_6,861
:151_6,862
:151_6,863
137,864
137,865
137,866
137,867
137,868
137,869
137,870
137,871
137,872
137,873
137,874
137,875
137,876
137,877
137,878
137,879
137,880
137,881
137,882
137,883
137,884
137,885
137,886
137,887
137,888
137,889
137,890
137,891
137,892
137,893
137,894
137,895
137,896
137,897
137,898
137,899
137,900
137,901
137,902
137,903
137,904
137,905
137,906
137,907
137,908
137,909
137,910
137,911
137,912
137,913
137,914
137,915
137,916
137,917
137,918
137,919
137,920
137,921
137,922
137,923
137,924
137,925
137,926
137,927
137,928
137,929
137,930
137,931
137,932
137,933
137,934
137,935
137,936
137,937
137,938
137,939
137,940
137,941
137,942
137,943
137,944
137,945
137,946
137,947
137,948
137,949
137,950
137,951
137,952
137,953
137,954
137,955
137,956
137,957
137,958
137,959
137,960
137,961
137,962
:152_14,963
:152_14,964
:152_18,965
:152_18,966
:152_18,967
442,968
442,969
442,970
442,971
442,972
442,973
442,974
442,975
442,976
442,977
442,978
442,979
442,980
442,981
442,982
442,983
442,984
442,985
442,986
442,987
442,988
442,989
442,990
442,991
442,992
442,993
442,994
442,995
442,996
442,997
442,998
442,999
442,1000
442,1001
442,1002
442,1003
442,1004
442,1005
442,1006
442,1007
442,1008
442,1009
442,1010
442,1011
442,1012
442,1013
442,1014
442,1015
442,1016
442,1017
442,1018
442,1019
442,1020
442,1021
442,1022
442,1023
442,1024
442,1025
442,1026
442,1027
442,1028
442,1029
442,1030
442,1031
442,1032
442,1033
442,1034
442,1035
442,1036
442,1037
442,1038
442,1039
442,1040
442,1041
442,1042
442,1043
442,1044
442,1045
442,1046
442,1047
442,1048
:361_7,1049
:361_7,1050
:361_7,1051
:361_7,1052
-402,1053
-402,1054
-402,1055
-402,1056
-402,1057
-402,1058
-402,1059
-402,1060
-402,1061
-402,1062
-402,1063
-402,1064
-402,1065
-402,1066
-402,1067
-402,1068
-402,1069
-402,1070
-402,1071
-402,1072
-402,1073
-402,1074
-402,1075
-402,1076
-402,1077
-402,1078
-402,1079
-402,1080
-402,1081
-402,1082
-402,1083
-402,1084
-402,1085
-402,1086
-402,1087
-402,1088
-402,1089
-402,1090
-402,1091
-402,1092
-402,1093
-402,1094
-402,1095
-402,1096
-402,1097
-402,1098
-402,1099
-402,1100
-402,1101
-402,1102
-402,1103
-402,1104
-402,1105
-402,1106
-402,1107
-402,1108
-402,1109
-402,1110
-402,1111
-402,1112
-402,1113
-402,1114
-402,1115
-402,1116
-402,1117
-402,1118
-402,1119
-402,1120
-402,1121
-402,1122
-402,1123
-402,1124
-402,1125
-402,1126
-402,1127
-402,1128
-402,1129
-402,1130
-402,1131
-402,1132
-402,1133
-402,1134
-402,1135
-402,1136
-402,1137
-402,1138
-402,1139
-402,1140
-402,1141
-402,1142
-402,1143
-402,1144
-402,1145
-402,1146
-402,1147
-402,1148
-402,1149
-402,1150
-402,1151
-402,1152
-402,1153
-402,1154
-402,1155
-402,1156
-402,1157
-402,1158
-402,1159
-402,1160
-402,1161
-402,1162
-402,1163
-402,1164
-402,1165
-402,1166
-402,1167
-402,1168
-402,1169
-402,1170
-402,1171
-402,1172
-402,1173
:59_4,1174
:59_4,1175
:59_4,1176
:59_4,1177
:59_4,1178
-51,1179
-51,1180
-51,1181
-51,1182
-51,1183
-51,1184
-51,1185
-51,1186
-51,1187
-51,1188
-51,1189
-51,1190
-51,1191
-51,1192
-51,1193
-51,1194
-51,1195
-51,1196
-51,1197
-51,1198
-51,1199
-51,1200
-51,1201
-51,1202
-51,1203
-51,1204
-51,1205
-51,1206
-51,1207
-51,1208
-51,1209
-51,1210
-51,1211
-51,1212
-51,1213
-51,1214
-51,1215
-51,1216
-51,1217
-51,1218
-51,1219
-51,1220
-51,1221
-51,1222
-51,1223
-51,1224
-51,1225
-51,1226
-51,1227
-51,1228
-51,1229
-51,1230
-51,1231
-51,1232
-51,1233
-51,1234
-51,1235
-51,1236
-51,1237
-51,1238
-51,1239
-51,1240
-51,1241
-51,1242
-51,1243
-51,1244
-51,1245
-51,1246
-51,1247
-51,1248
-51,1249
-51,1250
-51,1251
-51,1252
-51,1253
-51,1254
-51,1255
-51,1256
-51,1257
-51,1258
-51,1259
-51,1260
-51,1261
-51,1262
-51,1263
-51,1264
-51,1265
-51,1266
-51,1267
-51,1268
-51,1269
-51,1270
-51,1271
-51,1272
-51,1273
-51,1274
-51,1275
-51,1276
-51,1277
-51,1278
-51,1279
-51,1280
-51,1281
-51,1282
-51,1283
-51,1284
-51,1285
-51,1286
-51,1287
-51,1288
-51,1289
-51,1290
-51,1291
-51,1292
-51,1293
-51,1294
-51,1295
-51,1296
:58_9,1297
:58_9,1298
:58_9,1299
:58_9,1300
52,1301
52,1302
52,1303
52,1304
52,1305
52,1306
52,1307
52,1308
52,1309
52,1310
52,1311
52,1312
52,1313
52,1314
52,1315
52,1316
52,1317
52,1318
52,1319
52,1320
52,1321
52,1322
52,1323
52,1324
52,1325
52,1326
52,1327
52,1328
52,1329
52,1330
52,1331
52,1332
52,1333
52,1334
52,1335
52,1336
52,1337
52,1338
52,1339
52,1340
52,1341
52,1342
52,1343
52,1344
52,1345
52,1346
52,1347
52,1348
52,1349
52,1350
52,1351
52,1352
52,1353
52,1354
52,1355
52,1356
52,1357
52,1358
52,1359
52,1360
52,1361
52,1362
52,1363
52,1364
52,1365
52,1366
52,1367
52,1368
52,1369
52,1370
52,1371
52,1372
52,1373
52,1374
52,1375
52,1376
52,1377
52,1378
52,1379
52,1380
52,1381
52,1382
52,1383
52,1384
52,1385
52,1386
52,1387
52,1388
52,1389
52,1390
52,1391
52,1392
52,1393
52,1394
52,1395
52,1396
52,1397
52,1398
52,1399
52,1400
52,1401
52,1402
52,1403
52,1404
52,1405
52,1406
52,1407
52,1408
52,1409
52,1410
52,1411
52,1412
52,1413
52,1414
52,1415
52,1416
52,1417
52,1418
52,1419
52,1420
52,1421
52,1422
52,1423
52,1424
52,1425
52,1426
52,1427
52,1428
52,1429
52,1430
52,1431
52,1432
52,1433
52,1434
52,1435
52,1436
52,1437
52,1438
52,1439
52,1440
52,1441
:60_4,1442
:60_4,1443
:60_4,1444
:60_4,1445
:60_4,1446
-122,1447
-122,1448
-122,1449
-122,1450
-122,1451
-122,1452
-122,1453
-122,1454
-122,1455
-122,1456
-122,1457
-122,1458
-122,1459
-122,1460
-122,1461
-122,1462
-122,1463
-122,1464
-122,1465
-122,1466
-122,1467
-122,1468
-122,1469
-122,1470
-122,1471
-122,1472
-122,1473
-122,1474
-122,1475
-122,1476
-122,1477
-122,1478
-122,1479
-122,1480
-122,1481
-122,1482
-122,1483
-122,1484
-122,1485
-122,1486
-122,1487
-122,1488
-122,1489
-122,1490
-122,1491
-122,1492
-122,1493
-122,1494
-122,1495
-122,1496
-122,1497
-122,1498
-122,1499
-122,1500
-122,1501
-122,1502
-122,1503
-122,1504
-122,1505
-122,1506
-122,1507
-122,1508
-122,1509
-122,1510
-122,1511
-122,1512
-122,1513
-122,1514
-122,1515
-122,1516
-122,1517
-122,1518
-122,1519
-122,1520
-122,1521
-122,1522
-122,1523
-122,1524
-122,1525
-122,1526
-122,1527
-122,1528
-122,1529
-122,1530
-122,1531
:137_6,1532
:137_6,1533
:137_6,1534
120,1535
120,1536
120,1537
120,1538
120,1539
120,1540
120,1541
120,1542
120,1543
120,1544
120,1545
120,1546
120,1547
120,1548
120,1549
120,1550
120,1551
120,1552
120,1553
120,1554
120,1555
120,1556
120,1557
120,1558
120,1559
120,1560
120,1561
120,1562
120,1563
120,1564
120,1565
120,1566
120,1567
120,1568
120,1569
120,1570
120,1571
120,1572
120,1573
120,1574
120,1575
120,1576
120,1577
120,1578
120,1579
120,1580
120,1581
120,1582
120,1583
120,1584
120,1585
120,1586
120,1587
120,1588
120,1589
120,1590
120,1591
120,1592
120,1593
120,1594
120,1595
120,1596
120,1597
120,1598
120,1599
120,1600
120,1601
120,1602
120,1603
120,1604
120,1605
120,1606
120,1607
120,1608
120,1609
120,1610
120,1611
120,1612
120,1613
120,1614
120,1615
120,1616
120,1617
120,1618
120,1619
120,1620
120,1621
120,1622
120,1623
120,1624
120,1625
120,1626
120,1627
120,1628
120,1629
120,1630
120,1631
120,1632
120,1633
120,1634
120,1635
120,1636
120,1637
