191,1
191,2
191,3
191,4
191,5
191,6
191,7
191,8
191,9
191,10
191,11
191,12
191,13
191,14
191,15
191,16
191,17
191,18
191,19
191,20
191,21
191,22
191,23
191,24
191,25
191,26
191,27
191,28
191,29
191,30
191,31
191,32
191,33
191,34
191,35
191,36
191,37
191,38
191,39
191,40
191,41
191,42
191,43
191,44
191,45
191,46
191,47
191,48
191,49
191,50
191,51
191,52
191,53
191,54
191,55
191,56
191,57
191,58
191,59
191,60
191,61
191,62
191,63
191,64
191,65
191,66
191,67
191,68
191,69
191,70
191,71
191,72
191,73
191,74
191,75
191,76
:201_0,77
:201_0,78
:201_0,79
-440,80
-440,81
-440,82
-440,83
-440,84
-440,85
-440,86
-440,87
-440,88
-440,89
-440,90
-440,91
-440,92
-440,93
-440,94
-440,95
-440,96
-440,97
-440,98
-440,99
-440,100
-440,101
-440,102
-440,103
-440,104
-440,105
-440,106
-440,107
-440,108
-440,109
-440,110
-440,111
-440,112
-440,113
-440,114
-440,115
-440,116
-440,117
-440,118
-440,119
-440,120
-440,121
-440,122
-440,123
-440,124
-440,125
-440,126
-440,127
-440,128
-440,129
-440,130
-440,131
-440,132
-440,133
-440,134
-440,135
-440,136
-440,137
-440,138
-440,139
-440,140
-440,141
-440,142
-440,143
-440,144
-440,145
-440,146
-440,147
-440,148
-440,149
-440,150
-440,151
-440,152
-440,153
-440,154
-440,155
-440,156
-440,157
-440,158
-440,159
-440,160
-440,161
-440,162
-440,163
-440,164
-440,165
-440,166
-440,167
-440,168
-440,169
-440,170
-440,171
-440,172
-440,173
-440,174
-440,175
-440,176
-440,177
-440,178
-440,179
-440,180
-440,181
-440,182
-440,183
-440,184
-440,185
-440,186
-440,187
-440,188
-440,189
-440,190
-440,191
-440,192
-440,193
-440,194
-440,195
-440,196
-440,197
-440,198
-440,199
-440,200
-440,201
-440,202
-440,203
-440,204
-440,205
:152_5,206
:152_5,207
:152_5,208
:152_5,209
:152_5,210
:152_5,211
-137,212
-137,213
-137,214
-137,215
-137,216
-137,217
-137,218
-137,219
-137,220
-137,221
-137,222
-137,223
-137,224
-137,225
-137,226
-137,227
-137,228
-137,229
-137,230
-137,231
-137,232
-137,233
-137,234
-137,235
-137,236
-137,237
-137,238
-137,239
-137,240
-137,241
-137,242
-137,243
-137,244
-137,245
-137,246
-137,247
-137,248
-137,249
-137,250
-137,251
-137,252
-137,253
-137,254
-137,255
-137,256
-137,257
-137,258
-137,259
-137,260
-137,261
-137,262
-137,263
-137,264
-137,265
-137,266
-137,267
-137,268
-137,269
-137,270
-137,271
-137,272
-137,273
-137,274
-137,275
-137,276
-137,277
-137,278
-137,279
-137,280
-137,281
-137,282
-137,283
-137,284
-137,285
-137,286
-137,287
-137,288
-137,289
-137,290
-137,291
-137,292
-137,293
-137,294
-137,295
-137,296
-137,297
-137,298
-137,299
-137,300
-137,301
-137,302
-137,303
-137,304
-137,305
-137,306
-137,307
-137,308
-137,309
-137,310
-137,311
-137,312
-137,313
-137,314
-137,315
-137,316
-137,317
-137,318
-137,319
-137,320
-137,321
-137,322
-137,323
-137,324
-137,325
-137,326
-137,327
:151_3,328
:151_3,329
:151_3,330
-569,331
-569,332
-569,333
-569,334
-569,335
-569,336
-569,337
-569,338
-569,339
-569,340
-569,341
-569,342
-569,343
-569,344
-569,345
-569,346
-569,347
-569,348
-569,349
-569,350
-569,351
-569,352
-569,353
-569,354
-569,355
-569,356
-569,357
-569,358
-569,359
-569,360
-569,361
-569,362
-569,363
-569,364
-569,365
-569,366
-569,367
-569,368
-569,369
-569,370
-569,371
-569,372
-569,373
-569,374
-569,375
-569,376
-569,377
-569,378
-569,379
-569,380
-569,381
-569,382
-569,383
-569,384
-569,385
-569,386
-569,387
-569,388
-569,389
-569,390
-569,391
-569,392
-569,393
-569,394
-569,395
-569,396
-569,397
-569,398
-569,399
-569,400
-569,401
-569,402
-569,403
-569,404
-569,405
-569,406
-569,407
-569,408
-569,409
-569,410
-569,411
-569,412
-569,413
-569,414
-569,415
-569,416
-569,417
-569,418
-569,419
-569,420
-569,421
-569,422
-569,423
-569,424
-569,425
-569,426
-569,427
-569,428
-569,429
-569,430
-569,431
:64_3,432
:64_3,433
:64_3,434
:64_3,435
:64_3,436
-56,437
-56,438
-56,439
-56,440
-56,441
-56,442
-56,443
-56,444
-56,445
-56,446
-56,447
-56,448
-56,449
-56,450
-56,451
-56,452
-56,453
-56,454
-56,455
-56,456
-56,457
-56,458
-56,459
-56,460
-56,461
-56,462
-56,463
-56,464
-56,465
-56,466
-56,467
-56,468
-56,469
-56,470
-56,471
-56,472
-56,473
-56,474
-56,475
-56,476
-56,477
-56,478
-56,479
-56,480
-56,481
-56,482
-56,483
-56,484
-56,485
-56,486
-56,487
-56,488
-56,489
-56,490
-56,491
-56,492
-56,493
-56,494
-56,495
-56,496
-56,497
-56,498
-56,499
-56,500
-56,501
-56,502
-56,503
-56,504
-56,505
-56,506
-56,507
-56,508
-56,509
-56,510
-56,511
-56,512
-56,513
-56,514
-56,515
-56,516
-56,517
-56,518
-56,519
-56,520
-56,521
-56,522
-56,523
-56,524
-56,525
-56,526
-56,527
-56,528
-56,529
-56,530
-56,531
-56,532
-56,533
-56,534
-56,535
-56,536
-56,537
-56,538
-56,539
-56,540
-56,541
-56,542
-56,543
-56,544
-56,545
-56,546
-56,547
-56,548
-56,549
-56,550
-56,551
-56,552
-56,553
-56,554
-56,555
-56,556
-56,557
-56,558
-56,559
-56,560
-56,561
-56,562
-56,563
-56,564
-56,565
-56,566
-56,567
-56,568
-56,569
-56,570
-56,571
-56,572
-56,573
-56,574
-56,575
:58_13,576
:58_13,577
:58_13,578
:58_13,579
:58_13,580
53,581
53,582
53,583
53,584
53,585
53,586
53,587
53,588
53,589
53,590
53,591
53,592
53,593
53,594
53,595
53,596
53,597
53,598
53,599
53,600
53,601
53,602
53,603
53,604
53,605
53,606
53,607
53,608
53,609
53,610
53,611
53,612
53,613
53,614
53,615
53,616
53,617
53,618
53,619
53,620
53,621
53,622
53,623
53,624
53,625
53,626
53,627
53,628
53,629
53,630
53,631
53,632
53,633
53,634
53,635
53,636
53,637
53,638
53,639
53,640
53,641
53,642
53,643
53,644
53,645
53,646
53,647
53,648
53,649
53,650
53,651
53,652
53,653
:61_7,654
:61_7,655
:61_7,656
:61_7,657
:61_7,658
54,659
54,660
54,661
54,662
54,663
54,664
54,665
54,666
54,667
54,668
54,669
54,670
54,671
54,672
54,673
54,674
54,675
54,676
54,677
54,678
54,679
54,680
54,681
54,682
54,683
54,684
54,685
54,686
54,687
54,688
54,689
54,690
54,691
54,692
54,693
54,694
54,695
54,696
54,697
54,698
54,699
54,700
54,701
54,702
54,703
54,704
54,705
:62_3,706
:62_3,707
:62_3,708
:62_3,709
:62_3,710
55,711
55,712
55,713
55,714
55,715
55,716
55,717
55,718
55,719
55,720
55,721
55,722
55,723
55,724
55,725
55,726
55,727
55,728
55,729
55,730
55,731
55,732
55,733
55,734
55,735
55,736
55,737
55,738
55,739
55,740
55,741
55,742
55,743
55,744
55,745
55,746
55,747
55,748
55,749
55,750
55,751
55,752
55,753
55,754
55,755
55,756
55,757
55,758
55,759
55,760
55,761
55,762
55,763
55,764
55,765
55,766
55,767
55,768
55,769
55,770
55,771
55,772
55,773
55,774
55,775
55,776
55,777
55,778
55,779
55,780
55,781
55,782
55,783
55,784
55,785
55,786
55,787
55,788
55,789
55,790
55,791
55,792
55,793
55,794
55,795
55,796
55,797
55,798
55,799
55,800
55,801
55,802
55,803
55,804
55,805
55,806
55,807
55,808
55,809
55,810
55,811
55,812
55,813
55,814
55,815
55,816
55,817
55,818
55,819
55,820
55,821
55,822
55,823
55,824
:63_13,825
:63_13,826
:63_13,827
:63_13,828
:63_13,829
159,830
159,831
159,832
159,833
159,834
159,835
159,836
159,837
159,838
159,839
159,840
159,841
159,842
159,843
159,844
159,845
159,846
159,847
159,848
159,849
159,850
159,851
159,852
159,853
159,854
159,855
159,856
159,857
159,858
159,859
159,860
159,861
159,862
159,863
159,864
159,865
159,866
159,867
159,868
159,869
159,870
159,871
159,872
159,873
159,874
159,875
159,876
159,877
159,878
159,879
159,880
159,881
159,882
159,883
159,884
159,885
159,886
159,887
159,888
159,889
159,890
159,891
159,892
159,893
159,894
159,895
159,896
159,897
159,898
159,899
159,900
159,901
159,902
159,903
159,904
159,905
159,906
159,907
159,908
159,909
159,910
159,911
159,912
159,913
159,914
159,915
159,916
159,917
159,918
159,919
159,920
159,921
159,922
159,923
159,924
159,925
159,926
:102_7,927
:102_7,928
:102_7,929
:102_7,930
:102_7,931
-87,932
-87,933
-87,934
-87,935
-87,936
-87,937
-87,938
-87,939
-87,940
-87,941
-87,942
-87,943
-87,944
-87,945
-87,946
-87,947
-87,948
-87,949
-87,950
-87,951
-87,952
-87,953
-87,954
-87,955
-87,956
-87,957
-87,958
-87,959
-87,960
-87,961
-87,962
-87,963
-87,964
-87,965
-87,966
-87,967
-87,968
-87,969
-87,970
-87,971
-87,972
-87,973
-87,974
-87,975
-87,976
-87,977
-87,978
-87,979
-87,980
-87,981
-87,982
-87,983
-87,984
-87,985
-87,986
-87,987
-87,988
-87,989
-87,990
-87,991
-87,992
-87,993
-87,994
-87,995
-87,996
-87,997
-87,998
-87,999
-87,1000
-87,1001
-87,1002
-87,1003
-87,1004
-87,1005
-87,1006
-87,1007
-87,1008
-87,1009
-87,1010
-87,1011
-87,1012
-87,1013
-87,1014
-87,1015
-87,1016
-87,1017
-87,1018
-87,1019
-87,1020
-87,1021
-87,1022
-87,1023
-87,1024
-87,1025
-87,1026
-87,1027
-87,1028
-87,1029
-87,1030
-87,1031
-87,1032
-87,1033
-87,1034
-87,1035
-87,1036
-87,1037
-87,1038
-87,1039
-87,1040
-87,1041
-87,1042
-87,1043
-87,1044
-87,1045
-87,1046
-87,1047
-87,1048
-87,1049
-87,1050
-87,1051
-87,1052
-87,1053
-87,1054
-87,1055
-87,1056
-87,1057
-87,1058
-87,1059
-87,1060
-87,1061
-87,1062
-87,1063
-87,1064
-87,1065
-87,1066
-87,1067
-87,1068
-87,1069
-87,1070
-87,1071
-87,1072
-87,1073
-87,1074
-87,1075
-87,1076
-87,1077
-87,1078
-87,1079
-87,1080
-87,1081
-87,1082
-87,1083
-87,1084
-87,1085
-87,1086
-87,1087
-87,1088
-87,1089
-87,1090
-87,1091
-87,1092
:27_9,1093
:27_9,1094
:27_9,1095
:27_9,1096
:27_9,1097
:27_9,1098
-23,1099
-23,1100
-23,1101
-23,1102
-23,1103
-23,1104
-23,1105
-23,1106
-23,1107
-23,1108
-23,1109
-23,1110
-23,1111
-23,1112
-23,1113
-23,1114
-23,1115
-23,1116
-23,1117
-23,1118
-23,1119
-23,1120
-23,1121
-23,1122
-23,1123
-23,1124
-23,1125
-23,1126
-23,1127
-23,1128
-23,1129
-23,1130
-23,1131
-23,1132
-23,1133
-23,1134
-23,1135
-23,1136
-23,1137
-23,1138
-23,1139
-23,1140
-23,1141
-23,1142
-23,1143
-23,1144
-23,1145
-23,1146
-23,1147
-23,1148
-23,1149
-23,1150
-23,1151
-23,1152
-23,1153
-23,1154
-23,1155
-23,1156
-23,1157
-23,1158
-23,1159
-23,1160
-23,1161
-23,1162
-23,1163
-23,1164
-23,1165
-23,1166
-23,1167
-23,1168
-23,1169
-23,1170
-23,1171
-23,1172
-23,1173
-23,1174
-23,1175
-23,1176
-23,1177
-23,1178
-23,1179
-23,1180
-23,1181
-23,1182
-23,1183
-23,1184
-23,1185
-23,1186
-23,1187
-23,1188
-23,1189
-23,1190
-23,1191
-23,1192
-23,1193
-23,1194
-23,1195
-23,1196
-23,1197
-23,1198
-23,1199
-23,1200
-23,1201
-23,1202
-23,1203
-23,1204
-23,1205
-23,1206
-23,1207
-23,1208
-23,1209
-23,1210
-23,1211
-23,1212
-23,1213
-23,1214
-23,1215
-23,1216
-23,1217
-23,1218
-23,1219
-23,1220
-23,1221
-23,1222
-23,1223
-23,1224
-23,1225
-23,1226
-23,1227
-23,1228
-23,1229
-23,1230
-23,1231
-23,1232
-23,1233
-23,1234
-23,1235
-23,1236
-23,1237
-23,1238
-23,1239
-23,1240
-23,1241
-23,1242
-23,1243
-23,1244
-23,1245
-23,1246
-23,1247
-23,1248
-23,1249
-23,1250
-23,1251
-23,1252
-23,1253
-23,1254
-23,1255
-23,1256
-23,1257
-23,1258
-23,1259
-23,1260
-23,1261
-23,1262
-23,1263
-23,1264
-23,1265
-23,1266
-23,1267
-23,1268
-23,1269
-23,1270
-23,1271
-23,1272
-23,1273
-23,1274
-23,1275
-23,1276
:22_9,1277
:22_9,1278
:22_9,1279
:22_9,1280
:22_9,1281
19,1282
19,1283
19,1284
19,1285
19,1286
19,1287
19,1288
19,1289
19,1290
19,1291
19,1292
19,1293
19,1294
19,1295
19,1296
19,1297
19,1298
19,1299
19,1300
19,1301
19,1302
19,1303
19,1304
19,1305
19,1306
19,1307
19,1308
19,1309
19,1310
19,1311
19,1312
19,1313
19,1314
19,1315
19,1316
19,1317
19,1318
19,1319
19,1320
19,1321
19,1322
19,1323
19,1324
19,1325
19,1326
19,1327
19,1328
19,1329
19,1330
19,1331
19,1332
19,1333
19,1334
19,1335
19,1336
19,1337
19,1338
19,1339
19,1340
19,1341
19,1342
19,1343
19,1344
19,1345
19,1346
19,1347
19,1348
19,1349
19,1350
19,1351
19,1352
19,1353
19,1354
19,1355
19,1356
19,1357
19,1358
19,1359
19,1360
19,1361
19,1362
19,1363
19,1364
19,1365
19,1366
19,1367
19,1368
19,1369
19,1370
19,1371
19,1372
19,1373
19,1374
19,1375
19,1376
:23_6,1377
:23_6,1378
:23_6,1379
:23_6,1380
:23_6,1381
:23_6,1382
20,1383
20,1384
20,1385
20,1386
20,1387
20,1388
20,1389
20,1390
20,1391
20,1392
20,1393
20,1394
20,1395
20,1396
20,1397
20,1398
20,1399
20,1400
20,1401
20,1402
20,1403
20,1404
20,1405
20,1406
20,1407
20,1408
20,1409
20,1410
20,1411
20,1412
20,1413
20,1414
20,1415
20,1416
20,1417
20,1418
20,1419
20,1420
20,1421
20,1422
20,1423
20,1424
20,1425
20,1426
20,1427
20,1428
20,1429
20,1430
20,1431
20,1432
20,1433
20,1434
20,1435
20,1436
20,1437
20,1438
20,1439
20,1440
20,1441
20,1442
20,1443
20,1444
20,1445
20,1446
20,1447
20,1448
20,1449
20,1450
20,1451
20,1452
20,1453
20,1454
20,1455
20,1456
20,1457
20,1458
20,1459
20,1460
20,1461
20,1462
20,1463
20,1464
20,1465
20,1466
20,1467
20,1468
20,1469
20,1470
20,1471
20,1472
20,1473
:24_13,1474
:24_13,1475
:24_13,1476
:24_13,1477
:24_13,1478
:24_13,1479
25,1480
25,1481
25,1482
25,1483
25,1484
25,1485
25,1486
25,1487
25,1488
25,1489
25,1490
25,1491
25,1492
25,1493
25,1494
25,1495
25,1496
25,1497
25,1498
25,1499
25,1500
25,1501
25,1502
25,1503
25,1504
25,1505
25,1506
25,1507
25,1508
25,1509
25,1510
25,1511
25,1512
25,1513
25,1514
25,1515
25,1516
25,1517
25,1518
25,1519
25,1520
25,1521
25,1522
25,1523
25,1524
25,1525
25,1526
25,1527
25,1528
25,1529
25,1530
25,1531
25,1532
25,1533
25,1534
25,1535
25,1536
25,1537
25,1538
25,1539
25,1540
25,1541
25,1542
25,1543
25,1544
25,1545
25,1546
25,1547
25,1548
25,1549
25,1550
25,1551
25,1552
25,1553
25,1554
25,1555
25,1556
25,1557
25,1558
25,1559
25,1560
25,1561
25,1562
25,1563
25,1564
25,1565
25,1566
25,1567
25,1568
25,1569
25,1570
25,1571
25,1572
25,1573
25,1574
25,1575
25,1576
25,1577
25,1578
25,1579
25,1580
25,1581
25,1582
25,1583
25,1584
25,1585
25,1586
25,1587
25,1588
25,1589
25,1590
25,1591
25,1592
25,1593
25,1594
25,1595
25,1596
25,1597
25,1598
25,1599
25,1600
25,1601
25,1602
25,1603
25,1604
25,1605
25,1606
25,1607
25,1608
25,1609
25,1610
25,1611
25,1612
25,1613
25,1614
25,1615
25,1616
25,1617
:29_13,1618
:29_13,1619
:29_13,1620
:29_13,1621
:29_13,1622
:29_13,1623
210,1624
210,1625
210,1626
210,1627
210,1628
210,1629
210,1630
210,1631
210,1632
210,1633
210,1634
210,1635
210,1636
210,1637
210,1638
210,1639
210,1640
210,1641
210,1642
210,1643
210,1644
210,1645
210,1646
210,1647
210,1648
210,1649
210,1650
210,1651
210,1652
210,1653
210,1654
210,1655
210,1656
210,1657
210,1658
210,1659
210,1660
210,1661
210,1662
210,1663
210,1664
210,1665
210,1666
210,1667
210,1668
210,1669
210,1670
210,1671
210,1672
210,1673
210,1674
210,1675
210,1676
210,1677
210,1678
210,1679
210,1680
210,1681
210,1682
210,1683
210,1684
210,1685
210,1686
210,1687
210,1688
210,1689
210,1690
210,1691
210,1692
210,1693
210,1694
210,1695
210,1696
210,1697
210,1698
210,1699
210,1700
210,1701
210,1702
210,1703
210,1704
210,1705
210,1706
210,1707
210,1708
210,1709
210,1710
210,1711
210,1712
210,1713
210,1714
210,1715
210,1716
210,1717
210,1718
:16_6,1719
:16_6,1720
:16_6,1721
:16_6,1722
:16_6,1723
:16_6,1724
-14,1725
-14,1726
-14,1727
-14,1728
-14,1729
-14,1730
-14,1731
-14,1732
-14,1733
-14,1734
-14,1735
-14,1736
-14,1737
-14,1738
-14,1739
-14,1740
-14,1741
-14,1742
-14,1743
-14,1744
-14,1745
-14,1746
-14,1747
-14,1748
-14,1749
-14,1750
-14,1751
-14,1752
-14,1753
-14,1754
-14,1755
-14,1756
-14,1757
-14,1758
-14,1759
-14,1760
-14,1761
-14,1762
-14,1763
-14,1764
-14,1765
-14,1766
-14,1767
-14,1768
-14,1769
-14,1770
-14,1771
-14,1772
-14,1773
-14,1774
-14,1775
-14,1776
-14,1777
-14,1778
-14,1779
-14,1780
-14,1781
-14,1782
-14,1783
-14,1784
-14,1785
-14,1786
-14,1787
-14,1788
-14,1789
-14,1790
-14,1791
-14,1792
-14,1793
-14,1794
-14,1795
-14,1796
-14,1797
-14,1798
-14,1799
-14,1800
-14,1801
-14,1802
-14,1803
-14,1804
-14,1805
-14,1806
-14,1807
-14,1808
-14,1809
-14,1810
-14,1811
-14,1812
-14,1813
-14,1814
-14,1815
-14,1816
-14,1817
-14,1818
-14,1819
-14,1820
-14,1821
-14,1822
-14,1823
-14,1824
-14,1825
-14,1826
-14,1827
-14,1828
-14,1829
-14,1830
-14,1831
-14,1832
:14_1,1833
:14_1,1834
13,1835
13,1836
13,1837
13,1838
13,1839
13,1840
13,1841
13,1842
13,1843
13,1844
13,1845
13,1846
13,1847
13,1848
13,1849
13,1850
13,1851
13,1852
13,1853
13,1854
13,1855
13,1856
13,1857
13,1858
13,1859
13,1860
13,1861
13,1862
13,1863
13,1864
13,1865
13,1866
13,1867
13,1868
13,1869
13,1870
13,1871
13,1872
13,1873
13,1874
13,1875
13,1876
13,1877
13,1878
13,1879
13,1880
13,1881
13,1882
13,1883
13,1884
13,1885
13,1886
13,1887
13,1888
13,1889
13,1890
13,1891
13,1892
13,1893
13,1894
13,1895
13,1896
13,1897
13,1898
13,1899
13,1900
13,1901
13,1902
13,1903
13,1904
13,1905
13,1906
13,1907
13,1908
13,1909
13,1910
13,1911
13,1912
13,1913
13,1914
13,1915
13,1916
13,1917
13,1918
13,1919
13,1920
13,1921
13,1922
13,1923
13,1924
13,1925
13,1926
13,1927
13,1928
13,1929
13,1930
13,1931
:15_3,1932
:15_3,1933
:15_3,1934
:15_3,1935
:15_3,1936
-375,1937
-375,1938
-375,1939
-375,1940
-375,1941
-375,1942
-375,1943
-375,1944
-375,1945
-375,1946
-375,1947
-375,1948
-375,1949
-375,1950
-375,1951
-375,1952
-375,1953
-375,1954
-375,1955
-375,1956
-375,1957
-375,1958
-375,1959
-375,1960
-375,1961
-375,1962
-375,1963
-375,1964
-375,1965
-375,1966
-375,1967
-375,1968
-375,1969
-375,1970
-375,1971
-375,1972
-375,1973
-375,1974
-375,1975
-375,1976
-375,1977
-375,1978
-375,1979
-375,1980
-375,1981
-375,1982
-375,1983
-375,1984
-375,1985
-375,1986
-375,1987
-375,1988
-375,1989
-375,1990
-375,1991
-375,1992
-375,1993
-375,1994
-375,1995
-375,1996
-375,1997
-375,1998
-375,1999
-375,2000
