-305,21
-305,22
-305,23
-305,24
-305,25
-305,26
-305,27
-305,28
-305,29
-305,30
-305,31
-305,32
-305,33
-305,34
-305,35
-305,36
-305,37
-305,38
-305,39
-305,40
-305,41
-305,42
-305,43
-305,44
-305,45
-305,46
-305,47
-305,48
-305,49
-305,50
-305,51
-305,52
-305,53
-305,54
-305,55
-305,56
-305,57
-305,58
-305,59
-305,60
-305,61
-305,62
-305,63
-305,64
-305,65
-305,66
-305,67
-305,68
-305,69
-305,70
-305,71
-305,72
-305,73
-305,74
-305,75
-305,76
-305,77
-305,78
-305,79
-305,80
-305,81
-305,82
-305,83
-305,84
-305,85
-305,86
-305,87
-305,88
-305,89
-305,90
-305,91
-305,92
-305,93
-305,94
-305,95
-305,96
-305,97
-305,98
-305,99
-305,100
-305,101
-305,102
-305,103
-305,104
-305,105
-305,106
-305,107
-305,108
:235_5,109
:235_5,110
:235_5,111
:235_5,112
:235_5,113
:235_5,114
:235_5,115
:235_5,116
307,117
307,118
307,119
307,120
307,121
307,122
307,123
307,124
307,125
307,126
307,127
307,128
307,129
307,130
307,131
307,132
307,133
307,134
307,135
307,136
307,137
307,138
307,139
307,140
307,141
307,142
307,143
307,144
307,145
307,146
307,147
307,148
307,149
307,150
307,151
307,152
307,153
307,154
307,155
307,156
307,157
307,158
307,159
307,160
307,161
307,162
307,163
307,164
307,165
307,166
307,167
307,168
307,169
307,170
307,171
307,172
307,173
307,174
307,175
307,176
307,177
307,178
307,179
307,180
307,181
307,182
307,183
307,184
307,185
307,186
307,187
307,188
307,189
307,190
307,191
307,192
307,193
307,194
307,195
307,196
307,197
307,198
307,199
307,200
307,201
307,202
307,203
307,204
307,205
307,206
307,207
307,208
307,209
307,210
307,211
307,212
307,213
307,214
307,215
307,216
307,217
307,218
307,219
307,220
307,221
307,222
307,223
307,224
307,225
307,226
307,227
307,228
307,229
307,230
307,231
307,232
307,233
307,234
307,235
307,236
307,237
307,238
307,239
307,240
307,241
307,242
307,243
307,244
307,245
307,246
307,247
307,248
:293_5,249
:293_5,250
:293_5,251
:293_5,252
:293_5,253
:293_5,254
395,255
395,256
395,257
395,258
395,259
395,260
395,261
395,262
395,263
395,264
395,265
395,266
395,267
395,268
395,269
395,270
395,271
395,272
395,273
395,274
395,275
395,276
395,277
395,278
395,279
395,280
395,281
395,282
395,283
395,284
395,285
395,286
395,287
395,288
395,289
395,290
395,291
395,292
395,293
395,294
395,295
395,296
395,297
395,298
395,299
395,300
395,301
395,302
395,303
395,304
395,305
395,306
395,307
395,308
395,309
395,310
395,311
395,312
395,313
395,314
395,315
395,316
395,317
395,318
395,319
395,320
:356_0,321
:356_0,322
:356_0,323
:356_0,324
:356_0,325
:356_0,326
-439,327
-439,328
-439,329
-439,330
-439,331
-439,332
-439,333
-439,334
-439,335
-439,336
-439,337
-439,338
-439,339
-439,340
-439,341
-439,342
-439,343
-439,344
-439,345
-439,346
-439,347
-439,348
-439,349
-439,350
-439,351
-439,352
-439,353
-439,354
-439,355
-439,356
-439,357
-439,358
-439,359
-439,360
-439,361
-439,362
-439,363
-439,364
-439,365
-439,366
-439,367
-439,368
-439,369
-439,370
-439,371
-439,372
-439,373
-439,374
-439,375
-439,376
-439,377
-439,378
-439,379
-439,380
-439,381
-439,382
-439,383
-439,384
-439,385
-439,386
-439,387
-439,388
-439,389
-439,390
-439,391
-439,392
-439,393
-439,394
-439,395
-439,396
:3_3,397
:3_3,398
:3_3,399
:3_3,400
-102,401
-102,402
-102,403
-102,404
-102,405
-102,406
-102,407
-102,408
-102,409
-102,410
-102,411
-102,412
-102,413
-102,414
-102,415
-102,416
-102,417
-102,418
-102,419
-102,420
-102,421
-102,422
-102,423
-102,424
-102,425
-102,426
-102,427
-102,428
-102,429
-102,430
-102,431
-102,432
-102,433
-102,434
-102,435
-102,436
-102,437
-102,438
-102,439
-102,440
-102,441
-102,442
-102,443
-102,444
-102,445
-102,446
-102,447
-102,448
-102,449
-102,450
-102,451
-102,452
-102,453
-102,454
-102,455
-102,456
-102,457
-102,458
-102,459
-102,460
-102,461
-102,462
-102,463
-102,464
-102,465
-102,466
-102,467
-102,468
-102,469
-102,470
-102,471
-102,472
-102,473
-102,474
-102,475
-102,476
-102,477
-102,478
-102,479
-102,480
-102,481
-102,482
-102,483
-102,484
-102,485
-102,486
-102,487
-102,488
-102,489
-102,490
-102,491
-102,492
-102,493
-102,494
-102,495
-102,496
-102,497
-102,498
-102,499
-102,500
-102,501
-102,502
-102,503
-102,504
-102,505
-102,506
-102,507
-102,508
-102,509
-102,510
-102,511
-102,512
-102,513
-102,514
-102,515
-102,516
-102,517
-102,518
-102,519
-102,520
-102,521
-102,522
-102,523
-102,524
-102,525
-102,526
-102,527
-102,528
-102,529
-102,530
-102,531
-102,532
-102,533
-102,534
-102,535
-102,536
-102,537
-102,538
-102,539
-102,540
-102,541
-102,542
-102,543
-102,544
-102,545
-102,546
-102,547
-102,548
-102,549
-102,550
-102,551
-102,552
-102,553
-102,554
-102,555
-102,556
-102,557
-102,558
-102,559
-102,560
-102,561
-102,562
-102,563
-102,564
-102,565
-102,566
-102,567
-102,568
-102,569
-102,570
-102,571
-102,572
-102,573
-102,574
-102,575
-102,576
-102,577
-102,578
-102,579
-102,580
-102,581
-102,582
-102,583
-102,584
-102,585
-102,586
-102,587
-102,588
-102,589
-102,590
-102,591
-102,592
-102,593
-102,594
-102,595
-102,596
-102,597
-102,598
-102,599
-102,600
-102,601
:115_7,602
:115_7,603
:115_7,604
:115_7,605
:115_7,606
:115_7,607
99,608
99,609
99,610
99,611
99,612
99,613
99,614
99,615
99,616
99,617
99,618
99,619
99,620
99,621
99,622
99,623
99,624
99,625
99,626
99,627
99,628
99,629
99,630
99,631
99,632
99,633
99,634
99,635
99,636
99,637
99,638
99,639
99,640
99,641
99,642
99,643
99,644
99,645
99,646
99,647
99,648
99,649
99,650
99,651
99,652
99,653
99,654
99,655
99,656
99,657
99,658
99,659
99,660
99,661
99,662
99,663
99,664
99,665
99,666
99,667
99,668
99,669
99,670
99,671
99,672
99,673
99,674
99,675
99,676
99,677
99,678
99,679
99,680
99,681
99,682
99,683
99,684
99,685
99,686
99,687
99,688
99,689
99,690
99,691
99,692
99,693
99,694
99,695
99,696
99,697
99,698
99,699
99,700
99,701
99,702
99,703
99,704
99,705
99,706
99,707
99,708
99,709
99,710
99,711
99,712
99,713
99,714
99,715
99,716
99,717
99,718
99,719
99,720
99,721
99,722
99,723
99,724
99,725
99,726
99,727
99,728
99,729
99,730
99,731
99,732
99,733
99,734
99,735
99,736
99,737
99,738
99,739
99,740
99,741
99,742
99,743
99,744
99,745
99,746
99,747
99,748
99,749
99,750
99,751
99,752
99,753
99,754
99,755
99,756
99,757
99,758
99,759
99,760
99,761
99,762
99,763
99,764
99,765
99,766
99,767
99,768
:116_7,769
:116_7,770
:116_7,771
:116_7,772
:116_7,773
100,774
100,775
100,776
100,777
100,778
100,779
100,780
100,781
100,782
100,783
100,784
100,785
100,786
100,787
100,788
100,789
100,790
100,791
100,792
100,793
100,794
100,795
100,796
100,797
100,798
100,799
100,800
100,801
100,802
100,803
100,804
100,805
100,806
100,807
100,808
100,809
100,810
100,811
100,812
100,813
100,814
100,815
100,816
100,817
100,818
100,819
100,820
100,821
100,822
100,823
100,824
100,825
100,826
100,827
100,828
100,829
100,830
100,831
100,832
100,833
100,834
100,835
100,836
100,837
100,838
100,839
100,840
100,841
100,842
100,843
100,844
100,845
100,846
100,847
100,848
100,849
100,850
100,851
100,852
100,853
100,854
100,855
100,856
100,857
100,858
100,859
100,860
100,861
100,862
100,863
100,864
100,865
100,866
100,867
100,868
100,869
100,870
100,871
100,872
100,873
100,874
100,875
100,876
100,877
100,878
100,879
100,880
100,881
100,882
100,883
100,884
100,885
100,886
100,887
100,888
100,889
100,890
100,891
100,892
100,893
100,894
100,895
100,896
100,897
100,898
100,899
100,900
100,901
100,902
100,903
100,904
100,905
100,906
100,907
100,908
100,909
100,910
100,911
100,912
100,913
100,914
100,915
100,916
100,917
100,918
100,919
100,920
100,921
100,922
100,923
100,924
100,925
100,926
100,927
100,928
100,929
100,930
100,931
100,932
100,933
100,934
100,935
100,936
100,937
100,938
100,939
100,940
100,941
100,942
100,943
100,944
100,945
100,946
100,947
100,948
100,949
100,950
100,951
100,952
100,953
100,954
100,955
100,956
100,957
100,958
100,959
100,960
100,961
100,962
100,963
100,964
100,965
100,966
100,967
100,968
100,969
100,970
100,971
100,972
100,973
100,974
100,975
100,976
100,977
100,978
100,979
100,980
100,981
100,982
100,983
100,984
100,985
100,986
