-554,1
-554,2
-554,3
-554,4
-554,5
-554,6
-554,7
-554,8
-554,9
-554,10
-554,11
-554,12
-554,13
-554,14
-554,15
-554,16
-554,17
-554,18
-554,19
-554,20
-554,21
-554,22
-554,23
-554,24
-554,25
-554,26
-554,27
-554,28
-554,29
-554,30
-554,31
-554,32
-554,33
-554,34
-554,35
-554,36
-554,37
-554,38
-554,39
-554,40
-554,41
-554,42
-554,43
-554,44
-554,45
-554,46
-554,47
-554,48
-554,49
-554,50
-554,51
-554,52
-554,53
-554,54
-554,55
-554,56
-554,57
-554,58
-554,59
-554,60
-554,61
-554,62
-554,63
-554,64
-554,65
-554,66
-554,67
-554,68
-554,69
-554,70
-554,71
-554,72
-554,73
-554,74
-554,75
-554,76
-554,77
-554,78
-554,79
-554,80
-554,81
-554,82
-554,83
-554,84
-554,85
-554,86
-554,87
-554,88
-554,89
-554,90
-554,91
-554,92
-554,93
-554,94
-554,95
-554,96
-554,97
-554,98
-554,99
-554,100
-554,101
-554,102
-554,103
-554,104
-554,105
-554,106
-554,107
-554,108
-554,109
-554,110
-554,111
-554,112
-554,113
-554,114
-554,115
-554,116
-554,117
-554,118
-554,119
-554,120
-554,121
-554,122
:335_2,123
:335_2,124
:335_16,125
:335_16,126
:335_16,127
555,128
555,129
555,130
555,131
555,132
555,133
555,134
555,135
555,136
555,137
555,138
555,139
555,140
555,141
555,142
555,143
555,144
555,145
555,146
555,147
555,148
555,149
555,150
555,151
555,152
555,153
555,154
555,155
555,156
555,157
555,158
555,159
555,160
555,161
555,162
555,163
555,164
555,165
555,166
555,167
555,168
555,169
555,170
555,171
555,172
555,173
555,174
555,175
555,176
555,177
555,178
555,179
555,180
555,181
555,182
555,183
555,184
555,185
555,186
555,187
555,188
555,189
555,190
555,191
555,192
555,193
555,194
555,195
555,196
555,197
-457,198
-457,199
-457,200
-457,201
-457,202
-457,203
-457,204
-457,205
-457,206
-457,207
-457,208
-457,209
-457,210
-457,211
-457,212
-457,213
-457,214
-457,215
-457,216
-457,217
-457,218
-457,219
-457,220
-457,221
-457,222
-457,223
-457,224
-457,225
-457,226
-457,227
-457,228
-457,229
-457,230
-457,231
-457,232
-457,233
-457,234
-457,235
-457,236
-457,237
-457,238
-457,239
-457,240
-457,241
-457,242
-457,243
-457,244
-457,245
-457,246
-457,247
-457,248
-457,249
-457,250
-457,251
-457,252
-457,253
-457,254
-457,255
-457,256
-457,257
-457,258
-457,259
-457,260
-457,261
-457,262
-457,263
-457,264
-457,265
-457,266
-457,267
-457,268
-457,269
-457,270
-457,271
-457,272
-457,273
-457,274
-457,275
-457,276
-457,277
-457,278
-457,279
-457,280
-457,281
-457,282
-457,283
:62_6,284
:62_6,285
:62_6,286
-54,287
-54,288
-54,289
-54,290
-54,291
-54,292
-54,293
-54,294
-54,295
-54,296
-54,297
-54,298
-54,299
-54,300
-54,301
-54,302
-54,303
-54,304
-54,305
-54,306
-54,307
-54,308
-54,309
-54,310
-54,311
-54,312
-54,313
-54,314
-54,315
-54,316
-54,317
-54,318
-54,319
-54,320
-54,321
-54,322
-54,323
-54,324
-54,325
-54,326
-54,327
-54,328
-54,329
-54,330
-54,331
-54,332
-54,333
-54,334
-54,335
:61_0,336
:61_0,337
:61_0,338
:61_0,339
:61_0,340
-53,341
-53,342
-53,343
-53,344
-53,345
-53,346
-53,347
-53,348
-53,349
-53,350
-53,351
-53,352
-53,353
-53,354
-53,355
-53,356
-53,357
-53,358
-53,359
-53,360
-53,361
-53,362
-53,363
-53,364
-53,365
-53,366
-53,367
-53,368
-53,369
-53,370
-53,371
-53,372
-53,373
-53,374
-53,375
-53,376
-53,377
-53,378
-53,379
-53,380
-53,381
-53,382
-53,383
-53,384
-53,385
-53,386
-53,387
-53,388
-53,389
-53,390
-53,391
-53,392
-53,393
-53,394
-53,395
-53,396
-53,397
-53,398
-53,399
-53,400
-53,401
-53,402
-53,403
-53,404
-53,405
-53,406
-53,407
-53,408
-53,409
-53,410
-53,411
-53,412
-53,413
-53,414
-53,415
-53,416
:58_6,417
:58_6,418
:58_6,419
:58_6,420
:58_6,421
51,422
51,423
51,424
51,425
51,426
51,427
51,428
51,429
51,430
51,431
51,432
51,433
51,434
51,435
51,436
51,437
51,438
51,439
51,440
51,441
51,442
51,443
51,444
51,445
51,446
51,447
51,448
51,449
51,450
51,451
51,452
51,453
51,454
51,455
51,456
51,457
51,458
51,459
51,460
51,461
51,462
51,463
51,464
51,465
51,466
51,467
51,468
51,469
51,470
51,471
51,472
51,473
51,474
51,475
51,476
51,477
51,478
51,479
51,480
51,481
51,482
51,483
51,484
51,485
51,486
51,487
51,488
51,489
51,490
51,491
51,492
51,493
51,494
51,495
51,496
51,497
51,498
51,499
51,500
51,501
51,502
51,503
51,504
51,505
51,506
51,507
51,508
51,509
51,510
51,511
51,512
51,513
51,514
51,515
51,516
51,517
51,518
51,519
51,520
51,521
51,522
51,523
51,524
51,525
51,526
51,527
51,528
51,529
51,530
51,531
51,532
51,533
51,534
51,535
51,536
51,537
51,538
51,539
51,540
51,541
51,542
51,543
51,544
51,545
51,546
51,547
51,548
51,549
51,550
51,551
51,552
51,553
51,554
51,555
51,556
51,557
51,558
51,559
51,560
51,561
51,562
51,563
51,564
:59_7,565
:59_7,566
:59_7,567
:59_7,568
:59_7,569
:59_7,570
-304,571
-304,572
-304,573
-304,574
-304,575
-304,576
-304,577
-304,578
-304,579
-304,580
-304,581
-304,582
-304,583
-304,584
-304,585
-304,586
-304,587
-304,588
-304,589
-304,590
-304,591
-304,592
-304,593
-304,594
-304,595
-304,596
-304,597
-304,598
-304,599
-304,600
-304,601
-304,602
-304,603
-304,604
-304,605
-304,606
-304,607
-304,608
-304,609
-304,610
-304,611
-304,612
-304,613
-304,614
-304,615
-304,616
-304,617
-304,618
-304,619
-304,620
-304,621
-304,622
-304,623
-304,624
-304,625
-304,626
-304,627
-304,628
-304,629
-304,630
-304,631
-304,632
-304,633
-304,634
-304,635
-304,636
-304,637
-304,638
-304,639
-304,640
-304,641
-304,642
-304,643
-304,644
-304,645
-304,646
-304,647
-304,648
-304,649
-304,650
-304,651
-304,652
-304,653
-304,654
-304,655
-304,656
-304,657
-304,658
-304,659
-304,660
-304,661
-304,662
-304,663
-304,664
-304,665
-304,666
-304,667
-304,668
-304,669
-304,670
-304,671
-304,672
-304,673
-304,674
-304,675
-304,676
-304,677
-304,678
-304,679
-304,680
-304,681
-304,682
-304,683
-304,684
-304,685
-304,686
:289_0,687
:289_0,688
:289_0,689
:289_0,690
:289_0,691
:289_0,692
:289_0,693
302,694
302,695
302,696
302,697
302,698
302,699
302,700
302,701
302,702
302,703
302,704
302,705
302,706
302,707
302,708
302,709
302,710
302,711
302,712
302,713
302,714
302,715
302,716
302,717
302,718
302,719
302,720
302,721
302,722
302,723
302,724
302,725
302,726
302,727
302,728
302,729
302,730
302,731
302,732
302,733
302,734
302,735
302,736
302,737
302,738
302,739
302,740
302,741
302,742
302,743
302,744
302,745
-192,746
-192,747
-192,748
-192,749
-192,750
-192,751
-192,752
-192,753
-192,754
-192,755
-192,756
-192,757
-192,758
-192,759
-192,760
-192,761
-192,762
-192,763
-192,764
-192,765
-192,766
-192,767
-192,768
-192,769
-192,770
-192,771
-192,772
-192,773
-192,774
-192,775
-192,776
-192,777
-192,778
-192,779
-192,780
-192,781
-192,782
-192,783
-192,784
-192,785
-192,786
-192,787
-192,788
-192,789
-192,790
-192,791
-192,792
-192,793
-192,794
-192,795
-192,796
-192,797
-192,798
-192,799
-192,800
-192,801
-192,802
-192,803
-192,804
-192,805
-192,806
-192,807
-192,808
-192,809
-192,810
-192,811
-192,812
-192,813
-192,814
-192,815
-192,816
-192,817
-192,818
-192,819
-192,820
-192,821
-192,822
-192,823
-192,824
-192,825
-192,826
-192,827
-192,828
-192,829
-192,830
-192,831
-192,832
-192,833
-192,834
-192,835
-192,836
-192,837
-192,838
-192,839
-192,840
-192,841
-192,842
-192,843
-192,844
-192,845
-192,846
-192,847
-192,848
-192,849
-192,850
-192,851
-192,852
-192,853
-192,854
-192,855
-192,856
-192,857
-192,858
-192,859
-192,860
-192,861
-192,862
-192,863
-192,864
-192,865
-192,866
-192,867
-192,868
-192,869
-192,870
-192,871
-192,872
-192,873
-192,874
-192,875
-192,876
-192,877
-192,878
:68_1,879
:68_1,880
:68_1,881
:68_1,882
:68_1,883
:68_1,884
-59,885
-59,886
-59,887
-59,888
-59,889
-59,890
-59,891
-59,892
-59,893
-59,894
-59,895
-59,896
-59,897
-59,898
-59,899
-59,900
-59,901
-59,902
-59,903
-59,904
-59,905
-59,906
-59,907
-59,908
-59,909
-59,910
-59,911
-59,912
-59,913
-59,914
-59,915
-59,916
-59,917
-59,918
-59,919
-59,920
-59,921
-59,922
-59,923
-59,924
-59,925
-59,926
-59,927
-59,928
-59,929
-59,930
-59,931
-59,932
-59,933
-59,934
-59,935
-59,936
-59,937
-59,938
-59,939
-59,940
-59,941
-59,942
-59,943
-59,944
-59,945
-59,946
-59,947
-59,948
-59,949
-59,950
-59,951
-59,952
-59,953
-59,954
-59,955
:65_0,956
:65_0,957
:65_0,958
57,959
57,960
57,961
57,962
57,963
57,964
57,965
57,966
57,967
57,968
57,969
57,970
57,971
57,972
57,973
57,974
57,975
57,976
57,977
57,978
57,979
57,980
57,981
57,982
57,983
57,984
57,985
57,986
57,987
57,988
57,989
57,990
57,991
57,992
57,993
57,994
57,995
57,996
57,997
57,998
57,999
57,1000
57,1001
57,1002
57,1003
57,1004
57,1005
57,1006
57,1007
57,1008
57,1009
57,1010
57,1011
57,1012
57,1013
57,1014
57,1015
57,1016
57,1017
57,1018
57,1019
57,1020
57,1021
57,1022
57,1023
57,1024
57,1025
57,1026
:66_4,1027
:66_4,1028
:66_4,1029
:66_4,1030
:66_4,1031
-264,1032
-264,1033
-264,1034
-264,1035
-264,1036
-264,1037
-264,1038
-264,1039
-264,1040
-264,1041
-264,1042
-264,1043
-264,1044
-264,1045
-264,1046
-264,1047
-264,1048
-264,1049
-264,1050
-264,1051
-264,1052
-264,1053
-264,1054
-264,1055
-264,1056
-264,1057
-264,1058
-264,1059
-264,1060
-264,1061
-264,1062
-264,1063
-264,1064
-264,1065
-264,1066
-264,1067
-264,1068
-264,1069
-264,1070
-264,1071
-264,1072
-264,1073
-264,1074
-264,1075
-264,1076
-264,1077
-264,1078
-264,1079
-264,1080
-264,1081
-264,1082
-264,1083
-264,1084
-264,1085
-264,1086
-264,1087
-264,1088
-264,1089
-264,1090
-264,1091
-264,1092
-264,1093
-264,1094
-264,1095
-264,1096
-264,1097
-264,1098
-264,1099
-264,1100
-264,1101
-264,1102
-264,1103
-264,1104
-264,1105
-264,1106
-264,1107
-264,1108
-264,1109
-264,1110
-264,1111
-264,1112
-264,1113
-264,1114
-264,1115
-264,1116
-264,1117
-264,1118
-264,1119
-264,1120
-264,1121
-264,1122
-264,1123
-264,1124
-264,1125
-264,1126
-264,1127
-264,1128
-264,1129
-264,1130
-264,1131
-264,1132
-264,1133
-264,1134
-264,1135
-264,1136
-264,1137
-264,1138
-264,1139
-264,1140
-264,1141
-264,1142
-264,1143
-264,1144
-264,1145
-264,1146
-264,1147
-264,1148
-264,1149
-264,1150
-264,1151
-264,1152
-264,1153
-264,1154
