-320,1
-320,2
-320,3
-320,4
-320,5
-320,6
-320,7
-320,8
-320,9
-320,10
-320,11
-320,12
-320,13
-320,14
-320,15
-320,16
-320,17
-320,18
-320,19
-320,20
-320,21
-320,22
-320,23
-320,24
-320,25
-320,26
-320,27
-320,28
-320,29
-320,30
-320,31
-320,32
-320,33
-320,34
-320,35
-320,36
-320,37
-320,38
-320,39
-320,40
-320,41
-320,42
-320,43
-320,44
-320,45
-320,46
-320,47
-320,48
-320,49
-320,50
-320,51
-320,52
-320,53
-320,54
-320,55
-320,56
-320,57
-320,58
-320,59
-320,60
-320,61
-320,62
-320,63
-320,64
-320,65
-320,66
-320,67
-320,68
-320,69
-320,70
-320,71
-320,72
-320,73
-320,74
-320,75
-320,76
-320,77
-320,78
-320,79
-320,80
-320,81
-320,82
-320,83
-320,84
-320,85
-320,86
-320,87
-320,88
-320,89
-320,90
-320,91
-320,92
-320,93
-320,94
-320,95
-320,96
-320,97
-320,98
-320,99
-320,100
-320,101
-320,102
-320,103
-320,104
-320,105
-320,106
-320,107
-320,108
-320,109
-320,110
-320,111
-320,112
-320,113
-320,114
-320,115
-320,116
-320,117
-320,118
-320,119
-320,120
-320,121
-320,122
-320,123
-320,124
-320,125
-320,126
-320,127
-320,128
-320,129
-320,130
-320,131
-320,132
-320,133
-320,134
-320,135
-320,136
-320,137
-320,138
-320,139
-320,140
-320,141
-320,142
-320,143
-320,144
-320,145
-320,146
-320,147
-320,148
-320,149
-320,150
-320,151
-320,152
-320,153
-320,154
-320,155
-320,156
-320,157
-320,158
-320,159
-320,160
-320,161
-320,162
-320,163
-320,164
-320,165
-320,166
-320,167
-320,168
-320,169
-320,170
-320,171
-320,172
-320,173
-320,174
-320,175
-320,176
-320,177
-320,178
-320,179
-320,180
-320,181
-320,182
-320,183
-320,184
-320,185
-320,186
-320,187
:31_1,188
:31_1,189
:31_1,190
:31_1,191
:31_1,192
-26,193
-26,194
-26,195
-26,196
-26,197
-26,198
-26,199
-26,200
-26,201
-26,202
-26,203
-26,204
-26,205
-26,206
-26,207
-26,208
-26,209
-26,210
-26,211
-26,212
-26,213
-26,214
-26,215
-26,216
-26,217
-26,218
-26,219
-26,220
-26,221
-26,222
-26,223
-26,224
-26,225
-26,226
-26,227
-26,228
-26,229
-26,230
-26,231
-26,232
-26,233
-26,234
-26,235
-26,236
-26,237
-26,238
-26,239
-26,240
-26,241
-26,242
-26,243
-26,244
-26,245
-26,246
-26,247
-26,248
-26,249
-26,250
-26,251
-26,252
-26,253
-26,254
-26,255
-26,256
-26,257
-26,258
-26,259
-26,260
-26,261
-26,262
-26,263
-26,264
-26,265
-26,266
-26,267
-26,268
-26,269
-26,270
-26,271
-26,272
-26,273
-26,274
-26,275
-26,276
-26,277
:30_0,278
:30_0,279
:30_0,280
27,281
27,282
27,283
27,284
27,285
27,286
27,287
27,288
27,289
27,290
27,291
27,292
27,293
27,294
27,295
27,296
27,297
27,298
27,299
27,300
27,301
27,302
27,303
27,304
27,305
27,306
27,307
27,308
27,309
27,310
27,311
27,312
27,313
27,314
27,315
27,316
27,317
27,318
27,319
27,320
27,321
27,322
27,323
27,324
27,325
27,326
27,327
27,328
27,329
27,330
27,331
27,332
27,333
27,334
27,335
27,336
27,337
27,338
27,339
27,340
27,341
27,342
27,343
27,344
27,345
27,346
27,347
27,348
27,349
27,350
27,351
27,352
27,353
27,354
27,355
27,356
27,357
27,358
27,359
27,360
27,361
27,362
27,363
27,364
27,365
27,366
27,367
27,368
27,369
27,370
27,371
27,372
27,373
27,374
27,375
27,376
27,377
:32_1,378
:32_1,379
:32_9,380
:32_9,381
:32_9,382
-378,383
-378,384
-378,385
-378,386
-378,387
-378,388
-378,389
-378,390
-378,391
-378,392
-378,393
-378,394
-378,395
-378,396
-378,397
-378,398
-378,399
-378,400
-378,401
-378,402
-378,403
-378,404
-378,405
-378,406
-378,407
-378,408
-378,409
-378,410
-378,411
-378,412
-378,413
-378,414
-378,415
-378,416
-378,417
-378,418
-378,419
-378,420
-378,421
-378,422
-378,423
-378,424
-378,425
-378,426
-378,427
-378,428
-378,429
-378,430
-378,431
-378,432
-378,433
-378,434
-378,435
-378,436
-378,437
-378,438
-378,439
-378,440
-378,441
-378,442
-378,443
-378,444
-378,445
-378,446
-378,447
-378,448
-378,449
-378,450
-378,451
-378,452
-378,453
-378,454
-378,455
-378,456
-378,457
-378,458
-378,459
:342_0,460
-377,461
-377,462
-377,463
-377,464
-377,465
-377,466
-377,467
-377,468
-377,469
-377,470
-377,471
-377,472
-377,473
-377,474
-377,475
-377,476
-377,477
-377,478
-377,479
-377,480
-377,481
-377,482
-377,483
-377,484
-377,485
-377,486
-377,487
-377,488
-377,489
-377,490
-377,491
-377,492
-377,493
-377,494
-377,495
-377,496
-377,497
-377,498
-377,499
-377,500
-377,501
-377,502
-377,503
-377,504
-377,505
-377,506
-377,507
-377,508
-377,509
-377,510
-377,511
-377,512
-377,513
-377,514
-377,515
-377,516
-377,517
-377,518
-377,519
-377,520
-377,521
-377,522
-377,523
-377,524
-377,525
-377,526
-377,527
-377,528
-377,529
-377,530
-377,531
