124,1
124,2
124,3
124,4
124,5
124,6
124,7
124,8
124,9
124,10
124,11
124,12
124,13
124,14
124,15
124,16
124,17
124,18
124,19
124,20
124,21
124,22
124,23
124,24
124,25
124,26
124,27
124,28
124,29
124,30
124,31
124,32
124,33
124,34
124,35
124,36
124,37
124,38
124,39
124,40
124,41
124,42
124,43
124,44
124,45
124,46
124,47
124,48
124,49
124,50
124,51
124,52
124,53
124,54
124,55
124,56
124,57
124,58
124,59
124,60
124,61
124,62
124,63
124,64
124,65
124,66
124,67
124,68
124,69
124,70
124,71
124,72
124,73
124,74
124,75
124,76
124,77
124,78
124,79
124,80
124,81
124,82
124,83
124,84
124,85
124,86
124,87
124,88
124,89
124,90
124,91
124,92
124,93
124,94
124,95
124,96
124,97
124,98
124,99
124,100
124,101
124,102
124,103
124,104
124,105
124,106
124,107
124,108
124,109
124,110
124,111
124,112
124,113
124,114
124,115
124,116
124,117
124,118
124,119
124,120
124,121
124,122
124,123
124,124
124,125
124,126
124,127
124,128
124,129
124,130
124,131
124,132
124,133
124,134
124,135
124,136
124,137
124,138
124,139
124,140
124,141
124,142
124,143
124,144
124,145
124,146
124,147
124,148
124,149
124,150
124,151
124,152
124,153
124,154
124,155
124,156
124,157
124,158
124,159
124,160
124,161
124,162
124,163
124,164
124,165
125,166
125,167
125,168
125,169
125,170
125,171
125,172
125,173
125,174
125,175
125,176
125,177
125,178
125,179
125,180
125,181
125,182
125,183
125,184
125,185
125,186
125,187
125,188
:142_6,189
:142_6,190
:142_6,191
:142_6,192
:142_6,193
:142_6,194
-428,195
-428,196
-428,197
-428,198
-428,199
-428,200
-428,201
-428,202
-428,203
-428,204
-428,205
-428,206
-428,207
-428,208
-428,209
-428,210
-428,211
-428,212
-428,213
-428,214
-428,215
-428,216
-428,217
-428,218
-428,219
-428,220
-428,221
-428,222
-428,223
-428,224
-428,225
-428,226
-428,227
-428,228
-428,229
-428,230
-428,231
-428,232
-428,233
-428,234
-428,235
-428,236
-428,237
-428,238
-428,239
-428,240
-428,241
-428,242
-428,243
-428,244
-428,245
-428,246
-428,247
-428,248
-428,249
-428,250
-428,251
:80_7,252
:80_7,253
:80_7,254
:80_7,255
:80_7,256
:80_7,257
427,258
427,259
427,260
427,261
427,262
427,263
427,264
427,265
427,266
427,267
427,268
427,269
427,270
427,271
427,272
427,273
427,274
427,275
427,276
427,277
427,278
427,279
427,280
427,281
427,282
427,283
427,284
427,285
427,286
427,287
427,288
427,289
427,290
427,291
427,292
427,293
427,294
427,295
427,296
427,297
427,298
427,299
427,300
427,301
427,302
427,303
427,304
427,305
427,306
:108_3,307
:108_3,308
:108_3,309
:108_3,310
:108_3,311
:108_3,312
-359,313
-359,314
-359,315
-359,316
-359,317
-359,318
-359,319
-359,320
-359,321
-359,322
-359,323
-359,324
-359,325
-359,326
-359,327
-359,328
-359,329
-359,330
-359,331
-359,332
-359,333
-359,334
-359,335
-359,336
-359,337
-359,338
-359,339
-359,340
-359,341
-359,342
-359,343
-359,344
-359,345
-359,346
-359,347
-359,348
-359,349
-359,350
-359,351
-359,352
-359,353
-359,354
-359,355
-359,356
-359,357
-359,358
-359,359
-359,360
-359,361
-359,362
-359,363
-359,364
-359,365
-359,366
-359,367
-359,368
-359,369
-359,370
-359,371
-359,372
-359,373
-359,374
-359,375
-359,376
-359,377
-359,378
-359,379
-359,380
-359,381
-359,382
-359,383
-359,384
-359,385
-359,386
-359,387
-359,388
-359,389
-359,390
-359,391
-359,392
-359,393
-359,394
-359,395
-359,396
-359,397
-359,398
-359,399
-359,400
-359,401
-359,402
-359,403
-359,404
-359,405
-359,406
-359,407
-359,408
-359,409
-359,410
-359,411
-359,412
-359,413
-359,414
-359,415
-359,416
-359,417
-359,418
-359,419
-359,420
-359,421
-359,422
-359,423
-359,424
-359,425
-359,426
-359,427
-359,428
-359,429
-359,430
:145_10,431
:145_10,432
:145_10,433
:145_10,434
:145_10,435
:145_10,436
-131,437
-131,438
-131,439
-131,440
-131,441
-131,442
-131,443
-131,444
-131,445
-131,446
-131,447
-131,448
-131,449
-131,450
-131,451
-131,452
-131,453
-131,454
-131,455
-131,456
-131,457
-131,458
-131,459
-131,460
-131,461
-131,462
-131,463
-131,464
-131,465
-131,466
-131,467
-131,468
-131,469
-131,470
-131,471
-131,472
-131,473
-131,474
-131,475
-131,476
-131,477
-131,478
-131,479
-131,480
-131,481
-131,482
-131,483
-131,484
-131,485
-131,486
-131,487
-131,488
-131,489
-131,490
-131,491
-131,492
-131,493
-131,494
-131,495
-131,496
-131,497
-131,498
-131,499
-131,500
-131,501
-131,502
-131,503
-131,504
-131,505
-131,506
-131,507
-131,508
-131,509
-131,510
-131,511
-131,512
-131,513
-131,514
-131,515
-131,516
-131,517
-131,518
-131,519
-131,520
-131,521
-131,522
-131,523
-131,524
-131,525
-131,526
-131,527
-131,528
-131,529
-131,530
-131,531
-131,532
-131,533
-131,534
-131,535
-131,536
-131,537
-131,538
-131,539
-131,540
-131,541
-131,542
-131,543
-131,544
-131,545
:86_3,546
:86_3,547
:86_3,548
:86_3,549
-73,550
-73,551
-73,552
-73,553
-73,554
-73,555
-73,556
-73,557
-73,558
-73,559
-73,560
-73,561
-73,562
-73,563
-73,564
-73,565
-73,566
-73,567
-73,568
-73,569
-73,570
-73,571
-73,572
-73,573
-73,574
-73,575
-73,576
-73,577
-73,578
-73,579
-73,580
-73,581
-73,582
-73,583
-73,584
-73,585
-73,586
-73,587
-73,588
-73,589
-73,590
-73,591
-73,592
-73,593
-73,594
-73,595
-73,596
-73,597
-73,598
-73,599
-73,600
-73,601
-73,602
-73,603
-73,604
-73,605
-73,606
-73,607
-73,608
-73,609
-73,610
-73,611
-73,612
-73,613
-73,614
-73,615
-73,616
-73,617
-73,618
-73,619
-73,620
-73,621
-73,622
-73,623
-73,624
-73,625
-73,626
-73,627
-73,628
-73,629
-73,630
-73,631
-73,632
-73,633
-73,634
-73,635
-73,636
-73,637
-73,638
-73,639
-73,640
-73,641
-73,642
-73,643
-73,644
-73,645
-73,646
-73,647
-73,648
-73,649
-73,650
-73,651
-73,652
-73,653
-73,654
:85_9,655
:85_9,656
:85_9,657
:85_9,658
:85_9,659
:85_9,660
75,661
75,662
75,663
75,664
75,665
75,666
75,667
75,668
75,669
75,670
75,671
75,672
75,673
75,674
75,675
75,676
75,677
75,678
75,679
75,680
75,681
75,682
75,683
75,684
75,685
75,686
75,687
75,688
75,689
75,690
75,691
75,692
75,693
75,694
75,695
75,696
75,697
75,698
75,699
75,700
75,701
75,702
75,703
75,704
75,705
75,706
75,707
75,708
75,709
75,710
75,711
75,712
75,713
75,714
75,715
75,716
75,717
75,718
75,719
75,720
75,721
75,722
75,723
75,724
75,725
75,726
75,727
75,728
75,729
75,730
75,731
75,732
75,733
75,734
75,735
75,736
75,737
75,738
75,739
75,740
75,741
75,742
75,743
75,744
75,745
75,746
75,747
75,748
75,749
75,750
75,751
75,752
75,753
75,754
75,755
75,756
75,757
75,758
75,759
75,760
75,761
75,762
75,763
75,764
75,765
75,766
75,767
75,768
75,769
75,770
75,771
75,772
75,773
75,774
75,775
75,776
75,777
75,778
75,779
75,780
75,781
75,782
75,783
75,784
75,785
75,786
75,787
75,788
75,789
75,790
75,791
75,792
75,793
75,794
75,795
75,796
75,797
75,798
75,799
75,800
75,801
75,802
75,803
75,804
75,805
75,806
75,807
75,808
75,809
75,810
75,811
75,812
75,813
75,814
75,815
75,816
75,817
75,818
75,819
75,820
75,821
75,822
75,823
75,824
75,825
:87_3,826
:87_3,827
:87_3,828
:87_3,829
:87_3,830
:87_3,831
-104,832
-104,833
-104,834
-104,835
-104,836
-104,837
-104,838
-104,839
-104,840
-104,841
-104,842
-104,843
-104,844
-104,845
-104,846
-104,847
-104,848
-104,849
-104,850
-104,851
-104,852
-104,853
-104,854
-104,855
-104,856
-104,857
-104,858
-104,859
-104,860
-104,861
-104,862
-104,863
-104,864
-104,865
-104,866
-104,867
-104,868
-104,869
-104,870
-104,871
-104,872
-104,873
-104,874
-104,875
-104,876
-104,877
-104,878
-104,879
-104,880
-104,881
-104,882
-104,883
-104,884
-104,885
-104,886
-104,887
-104,888
-104,889
-104,890
-104,891
-104,892
-104,893
-104,894
-104,895
-104,896
-104,897
-104,898
-104,899
-104,900
-104,901
-104,902
-104,903
-104,904
-104,905
-104,906
-104,907
-104,908
-104,909
-104,910
-104,911
-104,912
-104,913
-104,914
-104,915
-104,916
-104,917
-104,918
-104,919
-104,920
-104,921
-104,922
-104,923
-104,924
-104,925
-104,926
-104,927
-104,928
-104,929
-104,930
-104,931
-104,932
-104,933
-104,934
-104,935
-104,936
-104,937
-104,938
-104,939
-104,940
-104,941
-104,942
-104,943
-104,944
-104,945
-104,946
-104,947
-104,948
-104,949
-104,950
-104,951
-104,952
-104,953
-104,954
-104,955
-104,956
-104,957
:119_9,958
:119_9,959
:119_9,960
:119_9,961
:119_9,962
:119_9,963
103,964
103,965
103,966
103,967
103,968
103,969
103,970
103,971
103,972
103,973
103,974
103,975
103,976
103,977
103,978
103,979
103,980
103,981
103,982
103,983
103,984
103,985
103,986
103,987
103,988
103,989
103,990
103,991
103,992
103,993
103,994
103,995
103,996
103,997
103,998
103,999
103,1000
103,1001
103,1002
103,1003
103,1004
103,1005
103,1006
103,1007
103,1008
103,1009
103,1010
103,1011
103,1012
103,1013
103,1014
103,1015
103,1016
103,1017
103,1018
103,1019
103,1020
103,1021
103,1022
103,1023
103,1024
103,1025
103,1026
103,1027
103,1028
103,1029
103,1030
103,1031
103,1032
103,1033
103,1034
103,1035
103,1036
103,1037
103,1038
103,1039
103,1040
103,1041
103,1042
103,1043
103,1044
103,1045
103,1046
103,1047
103,1048
103,1049
103,1050
103,1051
103,1052
103,1053
103,1054
103,1055
103,1056
103,1057
103,1058
103,1059
103,1060
103,1061
103,1062
103,1063
103,1064
103,1065
103,1066
103,1067
103,1068
103,1069
103,1070
103,1071
103,1072
103,1073
103,1074
103,1075
103,1076
103,1077
103,1078
103,1079
103,1080
103,1081
103,1082
103,1083
103,1084
103,1085
103,1086
103,1087
103,1088
103,1089
103,1090
103,1091
103,1092
103,1093
103,1094
103,1095
103,1096
103,1097
103,1098
103,1099
103,1100
103,1101
103,1102
103,1103
103,1104
103,1105
103,1106
103,1107
103,1108
103,1109
103,1110
103,1111
103,1112
103,1113
103,1114
103,1115
103,1116
103,1117
103,1118
103,1119
103,1120
103,1121
103,1122
103,1123
103,1124
103,1125
103,1126
103,1127
103,1128
:120_13,1129
:120_13,1130
:120_13,1131
:120_13,1132
:120_13,1133
:120_13,1134
-141,1135
-141,1136
-141,1137
-141,1138
-141,1139
-141,1140
-141,1141
-141,1142
-141,1143
-141,1144
-141,1145
-141,1146
-141,1147
-141,1148
-141,1149
-141,1150
-141,1151
-141,1152
-141,1153
-141,1154
-141,1155
-141,1156
-141,1157
-141,1158
-141,1159
-141,1160
-141,1161
-141,1162
-141,1163
-141,1164
-141,1165
-141,1166
-141,1167
-141,1168
-141,1169
-141,1170
-141,1171
-141,1172
-141,1173
-141,1174
-141,1175
-141,1176
-141,1177
-141,1178
-141,1179
-141,1180
-141,1181
-141,1182
-141,1183
-141,1184
-141,1185
-141,1186
-141,1187
-141,1188
-141,1189
-141,1190
-141,1191
-141,1192
-141,1193
-141,1194
-141,1195
-141,1196
-141,1197
-141,1198
-141,1199
-141,1200
-141,1201
-141,1202
-141,1203
:156_7,1204
:156_7,1205
:156_7,1206
:156_7,1207
:156_7,1208
:156_7,1209
-140,1210
-140,1211
-140,1212
-140,1213
-140,1214
-140,1215
-140,1216
-140,1217
-140,1218
-140,1219
-140,1220
-140,1221
-140,1222
-140,1223
-140,1224
-140,1225
-140,1226
-140,1227
-140,1228
-140,1229
-140,1230
-140,1231
-140,1232
-140,1233
-140,1234
-140,1235
-140,1236
-140,1237
-140,1238
-140,1239
-140,1240
-140,1241
-140,1242
-140,1243
-140,1244
-140,1245
-140,1246
-140,1247
-140,1248
-140,1249
-140,1250
-140,1251
-140,1252
-140,1253
-140,1254
-140,1255
-140,1256
-140,1257
-140,1258
-140,1259
-140,1260
-140,1261
-140,1262
-140,1263
-140,1264
-140,1265
-140,1266
-140,1267
-140,1268
-140,1269
-140,1270
-140,1271
-140,1272
-140,1273
-140,1274
-140,1275
-140,1276
-140,1277
-140,1278
-140,1279
-140,1280
-140,1281
-140,1282
-140,1283
-140,1284
-140,1285
-140,1286
-140,1287
-140,1288
-140,1289
-140,1290
-140,1291
-140,1292
-140,1293
-140,1294
-140,1295
-140,1296
-140,1297
-140,1298
-140,1299
-140,1300
-140,1301
-140,1302
-140,1303
-140,1304
-140,1305
-140,1306
-140,1307
-140,1308
-140,1309
-140,1310
-140,1311
-140,1312
-140,1313
-140,1314
-140,1315
:153_13,1316
:153_13,1317
:153_13,1318
:153_13,1319
:153_13,1320
:153_13,1321
:153_13,1322
139,1323
139,1324
139,1325
139,1326
139,1327
139,1328
139,1329
139,1330
139,1331
139,1332
139,1333
139,1334
139,1335
139,1336
139,1337
139,1338
139,1339
139,1340
139,1341
139,1342
139,1343
139,1344
139,1345
139,1346
139,1347
139,1348
139,1349
139,1350
139,1351
139,1352
139,1353
139,1354
139,1355
139,1356
139,1357
139,1358
139,1359
139,1360
139,1361
139,1362
139,1363
139,1364
139,1365
139,1366
139,1367
139,1368
139,1369
139,1370
139,1371
139,1372
139,1373
139,1374
139,1375
139,1376
139,1377
139,1378
139,1379
139,1380
139,1381
139,1382
139,1383
139,1384
139,1385
139,1386
139,1387
139,1388
139,1389
139,1390
139,1391
139,1392
139,1393
139,1394
139,1395
139,1396
139,1397
139,1398
139,1399
139,1400
139,1401
139,1402
139,1403
139,1404
139,1405
139,1406
139,1407
139,1408
139,1409
139,1410
139,1411
139,1412
:155_12,1413
:155_12,1414
:155_12,1415
:155_12,1416
391,1417
391,1418
391,1419
391,1420
391,1421
391,1422
391,1423
391,1424
391,1425
391,1426
391,1427
391,1428
391,1429
391,1430
391,1431
391,1432
391,1433
391,1434
391,1435
391,1436
391,1437
391,1438
391,1439
391,1440
391,1441
391,1442
391,1443
391,1444
391,1445
391,1446
391,1447
391,1448
391,1449
391,1450
391,1451
391,1452
391,1453
391,1454
391,1455
391,1456
391,1457
391,1458
:353_7,1459
:353_7,1460
:353_7,1461
:353_10,1462
:353_10,1463
:353_10,1464
-593,1465
-593,1466
-593,1467
-593,1468
-593,1469
-593,1470
-593,1471
-593,1472
-593,1473
-593,1474
-593,1475
-593,1476
-593,1477
-593,1478
-593,1479
-593,1480
-593,1481
-593,1482
-593,1483
-593,1484
-593,1485
-593,1486
-593,1487
-593,1488
-593,1489
-593,1490
-593,1491
-593,1492
-593,1493
-593,1494
-593,1495
-593,1496
-593,1497
-593,1498
-593,1499
-593,1500
-593,1501
-593,1502
-593,1503
-593,1504
-593,1505
-593,1506
-593,1507
-593,1508
-593,1509
-593,1510
-593,1511
-593,1512
-593,1513
-593,1514
-593,1515
-593,1516
-593,1517
-593,1518
-593,1519
-593,1520
-593,1521
-593,1522
-593,1523
-593,1524
-593,1525
-593,1526
-593,1527
-593,1528
-593,1529
-593,1530
-593,1531
-593,1532
-593,1533
-593,1534
-593,1535
-593,1536
-593,1537
-593,1538
-593,1539
-593,1540
-593,1541
-593,1542
-593,1543
-593,1544
-593,1545
-593,1546
-593,1547
-593,1548
-593,1549
-593,1550
-593,1551
-593,1552
-593,1553
-593,1554
-593,1555
-593,1556
-593,1557
-593,1558
-593,1559
-593,1560
-593,1561
-593,1562
-593,1563
-593,1564
-593,1565
-593,1566
-593,1567
-593,1568
-593,1569
-593,1570
-593,1571
-593,1572
-593,1573
-593,1574
-593,1575
-593,1576
-593,1577
-593,1578
-593,1579
-593,1580
-593,1581
