-656,1
-656,2
-656,3
-656,4
-656,5
-656,6
-656,7
-656,8
-656,9
-656,10
-656,11
-656,12
-656,13
-656,14
-656,15
-656,16
-656,17
-656,18
-656,19
-656,20
-656,21
-656,22
-656,23
-656,24
-656,25
-656,26
-656,27
-656,28
-656,29
-656,30
-656,31
-656,32
-656,33
-656,34
-656,35
-656,36
-656,37
-656,38
-656,39
-656,40
-656,41
-656,42
-656,43
-656,44
-656,45
-656,46
-656,47
-656,48
-656,49
-656,50
-656,51
-656,52
-656,53
-656,54
-656,55
-656,56
-656,57
-656,58
-656,59
-656,60
-656,61
-656,62
-656,63
-656,64
-656,65
-656,66
-656,67
-656,68
-656,69
-656,70
-656,71
-656,72
-656,73
-656,74
-656,75
-656,76
-656,77
-656,78
-656,79
-656,80
-656,81
-656,82
-656,83
-656,84
-656,85
-656,86
-656,87
-656,88
-656,89
-656,90
-656,91
-656,92
-656,93
-656,94
-656,95
-656,96
-656,97
-656,98
-656,99
-656,100
-656,101
-656,102
-656,103
-656,104
-656,105
-656,106
:439_0,107
:439_0,108
:439_0,109
-539,110
-539,111
-539,112
-539,113
-539,114
-539,115
-539,116
-539,117
-539,118
-539,119
-539,120
-539,121
-539,122
-539,123
-539,124
-539,125
-539,126
-539,127
-539,128
-539,129
-539,130
-539,131
-539,132
-539,133
-539,134
-539,135
-539,136
-539,137
-539,138
-539,139
-539,140
-539,141
-539,142
-539,143
-539,144
-539,145
-539,146
-539,147
-539,148
-539,149
-539,150
-539,151
-539,152
-539,153
-539,154
-539,155
-539,156
-539,157
-539,158
:429_0,159
:429_0,160
:429_0,161
:429_0,162
516,163
516,164
516,165
516,166
516,167
516,168
516,169
516,170
516,171
516,172
516,173
516,174
516,175
516,176
516,177
516,178
516,179
516,180
516,181
516,182
516,183
516,184
516,185
516,186
516,187
516,188
516,189
516,190
516,191
516,192
516,193
516,194
516,195
516,196
516,197
516,198
516,199
516,200
516,201
:75_8,202
:75_8,203
:75_8,204
:75_8,205
-438,206
-438,207
-438,208
-438,209
-438,210
-438,211
-438,212
-438,213
-438,214
-438,215
-438,216
-438,217
-438,218
-438,219
-438,220
-438,221
-438,222
-438,223
-438,224
-438,225
-438,226
-438,227
-438,228
-438,229
-438,230
-438,231
-438,232
-438,233
-438,234
-438,235
-438,236
-438,237
-438,238
-438,239
-438,240
-438,241
-438,242
-438,243
-438,244
-438,245
-438,246
-438,247
-438,248
-438,249
-438,250
-438,251
-438,252
-438,253
-438,254
-438,255
-438,256
-438,257
-438,258
-438,259
-438,260
-438,261
-438,262
-438,263
-438,264
-438,265
-438,266
-438,267
-438,268
-438,269
-438,270
-438,271
-438,272
-438,273
-438,274
-438,275
-438,276
-438,277
-438,278
-438,279
-438,280
-438,281
-438,282
-438,283
-438,284
-438,285
-438,286
-438,287
-438,288
-438,289
-438,290
-438,291
-438,292
-438,293
-438,294
-438,295
-438,296
-438,297
-438,298
-438,299
-438,300
-438,301
-438,302
-438,303
-438,304
-438,305
-438,306
-438,307
-438,308
-438,309
-438,310
-438,311
-438,312
-438,313
-438,314
-438,315
-438,316
-438,317
-438,318
-438,319
-438,320
-438,321
-438,322
-438,323
-438,324
-438,325
-438,326
-438,327
-438,328
-438,329
-438,330
-438,331
-438,332
-438,333
-438,334
-438,335
-438,336
-438,337
-438,338
-438,339
-438,340
-438,341
-438,342
-438,343
-438,344
-438,345
-438,346
-438,347
-438,348
:381_13,349
:381_13,350
:381_13,351
:381_13,352
:381_13,353
:381_13,354
:381_13,355
-437,356
-437,357
-437,358
-437,359
-437,360
-437,361
-437,362
-437,363
-437,364
-437,365
-437,366
-437,367
-437,368
-437,369
-437,370
-437,371
-437,372
-437,373
-437,374
-437,375
-437,376
-437,377
-437,378
-437,379
-437,380
-437,381
-437,382
-437,383
-437,384
-437,385
-437,386
-437,387
-437,388
-437,389
-437,390
-437,391
-437,392
-437,393
-437,394
-437,395
-437,396
-437,397
-437,398
-437,399
-437,400
-437,401
-437,402
-437,403
-437,404
-437,405
-437,406
-437,407
-437,408
-437,409
-437,410
-437,411
-437,412
-437,413
-437,414
-437,415
-437,416
-437,417
-437,418
-437,419
-437,420
-437,421
-437,422
-437,423
-437,424
-437,425
-437,426
-437,427
-437,428
-437,429
-437,430
-437,431
-437,432
-437,433
-437,434
-437,435
-437,436
-437,437
-437,438
-437,439
-437,440
-437,441
-437,442
-437,443
-437,444
-437,445
-437,446
-437,447
-437,448
-437,449
-437,450
-437,451
-437,452
-437,453
-437,454
-437,455
-437,456
-437,457
-437,458
-437,459
-437,460
-437,461
-437,462
-437,463
-437,464
-437,465
-437,466
-437,467
-437,468
-437,469
-437,470
-437,471
-437,472
-437,473
-437,474
-437,475
-437,476
-437,477
-437,478
-437,479
-437,480
-437,481
-437,482
-437,483
-437,484
-437,485
-437,486
-437,487
-437,488
-437,489
-437,490
-437,491
-437,492
-437,493
-437,494
-437,495
-437,496
-437,497
-437,498
-437,499
-437,500
-437,501
-437,502
-437,503
-437,504
-437,505
-437,506
-437,507
-437,508
-437,509
-437,510
-437,511
-437,512
-437,513
-437,514
-437,515
-437,516
-437,517
-437,518
-437,519
-437,520
-437,521
-437,522
-437,523
-437,524
-437,525
-437,526
-437,527
-437,528
-437,529
-437,530
-437,531
-437,532
-437,533
-437,534
-437,535
-437,536
-437,537
-437,538
-437,539
-437,540
-437,541
-437,542
-437,543
-437,544
-437,545
-437,546
-437,547
-437,548
-437,549
-437,550
-437,551
-437,552
-437,553
-437,554
-437,555
-437,556
-437,557
-437,558
-437,559
-437,560
-437,561
-437,562
-437,563
-437,564
-437,565
-437,566
-437,567
-437,568
-437,569
-437,570
-437,571
-437,572
-437,573
-437,574
-437,575
-437,576
-437,577
-437,578
-437,579
-437,580
-437,581
-437,582
-437,583
-437,584
-437,585
-437,586
-437,587
-437,588
-437,589
-437,590
-437,591
-437,592
-437,593
-437,594
-437,595
-437,596
-437,597
-437,598
-437,599
-437,600
-437,601
-437,602
-437,603
-437,604
-437,605
-437,606
-437,607
-437,608
-437,609
-437,610
-437,611
-437,612
-437,613
-437,614
-437,615
-437,616
-437,617
-437,618
-437,619
-437,620
-437,621
-437,622
-437,623
-437,624
-437,625
-437,626
-437,627
-437,628
-437,629
-437,630
-437,631
-437,632
-437,633
-437,634
:244_13,635
:244_13,636
:244_13,637
:244_13,638
:244_13,639
:244_13,640
242,641
242,642
242,643
242,644
242,645
242,646
242,647
242,648
242,649
242,650
242,651
242,652
242,653
242,654
242,655
242,656
242,657
242,658
242,659
242,660
242,661
242,662
242,663
242,664
242,665
242,666
242,667
242,668
242,669
242,670
242,671
242,672
242,673
242,674
242,675
242,676
242,677
242,678
242,679
242,680
242,681
242,682
242,683
242,684
242,685
242,686
242,687
242,688
242,689
242,690
242,691
242,692
242,693
242,694
242,695
242,696
242,697
242,698
242,699
242,700
242,701
242,702
242,703
242,704
242,705
242,706
242,707
242,708
242,709
242,710
242,711
242,712
242,713
242,714
242,715
242,716
242,717
242,718
242,719
242,720
242,721
242,722
242,723
242,724
242,725
242,726
242,727
242,728
242,729
242,730
242,731
242,732
242,733
242,734
242,735
242,736
242,737
242,738
242,739
242,740
242,741
242,742
242,743
242,744
242,745
242,746
242,747
242,748
242,749
242,750
242,751
242,752
242,753
242,754
242,755
242,756
242,757
242,758
242,759
242,760
242,761
242,762
242,763
:245_3,764
:245_3,765
:245_3,766
:245_3,767
:245_3,768
:245_3,769
243,770
243,771
243,772
243,773
243,774
243,775
243,776
243,777
243,778
243,779
243,780
243,781
243,782
243,783
243,784
243,785
243,786
243,787
243,788
243,789
243,790
243,791
243,792
243,793
243,794
243,795
243,796
243,797
243,798
243,799
243,800
243,801
243,802
243,803
243,804
243,805
243,806
243,807
243,808
243,809
243,810
243,811
243,812
243,813
243,814
243,815
243,816
243,817
243,818
243,819
243,820
243,821
243,822
243,823
243,824
243,825
243,826
243,827
243,828
243,829
243,830
243,831
243,832
243,833
243,834
243,835
243,836
243,837
243,838
243,839
243,840
243,841
243,842
243,843
243,844
243,845
243,846
243,847
243,848
243,849
243,850
243,851
243,852
243,853
243,854
243,855
243,856
:179_13,857
:179_13,858
:179_13,859
:179_13,860
:179_13,861
:179_13,862
:179_13,863
244,864
244,865
244,866
244,867
244,868
244,869
244,870
244,871
244,872
244,873
244,874
244,875
244,876
244,877
244,878
244,879
244,880
244,881
244,882
244,883
244,884
244,885
244,886
244,887
244,888
244,889
244,890
244,891
244,892
244,893
244,894
244,895
244,896
244,897
244,898
244,899
244,900
244,901
244,902
244,903
244,904
244,905
244,906
244,907
244,908
244,909
244,910
244,911
244,912
244,913
244,914
244,915
244,916
244,917
244,918
244,919
244,920
244,921
244,922
244,923
244,924
244,925
244,926
244,927
244,928
244,929
244,930
244,931
244,932
244,933
244,934
244,935
244,936
244,937
244,938
244,939
244,940
244,941
244,942
244,943
244,944
244,945
244,946
244,947
244,948
244,949
244,950
244,951
244,952
244,953
244,954
244,955
244,956
244,957
244,958
244,959
244,960
244,961
244,962
244,963
244,964
244,965
244,966
244,967
244,968
244,969
244,970
244,971
244,972
244,973
244,974
244,975
244,976
244,977
244,978
244,979
244,980
244,981
244,982
244,983
244,984
244,985
244,986
244,987
244,988
244,989
244,990
244,991
244,992
244,993
244,994
244,995
244,996
244,997
244,998
244,999
244,1000
244,1001
244,1002
244,1003
244,1004
244,1005
244,1006
244,1007
244,1008
244,1009
244,1010
244,1011
244,1012
244,1013
244,1014
244,1015
244,1016
244,1017
244,1018
244,1019
244,1020
244,1021
244,1022
244,1023
244,1024
244,1025
244,1026
244,1027
244,1028
244,1029
244,1030
244,1031
244,1032
244,1033
244,1034
244,1035
244,1036
244,1037
244,1038
244,1039
244,1040
244,1041
244,1042
244,1043
244,1044
244,1045
244,1046
244,1047
244,1048
244,1049
244,1050
244,1051
244,1052
244,1053
244,1054
244,1055
244,1056
244,1057
244,1058
244,1059
244,1060
244,1061
244,1062
244,1063
244,1064
244,1065
244,1066
:215_13,1067
:215_13,1068
:215_13,1069
:215_13,1070
:215_13,1071
:215_13,1072
:215_13,1073
245,1074
245,1075
245,1076
245,1077
245,1078
245,1079
245,1080
245,1081
245,1082
245,1083
245,1084
245,1085
245,1086
245,1087
245,1088
245,1089
245,1090
245,1091
245,1092
245,1093
245,1094
245,1095
245,1096
245,1097
245,1098
245,1099
245,1100
245,1101
245,1102
245,1103
245,1104
245,1105
245,1106
245,1107
245,1108
245,1109
245,1110
245,1111
245,1112
245,1113
245,1114
245,1115
245,1116
245,1117
245,1118
245,1119
245,1120
245,1121
245,1122
245,1123
245,1124
245,1125
245,1126
245,1127
245,1128
245,1129
245,1130
245,1131
245,1132
245,1133
245,1134
:246_4,1135
:246_4,1136
:246_4,1137
:246_4,1138
:246_4,1139
:246_4,1140
:246_4,1141
:246_4,1142
:246_4,1143
:246_4,1144
:246_4,1145
:246_4,1146
:246_4,1147
:246_10,1148
:246_10,1149
:246_10,1150
:246_10,1151
326,1152
326,1153
326,1154
326,1155
326,1156
326,1157
326,1158
326,1159
326,1160
326,1161
326,1162
326,1163
326,1164
326,1165
326,1166
326,1167
326,1168
326,1169
326,1170
326,1171
326,1172
326,1173
326,1174
326,1175
326,1176
326,1177
326,1178
326,1179
326,1180
326,1181
326,1182
326,1183
326,1184
326,1185
326,1186
326,1187
326,1188
326,1189
326,1190
326,1191
326,1192
326,1193
326,1194
326,1195
326,1196
326,1197
326,1198
326,1199
326,1200
326,1201
326,1202
326,1203
326,1204
326,1205
326,1206
326,1207
326,1208
326,1209
326,1210
326,1211
326,1212
326,1213
326,1214
326,1215
326,1216
326,1217
326,1218
326,1219
326,1220
326,1221
326,1222
326,1223
326,1224
326,1225
326,1226
326,1227
326,1228
326,1229
326,1230
326,1231
326,1232
326,1233
326,1234
326,1235
326,1236
326,1237
326,1238
326,1239
326,1240
326,1241
326,1242
326,1243
326,1244
326,1245
326,1246
326,1247
326,1248
326,1249
326,1250
326,1251
326,1252
326,1253
326,1254
326,1255
326,1256
326,1257
326,1258
326,1259
326,1260
326,1261
326,1262
326,1263
326,1264
326,1265
326,1266
326,1267
326,1268
326,1269
326,1270
326,1271
326,1272
326,1273
326,1274
326,1275
326,1276
326,1277
326,1278
326,1279
326,1280
326,1281
326,1282
326,1283
326,1284
326,1285
326,1286
326,1287
326,1288
326,1289
326,1290
326,1291
326,1292
326,1293
326,1294
326,1295
326,1296
326,1297
326,1298
326,1299
326,1300
326,1301
326,1302
326,1303
326,1304
326,1305
326,1306
326,1307
326,1308
326,1309
326,1310
326,1311
326,1312
326,1313
326,1314
326,1315
326,1316
326,1317
326,1318
326,1319
326,1320
326,1321
326,1322
326,1323
326,1324
326,1325
326,1326
326,1327
326,1328
326,1329
326,1330
326,1331
326,1332
326,1333
326,1334
326,1335
326,1336
326,1337
326,1338
326,1339
326,1340
326,1341
326,1342
326,1343
326,1344
326,1345
326,1346
326,1347
326,1348
326,1349
326,1350
326,1351
326,1352
326,1353
326,1354
326,1355
326,1356
326,1357
326,1358
326,1359
326,1360
326,1361
326,1362
326,1363
326,1364
326,1365
326,1366
326,1367
326,1368
326,1369
326,1370
326,1371
:45_6,1372
:45_6,1373
:45_6,1374
:45_6,1375
:45_6,1376
:45_6,1377
:45_6,1378
:45_6,1379
:45_6,1380
:45_6,1381
:45_6,1382
:45_6,1383
:45_6,1384
:45_6,1385
-37,1386
-37,1387
-37,1388
-37,1389
-37,1390
-37,1391
-37,1392
-37,1393
-37,1394
-37,1395
-37,1396
-37,1397
-37,1398
-37,1399
-37,1400
-37,1401
-37,1402
-37,1403
-37,1404
-37,1405
-37,1406
-37,1407
-37,1408
-37,1409
-37,1410
-37,1411
-37,1412
-37,1413
-37,1414
-37,1415
-37,1416
-37,1417
-37,1418
-37,1419
-37,1420
-37,1421
-37,1422
-37,1423
-37,1424
-37,1425
-37,1426
-37,1427
-37,1428
-37,1429
-37,1430
-37,1431
-37,1432
-37,1433
-37,1434
-37,1435
-37,1436
-37,1437
-37,1438
-37,1439
-37,1440
-37,1441
-37,1442
-37,1443
-37,1444
-37,1445
-37,1446
-37,1447
-37,1448
-37,1449
-37,1450
-37,1451
-37,1452
-37,1453
-37,1454
-37,1455
-37,1456
-37,1457
-37,1458
-37,1459
-37,1460
-37,1461
-37,1462
-37,1463
-37,1464
-37,1465
-37,1466
-37,1467
-37,1468
-37,1469
-37,1470
-37,1471
-37,1472
-37,1473
-37,1474
-37,1475
-37,1476
-37,1477
-37,1478
-37,1479
-37,1480
-37,1481
-37,1482
-37,1483
-37,1484
-37,1485
-37,1486
-37,1487
-37,1488
-37,1489
-37,1490
-37,1491
-37,1492
-37,1493
-37,1494
-37,1495
-37,1496
-37,1497
-37,1498
-37,1499
-37,1500
-37,1501
-37,1502
-37,1503
-37,1504
-37,1505
-37,1506
-37,1507
-37,1508
-37,1509
-37,1510
-37,1511
-37,1512
-37,1513
-37,1514
-37,1515
-37,1516
-37,1517
-37,1518
-37,1519
-37,1520
-37,1521
-37,1522
-37,1523
-37,1524
-37,1525
-37,1526
-37,1527
-37,1528
-37,1529
-37,1530
-37,1531
-37,1532
-37,1533
-37,1534
-37,1535
:43_10,1536
:43_10,1537
:43_18,1538
:43_18,1539
:43_18,1540
:43_18,1541
39,1542
39,1543
39,1544
39,1545
39,1546
39,1547
39,1548
39,1549
39,1550
39,1551
39,1552
39,1553
39,1554
39,1555
39,1556
39,1557
39,1558
39,1559
39,1560
39,1561
39,1562
39,1563
39,1564
39,1565
39,1566
39,1567
39,1568
39,1569
39,1570
39,1571
39,1572
39,1573
39,1574
39,1575
39,1576
39,1577
39,1578
39,1579
39,1580
39,1581
39,1582
39,1583
39,1584
39,1585
39,1586
39,1587
39,1588
39,1589
39,1590
39,1591
39,1592
39,1593
39,1594
39,1595
39,1596
39,1597
39,1598
39,1599
39,1600
39,1601
39,1602
39,1603
39,1604
39,1605
39,1606
39,1607
39,1608
39,1609
39,1610
39,1611
39,1612
39,1613
39,1614
39,1615
39,1616
39,1617
39,1618
39,1619
39,1620
39,1621
39,1622
39,1623
39,1624
39,1625
39,1626
39,1627
39,1628
39,1629
39,1630
39,1631
39,1632
39,1633
39,1634
39,1635
39,1636
39,1637
39,1638
39,1639
39,1640
39,1641
39,1642
39,1643
39,1644
39,1645
39,1646
39,1647
39,1648
39,1649
39,1650
39,1651
39,1652
39,1653
39,1654
39,1655
39,1656
39,1657
39,1658
39,1659
39,1660
39,1661
39,1662
39,1663
39,1664
39,1665
39,1666
39,1667
39,1668
39,1669
39,1670
39,1671
39,1672
39,1673
39,1674
39,1675
39,1676
39,1677
39,1678
39,1679
39,1680
39,1681
39,1682
39,1683
39,1684
39,1685
39,1686
39,1687
39,1688
39,1689
39,1690
39,1691
39,1692
39,1693
39,1694
39,1695
39,1696
39,1697
39,1698
39,1699
39,1700
39,1701
39,1702
39,1703
39,1704
39,1705
39,1706
39,1707
39,1708
39,1709
39,1710
39,1711
39,1712
39,1713
39,1714
39,1715
39,1716
39,1717
39,1718
39,1719
39,1720
39,1721
39,1722
39,1723
39,1724
39,1725
39,1726
39,1727
39,1728
39,1729
39,1730
39,1731
39,1732
39,1733
39,1734
39,1735
39,1736
39,1737
39,1738
39,1739
39,1740
39,1741
39,1742
39,1743
39,1744
39,1745
39,1746
39,1747
39,1748
39,1749
39,1750
39,1751
39,1752
39,1753
39,1754
39,1755
39,1756
39,1757
39,1758
39,1759
39,1760
39,1761
