-35,1
-35,2
-35,3
-35,4
-35,5
-35,6
-35,7
-35,8
-35,9
-35,10
-35,11
-35,12
-35,13
-35,14
-35,15
-35,16
-35,17
-35,18
-35,19
-35,20
-35,21
-35,22
-35,23
-35,24
-35,25
-35,26
-35,27
-35,28
-35,29
-35,30
-35,31
-35,32
-35,33
-35,34
-35,35
-35,36
-35,37
-35,38
-35,39
-35,40
-35,41
-35,42
-35,43
-35,44
-35,45
-35,46
-35,47
-35,48
-35,49
-35,50
-35,51
-35,52
-35,53
-35,54
-35,55
-35,56
-35,57
-35,58
-35,59
-35,60
-35,61
-35,62
-35,63
-35,64
-35,65
-35,66
-35,67
-35,68
-35,69
-35,70
-35,71
-35,72
-35,73
-35,74
-35,75
-35,76
-35,77
-35,78
-35,79
-35,80
-35,81
-35,82
-35,83
-35,84
-35,85
-35,86
-35,87
-35,88
-35,89
-35,90
-35,91
-35,92
-35,93
-35,94
-35,95
-35,96
-35,97
-35,98
-35,99
-35,100
-35,101
-35,102
-35,103
-35,104
-35,105
-35,106
-35,107
-35,108
-35,109
-35,110
-35,111
-35,112
-35,113
-35,114
-35,115
-35,116
-35,117
-35,118
-35,119
-35,120
-35,121
-35,122
-35,123
-35,124
-35,125
-35,126
-35,127
-35,128
-35,129
-35,130
-35,131
-35,132
-35,133
-35,134
-35,135
-35,136
-35,137
-35,138
-35,139
-35,140
-35,141
-35,142
-35,143
-35,144
-35,145
-35,146
-35,147
-35,148
-35,149
-35,150
-35,151
-35,152
-35,153
-35,154
-35,155
-35,156
-35,157
-35,158
-35,159
-35,160
-35,161
-35,162
-35,163
-35,164
-35,165
-35,166
-35,167
-35,168
-35,169
-35,170
-35,171
-35,172
-35,173
-35,174
-35,175
-35,176
-35,177
-35,178
-35,179
-35,180
-35,181
-35,182
-35,183
-35,184
-35,185
-35,186
-35,187
-35,188
-35,189
:38_4,190
:38_4,191
:38_4,192
:38_4,193
34,194
34,195
34,196
34,197
34,198
34,199
34,200
34,201
34,202
34,203
34,204
34,205
34,206
34,207
34,208
34,209
34,210
34,211
34,212
34,213
34,214
34,215
34,216
34,217
34,218
34,219
34,220
34,221
34,222
34,223
34,224
34,225
34,226
34,227
34,228
34,229
34,230
34,231
34,232
34,233
34,234
34,235
34,236
34,237
34,238
34,239
34,240
34,241
34,242
34,243
34,244
34,245
34,246
34,247
34,248
34,249
34,250
34,251
34,252
34,253
34,254
34,255
34,256
34,257
34,258
34,259
34,260
34,261
34,262
34,263
34,264
34,265
34,266
34,267
34,268
34,269
34,270
34,271
34,272
34,273
34,274
34,275
34,276
34,277
34,278
34,279
34,280
34,281
34,282
34,283
34,284
34,285
34,286
34,287
34,288
34,289
34,290
34,291
34,292
34,293
34,294
34,295
34,296
34,297
34,298
34,299
34,300
34,301
34,302
34,303
34,304
34,305
34,306
34,307
34,308
34,309
34,310
34,311
34,312
34,313
34,314
34,315
34,316
34,317
34,318
34,319
:41_3,320
:41_3,321
:41_3,322
:41_3,323
:41_3,324
552,325
552,326
552,327
552,328
552,329
552,330
552,331
552,332
552,333
552,334
552,335
552,336
552,337
552,338
552,339
552,340
552,341
552,342
552,343
552,344
552,345
552,346
552,347
552,348
552,349
552,350
552,351
552,352
552,353
552,354
552,355
552,356
552,357
552,358
552,359
552,360
552,361
552,362
552,363
552,364
552,365
552,366
552,367
552,368
552,369
552,370
552,371
552,372
552,373
552,374
552,375
552,376
552,377
552,378
552,379
552,380
552,381
552,382
552,383
552,384
552,385
552,386
552,387
552,388
552,389
552,390
552,391
552,392
552,393
552,394
552,395
552,396
552,397
552,398
552,399
552,400
552,401
552,402
552,403
552,404
552,405
552,406
552,407
552,408
552,409
552,410
552,411
552,412
552,413
552,414
552,415
552,416
552,417
552,418
552,419
552,420
552,421
552,422
552,423
552,424
552,425
552,426
552,427
552,428
552,429
552,430
552,431
552,432
552,433
552,434
552,435
552,436
552,437
552,438
552,439
552,440
552,441
552,442
552,443
552,444
552,445
552,446
552,447
552,448
552,449
552,450
552,451
552,452
552,453
552,454
552,455
552,456
552,457
552,458
552,459
552,460
552,461
552,462
552,463
552,464
552,465
552,466
552,467
:111_10,468
:111_10,469
:111_10,470
:111_10,471
:111_10,472
98,473
98,474
98,475
98,476
98,477
98,478
98,479
98,480
98,481
98,482
98,483
98,484
98,485
98,486
98,487
98,488
98,489
98,490
98,491
98,492
98,493
98,494
98,495
98,496
98,497
98,498
98,499
98,500
98,501
98,502
98,503
98,504
98,505
98,506
98,507
98,508
98,509
98,510
98,511
98,512
98,513
98,514
98,515
98,516
98,517
98,518
98,519
98,520
98,521
98,522
98,523
98,524
98,525
98,526
98,527
98,528
98,529
98,530
98,531
98,532
98,533
98,534
98,535
98,536
98,537
98,538
98,539
98,540
98,541
98,542
98,543
98,544
98,545
98,546
98,547
98,548
98,549
98,550
98,551
98,552
98,553
98,554
98,555
98,556
98,557
98,558
98,559
98,560
98,561
98,562
98,563
98,564
98,565
98,566
98,567
98,568
98,569
98,570
98,571
98,572
98,573
98,574
98,575
98,576
98,577
98,578
98,579
98,580
98,581
98,582
98,583
98,584
98,585
98,586
98,587
98,588
98,589
98,590
98,591
98,592
98,593
98,594
98,595
98,596
98,597
98,598
98,599
98,600
98,601
98,602
98,603
98,604
98,605
98,606
98,607
98,608
98,609
98,610
98,611
98,612
98,613
98,614
98,615
98,616
98,617
98,618
98,619
98,620
98,621
98,622
98,623
98,624
98,625
98,626
98,627
98,628
98,629
98,630
98,631
98,632
98,633
98,634
98,635
98,636
98,637
98,638
98,639
98,640
98,641
98,642
98,643
98,644
98,645
:56_5,646
:56_5,647
:56_5,648
:56_5,649
:56_5,650
:56_5,651
-48,652
-48,653
-48,654
-48,655
-48,656
-48,657
-48,658
-48,659
-48,660
-48,661
-48,662
-48,663
-48,664
-48,665
-48,666
-48,667
-48,668
-48,669
-48,670
-48,671
-48,672
-48,673
-48,674
-48,675
-48,676
-48,677
-48,678
-48,679
-48,680
-48,681
-48,682
-48,683
-48,684
-48,685
-48,686
-48,687
-48,688
-48,689
-48,690
-48,691
-48,692
-48,693
-48,694
-48,695
-48,696
-48,697
-48,698
-48,699
-48,700
-48,701
-48,702
-48,703
-48,704
-48,705
-48,706
-48,707
-48,708
-48,709
-48,710
-48,711
-48,712
-48,713
-48,714
-48,715
-48,716
-48,717
-48,718
-48,719
-48,720
-48,721
-48,722
-48,723
-48,724
-48,725
-48,726
-48,727
-48,728
-48,729
-48,730
-48,731
-48,732
-48,733
-48,734
-48,735
-48,736
-48,737
-48,738
-48,739
-48,740
-48,741
-48,742
-48,743
-48,744
-48,745
-48,746
-48,747
-48,748
-48,749
-48,750
-48,751
-48,752
-48,753
-48,754
-48,755
-48,756
-48,757
-48,758
-48,759
-48,760
-48,761
-48,762
-48,763
-48,764
-48,765
-48,766
-48,767
-48,768
-48,769
-48,770
-48,771
-48,772
-48,773
-48,774
-48,775
-48,776
-48,777
-48,778
-48,779
-48,780
-48,781
-48,782
-48,783
-48,784
-48,785
-48,786
-48,787
-48,788
:52_1,789
:52_1,790
:52_1,791
:52_1,792
:52_1,793
:52_1,794
45,795
45,796
45,797
45,798
45,799
45,800
45,801
45,802
45,803
45,804
45,805
45,806
45,807
45,808
45,809
45,810
45,811
45,812
45,813
45,814
45,815
45,816
45,817
45,818
45,819
45,820
45,821
45,822
45,823
45,824
45,825
45,826
45,827
45,828
45,829
45,830
45,831
45,832
45,833
45,834
45,835
45,836
45,837
45,838
45,839
45,840
45,841
45,842
45,843
45,844
45,845
45,846
45,847
45,848
45,849
45,850
45,851
45,852
45,853
45,854
45,855
45,856
45,857
45,858
45,859
45,860
45,861
45,862
45,863
45,864
45,865
45,866
45,867
45,868
45,869
45,870
45,871
45,872
45,873
45,874
45,875
45,876
45,877
45,878
45,879
45,880
45,881
45,882
45,883
45,884
45,885
45,886
45,887
45,888
45,889
45,890
45,891
45,892
45,893
45,894
45,895
45,896
45,897
45,898
45,899
45,900
45,901
45,902
45,903
45,904
45,905
45,906
45,907
45,908
45,909
45,910
45,911
45,912
45,913
45,914
45,915
45,916
45,917
45,918
45,919
45,920
45,921
45,922
45,923
45,924
45,925
45,926
45,927
45,928
45,929
45,930
45,931
45,932
45,933
45,934
45,935
45,936
45,937
45,938
45,939
45,940
45,941
45,942
45,943
45,944
45,945
45,946
45,947
45,948
45,949
45,950
45,951
45,952
45,953
45,954
45,955
45,956
45,957
45,958
45,959
45,960
45,961
45,962
45,963
:53_0,964
:53_0,965
-680,966
-680,967
-680,968
-680,969
-680,970
-680,971
-680,972
-680,973
-680,974
-680,975
-680,976
-680,977
-680,978
-680,979
-680,980
-680,981
-680,982
-680,983
-680,984
-680,985
-680,986
-680,987
-680,988
-680,989
-680,990
-680,991
-680,992
-680,993
-680,994
-680,995
-680,996
-680,997
-680,998
-680,999
-680,1000
-680,1001
-680,1002
-680,1003
-680,1004
:5_6,1005
:5_6,1006
:5_6,1007
50,1008
50,1009
50,1010
50,1011
50,1012
50,1013
50,1014
50,1015
50,1016
50,1017
50,1018
50,1019
50,1020
50,1021
50,1022
50,1023
50,1024
50,1025
50,1026
50,1027
50,1028
50,1029
50,1030
50,1031
50,1032
50,1033
50,1034
50,1035
50,1036
50,1037
50,1038
50,1039
50,1040
50,1041
50,1042
50,1043
50,1044
50,1045
50,1046
50,1047
50,1048
50,1049
50,1050
50,1051
50,1052
50,1053
50,1054
50,1055
50,1056
50,1057
50,1058
50,1059
50,1060
50,1061
50,1062
50,1063
50,1064
50,1065
50,1066
50,1067
50,1068
50,1069
50,1070
50,1071
50,1072
50,1073
50,1074
50,1075
50,1076
50,1077
50,1078
50,1079
50,1080
50,1081
50,1082
50,1083
50,1084
50,1085
50,1086
50,1087
50,1088
50,1089
50,1090
50,1091
50,1092
50,1093
50,1094
50,1095
50,1096
50,1097
50,1098
50,1099
50,1100
50,1101
50,1102
50,1103
50,1104
50,1105
50,1106
50,1107
50,1108
50,1109
50,1110
50,1111
50,1112
50,1113
50,1114
50,1115
50,1116
50,1117
50,1118
50,1119
50,1120
50,1121
50,1122
50,1123
50,1124
50,1125
50,1126
50,1127
50,1128
50,1129
50,1130
50,1131
50,1132
50,1133
50,1134
50,1135
50,1136
50,1137
50,1138
:49_4,1139
:49_4,1140
:49_4,1141
:49_4,1142
:49_4,1143
-40,1144
-40,1145
-40,1146
-40,1147
-40,1148
-40,1149
-40,1150
-40,1151
-40,1152
-40,1153
-40,1154
-40,1155
-40,1156
-40,1157
-40,1158
-40,1159
-40,1160
-40,1161
-40,1162
-40,1163
-40,1164
-40,1165
-40,1166
-40,1167
-40,1168
-40,1169
-40,1170
-40,1171
-40,1172
-40,1173
-40,1174
-40,1175
-40,1176
-40,1177
-40,1178
-40,1179
-40,1180
-40,1181
-40,1182
-40,1183
-40,1184
-40,1185
-40,1186
-40,1187
-40,1188
-40,1189
-40,1190
-40,1191
-40,1192
-40,1193
-40,1194
-40,1195
-40,1196
-40,1197
-40,1198
-40,1199
-40,1200
-40,1201
-40,1202
-40,1203
-40,1204
-40,1205
-40,1206
-40,1207
-40,1208
-40,1209
-40,1210
-40,1211
-40,1212
-40,1213
-40,1214
-40,1215
-40,1216
-40,1217
-40,1218
-40,1219
-40,1220
-40,1221
-40,1222
-40,1223
-40,1224
-40,1225
-40,1226
-40,1227
-40,1228
-40,1229
-40,1230
-40,1231
-40,1232
-40,1233
-40,1234
-40,1235
-40,1236
-40,1237
-40,1238
-40,1239
-40,1240
-40,1241
-40,1242
-40,1243
-40,1244
-40,1245
-40,1246
-40,1247
-40,1248
-40,1249
-40,1250
-40,1251
-40,1252
-40,1253
-40,1254
-40,1255
-40,1256
-40,1257
-40,1258
-40,1259
-40,1260
-40,1261
-40,1262
-40,1263
-40,1264
-40,1265
-40,1266
-40,1267
-40,1268
-40,1269
-40,1270
-40,1271
-40,1272
-40,1273
-40,1274
-40,1275
-40,1276
-40,1277
-40,1278
-40,1279
-40,1280
-40,1281
-40,1282
-40,1283
-40,1284
-40,1285
-40,1286
-40,1287
-40,1288
-40,1289
-40,1290
-40,1291
-40,1292
-40,1293
-40,1294
-40,1295
-40,1296
-40,1297
-40,1298
-40,1299
-40,1300
-40,1301
-40,1302
-40,1303
-40,1304
-40,1305
-40,1306
-40,1307
-40,1308
-40,1309
-40,1310
-40,1311
-40,1312
-40,1313
-40,1314
-40,1315
-40,1316
-40,1317
-40,1318
-40,1319
-40,1320
-40,1321
-40,1322
-40,1323
-40,1324
-40,1325
-40,1326
-40,1327
-40,1328
-40,1329
-40,1330
-40,1331
-40,1332
-40,1333
-40,1334
-40,1335
-40,1336
-40,1337
-40,1338
-40,1339
-40,1340
-40,1341
-40,1342
-40,1343
-40,1344
-40,1345
-40,1346
-40,1347
-40,1348
-40,1349
-40,1350
-40,1351
-40,1352
-40,1353
-40,1354
-40,1355
-40,1356
-40,1357
-40,1358
-40,1359
-40,1360
-40,1361
-40,1362
-40,1363
-40,1364
-40,1365
-40,1366
-40,1367
-40,1368
-40,1369
-40,1370
-40,1371
-40,1372
-40,1373
-40,1374
-40,1375
-40,1376
-40,1377
-40,1378
-40,1379
-40,1380
-40,1381
-40,1382
-40,1383
-40,1384
-40,1385
-40,1386
-40,1387
-40,1388
-40,1389
-40,1390
-40,1391
-40,1392
-40,1393
-40,1394
-40,1395
-40,1396
-40,1397
-40,1398
-40,1399
-40,1400
-40,1401
-40,1402
-40,1403
-40,1404
-40,1405
-40,1406
-40,1407
-40,1408
-40,1409
-40,1410
-40,1411
-40,1412
-40,1413
-40,1414
-40,1415
-40,1416
-40,1417
-40,1418
-40,1419
-40,1420
-40,1421
-40,1422
-40,1423
-40,1424
-40,1425
-40,1426
-40,1427
-40,1428
-40,1429
-40,1430
-40,1431
-40,1432
-40,1433
-40,1434
-40,1435
-40,1436
-40,1437
-40,1438
-40,1439
-40,1440
-40,1441
-40,1442
-40,1443
-40,1444
-40,1445
-40,1446
-40,1447
-40,1448
-40,1449
-40,1450
-40,1451
-40,1452
-40,1453
-40,1454
-40,1455
-40,1456
-40,1457
-40,1458
-40,1459
-40,1460
-40,1461
-40,1462
-40,1463
-40,1464
-40,1465
-40,1466
-40,1467
-40,1468
-40,1469
-40,1470
-40,1471
-40,1472
-40,1473
-40,1474
-40,1475
-40,1476
-40,1477
-40,1478
-40,1479
-40,1480
-40,1481
-40,1482
-40,1483
-40,1484
-40,1485
-40,1486
-40,1487
-40,1488
-40,1489
-40,1490
-40,1491
-40,1492
-40,1493
-40,1494
-40,1495
-40,1496
-40,1497
-40,1498
-40,1499
-40,1500
-40,1501
-40,1502
-40,1503
-40,1504
-40,1505
-40,1506
-40,1507
-40,1508
-40,1509
-40,1510
-40,1511
-40,1512
-40,1513
-40,1514
-40,1515
-40,1516
-40,1517
-40,1518
-40,1519
-40,1520
-40,1521
-40,1522
-40,1523
-40,1524
-40,1525
-40,1526
-40,1527
-40,1528
-40,1529
-40,1530
-40,1531
-40,1532
-40,1533
:48_4,1534
:48_4,1535
:48_4,1536
:48_4,1537
41,1538
41,1539
41,1540
41,1541
41,1542
41,1543
41,1544
41,1545
41,1546
41,1547
41,1548
41,1549
41,1550
41,1551
41,1552
41,1553
41,1554
41,1555
41,1556
41,1557
41,1558
41,1559
41,1560
41,1561
41,1562
41,1563
41,1564
41,1565
41,1566
41,1567
41,1568
41,1569
41,1570
41,1571
41,1572
41,1573
41,1574
41,1575
41,1576
41,1577
41,1578
41,1579
41,1580
41,1581
41,1582
41,1583
41,1584
41,1585
41,1586
41,1587
41,1588
41,1589
41,1590
41,1591
41,1592
41,1593
41,1594
41,1595
41,1596
41,1597
41,1598
41,1599
41,1600
41,1601
41,1602
41,1603
41,1604
41,1605
41,1606
41,1607
41,1608
41,1609
41,1610
41,1611
41,1612
41,1613
41,1614
41,1615
41,1616
41,1617
41,1618
41,1619
41,1620
41,1621
41,1622
41,1623
41,1624
41,1625
41,1626
41,1627
41,1628
41,1629
41,1630
41,1631
41,1632
41,1633
41,1634
41,1635
41,1636
41,1637
41,1638
41,1639
41,1640
41,1641
41,1642
41,1643
41,1644
41,1645
41,1646
41,1647
41,1648
41,1649
41,1650
41,1651
41,1652
41,1653
41,1654
41,1655
41,1656
41,1657
41,1658
41,1659
41,1660
41,1661
41,1662
41,1663
41,1664
41,1665
41,1666
41,1667
41,1668
41,1669
41,1670
41,1671
41,1672
41,1673
41,1674
41,1675
41,1676
41,1677
41,1678
41,1679
41,1680
41,1681
41,1682
41,1683
41,1684
41,1685
41,1686
41,1687
41,1688
41,1689
41,1690
41,1691
41,1692
41,1693
41,1694
41,1695
41,1696
41,1697
41,1698
41,1699
41,1700
41,1701
41,1702
41,1703
41,1704
41,1705
41,1706
41,1707
41,1708
41,1709
41,1710
41,1711
41,1712
41,1713
41,1714
41,1715
41,1716
41,1717
41,1718
41,1719
41,1720
41,1721
41,1722
41,1723
41,1724
41,1725
41,1726
41,1727
41,1728
41,1729
41,1730
41,1731
41,1732
41,1733
41,1734
41,1735
41,1736
41,1737
41,1738
41,1739
41,1740
41,1741
41,1742
41,1743
41,1744
41,1745
41,1746
41,1747
41,1748
41,1749
41,1750
41,1751
41,1752
41,1753
41,1754
41,1755
41,1756
41,1757
41,1758
41,1759
41,1760
41,1761
41,1762
41,1763
41,1764
41,1765
41,1766
41,1767
41,1768
41,1769
41,1770
41,1771
41,1772
41,1773
41,1774
41,1775
41,1776
41,1777
41,1778
41,1779
41,1780
41,1781
41,1782
41,1783
41,1784
41,1785
41,1786
41,1787
41,1788
41,1789
41,1790
41,1791
41,1792
41,1793
41,1794
41,1795
41,1796
41,1797
41,1798
41,1799
41,1800
41,1801
41,1802
41,1803
41,1804
41,1805
41,1806
41,1807
41,1808
41,1809
41,1810
41,1811
41,1812
41,1813
41,1814
41,1815
41,1816
41,1817
41,1818
41,1819
41,1820
41,1821
41,1822
41,1823
41,1824
41,1825
41,1826
41,1827
41,1828
41,1829
41,1830
41,1831
41,1832
41,1833
41,1834
41,1835
41,1836
41,1837
41,1838
41,1839
41,1840
41,1841
41,1842
41,1843
41,1844
41,1845
41,1846
41,1847
41,1848
41,1849
41,1850
41,1851
41,1852
41,1853
41,1854
41,1855
41,1856
41,1857
41,1858
41,1859
41,1860
41,1861
41,1862
41,1863
41,1864
41,1865
41,1866
41,1867
41,1868
41,1869
41,1870
41,1871
41,1872
41,1873
41,1874
41,1875
41,1876
41,1877
41,1878
41,1879
41,1880
41,1881
41,1882
41,1883
41,1884
41,1885
41,1886
41,1887
41,1888
41,1889
41,1890
41,1891
41,1892
41,1893
41,1894
41,1895
41,1896
41,1897
41,1898
41,1899
41,1900
41,1901
41,1902
41,1903
41,1904
41,1905
41,1906
41,1907
41,1908
41,1909
41,1910
41,1911
41,1912
41,1913
41,1914
41,1915
41,1916
41,1917
41,1918
41,1919
41,1920
41,1921
41,1922
41,1923
41,1924
41,1925
41,1926
41,1927
41,1928
41,1929
41,1930
41,1931
41,1932
41,1933
41,1934
41,1935
41,1936
41,1937
41,1938
41,1939
41,1940
41,1941
41,1942
41,1943
41,1944
41,1945
41,1946
41,1947
41,1948
41,1949
41,1950
41,1951
41,1952
41,1953
41,1954
41,1955
41,1956
41,1957
41,1958
41,1959
41,1960
41,1961
41,1962
41,1963
41,1964
41,1965
41,1966
41,1967
41,1968
41,1969
41,1970
41,1971
41,1972
41,1973
41,1974
41,1975
41,1976
41,1977
41,1978
41,1979
41,1980
41,1981
41,1982
41,1983
41,1984
41,1985
41,1986
41,1987
41,1988
41,1989
41,1990
41,1991
41,1992
41,1993
41,1994
41,1995
41,1996
41,1997
41,1998
:6_5,1999
:6_5,2000
