142,21
142,22
142,23
142,24
142,25
142,26
142,27
142,28
142,29
142,30
142,31
142,32
142,33
142,34
142,35
142,36
142,37
142,38
142,39
142,40
142,41
142,42
142,43
142,44
142,45
142,46
142,47
142,48
142,49
142,50
142,51
142,52
142,53
142,54
142,55
142,56
142,57
142,58
142,59
142,60
142,61
142,62
142,63
142,64
142,65
142,66
142,67
142,68
142,69
142,70
142,71
142,72
142,73
142,74
142,75
142,76
142,77
142,78
142,79
142,80
142,81
142,82
142,83
142,84
142,85
142,86
142,87
142,88
142,89
142,90
142,91
142,92
142,93
142,94
142,95
142,96
142,97
142,98
142,99
142,100
142,101
142,102
142,103
142,104
142,105
142,106
142,107
142,108
142,109
142,110
142,111
142,112
142,113
142,114
142,115
142,116
142,117
:157_13,118
:157_13,119
:157_13,120
:157_13,121
:157_13,122
:157_13,123
-259,124
-259,125
-259,126
-259,127
-259,128
-259,129
-259,130
-259,131
-259,132
-259,133
-259,134
-259,135
-259,136
-259,137
-259,138
-259,139
-259,140
-259,141
-259,142
-259,143
-259,144
-259,145
-259,146
-259,147
-259,148
-259,149
:256_1,150
:256_1,151
:256_1,152
:256_1,153
:256_1,154
-258,155
-258,156
-258,157
-258,158
-258,159
-258,160
-258,161
-258,162
-258,163
-258,164
-258,165
-258,166
-258,167
-258,168
-258,169
-258,170
-258,171
-258,172
-258,173
-258,174
-258,175
-258,176
-258,177
-258,178
-258,179
-258,180
-258,181
-258,182
-258,183
-258,184
-258,185
-258,186
-258,187
-258,188
-258,189
-258,190
-258,191
-258,192
-258,193
-258,194
-258,195
-258,196
-258,197
-258,198
-258,199
-258,200
-258,201
-258,202
-258,203
-258,204
-258,205
-258,206
-258,207
-258,208
-258,209
-258,210
-258,211
-258,212
-258,213
-258,214
-258,215
-258,216
-258,217
-258,218
-258,219
-258,220
-258,221
-258,222
-258,223
-258,224
-258,225
-258,226
-258,227
-258,228
-258,229
-258,230
-258,231
-258,232
-258,233
-258,234
-258,235
-258,236
-258,237
-258,238
-258,239
:21_0,240
:21_0,241
:21_0,242
:21_0,243
257,244
257,245
257,246
257,247
257,248
257,249
257,250
257,251
257,252
257,253
257,254
257,255
257,256
257,257
257,258
257,259
257,260
257,261
257,262
257,263
257,264
257,265
257,266
257,267
257,268
257,269
257,270
257,271
257,272
257,273
257,274
257,275
257,276
257,277
257,278
257,279
257,280
257,281
257,282
257,283
257,284
257,285
257,286
257,287
257,288
257,289
257,290
257,291
257,292
257,293
257,294
257,295
257,296
257,297
257,298
257,299
257,300
257,301
257,302
257,303
257,304
257,305
257,306
257,307
257,308
257,309
257,310
257,311
257,312
257,313
257,314
257,315
257,316
257,317
257,318
257,319
257,320
257,321
257,322
257,323
257,324
257,325
257,326
257,327
257,328
257,329
257,330
257,331
257,332
257,333
257,334
257,335
257,336
257,337
257,338
257,339
257,340
257,341
257,342
257,343
257,344
257,345
257,346
257,347
257,348
257,349
257,350
257,351
257,352
257,353
257,354
257,355
257,356
257,357
257,358
257,359
257,360
257,361
257,362
257,363
257,364
257,365
257,366
257,367
257,368
257,369
257,370
257,371
257,372
257,373
257,374
257,375
257,376
257,377
257,378
257,379
257,380
257,381
257,382
257,383
257,384
257,385
257,386
257,387
257,388
257,389
257,390
257,391
257,392
257,393
257,394
257,395
257,396
257,397
257,398
257,399
257,400
257,401
257,402
257,403
257,404
257,405
257,406
257,407
257,408
257,409
257,410
257,411
257,412
257,413
257,414
257,415
257,416
257,417
257,418
:231_4,419
:231_4,420
:231_4,421
:231_4,422
:231_4,423
:231_4,424
-225,425
-225,426
-225,427
-225,428
-225,429
-225,430
-225,431
-225,432
-225,433
-225,434
-225,435
-225,436
-225,437
-225,438
-225,439
-225,440
-225,441
-225,442
-225,443
-225,444
-225,445
-225,446
-225,447
-225,448
-225,449
-225,450
-225,451
-225,452
-225,453
-225,454
-225,455
-225,456
-225,457
-225,458
-225,459
-225,460
-225,461
-225,462
-225,463
-225,464
-225,465
-225,466
-225,467
-225,468
-225,469
-225,470
-225,471
-225,472
-225,473
-225,474
-225,475
-225,476
-225,477
-225,478
-225,479
-225,480
-225,481
-225,482
-225,483
-225,484
-225,485
-225,486
-225,487
-225,488
-225,489
-225,490
-225,491
-225,492
-225,493
-225,494
-225,495
-225,496
-225,497
-225,498
-225,499
-225,500
-225,501
-225,502
-225,503
-225,504
-225,505
-225,506
-225,507
-225,508
-225,509
-225,510
-225,511
-225,512
-225,513
-225,514
-225,515
-225,516
-225,517
-225,518
-225,519
-225,520
-225,521
-225,522
-225,523
-225,524
-225,525
-225,526
-225,527
-225,528
-225,529
-225,530
-225,531
-225,532
-225,533
-225,534
-225,535
-225,536
-225,537
-225,538
-225,539
-225,540
-225,541
-225,542
-225,543
-225,544
-225,545
-225,546
-225,547
-225,548
-225,549
-225,550
-225,551
-225,552
-225,553
-225,554
-225,555
-225,556
-225,557
-225,558
-225,559
-225,560
-225,561
-225,562
-225,563
-225,564
-225,565
-225,566
-225,567
-225,568
-225,569
-225,570
-225,571
-225,572
-225,573
-225,574
:227_1,575
:227_1,576
:227_1,577
:227_1,578
:227_1,579
222,580
222,581
222,582
222,583
222,584
222,585
222,586
222,587
222,588
222,589
222,590
222,591
222,592
222,593
222,594
222,595
222,596
222,597
222,598
222,599
222,600
222,601
222,602
222,603
222,604
222,605
222,606
222,607
222,608
222,609
222,610
222,611
222,612
222,613
222,614
222,615
222,616
222,617
222,618
222,619
222,620
222,621
222,622
222,623
222,624
222,625
222,626
222,627
222,628
222,629
222,630
222,631
222,632
222,633
222,634
222,635
222,636
222,637
222,638
222,639
222,640
222,641
222,642
222,643
222,644
222,645
222,646
222,647
222,648
222,649
222,650
222,651
222,652
222,653
222,654
222,655
222,656
222,657
222,658
222,659
222,660
222,661
222,662
222,663
222,664
222,665
222,666
222,667
222,668
222,669
222,670
222,671
222,672
222,673
222,674
222,675
222,676
222,677
222,678
222,679
222,680
222,681
222,682
222,683
222,684
222,685
222,686
222,687
222,688
222,689
222,690
222,691
222,692
222,693
222,694
222,695
222,696
222,697
222,698
222,699
222,700
222,701
222,702
222,703
222,704
222,705
222,706
222,707
222,708
222,709
222,710
222,711
222,712
222,713
222,714
222,715
222,716
222,717
222,718
222,719
222,720
222,721
222,722
222,723
222,724
222,725
222,726
222,727
222,728
222,729
222,730
222,731
222,732
222,733
222,734
222,735
222,736
222,737
222,738
222,739
222,740
222,741
222,742
222,743
222,744
222,745
222,746
222,747
222,748
222,749
222,750
222,751
222,752
222,753
222,754
222,755
222,756
222,757
222,758
222,759
222,760
222,761
222,762
:228_4,763
:228_4,764
:228_4,765
:228_4,766
:228_4,767
223,768
223,769
223,770
223,771
223,772
223,773
223,774
223,775
223,776
223,777
223,778
223,779
223,780
223,781
223,782
223,783
223,784
223,785
223,786
223,787
223,788
223,789
223,790
223,791
223,792
223,793
223,794
223,795
223,796
223,797
223,798
223,799
223,800
223,801
223,802
223,803
223,804
223,805
223,806
223,807
223,808
223,809
223,810
223,811
223,812
223,813
223,814
223,815
223,816
223,817
223,818
223,819
223,820
223,821
223,822
223,823
223,824
223,825
223,826
223,827
223,828
223,829
223,830
223,831
223,832
223,833
223,834
223,835
223,836
223,837
223,838
223,839
223,840
223,841
223,842
223,843
223,844
223,845
223,846
223,847
223,848
223,849
223,850
223,851
223,852
223,853
223,854
223,855
223,856
223,857
223,858
223,859
223,860
223,861
223,862
223,863
223,864
:229_4,865
:229_4,866
:229_4,867
:229_4,868
:229_4,869
:229_4,870
224,871
224,872
224,873
224,874
224,875
224,876
224,877
224,878
224,879
224,880
224,881
224,882
224,883
224,884
224,885
224,886
224,887
224,888
224,889
224,890
224,891
224,892
224,893
224,894
224,895
224,896
224,897
224,898
224,899
224,900
224,901
224,902
224,903
224,904
224,905
224,906
224,907
224,908
224,909
224,910
224,911
224,912
224,913
224,914
224,915
224,916
224,917
224,918
224,919
224,920
224,921
224,922
224,923
224,924
224,925
224,926
224,927
224,928
224,929
224,930
224,931
224,932
224,933
224,934
224,935
224,936
224,937
224,938
224,939
224,940
224,941
224,942
224,943
224,944
224,945
224,946
224,947
224,948
224,949
224,950
224,951
224,952
224,953
224,954
224,955
224,956
224,957
224,958
224,959
:230_1,960
:230_1,961
:230_1,962
:230_1,963
:230_1,964
:230_1,965
374,966
374,967
374,968
374,969
374,970
374,971
374,972
374,973
374,974
374,975
374,976
374,977
374,978
374,979
374,980
374,981
374,982
374,983
374,984
374,985
374,986
374,987
374,988
374,989
374,990
374,991
374,992
374,993
374,994
374,995
374,996
374,997
374,998
374,999
374,1000
374,1001
374,1002
374,1003
374,1004
374,1005
374,1006
374,1007
374,1008
374,1009
374,1010
374,1011
374,1012
374,1013
374,1014
374,1015
374,1016
374,1017
374,1018
374,1019
374,1020
374,1021
374,1022
374,1023
374,1024
374,1025
374,1026
374,1027
374,1028
374,1029
374,1030
374,1031
374,1032
374,1033
374,1034
374,1035
374,1036
374,1037
374,1038
374,1039
374,1040
374,1041
374,1042
374,1043
374,1044
:340_0,1045
375,1046
375,1047
375,1048
375,1049
375,1050
375,1051
375,1052
375,1053
375,1054
375,1055
375,1056
375,1057
375,1058
375,1059
375,1060
375,1061
375,1062
375,1063
375,1064
375,1065
375,1066
375,1067
375,1068
375,1069
375,1070
375,1071
375,1072
375,1073
375,1074
375,1075
375,1076
375,1077
375,1078
375,1079
375,1080
375,1081
375,1082
375,1083
375,1084
375,1085
375,1086
375,1087
375,1088
375,1089
375,1090
375,1091
375,1092
375,1093
375,1094
375,1095
375,1096
375,1097
375,1098
375,1099
375,1100
375,1101
375,1102
375,1103
375,1104
375,1105
375,1106
375,1107
375,1108
375,1109
375,1110
375,1111
375,1112
375,1113
375,1114
375,1115
375,1116
375,1117
375,1118
375,1119
375,1120
375,1121
375,1122
375,1123
375,1124
375,1125
375,1126
375,1127
375,1128
375,1129
375,1130
375,1131
375,1132
375,1133
375,1134
375,1135
375,1136
375,1137
375,1138
375,1139
375,1140
375,1141
375,1142
375,1143
375,1144
375,1145
375,1146
375,1147
375,1148
375,1149
375,1150
375,1151
375,1152
375,1153
375,1154
375,1155
:15_0,1156
:15_0,1157
:15_0,1158
:15_0,1159
-446,1160
-446,1161
-446,1162
-446,1163
-446,1164
-446,1165
-446,1166
-446,1167
-446,1168
-446,1169
-446,1170
-446,1171
-446,1172
-446,1173
-446,1174
-446,1175
-446,1176
-446,1177
-446,1178
-446,1179
-446,1180
-446,1181
-446,1182
-446,1183
-446,1184
-446,1185
-446,1186
-446,1187
-446,1188
-446,1189
-446,1190
-446,1191
-446,1192
-446,1193
-446,1194
-446,1195
-446,1196
-446,1197
-446,1198
-446,1199
-446,1200
-446,1201
-446,1202
-446,1203
-446,1204
-446,1205
-446,1206
-446,1207
-446,1208
-446,1209
-446,1210
-446,1211
-446,1212
-446,1213
-446,1214
-446,1215
-446,1216
-446,1217
-446,1218
-446,1219
-446,1220
-446,1221
-446,1222
-446,1223
-446,1224
-446,1225
-446,1226
-446,1227
-446,1228
-446,1229
:383_4,1230
:383_4,1231
:383_4,1232
:383_4,1233
:383_4,1234
443,1235
443,1236
443,1237
443,1238
443,1239
443,1240
443,1241
443,1242
443,1243
443,1244
443,1245
443,1246
443,1247
443,1248
443,1249
443,1250
443,1251
443,1252
443,1253
443,1254
443,1255
443,1256
443,1257
443,1258
443,1259
443,1260
443,1261
443,1262
443,1263
443,1264
443,1265
443,1266
443,1267
443,1268
443,1269
443,1270
443,1271
443,1272
443,1273
443,1274
443,1275
443,1276
443,1277
443,1278
443,1279
443,1280
443,1281
443,1282
443,1283
443,1284
443,1285
443,1286
443,1287
443,1288
443,1289
443,1290
443,1291
443,1292
443,1293
443,1294
443,1295
443,1296
443,1297
443,1298
443,1299
443,1300
443,1301
443,1302
443,1303
443,1304
443,1305
443,1306
443,1307
443,1308
443,1309
443,1310
443,1311
443,1312
443,1313
443,1314
443,1315
443,1316
443,1317
443,1318
443,1319
443,1320
443,1321
443,1322
443,1323
443,1324
443,1325
443,1326
443,1327
443,1328
443,1329
443,1330
443,1331
443,1332
443,1333
443,1334
443,1335
443,1336
443,1337
443,1338
443,1339
443,1340
443,1341
443,1342
443,1343
443,1344
443,1345
443,1346
443,1347
443,1348
443,1349
443,1350
443,1351
443,1352
443,1353
443,1354
443,1355
443,1356
443,1357
443,1358
443,1359
443,1360
443,1361
443,1362
443,1363
:78_7,1364
:78_7,1365
:78_7,1366
:78_7,1367
:78_7,1368
:78_7,1369
69,1370
69,1371
69,1372
69,1373
69,1374
69,1375
69,1376
69,1377
69,1378
69,1379
69,1380
69,1381
69,1382
69,1383
69,1384
69,1385
69,1386
69,1387
69,1388
69,1389
69,1390
69,1391
69,1392
69,1393
69,1394
69,1395
69,1396
69,1397
69,1398
69,1399
69,1400
69,1401
69,1402
69,1403
69,1404
69,1405
69,1406
69,1407
69,1408
69,1409
69,1410
69,1411
69,1412
69,1413
69,1414
69,1415
69,1416
69,1417
69,1418
69,1419
69,1420
69,1421
69,1422
69,1423
69,1424
69,1425
69,1426
69,1427
:80_4,1428
:80_4,1429
:80_4,1430
:80_4,1431
:80_4,1432
:80_4,1433
428,1434
428,1435
428,1436
428,1437
428,1438
428,1439
428,1440
428,1441
428,1442
428,1443
428,1444
428,1445
428,1446
428,1447
428,1448
428,1449
428,1450
428,1451
428,1452
428,1453
428,1454
428,1455
428,1456
428,1457
428,1458
428,1459
428,1460
428,1461
428,1462
428,1463
428,1464
428,1465
428,1466
428,1467
428,1468
428,1469
428,1470
428,1471
428,1472
428,1473
428,1474
428,1475
428,1476
428,1477
428,1478
428,1479
428,1480
428,1481
428,1482
428,1483
428,1484
428,1485
428,1486
428,1487
:142_3,1488
:142_3,1489
:142_3,1490
615,1491
615,1492
615,1493
615,1494
615,1495
615,1496
615,1497
615,1498
615,1499
615,1500
615,1501
615,1502
615,1503
615,1504
615,1505
615,1506
615,1507
615,1508
615,1509
615,1510
615,1511
615,1512
615,1513
615,1514
615,1515
615,1516
615,1517
615,1518
615,1519
615,1520
615,1521
615,1522
615,1523
615,1524
615,1525
615,1526
615,1527
615,1528
615,1529
615,1530
615,1531
615,1532
615,1533
615,1534
615,1535
615,1536
615,1537
615,1538
615,1539
615,1540
615,1541
615,1542
615,1543
615,1544
615,1545
615,1546
615,1547
615,1548
615,1549
615,1550
615,1551
615,1552
615,1553
615,1554
615,1555
615,1556
615,1557
615,1558
615,1559
615,1560
615,1561
615,1562
615,1563
615,1564
615,1565
615,1566
615,1567
615,1568
615,1569
615,1570
615,1571
615,1572
615,1573
615,1574
615,1575
615,1576
615,1577
615,1578
615,1579
615,1580
615,1581
615,1582
615,1583
615,1584
615,1585
615,1586
615,1587
615,1588
615,1589
615,1590
615,1591
615,1592
615,1593
615,1594
615,1595
615,1596
615,1597
615,1598
615,1599
615,1600
615,1601
615,1602
615,1603
615,1604
615,1605
615,1606
615,1607
615,1608
615,1609
615,1610
615,1611
615,1612
615,1613
615,1614
615,1615
615,1616
615,1617
615,1618
