-58,1
-58,2
-58,3
-58,4
-58,5
-58,6
-58,7
-58,8
-58,9
-58,10
-58,11
-58,12
-58,13
-58,14
-58,15
-58,16
-58,17
-58,18
-58,19
-58,20
-58,21
-58,22
-58,23
-58,24
-58,25
-58,26
-58,27
-58,28
-58,29
-58,30
-58,31
-58,32
-58,33
-58,34
-58,35
-58,36
-58,37
-58,38
-58,39
-58,40
-58,41
-58,42
-58,43
-58,44
-58,45
-58,46
-58,47
-58,48
-58,49
-58,50
-58,51
-58,52
-58,53
-58,54
-58,55
-58,56
-58,57
-58,58
-58,59
-58,60
-58,61
-58,62
-58,63
-58,64
-58,65
-58,66
-58,67
-58,68
-58,69
-58,70
-58,71
-58,72
-58,73
-58,74
-58,75
-58,76
-58,77
-58,78
-58,79
-58,80
-58,81
-58,82
-58,83
-58,84
-58,85
-58,86
-58,87
-58,88
-58,89
-58,90
-58,91
-58,92
-58,93
-58,94
-58,95
-58,96
-58,97
-58,98
-58,99
-58,100
-58,101
-58,102
-58,103
-58,104
-58,105
-58,106
-58,107
-58,108
-58,109
-58,110
-58,111
-58,112
-58,113
-58,114
:65_10,115
:65_10,116
:65_10,117
:65_10,118
:65_10,119
57,120
57,121
57,122
57,123
57,124
57,125
57,126
57,127
57,128
57,129
57,130
57,131
57,132
57,133
57,134
57,135
57,136
57,137
57,138
57,139
57,140
57,141
57,142
57,143
57,144
57,145
57,146
57,147
57,148
57,149
57,150
57,151
57,152
57,153
57,154
57,155
57,156
57,157
57,158
57,159
57,160
57,161
57,162
57,163
57,164
57,165
57,166
57,167
57,168
57,169
57,170
57,171
57,172
57,173
57,174
57,175
57,176
57,177
:66_3,178
:66_3,179
:66_3,180
560,181
560,182
560,183
560,184
560,185
560,186
560,187
560,188
560,189
560,190
560,191
560,192
560,193
560,194
560,195
560,196
560,197
560,198
560,199
560,200
560,201
560,202
560,203
560,204
560,205
560,206
560,207
560,208
560,209
560,210
560,211
560,212
560,213
560,214
560,215
560,216
560,217
560,218
560,219
560,220
560,221
560,222
560,223
560,224
560,225
560,226
560,227
560,228
:200_9,229
:200_9,230
:200_9,231
:200_9,232
:200_9,233
561,234
561,235
561,236
561,237
561,238
561,239
561,240
561,241
561,242
561,243
561,244
561,245
561,246
561,247
561,248
561,249
561,250
561,251
561,252
561,253
561,254
561,255
561,256
561,257
561,258
561,259
561,260
561,261
561,262
561,263
561,264
561,265
561,266
561,267
561,268
561,269
561,270
561,271
561,272
:405_0,273
-478,274
-478,275
-478,276
-478,277
-478,278
-478,279
-478,280
-478,281
-478,282
-478,283
-478,284
-478,285
-478,286
-478,287
-478,288
-478,289
-478,290
-478,291
-478,292
-478,293
-478,294
-478,295
-478,296
-478,297
-478,298
-478,299
-478,300
-478,301
-478,302
-478,303
-478,304
-478,305
-478,306
-478,307
-478,308
-478,309
-478,310
-478,311
-478,312
-478,313
-478,314
-478,315
-478,316
-478,317
-478,318
-478,319
-478,320
-478,321
-478,322
-478,323
-478,324
-478,325
-478,326
-478,327
-478,328
-478,329
-478,330
-478,331
-478,332
-478,333
-478,334
-478,335
-478,336
-478,337
-478,338
-478,339
-478,340
-478,341
-478,342
-478,343
-478,344
-478,345
-478,346
-478,347
-478,348
-478,349
-478,350
-478,351
-478,352
-478,353
-478,354
-478,355
-478,356
-478,357
-478,358
-478,359
-478,360
-478,361
-478,362
-478,363
-478,364
-478,365
-478,366
-478,367
:361_4,368
:361_4,369
:361_4,370
:361_4,371
-442,372
-442,373
-442,374
-442,375
-442,376
-442,377
-442,378
-442,379
-442,380
-442,381
-442,382
-442,383
-442,384
-442,385
-442,386
-442,387
-442,388
-442,389
-442,390
-442,391
-442,392
-442,393
-442,394
-442,395
-442,396
-442,397
-442,398
-442,399
-442,400
-442,401
-442,402
-442,403
-442,404
-442,405
-442,406
-442,407
-442,408
-442,409
-442,410
-442,411
-442,412
-442,413
-442,414
-442,415
-442,416
-442,417
-442,418
-442,419
-442,420
-442,421
-442,422
-442,423
-442,424
-442,425
-442,426
-442,427
-442,428
-442,429
-442,430
-442,431
-442,432
-442,433
-442,434
-442,435
-442,436
-442,437
-442,438
-442,439
-442,440
-442,441
-442,442
-442,443
-442,444
-442,445
-442,446
-442,447
-442,448
-442,449
-442,450
-442,451
-442,452
-442,453
-442,454
-442,455
:152_0,456
:152_0,457
:152_0,458
:152_0,459
-137,460
-137,461
-137,462
-137,463
-137,464
-137,465
-137,466
-137,467
-137,468
-137,469
-137,470
-137,471
-137,472
-137,473
-137,474
-137,475
-137,476
-137,477
-137,478
-137,479
-137,480
-137,481
-137,482
-137,483
-137,484
-137,485
-137,486
-137,487
-137,488
-137,489
-137,490
-137,491
-137,492
-137,493
-137,494
-137,495
-137,496
-137,497
-137,498
-137,499
-137,500
-137,501
-137,502
-137,503
-137,504
-137,505
-137,506
-137,507
-137,508
-137,509
-137,510
-137,511
-137,512
-137,513
-137,514
-137,515
-137,516
-137,517
-137,518
-137,519
-137,520
-137,521
-137,522
-137,523
-137,524
-137,525
-137,526
-137,527
-137,528
-137,529
-137,530
-137,531
-137,532
-137,533
-137,534
-137,535
-137,536
-137,537
-137,538
-137,539
-137,540
-137,541
-137,542
-137,543
-137,544
-137,545
-137,546
-137,547
-137,548
-137,549
-137,550
-137,551
-137,552
-137,553
-137,554
-137,555
-137,556
-137,557
-137,558
-137,559
-137,560
-137,561
-137,562
:151_3,563
:151_3,564
:151_3,565
-569,566
-569,567
-569,568
-569,569
-569,570
-569,571
-569,572
-569,573
-569,574
-569,575
-569,576
-569,577
-569,578
-569,579
-569,580
-569,581
-569,582
-569,583
-569,584
-569,585
-569,586
-569,587
-569,588
-569,589
-569,590
-569,591
-569,592
-569,593
-569,594
-569,595
-569,596
-569,597
-569,598
-569,599
-569,600
-569,601
-569,602
-569,603
-569,604
-569,605
-569,606
-569,607
-569,608
-569,609
-569,610
-569,611
-569,612
-569,613
-569,614
-569,615
-569,616
-569,617
-569,618
-569,619
-569,620
-569,621
-569,622
-569,623
-569,624
-569,625
-569,626
-569,627
-569,628
-569,629
-569,630
-569,631
-569,632
-569,633
-569,634
-569,635
-569,636
-569,637
-569,638
-569,639
-569,640
-569,641
-569,642
-569,643
-569,644
-569,645
-569,646
-569,647
-569,648
-569,649
-569,650
-569,651
-569,652
-569,653
-569,654
:64_3,655
:64_3,656
:64_3,657
:64_3,658
:64_3,659
-56,660
-56,661
-56,662
-56,663
-56,664
-56,665
-56,666
-56,667
-56,668
-56,669
-56,670
-56,671
-56,672
-56,673
-56,674
-56,675
-56,676
-56,677
-56,678
-56,679
-56,680
-56,681
-56,682
-56,683
-56,684
-56,685
-56,686
-56,687
-56,688
-56,689
-56,690
-56,691
-56,692
-56,693
-56,694
-56,695
-56,696
-56,697
-56,698
-56,699
-56,700
-56,701
-56,702
-56,703
-56,704
-56,705
-56,706
-56,707
-56,708
-56,709
-56,710
-56,711
-56,712
-56,713
-56,714
-56,715
-56,716
-56,717
-56,718
-56,719
-56,720
-56,721
-56,722
-56,723
-56,724
-56,725
-56,726
-56,727
-56,728
-56,729
-56,730
-56,731
-56,732
-56,733
-56,734
-56,735
-56,736
-56,737
-56,738
-56,739
-56,740
-56,741
-56,742
-56,743
-56,744
-56,745
-56,746
-56,747
-56,748
-56,749
-56,750
-56,751
-56,752
-56,753
-56,754
-56,755
-56,756
-56,757
-56,758
-56,759
-56,760
-56,761
-56,762
-56,763
-56,764
-56,765
-56,766
-56,767
-56,768
-56,769
-56,770
-56,771
-56,772
-56,773
-56,774
-56,775
-56,776
-56,777
-56,778
-56,779
-56,780
-56,781
-56,782
:58_13,783
:58_13,784
:58_13,785
:58_13,786
53,787
53,788
53,789
53,790
53,791
53,792
53,793
53,794
53,795
53,796
53,797
53,798
53,799
53,800
53,801
53,802
53,803
53,804
53,805
53,806
53,807
53,808
53,809
53,810
53,811
53,812
53,813
53,814
53,815
53,816
53,817
53,818
53,819
53,820
53,821
53,822
53,823
53,824
53,825
53,826
53,827
53,828
53,829
53,830
53,831
53,832
53,833
53,834
53,835
53,836
53,837
53,838
53,839
53,840
53,841
53,842
53,843
53,844
53,845
53,846
53,847
53,848
53,849
53,850
53,851
:61_7,852
:61_7,853
:61_7,854
:61_7,855
:61_7,856
54,857
54,858
54,859
54,860
54,861
54,862
54,863
54,864
54,865
54,866
54,867
54,868
54,869
54,870
54,871
54,872
54,873
54,874
54,875
54,876
54,877
54,878
54,879
54,880
54,881
54,882
54,883
54,884
54,885
54,886
54,887
54,888
54,889
54,890
54,891
54,892
54,893
54,894
54,895
54,896
54,897
:62_3,898
:62_3,899
:62_3,900
:62_3,901
:62_3,902
55,903
55,904
55,905
55,906
55,907
55,908
55,909
55,910
55,911
55,912
55,913
55,914
55,915
55,916
55,917
55,918
55,919
55,920
55,921
55,922
55,923
55,924
55,925
55,926
55,927
55,928
55,929
55,930
55,931
55,932
55,933
55,934
55,935
55,936
55,937
55,938
55,939
55,940
55,941
55,942
55,943
55,944
55,945
55,946
55,947
55,948
55,949
55,950
55,951
55,952
55,953
55,954
55,955
55,956
55,957
55,958
55,959
55,960
55,961
55,962
55,963
55,964
55,965
55,966
55,967
55,968
55,969
55,970
55,971
55,972
55,973
55,974
55,975
55,976
55,977
55,978
55,979
55,980
55,981
55,982
55,983
55,984
55,985
55,986
55,987
55,988
55,989
55,990
55,991
55,992
55,993
55,994
55,995
55,996
55,997
55,998
55,999
55,1000
55,1001
55,1002
55,1003
55,1004
55,1005
:63_13,1006
:63_13,1007
:63_13,1008
:63_13,1009
:63_13,1010
159,1011
159,1012
159,1013
159,1014
159,1015
159,1016
159,1017
159,1018
159,1019
159,1020
159,1021
159,1022
159,1023
159,1024
159,1025
159,1026
159,1027
159,1028
159,1029
159,1030
159,1031
159,1032
159,1033
159,1034
159,1035
159,1036
159,1037
159,1038
159,1039
159,1040
159,1041
159,1042
159,1043
159,1044
159,1045
159,1046
159,1047
159,1048
159,1049
159,1050
159,1051
159,1052
159,1053
159,1054
159,1055
159,1056
159,1057
159,1058
159,1059
159,1060
159,1061
159,1062
159,1063
159,1064
159,1065
159,1066
159,1067
159,1068
159,1069
159,1070
159,1071
159,1072
159,1073
159,1074
159,1075
159,1076
159,1077
159,1078
159,1079
159,1080
159,1081
159,1082
159,1083
159,1084
159,1085
159,1086
159,1087
159,1088
159,1089
159,1090
159,1091
159,1092
159,1093
159,1094
159,1095
159,1096
159,1097
159,1098
159,1099
159,1100
159,1101
159,1102
159,1103
159,1104
159,1105
159,1106
159,1107
:102_7,1108
:102_7,1109
:102_7,1110
:102_7,1111
:102_7,1112
-87,1113
-87,1114
-87,1115
-87,1116
-87,1117
-87,1118
-87,1119
-87,1120
-87,1121
-87,1122
-87,1123
-87,1124
-87,1125
-87,1126
-87,1127
-87,1128
-87,1129
-87,1130
-87,1131
-87,1132
-87,1133
-87,1134
-87,1135
-87,1136
-87,1137
-87,1138
-87,1139
-87,1140
-87,1141
-87,1142
-87,1143
-87,1144
-87,1145
-87,1146
-87,1147
-87,1148
-87,1149
-87,1150
-87,1151
-87,1152
-87,1153
-87,1154
-87,1155
-87,1156
-87,1157
-87,1158
-87,1159
-87,1160
-87,1161
-87,1162
-87,1163
-87,1164
-87,1165
-87,1166
-87,1167
-87,1168
-87,1169
-87,1170
-87,1171
-87,1172
-87,1173
-87,1174
-87,1175
-87,1176
-87,1177
-87,1178
-87,1179
-87,1180
-87,1181
-87,1182
-87,1183
-87,1184
-87,1185
-87,1186
-87,1187
-87,1188
-87,1189
-87,1190
-87,1191
-87,1192
-87,1193
-87,1194
-87,1195
-87,1196
-87,1197
-87,1198
-87,1199
-87,1200
-87,1201
-87,1202
-87,1203
-87,1204
-87,1205
-87,1206
-87,1207
-87,1208
-87,1209
-87,1210
-87,1211
-87,1212
-87,1213
-87,1214
-87,1215
-87,1216
-87,1217
-87,1218
-87,1219
-87,1220
-87,1221
-87,1222
-87,1223
-87,1224
-87,1225
-87,1226
-87,1227
-87,1228
-87,1229
-87,1230
-87,1231
-87,1232
-87,1233
-87,1234
-87,1235
-87,1236
-87,1237
-87,1238
-87,1239
-87,1240
-87,1241
-87,1242
-87,1243
-87,1244
-87,1245
-87,1246
-87,1247
-87,1248
-87,1249
-87,1250
-87,1251
-87,1252
-87,1253
-87,1254
-87,1255
-87,1256
-87,1257
-87,1258
-87,1259
-87,1260
-87,1261
-87,1262
-87,1263
-87,1264
-87,1265
-87,1266
-87,1267
-87,1268
-87,1269
-87,1270
-87,1271
-87,1272
-87,1273
-87,1274
-87,1275
-87,1276
-87,1277
-87,1278
-87,1279
:27_9,1280
:27_9,1281
:27_9,1282
:27_9,1283
:27_9,1284
:27_9,1285
-23,1286
-23,1287
-23,1288
-23,1289
-23,1290
-23,1291
-23,1292
-23,1293
-23,1294
-23,1295
-23,1296
-23,1297
-23,1298
-23,1299
-23,1300
-23,1301
-23,1302
-23,1303
-23,1304
-23,1305
-23,1306
-23,1307
-23,1308
-23,1309
-23,1310
-23,1311
-23,1312
-23,1313
-23,1314
-23,1315
-23,1316
-23,1317
-23,1318
-23,1319
-23,1320
-23,1321
-23,1322
-23,1323
-23,1324
-23,1325
-23,1326
-23,1327
-23,1328
-23,1329
-23,1330
-23,1331
-23,1332
-23,1333
-23,1334
-23,1335
-23,1336
-23,1337
-23,1338
-23,1339
-23,1340
-23,1341
-23,1342
-23,1343
-23,1344
-23,1345
-23,1346
-23,1347
-23,1348
-23,1349
-23,1350
-23,1351
-23,1352
-23,1353
-23,1354
-23,1355
-23,1356
-23,1357
-23,1358
-23,1359
-23,1360
-23,1361
-23,1362
-23,1363
-23,1364
-23,1365
-23,1366
-23,1367
-23,1368
-23,1369
-23,1370
-23,1371
-23,1372
-23,1373
-23,1374
-23,1375
-23,1376
-23,1377
-23,1378
-23,1379
-23,1380
-23,1381
-23,1382
-23,1383
-23,1384
-23,1385
-23,1386
-23,1387
-23,1388
-23,1389
-23,1390
-23,1391
-23,1392
-23,1393
-23,1394
-23,1395
-23,1396
-23,1397
-23,1398
-23,1399
-23,1400
-23,1401
-23,1402
-23,1403
-23,1404
-23,1405
-23,1406
-23,1407
-23,1408
-23,1409
-23,1410
-23,1411
-23,1412
-23,1413
-23,1414
-23,1415
-23,1416
-23,1417
-23,1418
-23,1419
-23,1420
-23,1421
-23,1422
-23,1423
-23,1424
-23,1425
-23,1426
-23,1427
-23,1428
-23,1429
-23,1430
-23,1431
-23,1432
-23,1433
-23,1434
-23,1435
-23,1436
-23,1437
-23,1438
-23,1439
-23,1440
-23,1441
-23,1442
-23,1443
-23,1444
-23,1445
-23,1446
-23,1447
-23,1448
-23,1449
-23,1450
-23,1451
-23,1452
-23,1453
-23,1454
-23,1455
-23,1456
-23,1457
-23,1458
-23,1459
-23,1460
-23,1461
-23,1462
-23,1463
-23,1464
-23,1465
-23,1466
-23,1467
-23,1468
:22_9,1469
:22_9,1470
:22_9,1471
:22_9,1472
:22_9,1473
19,1474
19,1475
19,1476
19,1477
19,1478
19,1479
19,1480
19,1481
19,1482
19,1483
19,1484
19,1485
19,1486
19,1487
19,1488
19,1489
19,1490
19,1491
19,1492
19,1493
19,1494
19,1495
19,1496
19,1497
19,1498
19,1499
19,1500
19,1501
19,1502
19,1503
19,1504
19,1505
19,1506
19,1507
19,1508
19,1509
19,1510
19,1511
19,1512
19,1513
19,1514
19,1515
19,1516
19,1517
19,1518
19,1519
19,1520
19,1521
19,1522
19,1523
19,1524
19,1525
19,1526
19,1527
19,1528
19,1529
19,1530
19,1531
19,1532
19,1533
19,1534
19,1535
19,1536
19,1537
19,1538
19,1539
19,1540
19,1541
19,1542
19,1543
19,1544
19,1545
19,1546
19,1547
19,1548
19,1549
19,1550
19,1551
19,1552
19,1553
19,1554
19,1555
19,1556
19,1557
19,1558
19,1559
19,1560
19,1561
19,1562
19,1563
19,1564
19,1565
19,1566
19,1567
19,1568
19,1569
19,1570
19,1571
:23_6,1572
:23_6,1573
:23_6,1574
:23_6,1575
:23_6,1576
:23_6,1577
:23_6,1578
20,1579
20,1580
20,1581
20,1582
20,1583
20,1584
20,1585
20,1586
20,1587
20,1588
20,1589
20,1590
20,1591
20,1592
20,1593
20,1594
20,1595
20,1596
20,1597
20,1598
20,1599
20,1600
20,1601
20,1602
20,1603
20,1604
20,1605
20,1606
20,1607
20,1608
20,1609
20,1610
20,1611
20,1612
20,1613
20,1614
20,1615
20,1616
20,1617
20,1618
20,1619
20,1620
20,1621
20,1622
20,1623
20,1624
20,1625
20,1626
20,1627
20,1628
20,1629
20,1630
20,1631
20,1632
20,1633
20,1634
20,1635
20,1636
20,1637
20,1638
20,1639
20,1640
20,1641
20,1642
20,1643
20,1644
20,1645
20,1646
20,1647
20,1648
20,1649
20,1650
20,1651
20,1652
20,1653
20,1654
20,1655
20,1656
20,1657
20,1658
20,1659
20,1660
20,1661
20,1662
20,1663
20,1664
20,1665
20,1666
20,1667
20,1668
20,1669
20,1670
20,1671
:24_13,1672
:24_13,1673
:24_13,1674
:24_13,1675
:24_13,1676
:24_13,1677
25,1678
25,1679
25,1680
25,1681
25,1682
25,1683
25,1684
25,1685
25,1686
25,1687
25,1688
25,1689
25,1690
25,1691
25,1692
25,1693
25,1694
25,1695
25,1696
25,1697
25,1698
25,1699
25,1700
25,1701
25,1702
25,1703
25,1704
25,1705
25,1706
25,1707
25,1708
25,1709
25,1710
25,1711
25,1712
25,1713
25,1714
25,1715
25,1716
25,1717
25,1718
25,1719
25,1720
25,1721
25,1722
25,1723
25,1724
25,1725
25,1726
25,1727
25,1728
25,1729
25,1730
25,1731
25,1732
25,1733
25,1734
25,1735
25,1736
25,1737
25,1738
25,1739
25,1740
25,1741
25,1742
25,1743
25,1744
25,1745
25,1746
25,1747
25,1748
25,1749
25,1750
25,1751
25,1752
25,1753
25,1754
25,1755
25,1756
25,1757
25,1758
25,1759
25,1760
25,1761
25,1762
25,1763
25,1764
25,1765
25,1766
25,1767
25,1768
25,1769
25,1770
25,1771
25,1772
25,1773
25,1774
25,1775
25,1776
25,1777
25,1778
25,1779
25,1780
25,1781
25,1782
25,1783
25,1784
25,1785
25,1786
25,1787
25,1788
25,1789
25,1790
25,1791
25,1792
25,1793
25,1794
25,1795
25,1796
25,1797
25,1798
25,1799
25,1800
25,1801
25,1802
25,1803
25,1804
25,1805
25,1806
25,1807
25,1808
25,1809
25,1810
25,1811
25,1812
25,1813
25,1814
25,1815
25,1816
25,1817
25,1818
25,1819
:29_13,1820
:29_13,1821
:29_13,1822
:29_13,1823
:29_13,1824
:29_13,1825
210,1826
210,1827
210,1828
210,1829
210,1830
210,1831
210,1832
210,1833
210,1834
210,1835
210,1836
210,1837
210,1838
210,1839
210,1840
210,1841
210,1842
210,1843
210,1844
210,1845
210,1846
210,1847
210,1848
210,1849
210,1850
210,1851
210,1852
210,1853
210,1854
210,1855
210,1856
210,1857
210,1858
210,1859
210,1860
210,1861
210,1862
210,1863
210,1864
210,1865
210,1866
210,1867
210,1868
210,1869
210,1870
210,1871
210,1872
210,1873
210,1874
210,1875
210,1876
210,1877
210,1878
210,1879
210,1880
210,1881
210,1882
210,1883
210,1884
210,1885
210,1886
210,1887
210,1888
210,1889
210,1890
210,1891
210,1892
210,1893
210,1894
210,1895
210,1896
210,1897
210,1898
210,1899
210,1900
210,1901
210,1902
210,1903
210,1904
210,1905
210,1906
210,1907
210,1908
210,1909
210,1910
210,1911
210,1912
210,1913
210,1914
210,1915
210,1916
210,1917
210,1918
210,1919
210,1920
210,1921
210,1922
210,1923
210,1924
:16_6,1925
:16_6,1926
:16_6,1927
:16_6,1928
:16_6,1929
:16_6,1930
-14,1931
-14,1932
-14,1933
-14,1934
-14,1935
-14,1936
-14,1937
-14,1938
-14,1939
-14,1940
-14,1941
-14,1942
-14,1943
-14,1944
-14,1945
-14,1946
-14,1947
-14,1948
-14,1949
-14,1950
-14,1951
-14,1952
-14,1953
-14,1954
-14,1955
-14,1956
-14,1957
-14,1958
-14,1959
-14,1960
-14,1961
-14,1962
-14,1963
-14,1964
-14,1965
-14,1966
-14,1967
-14,1968
-14,1969
-14,1970
-14,1971
-14,1972
-14,1973
-14,1974
-14,1975
-14,1976
-14,1977
-14,1978
-14,1979
-14,1980
-14,1981
-14,1982
-14,1983
-14,1984
-14,1985
-14,1986
-14,1987
-14,1988
-14,1989
-14,1990
-14,1991
-14,1992
-14,1993
-14,1994
-14,1995
-14,1996
-14,1997
-14,1998
-14,1999
-14,2000
