-169,21
-169,22
-169,23
-169,24
-169,25
-169,26
-169,27
-169,28
-169,29
-169,30
-169,31
-169,32
-169,33
-169,34
-169,35
-169,36
-169,37
-169,38
-169,39
-169,40
-169,41
-169,42
-169,43
-169,44
-169,45
-169,46
-169,47
-169,48
-169,49
-169,50
-169,51
-169,52
-169,53
-169,54
-169,55
-169,56
-169,57
-169,58
-169,59
-169,60
-169,61
-169,62
-169,63
-169,64
-169,65
-169,66
-169,67
-169,68
-169,69
-169,70
-169,71
-169,72
-169,73
-169,74
-169,75
-169,76
-169,77
-169,78
-169,79
-169,80
-169,81
-169,82
-169,83
-169,84
-169,85
-169,86
-169,87
-169,88
-169,89
-169,90
-169,91
-169,92
-169,93
-169,94
-169,95
-169,96
-169,97
-169,98
-169,99
-169,100
-169,101
-169,102
-169,103
-169,104
-169,105
-169,106
-169,107
-169,108
-169,109
-169,110
-169,111
-169,112
-169,113
-169,114
-169,115
-169,116
-169,117
-169,118
-169,119
-169,120
-169,121
-169,122
-169,123
-169,124
-169,125
-169,126
-169,127
-169,128
-169,129
-169,130
-169,131
-169,132
-169,133
-169,134
-169,135
-169,136
-169,137
-169,138
-169,139
-169,140
-169,141
-169,142
-169,143
:180_3,144
:180_3,145
:180_3,146
168,147
168,148
168,149
168,150
168,151
168,152
168,153
168,154
168,155
168,156
168,157
168,158
168,159
168,160
168,161
168,162
168,163
168,164
168,165
168,166
168,167
168,168
168,169
168,170
168,171
168,172
168,173
168,174
168,175
168,176
168,177
168,178
168,179
168,180
168,181
168,182
168,183
168,184
168,185
168,186
168,187
168,188
168,189
168,190
168,191
168,192
168,193
168,194
168,195
168,196
168,197
168,198
168,199
168,200
168,201
168,202
168,203
168,204
168,205
168,206
168,207
168,208
168,209
168,210
168,211
168,212
168,213
168,214
168,215
168,216
168,217
168,218
168,219
168,220
168,221
168,222
168,223
168,224
168,225
168,226
168,227
168,228
168,229
168,230
168,231
168,232
168,233
168,234
168,235
168,236
168,237
168,238
168,239
168,240
168,241
168,242
168,243
168,244
168,245
168,246
168,247
168,248
168,249
168,250
168,251
168,252
168,253
168,254
168,255
168,256
168,257
168,258
168,259
168,260
168,261
168,262
168,263
168,264
168,265
168,266
168,267
168,268
168,269
168,270
168,271
168,272
168,273
168,274
168,275
168,276
168,277
168,278
168,279
168,280
168,281
168,282
168,283
168,284
168,285
168,286
168,287
168,288
168,289
168,290
168,291
168,292
168,293
168,294
168,295
168,296
168,297
168,298
168,299
168,300
168,301
168,302
168,303
168,304
168,305
168,306
168,307
168,308
168,309
168,310
168,311
168,312
168,313
168,314
168,315
168,316
168,317
168,318
168,319
168,320
168,321
:181_13,322
:181_13,323
:181_13,324
:181_13,325
173,326
173,327
173,328
173,329
173,330
173,331
173,332
173,333
173,334
173,335
173,336
173,337
173,338
173,339
173,340
173,341
173,342
173,343
173,344
173,345
173,346
173,347
173,348
173,349
173,350
173,351
173,352
173,353
173,354
173,355
173,356
173,357
173,358
173,359
173,360
173,361
173,362
173,363
173,364
173,365
173,366
173,367
173,368
173,369
173,370
173,371
173,372
173,373
173,374
173,375
173,376
173,377
173,378
173,379
173,380
173,381
173,382
173,383
173,384
173,385
173,386
173,387
173,388
173,389
173,390
173,391
173,392
173,393
173,394
173,395
173,396
173,397
173,398
173,399
173,400
173,401
173,402
173,403
173,404
173,405
173,406
173,407
173,408
173,409
173,410
173,411
173,412
173,413
173,414
173,415
173,416
173,417
173,418
173,419
173,420
173,421
173,422
173,423
173,424
173,425
173,426
173,427
173,428
173,429
173,430
173,431
173,432
173,433
173,434
173,435
173,436
173,437
173,438
173,439
173,440
173,441
173,442
173,443
173,444
173,445
173,446
173,447
173,448
173,449
173,450
173,451
173,452
173,453
173,454
173,455
173,456
173,457
173,458
173,459
173,460
173,461
173,462
173,463
173,464
173,465
:186_13,466
:186_13,467
:186_13,468
:186_13,469
:186_13,470
227,471
227,472
227,473
227,474
227,475
227,476
227,477
227,478
227,479
227,480
227,481
227,482
227,483
227,484
227,485
227,486
227,487
227,488
227,489
227,490
227,491
227,492
227,493
227,494
227,495
227,496
227,497
227,498
227,499
227,500
227,501
227,502
227,503
227,504
227,505
227,506
227,507
227,508
227,509
227,510
227,511
227,512
227,513
227,514
227,515
227,516
227,517
227,518
227,519
227,520
227,521
227,522
227,523
-211,524
-211,525
-211,526
-211,527
-211,528
-211,529
-211,530
-211,531
-211,532
-211,533
-211,534
-211,535
-211,536
-211,537
-211,538
-211,539
-211,540
-211,541
-211,542
-211,543
-211,544
-211,545
-211,546
-211,547
-211,548
-211,549
-211,550
-211,551
-211,552
-211,553
-211,554
-211,555
-211,556
-211,557
-211,558
-211,559
-211,560
-211,561
-211,562
-211,563
-211,564
:189_14,565
:189_14,566
:189_18,567
:189_18,568
:189_18,569
212,570
212,571
212,572
212,573
212,574
212,575
212,576
212,577
212,578
212,579
212,580
212,581
212,582
212,583
212,584
212,585
212,586
212,587
212,588
212,589
212,590
212,591
212,592
212,593
212,594
212,595
212,596
212,597
212,598
212,599
212,600
212,601
212,602
212,603
212,604
212,605
212,606
212,607
212,608
212,609
212,610
:218_4,611
:218_4,612
:218_4,613
:218_4,614
-558,615
-558,616
-558,617
-558,618
-558,619
-558,620
-558,621
-558,622
-558,623
-558,624
-558,625
-558,626
-558,627
-558,628
-558,629
-558,630
-558,631
-558,632
-558,633
-558,634
-558,635
-558,636
-558,637
-558,638
-558,639
-558,640
-558,641
-558,642
-558,643
-558,644
-558,645
-558,646
-558,647
-558,648
-558,649
-558,650
-558,651
-558,652
-558,653
-558,654
-558,655
-558,656
-558,657
-558,658
-558,659
-558,660
-558,661
-558,662
-558,663
-558,664
-558,665
-558,666
-558,667
-558,668
-558,669
-558,670
-558,671
-558,672
-558,673
-558,674
-558,675
-558,676
-558,677
-558,678
-558,679
-558,680
-558,681
-558,682
-558,683
-558,684
-558,685
-558,686
