-431,1
-431,2
-431,3
-431,4
-431,5
-431,6
-431,7
-431,8
-431,9
-431,10
-431,11
-431,12
-431,13
-431,14
-431,15
-431,16
-431,17
-431,18
-431,19
-431,20
-431,21
-431,22
-431,23
-431,24
-431,25
-431,26
-431,27
-431,28
-431,29
-431,30
-431,31
-431,32
-431,33
-431,34
-431,35
-431,36
-431,37
-431,38
-431,39
-431,40
-431,41
-431,42
-431,43
:203_7,44
:203_7,45
:203_7,46
:203_7,47
:203_7,48
194,49
194,50
194,51
194,52
194,53
194,54
194,55
194,56
194,57
194,58
194,59
194,60
194,61
194,62
194,63
194,64
194,65
194,66
194,67
194,68
194,69
194,70
194,71
194,72
194,73
194,74
194,75
194,76
194,77
194,78
194,79
194,80
194,81
194,82
194,83
194,84
194,85
194,86
194,87
194,88
194,89
194,90
194,91
194,92
194,93
194,94
194,95
194,96
194,97
194,98
194,99
194,100
194,101
194,102
194,103
194,104
194,105
194,106
194,107
194,108
194,109
194,110
194,111
194,112
194,113
194,114
194,115
194,116
194,117
194,118
194,119
194,120
194,121
194,122
194,123
194,124
194,125
194,126
194,127
194,128
194,129
194,130
194,131
194,132
194,133
194,134
194,135
194,136
194,137
194,138
194,139
194,140
194,141
194,142
194,143
194,144
194,145
194,146
194,147
194,148
194,149
194,150
194,151
194,152
194,153
194,154
194,155
194,156
194,157
194,158
194,159
194,160
194,161
194,162
194,163
194,164
194,165
194,166
194,167
194,168
194,169
194,170
194,171
194,172
194,173
194,174
194,175
194,176
194,177
194,178
194,179
194,180
194,181
194,182
194,183
194,184
194,185
194,186
194,187
194,188
194,189
194,190
194,191
194,192
194,193
194,194
194,195
194,196
194,197
194,198
194,199
194,200
194,201
194,202
194,203
194,204
194,205
194,206
194,207
194,208
194,209
194,210
194,211
194,212
:204_8,213
:204_8,214
:204_8,215
:204_8,216
-323,217
-323,218
-323,219
-323,220
-323,221
-323,222
-323,223
-323,224
-323,225
-323,226
-323,227
-323,228
-323,229
-323,230
-323,231
-323,232
-323,233
-323,234
-323,235
-323,236
-323,237
-323,238
-323,239
-323,240
-323,241
-323,242
-323,243
-323,244
-323,245
-323,246
-323,247
-323,248
-323,249
-323,250
-323,251
-323,252
-323,253
-323,254
-323,255
-323,256
-323,257
-323,258
-323,259
-323,260
-323,261
-323,262
-323,263
-323,264
-323,265
-323,266
-323,267
-323,268
-323,269
-323,270
-323,271
-323,272
-323,273
-323,274
-323,275
-323,276
-323,277
-323,278
-323,279
-323,280
-323,281
-323,282
-323,283
-323,284
-323,285
-323,286
-323,287
-323,288
-323,289
-323,290
-323,291
-323,292
-323,293
-323,294
-323,295
-323,296
-323,297
-323,298
-323,299
-323,300
-323,301
-323,302
-323,303
-323,304
-323,305
-323,306
-323,307
-323,308
-323,309
-323,310
-323,311
-323,312
-323,313
-323,314
-323,315
-323,316
-323,317
-323,318
-323,319
-323,320
-323,321
-323,322
-323,323
-323,324
-323,325
-323,326
-323,327
-323,328
-323,329
-323,330
-323,331
-323,332
-323,333
-323,334
-323,335
-323,336
-323,337
-323,338
-323,339
-323,340
:302_6,341
:302_6,342
:302_6,343
324,344
324,345
324,346
324,347
324,348
324,349
324,350
324,351
324,352
324,353
324,354
324,355
324,356
324,357
324,358
324,359
324,360
324,361
324,362
324,363
324,364
324,365
324,366
324,367
324,368
324,369
324,370
324,371
324,372
324,373
324,374
324,375
324,376
324,377
324,378
324,379
324,380
324,381
324,382
324,383
324,384
324,385
324,386
324,387
324,388
324,389
324,390
324,391
324,392
324,393
324,394
324,395
324,396
324,397
324,398
324,399
324,400
324,401
324,402
324,403
324,404
324,405
324,406
324,407
324,408
324,409
324,410
324,411
324,412
324,413
324,414
324,415
324,416
324,417
324,418
324,419
324,420
324,421
324,422
324,423
324,424
324,425
324,426
324,427
324,428
324,429
324,430
324,431
324,432
324,433
324,434
324,435
324,436
324,437
324,438
324,439
324,440
324,441
324,442
324,443
324,444
324,445
324,446
324,447
324,448
324,449
324,450
324,451
324,452
324,453
324,454
324,455
324,456
324,457
324,458
324,459
324,460
324,461
324,462
324,463
324,464
324,465
324,466
324,467
324,468
324,469
324,470
324,471
324,472
324,473
324,474
324,475
324,476
324,477
324,478
324,479
324,480
324,481
324,482
324,483
324,484
324,485
324,486
324,487
324,488
324,489
324,490
324,491
324,492
324,493
324,494
324,495
324,496
324,497
324,498
324,499
324,500
324,501
324,502
324,503
324,504
324,505
324,506
324,507
324,508
324,509
324,510
324,511
324,512
324,513
324,514
324,515
324,516
324,517
324,518
324,519
324,520
324,521
324,522
324,523
324,524
324,525
324,526
324,527
324,528
324,529
324,530
324,531
324,532
324,533
324,534
324,535
324,536
324,537
324,538
324,539
324,540
324,541
324,542
324,543
324,544
324,545
324,546
324,547
324,548
324,549
324,550
324,551
324,552
324,553
324,554
324,555
324,556
324,557
324,558
324,559
324,560
324,561
324,562
324,563
324,564
324,565
324,566
324,567
324,568
324,569
324,570
324,571
324,572
324,573
324,574
324,575
324,576
324,577
324,578
324,579
324,580
324,581
324,582
324,583
324,584
324,585
324,586
324,587
324,588
324,589
324,590
324,591
324,592
324,593
324,594
324,595
324,596
324,597
324,598
324,599
324,600
324,601
324,602
324,603
324,604
324,605
324,606
324,607
324,608
324,609
324,610
324,611
324,612
324,613
324,614
324,615
324,616
324,617
324,618
324,619
324,620
324,621
324,622
324,623
324,624
324,625
324,626
324,627
324,628
324,629
324,630
324,631
324,632
324,633
324,634
324,635
324,636
324,637
324,638
324,639
324,640
324,641
324,642
324,643
324,644
324,645
:170_0,646
:170_0,647
:170_0,648
:170_0,649
:170_0,650
-196,651
-196,652
-196,653
-196,654
-196,655
-196,656
-196,657
-196,658
-196,659
-196,660
-196,661
-196,662
-196,663
-196,664
-196,665
-196,666
-196,667
-196,668
-196,669
-196,670
-196,671
-196,672
-196,673
-196,674
-196,675
-196,676
-196,677
-196,678
-196,679
-196,680
-196,681
-196,682
-196,683
-196,684
-196,685
-196,686
-196,687
-196,688
-196,689
-196,690
-196,691
-196,692
-196,693
-196,694
-196,695
-196,696
-196,697
-196,698
-196,699
-196,700
-196,701
-196,702
-196,703
-196,704
-196,705
-196,706
-196,707
-196,708
-196,709
-196,710
-196,711
-196,712
-196,713
-196,714
-196,715
-196,716
-196,717
-196,718
-196,719
-196,720
-196,721
-196,722
-196,723
-196,724
-196,725
-196,726
-196,727
-196,728
-196,729
-196,730
-196,731
-196,732
-196,733
-196,734
-196,735
-196,736
-196,737
-196,738
-196,739
-196,740
-196,741
-196,742
-196,743
-196,744
-196,745
-196,746
-196,747
-196,748
-196,749
-196,750
-196,751
-196,752
-196,753
-196,754
-196,755
-196,756
-196,757
-196,758
-196,759
-196,760
-196,761
-196,762
-196,763
-196,764
-196,765
-196,766
-196,767
-196,768
-196,769
-196,770
-196,771
-196,772
-196,773
-196,774
-196,775
-196,776
-196,777
-196,778
-196,779
-196,780
-196,781
-196,782
-196,783
-196,784
-196,785
-196,786
-196,787
-196,788
-196,789
-196,790
-196,791
-196,792
-196,793
-196,794
-196,795
-196,796
-196,797
-196,798
-196,799
-196,800
-196,801
-196,802
-196,803
-196,804
-196,805
-196,806
-196,807
-196,808
-196,809
-196,810
-196,811
-196,812
-196,813
-196,814
-196,815
-196,816
-196,817
-196,818
-196,819
-196,820
-196,821
-196,822
-196,823
-196,824
-196,825
-196,826
-196,827
-196,828
-196,829
-196,830
-196,831
-196,832
-196,833
-196,834
-196,835
-196,836
-196,837
-196,838
-196,839
-196,840
-196,841
-196,842
-196,843
-196,844
-196,845
-196,846
-196,847
-196,848
-196,849
-196,850
-196,851
-196,852
-196,853
-196,854
-196,855
-196,856
-196,857
-196,858
-196,859
-196,860
-196,861
-196,862
-196,863
-196,864
-196,865
-196,866
-196,867
-196,868
-196,869
-196,870
-196,871
-196,872
-196,873
-196,874
-196,875
-196,876
-196,877
-196,878
-196,879
-196,880
-196,881
-196,882
-196,883
-196,884
-196,885
-196,886
-196,887
-196,888
-196,889
-196,890
-196,891
-196,892
-196,893
-196,894
-196,895
-196,896
-196,897
-196,898
-196,899
-196,900
-196,901
-196,902
-196,903
-196,904
-196,905
-196,906
-196,907
-196,908
-196,909
-196,910
-196,911
-196,912
-196,913
-196,914
-196,915
-196,916
-196,917
-196,918
-196,919
-196,920
-196,921
-196,922
-196,923
-196,924
-196,925
-196,926
-196,927
-196,928
-196,929
-196,930
-196,931
-196,932
-196,933
-196,934
-196,935
-196,936
-196,937
-196,938
-196,939
-196,940
-196,941
-196,942
-196,943
-196,944
-196,945
-196,946
-196,947
-196,948
-196,949
-196,950
-196,951
-196,952
-196,953
-196,954
-196,955
-196,956
-196,957
-196,958
-196,959
-196,960
-196,961
-196,962
-196,963
-196,964
-196,965
-196,966
-196,967
-196,968
-196,969
-196,970
-196,971
:35_5,972
:35_5,973
:35_5,974
:35_5,975
:35_5,976
:35_5,977
-29,978
-29,979
-29,980
-29,981
-29,982
-29,983
-29,984
-29,985
-29,986
-29,987
-29,988
-29,989
-29,990
-29,991
-29,992
-29,993
-29,994
-29,995
-29,996
-29,997
-29,998
-29,999
-29,1000
-29,1001
-29,1002
-29,1003
-29,1004
-29,1005
-29,1006
-29,1007
-29,1008
-29,1009
-29,1010
-29,1011
-29,1012
-29,1013
-29,1014
-29,1015
-29,1016
-29,1017
-29,1018
-29,1019
-29,1020
-29,1021
-29,1022
-29,1023
-29,1024
-29,1025
-29,1026
-29,1027
-29,1028
-29,1029
-29,1030
-29,1031
-29,1032
-29,1033
-29,1034
-29,1035
-29,1036
-29,1037
-29,1038
-29,1039
-29,1040
-29,1041
-29,1042
-29,1043
-29,1044
-29,1045
-29,1046
-29,1047
-29,1048
-29,1049
-29,1050
-29,1051
-29,1052
-29,1053
-29,1054
-29,1055
-29,1056
-29,1057
-29,1058
-29,1059
-29,1060
-29,1061
-29,1062
-29,1063
-29,1064
-29,1065
-29,1066
-29,1067
-29,1068
-29,1069
-29,1070
-29,1071
-29,1072
-29,1073
-29,1074
-29,1075
-29,1076
-29,1077
-29,1078
-29,1079
-29,1080
-29,1081
-29,1082
-29,1083
-29,1084
-29,1085
-29,1086
-29,1087
-29,1088
-29,1089
-29,1090
:34_3,1091
:34_3,1092
:34_3,1093
30,1094
30,1095
30,1096
30,1097
30,1098
30,1099
30,1100
30,1101
30,1102
30,1103
30,1104
30,1105
30,1106
30,1107
30,1108
30,1109
30,1110
30,1111
30,1112
30,1113
30,1114
30,1115
30,1116
30,1117
30,1118
30,1119
30,1120
30,1121
30,1122
30,1123
30,1124
30,1125
30,1126
30,1127
30,1128
30,1129
30,1130
30,1131
30,1132
30,1133
30,1134
30,1135
30,1136
30,1137
30,1138
30,1139
30,1140
30,1141
30,1142
30,1143
30,1144
30,1145
30,1146
30,1147
30,1148
30,1149
30,1150
30,1151
30,1152
30,1153
30,1154
30,1155
30,1156
30,1157
30,1158
30,1159
30,1160
30,1161
30,1162
30,1163
30,1164
30,1165
30,1166
30,1167
30,1168
30,1169
30,1170
30,1171
30,1172
30,1173
30,1174
30,1175
30,1176
30,1177
30,1178
30,1179
30,1180
30,1181
30,1182
30,1183
30,1184
30,1185
30,1186
30,1187
30,1188
30,1189
30,1190
30,1191
30,1192
30,1193
:36_3,1194
:36_3,1195
:36_3,1196
:36_3,1197
:36_3,1198
:36_3,1199
-268,1200
-268,1201
-268,1202
-268,1203
-268,1204
-268,1205
-268,1206
-268,1207
-268,1208
-268,1209
-268,1210
-268,1211
-268,1212
-268,1213
-268,1214
-268,1215
-268,1216
-268,1217
-268,1218
-268,1219
-268,1220
-268,1221
-268,1222
-268,1223
-268,1224
-268,1225
-268,1226
-268,1227
-268,1228
-268,1229
-268,1230
-268,1231
-268,1232
-268,1233
-268,1234
-268,1235
-268,1236
-268,1237
-268,1238
-268,1239
-268,1240
-268,1241
-268,1242
-268,1243
-268,1244
-268,1245
-268,1246
-268,1247
-268,1248
-268,1249
-268,1250
-268,1251
-268,1252
-268,1253
-268,1254
-268,1255
-268,1256
-268,1257
-268,1258
-268,1259
-268,1260
-268,1261
-268,1262
-268,1263
-268,1264
-268,1265
-268,1266
-268,1267
-268,1268
-268,1269
-268,1270
-268,1271
-268,1272
-268,1273
-268,1274
-268,1275
-268,1276
-268,1277
-268,1278
-268,1279
-268,1280
-268,1281
-268,1282
:238_9,1283
:238_9,1284
:238_9,1285
:238_9,1286
:238_9,1287
:238_9,1288
-234,1289
-234,1290
-234,1291
-234,1292
-234,1293
-234,1294
-234,1295
-234,1296
-234,1297
-234,1298
-234,1299
-234,1300
-234,1301
-234,1302
-234,1303
-234,1304
-234,1305
-234,1306
-234,1307
-234,1308
-234,1309
-234,1310
-234,1311
-234,1312
-234,1313
-234,1314
-234,1315
-234,1316
-234,1317
-234,1318
-234,1319
-234,1320
-234,1321
-234,1322
-234,1323
-234,1324
-234,1325
-234,1326
-234,1327
-234,1328
-234,1329
-234,1330
-234,1331
-234,1332
-234,1333
-234,1334
-234,1335
-234,1336
-234,1337
-234,1338
-234,1339
-234,1340
-234,1341
-234,1342
-234,1343
-234,1344
-234,1345
-234,1346
-234,1347
-234,1348
-234,1349
-234,1350
-234,1351
-234,1352
-234,1353
-234,1354
-234,1355
-234,1356
-234,1357
-234,1358
-234,1359
-234,1360
-234,1361
-234,1362
-234,1363
-234,1364
-234,1365
-234,1366
-234,1367
-234,1368
-234,1369
-234,1370
-234,1371
-234,1372
-234,1373
-234,1374
-234,1375
-234,1376
-234,1377
-234,1378
-234,1379
-234,1380
-234,1381
-234,1382
-234,1383
-234,1384
-234,1385
-234,1386
-234,1387
-234,1388
-234,1389
-234,1390
-234,1391
-234,1392
-234,1393
-234,1394
-234,1395
-234,1396
-234,1397
-234,1398
-234,1399
-234,1400
-234,1401
-234,1402
-234,1403
-234,1404
-234,1405
-234,1406
-234,1407
-234,1408
-234,1409
-234,1410
-234,1411
-234,1412
-234,1413
-234,1414
-234,1415
-234,1416
-234,1417
-234,1418
-234,1419
-234,1420
-234,1421
-234,1422
-234,1423
-234,1424
-234,1425
-234,1426
-234,1427
-234,1428
-234,1429
-234,1430
-234,1431
-234,1432
-234,1433
-234,1434
-234,1435
-234,1436
-234,1437
-234,1438
-234,1439
-234,1440
-234,1441
-234,1442
-234,1443
-234,1444
-234,1445
-234,1446
-234,1447
-234,1448
-234,1449
-234,1450
-234,1451
-234,1452
-234,1453
-234,1454
-234,1455
-234,1456
-234,1457
-234,1458
-234,1459
-234,1460
-234,1461
-234,1462
-234,1463
-234,1464
-234,1465
-234,1466
-234,1467
-234,1468
-234,1469
-234,1470
-234,1471
-234,1472
-234,1473
-234,1474
-234,1475
-234,1476
-234,1477
-234,1478
-234,1479
-234,1480
-234,1481
-234,1482
-234,1483
-234,1484
-234,1485
-234,1486
-234,1487
-234,1488
-234,1489
-234,1490
-234,1491
-234,1492
-234,1493
-234,1494
-234,1495
-234,1496
-234,1497
-234,1498
-234,1499
-234,1500
-234,1501
-234,1502
-234,1503
-234,1504
-234,1505
-234,1506
-234,1507
-234,1508
-234,1509
-234,1510
