-497,21
-497,22
-497,23
-497,24
-497,25
-497,26
-497,27
-497,28
-497,29
-497,30
-497,31
-497,32
-497,33
-497,34
-497,35
-497,36
-497,37
-497,38
-497,39
-497,40
-497,41
-497,42
-497,43
-497,44
-497,45
-497,46
-497,47
-497,48
-497,49
-497,50
-497,51
-497,52
-497,53
-497,54
-497,55
-497,56
-497,57
-497,58
-497,59
-497,60
-497,61
-497,62
-497,63
-497,64
-497,65
-497,66
-497,67
-497,68
-497,69
-497,70
-497,71
-497,72
-497,73
-497,74
-497,75
-497,76
-497,77
-497,78
-497,79
-497,80
-497,81
-497,82
-497,83
-497,84
-497,85
-497,86
-497,87
-497,88
-497,89
-497,90
-497,91
-497,92
-497,93
-497,94
-497,95
-497,96
-497,97
-497,98
-497,99
-497,100
-497,101
-497,102
:255_6,103
:255_6,104
:255_6,105
:255_6,106
:255_6,107
:255_6,108
498,109
498,110
498,111
498,112
498,113
498,114
498,115
498,116
498,117
498,118
498,119
498,120
498,121
498,122
498,123
498,124
498,125
498,126
498,127
498,128
498,129
498,130
498,131
498,132
498,133
498,134
498,135
498,136
498,137
498,138
498,139
498,140
498,141
498,142
498,143
498,144
498,145
498,146
498,147
498,148
498,149
498,150
498,151
498,152
498,153
498,154
498,155
498,156
498,157
498,158
498,159
498,160
498,161
498,162
498,163
498,164
498,165
498,166
498,167
498,168
498,169
498,170
498,171
498,172
498,173
498,174
498,175
498,176
498,177
498,178
498,179
498,180
498,181
498,182
498,183
498,184
498,185
498,186
498,187
498,188
498,189
498,190
498,191
498,192
498,193
498,194
498,195
498,196
498,197
498,198
498,199
498,200
498,201
498,202
498,203
498,204
:171_0,205
:171_0,206
:171_0,207
155,208
155,209
155,210
155,211
155,212
155,213
155,214
155,215
155,216
155,217
155,218
155,219
155,220
155,221
155,222
155,223
155,224
155,225
155,226
155,227
155,228
155,229
155,230
155,231
155,232
155,233
155,234
155,235
155,236
155,237
155,238
155,239
155,240
155,241
155,242
155,243
155,244
155,245
155,246
155,247
155,248
155,249
155,250
155,251
155,252
155,253
155,254
155,255
155,256
155,257
155,258
155,259
155,260
155,261
155,262
155,263
155,264
155,265
155,266
155,267
155,268
155,269
155,270
155,271
155,272
155,273
155,274
155,275
155,276
155,277
155,278
155,279
155,280
155,281
155,282
155,283
155,284
155,285
155,286
155,287
155,288
155,289
155,290
155,291
155,292
155,293
155,294
155,295
155,296
155,297
155,298
155,299
155,300
155,301
155,302
155,303
155,304
155,305
155,306
155,307
155,308
155,309
155,310
155,311
155,312
:46_9,313
:46_9,314
:46_9,315
:46_9,316
:46_9,317
:46_9,318
158,319
158,320
158,321
158,322
158,323
158,324
158,325
158,326
158,327
158,328
158,329
158,330
158,331
158,332
158,333
158,334
158,335
158,336
158,337
158,338
158,339
158,340
158,341
158,342
158,343
158,344
158,345
158,346
158,347
158,348
158,349
158,350
158,351
158,352
158,353
158,354
158,355
158,356
158,357
158,358
158,359
158,360
158,361
158,362
158,363
158,364
158,365
158,366
158,367
158,368
158,369
158,370
158,371
158,372
158,373
158,374
158,375
158,376
158,377
158,378
158,379
158,380
158,381
158,382
158,383
158,384
158,385
158,386
158,387
158,388
158,389
158,390
158,391
158,392
158,393
158,394
158,395
158,396
158,397
158,398
158,399
158,400
158,401
158,402
158,403
158,404
158,405
158,406
158,407
158,408
158,409
158,410
158,411
158,412
158,413
158,414
158,415
158,416
158,417
158,418
158,419
158,420
158,421
158,422
158,423
158,424
158,425
158,426
158,427
158,428
158,429
158,430
158,431
158,432
158,433
158,434
158,435
158,436
158,437
158,438
158,439
158,440
158,441
158,442
158,443
158,444
158,445
158,446
:57_7,447
:57_7,448
:57_7,449
:57_7,450
:57_7,451
:57_7,452
:57_7,453
-49,454
-49,455
-49,456
-49,457
-49,458
-49,459
-49,460
-49,461
-49,462
-49,463
-49,464
-49,465
-49,466
-49,467
-49,468
-49,469
-49,470
-49,471
-49,472
-49,473
-49,474
-49,475
-49,476
-49,477
-49,478
-49,479
-49,480
-49,481
-49,482
-49,483
-49,484
-49,485
-49,486
-49,487
-49,488
-49,489
-49,490
-49,491
-49,492
-49,493
-49,494
-49,495
-49,496
-49,497
-49,498
-49,499
-49,500
-49,501
-49,502
-49,503
-49,504
-49,505
-49,506
-49,507
-49,508
-49,509
-49,510
-49,511
-49,512
-49,513
-49,514
-49,515
-49,516
-49,517
-49,518
-49,519
-49,520
-49,521
-49,522
-49,523
-49,524
-49,525
-49,526
-49,527
-49,528
-49,529
-49,530
-49,531
-49,532
-49,533
-49,534
-49,535
-49,536
-49,537
-49,538
-49,539
-49,540
-49,541
-49,542
-49,543
-49,544
-49,545
-49,546
-49,547
-49,548
-49,549
-49,550
-49,551
-49,552
-49,553
-49,554
-49,555
-49,556
-49,557
-49,558
-49,559
-49,560
-49,561
-49,562
-49,563
-49,564
-49,565
-49,566
-49,567
-49,568
-49,569
-49,570
-49,571
-49,572
-49,573
-49,574
-49,575
-49,576
-49,577
-49,578
-49,579
-49,580
-49,581
-49,582
-49,583
-49,584
-49,585
-49,586
-49,587
-49,588
-49,589
-49,590
-49,591
-49,592
-49,593
-49,594
-49,595
-49,596
-49,597
-49,598
-49,599
-49,600
-49,601
-49,602
-49,603
-49,604
-49,605
-49,606
-49,607
-49,608
-49,609
-49,610
-49,611
-49,612
-49,613
-49,614
-49,615
-49,616
-49,617
-49,618
-49,619
-49,620
-49,621
-49,622
-49,623
-49,624
-49,625
-49,626
-49,627
-49,628
-49,629
-49,630
-49,631
-49,632
-49,633
-49,634
-49,635
-49,636
-49,637
-49,638
-49,639
-49,640
-49,641
-49,642
-49,643
-49,644
-49,645
-49,646
-49,647
-49,648
-49,649
-49,650
-49,651
-49,652
-49,653
-49,654
-49,655
-49,656
-49,657
-49,658
-49,659
-49,660
-49,661
-49,662
-49,663
-49,664
-49,665
-49,666
-49,667
-49,668
-49,669
-49,670
-49,671
-49,672
-49,673
-49,674
-49,675
-49,676
-49,677
-49,678
-49,679
-49,680
-49,681
-49,682
-49,683
-49,684
-49,685
-49,686
-49,687
-49,688
-49,689
-49,690
-49,691
-49,692
-49,693
-49,694
-49,695
-49,696
-49,697
-49,698
-49,699
-49,700
-49,701
-49,702
:5_15,703
:5_15,704
:5_15,705
:5_15,706
:5_15,707
:5_15,708
:5_15,709
:5_15,710
:5_15,711
-4,712
-4,713
-4,714
-4,715
-4,716
-4,717
-4,718
-4,719
-4,720
-4,721
-4,722
-4,723
-4,724
-4,725
-4,726
-4,727
-4,728
-4,729
-4,730
-4,731
-4,732
-4,733
-4,734
-4,735
-4,736
-4,737
-4,738
-4,739
-4,740
-4,741
-4,742
-4,743
-4,744
-4,745
-4,746
-4,747
-4,748
-4,749
-4,750
-4,751
-4,752
-4,753
-4,754
-4,755
-4,756
-4,757
-4,758
-4,759
-4,760
-4,761
-4,762
-4,763
-4,764
-4,765
-4,766
-4,767
-4,768
-4,769
-4,770
-4,771
-4,772
-4,773
-4,774
-4,775
-4,776
-4,777
-4,778
-4,779
-4,780
-4,781
-4,782
-4,783
-4,784
-4,785
-4,786
-4,787
-4,788
-4,789
-4,790
-4,791
-4,792
-4,793
-4,794
-4,795
-4,796
-4,797
-4,798
-4,799
-4,800
-4,801
-4,802
-4,803
-4,804
-4,805
-4,806
-4,807
-4,808
-4,809
-4,810
-4,811
-4,812
-4,813
-4,814
-4,815
-4,816
-4,817
-4,818
-4,819
-4,820
-4,821
-4,822
-4,823
-4,824
-4,825
-4,826
-4,827
-4,828
-4,829
-4,830
-4,831
-4,832
-4,833
-4,834
-4,835
-4,836
-4,837
-4,838
-4,839
-4,840
-4,841
-4,842
-4,843
-4,844
-4,845
-4,846
-4,847
-4,848
-4,849
-4,850
-4,851
-4,852
-4,853
-4,854
-4,855
-4,856
-4,857
-4,858
-4,859
-4,860
-4,861
-4,862
-4,863
-4,864
-4,865
-4,866
-4,867
-4,868
-4,869
-4,870
-4,871
-4,872
-4,873
-4,874
-4,875
-4,876
-4,877
-4,878
-4,879
-4,880
-4,881
-4,882
-4,883
-4,884
-4,885
-4,886
-4,887
-4,888
-4,889
-4,890
-4,891
-4,892
-4,893
-4,894
-4,895
-4,896
-4,897
-4,898
-4,899
-4,900
-4,901
-4,902
-4,903
-4,904
-4,905
-4,906
-4,907
-4,908
-4,909
-4,910
-4,911
-4,912
-4,913
-4,914
-4,915
-4,916
-4,917
-4,918
-4,919
-4,920
-4,921
-4,922
-4,923
-4,924
-4,925
-4,926
-4,927
-4,928
-4,929
-4,930
-4,931
-4,932
-4,933
-4,934
-4,935
-4,936
-4,937
-4,938
-4,939
-4,940
-4,941
-4,942
-4,943
-4,944
-4,945
-4,946
-4,947
-4,948
-4,949
-4,950
-4,951
-4,952
-4,953
-4,954
-4,955
-4,956
-4,957
-4,958
-4,959
-4,960
-4,961
-4,962
-4,963
-4,964
-4,965
-4,966
-4,967
-4,968
-4,969
-4,970
-4,971
-4,972
-4,973
-4,974
-4,975
-4,976
-4,977
-4,978
-4,979
-4,980
-4,981
-4,982
-4,983
-4,984
-4,985
-4,986
-4,987
-4,988
-4,989
-4,990
-4,991
-4,992
-4,993
-4,994
-4,995
-4,996
-4,997
-4,998
-4,999
-4,1000
-4,1001
-4,1002
-4,1003
-4,1004
-4,1005
-4,1006
-4,1007
-4,1008
-4,1009
-4,1010
-4,1011
-4,1012
-4,1013
-4,1014
-4,1015
-4,1016
-4,1017
-4,1018
-4,1019
-4,1020
-4,1021
-4,1022
-4,1023
-4,1024
-4,1025
-4,1026
-4,1027
-4,1028
-4,1029
-4,1030
-4,1031
-4,1032
-4,1033
-4,1034
-4,1035
-4,1036
-4,1037
-4,1038
-4,1039
-4,1040
-4,1041
-4,1042
-4,1043
-4,1044
-4,1045
-4,1046
-4,1047
-4,1048
-4,1049
-4,1050
-4,1051
-4,1052
-4,1053
-4,1054
-4,1055
-4,1056
-4,1057
-4,1058
-4,1059
-4,1060
-4,1061
-4,1062
-4,1063
-4,1064
-4,1065
-4,1066
-4,1067
-4,1068
-4,1069
-4,1070
-4,1071
-4,1072
-4,1073
-4,1074
-4,1075
-4,1076
-4,1077
-4,1078
-4,1079
-4,1080
-4,1081
-4,1082
-4,1083
-4,1084
-4,1085
-4,1086
-4,1087
-4,1088
-4,1089
-4,1090
-4,1091
-4,1092
-4,1093
-4,1094
-4,1095
-4,1096
-4,1097
-4,1098
-4,1099
-4,1100
-4,1101
-4,1102
-4,1103
-4,1104
-4,1105
-4,1106
-4,1107
-4,1108
-4,1109
-4,1110
-4,1111
-4,1112
-4,1113
-4,1114
-4,1115
-4,1116
-4,1117
-4,1118
-4,1119
-4,1120
-4,1121
-4,1122
-4,1123
-4,1124
-4,1125
-4,1126
-4,1127
-4,1128
-4,1129
-4,1130
-4,1131
:0_9,1132
:0_9,1133
:0_9,1134
:0_9,1135
:0_9,1136
:0_9,1137
:0_9,1138
0,1139
0,1140
0,1141
0,1142
0,1143
0,1144
0,1145
0,1146
0,1147
0,1148
0,1149
0,1150
0,1151
0,1152
0,1153
0,1154
0,1155
0,1156
0,1157
0,1158
0,1159
0,1160
0,1161
0,1162
0,1163
0,1164
0,1165
0,1166
0,1167
0,1168
0,1169
0,1170
0,1171
0,1172
0,1173
0,1174
0,1175
0,1176
0,1177
0,1178
0,1179
0,1180
0,1181
0,1182
0,1183
0,1184
0,1185
0,1186
0,1187
0,1188
0,1189
0,1190
0,1191
0,1192
0,1193
0,1194
0,1195
0,1196
0,1197
0,1198
0,1199
0,1200
0,1201
0,1202
0,1203
0,1204
0,1205
0,1206
0,1207
0,1208
0,1209
0,1210
0,1211
0,1212
0,1213
0,1214
0,1215
0,1216
0,1217
0,1218
0,1219
0,1220
0,1221
0,1222
0,1223
0,1224
0,1225
0,1226
0,1227
0,1228
0,1229
0,1230
0,1231
0,1232
0,1233
0,1234
0,1235
0,1236
0,1237
0,1238
0,1239
0,1240
0,1241
0,1242
0,1243
0,1244
0,1245
0,1246
0,1247
0,1248
0,1249
0,1250
0,1251
0,1252
0,1253
0,1254
0,1255
0,1256
0,1257
0,1258
0,1259
0,1260
0,1261
0,1262
0,1263
0,1264
0,1265
0,1266
0,1267
0,1268
0,1269
0,1270
0,1271
0,1272
0,1273
0,1274
0,1275
0,1276
0,1277
0,1278
0,1279
:1_7,1280
:1_7,1281
:1_7,1282
:1_7,1283
:1_7,1284
:1_7,1285
1,1286
1,1287
1,1288
1,1289
1,1290
1,1291
1,1292
1,1293
1,1294
1,1295
1,1296
1,1297
1,1298
1,1299
1,1300
1,1301
1,1302
1,1303
1,1304
1,1305
1,1306
1,1307
1,1308
1,1309
1,1310
1,1311
1,1312
1,1313
1,1314
1,1315
1,1316
1,1317
1,1318
1,1319
1,1320
1,1321
1,1322
1,1323
1,1324
:2_3,1325
:2_3,1326
:2_3,1327
:2_3,1328
:2_3,1329
:2_3,1330
2,1331
2,1332
2,1333
2,1334
2,1335
2,1336
2,1337
2,1338
2,1339
2,1340
2,1341
2,1342
2,1343
2,1344
2,1345
2,1346
2,1347
2,1348
2,1349
2,1350
2,1351
2,1352
2,1353
2,1354
2,1355
2,1356
2,1357
2,1358
2,1359
2,1360
2,1361
2,1362
2,1363
2,1364
2,1365
2,1366
2,1367
2,1368
2,1369
2,1370
2,1371
2,1372
2,1373
2,1374
2,1375
2,1376
2,1377
2,1378
2,1379
2,1380
2,1381
2,1382
2,1383
2,1384
2,1385
2,1386
2,1387
2,1388
2,1389
2,1390
2,1391
2,1392
2,1393
2,1394
2,1395
2,1396
2,1397
2,1398
2,1399
2,1400
2,1401
2,1402
2,1403
2,1404
2,1405
2,1406
2,1407
2,1408
2,1409
2,1410
2,1411
2,1412
2,1413
2,1414
2,1415
2,1416
2,1417
2,1418
2,1419
2,1420
2,1421
2,1422
2,1423
2,1424
2,1425
2,1426
2,1427
2,1428
2,1429
2,1430
2,1431
2,1432
2,1433
2,1434
2,1435
2,1436
2,1437
2,1438
2,1439
2,1440
2,1441
2,1442
2,1443
2,1444
2,1445
2,1446
2,1447
2,1448
:3_7,1449
:3_7,1450
:3_7,1451
:3_7,1452
:3_7,1453
:3_7,1454
-102,1455
-102,1456
-102,1457
-102,1458
-102,1459
-102,1460
-102,1461
-102,1462
-102,1463
-102,1464
-102,1465
-102,1466
-102,1467
-102,1468
-102,1469
-102,1470
-102,1471
-102,1472
-102,1473
-102,1474
-102,1475
-102,1476
-102,1477
-102,1478
-102,1479
-102,1480
-102,1481
-102,1482
-102,1483
-102,1484
-102,1485
-102,1486
-102,1487
-102,1488
-102,1489
-102,1490
-102,1491
-102,1492
-102,1493
-102,1494
-102,1495
-102,1496
-102,1497
-102,1498
-102,1499
-102,1500
-102,1501
-102,1502
-102,1503
-102,1504
-102,1505
-102,1506
-102,1507
-102,1508
-102,1509
-102,1510
-102,1511
-102,1512
-102,1513
-102,1514
-102,1515
-102,1516
-102,1517
-102,1518
-102,1519
-102,1520
-102,1521
-102,1522
-102,1523
-102,1524
-102,1525
-102,1526
-102,1527
-102,1528
-102,1529
-102,1530
-102,1531
-102,1532
-102,1533
-102,1534
-102,1535
-102,1536
-102,1537
-102,1538
-102,1539
-102,1540
-102,1541
-102,1542
-102,1543
-102,1544
-102,1545
-102,1546
-102,1547
-102,1548
-102,1549
-102,1550
-102,1551
-102,1552
-102,1553
-102,1554
-102,1555
-102,1556
-102,1557
-102,1558
-102,1559
-102,1560
-102,1561
-102,1562
-102,1563
-102,1564
-102,1565
-102,1566
-102,1567
-102,1568
-102,1569
-102,1570
-102,1571
-102,1572
-102,1573
-102,1574
-102,1575
-102,1576
-102,1577
-102,1578
-102,1579
-102,1580
-102,1581
-102,1582
-102,1583
-102,1584
-102,1585
-102,1586
-102,1587
-102,1588
-102,1589
-102,1590
-102,1591
-102,1592
-102,1593
-102,1594
-102,1595
-102,1596
-102,1597
-102,1598
-102,1599
-102,1600
-102,1601
-102,1602
-102,1603
-102,1604
-102,1605
-102,1606
-102,1607
-102,1608
-102,1609
-102,1610
-102,1611
-102,1612
-102,1613
-102,1614
-102,1615
-102,1616
-102,1617
-102,1618
-102,1619
-102,1620
-102,1621
-102,1622
-102,1623
-102,1624
-102,1625
-102,1626
-102,1627
-102,1628
-102,1629
-102,1630
-102,1631
-102,1632
-102,1633
-102,1634
-102,1635
-102,1636
-102,1637
-102,1638
-102,1639
-102,1640
-102,1641
-102,1642
-102,1643
-102,1644
-102,1645
-102,1646
-102,1647
-102,1648
-102,1649
-102,1650
-102,1651
-102,1652
-102,1653
-102,1654
-102,1655
-102,1656
-102,1657
-102,1658
-102,1659
-102,1660
-102,1661
:115_7,1662
:115_7,1663
:115_7,1664
:115_7,1665
:115_7,1666
:115_7,1667
99,1668
99,1669
99,1670
99,1671
99,1672
99,1673
99,1674
99,1675
99,1676
99,1677
99,1678
99,1679
99,1680
99,1681
99,1682
99,1683
99,1684
99,1685
99,1686
99,1687
99,1688
99,1689
99,1690
99,1691
99,1692
99,1693
99,1694
99,1695
99,1696
99,1697
99,1698
99,1699
99,1700
99,1701
99,1702
99,1703
99,1704
99,1705
99,1706
99,1707
99,1708
99,1709
99,1710
99,1711
99,1712
99,1713
99,1714
99,1715
99,1716
99,1717
99,1718
99,1719
99,1720
99,1721
99,1722
99,1723
99,1724
99,1725
99,1726
99,1727
99,1728
99,1729
99,1730
99,1731
99,1732
99,1733
99,1734
99,1735
99,1736
99,1737
99,1738
99,1739
99,1740
99,1741
99,1742
99,1743
99,1744
99,1745
99,1746
99,1747
99,1748
99,1749
99,1750
99,1751
99,1752
99,1753
99,1754
99,1755
99,1756
99,1757
99,1758
99,1759
99,1760
99,1761
99,1762
99,1763
99,1764
99,1765
99,1766
99,1767
99,1768
99,1769
99,1770
99,1771
99,1772
99,1773
99,1774
99,1775
99,1776
99,1777
99,1778
99,1779
99,1780
99,1781
99,1782
99,1783
99,1784
99,1785
99,1786
99,1787
99,1788
99,1789
99,1790
99,1791
99,1792
99,1793
99,1794
99,1795
99,1796
99,1797
99,1798
99,1799
99,1800
99,1801
99,1802
99,1803
99,1804
99,1805
99,1806
99,1807
99,1808
99,1809
99,1810
99,1811
99,1812
99,1813
99,1814
99,1815
99,1816
99,1817
99,1818
99,1819
99,1820
99,1821
99,1822
99,1823
99,1824
99,1825
99,1826
99,1827
99,1828
99,1829
99,1830
99,1831
99,1832
:116_7,1833
:116_7,1834
:116_7,1835
:116_7,1836
:116_7,1837
:116_7,1838
100,1839
100,1840
100,1841
100,1842
100,1843
100,1844
100,1845
100,1846
100,1847
100,1848
100,1849
100,1850
100,1851
100,1852
100,1853
100,1854
100,1855
100,1856
100,1857
100,1858
100,1859
100,1860
100,1861
100,1862
100,1863
100,1864
100,1865
100,1866
100,1867
100,1868
100,1869
100,1870
100,1871
100,1872
100,1873
100,1874
100,1875
100,1876
100,1877
100,1878
100,1879
100,1880
100,1881
100,1882
100,1883
100,1884
100,1885
100,1886
100,1887
100,1888
100,1889
100,1890
100,1891
100,1892
100,1893
100,1894
100,1895
100,1896
100,1897
100,1898
100,1899
100,1900
100,1901
100,1902
100,1903
100,1904
100,1905
100,1906
100,1907
100,1908
100,1909
100,1910
100,1911
100,1912
100,1913
100,1914
100,1915
100,1916
100,1917
100,1918
100,1919
100,1920
100,1921
100,1922
100,1923
100,1924
100,1925
100,1926
100,1927
100,1928
100,1929
100,1930
100,1931
100,1932
100,1933
100,1934
100,1935
100,1936
100,1937
100,1938
100,1939
100,1940
100,1941
100,1942
100,1943
100,1944
100,1945
100,1946
100,1947
100,1948
100,1949
100,1950
100,1951
100,1952
100,1953
100,1954
100,1955
100,1956
100,1957
100,1958
100,1959
100,1960
100,1961
100,1962
100,1963
100,1964
100,1965
100,1966
100,1967
100,1968
100,1969
100,1970
100,1971
100,1972
100,1973
100,1974
100,1975
100,1976
100,1977
100,1978
100,1979
100,1980
100,1981
100,1982
100,1983
100,1984
100,1985
100,1986
100,1987
100,1988
100,1989
100,1990
100,1991
100,1992
100,1993
100,1994
100,1995
100,1996
100,1997
100,1998
100,1999
100,2000
