-93,1
-93,2
-93,3
-93,4
-93,5
-93,6
-93,7
-93,8
-93,9
-93,10
-93,11
-93,12
-93,13
-93,14
-93,15
-93,16
-93,17
-93,18
-93,19
-93,20
-93,21
-93,22
-93,23
-93,24
-93,25
-93,26
-93,27
-93,28
-93,29
-93,30
-93,31
-93,32
-93,33
-93,34
-93,35
-93,36
-93,37
-93,38
-93,39
-93,40
-93,41
-93,42
-93,43
-93,44
-93,45
-93,46
-93,47
-93,48
-93,49
-93,50
-93,51
-93,52
-93,53
-93,54
-93,55
-93,56
-93,57
-93,58
-93,59
-93,60
-93,61
-93,62
-93,63
-93,64
-93,65
-93,66
-93,67
-93,68
-93,69
-93,70
-93,71
-93,72
-93,73
-93,74
-93,75
-93,76
-93,77
-93,78
-93,79
-93,80
-93,81
-93,82
-93,83
-93,84
-93,85
-93,86
-93,87
-93,88
-93,89
-93,90
-93,91
-93,92
-93,93
-93,94
-93,95
-93,96
-93,97
-93,98
-93,99
-93,100
-93,101
-93,102
-93,103
-93,104
-93,105
-93,106
-93,107
-93,108
-93,109
-93,110
-93,111
-93,112
-93,113
-93,114
-93,115
-93,116
-93,117
-93,118
-93,119
-93,120
-93,121
-93,122
-93,123
-93,124
-93,125
-93,126
-93,127
-93,128
-93,129
-93,130
-93,131
-93,132
-93,133
-93,134
-93,135
-93,136
-93,137
-93,138
-93,139
-93,140
-93,141
-93,142
-93,143
-93,144
-93,145
-93,146
-93,147
-93,148
-93,149
-93,150
-93,151
-93,152
-93,153
-93,154
-93,155
-93,156
-93,157
-93,158
-93,159
-93,160
-93,161
:105_0,162
:105_0,163
:105_0,164
:105_0,165
:105_0,166
:105_0,167
:105_0,168
:105_0,169
:105_0,170
:105_0,171
:105_0,172
:105_0,173
:105_0,174
-89,175
-89,176
-89,177
-89,178
-89,179
-89,180
-89,181
-89,182
-89,183
-89,184
-89,185
-89,186
-89,187
-89,188
-89,189
-89,190
-89,191
-89,192
-89,193
-89,194
-89,195
-89,196
-89,197
-89,198
-89,199
-89,200
-89,201
-89,202
-89,203
-89,204
-89,205
-89,206
-89,207
-89,208
-89,209
-89,210
-89,211
-89,212
-89,213
-89,214
-89,215
-89,216
-89,217
-89,218
-89,219
-89,220
-89,221
-89,222
-89,223
-89,224
-89,225
-89,226
-89,227
-89,228
-89,229
-89,230
-89,231
-89,232
-89,233
-89,234
-89,235
-89,236
-89,237
-89,238
-89,239
-89,240
-89,241
-89,242
-89,243
-89,244
-89,245
-89,246
-89,247
-89,248
-89,249
-89,250
-89,251
-89,252
-89,253
-89,254
-89,255
-89,256
-89,257
-89,258
-89,259
-89,260
-89,261
-89,262
-89,263
-89,264
-89,265
-89,266
-89,267
-89,268
-89,269
:104_5,270
:104_5,271
:104_5,272
:104_5,273
:104_5,274
:104_5,275
90,276
90,277
90,278
90,279
90,280
90,281
90,282
90,283
90,284
90,285
90,286
90,287
90,288
90,289
90,290
90,291
90,292
90,293
90,294
90,295
90,296
90,297
90,298
90,299
90,300
90,301
90,302
90,303
90,304
90,305
90,306
90,307
90,308
90,309
90,310
90,311
90,312
90,313
90,314
90,315
90,316
90,317
90,318
90,319
90,320
90,321
90,322
90,323
90,324
90,325
90,326
90,327
90,328
90,329
90,330
90,331
90,332
90,333
90,334
90,335
90,336
90,337
90,338
90,339
90,340
90,341
90,342
90,343
90,344
90,345
90,346
90,347
90,348
90,349
90,350
90,351
90,352
90,353
90,354
90,355
90,356
90,357
90,358
90,359
90,360
90,361
90,362
90,363
90,364
90,365
90,366
90,367
90,368
90,369
90,370
90,371
90,372
90,373
90,374
90,375
90,376
90,377
90,378
90,379
90,380
90,381
90,382
90,383
90,384
90,385
90,386
90,387
90,388
90,389
90,390
90,391
90,392
90,393
90,394
90,395
90,396
90,397
90,398
90,399
90,400
90,401
90,402
90,403
90,404
90,405
90,406
90,407
90,408
90,409
90,410
90,411
90,412
90,413
90,414
90,415
90,416
90,417
90,418
90,419
90,420
90,421
90,422
90,423
90,424
90,425
90,426
90,427
90,428
90,429
90,430
90,431
90,432
90,433
90,434
90,435
90,436
90,437
90,438
90,439
90,440
90,441
90,442
90,443
90,444
90,445
90,446
90,447
90,448
90,449
90,450
90,451
90,452
:106_0,453
:106_0,454
:106_0,455
:106_0,456
:106_0,457
:106_0,458
-325,459
-325,460
-325,461
-325,462
-325,463
-325,464
-325,465
-325,466
-325,467
-325,468
-325,469
-325,470
-325,471
-325,472
-325,473
-325,474
-325,475
-325,476
-325,477
-325,478
-325,479
-325,480
-325,481
-325,482
-325,483
-325,484
-325,485
-325,486
-325,487
-325,488
-325,489
-325,490
-325,491
-325,492
-325,493
-325,494
-325,495
-325,496
-325,497
-325,498
-325,499
-325,500
-325,501
-325,502
-325,503
-325,504
-325,505
-325,506
-325,507
-325,508
-325,509
-325,510
-325,511
-325,512
-325,513
-325,514
-325,515
-325,516
-325,517
-325,518
-325,519
-325,520
-325,521
-325,522
-325,523
-325,524
-325,525
-325,526
-325,527
-325,528
-325,529
-325,530
-325,531
-325,532
-325,533
-325,534
-325,535
-325,536
-325,537
-325,538
-325,539
-325,540
-325,541
-325,542
-325,543
-325,544
-325,545
-325,546
-325,547
-325,548
-325,549
-325,550
-325,551
-325,552
-325,553
-325,554
-325,555
-325,556
-325,557
-325,558
-325,559
-325,560
-325,561
-325,562
-325,563
:246_1,564
:246_1,565
:246_1,566
:246_1,567
:246_1,568
:246_1,569
:246_1,570
-245,571
-245,572
-245,573
-245,574
-245,575
-245,576
-245,577
-245,578
-245,579
-245,580
-245,581
-245,582
-245,583
-245,584
-245,585
-245,586
-245,587
-245,588
-245,589
-245,590
-245,591
-245,592
-245,593
-245,594
-245,595
-245,596
-245,597
-245,598
-245,599
-245,600
-245,601
-245,602
-245,603
-245,604
-245,605
-245,606
-245,607
-245,608
-245,609
-245,610
-245,611
-245,612
-245,613
-245,614
-245,615
-245,616
-245,617
-245,618
-245,619
-245,620
-245,621
-245,622
-245,623
-245,624
-245,625
-245,626
-245,627
:215_5,628
:215_5,629
:215_5,630
:215_5,631
:215_5,632
:215_5,633
-244,634
-244,635
-244,636
-244,637
-244,638
-244,639
-244,640
-244,641
-244,642
-244,643
-244,644
-244,645
-244,646
-244,647
-244,648
-244,649
-244,650
-244,651
-244,652
-244,653
-244,654
-244,655
-244,656
-244,657
-244,658
-244,659
-244,660
-244,661
-244,662
-244,663
-244,664
-244,665
-244,666
-244,667
-244,668
-244,669
-244,670
-244,671
-244,672
-244,673
-244,674
-244,675
-244,676
-244,677
-244,678
-244,679
-244,680
-244,681
-244,682
-244,683
-244,684
-244,685
-244,686
-244,687
-244,688
-244,689
-244,690
-244,691
-244,692
-244,693
-244,694
-244,695
-244,696
-244,697
-244,698
-244,699
-244,700
-244,701
-244,702
-244,703
-244,704
-244,705
-244,706
-244,707
-244,708
-244,709
-244,710
-244,711
-244,712
-244,713
-244,714
-244,715
-244,716
-244,717
-244,718
-244,719
-244,720
-244,721
-244,722
-244,723
-244,724
-244,725
-244,726
-244,727
-244,728
-244,729
-244,730
-244,731
-244,732
-244,733
-244,734
-244,735
-244,736
-244,737
-244,738
-244,739
-244,740
-244,741
-244,742
-244,743
-244,744
-244,745
-244,746
-244,747
-244,748
-244,749
-244,750
-244,751
-244,752
-244,753
-244,754
-244,755
-244,756
-244,757
-244,758
-244,759
-244,760
-244,761
-244,762
-244,763
-244,764
-244,765
-244,766
-244,767
-244,768
-244,769
-244,770
-244,771
-244,772
-244,773
-244,774
-244,775
-244,776
-244,777
-244,778
-244,779
-244,780
-244,781
-244,782
-244,783
-244,784
-244,785
-244,786
-244,787
-244,788
-244,789
-244,790
-244,791
-244,792
-244,793
-244,794
-244,795
-244,796
-244,797
-244,798
-244,799
-244,800
-244,801
-244,802
-244,803
-244,804
-244,805
-244,806
-244,807
-244,808
-244,809
-244,810
-244,811
-244,812
-244,813
-244,814
-244,815
-244,816
-244,817
-244,818
-244,819
-244,820
-244,821
:179_5,822
:179_5,823
:179_5,824
:179_5,825
:179_5,826
:179_5,827
-243,828
-243,829
-243,830
-243,831
-243,832
-243,833
-243,834
-243,835
-243,836
-243,837
-243,838
-243,839
-243,840
-243,841
-243,842
-243,843
-243,844
-243,845
-243,846
-243,847
-243,848
-243,849
-243,850
-243,851
-243,852
-243,853
-243,854
-243,855
-243,856
-243,857
-243,858
-243,859
-243,860
-243,861
-243,862
-243,863
-243,864
-243,865
-243,866
-243,867
-243,868
-243,869
-243,870
-243,871
-243,872
-243,873
-243,874
-243,875
-243,876
-243,877
-243,878
-243,879
-243,880
-243,881
-243,882
-243,883
-243,884
-243,885
-243,886
-243,887
-243,888
-243,889
-243,890
-243,891
-243,892
-243,893
-243,894
-243,895
-243,896
-243,897
-243,898
-243,899
-243,900
-243,901
-243,902
-243,903
-243,904
-243,905
-243,906
-243,907
-243,908
:245_1,909
:245_1,910
:245_1,911
:245_1,912
:245_1,913
:245_1,914
-242,915
-242,916
-242,917
-242,918
-242,919
-242,920
-242,921
-242,922
-242,923
-242,924
-242,925
-242,926
-242,927
-242,928
-242,929
-242,930
-242,931
-242,932
-242,933
-242,934
-242,935
-242,936
-242,937
-242,938
-242,939
-242,940
-242,941
-242,942
-242,943
-242,944
-242,945
-242,946
-242,947
-242,948
-242,949
-242,950
-242,951
-242,952
-242,953
-242,954
-242,955
-242,956
-242,957
-242,958
-242,959
-242,960
-242,961
-242,962
-242,963
-242,964
-242,965
-242,966
-242,967
-242,968
-242,969
-242,970
-242,971
-242,972
-242,973
-242,974
-242,975
-242,976
-242,977
-242,978
-242,979
-242,980
-242,981
-242,982
-242,983
-242,984
-242,985
-242,986
-242,987
-242,988
-242,989
-242,990
-242,991
-242,992
-242,993
-242,994
-242,995
-242,996
-242,997
-242,998
-242,999
-242,1000
-242,1001
-242,1002
-242,1003
-242,1004
-242,1005
-242,1006
-242,1007
-242,1008
-242,1009
-242,1010
-242,1011
-242,1012
-242,1013
-242,1014
-242,1015
-242,1016
-242,1017
-242,1018
-242,1019
-242,1020
-242,1021
-242,1022
-242,1023
-242,1024
-242,1025
-242,1026
-242,1027
:244_5,1028
:244_5,1029
:244_5,1030
:244_5,1031
:244_5,1032
:244_5,1033
437,1034
437,1035
437,1036
437,1037
437,1038
437,1039
437,1040
437,1041
437,1042
437,1043
437,1044
437,1045
437,1046
437,1047
437,1048
437,1049
437,1050
437,1051
437,1052
437,1053
437,1054
437,1055
437,1056
437,1057
437,1058
437,1059
437,1060
437,1061
437,1062
437,1063
437,1064
437,1065
437,1066
437,1067
437,1068
437,1069
437,1070
437,1071
437,1072
437,1073
437,1074
437,1075
437,1076
437,1077
437,1078
437,1079
437,1080
437,1081
437,1082
437,1083
437,1084
437,1085
437,1086
437,1087
437,1088
437,1089
437,1090
437,1091
437,1092
437,1093
437,1094
437,1095
437,1096
437,1097
437,1098
437,1099
437,1100
437,1101
437,1102
437,1103
437,1104
437,1105
437,1106
437,1107
437,1108
437,1109
437,1110
437,1111
437,1112
437,1113
437,1114
437,1115
437,1116
437,1117
437,1118
437,1119
437,1120
437,1121
437,1122
437,1123
437,1124
437,1125
437,1126
437,1127
437,1128
437,1129
437,1130
437,1131
437,1132
437,1133
437,1134
437,1135
437,1136
437,1137
437,1138
437,1139
437,1140
437,1141
437,1142
437,1143
437,1144
437,1145
437,1146
437,1147
437,1148
437,1149
437,1150
437,1151
437,1152
437,1153
437,1154
437,1155
437,1156
437,1157
437,1158
437,1159
437,1160
437,1161
437,1162
437,1163
437,1164
437,1165
437,1166
437,1167
437,1168
437,1169
437,1170
437,1171
437,1172
437,1173
437,1174
437,1175
437,1176
437,1177
437,1178
437,1179
437,1180
437,1181
437,1182
437,1183
437,1184
437,1185
437,1186
437,1187
437,1188
437,1189
437,1190
437,1191
437,1192
437,1193
437,1194
437,1195
437,1196
437,1197
437,1198
437,1199
437,1200
437,1201
437,1202
437,1203
437,1204
437,1205
437,1206
437,1207
437,1208
437,1209
437,1210
437,1211
437,1212
437,1213
437,1214
437,1215
437,1216
437,1217
437,1218
437,1219
437,1220
437,1221
437,1222
437,1223
437,1224
437,1225
437,1226
437,1227
437,1228
437,1229
437,1230
437,1231
437,1232
437,1233
437,1234
437,1235
437,1236
437,1237
437,1238
437,1239
437,1240
437,1241
437,1242
437,1243
437,1244
437,1245
437,1246
437,1247
437,1248
437,1249
437,1250
437,1251
437,1252
437,1253
437,1254
437,1255
437,1256
437,1257
437,1258
437,1259
437,1260
437,1261
437,1262
437,1263
437,1264
437,1265
437,1266
437,1267
437,1268
437,1269
437,1270
437,1271
437,1272
437,1273
437,1274
437,1275
437,1276
437,1277
437,1278
437,1279
437,1280
437,1281
437,1282
437,1283
437,1284
437,1285
437,1286
437,1287
437,1288
437,1289
437,1290
437,1291
437,1292
:381_5,1293
:381_5,1294
:381_5,1295
:381_5,1296
:381_5,1297
438,1298
438,1299
438,1300
438,1301
438,1302
438,1303
438,1304
438,1305
438,1306
438,1307
438,1308
438,1309
438,1310
438,1311
438,1312
438,1313
438,1314
438,1315
438,1316
438,1317
438,1318
438,1319
438,1320
438,1321
438,1322
438,1323
438,1324
438,1325
438,1326
438,1327
438,1328
438,1329
438,1330
438,1331
438,1332
438,1333
438,1334
438,1335
438,1336
438,1337
438,1338
438,1339
438,1340
438,1341
438,1342
438,1343
438,1344
438,1345
438,1346
438,1347
438,1348
438,1349
438,1350
438,1351
438,1352
438,1353
438,1354
438,1355
438,1356
438,1357
438,1358
438,1359
438,1360
438,1361
438,1362
438,1363
438,1364
438,1365
438,1366
438,1367
438,1368
438,1369
438,1370
438,1371
438,1372
438,1373
438,1374
438,1375
438,1376
438,1377
438,1378
438,1379
438,1380
438,1381
438,1382
438,1383
438,1384
438,1385
438,1386
438,1387
438,1388
438,1389
438,1390
438,1391
438,1392
438,1393
438,1394
438,1395
438,1396
438,1397
438,1398
438,1399
438,1400
438,1401
438,1402
438,1403
438,1404
438,1405
438,1406
438,1407
438,1408
438,1409
438,1410
438,1411
438,1412
438,1413
438,1414
438,1415
438,1416
438,1417
438,1418
438,1419
438,1420
438,1421
438,1422
438,1423
438,1424
438,1425
438,1426
438,1427
438,1428
438,1429
438,1430
438,1431
438,1432
438,1433
438,1434
438,1435
438,1436
:75_5,1437
:75_5,1438
:75_5,1439
:75_5,1440
:75_5,1441
:75_5,1442
-65,1443
-65,1444
-65,1445
-65,1446
-65,1447
-65,1448
-65,1449
-65,1450
-65,1451
-65,1452
-65,1453
-65,1454
-65,1455
-65,1456
-65,1457
-65,1458
-65,1459
-65,1460
-65,1461
-65,1462
-65,1463
-65,1464
-65,1465
-65,1466
-65,1467
-65,1468
-65,1469
-65,1470
-65,1471
-65,1472
-65,1473
-65,1474
-65,1475
-65,1476
-65,1477
-65,1478
-65,1479
-65,1480
-65,1481
-65,1482
-65,1483
-65,1484
-65,1485
-65,1486
-65,1487
-65,1488
-65,1489
-65,1490
-65,1491
-65,1492
-65,1493
-65,1494
-65,1495
-65,1496
-65,1497
-65,1498
-65,1499
-65,1500
-65,1501
-65,1502
-65,1503
-65,1504
-65,1505
-65,1506
-65,1507
-65,1508
-65,1509
-65,1510
-65,1511
-65,1512
-65,1513
-65,1514
-65,1515
-65,1516
-65,1517
-65,1518
-65,1519
-65,1520
-65,1521
-65,1522
-65,1523
-65,1524
-65,1525
-65,1526
-65,1527
-65,1528
-65,1529
-65,1530
-65,1531
-65,1532
-65,1533
-65,1534
-65,1535
-65,1536
-65,1537
-65,1538
-65,1539
-65,1540
-65,1541
-65,1542
-65,1543
-65,1544
-65,1545
-65,1546
-65,1547
-65,1548
-65,1549
-65,1550
-65,1551
-65,1552
-65,1553
-65,1554
-65,1555
-65,1556
-65,1557
-65,1558
-65,1559
-65,1560
-65,1561
-65,1562
-65,1563
-65,1564
-65,1565
-65,1566
-65,1567
-65,1568
-65,1569
-65,1570
-65,1571
-65,1572
-65,1573
-65,1574
-65,1575
-65,1576
-65,1577
-65,1578
-65,1579
-65,1580
-65,1581
-65,1582
-65,1583
-65,1584
:74_6,1585
:74_6,1586
:74_6,1587
:74_16,1588
:74_16,1589
:74_16,1590
67,1591
67,1592
67,1593
67,1594
67,1595
67,1596
67,1597
67,1598
67,1599
67,1600
67,1601
67,1602
67,1603
67,1604
67,1605
67,1606
67,1607
67,1608
67,1609
67,1610
67,1611
67,1612
67,1613
67,1614
67,1615
67,1616
67,1617
67,1618
67,1619
67,1620
67,1621
67,1622
67,1623
67,1624
67,1625
67,1626
67,1627
67,1628
67,1629
67,1630
67,1631
67,1632
67,1633
67,1634
67,1635
67,1636
67,1637
67,1638
67,1639
67,1640
67,1641
67,1642
67,1643
67,1644
67,1645
67,1646
67,1647
67,1648
67,1649
67,1650
67,1651
67,1652
67,1653
67,1654
67,1655
67,1656
67,1657
67,1658
67,1659
67,1660
67,1661
67,1662
67,1663
67,1664
67,1665
67,1666
67,1667
67,1668
67,1669
67,1670
67,1671
67,1672
67,1673
67,1674
67,1675
67,1676
67,1677
67,1678
67,1679
67,1680
67,1681
67,1682
67,1683
67,1684
67,1685
67,1686
67,1687
67,1688
67,1689
67,1690
67,1691
67,1692
67,1693
67,1694
67,1695
67,1696
67,1697
67,1698
67,1699
67,1700
67,1701
67,1702
67,1703
67,1704
67,1705
67,1706
67,1707
67,1708
67,1709
67,1710
67,1711
67,1712
67,1713
67,1714
67,1715
67,1716
67,1717
67,1718
67,1719
67,1720
67,1721
67,1722
67,1723
67,1724
67,1725
67,1726
67,1727
67,1728
67,1729
67,1730
67,1731
67,1732
67,1733
67,1734
:77_6,1735
:77_6,1736
:77_6,1737
:77_6,1738
:77_6,1739
:77_6,1740
-121,1741
-121,1742
-121,1743
-121,1744
-121,1745
-121,1746
-121,1747
-121,1748
-121,1749
-121,1750
-121,1751
-121,1752
-121,1753
-121,1754
-121,1755
-121,1756
-121,1757
-121,1758
-121,1759
-121,1760
-121,1761
-121,1762
-121,1763
-121,1764
-121,1765
-121,1766
-121,1767
-121,1768
-121,1769
-121,1770
-121,1771
-121,1772
-121,1773
-121,1774
-121,1775
-121,1776
-121,1777
-121,1778
-121,1779
-121,1780
-121,1781
-121,1782
-121,1783
-121,1784
-121,1785
-121,1786
-121,1787
-121,1788
-121,1789
-121,1790
-121,1791
-121,1792
-121,1793
-121,1794
-121,1795
-121,1796
-121,1797
-121,1798
-121,1799
-121,1800
-121,1801
-121,1802
-121,1803
-121,1804
-121,1805
-121,1806
-121,1807
-121,1808
-121,1809
-121,1810
-121,1811
-121,1812
-121,1813
-121,1814
-121,1815
-121,1816
-121,1817
-121,1818
-121,1819
-121,1820
-121,1821
-121,1822
-121,1823
-121,1824
-121,1825
-121,1826
-121,1827
:137_0,1828
:137_0,1829
:137_0,1830
:137_0,1831
:137_0,1832
:137_0,1833
122,1834
122,1835
122,1836
122,1837
122,1838
122,1839
122,1840
122,1841
122,1842
122,1843
122,1844
122,1845
122,1846
122,1847
122,1848
122,1849
122,1850
122,1851
122,1852
122,1853
122,1854
122,1855
122,1856
122,1857
122,1858
122,1859
122,1860
122,1861
122,1862
122,1863
122,1864
122,1865
122,1866
122,1867
122,1868
122,1869
122,1870
122,1871
122,1872
122,1873
122,1874
122,1875
122,1876
122,1877
122,1878
122,1879
122,1880
122,1881
122,1882
122,1883
122,1884
122,1885
122,1886
122,1887
122,1888
122,1889
122,1890
122,1891
122,1892
122,1893
122,1894
122,1895
122,1896
122,1897
122,1898
122,1899
122,1900
122,1901
122,1902
122,1903
122,1904
122,1905
122,1906
122,1907
122,1908
122,1909
122,1910
122,1911
122,1912
122,1913
122,1914
122,1915
122,1916
122,1917
122,1918
122,1919
122,1920
122,1921
122,1922
122,1923
122,1924
122,1925
122,1926
122,1927
122,1928
122,1929
122,1930
122,1931
:60_6,1932
:60_6,1933
:60_6,1934
:60_6,1935
:60_6,1936
:60_6,1937
-52,1938
-52,1939
-52,1940
-52,1941
-52,1942
-52,1943
-52,1944
-52,1945
-52,1946
-52,1947
-52,1948
-52,1949
-52,1950
-52,1951
-52,1952
-52,1953
-52,1954
-52,1955
-52,1956
-52,1957
-52,1958
-52,1959
-52,1960
-52,1961
-52,1962
-52,1963
-52,1964
-52,1965
-52,1966
-52,1967
-52,1968
-52,1969
-52,1970
-52,1971
-52,1972
-52,1973
-52,1974
-52,1975
-52,1976
-52,1977
-52,1978
-52,1979
-52,1980
-52,1981
-52,1982
-52,1983
-52,1984
-52,1985
-52,1986
-52,1987
-52,1988
-52,1989
-52,1990
-52,1991
-52,1992
-52,1993
-52,1994
-52,1995
-52,1996
-52,1997
-52,1998
-52,1999
-52,2000
