-555,1
-555,2
-555,3
-555,4
-555,5
-555,6
-555,7
-555,8
-555,9
-555,10
-555,11
-555,12
-555,13
-555,14
-555,15
-555,16
-555,17
-555,18
-555,19
-555,20
-555,21
-555,22
-555,23
-555,24
-555,25
-555,26
-555,27
-555,28
-555,29
-555,30
-555,31
-555,32
-555,33
-555,34
-555,35
-555,36
-555,37
-555,38
-555,39
-555,40
-555,41
-555,42
-555,43
-555,44
-555,45
-555,46
-555,47
-555,48
-555,49
-555,50
-555,51
-555,52
-555,53
-555,54
-555,55
-555,56
-555,57
-555,58
-555,59
-555,60
-555,61
-555,62
-555,63
-555,64
-555,65
-555,66
-555,67
-555,68
-555,69
-555,70
-555,71
:335_4,72
:335_4,73
:335_4,74
554,75
554,76
554,77
554,78
554,79
554,80
554,81
554,82
554,83
554,84
554,85
554,86
554,87
554,88
554,89
554,90
554,91
554,92
554,93
554,94
554,95
554,96
554,97
554,98
554,99
554,100
554,101
554,102
554,103
554,104
554,105
554,106
554,107
554,108
554,109
554,110
554,111
554,112
554,113
554,114
554,115
554,116
554,117
554,118
554,119
554,120
554,121
554,122
554,123
554,124
554,125
554,126
554,127
554,128
554,129
554,130
554,131
554,132
554,133
554,134
554,135
554,136
554,137
554,138
554,139
554,140
554,141
554,142
554,143
554,144
554,145
554,146
554,147
554,148
554,149
554,150
554,151
554,152
554,153
554,154
554,155
554,156
554,157
554,158
554,159
554,160
554,161
554,162
554,163
554,164
554,165
554,166
554,167
554,168
554,169
554,170
554,171
554,172
554,173
554,174
554,175
554,176
554,177
554,178
554,179
554,180
554,181
554,182
554,183
554,184
554,185
554,186
554,187
554,188
554,189
554,190
554,191
554,192
554,193
554,194
554,195
554,196
554,197
554,198
554,199
554,200
554,201
554,202
554,203
554,204
:164_6,205
:164_6,206
:164_6,207
149,208
149,209
149,210
149,211
149,212
149,213
149,214
149,215
149,216
149,217
149,218
149,219
149,220
149,221
149,222
149,223
149,224
149,225
149,226
149,227
149,228
149,229
149,230
149,231
149,232
149,233
149,234
149,235
149,236
149,237
149,238
149,239
149,240
149,241
149,242
149,243
149,244
149,245
149,246
149,247
149,248
149,249
149,250
149,251
149,252
149,253
149,254
149,255
149,256
149,257
149,258
149,259
149,260
149,261
149,262
149,263
149,264
149,265
149,266
149,267
149,268
149,269
149,270
149,271
149,272
149,273
149,274
149,275
149,276
149,277
149,278
149,279
149,280
149,281
149,282
149,283
149,284
149,285
149,286
149,287
149,288
149,289
149,290
149,291
149,292
149,293
149,294
149,295
149,296
149,297
149,298
149,299
149,300
149,301
149,302
149,303
149,304
149,305
149,306
149,307
149,308
149,309
149,310
149,311
149,312
149,313
149,314
149,315
149,316
149,317
149,318
149,319
149,320
149,321
149,322
149,323
149,324
149,325
149,326
149,327
149,328
149,329
149,330
149,331
149,332
149,333
149,334
149,335
149,336
149,337
149,338
149,339
149,340
149,341
149,342
149,343
149,344
149,345
149,346
149,347
149,348
149,349
149,350
149,351
149,352
149,353
149,354
149,355
149,356
149,357
149,358
149,359
149,360
149,361
149,362
149,363
149,364
149,365
149,366
149,367
149,368
149,369
149,370
:63_2,371
:63_2,372
:63_16,373
:63_16,374
:63_16,375
:63_16,376
159,377
159,378
159,379
159,380
159,381
159,382
159,383
159,384
159,385
159,386
159,387
159,388
159,389
159,390
159,391
159,392
159,393
159,394
159,395
159,396
159,397
159,398
159,399
159,400
159,401
159,402
159,403
159,404
159,405
159,406
159,407
159,408
159,409
159,410
159,411
159,412
159,413
159,414
159,415
159,416
159,417
159,418
159,419
159,420
159,421
159,422
159,423
159,424
159,425
159,426
159,427
159,428
159,429
159,430
159,431
159,432
159,433
159,434
159,435
159,436
159,437
159,438
159,439
159,440
159,441
159,442
159,443
159,444
159,445
159,446
159,447
159,448
159,449
159,450
159,451
159,452
159,453
159,454
159,455
159,456
159,457
159,458
159,459
159,460
159,461
159,462
159,463
159,464
159,465
159,466
159,467
159,468
159,469
159,470
159,471
159,472
159,473
159,474
159,475
159,476
159,477
159,478
159,479
159,480
:102_7,481
:102_7,482
:102_7,483
:102_7,484
:102_7,485
:102_7,486
-87,487
-87,488
-87,489
-87,490
-87,491
-87,492
-87,493
-87,494
-87,495
-87,496
-87,497
-87,498
-87,499
-87,500
-87,501
-87,502
-87,503
-87,504
-87,505
-87,506
-87,507
-87,508
-87,509
-87,510
-87,511
-87,512
-87,513
-87,514
-87,515
-87,516
-87,517
-87,518
-87,519
-87,520
-87,521
-87,522
-87,523
-87,524
-87,525
-87,526
-87,527
-87,528
-87,529
-87,530
-87,531
-87,532
-87,533
-87,534
-87,535
-87,536
-87,537
-87,538
-87,539
-87,540
-87,541
-87,542
-87,543
-87,544
-87,545
-87,546
-87,547
-87,548
-87,549
-87,550
-87,551
-87,552
-87,553
-87,554
-87,555
-87,556
-87,557
-87,558
-87,559
-87,560
-87,561
-87,562
-87,563
-87,564
-87,565
-87,566
-87,567
-87,568
-87,569
-87,570
-87,571
-87,572
-87,573
-87,574
-87,575
-87,576
-87,577
-87,578
-87,579
-87,580
-87,581
-87,582
-87,583
-87,584
-87,585
-87,586
-87,587
-87,588
-87,589
-87,590
-87,591
-87,592
-87,593
-87,594
-87,595
-87,596
-87,597
-87,598
-87,599
-87,600
-87,601
-87,602
-87,603
-87,604
-87,605
-87,606
-87,607
-87,608
-87,609
-87,610
-87,611
-87,612
-87,613
-87,614
-87,615
-87,616
-87,617
-87,618
-87,619
-87,620
-87,621
-87,622
-87,623
-87,624
-87,625
-87,626
-87,627
-87,628
-87,629
-87,630
-87,631
-87,632
-87,633
-87,634
-87,635
-87,636
-87,637
-87,638
-87,639
-87,640
-87,641
-87,642
-87,643
-87,644
-87,645
-87,646
-87,647
-87,648
-87,649
-87,650
-87,651
-87,652
-87,653
-87,654
-87,655
-87,656
-87,657
-87,658
-87,659
-87,660
-87,661
:27_9,662
:27_9,663
:27_9,664
:27_9,665
:27_9,666
:27_9,667
-23,668
-23,669
-23,670
-23,671
-23,672
-23,673
-23,674
-23,675
-23,676
-23,677
-23,678
-23,679
-23,680
-23,681
-23,682
-23,683
-23,684
-23,685
-23,686
-23,687
-23,688
-23,689
-23,690
-23,691
-23,692
-23,693
-23,694
-23,695
-23,696
-23,697
-23,698
-23,699
-23,700
-23,701
-23,702
-23,703
-23,704
-23,705
-23,706
-23,707
-23,708
-23,709
-23,710
-23,711
-23,712
-23,713
-23,714
-23,715
-23,716
-23,717
-23,718
-23,719
-23,720
-23,721
-23,722
-23,723
-23,724
-23,725
-23,726
-23,727
-23,728
-23,729
-23,730
-23,731
-23,732
-23,733
-23,734
-23,735
-23,736
-23,737
-23,738
-23,739
-23,740
-23,741
-23,742
-23,743
-23,744
-23,745
-23,746
-23,747
-23,748
-23,749
-23,750
-23,751
-23,752
-23,753
-23,754
-23,755
-23,756
-23,757
-23,758
-23,759
-23,760
-23,761
-23,762
-23,763
-23,764
-23,765
-23,766
-23,767
-23,768
-23,769
-23,770
-23,771
-23,772
-23,773
-23,774
-23,775
-23,776
-23,777
-23,778
-23,779
-23,780
-23,781
-23,782
-23,783
-23,784
-23,785
-23,786
-23,787
-23,788
-23,789
-23,790
-23,791
-23,792
-23,793
-23,794
-23,795
-23,796
-23,797
-23,798
-23,799
-23,800
-23,801
-23,802
-23,803
-23,804
-23,805
-23,806
-23,807
-23,808
-23,809
-23,810
-23,811
-23,812
-23,813
-23,814
-23,815
-23,816
-23,817
-23,818
-23,819
-23,820
-23,821
-23,822
-23,823
-23,824
-23,825
-23,826
-23,827
-23,828
-23,829
-23,830
-23,831
-23,832
-23,833
-23,834
-23,835
-23,836
-23,837
-23,838
-23,839
-23,840
-23,841
-23,842
-23,843
-23,844
-23,845
-23,846
-23,847
-23,848
-23,849
-23,850
-23,851
-23,852
-23,853
-23,854
-23,855
-23,856
-23,857
-23,858
-23,859
-23,860
:22_9,861
:22_9,862
:22_9,863
:22_9,864
:22_9,865
:22_9,866
19,867
19,868
19,869
19,870
19,871
19,872
19,873
19,874
19,875
19,876
19,877
19,878
19,879
19,880
19,881
19,882
19,883
19,884
19,885
19,886
19,887
19,888
19,889
19,890
19,891
19,892
19,893
19,894
19,895
19,896
19,897
19,898
19,899
19,900
19,901
19,902
19,903
19,904
19,905
19,906
19,907
19,908
19,909
19,910
19,911
19,912
19,913
19,914
19,915
19,916
19,917
19,918
19,919
19,920
19,921
19,922
19,923
19,924
19,925
19,926
19,927
19,928
19,929
19,930
19,931
19,932
19,933
19,934
19,935
19,936
19,937
19,938
19,939
19,940
19,941
19,942
19,943
19,944
19,945
19,946
19,947
19,948
19,949
19,950
19,951
19,952
19,953
19,954
19,955
19,956
19,957
19,958
19,959
19,960
19,961
19,962
19,963
19,964
19,965
19,966
19,967
19,968
19,969
:23_6,970
:23_6,971
:23_6,972
:23_6,973
:23_6,974
:23_6,975
:23_6,976
20,977
20,978
20,979
20,980
20,981
20,982
20,983
20,984
20,985
20,986
20,987
20,988
20,989
20,990
20,991
20,992
20,993
20,994
20,995
20,996
20,997
20,998
20,999
20,1000
20,1001
20,1002
20,1003
20,1004
20,1005
20,1006
20,1007
20,1008
20,1009
20,1010
20,1011
20,1012
20,1013
20,1014
20,1015
20,1016
20,1017
20,1018
20,1019
20,1020
20,1021
20,1022
20,1023
20,1024
20,1025
20,1026
20,1027
20,1028
20,1029
20,1030
20,1031
20,1032
20,1033
20,1034
20,1035
20,1036
20,1037
20,1038
20,1039
20,1040
20,1041
20,1042
20,1043
20,1044
20,1045
20,1046
20,1047
20,1048
20,1049
20,1050
20,1051
20,1052
20,1053
20,1054
20,1055
20,1056
20,1057
20,1058
20,1059
20,1060
20,1061
20,1062
20,1063
20,1064
20,1065
20,1066
20,1067
20,1068
20,1069
20,1070
20,1071
20,1072
20,1073
20,1074
:24_13,1075
:24_13,1076
:24_13,1077
:24_13,1078
:24_13,1079
:24_13,1080
25,1081
25,1082
25,1083
25,1084
25,1085
25,1086
25,1087
25,1088
25,1089
25,1090
25,1091
25,1092
25,1093
25,1094
25,1095
25,1096
25,1097
25,1098
25,1099
25,1100
25,1101
25,1102
25,1103
25,1104
25,1105
25,1106
25,1107
25,1108
25,1109
25,1110
25,1111
25,1112
25,1113
25,1114
25,1115
25,1116
25,1117
25,1118
25,1119
25,1120
25,1121
25,1122
25,1123
25,1124
25,1125
25,1126
25,1127
25,1128
25,1129
25,1130
25,1131
25,1132
25,1133
25,1134
25,1135
25,1136
25,1137
25,1138
25,1139
25,1140
25,1141
25,1142
25,1143
25,1144
25,1145
25,1146
25,1147
25,1148
25,1149
25,1150
25,1151
25,1152
25,1153
25,1154
25,1155
25,1156
25,1157
25,1158
25,1159
25,1160
25,1161
25,1162
25,1163
25,1164
25,1165
25,1166
25,1167
25,1168
25,1169
25,1170
25,1171
25,1172
25,1173
25,1174
25,1175
25,1176
25,1177
25,1178
25,1179
25,1180
25,1181
25,1182
25,1183
25,1184
25,1185
25,1186
25,1187
25,1188
25,1189
25,1190
25,1191
25,1192
25,1193
25,1194
25,1195
25,1196
25,1197
25,1198
25,1199
25,1200
25,1201
25,1202
25,1203
25,1204
25,1205
25,1206
25,1207
25,1208
25,1209
25,1210
25,1211
25,1212
25,1213
25,1214
25,1215
25,1216
25,1217
25,1218
25,1219
25,1220
25,1221
25,1222
25,1223
25,1224
25,1225
25,1226
25,1227
25,1228
25,1229
25,1230
:29_13,1231
:29_13,1232
:29_13,1233
:29_13,1234
:29_13,1235
:29_13,1236
210,1237
210,1238
210,1239
210,1240
210,1241
210,1242
210,1243
210,1244
210,1245
210,1246
210,1247
210,1248
210,1249
210,1250
210,1251
210,1252
210,1253
210,1254
210,1255
210,1256
210,1257
210,1258
210,1259
210,1260
210,1261
210,1262
210,1263
210,1264
210,1265
210,1266
210,1267
210,1268
210,1269
210,1270
210,1271
210,1272
210,1273
210,1274
210,1275
210,1276
210,1277
210,1278
210,1279
210,1280
210,1281
210,1282
210,1283
210,1284
210,1285
210,1286
210,1287
210,1288
210,1289
210,1290
210,1291
210,1292
210,1293
210,1294
210,1295
210,1296
210,1297
210,1298
210,1299
210,1300
210,1301
210,1302
210,1303
210,1304
210,1305
210,1306
210,1307
210,1308
210,1309
210,1310
210,1311
210,1312
210,1313
210,1314
210,1315
210,1316
210,1317
210,1318
210,1319
210,1320
210,1321
210,1322
210,1323
210,1324
210,1325
210,1326
210,1327
210,1328
210,1329
210,1330
210,1331
210,1332
210,1333
210,1334
210,1335
210,1336
210,1337
210,1338
210,1339
210,1340
:16_6,1341
:16_6,1342
:16_6,1343
:16_6,1344
:16_6,1345
:16_6,1346
-14,1347
-14,1348
-14,1349
-14,1350
-14,1351
-14,1352
-14,1353
-14,1354
-14,1355
-14,1356
-14,1357
-14,1358
-14,1359
-14,1360
-14,1361
-14,1362
-14,1363
-14,1364
-14,1365
-14,1366
-14,1367
-14,1368
-14,1369
-14,1370
-14,1371
-14,1372
-14,1373
-14,1374
-14,1375
-14,1376
-14,1377
-14,1378
-14,1379
-14,1380
-14,1381
-14,1382
-14,1383
-14,1384
-14,1385
-14,1386
-14,1387
-14,1388
-14,1389
-14,1390
-14,1391
-14,1392
-14,1393
-14,1394
-14,1395
-14,1396
-14,1397
-14,1398
-14,1399
-14,1400
-14,1401
-14,1402
-14,1403
-14,1404
-14,1405
-14,1406
-14,1407
-14,1408
-14,1409
-14,1410
-14,1411
-14,1412
-14,1413
-14,1414
-14,1415
-14,1416
-14,1417
-14,1418
-14,1419
-14,1420
-14,1421
-14,1422
-14,1423
-14,1424
-14,1425
-14,1426
-14,1427
-14,1428
-14,1429
-14,1430
-14,1431
-14,1432
-14,1433
-14,1434
-14,1435
-14,1436
-14,1437
-14,1438
-14,1439
-14,1440
-14,1441
-14,1442
-14,1443
-14,1444
-14,1445
-14,1446
-14,1447
-14,1448
-14,1449
-14,1450
-14,1451
-14,1452
-14,1453
-14,1454
-14,1455
-14,1456
-14,1457
-14,1458
-14,1459
-14,1460
-14,1461
-14,1462
-14,1463
:14_1,1464
:14_1,1465
:14_1,1466
13,1467
13,1468
13,1469
13,1470
13,1471
13,1472
13,1473
13,1474
13,1475
13,1476
13,1477
13,1478
13,1479
13,1480
13,1481
13,1482
13,1483
13,1484
13,1485
13,1486
13,1487
13,1488
13,1489
13,1490
13,1491
13,1492
13,1493
13,1494
13,1495
13,1496
13,1497
13,1498
13,1499
13,1500
13,1501
13,1502
13,1503
13,1504
13,1505
13,1506
13,1507
13,1508
13,1509
13,1510
13,1511
13,1512
13,1513
13,1514
13,1515
13,1516
13,1517
13,1518
13,1519
13,1520
13,1521
13,1522
13,1523
13,1524
13,1525
13,1526
13,1527
13,1528
13,1529
13,1530
13,1531
13,1532
13,1533
13,1534
13,1535
13,1536
13,1537
13,1538
13,1539
13,1540
13,1541
13,1542
13,1543
13,1544
13,1545
13,1546
13,1547
13,1548
13,1549
13,1550
13,1551
13,1552
13,1553
13,1554
13,1555
13,1556
13,1557
13,1558
13,1559
13,1560
13,1561
13,1562
13,1563
13,1564
13,1565
13,1566
13,1567
13,1568
13,1569
13,1570
13,1571
:15_3,1572
:15_3,1573
:15_3,1574
:15_3,1575
:15_3,1576
-375,1577
-375,1578
-375,1579
-375,1580
-375,1581
-375,1582
-375,1583
-375,1584
-375,1585
-375,1586
-375,1587
-375,1588
-375,1589
-375,1590
-375,1591
-375,1592
-375,1593
-375,1594
-375,1595
-375,1596
-375,1597
-375,1598
-375,1599
-375,1600
-375,1601
-375,1602
-375,1603
-375,1604
-375,1605
-375,1606
-375,1607
-375,1608
-375,1609
-375,1610
-375,1611
-375,1612
-375,1613
-375,1614
-375,1615
-375,1616
-375,1617
-375,1618
-375,1619
-375,1620
-375,1621
-375,1622
-375,1623
-375,1624
-375,1625
-375,1626
-375,1627
-375,1628
-375,1629
-375,1630
-375,1631
-375,1632
-375,1633
-375,1634
-375,1635
-375,1636
-375,1637
-375,1638
-375,1639
-375,1640
-375,1641
-375,1642
-375,1643
-375,1644
-375,1645
-375,1646
-375,1647
-375,1648
-375,1649
-375,1650
-375,1651
-375,1652
-375,1653
-375,1654
-375,1655
-375,1656
-375,1657
-375,1658
-375,1659
-375,1660
-375,1661
-375,1662
-375,1663
-375,1664
-375,1665
-375,1666
-375,1667
-375,1668
-375,1669
-375,1670
-375,1671
-375,1672
-375,1673
-375,1674
-375,1675
-375,1676
-375,1677
-375,1678
-375,1679
-375,1680
-375,1681
-375,1682
-375,1683
-375,1684
-375,1685
-375,1686
-375,1687
-375,1688
-375,1689
:340_1,1690
-374,1691
-374,1692
-374,1693
-374,1694
-374,1695
-374,1696
-374,1697
-374,1698
-374,1699
-374,1700
-374,1701
-374,1702
-374,1703
-374,1704
-374,1705
-374,1706
-374,1707
-374,1708
-374,1709
-374,1710
-374,1711
-374,1712
-374,1713
-374,1714
-374,1715
-374,1716
-374,1717
-374,1718
-374,1719
-374,1720
-374,1721
-374,1722
-374,1723
-374,1724
-374,1725
-374,1726
-374,1727
-374,1728
-374,1729
-374,1730
-374,1731
-374,1732
-374,1733
-374,1734
-374,1735
-374,1736
-374,1737
-374,1738
-374,1739
-374,1740
-374,1741
-374,1742
-374,1743
-374,1744
-374,1745
-374,1746
-374,1747
-374,1748
-374,1749
-374,1750
-374,1751
-374,1752
-374,1753
-374,1754
-374,1755
-374,1756
-374,1757
-374,1758
-374,1759
-374,1760
-374,1761
-374,1762
-374,1763
-374,1764
-374,1765
-374,1766
-374,1767
-374,1768
-374,1769
-374,1770
:230_9,1771
:230_9,1772
:230_9,1773
:230_9,1774
:230_9,1775
:230_9,1776
-224,1777
-224,1778
-224,1779
-224,1780
-224,1781
-224,1782
-224,1783
-224,1784
-224,1785
-224,1786
-224,1787
-224,1788
-224,1789
-224,1790
-224,1791
-224,1792
-224,1793
-224,1794
-224,1795
-224,1796
-224,1797
-224,1798
-224,1799
-224,1800
-224,1801
-224,1802
-224,1803
-224,1804
-224,1805
-224,1806
-224,1807
-224,1808
-224,1809
-224,1810
-224,1811
-224,1812
-224,1813
-224,1814
-224,1815
-224,1816
-224,1817
-224,1818
-224,1819
-224,1820
-224,1821
-224,1822
-224,1823
-224,1824
-224,1825
-224,1826
-224,1827
-224,1828
-224,1829
-224,1830
-224,1831
-224,1832
-224,1833
-224,1834
-224,1835
-224,1836
-224,1837
-224,1838
-224,1839
-224,1840
-224,1841
-224,1842
-224,1843
-224,1844
-224,1845
-224,1846
-224,1847
-224,1848
-224,1849
-224,1850
-224,1851
-224,1852
-224,1853
-224,1854
-224,1855
-224,1856
-224,1857
-224,1858
-224,1859
-224,1860
-224,1861
-224,1862
-224,1863
-224,1864
-224,1865
-224,1866
-224,1867
-224,1868
:229_6,1869
:229_6,1870
:229_6,1871
:229_6,1872
:229_6,1873
:229_6,1874
-223,1875
-223,1876
-223,1877
-223,1878
-223,1879
-223,1880
-223,1881
-223,1882
-223,1883
-223,1884
-223,1885
-223,1886
-223,1887
-223,1888
-223,1889
-223,1890
-223,1891
-223,1892
-223,1893
-223,1894
-223,1895
-223,1896
-223,1897
-223,1898
-223,1899
-223,1900
-223,1901
-223,1902
-223,1903
-223,1904
-223,1905
-223,1906
-223,1907
-223,1908
-223,1909
-223,1910
-223,1911
-223,1912
-223,1913
-223,1914
-223,1915
-223,1916
-223,1917
-223,1918
-223,1919
-223,1920
-223,1921
-223,1922
-223,1923
-223,1924
-223,1925
-223,1926
-223,1927
-223,1928
-223,1929
-223,1930
-223,1931
-223,1932
-223,1933
-223,1934
-223,1935
-223,1936
-223,1937
-223,1938
-223,1939
-223,1940
-223,1941
-223,1942
-223,1943
-223,1944
-223,1945
-223,1946
-223,1947
-223,1948
-223,1949
-223,1950
-223,1951
-223,1952
-223,1953
-223,1954
-223,1955
-223,1956
-223,1957
-223,1958
-223,1959
-223,1960
-223,1961
-223,1962
-223,1963
-223,1964
-223,1965
-223,1966
-223,1967
-223,1968
-223,1969
-223,1970
-223,1971
-223,1972
:228_6,1973
:228_6,1974
:228_6,1975
:228_6,1976
:228_6,1977
:228_6,1978
-222,1979
-222,1980
-222,1981
-222,1982
-222,1983
-222,1984
-222,1985
-222,1986
-222,1987
-222,1988
-222,1989
-222,1990
-222,1991
-222,1992
-222,1993
-222,1994
-222,1995
-222,1996
-222,1997
-222,1998
-222,1999
-222,2000
