-40,21
-40,22
-40,23
-40,24
-40,25
-40,26
-40,27
-40,28
-40,29
-40,30
-40,31
-40,32
-40,33
-40,34
-40,35
-40,36
-40,37
-40,38
-40,39
-40,40
-40,41
-40,42
-40,43
-40,44
-40,45
-40,46
-40,47
-40,48
-40,49
-40,50
-40,51
-40,52
-40,53
-40,54
-40,55
-40,56
-40,57
-40,58
-40,59
-40,60
-40,61
-40,62
-40,63
-40,64
-40,65
-40,66
-40,67
-40,68
-40,69
-40,70
-40,71
-40,72
-40,73
-40,74
-40,75
-40,76
-40,77
-40,78
-40,79
-40,80
-40,81
-40,82
-40,83
-40,84
-40,85
-40,86
-40,87
-40,88
-40,89
-40,90
-40,91
-40,92
-40,93
-40,94
-40,95
-40,96
-40,97
-40,98
-40,99
-40,100
-40,101
-40,102
-40,103
-40,104
-40,105
-40,106
-40,107
-40,108
-40,109
-40,110
-40,111
-40,112
-40,113
-40,114
-40,115
-40,116
-40,117
-40,118
-40,119
-40,120
-40,121
-40,122
-40,123
-40,124
-40,125
-40,126
-40,127
-40,128
-40,129
-40,130
-40,131
-40,132
-40,133
-40,134
-40,135
-40,136
-40,137
-40,138
-40,139
-40,140
-40,141
-40,142
-40,143
-40,144
-40,145
-40,146
-40,147
-40,148
-40,149
-40,150
-40,151
-40,152
-40,153
-40,154
-40,155
-40,156
-40,157
-40,158
-40,159
-40,160
-40,161
-40,162
-40,163
-40,164
-40,165
-40,166
-40,167
-40,168
-40,169
-40,170
-40,171
-40,172
-40,173
-40,174
-40,175
-40,176
-40,177
-40,178
-40,179
-40,180
-40,181
-40,182
-40,183
-40,184
-40,185
-40,186
-40,187
-40,188
-40,189
-40,190
-40,191
-40,192
-40,193
-40,194
-40,195
-40,196
-40,197
-40,198
-40,199
-40,200
-40,201
-40,202
-40,203
-40,204
-40,205
-40,206
-40,207
-40,208
-40,209
-40,210
-40,211
-40,212
-40,213
-40,214
-40,215
-40,216
-40,217
-40,218
-40,219
-40,220
-40,221
-40,222
-40,223
-40,224
-40,225
-40,226
-40,227
-40,228
-40,229
-40,230
-40,231
-40,232
-40,233
-40,234
-40,235
-40,236
-40,237
-40,238
-40,239
-40,240
-40,241
-40,242
-40,243
-40,244
-40,245
-40,246
-40,247
-40,248
-40,249
-40,250
-40,251
-40,252
-40,253
-40,254
-40,255
-40,256
-40,257
-40,258
-40,259
-40,260
-40,261
-40,262
-40,263
-40,264
-40,265
-40,266
-40,267
-40,268
-40,269
-40,270
-40,271
-40,272
-40,273
-40,274
-40,275
-40,276
-40,277
-40,278
-40,279
-40,280
-40,281
-40,282
-40,283
-40,284
-40,285
-40,286
-40,287
-40,288
-40,289
-40,290
-40,291
-40,292
-40,293
-40,294
-40,295
-40,296
-40,297
-40,298
-40,299
-40,300
-40,301
-40,302
-40,303
-40,304
-40,305
-40,306
-40,307
-40,308
-40,309
-40,310
-40,311
-40,312
-40,313
-40,314
-40,315
-40,316
-40,317
-40,318
-40,319
-40,320
-40,321
-40,322
-40,323
-40,324
-40,325
-40,326
-40,327
-40,328
-40,329
-40,330
-40,331
-40,332
-40,333
-40,334
-40,335
-40,336
-40,337
-40,338
-40,339
-40,340
-40,341
-40,342
-40,343
-40,344
-40,345
-40,346
-40,347
-40,348
-40,349
-40,350
-40,351
-40,352
-40,353
-40,354
-40,355
-40,356
-40,357
-40,358
-40,359
-40,360
-40,361
-40,362
-40,363
-40,364
-40,365
-40,366
-40,367
-40,368
-40,369
-40,370
-40,371
-40,372
-40,373
-40,374
-40,375
-40,376
-40,377
-40,378
-40,379
-40,380
-40,381
-40,382
-40,383
-40,384
-40,385
-40,386
-40,387
-40,388
-40,389
-40,390
-40,391
-40,392
-40,393
-40,394
-40,395
-40,396
-40,397
-40,398
-40,399
-40,400
-40,401
-40,402
-40,403
-40,404
-40,405
-40,406
-40,407
-40,408
-40,409
-40,410
-40,411
-40,412
-40,413
-40,414
-40,415
-40,416
-40,417
-40,418
-40,419
-40,420
-40,421
-40,422
-40,423
-40,424
-40,425
-40,426
-40,427
-40,428
-40,429
-40,430
-40,431
-40,432
-40,433
-40,434
-40,435
-40,436
-40,437
-40,438
-40,439
-40,440
:48_6,441
:48_6,442
:48_16,443
:48_16,444
:48_16,445
:48_16,446
42,447
42,448
42,449
42,450
42,451
42,452
42,453
42,454
42,455
42,456
42,457
42,458
42,459
42,460
42,461
42,462
42,463
42,464
42,465
42,466
42,467
42,468
42,469
42,470
42,471
42,472
42,473
42,474
42,475
42,476
42,477
42,478
42,479
42,480
42,481
42,482
42,483
42,484
42,485
42,486
42,487
42,488
42,489
42,490
42,491
42,492
42,493
42,494
42,495
42,496
42,497
42,498
42,499
42,500
42,501
42,502
42,503
42,504
42,505
42,506
42,507
42,508
42,509
42,510
42,511
42,512
42,513
42,514
42,515
42,516
42,517
42,518
42,519
42,520
42,521
42,522
42,523
42,524
42,525
42,526
42,527
42,528
42,529
42,530
42,531
42,532
42,533
42,534
42,535
42,536
42,537
42,538
42,539
42,540
42,541
42,542
42,543
42,544
42,545
42,546
42,547
42,548
42,549
42,550
42,551
42,552
42,553
42,554
42,555
42,556
42,557
42,558
42,559
42,560
42,561
42,562
42,563
42,564
42,565
42,566
42,567
42,568
42,569
42,570
42,571
42,572
42,573
:44_1,574
:44_1,575
:44_1,576
:44_1,577
:44_1,578
-36,579
-36,580
-36,581
-36,582
-36,583
-36,584
-36,585
-36,586
-36,587
-36,588
-36,589
-36,590
-36,591
-36,592
-36,593
-36,594
-36,595
-36,596
-36,597
-36,598
-36,599
-36,600
-36,601
-36,602
-36,603
-36,604
-36,605
-36,606
-36,607
-36,608
-36,609
-36,610
-36,611
-36,612
-36,613
-36,614
-36,615
-36,616
-36,617
-36,618
-36,619
-36,620
-36,621
-36,622
-36,623
-36,624
-36,625
-36,626
-36,627
-36,628
-36,629
-36,630
-36,631
-36,632
-36,633
-36,634
-36,635
-36,636
-36,637
-36,638
-36,639
-36,640
-36,641
-36,642
-36,643
-36,644
-36,645
-36,646
-36,647
-36,648
-36,649
-36,650
-36,651
-36,652
-36,653
-36,654
-36,655
-36,656
-36,657
-36,658
-36,659
-36,660
-36,661
-36,662
-36,663
-36,664
-36,665
-36,666
-36,667
-36,668
-36,669
-36,670
-36,671
-36,672
-36,673
-36,674
-36,675
-36,676
-36,677
-36,678
-36,679
-36,680
-36,681
-36,682
-36,683
-36,684
-36,685
-36,686
-36,687
-36,688
-36,689
-36,690
-36,691
-36,692
-36,693
-36,694
-36,695
-36,696
-36,697
-36,698
-36,699
-36,700
-36,701
-36,702
-36,703
-36,704
-36,705
-36,706
-36,707
-36,708
-36,709
-36,710
-36,711
-36,712
-36,713
-36,714
-36,715
-36,716
-36,717
-36,718
-36,719
-36,720
-36,721
-36,722
-36,723
-36,724
:43_0,725
:43_0,726
:43_0,727
39,728
39,729
39,730
39,731
39,732
39,733
39,734
39,735
39,736
39,737
39,738
39,739
39,740
39,741
39,742
39,743
39,744
39,745
39,746
39,747
39,748
39,749
39,750
39,751
39,752
39,753
39,754
39,755
39,756
39,757
39,758
39,759
39,760
39,761
39,762
39,763
39,764
39,765
39,766
39,767
39,768
39,769
39,770
39,771
39,772
39,773
39,774
39,775
39,776
39,777
39,778
39,779
39,780
39,781
39,782
39,783
39,784
39,785
39,786
39,787
39,788
39,789
39,790
39,791
39,792
39,793
39,794
39,795
39,796
39,797
39,798
39,799
39,800
39,801
39,802
39,803
39,804
39,805
39,806
39,807
39,808
39,809
39,810
39,811
39,812
39,813
39,814
39,815
39,816
39,817
39,818
39,819
39,820
39,821
39,822
39,823
39,824
39,825
39,826
39,827
39,828
39,829
39,830
39,831
39,832
39,833
39,834
39,835
39,836
39,837
39,838
39,839
39,840
39,841
39,842
39,843
39,844
39,845
39,846
39,847
39,848
39,849
39,850
39,851
39,852
39,853
39,854
39,855
39,856
39,857
39,858
39,859
39,860
39,861
39,862
39,863
39,864
39,865
39,866
39,867
39,868
39,869
39,870
39,871
39,872
39,873
39,874
39,875
39,876
39,877
39,878
39,879
39,880
39,881
39,882
39,883
39,884
39,885
39,886
39,887
39,888
39,889
39,890
39,891
39,892
39,893
39,894
39,895
39,896
39,897
39,898
39,899
39,900
39,901
39,902
39,903
39,904
39,905
39,906
39,907
39,908
39,909
39,910
39,911
39,912
39,913
39,914
39,915
:47_5,916
:47_5,917
:47_5,918
:47_5,919
:47_5,920
:47_5,921
118,922
118,923
118,924
118,925
118,926
118,927
118,928
118,929
118,930
118,931
118,932
118,933
118,934
118,935
118,936
118,937
118,938
118,939
118,940
118,941
118,942
118,943
118,944
118,945
118,946
118,947
118,948
118,949
118,950
118,951
118,952
118,953
118,954
118,955
118,956
118,957
118,958
118,959
118,960
118,961
118,962
118,963
118,964
118,965
118,966
118,967
118,968
118,969
118,970
118,971
118,972
118,973
118,974
118,975
118,976
118,977
118,978
118,979
118,980
118,981
118,982
118,983
118,984
118,985
118,986
118,987
118,988
118,989
118,990
118,991
118,992
118,993
118,994
118,995
118,996
118,997
118,998
118,999
118,1000
118,1001
118,1002
118,1003
118,1004
118,1005
118,1006
118,1007
118,1008
118,1009
118,1010
118,1011
118,1012
118,1013
118,1014
118,1015
118,1016
118,1017
118,1018
118,1019
118,1020
118,1021
118,1022
118,1023
118,1024
118,1025
118,1026
118,1027
118,1028
118,1029
118,1030
118,1031
118,1032
118,1033
118,1034
118,1035
118,1036
118,1037
118,1038
118,1039
118,1040
118,1041
118,1042
118,1043
118,1044
118,1045
118,1046
118,1047
118,1048
118,1049
118,1050
118,1051
118,1052
118,1053
118,1054
118,1055
118,1056
118,1057
118,1058
118,1059
118,1060
118,1061
118,1062
118,1063
118,1064
118,1065
118,1066
118,1067
118,1068
118,1069
118,1070
118,1071
118,1072
118,1073
118,1074
118,1075
118,1076
118,1077
118,1078
118,1079
118,1080
118,1081
118,1082
118,1083
118,1084
118,1085
118,1086
118,1087
118,1088
118,1089
118,1090
118,1091
118,1092
118,1093
118,1094
118,1095
118,1096
118,1097
118,1098
118,1099
118,1100
:135_0,1101
:135_0,1102
:135_0,1103
:135_0,1104
:135_0,1105
144,1106
144,1107
144,1108
144,1109
144,1110
144,1111
144,1112
144,1113
144,1114
144,1115
144,1116
144,1117
144,1118
144,1119
144,1120
144,1121
144,1122
144,1123
144,1124
144,1125
144,1126
144,1127
144,1128
144,1129
144,1130
144,1131
144,1132
144,1133
144,1134
144,1135
144,1136
144,1137
144,1138
144,1139
144,1140
144,1141
144,1142
144,1143
144,1144
144,1145
144,1146
144,1147
144,1148
144,1149
144,1150
144,1151
144,1152
144,1153
144,1154
144,1155
144,1156
144,1157
144,1158
144,1159
144,1160
144,1161
144,1162
144,1163
144,1164
144,1165
144,1166
144,1167
144,1168
144,1169
144,1170
144,1171
144,1172
144,1173
144,1174
144,1175
144,1176
144,1177
144,1178
144,1179
144,1180
144,1181
144,1182
144,1183
144,1184
144,1185
144,1186
144,1187
144,1188
144,1189
144,1190
144,1191
144,1192
144,1193
144,1194
144,1195
144,1196
144,1197
144,1198
144,1199
144,1200
144,1201
144,1202
144,1203
144,1204
144,1205
144,1206
144,1207
144,1208
144,1209
144,1210
144,1211
144,1212
144,1213
144,1214
144,1215
144,1216
144,1217
144,1218
144,1219
144,1220
144,1221
144,1222
144,1223
144,1224
144,1225
144,1226
144,1227
144,1228
144,1229
144,1230
144,1231
144,1232
144,1233
144,1234
144,1235
144,1236
144,1237
144,1238
144,1239
144,1240
144,1241
144,1242
144,1243
144,1244
144,1245
144,1246
144,1247
144,1248
144,1249
144,1250
144,1251
144,1252
144,1253
144,1254
144,1255
144,1256
144,1257
144,1258
144,1259
144,1260
144,1261
144,1262
144,1263
144,1264
144,1265
144,1266
144,1267
144,1268
144,1269
144,1270
144,1271
144,1272
144,1273
144,1274
144,1275
144,1276
144,1277
144,1278
144,1279
144,1280
144,1281
144,1282
144,1283
144,1284
144,1285
144,1286
144,1287
144,1288
144,1289
144,1290
144,1291
144,1292
144,1293
144,1294
144,1295
144,1296
144,1297
144,1298
144,1299
144,1300
144,1301
144,1302
144,1303
144,1304
144,1305
144,1306
144,1307
144,1308
144,1309
144,1310
144,1311
144,1312
144,1313
144,1314
144,1315
144,1316
144,1317
144,1318
144,1319
144,1320
144,1321
144,1322
144,1323
144,1324
144,1325
144,1326
144,1327
144,1328
144,1329
144,1330
144,1331
144,1332
144,1333
144,1334
144,1335
144,1336
144,1337
144,1338
144,1339
144,1340
144,1341
144,1342
144,1343
144,1344
144,1345
144,1346
144,1347
144,1348
144,1349
144,1350
144,1351
144,1352
144,1353
144,1354
144,1355
144,1356
144,1357
144,1358
144,1359
144,1360
144,1361
144,1362
144,1363
144,1364
144,1365
144,1366
144,1367
144,1368
144,1369
144,1370
144,1371
144,1372
144,1373
144,1374
144,1375
144,1376
144,1377
:159_0,1378
:159_0,1379
:159_0,1380
:159_0,1381
:159_0,1382
:159_0,1383
399,1384
399,1385
399,1386
399,1387
399,1388
399,1389
399,1390
399,1391
399,1392
399,1393
399,1394
399,1395
399,1396
399,1397
399,1398
399,1399
399,1400
399,1401
399,1402
399,1403
399,1404
399,1405
399,1406
399,1407
399,1408
399,1409
399,1410
399,1411
399,1412
399,1413
399,1414
399,1415
399,1416
399,1417
399,1418
399,1419
399,1420
399,1421
399,1422
399,1423
399,1424
399,1425
399,1426
399,1427
399,1428
399,1429
399,1430
399,1431
399,1432
399,1433
399,1434
399,1435
399,1436
399,1437
399,1438
399,1439
399,1440
399,1441
399,1442
399,1443
399,1444
399,1445
399,1446
399,1447
399,1448
399,1449
399,1450
399,1451
399,1452
399,1453
399,1454
399,1455
399,1456
399,1457
399,1458
399,1459
399,1460
399,1461
399,1462
399,1463
399,1464
399,1465
399,1466
399,1467
399,1468
399,1469
399,1470
399,1471
399,1472
399,1473
399,1474
399,1475
399,1476
399,1477
399,1478
399,1479
399,1480
399,1481
399,1482
399,1483
399,1484
399,1485
399,1486
399,1487
399,1488
399,1489
399,1490
399,1491
399,1492
399,1493
399,1494
399,1495
399,1496
399,1497
399,1498
399,1499
399,1500
399,1501
399,1502
399,1503
399,1504
399,1505
399,1506
399,1507
399,1508
399,1509
399,1510
399,1511
399,1512
399,1513
399,1514
399,1515
399,1516
399,1517
399,1518
399,1519
399,1520
:169_0,1521
:169_0,1522
:169_0,1523
:169_0,1524
:169_0,1525
:169_0,1526
-153,1527
-153,1528
-153,1529
-153,1530
-153,1531
-153,1532
-153,1533
-153,1534
-153,1535
-153,1536
-153,1537
-153,1538
-153,1539
-153,1540
-153,1541
-153,1542
-153,1543
-153,1544
-153,1545
-153,1546
-153,1547
-153,1548
-153,1549
-153,1550
-153,1551
-153,1552
-153,1553
-153,1554
-153,1555
-153,1556
-153,1557
-153,1558
-153,1559
-153,1560
-153,1561
-153,1562
-153,1563
-153,1564
-153,1565
-153,1566
-153,1567
-153,1568
-153,1569
-153,1570
-153,1571
-153,1572
-153,1573
-153,1574
-153,1575
-153,1576
-153,1577
-153,1578
-153,1579
-153,1580
-153,1581
-153,1582
-153,1583
-153,1584
-153,1585
-153,1586
-153,1587
-153,1588
-153,1589
-153,1590
-153,1591
-153,1592
-153,1593
-153,1594
-153,1595
-153,1596
-153,1597
-153,1598
-153,1599
-153,1600
-153,1601
-153,1602
-153,1603
-153,1604
-153,1605
-153,1606
-153,1607
-153,1608
-153,1609
-153,1610
-153,1611
-153,1612
-153,1613
-153,1614
-153,1615
-153,1616
-153,1617
-153,1618
-153,1619
-153,1620
-153,1621
-153,1622
-153,1623
-153,1624
-153,1625
-153,1626
-153,1627
-153,1628
-153,1629
-153,1630
-153,1631
-153,1632
-153,1633
-153,1634
-153,1635
-153,1636
-153,1637
-153,1638
-153,1639
-153,1640
-153,1641
-153,1642
-153,1643
-153,1644
-153,1645
-153,1646
-153,1647
-153,1648
-153,1649
-153,1650
-153,1651
-153,1652
-153,1653
-153,1654
-153,1655
-153,1656
-153,1657
-153,1658
-153,1659
-153,1660
-153,1661
-153,1662
-153,1663
:166_1,1664
:166_1,1665
:166_1,1666
:166_1,1667
:166_1,1668
:166_1,1669
152,1670
152,1671
152,1672
152,1673
152,1674
152,1675
152,1676
152,1677
152,1678
152,1679
152,1680
152,1681
152,1682
152,1683
152,1684
152,1685
152,1686
152,1687
152,1688
152,1689
152,1690
152,1691
152,1692
152,1693
152,1694
152,1695
152,1696
152,1697
152,1698
152,1699
152,1700
152,1701
152,1702
152,1703
152,1704
152,1705
152,1706
152,1707
152,1708
152,1709
152,1710
152,1711
152,1712
152,1713
152,1714
152,1715
152,1716
152,1717
152,1718
152,1719
152,1720
152,1721
152,1722
152,1723
152,1724
152,1725
152,1726
152,1727
152,1728
152,1729
152,1730
152,1731
152,1732
152,1733
152,1734
152,1735
152,1736
152,1737
152,1738
152,1739
152,1740
152,1741
152,1742
152,1743
152,1744
152,1745
152,1746
152,1747
152,1748
152,1749
152,1750
152,1751
152,1752
152,1753
152,1754
152,1755
152,1756
152,1757
152,1758
152,1759
152,1760
152,1761
152,1762
152,1763
152,1764
152,1765
152,1766
152,1767
152,1768
152,1769
152,1770
152,1771
152,1772
152,1773
152,1774
152,1775
152,1776
152,1777
152,1778
152,1779
152,1780
152,1781
152,1782
152,1783
152,1784
152,1785
152,1786
152,1787
152,1788
152,1789
152,1790
152,1791
152,1792
152,1793
152,1794
152,1795
152,1796
152,1797
152,1798
152,1799
152,1800
152,1801
152,1802
152,1803
152,1804
152,1805
152,1806
152,1807
152,1808
152,1809
152,1810
152,1811
152,1812
152,1813
152,1814
152,1815
152,1816
152,1817
152,1818
152,1819
152,1820
152,1821
152,1822
152,1823
152,1824
152,1825
152,1826
152,1827
152,1828
152,1829
152,1830
152,1831
152,1832
152,1833
152,1834
152,1835
:168_5,1836
:168_5,1837
:168_5,1838
:168_5,1839
:168_5,1840
:168_5,1841
202,1842
202,1843
202,1844
202,1845
202,1846
202,1847
202,1848
202,1849
202,1850
202,1851
202,1852
202,1853
202,1854
202,1855
202,1856
202,1857
202,1858
202,1859
202,1860
202,1861
202,1862
202,1863
202,1864
202,1865
202,1866
202,1867
202,1868
202,1869
202,1870
202,1871
202,1872
202,1873
202,1874
202,1875
202,1876
202,1877
202,1878
202,1879
202,1880
202,1881
202,1882
202,1883
202,1884
202,1885
202,1886
202,1887
202,1888
202,1889
202,1890
202,1891
202,1892
202,1893
202,1894
202,1895
202,1896
202,1897
202,1898
202,1899
202,1900
202,1901
202,1902
202,1903
202,1904
202,1905
202,1906
202,1907
202,1908
202,1909
202,1910
202,1911
202,1912
202,1913
202,1914
202,1915
202,1916
202,1917
202,1918
202,1919
202,1920
202,1921
202,1922
202,1923
202,1924
202,1925
202,1926
202,1927
202,1928
202,1929
202,1930
202,1931
202,1932
202,1933
202,1934
202,1935
202,1936
202,1937
202,1938
202,1939
202,1940
202,1941
202,1942
202,1943
202,1944
202,1945
202,1946
202,1947
202,1948
202,1949
202,1950
202,1951
202,1952
202,1953
202,1954
202,1955
202,1956
202,1957
202,1958
202,1959
202,1960
202,1961
202,1962
202,1963
202,1964
202,1965
202,1966
202,1967
202,1968
-251,1969
-251,1970
-251,1971
-251,1972
-251,1973
-251,1974
-251,1975
-251,1976
-251,1977
-251,1978
-251,1979
-251,1980
-251,1981
-251,1982
-251,1983
-251,1984
-251,1985
-251,1986
-251,1987
-251,1988
-251,1989
-251,1990
-251,1991
-251,1992
-251,1993
-251,1994
-251,1995
-251,1996
-251,1997
-251,1998
-251,1999
-251,2000
