562,1
562,2
562,3
562,4
562,5
562,6
562,7
562,8
562,9
562,10
562,11
562,12
562,13
562,14
562,15
562,16
562,17
562,18
562,19
562,20
562,21
562,22
562,23
562,24
562,25
562,26
562,27
562,28
562,29
562,30
562,31
562,32
562,33
562,34
562,35
562,36
562,37
562,38
562,39
562,40
562,41
562,42
562,43
562,44
562,45
562,46
562,47
562,48
562,49
562,50
562,51
562,52
562,53
562,54
562,55
562,56
562,57
562,58
562,59
562,60
562,61
562,62
562,63
562,64
562,65
562,66
562,67
562,68
562,69
562,70
562,71
562,72
562,73
562,74
562,75
562,76
562,77
562,78
562,79
562,80
562,81
562,82
562,83
562,84
562,85
562,86
562,87
562,88
562,89
562,90
562,91
562,92
562,93
562,94
562,95
562,96
562,97
562,98
562,99
562,100
562,101
562,102
562,103
562,104
562,105
562,106
562,107
562,108
562,109
562,110
562,111
562,112
562,113
:287_9,114
:287_9,115
:287_9,116
:287_9,117
:287_9,118
599,119
599,120
599,121
599,122
599,123
599,124
599,125
599,126
599,127
599,128
599,129
599,130
599,131
599,132
599,133
599,134
599,135
599,136
599,137
599,138
599,139
599,140
599,141
599,142
599,143
599,144
599,145
599,146
599,147
599,148
599,149
599,150
599,151
599,152
599,153
599,154
599,155
599,156
599,157
599,158
599,159
599,160
599,161
599,162
599,163
599,164
599,165
599,166
599,167
599,168
599,169
599,170
599,171
599,172
599,173
599,174
599,175
599,176
599,177
599,178
599,179
599,180
599,181
599,182
599,183
599,184
599,185
599,186
599,187
599,188
599,189
599,190
599,191
599,192
:404_3,193
:404_3,194
:404_3,195
:404_3,196
647,197
647,198
647,199
647,200
647,201
647,202
647,203
647,204
647,205
647,206
647,207
647,208
647,209
647,210
647,211
647,212
647,213
647,214
647,215
647,216
647,217
647,218
647,219
647,220
647,221
647,222
647,223
647,224
647,225
647,226
647,227
647,228
647,229
647,230
647,231
647,232
647,233
647,234
647,235
647,236
647,237
647,238
647,239
647,240
647,241
647,242
647,243
647,244
647,245
647,246
647,247
647,248
647,249
647,250
647,251
647,252
647,253
647,254
647,255
647,256
647,257
647,258
647,259
647,260
647,261
647,262
647,263
647,264
647,265
647,266
647,267
647,268
647,269
647,270
647,271
647,272
647,273
647,274
647,275
647,276
647,277
647,278
647,279
647,280
647,281
647,282
647,283
647,284
647,285
647,286
647,287
647,288
647,289
:136_10,290
:136_10,291
:136_18,292
:136_18,293
:136_18,294
-119,295
-119,296
-119,297
-119,298
-119,299
-119,300
-119,301
-119,302
-119,303
-119,304
-119,305
-119,306
-119,307
-119,308
-119,309
-119,310
-119,311
-119,312
-119,313
-119,314
-119,315
-119,316
-119,317
-119,318
-119,319
-119,320
-119,321
-119,322
-119,323
-119,324
-119,325
-119,326
-119,327
-119,328
-119,329
-119,330
-119,331
-119,332
-119,333
-119,334
-119,335
-119,336
-119,337
-119,338
-119,339
-119,340
-119,341
-119,342
-119,343
-119,344
-119,345
-119,346
-119,347
-119,348
-119,349
-119,350
-119,351
-119,352
-119,353
-119,354
-119,355
-119,356
-119,357
-119,358
-119,359
-119,360
-119,361
-119,362
-119,363
-119,364
-119,365
-119,366
-119,367
-119,368
-119,369
-119,370
-119,371
-119,372
-119,373
-119,374
-119,375
-119,376
-119,377
-119,378
-119,379
-119,380
-119,381
-119,382
-119,383
-119,384
-119,385
-119,386
-119,387
-119,388
-119,389
-119,390
-119,391
-119,392
-119,393
-119,394
-119,395
-119,396
-119,397
-119,398
-119,399
-119,400
-119,401
-119,402
-119,403
-119,404
-119,405
-119,406
-119,407
-119,408
-119,409
-119,410
-119,411
-119,412
-119,413
-119,414
-119,415
-119,416
-119,417
-119,418
-119,419
-119,420
-119,421
-119,422
-119,423
-119,424
-119,425
-119,426
-119,427
-119,428
-119,429
-119,430
-119,431
-119,432
-119,433
-119,434
-119,435
-119,436
-119,437
-119,438
-119,439
-119,440
-119,441
-119,442
-119,443
-119,444
-119,445
-119,446
-119,447
-119,448
-119,449
-119,450
-119,451
-119,452
-119,453
-119,454
-119,455
-119,456
-119,457
-119,458
-119,459
-119,460
-119,461
:47_9,462
:47_9,463
:47_9,464
:47_9,465
:47_9,466
:47_9,467
117,468
117,469
117,470
117,471
117,472
117,473
117,474
117,475
117,476
117,477
117,478
117,479
117,480
117,481
117,482
117,483
117,484
117,485
117,486
117,487
117,488
117,489
117,490
117,491
117,492
117,493
117,494
117,495
117,496
117,497
117,498
117,499
117,500
117,501
117,502
117,503
117,504
117,505
117,506
117,507
117,508
117,509
117,510
117,511
117,512
117,513
117,514
117,515
117,516
117,517
117,518
117,519
117,520
117,521
117,522
117,523
117,524
117,525
117,526
117,527
117,528
117,529
117,530
117,531
117,532
117,533
117,534
117,535
117,536
117,537
117,538
117,539
117,540
117,541
117,542
117,543
117,544
117,545
117,546
117,547
117,548
117,549
117,550
117,551
117,552
117,553
117,554
117,555
117,556
117,557
117,558
117,559
117,560
117,561
117,562
117,563
117,564
117,565
117,566
117,567
117,568
117,569
117,570
117,571
117,572
117,573
117,574
117,575
117,576
117,577
117,578
117,579
117,580
117,581
117,582
117,583
117,584
117,585
117,586
117,587
117,588
117,589
:134_7,590
:134_7,591
:134_7,592
:134_7,593
:134_7,594
:134_7,595
-322,596
-322,597
-322,598
-322,599
-322,600
-322,601
-322,602
-322,603
-322,604
-322,605
-322,606
-322,607
-322,608
-322,609
-322,610
-322,611
-322,612
-322,613
-322,614
-322,615
-322,616
-322,617
-322,618
-322,619
-322,620
-322,621
-322,622
-322,623
-322,624
-322,625
-322,626
-322,627
-322,628
-322,629
-322,630
-322,631
-322,632
-322,633
-322,634
-322,635
-322,636
-322,637
-322,638
-322,639
-322,640
-322,641
-322,642
-322,643
-322,644
-322,645
-322,646
-322,647
-322,648
-322,649
-322,650
-322,651
-322,652
-322,653
-322,654
-322,655
-322,656
-322,657
-322,658
-322,659
-322,660
-322,661
-322,662
-322,663
-322,664
-322,665
-322,666
-322,667
-322,668
-322,669
-322,670
-322,671
-322,672
-322,673
-322,674
-322,675
-322,676
-322,677
-322,678
-322,679
-322,680
-322,681
-322,682
-322,683
-322,684
-322,685
-322,686
-322,687
-322,688
-322,689
-322,690
-322,691
-322,692
-322,693
-322,694
-322,695
-322,696
-322,697
-322,698
-322,699
-322,700
-322,701
-322,702
-322,703
-322,704
-322,705
-322,706
-322,707
-322,708
-322,709
-322,710
-322,711
-322,712
-322,713
-322,714
-322,715
-322,716
-322,717
-322,718
-322,719
-322,720
-322,721
-322,722
-322,723
-322,724
-322,725
-322,726
:50_5,727
:50_5,728
:50_5,729
:50_5,730
:50_5,731
:50_5,732
:50_5,733
-430,734
-430,735
-430,736
-430,737
-430,738
-430,739
-430,740
-430,741
-430,742
-430,743
-430,744
-430,745
-430,746
-430,747
-430,748
-430,749
-430,750
-430,751
-430,752
-430,753
-430,754
-430,755
-430,756
-430,757
-430,758
-430,759
-430,760
-430,761
-430,762
-430,763
-430,764
-430,765
-430,766
-430,767
-430,768
-430,769
-430,770
-430,771
-430,772
-430,773
-430,774
-430,775
-430,776
-430,777
-430,778
-430,779
-430,780
-430,781
-430,782
-430,783
-430,784
-430,785
-430,786
-430,787
-430,788
-430,789
-430,790
-430,791
-430,792
-430,793
-430,794
-430,795
-430,796
-430,797
-430,798
-430,799
-430,800
-430,801
-430,802
-430,803
-430,804
-430,805
-430,806
-430,807
-430,808
-430,809
-430,810
-430,811
-430,812
-430,813
-430,814
-430,815
-430,816
-430,817
-430,818
-430,819
-430,820
-430,821
-430,822
-430,823
-430,824
-430,825
-430,826
-430,827
-430,828
-430,829
-430,830
-430,831
-430,832
-430,833
-430,834
-430,835
-430,836
-430,837
-430,838
-430,839
-430,840
-430,841
-430,842
-430,843
-430,844
-430,845
-430,846
-430,847
-430,848
-430,849
-430,850
-430,851
-430,852
-430,853
-430,854
-430,855
-430,856
-430,857
-430,858
-430,859
-430,860
-430,861
-430,862
-430,863
-430,864
-430,865
-430,866
-430,867
-430,868
-430,869
-430,870
-430,871
-430,872
-430,873
-430,874
-430,875
-430,876
-430,877
-430,878
-430,879
-430,880
-430,881
-430,882
-430,883
-430,884
-430,885
-430,886
-430,887
-430,888
-430,889
-430,890
-430,891
-430,892
-430,893
-430,894
-430,895
-430,896
-430,897
-430,898
-430,899
-430,900
-430,901
-430,902
-430,903
-430,904
-430,905
-430,906
-430,907
-430,908
-430,909
-430,910
-430,911
-430,912
-430,913
-430,914
-430,915
-430,916
-430,917
-430,918
-430,919
-430,920
-430,921
-430,922
-430,923
-430,924
-430,925
-430,926
-430,927
-430,928
-430,929
-430,930
-430,931
-430,932
-430,933
-430,934
:375_3,935
:375_3,936
:375_3,937
:375_3,938
:375_3,939
-679,940
-679,941
-679,942
-679,943
-679,944
-679,945
-679,946
-679,947
-679,948
-679,949
-679,950
-679,951
-679,952
-679,953
-679,954
-679,955
-679,956
-679,957
-679,958
-679,959
-679,960
-679,961
-679,962
-679,963
-679,964
-679,965
-679,966
-679,967
-679,968
-679,969
-679,970
-679,971
-679,972
-679,973
-679,974
-679,975
-679,976
-679,977
-679,978
-679,979
-679,980
-679,981
-679,982
-679,983
-679,984
-679,985
-679,986
-679,987
-679,988
-679,989
-679,990
-679,991
-679,992
-679,993
-679,994
-679,995
-679,996
-679,997
-679,998
-679,999
-679,1000
-679,1001
-679,1002
-679,1003
-679,1004
-679,1005
-679,1006
-679,1007
-679,1008
-679,1009
-679,1010
:396_7,1011
:396_7,1012
:396_7,1013
:396_7,1014
:396_7,1015
-464,1016
-464,1017
-464,1018
-464,1019
-464,1020
-464,1021
-464,1022
-464,1023
-464,1024
-464,1025
-464,1026
-464,1027
-464,1028
-464,1029
-464,1030
-464,1031
-464,1032
-464,1033
-464,1034
-464,1035
-464,1036
-464,1037
-464,1038
-464,1039
-464,1040
-464,1041
-464,1042
-464,1043
-464,1044
-464,1045
-464,1046
-464,1047
-464,1048
-464,1049
-464,1050
-464,1051
-464,1052
-464,1053
-464,1054
-464,1055
-464,1056
-464,1057
-464,1058
-464,1059
-464,1060
-464,1061
-464,1062
-464,1063
-464,1064
-464,1065
-464,1066
-464,1067
-464,1068
-464,1069
-464,1070
-464,1071
-464,1072
-464,1073
-464,1074
-464,1075
-464,1076
-464,1077
-464,1078
-464,1079
-464,1080
-464,1081
-464,1082
-464,1083
-464,1084
-464,1085
-464,1086
-464,1087
-464,1088
-464,1089
-464,1090
-464,1091
-464,1092
-464,1093
-464,1094
-464,1095
-464,1096
-464,1097
-464,1098
-464,1099
-464,1100
-464,1101
-464,1102
-464,1103
-464,1104
-464,1105
-464,1106
-464,1107
-464,1108
-464,1109
-464,1110
-464,1111
-464,1112
-464,1113
-464,1114
-464,1115
-175,1116
-175,1117
-175,1118
-175,1119
-175,1120
-175,1121
-175,1122
-175,1123
-175,1124
-175,1125
-175,1126
-175,1127
-175,1128
-175,1129
-175,1130
-175,1131
-175,1132
-175,1133
-175,1134
-175,1135
-175,1136
-175,1137
-175,1138
-175,1139
-175,1140
-175,1141
-175,1142
-175,1143
-175,1144
-175,1145
-175,1146
-175,1147
-175,1148
-175,1149
-175,1150
-175,1151
-175,1152
-175,1153
-175,1154
-175,1155
-175,1156
-175,1157
-175,1158
-175,1159
-175,1160
-175,1161
-175,1162
-175,1163
-175,1164
-175,1165
-175,1166
-175,1167
-175,1168
-175,1169
-175,1170
-175,1171
-175,1172
-175,1173
-175,1174
-175,1175
-175,1176
-175,1177
-175,1178
-175,1179
-175,1180
-175,1181
-175,1182
-175,1183
-175,1184
-175,1185
:13_4,1186
:13_4,1187
:13_4,1188
:13_4,1189
:13_4,1190
:13_4,1191
176,1192
176,1193
176,1194
176,1195
176,1196
176,1197
176,1198
176,1199
176,1200
176,1201
176,1202
176,1203
176,1204
176,1205
176,1206
176,1207
176,1208
176,1209
176,1210
176,1211
176,1212
176,1213
176,1214
176,1215
176,1216
176,1217
176,1218
176,1219
176,1220
176,1221
176,1222
176,1223
176,1224
176,1225
176,1226
176,1227
176,1228
176,1229
176,1230
176,1231
176,1232
176,1233
176,1234
176,1235
176,1236
176,1237
176,1238
176,1239
176,1240
176,1241
176,1242
176,1243
176,1244
176,1245
176,1246
176,1247
176,1248
176,1249
176,1250
176,1251
176,1252
176,1253
176,1254
176,1255
176,1256
176,1257
176,1258
176,1259
176,1260
176,1261
176,1262
176,1263
176,1264
176,1265
176,1266
176,1267
176,1268
176,1269
176,1270
176,1271
176,1272
176,1273
176,1274
176,1275
176,1276
176,1277
176,1278
176,1279
176,1280
176,1281
176,1282
176,1283
176,1284
176,1285
176,1286
176,1287
176,1288
176,1289
176,1290
176,1291
176,1292
176,1293
176,1294
176,1295
176,1296
176,1297
176,1298
176,1299
176,1300
176,1301
176,1302
176,1303
176,1304
176,1305
176,1306
176,1307
176,1308
:189_9,1309
:189_9,1310
:189_9,1311
:189_9,1312
:189_9,1313
:189_9,1314
212,1315
212,1316
212,1317
212,1318
212,1319
212,1320
212,1321
212,1322
212,1323
212,1324
212,1325
212,1326
212,1327
212,1328
212,1329
212,1330
212,1331
212,1332
212,1333
212,1334
212,1335
212,1336
212,1337
212,1338
212,1339
212,1340
212,1341
212,1342
212,1343
212,1344
212,1345
212,1346
212,1347
212,1348
212,1349
212,1350
212,1351
212,1352
212,1353
212,1354
212,1355
212,1356
212,1357
212,1358
212,1359
212,1360
212,1361
212,1362
212,1363
212,1364
:218_4,1365
:218_4,1366
:218_4,1367
:218_4,1368
:218_4,1369
-558,1370
-558,1371
-558,1372
-558,1373
-558,1374
-558,1375
-558,1376
-558,1377
-558,1378
-558,1379
-558,1380
-558,1381
-558,1382
-558,1383
-558,1384
-558,1385
-558,1386
-558,1387
-558,1388
-558,1389
-558,1390
-558,1391
-558,1392
-558,1393
-558,1394
-558,1395
-558,1396
-558,1397
-558,1398
-558,1399
-558,1400
-558,1401
-558,1402
-558,1403
-558,1404
-558,1405
-558,1406
-558,1407
-558,1408
-558,1409
-558,1410
-558,1411
-558,1412
-558,1413
-558,1414
-558,1415
-558,1416
-558,1417
-558,1418
-558,1419
-558,1420
-558,1421
-558,1422
-558,1423
-558,1424
-558,1425
-558,1426
-558,1427
-558,1428
-558,1429
-558,1430
-558,1431
-558,1432
-558,1433
-558,1434
-558,1435
-558,1436
-558,1437
-558,1438
-558,1439
-558,1440
-558,1441
-558,1442
-558,1443
-558,1444
-558,1445
-558,1446
-558,1447
-558,1448
-558,1449
-558,1450
-558,1451
-558,1452
-558,1453
-558,1454
-558,1455
-558,1456
