-321,21
-321,22
-321,23
-321,24
-321,25
-321,26
-321,27
-321,28
-321,29
-321,30
-321,31
-321,32
-321,33
-321,34
-321,35
-321,36
-321,37
-321,38
-321,39
-321,40
-321,41
-321,42
-321,43
-321,44
-321,45
-321,46
-321,47
-321,48
-321,49
-321,50
-321,51
-321,52
-321,53
-321,54
-321,55
-321,56
-321,57
-321,58
-321,59
-321,60
-321,61
-321,62
-321,63
-321,64
-321,65
-321,66
-321,67
-321,68
-321,69
-321,70
-321,71
-321,72
-321,73
-321,74
-321,75
-321,76
-321,77
-321,78
-321,79
-321,80
-321,81
-321,82
-321,83
-321,84
-321,85
-321,86
-321,87
-321,88
-321,89
-321,90
-321,91
-321,92
-321,93
-321,94
-321,95
-321,96
-321,97
-321,98
-321,99
-321,100
-321,101
-321,102
-321,103
-321,104
-321,105
-321,106
-321,107
-321,108
-321,109
-321,110
-321,111
-321,112
-321,113
-321,114
-321,115
-321,116
-321,117
-321,118
-321,119
-321,120
-321,121
-321,122
-321,123
-321,124
-321,125
-321,126
-321,127
-321,128
-321,129
-321,130
-321,131
-321,132
-321,133
-321,134
-321,135
-321,136
-321,137
-321,138
-321,139
-321,140
-321,141
-321,142
-321,143
-321,144
-321,145
-321,146
-321,147
-321,148
-321,149
-321,150
-321,151
-321,152
-321,153
-321,154
-321,155
-321,156
-321,157
-321,158
-321,159
-321,160
-321,161
-321,162
-321,163
-321,164
-321,165
-321,166
-321,167
-321,168
-321,169
-321,170
-321,171
-321,172
-321,173
-321,174
-321,175
-321,176
-321,177
-321,178
-321,179
-321,180
-321,181
-321,182
-321,183
-321,184
-321,185
-321,186
-321,187
-321,188
-321,189
-321,190
-321,191
-321,192
-321,193
-321,194
-321,195
-321,196
-321,197
-321,198
-321,199
-321,200
-321,201
-321,202
-321,203
-321,204
-321,205
-321,206
-321,207
-321,208
-321,209
-321,210
-321,211
-321,212
-321,213
-321,214
-321,215
-321,216
-321,217
-321,218
-321,219
-321,220
-321,221
-321,222
-321,223
-321,224
-321,225
-321,226
-321,227
-321,228
-321,229
-321,230
-321,231
-321,232
-321,233
-321,234
-321,235
-321,236
:31_14,237
:31_14,238
:31_14,239
:31_18,240
:31_18,241
:31_18,242
:31_18,243
320,244
320,245
320,246
320,247
320,248
320,249
320,250
320,251
320,252
320,253
320,254
320,255
320,256
320,257
320,258
320,259
320,260
320,261
320,262
320,263
320,264
320,265
320,266
320,267
320,268
320,269
320,270
320,271
320,272
320,273
320,274
320,275
320,276
320,277
320,278
320,279
320,280
320,281
320,282
320,283
320,284
320,285
320,286
320,287
320,288
320,289
320,290
320,291
320,292
320,293
320,294
320,295
320,296
320,297
320,298
320,299
320,300
320,301
320,302
320,303
320,304
320,305
320,306
320,307
320,308
320,309
320,310
320,311
320,312
320,313
320,314
320,315
320,316
320,317
320,318
320,319
320,320
320,321
320,322
320,323
320,324
320,325
320,326
320,327
320,328
320,329
320,330
320,331
320,332
320,333
320,334
320,335
320,336
320,337
320,338
320,339
320,340
320,341
320,342
320,343
320,344
320,345
320,346
320,347
320,348
320,349
320,350
320,351
320,352
320,353
320,354
320,355
320,356
320,357
320,358
320,359
320,360
320,361
320,362
320,363
320,364
320,365
320,366
320,367
320,368
320,369
320,370
320,371
320,372
320,373
320,374
320,375
320,376
320,377
320,378
320,379
320,380
320,381
320,382
320,383
320,384
320,385
320,386
320,387
320,388
320,389
320,390
320,391
320,392
320,393
320,394
320,395
320,396
320,397
320,398
320,399
320,400
320,401
320,402
320,403
320,404
320,405
320,406
320,407
320,408
320,409
320,410
320,411
320,412
320,413
320,414
320,415
320,416
320,417
320,418
320,419
320,420
320,421
320,422
320,423
320,424
320,425
320,426
320,427
320,428
320,429
320,430
320,431
320,432
320,433
320,434
320,435
320,436
320,437
320,438
320,439
320,440
320,441
320,442
320,443
320,444
320,445
320,446
320,447
320,448
320,449
320,450
320,451
320,452
320,453
320,454
320,455
320,456
320,457
320,458
320,459
320,460
320,461
320,462
320,463
320,464
320,465
320,466
320,467
320,468
320,469
320,470
320,471
320,472
320,473
320,474
320,475
320,476
320,477
320,478
320,479
320,480
320,481
320,482
320,483
320,484
:300_7,485
:300_7,486
:300_7,487
:300_7,488
:300_7,489
:300_7,490
556,491
556,492
556,493
556,494
556,495
556,496
556,497
556,498
556,499
556,500
556,501
556,502
556,503
556,504
556,505
556,506
556,507
556,508
556,509
556,510
556,511
556,512
556,513
556,514
556,515
556,516
556,517
556,518
556,519
556,520
556,521
556,522
556,523
556,524
556,525
556,526
556,527
556,528
556,529
556,530
556,531
556,532
556,533
556,534
556,535
556,536
556,537
556,538
556,539
556,540
556,541
556,542
556,543
556,544
556,545
556,546
556,547
556,548
556,549
556,550
556,551
556,552
556,553
556,554
556,555
556,556
556,557
556,558
556,559
556,560
556,561
556,562
556,563
556,564
556,565
556,566
556,567
556,568
556,569
556,570
556,571
556,572
556,573
556,574
556,575
556,576
556,577
556,578
556,579
556,580
556,581
556,582
556,583
556,584
556,585
556,586
556,587
556,588
556,589
556,590
556,591
556,592
556,593
:184_6,594
:184_6,595
:184_6,596
:184_6,597
:184_6,598
-266,599
-266,600
-266,601
-266,602
-266,603
-266,604
-266,605
-266,606
-266,607
-266,608
-266,609
-266,610
-266,611
-266,612
-266,613
-266,614
-266,615
-266,616
-266,617
-266,618
-266,619
-266,620
-266,621
-266,622
-266,623
-266,624
-266,625
-266,626
-266,627
-266,628
-266,629
-266,630
-266,631
-266,632
-266,633
-266,634
-266,635
-266,636
-266,637
-266,638
-266,639
-266,640
-266,641
-266,642
-266,643
-266,644
-266,645
-266,646
-266,647
-266,648
-266,649
-266,650
-266,651
-266,652
-266,653
-266,654
-266,655
-266,656
-266,657
-266,658
-266,659
-266,660
-266,661
-266,662
-266,663
-266,664
-266,665
-266,666
-266,667
-266,668
-266,669
-266,670
-266,671
-266,672
-266,673
-266,674
-266,675
-266,676
-266,677
-266,678
-266,679
-266,680
-266,681
-266,682
-266,683
-266,684
-266,685
-266,686
-266,687
-266,688
-266,689
-266,690
-266,691
-266,692
-266,693
-266,694
-266,695
-266,696
-266,697
-266,698
-266,699
-266,700
-266,701
-266,702
-266,703
-266,704
-266,705
-266,706
-266,707
-266,708
-266,709
-266,710
-266,711
-266,712
-266,713
-266,714
-266,715
-266,716
-266,717
-266,718
-266,719
-266,720
-266,721
-266,722
-266,723
-266,724
-266,725
-266,726
-266,727
-266,728
-266,729
-266,730
-266,731
-266,732
-266,733
-266,734
-266,735
-266,736
-266,737
-266,738
-266,739
-266,740
-266,741
-266,742
-266,743
-266,744
:238_14,745
:238_14,746
:238_14,747
:238_18,748
:238_18,749
:238_18,750
:238_18,751
-234,752
-234,753
-234,754
-234,755
-234,756
-234,757
-234,758
-234,759
-234,760
-234,761
-234,762
-234,763
-234,764
-234,765
-234,766
-234,767
-234,768
-234,769
-234,770
-234,771
-234,772
-234,773
-234,774
-234,775
-234,776
-234,777
-234,778
-234,779
-234,780
-234,781
-234,782
-234,783
-234,784
-234,785
-234,786
-234,787
-234,788
-234,789
-234,790
-234,791
-234,792
-234,793
-234,794
-234,795
-234,796
-234,797
-234,798
-234,799
-234,800
-234,801
-234,802
-234,803
-234,804
-234,805
-234,806
-234,807
-234,808
-234,809
-234,810
-234,811
-234,812
-234,813
-234,814
-234,815
-234,816
-234,817
-234,818
-234,819
-234,820
-234,821
-234,822
-234,823
-234,824
-234,825
-234,826
-234,827
-234,828
-234,829
-234,830
-234,831
-234,832
-234,833
-234,834
-234,835
-234,836
-234,837
-234,838
-234,839
-234,840
-234,841
-234,842
-234,843
-234,844
-234,845
-234,846
-234,847
-234,848
-234,849
-234,850
-234,851
-234,852
-234,853
-234,854
-234,855
-234,856
-234,857
-234,858
-234,859
-234,860
-234,861
-234,862
-234,863
-234,864
-234,865
-234,866
-234,867
-234,868
-234,869
-234,870
-234,871
-234,872
-234,873
-234,874
-234,875
-234,876
-234,877
-234,878
-234,879
-234,880
-234,881
-234,882
-234,883
-234,884
-234,885
-234,886
-234,887
-234,888
-234,889
-234,890
-234,891
-234,892
-234,893
-234,894
-234,895
-234,896
-234,897
-234,898
-234,899
-234,900
-234,901
-234,902
-234,903
-234,904
-234,905
-234,906
-234,907
-234,908
-234,909
-234,910
-234,911
-234,912
-234,913
-234,914
-234,915
-234,916
-234,917
-234,918
-234,919
-234,920
-234,921
-234,922
-234,923
-234,924
-234,925
-234,926
-234,927
-234,928
-234,929
-234,930
-234,931
-234,932
-234,933
-234,934
-234,935
-234,936
-234,937
-234,938
-234,939
-234,940
-234,941
-234,942
-234,943
-234,944
-234,945
-234,946
-234,947
-234,948
-234,949
-234,950
-234,951
-234,952
-234,953
-234,954
-234,955
-234,956
-234,957
-234,958
-234,959
-234,960
-234,961
-234,962
-234,963
-234,964
-234,965
-234,966
-234,967
-234,968
-234,969
-234,970
-234,971
-234,972
-234,973
-234,974
-234,975
-234,976
-234,977
-234,978
-234,979
-234,980
-234,981
-234,982
-234,983
-234,984
-234,985
-234,986
-234,987
-234,988
-234,989
-234,990
-234,991
-234,992
-234,993
-234,994
-234,995
-234,996
-234,997
-234,998
-234,999
-234,1000
-234,1001
-234,1002
-234,1003
-234,1004
-234,1005
-234,1006
:182_9,1007
:182_9,1008
:182_9,1009
:182_9,1010
:182_9,1011
:182_9,1012
:182_9,1013
-184,1014
-184,1015
-184,1016
-184,1017
-184,1018
-184,1019
-184,1020
-184,1021
-184,1022
-184,1023
-184,1024
-184,1025
-184,1026
-184,1027
-184,1028
-184,1029
-184,1030
-184,1031
-184,1032
-184,1033
-184,1034
-184,1035
-184,1036
-184,1037
-184,1038
-184,1039
-184,1040
-184,1041
-184,1042
-184,1043
-184,1044
-184,1045
-184,1046
-184,1047
-184,1048
-184,1049
-184,1050
-184,1051
-184,1052
-184,1053
-184,1054
-184,1055
-184,1056
-184,1057
-184,1058
-184,1059
-184,1060
-184,1061
-184,1062
-184,1063
-184,1064
-184,1065
-184,1066
-184,1067
-184,1068
-184,1069
-184,1070
-184,1071
-184,1072
-184,1073
-184,1074
-184,1075
-184,1076
-184,1077
-184,1078
-184,1079
-184,1080
-184,1081
-184,1082
-184,1083
-184,1084
-184,1085
-184,1086
-184,1087
-184,1088
-184,1089
-184,1090
-184,1091
-184,1092
-184,1093
-184,1094
-184,1095
-184,1096
-184,1097
-184,1098
-184,1099
-184,1100
-184,1101
-184,1102
-184,1103
-184,1104
-184,1105
-184,1106
-184,1107
-184,1108
-184,1109
-184,1110
-184,1111
-184,1112
-184,1113
-184,1114
-184,1115
-184,1116
-184,1117
-184,1118
-184,1119
-184,1120
-184,1121
-184,1122
-184,1123
-184,1124
-184,1125
-184,1126
-184,1127
-184,1128
-184,1129
-184,1130
-184,1131
-184,1132
-184,1133
-184,1134
-184,1135
-184,1136
-184,1137
-184,1138
-184,1139
-184,1140
-184,1141
-184,1142
-184,1143
-184,1144
-184,1145
-184,1146
-184,1147
-184,1148
-184,1149
-184,1150
-184,1151
-184,1152
-184,1153
-184,1154
-184,1155
-184,1156
-184,1157
-184,1158
-184,1159
-184,1160
-184,1161
-184,1162
-184,1163
-184,1164
-184,1165
-184,1166
-184,1167
-184,1168
-184,1169
-184,1170
-184,1171
-184,1172
-184,1173
-184,1174
-184,1175
-184,1176
-184,1177
-184,1178
-184,1179
-184,1180
-184,1181
-184,1182
-184,1183
-184,1184
-184,1185
-184,1186
-184,1187
-184,1188
-184,1189
-184,1190
-184,1191
-184,1192
-184,1193
-184,1194
-184,1195
-184,1196
-184,1197
-184,1198
-184,1199
-184,1200
-184,1201
-184,1202
-184,1203
-184,1204
-184,1205
-184,1206
-184,1207
-184,1208
-184,1209
-184,1210
-184,1211
-184,1212
-184,1213
-184,1214
-184,1215
-184,1216
-184,1217
-184,1218
-184,1219
-184,1220
-184,1221
-184,1222
-184,1223
-184,1224
-184,1225
-184,1226
-184,1227
-184,1228
-184,1229
-184,1230
-184,1231
-184,1232
-184,1233
-184,1234
-184,1235
-184,1236
-184,1237
-184,1238
-184,1239
-184,1240
-184,1241
-184,1242
-184,1243
-184,1244
-184,1245
-184,1246
-184,1247
-184,1248
-184,1249
-184,1250
-184,1251
-184,1252
-184,1253
-184,1254
-184,1255
-184,1256
-184,1257
-184,1258
-184,1259
-184,1260
-184,1261
-184,1262
-184,1263
:187_9,1264
:187_9,1265
:187_9,1266
:187_9,1267
:187_9,1268
:187_9,1269
:187_9,1270
:187_9,1271
186,1272
186,1273
186,1274
186,1275
186,1276
186,1277
186,1278
186,1279
186,1280
186,1281
186,1282
186,1283
186,1284
186,1285
186,1286
186,1287
186,1288
186,1289
186,1290
186,1291
186,1292
186,1293
186,1294
186,1295
186,1296
186,1297
186,1298
186,1299
186,1300
186,1301
186,1302
186,1303
186,1304
186,1305
186,1306
186,1307
186,1308
186,1309
186,1310
186,1311
186,1312
186,1313
186,1314
186,1315
186,1316
186,1317
186,1318
186,1319
186,1320
186,1321
186,1322
186,1323
186,1324
186,1325
186,1326
186,1327
186,1328
186,1329
186,1330
186,1331
186,1332
186,1333
186,1334
186,1335
186,1336
186,1337
186,1338
186,1339
186,1340
186,1341
186,1342
186,1343
186,1344
186,1345
186,1346
186,1347
186,1348
186,1349
186,1350
186,1351
186,1352
186,1353
186,1354
186,1355
186,1356
186,1357
186,1358
186,1359
186,1360
186,1361
186,1362
186,1363
186,1364
186,1365
186,1366
186,1367
186,1368
186,1369
186,1370
186,1371
186,1372
186,1373
186,1374
186,1375
186,1376
186,1377
186,1378
186,1379
186,1380
186,1381
186,1382
186,1383
186,1384
186,1385
186,1386
186,1387
186,1388
186,1389
186,1390
186,1391
186,1392
186,1393
186,1394
186,1395
186,1396
186,1397
186,1398
186,1399
186,1400
186,1401
186,1402
186,1403
186,1404
186,1405
186,1406
186,1407
186,1408
186,1409
186,1410
186,1411
186,1412
186,1413
186,1414
186,1415
186,1416
186,1417
186,1418
186,1419
186,1420
186,1421
186,1422
186,1423
186,1424
186,1425
186,1426
186,1427
186,1428
186,1429
186,1430
186,1431
186,1432
186,1433
186,1434
186,1435
186,1436
186,1437
186,1438
186,1439
186,1440
186,1441
186,1442
186,1443
186,1444
186,1445
186,1446
186,1447
186,1448
186,1449
186,1450
186,1451
186,1452
186,1453
186,1454
186,1455
186,1456
186,1457
186,1458
186,1459
186,1460
186,1461
186,1462
186,1463
186,1464
186,1465
186,1466
186,1467
186,1468
186,1469
186,1470
186,1471
186,1472
186,1473
186,1474
186,1475
186,1476
186,1477
186,1478
186,1479
186,1480
186,1481
186,1482
186,1483
186,1484
186,1485
186,1486
186,1487
186,1488
186,1489
186,1490
186,1491
186,1492
186,1493
186,1494
186,1495
186,1496
186,1497
186,1498
186,1499
186,1500
:198_4,1501
:198_4,1502
:198_4,1503
:198_4,1504
:198_4,1505
:198_4,1506
:198_4,1507
-228,1508
-228,1509
-228,1510
-228,1511
-228,1512
-228,1513
-228,1514
-228,1515
-228,1516
-228,1517
-228,1518
-228,1519
-228,1520
-228,1521
-228,1522
-228,1523
-228,1524
-228,1525
-228,1526
-228,1527
-228,1528
-228,1529
-228,1530
-228,1531
-228,1532
-228,1533
-228,1534
-228,1535
-228,1536
-228,1537
-228,1538
-228,1539
-228,1540
-228,1541
-228,1542
-228,1543
-228,1544
-228,1545
-228,1546
-228,1547
-228,1548
-228,1549
-228,1550
-228,1551
-228,1552
-228,1553
-228,1554
-228,1555
-228,1556
-228,1557
-228,1558
-228,1559
-228,1560
-228,1561
-228,1562
-228,1563
-228,1564
-228,1565
-228,1566
-228,1567
-228,1568
-228,1569
-228,1570
-228,1571
-228,1572
-228,1573
-228,1574
-228,1575
-228,1576
-228,1577
-228,1578
-228,1579
-228,1580
-228,1581
-228,1582
-228,1583
-228,1584
-228,1585
:186_8,1586
:186_8,1587
:186_8,1588
:186_8,1589
227,1590
227,1591
227,1592
227,1593
227,1594
227,1595
227,1596
227,1597
227,1598
227,1599
227,1600
227,1601
227,1602
227,1603
227,1604
227,1605
227,1606
227,1607
227,1608
227,1609
227,1610
227,1611
227,1612
227,1613
227,1614
227,1615
227,1616
227,1617
227,1618
227,1619
227,1620
227,1621
227,1622
227,1623
227,1624
227,1625
227,1626
227,1627
227,1628
227,1629
227,1630
227,1631
227,1632
227,1633
227,1634
227,1635
227,1636
227,1637
227,1638
227,1639
227,1640
227,1641
227,1642
227,1643
227,1644
227,1645
227,1646
227,1647
227,1648
227,1649
227,1650
227,1651
227,1652
227,1653
227,1654
227,1655
227,1656
227,1657
227,1658
227,1659
227,1660
227,1661
227,1662
227,1663
227,1664
227,1665
227,1666
227,1667
-211,1668
-211,1669
-211,1670
-211,1671
-211,1672
-211,1673
-211,1674
-211,1675
-211,1676
-211,1677
-211,1678
-211,1679
-211,1680
-211,1681
-211,1682
-211,1683
-211,1684
-211,1685
-211,1686
-211,1687
-211,1688
-211,1689
-211,1690
-211,1691
-211,1692
-211,1693
-211,1694
-211,1695
-211,1696
-211,1697
-211,1698
-211,1699
-211,1700
-211,1701
-211,1702
-211,1703
-211,1704
-211,1705
-211,1706
-211,1707
-211,1708
-211,1709
-211,1710
-211,1711
-211,1712
-211,1713
-211,1714
-211,1715
-211,1716
-211,1717
-211,1718
-211,1719
-211,1720
-211,1721
-211,1722
-211,1723
-211,1724
-211,1725
-211,1726
:189_12,1727
:189_12,1728
:189_12,1729
:189_12,1730
:189_12,1731
-176,1732
-176,1733
-176,1734
-176,1735
-176,1736
-176,1737
-176,1738
-176,1739
-176,1740
-176,1741
-176,1742
-176,1743
-176,1744
-176,1745
-176,1746
-176,1747
-176,1748
-176,1749
-176,1750
-176,1751
-176,1752
-176,1753
-176,1754
-176,1755
-176,1756
-176,1757
-176,1758
-176,1759
-176,1760
-176,1761
-176,1762
-176,1763
-176,1764
-176,1765
-176,1766
-176,1767
-176,1768
-176,1769
-176,1770
-176,1771
-176,1772
-176,1773
-176,1774
-176,1775
-176,1776
-176,1777
-176,1778
-176,1779
-176,1780
-176,1781
-176,1782
-176,1783
-176,1784
-176,1785
-176,1786
-176,1787
-176,1788
-176,1789
-176,1790
-176,1791
-176,1792
-176,1793
-176,1794
-176,1795
-176,1796
-176,1797
-176,1798
-176,1799
-176,1800
-176,1801
-176,1802
-176,1803
-176,1804
-176,1805
-176,1806
-176,1807
-176,1808
-176,1809
-176,1810
-176,1811
-176,1812
-176,1813
-176,1814
-176,1815
-176,1816
-176,1817
-176,1818
-176,1819
-176,1820
-176,1821
-176,1822
-176,1823
-176,1824
-176,1825
-176,1826
-176,1827
-176,1828
-176,1829
-176,1830
-176,1831
-176,1832
-176,1833
-176,1834
-176,1835
-176,1836
-176,1837
-176,1838
-176,1839
-176,1840
-176,1841
-176,1842
-176,1843
-176,1844
-176,1845
-176,1846
-176,1847
-176,1848
-176,1849
-176,1850
-176,1851
-176,1852
-176,1853
-176,1854
-176,1855
-176,1856
-176,1857
-176,1858
-176,1859
-176,1860
-176,1861
-176,1862
-176,1863
-176,1864
-176,1865
-176,1866
-176,1867
-176,1868
-176,1869
-176,1870
:13_12,1871
:13_12,1872
:13_12,1873
:13_12,1874
:13_12,1875
:13_12,1876
:13_12,1877
175,1878
175,1879
175,1880
175,1881
175,1882
175,1883
175,1884
175,1885
175,1886
175,1887
175,1888
175,1889
175,1890
175,1891
175,1892
175,1893
175,1894
175,1895
175,1896
175,1897
175,1898
175,1899
175,1900
175,1901
175,1902
175,1903
175,1904
175,1905
175,1906
175,1907
175,1908
175,1909
175,1910
175,1911
175,1912
175,1913
175,1914
175,1915
175,1916
175,1917
175,1918
175,1919
175,1920
175,1921
175,1922
175,1923
175,1924
175,1925
175,1926
175,1927
175,1928
175,1929
175,1930
175,1931
175,1932
175,1933
175,1934
175,1935
175,1936
175,1937
175,1938
175,1939
175,1940
175,1941
175,1942
175,1943
175,1944
175,1945
175,1946
175,1947
175,1948
175,1949
175,1950
175,1951
175,1952
175,1953
175,1954
175,1955
175,1956
175,1957
175,1958
175,1959
175,1960
464,1961
464,1962
464,1963
464,1964
464,1965
464,1966
464,1967
464,1968
464,1969
464,1970
464,1971
464,1972
464,1973
464,1974
464,1975
464,1976
464,1977
464,1978
464,1979
464,1980
464,1981
464,1982
464,1983
464,1984
464,1985
464,1986
464,1987
464,1988
464,1989
464,1990
464,1991
464,1992
464,1993
464,1994
464,1995
464,1996
464,1997
464,1998
464,1999
464,2000
