443,21
443,22
443,23
443,24
443,25
443,26
443,27
443,28
443,29
443,30
443,31
443,32
443,33
443,34
443,35
443,36
443,37
443,38
443,39
443,40
443,41
443,42
443,43
443,44
443,45
443,46
443,47
443,48
443,49
443,50
443,51
443,52
443,53
443,54
443,55
443,56
443,57
443,58
443,59
443,60
443,61
443,62
443,63
443,64
443,65
443,66
443,67
443,68
443,69
443,70
443,71
443,72
443,73
443,74
443,75
443,76
443,77
443,78
443,79
443,80
443,81
443,82
443,83
443,84
443,85
443,86
443,87
443,88
443,89
443,90
443,91
443,92
443,93
443,94
443,95
443,96
443,97
443,98
443,99
443,100
443,101
443,102
443,103
443,104
443,105
443,106
443,107
443,108
443,109
443,110
443,111
443,112
443,113
443,114
443,115
443,116
443,117
443,118
443,119
443,120
443,121
443,122
:78_7,123
:78_7,124
:78_7,125
:78_7,126
:78_7,127
69,128
69,129
69,130
69,131
69,132
69,133
69,134
69,135
69,136
69,137
69,138
69,139
69,140
69,141
69,142
69,143
69,144
69,145
69,146
69,147
69,148
69,149
69,150
69,151
69,152
69,153
69,154
69,155
69,156
69,157
69,158
69,159
69,160
69,161
69,162
69,163
69,164
69,165
69,166
69,167
69,168
69,169
69,170
69,171
69,172
69,173
69,174
:80_3,175
:80_3,176
:80_3,177
427,178
427,179
427,180
427,181
427,182
427,183
427,184
427,185
427,186
427,187
427,188
427,189
427,190
427,191
427,192
427,193
427,194
427,195
427,196
427,197
427,198
427,199
427,200
427,201
427,202
427,203
427,204
427,205
427,206
427,207
427,208
427,209
427,210
427,211
427,212
427,213
427,214
:108_3,215
:108_3,216
:108_3,217
:108_3,218
-359,219
-359,220
-359,221
-359,222
-359,223
-359,224
-359,225
-359,226
-359,227
-359,228
-359,229
-359,230
-359,231
-359,232
-359,233
-359,234
-359,235
-359,236
-359,237
-359,238
-359,239
-359,240
-359,241
-359,242
-359,243
-359,244
-359,245
-359,246
-359,247
-359,248
-359,249
-359,250
-359,251
-359,252
-359,253
-359,254
-359,255
-359,256
-359,257
-359,258
-359,259
-359,260
-359,261
-359,262
-359,263
-359,264
-359,265
-359,266
-359,267
-359,268
-359,269
-359,270
-359,271
-359,272
-359,273
-359,274
-359,275
-359,276
-359,277
-359,278
-359,279
-359,280
-359,281
-359,282
-359,283
-359,284
-359,285
-359,286
-359,287
-359,288
-359,289
-359,290
-359,291
-359,292
-359,293
-359,294
-359,295
-359,296
-359,297
-359,298
-359,299
-359,300
-359,301
-359,302
-359,303
-359,304
-359,305
-359,306
-359,307
-359,308
:145_10,309
:145_10,310
:145_10,311
:145_10,312
-131,313
-131,314
-131,315
-131,316
-131,317
-131,318
-131,319
-131,320
-131,321
-131,322
-131,323
-131,324
-131,325
-131,326
-131,327
-131,328
-131,329
-131,330
-131,331
-131,332
-131,333
-131,334
-131,335
-131,336
-131,337
-131,338
-131,339
-131,340
-131,341
-131,342
-131,343
-131,344
-131,345
-131,346
-131,347
-131,348
-131,349
-131,350
-131,351
-131,352
-131,353
-131,354
-131,355
-131,356
-131,357
-131,358
-131,359
-131,360
-131,361
-131,362
-131,363
-131,364
-131,365
-131,366
-131,367
-131,368
-131,369
-131,370
-131,371
-131,372
-131,373
-131,374
-131,375
-131,376
-131,377
-131,378
-131,379
-131,380
-131,381
-131,382
-131,383
-131,384
-131,385
-131,386
-131,387
-131,388
-131,389
-131,390
-131,391
-131,392
-131,393
-131,394
:86_4,395
:86_4,396
:86_4,397
:86_4,398
:86_4,399
130,400
130,401
130,402
130,403
130,404
130,405
130,406
130,407
130,408
130,409
130,410
130,411
130,412
130,413
130,414
130,415
130,416
130,417
130,418
130,419
130,420
130,421
130,422
130,423
130,424
130,425
130,426
130,427
130,428
130,429
130,430
130,431
130,432
-93,433
-93,434
-93,435
-93,436
-93,437
-93,438
-93,439
-93,440
-93,441
-93,442
-93,443
-93,444
-93,445
-93,446
-93,447
-93,448
-93,449
-93,450
-93,451
-93,452
-93,453
-93,454
-93,455
-93,456
-93,457
-93,458
-93,459
-93,460
-93,461
-93,462
-93,463
-93,464
-93,465
-93,466
-93,467
-93,468
-93,469
-93,470
-93,471
-93,472
-93,473
-93,474
-93,475
-93,476
-93,477
-93,478
-93,479
-93,480
-93,481
-93,482
-93,483
-93,484
-93,485
-93,486
-93,487
:105_0,488
:105_0,489
:105_0,490
:105_0,491
-89,492
-89,493
-89,494
-89,495
-89,496
-89,497
-89,498
-89,499
-89,500
-89,501
-89,502
-89,503
-89,504
-89,505
-89,506
-89,507
-89,508
-89,509
-89,510
-89,511
-89,512
-89,513
-89,514
-89,515
-89,516
-89,517
-89,518
-89,519
-89,520
-89,521
-89,522
-89,523
-89,524
-89,525
-89,526
-89,527
-89,528
-89,529
-89,530
-89,531
-89,532
-89,533
-89,534
-89,535
-89,536
-89,537
-89,538
-89,539
-89,540
-89,541
-89,542
-89,543
-89,544
-89,545
-89,546
-89,547
-89,548
-89,549
-89,550
-89,551
-89,552
-89,553
-89,554
-89,555
-89,556
-89,557
-89,558
-89,559
-89,560
-89,561
-89,562
-89,563
-89,564
-89,565
-89,566
-89,567
:104_5,568
:104_5,569
:104_5,570
:104_5,571
:104_5,572
90,573
90,574
90,575
90,576
90,577
90,578
90,579
90,580
90,581
90,582
90,583
90,584
90,585
90,586
90,587
90,588
90,589
90,590
90,591
90,592
90,593
90,594
90,595
90,596
90,597
90,598
90,599
90,600
90,601
90,602
90,603
90,604
90,605
90,606
90,607
90,608
90,609
90,610
90,611
90,612
90,613
90,614
90,615
90,616
90,617
90,618
90,619
90,620
90,621
90,622
90,623
90,624
90,625
90,626
90,627
90,628
90,629
90,630
90,631
90,632
90,633
90,634
90,635
90,636
90,637
90,638
90,639
90,640
90,641
90,642
90,643
90,644
90,645
90,646
90,647
90,648
90,649
90,650
90,651
90,652
90,653
90,654
90,655
90,656
90,657
90,658
90,659
90,660
90,661
90,662
90,663
90,664
90,665
90,666
90,667
90,668
90,669
90,670
90,671
90,672
90,673
90,674
90,675
90,676
90,677
90,678
90,679
90,680
90,681
90,682
90,683
90,684
90,685
90,686
90,687
90,688
90,689
90,690
90,691
90,692
90,693
90,694
90,695
90,696
90,697
90,698
90,699
90,700
90,701
90,702
90,703
90,704
90,705
90,706
90,707
90,708
90,709
90,710
90,711
90,712
90,713
:106_0,714
:106_0,715
:106_0,716
:106_0,717
:106_0,718
-325,719
-325,720
-325,721
-325,722
-325,723
-325,724
-325,725
-325,726
-325,727
-325,728
-325,729
-325,730
-325,731
-325,732
-325,733
-325,734
-325,735
-325,736
-325,737
-325,738
-325,739
-325,740
-325,741
-325,742
-325,743
-325,744
-325,745
-325,746
-325,747
-325,748
-325,749
-325,750
-325,751
-325,752
-325,753
-325,754
-325,755
-325,756
-325,757
-325,758
-325,759
-325,760
-325,761
-325,762
-325,763
-325,764
-325,765
-325,766
-325,767
-325,768
-325,769
-325,770
-325,771
-325,772
-325,773
-325,774
-325,775
-325,776
-325,777
-325,778
-325,779
-325,780
-325,781
-325,782
-325,783
-325,784
-325,785
-325,786
-325,787
-325,788
-325,789
-325,790
-325,791
-325,792
-325,793
-325,794
-325,795
-325,796
-325,797
-325,798
-325,799
-325,800
-325,801
-325,802
:246_1,803
:246_1,804
:246_1,805
:246_1,806
:246_1,807
-245,808
-245,809
-245,810
-245,811
-245,812
-245,813
-245,814
-245,815
-245,816
-245,817
-245,818
-245,819
-245,820
-245,821
-245,822
-245,823
-245,824
-245,825
-245,826
-245,827
-245,828
-245,829
-245,830
-245,831
-245,832
-245,833
-245,834
-245,835
-245,836
-245,837
-245,838
-245,839
-245,840
-245,841
-245,842
-245,843
-245,844
-245,845
-245,846
-245,847
-245,848
-245,849
-245,850
-245,851
-245,852
-245,853
-245,854
-245,855
-245,856
-245,857
-245,858
-245,859
-245,860
-245,861
-245,862
-245,863
-245,864
:215_6,865
:215_6,866
:215_6,867
:215_6,868
:215_6,869
401,870
401,871
401,872
401,873
401,874
401,875
401,876
401,877
401,878
401,879
401,880
401,881
401,882
401,883
401,884
401,885
401,886
401,887
401,888
401,889
401,890
401,891
401,892
401,893
401,894
401,895
401,896
401,897
401,898
401,899
401,900
401,901
401,902
401,903
401,904
401,905
401,906
401,907
401,908
401,909
401,910
401,911
401,912
401,913
401,914
401,915
401,916
401,917
401,918
401,919
401,920
401,921
401,922
401,923
401,924
401,925
401,926
401,927
401,928
401,929
401,930
401,931
401,932
401,933
401,934
401,935
401,936
401,937
401,938
401,939
401,940
401,941
401,942
401,943
401,944
401,945
401,946
401,947
401,948
401,949
401,950
401,951
401,952
401,953
401,954
401,955
401,956
401,957
401,958
401,959
401,960
401,961
401,962
401,963
401,964
401,965
401,966
401,967
401,968
401,969
401,970
401,971
401,972
401,973
401,974
401,975
401,976
401,977
401,978
401,979
401,980
401,981
401,982
401,983
401,984
401,985
401,986
401,987
401,988
401,989
401,990
401,991
401,992
401,993
401,994
401,995
401,996
401,997
401,998
401,999
401,1000
401,1001
401,1002
401,1003
401,1004
401,1005
401,1006
401,1007
401,1008
401,1009
401,1010
401,1011
401,1012
401,1013
401,1014
401,1015
401,1016
401,1017
401,1018
401,1019
401,1020
401,1021
401,1022
401,1023
401,1024
401,1025
401,1026
401,1027
401,1028
401,1029
401,1030
401,1031
401,1032
401,1033
401,1034
401,1035
401,1036
401,1037
401,1038
401,1039
401,1040
401,1041
401,1042
401,1043
401,1044
401,1045
401,1046
401,1047
401,1048
401,1049
401,1050
401,1051
401,1052
401,1053
401,1054
401,1055
401,1056
401,1057
401,1058
401,1059
401,1060
401,1061
401,1062
401,1063
401,1064
401,1065
401,1066
401,1067
401,1068
401,1069
401,1070
401,1071
:143_13,1072
:143_13,1073
:143_13,1074
:143_13,1075
:143_13,1076
:143_13,1077
406,1078
406,1079
406,1080
406,1081
406,1082
406,1083
406,1084
406,1085
406,1086
406,1087
406,1088
406,1089
406,1090
406,1091
406,1092
406,1093
406,1094
406,1095
406,1096
406,1097
406,1098
406,1099
406,1100
406,1101
406,1102
406,1103
406,1104
406,1105
406,1106
406,1107
406,1108
406,1109
406,1110
406,1111
406,1112
406,1113
406,1114
406,1115
406,1116
406,1117
406,1118
406,1119
406,1120
406,1121
406,1122
406,1123
406,1124
406,1125
406,1126
406,1127
406,1128
406,1129
406,1130
406,1131
406,1132
406,1133
406,1134
406,1135
406,1136
406,1137
406,1138
406,1139
406,1140
406,1141
406,1142
406,1143
406,1144
406,1145
406,1146
406,1147
406,1148
406,1149
406,1150
406,1151
406,1152
406,1153
406,1154
406,1155
406,1156
406,1157
406,1158
406,1159
406,1160
406,1161
406,1162
406,1163
406,1164
406,1165
406,1166
406,1167
406,1168
406,1169
406,1170
406,1171
406,1172
406,1173
406,1174
406,1175
406,1176
406,1177
406,1178
406,1179
406,1180
406,1181
406,1182
406,1183
406,1184
406,1185
406,1186
406,1187
406,1188
406,1189
406,1190
406,1191
406,1192
406,1193
406,1194
406,1195
406,1196
406,1197
406,1198
406,1199
406,1200
406,1201
406,1202
406,1203
406,1204
406,1205
406,1206
406,1207
406,1208
406,1209
406,1210
406,1211
406,1212
406,1213
406,1214
406,1215
406,1216
406,1217
406,1218
406,1219
406,1220
406,1221
406,1222
406,1223
406,1224
406,1225
406,1226
406,1227
406,1228
406,1229
406,1230
406,1231
406,1232
406,1233
406,1234
406,1235
406,1236
406,1237
406,1238
406,1239
406,1240
406,1241
406,1242
406,1243
406,1244
406,1245
406,1246
406,1247
406,1248
406,1249
406,1250
406,1251
406,1252
406,1253
406,1254
406,1255
406,1256
406,1257
406,1258
406,1259
406,1260
406,1261
406,1262
406,1263
406,1264
406,1265
406,1266
406,1267
406,1268
406,1269
406,1270
406,1271
406,1272
406,1273
406,1274
406,1275
406,1276
406,1277
406,1278
406,1279
406,1280
406,1281
406,1282
406,1283
406,1284
406,1285
406,1286
:28_6,1287
:28_6,1288
:28_6,1289
:28_6,1290
:28_6,1291
429,1292
429,1293
429,1294
429,1295
429,1296
429,1297
429,1298
429,1299
429,1300
429,1301
429,1302
429,1303
429,1304
429,1305
429,1306
429,1307
429,1308
429,1309
429,1310
429,1311
429,1312
429,1313
429,1314
429,1315
429,1316
429,1317
429,1318
429,1319
429,1320
429,1321
429,1322
429,1323
429,1324
429,1325
429,1326
429,1327
429,1328
429,1329
429,1330
429,1331
429,1332
429,1333
429,1334
429,1335
429,1336
429,1337
429,1338
429,1339
429,1340
429,1341
429,1342
429,1343
429,1344
429,1345
429,1346
429,1347
429,1348
429,1349
429,1350
429,1351
429,1352
429,1353
429,1354
429,1355
429,1356
429,1357
429,1358
429,1359
429,1360
429,1361
429,1362
429,1363
429,1364
429,1365
429,1366
429,1367
429,1368
429,1369
429,1370
429,1371
429,1372
429,1373
429,1374
429,1375
429,1376
429,1377
429,1378
429,1379
429,1380
429,1381
429,1382
429,1383
429,1384
429,1385
429,1386
429,1387
429,1388
429,1389
429,1390
429,1391
429,1392
429,1393
429,1394
429,1395
429,1396
429,1397
429,1398
429,1399
429,1400
429,1401
429,1402
429,1403
:23_0,1404
:23_0,1405
:23_0,1406
:23_0,1407
:23_0,1408
-19,1409
-19,1410
-19,1411
-19,1412
-19,1413
-19,1414
-19,1415
-19,1416
-19,1417
-19,1418
-19,1419
-19,1420
-19,1421
-19,1422
-19,1423
-19,1424
-19,1425
-19,1426
-19,1427
-19,1428
-19,1429
-19,1430
-19,1431
-19,1432
-19,1433
-19,1434
-19,1435
-19,1436
-19,1437
-19,1438
-19,1439
-19,1440
-19,1441
-19,1442
-19,1443
-19,1444
-19,1445
-19,1446
-19,1447
-19,1448
-19,1449
-19,1450
-19,1451
-19,1452
-19,1453
-19,1454
-19,1455
-19,1456
-19,1457
-19,1458
-19,1459
-19,1460
-19,1461
-19,1462
-19,1463
-19,1464
-19,1465
-19,1466
-19,1467
-19,1468
-19,1469
-19,1470
-19,1471
-19,1472
-19,1473
-19,1474
-19,1475
-19,1476
-19,1477
-19,1478
-19,1479
-19,1480
-19,1481
-19,1482
-19,1483
-19,1484
-19,1485
-19,1486
-19,1487
-19,1488
-19,1489
:22_2,1490
:22_16,1491
:22_16,1492
:22_16,1493
21,1494
21,1495
21,1496
21,1497
21,1498
21,1499
21,1500
21,1501
21,1502
21,1503
21,1504
21,1505
21,1506
21,1507
21,1508
21,1509
21,1510
21,1511
21,1512
21,1513
21,1514
21,1515
21,1516
21,1517
21,1518
21,1519
21,1520
21,1521
21,1522
21,1523
21,1524
21,1525
21,1526
21,1527
21,1528
21,1529
21,1530
21,1531
21,1532
21,1533
21,1534
21,1535
21,1536
21,1537
21,1538
21,1539
21,1540
21,1541
21,1542
21,1543
21,1544
21,1545
21,1546
21,1547
21,1548
21,1549
21,1550
21,1551
21,1552
21,1553
21,1554
21,1555
21,1556
21,1557
21,1558
21,1559
21,1560
21,1561
21,1562
21,1563
:25_0,1564
:25_0,1565
:25_0,1566
452,1567
452,1568
452,1569
452,1570
452,1571
452,1572
452,1573
452,1574
452,1575
452,1576
452,1577
452,1578
452,1579
452,1580
452,1581
452,1582
452,1583
452,1584
452,1585
452,1586
452,1587
452,1588
452,1589
452,1590
452,1591
452,1592
452,1593
452,1594
452,1595
452,1596
452,1597
452,1598
452,1599
452,1600
452,1601
452,1602
452,1603
452,1604
452,1605
452,1606
452,1607
452,1608
452,1609
452,1610
452,1611
452,1612
452,1613
452,1614
452,1615
452,1616
452,1617
452,1618
452,1619
452,1620
452,1621
452,1622
452,1623
452,1624
452,1625
452,1626
452,1627
452,1628
452,1629
452,1630
452,1631
452,1632
452,1633
452,1634
452,1635
452,1636
452,1637
452,1638
452,1639
452,1640
452,1641
452,1642
452,1643
452,1644
452,1645
452,1646
452,1647
452,1648
452,1649
452,1650
452,1651
452,1652
452,1653
452,1654
452,1655
452,1656
452,1657
452,1658
452,1659
452,1660
452,1661
452,1662
452,1663
452,1664
452,1665
452,1666
452,1667
452,1668
452,1669
452,1670
452,1671
452,1672
452,1673
452,1674
452,1675
452,1676
452,1677
452,1678
452,1679
452,1680
452,1681
452,1682
452,1683
452,1684
452,1685
452,1686
452,1687
452,1688
452,1689
452,1690
452,1691
452,1692
452,1693
452,1694
452,1695
452,1696
