194,1
194,2
194,3
194,4
194,5
194,6
194,7
194,8
194,9
194,10
194,11
194,12
194,13
194,14
194,15
194,16
194,17
194,18
194,19
194,20
194,21
194,22
194,23
194,24
194,25
194,26
194,27
194,28
194,29
194,30
194,31
194,32
194,33
194,34
194,35
194,36
194,37
194,38
194,39
194,40
194,41
194,42
194,43
194,44
194,45
194,46
194,47
194,48
194,49
194,50
194,51
194,52
194,53
194,54
194,55
194,56
194,57
194,58
194,59
194,60
194,61
194,62
194,63
194,64
194,65
194,66
194,67
194,68
194,69
194,70
194,71
194,72
194,73
194,74
194,75
194,76
194,77
194,78
194,79
194,80
194,81
194,82
194,83
194,84
194,85
194,86
194,87
194,88
194,89
194,90
194,91
194,92
194,93
194,94
194,95
194,96
194,97
194,98
194,99
194,100
194,101
194,102
194,103
194,104
194,105
194,106
194,107
194,108
194,109
194,110
194,111
194,112
194,113
194,114
194,115
194,116
194,117
194,118
194,119
194,120
194,121
194,122
194,123
194,124
194,125
194,126
194,127
194,128
194,129
194,130
194,131
194,132
194,133
194,134
194,135
194,136
194,137
194,138
194,139
194,140
194,141
194,142
194,143
194,144
194,145
194,146
194,147
194,148
194,149
194,150
194,151
194,152
194,153
194,154
194,155
194,156
194,157
194,158
194,159
194,160
194,161
194,162
194,163
194,164
194,165
194,166
194,167
194,168
194,169
194,170
194,171
194,172
194,173
194,174
194,175
194,176
194,177
194,178
194,179
194,180
194,181
194,182
194,183
194,184
194,185
194,186
194,187
194,188
194,189
194,190
194,191
194,192
194,193
194,194
194,195
194,196
194,197
194,198
194,199
194,200
194,201
194,202
194,203
194,204
194,205
194,206
:204_9,207
:204_9,208
:204_9,209
:204_9,210
:204_9,211
:204_9,212
:204_9,213
195,214
195,215
195,216
195,217
195,218
195,219
195,220
195,221
195,222
195,223
195,224
195,225
195,226
195,227
195,228
195,229
195,230
195,231
195,232
195,233
195,234
195,235
195,236
195,237
195,238
195,239
195,240
195,241
195,242
195,243
195,244
195,245
195,246
195,247
195,248
195,249
195,250
195,251
195,252
195,253
195,254
195,255
195,256
195,257
195,258
195,259
195,260
195,261
195,262
195,263
195,264
195,265
195,266
195,267
195,268
195,269
195,270
195,271
195,272
195,273
195,274
195,275
195,276
195,277
195,278
195,279
195,280
195,281
195,282
195,283
195,284
195,285
195,286
195,287
195,288
195,289
195,290
195,291
195,292
195,293
195,294
195,295
195,296
195,297
195,298
195,299
195,300
195,301
195,302
195,303
195,304
195,305
195,306
195,307
195,308
195,309
195,310
195,311
195,312
195,313
195,314
195,315
195,316
195,317
195,318
195,319
195,320
195,321
195,322
195,323
195,324
195,325
195,326
195,327
195,328
195,329
195,330
195,331
195,332
195,333
195,334
195,335
195,336
195,337
195,338
195,339
195,340
195,341
195,342
195,343
195,344
195,345
195,346
195,347
195,348
195,349
195,350
195,351
195,352
195,353
195,354
195,355
195,356
195,357
195,358
195,359
195,360
195,361
195,362
195,363
195,364
195,365
195,366
195,367
195,368
195,369
195,370
195,371
195,372
195,373
195,374
195,375
195,376
195,377
195,378
195,379
195,380
195,381
195,382
195,383
195,384
195,385
195,386
195,387
195,388
195,389
195,390
195,391
195,392
195,393
195,394
195,395
195,396
195,397
195,398
195,399
195,400
195,401
195,402
195,403
195,404
195,405
195,406
195,407
195,408
195,409
195,410
195,411
195,412
195,413
195,414
195,415
195,416
195,417
195,418
195,419
195,420
195,421
195,422
195,423
195,424
195,425
195,426
195,427
195,428
195,429
195,430
195,431
195,432
195,433
195,434
195,435
195,436
195,437
195,438
195,439
195,440
195,441
195,442
195,443
195,444
195,445
195,446
195,447
195,448
195,449
195,450
195,451
195,452
195,453
195,454
:191_13,455
:191_13,456
:191_13,457
:191_13,458
:191_13,459
:191_13,460
:191_13,461
-178,462
-178,463
-178,464
-178,465
-178,466
-178,467
-178,468
-178,469
-178,470
-178,471
-178,472
-178,473
-178,474
-178,475
-178,476
-178,477
-178,478
-178,479
-178,480
-178,481
-178,482
-178,483
-178,484
-178,485
-178,486
-178,487
-178,488
-178,489
-178,490
-178,491
-178,492
-178,493
-178,494
-178,495
-178,496
-178,497
-178,498
-178,499
-178,500
-178,501
-178,502
-178,503
-178,504
-178,505
-178,506
-178,507
-178,508
-178,509
-178,510
-178,511
-178,512
-178,513
-178,514
-178,515
-178,516
-178,517
-178,518
-178,519
-178,520
-178,521
-178,522
-178,523
-178,524
-178,525
-178,526
-178,527
-178,528
-178,529
-178,530
-178,531
-178,532
-178,533
-178,534
-178,535
-178,536
-178,537
-178,538
-178,539
-178,540
-178,541
-178,542
-178,543
-178,544
-178,545
-178,546
-178,547
-178,548
-178,549
-178,550
-178,551
-178,552
-178,553
-178,554
-178,555
-178,556
-178,557
-178,558
-178,559
-178,560
-178,561
-178,562
-178,563
-178,564
-178,565
-178,566
-178,567
-178,568
-178,569
-178,570
-178,571
-178,572
-178,573
-178,574
-178,575
-178,576
-178,577
-178,578
-178,579
-178,580
-178,581
-178,582
-178,583
-178,584
-178,585
-178,586
-178,587
-178,588
-178,589
-178,590
-178,591
-178,592
-178,593
-178,594
-178,595
-178,596
-178,597
-178,598
-178,599
-178,600
-178,601
-178,602
-178,603
-178,604
-178,605
-178,606
-178,607
-178,608
-178,609
-178,610
-178,611
-178,612
-178,613
-178,614
-178,615
-178,616
-178,617
-178,618
-178,619
-178,620
-178,621
-178,622
-178,623
-178,624
-178,625
-178,626
-178,627
-178,628
-178,629
-178,630
-178,631
-178,632
-178,633
-178,634
-178,635
-178,636
-178,637
-178,638
-178,639
-178,640
-178,641
-178,642
-178,643
-178,644
-178,645
-178,646
-178,647
-178,648
-178,649
-178,650
-178,651
-178,652
-178,653
-178,654
-178,655
-178,656
-178,657
-178,658
-178,659
-178,660
-178,661
-178,662
-178,663
-178,664
-178,665
-178,666
-178,667
-178,668
-178,669
-178,670
-178,671
-178,672
-178,673
-178,674
-178,675
-178,676
-178,677
-178,678
-178,679
:190_3,680
:190_3,681
:190_3,682
:190_3,683
:190_3,684
:190_3,685
:190_3,686
-177,687
-177,688
-177,689
-177,690
-177,691
-177,692
-177,693
-177,694
-177,695
-177,696
-177,697
-177,698
-177,699
-177,700
-177,701
-177,702
-177,703
-177,704
-177,705
-177,706
-177,707
-177,708
-177,709
-177,710
-177,711
-177,712
-177,713
-177,714
-177,715
-177,716
-177,717
-177,718
-177,719
-177,720
-177,721
-177,722
-177,723
-177,724
-177,725
-177,726
-177,727
-177,728
-177,729
-177,730
-177,731
-177,732
-177,733
-177,734
-177,735
-177,736
-177,737
-177,738
-177,739
-177,740
-177,741
-177,742
-177,743
-177,744
-177,745
-177,746
-177,747
-177,748
-177,749
-177,750
-177,751
-177,752
-177,753
-177,754
-177,755
-177,756
-177,757
-177,758
-177,759
-177,760
-177,761
-177,762
-177,763
-177,764
-177,765
-177,766
-177,767
-177,768
-177,769
-177,770
-177,771
-177,772
-177,773
-177,774
-177,775
-177,776
-177,777
-177,778
-177,779
-177,780
-177,781
-177,782
-177,783
-177,784
-177,785
-177,786
-177,787
-177,788
-177,789
-177,790
-177,791
-177,792
-177,793
-177,794
-177,795
-177,796
-177,797
-177,798
-177,799
-177,800
-177,801
-177,802
-177,803
-177,804
-177,805
-177,806
-177,807
-177,808
-177,809
-177,810
-177,811
-177,812
-177,813
-177,814
-177,815
-177,816
-177,817
-177,818
-177,819
-177,820
-177,821
-177,822
-177,823
-177,824
-177,825
-177,826
-177,827
-177,828
-177,829
-177,830
-177,831
-177,832
-177,833
-177,834
-177,835
-177,836
-177,837
-177,838
-177,839
-177,840
-177,841
-177,842
-177,843
-177,844
-177,845
-177,846
-177,847
-177,848
-177,849
-177,850
-177,851
-177,852
-177,853
-177,854
-177,855
-177,856
-177,857
-177,858
-177,859
:13_8,860
:13_8,861
685,862
685,863
685,864
685,865
685,866
685,867
685,868
685,869
685,870
685,871
685,872
685,873
685,874
685,875
685,876
685,877
685,878
685,879
685,880
685,881
685,882
685,883
685,884
685,885
:373_5,886
:373_5,887
684,888
684,889
684,890
684,891
684,892
684,893
684,894
684,895
684,896
684,897
684,898
684,899
684,900
684,901
684,902
684,903
684,904
684,905
684,906
684,907
684,908
684,909
684,910
684,911
684,912
:6_9,913
:6_9,914
6,915
6,916
6,917
6,918
6,919
6,920
6,921
6,922
6,923
6,924
6,925
6,926
6,927
6,928
6,929
6,930
6,931
6,932
6,933
6,934
6,935
6,936
6,937
6,938
6,939
6,940
6,941
6,942
6,943
6,944
6,945
6,946
6,947
6,948
6,949
6,950
6,951
6,952
6,953
6,954
6,955
6,956
6,957
6,958
6,959
6,960
6,961
6,962
6,963
6,964
6,965
6,966
6,967
6,968
6,969
6,970
6,971
6,972
6,973
6,974
6,975
6,976
6,977
6,978
6,979
6,980
6,981
6,982
6,983
6,984
6,985
6,986
6,987
6,988
6,989
6,990
6,991
6,992
6,993
6,994
6,995
6,996
6,997
6,998
6,999
6,1000
6,1001
6,1002
6,1003
6,1004
6,1005
6,1006
6,1007
6,1008
6,1009
6,1010
6,1011
6,1012
6,1013
6,1014
6,1015
6,1016
6,1017
6,1018
6,1019
6,1020
6,1021
6,1022
6,1023
6,1024
6,1025
6,1026
6,1027
6,1028
6,1029
6,1030
6,1031
6,1032
6,1033
6,1034
6,1035
6,1036
6,1037
6,1038
6,1039
6,1040
6,1041
6,1042
6,1043
6,1044
6,1045
6,1046
6,1047
6,1048
6,1049
6,1050
6,1051
6,1052
6,1053
6,1054
6,1055
6,1056
6,1057
6,1058
6,1059
6,1060
6,1061
6,1062
6,1063
6,1064
6,1065
6,1066
6,1067
6,1068
6,1069
6,1070
6,1071
6,1072
6,1073
6,1074
6,1075
6,1076
6,1077
6,1078
6,1079
6,1080
6,1081
6,1082
6,1083
6,1084
6,1085
6,1086
6,1087
6,1088
6,1089
6,1090
6,1091
6,1092
6,1093
6,1094
6,1095
6,1096
6,1097
6,1098
6,1099
6,1100
6,1101
6,1102
6,1103
6,1104
6,1105
6,1106
6,1107
6,1108
6,1109
6,1110
6,1111
6,1112
6,1113
6,1114
6,1115
6,1116
6,1117
6,1118
6,1119
6,1120
6,1121
6,1122
6,1123
6,1124
6,1125
6,1126
6,1127
6,1128
6,1129
6,1130
6,1131
6,1132
6,1133
6,1134
6,1135
6,1136
6,1137
6,1138
6,1139
6,1140
6,1141
6,1142
6,1143
6,1144
6,1145
6,1146
6,1147
6,1148
6,1149
6,1150
6,1151
6,1152
6,1153
6,1154
6,1155
6,1156
6,1157
6,1158
6,1159
6,1160
6,1161
6,1162
6,1163
6,1164
6,1165
6,1166
6,1167
6,1168
6,1169
6,1170
6,1171
6,1172
6,1173
6,1174
6,1175
:8_1,1176
7,1177
7,1178
7,1179
7,1180
7,1181
7,1182
7,1183
7,1184
7,1185
7,1186
7,1187
7,1188
7,1189
7,1190
7,1191
7,1192
7,1193
7,1194
7,1195
7,1196
7,1197
7,1198
7,1199
7,1200
7,1201
7,1202
7,1203
7,1204
7,1205
7,1206
7,1207
7,1208
7,1209
7,1210
7,1211
7,1212
7,1213
7,1214
7,1215
7,1216
7,1217
7,1218
7,1219
7,1220
7,1221
7,1222
7,1223
7,1224
7,1225
7,1226
7,1227
7,1228
7,1229
7,1230
7,1231
7,1232
7,1233
7,1234
7,1235
7,1236
7,1237
7,1238
7,1239
7,1240
7,1241
7,1242
7,1243
7,1244
7,1245
7,1246
7,1247
7,1248
7,1249
7,1250
7,1251
7,1252
7,1253
7,1254
7,1255
7,1256
7,1257
7,1258
7,1259
7,1260
7,1261
7,1262
7,1263
7,1264
8,1265
8,1266
8,1267
8,1268
8,1269
8,1270
8,1271
8,1272
8,1273
8,1274
8,1275
8,1276
8,1277
8,1278
8,1279
8,1280
8,1281
8,1282
8,1283
8,1284
8,1285
8,1286
8,1287
8,1288
8,1289
8,1290
8,1291
8,1292
8,1293
8,1294
8,1295
8,1296
8,1297
8,1298
8,1299
8,1300
8,1301
8,1302
8,1303
8,1304
8,1305
8,1306
8,1307
8,1308
8,1309
8,1310
8,1311
8,1312
8,1313
8,1314
8,1315
8,1316
8,1317
8,1318
8,1319
8,1320
8,1321
8,1322
8,1323
8,1324
8,1325
8,1326
8,1327
8,1328
8,1329
8,1330
8,1331
8,1332
8,1333
8,1334
8,1335
8,1336
8,1337
8,1338
8,1339
8,1340
8,1341
8,1342
9,1343
9,1344
9,1345
9,1346
9,1347
9,1348
9,1349
9,1350
9,1351
9,1352
9,1353
9,1354
9,1355
9,1356
9,1357
9,1358
9,1359
9,1360
9,1361
9,1362
9,1363
9,1364
9,1365
9,1366
9,1367
9,1368
9,1369
9,1370
9,1371
9,1372
9,1373
9,1374
9,1375
9,1376
9,1377
9,1378
9,1379
9,1380
9,1381
9,1382
9,1383
9,1384
9,1385
9,1386
9,1387
9,1388
9,1389
9,1390
9,1391
9,1392
9,1393
9,1394
9,1395
9,1396
9,1397
9,1398
9,1399
9,1400
9,1401
9,1402
9,1403
9,1404
9,1405
9,1406
9,1407
9,1408
9,1409
9,1410
9,1411
9,1412
9,1413
9,1414
9,1415
9,1416
10,1417
10,1418
10,1419
10,1420
10,1421
10,1422
10,1423
10,1424
10,1425
10,1426
10,1427
10,1428
10,1429
10,1430
10,1431
10,1432
10,1433
10,1434
10,1435
10,1436
10,1437
10,1438
10,1439
10,1440
10,1441
10,1442
10,1443
10,1444
10,1445
10,1446
10,1447
10,1448
10,1449
10,1450
10,1451
10,1452
10,1453
10,1454
10,1455
10,1456
10,1457
10,1458
10,1459
10,1460
10,1461
10,1462
10,1463
10,1464
10,1465
10,1466
10,1467
10,1468
10,1469
10,1470
10,1471
10,1472
10,1473
10,1474
10,1475
10,1476
10,1477
10,1478
10,1479
10,1480
10,1481
10,1482
10,1483
10,1484
10,1485
10,1486
10,1487
10,1488
10,1489
10,1490
11,1491
11,1492
11,1493
11,1494
11,1495
11,1496
11,1497
11,1498
11,1499
11,1500
11,1501
11,1502
11,1503
11,1504
11,1505
11,1506
11,1507
11,1508
11,1509
11,1510
11,1511
11,1512
11,1513
11,1514
11,1515
11,1516
11,1517
11,1518
11,1519
11,1520
11,1521
11,1522
11,1523
11,1524
11,1525
11,1526
11,1527
11,1528
11,1529
11,1530
11,1531
11,1532
11,1533
11,1534
11,1535
11,1536
11,1537
11,1538
11,1539
11,1540
11,1541
11,1542
11,1543
11,1544
11,1545
11,1546
11,1547
11,1548
11,1549
11,1550
11,1551
11,1552
11,1553
11,1554
11,1555
11,1556
11,1557
11,1558
11,1559
11,1560
11,1561
11,1562
11,1563
11,1564
11,1565
11,1566
11,1567
11,1568
11,1569
11,1570
11,1571
11,1572
11,1573
11,1574
11,1575
11,1576
11,1577
11,1578
11,1579
11,1580
11,1581
11,1582
11,1583
11,1584
11,1585
11,1586
11,1587
11,1588
11,1589
11,1590
11,1591
11,1592
11,1593
11,1594
11,1595
11,1596
11,1597
11,1598
11,1599
11,1600
11,1601
11,1602
11,1603
11,1604
11,1605
11,1606
11,1607
11,1608
11,1609
11,1610
11,1611
11,1612
11,1613
11,1614
11,1615
11,1616
11,1617
11,1618
11,1619
11,1620
11,1621
11,1622
11,1623
11,1624
11,1625
11,1626
11,1627
11,1628
11,1629
11,1630
11,1631
11,1632
11,1633
11,1634
11,1635
11,1636
11,1637
11,1638
11,1639
11,1640
:4_6,1641
:4_6,1642
:4_6,1643
:4_6,1644
-3,1645
-3,1646
-3,1647
-3,1648
-3,1649
-3,1650
-3,1651
-3,1652
-3,1653
-3,1654
-3,1655
-3,1656
-3,1657
-3,1658
-3,1659
-3,1660
-3,1661
-3,1662
-3,1663
-3,1664
-3,1665
-3,1666
-3,1667
-3,1668
-3,1669
-3,1670
-3,1671
-3,1672
-3,1673
-3,1674
-3,1675
-3,1676
-3,1677
-3,1678
-3,1679
-3,1680
-3,1681
-3,1682
-3,1683
-3,1684
-3,1685
-3,1686
-3,1687
-3,1688
-3,1689
-3,1690
-3,1691
-3,1692
-3,1693
-3,1694
-3,1695
-3,1696
-3,1697
-3,1698
-3,1699
-3,1700
-3,1701
-3,1702
-3,1703
-3,1704
-3,1705
-3,1706
-3,1707
-3,1708
-3,1709
-3,1710
-3,1711
-3,1712
-3,1713
-3,1714
-3,1715
-3,1716
-3,1717
-3,1718
-3,1719
-3,1720
-3,1721
-3,1722
-3,1723
-3,1724
-3,1725
-3,1726
-3,1727
-3,1728
-3,1729
-3,1730
-3,1731
-3,1732
-3,1733
-3,1734
-3,1735
-3,1736
-3,1737
-3,1738
-3,1739
-3,1740
-3,1741
-3,1742
-3,1743
-3,1744
-3,1745
-3,1746
-3,1747
-3,1748
-3,1749
-3,1750
-3,1751
-3,1752
-3,1753
-3,1754
-3,1755
-3,1756
-3,1757
-3,1758
-3,1759
-3,1760
-3,1761
-3,1762
-3,1763
-3,1764
-3,1765
-3,1766
-3,1767
-3,1768
-3,1769
-3,1770
-3,1771
-3,1772
-3,1773
-3,1774
-3,1775
-3,1776
-3,1777
-3,1778
-3,1779
-3,1780
-3,1781
-3,1782
-3,1783
-3,1784
-3,1785
-3,1786
-3,1787
-3,1788
-3,1789
-3,1790
-3,1791
-3,1792
-3,1793
-3,1794
-3,1795
-3,1796
-3,1797
-3,1798
-3,1799
-3,1800
-3,1801
-3,1802
-3,1803
-3,1804
-3,1805
-3,1806
-3,1807
-3,1808
-3,1809
-3,1810
-3,1811
-3,1812
-3,1813
-3,1814
-3,1815
-3,1816
-3,1817
-3,1818
-3,1819
-3,1820
-3,1821
-3,1822
-3,1823
-3,1824
-3,1825
-3,1826
-3,1827
-3,1828
-3,1829
-3,1830
-3,1831
-3,1832
-3,1833
-3,1834
-3,1835
-3,1836
-3,1837
-3,1838
-3,1839
-3,1840
-3,1841
-3,1842
-3,1843
-3,1844
-3,1845
-3,1846
-3,1847
-3,1848
-3,1849
-3,1850
-3,1851
-3,1852
-3,1853
-3,1854
-3,1855
-3,1856
-3,1857
-3,1858
-3,1859
-3,1860
-3,1861
-3,1862
-3,1863
-3,1864
-3,1865
-3,1866
-3,1867
-3,1868
-3,1869
-3,1870
-3,1871
-3,1872
-3,1873
-3,1874
-3,1875
-3,1876
-3,1877
-3,1878
-3,1879
-3,1880
-3,1881
-3,1882
-3,1883
-3,1884
-3,1885
-3,1886
-3,1887
-3,1888
-3,1889
-3,1890
-3,1891
-3,1892
-3,1893
-3,1894
-3,1895
-3,1896
-3,1897
-3,1898
-3,1899
-3,1900
-3,1901
-3,1902
-3,1903
-3,1904
-3,1905
-3,1906
-3,1907
-3,1908
-3,1909
-3,1910
-3,1911
-3,1912
-3,1913
-3,1914
-3,1915
-3,1916
-3,1917
-3,1918
-3,1919
-3,1920
-3,1921
-3,1922
-3,1923
-3,1924
-3,1925
-3,1926
-3,1927
-3,1928
-3,1929
-3,1930
-3,1931
-3,1932
-3,1933
-3,1934
-3,1935
-3,1936
-3,1937
-3,1938
-3,1939
-3,1940
-3,1941
-3,1942
-3,1943
-3,1944
-3,1945
-3,1946
-3,1947
-3,1948
-3,1949
-3,1950
-3,1951
-3,1952
-3,1953
-3,1954
-3,1955
-3,1956
-3,1957
-3,1958
-3,1959
-3,1960
-3,1961
-3,1962
-3,1963
-3,1964
-3,1965
-3,1966
-3,1967
-3,1968
-3,1969
-3,1970
-3,1971
-3,1972
-3,1973
-3,1974
-3,1975
-3,1976
-3,1977
-3,1978
-3,1979
-3,1980
-3,1981
-3,1982
-3,1983
-3,1984
-3,1985
-3,1986
:0_14,1987
:0_14,1988
:0_14,1989
:0_18,1990
:0_18,1991
:0_18,1992
:0_18,1993
0,1994
0,1995
0,1996
0,1997
0,1998
0,1999
0,2000
