-373,21
-373,22
-373,23
-373,24
-373,25
-373,26
-373,27
-373,28
-373,29
-373,30
-373,31
-373,32
-373,33
-373,34
-373,35
-373,36
-373,37
-373,38
-373,39
-373,40
-373,41
-373,42
-373,43
-373,44
-373,45
-373,46
-373,47
-373,48
-373,49
-373,50
-373,51
-373,52
-373,53
-373,54
-373,55
:266_1,56
:266_1,57
:266_9,58
:266_9,59
372,60
372,61
372,62
372,63
372,64
372,65
372,66
372,67
372,68
372,69
372,70
372,71
372,72
372,73
372,74
372,75
372,76
372,77
372,78
372,79
372,80
372,81
372,82
372,83
372,84
372,85
372,86
372,87
372,88
372,89
372,90
372,91
372,92
372,93
372,94
372,95
372,96
372,97
372,98
372,99
372,100
372,101
372,102
372,103
372,104
372,105
372,106
372,107
372,108
372,109
372,110
372,111
372,112
372,113
372,114
372,115
372,116
372,117
372,118
372,119
372,120
372,121
372,122
372,123
372,124
372,125
372,126
372,127
372,128
372,129
372,130
372,131
372,132
372,133
372,134
372,135
372,136
372,137
372,138
372,139
372,140
372,141
372,142
372,143
372,144
372,145
372,146
372,147
372,148
372,149
372,150
372,151
372,152
372,153
372,154
372,155
372,156
372,157
372,158
372,159
372,160
372,161
372,162
372,163
372,164
372,165
372,166
372,167
372,168
372,169
372,170
372,171
372,172
372,173
372,174
372,175
372,176
372,177
372,178
372,179
372,180
372,181
372,182
372,183
372,184
372,185
372,186
372,187
372,188
372,189
372,190
372,191
372,192
372,193
372,194
372,195
372,196
372,197
372,198
372,199
372,200
372,201
372,202
372,203
372,204
372,205
372,206
372,207
372,208
372,209
372,210
372,211
372,212
372,213
372,214
372,215
372,216
372,217
372,218
372,219
372,220
372,221
372,222
372,223
372,224
:155_5,225
:155_5,226
:155_5,227
:155_5,228
:155_5,229
:155_5,230
:155_5,231
:155_5,232
:155_5,233
:155_5,234
:155_5,235
:155_5,236
-139,237
-139,238
-139,239
-139,240
-139,241
-139,242
-139,243
-139,244
-139,245
-139,246
-139,247
-139,248
-139,249
-139,250
-139,251
-139,252
-139,253
-139,254
-139,255
-139,256
-139,257
-139,258
-139,259
-139,260
-139,261
-139,262
-139,263
-139,264
-139,265
-139,266
-139,267
-139,268
-139,269
-139,270
-139,271
-139,272
-139,273
-139,274
-139,275
-139,276
-139,277
-139,278
-139,279
-139,280
-139,281
-139,282
-139,283
-139,284
-139,285
-139,286
-139,287
-139,288
-139,289
-139,290
-139,291
-139,292
-139,293
-139,294
-139,295
-139,296
-139,297
-139,298
-139,299
-139,300
-139,301
-139,302
-139,303
-139,304
-139,305
-139,306
-139,307
-139,308
-139,309
-139,310
-139,311
-139,312
-139,313
-139,314
-139,315
-139,316
-139,317
-139,318
-139,319
-139,320
:153_5,321
:153_5,322
:153_5,323
:153_5,324
:153_5,325
140,326
140,327
140,328
140,329
140,330
140,331
140,332
140,333
140,334
140,335
140,336
140,337
140,338
140,339
140,340
140,341
140,342
140,343
140,344
140,345
140,346
140,347
140,348
140,349
140,350
140,351
140,352
140,353
140,354
140,355
140,356
140,357
140,358
140,359
140,360
140,361
140,362
140,363
140,364
140,365
140,366
140,367
140,368
140,369
140,370
140,371
140,372
140,373
140,374
140,375
140,376
140,377
140,378
140,379
140,380
140,381
140,382
140,383
140,384
140,385
140,386
140,387
140,388
140,389
140,390
140,391
140,392
140,393
140,394
140,395
140,396
140,397
140,398
140,399
140,400
140,401
:156_0,402
:156_0,403
:156_0,404
:156_0,405
141,406
141,407
141,408
141,409
141,410
141,411
141,412
141,413
141,414
141,415
141,416
141,417
141,418
141,419
141,420
141,421
141,422
141,423
141,424
141,425
141,426
141,427
141,428
141,429
141,430
141,431
141,432
141,433
141,434
141,435
141,436
141,437
141,438
141,439
141,440
141,441
141,442
141,443
141,444
141,445
141,446
141,447
141,448
141,449
141,450
141,451
141,452
141,453
141,454
141,455
141,456
:120_5,457
:120_5,458
:120_5,459
:120_5,460
-103,461
-103,462
-103,463
-103,464
-103,465
-103,466
-103,467
-103,468
-103,469
-103,470
-103,471
-103,472
-103,473
-103,474
-103,475
-103,476
-103,477
-103,478
-103,479
-103,480
-103,481
-103,482
-103,483
-103,484
-103,485
-103,486
-103,487
-103,488
-103,489
-103,490
-103,491
-103,492
-103,493
-103,494
-103,495
-103,496
-103,497
-103,498
-103,499
-103,500
-103,501
-103,502
-103,503
-103,504
-103,505
-103,506
-103,507
-103,508
-103,509
-103,510
-103,511
-103,512
-103,513
-103,514
-103,515
-103,516
-103,517
-103,518
-103,519
-103,520
-103,521
-103,522
-103,523
-103,524
-103,525
-103,526
-103,527
-103,528
-103,529
-103,530
-103,531
-103,532
-103,533
-103,534
-103,535
-103,536
-103,537
-103,538
-103,539
-103,540
-103,541
-103,542
-103,543
-103,544
-103,545
-103,546
-103,547
-103,548
-103,549
-103,550
-103,551
-103,552
-103,553
-103,554
-103,555
-103,556
-103,557
-103,558
-103,559
-103,560
-103,561
-103,562
-103,563
-103,564
-103,565
-103,566
-103,567
-103,568
-103,569
-103,570
-103,571
-103,572
-103,573
-103,574
-103,575
-103,576
-103,577
-103,578
-103,579
:119_1,580
:119_1,581
:119_1,582
:119_1,583
104,584
104,585
104,586
104,587
104,588
104,589
104,590
104,591
104,592
104,593
104,594
104,595
104,596
104,597
104,598
104,599
104,600
104,601
104,602
104,603
104,604
104,605
104,606
104,607
104,608
104,609
104,610
104,611
104,612
104,613
104,614
104,615
104,616
104,617
104,618
104,619
104,620
104,621
104,622
104,623
104,624
104,625
104,626
104,627
104,628
104,629
104,630
104,631
104,632
104,633
104,634
104,635
104,636
104,637
104,638
104,639
104,640
104,641
104,642
104,643
104,644
104,645
104,646
104,647
104,648
104,649
104,650
104,651
104,652
104,653
104,654
104,655
104,656
104,657
104,658
104,659
104,660
104,661
104,662
104,663
104,664
104,665
104,666
104,667
104,668
104,669
104,670
104,671
104,672
104,673
104,674
:87_1,675
:87_1,676
:87_1,677
:87_1,678
:87_1,679
-75,680
-75,681
-75,682
-75,683
-75,684
-75,685
-75,686
-75,687
-75,688
-75,689
-75,690
-75,691
-75,692
-75,693
-75,694
-75,695
-75,696
-75,697
-75,698
-75,699
-75,700
-75,701
-75,702
-75,703
-75,704
-75,705
-75,706
-75,707
-75,708
-75,709
-75,710
-75,711
-75,712
-75,713
-75,714
-75,715
-75,716
-75,717
-75,718
-75,719
-75,720
-75,721
-75,722
-75,723
-75,724
-75,725
-75,726
-75,727
-75,728
-75,729
-75,730
-75,731
-75,732
-75,733
-75,734
-75,735
-75,736
-75,737
-75,738
-75,739
-75,740
-75,741
-75,742
-75,743
-75,744
-75,745
-75,746
-75,747
-75,748
-75,749
-75,750
-75,751
-75,752
-75,753
-75,754
-75,755
-75,756
-75,757
-75,758
-75,759
-75,760
-75,761
-75,762
-75,763
-75,764
-75,765
-75,766
-75,767
-75,768
-75,769
-75,770
-75,771
-75,772
-75,773
-75,774
-75,775
-75,776
-75,777
-75,778
-75,779
-75,780
-75,781
-75,782
-75,783
-75,784
-75,785
-75,786
-75,787
-75,788
-75,789
-75,790
-75,791
-75,792
-75,793
-75,794
-75,795
-75,796
-75,797
:85_1,798
:85_1,799
:85_1,800
:85_1,801
:85_1,802
73,803
73,804
73,805
73,806
73,807
73,808
73,809
73,810
73,811
73,812
73,813
73,814
73,815
73,816
73,817
73,818
73,819
73,820
73,821
73,822
73,823
73,824
73,825
73,826
73,827
73,828
73,829
73,830
73,831
73,832
73,833
73,834
73,835
73,836
73,837
73,838
73,839
73,840
73,841
73,842
73,843
73,844
73,845
73,846
73,847
73,848
73,849
73,850
73,851
73,852
73,853
73,854
73,855
73,856
73,857
73,858
73,859
73,860
73,861
73,862
73,863
73,864
73,865
73,866
73,867
73,868
73,869
73,870
73,871
73,872
73,873
73,874
73,875
73,876
73,877
73,878
73,879
:86_0,880
:86_0,881
:86_0,882
:86_0,883
130,884
130,885
130,886
130,887
130,888
130,889
130,890
130,891
130,892
130,893
130,894
130,895
130,896
130,897
130,898
130,899
130,900
130,901
130,902
130,903
130,904
130,905
130,906
130,907
130,908
130,909
130,910
130,911
130,912
130,913
130,914
130,915
130,916
130,917
130,918
-93,919
-93,920
-93,921
-93,922
-93,923
-93,924
-93,925
-93,926
-93,927
-93,928
-93,929
-93,930
-93,931
-93,932
-93,933
-93,934
-93,935
-93,936
-93,937
-93,938
-93,939
-93,940
-93,941
-93,942
-93,943
-93,944
-93,945
-93,946
-93,947
-93,948
-93,949
-93,950
-93,951
-93,952
-93,953
-93,954
-93,955
-93,956
-93,957
-93,958
-93,959
-93,960
-93,961
-93,962
-93,963
-93,964
-93,965
-93,966
-93,967
-93,968
-93,969
-93,970
-93,971
-93,972
-93,973
-93,974
-93,975
-93,976
-93,977
:105_0,978
:105_0,979
:105_0,980
:105_0,981
:105_0,982
-89,983
-89,984
-89,985
-89,986
-89,987
-89,988
-89,989
-89,990
-89,991
-89,992
-89,993
-89,994
-89,995
-89,996
-89,997
-89,998
-89,999
-89,1000
-89,1001
-89,1002
-89,1003
-89,1004
-89,1005
-89,1006
-89,1007
-89,1008
-89,1009
-89,1010
-89,1011
-89,1012
-89,1013
-89,1014
-89,1015
-89,1016
-89,1017
-89,1018
-89,1019
-89,1020
-89,1021
-89,1022
-89,1023
-89,1024
-89,1025
-89,1026
-89,1027
-89,1028
-89,1029
-89,1030
-89,1031
-89,1032
-89,1033
-89,1034
-89,1035
-89,1036
-89,1037
-89,1038
-89,1039
-89,1040
-89,1041
-89,1042
-89,1043
-89,1044
-89,1045
-89,1046
-89,1047
-89,1048
-89,1049
-89,1050
-89,1051
-89,1052
-89,1053
-89,1054
-89,1055
-89,1056
-89,1057
-89,1058
-89,1059
-89,1060
-89,1061
-89,1062
:104_5,1063
:104_5,1064
:104_5,1065
:104_5,1066
:104_5,1067
90,1068
90,1069
90,1070
90,1071
90,1072
90,1073
90,1074
90,1075
90,1076
90,1077
90,1078
90,1079
90,1080
90,1081
90,1082
90,1083
90,1084
90,1085
90,1086
90,1087
90,1088
90,1089
90,1090
90,1091
90,1092
90,1093
90,1094
90,1095
90,1096
90,1097
90,1098
90,1099
90,1100
90,1101
90,1102
90,1103
90,1104
90,1105
90,1106
90,1107
90,1108
90,1109
90,1110
90,1111
90,1112
90,1113
90,1114
90,1115
90,1116
90,1117
90,1118
90,1119
90,1120
90,1121
90,1122
90,1123
90,1124
90,1125
90,1126
90,1127
90,1128
90,1129
90,1130
90,1131
90,1132
90,1133
90,1134
90,1135
90,1136
90,1137
90,1138
90,1139
90,1140
90,1141
90,1142
90,1143
90,1144
90,1145
90,1146
90,1147
90,1148
90,1149
90,1150
90,1151
90,1152
90,1153
90,1154
90,1155
90,1156
90,1157
90,1158
90,1159
90,1160
90,1161
90,1162
90,1163
90,1164
90,1165
90,1166
90,1167
90,1168
90,1169
90,1170
90,1171
90,1172
90,1173
90,1174
90,1175
90,1176
90,1177
90,1178
90,1179
90,1180
90,1181
90,1182
90,1183
90,1184
90,1185
90,1186
90,1187
90,1188
90,1189
90,1190
90,1191
90,1192
90,1193
90,1194
90,1195
90,1196
90,1197
90,1198
90,1199
90,1200
90,1201
90,1202
90,1203
90,1204
90,1205
90,1206
90,1207
90,1208
90,1209
90,1210
90,1211
90,1212
90,1213
90,1214
90,1215
90,1216
90,1217
90,1218
:106_0,1219
:106_0,1220
:106_0,1221
:106_0,1222
:106_0,1223
-325,1224
-325,1225
-325,1226
-325,1227
-325,1228
-325,1229
-325,1230
-325,1231
-325,1232
-325,1233
-325,1234
-325,1235
-325,1236
-325,1237
-325,1238
-325,1239
-325,1240
-325,1241
-325,1242
-325,1243
-325,1244
-325,1245
-325,1246
-325,1247
-325,1248
-325,1249
-325,1250
-325,1251
-325,1252
-325,1253
-325,1254
-325,1255
-325,1256
-325,1257
-325,1258
-325,1259
-325,1260
-325,1261
-325,1262
-325,1263
-325,1264
-325,1265
-325,1266
-325,1267
-325,1268
-325,1269
-325,1270
-325,1271
-325,1272
-325,1273
-325,1274
-325,1275
-325,1276
-325,1277
-325,1278
-325,1279
-325,1280
-325,1281
-325,1282
-325,1283
-325,1284
-325,1285
-325,1286
-325,1287
-325,1288
-325,1289
-325,1290
-325,1291
-325,1292
-325,1293
-325,1294
-325,1295
-325,1296
-325,1297
-325,1298
-325,1299
-325,1300
-325,1301
-325,1302
-325,1303
-325,1304
-325,1305
-325,1306
-325,1307
-325,1308
-325,1309
-325,1310
-325,1311
-325,1312
-325,1313
-325,1314
-325,1315
-325,1316
-325,1317
-325,1318
:246_1,1319
:246_1,1320
:246_1,1321
:246_1,1322
:246_1,1323
-245,1324
-245,1325
-245,1326
-245,1327
-245,1328
-245,1329
-245,1330
-245,1331
-245,1332
-245,1333
-245,1334
-245,1335
-245,1336
-245,1337
-245,1338
-245,1339
-245,1340
-245,1341
-245,1342
-245,1343
-245,1344
-245,1345
-245,1346
-245,1347
-245,1348
-245,1349
-245,1350
-245,1351
-245,1352
-245,1353
-245,1354
-245,1355
-245,1356
-245,1357
-245,1358
-245,1359
-245,1360
-245,1361
-245,1362
-245,1363
-245,1364
-245,1365
-245,1366
-245,1367
-245,1368
-245,1369
-245,1370
-245,1371
-245,1372
-245,1373
-245,1374
-245,1375
:215_5,1376
:215_5,1377
:215_5,1378
:215_5,1379
:215_5,1380
-244,1381
-244,1382
-244,1383
-244,1384
-244,1385
-244,1386
-244,1387
-244,1388
-244,1389
-244,1390
-244,1391
-244,1392
-244,1393
-244,1394
-244,1395
-244,1396
-244,1397
-244,1398
-244,1399
-244,1400
-244,1401
-244,1402
-244,1403
-244,1404
-244,1405
-244,1406
-244,1407
-244,1408
-244,1409
-244,1410
-244,1411
-244,1412
-244,1413
-244,1414
-244,1415
-244,1416
-244,1417
-244,1418
-244,1419
-244,1420
-244,1421
-244,1422
-244,1423
-244,1424
-244,1425
-244,1426
-244,1427
-244,1428
-244,1429
-244,1430
-244,1431
-244,1432
-244,1433
-244,1434
-244,1435
-244,1436
-244,1437
-244,1438
-244,1439
-244,1440
-244,1441
-244,1442
-244,1443
-244,1444
-244,1445
-244,1446
-244,1447
-244,1448
-244,1449
-244,1450
-244,1451
-244,1452
-244,1453
-244,1454
-244,1455
-244,1456
-244,1457
-244,1458
-244,1459
-244,1460
-244,1461
-244,1462
-244,1463
-244,1464
-244,1465
-244,1466
-244,1467
-244,1468
-244,1469
-244,1470
-244,1471
-244,1472
-244,1473
-244,1474
-244,1475
-244,1476
-244,1477
-244,1478
-244,1479
-244,1480
-244,1481
-244,1482
-244,1483
-244,1484
-244,1485
-244,1486
-244,1487
-244,1488
-244,1489
-244,1490
-244,1491
-244,1492
-244,1493
-244,1494
-244,1495
-244,1496
-244,1497
-244,1498
-244,1499
-244,1500
-244,1501
-244,1502
-244,1503
-244,1504
-244,1505
-244,1506
-244,1507
-244,1508
-244,1509
-244,1510
-244,1511
-244,1512
-244,1513
-244,1514
-244,1515
-244,1516
-244,1517
-244,1518
-244,1519
-244,1520
-244,1521
-244,1522
-244,1523
-244,1524
-244,1525
-244,1526
-244,1527
-244,1528
-244,1529
-244,1530
-244,1531
-244,1532
-244,1533
-244,1534
-244,1535
-244,1536
-244,1537
-244,1538
-244,1539
-244,1540
-244,1541
-244,1542
-244,1543
-244,1544
-244,1545
-244,1546
-244,1547
-244,1548
-244,1549
-244,1550
:179_5,1551
:179_5,1552
:179_5,1553
:179_5,1554
:179_5,1555
:179_5,1556
-243,1557
-243,1558
-243,1559
-243,1560
-243,1561
-243,1562
-243,1563
-243,1564
-243,1565
-243,1566
-243,1567
-243,1568
-243,1569
-243,1570
-243,1571
-243,1572
-243,1573
-243,1574
-243,1575
-243,1576
-243,1577
-243,1578
-243,1579
-243,1580
-243,1581
-243,1582
-243,1583
-243,1584
-243,1585
-243,1586
-243,1587
-243,1588
-243,1589
-243,1590
-243,1591
-243,1592
-243,1593
-243,1594
-243,1595
-243,1596
-243,1597
-243,1598
-243,1599
-243,1600
-243,1601
-243,1602
-243,1603
-243,1604
-243,1605
-243,1606
-243,1607
-243,1608
-243,1609
-243,1610
-243,1611
-243,1612
-243,1613
-243,1614
-243,1615
-243,1616
-243,1617
-243,1618
-243,1619
-243,1620
-243,1621
-243,1622
-243,1623
-243,1624
-243,1625
-243,1626
-243,1627
-243,1628
-243,1629
:245_1,1630
:245_1,1631
:245_1,1632
:245_1,1633
:245_1,1634
-242,1635
-242,1636
-242,1637
-242,1638
-242,1639
-242,1640
-242,1641
-242,1642
-242,1643
-242,1644
-242,1645
-242,1646
-242,1647
-242,1648
-242,1649
-242,1650
-242,1651
-242,1652
-242,1653
-242,1654
-242,1655
-242,1656
-242,1657
-242,1658
-242,1659
-242,1660
-242,1661
-242,1662
-242,1663
-242,1664
-242,1665
-242,1666
-242,1667
-242,1668
-242,1669
-242,1670
-242,1671
-242,1672
-242,1673
-242,1674
-242,1675
-242,1676
-242,1677
-242,1678
-242,1679
-242,1680
-242,1681
-242,1682
-242,1683
-242,1684
-242,1685
-242,1686
-242,1687
-242,1688
-242,1689
-242,1690
-242,1691
-242,1692
-242,1693
-242,1694
-242,1695
-242,1696
-242,1697
-242,1698
-242,1699
-242,1700
-242,1701
-242,1702
-242,1703
-242,1704
-242,1705
-242,1706
-242,1707
-242,1708
-242,1709
-242,1710
-242,1711
-242,1712
-242,1713
-242,1714
-242,1715
-242,1716
-242,1717
-242,1718
-242,1719
-242,1720
-242,1721
-242,1722
-242,1723
-242,1724
-242,1725
-242,1726
-242,1727
-242,1728
-242,1729
-242,1730
-242,1731
-242,1732
-242,1733
-242,1734
-242,1735
-242,1736
:244_6,1737
:244_6,1738
:244_16,1739
:244_16,1740
:244_16,1741
436,1742
436,1743
436,1744
436,1745
436,1746
436,1747
436,1748
436,1749
436,1750
436,1751
436,1752
436,1753
436,1754
436,1755
436,1756
436,1757
436,1758
436,1759
436,1760
436,1761
436,1762
436,1763
436,1764
436,1765
436,1766
436,1767
436,1768
436,1769
436,1770
436,1771
436,1772
436,1773
436,1774
436,1775
436,1776
436,1777
436,1778
436,1779
436,1780
436,1781
436,1782
436,1783
436,1784
436,1785
436,1786
436,1787
436,1788
436,1789
436,1790
436,1791
436,1792
436,1793
436,1794
436,1795
436,1796
436,1797
436,1798
436,1799
436,1800
436,1801
436,1802
436,1803
436,1804
436,1805
436,1806
436,1807
436,1808
436,1809
436,1810
436,1811
436,1812
436,1813
436,1814
436,1815
436,1816
436,1817
436,1818
436,1819
436,1820
436,1821
436,1822
436,1823
436,1824
436,1825
436,1826
436,1827
436,1828
436,1829
436,1830
436,1831
436,1832
:192_6,1833
:192_6,1834
:192_6,1835
471,1836
471,1837
471,1838
471,1839
471,1840
471,1841
471,1842
471,1843
471,1844
471,1845
471,1846
471,1847
471,1848
471,1849
471,1850
471,1851
471,1852
471,1853
471,1854
471,1855
471,1856
471,1857
471,1858
471,1859
471,1860
471,1861
471,1862
471,1863
471,1864
471,1865
471,1866
471,1867
471,1868
471,1869
471,1870
471,1871
471,1872
471,1873
471,1874
471,1875
471,1876
471,1877
471,1878
471,1879
471,1880
471,1881
471,1882
471,1883
471,1884
471,1885
471,1886
471,1887
471,1888
471,1889
471,1890
471,1891
471,1892
471,1893
:401_0,1894
:401_0,1895
:401_0,1896
:401_0,1897
-493,1898
-493,1899
-493,1900
-493,1901
-493,1902
-493,1903
-493,1904
-493,1905
-493,1906
-493,1907
-493,1908
-493,1909
-493,1910
-493,1911
-493,1912
-493,1913
-493,1914
-493,1915
-493,1916
-493,1917
-493,1918
-493,1919
-493,1920
-493,1921
-493,1922
-493,1923
-493,1924
-493,1925
-493,1926
-493,1927
-493,1928
-493,1929
-493,1930
-493,1931
-493,1932
-493,1933
-493,1934
-493,1935
-493,1936
-493,1937
-493,1938
-493,1939
-493,1940
-493,1941
-493,1942
-493,1943
-493,1944
-493,1945
-493,1946
-493,1947
-493,1948
-493,1949
-493,1950
-493,1951
-493,1952
-493,1953
-493,1954
-493,1955
-493,1956
-493,1957
-493,1958
-493,1959
-493,1960
-493,1961
-493,1962
-493,1963
-493,1964
-493,1965
-493,1966
-493,1967
-493,1968
-493,1969
-493,1970
-493,1971
-493,1972
-493,1973
:366_0,1974
:366_0,1975
:366_0,1976
:366_0,1977
:366_0,1978
494,1979
494,1980
494,1981
494,1982
494,1983
494,1984
494,1985
494,1986
494,1987
494,1988
494,1989
494,1990
494,1991
494,1992
494,1993
494,1994
494,1995
494,1996
494,1997
494,1998
494,1999
-611,2000
