600,21
600,22
600,23
600,24
600,25
600,26
600,27
600,28
600,29
600,30
600,31
600,32
600,33
600,34
600,35
600,36
600,37
600,38
600,39
600,40
600,41
600,42
600,43
600,44
600,45
600,46
600,47
600,48
600,49
600,50
600,51
600,52
600,53
600,54
600,55
600,56
600,57
600,58
600,59
600,60
600,61
600,62
600,63
600,64
600,65
600,66
600,67
600,68
600,69
600,70
600,71
600,72
600,73
600,74
600,75
600,76
600,77
600,78
600,79
600,80
600,81
600,82
600,83
600,84
600,85
600,86
600,87
600,88
600,89
600,90
600,91
600,92
600,93
600,94
600,95
600,96
600,97
600,98
600,99
600,100
600,101
600,102
600,103
600,104
600,105
600,106
600,107
600,108
600,109
600,110
600,111
600,112
600,113
600,114
600,115
600,116
600,117
600,118
600,119
600,120
600,121
600,122
600,123
600,124
600,125
600,126
600,127
600,128
600,129
600,130
600,131
600,132
600,133
600,134
600,135
600,136
600,137
600,138
600,139
600,140
600,141
600,142
600,143
600,144
600,145
600,146
600,147
600,148
600,149
600,150
600,151
600,152
600,153
600,154
600,155
600,156
600,157
600,158
600,159
600,160
600,161
600,162
600,163
600,164
600,165
600,166
600,167
600,168
600,169
600,170
600,171
600,172
600,173
600,174
600,175
600,176
600,177
600,178
600,179
600,180
600,181
600,182
600,183
600,184
600,185
600,186
600,187
600,188
600,189
600,190
600,191
600,192
600,193
600,194
600,195
600,196
600,197
600,198
600,199
600,200
600,201
600,202
600,203
600,204
600,205
600,206
600,207
600,208
600,209
600,210
600,211
600,212
600,213
600,214
600,215
600,216
600,217
600,218
600,219
600,220
600,221
600,222
600,223
600,224
600,225
600,226
600,227
600,228
600,229
600,230
600,231
600,232
600,233
600,234
600,235
600,236
600,237
600,238
600,239
600,240
600,241
600,242
600,243
600,244
600,245
600,246
600,247
600,248
600,249
600,250
600,251
600,252
600,253
600,254
600,255
600,256
600,257
600,258
600,259
600,260
600,261
600,262
600,263
600,264
600,265
600,266
600,267
600,268
600,269
600,270
600,271
600,272
600,273
600,274
600,275
600,276
600,277
600,278
600,279
600,280
600,281
600,282
600,283
600,284
600,285
600,286
600,287
600,288
600,289
600,290
600,291
600,292
600,293
600,294
600,295
600,296
600,297
600,298
600,299
600,300
600,301
600,302
600,303
600,304
600,305
600,306
600,307
600,308
600,309
600,310
600,311
600,312
600,313
600,314
600,315
600,316
600,317
600,318
600,319
600,320
600,321
600,322
600,323
600,324
600,325
600,326
600,327
600,328
600,329
600,330
600,331
600,332
600,333
600,334
600,335
600,336
600,337
600,338
600,339
600,340
600,341
600,342
600,343
600,344
600,345
600,346
600,347
600,348
600,349
600,350
600,351
600,352
600,353
600,354
600,355
600,356
600,357
600,358
600,359
600,360
600,361
600,362
600,363
600,364
600,365
600,366
600,367
600,368
600,369
600,370
600,371
600,372
600,373
600,374
600,375
600,376
600,377
600,378
600,379
600,380
600,381
600,382
600,383
600,384
600,385
600,386
600,387
600,388
600,389
600,390
600,391
600,392
600,393
600,394
600,395
600,396
600,397
600,398
600,399
600,400
600,401
600,402
600,403
600,404
600,405
600,406
600,407
600,408
600,409
600,410
600,411
600,412
600,413
600,414
600,415
600,416
600,417
600,418
600,419
600,420
600,421
600,422
600,423
600,424
600,425
600,426
600,427
600,428
600,429
600,430
600,431
600,432
600,433
600,434
600,435
600,436
600,437
600,438
600,439
600,440
600,441
600,442
600,443
600,444
600,445
600,446
600,447
600,448
600,449
600,450
600,451
600,452
600,453
600,454
600,455
600,456
600,457
600,458
600,459
600,460
600,461
600,462
600,463
600,464
600,465
600,466
600,467
600,468
600,469
600,470
600,471
600,472
600,473
600,474
600,475
600,476
600,477
600,478
600,479
600,480
600,481
600,482
600,483
600,484
600,485
600,486
600,487
600,488
600,489
600,490
600,491
600,492
600,493
600,494
600,495
600,496
600,497
600,498
600,499
600,500
600,501
600,502
600,503
600,504
600,505
600,506
600,507
600,508
600,509
600,510
600,511
600,512
600,513
600,514
600,515
600,516
600,517
600,518
600,519
600,520
600,521
600,522
600,523
600,524
600,525
600,526
600,527
600,528
600,529
600,530
600,531
600,532
600,533
600,534
600,535
600,536
600,537
600,538
600,539
600,540
600,541
600,542
600,543
600,544
600,545
600,546
600,547
600,548
600,549
600,550
600,551
600,552
600,553
600,554
600,555
600,556
600,557
600,558
600,559
600,560
600,561
600,562
600,563
600,564
600,565
600,566
600,567
600,568
600,569
600,570
600,571
600,572
600,573
600,574
600,575
600,576
600,577
600,578
600,579
600,580
600,581
600,582
600,583
600,584
600,585
600,586
600,587
600,588
600,589
600,590
600,591
600,592
600,593
600,594
600,595
600,596
600,597
600,598
600,599
600,600
600,601
600,602
600,603
600,604
600,605
600,606
600,607
600,608
600,609
600,610
600,611
600,612
600,613
600,614
600,615
600,616
600,617
600,618
600,619
600,620
600,621
600,622
600,623
600,624
600,625
600,626
600,627
600,628
600,629
600,630
600,631
600,632
600,633
600,634
600,635
600,636
600,637
600,638
600,639
600,640
600,641
600,642
600,643
600,644
600,645
600,646
600,647
600,648
600,649
600,650
600,651
600,652
600,653
600,654
600,655
600,656
600,657
600,658
600,659
600,660
600,661
600,662
600,663
600,664
600,665
600,666
600,667
600,668
600,669
600,670
600,671
600,672
600,673
600,674
600,675
600,676
600,677
600,678
600,679
600,680
600,681
600,682
600,683
600,684
600,685
600,686
600,687
600,688
600,689
600,690
600,691
600,692
600,693
600,694
600,695
600,696
600,697
600,698
600,699
600,700
600,701
600,702
600,703
600,704
600,705
600,706
600,707
600,708
600,709
600,710
600,711
600,712
600,713
600,714
600,715
600,716
600,717
600,718
600,719
600,720
600,721
600,722
600,723
600,724
600,725
600,726
600,727
600,728
600,729
600,730
600,731
600,732
600,733
600,734
600,735
600,736
600,737
600,738
600,739
600,740
600,741
600,742
600,743
600,744
600,745
600,746
600,747
600,748
600,749
600,750
600,751
600,752
600,753
600,754
600,755
600,756
600,757
600,758
600,759
600,760
600,761
600,762
600,763
600,764
600,765
600,766
600,767
600,768
600,769
600,770
600,771
600,772
600,773
600,774
600,775
600,776
600,777
600,778
600,779
600,780
600,781
600,782
600,783
600,784
600,785
600,786
600,787
600,788
600,789
600,790
600,791
600,792
600,793
600,794
600,795
600,796
600,797
600,798
600,799
600,800
600,801
600,802
600,803
600,804
600,805
600,806
600,807
600,808
600,809
600,810
600,811
600,812
600,813
600,814
600,815
600,816
600,817
600,818
600,819
600,820
600,821
600,822
600,823
600,824
600,825
600,826
600,827
600,828
600,829
600,830
600,831
600,832
600,833
600,834
600,835
600,836
600,837
600,838
600,839
600,840
600,841
600,842
600,843
600,844
600,845
600,846
600,847
600,848
600,849
600,850
600,851
600,852
600,853
600,854
600,855
600,856
600,857
600,858
600,859
600,860
600,861
600,862
600,863
600,864
600,865
600,866
600,867
600,868
600,869
600,870
600,871
600,872
600,873
600,874
600,875
600,876
600,877
600,878
600,879
600,880
600,881
600,882
600,883
600,884
600,885
600,886
600,887
600,888
600,889
600,890
600,891
600,892
600,893
600,894
600,895
600,896
600,897
600,898
600,899
600,900
600,901
600,902
600,903
600,904
600,905
600,906
600,907
600,908
600,909
600,910
600,911
600,912
600,913
600,914
600,915
600,916
600,917
600,918
600,919
600,920
600,921
600,922
600,923
600,924
600,925
600,926
600,927
600,928
600,929
600,930
600,931
600,932
600,933
600,934
600,935
600,936
600,937
600,938
600,939
600,940
600,941
600,942
600,943
600,944
600,945
600,946
600,947
600,948
600,949
600,950
600,951
600,952
600,953
600,954
600,955
600,956
600,957
600,958
600,959
600,960
600,961
600,962
600,963
600,964
600,965
600,966
600,967
600,968
600,969
600,970
600,971
600,972
600,973
600,974
600,975
600,976
600,977
600,978
600,979
600,980
600,981
600,982
600,983
600,984
600,985
600,986
600,987
600,988
600,989
600,990
600,991
600,992
600,993
600,994
600,995
600,996
600,997
600,998
600,999
600,1000
600,1001
600,1002
600,1003
600,1004
600,1005
600,1006
600,1007
600,1008
600,1009
600,1010
600,1011
600,1012
600,1013
600,1014
600,1015
600,1016
600,1017
600,1018
600,1019
600,1020
600,1021
600,1022
600,1023
600,1024
600,1025
600,1026
600,1027
600,1028
600,1029
600,1030
600,1031
600,1032
600,1033
600,1034
600,1035
600,1036
600,1037
600,1038
600,1039
600,1040
600,1041
600,1042
600,1043
600,1044
600,1045
600,1046
600,1047
600,1048
600,1049
600,1050
600,1051
600,1052
600,1053
600,1054
600,1055
600,1056
600,1057
600,1058
600,1059
600,1060
600,1061
600,1062
600,1063
600,1064
600,1065
600,1066
600,1067
600,1068
600,1069
600,1070
600,1071
600,1072
600,1073
600,1074
600,1075
600,1076
600,1077
600,1078
600,1079
600,1080
600,1081
600,1082
600,1083
600,1084
600,1085
600,1086
600,1087
600,1088
600,1089
600,1090
600,1091
600,1092
600,1093
600,1094
600,1095
600,1096
600,1097
600,1098
600,1099
600,1100
600,1101
600,1102
600,1103
600,1104
600,1105
600,1106
600,1107
600,1108
600,1109
600,1110
600,1111
600,1112
600,1113
600,1114
600,1115
600,1116
600,1117
600,1118
600,1119
600,1120
600,1121
600,1122
600,1123
600,1124
600,1125
600,1126
600,1127
600,1128
600,1129
600,1130
600,1131
600,1132
600,1133
600,1134
600,1135
600,1136
600,1137
600,1138
600,1139
600,1140
600,1141
600,1142
600,1143
600,1144
600,1145
600,1146
600,1147
600,1148
600,1149
600,1150
600,1151
600,1152
600,1153
600,1154
600,1155
600,1156
600,1157
600,1158
600,1159
600,1160
600,1161
600,1162
600,1163
600,1164
600,1165
600,1166
600,1167
600,1168
600,1169
600,1170
600,1171
600,1172
600,1173
600,1174
600,1175
600,1176
600,1177
600,1178
600,1179
600,1180
600,1181
600,1182
600,1183
600,1184
600,1185
600,1186
600,1187
600,1188
600,1189
600,1190
600,1191
600,1192
600,1193
600,1194
600,1195
600,1196
600,1197
600,1198
600,1199
600,1200
600,1201
600,1202
600,1203
600,1204
600,1205
600,1206
600,1207
600,1208
600,1209
600,1210
600,1211
600,1212
600,1213
600,1214
600,1215
600,1216
600,1217
600,1218
600,1219
600,1220
600,1221
600,1222
600,1223
600,1224
600,1225
600,1226
600,1227
600,1228
600,1229
600,1230
600,1231
600,1232
600,1233
600,1234
600,1235
600,1236
600,1237
600,1238
600,1239
600,1240
600,1241
600,1242
600,1243
600,1244
600,1245
600,1246
600,1247
600,1248
600,1249
600,1250
600,1251
600,1252
600,1253
600,1254
600,1255
600,1256
600,1257
600,1258
600,1259
600,1260
600,1261
600,1262
600,1263
600,1264
600,1265
600,1266
600,1267
600,1268
600,1269
600,1270
600,1271
600,1272
600,1273
600,1274
600,1275
600,1276
600,1277
600,1278
600,1279
600,1280
600,1281
600,1282
600,1283
600,1284
600,1285
600,1286
600,1287
600,1288
600,1289
600,1290
600,1291
600,1292
600,1293
600,1294
600,1295
600,1296
600,1297
600,1298
600,1299
600,1300
600,1301
600,1302
600,1303
600,1304
600,1305
600,1306
600,1307
600,1308
600,1309
600,1310
600,1311
600,1312
600,1313
600,1314
600,1315
600,1316
600,1317
600,1318
600,1319
600,1320
600,1321
600,1322
600,1323
600,1324
600,1325
600,1326
600,1327
600,1328
600,1329
600,1330
600,1331
600,1332
600,1333
600,1334
600,1335
600,1336
600,1337
600,1338
600,1339
600,1340
600,1341
600,1342
600,1343
600,1344
600,1345
600,1346
600,1347
600,1348
600,1349
600,1350
600,1351
600,1352
600,1353
600,1354
600,1355
600,1356
600,1357
600,1358
600,1359
600,1360
600,1361
600,1362
600,1363
600,1364
600,1365
600,1366
600,1367
600,1368
600,1369
600,1370
600,1371
600,1372
600,1373
600,1374
600,1375
600,1376
600,1377
600,1378
600,1379
600,1380
600,1381
600,1382
600,1383
600,1384
600,1385
600,1386
600,1387
600,1388
600,1389
600,1390
600,1391
600,1392
600,1393
600,1394
600,1395
600,1396
600,1397
600,1398
600,1399
600,1400
600,1401
600,1402
600,1403
600,1404
600,1405
600,1406
600,1407
600,1408
600,1409
600,1410
600,1411
600,1412
600,1413
600,1414
600,1415
600,1416
600,1417
600,1418
600,1419
600,1420
600,1421
600,1422
600,1423
600,1424
600,1425
600,1426
600,1427
600,1428
600,1429
600,1430
600,1431
600,1432
600,1433
600,1434
600,1435
600,1436
600,1437
600,1438
600,1439
600,1440
600,1441
600,1442
600,1443
600,1444
600,1445
600,1446
600,1447
600,1448
600,1449
600,1450
600,1451
600,1452
600,1453
600,1454
600,1455
600,1456
600,1457
600,1458
600,1459
600,1460
600,1461
600,1462
600,1463
600,1464
600,1465
:252_4,1466
:252_4,1467
:252_4,1468
:252_4,1469
:252_4,1470
:252_4,1471
:252_4,1472
:252_4,1473
:252_10,1474
:252_10,1475
:252_10,1476
:252_10,1477
:252_10,1478
:252_10,1479
:252_10,1480
:252_10,1481
:252_10,1482
:252_10,1483
:252_10,1484
:252_10,1485
:252_10,1486
:252_10,1487
253,1488
253,1489
253,1490
253,1491
253,1492
253,1493
253,1494
253,1495
253,1496
253,1497
253,1498
253,1499
253,1500
253,1501
253,1502
253,1503
253,1504
253,1505
253,1506
253,1507
253,1508
253,1509
253,1510
253,1511
253,1512
253,1513
253,1514
253,1515
253,1516
253,1517
253,1518
253,1519
253,1520
253,1521
253,1522
253,1523
253,1524
253,1525
253,1526
253,1527
253,1528
253,1529
253,1530
253,1531
253,1532
253,1533
253,1534
253,1535
253,1536
253,1537
253,1538
253,1539
253,1540
253,1541
253,1542
:254_6,1543
:254_6,1544
:254_16,1545
:254_16,1546
:254_16,1547
327,1548
327,1549
327,1550
327,1551
327,1552
327,1553
327,1554
327,1555
327,1556
327,1557
327,1558
327,1559
327,1560
327,1561
327,1562
327,1563
327,1564
327,1565
327,1566
327,1567
327,1568
327,1569
327,1570
327,1571
327,1572
327,1573
327,1574
327,1575
327,1576
327,1577
327,1578
327,1579
327,1580
327,1581
327,1582
327,1583
327,1584
327,1585
327,1586
327,1587
327,1588
327,1589
327,1590
327,1591
327,1592
327,1593
327,1594
327,1595
327,1596
327,1597
327,1598
327,1599
327,1600
327,1601
327,1602
327,1603
327,1604
328,1605
328,1606
328,1607
328,1608
328,1609
328,1610
328,1611
328,1612
328,1613
328,1614
328,1615
328,1616
328,1617
328,1618
328,1619
328,1620
328,1621
328,1622
328,1623
328,1624
328,1625
328,1626
328,1627
328,1628
328,1629
328,1630
328,1631
328,1632
328,1633
328,1634
328,1635
328,1636
328,1637
328,1638
328,1639
328,1640
328,1641
328,1642
328,1643
328,1644
328,1645
328,1646
328,1647
328,1648
328,1649
328,1650
328,1651
328,1652
328,1653
328,1654
328,1655
328,1656
328,1657
328,1658
328,1659
328,1660
328,1661
328,1662
328,1663
328,1664
328,1665
328,1666
328,1667
328,1668
328,1669
328,1670
:304_0,1671
329,1672
329,1673
329,1674
329,1675
329,1676
329,1677
329,1678
329,1679
329,1680
329,1681
329,1682
329,1683
329,1684
329,1685
329,1686
329,1687
329,1688
329,1689
329,1690
329,1691
329,1692
329,1693
329,1694
329,1695
329,1696
329,1697
329,1698
329,1699
329,1700
329,1701
329,1702
329,1703
329,1704
329,1705
329,1706
329,1707
329,1708
329,1709
329,1710
329,1711
329,1712
329,1713
329,1714
329,1715
329,1716
329,1717
329,1718
329,1719
329,1720
329,1721
329,1722
329,1723
329,1724
329,1725
329,1726
329,1727
329,1728
329,1729
329,1730
329,1731
329,1732
329,1733
329,1734
329,1735
329,1736
329,1737
329,1738
329,1739
329,1740
330,1741
330,1742
330,1743
330,1744
330,1745
330,1746
330,1747
330,1748
330,1749
330,1750
330,1751
330,1752
330,1753
330,1754
330,1755
330,1756
330,1757
330,1758
330,1759
330,1760
330,1761
330,1762
330,1763
330,1764
330,1765
330,1766
330,1767
330,1768
330,1769
330,1770
330,1771
330,1772
330,1773
330,1774
330,1775
330,1776
330,1777
330,1778
330,1779
330,1780
330,1781
330,1782
330,1783
330,1784
330,1785
330,1786
330,1787
330,1788
330,1789
330,1790
330,1791
330,1792
330,1793
330,1794
330,1795
330,1796
330,1797
330,1798
331,1799
331,1800
331,1801
331,1802
331,1803
331,1804
331,1805
331,1806
331,1807
331,1808
331,1809
331,1810
331,1811
331,1812
331,1813
331,1814
331,1815
331,1816
331,1817
331,1818
331,1819
331,1820
331,1821
331,1822
331,1823
331,1824
331,1825
331,1826
331,1827
331,1828
331,1829
331,1830
331,1831
331,1832
331,1833
331,1834
331,1835
331,1836
331,1837
331,1838
331,1839
331,1840
331,1841
331,1842
331,1843
331,1844
331,1845
331,1846
331,1847
331,1848
331,1849
331,1850
331,1851
331,1852
331,1853
331,1854
331,1855
331,1856
331,1857
331,1858
331,1859
331,1860
331,1861
331,1862
331,1863
331,1864
331,1865
331,1866
331,1867
331,1868
331,1869
331,1870
331,1871
331,1872
331,1873
331,1874
:307_1,1875
:307_1,1876
:307_1,1877
:307_1,1878
:307_1,1879
332,1880
332,1881
332,1882
332,1883
332,1884
332,1885
332,1886
332,1887
332,1888
332,1889
332,1890
332,1891
332,1892
332,1893
332,1894
332,1895
332,1896
332,1897
332,1898
332,1899
332,1900
332,1901
332,1902
332,1903
332,1904
332,1905
332,1906
332,1907
332,1908
332,1909
332,1910
332,1911
332,1912
332,1913
332,1914
332,1915
332,1916
332,1917
332,1918
332,1919
332,1920
332,1921
332,1922
332,1923
332,1924
332,1925
332,1926
333,1927
333,1928
333,1929
333,1930
333,1931
333,1932
333,1933
333,1934
333,1935
333,1936
333,1937
333,1938
333,1939
333,1940
333,1941
333,1942
333,1943
333,1944
333,1945
333,1946
333,1947
333,1948
333,1949
333,1950
333,1951
333,1952
333,1953
333,1954
333,1955
333,1956
333,1957
333,1958
333,1959
333,1960
333,1961
333,1962
333,1963
333,1964
333,1965
333,1966
333,1967
333,1968
333,1969
333,1970
333,1971
333,1972
333,1973
333,1974
333,1975
333,1976
333,1977
333,1978
333,1979
333,1980
333,1981
333,1982
333,1983
333,1984
333,1985
333,1986
333,1987
333,1988
333,1989
333,1990
333,1991
333,1992
333,1993
333,1994
333,1995
333,1996
333,1997
333,1998
333,1999
334,2000
