-403,21
-403,22
-403,23
-403,24
-403,25
-403,26
-403,27
-403,28
-403,29
-403,30
-403,31
-403,32
-403,33
-403,34
-403,35
-403,36
-403,37
-403,38
-403,39
-403,40
-403,41
-403,42
-403,43
-403,44
-403,45
-403,46
-403,47
-403,48
-403,49
-403,50
-403,51
-403,52
-403,53
-403,54
-403,55
-403,56
-403,57
-403,58
-403,59
-403,60
-403,61
-403,62
-403,63
-403,64
-403,65
-403,66
-403,67
-403,68
-403,69
-403,70
-403,71
-403,72
-403,73
-403,74
-403,75
-403,76
-403,77
-403,78
-403,79
-403,80
-403,81
-403,82
-403,83
-403,84
-403,85
-403,86
-403,87
-403,88
-403,89
-403,90
-403,91
-403,92
-403,93
-403,94
-403,95
-403,96
-403,97
-403,98
-403,99
-403,100
-403,101
-403,102
-403,103
-403,104
-403,105
-403,106
-403,107
-403,108
-403,109
-403,110
-403,111
-403,112
-403,113
-403,114
-403,115
-403,116
-403,117
-403,118
-403,119
-403,120
-403,121
-403,122
-403,123
-403,124
-403,125
-403,126
-403,127
-403,128
-403,129
-403,130
-403,131
-403,132
-403,133
-403,134
-403,135
-403,136
-403,137
-403,138
-403,139
-403,140
-403,141
-403,142
-403,143
-403,144
-403,145
-403,146
-403,147
-403,148
-403,149
-403,150
-403,151
-403,152
-403,153
-403,154
-403,155
-403,156
-403,157
-403,158
-403,159
-403,160
-403,161
-403,162
-403,163
-403,164
-403,165
-403,166
-403,167
-403,168
-403,169
-403,170
-403,171
-403,172
-403,173
-403,174
-403,175
-403,176
-403,177
-403,178
-403,179
-403,180
-403,181
-403,182
-403,183
-403,184
-403,185
-403,186
:102_3,187
:102_3,188
:102_3,189
:102_3,190
-87,191
-87,192
-87,193
-87,194
-87,195
-87,196
-87,197
-87,198
-87,199
-87,200
-87,201
-87,202
-87,203
-87,204
-87,205
-87,206
-87,207
-87,208
-87,209
-87,210
-87,211
-87,212
-87,213
-87,214
-87,215
-87,216
-87,217
-87,218
-87,219
-87,220
-87,221
-87,222
-87,223
-87,224
-87,225
-87,226
-87,227
-87,228
-87,229
-87,230
-87,231
-87,232
-87,233
-87,234
-87,235
-87,236
-87,237
-87,238
-87,239
-87,240
-87,241
-87,242
-87,243
-87,244
-87,245
-87,246
-87,247
-87,248
-87,249
-87,250
-87,251
-87,252
-87,253
-87,254
-87,255
-87,256
-87,257
-87,258
-87,259
-87,260
-87,261
-87,262
-87,263
-87,264
-87,265
-87,266
-87,267
-87,268
-87,269
-87,270
-87,271
-87,272
-87,273
-87,274
-87,275
-87,276
-87,277
-87,278
-87,279
-87,280
-87,281
-87,282
-87,283
-87,284
-87,285
-87,286
-87,287
-87,288
-87,289
-87,290
-87,291
-87,292
-87,293
-87,294
-87,295
-87,296
-87,297
-87,298
-87,299
-87,300
-87,301
-87,302
-87,303
-87,304
-87,305
-87,306
-87,307
-87,308
-87,309
-87,310
-87,311
-87,312
-87,313
-87,314
-87,315
-87,316
-87,317
-87,318
-87,319
-87,320
-87,321
-87,322
-87,323
-87,324
-87,325
-87,326
-87,327
-87,328
-87,329
-87,330
-87,331
-87,332
-87,333
-87,334
-87,335
-87,336
-87,337
-87,338
-87,339
-87,340
-87,341
-87,342
-87,343
-87,344
-87,345
-87,346
-87,347
-87,348
-87,349
-87,350
-87,351
-87,352
-87,353
-87,354
-87,355
-87,356
-87,357
-87,358
-87,359
-87,360
-87,361
-87,362
-87,363
-87,364
-87,365
:27_9,366
:27_9,367
:27_9,368
:27_9,369
:27_9,370
:27_9,371
:27_9,372
-23,373
-23,374
-23,375
-23,376
-23,377
-23,378
-23,379
-23,380
-23,381
-23,382
-23,383
-23,384
-23,385
-23,386
-23,387
-23,388
-23,389
-23,390
-23,391
-23,392
-23,393
-23,394
-23,395
-23,396
-23,397
-23,398
-23,399
-23,400
-23,401
-23,402
-23,403
-23,404
-23,405
-23,406
-23,407
-23,408
-23,409
-23,410
-23,411
-23,412
-23,413
-23,414
-23,415
-23,416
-23,417
-23,418
-23,419
-23,420
-23,421
-23,422
-23,423
-23,424
-23,425
-23,426
-23,427
-23,428
-23,429
-23,430
-23,431
-23,432
-23,433
-23,434
-23,435
-23,436
-23,437
-23,438
-23,439
-23,440
-23,441
-23,442
-23,443
-23,444
-23,445
-23,446
-23,447
-23,448
-23,449
-23,450
-23,451
-23,452
-23,453
-23,454
-23,455
-23,456
-23,457
-23,458
-23,459
-23,460
-23,461
-23,462
-23,463
-23,464
-23,465
-23,466
-23,467
-23,468
-23,469
-23,470
-23,471
-23,472
-23,473
-23,474
-23,475
-23,476
-23,477
-23,478
-23,479
-23,480
-23,481
-23,482
-23,483
-23,484
-23,485
-23,486
-23,487
-23,488
-23,489
-23,490
-23,491
-23,492
-23,493
-23,494
-23,495
-23,496
-23,497
-23,498
-23,499
-23,500
-23,501
-23,502
-23,503
-23,504
-23,505
-23,506
-23,507
-23,508
-23,509
-23,510
-23,511
-23,512
-23,513
-23,514
-23,515
-23,516
-23,517
-23,518
-23,519
-23,520
-23,521
-23,522
-23,523
-23,524
-23,525
-23,526
-23,527
-23,528
-23,529
-23,530
-23,531
-23,532
-23,533
-23,534
-23,535
-23,536
-23,537
-23,538
-23,539
-23,540
-23,541
-23,542
-23,543
-23,544
-23,545
-23,546
-23,547
-23,548
-23,549
-23,550
-23,551
-23,552
-23,553
-23,554
-23,555
-23,556
-23,557
-23,558
-23,559
-23,560
-23,561
-23,562
-23,563
-23,564
-23,565
:22_9,566
:22_9,567
:22_9,568
:22_9,569
:22_9,570
:22_9,571
19,572
19,573
19,574
19,575
19,576
19,577
19,578
19,579
19,580
19,581
19,582
19,583
19,584
19,585
19,586
19,587
19,588
19,589
19,590
19,591
19,592
19,593
19,594
19,595
19,596
19,597
19,598
19,599
19,600
19,601
19,602
19,603
19,604
19,605
19,606
19,607
19,608
19,609
19,610
19,611
19,612
19,613
19,614
19,615
19,616
19,617
19,618
19,619
19,620
19,621
19,622
19,623
19,624
19,625
19,626
19,627
19,628
19,629
19,630
19,631
19,632
19,633
19,634
19,635
19,636
19,637
19,638
19,639
19,640
19,641
19,642
19,643
19,644
19,645
19,646
19,647
19,648
19,649
19,650
19,651
19,652
19,653
19,654
19,655
19,656
19,657
19,658
19,659
19,660
19,661
19,662
19,663
19,664
19,665
19,666
19,667
19,668
19,669
19,670
19,671
19,672
19,673
19,674
:23_6,675
:23_6,676
:23_6,677
:23_6,678
:23_6,679
:23_6,680
:23_6,681
20,682
20,683
20,684
20,685
20,686
20,687
20,688
20,689
20,690
20,691
20,692
20,693
20,694
20,695
20,696
20,697
20,698
20,699
20,700
20,701
20,702
20,703
20,704
20,705
20,706
20,707
20,708
20,709
20,710
20,711
20,712
20,713
20,714
20,715
20,716
20,717
20,718
20,719
20,720
20,721
20,722
20,723
20,724
20,725
20,726
20,727
20,728
20,729
20,730
20,731
20,732
20,733
20,734
20,735
20,736
20,737
20,738
20,739
20,740
20,741
20,742
20,743
20,744
20,745
20,746
20,747
20,748
20,749
20,750
20,751
20,752
20,753
20,754
20,755
20,756
20,757
20,758
20,759
20,760
20,761
20,762
20,763
20,764
20,765
20,766
20,767
20,768
20,769
20,770
20,771
20,772
20,773
20,774
20,775
20,776
20,777
20,778
20,779
20,780
:24_13,781
:24_13,782
:24_13,783
:24_13,784
:24_13,785
:24_13,786
25,787
25,788
25,789
25,790
25,791
25,792
25,793
25,794
25,795
25,796
25,797
25,798
25,799
25,800
25,801
25,802
25,803
25,804
25,805
25,806
25,807
25,808
25,809
25,810
25,811
25,812
25,813
25,814
25,815
25,816
25,817
25,818
25,819
25,820
25,821
25,822
25,823
25,824
25,825
25,826
25,827
25,828
25,829
25,830
25,831
25,832
25,833
25,834
25,835
25,836
25,837
25,838
25,839
25,840
25,841
25,842
25,843
25,844
25,845
25,846
25,847
25,848
25,849
25,850
25,851
25,852
25,853
25,854
25,855
25,856
25,857
25,858
25,859
25,860
25,861
25,862
25,863
25,864
25,865
25,866
25,867
25,868
25,869
25,870
25,871
25,872
25,873
25,874
25,875
25,876
25,877
25,878
25,879
25,880
25,881
25,882
25,883
25,884
25,885
25,886
25,887
25,888
25,889
25,890
25,891
25,892
25,893
25,894
25,895
25,896
25,897
25,898
25,899
25,900
25,901
25,902
25,903
25,904
25,905
25,906
25,907
25,908
25,909
25,910
25,911
25,912
25,913
25,914
25,915
25,916
25,917
25,918
25,919
25,920
25,921
25,922
25,923
25,924
25,925
25,926
25,927
25,928
25,929
25,930
25,931
25,932
25,933
25,934
25,935
25,936
:29_13,937
:29_13,938
:29_13,939
:29_13,940
:29_13,941
:29_13,942
210,943
210,944
210,945
210,946
210,947
210,948
210,949
210,950
210,951
210,952
210,953
210,954
210,955
210,956
210,957
210,958
210,959
210,960
210,961
210,962
210,963
210,964
210,965
210,966
210,967
210,968
210,969
210,970
210,971
210,972
210,973
210,974
210,975
210,976
210,977
210,978
210,979
210,980
210,981
210,982
210,983
210,984
210,985
210,986
210,987
210,988
210,989
210,990
210,991
210,992
210,993
210,994
210,995
210,996
210,997
210,998
210,999
210,1000
210,1001
210,1002
210,1003
210,1004
210,1005
210,1006
210,1007
210,1008
210,1009
210,1010
210,1011
210,1012
210,1013
210,1014
210,1015
210,1016
210,1017
210,1018
210,1019
210,1020
210,1021
210,1022
210,1023
210,1024
210,1025
210,1026
210,1027
210,1028
210,1029
210,1030
210,1031
210,1032
210,1033
210,1034
210,1035
210,1036
210,1037
210,1038
210,1039
210,1040
210,1041
210,1042
210,1043
210,1044
210,1045
210,1046
210,1047
:16_6,1048
:16_6,1049
:16_6,1050
:16_6,1051
:16_6,1052
:16_6,1053
-14,1054
-14,1055
-14,1056
-14,1057
-14,1058
-14,1059
-14,1060
-14,1061
-14,1062
-14,1063
-14,1064
-14,1065
-14,1066
-14,1067
-14,1068
-14,1069
-14,1070
-14,1071
-14,1072
-14,1073
-14,1074
-14,1075
-14,1076
-14,1077
-14,1078
-14,1079
-14,1080
-14,1081
-14,1082
-14,1083
-14,1084
-14,1085
-14,1086
-14,1087
-14,1088
-14,1089
-14,1090
-14,1091
-14,1092
-14,1093
-14,1094
-14,1095
-14,1096
-14,1097
-14,1098
-14,1099
-14,1100
-14,1101
-14,1102
-14,1103
-14,1104
-14,1105
-14,1106
-14,1107
-14,1108
-14,1109
-14,1110
-14,1111
-14,1112
-14,1113
-14,1114
-14,1115
-14,1116
-14,1117
-14,1118
-14,1119
-14,1120
-14,1121
-14,1122
-14,1123
-14,1124
-14,1125
-14,1126
-14,1127
-14,1128
-14,1129
-14,1130
-14,1131
-14,1132
-14,1133
-14,1134
-14,1135
-14,1136
-14,1137
-14,1138
-14,1139
-14,1140
-14,1141
-14,1142
-14,1143
-14,1144
-14,1145
-14,1146
-14,1147
-14,1148
-14,1149
-14,1150
-14,1151
-14,1152
-14,1153
-14,1154
-14,1155
-14,1156
-14,1157
-14,1158
-14,1159
-14,1160
-14,1161
-14,1162
-14,1163
-14,1164
-14,1165
-14,1166
-14,1167
-14,1168
-14,1169
-14,1170
:14_1,1171
:14_1,1172
13,1173
13,1174
13,1175
13,1176
13,1177
13,1178
13,1179
13,1180
13,1181
13,1182
13,1183
13,1184
13,1185
13,1186
13,1187
13,1188
13,1189
13,1190
13,1191
13,1192
13,1193
13,1194
13,1195
13,1196
13,1197
13,1198
13,1199
13,1200
13,1201
13,1202
13,1203
13,1204
13,1205
13,1206
13,1207
13,1208
13,1209
13,1210
13,1211
13,1212
13,1213
13,1214
13,1215
13,1216
13,1217
13,1218
13,1219
13,1220
13,1221
13,1222
13,1223
13,1224
13,1225
13,1226
13,1227
13,1228
13,1229
13,1230
13,1231
13,1232
13,1233
13,1234
13,1235
13,1236
13,1237
13,1238
13,1239
13,1240
13,1241
13,1242
13,1243
13,1244
13,1245
13,1246
13,1247
13,1248
13,1249
13,1250
13,1251
13,1252
13,1253
13,1254
13,1255
13,1256
13,1257
13,1258
13,1259
13,1260
13,1261
13,1262
13,1263
13,1264
13,1265
13,1266
13,1267
13,1268
13,1269
13,1270
13,1271
13,1272
13,1273
13,1274
13,1275
13,1276
13,1277
13,1278
:15_3,1279
:15_3,1280
:15_3,1281
:15_3,1282
:15_3,1283
:15_3,1284
-375,1285
-375,1286
-375,1287
-375,1288
-375,1289
-375,1290
-375,1291
-375,1292
-375,1293
-375,1294
-375,1295
-375,1296
-375,1297
-375,1298
-375,1299
-375,1300
-375,1301
-375,1302
-375,1303
-375,1304
-375,1305
-375,1306
-375,1307
-375,1308
-375,1309
-375,1310
-375,1311
-375,1312
-375,1313
-375,1314
-375,1315
-375,1316
-375,1317
-375,1318
-375,1319
-375,1320
-375,1321
-375,1322
-375,1323
-375,1324
-375,1325
-375,1326
-375,1327
-375,1328
-375,1329
-375,1330
-375,1331
-375,1332
-375,1333
-375,1334
-375,1335
-375,1336
-375,1337
-375,1338
-375,1339
-375,1340
-375,1341
-375,1342
-375,1343
-375,1344
-375,1345
-375,1346
-375,1347
-375,1348
-375,1349
-375,1350
-375,1351
-375,1352
-375,1353
-375,1354
-375,1355
-375,1356
-375,1357
-375,1358
-375,1359
-375,1360
-375,1361
-375,1362
-375,1363
-375,1364
-375,1365
-375,1366
-375,1367
-375,1368
-375,1369
-375,1370
-375,1371
-375,1372
-375,1373
-375,1374
-375,1375
-375,1376
-375,1377
-375,1378
-375,1379
-375,1380
-375,1381
-375,1382
-375,1383
-375,1384
-375,1385
-375,1386
-375,1387
-375,1388
-375,1389
-375,1390
-375,1391
-375,1392
-375,1393
-375,1394
-375,1395
-375,1396
-375,1397
-374,1398
-374,1399
-374,1400
-374,1401
-374,1402
-374,1403
-374,1404
-374,1405
-374,1406
-374,1407
-374,1408
-374,1409
-374,1410
-374,1411
-374,1412
-374,1413
-374,1414
-374,1415
-374,1416
-374,1417
-374,1418
-374,1419
-374,1420
-374,1421
-374,1422
-374,1423
-374,1424
-374,1425
-374,1426
-374,1427
-374,1428
-374,1429
-374,1430
-374,1431
-374,1432
-374,1433
-374,1434
-374,1435
-374,1436
-374,1437
-374,1438
-374,1439
-374,1440
-374,1441
-374,1442
-374,1443
-374,1444
-374,1445
-374,1446
-374,1447
-374,1448
-374,1449
-374,1450
-374,1451
-374,1452
-374,1453
-374,1454
-374,1455
-374,1456
-374,1457
-374,1458
-374,1459
-374,1460
-374,1461
-374,1462
-374,1463
-374,1464
-374,1465
-374,1466
-374,1467
-374,1468
-374,1469
-374,1470
-374,1471
-374,1472
-374,1473
-374,1474
-374,1475
-374,1476
-374,1477
-374,1478
:230_9,1479
:230_9,1480
:230_9,1481
:230_9,1482
:230_9,1483
:230_9,1484
-224,1485
-224,1486
-224,1487
-224,1488
-224,1489
-224,1490
-224,1491
-224,1492
-224,1493
-224,1494
-224,1495
-224,1496
-224,1497
-224,1498
-224,1499
-224,1500
-224,1501
-224,1502
-224,1503
-224,1504
-224,1505
-224,1506
-224,1507
-224,1508
-224,1509
-224,1510
-224,1511
-224,1512
-224,1513
-224,1514
-224,1515
-224,1516
-224,1517
-224,1518
-224,1519
-224,1520
-224,1521
-224,1522
-224,1523
-224,1524
-224,1525
-224,1526
-224,1527
-224,1528
-224,1529
-224,1530
-224,1531
-224,1532
-224,1533
-224,1534
-224,1535
-224,1536
-224,1537
-224,1538
-224,1539
-224,1540
-224,1541
-224,1542
-224,1543
-224,1544
-224,1545
-224,1546
-224,1547
-224,1548
-224,1549
-224,1550
-224,1551
-224,1552
-224,1553
-224,1554
-224,1555
-224,1556
-224,1557
-224,1558
-224,1559
-224,1560
-224,1561
-224,1562
-224,1563
-224,1564
-224,1565
-224,1566
-224,1567
-224,1568
-224,1569
-224,1570
-224,1571
-224,1572
-224,1573
-224,1574
-224,1575
-224,1576
:229_6,1577
:229_6,1578
:229_6,1579
:229_6,1580
:229_6,1581
:229_6,1582
-223,1583
-223,1584
-223,1585
-223,1586
-223,1587
-223,1588
-223,1589
-223,1590
-223,1591
-223,1592
-223,1593
-223,1594
-223,1595
-223,1596
-223,1597
-223,1598
-223,1599
-223,1600
-223,1601
-223,1602
-223,1603
-223,1604
-223,1605
-223,1606
-223,1607
-223,1608
-223,1609
-223,1610
-223,1611
-223,1612
-223,1613
-223,1614
-223,1615
-223,1616
-223,1617
-223,1618
-223,1619
-223,1620
-223,1621
-223,1622
-223,1623
-223,1624
-223,1625
-223,1626
-223,1627
-223,1628
-223,1629
-223,1630
-223,1631
-223,1632
-223,1633
-223,1634
-223,1635
-223,1636
-223,1637
-223,1638
-223,1639
-223,1640
-223,1641
-223,1642
-223,1643
-223,1644
-223,1645
-223,1646
-223,1647
-223,1648
-223,1649
-223,1650
-223,1651
-223,1652
-223,1653
-223,1654
-223,1655
-223,1656
-223,1657
-223,1658
-223,1659
-223,1660
-223,1661
-223,1662
-223,1663
-223,1664
-223,1665
-223,1666
-223,1667
-223,1668
-223,1669
-223,1670
-223,1671
-223,1672
-223,1673
-223,1674
-223,1675
-223,1676
-223,1677
-223,1678
-223,1679
-223,1680
-223,1681
:228_6,1682
:228_6,1683
:228_6,1684
:228_6,1685
:228_6,1686
:228_6,1687
-222,1688
-222,1689
-222,1690
-222,1691
-222,1692
-222,1693
-222,1694
-222,1695
-222,1696
-222,1697
-222,1698
-222,1699
-222,1700
-222,1701
-222,1702
-222,1703
-222,1704
-222,1705
-222,1706
-222,1707
-222,1708
-222,1709
-222,1710
-222,1711
-222,1712
-222,1713
-222,1714
-222,1715
-222,1716
-222,1717
-222,1718
-222,1719
-222,1720
-222,1721
-222,1722
-222,1723
-222,1724
-222,1725
-222,1726
-222,1727
-222,1728
-222,1729
-222,1730
-222,1731
-222,1732
-222,1733
-222,1734
-222,1735
-222,1736
-222,1737
-222,1738
-222,1739
-222,1740
-222,1741
-222,1742
-222,1743
-222,1744
-222,1745
-222,1746
-222,1747
-222,1748
-222,1749
-222,1750
-222,1751
-222,1752
-222,1753
-222,1754
-222,1755
-222,1756
-222,1757
-222,1758
-222,1759
-222,1760
-222,1761
-222,1762
-222,1763
-222,1764
-222,1765
-222,1766
-222,1767
-222,1768
-222,1769
-222,1770
-222,1771
-222,1772
-222,1773
-222,1774
-222,1775
-222,1776
-222,1777
-222,1778
-222,1779
-222,1780
-222,1781
-222,1782
-222,1783
-222,1784
-222,1785
-222,1786
-222,1787
-222,1788
-222,1789
-222,1790
-222,1791
-222,1792
-222,1793
-222,1794
-222,1795
-222,1796
-222,1797
-222,1798
-222,1799
-222,1800
-222,1801
-222,1802
-222,1803
-222,1804
-222,1805
-222,1806
-222,1807
-222,1808
-222,1809
-222,1810
-222,1811
-222,1812
-222,1813
-222,1814
-222,1815
-222,1816
-222,1817
-222,1818
-222,1819
-222,1820
-222,1821
-222,1822
-222,1823
-222,1824
-222,1825
-222,1826
-222,1827
-222,1828
-222,1829
-222,1830
-222,1831
-222,1832
-222,1833
-222,1834
-222,1835
-222,1836
-222,1837
-222,1838
-222,1839
-222,1840
-222,1841
-222,1842
-222,1843
-222,1844
-222,1845
-222,1846
-222,1847
-222,1848
-222,1849
-222,1850
-222,1851
-222,1852
-222,1853
-222,1854
-222,1855
-222,1856
-222,1857
-222,1858
-222,1859
-222,1860
-222,1861
-222,1862
-222,1863
-222,1864
-222,1865
-222,1866
-222,1867
-222,1868
-222,1869
-222,1870
-222,1871
-222,1872
-222,1873
-222,1874
:227_3,1875
:227_3,1876
:227_3,1877
:227_3,1878
:227_3,1879
:227_3,1880
225,1881
225,1882
225,1883
225,1884
225,1885
225,1886
225,1887
225,1888
225,1889
225,1890
225,1891
225,1892
225,1893
225,1894
225,1895
225,1896
225,1897
225,1898
225,1899
225,1900
225,1901
225,1902
225,1903
225,1904
225,1905
225,1906
225,1907
225,1908
225,1909
225,1910
225,1911
225,1912
225,1913
225,1914
225,1915
225,1916
225,1917
225,1918
225,1919
225,1920
225,1921
225,1922
225,1923
225,1924
225,1925
225,1926
225,1927
225,1928
225,1929
225,1930
225,1931
225,1932
225,1933
225,1934
225,1935
225,1936
225,1937
225,1938
225,1939
225,1940
225,1941
225,1942
225,1943
225,1944
225,1945
225,1946
225,1947
225,1948
225,1949
225,1950
225,1951
225,1952
225,1953
225,1954
225,1955
225,1956
225,1957
225,1958
225,1959
225,1960
225,1961
225,1962
225,1963
225,1964
225,1965
225,1966
225,1967
225,1968
225,1969
225,1970
225,1971
225,1972
225,1973
225,1974
225,1975
225,1976
225,1977
225,1978
225,1979
225,1980
225,1981
225,1982
225,1983
225,1984
225,1985
225,1986
225,1987
225,1988
225,1989
225,1990
225,1991
225,1992
225,1993
225,1994
225,1995
225,1996
225,1997
225,1998
225,1999
225,2000
