-603,21
-603,22
-603,23
-603,24
-603,25
-603,26
-603,27
-603,28
-603,29
-603,30
-603,31
-603,32
-603,33
-603,34
-603,35
-603,36
-603,37
-603,38
-603,39
-603,40
-603,41
-603,42
-603,43
-603,44
-603,45
-603,46
-603,47
-603,48
-603,49
-603,50
-603,51
-603,52
-603,53
-603,54
-603,55
-603,56
-603,57
-603,58
-603,59
-603,60
-603,61
-603,62
-603,63
-603,64
-603,65
-603,66
-603,67
-603,68
-603,69
-603,70
-603,71
-603,72
-603,73
-603,74
-603,75
-603,76
-603,77
-603,78
-603,79
-603,80
-603,81
-603,82
-603,83
-603,84
-603,85
-603,86
-603,87
-603,88
-603,89
-603,90
-603,91
-603,92
-603,93
-603,94
-603,95
-603,96
-603,97
:462_1,98
-602,99
-602,100
-602,101
-602,102
-602,103
-602,104
-602,105
-602,106
-602,107
-602,108
-602,109
-602,110
-602,111
-602,112
-602,113
-602,114
-602,115
-602,116
-602,117
-602,118
-602,119
-602,120
-602,121
-602,122
-602,123
-602,124
-602,125
-602,126
-602,127
-602,128
-602,129
-602,130
-602,131
-602,132
-602,133
-602,134
-602,135
-602,136
-602,137
-602,138
-602,139
-602,140
-602,141
-602,142
-602,143
-602,144
-602,145
-602,146
-602,147
-602,148
-602,149
-602,150
-602,151
-602,152
-602,153
-602,154
-602,155
-602,156
-602,157
-602,158
-602,159
-602,160
-602,161
-602,162
-602,163
-602,164
-602,165
-602,166
-602,167
-602,168
-602,169
-602,170
-602,171
-602,172
-602,173
-602,174
-602,175
-602,176
-602,177
-602,178
-602,179
-602,180
-602,181
-602,182
-602,183
-602,184
-602,185
-602,186
-602,187
-602,188
-602,189
-602,190
-602,191
-601,192
-601,193
-601,194
-601,195
-601,196
-601,197
-601,198
-601,199
-601,200
-601,201
-601,202
-601,203
-601,204
-601,205
-601,206
-601,207
-601,208
-601,209
-601,210
-601,211
-601,212
-601,213
-601,214
-601,215
-601,216
-601,217
-601,218
-601,219
-601,220
-601,221
-601,222
-601,223
-601,224
-601,225
-601,226
-601,227
-601,228
-601,229
-601,230
-601,231
-601,232
-601,233
-601,234
-601,235
-601,236
-601,237
-601,238
-601,239
-601,240
-601,241
-601,242
-601,243
-601,244
-601,245
-601,246
-601,247
-601,248
-601,249
-601,250
-601,251
-601,252
-601,253
-601,254
-601,255
-601,256
-601,257
-601,258
-601,259
-601,260
-601,261
-601,262
-601,263
:436_4,264
:436_4,265
:436_4,266
:436_10,267
:436_10,268
:436_10,269
:436_10,270
-528,271
-528,272
-528,273
-528,274
-528,275
-528,276
-528,277
-528,278
-528,279
-528,280
-528,281
-528,282
-528,283
-528,284
-528,285
-528,286
-528,287
-528,288
-528,289
-528,290
-528,291
-528,292
-528,293
-528,294
-528,295
-528,296
-528,297
-528,298
-528,299
-528,300
-528,301
-528,302
-528,303
-528,304
-528,305
-528,306
-528,307
-528,308
-528,309
-528,310
:307_5,311
:307_5,312
:307_5,313
:307_5,314
:307_5,315
:307_5,316
-527,317
-527,318
-527,319
-527,320
-527,321
-527,322
-527,323
-527,324
-527,325
-527,326
-527,327
-527,328
-527,329
-527,330
-527,331
-527,332
-527,333
-527,334
-527,335
-527,336
-527,337
-527,338
-527,339
:435_0,340
:435_0,341
:435_0,342
529,343
529,344
529,345
529,346
529,347
529,348
529,349
529,350
529,351
529,352
529,353
529,354
529,355
529,356
529,357
529,358
529,359
529,360
529,361
529,362
529,363
529,364
529,365
529,366
529,367
529,368
529,369
529,370
529,371
529,372
529,373
529,374
529,375
529,376
529,377
529,378
529,379
529,380
529,381
529,382
529,383
529,384
529,385
529,386
529,387
529,388
529,389
529,390
529,391
529,392
529,393
529,394
529,395
529,396
529,397
529,398
529,399
529,400
529,401
529,402
529,403
529,404
529,405
529,406
529,407
529,408
529,409
529,410
529,411
529,412
529,413
529,414
529,415
529,416
529,417
529,418
529,419
529,420
529,421
529,422
529,423
529,424
529,425
529,426
529,427
529,428
529,429
529,430
529,431
529,432
529,433
529,434
529,435
529,436
529,437
529,438
529,439
529,440
529,441
529,442
529,443
529,444
529,445
529,446
529,447
529,448
529,449
529,450
529,451
529,452
529,453
529,454
529,455
529,456
529,457
529,458
529,459
529,460
529,461
529,462
529,463
529,464
529,465
529,466
529,467
529,468
529,469
529,470
529,471
529,472
529,473
529,474
529,475
529,476
529,477
529,478
529,479
529,480
529,481
529,482
529,483
529,484
529,485
529,486
529,487
529,488
529,489
529,490
529,491
529,492
529,493
529,494
529,495
529,496
529,497
529,498
529,499
529,500
529,501
529,502
529,503
529,504
529,505
529,506
529,507
529,508
529,509
529,510
529,511
:389_0,512
-456,513
-456,514
-456,515
-456,516
-456,517
-456,518
-456,519
-456,520
-456,521
-456,522
-456,523
-456,524
-456,525
-456,526
-456,527
-456,528
-456,529
-456,530
-456,531
-456,532
-456,533
-456,534
-456,535
-456,536
-456,537
-456,538
-456,539
-456,540
-456,541
-456,542
:337_3,543
:337_3,544
:337_3,545
:337_3,546
-368,547
-368,548
-368,549
-368,550
-368,551
-368,552
-368,553
-368,554
-368,555
-368,556
-368,557
-368,558
-368,559
-368,560
-368,561
-368,562
-368,563
-368,564
-368,565
-368,566
-368,567
-368,568
-368,569
-368,570
-368,571
-368,572
-368,573
-368,574
-368,575
-368,576
-368,577
-368,578
-368,579
-368,580
-368,581
-368,582
-368,583
-368,584
-368,585
-368,586
-368,587
-368,588
-368,589
-368,590
-368,591
-368,592
-368,593
-368,594
-368,595
-368,596
-368,597
-368,598
-368,599
-368,600
-368,601
-368,602
-368,603
-368,604
-368,605
-368,606
-368,607
-368,608
-368,609
-368,610
-368,611
-368,612
-368,613
-368,614
-368,615
-368,616
-368,617
-368,618
-368,619
-368,620
-368,621
-368,622
-368,623
-368,624
-368,625
-368,626
-368,627
-368,628
-368,629
-368,630
-368,631
-368,632
-368,633
-368,634
-368,635
-368,636
-368,637
-368,638
-368,639
-368,640
-368,641
-368,642
-368,643
-368,644
-368,645
-368,646
-368,647
-368,648
-368,649
-368,650
-368,651
-368,652
-368,653
-368,654
-368,655
-368,656
-368,657
-368,658
-368,659
-368,660
-368,661
-368,662
-368,663
-368,664
-368,665
-368,666
-368,667
-368,668
-368,669
-368,670
-368,671
-368,672
-368,673
-368,674
-368,675
-368,676
-368,677
-368,678
-368,679
-368,680
-368,681
-368,682
-368,683
-368,684
-368,685
-368,686
-368,687
-368,688
-368,689
-368,690
-368,691
-368,692
-368,693
-368,694
-368,695
-368,696
-368,697
-368,698
-368,699
-368,700
-368,701
-368,702
-368,703
-368,704
-368,705
-368,706
-368,707
-368,708
-368,709
-368,710
-368,711
-368,712
-368,713
-368,714
-368,715
:73_10,716
:73_10,717
:73_10,718
:73_18,719
:73_18,720
:73_18,721
-64,722
-64,723
-64,724
-64,725
-64,726
-64,727
-64,728
-64,729
-64,730
-64,731
-64,732
-64,733
-64,734
-64,735
-64,736
-64,737
-64,738
-64,739
-64,740
-64,741
-64,742
-64,743
-64,744
-64,745
-64,746
-64,747
-64,748
-64,749
-64,750
-64,751
-64,752
-64,753
-64,754
-64,755
-64,756
-64,757
-64,758
-64,759
-64,760
-64,761
-64,762
-64,763
-64,764
-64,765
-64,766
-64,767
-64,768
-64,769
-64,770
-64,771
-64,772
-64,773
-64,774
-64,775
-64,776
-64,777
-64,778
-64,779
-64,780
-64,781
-64,782
-64,783
-64,784
-64,785
-64,786
-64,787
-64,788
-64,789
-64,790
-64,791
-64,792
-64,793
-64,794
-64,795
-64,796
-64,797
-64,798
-64,799
-64,800
-64,801
-64,802
-64,803
-64,804
-64,805
-64,806
-64,807
-64,808
-64,809
-64,810
-64,811
-64,812
-64,813
-64,814
-64,815
-64,816
-64,817
:72_1,818
:72_1,819
:72_1,820
:72_1,821
:72_1,822
:72_1,823
-63,824
-63,825
-63,826
-63,827
-63,828
-63,829
-63,830
-63,831
-63,832
-63,833
-63,834
-63,835
-63,836
-63,837
-63,838
-63,839
-63,840
-63,841
-63,842
-63,843
-63,844
-63,845
-63,846
-63,847
-63,848
-63,849
-63,850
-63,851
-63,852
-63,853
-63,854
-63,855
-63,856
-63,857
-63,858
-63,859
-63,860
-63,861
-63,862
-63,863
-63,864
-63,865
-63,866
-63,867
-63,868
-63,869
-63,870
-63,871
-63,872
-63,873
-63,874
-63,875
-63,876
-63,877
-63,878
-63,879
-63,880
-63,881
-63,882
-63,883
-63,884
-63,885
-63,886
-63,887
-63,888
-63,889
-63,890
-63,891
-63,892
-63,893
-63,894
-63,895
-63,896
-63,897
-63,898
-63,899
-63,900
-63,901
-63,902
-62,903
-62,904
-62,905
-62,906
-62,907
-62,908
-62,909
-62,910
-62,911
-62,912
-62,913
-62,914
-62,915
-62,916
-62,917
-62,918
-62,919
-62,920
-62,921
-62,922
-62,923
-62,924
-62,925
-62,926
-62,927
-62,928
-62,929
-62,930
-62,931
-62,932
-62,933
-62,934
-62,935
-62,936
-62,937
-62,938
-62,939
-62,940
-62,941
-62,942
-62,943
-62,944
-62,945
-62,946
-62,947
-62,948
-62,949
-62,950
-62,951
-62,952
-62,953
-62,954
-62,955
-62,956
-62,957
-62,958
-62,959
-62,960
-62,961
-62,962
-62,963
-62,964
-62,965
-62,966
-62,967
-62,968
-62,969
-62,970
-62,971
-62,972
-62,973
-62,974
-62,975
-62,976
-62,977
-62,978
-62,979
-62,980
-62,981
-62,982
-62,983
-62,984
-62,985
-62,986
-62,987
-62,988
-62,989
-62,990
-62,991
-62,992
-61,993
-61,994
-61,995
-61,996
-61,997
-61,998
-61,999
-61,1000
-61,1001
-61,1002
-61,1003
-61,1004
-61,1005
-61,1006
-61,1007
-61,1008
-61,1009
-61,1010
-61,1011
-61,1012
-61,1013
-61,1014
-61,1015
-61,1016
-61,1017
-61,1018
-61,1019
-61,1020
-61,1021
-61,1022
-61,1023
-61,1024
-61,1025
-61,1026
-61,1027
-61,1028
-61,1029
-61,1030
-61,1031
-61,1032
-61,1033
-61,1034
-61,1035
-61,1036
-61,1037
-61,1038
-61,1039
-61,1040
-61,1041
-61,1042
-61,1043
-61,1044
-61,1045
-61,1046
-61,1047
-61,1048
-61,1049
-61,1050
-61,1051
-61,1052
-61,1053
-61,1054
-61,1055
-61,1056
-61,1057
-61,1058
-61,1059
-61,1060
-61,1061
-61,1062
-61,1063
-61,1064
-61,1065
-61,1066
-61,1067
-61,1068
-61,1069
-61,1070
-61,1071
-61,1072
-61,1073
-61,1074
-61,1075
-61,1076
-61,1077
-61,1078
-61,1079
-61,1080
-60,1081
-60,1082
-60,1083
-60,1084
-60,1085
-60,1086
-60,1087
-60,1088
-60,1089
-60,1090
-60,1091
-60,1092
-60,1093
-60,1094
-60,1095
-60,1096
-60,1097
-60,1098
-60,1099
-60,1100
-60,1101
-60,1102
-60,1103
-60,1104
-60,1105
-60,1106
-60,1107
-60,1108
-60,1109
-60,1110
-60,1111
-60,1112
-60,1113
-60,1114
-60,1115
-60,1116
-60,1117
-60,1118
-60,1119
-60,1120
-60,1121
-60,1122
-60,1123
-60,1124
-60,1125
-60,1126
-60,1127
-60,1128
-60,1129
-60,1130
-60,1131
-60,1132
-60,1133
-60,1134
-60,1135
-60,1136
-60,1137
-60,1138
-60,1139
-60,1140
-60,1141
-60,1142
-60,1143
-60,1144
-60,1145
-60,1146
-60,1147
-60,1148
-60,1149
-60,1150
-60,1151
-60,1152
-60,1153
-60,1154
-60,1155
-60,1156
-60,1157
-60,1158
-60,1159
:65_5,1160
:65_5,1161
:65_5,1162
:65_5,1163
:65_5,1164
:65_5,1165
:65_5,1166
57,1167
57,1168
57,1169
57,1170
57,1171
57,1172
57,1173
57,1174
57,1175
57,1176
57,1177
57,1178
57,1179
57,1180
57,1181
57,1182
57,1183
57,1184
57,1185
57,1186
57,1187
57,1188
57,1189
57,1190
57,1191
57,1192
57,1193
57,1194
57,1195
57,1196
57,1197
57,1198
57,1199
57,1200
57,1201
57,1202
57,1203
57,1204
57,1205
57,1206
57,1207
57,1208
57,1209
57,1210
57,1211
57,1212
57,1213
57,1214
57,1215
57,1216
57,1217
57,1218
57,1219
57,1220
57,1221
57,1222
57,1223
57,1224
57,1225
57,1226
57,1227
57,1228
57,1229
57,1230
57,1231
57,1232
57,1233
57,1234
57,1235
57,1236
57,1237
57,1238
57,1239
57,1240
57,1241
57,1242
57,1243
57,1244
:66_4,1245
:66_4,1246
:66_4,1247
:66_4,1248
:66_4,1249
:66_4,1250
:66_4,1251
-264,1252
-264,1253
-264,1254
-264,1255
-264,1256
-264,1257
-264,1258
-264,1259
-264,1260
-264,1261
-264,1262
-264,1263
-264,1264
-264,1265
-264,1266
-264,1267
-264,1268
-264,1269
-264,1270
-264,1271
-264,1272
-264,1273
-264,1274
-264,1275
-264,1276
-264,1277
-264,1278
-264,1279
-264,1280
-264,1281
-264,1282
-264,1283
-264,1284
-264,1285
-264,1286
-264,1287
-264,1288
-264,1289
-264,1290
-264,1291
-264,1292
-264,1293
-264,1294
-264,1295
-264,1296
-264,1297
-264,1298
-264,1299
-264,1300
-264,1301
-264,1302
-264,1303
-264,1304
-264,1305
-264,1306
-264,1307
-264,1308
-264,1309
-264,1310
-264,1311
-264,1312
-264,1313
-264,1314
-264,1315
-264,1316
-264,1317
-264,1318
-264,1319
-264,1320
-264,1321
-264,1322
-264,1323
-264,1324
-264,1325
-264,1326
-264,1327
-264,1328
-264,1329
-264,1330
-264,1331
-264,1332
-264,1333
-264,1334
-264,1335
-264,1336
-264,1337
-264,1338
-264,1339
-264,1340
-264,1341
-264,1342
-264,1343
-264,1344
-264,1345
-264,1346
-264,1347
-264,1348
-264,1349
-264,1350
-264,1351
-264,1352
-264,1353
-264,1354
-264,1355
-264,1356
-264,1357
-264,1358
-264,1359
-264,1360
-264,1361
-264,1362
-264,1363
-264,1364
-264,1365
-264,1366
-264,1367
-264,1368
-264,1369
-264,1370
-264,1371
-264,1372
-264,1373
-264,1374
-264,1375
-264,1376
-264,1377
-264,1378
-264,1379
-264,1380
-264,1381
-264,1382
-264,1383
-264,1384
-264,1385
-264,1386
-264,1387
-264,1388
-264,1389
-264,1390
-264,1391
-264,1392
-264,1393
-264,1394
:259_4,1395
:259_4,1396
:259_4,1397
:259_4,1398
263,1399
263,1400
263,1401
263,1402
263,1403
263,1404
263,1405
263,1406
263,1407
263,1408
263,1409
263,1410
263,1411
263,1412
263,1413
263,1414
263,1415
263,1416
263,1417
263,1418
263,1419
263,1420
263,1421
263,1422
263,1423
263,1424
263,1425
263,1426
263,1427
263,1428
263,1429
263,1430
263,1431
263,1432
263,1433
263,1434
263,1435
263,1436
263,1437
263,1438
263,1439
263,1440
263,1441
263,1442
263,1443
263,1444
263,1445
263,1446
263,1447
263,1448
263,1449
263,1450
263,1451
263,1452
263,1453
263,1454
263,1455
263,1456
263,1457
263,1458
263,1459
263,1460
263,1461
263,1462
263,1463
263,1464
:201_4,1465
:201_4,1466
:201_10,1467
:201_10,1468
:201_10,1469
-440,1470
-440,1471
-440,1472
-440,1473
-440,1474
-440,1475
-440,1476
-440,1477
-440,1478
-440,1479
-440,1480
-440,1481
-440,1482
-440,1483
-440,1484
-440,1485
-440,1486
-440,1487
-440,1488
-440,1489
-440,1490
-440,1491
-440,1492
-440,1493
-440,1494
-440,1495
-440,1496
-440,1497
-440,1498
-440,1499
-440,1500
-440,1501
-440,1502
-440,1503
-440,1504
-440,1505
-440,1506
-440,1507
-440,1508
-440,1509
-440,1510
-440,1511
-440,1512
-440,1513
-440,1514
-440,1515
-440,1516
-440,1517
-440,1518
-440,1519
-440,1520
-440,1521
-440,1522
-440,1523
-440,1524
-440,1525
-440,1526
-440,1527
-440,1528
-440,1529
-440,1530
-440,1531
-440,1532
-440,1533
-440,1534
-440,1535
-440,1536
-440,1537
-440,1538
-440,1539
-440,1540
-440,1541
-440,1542
-440,1543
-440,1544
-440,1545
-440,1546
-440,1547
-440,1548
-440,1549
-440,1550
-440,1551
-440,1552
-440,1553
-440,1554
-440,1555
-440,1556
-440,1557
-440,1558
-440,1559
-440,1560
-440,1561
-440,1562
-440,1563
-440,1564
-440,1565
-440,1566
-440,1567
-440,1568
-440,1569
-440,1570
-440,1571
-440,1572
-440,1573
-440,1574
-440,1575
-440,1576
-440,1577
-440,1578
-440,1579
-440,1580
-440,1581
-440,1582
-440,1583
-440,1584
-440,1585
-440,1586
-440,1587
-440,1588
-440,1589
-440,1590
-440,1591
-440,1592
-440,1593
-440,1594
-440,1595
-440,1596
-440,1597
-440,1598
-440,1599
-440,1600
-440,1601
-440,1602
-440,1603
-440,1604
-440,1605
-440,1606
-440,1607
-440,1608
-440,1609
-440,1610
-440,1611
-440,1612
-440,1613
-440,1614
-440,1615
-440,1616
-440,1617
-440,1618
-440,1619
-440,1620
-440,1621
:152_5,1622
:152_5,1623
:152_5,1624
:152_5,1625
:152_5,1626
:152_5,1627
:152_5,1628
-137,1629
-137,1630
-137,1631
-137,1632
-137,1633
-137,1634
-137,1635
-137,1636
-137,1637
-137,1638
-137,1639
-137,1640
-137,1641
-137,1642
-137,1643
-137,1644
-137,1645
-137,1646
-137,1647
-137,1648
-137,1649
-137,1650
-137,1651
-137,1652
-137,1653
-137,1654
-137,1655
-137,1656
-137,1657
-137,1658
-137,1659
-137,1660
-137,1661
-137,1662
-137,1663
-137,1664
-137,1665
-137,1666
-137,1667
-137,1668
-137,1669
-137,1670
-137,1671
-137,1672
-137,1673
-137,1674
-137,1675
-137,1676
-137,1677
-137,1678
-137,1679
-137,1680
-137,1681
-137,1682
-137,1683
-137,1684
-137,1685
-137,1686
-137,1687
-137,1688
-137,1689
-137,1690
-137,1691
-137,1692
-137,1693
-137,1694
-137,1695
-137,1696
-137,1697
-137,1698
-137,1699
-137,1700
-137,1701
-137,1702
-137,1703
-137,1704
-137,1705
-137,1706
-137,1707
-137,1708
-137,1709
-137,1710
-137,1711
-137,1712
-137,1713
-137,1714
-137,1715
-137,1716
-137,1717
-137,1718
-137,1719
-137,1720
-137,1721
-137,1722
-137,1723
-137,1724
-137,1725
-137,1726
-137,1727
-137,1728
-137,1729
-137,1730
-137,1731
-137,1732
-137,1733
-137,1734
-137,1735
-137,1736
-137,1737
-137,1738
-137,1739
-137,1740
-137,1741
-137,1742
-137,1743
-137,1744
-137,1745
-137,1746
-137,1747
-137,1748
-137,1749
-137,1750
-137,1751
-137,1752
-137,1753
-137,1754
-137,1755
-137,1756
-137,1757
-137,1758
-137,1759
-137,1760
-137,1761
-137,1762
-137,1763
-137,1764
-137,1765
-137,1766
-137,1767
-137,1768
-137,1769
:151_3,1770
:151_3,1771
:151_3,1772
:151_3,1773
-569,1774
-569,1775
-569,1776
-569,1777
-569,1778
-569,1779
-569,1780
-569,1781
-569,1782
-569,1783
-569,1784
-569,1785
-569,1786
-569,1787
-569,1788
-569,1789
-569,1790
-569,1791
-569,1792
-569,1793
-569,1794
-569,1795
-569,1796
-569,1797
-569,1798
-569,1799
-569,1800
-569,1801
-569,1802
-569,1803
-569,1804
-569,1805
-569,1806
-569,1807
-569,1808
-569,1809
-569,1810
-569,1811
-569,1812
-569,1813
-569,1814
-569,1815
-569,1816
-569,1817
-569,1818
-569,1819
-569,1820
-569,1821
-569,1822
-569,1823
-569,1824
-569,1825
-569,1826
-569,1827
-569,1828
-569,1829
-569,1830
-569,1831
-569,1832
-569,1833
-569,1834
-569,1835
-569,1836
-569,1837
-569,1838
-569,1839
-569,1840
-569,1841
-569,1842
-569,1843
-569,1844
-569,1845
-569,1846
-569,1847
-569,1848
-569,1849
-569,1850
-569,1851
-569,1852
-569,1853
-569,1854
-569,1855
-569,1856
-569,1857
-569,1858
-569,1859
-569,1860
-569,1861
-569,1862
-569,1863
-569,1864
-569,1865
-569,1866
-569,1867
-569,1868
-569,1869
-569,1870
-569,1871
-569,1872
-569,1873
-569,1874
-569,1875
-569,1876
-569,1877
-569,1878
-569,1879
-569,1880
-569,1881
-569,1882
-569,1883
-569,1884
-569,1885
-569,1886
-569,1887
-569,1888
-569,1889
-569,1890
-569,1891
-569,1892
-569,1893
-569,1894
:64_3,1895
:64_3,1896
:64_3,1897
:64_3,1898
:64_3,1899
:64_3,1900
:64_3,1901
-56,1902
-56,1903
-56,1904
-56,1905
-56,1906
-56,1907
-56,1908
-56,1909
-56,1910
-56,1911
-56,1912
-56,1913
-56,1914
-56,1915
-56,1916
-56,1917
-56,1918
-56,1919
-56,1920
-56,1921
-56,1922
-56,1923
-56,1924
-56,1925
-56,1926
-56,1927
-56,1928
-56,1929
-56,1930
-56,1931
-56,1932
-56,1933
-56,1934
-56,1935
-56,1936
-56,1937
-56,1938
-56,1939
-56,1940
-56,1941
-56,1942
-56,1943
-56,1944
-56,1945
-56,1946
-56,1947
-56,1948
-56,1949
-56,1950
-56,1951
-56,1952
-56,1953
-56,1954
-56,1955
-56,1956
-56,1957
-56,1958
-56,1959
-56,1960
-56,1961
-56,1962
-56,1963
-56,1964
-56,1965
-56,1966
-56,1967
-56,1968
-56,1969
-56,1970
-56,1971
-56,1972
-56,1973
-56,1974
-56,1975
-56,1976
-56,1977
-56,1978
-56,1979
-56,1980
-56,1981
-56,1982
-56,1983
-56,1984
-56,1985
-56,1986
-56,1987
-56,1988
-56,1989
-56,1990
-56,1991
-56,1992
-56,1993
-56,1994
-56,1995
-56,1996
-56,1997
-56,1998
-56,1999
-56,2000
