-131,1
-131,2
-131,3
-131,4
-131,5
-131,6
-131,7
-131,8
-131,9
-131,10
-131,11
-131,12
-131,13
-131,14
-131,15
-131,16
-131,17
-131,18
-131,19
-131,20
-131,21
-131,22
-131,23
-131,24
-131,25
-131,26
-131,27
-131,28
-131,29
-131,30
-131,31
-131,32
-131,33
-131,34
-131,35
-131,36
-131,37
-131,38
-131,39
-131,40
-131,41
-131,42
-131,43
-131,44
-131,45
-131,46
-131,47
-131,48
-131,49
-131,50
-131,51
-131,52
-131,53
-131,54
-131,55
-131,56
-131,57
-131,58
-131,59
-131,60
-131,61
-131,62
-131,63
-131,64
-131,65
-131,66
-131,67
-131,68
-131,69
-131,70
-131,71
-131,72
-131,73
-131,74
-131,75
-131,76
-131,77
-131,78
-131,79
-131,80
-131,81
-131,82
-131,83
-131,84
-131,85
-131,86
-131,87
-131,88
-131,89
-131,90
-131,91
-131,92
-131,93
-131,94
-131,95
-131,96
-131,97
-131,98
-131,99
-131,100
-131,101
-131,102
-131,103
-131,104
-131,105
-131,106
-131,107
-131,108
-131,109
-131,110
-131,111
-131,112
-131,113
-131,114
-131,115
-131,116
-131,117
-131,118
-131,119
-131,120
-131,121
-131,122
-131,123
-131,124
-131,125
-131,126
:86_3,127
:86_3,128
:86_3,129
:86_3,130
:86_3,131
-73,132
-73,133
-73,134
-73,135
-73,136
-73,137
-73,138
-73,139
-73,140
-73,141
-73,142
-73,143
-73,144
-73,145
-73,146
-73,147
-73,148
-73,149
-73,150
-73,151
-73,152
-73,153
-73,154
-73,155
-73,156
-73,157
-73,158
-73,159
-73,160
-73,161
-73,162
-73,163
-73,164
-73,165
-73,166
-73,167
-73,168
-73,169
-73,170
-73,171
-73,172
-73,173
-73,174
-73,175
-73,176
-73,177
-73,178
-73,179
-73,180
-73,181
-73,182
-73,183
-73,184
-73,185
-73,186
-73,187
-73,188
-73,189
-73,190
-73,191
-73,192
-73,193
-73,194
-73,195
-73,196
-73,197
-73,198
-73,199
-73,200
-73,201
-73,202
-73,203
-73,204
-73,205
-73,206
-73,207
-73,208
-73,209
-73,210
-73,211
-73,212
-73,213
-73,214
-73,215
-73,216
-73,217
-73,218
-73,219
-73,220
-73,221
-73,222
-73,223
-73,224
-73,225
-73,226
-73,227
-73,228
-73,229
-73,230
-73,231
-73,232
-73,233
-73,234
-73,235
-73,236
-73,237
-73,238
-73,239
-73,240
-73,241
-73,242
-73,243
-73,244
-73,245
-73,246
-73,247
-73,248
-73,249
-73,250
-73,251
-73,252
-73,253
-73,254
-73,255
:85_10,256
:85_10,257
:85_10,258
:85_10,259
:85_10,260
:85_10,261
:85_10,262
74,263
74,264
74,265
74,266
74,267
74,268
74,269
74,270
74,271
74,272
74,273
74,274
74,275
74,276
74,277
74,278
74,279
74,280
74,281
74,282
74,283
74,284
74,285
74,286
74,287
74,288
74,289
74,290
74,291
74,292
74,293
74,294
74,295
74,296
74,297
74,298
74,299
74,300
74,301
74,302
74,303
74,304
74,305
74,306
74,307
74,308
74,309
74,310
74,311
74,312
74,313
74,314
74,315
74,316
74,317
74,318
74,319
74,320
74,321
74,322
74,323
74,324
74,325
74,326
74,327
74,328
74,329
74,330
74,331
74,332
74,333
74,334
74,335
74,336
74,337
74,338
74,339
74,340
74,341
74,342
74,343
74,344
74,345
74,346
74,347
74,348
74,349
74,350
74,351
74,352
74,353
74,354
74,355
74,356
74,357
74,358
74,359
74,360
74,361
74,362
74,363
74,364
74,365
74,366
74,367
74,368
74,369
74,370
74,371
74,372
74,373
74,374
74,375
74,376
74,377
74,378
:82_5,379
:82_5,380
:82_5,381
:82_5,382
:82_5,383
:82_5,384
:82_5,385
-70,386
-70,387
-70,388
-70,389
-70,390
-70,391
-70,392
-70,393
-70,394
-70,395
-70,396
-70,397
-70,398
-70,399
-70,400
-70,401
-70,402
-70,403
-70,404
-70,405
-70,406
-70,407
-70,408
-70,409
-70,410
-70,411
-70,412
-70,413
-70,414
-70,415
-70,416
-70,417
-70,418
-70,419
-70,420
-70,421
-70,422
-70,423
-70,424
-70,425
-70,426
-70,427
-70,428
-70,429
-70,430
-70,431
-70,432
-70,433
-70,434
-70,435
-70,436
-70,437
-70,438
-70,439
-70,440
-70,441
-70,442
-70,443
-70,444
-70,445
-70,446
-70,447
-70,448
-70,449
-70,450
-70,451
-70,452
-70,453
-70,454
-70,455
-70,456
-70,457
-70,458
-70,459
-70,460
:81_7,461
:81_7,462
:81_7,463
:81_7,464
:81_7,465
:81_7,466
:81_7,467
:81_7,468
71,469
71,470
71,471
71,472
71,473
71,474
71,475
71,476
71,477
71,478
71,479
71,480
71,481
71,482
71,483
71,484
71,485
71,486
71,487
71,488
71,489
71,490
71,491
71,492
71,493
71,494
71,495
71,496
71,497
71,498
71,499
71,500
71,501
71,502
71,503
71,504
71,505
71,506
71,507
71,508
71,509
71,510
71,511
71,512
71,513
71,514
71,515
71,516
71,517
71,518
71,519
71,520
71,521
71,522
71,523
71,524
71,525
71,526
71,527
71,528
71,529
71,530
71,531
71,532
71,533
71,534
71,535
71,536
71,537
71,538
71,539
71,540
71,541
71,542
71,543
71,544
71,545
71,546
71,547
71,548
71,549
71,550
71,551
71,552
71,553
71,554
71,555
71,556
71,557
71,558
71,559
71,560
71,561
71,562
71,563
71,564
71,565
71,566
71,567
71,568
71,569
71,570
71,571
71,572
71,573
:83_6,574
:83_6,575
:83_6,576
:83_6,577
:83_6,578
:83_6,579
:83_6,580
256,581
256,582
256,583
256,584
256,585
256,586
256,587
256,588
256,589
256,590
256,591
256,592
256,593
256,594
256,595
256,596
256,597
256,598
256,599
256,600
256,601
256,602
256,603
256,604
256,605
256,606
256,607
256,608
256,609
256,610
256,611
256,612
256,613
256,614
256,615
256,616
256,617
256,618
256,619
256,620
256,621
256,622
256,623
256,624
256,625
256,626
256,627
256,628
256,629
256,630
256,631
256,632
256,633
256,634
256,635
256,636
256,637
256,638
256,639
256,640
256,641
256,642
256,643
256,644
256,645
256,646
256,647
256,648
256,649
256,650
256,651
256,652
256,653
256,654
256,655
256,656
256,657
256,658
256,659
256,660
256,661
256,662
256,663
256,664
256,665
256,666
256,667
256,668
256,669
256,670
256,671
256,672
256,673
256,674
256,675
256,676
256,677
256,678
256,679
256,680
256,681
256,682
256,683
256,684
256,685
256,686
256,687
256,688
256,689
256,690
256,691
256,692
256,693
256,694
256,695
256,696
256,697
256,698
256,699
256,700
256,701
256,702
256,703
256,704
256,705
256,706
256,707
256,708
256,709
256,710
256,711
256,712
256,713
256,714
256,715
256,716
256,717
256,718
256,719
256,720
256,721
256,722
256,723
256,724
256,725
256,726
256,727
256,728
256,729
256,730
256,731
256,732
256,733
256,734
256,735
256,736
256,737
256,738
256,739
256,740
256,741
256,742
256,743
256,744
256,745
256,746
256,747
256,748
256,749
256,750
256,751
256,752
256,753
256,754
256,755
256,756
256,757
256,758
256,759
256,760
256,761
256,762
256,763
256,764
256,765
256,766
256,767
256,768
256,769
256,770
256,771
256,772
256,773
256,774
256,775
256,776
256,777
256,778
256,779
256,780
256,781
256,782
256,783
256,784
256,785
256,786
256,787
256,788
256,789
256,790
256,791
256,792
256,793
256,794
256,795
256,796
256,797
256,798
256,799
256,800
256,801
256,802
256,803
256,804
256,805
256,806
256,807
256,808
256,809
256,810
256,811
256,812
256,813
256,814
256,815
256,816
256,817
256,818
256,819
256,820
256,821
256,822
256,823
256,824
256,825
256,826
256,827
256,828
256,829
256,830
256,831
256,832
256,833
256,834
256,835
256,836
256,837
256,838
256,839
256,840
256,841
256,842
256,843
256,844
256,845
256,846
256,847
256,848
256,849
256,850
:255_2,851
:255_2,852
:255_2,853
:255_16,854
:255_16,855
:255_16,856
:255_16,857
497,858
497,859
497,860
497,861
497,862
497,863
497,864
497,865
497,866
497,867
497,868
497,869
497,870
497,871
497,872
497,873
497,874
497,875
497,876
497,877
497,878
497,879
497,880
497,881
497,882
497,883
497,884
497,885
497,886
497,887
497,888
497,889
497,890
497,891
497,892
497,893
497,894
497,895
497,896
497,897
497,898
497,899
497,900
497,901
497,902
497,903
497,904
497,905
497,906
497,907
497,908
497,909
497,910
497,911
497,912
497,913
497,914
497,915
497,916
497,917
497,918
497,919
497,920
497,921
497,922
497,923
497,924
497,925
497,926
497,927
497,928
497,929
497,930
497,931
497,932
497,933
497,934
497,935
497,936
497,937
497,938
497,939
497,940
497,941
497,942
497,943
497,944
497,945
497,946
497,947
497,948
497,949
497,950
497,951
497,952
497,953
497,954
497,955
497,956
497,957
497,958
:284_7,959
:284_7,960
:284_7,961
:284_7,962
:284_7,963
:284_7,964
:284_7,965
499,966
499,967
499,968
499,969
499,970
499,971
499,972
499,973
499,974
499,975
499,976
499,977
499,978
499,979
499,980
499,981
499,982
499,983
499,984
499,985
499,986
499,987
499,988
499,989
499,990
