-32,1
-32,2
-32,3
-32,4
-32,5
-32,6
-32,7
-32,8
-32,9
-32,10
-32,11
-32,12
-32,13
-32,14
-32,15
-32,16
-32,17
-32,18
-32,19
-32,20
-32,21
-32,22
-32,23
-32,24
-32,25
-32,26
-32,27
-32,28
-32,29
-32,30
-32,31
-32,32
-32,33
-32,34
-32,35
-32,36
-32,37
-32,38
-32,39
-32,40
-32,41
-32,42
-32,43
-32,44
-32,45
-32,46
-32,47
-32,48
-32,49
-32,50
-32,51
-32,52
-32,53
-32,54
-32,55
-32,56
-32,57
-32,58
-32,59
-32,60
-32,61
-32,62
-32,63
-32,64
-32,65
-32,66
-32,67
:38_12,68
:38_12,69
:38_12,70
33,71
33,72
33,73
33,74
33,75
33,76
33,77
33,78
33,79
33,80
33,81
33,82
33,83
33,84
33,85
33,86
33,87
33,88
33,89
33,90
33,91
33,92
33,93
33,94
33,95
33,96
33,97
33,98
33,99
33,100
33,101
33,102
33,103
33,104
33,105
33,106
33,107
33,108
33,109
33,110
33,111
33,112
33,113
33,114
33,115
33,116
33,117
33,118
33,119
33,120
33,121
33,122
33,123
33,124
33,125
33,126
33,127
33,128
33,129
33,130
33,131
33,132
33,133
33,134
33,135
33,136
33,137
33,138
33,139
33,140
33,141
33,142
33,143
33,144
33,145
33,146
33,147
33,148
33,149
33,150
33,151
33,152
33,153
33,154
33,155
33,156
33,157
33,158
33,159
33,160
33,161
33,162
33,163
33,164
33,165
33,166
33,167
33,168
33,169
33,170
33,171
33,172
33,173
33,174
33,175
33,176
33,177
33,178
33,179
33,180
33,181
33,182
33,183
33,184
33,185
33,186
33,187
33,188
33,189
33,190
33,191
33,192
33,193
33,194
33,195
33,196
33,197
33,198
33,199
33,200
33,201
33,202
33,203
33,204
33,205
33,206
33,207
33,208
33,209
33,210
33,211
33,212
33,213
33,214
33,215
33,216
33,217
33,218
33,219
:40_6,220
:40_6,221
:40_6,222
:40_6,223
450,224
450,225
450,226
450,227
450,228
450,229
450,230
450,231
450,232
450,233
450,234
450,235
450,236
450,237
450,238
450,239
450,240
450,241
450,242
450,243
450,244
450,245
450,246
450,247
450,248
450,249
450,250
450,251
450,252
450,253
450,254
450,255
450,256
450,257
450,258
450,259
450,260
450,261
450,262
450,263
450,264
:154_0,265
:154_0,266
:154_0,267
:154_0,268
:154_0,269
:154_0,270
-138,271
-138,272
-138,273
-138,274
-138,275
-138,276
-138,277
-138,278
-138,279
-138,280
-138,281
-138,282
-138,283
-138,284
-138,285
-138,286
-138,287
-138,288
-138,289
-138,290
-138,291
-138,292
-138,293
-138,294
-138,295
-138,296
-138,297
-138,298
-138,299
-138,300
-138,301
-138,302
-138,303
-138,304
-138,305
-138,306
-138,307
-138,308
-138,309
-138,310
-138,311
-138,312
-138,313
-138,314
-138,315
-138,316
-138,317
-138,318
-138,319
-138,320
-138,321
-138,322
-138,323
-138,324
-138,325
-138,326
-138,327
-138,328
-138,329
-138,330
-138,331
-138,332
-138,333
-138,334
-138,335
-138,336
-138,337
-138,338
-138,339
-138,340
-138,341
-138,342
-138,343
-138,344
-138,345
-138,346
-138,347
-138,348
-138,349
-138,350
-138,351
-138,352
-138,353
-138,354
-138,355
-138,356
-138,357
-138,358
-138,359
-138,360
-138,361
-138,362
-138,363
-138,364
-138,365
-138,366
-138,367
-138,368
-138,369
-138,370
-138,371
-138,372
-138,373
-138,374
-138,375
-138,376
-138,377
-138,378
-138,379
-138,380
-138,381
-138,382
-138,383
-138,384
-138,385
:153_1,386
:153_1,387
:153_1,388
:153_1,389
:153_1,390
:153_1,391
142,392
142,393
142,394
142,395
142,396
142,397
142,398
142,399
142,400
142,401
142,402
142,403
142,404
142,405
142,406
142,407
142,408
142,409
142,410
142,411
142,412
142,413
142,414
142,415
142,416
142,417
142,418
142,419
142,420
142,421
142,422
142,423
142,424
142,425
142,426
142,427
142,428
142,429
142,430
142,431
142,432
142,433
142,434
142,435
142,436
142,437
142,438
142,439
142,440
142,441
142,442
142,443
142,444
142,445
142,446
142,447
142,448
142,449
142,450
142,451
142,452
142,453
142,454
142,455
142,456
142,457
142,458
142,459
142,460
142,461
142,462
142,463
142,464
142,465
142,466
142,467
142,468
142,469
142,470
142,471
142,472
142,473
142,474
142,475
142,476
142,477
142,478
142,479
142,480
142,481
142,482
142,483
142,484
142,485
142,486
142,487
142,488
142,489
142,490
:157_13,491
:157_13,492
:157_13,493
:157_13,494
:157_13,495
-259,496
-259,497
-259,498
-259,499
-259,500
-259,501
-259,502
-259,503
-259,504
-259,505
-259,506
-259,507
-259,508
-259,509
-259,510
-259,511
-259,512
-259,513
-259,514
-259,515
:256_1,516
:256_1,517
:256_1,518
:256_1,519
-258,520
-258,521
-258,522
-258,523
-258,524
-258,525
-258,526
-258,527
-258,528
-258,529
-258,530
-258,531
-258,532
-258,533
-258,534
-258,535
-258,536
-258,537
-258,538
-258,539
-258,540
-258,541
-258,542
-258,543
-258,544
-258,545
-258,546
-258,547
-258,548
-258,549
-258,550
-258,551
-258,552
-258,553
-258,554
-258,555
-258,556
-258,557
-258,558
-258,559
-258,560
-258,561
-258,562
-258,563
-258,564
-258,565
-258,566
-258,567
-258,568
-258,569
-258,570
-258,571
-258,572
-258,573
-258,574
-258,575
-258,576
-258,577
:21_1,578
:21_1,579
:21_1,580
:21_1,581
:21_1,582
-18,583
-18,584
-18,585
-18,586
-18,587
-18,588
-18,589
-18,590
-18,591
-18,592
-18,593
-18,594
-18,595
-18,596
-18,597
-18,598
-18,599
-18,600
-18,601
-18,602
-18,603
-18,604
-18,605
-18,606
-18,607
-18,608
-18,609
-18,610
-18,611
-18,612
-18,613
-18,614
-18,615
-18,616
-18,617
-18,618
-18,619
-18,620
-18,621
-18,622
-18,623
-18,624
-18,625
-18,626
-18,627
-18,628
-18,629
-18,630
-18,631
-18,632
-18,633
-18,634
-18,635
-18,636
-18,637
-18,638
-18,639
-18,640
-18,641
-18,642
-18,643
-18,644
-18,645
-18,646
-18,647
-18,648
-18,649
-18,650
-18,651
-18,652
-18,653
-18,654
-18,655
-18,656
-18,657
-18,658
-18,659
-18,660
-18,661
-18,662
-18,663
-18,664
-18,665
:20_6,666
:20_6,667
:20_6,668
:20_6,669
-17,670
-17,671
-17,672
-17,673
-17,674
-17,675
-17,676
-17,677
-17,678
-17,679
-17,680
-17,681
-17,682
-17,683
-17,684
-17,685
-17,686
-17,687
-17,688
-17,689
-17,690
-17,691
-17,692
-17,693
-17,694
-17,695
-17,696
-17,697
-17,698
-17,699
-17,700
-17,701
-17,702
-17,703
-17,704
-17,705
-17,706
-17,707
-17,708
-17,709
-17,710
-17,711
-17,712
-17,713
-17,714
-17,715
-17,716
-17,717
-17,718
-17,719
-17,720
-17,721
-17,722
-17,723
-17,724
-17,725
-17,726
-17,727
-17,728
-17,729
-17,730
-17,731
-17,732
-17,733
-17,734
-17,735
-17,736
-17,737
-17,738
-17,739
-17,740
-17,741
-17,742
-17,743
-17,744
-17,745
-17,746
-17,747
-17,748
-17,749
-17,750
-17,751
