-138,21
-138,22
-138,23
-138,24
-138,25
-138,26
-138,27
-138,28
-138,29
-138,30
-138,31
-138,32
-138,33
-138,34
-138,35
-138,36
-138,37
-138,38
-138,39
-138,40
-138,41
-138,42
-138,43
-138,44
-138,45
-138,46
-138,47
-138,48
-138,49
-138,50
-138,51
-138,52
-138,53
-138,54
-138,55
-138,56
-138,57
-138,58
-138,59
-138,60
-138,61
-138,62
-138,63
-138,64
-138,65
-138,66
-138,67
-138,68
-138,69
-138,70
-138,71
-138,72
-138,73
-138,74
-138,75
-138,76
-138,77
-138,78
-138,79
-138,80
-138,81
-138,82
-138,83
-138,84
-138,85
-138,86
-138,87
-138,88
-138,89
-138,90
-138,91
-138,92
-138,93
-138,94
-138,95
-138,96
-138,97
-138,98
-138,99
-138,100
-138,101
-138,102
-138,103
-138,104
-138,105
-138,106
-138,107
-138,108
-138,109
-138,110
-138,111
-138,112
-138,113
-138,114
-138,115
-138,116
-138,117
-138,118
-138,119
-138,120
-138,121
-138,122
-138,123
-138,124
-138,125
-138,126
-138,127
-138,128
-138,129
-138,130
-138,131
-138,132
-138,133
-138,134
-138,135
-138,136
-138,137
-138,138
-138,139
-138,140
:153_1,141
:153_1,142
:153_1,143
:153_1,144
:153_1,145
:153_1,146
142,147
142,148
142,149
142,150
142,151
142,152
142,153
142,154
142,155
142,156
142,157
142,158
142,159
142,160
142,161
142,162
142,163
142,164
142,165
142,166
142,167
142,168
142,169
142,170
142,171
142,172
142,173
142,174
142,175
142,176
142,177
142,178
142,179
142,180
142,181
142,182
142,183
142,184
142,185
142,186
142,187
142,188
142,189
142,190
142,191
142,192
142,193
142,194
142,195
142,196
142,197
142,198
142,199
142,200
142,201
142,202
142,203
142,204
142,205
142,206
142,207
142,208
142,209
142,210
142,211
142,212
142,213
142,214
142,215
142,216
142,217
142,218
142,219
142,220
142,221
142,222
142,223
142,224
142,225
142,226
142,227
142,228
142,229
142,230
142,231
142,232
142,233
142,234
142,235
142,236
142,237
142,238
142,239
142,240
142,241
142,242
142,243
142,244
142,245
142,246
142,247
142,248
142,249
142,250
142,251
142,252
:157_13,253
:157_13,254
:157_13,255
:157_13,256
:157_13,257
:157_13,258
-259,259
-259,260
-259,261
-259,262
-259,263
-259,264
-259,265
-259,266
-259,267
-259,268
-259,269
-259,270
-259,271
-259,272
-259,273
-259,274
-259,275
-259,276
-259,277
-259,278
-259,279
-259,280
-259,281
-259,282
-259,283
-259,284
-259,285
-259,286
:256_1,287
:256_1,288
:256_1,289
:256_1,290
:256_1,291
:256_1,292
-258,293
-258,294
-258,295
-258,296
-258,297
-258,298
-258,299
-258,300
-258,301
-258,302
-258,303
-258,304
-258,305
-258,306
-258,307
-258,308
-258,309
-258,310
-258,311
-258,312
-258,313
-258,314
-258,315
-258,316
-258,317
-258,318
-258,319
-258,320
-258,321
-258,322
-258,323
-258,324
-258,325
-258,326
-258,327
-258,328
-258,329
-258,330
-258,331
-258,332
-258,333
-258,334
-258,335
-258,336
-258,337
-258,338
-258,339
-258,340
-258,341
-258,342
-258,343
-258,344
-258,345
-258,346
-258,347
-258,348
-258,349
-258,350
-258,351
-258,352
-258,353
-258,354
-258,355
-258,356
-258,357
-258,358
-258,359
-258,360
-258,361
-258,362
-258,363
-258,364
-258,365
-258,366
-258,367
-258,368
-258,369
-258,370
-258,371
-258,372
:21_0,373
:21_0,374
:21_0,375
:21_0,376
257,377
257,378
257,379
257,380
257,381
257,382
257,383
257,384
257,385
257,386
257,387
257,388
257,389
257,390
257,391
257,392
257,393
257,394
257,395
257,396
257,397
257,398
257,399
257,400
257,401
257,402
257,403
257,404
257,405
257,406
257,407
257,408
257,409
257,410
257,411
257,412
257,413
257,414
257,415
257,416
257,417
257,418
257,419
257,420
257,421
257,422
257,423
257,424
257,425
257,426
257,427
257,428
257,429
257,430
257,431
257,432
257,433
257,434
257,435
257,436
257,437
257,438
257,439
257,440
257,441
257,442
257,443
257,444
257,445
257,446
257,447
257,448
257,449
257,450
257,451
257,452
257,453
257,454
257,455
257,456
257,457
257,458
257,459
257,460
257,461
257,462
257,463
257,464
257,465
257,466
257,467
257,468
257,469
257,470
257,471
257,472
257,473
257,474
257,475
257,476
257,477
257,478
257,479
257,480
257,481
257,482
257,483
257,484
257,485
257,486
257,487
257,488
257,489
257,490
257,491
257,492
257,493
257,494
257,495
257,496
257,497
257,498
257,499
257,500
257,501
257,502
257,503
257,504
257,505
257,506
257,507
257,508
257,509
257,510
257,511
257,512
257,513
257,514
257,515
257,516
257,517
257,518
257,519
257,520
257,521
257,522
257,523
257,524
257,525
257,526
257,527
257,528
257,529
257,530
257,531
257,532
257,533
257,534
257,535
257,536
257,537
257,538
257,539
257,540
257,541
257,542
257,543
257,544
257,545
257,546
257,547
257,548
257,549
257,550
257,551
257,552
257,553
257,554
257,555
257,556
257,557
257,558
257,559
257,560
257,561
257,562
257,563
:231_4,564
:231_4,565
:231_4,566
:231_4,567
:231_4,568
:231_4,569
-225,570
-225,571
-225,572
-225,573
-225,574
-225,575
-225,576
-225,577
-225,578
-225,579
-225,580
-225,581
-225,582
-225,583
-225,584
-225,585
-225,586
-225,587
-225,588
-225,589
-225,590
-225,591
-225,592
-225,593
-225,594
-225,595
-225,596
-225,597
-225,598
-225,599
-225,600
-225,601
-225,602
-225,603
-225,604
-225,605
-225,606
-225,607
-225,608
-225,609
-225,610
-225,611
-225,612
-225,613
-225,614
-225,615
-225,616
-225,617
-225,618
-225,619
-225,620
-225,621
-225,622
-225,623
-225,624
-225,625
-225,626
-225,627
-225,628
-225,629
-225,630
-225,631
-225,632
-225,633
-225,634
-225,635
-225,636
-225,637
-225,638
-225,639
-225,640
-225,641
-225,642
-225,643
-225,644
-225,645
-225,646
-225,647
-225,648
-225,649
-225,650
-225,651
-225,652
-225,653
-225,654
-225,655
-225,656
-225,657
-225,658
-225,659
-225,660
-225,661
-225,662
-225,663
-225,664
-225,665
-225,666
-225,667
-225,668
-225,669
-225,670
-225,671
-225,672
-225,673
-225,674
-225,675
-225,676
-225,677
-225,678
-225,679
-225,680
-225,681
-225,682
-225,683
-225,684
-225,685
-225,686
-225,687
-225,688
-225,689
-225,690
-225,691
-225,692
-225,693
-225,694
-225,695
-225,696
-225,697
-225,698
-225,699
-225,700
-225,701
-225,702
-225,703
-225,704
-225,705
-225,706
-225,707
-225,708
-225,709
-225,710
-225,711
-225,712
-225,713
-225,714
-225,715
-225,716
-225,717
-225,718
-225,719
-225,720
-225,721
-225,722
-225,723
-225,724
-225,725
-225,726
-225,727
-225,728
-225,729
:227_0,730
:227_0,731
:227_0,732
:227_0,733
226,734
226,735
226,736
226,737
226,738
226,739
226,740
226,741
226,742
226,743
226,744
226,745
226,746
226,747
226,748
226,749
226,750
226,751
226,752
226,753
226,754
226,755
226,756
226,757
226,758
226,759
226,760
226,761
226,762
226,763
226,764
226,765
226,766
226,767
226,768
226,769
226,770
226,771
226,772
226,773
226,774
226,775
226,776
226,777
226,778
226,779
226,780
226,781
226,782
226,783
226,784
226,785
226,786
226,787
226,788
226,789
226,790
226,791
226,792
226,793
226,794
226,795
226,796
226,797
226,798
226,799
226,800
226,801
226,802
226,803
226,804
226,805
226,806
226,807
226,808
:232_3,809
:232_3,810
:232_3,811
:232_3,812
-524,813
-524,814
-524,815
-524,816
-524,817
-524,818
-524,819
-524,820
-524,821
-524,822
-524,823
-524,824
-524,825
-524,826
-524,827
-524,828
-524,829
-524,830
-524,831
-524,832
-524,833
-524,834
-524,835
-524,836
-524,837
-524,838
-524,839
-524,840
-524,841
-524,842
-524,843
-524,844
-524,845
-524,846
-524,847
-524,848
-524,849
-524,850
-524,851
-524,852
-524,853
-524,854
-524,855
-524,856
-524,857
-524,858
-524,859
-524,860
-524,861
-524,862
-524,863
-524,864
-524,865
-524,866
-524,867
-524,868
-524,869
-524,870
-524,871
-524,872
-524,873
-524,874
-524,875
-524,876
-524,877
-524,878
-524,879
-524,880
-524,881
-524,882
-524,883
-524,884
-524,885
-524,886
-524,887
-524,888
-524,889
-524,890
-524,891
-524,892
-524,893
-524,894
-524,895
-524,896
-524,897
-524,898
-524,899
-524,900
-524,901
-524,902
-524,903
-524,904
-524,905
-524,906
-524,907
-524,908
-524,909
-524,910
-524,911
-524,912
-524,913
-524,914
-524,915
-524,916
-524,917
-524,918
-524,919
-524,920
-524,921
-524,922
-524,923
-524,924
-524,925
-524,926
-524,927
-524,928
-524,929
-524,930
-524,931
-524,932
-524,933
-524,934
-524,935
-524,936
-524,937
-524,938
-524,939
-524,940
-524,941
-524,942
-524,943
-524,944
-524,945
-524,946
-524,947
-524,948
-524,949
-524,950
-524,951
-524,952
-524,953
-524,954
-524,955
-524,956
-524,957
-524,958
-524,959
-524,960
-524,961
-524,962
-524,963
-524,964
-524,965
-524,966
-524,967
-524,968
-524,969
-524,970
-524,971
-524,972
-524,973
-524,974
:399_14,975
:399_14,976
:399_14,977
:399_14,978
:399_14,979
:399_14,980
523,981
523,982
523,983
523,984
523,985
523,986
523,987
523,988
523,989
523,990
523,991
523,992
523,993
523,994
523,995
523,996
523,997
523,998
523,999
523,1000
523,1001
523,1002
523,1003
523,1004
523,1005
523,1006
523,1007
523,1008
523,1009
523,1010
523,1011
523,1012
523,1013
523,1014
523,1015
523,1016
523,1017
523,1018
523,1019
523,1020
523,1021
523,1022
523,1023
523,1024
523,1025
523,1026
523,1027
523,1028
523,1029
523,1030
523,1031
523,1032
523,1033
523,1034
:282_4,1035
:282_4,1036
:282_4,1037
:282_10,1038
:282_10,1039
:282_10,1040
-293,1041
-293,1042
-293,1043
-293,1044
-293,1045
-293,1046
-293,1047
-293,1048
-293,1049
-293,1050
-293,1051
-293,1052
-293,1053
-293,1054
-293,1055
-293,1056
-293,1057
-293,1058
-293,1059
-293,1060
-293,1061
-293,1062
-293,1063
-293,1064
-293,1065
-293,1066
-293,1067
-293,1068
-293,1069
-293,1070
-293,1071
-293,1072
-293,1073
-293,1074
-293,1075
-293,1076
-293,1077
-293,1078
-293,1079
-293,1080
-293,1081
-293,1082
-293,1083
-293,1084
-293,1085
-293,1086
-293,1087
-293,1088
-293,1089
-293,1090
-293,1091
-293,1092
-293,1093
-293,1094
-293,1095
-293,1096
-293,1097
-293,1098
-293,1099
-293,1100
-293,1101
-293,1102
-293,1103
-293,1104
-293,1105
-293,1106
-293,1107
-293,1108
-293,1109
-293,1110
-293,1111
-293,1112
-293,1113
-293,1114
-293,1115
-293,1116
-293,1117
-293,1118
-293,1119
-293,1120
-293,1121
-293,1122
-293,1123
-293,1124
-293,1125
-293,1126
-293,1127
-293,1128
-293,1129
-293,1130
-293,1131
-293,1132
-293,1133
-293,1134
-293,1135
-293,1136
-293,1137
-293,1138
-293,1139
-293,1140
-293,1141
-293,1142
-293,1143
-293,1144
-293,1145
-293,1146
-293,1147
-293,1148
-293,1149
-293,1150
-293,1151
-293,1152
-293,1153
-293,1154
-293,1155
-293,1156
-293,1157
-293,1158
-293,1159
-293,1160
-293,1161
-293,1162
-293,1163
-293,1164
-293,1165
-293,1166
-293,1167
-293,1168
-293,1169
-293,1170
-293,1171
-293,1172
-293,1173
-293,1174
-293,1175
-293,1176
-293,1177
-293,1178
-293,1179
-293,1180
-293,1181
-293,1182
-293,1183
-293,1184
-293,1185
-293,1186
-293,1187
-293,1188
-293,1189
-293,1190
-293,1191
-293,1192
-293,1193
-293,1194
-293,1195
-293,1196
-293,1197
-293,1198
-293,1199
-293,1200
-293,1201
-293,1202
-293,1203
