-652,21
-652,22
-652,23
-652,24
-652,25
-652,26
-652,27
-652,28
-652,29
-652,30
-652,31
-652,32
-652,33
-652,34
-652,35
-652,36
-652,37
-652,38
-652,39
-652,40
-652,41
-652,42
-652,43
-652,44
-652,45
-652,46
-652,47
-652,48
-652,49
-652,50
-652,51
-652,52
-652,53
-652,54
-652,55
-652,56
-652,57
-652,58
-652,59
-652,60
-652,61
-652,62
-652,63
-652,64
-652,65
-652,66
-652,67
-652,68
-652,69
-652,70
-652,71
-652,72
-652,73
-652,74
-652,75
-652,76
-652,77
-652,78
-652,79
-652,80
-652,81
-652,82
-652,83
-652,84
-652,85
-652,86
-652,87
-652,88
-652,89
-652,90
-652,91
-652,92
-652,93
-652,94
-652,95
-652,96
-652,97
-652,98
-652,99
-652,100
-652,101
-652,102
-652,103
-652,104
-652,105
-652,106
-652,107
-652,108
-652,109
-652,110
-652,111
-652,112
-652,113
-652,114
-652,115
-652,116
-652,117
-652,118
-652,119
-652,120
-652,121
-652,122
-652,123
-652,124
-652,125
-652,126
-652,127
-652,128
-652,129
-652,130
-652,131
-652,132
-652,133
-652,134
-652,135
-652,136
-652,137
-652,138
-652,139
-652,140
-652,141
-652,142
-652,143
-652,144
-652,145
-652,146
-652,147
-652,148
-652,149
-652,150
-652,151
-652,152
-652,153
-652,154
-652,155
-652,156
-652,157
:375_6,158
:375_6,159
:375_6,160
430,161
430,162
430,163
430,164
430,165
430,166
430,167
430,168
430,169
430,170
430,171
430,172
430,173
430,174
430,175
430,176
430,177
430,178
430,179
430,180
430,181
430,182
430,183
430,184
430,185
430,186
430,187
430,188
430,189
430,190
430,191
430,192
430,193
430,194
430,195
430,196
430,197
430,198
430,199
430,200
430,201
430,202
430,203
430,204
430,205
430,206
430,207
430,208
430,209
430,210
430,211
430,212
430,213
430,214
430,215
430,216
430,217
430,218
430,219
430,220
430,221
430,222
430,223
430,224
430,225
430,226
430,227
430,228
430,229
430,230
430,231
430,232
430,233
430,234
430,235
430,236
430,237
430,238
430,239
430,240
430,241
430,242
430,243
430,244
430,245
430,246
430,247
430,248
430,249
430,250
430,251
430,252
430,253
430,254
430,255
430,256
430,257
430,258
430,259
430,260
430,261
430,262
430,263
430,264
430,265
430,266
430,267
430,268
430,269
430,270
430,271
430,272
430,273
430,274
430,275
430,276
430,277
430,278
430,279
430,280
430,281
430,282
430,283
430,284
430,285
430,286
430,287
430,288
430,289
430,290
430,291
430,292
430,293
430,294
430,295
430,296
430,297
430,298
430,299
430,300
430,301
430,302
430,303
430,304
430,305
430,306
430,307
430,308
430,309
430,310
430,311
430,312
430,313
430,314
430,315
430,316
430,317
:50_12,318
:50_12,319
:50_12,320
44,321
44,322
44,323
44,324
44,325
44,326
44,327
44,328
44,329
44,330
44,331
44,332
44,333
44,334
44,335
44,336
44,337
44,338
44,339
44,340
44,341
44,342
44,343
44,344
44,345
44,346
44,347
44,348
44,349
44,350
44,351
44,352
44,353
44,354
44,355
44,356
44,357
44,358
44,359
44,360
44,361
44,362
44,363
44,364
44,365
44,366
44,367
44,368
44,369
44,370
44,371
44,372
44,373
44,374
44,375
44,376
44,377
44,378
44,379
44,380
44,381
44,382
44,383
44,384
44,385
44,386
44,387
44,388
44,389
44,390
44,391
44,392
44,393
44,394
44,395
44,396
44,397
44,398
44,399
44,400
44,401
44,402
44,403
44,404
44,405
44,406
44,407
44,408
44,409
44,410
44,411
44,412
44,413
44,414
44,415
44,416
44,417
44,418
44,419
44,420
44,421
44,422
44,423
44,424
44,425
44,426
44,427
44,428
44,429
44,430
44,431
44,432
44,433
44,434
44,435
44,436
44,437
44,438
44,439
44,440
44,441
44,442
44,443
44,444
44,445
44,446
44,447
44,448
44,449
44,450
44,451
44,452
44,453
44,454
44,455
44,456
44,457
44,458
44,459
44,460
44,461
44,462
44,463
44,464
44,465
44,466
44,467
44,468
44,469
44,470
44,471
44,472
44,473
44,474
44,475
44,476
44,477
44,478
44,479
44,480
44,481
44,482
44,483
44,484
44,485
44,486
44,487
44,488
44,489
44,490
44,491
44,492
44,493
44,494
44,495
44,496
44,497
44,498
44,499
44,500
44,501
44,502
44,503
44,504
44,505
44,506
44,507
44,508
44,509
44,510
44,511
44,512
44,513
44,514
44,515
44,516
44,517
44,518
44,519
44,520
44,521
44,522
44,523
44,524
44,525
44,526
44,527
44,528
44,529
44,530
44,531
44,532
44,533
44,534
44,535
44,536
44,537
44,538
44,539
:51_3,540
:51_3,541
:51_3,542
-652,543
-652,544
-652,545
-652,546
-652,547
-652,548
-652,549
-652,550
-652,551
-652,552
-652,553
-652,554
-652,555
-652,556
-652,557
-652,558
-652,559
-652,560
-652,561
-652,562
-652,563
-652,564
-652,565
-652,566
-652,567
-652,568
-652,569
-652,570
-652,571
-652,572
-652,573
-652,574
-652,575
-652,576
-652,577
-652,578
-652,579
-652,580
-652,581
-652,582
-652,583
-652,584
-652,585
-652,586
-652,587
-652,588
-652,589
-652,590
-652,591
-652,592
-652,593
-652,594
-652,595
-652,596
-652,597
-652,598
-652,599
-652,600
-652,601
-652,602
-652,603
-652,604
-652,605
-652,606
-652,607
-652,608
-652,609
-652,610
-652,611
-652,612
-652,613
-652,614
-652,615
-652,616
-652,617
-652,618
-652,619
-652,620
-652,621
-652,622
-652,623
-652,624
-652,625
-652,626
-652,627
-652,628
-652,629
-652,630
-652,631
-652,632
-652,633
-652,634
-652,635
-652,636
-652,637
-652,638
-652,639
-652,640
-652,641
-652,642
-652,643
-652,644
-652,645
-652,646
-652,647
-652,648
-652,649
-652,650
-652,651
-652,652
-652,653
-652,654
-652,655
-652,656
-652,657
-652,658
-652,659
-652,660
-652,661
-652,662
-652,663
-652,664
-652,665
-652,666
-652,667
-652,668
-652,669
-652,670
-652,671
-652,672
-652,673
-652,674
-652,675
-652,676
-652,677
-652,678
-652,679
-652,680
:375_7,681
:375_7,682
:375_7,683
:375_7,684
-679,685
-679,686
-679,687
-679,688
-679,689
-679,690
-679,691
-679,692
-679,693
-679,694
-679,695
-679,696
-679,697
-679,698
-679,699
-679,700
-679,701
-679,702
-679,703
-679,704
-679,705
-679,706
-679,707
-679,708
-679,709
-679,710
-679,711
-679,712
-679,713
-679,714
-679,715
-679,716
-679,717
-679,718
-679,719
-679,720
-679,721
-679,722
-679,723
-679,724
-679,725
-679,726
-679,727
-679,728
-679,729
-679,730
-679,731
-679,732
-679,733
-679,734
-679,735
-679,736
-679,737
-679,738
-679,739
-679,740
:396_7,741
:396_7,742
:396_7,743
:396_7,744
-464,745
-464,746
-464,747
-464,748
-464,749
-464,750
-464,751
-464,752
-464,753
-464,754
-464,755
-464,756
-464,757
-464,758
-464,759
-464,760
-464,761
-464,762
-464,763
-464,764
-464,765
-464,766
-464,767
-464,768
-464,769
-464,770
-464,771
-464,772
-464,773
-464,774
-464,775
-464,776
-464,777
-464,778
-464,779
-464,780
-464,781
-464,782
-464,783
-464,784
-464,785
-464,786
-464,787
-464,788
-464,789
-464,790
-464,791
-464,792
-464,793
-464,794
-464,795
-464,796
-464,797
-464,798
-464,799
-464,800
-464,801
-464,802
-464,803
-464,804
-464,805
-464,806
-464,807
-464,808
-464,809
-464,810
-464,811
-464,812
-464,813
-464,814
-464,815
-464,816
-464,817
-464,818
-464,819
-464,820
-464,821
-464,822
-175,823
-175,824
-175,825
-175,826
-175,827
-175,828
-175,829
-175,830
-175,831
-175,832
-175,833
-175,834
-175,835
-175,836
-175,837
-175,838
-175,839
-175,840
-175,841
-175,842
-175,843
-175,844
-175,845
-175,846
-175,847
-175,848
-175,849
-175,850
-175,851
-175,852
-175,853
-175,854
-175,855
-175,856
-175,857
-175,858
-175,859
-175,860
-175,861
-175,862
-175,863
-175,864
-175,865
-175,866
-175,867
-175,868
-175,869
-175,870
-175,871
-175,872
-175,873
-175,874
-175,875
-175,876
-175,877
:13_4,878
:13_4,879
:13_4,880
:13_4,881
176,882
176,883
176,884
176,885
176,886
176,887
176,888
176,889
176,890
176,891
176,892
176,893
176,894
176,895
176,896
176,897
176,898
176,899
176,900
176,901
176,902
176,903
176,904
176,905
176,906
176,907
176,908
176,909
176,910
176,911
176,912
176,913
176,914
176,915
176,916
176,917
176,918
176,919
176,920
176,921
176,922
176,923
176,924
176,925
176,926
176,927
176,928
176,929
176,930
176,931
176,932
176,933
176,934
176,935
176,936
176,937
176,938
176,939
176,940
176,941
176,942
176,943
176,944
176,945
176,946
176,947
176,948
176,949
176,950
176,951
176,952
176,953
176,954
176,955
176,956
176,957
176,958
176,959
176,960
176,961
176,962
176,963
176,964
176,965
176,966
176,967
176,968
176,969
176,970
176,971
176,972
:189_9,973
:189_9,974
:189_9,975
:189_9,976
:189_9,977
212,978
212,979
212,980
212,981
212,982
212,983
212,984
212,985
212,986
212,987
212,988
212,989
212,990
212,991
212,992
212,993
212,994
212,995
212,996
212,997
212,998
212,999
212,1000
212,1001
212,1002
212,1003
212,1004
212,1005
212,1006
212,1007
212,1008
212,1009
212,1010
212,1011
212,1012
212,1013
212,1014
212,1015
212,1016
