-324,21
-324,22
-324,23
-324,24
-324,25
-324,26
-324,27
-324,28
-324,29
-324,30
-324,31
-324,32
-324,33
-324,34
-324,35
-324,36
-324,37
-324,38
-324,39
-324,40
-324,41
-324,42
-324,43
-324,44
-324,45
-324,46
-324,47
-324,48
-324,49
-324,50
-324,51
-324,52
-324,53
-324,54
-324,55
-324,56
-324,57
-324,58
-324,59
-324,60
-324,61
-324,62
-324,63
-324,64
-324,65
-324,66
-324,67
-324,68
-324,69
-324,70
-324,71
-324,72
-324,73
-324,74
-324,75
-324,76
-324,77
-324,78
-324,79
-324,80
-324,81
-324,82
-324,83
-324,84
-324,85
-324,86
-324,87
-324,88
-324,89
-324,90
-324,91
-324,92
-324,93
-324,94
-324,95
-324,96
-324,97
-324,98
-324,99
-324,100
-324,101
-324,102
-324,103
-324,104
-324,105
-324,106
-324,107
-324,108
-324,109
-324,110
-324,111
-324,112
-324,113
-324,114
-324,115
-324,116
-324,117
-324,118
-324,119
-324,120
-324,121
-324,122
-324,123
-324,124
-324,125
-324,126
-324,127
-324,128
-324,129
-324,130
-324,131
-324,132
-324,133
-324,134
-324,135
-324,136
-324,137
-324,138
-324,139
-324,140
-324,141
-324,142
-324,143
-324,144
-324,145
-324,146
-324,147
-324,148
-324,149
-324,150
-324,151
-324,152
-324,153
-324,154
-324,155
-324,156
-324,157
-324,158
-324,159
-324,160
-324,161
-324,162
-324,163
-324,164
-324,165
-324,166
-324,167
-324,168
-324,169
-324,170
-324,171
-324,172
-324,173
-324,174
-324,175
-324,176
-324,177
-324,178
-324,179
-324,180
-324,181
-324,182
-324,183
-324,184
-324,185
-324,186
-324,187
-324,188
-324,189
-324,190
-324,191
-324,192
-324,193
-324,194
-324,195
-324,196
-324,197
-324,198
-324,199
-324,200
-324,201
-324,202
-324,203
-324,204
-324,205
-324,206
-324,207
-324,208
-324,209
-324,210
-324,211
-324,212
-324,213
-324,214
-324,215
-324,216
-324,217
-324,218
-324,219
-324,220
-324,221
-324,222
-324,223
-324,224
-324,225
-324,226
-324,227
-324,228
-324,229
-324,230
-324,231
-324,232
-324,233
-324,234
-324,235
-324,236
-324,237
-324,238
-324,239
-324,240
-324,241
-324,242
-324,243
-324,244
-324,245
-324,246
-324,247
-324,248
-324,249
-324,250
-324,251
-324,252
-324,253
-324,254
-324,255
-324,256
-324,257
-324,258
-324,259
-324,260
-324,261
-324,262
-324,263
-324,264
-324,265
-324,266
-324,267
-324,268
-324,269
-324,270
-324,271
-324,272
-324,273
-324,274
-324,275
-324,276
-324,277
-324,278
-324,279
-324,280
-324,281
-324,282
:302_3,283
:302_3,284
:302_3,285
-520,286
-520,287
-520,288
-520,289
-520,290
-520,291
-520,292
-520,293
-520,294
-520,295
-520,296
-520,297
-520,298
-520,299
-520,300
-520,301
-520,302
-520,303
-520,304
-520,305
-520,306
-520,307
-520,308
-520,309
-520,310
-520,311
-520,312
-520,313
-520,314
-520,315
-520,316
-520,317
-520,318
-520,319
-520,320
-520,321
-520,322
-520,323
-520,324
-520,325
-520,326
-520,327
-520,328
-520,329
-520,330
-520,331
-520,332
-520,333
-520,334
-520,335
-520,336
-520,337
-520,338
-520,339
-520,340
-520,341
-520,342
-520,343
-520,344
-520,345
-520,346
-520,347
-520,348
-520,349
-520,350
-520,351
-520,352
-520,353
-520,354
-520,355
-520,356
-520,357
-520,358
-520,359
-520,360
-520,361
-520,362
-520,363
-520,364
-520,365
-520,366
-520,367
-520,368
-520,369
-520,370
-520,371
-520,372
-520,373
-520,374
-520,375
-520,376
-520,377
-520,378
-520,379
-520,380
-520,381
-520,382
-520,383
-520,384
-520,385
-520,386
-520,387
-520,388
-520,389
-520,390
-520,391
-520,392
-520,393
-520,394
-520,395
-520,396
-520,397
-520,398
-520,399
-520,400
-520,401
-520,402
-520,403
-520,404
-520,405
-520,406
-520,407
-520,408
-520,409
-520,410
-520,411
-520,412
-520,413
-520,414
-520,415
-520,416
-520,417
-520,418
-520,419
-520,420
-520,421
-520,422
-520,423
-520,424
:110_3,425
:110_3,426
:110_3,427
:110_3,428
:110_3,429
-94,430
-94,431
-94,432
-94,433
-94,434
-94,435
-94,436
-94,437
-94,438
-94,439
-94,440
-94,441
-94,442
-94,443
-94,444
-94,445
-94,446
-94,447
-94,448
-94,449
-94,450
-94,451
-94,452
-94,453
-94,454
-94,455
-94,456
-94,457
-94,458
-94,459
-94,460
-94,461
-94,462
-94,463
-94,464
-94,465
-94,466
-94,467
-94,468
-94,469
-94,470
-94,471
-94,472
-94,473
-94,474
-94,475
-94,476
-94,477
-94,478
-94,479
-94,480
-94,481
-94,482
-94,483
-94,484
-94,485
-94,486
-94,487
-94,488
-94,489
-94,490
-94,491
-94,492
-94,493
-94,494
-94,495
-94,496
-94,497
-94,498
-94,499
-94,500
-94,501
-94,502
-94,503
-94,504
-94,505
-94,506
-94,507
-94,508
-94,509
-94,510
-94,511
-94,512
-94,513
-94,514
-94,515
-94,516
-94,517
-94,518
-94,519
-94,520
-94,521
-94,522
-94,523
-94,524
-94,525
-94,526
-94,527
-94,528
-94,529
-94,530
-94,531
-94,532
:51_6,533
:51_6,534
:51_6,535
:51_6,536
:51_6,537
-44,538
-44,539
-44,540
-44,541
-44,542
-44,543
-44,544
-44,545
-44,546
-44,547
-44,548
-44,549
-44,550
-44,551
-44,552
-44,553
-44,554
-44,555
-44,556
-44,557
-44,558
-44,559
-44,560
-44,561
-44,562
-44,563
-44,564
-44,565
-44,566
-44,567
-44,568
-44,569
-44,570
-44,571
-44,572
-44,573
-44,574
-44,575
-44,576
-44,577
-44,578
-44,579
-44,580
-44,581
-44,582
-44,583
-44,584
-44,585
-44,586
-44,587
-44,588
-44,589
-44,590
-44,591
-44,592
-44,593
-44,594
-44,595
-44,596
-44,597
-44,598
-44,599
-44,600
-44,601
-44,602
-44,603
-44,604
-44,605
-44,606
-44,607
-44,608
-44,609
-44,610
-44,611
-44,612
-44,613
-44,614
-44,615
-44,616
-44,617
-44,618
-44,619
-44,620
-44,621
-44,622
-44,623
-44,624
-44,625
-44,626
-44,627
-44,628
-44,629
-44,630
-44,631
-44,632
-44,633
-44,634
-44,635
-44,636
-44,637
-44,638
-44,639
-44,640
-44,641
-44,642
-44,643
-44,644
-44,645
-44,646
-44,647
-44,648
-44,649
-44,650
-44,651
-44,652
-44,653
-44,654
-44,655
-44,656
-44,657
-44,658
-44,659
-44,660
-44,661
-44,662
-44,663
-44,664
-44,665
-44,666
-44,667
-44,668
-44,669
-44,670
-44,671
-44,672
-44,673
-44,674
-44,675
-44,676
-44,677
-44,678
-44,679
-44,680
-44,681
-44,682
-44,683
-44,684
-44,685
-44,686
-44,687
-44,688
-44,689
-44,690
-44,691
-44,692
-44,693
-44,694
-44,695
-44,696
-44,697
-44,698
-44,699
-44,700
-44,701
-44,702
-44,703
-44,704
-44,705
-44,706
-44,707
-44,708
-44,709
-44,710
-44,711
-44,712
-44,713
-44,714
-44,715
-44,716
-44,717
-44,718
-44,719
-44,720
-44,721
-44,722
-44,723
-44,724
-44,725
-44,726
-44,727
-44,728
-44,729
-44,730
-44,731
-44,732
-44,733
-44,734
-44,735
-44,736
-44,737
-44,738
-44,739
-44,740
-44,741
-44,742
-44,743
-44,744
-44,745
-44,746
-44,747
-44,748
-44,749
-44,750
-44,751
-44,752
-44,753
-44,754
-44,755
-44,756
-44,757
-44,758
-44,759
-44,760
-44,761
-44,762
:50_8,763
:50_8,764
:50_8,765
:50_8,766
:50_8,767
322,768
322,769
322,770
322,771
322,772
322,773
322,774
322,775
322,776
322,777
322,778
322,779
322,780
322,781
322,782
322,783
322,784
322,785
322,786
322,787
322,788
322,789
322,790
322,791
322,792
322,793
322,794
322,795
322,796
322,797
322,798
322,799
322,800
322,801
322,802
322,803
322,804
322,805
322,806
322,807
322,808
322,809
322,810
322,811
322,812
322,813
322,814
322,815
322,816
322,817
322,818
322,819
322,820
322,821
322,822
322,823
322,824
322,825
322,826
322,827
322,828
322,829
322,830
322,831
322,832
322,833
322,834
322,835
322,836
322,837
322,838
322,839
322,840
322,841
322,842
322,843
322,844
322,845
322,846
322,847
322,848
322,849
322,850
322,851
322,852
322,853
322,854
322,855
322,856
322,857
322,858
322,859
322,860
322,861
322,862
322,863
322,864
322,865
322,866
322,867
322,868
322,869
322,870
322,871
322,872
:134_0,873
:134_0,874
:134_0,875
:134_0,876
:134_0,877
-117,878
-117,879
-117,880
-117,881
-117,882
-117,883
-117,884
-117,885
-117,886
-117,887
-117,888
-117,889
-117,890
-117,891
-117,892
-117,893
-117,894
-117,895
-117,896
-117,897
-117,898
-117,899
-117,900
-117,901
-117,902
-117,903
-117,904
-117,905
-117,906
-117,907
-117,908
-117,909
-117,910
-117,911
-117,912
-117,913
-117,914
-117,915
-117,916
-117,917
-117,918
-117,919
-117,920
-117,921
-117,922
-117,923
-117,924
-117,925
-117,926
-117,927
-117,928
-117,929
-117,930
-117,931
-117,932
-117,933
-117,934
-117,935
-117,936
-117,937
-117,938
-117,939
-117,940
-117,941
-117,942
-117,943
-117,944
-117,945
-117,946
-117,947
-117,948
-117,949
-117,950
-117,951
-117,952
-117,953
-117,954
-117,955
-117,956
-117,957
-117,958
-117,959
-117,960
-117,961
-117,962
-117,963
-117,964
-117,965
-117,966
-117,967
-117,968
-117,969
-117,970
-117,971
-117,972
-117,973
-117,974
-117,975
:47_1,976
:47_1,977
:47_1,978
:47_1,979
119,980
119,981
119,982
119,983
119,984
119,985
119,986
119,987
119,988
119,989
119,990
119,991
119,992
119,993
119,994
119,995
119,996
119,997
119,998
119,999
119,1000
119,1001
119,1002
119,1003
119,1004
119,1005
119,1006
119,1007
119,1008
119,1009
119,1010
119,1011
119,1012
119,1013
119,1014
119,1015
119,1016
119,1017
119,1018
119,1019
119,1020
119,1021
119,1022
119,1023
119,1024
119,1025
119,1026
119,1027
119,1028
119,1029
119,1030
119,1031
119,1032
119,1033
119,1034
119,1035
119,1036
119,1037
119,1038
119,1039
119,1040
119,1041
119,1042
119,1043
119,1044
119,1045
119,1046
119,1047
119,1048
119,1049
119,1050
119,1051
119,1052
119,1053
119,1054
119,1055
119,1056
119,1057
119,1058
119,1059
119,1060
119,1061
119,1062
119,1063
119,1064
119,1065
119,1066
119,1067
119,1068
119,1069
119,1070
119,1071
119,1072
119,1073
119,1074
119,1075
119,1076
119,1077
119,1078
119,1079
119,1080
119,1081
119,1082
119,1083
119,1084
119,1085
119,1086
119,1087
119,1088
119,1089
119,1090
119,1091
119,1092
119,1093
119,1094
119,1095
119,1096
119,1097
119,1098
119,1099
119,1100
119,1101
119,1102
119,1103
119,1104
119,1105
119,1106
119,1107
119,1108
119,1109
119,1110
119,1111
119,1112
119,1113
:136_13,1114
:136_13,1115
:136_13,1116
:136_13,1117
:136_13,1118
204,1119
204,1120
204,1121
204,1122
204,1123
204,1124
204,1125
204,1126
204,1127
204,1128
204,1129
204,1130
204,1131
204,1132
204,1133
204,1134
204,1135
204,1136
204,1137
204,1138
204,1139
204,1140
204,1141
204,1142
204,1143
204,1144
204,1145
204,1146
204,1147
204,1148
204,1149
204,1150
204,1151
204,1152
204,1153
204,1154
204,1155
204,1156
204,1157
204,1158
204,1159
204,1160
204,1161
204,1162
204,1163
204,1164
204,1165
204,1166
204,1167
204,1168
204,1169
204,1170
204,1171
204,1172
204,1173
204,1174
204,1175
204,1176
204,1177
:211_1,1178
:211_1,1179
:211_1,1180
:211_1,1181
646,1182
646,1183
646,1184
646,1185
646,1186
646,1187
646,1188
646,1189
646,1190
646,1191
646,1192
646,1193
646,1194
646,1195
646,1196
646,1197
646,1198
646,1199
646,1200
646,1201
646,1202
646,1203
646,1204
646,1205
646,1206
646,1207
646,1208
646,1209
646,1210
646,1211
646,1212
646,1213
646,1214
646,1215
646,1216
646,1217
646,1218
646,1219
646,1220
646,1221
646,1222
646,1223
646,1224
646,1225
646,1226
646,1227
646,1228
646,1229
646,1230
646,1231
646,1232
646,1233
646,1234
646,1235
646,1236
646,1237
646,1238
646,1239
646,1240
646,1241
646,1242
646,1243
646,1244
646,1245
646,1246
646,1247
646,1248
646,1249
646,1250
646,1251
646,1252
646,1253
646,1254
646,1255
646,1256
646,1257
646,1258
646,1259
646,1260
646,1261
646,1262
646,1263
646,1264
646,1265
646,1266
646,1267
646,1268
646,1269
646,1270
646,1271
:179_1,1272
:179_1,1273
:179_1,1274
:179_1,1275
-164,1276
-164,1277
-164,1278
-164,1279
-164,1280
-164,1281
-164,1282
-164,1283
-164,1284
-164,1285
-164,1286
-164,1287
-164,1288
-164,1289
-164,1290
-164,1291
-164,1292
-164,1293
-164,1294
-164,1295
-164,1296
-164,1297
-164,1298
-164,1299
-164,1300
-164,1301
-164,1302
-164,1303
-164,1304
-164,1305
-164,1306
-164,1307
-164,1308
-164,1309
-164,1310
-164,1311
-164,1312
-164,1313
-164,1314
-164,1315
-164,1316
-164,1317
-164,1318
-164,1319
-164,1320
-164,1321
-164,1322
-164,1323
-164,1324
-164,1325
-164,1326
-164,1327
-164,1328
-164,1329
-164,1330
-164,1331
-164,1332
-164,1333
-164,1334
-164,1335
-164,1336
-164,1337
-164,1338
-164,1339
-164,1340
-164,1341
-164,1342
-164,1343
-164,1344
-164,1345
-164,1346
-164,1347
-164,1348
-164,1349
-164,1350
-164,1351
-164,1352
-164,1353
-164,1354
-164,1355
-164,1356
-164,1357
-164,1358
-164,1359
-164,1360
-164,1361
-164,1362
-164,1363
-164,1364
-164,1365
-164,1366
-164,1367
-164,1368
-164,1369
-164,1370
-164,1371
-164,1372
-164,1373
-164,1374
-164,1375
-164,1376
-164,1377
-164,1378
-164,1379
-164,1380
-164,1381
-164,1382
-164,1383
-164,1384
-164,1385
-164,1386
-164,1387
-164,1388
-164,1389
-164,1390
-164,1391
-164,1392
-164,1393
-164,1394
-164,1395
-164,1396
-164,1397
-164,1398
-164,1399
-164,1400
-164,1401
-164,1402
-164,1403
-164,1404
-164,1405
-164,1406
-164,1407
-164,1408
-164,1409
-164,1410
-164,1411
-164,1412
-164,1413
-164,1414
-164,1415
-164,1416
-164,1417
-164,1418
-164,1419
-164,1420
-164,1421
-164,1422
-164,1423
-164,1424
-164,1425
-164,1426
-164,1427
-164,1428
-164,1429
-164,1430
-164,1431
-164,1432
-164,1433
-164,1434
-164,1435
-164,1436
-164,1437
-164,1438
-164,1439
-164,1440
-164,1441
-164,1442
-164,1443
-164,1444
-164,1445
-164,1446
-164,1447
-164,1448
-164,1449
-164,1450
-164,1451
-164,1452
-164,1453
