-390,1
-390,2
-390,3
-390,4
-390,5
-390,6
-390,7
-390,8
-390,9
-390,10
-390,11
-390,12
-390,13
-390,14
-390,15
-390,16
-390,17
-390,18
-390,19
-390,20
-390,21
-390,22
-390,23
-390,24
-390,25
-390,26
-390,27
-390,28
-390,29
-390,30
-390,31
-390,32
-390,33
-390,34
-390,35
-390,36
-390,37
-390,38
-390,39
-390,40
-390,41
-390,42
-390,43
-390,44
-390,45
-390,46
-390,47
-390,48
-390,49
-390,50
-390,51
-390,52
:346_1,53
384,54
384,55
384,56
384,57
384,58
384,59
384,60
384,61
384,62
384,63
384,64
384,65
384,66
384,67
384,68
384,69
384,70
384,71
384,72
384,73
384,74
384,75
384,76
384,77
384,78
384,79
384,80
384,81
384,82
384,83
384,84
384,85
384,86
384,87
384,88
384,89
384,90
384,91
384,92
384,93
384,94
384,95
384,96
384,97
384,98
384,99
384,100
384,101
384,102
384,103
384,104
384,105
384,106
384,107
384,108
384,109
384,110
384,111
384,112
384,113
384,114
384,115
384,116
384,117
384,118
384,119
384,120
384,121
384,122
384,123
384,124
384,125
384,126
384,127
384,128
384,129
384,130
384,131
385,132
385,133
385,134
385,135
385,136
385,137
385,138
385,139
385,140
385,141
385,142
385,143
385,144
385,145
385,146
385,147
385,148
385,149
385,150
385,151
385,152
385,153
385,154
385,155
385,156
385,157
385,158
385,159
385,160
385,161
385,162
385,163
385,164
385,165
385,166
385,167
385,168
385,169
385,170
385,171
385,172
385,173
385,174
385,175
385,176
385,177
385,178
385,179
385,180
385,181
385,182
385,183
385,184
385,185
385,186
385,187
385,188
385,189
385,190
385,191
385,192
385,193
385,194
385,195
385,196
385,197
385,198
385,199
385,200
385,201
385,202
385,203
385,204
385,205
385,206
385,207
385,208
385,209
385,210
:348_1,211
386,212
386,213
386,214
386,215
386,216
386,217
386,218
386,219
386,220
386,221
386,222
386,223
386,224
386,225
386,226
386,227
386,228
386,229
386,230
386,231
386,232
386,233
386,234
386,235
386,236
386,237
386,238
386,239
386,240
386,241
386,242
386,243
386,244
386,245
386,246
386,247
386,248
386,249
386,250
386,251
386,252
386,253
386,254
386,255
386,256
386,257
386,258
386,259
386,260
386,261
386,262
386,263
386,264
386,265
386,266
386,267
386,268
386,269
386,270
386,271
386,272
386,273
386,274
386,275
386,276
386,277
386,278
386,279
386,280
386,281
386,282
386,283
386,284
386,285
386,286
386,287
386,288
386,289
386,290
386,291
386,292
387,293
387,294
387,295
387,296
387,297
387,298
387,299
387,300
387,301
387,302
387,303
387,304
387,305
387,306
387,307
387,308
387,309
387,310
387,311
387,312
387,313
387,314
387,315
387,316
387,317
387,318
387,319
387,320
387,321
387,322
387,323
387,324
387,325
387,326
387,327
387,328
387,329
387,330
387,331
387,332
387,333
387,334
387,335
387,336
387,337
387,338
387,339
387,340
387,341
387,342
387,343
387,344
387,345
387,346
387,347
387,348
387,349
387,350
387,351
387,352
387,353
387,354
387,355
387,356
387,357
387,358
387,359
387,360
387,361
387,362
387,363
387,364
387,365
387,366
387,367
387,368
387,369
387,370
387,371
387,372
387,373
387,374
387,375
387,376
387,377
387,378
387,379
:350_1,380
388,381
388,382
388,383
388,384
388,385
388,386
388,387
388,388
388,389
388,390
388,391
388,392
388,393
388,394
388,395
388,396
388,397
388,398
388,399
388,400
388,401
388,402
388,403
388,404
388,405
388,406
388,407
388,408
388,409
388,410
388,411
388,412
388,413
388,414
388,415
388,416
388,417
388,418
388,419
388,420
388,421
388,422
388,423
388,424
388,425
388,426
388,427
388,428
388,429
388,430
388,431
388,432
388,433
388,434
388,435
388,436
388,437
388,438
388,439
388,440
388,441
388,442
388,443
388,444
388,445
388,446
388,447
388,448
388,449
388,450
388,451
388,452
388,453
388,454
388,455
388,456
388,457
:351_1,458
389,459
389,460
389,461
389,462
389,463
389,464
389,465
389,466
389,467
389,468
389,469
389,470
389,471
389,472
389,473
389,474
389,475
389,476
389,477
389,478
389,479
389,480
389,481
389,482
389,483
389,484
389,485
389,486
389,487
389,488
389,489
389,490
389,491
389,492
389,493
389,494
389,495
389,496
389,497
389,498
389,499
:352_7,500
:352_7,501
:352_7,502
:352_7,503
:352_7,504
:352_7,505
567,506
567,507
567,508
567,509
567,510
567,511
567,512
567,513
567,514
567,515
567,516
567,517
567,518
567,519
567,520
567,521
567,522
567,523
567,524
567,525
567,526
567,527
567,528
567,529
567,530
567,531
567,532
567,533
567,534
567,535
567,536
567,537
567,538
567,539
567,540
567,541
567,542
567,543
567,544
567,545
567,546
567,547
567,548
567,549
567,550
567,551
567,552
567,553
567,554
567,555
567,556
567,557
567,558
567,559
567,560
567,561
567,562
567,563
567,564
567,565
567,566
567,567
567,568
567,569
567,570
567,571
567,572
567,573
567,574
567,575
567,576
567,577
567,578
567,579
567,580
567,581
567,582
567,583
567,584
567,585
567,586
567,587
567,588
567,589
567,590
567,591
567,592
567,593
567,594
567,595
567,596
567,597
567,598
567,599
567,600
567,601
567,602
567,603
567,604
567,605
567,606
567,607
567,608
567,609
567,610
567,611
567,612
567,613
567,614
567,615
567,616
567,617
567,618
567,619
567,620
567,621
567,622
567,623
567,624
567,625
567,626
567,627
567,628
567,629
567,630
567,631
567,632
567,633
567,634
567,635
567,636
567,637
567,638
567,639
567,640
567,641
567,642
567,643
567,644
567,645
567,646
567,647
567,648
567,649
567,650
567,651
567,652
567,653
567,654
567,655
567,656
567,657
567,658
567,659
567,660
567,661
567,662
567,663
567,664
567,665
567,666
567,667
567,668
567,669
567,670
567,671
567,672
567,673
567,674
567,675
567,676
567,677
567,678
567,679
567,680
567,681
567,682
567,683
567,684
567,685
567,686
567,687
567,688
567,689
567,690
567,691
567,692
567,693
567,694
567,695
567,696
567,697
567,698
567,699
567,700
567,701
567,702
567,703
567,704
567,705
567,706
567,707
567,708
567,709
567,710
567,711
567,712
567,713
567,714
567,715
567,716
567,717
567,718
567,719
567,720
567,721
567,722
567,723
567,724
567,725
567,726
567,727
567,728
567,729
567,730
567,731
567,732
567,733
567,734
567,735
567,736
567,737
567,738
567,739
567,740
567,741
567,742
567,743
567,744
567,745
567,746
567,747
567,748
567,749
567,750
567,751
567,752
567,753
567,754
567,755
567,756
567,757
567,758
567,759
567,760
