-365,21
-365,22
-365,23
-365,24
-365,25
-365,26
-365,27
-365,28
-365,29
-365,30
-365,31
-365,32
-365,33
-365,34
-365,35
-365,36
-365,37
-365,38
-365,39
-365,40
-365,41
-365,42
-365,43
-365,44
-365,45
-365,46
-365,47
-365,48
-365,49
-365,50
-365,51
-365,52
-365,53
-365,54
-365,55
-365,56
-365,57
-365,58
-365,59
-365,60
-365,61
-365,62
-365,63
-365,64
-365,65
-365,66
-365,67
-365,68
-365,69
-365,70
-365,71
-365,72
-365,73
-365,74
-365,75
-365,76
-365,77
-365,78
-365,79
-365,80
-365,81
-365,82
-365,83
-365,84
-365,85
-365,86
-365,87
-365,88
-365,89
-365,90
-365,91
-365,92
-365,93
-365,94
-365,95
-365,96
:138_5,97
:138_5,98
:138_5,99
:138_5,100
:138_5,101
366,102
366,103
366,104
366,105
366,106
366,107
366,108
366,109
366,110
366,111
366,112
366,113
366,114
366,115
366,116
366,117
366,118
366,119
366,120
366,121
366,122
366,123
366,124
366,125
366,126
366,127
366,128
366,129
366,130
366,131
366,132
366,133
366,134
366,135
366,136
366,137
366,138
366,139
366,140
366,141
366,142
366,143
366,144
366,145
366,146
366,147
366,148
366,149
366,150
366,151
366,152
366,153
366,154
366,155
366,156
366,157
366,158
366,159
366,160
366,161
366,162
366,163
366,164
366,165
366,166
366,167
366,168
366,169
366,170
366,171
366,172
366,173
366,174
:334_5,175
:334_5,176
:334_5,177
:334_5,178
:334_5,179
515,180
515,181
515,182
515,183
515,184
515,185
515,186
515,187
515,188
515,189
515,190
515,191
515,192
515,193
515,194
515,195
515,196
515,197
515,198
515,199
515,200
515,201
515,202
515,203
515,204
515,205
515,206
515,207
515,208
515,209
515,210
515,211
515,212
515,213
515,214
515,215
515,216
515,217
515,218
515,219
515,220
515,221
515,222
515,223
515,224
515,225
515,226
515,227
515,228
515,229
515,230
515,231
515,232
515,233
515,234
515,235
515,236
515,237
515,238
515,239
515,240
515,241
515,242
515,243
515,244
515,245
515,246
515,247
515,248
515,249
515,250
515,251
515,252
515,253
515,254
515,255
515,256
515,257
515,258
515,259
515,260
:429_3,261
:429_3,262
:429_3,263
539,264
539,265
539,266
539,267
539,268
539,269
539,270
539,271
539,272
539,273
539,274
539,275
539,276
539,277
539,278
539,279
539,280
539,281
539,282
539,283
539,284
539,285
539,286
539,287
539,288
539,289
539,290
539,291
539,292
539,293
539,294
539,295
539,296
539,297
539,298
539,299
539,300
539,301
539,302
:439_1,303
656,304
656,305
656,306
656,307
656,308
656,309
656,310
656,311
656,312
656,313
656,314
656,315
656,316
656,317
656,318
656,319
656,320
656,321
656,322
656,323
656,324
656,325
656,326
656,327
656,328
656,329
656,330
656,331
656,332
656,333
656,334
656,335
656,336
656,337
656,338
656,339
656,340
656,341
656,342
656,343
656,344
656,345
656,346
656,347
656,348
656,349
656,350
656,351
656,352
656,353
656,354
656,355
656,356
656,357
656,358
656,359
656,360
656,361
656,362
656,363
656,364
656,365
656,366
656,367
656,368
656,369
656,370
656,371
656,372
656,373
656,374
656,375
656,376
656,377
656,378
656,379
656,380
656,381
656,382
656,383
656,384
656,385
656,386
656,387
656,388
656,389
:467_13,390
:467_13,391
:467_13,392
:467_13,393
:467_13,394
613,395
613,396
613,397
613,398
613,399
613,400
613,401
613,402
613,403
613,404
613,405
613,406
613,407
613,408
613,409
613,410
613,411
613,412
613,413
613,414
613,415
613,416
613,417
613,418
613,419
613,420
613,421
613,422
613,423
613,424
613,425
613,426
613,427
613,428
613,429
613,430
613,431
613,432
613,433
613,434
613,435
613,436
613,437
613,438
613,439
613,440
613,441
613,442
613,443
613,444
613,445
613,446
613,447
613,448
613,449
613,450
613,451
613,452
613,453
613,454
613,455
613,456
613,457
613,458
613,459
613,460
613,461
613,462
613,463
