161,1
161,2
161,3
161,4
161,5
161,6
161,7
161,8
161,9
161,10
161,11
161,12
161,13
161,14
161,15
161,16
161,17
161,18
161,19
161,20
161,21
161,22
161,23
161,24
161,25
161,26
161,27
161,28
161,29
161,30
161,31
161,32
161,33
161,34
161,35
161,36
161,37
161,38
161,39
161,40
161,41
161,42
161,43
161,44
161,45
161,46
161,47
161,48
161,49
161,50
161,51
161,52
161,53
161,54
161,55
161,56
161,57
161,58
161,59
161,60
161,61
161,62
161,63
161,64
161,65
161,66
161,67
161,68
161,69
161,70
161,71
161,72
161,73
161,74
161,75
161,76
161,77
161,78
161,79
161,80
161,81
161,82
161,83
161,84
161,85
161,86
161,87
:176_8,88
:176_8,89
:176_8,90
:176_8,91
:176_8,92
:176_8,93
510,94
510,95
510,96
510,97
510,98
510,99
510,100
510,101
510,102
510,103
510,104
510,105
510,106
510,107
510,108
510,109
510,110
510,111
510,112
510,113
510,114
510,115
510,116
510,117
510,118
510,119
510,120
510,121
510,122
510,123
510,124
510,125
510,126
510,127
510,128
510,129
510,130
510,131
510,132
510,133
510,134
510,135
510,136
510,137
510,138
510,139
510,140
510,141
510,142
510,143
510,144
510,145
510,146
510,147
510,148
510,149
510,150
510,151
510,152
510,153
510,154
510,155
510,156
510,157
510,158
510,159
510,160
510,161
510,162
510,163
510,164
510,165
510,166
510,167
510,168
510,169
510,170
510,171
510,172
510,173
510,174
510,175
510,176
510,177
510,178
510,179
510,180
510,181
510,182
510,183
510,184
510,185
510,186
510,187
510,188
510,189
510,190
510,191
510,192
510,193
510,194
510,195
510,196
510,197
510,198
510,199
510,200
510,201
510,202
510,203
510,204
510,205
510,206
510,207
510,208
510,209
510,210
510,211
510,212
510,213
510,214
510,215
510,216
682,217
682,218
682,219
682,220
682,221
682,222
682,223
682,224
682,225
682,226
682,227
682,228
682,229
682,230
:5_12,231
:5_12,232
:5_12,233
49,234
49,235
49,236
49,237
49,238
49,239
49,240
49,241
49,242
49,243
49,244
49,245
49,246
49,247
49,248
49,249
49,250
49,251
49,252
49,253
49,254
49,255
49,256
49,257
49,258
49,259
49,260
49,261
49,262
49,263
49,264
49,265
49,266
49,267
49,268
49,269
49,270
49,271
49,272
49,273
49,274
49,275
49,276
49,277
49,278
49,279
49,280
49,281
49,282
49,283
49,284
49,285
49,286
49,287
49,288
49,289
49,290
49,291
49,292
49,293
49,294
49,295
49,296
49,297
49,298
49,299
49,300
49,301
49,302
49,303
49,304
49,305
49,306
49,307
49,308
49,309
49,310
49,311
49,312
49,313
49,314
49,315
49,316
49,317
49,318
49,319
49,320
49,321
49,322
49,323
49,324
49,325
49,326
49,327
49,328
49,329
49,330
49,331
49,332
49,333
49,334
49,335
49,336
49,337
49,338
49,339
49,340
49,341
49,342
49,343
49,344
49,345
49,346
49,347
49,348
49,349
49,350
49,351
49,352
49,353
49,354
49,355
49,356
49,357
49,358
49,359
49,360
49,361
49,362
49,363
49,364
49,365
49,366
49,367
49,368
49,369
49,370
49,371
49,372
49,373
49,374
49,375
49,376
49,377
49,378
49,379
49,380
49,381
49,382
49,383
49,384
49,385
49,386
49,387
49,388
49,389
49,390
49,391
49,392
49,393
49,394
49,395
49,396
49,397
49,398
49,399
49,400
49,401
49,402
49,403
49,404
49,405
49,406
49,407
49,408
49,409
49,410
49,411
49,412
49,413
49,414
49,415
49,416
49,417
49,418
49,419
49,420
49,421
49,422
49,423
49,424
49,425
49,426
49,427
49,428
49,429
49,430
49,431
49,432
49,433
49,434
49,435
49,436
49,437
49,438
49,439
49,440
49,441
49,442
49,443
49,444
49,445
49,446
49,447
49,448
49,449
49,450
49,451
49,452
49,453
49,454
49,455
49,456
49,457
49,458
49,459
49,460
49,461
49,462
:57_0,463
:57_0,464
:57_0,465
:57_0,466
:57_0,467
:57_0,468
-158,469
-158,470
-158,471
-158,472
-158,473
-158,474
-158,475
-158,476
-158,477
-158,478
-158,479
-158,480
-158,481
-158,482
-158,483
-158,484
-158,485
-158,486
-158,487
-158,488
-158,489
-158,490
-158,491
-158,492
-158,493
-158,494
-158,495
-158,496
-158,497
-158,498
-158,499
-158,500
-158,501
-158,502
-158,503
-158,504
-158,505
-158,506
-158,507
-158,508
-158,509
-158,510
-158,511
-158,512
-158,513
-158,514
-158,515
-158,516
-158,517
-158,518
-158,519
-158,520
-158,521
-158,522
-158,523
-158,524
-158,525
-158,526
-158,527
-158,528
-158,529
-158,530
-158,531
-158,532
-158,533
-158,534
-158,535
-158,536
-158,537
-158,538
-158,539
-158,540
-158,541
-158,542
-158,543
-158,544
-158,545
-158,546
-158,547
-158,548
-158,549
-158,550
-158,551
-158,552
-158,553
-158,554
-158,555
-158,556
-158,557
-158,558
-158,559
-158,560
-158,561
-158,562
-158,563
-158,564
-158,565
-158,566
-158,567
-158,568
-158,569
-158,570
-158,571
-158,572
-158,573
-158,574
-158,575
-158,576
-158,577
-158,578
-158,579
-158,580
-158,581
-158,582
-158,583
-158,584
-158,585
:46_0,586
:46_0,587
:46_0,588
:46_0,589
:46_0,590
:46_0,591
-38,592
-38,593
-38,594
-38,595
-38,596
-38,597
-38,598
-38,599
-38,600
-38,601
-38,602
-38,603
-38,604
-38,605
-38,606
-38,607
-38,608
-38,609
-38,610
-38,611
-38,612
-38,613
-38,614
-38,615
-38,616
-38,617
-38,618
-38,619
-38,620
-38,621
-38,622
-38,623
-38,624
-38,625
-38,626
-38,627
-38,628
-38,629
-38,630
-38,631
-38,632
-38,633
-38,634
-38,635
-38,636
-38,637
-38,638
-38,639
-38,640
-38,641
-38,642
-38,643
-38,644
-38,645
-38,646
-38,647
-38,648
-38,649
-38,650
-38,651
-38,652
-38,653
-38,654
-38,655
-38,656
-38,657
-38,658
-38,659
-38,660
-38,661
-38,662
-38,663
-38,664
-38,665
-38,666
-38,667
-38,668
-38,669
-38,670
-38,671
-38,672
-38,673
-38,674
-38,675
-38,676
-38,677
-38,678
-38,679
-38,680
-38,681
-38,682
-38,683
-38,684
-38,685
-38,686
-38,687
-38,688
-38,689
-38,690
-38,691
-38,692
-38,693
-38,694
-38,695
-38,696
-38,697
-38,698
-38,699
-38,700
-38,701
-38,702
-38,703
-38,704
-38,705
-38,706
-38,707
-38,708
-38,709
-38,710
-38,711
-38,712
-38,713
-38,714
-38,715
-38,716
-38,717
-38,718
-38,719
-38,720
-38,721
-38,722
-38,723
-38,724
-38,725
-38,726
-38,727
-38,728
-38,729
-38,730
-38,731
-38,732
-38,733
-38,734
-38,735
-38,736
-38,737
-38,738
-38,739
-38,740
-38,741
-38,742
-38,743
-38,744
-38,745
-38,746
-38,747
-38,748
-38,749
-38,750
-38,751
-38,752
-38,753
-38,754
-38,755
-38,756
-38,757
-38,758
-38,759
-38,760
-38,761
-38,762
-38,763
-38,764
-38,765
-38,766
-38,767
-38,768
-38,769
-38,770
-38,771
-38,772
-38,773
-38,774
-38,775
-38,776
-38,777
-38,778
-38,779
-38,780
-38,781
-38,782
-38,783
-38,784
-38,785
-38,786
-38,787
-38,788
-38,789
-38,790
-38,791
-38,792
-38,793
-38,794
-38,795
-38,796
-38,797
-38,798
-38,799
-38,800
-38,801
-38,802
-38,803
-38,804
-38,805
-38,806
-38,807
-38,808
-38,809
-38,810
-38,811
-38,812
-38,813
-38,814
-38,815
-38,816
-38,817
-38,818
-38,819
-38,820
-38,821
-38,822
-38,823
-38,824
-38,825
-38,826
-38,827
-38,828
-38,829
-38,830
-38,831
-38,832
-38,833
-38,834
-38,835
-38,836
-38,837
-38,838
-38,839
-38,840
-38,841
-38,842
-38,843
-38,844
-38,845
-38,846
-38,847
-38,848
-38,849
-38,850
-38,851
-38,852
-38,853
-38,854
-38,855
-38,856
-38,857
-38,858
-38,859
-38,860
-38,861
-38,862
-38,863
-38,864
-38,865
-38,866
-38,867
-38,868
-38,869
-38,870
-38,871
-38,872
-38,873
-38,874
-38,875
-38,876
-38,877
-38,878
-38,879
-38,880
-38,881
-38,882
-38,883
-38,884
-38,885
-38,886
-38,887
-38,888
-38,889
-38,890
-38,891
-38,892
-38,893
-38,894
-38,895
-38,896
-38,897
-38,898
-38,899
-38,900
-38,901
-38,902
-38,903
-38,904
-38,905
:43_5,906
:43_5,907
:43_5,908
:43_5,909
:43_5,910
39,911
39,912
39,913
39,914
39,915
39,916
39,917
39,918
39,919
39,920
39,921
39,922
39,923
39,924
39,925
39,926
39,927
39,928
39,929
39,930
39,931
39,932
39,933
39,934
39,935
39,936
39,937
39,938
39,939
39,940
39,941
39,942
39,943
39,944
39,945
39,946
39,947
39,948
39,949
39,950
39,951
39,952
39,953
39,954
39,955
39,956
39,957
39,958
39,959
39,960
39,961
39,962
39,963
39,964
39,965
39,966
39,967
39,968
39,969
39,970
39,971
39,972
39,973
39,974
39,975
39,976
39,977
39,978
39,979
39,980
39,981
39,982
39,983
39,984
39,985
39,986
39,987
39,988
39,989
39,990
39,991
39,992
39,993
39,994
39,995
39,996
39,997
39,998
39,999
39,1000
39,1001
39,1002
39,1003
39,1004
39,1005
39,1006
39,1007
39,1008
39,1009
39,1010
39,1011
39,1012
39,1013
39,1014
39,1015
39,1016
39,1017
39,1018
39,1019
39,1020
39,1021
39,1022
39,1023
39,1024
39,1025
39,1026
39,1027
39,1028
39,1029
39,1030
39,1031
39,1032
39,1033
39,1034
39,1035
39,1036
39,1037
39,1038
39,1039
39,1040
39,1041
39,1042
39,1043
39,1044
39,1045
39,1046
39,1047
39,1048
39,1049
39,1050
39,1051
39,1052
39,1053
39,1054
39,1055
39,1056
39,1057
39,1058
39,1059
39,1060
39,1061
39,1062
39,1063
39,1064
39,1065
39,1066
39,1067
39,1068
39,1069
39,1070
39,1071
39,1072
39,1073
39,1074
39,1075
39,1076
39,1077
39,1078
39,1079
39,1080
39,1081
39,1082
39,1083
39,1084
39,1085
39,1086
39,1087
39,1088
39,1089
39,1090
39,1091
39,1092
39,1093
39,1094
39,1095
39,1096
39,1097
39,1098
39,1099
39,1100
39,1101
39,1102
39,1103
39,1104
:47_5,1105
:47_5,1106
:47_5,1107
:47_5,1108
:47_5,1109
:47_5,1110
118,1111
118,1112
118,1113
118,1114
118,1115
118,1116
118,1117
118,1118
118,1119
118,1120
118,1121
118,1122
118,1123
118,1124
118,1125
118,1126
118,1127
118,1128
118,1129
118,1130
118,1131
118,1132
118,1133
118,1134
118,1135
118,1136
118,1137
118,1138
118,1139
118,1140
118,1141
118,1142
118,1143
118,1144
118,1145
118,1146
118,1147
118,1148
118,1149
118,1150
118,1151
118,1152
118,1153
118,1154
118,1155
118,1156
118,1157
118,1158
118,1159
118,1160
118,1161
118,1162
118,1163
118,1164
118,1165
118,1166
118,1167
118,1168
118,1169
118,1170
118,1171
118,1172
118,1173
118,1174
118,1175
118,1176
118,1177
118,1178
118,1179
118,1180
118,1181
118,1182
118,1183
118,1184
118,1185
118,1186
118,1187
118,1188
118,1189
118,1190
118,1191
118,1192
118,1193
118,1194
118,1195
118,1196
118,1197
118,1198
118,1199
118,1200
118,1201
118,1202
118,1203
118,1204
118,1205
118,1206
118,1207
118,1208
118,1209
118,1210
118,1211
118,1212
118,1213
118,1214
118,1215
118,1216
118,1217
118,1218
118,1219
118,1220
118,1221
118,1222
118,1223
118,1224
118,1225
118,1226
118,1227
118,1228
118,1229
118,1230
118,1231
118,1232
118,1233
118,1234
118,1235
118,1236
118,1237
118,1238
118,1239
118,1240
118,1241
118,1242
118,1243
118,1244
118,1245
118,1246
118,1247
118,1248
118,1249
118,1250
118,1251
118,1252
118,1253
118,1254
118,1255
118,1256
118,1257
118,1258
118,1259
118,1260
118,1261
118,1262
118,1263
118,1264
118,1265
118,1266
118,1267
118,1268
118,1269
118,1270
118,1271
118,1272
118,1273
118,1274
118,1275
118,1276
118,1277
118,1278
118,1279
118,1280
118,1281
118,1282
118,1283
118,1284
118,1285
118,1286
118,1287
118,1288
118,1289
118,1290
118,1291
118,1292
118,1293
118,1294
:135_0,1295
:135_0,1296
:135_0,1297
:135_0,1298
:135_0,1299
144,1300
144,1301
144,1302
144,1303
144,1304
144,1305
144,1306
144,1307
144,1308
144,1309
144,1310
144,1311
144,1312
144,1313
144,1314
144,1315
144,1316
144,1317
144,1318
144,1319
144,1320
144,1321
144,1322
144,1323
144,1324
144,1325
144,1326
144,1327
144,1328
144,1329
144,1330
144,1331
144,1332
144,1333
144,1334
144,1335
144,1336
144,1337
144,1338
144,1339
144,1340
144,1341
144,1342
144,1343
144,1344
144,1345
144,1346
144,1347
144,1348
144,1349
144,1350
144,1351
144,1352
144,1353
144,1354
144,1355
144,1356
144,1357
144,1358
144,1359
144,1360
144,1361
144,1362
144,1363
144,1364
144,1365
144,1366
144,1367
144,1368
144,1369
144,1370
144,1371
144,1372
144,1373
144,1374
144,1375
144,1376
144,1377
144,1378
144,1379
144,1380
144,1381
144,1382
144,1383
144,1384
144,1385
144,1386
144,1387
144,1388
144,1389
144,1390
144,1391
144,1392
144,1393
144,1394
144,1395
144,1396
144,1397
144,1398
144,1399
144,1400
144,1401
144,1402
144,1403
144,1404
144,1405
144,1406
144,1407
144,1408
144,1409
144,1410
144,1411
144,1412
144,1413
144,1414
144,1415
144,1416
144,1417
144,1418
144,1419
144,1420
144,1421
144,1422
144,1423
144,1424
144,1425
144,1426
144,1427
144,1428
144,1429
144,1430
144,1431
144,1432
144,1433
144,1434
144,1435
144,1436
144,1437
144,1438
144,1439
144,1440
144,1441
144,1442
144,1443
144,1444
144,1445
144,1446
144,1447
144,1448
144,1449
144,1450
144,1451
144,1452
144,1453
144,1454
144,1455
144,1456
144,1457
144,1458
144,1459
144,1460
144,1461
144,1462
144,1463
144,1464
144,1465
144,1466
144,1467
144,1468
144,1469
144,1470
144,1471
144,1472
144,1473
144,1474
144,1475
144,1476
144,1477
144,1478
144,1479
144,1480
144,1481
144,1482
144,1483
144,1484
144,1485
144,1486
144,1487
144,1488
144,1489
144,1490
144,1491
144,1492
144,1493
144,1494
144,1495
144,1496
144,1497
144,1498
144,1499
144,1500
144,1501
144,1502
144,1503
144,1504
144,1505
144,1506
144,1507
144,1508
144,1509
144,1510
144,1511
144,1512
144,1513
144,1514
144,1515
144,1516
144,1517
144,1518
144,1519
144,1520
144,1521
144,1522
144,1523
144,1524
144,1525
144,1526
144,1527
144,1528
144,1529
144,1530
144,1531
144,1532
144,1533
144,1534
144,1535
144,1536
144,1537
144,1538
144,1539
144,1540
144,1541
144,1542
144,1543
144,1544
144,1545
144,1546
144,1547
144,1548
144,1549
144,1550
144,1551
144,1552
144,1553
144,1554
144,1555
144,1556
144,1557
144,1558
:159_0,1559
:159_0,1560
:159_0,1561
:159_0,1562
:159_0,1563
:159_0,1564
399,1565
399,1566
399,1567
399,1568
399,1569
399,1570
399,1571
399,1572
399,1573
399,1574
399,1575
399,1576
399,1577
399,1578
399,1579
399,1580
399,1581
399,1582
399,1583
399,1584
399,1585
399,1586
399,1587
399,1588
399,1589
399,1590
399,1591
399,1592
399,1593
399,1594
399,1595
399,1596
399,1597
399,1598
399,1599
399,1600
399,1601
399,1602
399,1603
399,1604
399,1605
399,1606
399,1607
399,1608
399,1609
399,1610
399,1611
399,1612
399,1613
399,1614
399,1615
399,1616
399,1617
399,1618
399,1619
399,1620
399,1621
399,1622
399,1623
399,1624
399,1625
399,1626
399,1627
399,1628
399,1629
399,1630
399,1631
399,1632
399,1633
399,1634
399,1635
399,1636
399,1637
399,1638
399,1639
399,1640
399,1641
399,1642
399,1643
399,1644
399,1645
399,1646
399,1647
399,1648
399,1649
399,1650
399,1651
399,1652
399,1653
399,1654
399,1655
399,1656
399,1657
399,1658
399,1659
399,1660
399,1661
399,1662
399,1663
399,1664
399,1665
399,1666
399,1667
399,1668
399,1669
399,1670
399,1671
399,1672
399,1673
399,1674
399,1675
399,1676
399,1677
399,1678
399,1679
399,1680
399,1681
399,1682
399,1683
399,1684
399,1685
399,1686
399,1687
399,1688
:169_0,1689
:169_0,1690
:169_0,1691
:169_0,1692
:169_0,1693
-153,1694
-153,1695
-153,1696
-153,1697
-153,1698
-153,1699
-153,1700
-153,1701
-153,1702
-153,1703
-153,1704
-153,1705
-153,1706
-153,1707
-153,1708
-153,1709
-153,1710
-153,1711
-153,1712
-153,1713
-153,1714
-153,1715
-153,1716
-153,1717
-153,1718
-153,1719
-153,1720
-153,1721
-153,1722
-153,1723
-153,1724
-153,1725
-153,1726
-153,1727
-153,1728
-153,1729
-153,1730
-153,1731
-153,1732
-153,1733
-153,1734
-153,1735
-153,1736
-153,1737
-153,1738
-153,1739
-153,1740
-153,1741
-153,1742
-153,1743
-153,1744
-153,1745
-153,1746
-153,1747
-153,1748
-153,1749
-153,1750
-153,1751
-153,1752
-153,1753
-153,1754
-153,1755
-153,1756
-153,1757
-153,1758
-153,1759
-153,1760
-153,1761
-153,1762
-153,1763
-153,1764
-153,1765
-153,1766
-153,1767
-153,1768
-153,1769
-153,1770
-153,1771
-153,1772
-153,1773
-153,1774
-153,1775
-153,1776
-153,1777
-153,1778
-153,1779
-153,1780
-153,1781
-153,1782
-153,1783
-153,1784
-153,1785
-153,1786
-153,1787
-153,1788
-153,1789
-153,1790
-153,1791
-153,1792
-153,1793
-153,1794
-153,1795
-153,1796
-153,1797
-153,1798
-153,1799
-153,1800
-153,1801
-153,1802
-153,1803
-153,1804
-153,1805
-153,1806
-153,1807
-153,1808
-153,1809
-153,1810
-153,1811
-153,1812
-153,1813
-153,1814
-153,1815
-153,1816
-153,1817
-153,1818
:166_1,1819
:166_1,1820
:166_1,1821
:166_1,1822
:166_1,1823
:166_1,1824
152,1825
152,1826
152,1827
152,1828
152,1829
152,1830
152,1831
152,1832
152,1833
152,1834
152,1835
152,1836
152,1837
152,1838
152,1839
152,1840
152,1841
152,1842
152,1843
152,1844
152,1845
152,1846
152,1847
152,1848
152,1849
152,1850
152,1851
152,1852
152,1853
152,1854
152,1855
152,1856
152,1857
152,1858
152,1859
152,1860
152,1861
152,1862
152,1863
152,1864
152,1865
152,1866
152,1867
152,1868
152,1869
152,1870
152,1871
152,1872
152,1873
152,1874
152,1875
152,1876
152,1877
152,1878
152,1879
152,1880
152,1881
152,1882
152,1883
152,1884
152,1885
152,1886
152,1887
152,1888
152,1889
152,1890
152,1891
152,1892
152,1893
152,1894
152,1895
152,1896
152,1897
152,1898
152,1899
152,1900
152,1901
152,1902
152,1903
152,1904
152,1905
152,1906
152,1907
152,1908
152,1909
152,1910
152,1911
152,1912
152,1913
152,1914
152,1915
152,1916
152,1917
152,1918
152,1919
152,1920
152,1921
152,1922
152,1923
152,1924
152,1925
152,1926
152,1927
152,1928
152,1929
152,1930
152,1931
152,1932
152,1933
152,1934
152,1935
152,1936
152,1937
152,1938
152,1939
152,1940
152,1941
152,1942
152,1943
152,1944
152,1945
152,1946
152,1947
152,1948
152,1949
152,1950
152,1951
152,1952
152,1953
152,1954
152,1955
152,1956
152,1957
152,1958
152,1959
152,1960
152,1961
152,1962
152,1963
152,1964
152,1965
152,1966
152,1967
152,1968
152,1969
152,1970
152,1971
152,1972
152,1973
152,1974
152,1975
152,1976
152,1977
152,1978
152,1979
152,1980
152,1981
152,1982
152,1983
152,1984
152,1985
152,1986
152,1987
152,1988
152,1989
152,1990
152,1991
152,1992
152,1993
152,1994
152,1995
:168_6,1996
:168_6,1997
:168_6,1998
:168_16,1999
:168_16,2000
