-229,1
-229,2
-229,3
-229,4
-229,5
-229,6
-229,7
-229,8
-229,9
-229,10
-229,11
-229,12
-229,13
-229,14
-229,15
-229,16
-229,17
-229,18
-229,19
-229,20
-229,21
-229,22
-229,23
-229,24
-229,25
-229,26
-229,27
-229,28
-229,29
-229,30
-229,31
-229,32
-229,33
-229,34
-229,35
-229,36
-229,37
-229,38
-229,39
-229,40
-229,41
-229,42
-229,43
-229,44
-229,45
-229,46
-229,47
-229,48
-229,49
-229,50
-229,51
-229,52
-229,53
-229,54
-229,55
-229,56
-229,57
-229,58
-229,59
-229,60
-229,61
-229,62
-229,63
-229,64
-229,65
-229,66
-229,67
-229,68
-229,69
-229,70
-229,71
-229,72
-229,73
-229,74
-229,75
-229,76
-229,77
-229,78
-229,79
-229,80
-229,81
-229,82
-229,83
-229,84
-229,85
-229,86
-229,87
-229,88
-229,89
-229,90
-229,91
-229,92
-229,93
-229,94
-229,95
-229,96
-229,97
-229,98
-229,99
-229,100
-229,101
-229,102
-229,103
-229,104
-229,105
-229,106
-229,107
-229,108
-229,109
-229,110
-229,111
-229,112
-229,113
-229,114
-229,115
-229,116
-229,117
-229,118
:186_2,119
:186_2,120
:186_2,121
:186_2,122
:186_2,123
:186_2,124
227,125
227,126
227,127
227,128
227,129
227,130
227,131
227,132
227,133
227,134
227,135
227,136
227,137
227,138
227,139
227,140
227,141
227,142
227,143
227,144
227,145
227,146
227,147
227,148
227,149
227,150
227,151
227,152
227,153
227,154
227,155
227,156
227,157
227,158
227,159
227,160
227,161
227,162
227,163
227,164
227,165
227,166
227,167
227,168
227,169
227,170
227,171
227,172
227,173
227,174
227,175
227,176
227,177
227,178
227,179
227,180
227,181
227,182
227,183
227,184
227,185
227,186
227,187
-211,188
-211,189
-211,190
-211,191
-211,192
-211,193
-211,194
-211,195
-211,196
-211,197
-211,198
-211,199
-211,200
-211,201
-211,202
-211,203
-211,204
-211,205
-211,206
-211,207
-211,208
-211,209
-211,210
-211,211
-211,212
-211,213
-211,214
-211,215
-211,216
-211,217
-211,218
-211,219
-211,220
-211,221
-211,222
-211,223
-211,224
-211,225
-211,226
-211,227
-211,228
-211,229
-211,230
-211,231
-211,232
-211,233
-211,234
-211,235
-211,236
:189_12,237
:189_12,238
:189_12,239
:189_12,240
-176,241
-176,242
-176,243
-176,244
-176,245
-176,246
-176,247
-176,248
-176,249
-176,250
-176,251
-176,252
-176,253
-176,254
-176,255
-176,256
-176,257
-176,258
-176,259
-176,260
-176,261
-176,262
-176,263
-176,264
-176,265
-176,266
-176,267
-176,268
-176,269
-176,270
-176,271
-176,272
-176,273
-176,274
-176,275
-176,276
-176,277
-176,278
-176,279
-176,280
-176,281
-176,282
-176,283
-176,284
-176,285
-176,286
-176,287
-176,288
-176,289
-176,290
-176,291
-176,292
-176,293
-176,294
-176,295
-176,296
-176,297
-176,298
-176,299
-176,300
-176,301
-176,302
-176,303
-176,304
-176,305
-176,306
-176,307
-176,308
-176,309
-176,310
-176,311
-176,312
-176,313
-176,314
-176,315
-176,316
-176,317
-176,318
-176,319
-176,320
-176,321
-176,322
-176,323
-176,324
-176,325
-176,326
-176,327
-176,328
-176,329
-176,330
-176,331
-176,332
-176,333
-176,334
-176,335
-176,336
-176,337
-176,338
-176,339
-176,340
-176,341
-176,342
-176,343
-176,344
-176,345
-176,346
-176,347
-176,348
-176,349
-176,350
-176,351
-176,352
-176,353
-176,354
:13_13,355
:13_17,356
685,357
685,358
685,359
685,360
685,361
685,362
685,363
685,364
685,365
685,366
685,367
685,368
685,369
685,370
685,371
685,372
685,373
685,374
685,375
685,376
:373_5,377
:373_5,378
684,379
684,380
684,381
684,382
684,383
684,384
684,385
684,386
684,387
684,388
684,389
684,390
684,391
684,392
684,393
684,394
684,395
684,396
684,397
684,398
:6_9,399
:6_9,400
:6_9,401
6,402
6,403
6,404
6,405
6,406
6,407
6,408
6,409
6,410
6,411
6,412
6,413
6,414
6,415
6,416
6,417
6,418
6,419
6,420
6,421
6,422
6,423
6,424
6,425
6,426
6,427
6,428
6,429
6,430
6,431
6,432
6,433
6,434
6,435
6,436
6,437
6,438
6,439
6,440
6,441
6,442
6,443
6,444
6,445
6,446
6,447
6,448
6,449
6,450
6,451
6,452
6,453
6,454
6,455
6,456
6,457
6,458
6,459
6,460
6,461
6,462
6,463
6,464
6,465
6,466
6,467
6,468
6,469
6,470
6,471
6,472
6,473
6,474
6,475
6,476
6,477
6,478
6,479
6,480
6,481
6,482
6,483
6,484
6,485
6,486
6,487
6,488
6,489
6,490
6,491
6,492
6,493
6,494
6,495
6,496
6,497
6,498
6,499
6,500
6,501
6,502
6,503
6,504
6,505
6,506
6,507
6,508
6,509
6,510
6,511
6,512
6,513
6,514
6,515
6,516
6,517
6,518
6,519
6,520
6,521
6,522
6,523
6,524
6,525
6,526
6,527
6,528
6,529
6,530
6,531
6,532
6,533
6,534
6,535
6,536
6,537
6,538
6,539
6,540
6,541
6,542
6,543
6,544
6,545
6,546
6,547
6,548
6,549
6,550
6,551
6,552
6,553
6,554
6,555
6,556
6,557
6,558
6,559
6,560
6,561
6,562
6,563
6,564
6,565
6,566
6,567
6,568
6,569
6,570
6,571
6,572
6,573
6,574
6,575
6,576
6,577
6,578
6,579
6,580
6,581
6,582
6,583
6,584
6,585
6,586
6,587
6,588
6,589
6,590
6,591
6,592
6,593
6,594
6,595
6,596
6,597
6,598
6,599
6,600
6,601
6,602
6,603
6,604
6,605
6,606
6,607
6,608
6,609
6,610
6,611
6,612
6,613
6,614
6,615
6,616
6,617
6,618
6,619
6,620
6,621
6,622
:8_1,623
7,624
7,625
7,626
7,627
7,628
7,629
7,630
7,631
7,632
7,633
7,634
7,635
7,636
7,637
7,638
7,639
7,640
7,641
7,642
7,643
7,644
7,645
7,646
7,647
7,648
7,649
7,650
7,651
7,652
7,653
7,654
7,655
7,656
7,657
7,658
7,659
7,660
7,661
7,662
7,663
7,664
7,665
7,666
7,667
7,668
7,669
7,670
7,671
7,672
7,673
7,674
7,675
7,676
7,677
7,678
7,679
7,680
7,681
7,682
7,683
7,684
7,685
7,686
7,687
7,688
7,689
7,690
7,691
7,692
7,693
7,694
7,695
7,696
7,697
7,698
7,699
7,700
7,701
7,702
7,703
7,704
8,705
8,706
8,707
8,708
8,709
8,710
8,711
8,712
8,713
8,714
8,715
8,716
8,717
8,718
8,719
8,720
8,721
8,722
8,723
8,724
8,725
8,726
8,727
8,728
8,729
8,730
8,731
8,732
8,733
8,734
8,735
8,736
8,737
8,738
8,739
8,740
8,741
8,742
8,743
8,744
8,745
8,746
8,747
8,748
8,749
8,750
8,751
8,752
8,753
8,754
8,755
8,756
8,757
8,758
8,759
8,760
8,761
8,762
8,763
8,764
8,765
8,766
8,767
8,768
8,769
8,770
8,771
8,772
8,773
8,774
8,775
8,776
8,777
8,778
8,779
8,780
8,781
8,782
8,783
9,784
9,785
9,786
9,787
9,788
9,789
9,790
9,791
9,792
9,793
9,794
9,795
9,796
9,797
9,798
9,799
9,800
9,801
9,802
9,803
9,804
9,805
9,806
9,807
9,808
9,809
9,810
9,811
9,812
9,813
9,814
9,815
9,816
9,817
9,818
9,819
9,820
9,821
9,822
9,823
9,824
9,825
9,826
9,827
9,828
9,829
9,830
9,831
9,832
9,833
9,834
9,835
9,836
9,837
9,838
9,839
9,840
9,841
9,842
9,843
9,844
9,845
9,846
9,847
9,848
9,849
9,850
9,851
9,852
9,853
9,854
9,855
9,856
9,857
9,858
10,859
10,860
10,861
10,862
10,863
10,864
10,865
10,866
10,867
10,868
10,869
10,870
10,871
10,872
10,873
10,874
10,875
10,876
10,877
10,878
10,879
10,880
10,881
10,882
10,883
10,884
10,885
10,886
10,887
10,888
10,889
10,890
10,891
10,892
10,893
10,894
10,895
10,896
10,897
10,898
10,899
10,900
10,901
10,902
10,903
10,904
10,905
10,906
10,907
10,908
10,909
10,910
10,911
10,912
10,913
10,914
10,915
10,916
10,917
10,918
10,919
10,920
10,921
10,922
10,923
10,924
10,925
10,926
10,927
10,928
10,929
10,930
10,931
10,932
10,933
10,934
11,935
11,936
11,937
11,938
11,939
11,940
11,941
11,942
11,943
11,944
11,945
11,946
11,947
11,948
11,949
11,950
11,951
11,952
11,953
11,954
11,955
11,956
11,957
11,958
11,959
11,960
11,961
11,962
11,963
11,964
11,965
11,966
11,967
11,968
11,969
11,970
11,971
11,972
11,973
11,974
11,975
11,976
11,977
11,978
11,979
11,980
11,981
11,982
11,983
11,984
11,985
11,986
11,987
11,988
11,989
11,990
11,991
11,992
11,993
11,994
11,995
11,996
11,997
11,998
11,999
11,1000
11,1001
11,1002
11,1003
11,1004
11,1005
11,1006
11,1007
11,1008
11,1009
11,1010
11,1011
11,1012
11,1013
11,1014
11,1015
11,1016
11,1017
11,1018
11,1019
11,1020
11,1021
11,1022
11,1023
11,1024
11,1025
11,1026
11,1027
11,1028
11,1029
11,1030
11,1031
11,1032
11,1033
11,1034
11,1035
11,1036
11,1037
11,1038
11,1039
11,1040
11,1041
11,1042
11,1043
11,1044
11,1045
11,1046
11,1047
11,1048
11,1049
11,1050
11,1051
11,1052
11,1053
11,1054
11,1055
11,1056
11,1057
11,1058
11,1059
11,1060
11,1061
11,1062
11,1063
11,1064
11,1065
11,1066
11,1067
11,1068
11,1069
11,1070
11,1071
11,1072
11,1073
11,1074
11,1075
11,1076
11,1077
11,1078
11,1079
11,1080
11,1081
11,1082
11,1083
11,1084
11,1085
:4_6,1086
:4_6,1087
:4_6,1088
:4_6,1089
-3,1090
-3,1091
-3,1092
-3,1093
-3,1094
-3,1095
-3,1096
-3,1097
-3,1098
-3,1099
-3,1100
-3,1101
-3,1102
-3,1103
-3,1104
-3,1105
-3,1106
-3,1107
-3,1108
-3,1109
-3,1110
-3,1111
-3,1112
-3,1113
-3,1114
-3,1115
-3,1116
-3,1117
-3,1118
-3,1119
-3,1120
-3,1121
-3,1122
-3,1123
-3,1124
-3,1125
-3,1126
-3,1127
-3,1128
-3,1129
-3,1130
-3,1131
-3,1132
-3,1133
-3,1134
-3,1135
-3,1136
-3,1137
-3,1138
-3,1139
-3,1140
-3,1141
-3,1142
-3,1143
-3,1144
-3,1145
-3,1146
-3,1147
-3,1148
-3,1149
-3,1150
-3,1151
-3,1152
-3,1153
-3,1154
-3,1155
-3,1156
-3,1157
-3,1158
-3,1159
-3,1160
-3,1161
-3,1162
-3,1163
-3,1164
-3,1165
-3,1166
-3,1167
-3,1168
-3,1169
-3,1170
-3,1171
-3,1172
-3,1173
-3,1174
-3,1175
-3,1176
-3,1177
-3,1178
-3,1179
-3,1180
-3,1181
-3,1182
-3,1183
-3,1184
-3,1185
-3,1186
-3,1187
-3,1188
-3,1189
-3,1190
-3,1191
-3,1192
-3,1193
-3,1194
-3,1195
-3,1196
-3,1197
-3,1198
-3,1199
-3,1200
-3,1201
-3,1202
-3,1203
-3,1204
-3,1205
-3,1206
-3,1207
-3,1208
-3,1209
-3,1210
-3,1211
-3,1212
-3,1213
-3,1214
-3,1215
-3,1216
-3,1217
-3,1218
-3,1219
-3,1220
-3,1221
-3,1222
-3,1223
-3,1224
-3,1225
-3,1226
-3,1227
-3,1228
-3,1229
-3,1230
-3,1231
-3,1232
-3,1233
-3,1234
-3,1235
-3,1236
-3,1237
-3,1238
-3,1239
-3,1240
-3,1241
-3,1242
-3,1243
-3,1244
-3,1245
-3,1246
-3,1247
-3,1248
-3,1249
-3,1250
-3,1251
-3,1252
-3,1253
-3,1254
-3,1255
-3,1256
-3,1257
-3,1258
-3,1259
-3,1260
-3,1261
-3,1262
-3,1263
-3,1264
-3,1265
-3,1266
-3,1267
-3,1268
-3,1269
-3,1270
-3,1271
-3,1272
-3,1273
-3,1274
-3,1275
-3,1276
-3,1277
-3,1278
-3,1279
-3,1280
-3,1281
-3,1282
-3,1283
-3,1284
-3,1285
-3,1286
-3,1287
-3,1288
-3,1289
-3,1290
-3,1291
-3,1292
-3,1293
-3,1294
-3,1295
-3,1296
-3,1297
-3,1298
-3,1299
-3,1300
-3,1301
-3,1302
-3,1303
-3,1304
-3,1305
-3,1306
-3,1307
-3,1308
-3,1309
-3,1310
-3,1311
-3,1312
-3,1313
-3,1314
-3,1315
-3,1316
-3,1317
-3,1318
-3,1319
-3,1320
-3,1321
-3,1322
-3,1323
-3,1324
-3,1325
-3,1326
-3,1327
-3,1328
-3,1329
-3,1330
-3,1331
-3,1332
-3,1333
-3,1334
-3,1335
-3,1336
-3,1337
-3,1338
-3,1339
-3,1340
-3,1341
-3,1342
-3,1343
-3,1344
-3,1345
-3,1346
-3,1347
-3,1348
-3,1349
-3,1350
-3,1351
-3,1352
-3,1353
-3,1354
-3,1355
-3,1356
-3,1357
-3,1358
-3,1359
-3,1360
-3,1361
-3,1362
-3,1363
-3,1364
-3,1365
-3,1366
-3,1367
-3,1368
-3,1369
-3,1370
-3,1371
-3,1372
-3,1373
-3,1374
-3,1375
-3,1376
-3,1377
-3,1378
-3,1379
-3,1380
-3,1381
-3,1382
-3,1383
-3,1384
-3,1385
-3,1386
-3,1387
-3,1388
-3,1389
-3,1390
-3,1391
-3,1392
-3,1393
-3,1394
-3,1395
-3,1396
-3,1397
-3,1398
-3,1399
-3,1400
-3,1401
-3,1402
-3,1403
-3,1404
-3,1405
-3,1406
-3,1407
-3,1408
-3,1409
-3,1410
-3,1411
-3,1412
-3,1413
-3,1414
-3,1415
-3,1416
-3,1417
-3,1418
-3,1419
-3,1420
-3,1421
-3,1422
-3,1423
-3,1424
-3,1425
-3,1426
-3,1427
-3,1428
-3,1429
-3,1430
-3,1431
-3,1432
-3,1433
:0_13,1434
:0_13,1435
:0_13,1436
:0_13,1437
:0_13,1438
:0_13,1439
-310,1440
-310,1441
-310,1442
-310,1443
-310,1444
-310,1445
-310,1446
-310,1447
-310,1448
-310,1449
-310,1450
-310,1451
-310,1452
-310,1453
-310,1454
-310,1455
-310,1456
-310,1457
-310,1458
-310,1459
-310,1460
-310,1461
-310,1462
-310,1463
-310,1464
-310,1465
-310,1466
-310,1467
-310,1468
-310,1469
-310,1470
-310,1471
-310,1472
-310,1473
-310,1474
-310,1475
-310,1476
-310,1477
-310,1478
-310,1479
-310,1480
-310,1481
-310,1482
-310,1483
-310,1484
-310,1485
-310,1486
-310,1487
-310,1488
-310,1489
-310,1490
-310,1491
-310,1492
-310,1493
-310,1494
-310,1495
-310,1496
-310,1497
-310,1498
-310,1499
-310,1500
-310,1501
-310,1502
-310,1503
-310,1504
-310,1505
-310,1506
-310,1507
-310,1508
-310,1509
-310,1510
-310,1511
-310,1512
-310,1513
-310,1514
-310,1515
-310,1516
-310,1517
-310,1518
-310,1519
-310,1520
-310,1521
-310,1522
-310,1523
-310,1524
-310,1525
-310,1526
-310,1527
-310,1528
-310,1529
-310,1530
-310,1531
-310,1532
-310,1533
-310,1534
-310,1535
-310,1536
-310,1537
-310,1538
-310,1539
-310,1540
-310,1541
-310,1542
-310,1543
-310,1544
-310,1545
-310,1546
-310,1547
-310,1548
-310,1549
-310,1550
-310,1551
-310,1552
-310,1553
-310,1554
-310,1555
-310,1556
-310,1557
-310,1558
-310,1559
-310,1560
-310,1561
-310,1562
-310,1563
-310,1564
-310,1565
-310,1566
-310,1567
-310,1568
-310,1569
-310,1570
-310,1571
-310,1572
-310,1573
-310,1574
-310,1575
-310,1576
-310,1577
-310,1578
-310,1579
-310,1580
-310,1581
-310,1582
-310,1583
-310,1584
-310,1585
-310,1586
-310,1587
-310,1588
-310,1589
-310,1590
-310,1591
-310,1592
-310,1593
-310,1594
-310,1595
-310,1596
-310,1597
-310,1598
-310,1599
-310,1600
-310,1601
-310,1602
-310,1603
-310,1604
-310,1605
-310,1606
-310,1607
-310,1608
-310,1609
-310,1610
-310,1611
-310,1612
-310,1613
-310,1614
-310,1615
-310,1616
-310,1617
-310,1618
-310,1619
-310,1620
-310,1621
-310,1622
-310,1623
-310,1624
-310,1625
-310,1626
-310,1627
-310,1628
-310,1629
-310,1630
-310,1631
-310,1632
-310,1633
-310,1634
-310,1635
-310,1636
-310,1637
-310,1638
-310,1639
-310,1640
-310,1641
-310,1642
-310,1643
-310,1644
-310,1645
-310,1646
-310,1647
-310,1648
-310,1649
-310,1650
-310,1651
-310,1652
-310,1653
-310,1654
-310,1655
-310,1656
-310,1657
-310,1658
-310,1659
-310,1660
-310,1661
-310,1662
-310,1663
-310,1664
-310,1665
-310,1666
-310,1667
-310,1668
-310,1669
-310,1670
-310,1671
-310,1672
-310,1673
-310,1674
-310,1675
-310,1676
-310,1677
-310,1678
-310,1679
:54_6,1680
:54_6,1681
:54_6,1682
:54_6,1683
:54_6,1684
:54_6,1685
-46,1686
-46,1687
-46,1688
-46,1689
-46,1690
-46,1691
-46,1692
-46,1693
-46,1694
-46,1695
-46,1696
-46,1697
-46,1698
-46,1699
-46,1700
-46,1701
-46,1702
-46,1703
-46,1704
-46,1705
-46,1706
-46,1707
-46,1708
-46,1709
-46,1710
-46,1711
-46,1712
-46,1713
-46,1714
-46,1715
-46,1716
-46,1717
-46,1718
-46,1719
-46,1720
-46,1721
-46,1722
-46,1723
-46,1724
-46,1725
-46,1726
-46,1727
-46,1728
-46,1729
-46,1730
-46,1731
-46,1732
-46,1733
-46,1734
-46,1735
-46,1736
-46,1737
-46,1738
-46,1739
-46,1740
-46,1741
-46,1742
-46,1743
-46,1744
-46,1745
-46,1746
-46,1747
-46,1748
-46,1749
-46,1750
-46,1751
-46,1752
-46,1753
-46,1754
-46,1755
-46,1756
-46,1757
-46,1758
-46,1759
-46,1760
-46,1761
-46,1762
-46,1763
-46,1764
-46,1765
-46,1766
-46,1767
-46,1768
-46,1769
-46,1770
-46,1771
-46,1772
-46,1773
-46,1774
-46,1775
-46,1776
-46,1777
-46,1778
-46,1779
-46,1780
-46,1781
-46,1782
-46,1783
-46,1784
-46,1785
-46,1786
-46,1787
-46,1788
-46,1789
-46,1790
-46,1791
-46,1792
-46,1793
-46,1794
-46,1795
-46,1796
-46,1797
-46,1798
-46,1799
