-276,21
-276,22
-276,23
-276,24
-276,25
-276,26
-276,27
-276,28
-276,29
-276,30
-276,31
-276,32
-276,33
-276,34
-276,35
-276,36
-276,37
-276,38
-276,39
-276,40
-276,41
-276,42
-276,43
-276,44
-276,45
-276,46
-276,47
-276,48
-276,49
-276,50
-276,51
-276,52
-276,53
-276,54
-276,55
-276,56
-276,57
-276,58
-276,59
-276,60
-276,61
-276,62
-276,63
-276,64
-276,65
-276,66
-276,67
-276,68
-276,69
-276,70
-276,71
-276,72
-276,73
-276,74
-276,75
-276,76
-276,77
-276,78
-276,79
-276,80
-276,81
-276,82
-276,83
-276,84
-276,85
-276,86
-276,87
-276,88
-276,89
-276,90
-276,91
-276,92
-276,93
-276,94
-276,95
-276,96
-276,97
-276,98
-276,99
-276,100
-276,101
-276,102
-276,103
-276,104
-276,105
-276,106
-276,107
-276,108
-276,109
-276,110
-276,111
-276,112
-276,113
-276,114
-276,115
-276,116
-276,117
-276,118
-276,119
-276,120
-276,121
-276,122
-276,123
-276,124
-276,125
:261_8,126
:261_8,127
:261_8,128
-265,129
-265,130
-265,131
-265,132
-265,133
-265,134
-265,135
-265,136
-265,137
-265,138
-265,139
-265,140
-265,141
-265,142
-265,143
-265,144
-265,145
-265,146
-265,147
-265,148
-265,149
-265,150
-265,151
-265,152
-265,153
-265,154
-265,155
-265,156
-265,157
-265,158
-265,159
-265,160
-265,161
-265,162
-265,163
-265,164
-265,165
-265,166
-265,167
-265,168
-265,169
-265,170
-265,171
-265,172
-265,173
-265,174
-265,175
-265,176
-265,177
-265,178
-265,179
-265,180
-265,181
-265,182
-265,183
-265,184
-265,185
-265,186
-265,187
-265,188
-265,189
-265,190
-265,191
-265,192
-265,193
-265,194
-265,195
-265,196
-265,197
-265,198
-265,199
-265,200
-265,201
-265,202
-265,203
-265,204
-265,205
-265,206
-265,207
-265,208
-265,209
-265,210
-265,211
-265,212
-265,213
-265,214
-265,215
-265,216
-265,217
-265,218
-265,219
-265,220
-265,221
-265,222
-265,223
-265,224
-265,225
-265,226
-265,227
-265,228
-265,229
-265,230
-265,231
-265,232
-265,233
-265,234
-265,235
-265,236
-265,237
-265,238
-265,239
-265,240
-265,241
-265,242
-265,243
-265,244
-265,245
-265,246
-265,247
-265,248
-265,249
-265,250
-265,251
-265,252
-265,253
-265,254
-265,255
-265,256
-265,257
-265,258
-265,259
-265,260
-265,261
-265,262
-265,263
-265,264
-265,265
-265,266
-265,267
-265,268
-265,269
-265,270
-265,271
-265,272
-265,273
-265,274
-265,275
-265,276
-265,277
-265,278
-265,279
-265,280
-265,281
-265,282
-265,283
-265,284
-265,285
-265,286
-265,287
-265,288
-265,289
-265,290
-265,291
-265,292
-265,293
-265,294
-265,295
-265,296
-265,297
-265,298
-265,299
-265,300
-265,301
-265,302
-265,303
-265,304
-265,305
-265,306
-265,307
-265,308
-265,309
-265,310
-265,311
-265,312
-265,313
-265,314
-265,315
-265,316
-265,317
-265,318
-265,319
-265,320
-265,321
-265,322
-265,323
-265,324
-265,325
-265,326
-265,327
-265,328
-265,329
-265,330
-265,331
-265,332
-265,333
-265,334
-265,335
-265,336
-265,337
-265,338
-265,339
-265,340
-265,341
:259_13,342
:259_13,343
:259_13,344
:259_13,345
:259_13,346
:259_13,347
:259_13,348
264,349
264,350
264,351
264,352
264,353
264,354
264,355
264,356
264,357
264,358
264,359
264,360
264,361
264,362
264,363
264,364
264,365
264,366
264,367
264,368
264,369
264,370
264,371
264,372
264,373
264,374
264,375
264,376
264,377
264,378
264,379
264,380
264,381
264,382
264,383
264,384
264,385
264,386
264,387
264,388
264,389
264,390
264,391
264,392
264,393
264,394
264,395
264,396
264,397
264,398
264,399
264,400
264,401
264,402
264,403
264,404
264,405
264,406
264,407
264,408
264,409
264,410
264,411
264,412
264,413
264,414
264,415
264,416
264,417
264,418
264,419
264,420
264,421
264,422
264,423
264,424
264,425
264,426
264,427
264,428
264,429
264,430
264,431
264,432
264,433
264,434
264,435
264,436
264,437
264,438
264,439
264,440
264,441
264,442
264,443
264,444
264,445
264,446
264,447
264,448
264,449
264,450
264,451
264,452
264,453
264,454
264,455
264,456
264,457
264,458
264,459
264,460
264,461
264,462
264,463
264,464
264,465
264,466
264,467
:66_6,468
:66_6,469
:66_6,470
:66_6,471
:66_6,472
-57,473
-57,474
-57,475
-57,476
-57,477
-57,478
-57,479
-57,480
-57,481
-57,482
-57,483
-57,484
-57,485
-57,486
-57,487
-57,488
-57,489
-57,490
-57,491
-57,492
-57,493
-57,494
-57,495
-57,496
-57,497
-57,498
-57,499
-57,500
-57,501
-57,502
-57,503
-57,504
-57,505
-57,506
-57,507
-57,508
-57,509
-57,510
-57,511
-57,512
-57,513
-57,514
-57,515
-57,516
-57,517
-57,518
-57,519
-57,520
-57,521
-57,522
-57,523
-57,524
-57,525
-57,526
-57,527
-57,528
-57,529
-57,530
-57,531
-57,532
-57,533
-57,534
-57,535
-57,536
-57,537
:65_13,538
:65_13,539
:65_13,540
:65_13,541
:65_13,542
:65_13,543
60,544
60,545
60,546
60,547
60,548
60,549
60,550
60,551
60,552
60,553
60,554
60,555
60,556
60,557
60,558
60,559
60,560
60,561
60,562
60,563
60,564
60,565
60,566
60,567
60,568
60,569
60,570
60,571
60,572
60,573
60,574
60,575
60,576
60,577
60,578
60,579
60,580
60,581
60,582
60,583
60,584
60,585
60,586
60,587
60,588
60,589
60,590
60,591
60,592
60,593
60,594
60,595
60,596
60,597
60,598
60,599
60,600
60,601
60,602
60,603
60,604
60,605
60,606
60,607
60,608
60,609
61,610
61,611
61,612
61,613
61,614
61,615
61,616
61,617
61,618
61,619
61,620
61,621
61,622
61,623
61,624
61,625
61,626
61,627
61,628
61,629
61,630
61,631
61,632
61,633
61,634
61,635
61,636
61,637
61,638
61,639
61,640
61,641
61,642
61,643
61,644
61,645
61,646
61,647
61,648
61,649
61,650
61,651
61,652
61,653
61,654
61,655
61,656
61,657
61,658
61,659
61,660
61,661
61,662
61,663
61,664
61,665
61,666
61,667
61,668
61,669
61,670
61,671
61,672
61,673
61,674
61,675
61,676
61,677
61,678
61,679
61,680
61,681
61,682
62,683
62,684
62,685
62,686
62,687
62,688
62,689
62,690
62,691
62,692
62,693
62,694
62,695
62,696
62,697
62,698
62,699
62,700
62,701
62,702
62,703
62,704
62,705
62,706
62,707
62,708
62,709
62,710
62,711
62,712
62,713
62,714
62,715
62,716
62,717
62,718
62,719
62,720
62,721
62,722
62,723
62,724
62,725
62,726
62,727
62,728
62,729
62,730
62,731
62,732
62,733
62,734
62,735
62,736
62,737
62,738
62,739
62,740
62,741
62,742
62,743
62,744
62,745
62,746
62,747
62,748
62,749
62,750
62,751
62,752
62,753
62,754
62,755
62,756
:71_1,757
63,758
63,759
63,760
63,761
63,762
63,763
63,764
63,765
63,766
63,767
63,768
63,769
63,770
63,771
63,772
63,773
63,774
63,775
63,776
63,777
63,778
63,779
63,780
63,781
63,782
63,783
63,784
63,785
63,786
63,787
63,788
63,789
63,790
63,791
63,792
63,793
63,794
63,795
63,796
63,797
63,798
63,799
63,800
63,801
63,802
63,803
63,804
63,805
63,806
63,807
63,808
63,809
63,810
63,811
63,812
63,813
63,814
63,815
63,816
63,817
63,818
63,819
63,820
63,821
63,822
:72_3,823
:72_3,824
:72_3,825
:72_3,826
:72_3,827
:72_3,828
64,829
64,830
64,831
64,832
64,833
64,834
64,835
64,836
64,837
64,838
64,839
64,840
64,841
64,842
64,843
64,844
64,845
64,846
64,847
64,848
64,849
64,850
64,851
64,852
64,853
64,854
64,855
64,856
64,857
64,858
64,859
64,860
64,861
64,862
64,863
64,864
64,865
64,866
64,867
64,868
64,869
64,870
64,871
64,872
64,873
64,874
64,875
64,876
64,877
64,878
64,879
64,880
64,881
64,882
64,883
64,884
64,885
64,886
64,887
64,888
64,889
64,890
64,891
64,892
64,893
64,894
64,895
64,896
64,897
64,898
64,899
64,900
64,901
64,902
64,903
64,904
64,905
64,906
:73_12,907
:73_12,908
:73_12,909
:73_12,910
368,911
368,912
368,913
368,914
368,915
368,916
368,917
368,918
368,919
368,920
368,921
368,922
368,923
368,924
368,925
368,926
368,927
368,928
368,929
368,930
368,931
368,932
368,933
368,934
368,935
368,936
368,937
368,938
368,939
368,940
368,941
368,942
368,943
368,944
368,945
368,946
368,947
368,948
368,949
368,950
368,951
368,952
368,953
368,954
368,955
368,956
368,957
368,958
368,959
368,960
368,961
368,962
368,963
368,964
368,965
368,966
368,967
368,968
368,969
368,970
368,971
368,972
368,973
368,974
368,975
368,976
368,977
368,978
368,979
368,980
368,981
368,982
368,983
368,984
368,985
368,986
368,987
368,988
368,989
368,990
368,991
368,992
368,993
368,994
368,995
368,996
368,997
368,998
368,999
368,1000
368,1001
368,1002
368,1003
368,1004
368,1005
368,1006
368,1007
368,1008
368,1009
368,1010
368,1011
368,1012
368,1013
368,1014
368,1015
368,1016
368,1017
368,1018
368,1019
368,1020
368,1021
368,1022
368,1023
368,1024
368,1025
368,1026
368,1027
368,1028
368,1029
368,1030
368,1031
368,1032
368,1033
368,1034
368,1035
368,1036
368,1037
368,1038
368,1039
368,1040
368,1041
368,1042
368,1043
368,1044
368,1045
368,1046
368,1047
368,1048
368,1049
368,1050
:337_0,1051
:337_0,1052
:337_0,1053
:337_0,1054
455,1055
455,1056
455,1057
455,1058
455,1059
455,1060
455,1061
455,1062
455,1063
455,1064
455,1065
455,1066
455,1067
455,1068
455,1069
455,1070
455,1071
455,1072
455,1073
455,1074
455,1075
455,1076
455,1077
455,1078
455,1079
455,1080
455,1081
455,1082
455,1083
455,1084
455,1085
455,1086
455,1087
455,1088
455,1089
455,1090
455,1091
455,1092
455,1093
455,1094
455,1095
455,1096
455,1097
455,1098
455,1099
455,1100
455,1101
455,1102
455,1103
455,1104
455,1105
455,1106
455,1107
455,1108
455,1109
455,1110
455,1111
455,1112
455,1113
455,1114
455,1115
455,1116
455,1117
455,1118
455,1119
455,1120
455,1121
455,1122
455,1123
455,1124
455,1125
455,1126
455,1127
455,1128
455,1129
455,1130
455,1131
455,1132
455,1133
455,1134
455,1135
455,1136
455,1137
455,1138
455,1139
455,1140
455,1141
455,1142
455,1143
455,1144
455,1145
455,1146
455,1147
455,1148
455,1149
455,1150
455,1151
455,1152
455,1153
455,1154
455,1155
455,1156
455,1157
455,1158
455,1159
455,1160
455,1161
455,1162
455,1163
455,1164
455,1165
455,1166
455,1167
455,1168
455,1169
455,1170
455,1171
455,1172
455,1173
455,1174
455,1175
455,1176
455,1177
455,1178
455,1179
455,1180
455,1181
455,1182
455,1183
455,1184
455,1185
455,1186
455,1187
455,1188
455,1189
455,1190
455,1191
455,1192
455,1193
455,1194
455,1195
455,1196
455,1197
455,1198
455,1199
455,1200
455,1201
455,1202
455,1203
455,1204
455,1205
455,1206
455,1207
455,1208
455,1209
455,1210
455,1211
455,1212
455,1213
455,1214
455,1215
455,1216
455,1217
455,1218
455,1219
455,1220
455,1221
455,1222
455,1223
455,1224
455,1225
455,1226
455,1227
455,1228
455,1229
455,1230
455,1231
455,1232
455,1233
455,1234
455,1235
455,1236
455,1237
455,1238
455,1239
455,1240
455,1241
455,1242
455,1243
455,1244
455,1245
455,1246
455,1247
455,1248
455,1249
455,1250
455,1251
455,1252
455,1253
455,1254
455,1255
455,1256
455,1257
455,1258
455,1259
455,1260
455,1261
455,1262
455,1263
455,1264
455,1265
455,1266
455,1267
455,1268
:388_1,1269
:388_1,1270
:388_9,1271
:388_9,1272
:388_9,1273
485,1274
485,1275
485,1276
485,1277
485,1278
485,1279
485,1280
485,1281
485,1282
485,1283
485,1284
485,1285
485,1286
485,1287
485,1288
485,1289
485,1290
485,1291
485,1292
485,1293
485,1294
485,1295
485,1296
485,1297
485,1298
485,1299
485,1300
:313_1,1301
:313_1,1302
:313_1,1303
:313_1,1304
:313_1,1305
486,1306
486,1307
486,1308
486,1309
486,1310
486,1311
486,1312
486,1313
486,1314
486,1315
486,1316
486,1317
486,1318
486,1319
486,1320
486,1321
486,1322
486,1323
486,1324
486,1325
486,1326
486,1327
486,1328
486,1329
486,1330
486,1331
486,1332
486,1333
486,1334
486,1335
486,1336
486,1337
:409_0,1338
:409_0,1339
:409_0,1340
-487,1341
-487,1342
-487,1343
-487,1344
-487,1345
-487,1346
-487,1347
-487,1348
-487,1349
-487,1350
-487,1351
-487,1352
-487,1353
-487,1354
-487,1355
-487,1356
-487,1357
-487,1358
-487,1359
-487,1360
-487,1361
-487,1362
-487,1363
-487,1364
-487,1365
-487,1366
-487,1367
-487,1368
-487,1369
-487,1370
-487,1371
-487,1372
-487,1373
-487,1374
-487,1375
-487,1376
-487,1377
-487,1378
-487,1379
-487,1380
-487,1381
-487,1382
-487,1383
-487,1384
-487,1385
-487,1386
-487,1387
-487,1388
-487,1389
-487,1390
-487,1391
-487,1392
-487,1393
-487,1394
-487,1395
-487,1396
-487,1397
-487,1398
-487,1399
-487,1400
-487,1401
-487,1402
-487,1403
-487,1404
-487,1405
-487,1406
-487,1407
-487,1408
-487,1409
-487,1410
-487,1411
-487,1412
-487,1413
-487,1414
-487,1415
-487,1416
-487,1417
-487,1418
-487,1419
-487,1420
-487,1421
-487,1422
-487,1423
-487,1424
-487,1425
-487,1426
-487,1427
-487,1428
-487,1429
-487,1430
-487,1431
-487,1432
-487,1433
-487,1434
-487,1435
-487,1436
-487,1437
-487,1438
-487,1439
-487,1440
-487,1441
-487,1442
-487,1443
-487,1444
-487,1445
-487,1446
-487,1447
-487,1448
-487,1449
-487,1450
-487,1451
-487,1452
-487,1453
-487,1454
-487,1455
-487,1456
-487,1457
-487,1458
-487,1459
-487,1460
-487,1461
-487,1462
-487,1463
-487,1464
-487,1465
-487,1466
-487,1467
-487,1468
-487,1469
-487,1470
-487,1471
-487,1472
-487,1473
-487,1474
-487,1475
-487,1476
-487,1477
-487,1478
-487,1479
-487,1480
-487,1481
-487,1482
-487,1483
-487,1484
-487,1485
-487,1486
-487,1487
-487,1488
-487,1489
-487,1490
-487,1491
-487,1492
-487,1493
-487,1494
-487,1495
-487,1496
:410_1,1497
488,1498
488,1499
488,1500
488,1501
488,1502
488,1503
488,1504
488,1505
488,1506
488,1507
488,1508
488,1509
488,1510
488,1511
488,1512
488,1513
488,1514
488,1515
488,1516
488,1517
488,1518
488,1519
488,1520
488,1521
488,1522
488,1523
488,1524
488,1525
488,1526
488,1527
488,1528
488,1529
488,1530
488,1531
488,1532
:315_9,1533
:315_9,1534
:315_9,1535
:315_9,1536
:315_9,1537
489,1538
489,1539
489,1540
489,1541
489,1542
489,1543
489,1544
489,1545
489,1546
489,1547
489,1548
489,1549
489,1550
489,1551
489,1552
489,1553
489,1554
489,1555
489,1556
489,1557
489,1558
489,1559
:97_3,1560
:97_3,1561
:97_3,1562
-484,1563
-484,1564
-484,1565
-484,1566
-484,1567
-484,1568
-484,1569
-484,1570
-484,1571
-484,1572
-484,1573
-484,1574
-484,1575
-484,1576
-484,1577
-484,1578
-484,1579
-484,1580
-484,1581
-484,1582
-484,1583
-484,1584
-484,1585
-484,1586
-484,1587
-484,1588
-484,1589
-484,1590
-484,1591
-484,1592
-484,1593
-484,1594
-484,1595
-484,1596
-484,1597
-484,1598
-484,1599
-484,1600
-484,1601
-484,1602
-484,1603
-484,1604
-484,1605
-484,1606
-484,1607
-484,1608
-484,1609
-484,1610
-484,1611
-484,1612
-484,1613
-484,1614
-484,1615
-484,1616
-484,1617
-484,1618
-484,1619
-484,1620
-484,1621
-484,1622
-484,1623
-484,1624
-484,1625
-484,1626
-484,1627
-484,1628
-484,1629
-484,1630
-484,1631
-484,1632
-484,1633
-484,1634
-484,1635
-484,1636
-484,1637
-484,1638
-484,1639
-484,1640
-484,1641
-484,1642
-484,1643
-484,1644
-484,1645
-484,1646
-484,1647
-484,1648
-484,1649
-484,1650
-484,1651
-484,1652
-484,1653
-484,1654
-484,1655
-484,1656
-484,1657
-484,1658
-484,1659
-484,1660
-484,1661
-484,1662
-484,1663
-484,1664
-484,1665
-484,1666
-484,1667
-484,1668
-484,1669
-484,1670
-484,1671
-484,1672
-484,1673
-484,1674
-484,1675
-484,1676
-484,1677
-484,1678
-484,1679
-484,1680
-484,1681
-484,1682
-484,1683
-484,1684
-484,1685
-484,1686
-484,1687
-484,1688
-484,1689
-484,1690
-484,1691
-484,1692
-484,1693
-484,1694
-484,1695
-484,1696
-484,1697
-484,1698
-484,1699
-484,1700
-484,1701
-484,1702
-484,1703
-484,1704
-484,1705
-484,1706
:388_7,1707
:388_7,1708
:388_7,1709
:388_7,1710
:388_7,1711
-455,1712
-455,1713
-455,1714
-455,1715
-455,1716
-455,1717
-455,1718
-455,1719
-455,1720
-455,1721
-455,1722
-455,1723
-455,1724
-455,1725
-455,1726
-455,1727
-455,1728
-455,1729
-455,1730
-455,1731
-455,1732
-455,1733
-455,1734
-455,1735
-455,1736
-455,1737
-455,1738
-455,1739
-455,1740
-455,1741
-455,1742
-455,1743
-455,1744
-455,1745
-455,1746
-455,1747
-455,1748
-455,1749
-455,1750
-455,1751
-455,1752
-455,1753
-455,1754
-455,1755
-455,1756
-455,1757
-455,1758
-455,1759
-455,1760
-455,1761
-455,1762
-455,1763
-455,1764
-455,1765
-455,1766
-455,1767
-455,1768
-455,1769
-455,1770
-455,1771
-455,1772
-455,1773
-455,1774
-455,1775
-455,1776
-455,1777
-455,1778
-455,1779
-455,1780
-455,1781
-455,1782
-455,1783
-455,1784
-455,1785
-455,1786
-455,1787
-455,1788
-455,1789
-455,1790
-455,1791
-455,1792
-455,1793
-455,1794
-455,1795
-455,1796
-455,1797
-455,1798
-455,1799
-455,1800
-455,1801
-455,1802
-455,1803
-455,1804
-455,1805
-455,1806
-455,1807
-455,1808
-455,1809
-455,1810
-455,1811
-455,1812
-455,1813
-455,1814
-455,1815
-455,1816
-455,1817
-455,1818
-455,1819
-455,1820
-455,1821
-455,1822
-455,1823
-455,1824
-455,1825
-455,1826
-455,1827
-455,1828
-455,1829
-455,1830
-455,1831
-455,1832
-455,1833
-455,1834
-455,1835
-455,1836
-455,1837
-455,1838
-455,1839
-455,1840
-455,1841
-455,1842
-455,1843
-455,1844
-455,1845
-455,1846
-455,1847
-455,1848
-455,1849
-455,1850
-455,1851
-455,1852
-455,1853
-455,1854
-455,1855
-455,1856
-455,1857
-455,1858
-455,1859
-455,1860
-455,1861
-455,1862
-455,1863
-455,1864
-455,1865
-455,1866
-455,1867
-455,1868
-455,1869
-455,1870
-455,1871
-455,1872
-455,1873
-455,1874
-455,1875
-455,1876
-455,1877
-455,1878
-455,1879
-455,1880
-455,1881
-455,1882
-455,1883
-455,1884
-455,1885
-455,1886
-455,1887
-455,1888
-455,1889
-455,1890
-455,1891
-455,1892
-455,1893
-455,1894
-455,1895
-455,1896
-455,1897
-455,1898
-455,1899
-455,1900
-455,1901
-455,1902
-455,1903
-455,1904
-455,1905
-455,1906
-455,1907
-455,1908
-455,1909
-455,1910
-455,1911
-455,1912
-455,1913
-455,1914
-455,1915
-455,1916
-455,1917
-455,1918
-455,1919
-455,1920
-455,1921
-455,1922
-455,1923
-455,1924
-455,1925
-455,1926
:337_7,1927
:337_7,1928
:337_10,1929
:337_10,1930
-368,1931
-368,1932
-368,1933
-368,1934
-368,1935
-368,1936
-368,1937
-368,1938
-368,1939
-368,1940
-368,1941
-368,1942
-368,1943
-368,1944
-368,1945
-368,1946
-368,1947
-368,1948
-368,1949
-368,1950
-368,1951
-368,1952
-368,1953
-368,1954
-368,1955
-368,1956
-368,1957
-368,1958
-368,1959
-368,1960
-368,1961
-368,1962
-368,1963
-368,1964
-368,1965
-368,1966
-368,1967
-368,1968
-368,1969
-368,1970
-368,1971
-368,1972
-368,1973
-368,1974
-368,1975
-368,1976
-368,1977
-368,1978
-368,1979
-368,1980
-368,1981
-368,1982
-368,1983
-368,1984
-368,1985
-368,1986
-368,1987
-368,1988
-368,1989
-368,1990
-368,1991
-368,1992
-368,1993
-368,1994
-368,1995
-368,1996
-368,1997
-368,1998
-368,1999
-368,2000
