-243,21
-243,22
-243,23
-243,24
-243,25
-243,26
-243,27
-243,28
-243,29
-243,30
-243,31
-243,32
-243,33
-243,34
-243,35
-243,36
-243,37
-243,38
-243,39
-243,40
-243,41
-243,42
-243,43
-243,44
-243,45
-243,46
-243,47
-243,48
-243,49
-243,50
-243,51
-243,52
-243,53
-243,54
-243,55
-243,56
-243,57
-243,58
-243,59
-243,60
-243,61
-243,62
-243,63
-243,64
-243,65
-243,66
-243,67
-243,68
-243,69
-243,70
-243,71
-243,72
-243,73
-243,74
-243,75
-243,76
-243,77
-243,78
-243,79
-243,80
-243,81
-243,82
-243,83
-243,84
-243,85
-243,86
-243,87
-243,88
-243,89
-243,90
-243,91
-243,92
-243,93
:245_1,94
:245_1,95
:245_1,96
:245_1,97
:245_1,98
-242,99
-242,100
-242,101
-242,102
-242,103
-242,104
-242,105
-242,106
-242,107
-242,108
-242,109
-242,110
-242,111
-242,112
-242,113
-242,114
-242,115
-242,116
-242,117
-242,118
-242,119
-242,120
-242,121
-242,122
-242,123
-242,124
-242,125
-242,126
-242,127
-242,128
-242,129
-242,130
-242,131
-242,132
-242,133
-242,134
-242,135
-242,136
-242,137
-242,138
-242,139
-242,140
-242,141
-242,142
-242,143
-242,144
-242,145
-242,146
-242,147
-242,148
-242,149
-242,150
-242,151
-242,152
-242,153
-242,154
-242,155
-242,156
-242,157
-242,158
-242,159
-242,160
-242,161
-242,162
-242,163
-242,164
-242,165
-242,166
-242,167
-242,168
-242,169
-242,170
-242,171
-242,172
-242,173
-242,174
-242,175
-242,176
-242,177
-242,178
-242,179
-242,180
-242,181
-242,182
-242,183
-242,184
-242,185
-242,186
-242,187
-242,188
-242,189
-242,190
-242,191
-242,192
-242,193
-242,194
-242,195
-242,196
-242,197
-242,198
-242,199
-242,200
-242,201
-242,202
:244_5,203
:244_5,204
:244_5,205
:244_5,206
:244_5,207
:244_5,208
437,209
437,210
437,211
437,212
437,213
437,214
437,215
437,216
437,217
437,218
437,219
437,220
437,221
437,222
437,223
437,224
437,225
437,226
437,227
437,228
437,229
437,230
437,231
437,232
437,233
437,234
437,235
437,236
437,237
437,238
437,239
437,240
437,241
437,242
437,243
437,244
437,245
437,246
437,247
437,248
437,249
437,250
437,251
437,252
437,253
437,254
437,255
437,256
437,257
437,258
437,259
437,260
437,261
437,262
437,263
437,264
437,265
437,266
437,267
437,268
437,269
437,270
437,271
437,272
437,273
437,274
437,275
437,276
437,277
437,278
437,279
437,280
437,281
437,282
437,283
437,284
437,285
437,286
437,287
437,288
437,289
437,290
437,291
437,292
437,293
437,294
437,295
437,296
437,297
437,298
437,299
437,300
437,301
437,302
437,303
437,304
437,305
437,306
437,307
437,308
437,309
437,310
437,311
437,312
437,313
437,314
437,315
437,316
437,317
437,318
437,319
437,320
437,321
437,322
437,323
437,324
437,325
437,326
437,327
437,328
437,329
437,330
437,331
437,332
437,333
437,334
437,335
437,336
437,337
437,338
437,339
437,340
437,341
437,342
437,343
437,344
437,345
437,346
437,347
437,348
437,349
437,350
437,351
437,352
437,353
437,354
437,355
437,356
437,357
437,358
437,359
437,360
437,361
437,362
437,363
437,364
437,365
437,366
437,367
437,368
437,369
437,370
437,371
437,372
437,373
437,374
437,375
437,376
437,377
437,378
437,379
437,380
437,381
437,382
437,383
437,384
437,385
437,386
437,387
437,388
437,389
437,390
437,391
437,392
437,393
437,394
437,395
437,396
437,397
437,398
437,399
437,400
437,401
437,402
437,403
437,404
437,405
437,406
437,407
437,408
437,409
437,410
437,411
437,412
437,413
437,414
437,415
437,416
437,417
437,418
437,419
437,420
437,421
437,422
437,423
437,424
437,425
437,426
437,427
437,428
437,429
437,430
437,431
437,432
437,433
437,434
437,435
437,436
437,437
437,438
437,439
437,440
437,441
437,442
437,443
437,444
437,445
:381_5,446
:381_5,447
:381_5,448
:381_5,449
:381_5,450
438,451
438,452
438,453
438,454
438,455
438,456
438,457
438,458
438,459
438,460
438,461
438,462
438,463
438,464
438,465
438,466
438,467
438,468
438,469
438,470
438,471
438,472
438,473
438,474
438,475
438,476
438,477
438,478
438,479
438,480
438,481
438,482
438,483
438,484
438,485
438,486
438,487
438,488
438,489
438,490
438,491
438,492
438,493
438,494
438,495
438,496
438,497
438,498
438,499
438,500
438,501
438,502
438,503
438,504
438,505
438,506
438,507
438,508
438,509
438,510
438,511
438,512
438,513
438,514
438,515
438,516
438,517
438,518
438,519
438,520
438,521
438,522
438,523
438,524
438,525
438,526
438,527
438,528
438,529
438,530
438,531
438,532
438,533
438,534
438,535
438,536
438,537
438,538
438,539
438,540
438,541
438,542
438,543
438,544
438,545
438,546
438,547
438,548
438,549
438,550
438,551
438,552
438,553
438,554
438,555
438,556
438,557
438,558
438,559
438,560
438,561
438,562
438,563
438,564
438,565
438,566
438,567
438,568
438,569
438,570
438,571
438,572
438,573
:75_5,574
:75_5,575
:75_5,576
:75_5,577
:75_5,578
-65,579
-65,580
-65,581
-65,582
-65,583
-65,584
-65,585
-65,586
-65,587
-65,588
-65,589
-65,590
-65,591
-65,592
-65,593
-65,594
-65,595
-65,596
-65,597
-65,598
-65,599
-65,600
-65,601
-65,602
-65,603
-65,604
-65,605
-65,606
-65,607
-65,608
-65,609
-65,610
-65,611
-65,612
-65,613
-65,614
-65,615
-65,616
-65,617
-65,618
-65,619
-65,620
-65,621
-65,622
-65,623
-65,624
-65,625
-65,626
-65,627
-65,628
-65,629
-65,630
-65,631
-65,632
-65,633
-65,634
-65,635
-65,636
-65,637
-65,638
-65,639
-65,640
-65,641
-65,642
-65,643
-65,644
-65,645
-65,646
-65,647
-65,648
-65,649
-65,650
-65,651
-65,652
-65,653
-65,654
-65,655
-65,656
-65,657
-65,658
-65,659
-65,660
-65,661
-65,662
-65,663
-65,664
-65,665
-65,666
-65,667
-65,668
-65,669
-65,670
-65,671
-65,672
-65,673
-65,674
-65,675
-65,676
-65,677
-65,678
-65,679
-65,680
-65,681
-65,682
-65,683
-65,684
-65,685
-65,686
-65,687
-65,688
-65,689
-65,690
-65,691
-65,692
-65,693
-65,694
-65,695
-65,696
-65,697
-65,698
:74_6,699
:74_6,700
:74_16,701
:74_16,702
:74_16,703
67,704
67,705
67,706
67,707
67,708
67,709
67,710
67,711
67,712
67,713
67,714
67,715
67,716
67,717
67,718
67,719
67,720
67,721
67,722
67,723
67,724
67,725
67,726
67,727
67,728
67,729
67,730
67,731
67,732
67,733
67,734
67,735
67,736
67,737
67,738
67,739
67,740
67,741
67,742
67,743
67,744
67,745
67,746
67,747
67,748
67,749
67,750
67,751
67,752
67,753
67,754
67,755
67,756
67,757
67,758
67,759
67,760
67,761
67,762
67,763
67,764
67,765
67,766
67,767
67,768
67,769
67,770
67,771
67,772
67,773
67,774
67,775
67,776
67,777
67,778
67,779
67,780
67,781
67,782
67,783
67,784
67,785
67,786
67,787
67,788
67,789
67,790
67,791
67,792
67,793
67,794
67,795
67,796
67,797
67,798
67,799
67,800
67,801
67,802
67,803
67,804
67,805
67,806
67,807
67,808
67,809
67,810
67,811
67,812
67,813
67,814
67,815
67,816
67,817
67,818
67,819
67,820
67,821
67,822
67,823
67,824
67,825
:77_6,826
:77_6,827
:77_6,828
:77_6,829
:77_6,830
-121,831
-121,832
-121,833
-121,834
-121,835
-121,836
-121,837
-121,838
-121,839
-121,840
-121,841
-121,842
-121,843
-121,844
-121,845
-121,846
-121,847
-121,848
-121,849
-121,850
-121,851
-121,852
-121,853
-121,854
-121,855
-121,856
-121,857
-121,858
-121,859
-121,860
-121,861
-121,862
-121,863
-121,864
-121,865
-121,866
-121,867
-121,868
-121,869
-121,870
-121,871
-121,872
-121,873
-121,874
-121,875
-121,876
-121,877
-121,878
-121,879
-121,880
-121,881
-121,882
-121,883
-121,884
-121,885
-121,886
-121,887
-121,888
-121,889
-121,890
-121,891
-121,892
-121,893
-121,894
-121,895
-121,896
-121,897
-121,898
-121,899
-121,900
-121,901
-121,902
-121,903
:137_0,904
:137_0,905
:137_0,906
:137_0,907
:137_0,908
122,909
122,910
122,911
122,912
122,913
122,914
122,915
122,916
122,917
122,918
122,919
122,920
122,921
122,922
122,923
122,924
122,925
122,926
122,927
122,928
122,929
122,930
122,931
122,932
122,933
122,934
122,935
122,936
122,937
122,938
122,939
122,940
122,941
122,942
122,943
122,944
122,945
122,946
122,947
122,948
122,949
122,950
122,951
122,952
122,953
122,954
122,955
122,956
122,957
122,958
122,959
122,960
122,961
122,962
122,963
122,964
122,965
122,966
122,967
122,968
122,969
122,970
122,971
122,972
122,973
122,974
122,975
122,976
122,977
122,978
122,979
122,980
122,981
122,982
122,983
122,984
122,985
122,986
122,987
122,988
122,989
122,990
122,991
:60_6,992
:60_6,993
:60_6,994
:60_6,995
:60_6,996
-52,997
-52,998
-52,999
-52,1000
-52,1001
-52,1002
-52,1003
-52,1004
-52,1005
-52,1006
-52,1007
-52,1008
-52,1009
-52,1010
-52,1011
-52,1012
-52,1013
-52,1014
-52,1015
-52,1016
-52,1017
-52,1018
-52,1019
-52,1020
-52,1021
-52,1022
-52,1023
-52,1024
-52,1025
-52,1026
-52,1027
-52,1028
-52,1029
-52,1030
-52,1031
-52,1032
-52,1033
-52,1034
-52,1035
-52,1036
-52,1037
-52,1038
-52,1039
-52,1040
-52,1041
-52,1042
-52,1043
-52,1044
-52,1045
-52,1046
-52,1047
-52,1048
-52,1049
-52,1050
-52,1051
-52,1052
-52,1053
-52,1054
-52,1055
-52,1056
-52,1057
-52,1058
-52,1059
-52,1060
-52,1061
-52,1062
-52,1063
-52,1064
-52,1065
-52,1066
-52,1067
-52,1068
-52,1069
-52,1070
-52,1071
-52,1072
-52,1073
-52,1074
-52,1075
-52,1076
-52,1077
-52,1078
-52,1079
-52,1080
-52,1081
-52,1082
-52,1083
-52,1084
-52,1085
-52,1086
-52,1087
-52,1088
-52,1089
-52,1090
-52,1091
-52,1092
-52,1093
-52,1094
-52,1095
-52,1096
-52,1097
-52,1098
-52,1099
-52,1100
-52,1101
-52,1102
-52,1103
-52,1104
-52,1105
-52,1106
-52,1107
-52,1108
-52,1109
-52,1110
-52,1111
-52,1112
-52,1113
-52,1114
-52,1115
-52,1116
-52,1117
-52,1118
-52,1119
-52,1120
-52,1121
-52,1122
-52,1123
-52,1124
-52,1125
-52,1126
-52,1127
-52,1128
-52,1129
-52,1130
-52,1131
-52,1132
-52,1133
-52,1134
-52,1135
-52,1136
-52,1137
-52,1138
-52,1139
-52,1140
-52,1141
-52,1142
:58_0,1143
:58_0,1144
:58_0,1145
:58_0,1146
56,1147
56,1148
56,1149
56,1150
56,1151
56,1152
56,1153
56,1154
56,1155
56,1156
56,1157
56,1158
56,1159
56,1160
56,1161
56,1162
56,1163
56,1164
56,1165
56,1166
56,1167
56,1168
56,1169
56,1170
56,1171
56,1172
56,1173
56,1174
56,1175
56,1176
56,1177
56,1178
56,1179
56,1180
56,1181
56,1182
56,1183
56,1184
56,1185
56,1186
56,1187
56,1188
56,1189
56,1190
56,1191
56,1192
56,1193
56,1194
56,1195
56,1196
56,1197
56,1198
56,1199
56,1200
56,1201
56,1202
56,1203
56,1204
56,1205
56,1206
56,1207
56,1208
56,1209
56,1210
56,1211
56,1212
56,1213
56,1214
56,1215
56,1216
56,1217
56,1218
56,1219
56,1220
56,1221
56,1222
56,1223
56,1224
56,1225
56,1226
56,1227
56,1228
56,1229
56,1230
56,1231
56,1232
56,1233
56,1234
56,1235
56,1236
56,1237
56,1238
56,1239
56,1240
56,1241
56,1242
56,1243
56,1244
56,1245
56,1246
56,1247
56,1248
56,1249
56,1250
56,1251
56,1252
56,1253
56,1254
56,1255
56,1256
56,1257
56,1258
56,1259
56,1260
56,1261
56,1262
56,1263
56,1264
56,1265
56,1266
56,1267
56,1268
56,1269
56,1270
56,1271
56,1272
56,1273
56,1274
56,1275
56,1276
56,1277
56,1278
56,1279
56,1280
56,1281
