-27,21
-27,22
-27,23
-27,24
-27,25
-27,26
-27,27
-27,28
-27,29
-27,30
-27,31
-27,32
-27,33
-27,34
-27,35
-27,36
-27,37
-27,38
-27,39
-27,40
-27,41
-27,42
-27,43
-27,44
-27,45
-27,46
-27,47
-27,48
-27,49
-27,50
-27,51
-27,52
-27,53
-27,54
-27,55
-27,56
-27,57
-27,58
-27,59
-27,60
-27,61
-27,62
-27,63
-27,64
-27,65
-27,66
-27,67
-27,68
-27,69
-27,70
-27,71
-27,72
-27,73
-27,74
-27,75
-27,76
-27,77
-27,78
-27,79
-27,80
-27,81
-27,82
-27,83
-27,84
-27,85
-27,86
-27,87
-27,88
-27,89
-27,90
-27,91
-27,92
-27,93
-27,94
-27,95
-27,96
-27,97
-27,98
-27,99
-27,100
-27,101
-27,102
-27,103
-27,104
-27,105
-27,106
-27,107
-27,108
-27,109
:30_7,110
:30_7,111
:30_7,112
26,113
26,114
26,115
26,116
26,117
26,118
26,119
26,120
26,121
26,122
26,123
26,124
26,125
26,126
26,127
26,128
26,129
26,130
26,131
26,132
26,133
26,134
26,135
26,136
26,137
26,138
26,139
26,140
26,141
26,142
26,143
26,144
26,145
26,146
26,147
26,148
26,149
26,150
26,151
26,152
26,153
26,154
26,155
26,156
26,157
26,158
26,159
26,160
26,161
26,162
26,163
26,164
26,165
26,166
26,167
26,168
26,169
26,170
26,171
26,172
26,173
26,174
26,175
26,176
26,177
26,178
26,179
26,180
26,181
26,182
26,183
26,184
26,185
26,186
26,187
26,188
26,189
26,190
26,191
26,192
26,193
26,194
26,195
26,196
26,197
26,198
26,199
26,200
26,201
26,202
26,203
26,204
:31_8,205
:31_8,206
:31_8,207
319,208
319,209
319,210
319,211
319,212
319,213
319,214
319,215
319,216
319,217
319,218
319,219
319,220
319,221
319,222
319,223
319,224
319,225
319,226
319,227
319,228
319,229
319,230
319,231
319,232
319,233
319,234
319,235
319,236
319,237
319,238
319,239
319,240
319,241
319,242
319,243
319,244
319,245
319,246
319,247
319,248
319,249
319,250
319,251
319,252
319,253
319,254
319,255
319,256
319,257
319,258
319,259
319,260
319,261
319,262
319,263
319,264
319,265
319,266
319,267
319,268
319,269
319,270
319,271
319,272
319,273
319,274
319,275
319,276
319,277
319,278
319,279
319,280
319,281
319,282
319,283
319,284
319,285
319,286
319,287
319,288
319,289
319,290
319,291
319,292
319,293
319,294
319,295
319,296
319,297
319,298
319,299
319,300
319,301
319,302
319,303
319,304
319,305
319,306
319,307
319,308
319,309
319,310
:37_1,311
:37_1,312
-31,313
-31,314
-31,315
-31,316
-31,317
-31,318
-31,319
-31,320
-31,321
-31,322
-31,323
-31,324
-31,325
-31,326
-31,327
-31,328
-31,329
-31,330
-31,331
-31,332
-31,333
-31,334
-31,335
-31,336
-31,337
-31,338
-31,339
-31,340
-31,341
-31,342
-31,343
-31,344
-31,345
-31,346
-31,347
-31,348
-31,349
-31,350
-31,351
-31,352
-31,353
-31,354
-31,355
-31,356
-31,357
-31,358
-31,359
-31,360
-31,361
-31,362
-31,363
-31,364
-31,365
-31,366
-31,367
-31,368
-31,369
-31,370
-31,371
-31,372
-31,373
-31,374
-31,375
-31,376
-31,377
-31,378
-31,379
-31,380
-31,381
-31,382
-31,383
-31,384
-31,385
-31,386
-31,387
-31,388
-31,389
-31,390
-31,391
-31,392
-31,393
-31,394
-31,395
-31,396
-31,397
-31,398
-31,399
-31,400
-31,401
-31,402
-31,403
:34_6,404
:34_6,405
:34_6,406
:34_6,407
29,408
29,409
29,410
29,411
29,412
29,413
29,414
29,415
29,416
29,417
29,418
29,419
29,420
29,421
29,422
29,423
29,424
29,425
29,426
29,427
29,428
29,429
29,430
29,431
29,432
29,433
29,434
29,435
29,436
29,437
29,438
29,439
29,440
29,441
29,442
29,443
29,444
29,445
29,446
29,447
29,448
29,449
29,450
29,451
29,452
29,453
29,454
29,455
29,456
29,457
29,458
29,459
29,460
29,461
29,462
29,463
29,464
29,465
29,466
29,467
29,468
29,469
29,470
29,471
29,472
29,473
29,474
29,475
29,476
29,477
29,478
29,479
29,480
29,481
29,482
29,483
29,484
29,485
29,486
29,487
29,488
29,489
29,490
29,491
29,492
29,493
29,494
29,495
29,496
29,497
29,498
29,499
29,500
29,501
29,502
29,503
29,504
29,505
29,506
29,507
29,508
29,509
29,510
29,511
29,512
29,513
29,514
29,515
29,516
29,517
29,518
29,519
29,520
:35_14,521
:35_14,522
:35_18,523
:35_18,524
:35_18,525
193,526
193,527
193,528
193,529
193,530
193,531
193,532
193,533
193,534
193,535
193,536
193,537
193,538
193,539
193,540
193,541
193,542
193,543
193,544
193,545
193,546
193,547
193,548
193,549
193,550
193,551
193,552
193,553
193,554
193,555
193,556
193,557
193,558
193,559
193,560
193,561
193,562
193,563
193,564
193,565
193,566
193,567
193,568
193,569
193,570
193,571
193,572
193,573
193,574
193,575
193,576
193,577
193,578
193,579
193,580
193,581
193,582
193,583
193,584
193,585
193,586
193,587
193,588
193,589
193,590
193,591
193,592
193,593
193,594
193,595
193,596
193,597
193,598
193,599
193,600
193,601
193,602
193,603
193,604
193,605
193,606
193,607
193,608
193,609
193,610
193,611
193,612
193,613
193,614
193,615
193,616
193,617
193,618
193,619
193,620
193,621
193,622
193,623
193,624
193,625
193,626
193,627
193,628
193,629
193,630
193,631
193,632
193,633
193,634
193,635
193,636
193,637
193,638
193,639
193,640
193,641
193,642
193,643
193,644
193,645
193,646
193,647
193,648
193,649
193,650
193,651
193,652
193,653
193,654
193,655
193,656
193,657
193,658
193,659
193,660
193,661
193,662
193,663
193,664
193,665
193,666
193,667
193,668
193,669
193,670
193,671
193,672
193,673
193,674
193,675
193,676
193,677
193,678
193,679
193,680
193,681
193,682
193,683
193,684
193,685
193,686
193,687
193,688
193,689
193,690
193,691
193,692
193,693
193,694
193,695
193,696
193,697
193,698
193,699
193,700
:203_3,701
:203_3,702
:203_3,703
:203_3,704
:203_3,705
194,706
194,707
194,708
194,709
194,710
194,711
194,712
194,713
194,714
194,715
194,716
194,717
194,718
194,719
194,720
194,721
194,722
194,723
194,724
194,725
194,726
194,727
194,728
194,729
194,730
194,731
194,732
194,733
194,734
194,735
194,736
194,737
194,738
194,739
194,740
194,741
194,742
194,743
194,744
194,745
194,746
194,747
194,748
194,749
194,750
194,751
194,752
194,753
194,754
194,755
194,756
194,757
194,758
194,759
194,760
194,761
194,762
194,763
194,764
194,765
194,766
194,767
194,768
194,769
194,770
194,771
194,772
194,773
194,774
194,775
194,776
194,777
194,778
194,779
194,780
194,781
194,782
194,783
194,784
194,785
194,786
194,787
194,788
194,789
194,790
194,791
194,792
194,793
194,794
194,795
194,796
194,797
194,798
194,799
194,800
194,801
194,802
194,803
194,804
194,805
194,806
194,807
194,808
194,809
194,810
194,811
194,812
194,813
194,814
194,815
194,816
194,817
194,818
194,819
194,820
194,821
194,822
194,823
194,824
194,825
194,826
194,827
194,828
194,829
194,830
194,831
194,832
194,833
194,834
194,835
194,836
194,837
194,838
194,839
194,840
194,841
194,842
194,843
194,844
194,845
194,846
194,847
194,848
194,849
194,850
194,851
194,852
194,853
194,854
194,855
194,856
194,857
194,858
194,859
194,860
194,861
194,862
194,863
194,864
194,865
194,866
194,867
194,868
194,869
194,870
194,871
194,872
194,873
194,874
194,875
194,876
194,877
194,878
194,879
194,880
194,881
194,882
194,883
194,884
194,885
194,886
194,887
194,888
194,889
194,890
194,891
194,892
194,893
:204_9,894
:204_9,895
:204_9,896
:204_9,897
:204_9,898
:204_9,899
195,900
195,901
195,902
195,903
195,904
195,905
195,906
195,907
195,908
195,909
195,910
195,911
195,912
195,913
195,914
195,915
195,916
195,917
195,918
195,919
195,920
195,921
195,922
195,923
195,924
195,925
195,926
195,927
195,928
195,929
195,930
195,931
195,932
195,933
195,934
195,935
195,936
195,937
195,938
195,939
195,940
195,941
195,942
195,943
195,944
195,945
195,946
195,947
195,948
195,949
195,950
195,951
195,952
195,953
195,954
195,955
195,956
195,957
195,958
195,959
195,960
195,961
195,962
195,963
195,964
195,965
195,966
195,967
195,968
195,969
195,970
195,971
195,972
195,973
195,974
195,975
195,976
195,977
195,978
195,979
195,980
195,981
195,982
195,983
195,984
195,985
195,986
195,987
195,988
195,989
195,990
195,991
195,992
195,993
195,994
195,995
195,996
195,997
195,998
195,999
195,1000
195,1001
195,1002
195,1003
195,1004
195,1005
195,1006
195,1007
195,1008
195,1009
195,1010
195,1011
195,1012
195,1013
195,1014
195,1015
195,1016
195,1017
195,1018
195,1019
195,1020
195,1021
195,1022
195,1023
195,1024
195,1025
195,1026
195,1027
195,1028
195,1029
195,1030
195,1031
195,1032
195,1033
195,1034
195,1035
195,1036
195,1037
195,1038
195,1039
195,1040
195,1041
195,1042
195,1043
195,1044
195,1045
195,1046
195,1047
195,1048
195,1049
195,1050
195,1051
195,1052
195,1053
195,1054
195,1055
195,1056
195,1057
195,1058
195,1059
195,1060
195,1061
195,1062
195,1063
195,1064
195,1065
195,1066
195,1067
195,1068
195,1069
195,1070
195,1071
195,1072
195,1073
195,1074
195,1075
195,1076
195,1077
195,1078
195,1079
195,1080
195,1081
195,1082
195,1083
195,1084
195,1085
195,1086
195,1087
195,1088
195,1089
195,1090
195,1091
195,1092
195,1093
195,1094
195,1095
195,1096
195,1097
195,1098
195,1099
195,1100
195,1101
195,1102
195,1103
195,1104
195,1105
195,1106
195,1107
195,1108
195,1109
195,1110
195,1111
195,1112
195,1113
195,1114
195,1115
195,1116
195,1117
:191_13,1118
:191_13,1119
:191_13,1120
:191_13,1121
:191_13,1122
-178,1123
-178,1124
-178,1125
-178,1126
-178,1127
-178,1128
-178,1129
-178,1130
-178,1131
-178,1132
-178,1133
-178,1134
-178,1135
-178,1136
-178,1137
-178,1138
-178,1139
-178,1140
-178,1141
-178,1142
-178,1143
-178,1144
-178,1145
-178,1146
-178,1147
-178,1148
-178,1149
-178,1150
-178,1151
-178,1152
-178,1153
-178,1154
-178,1155
-178,1156
-178,1157
-178,1158
-178,1159
-178,1160
-178,1161
-178,1162
-178,1163
-178,1164
-178,1165
-178,1166
-178,1167
-178,1168
-178,1169
-178,1170
-178,1171
-178,1172
-178,1173
-178,1174
-178,1175
-178,1176
-178,1177
-178,1178
-178,1179
-178,1180
-178,1181
-178,1182
-178,1183
-178,1184
-178,1185
-178,1186
-178,1187
-178,1188
-178,1189
-178,1190
-178,1191
-178,1192
-178,1193
-178,1194
-178,1195
-178,1196
-178,1197
-178,1198
-178,1199
-178,1200
-178,1201
-178,1202
-178,1203
-178,1204
-178,1205
-178,1206
-178,1207
-178,1208
-178,1209
-178,1210
-178,1211
-178,1212
-178,1213
-178,1214
-178,1215
-178,1216
-178,1217
-178,1218
-178,1219
-178,1220
-178,1221
-178,1222
-178,1223
-178,1224
-178,1225
-178,1226
-178,1227
-178,1228
-178,1229
-178,1230
-178,1231
-178,1232
-178,1233
-178,1234
-178,1235
-178,1236
-178,1237
-178,1238
-178,1239
-178,1240
-178,1241
-178,1242
-178,1243
-178,1244
-178,1245
-178,1246
-178,1247
-178,1248
-178,1249
-178,1250
-178,1251
-178,1252
-178,1253
-178,1254
-178,1255
-178,1256
-178,1257
-178,1258
-178,1259
-178,1260
-178,1261
-178,1262
-178,1263
-178,1264
-178,1265
-178,1266
-178,1267
-178,1268
-178,1269
-178,1270
-178,1271
-178,1272
-178,1273
-178,1274
-178,1275
-178,1276
-178,1277
-178,1278
:190_3,1279
:190_3,1280
:190_3,1281
:190_3,1282
-177,1283
-177,1284
-177,1285
-177,1286
-177,1287
-177,1288
-177,1289
-177,1290
-177,1291
-177,1292
-177,1293
-177,1294
-177,1295
-177,1296
-177,1297
-177,1298
-177,1299
-177,1300
-177,1301
-177,1302
-177,1303
-177,1304
-177,1305
-177,1306
-177,1307
-177,1308
-177,1309
-177,1310
-177,1311
-177,1312
-177,1313
-177,1314
-177,1315
-177,1316
-177,1317
-177,1318
-177,1319
-177,1320
-177,1321
-177,1322
-177,1323
-177,1324
-177,1325
-177,1326
-177,1327
-177,1328
-177,1329
-177,1330
-177,1331
-177,1332
-177,1333
-177,1334
-177,1335
-177,1336
-177,1337
-177,1338
-177,1339
-177,1340
-177,1341
-177,1342
-177,1343
-177,1344
-177,1345
-177,1346
-177,1347
-177,1348
-177,1349
-177,1350
-177,1351
-177,1352
-177,1353
-177,1354
-177,1355
-177,1356
-177,1357
-177,1358
-177,1359
-177,1360
-177,1361
-177,1362
-177,1363
-177,1364
-177,1365
-177,1366
-177,1367
-177,1368
-177,1369
-177,1370
-177,1371
-177,1372
-177,1373
-177,1374
-177,1375
-177,1376
-177,1377
-177,1378
-177,1379
-177,1380
-177,1381
-177,1382
-177,1383
-177,1384
-177,1385
-177,1386
-177,1387
-177,1388
-177,1389
-177,1390
-177,1391
-177,1392
-177,1393
-177,1394
-177,1395
-177,1396
-177,1397
-177,1398
-177,1399
-177,1400
-177,1401
-177,1402
-177,1403
-177,1404
-177,1405
:13_8,1406
:13_8,1407
:13_8,1408
685,1409
685,1410
685,1411
685,1412
685,1413
685,1414
685,1415
685,1416
685,1417
685,1418
685,1419
685,1420
685,1421
685,1422
685,1423
685,1424
685,1425
:373_5,1426
684,1427
684,1428
684,1429
684,1430
684,1431
684,1432
684,1433
684,1434
684,1435
684,1436
684,1437
684,1438
684,1439
684,1440
684,1441
684,1442
684,1443
684,1444
:6_9,1445
:6_9,1446
6,1447
6,1448
6,1449
6,1450
6,1451
6,1452
6,1453
6,1454
6,1455
6,1456
6,1457
6,1458
6,1459
6,1460
6,1461
6,1462
6,1463
6,1464
6,1465
6,1466
6,1467
6,1468
6,1469
6,1470
6,1471
6,1472
6,1473
6,1474
6,1475
6,1476
6,1477
6,1478
6,1479
6,1480
6,1481
6,1482
6,1483
6,1484
6,1485
6,1486
6,1487
6,1488
6,1489
6,1490
6,1491
6,1492
6,1493
6,1494
6,1495
6,1496
6,1497
6,1498
6,1499
6,1500
6,1501
6,1502
6,1503
6,1504
6,1505
6,1506
6,1507
6,1508
6,1509
6,1510
6,1511
6,1512
6,1513
6,1514
6,1515
6,1516
6,1517
6,1518
6,1519
6,1520
6,1521
6,1522
6,1523
6,1524
6,1525
6,1526
6,1527
6,1528
6,1529
6,1530
6,1531
6,1532
6,1533
6,1534
6,1535
6,1536
6,1537
6,1538
6,1539
6,1540
6,1541
6,1542
6,1543
6,1544
6,1545
6,1546
6,1547
6,1548
6,1549
6,1550
6,1551
6,1552
6,1553
6,1554
6,1555
6,1556
6,1557
6,1558
6,1559
6,1560
6,1561
6,1562
6,1563
6,1564
6,1565
6,1566
6,1567
6,1568
6,1569
6,1570
6,1571
6,1572
6,1573
6,1574
6,1575
6,1576
6,1577
6,1578
6,1579
6,1580
6,1581
6,1582
6,1583
6,1584
6,1585
6,1586
6,1587
6,1588
6,1589
6,1590
6,1591
6,1592
6,1593
6,1594
6,1595
6,1596
6,1597
6,1598
6,1599
6,1600
6,1601
6,1602
6,1603
6,1604
6,1605
6,1606
6,1607
6,1608
6,1609
6,1610
6,1611
6,1612
6,1613
6,1614
6,1615
6,1616
6,1617
6,1618
6,1619
6,1620
6,1621
6,1622
6,1623
6,1624
6,1625
6,1626
6,1627
6,1628
6,1629
6,1630
6,1631
6,1632
6,1633
6,1634
6,1635
6,1636
6,1637
6,1638
6,1639
6,1640
6,1641
6,1642
6,1643
6,1644
6,1645
6,1646
6,1647
6,1648
6,1649
6,1650
6,1651
6,1652
6,1653
6,1654
6,1655
6,1656
6,1657
6,1658
6,1659
6,1660
6,1661
6,1662
6,1663
6,1664
6,1665
6,1666
6,1667
6,1668
6,1669
6,1670
6,1671
6,1672
6,1673
6,1674
6,1675
6,1676
6,1677
6,1678
6,1679
:8_1,1680
7,1681
7,1682
7,1683
7,1684
7,1685
7,1686
7,1687
7,1688
7,1689
7,1690
7,1691
7,1692
7,1693
7,1694
7,1695
7,1696
7,1697
7,1698
7,1699
7,1700
7,1701
7,1702
7,1703
7,1704
7,1705
7,1706
7,1707
7,1708
7,1709
7,1710
7,1711
7,1712
7,1713
7,1714
7,1715
7,1716
7,1717
7,1718
7,1719
7,1720
7,1721
7,1722
7,1723
7,1724
7,1725
7,1726
7,1727
7,1728
7,1729
7,1730
7,1731
7,1732
7,1733
7,1734
7,1735
7,1736
7,1737
7,1738
7,1739
7,1740
7,1741
7,1742
7,1743
7,1744
7,1745
7,1746
7,1747
7,1748
7,1749
7,1750
7,1751
7,1752
7,1753
7,1754
7,1755
7,1756
7,1757
7,1758
7,1759
7,1760
7,1761
7,1762
7,1763
7,1764
7,1765
7,1766
7,1767
8,1768
8,1769
8,1770
8,1771
8,1772
8,1773
8,1774
8,1775
8,1776
8,1777
8,1778
8,1779
8,1780
8,1781
8,1782
8,1783
8,1784
8,1785
8,1786
8,1787
8,1788
8,1789
8,1790
8,1791
8,1792
8,1793
8,1794
8,1795
8,1796
8,1797
8,1798
8,1799
8,1800
8,1801
8,1802
8,1803
8,1804
8,1805
8,1806
8,1807
8,1808
8,1809
8,1810
8,1811
8,1812
8,1813
8,1814
8,1815
8,1816
8,1817
8,1818
8,1819
8,1820
8,1821
8,1822
8,1823
8,1824
8,1825
8,1826
8,1827
8,1828
8,1829
8,1830
8,1831
8,1832
8,1833
8,1834
8,1835
8,1836
8,1837
8,1838
8,1839
8,1840
8,1841
8,1842
8,1843
9,1844
9,1845
9,1846
9,1847
9,1848
9,1849
9,1850
9,1851
9,1852
9,1853
9,1854
9,1855
9,1856
9,1857
9,1858
9,1859
9,1860
9,1861
9,1862
9,1863
9,1864
9,1865
9,1866
9,1867
9,1868
9,1869
9,1870
9,1871
9,1872
9,1873
9,1874
9,1875
9,1876
9,1877
9,1878
9,1879
9,1880
9,1881
9,1882
9,1883
9,1884
9,1885
9,1886
9,1887
9,1888
9,1889
9,1890
9,1891
9,1892
9,1893
9,1894
9,1895
9,1896
9,1897
9,1898
9,1899
9,1900
9,1901
9,1902
9,1903
9,1904
9,1905
9,1906
9,1907
9,1908
9,1909
9,1910
9,1911
9,1912
9,1913
9,1914
9,1915
9,1916
10,1917
10,1918
10,1919
10,1920
10,1921
10,1922
10,1923
10,1924
10,1925
10,1926
10,1927
10,1928
10,1929
10,1930
10,1931
10,1932
10,1933
10,1934
10,1935
10,1936
10,1937
10,1938
10,1939
10,1940
10,1941
10,1942
10,1943
10,1944
10,1945
10,1946
10,1947
10,1948
10,1949
10,1950
10,1951
10,1952
10,1953
10,1954
10,1955
10,1956
10,1957
10,1958
10,1959
10,1960
10,1961
10,1962
10,1963
10,1964
10,1965
10,1966
10,1967
10,1968
10,1969
10,1970
10,1971
10,1972
10,1973
10,1974
10,1975
10,1976
10,1977
10,1978
10,1979
10,1980
10,1981
10,1982
10,1983
10,1984
10,1985
10,1986
10,1987
10,1988
10,1989
10,1990
11,1991
11,1992
11,1993
11,1994
11,1995
11,1996
11,1997
11,1998
11,1999
11,2000
