390,21
390,22
390,23
390,24
390,25
390,26
390,27
390,28
390,29
390,30
390,31
390,32
390,33
390,34
390,35
390,36
390,37
390,38
390,39
390,40
390,41
390,42
390,43
390,44
390,45
390,46
390,47
390,48
390,49
390,50
390,51
390,52
390,53
390,54
390,55
390,56
390,57
390,58
390,59
390,60
:4_0,61
:4_0,62
:4_0,63
-11,64
-11,65
-11,66
-11,67
-11,68
-11,69
-11,70
-11,71
-11,72
-11,73
-11,74
-11,75
-11,76
-11,77
-11,78
-11,79
-11,80
-11,81
-11,82
-11,83
-11,84
-11,85
-11,86
-11,87
-11,88
-11,89
-11,90
-11,91
-11,92
-11,93
-11,94
-11,95
-11,96
-11,97
-11,98
-11,99
-11,100
-11,101
-11,102
-11,103
-11,104
-11,105
-11,106
-11,107
-11,108
-11,109
-11,110
-11,111
-11,112
-11,113
-11,114
-11,115
-11,116
-11,117
-11,118
-11,119
-11,120
-11,121
-11,122
-11,123
-11,124
-11,125
-11,126
-11,127
-11,128
-11,129
-11,130
-11,131
-11,132
-11,133
-11,134
-11,135
-11,136
-11,137
-11,138
-11,139
-11,140
-11,141
-11,142
-11,143
-11,144
-11,145
-11,146
-11,147
-11,148
-11,149
-11,150
-11,151
-11,152
-11,153
-11,154
-11,155
-11,156
-11,157
-11,158
-11,159
-11,160
-11,161
-11,162
-11,163
-11,164
-11,165
-11,166
-11,167
-11,168
-11,169
-11,170
-11,171
-11,172
-11,173
-11,174
-11,175
-11,176
:12_0,177
-10,178
-10,179
-10,180
-10,181
-10,182
-10,183
-10,184
-10,185
-10,186
-10,187
-10,188
-10,189
-10,190
-10,191
-10,192
-10,193
-10,194
-10,195
-10,196
-10,197
-10,198
-10,199
-10,200
-10,201
-10,202
-10,203
-10,204
-10,205
-10,206
-10,207
-10,208
-10,209
-10,210
-10,211
-10,212
-10,213
-10,214
-10,215
-10,216
-10,217
-10,218
-10,219
-10,220
-10,221
-10,222
-10,223
-10,224
-10,225
-10,226
-10,227
-10,228
-10,229
-10,230
-10,231
-10,232
-10,233
:11_0,234
-9,235
-9,236
-9,237
-9,238
-9,239
-9,240
-9,241
-9,242
-9,243
-9,244
-9,245
-9,246
-9,247
-9,248
-9,249
-9,250
-9,251
-9,252
-9,253
-9,254
-9,255
-9,256
-9,257
-9,258
-9,259
-9,260
-9,261
-9,262
-9,263
-9,264
-9,265
-9,266
-9,267
-9,268
-9,269
-9,270
-9,271
-9,272
-9,273
-9,274
-9,275
-9,276
-9,277
-9,278
-9,279
-9,280
-9,281
-9,282
-9,283
-9,284
-9,285
-9,286
-9,287
-9,288
-9,289
-9,290
-9,291
-9,292
-9,293
-8,294
-8,295
-8,296
-8,297
-8,298
-8,299
-8,300
-8,301
-8,302
-8,303
-8,304
-8,305
-8,306
-8,307
-8,308
-8,309
-8,310
-8,311
-8,312
-8,313
-8,314
-8,315
-8,316
-8,317
-8,318
-8,319
-8,320
-8,321
-8,322
-8,323
-8,324
-8,325
-8,326
-8,327
-8,328
-8,329
-8,330
-8,331
-8,332
-8,333
-8,334
-8,335
-8,336
-8,337
-8,338
-8,339
-8,340
-8,341
-8,342
-8,343
-8,344
-8,345
-8,346
-8,347
-8,348
-8,349
-8,350
-8,351
-8,352
-8,353
-8,354
-8,355
-8,356
-8,357
-8,358
-8,359
-8,360
-8,361
-8,362
-7,363
-7,364
-7,365
-7,366
-7,367
-7,368
-7,369
-7,370
-7,371
-7,372
-7,373
-7,374
-7,375
-7,376
-7,377
-7,378
-7,379
-7,380
-7,381
-7,382
-7,383
-7,384
-7,385
-7,386
-7,387
-7,388
-7,389
-7,390
-7,391
-7,392
-7,393
-7,394
-7,395
-7,396
-7,397
-7,398
-7,399
-7,400
-7,401
-7,402
-7,403
-7,404
-7,405
-7,406
-7,407
-7,408
-7,409
-7,410
-7,411
-7,412
-7,413
-7,414
-7,415
-7,416
-7,417
-7,418
-7,419
-7,420
-7,421
-7,422
-7,423
-7,424
-7,425
-7,426
-7,427
-7,428
-7,429
-7,430
-7,431
-7,432
-7,433
-7,434
-7,435
-7,436
-7,437
-7,438
-7,439
-7,440
-6,441
-6,442
-6,443
-6,444
-6,445
-6,446
-6,447
-6,448
-6,449
-6,450
-6,451
-6,452
-6,453
-6,454
-6,455
-6,456
-6,457
-6,458
-6,459
-6,460
-6,461
-6,462
-6,463
-6,464
-6,465
-6,466
-6,467
-6,468
-6,469
-6,470
-6,471
-6,472
-6,473
-6,474
-6,475
-6,476
-6,477
-6,478
-6,479
-6,480
-6,481
-6,482
-6,483
-6,484
-6,485
-6,486
-6,487
-6,488
-6,489
-6,490
-6,491
-6,492
-6,493
-6,494
-6,495
-6,496
-6,497
-6,498
-6,499
-6,500
-6,501
-6,502
-6,503
-6,504
-6,505
-6,506
-6,507
-6,508
-6,509
-6,510
-6,511
-6,512
-6,513
-6,514
-6,515
-6,516
-6,517
-6,518
-6,519
-6,520
-6,521
-6,522
-6,523
-6,524
-6,525
-6,526
-6,527
-6,528
-6,529
-6,530
-6,531
-6,532
-6,533
-6,534
-6,535
-6,536
-6,537
-6,538
-6,539
-6,540
-6,541
-6,542
-6,543
-6,544
-6,545
-6,546
-6,547
-6,548
-6,549
-6,550
-6,551
-6,552
-6,553
-6,554
-6,555
-6,556
-6,557
-6,558
-6,559
-6,560
-6,561
-6,562
-6,563
-6,564
-6,565
-6,566
-6,567
-6,568
-6,569
-6,570
-6,571
-6,572
-6,573
-6,574
-6,575
-6,576
-6,577
-6,578
-6,579
-6,580
-6,581
-6,582
-6,583
-6,584
-6,585
-6,586
-6,587
-6,588
-6,589
-6,590
-6,591
-6,592
-6,593
-6,594
-6,595
-6,596
-6,597
-6,598
-6,599
-6,600
-6,601
-6,602
-6,603
-6,604
-6,605
-6,606
-6,607
-6,608
-6,609
-6,610
-6,611
-6,612
-6,613
-6,614
-6,615
-6,616
-6,617
-6,618
-6,619
-6,620
-6,621
-6,622
-6,623
-6,624
-6,625
-6,626
-6,627
-6,628
-6,629
-6,630
-6,631
-6,632
-6,633
-6,634
-6,635
-6,636
-6,637
-6,638
-6,639
-6,640
-6,641
-6,642
-6,643
-6,644
-6,645
-6,646
-6,647
-6,648
-6,649
-6,650
-6,651
-6,652
-6,653
-6,654
-6,655
-6,656
-6,657
-6,658
-6,659
-6,660
-6,661
-6,662
-6,663
-6,664
-6,665
-6,666
-6,667
-6,668
-6,669
-6,670
-6,671
:6_1,672
:6_1,673
:6_1,674
-684,675
-684,676
-684,677
-684,678
-684,679
-684,680
-684,681
-684,682
-684,683
-684,684
-684,685
-684,686
-684,687
-684,688
-684,689
-684,690
-684,691
-684,692
-684,693
:373_4,694
:373_4,695
-685,696
-685,697
-685,698
-685,699
-685,700
-685,701
-685,702
-685,703
-685,704
-685,705
-685,706
-685,707
-685,708
-685,709
-685,710
-685,711
-685,712
-685,713
-685,714
:13_1,715
:13_1,716
:13_1,717
:13_1,718
177,719
177,720
177,721
177,722
177,723
177,724
177,725
177,726
177,727
177,728
177,729
177,730
177,731
177,732
177,733
177,734
177,735
177,736
177,737
177,738
177,739
177,740
177,741
177,742
177,743
177,744
177,745
177,746
177,747
177,748
177,749
177,750
177,751
177,752
177,753
177,754
177,755
177,756
177,757
177,758
177,759
177,760
177,761
177,762
177,763
177,764
177,765
177,766
177,767
177,768
177,769
177,770
177,771
177,772
177,773
177,774
177,775
177,776
177,777
177,778
177,779
177,780
177,781
177,782
177,783
177,784
177,785
177,786
177,787
177,788
177,789
177,790
177,791
177,792
177,793
177,794
177,795
177,796
177,797
177,798
177,799
177,800
177,801
177,802
177,803
177,804
177,805
177,806
177,807
177,808
177,809
177,810
177,811
177,812
177,813
177,814
177,815
177,816
177,817
177,818
177,819
177,820
177,821
177,822
177,823
177,824
177,825
177,826
177,827
177,828
177,829
177,830
177,831
177,832
177,833
177,834
177,835
177,836
177,837
177,838
177,839
177,840
177,841
177,842
177,843
177,844
177,845
177,846
177,847
177,848
177,849
177,850
177,851
177,852
177,853
177,854
:190_1,855
:190_1,856
:190_1,857
:190_1,858
:190_1,859
178,860
178,861
178,862
178,863
178,864
178,865
178,866
178,867
178,868
178,869
178,870
178,871
178,872
178,873
178,874
178,875
178,876
178,877
178,878
178,879
178,880
178,881
178,882
178,883
178,884
178,885
178,886
178,887
178,888
178,889
178,890
178,891
178,892
178,893
178,894
178,895
178,896
178,897
178,898
178,899
178,900
178,901
178,902
178,903
178,904
178,905
178,906
178,907
178,908
178,909
178,910
178,911
178,912
178,913
178,914
178,915
178,916
178,917
178,918
178,919
178,920
178,921
178,922
178,923
178,924
178,925
178,926
178,927
178,928
178,929
178,930
178,931
178,932
178,933
178,934
178,935
178,936
178,937
178,938
178,939
178,940
178,941
178,942
178,943
178,944
178,945
178,946
178,947
178,948
178,949
178,950
178,951
178,952
178,953
178,954
178,955
178,956
178,957
178,958
178,959
178,960
178,961
178,962
178,963
178,964
178,965
178,966
178,967
178,968
178,969
178,970
178,971
178,972
178,973
178,974
178,975
178,976
178,977
178,978
178,979
178,980
178,981
178,982
178,983
178,984
178,985
178,986
178,987
178,988
178,989
178,990
178,991
178,992
178,993
178,994
178,995
178,996
178,997
178,998
178,999
178,1000
178,1001
178,1002
178,1003
178,1004
178,1005
178,1006
178,1007
178,1008
178,1009
178,1010
178,1011
178,1012
178,1013
178,1014
178,1015
178,1016
178,1017
178,1018
178,1019
178,1020
178,1021
178,1022
178,1023
178,1024
178,1025
178,1026
178,1027
178,1028
178,1029
178,1030
178,1031
:191_5,1032
:191_5,1033
:191_5,1034
:191_5,1035
:191_5,1036
:191_5,1037
-195,1038
-195,1039
-195,1040
-195,1041
-195,1042
-195,1043
-195,1044
-195,1045
-195,1046
-195,1047
-195,1048
-195,1049
-195,1050
-195,1051
-195,1052
-195,1053
-195,1054
-195,1055
-195,1056
-195,1057
-195,1058
-195,1059
-195,1060
-195,1061
-195,1062
-195,1063
-195,1064
-195,1065
-195,1066
-195,1067
-195,1068
-195,1069
-195,1070
-195,1071
-195,1072
-195,1073
-195,1074
-195,1075
-195,1076
-195,1077
-195,1078
-195,1079
-195,1080
-195,1081
-195,1082
-195,1083
-195,1084
-195,1085
-195,1086
-195,1087
-195,1088
-195,1089
-195,1090
-195,1091
-195,1092
-195,1093
-195,1094
-195,1095
-195,1096
-195,1097
-195,1098
-195,1099
-195,1100
-195,1101
-195,1102
-195,1103
-195,1104
-195,1105
-195,1106
-195,1107
-195,1108
-195,1109
-195,1110
-195,1111
-195,1112
-195,1113
-195,1114
-195,1115
-195,1116
-195,1117
-195,1118
-195,1119
-195,1120
-195,1121
-195,1122
-195,1123
-195,1124
-195,1125
-195,1126
-195,1127
-195,1128
-195,1129
-195,1130
-195,1131
-195,1132
-195,1133
-195,1134
-195,1135
-195,1136
-195,1137
-195,1138
-195,1139
-195,1140
-195,1141
-195,1142
-195,1143
-195,1144
-195,1145
-195,1146
-195,1147
-195,1148
-195,1149
-195,1150
-195,1151
-195,1152
-195,1153
-195,1154
-195,1155
-195,1156
-195,1157
-195,1158
-195,1159
-195,1160
-195,1161
-195,1162
-195,1163
-195,1164
-195,1165
-195,1166
-195,1167
-195,1168
-195,1169
-195,1170
-195,1171
-195,1172
-195,1173
-195,1174
-195,1175
-195,1176
-195,1177
-195,1178
-195,1179
-195,1180
-195,1181
-195,1182
-195,1183
-195,1184
-195,1185
-195,1186
-195,1187
-195,1188
-195,1189
-195,1190
-195,1191
-195,1192
-195,1193
-195,1194
-195,1195
-195,1196
-195,1197
-195,1198
-195,1199
-195,1200
-195,1201
-195,1202
-195,1203
-195,1204
-195,1205
-195,1206
-195,1207
-195,1208
-195,1209
-195,1210
-195,1211
-195,1212
-195,1213
-195,1214
-195,1215
-195,1216
-195,1217
-195,1218
-195,1219
-195,1220
-195,1221
-195,1222
-195,1223
-195,1224
-195,1225
-195,1226
-195,1227
:204_1,1228
:204_1,1229
:204_1,1230
:204_1,1231
:204_1,1232
:204_1,1233
-194,1234
-194,1235
-194,1236
-194,1237
-194,1238
-194,1239
-194,1240
-194,1241
-194,1242
-194,1243
-194,1244
-194,1245
-194,1246
-194,1247
-194,1248
-194,1249
-194,1250
-194,1251
-194,1252
-194,1253
-194,1254
-194,1255
-194,1256
-194,1257
-194,1258
-194,1259
-194,1260
-194,1261
-194,1262
-194,1263
-194,1264
-194,1265
-194,1266
-194,1267
-194,1268
-194,1269
-194,1270
-194,1271
-194,1272
-194,1273
-194,1274
-194,1275
-194,1276
-194,1277
-194,1278
-194,1279
-194,1280
-194,1281
-194,1282
-194,1283
-194,1284
-194,1285
-194,1286
-194,1287
-194,1288
-194,1289
-194,1290
-194,1291
-194,1292
-194,1293
-194,1294
-194,1295
-194,1296
-194,1297
-194,1298
-194,1299
-194,1300
-194,1301
-194,1302
-194,1303
-194,1304
-194,1305
-194,1306
-194,1307
-194,1308
-194,1309
-194,1310
-194,1311
-194,1312
-194,1313
-194,1314
-194,1315
-194,1316
-194,1317
-194,1318
-194,1319
-194,1320
-194,1321
-194,1322
-194,1323
-194,1324
-194,1325
-194,1326
-194,1327
-194,1328
-194,1329
-194,1330
-194,1331
-194,1332
-194,1333
-194,1334
-194,1335
-194,1336
-194,1337
-194,1338
-194,1339
-194,1340
-194,1341
-194,1342
-194,1343
-194,1344
-194,1345
-194,1346
-194,1347
-194,1348
-194,1349
-194,1350
-194,1351
-194,1352
-194,1353
-194,1354
-194,1355
-194,1356
-194,1357
-194,1358
-194,1359
-194,1360
-194,1361
-194,1362
-194,1363
-194,1364
-194,1365
-194,1366
-194,1367
-194,1368
-194,1369
-194,1370
-194,1371
-194,1372
-194,1373
-194,1374
-194,1375
-194,1376
-194,1377
-194,1378
-194,1379
-194,1380
-194,1381
-194,1382
-194,1383
-194,1384
-194,1385
-194,1386
-194,1387
-194,1388
-194,1389
-194,1390
-194,1391
-194,1392
-194,1393
-194,1394
-194,1395
-194,1396
-194,1397
:203_1,1398
:203_1,1399
:203_1,1400
:203_1,1401
:203_1,1402
-193,1403
-193,1404
-193,1405
-193,1406
-193,1407
-193,1408
-193,1409
-193,1410
-193,1411
-193,1412
-193,1413
-193,1414
-193,1415
-193,1416
-193,1417
-193,1418
-193,1419
-193,1420
-193,1421
-193,1422
-193,1423
-193,1424
-193,1425
-193,1426
-193,1427
-193,1428
-193,1429
-193,1430
-193,1431
-193,1432
-193,1433
-193,1434
-193,1435
-193,1436
-193,1437
-193,1438
-193,1439
-193,1440
-193,1441
-193,1442
-193,1443
-193,1444
-193,1445
-193,1446
-193,1447
-193,1448
-193,1449
-193,1450
-193,1451
-193,1452
-193,1453
-193,1454
-193,1455
-193,1456
-193,1457
-193,1458
-193,1459
-193,1460
-193,1461
-193,1462
-193,1463
-193,1464
-193,1465
-193,1466
-193,1467
-193,1468
-193,1469
-193,1470
-193,1471
-193,1472
-193,1473
-193,1474
-193,1475
-193,1476
-193,1477
-193,1478
-193,1479
-193,1480
-193,1481
-193,1482
-193,1483
-193,1484
-193,1485
-193,1486
-193,1487
-193,1488
-193,1489
-193,1490
-193,1491
-193,1492
-193,1493
-193,1494
-193,1495
-193,1496
-193,1497
-193,1498
-193,1499
-193,1500
-193,1501
-193,1502
-193,1503
-193,1504
-193,1505
-193,1506
-193,1507
-193,1508
-193,1509
-193,1510
-193,1511
-193,1512
-193,1513
-193,1514
-193,1515
-193,1516
-193,1517
-193,1518
-193,1519
-193,1520
-193,1521
-193,1522
-193,1523
-193,1524
-193,1525
-193,1526
-193,1527
-193,1528
-193,1529
-193,1530
-193,1531
-193,1532
-193,1533
-193,1534
-193,1535
-193,1536
-193,1537
-193,1538
-193,1539
-193,1540
-193,1541
-193,1542
-193,1543
-193,1544
-193,1545
-193,1546
-193,1547
-193,1548
-193,1549
-193,1550
-193,1551
-193,1552
-193,1553
-193,1554
-193,1555
-193,1556
-193,1557
-193,1558
:35_1,1559
:35_1,1560
:35_1,1561
:35_1,1562
:35_1,1563
197,1564
197,1565
197,1566
197,1567
197,1568
197,1569
197,1570
197,1571
197,1572
197,1573
197,1574
197,1575
197,1576
197,1577
197,1578
197,1579
197,1580
197,1581
197,1582
197,1583
197,1584
197,1585
197,1586
197,1587
197,1588
197,1589
197,1590
197,1591
197,1592
197,1593
197,1594
197,1595
197,1596
197,1597
197,1598
197,1599
197,1600
197,1601
197,1602
197,1603
197,1604
197,1605
197,1606
197,1607
197,1608
197,1609
197,1610
197,1611
197,1612
197,1613
197,1614
197,1615
197,1616
197,1617
197,1618
197,1619
197,1620
197,1621
197,1622
197,1623
197,1624
197,1625
197,1626
197,1627
197,1628
197,1629
197,1630
197,1631
197,1632
197,1633
197,1634
197,1635
197,1636
197,1637
197,1638
197,1639
197,1640
197,1641
197,1642
197,1643
197,1644
197,1645
197,1646
197,1647
197,1648
197,1649
197,1650
197,1651
197,1652
197,1653
197,1654
197,1655
197,1656
197,1657
197,1658
197,1659
197,1660
197,1661
197,1662
197,1663
197,1664
197,1665
197,1666
197,1667
197,1668
197,1669
197,1670
197,1671
197,1672
197,1673
197,1674
197,1675
197,1676
197,1677
197,1678
197,1679
197,1680
197,1681
197,1682
197,1683
197,1684
197,1685
197,1686
197,1687
197,1688
197,1689
197,1690
197,1691
197,1692
197,1693
197,1694
197,1695
197,1696
197,1697
197,1698
197,1699
197,1700
197,1701
197,1702
197,1703
197,1704
197,1705
197,1706
197,1707
197,1708
197,1709
197,1710
197,1711
197,1712
197,1713
197,1714
197,1715
197,1716
197,1717
197,1718
197,1719
197,1720
197,1721
197,1722
197,1723
197,1724
197,1725
197,1726
197,1727
197,1728
197,1729
197,1730
197,1731
197,1732
197,1733
197,1734
197,1735
197,1736
197,1737
197,1738
197,1739
197,1740
197,1741
197,1742
197,1743
197,1744
197,1745
197,1746
197,1747
197,1748
197,1749
197,1750
197,1751
197,1752
197,1753
197,1754
197,1755
197,1756
197,1757
197,1758
197,1759
197,1760
197,1761
197,1762
197,1763
197,1764
197,1765
197,1766
197,1767
197,1768
197,1769
197,1770
197,1771
197,1772
197,1773
197,1774
197,1775
197,1776
197,1777
197,1778
197,1779
197,1780
197,1781
197,1782
197,1783
197,1784
197,1785
197,1786
197,1787
197,1788
197,1789
197,1790
197,1791
197,1792
197,1793
197,1794
197,1795
197,1796
197,1797
197,1798
197,1799
197,1800
197,1801
197,1802
197,1803
197,1804
197,1805
197,1806
197,1807
197,1808
197,1809
197,1810
197,1811
197,1812
197,1813
197,1814
197,1815
197,1816
197,1817
197,1818
197,1819
197,1820
197,1821
197,1822
:205_0,1823
:205_0,1824
:205_0,1825
:205_0,1826
:205_0,1827
198,1828
198,1829
198,1830
198,1831
198,1832
198,1833
198,1834
198,1835
198,1836
198,1837
198,1838
198,1839
198,1840
198,1841
198,1842
198,1843
198,1844
198,1845
198,1846
198,1847
198,1848
198,1849
198,1850
198,1851
198,1852
198,1853
198,1854
198,1855
198,1856
198,1857
198,1858
198,1859
198,1860
198,1861
198,1862
198,1863
198,1864
198,1865
198,1866
198,1867
198,1868
198,1869
198,1870
198,1871
198,1872
198,1873
198,1874
198,1875
198,1876
198,1877
198,1878
198,1879
198,1880
198,1881
198,1882
198,1883
198,1884
198,1885
198,1886
198,1887
198,1888
198,1889
198,1890
198,1891
198,1892
198,1893
198,1894
198,1895
198,1896
198,1897
198,1898
198,1899
198,1900
198,1901
198,1902
198,1903
198,1904
198,1905
198,1906
198,1907
198,1908
198,1909
198,1910
198,1911
198,1912
198,1913
198,1914
198,1915
198,1916
198,1917
198,1918
198,1919
198,1920
198,1921
198,1922
198,1923
198,1924
198,1925
198,1926
198,1927
198,1928
198,1929
198,1930
198,1931
198,1932
198,1933
198,1934
198,1935
198,1936
198,1937
198,1938
198,1939
198,1940
198,1941
198,1942
198,1943
198,1944
198,1945
198,1946
198,1947
198,1948
198,1949
198,1950
198,1951
198,1952
198,1953
198,1954
198,1955
198,1956
198,1957
198,1958
198,1959
198,1960
198,1961
198,1962
198,1963
198,1964
198,1965
198,1966
198,1967
198,1968
198,1969
198,1970
198,1971
198,1972
198,1973
198,1974
198,1975
198,1976
198,1977
198,1978
198,1979
198,1980
198,1981
198,1982
198,1983
198,1984
198,1985
198,1986
198,1987
198,1988
198,1989
198,1990
198,1991
198,1992
198,1993
198,1994
198,1995
198,1996
198,1997
198,1998
198,1999
198,2000
