-11,21
-11,22
-11,23
-11,24
-11,25
-11,26
-11,27
-11,28
-11,29
-11,30
-11,31
-11,32
-11,33
-11,34
-11,35
-11,36
-11,37
-11,38
-11,39
-11,40
-11,41
-11,42
-11,43
-11,44
-11,45
-11,46
-11,47
-11,48
-11,49
-11,50
-11,51
-11,52
-11,53
-11,54
-11,55
-11,56
-11,57
-11,58
-11,59
-11,60
-11,61
-11,62
-11,63
-11,64
-11,65
-11,66
-11,67
-11,68
-11,69
-11,70
-11,71
-11,72
-11,73
-11,74
-11,75
-11,76
-11,77
-11,78
-11,79
-11,80
-11,81
-11,82
-11,83
-11,84
-11,85
-11,86
-11,87
-11,88
-11,89
-11,90
-11,91
-11,92
-11,93
-11,94
-11,95
-11,96
-11,97
-11,98
-11,99
-11,100
-11,101
-11,102
-11,103
-11,104
-11,105
-11,106
-11,107
-11,108
-11,109
-11,110
-11,111
-11,112
-11,113
-11,114
-11,115
-11,116
-11,117
-11,118
-11,119
-11,120
-11,121
-11,122
-11,123
-11,124
-11,125
-11,126
-11,127
-11,128
-11,129
-11,130
-11,131
-11,132
-11,133
-11,134
-11,135
-11,136
-11,137
-11,138
-11,139
-11,140
-11,141
-11,142
-11,143
-11,144
-11,145
-11,146
-11,147
-11,148
-11,149
-11,150
-11,151
-11,152
-10,153
-10,154
-10,155
-10,156
-10,157
-10,158
-10,159
-10,160
-10,161
-10,162
-10,163
-10,164
-10,165
-10,166
-10,167
-10,168
-10,169
-10,170
-10,171
-10,172
-10,173
-10,174
-10,175
-10,176
-10,177
-10,178
-10,179
-10,180
-10,181
-10,182
-10,183
-10,184
-10,185
-10,186
-10,187
-10,188
-10,189
-10,190
-10,191
-10,192
-10,193
-10,194
-10,195
-10,196
-10,197
-10,198
-10,199
-10,200
-10,201
-10,202
-10,203
-10,204
-10,205
-10,206
-10,207
-10,208
-10,209
-10,210
-10,211
-10,212
-10,213
-10,214
-10,215
-10,216
-10,217
-10,218
-10,219
-9,220
-9,221
-9,222
-9,223
-9,224
-9,225
-9,226
-9,227
-9,228
-9,229
-9,230
-9,231
-9,232
-9,233
-9,234
-9,235
-9,236
-9,237
-9,238
-9,239
-9,240
-9,241
-9,242
-9,243
-9,244
-9,245
-9,246
-9,247
-9,248
-9,249
-9,250
-9,251
-9,252
-9,253
-9,254
-9,255
-9,256
-9,257
-9,258
-9,259
-9,260
-9,261
-9,262
-9,263
-9,264
-9,265
-9,266
-9,267
-9,268
-9,269
-9,270
-9,271
-9,272
-9,273
-9,274
-9,275
-9,276
-9,277
-9,278
-9,279
-9,280
-9,281
-9,282
-9,283
-9,284
-9,285
-8,286
-8,287
-8,288
-8,289
-8,290
-8,291
-8,292
-8,293
-8,294
-8,295
-8,296
-8,297
-8,298
-8,299
-8,300
-8,301
-8,302
-8,303
-8,304
-8,305
-8,306
-8,307
-8,308
-8,309
-8,310
-8,311
-8,312
-8,313
-8,314
-8,315
-8,316
-8,317
-8,318
-8,319
-8,320
-8,321
-8,322
-8,323
-8,324
-8,325
-8,326
-8,327
-8,328
-8,329
-8,330
-8,331
-8,332
-8,333
-8,334
-8,335
-8,336
-8,337
-8,338
-8,339
-8,340
-8,341
-8,342
-8,343
-8,344
-8,345
-8,346
-8,347
-8,348
-8,349
-8,350
-8,351
-8,352
-8,353
-8,354
-7,355
-7,356
-7,357
-7,358
-7,359
-7,360
-7,361
-7,362
-7,363
-7,364
-7,365
-7,366
-7,367
-7,368
-7,369
-7,370
-7,371
-7,372
-7,373
-7,374
-7,375
-7,376
-7,377
-7,378
-7,379
-7,380
-7,381
-7,382
-7,383
-7,384
-7,385
-7,386
-7,387
-7,388
-7,389
-7,390
-7,391
-7,392
-7,393
-7,394
-7,395
-7,396
-7,397
-7,398
-7,399
-7,400
-7,401
-7,402
-7,403
-7,404
-7,405
-7,406
-7,407
-7,408
-7,409
-7,410
-7,411
-7,412
-7,413
-7,414
-7,415
-7,416
-7,417
-7,418
-7,419
-7,420
-7,421
-7,422
-7,423
-7,424
-7,425
-7,426
-7,427
-7,428
-7,429
-7,430
-7,431
-7,432
-6,433
-6,434
-6,435
-6,436
-6,437
-6,438
-6,439
-6,440
-6,441
-6,442
-6,443
-6,444
-6,445
-6,446
-6,447
-6,448
-6,449
-6,450
-6,451
-6,452
-6,453
-6,454
-6,455
-6,456
-6,457
-6,458
-6,459
-6,460
-6,461
-6,462
-6,463
-6,464
-6,465
-6,466
-6,467
-6,468
-6,469
-6,470
-6,471
-6,472
-6,473
-6,474
-6,475
-6,476
-6,477
-6,478
-6,479
-6,480
-6,481
-6,482
-6,483
-6,484
-6,485
-6,486
-6,487
-6,488
-6,489
-6,490
-6,491
-6,492
-6,493
-6,494
-6,495
-6,496
-6,497
-6,498
-6,499
-6,500
-6,501
-6,502
-6,503
-6,504
-6,505
-6,506
-6,507
-6,508
-6,509
-6,510
-6,511
-6,512
-6,513
-6,514
-6,515
-6,516
-6,517
-6,518
-6,519
-6,520
-6,521
-6,522
-6,523
-6,524
-6,525
-6,526
-6,527
-6,528
-6,529
-6,530
-6,531
-6,532
-6,533
-6,534
-6,535
-6,536
-6,537
-6,538
-6,539
-6,540
-6,541
-6,542
-6,543
-6,544
-6,545
-6,546
-6,547
-6,548
-6,549
-6,550
-6,551
-6,552
-6,553
-6,554
-6,555
-6,556
-6,557
-6,558
-6,559
-6,560
-6,561
-6,562
-6,563
-6,564
-6,565
-6,566
-6,567
-6,568
-6,569
-6,570
-6,571
-6,572
-6,573
-6,574
-6,575
-6,576
-6,577
-6,578
-6,579
-6,580
-6,581
-6,582
-6,583
-6,584
-6,585
-6,586
-6,587
-6,588
-6,589
-6,590
-6,591
-6,592
-6,593
-6,594
-6,595
-6,596
-6,597
-6,598
-6,599
-6,600
-6,601
-6,602
-6,603
-6,604
-6,605
-6,606
-6,607
-6,608
-6,609
-6,610
-6,611
-6,612
-6,613
-6,614
-6,615
-6,616
-6,617
-6,618
-6,619
-6,620
-6,621
-6,622
-6,623
-6,624
-6,625
-6,626
-6,627
-6,628
-6,629
-6,630
-6,631
-6,632
-6,633
-6,634
-6,635
-6,636
-6,637
-6,638
-6,639
-6,640
-6,641
-6,642
-6,643
-6,644
-6,645
-6,646
-6,647
-6,648
-6,649
-6,650
-6,651
-6,652
-6,653
-6,654
-6,655
-6,656
-6,657
-6,658
-6,659
-6,660
-6,661
-6,662
-6,663
-6,664
:6_0,665
:6_0,666
:6_0,667
:6_0,668
5,669
5,670
5,671
5,672
5,673
5,674
5,675
5,676
5,677
5,678
5,679
5,680
5,681
5,682
5,683
5,684
5,685
5,686
5,687
5,688
5,689
5,690
5,691
5,692
5,693
5,694
5,695
5,696
5,697
5,698
5,699
5,700
5,701
5,702
5,703
5,704
5,705
5,706
5,707
5,708
5,709
5,710
5,711
5,712
5,713
5,714
5,715
5,716
5,717
5,718
5,719
5,720
5,721
5,722
5,723
5,724
5,725
5,726
5,727
5,728
5,729
5,730
5,731
5,732
5,733
5,734
5,735
5,736
5,737
5,738
5,739
5,740
5,741
5,742
