-329,1
-329,2
-329,3
-329,4
-329,5
-329,6
-329,7
-329,8
-329,9
-329,10
-329,11
-329,12
-329,13
-329,14
-329,15
-329,16
-329,17
-329,18
-329,19
-329,20
-329,21
-329,22
-329,23
-329,24
-329,25
-329,26
-329,27
-329,28
-329,29
-329,30
-329,31
-329,32
-329,33
-329,34
-329,35
-329,36
-329,37
-329,38
-329,39
-329,40
-329,41
-329,42
-329,43
-329,44
-329,45
-329,46
-329,47
-329,48
-329,49
-329,50
-329,51
-329,52
-329,53
-329,54
-329,55
-329,56
-329,57
-329,58
-329,59
-329,60
-329,61
-329,62
-329,63
-329,64
-329,65
-329,66
-328,67
-328,68
-328,69
-328,70
-328,71
-328,72
-328,73
-328,74
-328,75
-328,76
-328,77
-328,78
-328,79
-328,80
-328,81
-328,82
-328,83
-328,84
-328,85
-328,86
-328,87
-328,88
-328,89
-328,90
-328,91
-328,92
-328,93
-328,94
-328,95
-328,96
-328,97
-328,98
-328,99
-328,100
-328,101
-328,102
-328,103
-328,104
-328,105
-328,106
-328,107
-328,108
-328,109
-328,110
-328,111
-328,112
-328,113
-328,114
-328,115
-328,116
-328,117
-328,118
-328,119
-328,120
-328,121
-328,122
-328,123
-328,124
-328,125
-328,126
-328,127
-328,128
-328,129
-328,130
-328,131
-327,132
-327,133
-327,134
-327,135
-327,136
-327,137
-327,138
-327,139
-327,140
-327,141
-327,142
-327,143
-327,144
-327,145
-327,146
-327,147
-327,148
-327,149
-327,150
-327,151
-327,152
-327,153
-327,154
-327,155
-327,156
-327,157
-327,158
-327,159
-327,160
-327,161
-327,162
-327,163
-327,164
-327,165
-327,166
-327,167
-327,168
-327,169
-327,170
-327,171
-327,172
-327,173
-327,174
-327,175
-327,176
-327,177
-327,178
-327,179
-327,180
-327,181
-327,182
-327,183
-327,184
-327,185
-327,186
:254_8,187
:254_8,188
:254_8,189
-253,190
-253,191
-253,192
-253,193
-253,194
-253,195
-253,196
-253,197
-253,198
-253,199
-253,200
-253,201
-253,202
-253,203
-253,204
-253,205
-253,206
-253,207
-253,208
-253,209
-253,210
-253,211
-253,212
-253,213
-253,214
-253,215
-253,216
-253,217
-253,218
-253,219
-253,220
-253,221
-253,222
-253,223
-253,224
-253,225
-253,226
-253,227
-253,228
-253,229
-253,230
-253,231
-253,232
-253,233
-253,234
-253,235
-253,236
-253,237
-253,238
-253,239
-253,240
-253,241
:252_7,242
:252_7,243
:252_7,244
:252_7,245
:252_7,246
252,247
252,248
252,249
252,250
252,251
252,252
252,253
252,254
252,255
252,256
252,257
252,258
252,259
252,260
252,261
252,262
252,263
252,264
252,265
252,266
252,267
252,268
252,269
252,270
252,271
252,272
252,273
252,274
252,275
252,276
252,277
252,278
252,279
252,280
252,281
252,282
252,283
252,284
252,285
252,286
252,287
252,288
252,289
252,290
252,291
252,292
252,293
252,294
252,295
252,296
252,297
252,298
252,299
252,300
252,301
252,302
252,303
252,304
252,305
252,306
252,307
252,308
252,309
252,310
252,311
252,312
252,313
252,314
252,315
252,316
252,317
252,318
252,319
252,320
252,321
252,322
252,323
252,324
252,325
252,326
252,327
252,328
252,329
252,330
252,331
252,332
252,333
252,334
252,335
252,336
252,337
252,338
252,339
252,340
252,341
252,342
252,343
252,344
252,345
252,346
252,347
252,348
252,349
252,350
252,351
252,352
252,353
252,354
252,355
252,356
252,357
252,358
252,359
252,360
252,361
252,362
252,363
252,364
252,365
252,366
252,367
252,368
252,369
252,370
252,371
252,372
252,373
252,374
252,375
252,376
252,377
252,378
252,379
:253_1,380
:253_1,381
:253_1,382
546,383
546,384
546,385
546,386
546,387
546,388
546,389
546,390
546,391
546,392
546,393
546,394
546,395
546,396
546,397
546,398
546,399
546,400
546,401
546,402
546,403
546,404
546,405
546,406
546,407
546,408
546,409
546,410
546,411
546,412
546,413
546,414
546,415
546,416
546,417
546,418
546,419
546,420
546,421
546,422
546,423
:426_3,424
:426_3,425
:426_3,426
:426_3,427
513,428
513,429
513,430
513,431
513,432
513,433
513,434
513,435
513,436
513,437
513,438
513,439
513,440
513,441
513,442
513,443
513,444
513,445
513,446
513,447
513,448
513,449
513,450
513,451
513,452
513,453
513,454
513,455
513,456
513,457
513,458
513,459
513,460
513,461
513,462
513,463
513,464
513,465
513,466
513,467
513,468
513,469
513,470
513,471
513,472
513,473
513,474
513,475
513,476
513,477
513,478
513,479
513,480
513,481
513,482
513,483
513,484
513,485
513,486
513,487
513,488
513,489
513,490
:124_0,491
:124_0,492
:124_0,493
-107,494
-107,495
-107,496
-107,497
-107,498
-107,499
-107,500
-107,501
-107,502
-107,503
-107,504
-107,505
-107,506
-107,507
-107,508
-107,509
-107,510
-107,511
-107,512
-107,513
-107,514
-107,515
-107,516
-107,517
-107,518
-107,519
-107,520
-107,521
-107,522
-107,523
-107,524
-107,525
-107,526
-107,527
-107,528
-107,529
-107,530
-107,531
-107,532
-107,533
-107,534
-107,535
-107,536
-107,537
-107,538
-107,539
-107,540
-107,541
-107,542
-107,543
-107,544
-107,545
-107,546
-107,547
-107,548
-107,549
-107,550
-107,551
-107,552
-107,553
-107,554
-107,555
-107,556
-107,557
-107,558
-107,559
-107,560
-107,561
-107,562
-107,563
-107,564
-107,565
-107,566
-107,567
-107,568
-107,569
-107,570
-107,571
-107,572
-107,573
-107,574
-107,575
-107,576
-107,577
-107,578
-107,579
-107,580
-107,581
-107,582
-107,583
-107,584
-107,585
-107,586
-107,587
-107,588
-107,589
-107,590
-107,591
-107,592
-107,593
-107,594
-107,595
-107,596
-107,597
-107,598
-107,599
-107,600
-107,601
-107,602
:123_1,603
108,604
108,605
108,606
108,607
108,608
108,609
108,610
108,611
108,612
108,613
108,614
108,615
108,616
108,617
108,618
108,619
108,620
108,621
108,622
108,623
108,624
108,625
108,626
108,627
108,628
108,629
108,630
108,631
108,632
108,633
108,634
108,635
108,636
108,637
108,638
108,639
108,640
108,641
108,642
108,643
108,644
108,645
108,646
108,647
108,648
108,649
108,650
108,651
108,652
108,653
:125_7,654
:125_7,655
:125_7,656
:125_7,657
:125_7,658
109,659
109,660
109,661
109,662
109,663
109,664
109,665
109,666
109,667
109,668
109,669
109,670
109,671
109,672
109,673
109,674
109,675
109,676
109,677
109,678
109,679
109,680
109,681
109,682
109,683
109,684
109,685
109,686
109,687
109,688
109,689
109,690
109,691
109,692
109,693
109,694
109,695
109,696
109,697
109,698
:126_7,699
:126_7,700
:126_7,701
:126_7,702
:126_7,703
110,704
110,705
110,706
110,707
110,708
110,709
110,710
110,711
110,712
110,713
110,714
110,715
110,716
110,717
110,718
110,719
110,720
110,721
110,722
110,723
110,724
110,725
110,726
110,727
110,728
110,729
110,730
110,731
110,732
110,733
110,734
110,735
110,736
110,737
110,738
110,739
110,740
110,741
110,742
110,743
110,744
110,745
110,746
110,747
110,748
110,749
110,750
110,751
110,752
110,753
110,754
110,755
110,756
110,757
110,758
110,759
110,760
110,761
110,762
110,763
110,764
110,765
110,766
110,767
110,768
110,769
110,770
110,771
110,772
110,773
110,774
110,775
110,776
110,777
110,778
:127_7,779
:127_7,780
:127_7,781
:127_7,782
111,783
111,784
111,785
111,786
111,787
111,788
111,789
111,790
111,791
111,792
111,793
111,794
111,795
111,796
111,797
111,798
111,799
111,800
111,801
111,802
111,803
111,804
111,805
111,806
111,807
111,808
111,809
111,810
111,811
111,812
111,813
111,814
111,815
111,816
111,817
111,818
111,819
111,820
112,821
112,822
112,823
112,824
112,825
112,826
112,827
112,828
112,829
112,830
112,831
112,832
112,833
112,834
112,835
112,836
112,837
112,838
112,839
112,840
112,841
112,842
112,843
112,844
112,845
112,846
112,847
112,848
112,849
112,850
112,851
112,852
112,853
112,854
112,855
112,856
112,857
112,858
112,859
113,860
113,861
113,862
113,863
113,864
113,865
113,866
113,867
113,868
113,869
113,870
113,871
113,872
113,873
113,874
113,875
113,876
113,877
113,878
113,879
113,880
113,881
113,882
113,883
113,884
113,885
113,886
113,887
113,888
113,889
113,890
113,891
113,892
113,893
113,894
113,895
113,896
113,897
:130_0,898
114,899
114,900
114,901
114,902
114,903
114,904
114,905
114,906
114,907
114,908
114,909
114,910
114,911
114,912
114,913
114,914
114,915
114,916
114,917
114,918
114,919
114,920
114,921
114,922
114,923
114,924
114,925
114,926
114,927
114,928
114,929
114,930
114,931
114,932
114,933
114,934
114,935
114,936
114,937
114,938
114,939
114,940
114,941
114,942
114,943
114,944
114,945
114,946
114,947
114,948
114,949
114,950
114,951
114,952
114,953
114,954
114,955
114,956
114,957
114,958
:24_8,959
:24_8,960
:24_8,961
25,962
25,963
25,964
25,965
25,966
25,967
25,968
25,969
25,970
25,971
25,972
25,973
25,974
25,975
25,976
25,977
25,978
25,979
25,980
25,981
25,982
25,983
25,984
25,985
25,986
25,987
25,988
25,989
25,990
25,991
25,992
25,993
25,994
25,995
25,996
25,997
25,998
25,999
25,1000
25,1001
25,1002
25,1003
25,1004
25,1005
25,1006
25,1007
25,1008
25,1009
25,1010
25,1011
25,1012
25,1013
25,1014
25,1015
25,1016
25,1017
25,1018
25,1019
25,1020
25,1021
25,1022
25,1023
25,1024
25,1025
25,1026
25,1027
25,1028
25,1029
25,1030
25,1031
25,1032
25,1033
25,1034
25,1035
25,1036
25,1037
25,1038
25,1039
25,1040
25,1041
25,1042
25,1043
25,1044
25,1045
25,1046
25,1047
25,1048
25,1049
25,1050
25,1051
25,1052
25,1053
25,1054
25,1055
25,1056
25,1057
25,1058
25,1059
25,1060
25,1061
25,1062
25,1063
25,1064
25,1065
25,1066
25,1067
25,1068
25,1069
25,1070
25,1071
25,1072
25,1073
25,1074
25,1075
25,1076
25,1077
25,1078
25,1079
25,1080
25,1081
25,1082
25,1083
25,1084
25,1085
25,1086
25,1087
:29_13,1088
:29_13,1089
:29_13,1090
:29_13,1091
:29_13,1092
:29_13,1093
210,1094
210,1095
210,1096
210,1097
210,1098
210,1099
210,1100
210,1101
210,1102
210,1103
210,1104
210,1105
210,1106
210,1107
210,1108
210,1109
210,1110
210,1111
210,1112
210,1113
210,1114
210,1115
210,1116
210,1117
210,1118
210,1119
210,1120
210,1121
210,1122
210,1123
210,1124
210,1125
210,1126
210,1127
210,1128
210,1129
210,1130
210,1131
210,1132
210,1133
210,1134
210,1135
210,1136
210,1137
210,1138
210,1139
210,1140
210,1141
210,1142
210,1143
210,1144
210,1145
210,1146
210,1147
210,1148
210,1149
210,1150
210,1151
210,1152
210,1153
210,1154
210,1155
210,1156
210,1157
210,1158
210,1159
210,1160
210,1161
210,1162
210,1163
210,1164
210,1165
210,1166
210,1167
210,1168
210,1169
210,1170
210,1171
210,1172
210,1173
210,1174
210,1175
210,1176
210,1177
210,1178
210,1179
210,1180
:16_6,1181
:16_6,1182
:16_6,1183
:16_6,1184
:16_6,1185
-14,1186
-14,1187
-14,1188
-14,1189
-14,1190
-14,1191
-14,1192
-14,1193
-14,1194
-14,1195
-14,1196
-14,1197
-14,1198
-14,1199
-14,1200
-14,1201
-14,1202
-14,1203
-14,1204
-14,1205
-14,1206
-14,1207
-14,1208
-14,1209
-14,1210
-14,1211
-14,1212
-14,1213
-14,1214
-14,1215
-14,1216
-14,1217
-14,1218
-14,1219
-14,1220
-14,1221
-14,1222
-14,1223
-14,1224
-14,1225
-14,1226
-14,1227
-14,1228
-14,1229
-14,1230
-14,1231
-14,1232
-14,1233
-14,1234
-14,1235
-14,1236
-14,1237
-14,1238
-14,1239
-14,1240
-14,1241
-14,1242
-14,1243
-14,1244
-14,1245
-14,1246
-14,1247
-14,1248
-14,1249
-14,1250
-14,1251
-14,1252
-14,1253
-14,1254
-14,1255
-14,1256
-14,1257
-14,1258
-14,1259
-14,1260
-14,1261
-14,1262
-14,1263
-14,1264
-14,1265
-14,1266
-14,1267
-14,1268
-14,1269
-14,1270
-14,1271
-14,1272
-14,1273
-14,1274
-14,1275
-14,1276
-14,1277
-14,1278
-14,1279
-14,1280
-14,1281
-14,1282
-14,1283
-14,1284
:14_1,1285
:14_1,1286
13,1287
13,1288
13,1289
13,1290
13,1291
13,1292
13,1293
13,1294
13,1295
13,1296
13,1297
13,1298
13,1299
13,1300
13,1301
13,1302
13,1303
13,1304
13,1305
13,1306
13,1307
13,1308
13,1309
13,1310
13,1311
13,1312
13,1313
13,1314
13,1315
13,1316
13,1317
13,1318
13,1319
13,1320
13,1321
13,1322
13,1323
13,1324
13,1325
13,1326
13,1327
13,1328
13,1329
13,1330
13,1331
13,1332
13,1333
13,1334
13,1335
13,1336
13,1337
13,1338
13,1339
13,1340
13,1341
13,1342
13,1343
13,1344
13,1345
13,1346
13,1347
13,1348
13,1349
13,1350
13,1351
13,1352
13,1353
13,1354
13,1355
13,1356
13,1357
13,1358
13,1359
13,1360
13,1361
13,1362
13,1363
13,1364
13,1365
13,1366
13,1367
13,1368
13,1369
13,1370
13,1371
13,1372
13,1373
13,1374
13,1375
:15_3,1376
:15_3,1377
:15_3,1378
:15_3,1379
-375,1380
-375,1381
-375,1382
-375,1383
-375,1384
-375,1385
-375,1386
-375,1387
-375,1388
-375,1389
-375,1390
-375,1391
-375,1392
-375,1393
-375,1394
-375,1395
-375,1396
-375,1397
-375,1398
-375,1399
-375,1400
-375,1401
-375,1402
-375,1403
-375,1404
-375,1405
-375,1406
-375,1407
-375,1408
-375,1409
-375,1410
-375,1411
-375,1412
-375,1413
-375,1414
-375,1415
-375,1416
-375,1417
-375,1418
-375,1419
-375,1420
-375,1421
-375,1422
-375,1423
-375,1424
-375,1425
-375,1426
-375,1427
-375,1428
-375,1429
-375,1430
-375,1431
-375,1432
-375,1433
-375,1434
-375,1435
-375,1436
-375,1437
-375,1438
-375,1439
-375,1440
-375,1441
-375,1442
-375,1443
-375,1444
-375,1445
-375,1446
-375,1447
-375,1448
-375,1449
-375,1450
-375,1451
-375,1452
-375,1453
-375,1454
-375,1455
-375,1456
-375,1457
-375,1458
-375,1459
-375,1460
-375,1461
-375,1462
-375,1463
-375,1464
-375,1465
-375,1466
-375,1467
-375,1468
-375,1469
-375,1470
-375,1471
-375,1472
-375,1473
-375,1474
-375,1475
-374,1476
-374,1477
-374,1478
-374,1479
-374,1480
-374,1481
-374,1482
-374,1483
-374,1484
-374,1485
-374,1486
-374,1487
-374,1488
-374,1489
-374,1490
-374,1491
-374,1492
-374,1493
-374,1494
-374,1495
-374,1496
-374,1497
-374,1498
-374,1499
-374,1500
-374,1501
-374,1502
-374,1503
-374,1504
-374,1505
-374,1506
-374,1507
-374,1508
-374,1509
-374,1510
-374,1511
-374,1512
-374,1513
-374,1514
-374,1515
-374,1516
-374,1517
-374,1518
-374,1519
-374,1520
-374,1521
-374,1522
-374,1523
-374,1524
-374,1525
-374,1526
-374,1527
-374,1528
-374,1529
-374,1530
-374,1531
-374,1532
-374,1533
-374,1534
-374,1535
-374,1536
-374,1537
-374,1538
-374,1539
-374,1540
-374,1541
-374,1542
:230_9,1543
:230_9,1544
:230_9,1545
:230_9,1546
:230_9,1547
:230_9,1548
-224,1549
-224,1550
-224,1551
-224,1552
-224,1553
-224,1554
-224,1555
-224,1556
-224,1557
-224,1558
-224,1559
-224,1560
-224,1561
-224,1562
-224,1563
-224,1564
-224,1565
-224,1566
-224,1567
-224,1568
-224,1569
-224,1570
-224,1571
-224,1572
-224,1573
-224,1574
-224,1575
-224,1576
-224,1577
-224,1578
-224,1579
-224,1580
-224,1581
-224,1582
-224,1583
-224,1584
-224,1585
-224,1586
-224,1587
-224,1588
-224,1589
-224,1590
-224,1591
-224,1592
-224,1593
-224,1594
-224,1595
-224,1596
-224,1597
-224,1598
-224,1599
-224,1600
-224,1601
-224,1602
-224,1603
-224,1604
-224,1605
-224,1606
-224,1607
-224,1608
-224,1609
-224,1610
-224,1611
-224,1612
-224,1613
-224,1614
-224,1615
-224,1616
-224,1617
-224,1618
-224,1619
-224,1620
-224,1621
-224,1622
-224,1623
-224,1624
-224,1625
-224,1626
-224,1627
-224,1628
-224,1629
-224,1630
:229_6,1631
:229_6,1632
:229_6,1633
:229_6,1634
:229_6,1635
:229_6,1636
-223,1637
-223,1638
-223,1639
-223,1640
-223,1641
-223,1642
-223,1643
-223,1644
-223,1645
-223,1646
-223,1647
-223,1648
-223,1649
-223,1650
-223,1651
-223,1652
-223,1653
-223,1654
-223,1655
-223,1656
-223,1657
-223,1658
-223,1659
-223,1660
-223,1661
-223,1662
-223,1663
-223,1664
-223,1665
-223,1666
-223,1667
-223,1668
-223,1669
-223,1670
-223,1671
-223,1672
-223,1673
-223,1674
-223,1675
-223,1676
-223,1677
-223,1678
-223,1679
-223,1680
-223,1681
-223,1682
-223,1683
-223,1684
-223,1685
-223,1686
-223,1687
-223,1688
-223,1689
-223,1690
-223,1691
-223,1692
-223,1693
-223,1694
-223,1695
-223,1696
-223,1697
-223,1698
-223,1699
-223,1700
-223,1701
-223,1702
-223,1703
-223,1704
-223,1705
-223,1706
-223,1707
-223,1708
-223,1709
-223,1710
-223,1711
-223,1712
-223,1713
-223,1714
-223,1715
-223,1716
-223,1717
-223,1718
-223,1719
-223,1720
-223,1721
-223,1722
-223,1723
-223,1724
-223,1725
-223,1726
-223,1727
-223,1728
-223,1729
-223,1730
-223,1731
-223,1732
-223,1733
:228_6,1734
:228_6,1735
:228_6,1736
:228_6,1737
:228_6,1738
:228_6,1739
-222,1740
-222,1741
-222,1742
-222,1743
-222,1744
-222,1745
-222,1746
-222,1747
-222,1748
-222,1749
-222,1750
-222,1751
-222,1752
-222,1753
-222,1754
-222,1755
-222,1756
-222,1757
-222,1758
-222,1759
-222,1760
-222,1761
-222,1762
-222,1763
-222,1764
-222,1765
-222,1766
-222,1767
-222,1768
-222,1769
-222,1770
-222,1771
-222,1772
-222,1773
-222,1774
-222,1775
-222,1776
-222,1777
-222,1778
-222,1779
-222,1780
-222,1781
-222,1782
-222,1783
-222,1784
-222,1785
-222,1786
-222,1787
-222,1788
-222,1789
-222,1790
-222,1791
-222,1792
-222,1793
-222,1794
-222,1795
-222,1796
-222,1797
-222,1798
-222,1799
-222,1800
-222,1801
-222,1802
-222,1803
-222,1804
-222,1805
-222,1806
-222,1807
-222,1808
-222,1809
-222,1810
-222,1811
-222,1812
-222,1813
-222,1814
-222,1815
-222,1816
-222,1817
-222,1818
-222,1819
-222,1820
-222,1821
-222,1822
-222,1823
-222,1824
-222,1825
-222,1826
-222,1827
-222,1828
-222,1829
-222,1830
-222,1831
-222,1832
-222,1833
-222,1834
-222,1835
-222,1836
-222,1837
-222,1838
-222,1839
-222,1840
-222,1841
-222,1842
-222,1843
-222,1844
-222,1845
-222,1846
-222,1847
-222,1848
-222,1849
-222,1850
-222,1851
-222,1852
-222,1853
-222,1854
-222,1855
-222,1856
-222,1857
-222,1858
-222,1859
-222,1860
-222,1861
-222,1862
-222,1863
-222,1864
-222,1865
-222,1866
-222,1867
-222,1868
-222,1869
-222,1870
-222,1871
-222,1872
-222,1873
-222,1874
-222,1875
-222,1876
-222,1877
-222,1878
-222,1879
-222,1880
-222,1881
-222,1882
-222,1883
-222,1884
-222,1885
-222,1886
-222,1887
-222,1888
-222,1889
-222,1890
-222,1891
-222,1892
-222,1893
-222,1894
-222,1895
-222,1896
-222,1897
-222,1898
-222,1899
-222,1900
-222,1901
-222,1902
-222,1903
-222,1904
-222,1905
-222,1906
-222,1907
-222,1908
-222,1909
-222,1910
-222,1911
-222,1912
-222,1913
-222,1914
-222,1915
-222,1916
-222,1917
-222,1918
-222,1919
-222,1920
-222,1921
-222,1922
:227_3,1923
:227_3,1924
:227_3,1925
:227_3,1926
:227_3,1927
225,1928
225,1929
225,1930
225,1931
225,1932
225,1933
225,1934
225,1935
225,1936
225,1937
225,1938
225,1939
225,1940
225,1941
225,1942
225,1943
225,1944
225,1945
225,1946
225,1947
225,1948
225,1949
225,1950
225,1951
225,1952
225,1953
225,1954
225,1955
225,1956
225,1957
225,1958
225,1959
225,1960
225,1961
225,1962
225,1963
225,1964
225,1965
225,1966
225,1967
225,1968
225,1969
225,1970
225,1971
225,1972
225,1973
225,1974
225,1975
225,1976
225,1977
225,1978
225,1979
225,1980
225,1981
225,1982
225,1983
225,1984
225,1985
225,1986
225,1987
225,1988
225,1989
225,1990
225,1991
225,1992
225,1993
225,1994
225,1995
225,1996
225,1997
225,1998
225,1999
225,2000
