-91,21
-91,22
-91,23
-91,24
-91,25
-91,26
-91,27
-91,28
-91,29
-91,30
-91,31
-91,32
-91,33
-91,34
-91,35
-91,36
-91,37
-91,38
-91,39
-91,40
-91,41
-91,42
-91,43
-91,44
-91,45
-91,46
-91,47
-91,48
-91,49
-91,50
-91,51
-91,52
-91,53
-91,54
-91,55
-91,56
-91,57
-91,58
-91,59
-91,60
-91,61
-91,62
-91,63
-91,64
-91,65
-91,66
-91,67
-91,68
-91,69
-91,70
-91,71
-91,72
-91,73
-91,74
-91,75
-91,76
-91,77
-91,78
-91,79
-91,80
-91,81
-91,82
-91,83
-91,84
-91,85
-91,86
-91,87
-91,88
-91,89
-91,90
-91,91
-91,92
-91,93
-91,94
-91,95
-91,96
-91,97
-91,98
-91,99
:104_0,100
:104_0,101
:104_0,102
:104_0,103
90,104
90,105
90,106
90,107
90,108
90,109
90,110
90,111
90,112
90,113
90,114
90,115
90,116
90,117
90,118
90,119
90,120
90,121
90,122
90,123
90,124
90,125
90,126
90,127
90,128
90,129
90,130
90,131
90,132
90,133
90,134
90,135
90,136
90,137
90,138
90,139
90,140
90,141
90,142
90,143
90,144
90,145
90,146
90,147
90,148
90,149
90,150
90,151
90,152
90,153
90,154
90,155
90,156
90,157
90,158
90,159
90,160
90,161
90,162
90,163
90,164
90,165
90,166
90,167
90,168
90,169
90,170
90,171
90,172
90,173
90,174
90,175
90,176
90,177
90,178
90,179
90,180
90,181
90,182
90,183
90,184
90,185
90,186
90,187
90,188
90,189
90,190
90,191
90,192
90,193
90,194
90,195
90,196
90,197
90,198
90,199
90,200
90,201
90,202
90,203
90,204
90,205
90,206
90,207
90,208
90,209
90,210
90,211
90,212
90,213
90,214
90,215
90,216
90,217
90,218
90,219
90,220
90,221
90,222
90,223
90,224
90,225
90,226
90,227
90,228
90,229
90,230
90,231
90,232
90,233
90,234
90,235
90,236
90,237
90,238
90,239
90,240
90,241
90,242
90,243
90,244
90,245
90,246
90,247
90,248
90,249
90,250
90,251
90,252
90,253
90,254
90,255
90,256
90,257
90,258
90,259
90,260
90,261
90,262
90,263
90,264
90,265
90,266
90,267
90,268
90,269
90,270
90,271
90,272
:106_0,273
:106_0,274
:106_0,275
:106_0,276
:106_0,277
:106_0,278
-325,279
-325,280
-325,281
-325,282
-325,283
-325,284
-325,285
-325,286
-325,287
-325,288
-325,289
-325,290
-325,291
-325,292
-325,293
-325,294
-325,295
-325,296
-325,297
-325,298
-325,299
-325,300
-325,301
-325,302
-325,303
-325,304
-325,305
-325,306
-325,307
-325,308
-325,309
-325,310
-325,311
-325,312
-325,313
-325,314
-325,315
-325,316
-325,317
-325,318
-325,319
-325,320
-325,321
-325,322
-325,323
-325,324
-325,325
-325,326
-325,327
-325,328
-325,329
-325,330
-325,331
-325,332
-325,333
-325,334
-325,335
-325,336
-325,337
-325,338
-325,339
-325,340
-325,341
-325,342
-325,343
-325,344
-325,345
-325,346
-325,347
-325,348
-325,349
-325,350
-325,351
-325,352
-325,353
-325,354
-325,355
-325,356
-325,357
-325,358
-325,359
-325,360
-325,361
-325,362
-325,363
-325,364
-325,365
-325,366
-325,367
-325,368
-325,369
-325,370
-325,371
-325,372
-325,373
-325,374
-325,375
-325,376
-325,377
-325,378
-325,379
-325,380
-325,381
-325,382
-325,383
-325,384
:246_1,385
:246_1,386
:246_1,387
:246_1,388
:246_1,389
:246_1,390
:246_1,391
-245,392
-245,393
-245,394
-245,395
-245,396
-245,397
-245,398
-245,399
-245,400
-245,401
-245,402
-245,403
-245,404
-245,405
-245,406
-245,407
-245,408
-245,409
-245,410
-245,411
-245,412
-245,413
-245,414
-245,415
-245,416
-245,417
-245,418
-245,419
-245,420
-245,421
-245,422
-245,423
-245,424
-245,425
-245,426
-245,427
-245,428
-245,429
-245,430
-245,431
-245,432
-245,433
-245,434
-245,435
-245,436
-245,437
-245,438
-245,439
-245,440
-245,441
-245,442
-245,443
-245,444
-245,445
-245,446
-245,447
-245,448
:215_5,449
:215_5,450
:215_5,451
:215_5,452
:215_5,453
:215_5,454
:215_5,455
-244,456
-244,457
-244,458
-244,459
-244,460
-244,461
-244,462
-244,463
-244,464
-244,465
-244,466
-244,467
-244,468
-244,469
-244,470
-244,471
-244,472
-244,473
-244,474
-244,475
-244,476
-244,477
-244,478
-244,479
-244,480
-244,481
-244,482
-244,483
-244,484
-244,485
-244,486
-244,487
-244,488
-244,489
-244,490
-244,491
-244,492
-244,493
-244,494
-244,495
-244,496
-244,497
-244,498
-244,499
-244,500
-244,501
-244,502
-244,503
-244,504
-244,505
-244,506
-244,507
-244,508
-244,509
-244,510
-244,511
-244,512
-244,513
-244,514
-244,515
-244,516
-244,517
-244,518
-244,519
-244,520
-244,521
-244,522
-244,523
-244,524
-244,525
-244,526
-244,527
-244,528
-244,529
-244,530
-244,531
-244,532
-244,533
-244,534
-244,535
-244,536
-244,537
-244,538
-244,539
-244,540
-244,541
-244,542
-244,543
-244,544
-244,545
-244,546
-244,547
-244,548
-244,549
-244,550
-244,551
-244,552
-244,553
-244,554
-244,555
-244,556
-244,557
-244,558
-244,559
-244,560
-244,561
-244,562
-244,563
-244,564
-244,565
-244,566
-244,567
-244,568
-244,569
-244,570
-244,571
-244,572
-244,573
-244,574
-244,575
-244,576
-244,577
-244,578
-244,579
-244,580
-244,581
-244,582
-244,583
-244,584
-244,585
-244,586
-244,587
-244,588
-244,589
-244,590
-244,591
-244,592
-244,593
-244,594
-244,595
-244,596
-244,597
-244,598
-244,599
-244,600
-244,601
-244,602
-244,603
-244,604
-244,605
-244,606
-244,607
-244,608
-244,609
-244,610
-244,611
-244,612
-244,613
-244,614
-244,615
-244,616
-244,617
-244,618
-244,619
-244,620
-244,621
-244,622
-244,623
-244,624
-244,625
-244,626
-244,627
-244,628
-244,629
-244,630
-244,631
-244,632
-244,633
:179_5,634
:179_5,635
:179_5,636
:179_5,637
:179_5,638
:179_5,639
-243,640
-243,641
-243,642
-243,643
-243,644
-243,645
-243,646
-243,647
-243,648
-243,649
-243,650
-243,651
-243,652
-243,653
-243,654
-243,655
-243,656
-243,657
-243,658
-243,659
-243,660
-243,661
-243,662
-243,663
-243,664
-243,665
-243,666
-243,667
-243,668
-243,669
-243,670
-243,671
-243,672
-243,673
-243,674
-243,675
-243,676
-243,677
-243,678
-243,679
-243,680
-243,681
-243,682
-243,683
-243,684
-243,685
-243,686
-243,687
-243,688
-243,689
-243,690
-243,691
-243,692
-243,693
-243,694
-243,695
-243,696
-243,697
-243,698
-243,699
-243,700
-243,701
-243,702
-243,703
-243,704
-243,705
-243,706
-243,707
-243,708
-243,709
-243,710
-243,711
-243,712
-243,713
-243,714
-243,715
-243,716
:245_1,717
:245_1,718
:245_1,719
:245_1,720
:245_1,721
-242,722
-242,723
-242,724
-242,725
-242,726
-242,727
-242,728
-242,729
-242,730
-242,731
-242,732
-242,733
-242,734
-242,735
-242,736
-242,737
-242,738
-242,739
-242,740
-242,741
-242,742
-242,743
-242,744
-242,745
-242,746
-242,747
-242,748
-242,749
-242,750
-242,751
-242,752
-242,753
-242,754
-242,755
-242,756
-242,757
-242,758
-242,759
-242,760
-242,761
-242,762
-242,763
-242,764
-242,765
-242,766
-242,767
-242,768
-242,769
-242,770
-242,771
-242,772
-242,773
-242,774
-242,775
-242,776
-242,777
-242,778
-242,779
-242,780
-242,781
-242,782
-242,783
-242,784
-242,785
-242,786
-242,787
-242,788
-242,789
-242,790
-242,791
-242,792
-242,793
-242,794
-242,795
-242,796
-242,797
-242,798
-242,799
-242,800
-242,801
-242,802
-242,803
-242,804
-242,805
-242,806
-242,807
-242,808
-242,809
-242,810
-242,811
-242,812
-242,813
-242,814
-242,815
-242,816
-242,817
-242,818
-242,819
-242,820
-242,821
-242,822
-242,823
-242,824
-242,825
-242,826
-242,827
-242,828
-242,829
:244_5,830
:244_5,831
:244_5,832
:244_5,833
:244_5,834
437,835
437,836
437,837
437,838
437,839
437,840
437,841
437,842
437,843
437,844
437,845
437,846
437,847
437,848
437,849
437,850
437,851
437,852
437,853
437,854
437,855
437,856
437,857
437,858
437,859
437,860
437,861
437,862
437,863
437,864
437,865
437,866
437,867
437,868
437,869
437,870
437,871
437,872
437,873
437,874
437,875
437,876
437,877
437,878
437,879
437,880
437,881
437,882
437,883
437,884
437,885
437,886
437,887
437,888
437,889
437,890
437,891
437,892
437,893
437,894
437,895
437,896
437,897
437,898
437,899
437,900
437,901
437,902
437,903
437,904
437,905
437,906
437,907
437,908
437,909
437,910
437,911
437,912
437,913
437,914
437,915
437,916
437,917
437,918
437,919
437,920
437,921
437,922
437,923
437,924
437,925
437,926
437,927
437,928
437,929
437,930
437,931
437,932
437,933
437,934
437,935
437,936
437,937
437,938
437,939
437,940
437,941
437,942
437,943
437,944
437,945
437,946
437,947
437,948
437,949
437,950
437,951
437,952
437,953
437,954
437,955
437,956
437,957
437,958
437,959
437,960
437,961
437,962
437,963
437,964
437,965
437,966
437,967
437,968
437,969
437,970
437,971
437,972
437,973
437,974
437,975
437,976
437,977
437,978
437,979
437,980
437,981
437,982
437,983
437,984
437,985
437,986
437,987
437,988
437,989
437,990
437,991
437,992
437,993
437,994
437,995
437,996
437,997
437,998
437,999
437,1000
437,1001
437,1002
437,1003
437,1004
437,1005
437,1006
437,1007
437,1008
437,1009
437,1010
437,1011
437,1012
437,1013
437,1014
437,1015
437,1016
437,1017
437,1018
437,1019
437,1020
437,1021
437,1022
437,1023
437,1024
437,1025
437,1026
437,1027
437,1028
437,1029
437,1030
437,1031
437,1032
437,1033
437,1034
437,1035
437,1036
437,1037
437,1038
437,1039
437,1040
437,1041
437,1042
437,1043
437,1044
437,1045
437,1046
437,1047
437,1048
437,1049
437,1050
437,1051
437,1052
437,1053
437,1054
437,1055
437,1056
437,1057
437,1058
437,1059
437,1060
437,1061
437,1062
437,1063
437,1064
437,1065
437,1066
437,1067
437,1068
437,1069
437,1070
437,1071
437,1072
437,1073
437,1074
437,1075
437,1076
437,1077
437,1078
437,1079
437,1080
:381_5,1081
:381_5,1082
:381_5,1083
:381_5,1084
:381_5,1085
438,1086
438,1087
438,1088
438,1089
438,1090
438,1091
438,1092
438,1093
438,1094
438,1095
438,1096
438,1097
438,1098
438,1099
438,1100
438,1101
438,1102
438,1103
438,1104
438,1105
438,1106
438,1107
438,1108
438,1109
438,1110
438,1111
438,1112
438,1113
438,1114
438,1115
438,1116
438,1117
438,1118
438,1119
438,1120
438,1121
438,1122
438,1123
438,1124
438,1125
438,1126
438,1127
438,1128
438,1129
438,1130
438,1131
438,1132
438,1133
438,1134
438,1135
438,1136
438,1137
438,1138
438,1139
438,1140
438,1141
438,1142
438,1143
438,1144
438,1145
438,1146
438,1147
438,1148
438,1149
438,1150
438,1151
438,1152
438,1153
438,1154
438,1155
438,1156
438,1157
438,1158
438,1159
438,1160
438,1161
438,1162
438,1163
438,1164
438,1165
438,1166
438,1167
438,1168
438,1169
438,1170
438,1171
438,1172
438,1173
438,1174
438,1175
438,1176
438,1177
438,1178
438,1179
438,1180
438,1181
438,1182
438,1183
438,1184
438,1185
438,1186
438,1187
438,1188
438,1189
438,1190
438,1191
438,1192
438,1193
438,1194
438,1195
438,1196
438,1197
438,1198
438,1199
438,1200
438,1201
438,1202
438,1203
438,1204
438,1205
438,1206
438,1207
438,1208
438,1209
438,1210
438,1211
438,1212
:75_5,1213
:75_5,1214
:75_5,1215
:75_5,1216
:75_5,1217
-65,1218
-65,1219
-65,1220
-65,1221
-65,1222
-65,1223
-65,1224
-65,1225
-65,1226
-65,1227
-65,1228
-65,1229
-65,1230
-65,1231
-65,1232
-65,1233
-65,1234
-65,1235
-65,1236
-65,1237
-65,1238
-65,1239
-65,1240
-65,1241
-65,1242
-65,1243
-65,1244
-65,1245
-65,1246
-65,1247
-65,1248
-65,1249
-65,1250
-65,1251
-65,1252
-65,1253
-65,1254
-65,1255
-65,1256
-65,1257
-65,1258
-65,1259
-65,1260
-65,1261
-65,1262
-65,1263
-65,1264
-65,1265
-65,1266
-65,1267
-65,1268
-65,1269
-65,1270
-65,1271
-65,1272
-65,1273
-65,1274
-65,1275
-65,1276
-65,1277
-65,1278
-65,1279
-65,1280
-65,1281
-65,1282
-65,1283
-65,1284
-65,1285
-65,1286
-65,1287
-65,1288
-65,1289
-65,1290
-65,1291
-65,1292
-65,1293
-65,1294
-65,1295
-65,1296
-65,1297
-65,1298
-65,1299
-65,1300
-65,1301
-65,1302
-65,1303
-65,1304
-65,1305
-65,1306
-65,1307
-65,1308
-65,1309
-65,1310
-65,1311
-65,1312
-65,1313
-65,1314
-65,1315
-65,1316
-65,1317
-65,1318
-65,1319
-65,1320
-65,1321
-65,1322
-65,1323
-65,1324
-65,1325
-65,1326
-65,1327
-65,1328
-65,1329
-65,1330
-65,1331
-65,1332
-65,1333
-65,1334
-65,1335
-65,1336
-65,1337
-65,1338
-65,1339
-65,1340
-65,1341
:74_6,1342
:74_6,1343
:74_16,1344
:74_16,1345
:74_16,1346
67,1347
67,1348
67,1349
67,1350
67,1351
67,1352
67,1353
67,1354
67,1355
67,1356
67,1357
67,1358
67,1359
67,1360
67,1361
67,1362
67,1363
67,1364
67,1365
67,1366
67,1367
67,1368
67,1369
67,1370
67,1371
67,1372
67,1373
67,1374
67,1375
67,1376
67,1377
67,1378
67,1379
67,1380
67,1381
67,1382
67,1383
67,1384
67,1385
67,1386
67,1387
67,1388
67,1389
67,1390
67,1391
67,1392
67,1393
67,1394
67,1395
67,1396
67,1397
67,1398
67,1399
67,1400
67,1401
67,1402
67,1403
67,1404
67,1405
67,1406
67,1407
67,1408
67,1409
67,1410
67,1411
67,1412
67,1413
67,1414
67,1415
67,1416
67,1417
67,1418
67,1419
67,1420
67,1421
67,1422
67,1423
67,1424
67,1425
67,1426
67,1427
67,1428
67,1429
67,1430
67,1431
67,1432
67,1433
67,1434
67,1435
67,1436
67,1437
67,1438
67,1439
67,1440
67,1441
67,1442
67,1443
67,1444
67,1445
67,1446
67,1447
67,1448
67,1449
67,1450
67,1451
67,1452
67,1453
67,1454
67,1455
67,1456
67,1457
67,1458
67,1459
67,1460
67,1461
67,1462
67,1463
67,1464
67,1465
67,1466
67,1467
67,1468
67,1469
67,1470
67,1471
67,1472
:77_6,1473
:77_6,1474
:77_6,1475
:77_6,1476
:77_6,1477
-121,1478
-121,1479
-121,1480
-121,1481
-121,1482
-121,1483
-121,1484
-121,1485
-121,1486
-121,1487
-121,1488
-121,1489
-121,1490
-121,1491
-121,1492
-121,1493
-121,1494
-121,1495
-121,1496
-121,1497
-121,1498
-121,1499
-121,1500
-121,1501
-121,1502
-121,1503
-121,1504
-121,1505
-121,1506
-121,1507
-121,1508
-121,1509
-121,1510
-121,1511
-121,1512
-121,1513
-121,1514
-121,1515
-121,1516
-121,1517
-121,1518
-121,1519
-121,1520
-121,1521
-121,1522
-121,1523
-121,1524
-121,1525
-121,1526
-121,1527
-121,1528
-121,1529
-121,1530
-121,1531
-121,1532
-121,1533
-121,1534
-121,1535
-121,1536
-121,1537
-121,1538
-121,1539
-121,1540
-121,1541
-121,1542
-121,1543
-121,1544
-121,1545
-121,1546
-121,1547
-121,1548
-121,1549
-121,1550
-121,1551
-121,1552
-121,1553
:137_0,1554
:137_0,1555
:137_0,1556
:137_0,1557
:137_0,1558
122,1559
122,1560
122,1561
122,1562
122,1563
122,1564
122,1565
122,1566
122,1567
122,1568
122,1569
122,1570
122,1571
122,1572
122,1573
122,1574
122,1575
122,1576
122,1577
122,1578
122,1579
122,1580
122,1581
122,1582
122,1583
122,1584
122,1585
122,1586
122,1587
122,1588
122,1589
122,1590
122,1591
122,1592
122,1593
122,1594
122,1595
122,1596
122,1597
122,1598
122,1599
122,1600
122,1601
122,1602
122,1603
122,1604
122,1605
122,1606
122,1607
122,1608
122,1609
122,1610
122,1611
122,1612
122,1613
122,1614
122,1615
122,1616
122,1617
122,1618
122,1619
122,1620
122,1621
122,1622
122,1623
122,1624
122,1625
122,1626
122,1627
122,1628
122,1629
122,1630
122,1631
122,1632
122,1633
122,1634
122,1635
122,1636
122,1637
122,1638
122,1639
122,1640
122,1641
122,1642
122,1643
:60_6,1644
:60_6,1645
:60_6,1646
:60_6,1647
:60_6,1648
:60_6,1649
-52,1650
-52,1651
-52,1652
-52,1653
-52,1654
-52,1655
-52,1656
-52,1657
-52,1658
-52,1659
-52,1660
-52,1661
-52,1662
-52,1663
-52,1664
-52,1665
-52,1666
-52,1667
-52,1668
-52,1669
-52,1670
-52,1671
-52,1672
-52,1673
-52,1674
-52,1675
-52,1676
-52,1677
-52,1678
-52,1679
-52,1680
-52,1681
-52,1682
-52,1683
-52,1684
-52,1685
-52,1686
-52,1687
-52,1688
-52,1689
-52,1690
-52,1691
-52,1692
-52,1693
-52,1694
-52,1695
-52,1696
-52,1697
-52,1698
-52,1699
-52,1700
-52,1701
-52,1702
-52,1703
-52,1704
-52,1705
-52,1706
-52,1707
-52,1708
-52,1709
-52,1710
-52,1711
-52,1712
-52,1713
-52,1714
-52,1715
-52,1716
-52,1717
-52,1718
-52,1719
-52,1720
-52,1721
-52,1722
-52,1723
-52,1724
-52,1725
-52,1726
-52,1727
-52,1728
-52,1729
-52,1730
-52,1731
-52,1732
-52,1733
-52,1734
-52,1735
-52,1736
-52,1737
-52,1738
-52,1739
-52,1740
-52,1741
-52,1742
-52,1743
-52,1744
-52,1745
-52,1746
-52,1747
-52,1748
-52,1749
-52,1750
-52,1751
-52,1752
-52,1753
-52,1754
-52,1755
-52,1756
-52,1757
-52,1758
-52,1759
-52,1760
-52,1761
-52,1762
-52,1763
-52,1764
-52,1765
-52,1766
-52,1767
-52,1768
-52,1769
-52,1770
-52,1771
-52,1772
-52,1773
-52,1774
-52,1775
-52,1776
-52,1777
-52,1778
-52,1779
-52,1780
-52,1781
-52,1782
-52,1783
-52,1784
-52,1785
-52,1786
-52,1787
-52,1788
-52,1789
-52,1790
-52,1791
-52,1792
-52,1793
-52,1794
-52,1795
-52,1796
-52,1797
-52,1798
-52,1799
-52,1800
:58_1,1801
:58_1,1802
:58_1,1803
:58_1,1804
:58_1,1805
51,1806
51,1807
51,1808
51,1809
51,1810
51,1811
51,1812
51,1813
51,1814
51,1815
51,1816
51,1817
51,1818
51,1819
51,1820
51,1821
51,1822
51,1823
51,1824
51,1825
51,1826
51,1827
51,1828
51,1829
51,1830
51,1831
51,1832
51,1833
51,1834
51,1835
51,1836
51,1837
51,1838
51,1839
51,1840
51,1841
51,1842
51,1843
51,1844
51,1845
51,1846
51,1847
51,1848
51,1849
51,1850
51,1851
51,1852
51,1853
51,1854
51,1855
51,1856
51,1857
51,1858
51,1859
51,1860
51,1861
51,1862
51,1863
51,1864
51,1865
51,1866
51,1867
51,1868
51,1869
51,1870
51,1871
51,1872
51,1873
51,1874
51,1875
51,1876
51,1877
51,1878
51,1879
51,1880
51,1881
51,1882
51,1883
51,1884
51,1885
51,1886
51,1887
51,1888
51,1889
51,1890
51,1891
51,1892
51,1893
51,1894
51,1895
51,1896
51,1897
51,1898
51,1899
51,1900
51,1901
51,1902
51,1903
51,1904
51,1905
51,1906
51,1907
51,1908
51,1909
51,1910
51,1911
51,1912
51,1913
51,1914
51,1915
51,1916
51,1917
51,1918
51,1919
51,1920
51,1921
51,1922
51,1923
51,1924
51,1925
51,1926
51,1927
51,1928
51,1929
51,1930
51,1931
51,1932
51,1933
51,1934
51,1935
51,1936
51,1937
51,1938
51,1939
51,1940
51,1941
51,1942
51,1943
51,1944
51,1945
:59_7,1946
:59_7,1947
:59_7,1948
:59_7,1949
:59_7,1950
:59_7,1951
-304,1952
-304,1953
-304,1954
-304,1955
-304,1956
-304,1957
-304,1958
-304,1959
-304,1960
-304,1961
-304,1962
-304,1963
-304,1964
-304,1965
-304,1966
-304,1967
-304,1968
-304,1969
-304,1970
-304,1971
-304,1972
-304,1973
-304,1974
-304,1975
-304,1976
-304,1977
-304,1978
-304,1979
-304,1980
-304,1981
-304,1982
-304,1983
-304,1984
-304,1985
-304,1986
-304,1987
-304,1988
-304,1989
-304,1990
-304,1991
-304,1992
-304,1993
-304,1994
-304,1995
-304,1996
-304,1997
-304,1998
-304,1999
-304,2000
