265,21
265,22
265,23
265,24
265,25
265,26
265,27
265,28
265,29
265,30
265,31
265,32
265,33
265,34
265,35
265,36
265,37
265,38
265,39
265,40
265,41
265,42
265,43
265,44
265,45
265,46
265,47
265,48
265,49
265,50
265,51
265,52
265,53
265,54
265,55
265,56
265,57
265,58
265,59
265,60
265,61
265,62
265,63
265,64
265,65
265,66
265,67
265,68
265,69
265,70
265,71
265,72
265,73
265,74
265,75
265,76
265,77
265,78
265,79
265,80
265,81
265,82
265,83
265,84
265,85
265,86
265,87
265,88
265,89
265,90
265,91
265,92
265,93
265,94
265,95
265,96
265,97
265,98
265,99
265,100
265,101
265,102
265,103
265,104
265,105
265,106
265,107
265,108
265,109
265,110
265,111
265,112
265,113
265,114
265,115
265,116
265,117
265,118
265,119
265,120
265,121
265,122
265,123
265,124
265,125
265,126
265,127
265,128
265,129
265,130
265,131
265,132
265,133
265,134
265,135
265,136
265,137
265,138
265,139
265,140
265,141
265,142
265,143
265,144
265,145
265,146
265,147
265,148
265,149
265,150
265,151
265,152
265,153
265,154
265,155
265,156
265,157
265,158
265,159
265,160
265,161
265,162
265,163
265,164
265,165
265,166
265,167
265,168
265,169
265,170
265,171
265,172
265,173
265,174
265,175
265,176
265,177
265,178
265,179
265,180
265,181
265,182
265,183
265,184
265,185
265,186
265,187
265,188
265,189
265,190
265,191
265,192
265,193
265,194
265,195
265,196
265,197
265,198
265,199
265,200
265,201
265,202
265,203
265,204
265,205
265,206
265,207
265,208
265,209
265,210
265,211
265,212
265,213
265,214
265,215
265,216
265,217
265,218
265,219
265,220
265,221
265,222
265,223
265,224
265,225
265,226
265,227
265,228
265,229
265,230
265,231
:261_5,232
:261_5,233
:261_5,234
:261_5,235
:261_5,236
277,237
277,238
277,239
277,240
277,241
277,242
277,243
277,244
277,245
277,246
277,247
277,248
277,249
277,250
277,251
277,252
277,253
277,254
277,255
277,256
277,257
277,258
277,259
277,260
277,261
277,262
277,263
277,264
277,265
277,266
277,267
277,268
277,269
277,270
277,271
277,272
277,273
277,274
277,275
277,276
277,277
277,278
277,279
277,280
277,281
277,282
277,283
277,284
277,285
277,286
277,287
277,288
277,289
277,290
277,291
277,292
277,293
277,294
277,295
277,296
277,297
277,298
277,299
277,300
277,301
277,302
277,303
277,304
277,305
277,306
277,307
277,308
277,309
277,310
277,311
277,312
277,313
277,314
277,315
277,316
277,317
277,318
277,319
277,320
277,321
277,322
277,323
277,324
277,325
277,326
277,327
277,328
277,329
277,330
277,331
277,332
277,333
277,334
277,335
277,336
277,337
277,338
277,339
277,340
277,341
277,342
277,343
277,344
277,345
277,346
277,347
277,348
277,349
277,350
277,351
277,352
277,353
277,354
277,355
277,356
277,357
277,358
277,359
277,360
277,361
277,362
277,363
277,364
277,365
277,366
277,367
277,368
277,369
277,370
277,371
277,372
277,373
277,374
277,375
277,376
277,377
277,378
277,379
277,380
277,381
277,382
277,383
277,384
277,385
277,386
277,387
277,388
277,389
277,390
277,391
277,392
277,393
277,394
277,395
277,396
277,397
277,398
277,399
277,400
277,401
277,402
277,403
277,404
277,405
277,406
277,407
277,408
277,409
277,410
277,411
277,412
277,413
277,414
277,415
277,416
277,417
277,418
277,419
277,420
277,421
277,422
277,423
277,424
277,425
277,426
277,427
277,428
277,429
277,430
277,431
277,432
277,433
277,434
277,435
277,436
277,437
277,438
277,439
277,440
277,441
277,442
277,443
277,444
277,445
277,446
277,447
277,448
277,449
277,450
277,451
277,452
277,453
277,454
277,455
277,456
277,457
277,458
277,459
277,460
277,461
277,462
277,463
277,464
277,465
277,466
277,467
277,468
277,469
277,470
277,471
277,472
277,473
277,474
277,475
277,476
277,477
277,478
277,479
277,480
277,481
277,482
277,483
277,484
277,485
277,486
277,487
277,488
277,489
277,490
277,491
277,492
277,493
277,494
277,495
277,496
277,497
277,498
277,499
277,500
277,501
277,502
277,503
277,504
277,505
277,506
277,507
277,508
277,509
277,510
277,511
277,512
277,513
277,514
277,515
277,516
277,517
277,518
277,519
277,520
277,521
277,522
277,523
277,524
277,525
277,526
277,527
277,528
277,529
277,530
277,531
277,532
277,533
277,534
277,535
277,536
277,537
277,538
277,539
277,540
277,541
277,542
277,543
277,544
277,545
277,546
277,547
277,548
277,549
277,550
277,551
277,552
277,553
277,554
277,555
277,556
277,557
:91_3,558
:91_3,559
:91_3,560
:91_3,561
:91_3,562
79,563
79,564
79,565
79,566
79,567
79,568
79,569
79,570
79,571
79,572
79,573
79,574
79,575
79,576
79,577
79,578
79,579
79,580
79,581
79,582
79,583
79,584
79,585
79,586
79,587
79,588
79,589
79,590
79,591
79,592
79,593
79,594
79,595
79,596
79,597
79,598
79,599
79,600
79,601
79,602
79,603
79,604
79,605
79,606
79,607
79,608
79,609
79,610
79,611
79,612
79,613
79,614
79,615
79,616
79,617
79,618
79,619
79,620
79,621
79,622
79,623
79,624
79,625
79,626
79,627
79,628
79,629
79,630
79,631
79,632
79,633
79,634
79,635
79,636
79,637
79,638
79,639
79,640
79,641
79,642
79,643
79,644
79,645
79,646
79,647
79,648
79,649
79,650
79,651
79,652
79,653
79,654
79,655
79,656
79,657
79,658
79,659
79,660
79,661
79,662
79,663
79,664
79,665
:92_3,666
:92_3,667
:92_3,668
:92_3,669
:92_3,670
:92_3,671
-571,672
-571,673
-571,674
-571,675
-571,676
-571,677
-571,678
-571,679
-571,680
-571,681
-571,682
-571,683
-571,684
-571,685
-571,686
-571,687
-571,688
-571,689
-571,690
-571,691
-571,692
-571,693
-571,694
-571,695
-571,696
-571,697
-571,698
-571,699
-571,700
-571,701
-571,702
-571,703
-571,704
-571,705
-571,706
-571,707
-571,708
-571,709
-571,710
-571,711
-571,712
-571,713
-571,714
-571,715
-571,716
-571,717
-571,718
-571,719
-571,720
-571,721
-571,722
-571,723
-571,724
-571,725
-571,726
-571,727
-571,728
-571,729
-571,730
-571,731
-571,732
-571,733
-571,734
-571,735
-571,736
-571,737
-571,738
-571,739
-571,740
-571,741
-571,742
-571,743
-571,744
-571,745
-571,746
-571,747
-571,748
-571,749
-571,750
-571,751
-571,752
-571,753
-571,754
-571,755
-571,756
-571,757
-571,758
-571,759
-571,760
-571,761
-571,762
-571,763
-571,764
-571,765
-571,766
-571,767
-571,768
-571,769
-571,770
-571,771
-571,772
-571,773
-571,774
-571,775
-571,776
-571,777
-571,778
-571,779
-571,780
-571,781
-571,782
-571,783
-571,784
-571,785
-571,786
-571,787
-571,788
-571,789
-571,790
-571,791
-571,792
-571,793
-571,794
-571,795
-571,796
-571,797
-571,798
-571,799
-571,800
-571,801
-571,802
-571,803
-571,804
-571,805
-571,806
-571,807
-571,808
-571,809
-571,810
-571,811
-571,812
-571,813
-571,814
-571,815
-571,816
-571,817
-571,818
-571,819
-571,820
-571,821
-571,822
-571,823
-571,824
-571,825
-571,826
-571,827
-571,828
-571,829
-571,830
-571,831
-571,832
-571,833
-571,834
-571,835
-571,836
-571,837
-571,838
-571,839
-571,840
-571,841
-571,842
-571,843
-571,844
-571,845
-571,846
-571,847
-571,848
-571,849
-571,850
-571,851
-571,852
-571,853
-571,854
-571,855
-571,856
-571,857
-571,858
-571,859
-571,860
-571,861
-571,862
-571,863
-571,864
-571,865
-571,866
-571,867
-571,868
-571,869
-571,870
:99_7,871
:99_7,872
:99_7,873
:99_7,874
-570,875
-570,876
-570,877
-570,878
-570,879
-570,880
-570,881
-570,882
-570,883
-570,884
-570,885
-570,886
-570,887
-570,888
-570,889
-570,890
-570,891
-570,892
-570,893
-570,894
-570,895
-570,896
-570,897
-570,898
-570,899
-570,900
-570,901
-570,902
-570,903
-570,904
-570,905
-570,906
-570,907
-570,908
-570,909
-570,910
-570,911
-570,912
-570,913
-570,914
-570,915
-570,916
-570,917
-570,918
-570,919
-570,920
-570,921
-570,922
-570,923
-570,924
-570,925
-570,926
-570,927
-570,928
-570,929
-570,930
-570,931
-570,932
-570,933
-570,934
-570,935
-570,936
-570,937
-570,938
-570,939
-570,940
-570,941
-570,942
-570,943
-570,944
-570,945
-570,946
-570,947
-570,948
-570,949
-570,950
-570,951
-570,952
-570,953
-570,954
-570,955
-570,956
-570,957
-570,958
-570,959
-570,960
-570,961
-570,962
-570,963
-570,964
-570,965
-570,966
-570,967
-570,968
-570,969
-570,970
-570,971
-570,972
-570,973
-570,974
-570,975
-570,976
-570,977
-570,978
-570,979
-570,980
-570,981
-570,982
-570,983
-570,984
-570,985
-570,986
-570,987
-570,988
-570,989
-570,990
-570,991
-570,992
-570,993
-570,994
-570,995
-570,996
-570,997
-570,998
-570,999
-570,1000
-570,1001
-570,1002
-570,1003
-570,1004
-570,1005
-570,1006
-570,1007
-570,1008
-570,1009
-570,1010
-570,1011
-570,1012
-570,1013
-570,1014
-570,1015
-570,1016
-570,1017
-570,1018
-570,1019
-570,1020
-570,1021
-570,1022
-570,1023
-570,1024
-570,1025
-570,1026
-570,1027
-570,1028
-570,1029
-570,1030
-570,1031
-570,1032
-570,1033
-570,1034
:151_7,1035
:151_7,1036
:151_7,1037
:151_7,1038
:151_7,1039
-569,1040
-569,1041
-569,1042
-569,1043
-569,1044
-569,1045
-569,1046
-569,1047
-569,1048
-569,1049
-569,1050
-569,1051
-569,1052
-569,1053
-569,1054
-569,1055
-569,1056
-569,1057
-569,1058
-569,1059
-569,1060
-569,1061
-569,1062
-569,1063
-569,1064
-569,1065
-569,1066
-569,1067
-569,1068
-569,1069
-569,1070
-569,1071
-569,1072
-569,1073
-569,1074
-569,1075
-569,1076
-569,1077
-569,1078
-569,1079
-569,1080
-569,1081
-569,1082
-569,1083
-569,1084
-569,1085
-569,1086
-569,1087
-569,1088
-569,1089
-569,1090
-569,1091
-569,1092
-569,1093
-569,1094
-569,1095
-569,1096
-569,1097
-569,1098
-569,1099
-569,1100
-569,1101
-569,1102
-569,1103
-569,1104
-569,1105
-569,1106
-569,1107
-569,1108
-569,1109
-569,1110
-569,1111
-569,1112
-569,1113
-569,1114
-569,1115
-569,1116
-569,1117
-569,1118
-569,1119
-569,1120
-569,1121
-569,1122
-569,1123
-569,1124
-569,1125
-569,1126
-569,1127
-569,1128
-569,1129
-569,1130
-569,1131
-569,1132
-569,1133
-569,1134
-569,1135
-569,1136
-569,1137
-569,1138
-569,1139
-569,1140
:64_3,1141
:64_3,1142
:64_3,1143
:64_3,1144
:64_3,1145
-56,1146
-56,1147
-56,1148
-56,1149
-56,1150
-56,1151
-56,1152
-56,1153
-56,1154
-56,1155
-56,1156
-56,1157
-56,1158
-56,1159
-56,1160
-56,1161
-56,1162
-56,1163
-56,1164
-56,1165
-56,1166
-56,1167
-56,1168
-56,1169
-56,1170
-56,1171
-56,1172
-56,1173
-56,1174
-56,1175
-56,1176
-56,1177
-56,1178
-56,1179
-56,1180
-56,1181
-56,1182
-56,1183
-56,1184
-56,1185
-56,1186
-56,1187
-56,1188
-56,1189
-56,1190
-56,1191
-56,1192
-56,1193
-56,1194
-56,1195
-56,1196
-56,1197
-56,1198
-56,1199
-56,1200
-56,1201
-56,1202
-56,1203
-56,1204
-56,1205
-56,1206
-56,1207
-56,1208
-56,1209
-56,1210
-56,1211
-56,1212
-56,1213
-56,1214
-56,1215
-56,1216
-56,1217
-56,1218
-56,1219
-56,1220
-56,1221
-56,1222
-56,1223
-56,1224
-56,1225
-56,1226
-56,1227
-56,1228
-56,1229
-56,1230
-56,1231
-56,1232
-56,1233
-56,1234
-56,1235
-56,1236
-56,1237
-56,1238
-56,1239
-56,1240
-56,1241
-56,1242
-56,1243
-56,1244
-56,1245
-56,1246
-56,1247
-56,1248
-56,1249
-56,1250
-56,1251
-56,1252
-56,1253
-56,1254
-56,1255
-56,1256
-56,1257
-56,1258
-56,1259
-56,1260
-56,1261
-56,1262
-56,1263
-56,1264
-56,1265
-56,1266
-56,1267
-56,1268
-56,1269
-56,1270
-56,1271
-56,1272
-56,1273
-56,1274
-56,1275
-56,1276
-56,1277
-56,1278
-56,1279
-56,1280
-56,1281
-56,1282
-56,1283
-56,1284
:58_13,1285
:58_13,1286
:58_13,1287
:58_13,1288
:58_13,1289
:58_13,1290
53,1291
53,1292
53,1293
53,1294
53,1295
53,1296
53,1297
53,1298
53,1299
53,1300
53,1301
53,1302
53,1303
53,1304
53,1305
53,1306
53,1307
53,1308
53,1309
53,1310
53,1311
53,1312
53,1313
53,1314
53,1315
53,1316
53,1317
53,1318
53,1319
53,1320
53,1321
53,1322
53,1323
53,1324
53,1325
53,1326
53,1327
53,1328
53,1329
53,1330
53,1331
53,1332
53,1333
53,1334
53,1335
53,1336
53,1337
53,1338
53,1339
53,1340
53,1341
53,1342
53,1343
53,1344
53,1345
53,1346
53,1347
53,1348
53,1349
53,1350
53,1351
53,1352
53,1353
53,1354
53,1355
53,1356
53,1357
53,1358
53,1359
53,1360
53,1361
53,1362
:61_7,1363
:61_7,1364
:61_7,1365
:61_7,1366
:61_7,1367
:61_7,1368
54,1369
54,1370
54,1371
54,1372
54,1373
54,1374
54,1375
54,1376
54,1377
54,1378
54,1379
54,1380
54,1381
54,1382
54,1383
54,1384
54,1385
54,1386
54,1387
54,1388
54,1389
54,1390
54,1391
54,1392
54,1393
54,1394
54,1395
54,1396
54,1397
54,1398
54,1399
54,1400
54,1401
54,1402
54,1403
54,1404
54,1405
54,1406
54,1407
54,1408
54,1409
54,1410
54,1411
54,1412
54,1413
54,1414
:62_3,1415
:62_3,1416
:62_3,1417
:62_3,1418
:62_3,1419
:62_3,1420
55,1421
55,1422
55,1423
55,1424
55,1425
55,1426
55,1427
55,1428
55,1429
55,1430
55,1431
55,1432
55,1433
55,1434
55,1435
55,1436
55,1437
55,1438
55,1439
55,1440
55,1441
55,1442
55,1443
55,1444
55,1445
55,1446
55,1447
55,1448
55,1449
55,1450
55,1451
55,1452
55,1453
55,1454
55,1455
55,1456
55,1457
55,1458
55,1459
55,1460
55,1461
55,1462
55,1463
55,1464
55,1465
55,1466
55,1467
55,1468
55,1469
55,1470
55,1471
55,1472
55,1473
55,1474
55,1475
55,1476
55,1477
55,1478
55,1479
55,1480
55,1481
55,1482
55,1483
55,1484
55,1485
55,1486
55,1487
55,1488
55,1489
55,1490
55,1491
55,1492
55,1493
55,1494
55,1495
55,1496
55,1497
55,1498
55,1499
55,1500
55,1501
55,1502
55,1503
55,1504
55,1505
55,1506
55,1507
55,1508
55,1509
55,1510
55,1511
55,1512
55,1513
55,1514
55,1515
55,1516
55,1517
55,1518
55,1519
55,1520
55,1521
55,1522
55,1523
55,1524
55,1525
55,1526
55,1527
55,1528
55,1529
55,1530
55,1531
55,1532
55,1533
:63_13,1534
:63_13,1535
:63_13,1536
:63_13,1537
:63_13,1538
:63_13,1539
159,1540
159,1541
159,1542
159,1543
159,1544
159,1545
159,1546
159,1547
159,1548
159,1549
159,1550
159,1551
159,1552
159,1553
159,1554
159,1555
159,1556
159,1557
159,1558
159,1559
159,1560
159,1561
159,1562
159,1563
159,1564
159,1565
159,1566
159,1567
159,1568
159,1569
159,1570
159,1571
159,1572
159,1573
159,1574
159,1575
159,1576
159,1577
159,1578
159,1579
159,1580
159,1581
159,1582
159,1583
159,1584
159,1585
159,1586
159,1587
159,1588
159,1589
159,1590
159,1591
159,1592
159,1593
159,1594
159,1595
159,1596
159,1597
159,1598
159,1599
159,1600
159,1601
159,1602
159,1603
159,1604
159,1605
159,1606
159,1607
159,1608
159,1609
159,1610
159,1611
159,1612
159,1613
159,1614
159,1615
159,1616
159,1617
159,1618
159,1619
159,1620
159,1621
159,1622
159,1623
159,1624
159,1625
159,1626
159,1627
159,1628
159,1629
159,1630
159,1631
159,1632
159,1633
159,1634
159,1635
:102_7,1636
:102_7,1637
:102_7,1638
:102_7,1639
:102_7,1640
:102_7,1641
-87,1642
-87,1643
-87,1644
-87,1645
-87,1646
-87,1647
-87,1648
-87,1649
-87,1650
-87,1651
-87,1652
-87,1653
-87,1654
-87,1655
-87,1656
-87,1657
-87,1658
-87,1659
-87,1660
-87,1661
-87,1662
-87,1663
-87,1664
-87,1665
-87,1666
-87,1667
-87,1668
-87,1669
-87,1670
-87,1671
-87,1672
-87,1673
-87,1674
-87,1675
-87,1676
-87,1677
-87,1678
-87,1679
-87,1680
-87,1681
-87,1682
-87,1683
-87,1684
-87,1685
-87,1686
-87,1687
-87,1688
-87,1689
-87,1690
-87,1691
-87,1692
-87,1693
-87,1694
-87,1695
-87,1696
-87,1697
-87,1698
-87,1699
-87,1700
-87,1701
-87,1702
-87,1703
-87,1704
-87,1705
-87,1706
-87,1707
-87,1708
-87,1709
-87,1710
-87,1711
-87,1712
-87,1713
-87,1714
-87,1715
-87,1716
-87,1717
-87,1718
-87,1719
-87,1720
-87,1721
-87,1722
-87,1723
-87,1724
-87,1725
-87,1726
-87,1727
-87,1728
-87,1729
-87,1730
-87,1731
-87,1732
-87,1733
-87,1734
-87,1735
-87,1736
-87,1737
-87,1738
-87,1739
-87,1740
-87,1741
-87,1742
-87,1743
-87,1744
-87,1745
-87,1746
-87,1747
-87,1748
-87,1749
-87,1750
-87,1751
-87,1752
-87,1753
-87,1754
-87,1755
-87,1756
-87,1757
-87,1758
-87,1759
-87,1760
-87,1761
-87,1762
-87,1763
-87,1764
-87,1765
-87,1766
-87,1767
-87,1768
-87,1769
-87,1770
-87,1771
-87,1772
-87,1773
-87,1774
-87,1775
-87,1776
-87,1777
-87,1778
-87,1779
-87,1780
-87,1781
-87,1782
-87,1783
-87,1784
-87,1785
-87,1786
-87,1787
-87,1788
-87,1789
-87,1790
-87,1791
-87,1792
-87,1793
-87,1794
-87,1795
-87,1796
-87,1797
-87,1798
-87,1799
-87,1800
-87,1801
-87,1802
:27_9,1803
:27_9,1804
:27_9,1805
:27_9,1806
:27_9,1807
:27_9,1808
-23,1809
-23,1810
-23,1811
-23,1812
-23,1813
-23,1814
-23,1815
-23,1816
-23,1817
-23,1818
-23,1819
-23,1820
-23,1821
-23,1822
-23,1823
-23,1824
-23,1825
-23,1826
-23,1827
-23,1828
-23,1829
-23,1830
-23,1831
-23,1832
-23,1833
-23,1834
-23,1835
-23,1836
-23,1837
-23,1838
-23,1839
-23,1840
-23,1841
-23,1842
-23,1843
-23,1844
-23,1845
-23,1846
-23,1847
-23,1848
-23,1849
-23,1850
-23,1851
-23,1852
-23,1853
-23,1854
-23,1855
-23,1856
-23,1857
-23,1858
-23,1859
-23,1860
-23,1861
-23,1862
-23,1863
-23,1864
-23,1865
-23,1866
-23,1867
-23,1868
-23,1869
-23,1870
-23,1871
-23,1872
-23,1873
-23,1874
-23,1875
-23,1876
-23,1877
-23,1878
-23,1879
-23,1880
-23,1881
-23,1882
-23,1883
-23,1884
-23,1885
-23,1886
-23,1887
-23,1888
-23,1889
-23,1890
-23,1891
-23,1892
-23,1893
-23,1894
-23,1895
-23,1896
-23,1897
-23,1898
-23,1899
-23,1900
-23,1901
-23,1902
-23,1903
-23,1904
-23,1905
-23,1906
-23,1907
-23,1908
-23,1909
-23,1910
-23,1911
-23,1912
-23,1913
-23,1914
-23,1915
-23,1916
-23,1917
-23,1918
-23,1919
-23,1920
-23,1921
-23,1922
-23,1923
-23,1924
-23,1925
-23,1926
-23,1927
-23,1928
-23,1929
-23,1930
-23,1931
-23,1932
-23,1933
-23,1934
-23,1935
-23,1936
-23,1937
-23,1938
-23,1939
-23,1940
-23,1941
-23,1942
-23,1943
-23,1944
-23,1945
-23,1946
-23,1947
-23,1948
-23,1949
-23,1950
-23,1951
-23,1952
-23,1953
-23,1954
-23,1955
-23,1956
-23,1957
-23,1958
-23,1959
-23,1960
-23,1961
-23,1962
-23,1963
-23,1964
-23,1965
-23,1966
-23,1967
-23,1968
-23,1969
-23,1970
-23,1971
-23,1972
-23,1973
-23,1974
-23,1975
-23,1976
-23,1977
-23,1978
-23,1979
-23,1980
-23,1981
-23,1982
-23,1983
-23,1984
-23,1985
-23,1986
:22_9,1987
:22_9,1988
:22_9,1989
:22_9,1990
:22_9,1991
19,1992
19,1993
19,1994
19,1995
19,1996
19,1997
19,1998
19,1999
19,2000
