-400,21
-400,22
-400,23
-400,24
-400,25
-400,26
-400,27
-400,28
-400,29
-400,30
-400,31
-400,32
-400,33
-400,34
-400,35
-400,36
-400,37
-400,38
-400,39
-400,40
-400,41
-400,42
-400,43
-400,44
-400,45
-400,46
-400,47
-400,48
-400,49
-400,50
-400,51
-400,52
-400,53
-400,54
-400,55
-400,56
-400,57
-400,58
-400,59
-400,60
-400,61
-400,62
-400,63
-400,64
-400,65
-400,66
-400,67
-400,68
-400,69
-400,70
-400,71
-400,72
-400,73
-400,74
-400,75
-400,76
-400,77
-400,78
-400,79
-400,80
-400,81
-400,82
-400,83
-400,84
-400,85
-400,86
-400,87
-400,88
-400,89
-400,90
-400,91
-400,92
:159_4,93
:159_4,94
:159_4,95
:159_4,96
:159_4,97
:159_4,98
399,99
399,100
399,101
399,102
399,103
399,104
399,105
399,106
399,107
399,108
399,109
399,110
399,111
399,112
399,113
399,114
399,115
399,116
399,117
399,118
399,119
399,120
399,121
399,122
399,123
399,124
399,125
399,126
399,127
399,128
399,129
399,130
399,131
399,132
399,133
399,134
399,135
399,136
399,137
399,138
399,139
399,140
399,141
399,142
399,143
399,144
399,145
399,146
399,147
399,148
399,149
399,150
399,151
399,152
399,153
399,154
399,155
399,156
399,157
399,158
399,159
399,160
399,161
399,162
399,163
399,164
399,165
399,166
399,167
399,168
399,169
399,170
399,171
399,172
399,173
399,174
399,175
399,176
399,177
399,178
399,179
399,180
399,181
399,182
399,183
399,184
399,185
399,186
399,187
399,188
399,189
399,190
399,191
399,192
399,193
399,194
399,195
399,196
399,197
399,198
399,199
399,200
399,201
399,202
399,203
399,204
399,205
399,206
399,207
399,208
399,209
399,210
399,211
399,212
399,213
399,214
399,215
399,216
399,217
399,218
399,219
399,220
399,221
399,222
399,223
399,224
399,225
399,226
399,227
399,228
399,229
399,230
:169_0,231
:169_0,232
:169_0,233
:169_0,234
:169_0,235
:169_0,236
-153,237
-153,238
-153,239
-153,240
-153,241
-153,242
-153,243
-153,244
-153,245
-153,246
-153,247
-153,248
-153,249
-153,250
-153,251
-153,252
-153,253
-153,254
-153,255
-153,256
-153,257
-153,258
-153,259
-153,260
-153,261
-153,262
-153,263
-153,264
-153,265
-153,266
-153,267
-153,268
-153,269
-153,270
-153,271
-153,272
-153,273
-153,274
-153,275
-153,276
-153,277
-153,278
-153,279
-153,280
-153,281
-153,282
-153,283
-153,284
-153,285
-153,286
-153,287
-153,288
-153,289
-153,290
-153,291
-153,292
-153,293
-153,294
-153,295
-153,296
-153,297
-153,298
-153,299
-153,300
-153,301
-153,302
-153,303
-153,304
-153,305
-153,306
-153,307
-153,308
-153,309
-153,310
-153,311
-153,312
-153,313
-153,314
-153,315
-153,316
-153,317
-153,318
-153,319
-153,320
-153,321
-153,322
-153,323
-153,324
-153,325
-153,326
-153,327
-153,328
-153,329
-153,330
-153,331
-153,332
-153,333
-153,334
-153,335
-153,336
-153,337
-153,338
-153,339
-153,340
-153,341
-153,342
-153,343
-153,344
-153,345
-153,346
-153,347
-153,348
-153,349
-153,350
-153,351
-153,352
-153,353
-153,354
-153,355
-153,356
-153,357
-153,358
-153,359
-153,360
-153,361
-153,362
-153,363
-153,364
-153,365
-153,366
-153,367
-153,368
-153,369
:166_0,370
:166_0,371
:166_0,372
154,373
154,374
154,375
154,376
154,377
154,378
154,379
154,380
154,381
154,382
154,383
154,384
154,385
154,386
154,387
154,388
154,389
154,390
154,391
154,392
154,393
154,394
154,395
154,396
154,397
154,398
154,399
154,400
154,401
154,402
154,403
154,404
154,405
154,406
154,407
154,408
154,409
154,410
154,411
154,412
154,413
154,414
154,415
154,416
154,417
154,418
154,419
154,420
154,421
154,422
154,423
154,424
154,425
154,426
154,427
154,428
154,429
154,430
154,431
154,432
154,433
154,434
154,435
154,436
154,437
154,438
154,439
154,440
154,441
154,442
154,443
154,444
154,445
154,446
154,447
154,448
154,449
154,450
154,451
154,452
154,453
154,454
154,455
154,456
154,457
154,458
154,459
154,460
154,461
154,462
154,463
154,464
154,465
154,466
154,467
154,468
154,469
154,470
154,471
154,472
154,473
154,474
154,475
154,476
154,477
154,478
154,479
154,480
154,481
154,482
154,483
154,484
154,485
154,486
154,487
154,488
154,489
154,490
154,491
154,492
154,493
154,494
154,495
154,496
154,497
154,498
154,499
154,500
154,501
154,502
154,503
154,504
154,505
154,506
154,507
154,508
154,509
154,510
154,511
154,512
154,513
154,514
154,515
154,516
154,517
154,518
154,519
154,520
154,521
154,522
154,523
154,524
154,525
154,526
154,527
154,528
154,529
154,530
154,531
154,532
154,533
154,534
154,535
154,536
154,537
154,538
154,539
154,540
154,541
154,542
154,543
154,544
154,545
154,546
154,547
154,548
154,549
154,550
154,551
154,552
154,553
154,554
154,555
154,556
154,557
154,558
154,559
154,560
154,561
154,562
154,563
154,564
154,565
154,566
154,567
154,568
154,569
154,570
154,571
154,572
154,573
154,574
154,575
154,576
154,577
154,578
154,579
154,580
154,581
154,582
154,583
154,584
154,585
154,586
154,587
154,588
154,589
154,590
154,591
154,592
154,593
154,594
154,595
154,596
154,597
154,598
154,599
154,600
154,601
154,602
154,603
154,604
154,605
154,606
154,607
154,608
154,609
154,610
154,611
154,612
154,613
154,614
154,615
154,616
154,617
154,618
154,619
154,620
154,621
154,622
154,623
154,624
154,625
154,626
154,627
154,628
154,629
154,630
154,631
154,632
154,633
154,634
154,635
154,636
154,637
154,638
154,639
:170_5,640
:170_5,641
:170_5,642
:170_5,643
:170_5,644
:170_5,645
:170_5,646
-196,647
-196,648
-196,649
-196,650
-196,651
-196,652
-196,653
-196,654
-196,655
-196,656
-196,657
-196,658
-196,659
-196,660
-196,661
-196,662
-196,663
-196,664
-196,665
-196,666
-196,667
-196,668
-196,669
-196,670
-196,671
-196,672
-196,673
-196,674
-196,675
-196,676
-196,677
-196,678
-196,679
-196,680
-196,681
-196,682
-196,683
-196,684
-196,685
-196,686
-196,687
-196,688
-196,689
-196,690
-196,691
-196,692
-196,693
-196,694
-196,695
-196,696
-196,697
-196,698
-196,699
-196,700
-196,701
-196,702
-196,703
-196,704
-196,705
-196,706
-196,707
-196,708
-196,709
-196,710
-196,711
-196,712
-196,713
-196,714
-196,715
-196,716
-196,717
-196,718
-196,719
-196,720
-196,721
-196,722
-196,723
-196,724
-196,725
-196,726
-196,727
-196,728
-196,729
-196,730
-196,731
-196,732
-196,733
-196,734
-196,735
-196,736
-196,737
-196,738
-196,739
-196,740
-196,741
-196,742
-196,743
-196,744
-196,745
-196,746
-196,747
-196,748
-196,749
-196,750
-196,751
-196,752
-196,753
-196,754
-196,755
-196,756
-196,757
-196,758
-196,759
-196,760
-196,761
-196,762
-196,763
-196,764
-196,765
-196,766
-196,767
-196,768
-196,769
-196,770
-196,771
-196,772
-196,773
-196,774
-196,775
-196,776
-196,777
-196,778
-196,779
-196,780
-196,781
-196,782
-196,783
-196,784
-196,785
-196,786
-196,787
-196,788
-196,789
-196,790
-196,791
-196,792
-196,793
-196,794
-196,795
-196,796
-196,797
-196,798
-196,799
-196,800
-196,801
-196,802
-196,803
-196,804
-196,805
-196,806
-196,807
-196,808
-196,809
-196,810
-196,811
-196,812
-196,813
-196,814
-196,815
-196,816
-196,817
-196,818
-196,819
-196,820
-196,821
-196,822
-196,823
-196,824
-196,825
-196,826
-196,827
-196,828
-196,829
-196,830
-196,831
-196,832
-196,833
-196,834
-196,835
-196,836
-196,837
-196,838
-196,839
-196,840
-196,841
-196,842
-196,843
-196,844
-196,845
-196,846
-196,847
-196,848
-196,849
-196,850
-196,851
-196,852
-196,853
-196,854
-196,855
-196,856
-196,857
-196,858
-196,859
-196,860
-196,861
-196,862
-196,863
-196,864
-196,865
-196,866
-196,867
-196,868
-196,869
-196,870
-196,871
-196,872
-196,873
-196,874
-196,875
-196,876
-196,877
-196,878
-196,879
-196,880
-196,881
-196,882
-196,883
-196,884
-196,885
-196,886
-196,887
-196,888
-196,889
-196,890
-196,891
-196,892
-196,893
-196,894
-196,895
-196,896
-196,897
-196,898
-196,899
-196,900
-196,901
-196,902
-196,903
-196,904
-196,905
-196,906
-196,907
-196,908
-196,909
-196,910
-196,911
-196,912
-196,913
-196,914
-196,915
-196,916
-196,917
-196,918
-196,919
-196,920
-196,921
-196,922
-196,923
-196,924
-196,925
-196,926
-196,927
-196,928
-196,929
-196,930
-196,931
-196,932
-196,933
-196,934
-196,935
-196,936
-196,937
-196,938
-196,939
-196,940
-196,941
-196,942
-196,943
-196,944
-196,945
-196,946
-196,947
-196,948
-196,949
-196,950
-196,951
-196,952
-196,953
-196,954
-196,955
-196,956
-196,957
-196,958
-196,959
-196,960
-196,961
-196,962
-196,963
-196,964
-196,965
-196,966
-196,967
:35_5,968
:35_5,969
:35_5,970
:35_5,971
:35_5,972
:35_5,973
-29,974
-29,975
-29,976
-29,977
-29,978
-29,979
-29,980
-29,981
-29,982
-29,983
-29,984
-29,985
-29,986
-29,987
-29,988
-29,989
-29,990
-29,991
-29,992
-29,993
-29,994
-29,995
-29,996
-29,997
-29,998
-29,999
-29,1000
-29,1001
-29,1002
-29,1003
-29,1004
-29,1005
-29,1006
-29,1007
-29,1008
-29,1009
-29,1010
-29,1011
-29,1012
-29,1013
-29,1014
-29,1015
-29,1016
-29,1017
-29,1018
-29,1019
-29,1020
-29,1021
-29,1022
-29,1023
-29,1024
-29,1025
-29,1026
-29,1027
-29,1028
-29,1029
-29,1030
-29,1031
-29,1032
-29,1033
-29,1034
-29,1035
-29,1036
-29,1037
-29,1038
-29,1039
-29,1040
-29,1041
-29,1042
-29,1043
-29,1044
-29,1045
-29,1046
-29,1047
-29,1048
-29,1049
-29,1050
-29,1051
-29,1052
-29,1053
-29,1054
-29,1055
-29,1056
-29,1057
-29,1058
-29,1059
-29,1060
-29,1061
-29,1062
-29,1063
-29,1064
-29,1065
-29,1066
-29,1067
-29,1068
-29,1069
-29,1070
-29,1071
-29,1072
-29,1073
-29,1074
-29,1075
-29,1076
-29,1077
-29,1078
-29,1079
-29,1080
-29,1081
-29,1082
-29,1083
-29,1084
-29,1085
-29,1086
:34_3,1087
:34_3,1088
:34_3,1089
30,1090
30,1091
30,1092
30,1093
30,1094
30,1095
30,1096
30,1097
30,1098
30,1099
30,1100
30,1101
30,1102
30,1103
30,1104
30,1105
30,1106
30,1107
30,1108
30,1109
30,1110
30,1111
30,1112
30,1113
30,1114
30,1115
30,1116
30,1117
30,1118
30,1119
30,1120
30,1121
30,1122
30,1123
30,1124
30,1125
30,1126
30,1127
30,1128
30,1129
30,1130
30,1131
30,1132
30,1133
30,1134
30,1135
30,1136
30,1137
30,1138
30,1139
30,1140
30,1141
30,1142
30,1143
30,1144
30,1145
30,1146
30,1147
30,1148
30,1149
30,1150
30,1151
30,1152
30,1153
30,1154
30,1155
30,1156
30,1157
30,1158
30,1159
30,1160
30,1161
30,1162
30,1163
30,1164
30,1165
30,1166
30,1167
30,1168
30,1169
30,1170
30,1171
30,1172
30,1173
30,1174
30,1175
30,1176
30,1177
30,1178
30,1179
30,1180
30,1181
30,1182
30,1183
30,1184
30,1185
30,1186
30,1187
30,1188
30,1189
:36_3,1190
:36_3,1191
:36_3,1192
:36_3,1193
:36_3,1194
:36_3,1195
-268,1196
-268,1197
-268,1198
-268,1199
-268,1200
-268,1201
-268,1202
-268,1203
-268,1204
-268,1205
-268,1206
-268,1207
-268,1208
-268,1209
-268,1210
-268,1211
-268,1212
-268,1213
-268,1214
-268,1215
-268,1216
-268,1217
-268,1218
-268,1219
-268,1220
-268,1221
-268,1222
-268,1223
-268,1224
-268,1225
-268,1226
-268,1227
-268,1228
-268,1229
-268,1230
-268,1231
-268,1232
-268,1233
-268,1234
-268,1235
-268,1236
-268,1237
-268,1238
-268,1239
-268,1240
-268,1241
-268,1242
-268,1243
-268,1244
-268,1245
-268,1246
-268,1247
-268,1248
-268,1249
-268,1250
-268,1251
-268,1252
-268,1253
-268,1254
-268,1255
-268,1256
-268,1257
-268,1258
-268,1259
-268,1260
-268,1261
-268,1262
-268,1263
-268,1264
-268,1265
-268,1266
-268,1267
-268,1268
-268,1269
-268,1270
-268,1271
-268,1272
-268,1273
-268,1274
-268,1275
-268,1276
-268,1277
-268,1278
:238_9,1279
:238_9,1280
:238_9,1281
:238_9,1282
:238_9,1283
:238_9,1284
-234,1285
-234,1286
-234,1287
-234,1288
-234,1289
-234,1290
-234,1291
-234,1292
-234,1293
-234,1294
-234,1295
-234,1296
-234,1297
-234,1298
-234,1299
-234,1300
-234,1301
-234,1302
-234,1303
-234,1304
-234,1305
-234,1306
-234,1307
-234,1308
-234,1309
-234,1310
-234,1311
-234,1312
-234,1313
-234,1314
-234,1315
-234,1316
-234,1317
-234,1318
-234,1319
-234,1320
-234,1321
-234,1322
-234,1323
-234,1324
-234,1325
-234,1326
-234,1327
-234,1328
-234,1329
-234,1330
-234,1331
-234,1332
-234,1333
-234,1334
-234,1335
-234,1336
-234,1337
-234,1338
-234,1339
-234,1340
-234,1341
-234,1342
-234,1343
-234,1344
-234,1345
-234,1346
-234,1347
-234,1348
-234,1349
-234,1350
-234,1351
-234,1352
-234,1353
-234,1354
-234,1355
-234,1356
-234,1357
-234,1358
-234,1359
-234,1360
-234,1361
-234,1362
-234,1363
-234,1364
-234,1365
-234,1366
-234,1367
-234,1368
-234,1369
-234,1370
-234,1371
-234,1372
-234,1373
-234,1374
-234,1375
-234,1376
-234,1377
-234,1378
-234,1379
-234,1380
-234,1381
-234,1382
-234,1383
-234,1384
-234,1385
-234,1386
-234,1387
-234,1388
-234,1389
-234,1390
-234,1391
-234,1392
-234,1393
-234,1394
-234,1395
-234,1396
-234,1397
-234,1398
-234,1399
-234,1400
-234,1401
-234,1402
-234,1403
-234,1404
-234,1405
-234,1406
-234,1407
-234,1408
-234,1409
-234,1410
-234,1411
-234,1412
-234,1413
-234,1414
-234,1415
-234,1416
-234,1417
-234,1418
-234,1419
-234,1420
-234,1421
-234,1422
-234,1423
-234,1424
-234,1425
-234,1426
-234,1427
-234,1428
-234,1429
-234,1430
-234,1431
-234,1432
-234,1433
-234,1434
-234,1435
-234,1436
-234,1437
-234,1438
-234,1439
-234,1440
-234,1441
-234,1442
-234,1443
-234,1444
-234,1445
-234,1446
-234,1447
-234,1448
-234,1449
-234,1450
-234,1451
-234,1452
-234,1453
-234,1454
-234,1455
-234,1456
-234,1457
-234,1458
-234,1459
-234,1460
-234,1461
-234,1462
-234,1463
-234,1464
-234,1465
-234,1466
-234,1467
-234,1468
-234,1469
-234,1470
-234,1471
-234,1472
-234,1473
-234,1474
-234,1475
-234,1476
-234,1477
-234,1478
-234,1479
-234,1480
-234,1481
-234,1482
-234,1483
-234,1484
-234,1485
-234,1486
-234,1487
-234,1488
-234,1489
-234,1490
-234,1491
-234,1492
-234,1493
-234,1494
-234,1495
-234,1496
-234,1497
-234,1498
-234,1499
-234,1500
-234,1501
-234,1502
-234,1503
-234,1504
-234,1505
-234,1506
