-33,1
-33,2
-33,3
-33,4
-33,5
-33,6
-33,7
-33,8
-33,9
-33,10
-33,11
-33,12
-33,13
-33,14
-33,15
-33,16
-33,17
-33,18
-33,19
-33,20
-33,21
-33,22
-33,23
-33,24
-33,25
-33,26
-33,27
-33,28
-33,29
-33,30
-33,31
-33,32
-33,33
-33,34
-33,35
-33,36
-33,37
-33,38
-33,39
-33,40
-33,41
-33,42
-33,43
-33,44
-33,45
-33,46
-33,47
-33,48
-33,49
-33,50
-33,51
-33,52
-33,53
-33,54
-33,55
-33,56
-33,57
-33,58
-33,59
-33,60
-33,61
-33,62
-33,63
-33,64
-33,65
-33,66
-33,67
-33,68
-33,69
-33,70
-33,71
-33,72
-33,73
-33,74
-33,75
-33,76
-33,77
-33,78
-33,79
-33,80
-33,81
-33,82
-33,83
-33,84
-33,85
-33,86
-33,87
-33,88
-33,89
-33,90
-33,91
-33,92
-33,93
-33,94
-33,95
-33,96
-33,97
-33,98
-33,99
-33,100
-33,101
-33,102
-33,103
-33,104
-33,105
-33,106
-33,107
-33,108
-33,109
-33,110
-33,111
-33,112
-33,113
-33,114
-33,115
-33,116
-33,117
-33,118
-33,119
-33,120
-33,121
-33,122
-33,123
-33,124
-33,125
-33,126
-33,127
-33,128
-33,129
-33,130
-33,131
-33,132
-33,133
-33,134
-33,135
-33,136
-33,137
-33,138
-33,139
-33,140
-33,141
-33,142
-33,143
-33,144
-33,145
-33,146
-33,147
-33,148
-33,149
-33,150
-33,151
-33,152
-33,153
-33,154
-33,155
-33,156
-33,157
-33,158
-33,159
-33,160
-33,161
-33,162
-33,163
-33,164
-33,165
-33,166
-33,167
-33,168
:38_10,169
:38_10,170
:38_18,171
:38_18,172
:38_18,173
32,174
32,175
32,176
32,177
32,178
32,179
32,180
32,181
32,182
32,183
32,184
32,185
32,186
32,187
32,188
32,189
32,190
32,191
32,192
32,193
32,194
32,195
32,196
32,197
32,198
32,199
32,200
32,201
32,202
32,203
32,204
32,205
32,206
32,207
32,208
32,209
32,210
32,211
32,212
32,213
32,214
32,215
32,216
32,217
32,218
32,219
32,220
32,221
32,222
32,223
32,224
32,225
32,226
32,227
32,228
32,229
32,230
32,231
32,232
32,233
32,234
32,235
32,236
32,237
32,238
32,239
32,240
32,241
32,242
32,243
32,244
32,245
32,246
32,247
32,248
32,249
32,250
32,251
32,252
:39_4,253
:39_4,254
:39_4,255
:39_4,256
:39_4,257
-220,258
-220,259
-220,260
-220,261
-220,262
-220,263
-220,264
-220,265
-220,266
-220,267
-220,268
-220,269
-220,270
-220,271
-220,272
-220,273
-220,274
-220,275
-220,276
-220,277
-220,278
-220,279
-220,280
-220,281
-220,282
-220,283
-220,284
-220,285
-220,286
-220,287
-220,288
-220,289
-220,290
-220,291
-220,292
-220,293
-220,294
-220,295
-220,296
-220,297
-220,298
-220,299
-220,300
-220,301
-220,302
-220,303
-220,304
-220,305
-220,306
-220,307
-220,308
-220,309
-220,310
-220,311
-220,312
-220,313
-220,314
-220,315
-220,316
-220,317
-220,318
-220,319
-220,320
-220,321
-220,322
-220,323
-220,324
-220,325
-220,326
-220,327
-220,328
-220,329
-220,330
-220,331
-220,332
-220,333
-220,334
-220,335
-220,336
-220,337
-220,338
-220,339
-220,340
-220,341
-220,342
-220,343
-220,344
-220,345
-220,346
-220,347
-220,348
-220,349
-220,350
-220,351
-220,352
-220,353
-220,354
-220,355
-220,356
-220,357
-220,358
-220,359
-220,360
-220,361
-220,362
-220,363
-220,364
-220,365
-220,366
-220,367
-220,368
-220,369
-220,370
-220,371
-220,372
-220,373
-220,374
-220,375
-220,376
-220,377
-220,378
-220,379
-220,380
-220,381
-220,382
-220,383
-220,384
-220,385
-220,386
-220,387
-220,388
-220,389
-220,390
-220,391
-220,392
-220,393
-220,394
-220,395
-220,396
-220,397
-220,398
-220,399
-220,400
-220,401
-220,402
-220,403
-220,404
-220,405
-220,406
-220,407
-220,408
-220,409
-220,410
-220,411
-220,412
-220,413
-220,414
-220,415
-220,416
-220,417
-220,418
-220,419
-220,420
-220,421
-220,422
-220,423
-220,424
-220,425
-220,426
-220,427
-220,428
-220,429
-220,430
-220,431
-220,432
-220,433
-220,434
-220,435
-220,436
-220,437
-220,438
-220,439
-220,440
-220,441
-220,442
-220,443
-220,444
-220,445
-220,446
-220,447
-220,448
-220,449
-220,450
-220,451
-220,452
-220,453
-220,454
-220,455
-220,456
-220,457
-220,458
-220,459
-220,460
-220,461
-220,462
-220,463
-220,464
:221_5,465
:221_5,466
:221_5,467
:221_5,468
:221_5,469
-215,470
-215,471
-215,472
-215,473
-215,474
-215,475
-215,476
-215,477
-215,478
-215,479
-215,480
-215,481
-215,482
-215,483
-215,484
-215,485
-215,486
-215,487
-215,488
-215,489
-215,490
-215,491
-215,492
-215,493
-215,494
-215,495
-215,496
-215,497
-215,498
-215,499
-215,500
-215,501
-215,502
-215,503
-215,504
-215,505
-215,506
-215,507
-215,508
-215,509
-215,510
-215,511
-215,512
-215,513
-215,514
-215,515
-215,516
-215,517
-215,518
-215,519
-215,520
-215,521
-215,522
-215,523
-215,524
-215,525
-215,526
-215,527
-215,528
-215,529
-215,530
-215,531
-215,532
-215,533
-215,534
-215,535
-215,536
-215,537
-215,538
-215,539
-215,540
-215,541
-215,542
-215,543
-215,544
-215,545
-215,546
-215,547
-215,548
-215,549
-215,550
-215,551
-215,552
-215,553
-215,554
-215,555
-215,556
-215,557
-215,558
-215,559
-215,560
-215,561
-215,562
-215,563
-215,564
-215,565
-215,566
-215,567
-215,568
-215,569
-215,570
-215,571
-215,572
-215,573
-215,574
-215,575
-215,576
-215,577
-215,578
-215,579
-215,580
-215,581
-215,582
:220_0,583
:220_0,584
:220_0,585
:220_0,586
:220_0,587
217,588
217,589
217,590
217,591
217,592
217,593
217,594
217,595
217,596
217,597
217,598
217,599
217,600
217,601
217,602
217,603
217,604
217,605
217,606
217,607
217,608
217,609
217,610
217,611
217,612
217,613
217,614
217,615
217,616
217,617
217,618
217,619
217,620
217,621
:223_4,622
:223_4,623
:223_4,624
:223_4,625
:223_4,626
-255,627
-255,628
-255,629
-255,630
-255,631
-255,632
-255,633
-255,634
-255,635
-255,636
-255,637
-255,638
-255,639
-255,640
-255,641
-255,642
-255,643
-255,644
-255,645
-255,646
-255,647
-255,648
-255,649
-255,650
-255,651
-255,652
-255,653
-255,654
-255,655
-255,656
-255,657
-255,658
-255,659
-255,660
-255,661
-255,662
-255,663
-255,664
-255,665
-255,666
-255,667
-255,668
-255,669
-255,670
-255,671
-255,672
-255,673
-255,674
-255,675
-255,676
-255,677
-255,678
-255,679
-255,680
-255,681
-255,682
-255,683
-255,684
-255,685
-255,686
-255,687
-255,688
-255,689
-255,690
-255,691
-255,692
-255,693
-255,694
-255,695
-255,696
-255,697
-255,698
-255,699
-255,700
-255,701
-255,702
-255,703
-255,704
-255,705
-255,706
-255,707
-255,708
-255,709
-255,710
-255,711
-255,712
-255,713
-255,714
-255,715
-255,716
:177_1,717
:177_1,718
:177_9,719
:177_9,720
:177_9,721
254,722
254,723
254,724
254,725
254,726
254,727
254,728
254,729
254,730
254,731
254,732
254,733
254,734
254,735
254,736
254,737
254,738
254,739
254,740
254,741
254,742
254,743
254,744
254,745
254,746
254,747
254,748
254,749
254,750
254,751
254,752
254,753
254,754
254,755
254,756
254,757
254,758
254,759
254,760
254,761
254,762
254,763
254,764
254,765
254,766
254,767
254,768
254,769
254,770
254,771
254,772
254,773
254,774
254,775
254,776
254,777
254,778
254,779
254,780
254,781
254,782
254,783
254,784
254,785
254,786
254,787
254,788
254,789
254,790
254,791
254,792
254,793
254,794
254,795
254,796
254,797
254,798
254,799
254,800
254,801
254,802
254,803
254,804
254,805
254,806
254,807
:83_13,808
:83_13,809
:83_13,810
:83_13,811
:83_13,812
-71,813
-71,814
-71,815
-71,816
-71,817
-71,818
-71,819
-71,820
-71,821
-71,822
-71,823
-71,824
-71,825
-71,826
-71,827
-71,828
-71,829
-71,830
-71,831
-71,832
-71,833
-71,834
-71,835
-71,836
-71,837
-71,838
-71,839
-71,840
-71,841
-71,842
-71,843
-71,844
-71,845
-71,846
-71,847
-71,848
-71,849
-71,850
-71,851
-71,852
-71,853
-71,854
-71,855
-71,856
-71,857
-71,858
-71,859
-71,860
-71,861
-71,862
-71,863
-71,864
-71,865
-71,866
-71,867
-71,868
-71,869
-71,870
-71,871
-71,872
-71,873
-71,874
-71,875
-71,876
-71,877
-71,878
-71,879
-71,880
-71,881
-71,882
-71,883
-71,884
-71,885
-71,886
:81_1,887
:81_1,888
:81_9,889
:81_9,890
:81_9,891
72,892
72,893
72,894
72,895
72,896
72,897
72,898
72,899
72,900
72,901
72,902
72,903
72,904
72,905
72,906
72,907
72,908
72,909
72,910
72,911
72,912
72,913
72,914
72,915
72,916
72,917
72,918
72,919
72,920
72,921
72,922
72,923
72,924
72,925
72,926
72,927
72,928
72,929
72,930
72,931
72,932
72,933
72,934
72,935
72,936
72,937
72,938
72,939
72,940
72,941
72,942
72,943
72,944
72,945
72,946
72,947
72,948
72,949
72,950
72,951
72,952
72,953
72,954
72,955
72,956
72,957
72,958
72,959
72,960
72,961
72,962
72,963
72,964
72,965
72,966
72,967
72,968
72,969
72,970
72,971
72,972
72,973
72,974
72,975
72,976
72,977
72,978
72,979
72,980
72,981
72,982
72,983
72,984
72,985
72,986
72,987
72,988
72,989
72,990
72,991
72,992
72,993
72,994
72,995
72,996
72,997
72,998
72,999
72,1000
72,1001
72,1002
72,1003
72,1004
72,1005
72,1006
72,1007
72,1008
72,1009
72,1010
72,1011
72,1012
72,1013
72,1014
72,1015
72,1016
72,1017
72,1018
72,1019
72,1020
72,1021
72,1022
:84_14,1023
:84_14,1024
:84_18,1025
:84_18,1026
:84_18,1027
533,1028
533,1029
533,1030
533,1031
533,1032
533,1033
533,1034
533,1035
533,1036
533,1037
533,1038
533,1039
533,1040
533,1041
533,1042
533,1043
533,1044
533,1045
533,1046
533,1047
533,1048
533,1049
533,1050
533,1051
533,1052
533,1053
533,1054
533,1055
533,1056
533,1057
533,1058
533,1059
533,1060
533,1061
533,1062
533,1063
533,1064
533,1065
533,1066
533,1067
533,1068
533,1069
533,1070
533,1071
533,1072
533,1073
533,1074
533,1075
533,1076
533,1077
533,1078
533,1079
533,1080
533,1081
533,1082
533,1083
533,1084
533,1085
533,1086
533,1087
533,1088
533,1089
533,1090
533,1091
533,1092
533,1093
533,1094
533,1095
533,1096
533,1097
533,1098
:222_5,1099
:222_5,1100
:222_5,1101
:222_5,1102
:222_5,1103
-216,1104
-216,1105
-216,1106
-216,1107
-216,1108
-216,1109
-216,1110
-216,1111
-216,1112
-216,1113
-216,1114
-216,1115
-216,1116
-216,1117
-216,1118
-216,1119
-216,1120
-216,1121
-216,1122
-216,1123
-216,1124
-216,1125
-216,1126
-216,1127
-216,1128
-216,1129
-216,1130
-216,1131
-216,1132
-216,1133
-216,1134
-216,1135
-216,1136
-216,1137
-216,1138
-216,1139
-216,1140
-216,1141
-216,1142
-216,1143
-216,1144
-216,1145
-216,1146
-216,1147
-216,1148
-216,1149
-216,1150
-216,1151
-216,1152
-216,1153
-216,1154
-216,1155
-216,1156
-216,1157
-216,1158
-216,1159
-216,1160
-216,1161
-216,1162
-216,1163
-216,1164
-216,1165
-216,1166
-216,1167
-216,1168
-216,1169
-216,1170
-216,1171
-216,1172
-216,1173
-216,1174
-216,1175
-216,1176
-216,1177
-216,1178
-216,1179
-216,1180
-216,1181
-216,1182
-216,1183
-216,1184
-216,1185
-216,1186
-216,1187
-216,1188
-216,1189
-216,1190
-216,1191
-216,1192
-216,1193
-216,1194
:220_4,1195
:220_4,1196
:220_4,1197
:220_4,1198
:220_4,1199
217,1200
217,1201
217,1202
217,1203
217,1204
217,1205
217,1206
217,1207
217,1208
217,1209
217,1210
217,1211
217,1212
217,1213
217,1214
217,1215
217,1216
217,1217
217,1218
217,1219
217,1220
217,1221
217,1222
217,1223
217,1224
217,1225
217,1226
217,1227
217,1228
217,1229
217,1230
217,1231
217,1232
217,1233
:223_4,1234
:223_4,1235
:223_4,1236
:223_4,1237
:223_4,1238
-255,1239
-255,1240
-255,1241
-255,1242
-255,1243
-255,1244
-255,1245
-255,1246
-255,1247
-255,1248
-255,1249
-255,1250
-255,1251
-255,1252
-255,1253
-255,1254
-255,1255
-255,1256
-255,1257
-255,1258
-255,1259
-255,1260
-255,1261
-255,1262
-255,1263
-255,1264
-255,1265
-255,1266
-255,1267
-255,1268
-255,1269
-255,1270
-255,1271
-255,1272
-255,1273
-255,1274
-255,1275
-255,1276
-255,1277
-255,1278
-255,1279
-255,1280
-255,1281
-255,1282
-255,1283
-255,1284
-255,1285
-255,1286
-255,1287
-255,1288
-255,1289
-255,1290
-255,1291
-255,1292
-255,1293
-255,1294
-255,1295
-255,1296
-255,1297
-255,1298
-255,1299
-255,1300
-255,1301
-255,1302
-255,1303
-255,1304
-255,1305
-255,1306
-255,1307
-255,1308
-255,1309
-255,1310
-255,1311
-255,1312
-255,1313
-255,1314
-255,1315
-255,1316
-255,1317
-255,1318
-255,1319
-255,1320
-255,1321
-255,1322
-255,1323
-255,1324
-255,1325
-255,1326
-255,1327
-255,1328
-255,1329
-255,1330
-255,1331
-255,1332
-255,1333
-255,1334
-255,1335
-255,1336
-255,1337
:177_0,1338
:177_0,1339
:177_0,1340
:177_0,1341
:177_0,1342
:177_0,1343
-163,1344
-163,1345
-163,1346
-163,1347
-163,1348
-163,1349
-163,1350
-163,1351
-163,1352
-163,1353
-163,1354
-163,1355
-163,1356
-163,1357
-163,1358
-163,1359
-163,1360
-163,1361
-163,1362
-163,1363
-163,1364
-163,1365
-163,1366
-163,1367
-163,1368
-163,1369
-163,1370
-163,1371
-163,1372
-163,1373
-163,1374
-163,1375
-163,1376
-163,1377
-163,1378
-163,1379
-163,1380
-163,1381
-163,1382
-163,1383
-163,1384
-163,1385
-163,1386
-163,1387
-163,1388
-163,1389
-163,1390
-163,1391
-163,1392
-163,1393
-163,1394
-163,1395
-163,1396
-163,1397
-163,1398
-163,1399
-163,1400
-163,1401
-163,1402
-163,1403
-163,1404
-163,1405
-163,1406
-163,1407
-163,1408
-163,1409
-163,1410
-163,1411
-163,1412
-163,1413
-163,1414
-163,1415
-163,1416
-163,1417
-163,1418
-163,1419
-163,1420
-163,1421
-163,1422
-163,1423
-163,1424
-163,1425
-163,1426
-163,1427
-163,1428
-163,1429
-163,1430
-163,1431
-163,1432
-163,1433
-163,1434
-163,1435
-163,1436
-163,1437
-163,1438
-163,1439
-163,1440
-163,1441
-163,1442
-163,1443
-163,1444
-163,1445
-163,1446
-163,1447
-163,1448
-163,1449
-163,1450
-163,1451
-163,1452
-163,1453
-163,1454
:175_4,1455
:175_4,1456
:175_4,1457
:175_4,1458
:175_4,1459
:175_4,1460
162,1461
162,1462
162,1463
162,1464
162,1465
162,1466
162,1467
162,1468
162,1469
162,1470
162,1471
162,1472
162,1473
162,1474
162,1475
162,1476
162,1477
162,1478
162,1479
162,1480
162,1481
162,1482
162,1483
162,1484
162,1485
162,1486
162,1487
162,1488
162,1489
162,1490
162,1491
162,1492
162,1493
162,1494
162,1495
162,1496
162,1497
162,1498
162,1499
162,1500
162,1501
162,1502
162,1503
162,1504
162,1505
162,1506
162,1507
162,1508
162,1509
162,1510
162,1511
162,1512
162,1513
162,1514
162,1515
162,1516
162,1517
162,1518
162,1519
162,1520
162,1521
162,1522
162,1523
162,1524
162,1525
162,1526
162,1527
162,1528
162,1529
162,1530
162,1531
162,1532
162,1533
162,1534
162,1535
162,1536
162,1537
162,1538
162,1539
162,1540
162,1541
162,1542
162,1543
162,1544
162,1545
162,1546
162,1547
162,1548
162,1549
162,1550
162,1551
162,1552
162,1553
162,1554
162,1555
162,1556
162,1557
162,1558
162,1559
162,1560
162,1561
162,1562
162,1563
162,1564
162,1565
162,1566
162,1567
162,1568
162,1569
162,1570
162,1571
162,1572
162,1573
162,1574
162,1575
162,1576
162,1577
162,1578
162,1579
162,1580
162,1581
162,1582
162,1583
162,1584
162,1585
162,1586
162,1587
162,1588
162,1589
162,1590
162,1591
162,1592
162,1593
162,1594
162,1595
162,1596
162,1597
162,1598
162,1599
162,1600
162,1601
162,1602
162,1603
162,1604
162,1605
162,1606
162,1607
162,1608
162,1609
