-501,21
-501,22
-501,23
-501,24
-501,25
-501,26
-501,27
-501,28
-501,29
-501,30
-501,31
-501,32
-501,33
-501,34
-501,35
-501,36
-501,37
-501,38
-501,39
-501,40
-501,41
-501,42
-501,43
-501,44
-501,45
-501,46
-501,47
-501,48
-501,49
-501,50
-501,51
-501,52
-501,53
-501,54
-501,55
-501,56
-501,57
-501,58
-501,59
-501,60
-501,61
-501,62
-501,63
-501,64
-501,65
-501,66
-501,67
-501,68
-501,69
-501,70
-501,71
-501,72
-501,73
:90_4,74
:90_4,75
:90_4,76
:90_4,77
-373,78
-373,79
-373,80
-373,81
-373,82
-373,83
-373,84
-373,85
-373,86
-373,87
-373,88
-373,89
-373,90
-373,91
-373,92
-373,93
-373,94
-373,95
-373,96
-373,97
-373,98
-373,99
-373,100
-373,101
-373,102
-373,103
-373,104
-373,105
-373,106
-373,107
-373,108
-373,109
-373,110
-373,111
-373,112
-373,113
-373,114
-373,115
-373,116
-373,117
-373,118
:266_0,119
:266_0,120
:266_0,121
:266_0,122
:266_0,123
-273,124
-273,125
-273,126
-273,127
-273,128
-273,129
-273,130
-273,131
-273,132
-273,133
-273,134
-273,135
-273,136
-273,137
-273,138
-273,139
-273,140
-273,141
-273,142
-273,143
-273,144
-273,145
-273,146
-273,147
-273,148
-273,149
-273,150
-273,151
-273,152
-273,153
-273,154
-273,155
-273,156
-273,157
-273,158
-273,159
-273,160
-273,161
-273,162
-273,163
-273,164
-273,165
-273,166
-273,167
-273,168
-273,169
-273,170
-273,171
-273,172
-273,173
-273,174
-273,175
-273,176
:265_4,177
:265_4,178
:265_4,179
:265_4,180
274,181
274,182
274,183
274,184
274,185
274,186
274,187
274,188
274,189
274,190
274,191
274,192
274,193
274,194
274,195
274,196
274,197
274,198
274,199
274,200
274,201
274,202
274,203
274,204
274,205
274,206
274,207
274,208
274,209
274,210
274,211
274,212
274,213
274,214
274,215
274,216
274,217
274,218
274,219
274,220
274,221
274,222
274,223
274,224
274,225
274,226
274,227
274,228
274,229
274,230
274,231
274,232
274,233
274,234
274,235
274,236
274,237
274,238
274,239
274,240
274,241
274,242
274,243
274,244
274,245
274,246
274,247
:267_0,248
:267_0,249
617,250
617,251
617,252
617,253
617,254
617,255
617,256
617,257
617,258
617,259
617,260
617,261
617,262
617,263
617,264
617,265
617,266
617,267
617,268
617,269
617,270
617,271
617,272
617,273
617,274
617,275
617,276
617,277
617,278
617,279
617,280
617,281
617,282
617,283
617,284
617,285
617,286
617,287
617,288
617,289
617,290
617,291
617,292
617,293
617,294
617,295
617,296
617,297
617,298
617,299
617,300
617,301
617,302
617,303
617,304
617,305
617,306
617,307
617,308
617,309
617,310
617,311
617,312
617,313
617,314
617,315
617,316
617,317
617,318
617,319
617,320
617,321
617,322
617,323
617,324
617,325
617,326
617,327
617,328
617,329
617,330
617,331
617,332
617,333
617,334
617,335
617,336
617,337
617,338
617,339
617,340
617,341
617,342
617,343
617,344
617,345
617,346
617,347
617,348
617,349
617,350
617,351
617,352
617,353
617,354
617,355
617,356
617,357
617,358
617,359
617,360
617,361
617,362
617,363
617,364
617,365
617,366
617,367
617,368
617,369
617,370
617,371
617,372
617,373
617,374
617,375
617,376
617,377
617,378
617,379
617,380
617,381
617,382
617,383
617,384
617,385
617,386
617,387
617,388
617,389
617,390
617,391
617,392
617,393
617,394
617,395
617,396
617,397
617,398
617,399
617,400
617,401
617,402
617,403
617,404
617,405
617,406
617,407
617,408
617,409
617,410
617,411
617,412
617,413
617,414
617,415
617,416
617,417
617,418
617,419
617,420
617,421
617,422
617,423
617,424
617,425
617,426
617,427
617,428
617,429
617,430
617,431
617,432
617,433
617,434
617,435
617,436
617,437
617,438
617,439
617,440
617,441
617,442
617,443
617,444
617,445
617,446
617,447
617,448
617,449
617,450
617,451
617,452
617,453
617,454
617,455
617,456
617,457
617,458
617,459
617,460
617,461
617,462
617,463
617,464
